2025-08-21 22:35:50,651 - INFO - Updating mongo-metadata is set to False
2025-08-21 22:35:50,652 - INFO - 🗞️ Flattening articles...
2025-08-21 22:36:31,157 - INFO - 💾 Saved nodes to storage/output/all_nodes.xlsx
2025-08-21 22:36:31,157 - INFO - 💾 Saved relationships to storage/output/all_rels.xlsx
2025-08-21 22:36:31,240 - INFO - 🉑 Merging nodes and relationships...
2025-08-21 22:36:46,389 - INFO - 💾 Saved geo_lookup to storage/output/geo_lookup.json
2025-08-21 22:36:47,992 - INFO - 💾 Saved: storage/output/factory-technological.xlsx
2025-08-21 22:36:48,006 - INFO - Normalising capacities
2025-08-21 22:36:48,654 - INFO - Capacity rows: 2770 | failed: 230 (8.3%)
2025-08-21 22:36:48,655 - INFO - normalization_case
normalize:fallback:keep-metric                                  931
normalize:already-clean:gigawatt hour                           589
normalize:already-clean:gigawatt                                558
normalize:vehicle:missing                                       313
fallback:missing-metric                                         210
normalize:already-clean:tonne                                    81
normalize:invalid-input                                          20
normalize:battery:energy-metric                                  16
normalize:battery:module_pack:battery systems->gigawatt hour     15
normalize:battery:keyword:vehicle                                 9
normalize:battery:keyword:ev                                      8
normalize:battery:module_pack:battery modules->gigawatt hour      5
normalize:battery:module_pack:unit->gigawatt hour                 5
normalize:battery:module_pack:battery packs->gigawatt hour        5
normalize:battery:module_pack:batteries->gigawatt hour            4
normalize:battery:keyword:car                                     1
2025-08-21 22:36:49,393 - INFO - 🫂 Grouping projects...
2025-08-21 22:36:49,713 - INFO - Found 2770 rows:
2025-08-21 22:36:49,714 - INFO - ⚠️ 366 entries without CITY are dropped, rows reduced to 2404.
2025-08-21 22:36:49,714 - INFO - Missing counts: adm1            369
inst_canon        0
product_lv1     584
product_lv2    1165
dtype: int64
2025-08-21 22:36:49,715 - INFO - ⚠️  1234 rows dropped because of missing values; 1536 remain.
2025-08-21 22:36:49,715 - INFO - Unique owners before manual dict: 468
2025-08-21 22:36:49,715 - INFO - Unique owners after manual dict: 430
2025-08-21 22:36:51,543 - INFO - Saving filtered output to storage/output/filtered_projects.xlsx
2025-08-21 22:36:51,544 - INFO - 🏭 Importing facilities
2025-08-21 22:36:51,721 - INFO - 🗑️ Cleared existing facilities from MongoDB.
2025-08-21 22:36:51,856 - INFO - Saving a copy of facilities to Excel at storage/output/facilities.xlsx
2025-08-21 22:36:51,950 - INFO - Number of raw capacities - 1536
2025-08-21 22:36:51,950 - INFO - 📅 Unique capacities remaining after deduplication (keeping earliest date): 1062
2025-08-21 22:36:51,964 - WARNING - bbox missing required keys. Available: []
2025-08-21 22:36:55,421 - INFO - ✅ Inserted 603 facilities into MongoDB, with 1062 capacities.
2025-08-21 22:36:55,424 - INFO - 🧮 Determining phase summaries
2025-08-21 22:36:55,495 - INFO - 🚀 Starting summary updates for main, greenfield and expansion...
2025-08-21 22:36:58,995 - INFO - ✅ Updated summaries for 602 facilities.
2025-08-21 22:36:58,998 - INFO - Outputting clean capacities summary data
2025-08-21 22:36:59,924 - INFO - Total pipeline time: 1.15 minutes
