2025-08-18 19:39:41,789 - INFO - Updating mongo-metadata is set to True
2025-08-18 19:39:41,789 - INFO - 🕴️Normalising companies...
2025-08-18 19:39:43,269 - INFO - 🔢 19154 company or joint_venture nodes present
2025-08-18 19:39:43,269 - INFO - 🟢 of which 19152 already have name_canon. 2 need processing
2025-08-18 19:39:43,563 - INFO - 0 updates to be committed to mongoDB.
2025-08-18 19:39:43,563 - INFO - 🌎 Querying geonames...
2025-08-18 19:39:43,991 - INFO - 📦 Loaded 2495 existing (country, city_key) pairs from MongoDB.
2025-08-18 19:39:48,783 - INFO - 📰 Scanned 14940 article(s) with factory nodes.
2025-08-18 19:39:48,783 - INFO - 🧹 Identified 4203 new (country, city) pairs to query. Example three: [('Australia', 'collinsville'), ('Australia', 'gunn_point_beach_northern_territory'), ('Russian Federation', 'ustkuyga')]
2025-08-18 19:39:49,277 - INFO - 📭 No new updates to write.
2025-08-18 19:39:49,279 - INFO - 🧸 Classifying products
2025-08-18 19:39:50,379 - INFO - 🔎 Found 3467 products with attached capacities.
2025-08-18 19:45:03,050 - INFO - ✅ Batch 1: submitted=500, matched=2438, modified=77
2025-08-18 19:45:59,518 - INFO - ✅ Batch 2: submitted=500, matched=2782, modified=54
2025-08-18 19:46:56,148 - INFO - ✅ Batch 3: submitted=500, matched=6253, modified=21
2025-08-18 19:47:47,200 - INFO - ✅ Batch 4: submitted=450, matched=7450, modified=5
2025-08-18 19:47:47,201 - INFO - 🎉 All done: processed=1950, total_matched=18923, total_modified=157
2025-08-18 19:47:47,206 - INFO - 🗞️ Flattening articles...
2025-08-18 19:48:22,408 - INFO - 💾 Saved nodes to storage/output/all_nodes.xlsx
2025-08-18 19:48:22,408 - INFO - 💾 Saved relationships to storage/output/all_rels.xlsx
2025-08-18 19:48:22,490 - INFO - 🉑 Merging nodes and relationships...
2025-08-18 19:48:37,918 - INFO - 💾 Saved factory-technology graph segment to storage/output/factory-technological.xlsx
2025-08-18 19:48:37,937 - INFO - Normalising capacities
2025-08-18 19:48:39,862 - INFO - Capacity rows: 9439 | failed: 626 (6.6%)
2025-08-18 19:48:39,862 - INFO - normalization_case
normalize:fallback:keep-metric       3168
normalize:default:gigawatt           2730
normalize:default:gigawatt hour      1388
normalize:vehicle:missing            1108
fallback:missing-metric               585
normalize:default:tonne               336
normalize:invalid-input                41
normalize:battery:energy-metric        37
normalize:battery:keyword:vehicle      23
normalize:battery:keyword:ev           13
normalize:battery:keyword:car          10
2025-08-18 19:48:42,249 - INFO - 🫂 Grouping projects...
2025-08-18 19:48:43,222 - INFO - Found 2594 rows:
2025-08-18 19:48:43,223 - INFO - ⚠️ 355 entries without CITY are dropped, rows reduced to 2239.
2025-08-18 19:48:43,224 - INFO - Missing counts: adm1            475
inst_canon        0
product_lv1     491
product_lv2    1071
dtype: int64
2025-08-18 19:48:43,224 - INFO - ⚠️  1226 rows dropped because of missing values; 1368 remain.
2025-08-18 19:48:43,224 - INFO - Unique owners before manual dict: 422
2025-08-18 19:48:43,225 - INFO - Unique owners after manual dict: 391
2025-08-18 19:48:45,027 - INFO - Saving filtered output to storage/output/filtered_projects.xlsx
2025-08-18 19:48:45,028 - INFO - 🏭 Importing facilities
2025-08-18 19:48:45,224 - INFO - 🗑️ Cleared existing facilities from MongoDB.
2025-08-18 19:48:45,371 - INFO - Saving a copy of facilities to Excel at storage/output/facilities.xlsx
2025-08-18 19:48:45,455 - INFO - Number of raw capacities - 1368
2025-08-18 19:48:45,455 - INFO - 📅 Unique capacities remaining after deduplication (keeping earliest date): 939
2025-08-18 19:48:45,467 - WARNING - bbox missing required keys. Available: []
2025-08-18 19:48:48,138 - INFO - ✅ Inserted 530 facilities into MongoDB, with 939 capacities.
2025-08-18 19:48:48,141 - INFO - 🧮 Determining phase summaries
2025-08-18 19:48:48,221 - INFO - 🚀 Starting summary updates for greenfield and expansion...
2025-08-18 19:48:51,304 - INFO - ✅ Updated summaries for 480 facilities.
2025-08-18 19:48:51,306 - INFO - Outputting clean capacities summary data
2025-08-18 19:48:51,695 - INFO - Total pipeline time: 9.17 minutes
