2025-08-22 23:35:44,234 - INFO - Updating mongo-metadata is set to False
2025-08-22 23:35:44,234 - INFO - 🗞️ Flattening articles...
2025-08-22 23:36:23,678 - INFO - 💾 Saved nodes to storage/output/all_nodes.xlsx
2025-08-22 23:36:23,678 - INFO - 💾 Saved relationships to storage/output/all_rels.xlsx
2025-08-22 23:36:23,761 - INFO - 🉑 Merging nodes and relationships...
2025-08-22 23:36:39,100 - INFO - 💾 Saved geo_lookup to storage/output/geo_lookup.json
2025-08-22 23:36:41,216 - INFO - 💾 Saved: storage/output/factory_registry.xlsx
2025-08-22 23:36:56,489 - INFO - 💾 Saved geo_lookup to storage/output/geo_lookup.json
2025-08-22 23:36:57,529 - INFO - 💾 Saved: storage/output/factory-technological.xlsx
2025-08-22 23:37:12,677 - INFO - 💾 Saved geo_lookup to storage/output/geo_lookup.json
2025-08-22 23:37:12,991 - INFO - 💾 Saved: storage/output/company-joint-venture.xlsx
2025-08-22 23:37:13,004 - INFO - Normalising capacities
2025-08-22 23:37:13,709 - INFO - Capacity rows: 2782 | failed: 223 (8.0%)
2025-08-22 23:37:13,710 - INFO - normalization_case
normalize:fallback:keep-metric                                  878
normalize:already-clean:gigawatt                                624
normalize:already-clean:gigawatt hour                           580
normalize:vehicle:missing                                       326
fallback:missing-metric                                         203
normalize:already-clean:tonne                                    82
normalize:invalid-input                                          20
normalize:battery:energy-metric                                  17
normalize:battery:module_pack:battery systems->gigawatt hour     15
normalize:battery:keyword:vehicle                                 9
normalize:battery:keyword:ev                                      8
normalize:battery:module_pack:battery modules->gigawatt hour      5
normalize:battery:module_pack:unit->gigawatt hour                 5
normalize:battery:module_pack:battery packs->gigawatt hour        5
normalize:battery:module_pack:batteries->gigawatt hour            4
normalize:battery:keyword:car                                     1
2025-08-22 23:37:14,568 - INFO - 🫂 Grouping projects...
2025-08-22 23:37:14,569 - INFO - Processing: storage/output/factory-technological-clean-capacities.xlsx → storage/output/grouped-capacities.xlsx
2025-08-22 23:37:14,932 - INFO - Found 2782 rows (EU only).
2025-08-22 23:37:14,941 - INFO - ⚠️ 742 rows lack an admin_group_key after applying per-country rules.
2025-08-22 23:37:14,943 - INFO - ⚠️ 366 entries without CITY are dropped.
2025-08-22 23:37:14,944 - INFO - Rows reduced to 2416 after dropping missing city_key.
2025-08-22 23:37:14,944 - INFO - ⚠️ 376 entries without ADM1 are dropped.
2025-08-22 23:37:14,944 - INFO - Rows reduced to 2040 after dropping missing adm1.
2025-08-22 23:37:14,945 - INFO - ⚠️ 389 entries without a normalised PRODUCT-LV1 are dropped.
2025-08-22 23:37:14,945 - INFO - Rows reduced to 1651 after dropping missing product_lv1.
2025-08-22 23:37:14,945 - INFO - ⚠️ 1131 total rows dropped due to missing required fields; 1651 remain.
2025-08-22 23:37:14,945 - INFO - ⚠️ 562 entries without a normalised PRODUCT-LV2.
2025-08-22 23:37:14,946 - INFO - Unique owners before manual dict: 514
2025-08-22 23:37:14,946 - INFO - Unique owners after manual dict: 475
2025-08-22 23:37:17,164 - INFO - Saving filtered output to storage/output/grouped-capacities.xlsx
2025-08-22 23:37:17,166 - INFO - Processing: storage/output/factory_registry.xlsx → storage/output/grouped-factories.xlsx
2025-08-22 23:37:17,741 - INFO - Found 10410 rows (EU only).
2025-08-22 23:37:17,772 - INFO - ⚠️ 2488 rows lack an admin_group_key after applying per-country rules.
2025-08-22 23:37:17,774 - INFO - ⚠️ 1218 entries without CITY are dropped.
2025-08-22 23:37:17,775 - INFO - Rows reduced to 9192 after dropping missing city_key.
2025-08-22 23:37:17,776 - INFO - ⚠️ 1270 entries without ADM1 are dropped.
2025-08-22 23:37:17,777 - INFO - Rows reduced to 7922 after dropping missing adm1.
2025-08-22 23:37:17,777 - INFO - ⚠️ 3815 entries without a normalised PRODUCT-LV1 are dropped.
2025-08-22 23:37:17,778 - INFO - Rows reduced to 4107 after dropping missing product_lv1.
2025-08-22 23:37:17,778 - INFO - ⚠️ 6303 total rows dropped due to missing required fields; 4107 remain.
2025-08-22 23:37:17,778 - INFO - ⚠️ 1747 entries without a normalised PRODUCT-LV2.
2025-08-22 23:37:17,778 - INFO - Unique owners before manual dict: 939
2025-08-22 23:37:17,779 - INFO - Unique owners after manual dict: 898
2025-08-22 23:37:20,364 - INFO - Saving filtered output to storage/output/grouped-factories.xlsx
2025-08-22 23:37:20,365 - INFO - 🏭 Importing facilities
2025-08-22 23:37:20,538 - INFO - 🗑️ Cleared existing facilities from MongoDB.
2025-08-22 23:37:21,354 - INFO - Saving a copy of facilities to Excel at storage/output/facilities.xlsx
2025-08-22 23:37:21,478 - INFO - Number of raw capacities - 1651
2025-08-22 23:37:21,478 - INFO - 📅 Unique capacities remaining after deduplication (keeping earliest date): 1136
2025-08-22 23:37:21,483 - WARNING - bbox missing required keys. Available: []
2025-08-22 23:37:24,911 - INFO - ✅ Inserted 647 facilities into MongoDB, with 1136 capacities.
2025-08-22 23:37:24,920 - INFO - 🧮 Determining phase summaries
2025-08-22 23:37:25,007 - INFO - 🚀 Starting summary updates for main, greenfield and expansion...
2025-08-22 23:37:28,593 - INFO - ✅ Updated summaries for 646 facilities.
2025-08-22 23:37:28,595 - INFO - Outputting clean capacities summary data
2025-08-22 23:37:29,705 - INFO - Total pipeline time: 1.76 minutes
