2025-08-23 16:30:26,760 - INFO - Updating mongo-metadata is set to False
2025-08-23 16:30:26,760 - INFO - 🗞️ Flattening articles...
2025-08-23 16:31:12,865 - INFO - 💾 Saved nodes to storage/output/all_nodes.xlsx
2025-08-23 16:31:12,865 - INFO - 💾 Saved relationships to storage/output/all_rels.xlsx
2025-08-23 16:31:12,948 - INFO - 🉑 Merging nodes and relationships...
2025-08-23 16:31:28,563 - INFO - 💾 Saved geo_lookup to storage/output/geo_lookup.json
2025-08-23 16:31:30,803 - INFO - 💾 Saved: storage/output/factory_registry.xlsx
2025-08-23 16:31:46,149 - INFO - 💾 Saved geo_lookup to storage/output/geo_lookup.json
2025-08-23 16:31:47,254 - INFO - 💾 Saved: storage/output/factory-technological.xlsx
2025-08-23 16:32:03,021 - INFO - 💾 Saved geo_lookup to storage/output/geo_lookup.json
2025-08-23 16:32:03,333 - INFO - 💾 Saved: storage/output/company-joint-venture.xlsx
2025-08-23 16:32:03,345 - INFO - Normalising capacities
2025-08-23 16:32:04,027 - INFO - Capacity rows: 2796 | failed: 223 (8.0%)
2025-08-23 16:32:04,028 - INFO - normalization_case
normalize:fallback:keep-metric                                  888
normalize:already-clean:gigawatt                                624
normalize:already-clean:gigawatt hour                           584
normalize:vehicle:missing                                       326
fallback:missing-metric                                         203
normalize:already-clean:tonne                                    82
normalize:invalid-input                                          20
normalize:battery:energy-metric                                  17
normalize:battery:module_pack:battery systems->gigawatt hour     15
normalize:battery:keyword:vehicle                                 9
normalize:battery:keyword:ev                                      8
normalize:battery:module_pack:battery modules->gigawatt hour      5
normalize:battery:module_pack:unit->gigawatt hour                 5
normalize:battery:module_pack:battery packs->gigawatt hour        5
normalize:battery:module_pack:batteries->gigawatt hour            4
normalize:battery:keyword:car                                     1
2025-08-23 16:32:04,793 - INFO - 🫂 Grouping projects...
2025-08-23 16:32:04,793 - INFO - Processing: storage/output/factory-technological-clean-capacities.xlsx → storage/output/grouped-capacities.xlsx
2025-08-23 16:32:05,146 - INFO - Found 2796 rows (EU only).
2025-08-23 16:32:05,154 - INFO - ⚠️ 745 rows lack an admin_group_key after applying per-country rules.
2025-08-23 16:32:05,154 - INFO - ⚠️ 13 entries without a normalised OWNER name are dropped.
2025-08-23 16:32:05,155 - INFO - Rows reduced to 2783 after dropping missing inst_canon.
2025-08-23 16:32:05,156 - INFO - ⚠️ 366 entries without CITY are dropped.
2025-08-23 16:32:05,156 - INFO - Rows reduced to 2417 after dropping missing city_key.
2025-08-23 16:32:05,156 - INFO - ⚠️ 376 entries without a geographic locator are dropped.
2025-08-23 16:32:05,157 - INFO - Rows reduced to 2041 after dropping missing admin_group_key.
2025-08-23 16:32:05,157 - INFO - ⚠️ 391 entries without a normalised PRODUCT-LV1 are dropped.
2025-08-23 16:32:05,158 - INFO - Rows reduced to 1650 after dropping missing product_lv1.
2025-08-23 16:32:05,158 - INFO - ⚠️ 1146 total rows dropped due to missing required fields; 1650 remain.
2025-08-23 16:32:05,158 - INFO - ⚠️ 561 entries without a normalised PRODUCT-LV2.
2025-08-23 16:32:05,158 - INFO - Unique owners before manual dict: 513
2025-08-23 16:32:05,158 - INFO - Unique owners after manual dict: 471
2025-08-23 16:32:05,165 - INFO - Applied site merges to 9 rows.
2025-08-23 16:32:07,714 - INFO - Overwrote inst_canon with JV labels for 117 rows
2025-08-23 16:32:07,953 - INFO - Saving filtered output to storage/output/grouped-capacities.xlsx
2025-08-23 16:32:07,954 - INFO - Processing: storage/output/factory_registry.xlsx → storage/output/grouped-factories.xlsx
2025-08-23 16:32:08,553 - INFO - Found 10420 rows (EU only).
2025-08-23 16:32:08,581 - INFO - ⚠️ 2490 rows lack an admin_group_key after applying per-country rules.
2025-08-23 16:32:08,581 - INFO - ⚠️ 10 entries without a normalised OWNER name are dropped.
2025-08-23 16:32:08,582 - INFO - Rows reduced to 10410 after dropping missing inst_canon.
2025-08-23 16:32:08,583 - INFO - ⚠️ 1218 entries without CITY are dropped.
2025-08-23 16:32:08,584 - INFO - Rows reduced to 9192 after dropping missing city_key.
2025-08-23 16:32:08,584 - INFO - ⚠️ 1270 entries without a geographic locator are dropped.
2025-08-23 16:32:08,585 - INFO - Rows reduced to 7922 after dropping missing admin_group_key.
2025-08-23 16:32:08,585 - INFO - ⚠️ 3816 entries without a normalised PRODUCT-LV1 are dropped.
2025-08-23 16:32:08,585 - INFO - Rows reduced to 4106 after dropping missing product_lv1.
2025-08-23 16:32:08,585 - INFO - ⚠️ 6314 total rows dropped due to missing required fields; 4106 remain.
2025-08-23 16:32:08,586 - INFO - ⚠️ 1746 entries without a normalised PRODUCT-LV2.
2025-08-23 16:32:08,586 - INFO - Unique owners before manual dict: 938
2025-08-23 16:32:08,587 - INFO - Unique owners after manual dict: 894
2025-08-23 16:32:08,601 - INFO - Applied site merges to 21 rows.
2025-08-23 16:32:11,294 - INFO - Overwrote inst_canon with JV labels for 221 rows
