2025-08-21 22:42:50,120 - INFO - Updating mongo-metadata is set to False
2025-08-21 22:42:50,120 - INFO - 🗞️ Flattening articles...
2025-08-21 22:43:29,691 - INFO - 💾 Saved nodes to storage/output/all_nodes.xlsx
2025-08-21 22:43:29,691 - INFO - 💾 Saved relationships to storage/output/all_rels.xlsx
2025-08-21 22:43:29,778 - INFO - 🉑 Merging nodes and relationships...
2025-08-21 22:43:44,818 - INFO - 💾 Saved geo_lookup to storage/output/geo_lookup.json
2025-08-21 22:43:46,375 - INFO - 💾 Saved factory-technology graph segment to storage/output/factory-technological.xlsx
2025-08-21 22:43:46,397 - INFO - Normalising capacities
2025-08-21 22:43:47,029 - INFO - Capacity rows: 2705 | failed: 224 (8.3%)
2025-08-21 22:43:47,030 - INFO - normalization_case
normalize:fallback:keep-metric                                  913
normalize:already-clean:gigawatt hour                           570
normalize:already-clean:gigawatt                                540
normalize:vehicle:missing                                       313
fallback:missing-metric                                         204
normalize:already-clean:tonne                                    77
normalize:invalid-input                                          20
normalize:battery:energy-metric                                  16
normalize:battery:module_pack:battery systems->gigawatt hour     15
normalize:battery:keyword:vehicle                                 9
normalize:battery:keyword:ev                                      8
normalize:battery:module_pack:battery modules->gigawatt hour      5
normalize:battery:module_pack:unit->gigawatt hour                 5
normalize:battery:module_pack:battery packs->gigawatt hour        5
normalize:battery:module_pack:batteries->gigawatt hour            4
normalize:battery:keyword:car                                     1
2025-08-21 22:43:47,737 - INFO - 🫂 Grouping projects...
2025-08-21 22:43:48,047 - INFO - Found 2705 rows:
2025-08-21 22:43:48,047 - INFO - ⚠️ 364 entries without CITY are dropped, rows reduced to 2341.
2025-08-21 22:43:48,048 - INFO - Missing counts: adm1            354
inst_canon        0
product_lv1     570
product_lv2    1142
dtype: int64
2025-08-21 22:43:48,048 - INFO - ⚠️  1206 rows dropped because of missing values; 1499 remain.
2025-08-21 22:43:48,049 - INFO - Unique owners before manual dict: 457
2025-08-21 22:43:48,049 - INFO - Unique owners after manual dict: 419
2025-08-21 22:43:49,822 - INFO - Saving filtered output to storage/output/filtered_projects.xlsx
2025-08-21 22:43:49,823 - INFO - 🏭 Importing facilities
2025-08-21 22:43:50,008 - INFO - 🗑️ Cleared existing facilities from MongoDB.
2025-08-21 22:43:50,168 - INFO - Saving a copy of facilities to Excel at storage/output/facilities.xlsx
2025-08-21 22:43:50,265 - INFO - Number of raw capacities - 1499
2025-08-21 22:43:50,265 - INFO - 📅 Unique capacities remaining after deduplication (keeping earliest date): 1030
2025-08-21 22:43:50,279 - WARNING - bbox missing required keys. Available: []
2025-08-21 22:43:52,959 - INFO - ✅ Inserted 587 facilities into MongoDB, with 1030 capacities.
2025-08-21 22:43:52,962 - INFO - 🧮 Determining phase summaries
2025-08-21 22:43:53,046 - INFO - 🚀 Starting summary updates for main, greenfield and expansion...
2025-08-21 22:43:57,362 - INFO - ✅ Updated summaries for 586 facilities.
2025-08-21 22:43:57,364 - INFO - Outputting clean capacities summary data
2025-08-21 22:43:58,293 - INFO - Total pipeline time: 1.14 minutes
