2025-08-22 21:52:24,488 - INFO - Updating mongo-metadata is set to False
2025-08-22 21:52:24,488 - INFO - 🉑 Merging nodes and relationships...
2025-08-22 21:52:40,080 - INFO - 💾 Saved geo_lookup to storage/output/geo_lookup.json
2025-08-22 21:52:42,188 - INFO - 💾 Saved: storage/output/factory_registry.xlsx
2025-08-22 21:52:57,523 - INFO - 💾 Saved geo_lookup to storage/output/geo_lookup.json
2025-08-22 21:52:58,559 - INFO - 💾 Saved: storage/output/factory-technological.xlsx
2025-08-22 21:53:13,904 - INFO - 💾 Saved geo_lookup to storage/output/geo_lookup.json
2025-08-22 21:53:14,234 - INFO - 💾 Saved: storage/output/company-joint-venture.xlsx
2025-08-22 21:53:14,247 - INFO - Normalising capacities
2025-08-22 21:53:14,870 - INFO - Capacity rows: 2782 | failed: 223 (8.0%)
2025-08-22 21:53:14,870 - INFO - normalization_case
normalize:fallback:keep-metric                                  878
normalize:already-clean:gigawatt                                624
normalize:already-clean:gigawatt hour                           580
normalize:vehicle:missing                                       326
fallback:missing-metric                                         203
normalize:already-clean:tonne                                    82
normalize:invalid-input                                          20
normalize:battery:energy-metric                                  17
normalize:battery:module_pack:battery systems->gigawatt hour     15
normalize:battery:keyword:vehicle                                 9
normalize:battery:keyword:ev                                      8
normalize:battery:module_pack:battery modules->gigawatt hour      5
normalize:battery:module_pack:unit->gigawatt hour                 5
normalize:battery:module_pack:battery packs->gigawatt hour        5
normalize:battery:module_pack:batteries->gigawatt hour            4
normalize:battery:keyword:car                                     1
2025-08-22 21:53:15,660 - INFO - 🫂 Grouping projects...
2025-08-22 21:53:15,660 - INFO - Processing: storage/output/factory-technological-clean-capacities.xlsx → storage/output/grouped-capacities.xlsx
2025-08-22 21:53:16,050 - INFO - Found 2782 rows (EU only).
2025-08-22 21:53:16,050 - INFO - ⚠️ 366 entries without CITY are dropped.
2025-08-22 21:53:16,051 - INFO - Rows reduced to 2416 after dropping missing city_key.
2025-08-22 21:53:16,051 - INFO - ⚠️ 376 entries without ADM1 are dropped.
2025-08-22 21:53:16,052 - INFO - Rows reduced to 2040 after dropping missing adm1.
2025-08-22 21:53:16,052 - INFO - ⚠️ 389 entries without a normalised PRODUCT-LV1 are dropped.
2025-08-22 21:53:16,052 - INFO - Rows reduced to 1651 after dropping missing product_lv1.
2025-08-22 21:53:16,052 - INFO - ⚠️ 1131 total rows dropped due to missing required fields; 1651 remain.
2025-08-22 21:53:16,052 - INFO - ⚠️ 562 entries without a normalised PRODUCT-LV2.
2025-08-22 21:53:16,053 - INFO - Unique owners before manual dict: 514
2025-08-22 21:53:16,053 - INFO - Unique owners after manual dict: 475
2025-08-22 21:53:18,609 - INFO - Saving filtered output to storage/output/grouped-capacities.xlsx
2025-08-22 21:53:18,609 - INFO - Saving filtered output to storage/output/filtered_projects.xlsx
2025-08-22 21:53:18,611 - INFO - Processing: storage/output/factory_registry.xlsx → storage/output/grouped-factories.xlsx
2025-08-22 21:53:19,196 - INFO - Found 10410 rows (EU only).
2025-08-22 21:53:19,198 - INFO - ⚠️ 1218 entries without CITY are dropped.
2025-08-22 21:53:19,199 - INFO - Rows reduced to 9192 after dropping missing city_key.
2025-08-22 21:53:19,199 - INFO - ⚠️ 1270 entries without ADM1 are dropped.
2025-08-22 21:53:19,200 - INFO - Rows reduced to 7922 after dropping missing adm1.
2025-08-22 21:53:19,200 - INFO - ⚠️ 3815 entries without a normalised PRODUCT-LV1 are dropped.
2025-08-22 21:53:19,201 - INFO - Rows reduced to 4107 after dropping missing product_lv1.
2025-08-22 21:53:19,201 - INFO - ⚠️ 6303 total rows dropped due to missing required fields; 4107 remain.
2025-08-22 21:53:19,201 - INFO - ⚠️ 1747 entries without a normalised PRODUCT-LV2.
2025-08-22 21:53:19,202 - INFO - Unique owners before manual dict: 939
2025-08-22 21:53:19,203 - INFO - Unique owners after manual dict: 898
2025-08-22 21:53:21,983 - INFO - Saving filtered output to storage/output/grouped-factories.xlsx
2025-08-22 21:53:21,983 - INFO - Saving filtered output to storage/output/filtered_projects.xlsx
2025-08-22 21:53:21,985 - INFO - 🏭 Importing facilities
2025-08-22 21:53:22,124 - INFO - 🗑️ Cleared existing facilities from MongoDB.
2025-08-22 21:53:22,857 - INFO - Saving a copy of facilities to Excel at storage/output/facilities.xlsx
2025-08-22 21:53:22,864 - INFO - Number of raw capacities - 18
2025-08-22 21:53:22,864 - INFO - 📅 Unique capacities remaining after deduplication (keeping earliest date): 13
2025-08-22 21:53:22,954 - INFO - ✅ Inserted 2 facilities into MongoDB, with 13 capacities.
2025-08-22 21:53:22,955 - INFO - 🧮 Determining phase summaries
2025-08-22 21:53:23,032 - INFO - 🚀 Starting summary updates for main, greenfield and expansion...
2025-08-22 21:53:23,196 - INFO - ✅ Updated summaries for 2 facilities.
2025-08-22 21:53:23,196 - INFO - Outputting clean capacities summary data
2025-08-22 21:53:23,555 - INFO - Total pipeline time: 0.98 minutes
