2025-08-22 23:46:07,997 - INFO - Updating mongo-metadata is set to False
2025-08-22 23:46:07,997 - INFO - 🗞️ Flattening articles...
2025-08-22 23:46:46,682 - INFO - 💾 Saved nodes to storage/output/all_nodes.xlsx
2025-08-22 23:46:46,682 - INFO - 💾 Saved relationships to storage/output/all_rels.xlsx
2025-08-22 23:46:46,766 - INFO - 🉑 Merging nodes and relationships...
2025-08-22 23:47:01,994 - INFO - 💾 Saved geo_lookup to storage/output/geo_lookup.json
2025-08-22 23:47:04,214 - INFO - 💾 Saved: storage/output/factory_registry.xlsx
2025-08-22 23:47:19,559 - INFO - 💾 Saved geo_lookup to storage/output/geo_lookup.json
2025-08-22 23:47:20,692 - INFO - 💾 Saved: storage/output/factory-technological.xlsx
2025-08-22 23:47:36,145 - INFO - 💾 Saved geo_lookup to storage/output/geo_lookup.json
2025-08-22 23:47:36,448 - INFO - 💾 Saved: storage/output/company-joint-venture.xlsx
2025-08-22 23:47:36,461 - INFO - Normalising capacities
2025-08-22 23:47:37,133 - INFO - Capacity rows: 2782 | failed: 223 (8.0%)
2025-08-22 23:47:37,134 - INFO - normalization_case
normalize:fallback:keep-metric                                  878
normalize:already-clean:gigawatt                                624
normalize:already-clean:gigawatt hour                           580
normalize:vehicle:missing                                       326
fallback:missing-metric                                         203
normalize:already-clean:tonne                                    82
normalize:invalid-input                                          20
normalize:battery:energy-metric                                  17
normalize:battery:module_pack:battery systems->gigawatt hour     15
normalize:battery:keyword:vehicle                                 9
normalize:battery:keyword:ev                                      8
normalize:battery:module_pack:battery modules->gigawatt hour      5
normalize:battery:module_pack:unit->gigawatt hour                 5
normalize:battery:module_pack:battery packs->gigawatt hour        5
normalize:battery:module_pack:batteries->gigawatt hour            4
normalize:battery:keyword:car                                     1
2025-08-22 23:47:37,948 - INFO - 🫂 Grouping projects...
2025-08-22 23:47:37,948 - INFO - Processing: storage/output/factory-technological-clean-capacities.xlsx → storage/output/grouped-capacities.xlsx
2025-08-22 23:47:38,309 - INFO - Found 2782 rows (EU only).
2025-08-22 23:47:38,317 - INFO - ⚠️ 742 rows lack an admin_group_key after applying per-country rules.
2025-08-22 23:47:38,318 - INFO - ⚠️ 366 entries without CITY are dropped.
2025-08-22 23:47:38,319 - INFO - Rows reduced to 2416 after dropping missing city_key.
2025-08-22 23:47:38,319 - INFO - ⚠️ 376 entries without ADM1 are dropped.
2025-08-22 23:47:38,320 - INFO - Rows reduced to 2040 after dropping missing adm1.
2025-08-22 23:47:38,320 - INFO - ⚠️ 389 entries without a normalised PRODUCT-LV1 are dropped.
2025-08-22 23:47:38,321 - INFO - Rows reduced to 1651 after dropping missing product_lv1.
2025-08-22 23:47:38,321 - INFO - ⚠️ 1131 total rows dropped due to missing required fields; 1651 remain.
2025-08-22 23:47:38,321 - INFO - ⚠️ 562 entries without a normalised PRODUCT-LV2.
2025-08-22 23:47:38,321 - INFO - Unique owners before manual dict: 514
2025-08-22 23:47:38,322 - INFO - Unique owners after manual dict: 475
2025-08-22 23:47:40,567 - INFO - Saving filtered output to storage/output/grouped-capacities.xlsx
2025-08-22 23:47:40,569 - INFO - Processing: storage/output/factory_registry.xlsx → storage/output/grouped-factories.xlsx
2025-08-22 23:47:41,206 - INFO - Found 10410 rows (EU only).
2025-08-22 23:47:41,233 - INFO - ⚠️ 2488 rows lack an admin_group_key after applying per-country rules.
2025-08-22 23:47:41,235 - INFO - ⚠️ 1218 entries without CITY are dropped.
2025-08-22 23:47:41,236 - INFO - Rows reduced to 9192 after dropping missing city_key.
2025-08-22 23:47:41,237 - INFO - ⚠️ 1270 entries without ADM1 are dropped.
2025-08-22 23:47:41,238 - INFO - Rows reduced to 7922 after dropping missing adm1.
2025-08-22 23:47:41,238 - INFO - ⚠️ 3815 entries without a normalised PRODUCT-LV1 are dropped.
2025-08-22 23:47:41,239 - INFO - Rows reduced to 4107 after dropping missing product_lv1.
2025-08-22 23:47:41,239 - INFO - ⚠️ 6303 total rows dropped due to missing required fields; 4107 remain.
2025-08-22 23:47:41,239 - INFO - ⚠️ 1747 entries without a normalised PRODUCT-LV2.
2025-08-22 23:47:41,240 - INFO - Unique owners before manual dict: 939
2025-08-22 23:47:41,241 - INFO - Unique owners after manual dict: 898
2025-08-22 23:47:43,704 - INFO - Saving filtered output to storage/output/grouped-factories.xlsx
2025-08-22 23:47:43,706 - INFO - 🏭 Importing facilities
2025-08-22 23:47:43,897 - INFO - 🗑️ Cleared existing facilities from MongoDB.
2025-08-22 23:47:44,724 - INFO - Saving a copy of facilities to Excel at storage/output/facilities.xlsx
2025-08-22 23:47:44,833 - INFO - Number of raw capacities - 1651
2025-08-22 23:47:44,833 - INFO - 📅 Unique capacities remaining after deduplication (keeping earliest date): 1155
2025-08-22 23:47:44,837 - WARNING - bbox missing required keys. Available: []
2025-08-22 23:47:48,312 - INFO - ✅ Inserted 680 facilities into MongoDB, with 1155 capacities.
2025-08-22 23:47:48,321 - INFO - 🧮 Determining phase summaries
2025-08-22 23:47:48,398 - INFO - 🚀 Starting summary updates for main, greenfield and expansion...
2025-08-22 23:47:52,280 - INFO - ✅ Updated summaries for 679 facilities.
2025-08-22 23:47:52,280 - INFO - Outputting clean capacities summary data
2025-08-22 23:47:53,487 - INFO - Total pipeline time: 1.76 minutes
