2025-08-24 16:16:14,741 - INFO - Updating mongo-metadata is set to True
2025-08-24 16:16:14,741 - INFO - 🕴️Normalising companies...
2025-08-24 16:16:15,865 - INFO - 🔢 19813 company or joint_venture nodes present
2025-08-24 16:16:15,865 - INFO - 🟢 of which 19811 already have name_canon. 2 need processing
2025-08-24 16:16:16,191 - INFO - 10 updates to be committed to mongoDB.
2025-08-24 16:16:17,399 - INFO - Batch 0: matched 1859, modified 11
2025-08-24 16:16:17,399 - INFO - 🌎 Querying geonames...
2025-08-24 16:16:18,274 - INFO - 📦 Loaded 2010 existing (country, city_key) pairs from MongoDB.
2025-08-24 16:16:29,957 - INFO - 📰 Scanned 15737 article(s) with factory nodes.
2025-08-24 16:16:29,957 - INFO - 🧹 Identified 4866 new (country, city) pairs to query. Example three: [('Australia', 'newstead'), ('China', 'shifang'), ('United Kingdom', 'berwick_bank')]
2025-08-24 16:19:37,543 - WARNING - [GeoNames 19] the hourly limit of 1000 credits for benmcwilliams has been exceeded. Please throttle your requests or use the commercial service.
2025-08-24 16:19:37,700 - WARNING - [GeoNames 19] the hourly limit of 1000 credits for benmcwilliams has been exceeded. Please throttle your requests or use the commercial service.
2025-08-24 16:19:37,880 - WARNING - [GeoNames 19] the hourly limit of 1000 credits for benmcwilliams has been exceeded. Please throttle your requests or use the commercial service.
2025-08-24 16:19:38,038 - WARNING - [GeoNames 19] the hourly limit of 1000 credits for benmcwilliams has been exceeded. Please throttle your requests or use the commercial service.
2025-08-24 16:19:38,199 - WARNING - [GeoNames 19] the hourly limit of 1000 credits for benmcwilliams has been exceeded. Please throttle your requests or use the commercial service.
2025-08-24 16:19:38,330 - WARNING - [GeoNames 19] the hourly limit of 1000 credits for benmcwilliams has been exceeded. Please throttle your requests or use the commercial service.
2025-08-24 16:19:38,457 - WARNING - [GeoNames 19] the hourly limit of 1000 credits for benmcwilliams has been exceeded. Please throttle your requests or use the commercial service.
2025-08-24 16:19:38,598 - WARNING - [GeoNames 19] the hourly limit of 1000 credits for benmcwilliams has been exceeded. Please throttle your requests or use the commercial service.
2025-08-24 16:19:38,725 - WARNING - [GeoNames 19] the hourly limit of 1000 credits for benmcwilliams has been exceeded. Please throttle your requests or use the commercial service.
2025-08-24 16:19:38,878 - WARNING - [GeoNames 19] the hourly limit of 1000 credits for benmcwilliams has been exceeded. Please throttle your requests or use the commercial service.
2025-08-24 16:19:39,013 - WARNING - [GeoNames 19] the hourly limit of 1000 credits for benmcwilliams has been exceeded. Please throttle your requests or use the commercial service.
2025-08-24 16:19:39,159 - WARNING - [GeoNames 19] the hourly limit of 1000 credits for benmcwilliams has been exceeded. Please throttle your requests or use the commercial service.
2025-08-24 16:19:39,300 - WARNING - [GeoNames 19] the hourly limit of 1000 credits for benmcwilliams has been exceeded. Please throttle your requests or use the commercial service.
2025-08-24 16:19:39,448 - WARNING - [GeoNames 19] the hourly limit of 1000 credits for benmcwilliams has been exceeded. Please throttle your requests or use the commercial service.
2025-08-24 16:19:39,602 - WARNING - [GeoNames 19] the hourly limit of 1000 credits for benmcwilliams has been exceeded. Please throttle your requests or use the commercial service.
2025-08-24 16:19:39,753 - WARNING - [GeoNames 19] the hourly limit of 1000 credits for benmcwilliams has been exceeded. Please throttle your requests or use the commercial service.
2025-08-24 16:19:39,890 - WARNING - [GeoNames 19] the hourly limit of 1000 credits for benmcwilliams has been exceeded. Please throttle your requests or use the commercial service.
2025-08-24 16:19:40,028 - WARNING - [GeoNames 19] the hourly limit of 1000 credits for benmcwilliams has been exceeded. Please throttle your requests or use the commercial service.
2025-08-24 16:19:40,177 - WARNING - [GeoNames 19] the hourly limit of 1000 credits for benmcwilliams has been exceeded. Please throttle your requests or use the commercial service.
2025-08-24 16:19:40,332 - WARNING - [GeoNames 19] the hourly limit of 1000 credits for benmcwilliams has been exceeded. Please throttle your requests or use the commercial service.
2025-08-24 16:19:40,477 - WARNING - [GeoNames 19] the hourly limit of 1000 credits for benmcwilliams has been exceeded. Please throttle your requests or use the commercial service.
2025-08-24 16:19:40,637 - WARNING - [GeoNames 19] the hourly limit of 1000 credits for benmcwilliams has been exceeded. Please throttle your requests or use the commercial service.
2025-08-24 16:19:40,788 - WARNING - [GeoNames 19] the hourly limit of 1000 credits for benmcwilliams has been exceeded. Please throttle your requests or use the commercial service.
2025-08-24 16:19:40,925 - WARNING - [GeoNames 19] the hourly limit of 1000 credits for benmcwilliams has been exceeded. Please throttle your requests or use the commercial service.
2025-08-24 16:19:41,075 - WARNING - [GeoNames 19] the hourly limit of 1000 credits for benmcwilliams has been exceeded. Please throttle your requests or use the commercial service.
2025-08-24 16:19:41,222 - WARNING - [GeoNames 19] the hourly limit of 1000 credits for benmcwilliams has been exceeded. Please throttle your requests or use the commercial service.
2025-08-24 16:19:41,365 - WARNING - [GeoNames 19] the hourly limit of 1000 credits for benmcwilliams has been exceeded. Please throttle your requests or use the commercial service.
2025-08-24 16:19:41,495 - WARNING - [GeoNames 19] the hourly limit of 1000 credits for benmcwilliams has been exceeded. Please throttle your requests or use the commercial service.
2025-08-24 16:19:41,632 - WARNING - [GeoNames 19] the hourly limit of 1000 credits for benmcwilliams has been exceeded. Please throttle your requests or use the commercial service.
2025-08-24 16:19:41,802 - WARNING - [GeoNames 19] the hourly limit of 1000 credits for benmcwilliams has been exceeded. Please throttle your requests or use the commercial service.
2025-08-24 16:19:41,967 - WARNING - [GeoNames 19] the hourly limit of 1000 credits for benmcwilliams has been exceeded. Please throttle your requests or use the commercial service.
2025-08-24 16:19:42,114 - WARNING - [GeoNames 19] the hourly limit of 1000 credits for benmcwilliams has been exceeded. Please throttle your requests or use the commercial service.
2025-08-24 16:19:42,282 - WARNING - [GeoNames 19] the hourly limit of 1000 credits for benmcwilliams has been exceeded. Please throttle your requests or use the commercial service.
2025-08-24 16:19:42,452 - WARNING - [GeoNames 19] the hourly limit of 1000 credits for benmcwilliams has been exceeded. Please throttle your requests or use the commercial service.
2025-08-24 16:19:42,609 - WARNING - [GeoNames 19] the hourly limit of 1000 credits for benmcwilliams has been exceeded. Please throttle your requests or use the commercial service.
2025-08-24 16:19:42,752 - WARNING - [GeoNames 19] the hourly limit of 1000 credits for benmcwilliams has been exceeded. Please throttle your requests or use the commercial service.
2025-08-24 16:19:42,900 - WARNING - [GeoNames 19] the hourly limit of 1000 credits for benmcwilliams has been exceeded. Please throttle your requests or use the commercial service.
2025-08-24 16:19:43,033 - WARNING - [GeoNames 19] the hourly limit of 1000 credits for benmcwilliams has been exceeded. Please throttle your requests or use the commercial service.
2025-08-24 16:19:43,165 - WARNING - [GeoNames 19] the hourly limit of 1000 credits for benmcwilliams has been exceeded. Please throttle your requests or use the commercial service.
2025-08-24 16:19:43,328 - WARNING - [GeoNames 19] the hourly limit of 1000 credits for benmcwilliams has been exceeded. Please throttle your requests or use the commercial service.
2025-08-24 16:19:43,464 - WARNING - [GeoNames 19] the hourly limit of 1000 credits for benmcwilliams has been exceeded. Please throttle your requests or use the commercial service.
2025-08-24 16:19:43,630 - WARNING - [GeoNames 19] the hourly limit of 1000 credits for benmcwilliams has been exceeded. Please throttle your requests or use the commercial service.
2025-08-24 16:19:43,820 - WARNING - [GeoNames 19] the hourly limit of 1000 credits for benmcwilliams has been exceeded. Please throttle your requests or use the commercial service.
2025-08-24 16:19:43,969 - WARNING - [GeoNames 19] the hourly limit of 1000 credits for benmcwilliams has been exceeded. Please throttle your requests or use the commercial service.
2025-08-24 16:19:44,122 - WARNING - [GeoNames 19] the hourly limit of 1000 credits for benmcwilliams has been exceeded. Please throttle your requests or use the commercial service.
2025-08-24 16:19:44,265 - WARNING - [GeoNames 19] the hourly limit of 1000 credits for benmcwilliams has been exceeded. Please throttle your requests or use the commercial service.
2025-08-24 16:19:44,398 - WARNING - [GeoNames 19] the hourly limit of 1000 credits for benmcwilliams has been exceeded. Please throttle your requests or use the commercial service.
2025-08-24 16:19:44,541 - WARNING - [GeoNames 19] the hourly limit of 1000 credits for benmcwilliams has been exceeded. Please throttle your requests or use the commercial service.
2025-08-24 16:19:44,705 - WARNING - [GeoNames 19] the hourly limit of 1000 credits for benmcwilliams has been exceeded. Please throttle your requests or use the commercial service.
2025-08-24 16:19:44,860 - WARNING - [GeoNames 19] the hourly limit of 1000 credits for benmcwilliams has been exceeded. Please throttle your requests or use the commercial service.
2025-08-24 16:19:44,998 - WARNING - [GeoNames 19] the hourly limit of 1000 credits for benmcwilliams has been exceeded. Please throttle your requests or use the commercial service.
2025-08-24 16:19:45,124 - WARNING - [GeoNames 19] the hourly limit of 1000 credits for benmcwilliams has been exceeded. Please throttle your requests or use the commercial service.
2025-08-24 16:19:45,260 - WARNING - [GeoNames 19] the hourly limit of 1000 credits for benmcwilliams has been exceeded. Please throttle your requests or use the commercial service.
2025-08-24 16:19:45,384 - WARNING - [GeoNames 19] the hourly limit of 1000 credits for benmcwilliams has been exceeded. Please throttle your requests or use the commercial service.
2025-08-24 16:19:45,517 - WARNING - [GeoNames 19] the hourly limit of 1000 credits for benmcwilliams has been exceeded. Please throttle your requests or use the commercial service.
2025-08-24 16:19:45,662 - WARNING - [GeoNames 19] the hourly limit of 1000 credits for benmcwilliams has been exceeded. Please throttle your requests or use the commercial service.
2025-08-24 16:19:45,801 - WARNING - [GeoNames 19] the hourly limit of 1000 credits for benmcwilliams has been exceeded. Please throttle your requests or use the commercial service.
2025-08-24 16:19:45,969 - WARNING - [GeoNames 19] the hourly limit of 1000 credits for benmcwilliams has been exceeded. Please throttle your requests or use the commercial service.
2025-08-24 16:19:46,098 - WARNING - [GeoNames 19] the hourly limit of 1000 credits for benmcwilliams has been exceeded. Please throttle your requests or use the commercial service.
2025-08-24 16:19:46,259 - WARNING - [GeoNames 19] the hourly limit of 1000 credits for benmcwilliams has been exceeded. Please throttle your requests or use the commercial service.
2025-08-24 16:19:46,432 - WARNING - [GeoNames 19] the hourly limit of 1000 credits for benmcwilliams has been exceeded. Please throttle your requests or use the commercial service.
2025-08-24 16:19:46,594 - WARNING - [GeoNames 19] the hourly limit of 1000 credits for benmcwilliams has been exceeded. Please throttle your requests or use the commercial service.
2025-08-24 16:19:46,729 - WARNING - [GeoNames 19] the hourly limit of 1000 credits for benmcwilliams has been exceeded. Please throttle your requests or use the commercial service.
2025-08-24 16:19:46,855 - WARNING - [GeoNames 19] the hourly limit of 1000 credits for benmcwilliams has been exceeded. Please throttle your requests or use the commercial service.
2025-08-24 16:19:46,992 - WARNING - [GeoNames 19] the hourly limit of 1000 credits for benmcwilliams has been exceeded. Please throttle your requests or use the commercial service.
2025-08-24 16:19:47,132 - WARNING - [GeoNames 19] the hourly limit of 1000 credits for benmcwilliams has been exceeded. Please throttle your requests or use the commercial service.
2025-08-24 16:19:47,274 - WARNING - [GeoNames 19] the hourly limit of 1000 credits for benmcwilliams has been exceeded. Please throttle your requests or use the commercial service.
2025-08-24 16:19:47,417 - WARNING - [GeoNames 19] the hourly limit of 1000 credits for benmcwilliams has been exceeded. Please throttle your requests or use the commercial service.
2025-08-24 16:19:47,551 - WARNING - [GeoNames 19] the hourly limit of 1000 credits for benmcwilliams has been exceeded. Please throttle your requests or use the commercial service.
2025-08-24 16:19:47,702 - WARNING - [GeoNames 19] the hourly limit of 1000 credits for benmcwilliams has been exceeded. Please throttle your requests or use the commercial service.
2025-08-24 16:19:47,849 - WARNING - [GeoNames 19] the hourly limit of 1000 credits for benmcwilliams has been exceeded. Please throttle your requests or use the commercial service.
2025-08-24 16:19:48,006 - WARNING - [GeoNames 19] the hourly limit of 1000 credits for benmcwilliams has been exceeded. Please throttle your requests or use the commercial service.
2025-08-24 16:19:48,172 - WARNING - [GeoNames 19] the hourly limit of 1000 credits for benmcwilliams has been exceeded. Please throttle your requests or use the commercial service.
2025-08-24 16:19:48,321 - WARNING - [GeoNames 19] the hourly limit of 1000 credits for benmcwilliams has been exceeded. Please throttle your requests or use the commercial service.
2025-08-24 16:19:48,463 - WARNING - [GeoNames 19] the hourly limit of 1000 credits for benmcwilliams has been exceeded. Please throttle your requests or use the commercial service.
2025-08-24 16:19:48,607 - WARNING - [GeoNames 19] the hourly limit of 1000 credits for benmcwilliams has been exceeded. Please throttle your requests or use the commercial service.
2025-08-24 16:19:48,744 - WARNING - [GeoNames 19] the hourly limit of 1000 credits for benmcwilliams has been exceeded. Please throttle your requests or use the commercial service.
2025-08-24 16:19:48,893 - WARNING - [GeoNames 19] the hourly limit of 1000 credits for benmcwilliams has been exceeded. Please throttle your requests or use the commercial service.
2025-08-24 16:19:49,035 - WARNING - [GeoNames 19] the hourly limit of 1000 credits for benmcwilliams has been exceeded. Please throttle your requests or use the commercial service.
2025-08-24 16:19:49,189 - WARNING - [GeoNames 19] the hourly limit of 1000 credits for benmcwilliams has been exceeded. Please throttle your requests or use the commercial service.
2025-08-24 16:19:49,354 - WARNING - [GeoNames 19] the hourly limit of 1000 credits for benmcwilliams has been exceeded. Please throttle your requests or use the commercial service.
2025-08-24 16:19:49,518 - WARNING - [GeoNames 19] the hourly limit of 1000 credits for benmcwilliams has been exceeded. Please throttle your requests or use the commercial service.
2025-08-24 16:19:49,685 - WARNING - [GeoNames 19] the hourly limit of 1000 credits for benmcwilliams has been exceeded. Please throttle your requests or use the commercial service.
2025-08-24 16:19:49,859 - WARNING - [GeoNames 19] the hourly limit of 1000 credits for benmcwilliams has been exceeded. Please throttle your requests or use the commercial service.
2025-08-24 16:19:49,986 - WARNING - [GeoNames 19] the hourly limit of 1000 credits for benmcwilliams has been exceeded. Please throttle your requests or use the commercial service.
2025-08-24 16:19:50,116 - WARNING - [GeoNames 19] the hourly limit of 1000 credits for benmcwilliams has been exceeded. Please throttle your requests or use the commercial service.
2025-08-24 16:19:50,239 - WARNING - [GeoNames 19] the hourly limit of 1000 credits for benmcwilliams has been exceeded. Please throttle your requests or use the commercial service.
2025-08-24 16:19:50,382 - WARNING - [GeoNames 19] the hourly limit of 1000 credits for benmcwilliams has been exceeded. Please throttle your requests or use the commercial service.
2025-08-24 16:19:50,522 - WARNING - [GeoNames 19] the hourly limit of 1000 credits for benmcwilliams has been exceeded. Please throttle your requests or use the commercial service.
2025-08-24 16:19:50,665 - WARNING - [GeoNames 19] the hourly limit of 1000 credits for benmcwilliams has been exceeded. Please throttle your requests or use the commercial service.
2025-08-24 16:19:50,820 - WARNING - [GeoNames 19] the hourly limit of 1000 credits for benmcwilliams has been exceeded. Please throttle your requests or use the commercial service.
2025-08-24 16:19:50,972 - WARNING - [GeoNames 19] the hourly limit of 1000 credits for benmcwilliams has been exceeded. Please throttle your requests or use the commercial service.
2025-08-24 16:19:51,123 - WARNING - [GeoNames 19] the hourly limit of 1000 credits for benmcwilliams has been exceeded. Please throttle your requests or use the commercial service.
2025-08-24 16:19:51,273 - WARNING - [GeoNames 19] the hourly limit of 1000 credits for benmcwilliams has been exceeded. Please throttle your requests or use the commercial service.
2025-08-24 16:19:51,409 - WARNING - [GeoNames 19] the hourly limit of 1000 credits for benmcwilliams has been exceeded. Please throttle your requests or use the commercial service.
2025-08-24 16:19:51,539 - WARNING - [GeoNames 19] the hourly limit of 1000 credits for benmcwilliams has been exceeded. Please throttle your requests or use the commercial service.
2025-08-24 16:19:51,685 - WARNING - [GeoNames 19] the hourly limit of 1000 credits for benmcwilliams has been exceeded. Please throttle your requests or use the commercial service.
2025-08-24 16:19:51,810 - WARNING - [GeoNames 19] the hourly limit of 1000 credits for benmcwilliams has been exceeded. Please throttle your requests or use the commercial service.
2025-08-24 16:19:51,949 - WARNING - [GeoNames 19] the hourly limit of 1000 credits for benmcwilliams has been exceeded. Please throttle your requests or use the commercial service.
2025-08-24 16:19:52,107 - WARNING - [GeoNames 19] the hourly limit of 1000 credits for benmcwilliams has been exceeded. Please throttle your requests or use the commercial service.
2025-08-24 16:19:52,242 - WARNING - [GeoNames 19] the hourly limit of 1000 credits for benmcwilliams has been exceeded. Please throttle your requests or use the commercial service.
2025-08-24 16:19:52,400 - WARNING - [GeoNames 19] the hourly limit of 1000 credits for benmcwilliams has been exceeded. Please throttle your requests or use the commercial service.
2025-08-24 16:19:52,562 - WARNING - [GeoNames 19] the hourly limit of 1000 credits for benmcwilliams has been exceeded. Please throttle your requests or use the commercial service.
2025-08-24 16:19:52,703 - WARNING - [GeoNames 19] the hourly limit of 1000 credits for benmcwilliams has been exceeded. Please throttle your requests or use the commercial service.
2025-08-24 16:19:52,868 - WARNING - [GeoNames 19] the hourly limit of 1000 credits for benmcwilliams has been exceeded. Please throttle your requests or use the commercial service.
2025-08-24 16:19:52,999 - WARNING - [GeoNames 19] the hourly limit of 1000 credits for benmcwilliams has been exceeded. Please throttle your requests or use the commercial service.
2025-08-24 16:19:53,157 - WARNING - [GeoNames 19] the hourly limit of 1000 credits for benmcwilliams has been exceeded. Please throttle your requests or use the commercial service.
2025-08-24 16:19:53,291 - WARNING - [GeoNames 19] the hourly limit of 1000 credits for benmcwilliams has been exceeded. Please throttle your requests or use the commercial service.
2025-08-24 16:19:53,447 - WARNING - [GeoNames 19] the hourly limit of 1000 credits for benmcwilliams has been exceeded. Please throttle your requests or use the commercial service.
2025-08-24 16:19:53,597 - WARNING - [GeoNames 19] the hourly limit of 1000 credits for benmcwilliams has been exceeded. Please throttle your requests or use the commercial service.
2025-08-24 16:19:53,759 - WARNING - [GeoNames 19] the hourly limit of 1000 credits for benmcwilliams has been exceeded. Please throttle your requests or use the commercial service.
2025-08-24 16:19:53,915 - WARNING - [GeoNames 19] the hourly limit of 1000 credits for benmcwilliams has been exceeded. Please throttle your requests or use the commercial service.
2025-08-24 16:19:54,058 - WARNING - [GeoNames 19] the hourly limit of 1000 credits for benmcwilliams has been exceeded. Please throttle your requests or use the commercial service.
2025-08-24 16:19:54,190 - WARNING - [GeoNames 19] the hourly limit of 1000 credits for benmcwilliams has been exceeded. Please throttle your requests or use the commercial service.
2025-08-24 16:19:54,318 - WARNING - [GeoNames 19] the hourly limit of 1000 credits for benmcwilliams has been exceeded. Please throttle your requests or use the commercial service.
2025-08-24 16:19:54,482 - WARNING - [GeoNames 19] the hourly limit of 1000 credits for benmcwilliams has been exceeded. Please throttle your requests or use the commercial service.
2025-08-24 16:19:54,646 - WARNING - [GeoNames 19] the hourly limit of 1000 credits for benmcwilliams has been exceeded. Please throttle your requests or use the commercial service.
2025-08-24 16:19:54,804 - WARNING - [GeoNames 19] the hourly limit of 1000 credits for benmcwilliams has been exceeded. Please throttle your requests or use the commercial service.
2025-08-24 16:19:54,973 - WARNING - [GeoNames 19] the hourly limit of 1000 credits for benmcwilliams has been exceeded. Please throttle your requests or use the commercial service.
2025-08-24 16:19:55,129 - WARNING - [GeoNames 19] the hourly limit of 1000 credits for benmcwilliams has been exceeded. Please throttle your requests or use the commercial service.
2025-08-24 16:19:55,284 - WARNING - [GeoNames 19] the hourly limit of 1000 credits for benmcwilliams has been exceeded. Please throttle your requests or use the commercial service.
2025-08-24 16:19:55,426 - WARNING - [GeoNames 19] the hourly limit of 1000 credits for benmcwilliams has been exceeded. Please throttle your requests or use the commercial service.
2025-08-24 16:19:55,577 - WARNING - [GeoNames 19] the hourly limit of 1000 credits for benmcwilliams has been exceeded. Please throttle your requests or use the commercial service.
2025-08-24 16:19:55,710 - WARNING - [GeoNames 19] the hourly limit of 1000 credits for benmcwilliams has been exceeded. Please throttle your requests or use the commercial service.
2025-08-24 16:19:55,851 - WARNING - [GeoNames 19] the hourly limit of 1000 credits for benmcwilliams has been exceeded. Please throttle your requests or use the commercial service.
2025-08-24 16:19:56,019 - WARNING - [GeoNames 19] the hourly limit of 1000 credits for benmcwilliams has been exceeded. Please throttle your requests or use the commercial service.
2025-08-24 16:19:56,147 - WARNING - [GeoNames 19] the hourly limit of 1000 credits for benmcwilliams has been exceeded. Please throttle your requests or use the commercial service.
2025-08-24 16:19:56,312 - WARNING - [GeoNames 19] the hourly limit of 1000 credits for benmcwilliams has been exceeded. Please throttle your requests or use the commercial service.
2025-08-24 16:19:56,479 - WARNING - [GeoNames 19] the hourly limit of 1000 credits for benmcwilliams has been exceeded. Please throttle your requests or use the commercial service.
2025-08-24 16:19:56,629 - WARNING - [GeoNames 19] the hourly limit of 1000 credits for benmcwilliams has been exceeded. Please throttle your requests or use the commercial service.
2025-08-24 16:19:56,795 - WARNING - [GeoNames 19] the hourly limit of 1000 credits for benmcwilliams has been exceeded. Please throttle your requests or use the commercial service.
2025-08-24 16:19:56,929 - WARNING - [GeoNames 19] the hourly limit of 1000 credits for benmcwilliams has been exceeded. Please throttle your requests or use the commercial service.
2025-08-24 16:19:57,054 - WARNING - [GeoNames 19] the hourly limit of 1000 credits for benmcwilliams has been exceeded. Please throttle your requests or use the commercial service.
2025-08-24 16:19:57,195 - WARNING - [GeoNames 19] the hourly limit of 1000 credits for benmcwilliams has been exceeded. Please throttle your requests or use the commercial service.
2025-08-24 16:19:57,327 - WARNING - [GeoNames 19] the hourly limit of 1000 credits for benmcwilliams has been exceeded. Please throttle your requests or use the commercial service.
2025-08-24 16:19:57,474 - WARNING - [GeoNames 19] the hourly limit of 1000 credits for benmcwilliams has been exceeded. Please throttle your requests or use the commercial service.
2025-08-24 16:19:57,617 - WARNING - [GeoNames 19] the hourly limit of 1000 credits for benmcwilliams has been exceeded. Please throttle your requests or use the commercial service.
2025-08-24 16:19:57,777 - WARNING - [GeoNames 19] the hourly limit of 1000 credits for benmcwilliams has been exceeded. Please throttle your requests or use the commercial service.
2025-08-24 16:19:57,944 - WARNING - [GeoNames 19] the hourly limit of 1000 credits for benmcwilliams has been exceeded. Please throttle your requests or use the commercial service.
2025-08-24 16:19:58,115 - WARNING - [GeoNames 19] the hourly limit of 1000 credits for benmcwilliams has been exceeded. Please throttle your requests or use the commercial service.
2025-08-24 16:19:58,278 - WARNING - [GeoNames 19] the hourly limit of 1000 credits for benmcwilliams has been exceeded. Please throttle your requests or use the commercial service.
2025-08-24 16:19:58,441 - WARNING - [GeoNames 19] the hourly limit of 1000 credits for benmcwilliams has been exceeded. Please throttle your requests or use the commercial service.
2025-08-24 16:19:58,603 - WARNING - [GeoNames 19] the hourly limit of 1000 credits for benmcwilliams has been exceeded. Please throttle your requests or use the commercial service.
2025-08-24 16:19:58,741 - WARNING - [GeoNames 19] the hourly limit of 1000 credits for benmcwilliams has been exceeded. Please throttle your requests or use the commercial service.
2025-08-24 16:19:58,880 - WARNING - [GeoNames 19] the hourly limit of 1000 credits for benmcwilliams has been exceeded. Please throttle your requests or use the commercial service.
2025-08-24 16:19:59,064 - WARNING - [GeoNames 19] the hourly limit of 1000 credits for benmcwilliams has been exceeded. Please throttle your requests or use the commercial service.
2025-08-24 16:19:59,199 - WARNING - [GeoNames 19] the hourly limit of 1000 credits for benmcwilliams has been exceeded. Please throttle your requests or use the commercial service.
2025-08-24 16:19:59,336 - WARNING - [GeoNames 19] the hourly limit of 1000 credits for benmcwilliams has been exceeded. Please throttle your requests or use the commercial service.
2025-08-24 16:19:59,489 - WARNING - [GeoNames 19] the hourly limit of 1000 credits for benmcwilliams has been exceeded. Please throttle your requests or use the commercial service.
2025-08-24 16:19:59,634 - WARNING - [GeoNames 19] the hourly limit of 1000 credits for benmcwilliams has been exceeded. Please throttle your requests or use the commercial service.
2025-08-24 16:19:59,795 - WARNING - [GeoNames 19] the hourly limit of 1000 credits for benmcwilliams has been exceeded. Please throttle your requests or use the commercial service.
2025-08-24 16:19:59,958 - WARNING - [GeoNames 19] the hourly limit of 1000 credits for benmcwilliams has been exceeded. Please throttle your requests or use the commercial service.
2025-08-24 16:20:00,109 - WARNING - [GeoNames 19] the hourly limit of 1000 credits for benmcwilliams has been exceeded. Please throttle your requests or use the commercial service.
2025-08-24 16:20:00,254 - WARNING - [GeoNames 19] the hourly limit of 1000 credits for benmcwilliams has been exceeded. Please throttle your requests or use the commercial service.
2025-08-24 16:20:00,405 - WARNING - [GeoNames 19] the hourly limit of 1000 credits for benmcwilliams has been exceeded. Please throttle your requests or use the commercial service.
2025-08-24 16:20:00,537 - WARNING - [GeoNames 19] the hourly limit of 1000 credits for benmcwilliams has been exceeded. Please throttle your requests or use the commercial service.
2025-08-24 16:20:00,682 - WARNING - [GeoNames 19] the hourly limit of 1000 credits for benmcwilliams has been exceeded. Please throttle your requests or use the commercial service.
2025-08-24 16:20:00,824 - WARNING - [GeoNames 19] the hourly limit of 1000 credits for benmcwilliams has been exceeded. Please throttle your requests or use the commercial service.
2025-08-24 16:20:00,973 - WARNING - [GeoNames 19] the hourly limit of 1000 credits for benmcwilliams has been exceeded. Please throttle your requests or use the commercial service.
2025-08-24 16:20:01,118 - WARNING - [GeoNames 19] the hourly limit of 1000 credits for benmcwilliams has been exceeded. Please throttle your requests or use the commercial service.
2025-08-24 16:20:01,268 - WARNING - [GeoNames 19] the hourly limit of 1000 credits for benmcwilliams has been exceeded. Please throttle your requests or use the commercial service.
2025-08-24 16:20:01,430 - WARNING - [GeoNames 19] the hourly limit of 1000 credits for benmcwilliams has been exceeded. Please throttle your requests or use the commercial service.
2025-08-24 16:20:01,664 - WARNING - [GeoNames 19] the hourly limit of 1000 credits for benmcwilliams has been exceeded. Please throttle your requests or use the commercial service.
2025-08-24 16:20:01,980 - WARNING - [GeoNames 19] the hourly limit of 1000 credits for benmcwilliams has been exceeded. Please throttle your requests or use the commercial service.
2025-08-24 16:20:02,912 - WARNING - [GeoNames 19] the hourly limit of 1000 credits for benmcwilliams has been exceeded. Please throttle your requests or use the commercial service.
2025-08-24 16:20:03,659 - WARNING - [GeoNames 19] the hourly limit of 1000 credits for benmcwilliams has been exceeded. Please throttle your requests or use the commercial service.
2025-08-24 16:20:03,973 - WARNING - [GeoNames 19] the hourly limit of 1000 credits for benmcwilliams has been exceeded. Please throttle your requests or use the commercial service.
2025-08-24 16:20:04,167 - WARNING - [GeoNames 19] the hourly limit of 1000 credits for benmcwilliams has been exceeded. Please throttle your requests or use the commercial service.
2025-08-24 16:20:04,380 - WARNING - [GeoNames 19] the hourly limit of 1000 credits for benmcwilliams has been exceeded. Please throttle your requests or use the commercial service.
2025-08-24 16:20:04,517 - WARNING - [GeoNames 19] the hourly limit of 1000 credits for benmcwilliams has been exceeded. Please throttle your requests or use the commercial service.
2025-08-24 16:20:04,670 - WARNING - [GeoNames 19] the hourly limit of 1000 credits for benmcwilliams has been exceeded. Please throttle your requests or use the commercial service.
2025-08-24 16:20:04,806 - WARNING - [GeoNames 19] the hourly limit of 1000 credits for benmcwilliams has been exceeded. Please throttle your requests or use the commercial service.
2025-08-24 16:20:04,966 - WARNING - [GeoNames 19] the hourly limit of 1000 credits for benmcwilliams has been exceeded. Please throttle your requests or use the commercial service.
2025-08-24 16:20:05,094 - WARNING - [GeoNames 19] the hourly limit of 1000 credits for benmcwilliams has been exceeded. Please throttle your requests or use the commercial service.
2025-08-24 16:20:05,230 - WARNING - [GeoNames 19] the hourly limit of 1000 credits for benmcwilliams has been exceeded. Please throttle your requests or use the commercial service.
2025-08-24 16:20:05,372 - WARNING - [GeoNames 19] the hourly limit of 1000 credits for benmcwilliams has been exceeded. Please throttle your requests or use the commercial service.
2025-08-24 16:20:05,530 - WARNING - [GeoNames 19] the hourly limit of 1000 credits for benmcwilliams has been exceeded. Please throttle your requests or use the commercial service.
2025-08-24 16:20:05,694 - WARNING - [GeoNames 19] the hourly limit of 1000 credits for benmcwilliams has been exceeded. Please throttle your requests or use the commercial service.
2025-08-24 16:20:05,856 - WARNING - [GeoNames 19] the hourly limit of 1000 credits for benmcwilliams has been exceeded. Please throttle your requests or use the commercial service.
2025-08-24 16:20:05,980 - WARNING - [GeoNames 19] the hourly limit of 1000 credits for benmcwilliams has been exceeded. Please throttle your requests or use the commercial service.
2025-08-24 16:20:06,129 - WARNING - [GeoNames 19] the hourly limit of 1000 credits for benmcwilliams has been exceeded. Please throttle your requests or use the commercial service.
2025-08-24 16:20:06,277 - WARNING - [GeoNames 19] the hourly limit of 1000 credits for benmcwilliams has been exceeded. Please throttle your requests or use the commercial service.
2025-08-24 16:20:06,422 - WARNING - [GeoNames 19] the hourly limit of 1000 credits for benmcwilliams has been exceeded. Please throttle your requests or use the commercial service.
2025-08-24 16:20:06,563 - WARNING - [GeoNames 19] the hourly limit of 1000 credits for benmcwilliams has been exceeded. Please throttle your requests or use the commercial service.
2025-08-24 16:20:06,702 - WARNING - [GeoNames 19] the hourly limit of 1000 credits for benmcwilliams has been exceeded. Please throttle your requests or use the commercial service.
2025-08-24 16:20:06,849 - WARNING - [GeoNames 19] the hourly limit of 1000 credits for benmcwilliams has been exceeded. Please throttle your requests or use the commercial service.
2025-08-24 16:20:06,990 - WARNING - [GeoNames 19] the hourly limit of 1000 credits for benmcwilliams has been exceeded. Please throttle your requests or use the commercial service.
2025-08-24 16:20:07,157 - WARNING - [GeoNames 19] the hourly limit of 1000 credits for benmcwilliams has been exceeded. Please throttle your requests or use the commercial service.
2025-08-24 16:20:07,308 - WARNING - [GeoNames 19] the hourly limit of 1000 credits for benmcwilliams has been exceeded. Please throttle your requests or use the commercial service.
2025-08-24 16:20:07,453 - WARNING - [GeoNames 19] the hourly limit of 1000 credits for benmcwilliams has been exceeded. Please throttle your requests or use the commercial service.
2025-08-24 16:20:07,592 - WARNING - [GeoNames 19] the hourly limit of 1000 credits for benmcwilliams has been exceeded. Please throttle your requests or use the commercial service.
2025-08-24 16:20:07,720 - WARNING - [GeoNames 19] the hourly limit of 1000 credits for benmcwilliams has been exceeded. Please throttle your requests or use the commercial service.
2025-08-24 16:20:07,859 - WARNING - [GeoNames 19] the hourly limit of 1000 credits for benmcwilliams has been exceeded. Please throttle your requests or use the commercial service.
2025-08-24 16:20:07,991 - WARNING - [GeoNames 19] the hourly limit of 1000 credits for benmcwilliams has been exceeded. Please throttle your requests or use the commercial service.
2025-08-24 16:20:08,153 - WARNING - [GeoNames 19] the hourly limit of 1000 credits for benmcwilliams has been exceeded. Please throttle your requests or use the commercial service.
2025-08-24 16:20:08,292 - WARNING - [GeoNames 19] the hourly limit of 1000 credits for benmcwilliams has been exceeded. Please throttle your requests or use the commercial service.
2025-08-24 16:20:08,450 - WARNING - [GeoNames 19] the hourly limit of 1000 credits for benmcwilliams has been exceeded. Please throttle your requests or use the commercial service.
2025-08-24 16:20:08,629 - WARNING - [GeoNames 19] the hourly limit of 1000 credits for benmcwilliams has been exceeded. Please throttle your requests or use the commercial service.
2025-08-24 16:20:08,798 - WARNING - [GeoNames 19] the hourly limit of 1000 credits for benmcwilliams has been exceeded. Please throttle your requests or use the commercial service.
2025-08-24 16:20:08,956 - WARNING - [GeoNames 19] the hourly limit of 1000 credits for benmcwilliams has been exceeded. Please throttle your requests or use the commercial service.
2025-08-24 16:20:09,093 - WARNING - [GeoNames 19] the hourly limit of 1000 credits for benmcwilliams has been exceeded. Please throttle your requests or use the commercial service.
2025-08-24 16:20:09,253 - WARNING - [GeoNames 19] the hourly limit of 1000 credits for benmcwilliams has been exceeded. Please throttle your requests or use the commercial service.
2025-08-24 16:20:09,393 - WARNING - [GeoNames 19] the hourly limit of 1000 credits for benmcwilliams has been exceeded. Please throttle your requests or use the commercial service.
2025-08-24 16:20:09,533 - WARNING - [GeoNames 19] the hourly limit of 1000 credits for benmcwilliams has been exceeded. Please throttle your requests or use the commercial service.
2025-08-24 16:20:09,675 - WARNING - [GeoNames 19] the hourly limit of 1000 credits for benmcwilliams has been exceeded. Please throttle your requests or use the commercial service.
2025-08-24 16:20:09,809 - WARNING - [GeoNames 19] the hourly limit of 1000 credits for benmcwilliams has been exceeded. Please throttle your requests or use the commercial service.
2025-08-24 16:20:09,951 - WARNING - [GeoNames 19] the hourly limit of 1000 credits for benmcwilliams has been exceeded. Please throttle your requests or use the commercial service.
2025-08-24 16:20:10,104 - WARNING - [GeoNames 19] the hourly limit of 1000 credits for benmcwilliams has been exceeded. Please throttle your requests or use the commercial service.
2025-08-24 16:20:10,258 - WARNING - [GeoNames 19] the hourly limit of 1000 credits for benmcwilliams has been exceeded. Please throttle your requests or use the commercial service.
2025-08-24 16:20:10,402 - WARNING - [GeoNames 19] the hourly limit of 1000 credits for benmcwilliams has been exceeded. Please throttle your requests or use the commercial service.
2025-08-24 16:20:10,559 - WARNING - [GeoNames 19] the hourly limit of 1000 credits for benmcwilliams has been exceeded. Please throttle your requests or use the commercial service.
2025-08-24 16:20:10,714 - WARNING - [GeoNames 19] the hourly limit of 1000 credits for benmcwilliams has been exceeded. Please throttle your requests or use the commercial service.
2025-08-24 16:20:10,858 - WARNING - [GeoNames 19] the hourly limit of 1000 credits for benmcwilliams has been exceeded. Please throttle your requests or use the commercial service.
2025-08-24 16:20:10,989 - WARNING - [GeoNames 19] the hourly limit of 1000 credits for benmcwilliams has been exceeded. Please throttle your requests or use the commercial service.
2025-08-24 16:20:11,117 - WARNING - [GeoNames 19] the hourly limit of 1000 credits for benmcwilliams has been exceeded. Please throttle your requests or use the commercial service.
2025-08-24 16:20:11,262 - WARNING - [GeoNames 19] the hourly limit of 1000 credits for benmcwilliams has been exceeded. Please throttle your requests or use the commercial service.
2025-08-24 16:20:11,437 - WARNING - [GeoNames 19] the hourly limit of 1000 credits for benmcwilliams has been exceeded. Please throttle your requests or use the commercial service.
2025-08-24 16:20:11,600 - WARNING - [GeoNames 19] the hourly limit of 1000 credits for benmcwilliams has been exceeded. Please throttle your requests or use the commercial service.
2025-08-24 16:20:11,764 - WARNING - [GeoNames 19] the hourly limit of 1000 credits for benmcwilliams has been exceeded. Please throttle your requests or use the commercial service.
2025-08-24 16:20:11,928 - WARNING - [GeoNames 19] the hourly limit of 1000 credits for benmcwilliams has been exceeded. Please throttle your requests or use the commercial service.
2025-08-24 16:20:12,075 - WARNING - [GeoNames 19] the hourly limit of 1000 credits for benmcwilliams has been exceeded. Please throttle your requests or use the commercial service.
2025-08-24 16:20:12,232 - WARNING - [GeoNames 19] the hourly limit of 1000 credits for benmcwilliams has been exceeded. Please throttle your requests or use the commercial service.
2025-08-24 16:20:12,378 - WARNING - [GeoNames 19] the hourly limit of 1000 credits for benmcwilliams has been exceeded. Please throttle your requests or use the commercial service.
2025-08-24 16:20:12,515 - WARNING - [GeoNames 19] the hourly limit of 1000 credits for benmcwilliams has been exceeded. Please throttle your requests or use the commercial service.
2025-08-24 16:20:12,653 - WARNING - [GeoNames 19] the hourly limit of 1000 credits for benmcwilliams has been exceeded. Please throttle your requests or use the commercial service.
2025-08-24 16:20:12,802 - WARNING - [GeoNames 19] the hourly limit of 1000 credits for benmcwilliams has been exceeded. Please throttle your requests or use the commercial service.
2025-08-24 16:20:12,962 - WARNING - [GeoNames 19] the hourly limit of 1000 credits for benmcwilliams has been exceeded. Please throttle your requests or use the commercial service.
2025-08-24 16:20:13,114 - WARNING - [GeoNames 19] the hourly limit of 1000 credits for benmcwilliams has been exceeded. Please throttle your requests or use the commercial service.
2025-08-24 16:20:13,264 - WARNING - [GeoNames 19] the hourly limit of 1000 credits for benmcwilliams has been exceeded. Please throttle your requests or use the commercial service.
2025-08-24 16:20:13,411 - WARNING - [GeoNames 19] the hourly limit of 1000 credits for benmcwilliams has been exceeded. Please throttle your requests or use the commercial service.
2025-08-24 16:20:13,540 - WARNING - [GeoNames 19] the hourly limit of 1000 credits for benmcwilliams has been exceeded. Please throttle your requests or use the commercial service.
2025-08-24 16:20:13,684 - WARNING - [GeoNames 19] the hourly limit of 1000 credits for benmcwilliams has been exceeded. Please throttle your requests or use the commercial service.
2025-08-24 16:20:13,835 - WARNING - [GeoNames 19] the hourly limit of 1000 credits for benmcwilliams has been exceeded. Please throttle your requests or use the commercial service.
2025-08-24 16:20:13,998 - WARNING - [GeoNames 19] the hourly limit of 1000 credits for benmcwilliams has been exceeded. Please throttle your requests or use the commercial service.
2025-08-24 16:20:14,128 - WARNING - [GeoNames 19] the hourly limit of 1000 credits for benmcwilliams has been exceeded. Please throttle your requests or use the commercial service.
2025-08-24 16:20:14,255 - WARNING - [GeoNames 19] the hourly limit of 1000 credits for benmcwilliams has been exceeded. Please throttle your requests or use the commercial service.
2025-08-24 16:20:14,414 - WARNING - [GeoNames 19] the hourly limit of 1000 credits for benmcwilliams has been exceeded. Please throttle your requests or use the commercial service.
2025-08-24 16:20:14,578 - WARNING - [GeoNames 19] the hourly limit of 1000 credits for benmcwilliams has been exceeded. Please throttle your requests or use the commercial service.
2025-08-24 16:20:14,724 - WARNING - [GeoNames 19] the hourly limit of 1000 credits for benmcwilliams has been exceeded. Please throttle your requests or use the commercial service.
2025-08-24 16:20:17,535 - INFO - ✅ Geonames MongoDB updated. Inserted: 0 fresh documents, Modified: 533 documents.
2025-08-24 16:20:17,552 - INFO - 🧸 Classifying products
2025-08-24 16:20:19,707 - INFO - 🔎 Found 3695 products with attached capacities.
2025-08-24 16:26:59,128 - INFO - ✅ Batch 1: submitted=500, matched=1939, modified=9
2025-08-24 16:27:56,970 - INFO - ✅ Batch 2: submitted=500, matched=3213, modified=0
2025-08-24 16:29:07,664 - INFO - ✅ Batch 3: submitted=500, matched=4160, modified=15
2025-08-24 16:30:06,034 - INFO - ✅ Batch 4: submitted=500, matched=5055, modified=12
2025-08-24 16:31:04,519 - INFO - ✅ Batch 5: submitted=500, matched=7082, modified=0
2025-08-24 16:31:17,100 - INFO - ✅ Batch 6: submitted=109, matched=876, modified=0
2025-08-24 16:31:17,101 - INFO - 🎉 All done: processed=2609, total_matched=22325, total_modified=36
2025-08-24 16:31:17,106 - INFO - 🗞️ Flattening articles...
2025-08-24 16:32:00,842 - INFO - 💾 Saved nodes to storage/output/all_nodes.xlsx
2025-08-24 16:32:00,842 - INFO - 💾 Saved relationships to storage/output/all_rels.xlsx
2025-08-24 16:32:00,930 - INFO - 🉑 Merging nodes and relationships...
2025-08-24 16:32:16,129 - INFO - 💾 Saved geo_lookup to storage/output/geo_lookup.json
2025-08-24 16:32:17,836 - INFO - 💾 Saved: storage/output/factory_registry.xlsx
2025-08-24 16:32:33,136 - INFO - 💾 Saved geo_lookup to storage/output/geo_lookup.json
2025-08-24 16:32:34,251 - INFO - 💾 Saved: storage/output/factory-technological.xlsx
2025-08-24 16:32:49,515 - INFO - 💾 Saved geo_lookup to storage/output/geo_lookup.json
2025-08-24 16:32:49,827 - INFO - 💾 Saved: storage/output/company-joint-venture.xlsx
2025-08-24 16:32:49,839 - INFO - Normalising capacities
2025-08-24 16:32:50,519 - INFO - Capacity rows: 2775 | failed: 239 (8.6%)
2025-08-24 16:32:50,519 - INFO - normalization_case
normalize:fallback:keep-metric                                  924
normalize:already-clean:gigawatt                                648
normalize:already-clean:gigawatt hour                           584
normalize:vehicle:missing                                       280
fallback:missing-metric                                         219
normalize:already-clean:tonne                                    32
normalize:invalid-input                                          20
normalize:battery:module_pack:battery systems->gigawatt hour     16
normalize:battery:energy-metric                                  16
normalize:battery:keyword:ev                                      8
normalize:battery:keyword:vehicle                                 8
normalize:battery:module_pack:battery modules->gigawatt hour      5
normalize:battery:module_pack:unit->gigawatt hour                 5
normalize:battery:module_pack:battery packs->gigawatt hour        5
normalize:battery:module_pack:batteries->gigawatt hour            4
normalize:battery:keyword:car                                     1
2025-08-24 16:32:51,242 - INFO - 🫂 Grouping projects...
2025-08-24 16:32:51,242 - INFO - Processing: storage/output/factory-technological-clean-capacities.xlsx → storage/output/grouped-capacities.xlsx
2025-08-24 16:32:51,597 - INFO - Found 2775 rows (EU only).
2025-08-24 16:32:51,604 - INFO - ⚠️ 745 rows lack an admin_group_key after applying per-country rules.
2025-08-24 16:32:51,606 - INFO - ⚠️ 366 entries without CITY are dropped.
2025-08-24 16:32:51,606 - INFO - Rows reduced to 2409 after dropping missing city_key.
2025-08-24 16:32:51,607 - INFO - ⚠️ 379 entries without a geographic locator are dropped.
2025-08-24 16:32:51,607 - INFO - Rows reduced to 2030 after dropping missing admin_group_key.
2025-08-24 16:32:51,607 - INFO - ⚠️ 337 entries without a normalised PRODUCT-LV1 are dropped.
2025-08-24 16:32:51,608 - INFO - Rows reduced to 1693 after dropping missing product_lv1.
2025-08-24 16:32:51,608 - INFO - ⚠️ 1082 total rows dropped due to missing required fields; 1693 remain.
2025-08-24 16:32:51,608 - INFO - ⚠️ 598 entries without a normalised PRODUCT-LV2.
2025-08-24 16:32:51,608 - INFO - Unique owners before manual dict: 533
2025-08-24 16:32:51,609 - INFO - Unique owners after manual dict: 486
2025-08-24 16:32:51,615 - INFO - Applied site merges to 18 rows.
2025-08-24 16:32:53,553 - INFO - Overwrote inst_canon with JV labels for 121 rows
2025-08-24 16:32:53,810 - INFO - Saving filtered output to storage/output/grouped-capacities.xlsx
2025-08-24 16:32:53,812 - INFO - Processing: storage/output/factory_registry.xlsx → storage/output/grouped-factories.xlsx
2025-08-24 16:32:54,478 - INFO - Found 10481 rows (EU only).
2025-08-24 16:32:54,506 - INFO - ⚠️ 2493 rows lack an admin_group_key after applying per-country rules.
2025-08-24 16:32:54,509 - INFO - ⚠️ 1219 entries without CITY are dropped.
2025-08-24 16:32:54,510 - INFO - Rows reduced to 9262 after dropping missing city_key.
2025-08-24 16:32:54,510 - INFO - ⚠️ 1274 entries without a geographic locator are dropped.
2025-08-24 16:32:54,511 - INFO - Rows reduced to 7988 after dropping missing admin_group_key.
2025-08-24 16:32:54,511 - INFO - ⚠️ 3732 entries without a normalised PRODUCT-LV1 are dropped.
2025-08-24 16:32:54,512 - INFO - Rows reduced to 4256 after dropping missing product_lv1.
2025-08-24 16:32:54,512 - INFO - ⚠️ 6225 total rows dropped due to missing required fields; 4256 remain.
2025-08-24 16:32:54,513 - INFO - ⚠️ 1916 entries without a normalised PRODUCT-LV2.
2025-08-24 16:32:54,513 - INFO - Unique owners before manual dict: 966
2025-08-24 16:32:54,514 - INFO - Unique owners after manual dict: 917
2025-08-24 16:32:54,528 - INFO - Applied site merges to 47 rows.
2025-08-24 16:32:56,477 - INFO - Overwrote inst_canon with JV labels for 228 rows
2025-08-24 16:32:57,030 - INFO - Saving filtered output to storage/output/grouped-factories.xlsx
2025-08-24 16:32:57,031 - INFO - 🏭 Importing facilities
2025-08-24 16:32:57,205 - INFO - 🗑️ Cleared existing facilities from MongoDB.
2025-08-24 16:32:57,702 - INFO - Saving a copy of facilities to Excel at storage/output/facilities.xlsx
2025-08-24 16:32:58,082 - INFO - Number of raw capacities: 1693
2025-08-24 16:32:58,082 - INFO - 📅 Unique capacities after dedup (earliest per tuple): 1306
2025-08-24 16:32:58,102 - INFO - Facilities before filter: 1577 | with capacities: 670 | without capacities (skipped): 907
2025-08-24 16:33:01,346 - INFO - ✅ Inserted 670 facilities into MongoDB with 1306 deduplicated capacities attached.
2025-08-24 16:33:01,353 - INFO - 🧮 Determining phase summaries
2025-08-24 16:33:01,432 - INFO - 🚀 Starting summary updates for main, greenfield and expansion...
2025-08-24 16:33:05,149 - INFO - ✅ Updated summaries for 669 facilities.
2025-08-24 16:33:05,152 - INFO - Outputting clean capacities summary data
2025-08-24 16:33:06,486 - INFO - Total pipeline time: 16.86 minutes
