2025-08-20 11:53:21,910 - INFO - Updating mongo-metadata is set to False
2025-08-20 11:53:21,910 - INFO - 🗞️ Flattening articles...
2025-08-20 11:53:59,314 - INFO - 💾 Saved nodes to storage/output/all_nodes.xlsx
2025-08-20 11:53:59,314 - INFO - 💾 Saved relationships to storage/output/all_rels.xlsx
2025-08-20 11:53:59,395 - INFO - 🉑 Merging nodes and relationships...
2025-08-20 11:54:14,111 - INFO - 💾 Saved geo_lookup to storage/output/geo_lookup.json
2025-08-20 11:54:16,385 - INFO - 💾 Saved factory-technology graph segment to storage/output/factory-technological.xlsx
2025-08-20 11:54:16,405 - INFO - Normalising capacities
2025-08-20 11:54:18,435 - INFO - Capacity rows: 9744 | failed: 745 (7.6%)
2025-08-20 11:54:18,436 - INFO - normalization_case
normalize:fallback:keep-metric       3253
normalize:default:gigawatt           2734
normalize:default:gigawatt hour      1432
normalize:vehicle:missing            1148
fallback:missing-metric               704
normalize:default:tonne               346
normalize:invalid-input                41
normalize:battery:energy-metric        39
normalize:battery:keyword:vehicle      24
normalize:battery:keyword:ev           13
normalize:battery:keyword:car          10
2025-08-20 11:54:20,981 - INFO - 🫂 Grouping projects...
2025-08-20 11:54:22,029 - INFO - Found 2658 rows:
2025-08-20 11:54:22,030 - INFO - ⚠️ 360 entries without CITY are dropped, rows reduced to 2298.
2025-08-20 11:54:22,030 - INFO - Missing counts: adm1            353
inst_canon        4
product_lv1     531
product_lv2    1097
dtype: int64
2025-08-20 11:54:22,031 - INFO - ⚠️  1163 rows dropped because of missing values; 1495 remain.
2025-08-20 11:54:22,031 - INFO - Unique owners before manual dict: 455
2025-08-20 11:54:22,031 - INFO - Unique owners after manual dict: 420
2025-08-20 11:54:23,848 - INFO - Saving filtered output to storage/output/filtered_projects.xlsx
2025-08-20 11:54:23,849 - INFO - 🏭 Importing facilities
2025-08-20 11:54:24,028 - INFO - 🗑️ Cleared existing facilities from MongoDB.
2025-08-20 11:54:24,180 - INFO - Saving a copy of facilities to Excel at storage/output/facilities.xlsx
2025-08-20 11:54:24,270 - INFO - Number of raw capacities - 1495
2025-08-20 11:54:24,270 - INFO - 📅 Unique capacities remaining after deduplication (keeping earliest date): 1034
2025-08-20 11:54:24,283 - WARNING - bbox missing required keys. Available: []
2025-08-20 11:54:26,959 - INFO - ✅ Inserted 586 facilities into MongoDB, with 1034 capacities.
2025-08-20 11:54:26,965 - INFO - 🧮 Determining phase summaries
2025-08-20 11:54:27,030 - INFO - 🚀 Starting summary updates for main, greenfield and expansion...
2025-08-20 11:54:30,442 - INFO - ✅ Updated summaries for 585 facilities.
2025-08-20 11:54:30,443 - INFO - Outputting clean capacities summary data
2025-08-20 11:54:30,912 - INFO - Total pipeline time: 1.15 minutes
