2025-08-22 21:55:51,602 - INFO - Updating mongo-metadata is set to False
2025-08-22 21:55:51,602 - INFO - 🉑 Merging nodes and relationships...
2025-08-22 21:56:07,136 - INFO - 💾 Saved geo_lookup to storage/output/geo_lookup.json
2025-08-22 21:56:09,298 - INFO - 💾 Saved: storage/output/factory_registry.xlsx
2025-08-22 21:56:24,474 - INFO - 💾 Saved geo_lookup to storage/output/geo_lookup.json
2025-08-22 21:56:25,505 - INFO - 💾 Saved: storage/output/factory-technological.xlsx
2025-08-22 21:56:40,697 - INFO - 💾 Saved geo_lookup to storage/output/geo_lookup.json
2025-08-22 21:56:41,027 - INFO - 💾 Saved: storage/output/company-joint-venture.xlsx
2025-08-22 21:56:41,040 - INFO - Normalising capacities
2025-08-22 21:56:41,665 - INFO - Capacity rows: 2782 | failed: 223 (8.0%)
2025-08-22 21:56:41,665 - INFO - normalization_case
normalize:fallback:keep-metric                                  878
normalize:already-clean:gigawatt                                624
normalize:already-clean:gigawatt hour                           580
normalize:vehicle:missing                                       326
fallback:missing-metric                                         203
normalize:already-clean:tonne                                    82
normalize:invalid-input                                          20
normalize:battery:energy-metric                                  17
normalize:battery:module_pack:battery systems->gigawatt hour     15
normalize:battery:keyword:vehicle                                 9
normalize:battery:keyword:ev                                      8
normalize:battery:module_pack:battery modules->gigawatt hour      5
normalize:battery:module_pack:unit->gigawatt hour                 5
normalize:battery:module_pack:battery packs->gigawatt hour        5
normalize:battery:module_pack:batteries->gigawatt hour            4
normalize:battery:keyword:car                                     1
2025-08-22 21:56:42,452 - INFO - 🫂 Grouping projects...
2025-08-22 21:56:42,452 - INFO - Processing: storage/output/factory-technological-clean-capacities.xlsx → storage/output/grouped-capacities.xlsx
2025-08-22 21:56:42,832 - INFO - Found 2782 rows (EU only).
2025-08-22 21:56:42,833 - INFO - ⚠️ 366 entries without CITY are dropped.
2025-08-22 21:56:42,834 - INFO - Rows reduced to 2416 after dropping missing city_key.
2025-08-22 21:56:42,834 - INFO - ⚠️ 376 entries without ADM1 are dropped.
2025-08-22 21:56:42,834 - INFO - Rows reduced to 2040 after dropping missing adm1.
2025-08-22 21:56:42,835 - INFO - ⚠️ 389 entries without a normalised PRODUCT-LV1 are dropped.
2025-08-22 21:56:42,835 - INFO - Rows reduced to 1651 after dropping missing product_lv1.
2025-08-22 21:56:42,835 - INFO - ⚠️ 1131 total rows dropped due to missing required fields; 1651 remain.
2025-08-22 21:56:42,835 - INFO - ⚠️ 562 entries without a normalised PRODUCT-LV2.
2025-08-22 21:56:42,836 - INFO - Unique owners before manual dict: 514
2025-08-22 21:56:42,836 - INFO - Unique owners after manual dict: 475
2025-08-22 21:56:45,262 - INFO - Saving filtered output to storage/output/grouped-capacities.xlsx
2025-08-22 21:56:45,262 - INFO - Saving filtered output to storage/output/filtered_projects.xlsx
2025-08-22 21:56:45,263 - INFO - Processing: storage/output/factory_registry.xlsx → storage/output/grouped-factories.xlsx
2025-08-22 21:56:45,836 - INFO - Found 10410 rows (EU only).
2025-08-22 21:56:45,838 - INFO - ⚠️ 1218 entries without CITY are dropped.
2025-08-22 21:56:45,839 - INFO - Rows reduced to 9192 after dropping missing city_key.
2025-08-22 21:56:45,839 - INFO - ⚠️ 1270 entries without ADM1 are dropped.
2025-08-22 21:56:45,840 - INFO - Rows reduced to 7922 after dropping missing adm1.
2025-08-22 21:56:45,840 - INFO - ⚠️ 3815 entries without a normalised PRODUCT-LV1 are dropped.
2025-08-22 21:56:45,840 - INFO - Rows reduced to 4107 after dropping missing product_lv1.
2025-08-22 21:56:45,840 - INFO - ⚠️ 6303 total rows dropped due to missing required fields; 4107 remain.
2025-08-22 21:56:45,841 - INFO - ⚠️ 1747 entries without a normalised PRODUCT-LV2.
2025-08-22 21:56:45,841 - INFO - Unique owners before manual dict: 939
2025-08-22 21:56:45,842 - INFO - Unique owners after manual dict: 898
2025-08-22 21:56:48,416 - INFO - Saving filtered output to storage/output/grouped-factories.xlsx
2025-08-22 21:56:48,416 - INFO - Saving filtered output to storage/output/filtered_projects.xlsx
2025-08-22 21:56:48,417 - INFO - 🏭 Importing facilities
2025-08-22 21:56:48,583 - INFO - 🗑️ Cleared existing facilities from MongoDB.
