2025-08-22 17:26:48,319 - INFO - Updating mongo-metadata is set to False
2025-08-22 17:26:48,319 - INFO - 🫂 Grouping projects...
2025-08-22 17:26:48,696 - INFO - Found 2782 rows (EU only).
2025-08-22 17:26:48,698 - INFO - ⚠️ 366 entries without CITY are dropped.
2025-08-22 17:26:48,699 - INFO - Rows reduced to 2416 after dropping missing city_key.
2025-08-22 17:26:48,699 - INFO - ⚠️ 376 entries without ADM1 are dropped.
2025-08-22 17:26:48,699 - INFO - Rows reduced to 2040 after dropping missing adm1.
2025-08-22 17:26:48,699 - INFO - ⚠️ 480 entries without a normalised PRODUCT-LV1 are dropped.
2025-08-22 17:26:48,700 - INFO - Rows reduced to 1560 after dropping missing product_lv1.
2025-08-22 17:26:48,700 - INFO - ⚠️ 1222 total rows dropped due to missing required fields; 1560 remain.
2025-08-22 17:26:48,700 - INFO - ⚠️ 512 entries without a normalised PRODUCT-LV2.
2025-08-22 17:26:48,701 - INFO - Unique owners before manual dict: 481
2025-08-22 17:26:48,701 - INFO - Unique owners after manual dict: 443
2025-08-22 17:26:51,404 - INFO - Saving filtered output to storage/output/filtered_projects.xlsx
2025-08-22 17:26:51,405 - INFO - 🏭 Importing facilities
2025-08-22 17:26:51,578 - INFO - 🗑️ Cleared existing facilities from MongoDB.
2025-08-22 17:26:51,745 - INFO - Saving a copy of facilities to Excel at storage/output/facilities.xlsx
2025-08-22 17:26:51,858 - INFO - Number of raw capacities - 1560
2025-08-22 17:26:51,858 - INFO - 📅 Unique capacities remaining after deduplication (keeping earliest date): 1066
2025-08-22 17:26:51,872 - WARNING - bbox missing required keys. Available: []
2025-08-22 17:26:54,620 - INFO - ✅ Inserted 599 facilities into MongoDB, with 1066 capacities.
2025-08-22 17:26:54,624 - INFO - 🧮 Determining phase summaries
2025-08-22 17:26:54,698 - INFO - 🚀 Starting summary updates for main, greenfield and expansion...
2025-08-22 17:26:58,511 - INFO - ✅ Updated summaries for 598 facilities.
2025-08-22 17:26:58,513 - INFO - Outputting clean capacities summary data
2025-08-22 17:26:59,476 - INFO - Total pipeline time: 0.19 minutes
