2025-09-10 16:49:14,072 - INFO - Updating mongo-metadata is set to False
2025-09-10 16:49:14,072 - INFO - 🗞️ Flattening articles...
2025-09-10 16:49:14,072 - INFO - 🉑 Merging nodes and relationships...
2025-09-10 16:49:29,677 - INFO - 💾 Saved geo_lookup to storage/output/geo_lookup.json
2025-09-10 16:49:31,997 - INFO - 💾 Saved: storage/output/factory_registry.xlsx
2025-09-10 16:49:47,214 - INFO - 💾 Saved geo_lookup to storage/output/geo_lookup.json
2025-09-10 16:49:48,076 - INFO - 💾 Saved: storage/output/factory-technological.xlsx
2025-09-10 16:50:03,312 - INFO - 💾 Saved geo_lookup to storage/output/geo_lookup.json
2025-09-10 16:50:03,621 - INFO - 💾 Saved: storage/output/company-joint-venture.xlsx
2025-09-10 16:50:18,836 - INFO - 💾 Saved geo_lookup to storage/output/geo_lookup.json
2025-09-10 16:50:19,932 - INFO - 💾 Saved: storage/output/investment-funds-factory.xlsx
2025-09-10 16:50:20,093 - INFO - Capacity rows: 582 | failed: 34 (5.8%)
2025-09-10 16:50:20,094 - INFO - normalization_case
normalize:fallback:keep-metric                                  180
normalize:already-clean:gigawatt                                145
normalize:already-clean:gigawatt hour                           137
normalize:vehicle:missing                                        56
fallback:missing-metric                                          34
normalize:already-clean:tonne                                     6
normalize:battery:module_pack:battery systems->gigawatt hour      5
normalize:battery:keyword:ev                                      4
normalize:battery:module_pack:battery modules->gigawatt hour      3
normalize:battery:module_pack:batteries->gigawatt hour            3
normalize:battery:energy-metric                                   3
normalize:battery:keyword:vehicle                                 2
normalize:battery:module_pack:battery packs->gigawatt hour        2
normalize:battery:keyword:car                                     1
normalize:battery:module_pack:unit->gigawatt hour                 1
2025-09-10 16:50:20,250 - INFO - 🫂 Grouping projects...
2025-09-10 16:50:20,250 - INFO - Processing: storage/output/factory-technological-clean-capacities.xlsx → storage/output/grouped-capacities.xlsx
2025-09-10 16:50:20,336 - INFO - Found 582 rows (EU only).
2025-09-10 16:50:20,338 - INFO - ⚠️ 144 rows lack an admin_group_key after applying per-country rules.
2025-09-10 16:50:20,338 - INFO - ⚠️ 62 entries without CITY are dropped.
2025-09-10 16:50:20,338 - INFO - Rows reduced to 520 after dropping missing city_key.
2025-09-10 16:50:20,339 - INFO - ⚠️ 82 entries without a geographic locator are dropped.
2025-09-10 16:50:20,339 - INFO - Rows reduced to 438 after dropping missing admin_group_key.
2025-09-10 16:50:20,339 - INFO - ⚠️ 42 entries without a normalised PRODUCT-LV1 are dropped.
2025-09-10 16:50:20,339 - INFO - Rows reduced to 396 after dropping missing product_lv1.
2025-09-10 16:50:20,339 - INFO - ⚠️ 186 total rows dropped due to missing required fields; 396 remain.
2025-09-10 16:50:20,339 - INFO - ⚠️ 144 entries without a normalised PRODUCT-LV2.
2025-09-10 16:50:20,339 - INFO - Unique owners before manual dict: 203
2025-09-10 16:50:20,340 - INFO - Unique owners after manual dict: 187
2025-09-10 16:50:20,341 - INFO - Applied site merges to 5 rows.
2025-09-10 16:50:23,134 - INFO - Overwrote inst_canon with JV labels for 29 rows
2025-09-10 16:50:23,194 - INFO - Saving filtered output to storage/output/grouped-capacities.xlsx
2025-09-10 16:50:23,195 - INFO - Processing: storage/output/factory_registry.xlsx → storage/output/grouped-factories.xlsx
2025-09-10 16:50:23,868 - INFO - Found 10719 rows (EU only).
2025-09-10 16:50:23,895 - INFO - ⚠️ 2508 rows lack an admin_group_key after applying per-country rules.
2025-09-10 16:50:23,895 - INFO - ⚠️ 36 entries without a normalised OWNER name are dropped.
2025-09-10 16:50:23,897 - INFO - Rows reduced to 10683 after dropping missing inst_canon.
2025-09-10 16:50:23,897 - INFO - ⚠️ 1217 entries without CITY are dropped.
2025-09-10 16:50:23,898 - INFO - Rows reduced to 9466 after dropping missing city_key.
2025-09-10 16:50:23,898 - INFO - ⚠️ 1287 entries without a geographic locator are dropped.
2025-09-10 16:50:23,899 - INFO - Rows reduced to 8179 after dropping missing admin_group_key.
2025-09-10 16:50:23,899 - INFO - ⚠️ 3830 entries without a normalised PRODUCT-LV1 are dropped.
2025-09-10 16:50:23,900 - INFO - Rows reduced to 4349 after dropping missing product_lv1.
2025-09-10 16:50:23,900 - INFO - ⚠️ 6370 total rows dropped due to missing required fields; 4349 remain.
2025-09-10 16:50:23,900 - INFO - ⚠️ 1960 entries without a normalised PRODUCT-LV2.
2025-09-10 16:50:23,900 - INFO - Unique owners before manual dict: 975
2025-09-10 16:50:23,901 - INFO - Unique owners after manual dict: 911
2025-09-10 16:50:23,915 - INFO - Applied site merges to 49 rows.
2025-09-10 16:50:26,214 - INFO - Overwrote inst_canon with JV labels for 231 rows
2025-09-10 16:50:26,772 - INFO - Saving filtered output to storage/output/grouped-factories.xlsx
2025-09-10 16:50:26,774 - INFO - Processing: storage/output/investment-funds-factory.xlsx → storage/output/grouped-investments.xlsx
2025-09-10 16:50:26,986 - INFO - Found 2373 rows (EU only).
2025-09-10 16:50:26,992 - INFO - ⚠️ 423 rows lack an admin_group_key after applying per-country rules.
2025-09-10 16:50:26,992 - INFO - ⚠️ 6 entries without a normalised OWNER name are dropped.
2025-09-10 16:50:26,993 - INFO - Rows reduced to 2367 after dropping missing inst_canon.
2025-09-10 16:50:26,993 - INFO - ⚠️ 173 entries without CITY are dropped.
2025-09-10 16:50:26,993 - INFO - Rows reduced to 2194 after dropping missing city_key.
2025-09-10 16:50:26,993 - INFO - ⚠️ 248 entries without a geographic locator are dropped.
2025-09-10 16:50:26,994 - INFO - Rows reduced to 1946 after dropping missing admin_group_key.
2025-09-10 16:50:26,994 - INFO - ⚠️ 860 entries without a normalised PRODUCT-LV1 are dropped.
2025-09-10 16:50:26,994 - INFO - Rows reduced to 1086 after dropping missing product_lv1.
2025-09-10 16:50:26,994 - INFO - ⚠️ 1287 total rows dropped due to missing required fields; 1086 remain.
2025-09-10 16:50:26,994 - INFO - ⚠️ 465 entries without a normalised PRODUCT-LV2.
2025-09-10 16:50:26,995 - INFO - Unique owners before manual dict: 351
2025-09-10 16:50:26,995 - INFO - Unique owners after manual dict: 319
2025-09-10 16:50:26,999 - INFO - Applied site merges to 6 rows.
2025-09-10 16:50:29,058 - INFO - Overwrote inst_canon with JV labels for 74 rows
2025-09-10 16:50:29,241 - INFO - Saving filtered output to storage/output/grouped-investments.xlsx
2025-09-10 16:50:29,242 - INFO - Total pipeline time: 1.25 minutes
