2025-08-21 23:16:46,354 - INFO - Updating mongo-metadata is set to False
2025-08-21 23:16:46,354 - INFO - 🗞️ Flattening articles...
2025-08-21 23:17:26,298 - INFO - 💾 Saved nodes to storage/output/all_nodes.xlsx
2025-08-21 23:17:26,298 - INFO - 💾 Saved relationships to storage/output/all_rels.xlsx
2025-08-21 23:17:26,381 - INFO - 🉑 Merging nodes and relationships...
2025-08-21 23:17:41,744 - INFO - 💾 Saved geo_lookup to storage/output/geo_lookup.json
2025-08-21 23:17:43,290 - INFO - 💾 Saved: storage/output/factory-technological.xlsx
2025-08-21 23:17:58,456 - INFO - 💾 Saved geo_lookup to storage/output/geo_lookup.json
2025-08-21 23:17:58,824 - INFO - 💾 Saved: storage/output/company-joint-venture.xlsx
2025-08-21 23:17:58,837 - INFO - Normalising capacities
2025-08-21 23:17:59,481 - INFO - Capacity rows: 2770 | failed: 230 (8.3%)
2025-08-21 23:17:59,482 - INFO - normalization_case
normalize:fallback:keep-metric                                  931
normalize:already-clean:gigawatt hour                           589
normalize:already-clean:gigawatt                                558
normalize:vehicle:missing                                       313
fallback:missing-metric                                         210
normalize:already-clean:tonne                                    81
normalize:invalid-input                                          20
normalize:battery:energy-metric                                  16
normalize:battery:module_pack:battery systems->gigawatt hour     15
normalize:battery:keyword:vehicle                                 9
normalize:battery:keyword:ev                                      8
normalize:battery:module_pack:battery modules->gigawatt hour      5
normalize:battery:module_pack:unit->gigawatt hour                 5
normalize:battery:module_pack:battery packs->gigawatt hour        5
normalize:battery:module_pack:batteries->gigawatt hour            4
normalize:battery:keyword:car                                     1
2025-08-21 23:18:00,220 - INFO - 🫂 Grouping projects...
2025-08-21 23:18:00,538 - INFO - Found 2770 rows:
2025-08-21 23:18:00,538 - INFO - ⚠️ 366 entries without CITY are dropped, rows reduced to 2404.
2025-08-21 23:18:00,539 - INFO - Missing counts: adm1            369
inst_canon        0
product_lv1     584
product_lv2    1165
dtype: int64
2025-08-21 23:18:00,539 - INFO - ⚠️  1234 rows dropped because of missing values; 1536 remain.
2025-08-21 23:18:00,540 - INFO - Unique owners before manual dict: 468
2025-08-21 23:18:00,540 - INFO - Unique owners after manual dict: 430
2025-08-21 23:18:02,326 - INFO - Saving filtered output to storage/output/filtered_projects.xlsx
2025-08-21 23:18:02,327 - INFO - 🏭 Importing facilities
2025-08-21 23:18:02,498 - INFO - 🗑️ Cleared existing facilities from MongoDB.
2025-08-21 23:18:02,651 - INFO - Saving a copy of facilities to Excel at storage/output/facilities.xlsx
2025-08-21 23:18:02,743 - INFO - Number of raw capacities - 1536
2025-08-21 23:18:02,743 - INFO - 📅 Unique capacities remaining after deduplication (keeping earliest date): 1062
2025-08-21 23:18:02,757 - WARNING - bbox missing required keys. Available: []
2025-08-21 23:18:05,424 - INFO - ✅ Inserted 603 facilities into MongoDB, with 1062 capacities.
2025-08-21 23:18:05,428 - INFO - 🧮 Determining phase summaries
2025-08-21 23:18:05,514 - INFO - 🚀 Starting summary updates for main, greenfield and expansion...
2025-08-21 23:18:09,077 - INFO - ✅ Updated summaries for 602 facilities.
2025-08-21 23:18:09,080 - INFO - Outputting clean capacities summary data
2025-08-21 23:18:10,012 - INFO - Total pipeline time: 1.39 minutes
