2025-08-22 23:30:58,072 - INFO - Updating mongo-metadata is set to False
2025-08-22 23:30:58,073 - INFO - 🗞️ Flattening articles...
2025-08-22 23:31:38,656 - INFO - 💾 Saved nodes to storage/output/all_nodes.xlsx
2025-08-22 23:31:38,656 - INFO - 💾 Saved relationships to storage/output/all_rels.xlsx
2025-08-22 23:31:38,738 - INFO - 🉑 Merging nodes and relationships...
2025-08-22 23:31:53,838 - INFO - 💾 Saved geo_lookup to storage/output/geo_lookup.json
2025-08-22 23:31:55,982 - INFO - 💾 Saved: storage/output/factory_registry.xlsx
2025-08-22 23:32:11,097 - INFO - 💾 Saved geo_lookup to storage/output/geo_lookup.json
2025-08-22 23:32:12,137 - INFO - 💾 Saved: storage/output/factory-technological.xlsx
2025-08-22 23:32:27,184 - INFO - 💾 Saved geo_lookup to storage/output/geo_lookup.json
2025-08-22 23:32:27,498 - INFO - 💾 Saved: storage/output/company-joint-venture.xlsx
2025-08-22 23:32:27,512 - INFO - Normalising capacities
2025-08-22 23:32:28,177 - INFO - Capacity rows: 2782 | failed: 223 (8.0%)
2025-08-22 23:32:28,177 - INFO - normalization_case
normalize:fallback:keep-metric                                  878
normalize:already-clean:gigawatt                                624
normalize:already-clean:gigawatt hour                           580
normalize:vehicle:missing                                       326
fallback:missing-metric                                         203
normalize:already-clean:tonne                                    82
normalize:invalid-input                                          20
normalize:battery:energy-metric                                  17
normalize:battery:module_pack:battery systems->gigawatt hour     15
normalize:battery:keyword:vehicle                                 9
normalize:battery:keyword:ev                                      8
normalize:battery:module_pack:battery modules->gigawatt hour      5
normalize:battery:module_pack:unit->gigawatt hour                 5
normalize:battery:module_pack:battery packs->gigawatt hour        5
normalize:battery:module_pack:batteries->gigawatt hour            4
normalize:battery:keyword:car                                     1
2025-08-22 23:32:28,978 - INFO - 🫂 Grouping projects...
2025-08-22 23:32:28,978 - INFO - Processing: storage/output/factory-technological-clean-capacities.xlsx → storage/output/grouped-capacities.xlsx
2025-08-22 23:32:29,331 - INFO - Found 2782 rows (EU only).
2025-08-22 23:32:29,341 - INFO - ⚠️ 742 rows lack an admin_group_key after applying per-country rules.
2025-08-22 23:32:29,342 - INFO - ⚠️ 366 entries without CITY are dropped.
2025-08-22 23:32:29,343 - INFO - Rows reduced to 2416 after dropping missing city_key.
2025-08-22 23:32:29,343 - INFO - ⚠️ 376 entries without ADM1 are dropped.
2025-08-22 23:32:29,344 - INFO - Rows reduced to 2040 after dropping missing adm1.
2025-08-22 23:32:29,344 - INFO - ⚠️ 389 entries without a normalised PRODUCT-LV1 are dropped.
2025-08-22 23:32:29,344 - INFO - Rows reduced to 1651 after dropping missing product_lv1.
2025-08-22 23:32:29,344 - INFO - ⚠️ 1131 total rows dropped due to missing required fields; 1651 remain.
2025-08-22 23:32:29,344 - INFO - ⚠️ 562 entries without a normalised PRODUCT-LV2.
2025-08-22 23:32:29,345 - INFO - Unique owners before manual dict: 514
2025-08-22 23:32:29,345 - INFO - Unique owners after manual dict: 475
2025-08-22 23:32:31,600 - INFO - Saving filtered output to storage/output/grouped-capacities.xlsx
2025-08-22 23:32:31,600 - INFO - Saving filtered output to storage/output/filtered_projects.xlsx
2025-08-22 23:32:31,602 - INFO - Processing: storage/output/factory_registry.xlsx → storage/output/grouped-factories.xlsx
2025-08-22 23:32:32,172 - INFO - Found 10410 rows (EU only).
2025-08-22 23:32:32,204 - INFO - ⚠️ 2488 rows lack an admin_group_key after applying per-country rules.
2025-08-22 23:32:32,206 - INFO - ⚠️ 1218 entries without CITY are dropped.
2025-08-22 23:32:32,207 - INFO - Rows reduced to 9192 after dropping missing city_key.
2025-08-22 23:32:32,208 - INFO - ⚠️ 1270 entries without ADM1 are dropped.
2025-08-22 23:32:32,209 - INFO - Rows reduced to 7922 after dropping missing adm1.
2025-08-22 23:32:32,209 - INFO - ⚠️ 3815 entries without a normalised PRODUCT-LV1 are dropped.
2025-08-22 23:32:32,210 - INFO - Rows reduced to 4107 after dropping missing product_lv1.
2025-08-22 23:32:32,210 - INFO - ⚠️ 6303 total rows dropped due to missing required fields; 4107 remain.
2025-08-22 23:32:32,210 - INFO - ⚠️ 1747 entries without a normalised PRODUCT-LV2.
2025-08-22 23:32:32,210 - INFO - Unique owners before manual dict: 939
2025-08-22 23:32:32,212 - INFO - Unique owners after manual dict: 898
2025-08-22 23:32:34,391 - INFO - Saving filtered output to storage/output/grouped-factories.xlsx
2025-08-22 23:32:34,391 - INFO - Saving filtered output to storage/output/filtered_projects.xlsx
2025-08-22 23:32:34,392 - INFO - 🏭 Importing facilities
2025-08-22 23:32:34,558 - INFO - 🗑️ Cleared existing facilities from MongoDB.
2025-08-22 23:32:35,338 - INFO - Saving a copy of facilities to Excel at storage/output/facilities.xlsx
2025-08-22 23:32:35,447 - INFO - Number of raw capacities - 1651
2025-08-22 23:32:35,447 - INFO - 📅 Unique capacities remaining after deduplication (keeping earliest date): 1136
2025-08-22 23:32:35,452 - WARNING - bbox missing required keys. Available: []
2025-08-22 23:32:39,001 - INFO - ✅ Inserted 647 facilities into MongoDB, with 1136 capacities.
2025-08-22 23:32:39,008 - INFO - 🧮 Determining phase summaries
2025-08-22 23:32:39,095 - INFO - 🚀 Starting summary updates for main, greenfield and expansion...
2025-08-22 23:32:42,299 - INFO - ✅ Updated summaries for 646 facilities.
2025-08-22 23:32:42,301 - INFO - Outputting clean capacities summary data
2025-08-22 23:32:43,415 - INFO - Total pipeline time: 1.76 minutes
