2025-08-22 19:31:45,567 - INFO - Updating mongo-metadata is set to False
2025-08-22 19:31:45,567 - INFO - 🗞️ Flattening articles...
2025-08-22 19:32:26,812 - INFO - 💾 Saved nodes to storage/output/all_nodes.xlsx
2025-08-22 19:32:26,812 - INFO - 💾 Saved relationships to storage/output/all_rels.xlsx
2025-08-22 19:32:26,897 - INFO - 🉑 Merging nodes and relationships...
2025-08-22 19:32:42,030 - INFO - 💾 Saved geo_lookup to storage/output/geo_lookup.json
2025-08-22 19:32:44,198 - INFO - 💾 Saved: storage/output/factory_registry.xlsx
2025-08-22 19:32:59,326 - INFO - 💾 Saved geo_lookup to storage/output/geo_lookup.json
2025-08-22 19:33:00,355 - INFO - 💾 Saved: storage/output/factory-technological.xlsx
2025-08-22 19:33:15,596 - INFO - 💾 Saved geo_lookup to storage/output/geo_lookup.json
2025-08-22 19:33:15,914 - INFO - 💾 Saved: storage/output/company-joint-venture.xlsx
2025-08-22 19:33:15,927 - INFO - Building joint ventures lookup
2025-08-22 19:33:15,927 - INFO - Normalising capacities
2025-08-22 19:33:16,589 - INFO - Capacity rows: 2782 | failed: 223 (8.0%)
2025-08-22 19:33:16,590 - INFO - normalization_case
normalize:fallback:keep-metric                                  878
normalize:already-clean:gigawatt                                624
normalize:already-clean:gigawatt hour                           580
normalize:vehicle:missing                                       326
fallback:missing-metric                                         203
normalize:already-clean:tonne                                    82
normalize:invalid-input                                          20
normalize:battery:energy-metric                                  17
normalize:battery:module_pack:battery systems->gigawatt hour     15
normalize:battery:keyword:vehicle                                 9
normalize:battery:keyword:ev                                      8
normalize:battery:module_pack:battery modules->gigawatt hour      5
normalize:battery:module_pack:unit->gigawatt hour                 5
normalize:battery:module_pack:battery packs->gigawatt hour        5
normalize:battery:module_pack:batteries->gigawatt hour            4
normalize:battery:keyword:car                                     1
2025-08-22 19:33:17,368 - INFO - 🫂 Grouping projects...
2025-08-22 19:33:17,727 - INFO - Found 2782 rows (EU only).
2025-08-22 19:33:17,728 - INFO - ⚠️ 366 entries without CITY are dropped.
2025-08-22 19:33:17,728 - INFO - Rows reduced to 2416 after dropping missing city_key.
2025-08-22 19:33:17,728 - INFO - ⚠️ 376 entries without ADM1 are dropped.
2025-08-22 19:33:17,729 - INFO - Rows reduced to 2040 after dropping missing adm1.
2025-08-22 19:33:17,729 - INFO - ⚠️ 389 entries without a normalised PRODUCT-LV1 are dropped.
2025-08-22 19:33:17,730 - INFO - Rows reduced to 1651 after dropping missing product_lv1.
2025-08-22 19:33:17,730 - INFO - ⚠️ 1131 total rows dropped due to missing required fields; 1651 remain.
2025-08-22 19:33:17,730 - INFO - ⚠️ 562 entries without a normalised PRODUCT-LV2.
2025-08-22 19:33:17,731 - INFO - Unique owners before manual dict: 514
2025-08-22 19:33:17,731 - INFO - Unique owners after manual dict: 476
2025-08-22 19:33:19,740 - INFO - Saving filtered output to storage/output/filtered_projects.xlsx
2025-08-22 19:33:19,741 - INFO - 🏭 Importing facilities
2025-08-22 19:33:19,912 - INFO - 🗑️ Cleared existing facilities from MongoDB.
2025-08-22 19:33:20,095 - INFO - Saving a copy of facilities to Excel at storage/output/facilities.xlsx
2025-08-22 19:33:20,203 - INFO - Number of raw capacities - 1651
2025-08-22 19:33:20,203 - INFO - 📅 Unique capacities remaining after deduplication (keeping earliest date): 1136
2025-08-22 19:33:20,219 - WARNING - bbox missing required keys. Available: []
2025-08-22 19:33:22,846 - INFO - ✅ Inserted 647 facilities into MongoDB, with 1136 capacities.
2025-08-22 19:33:22,851 - INFO - 🧮 Determining phase summaries
2025-08-22 19:33:22,928 - INFO - 🚀 Starting summary updates for main, greenfield and expansion...
2025-08-22 19:33:26,533 - INFO - ✅ Updated summaries for 646 facilities.
2025-08-22 19:33:26,535 - INFO - Outputting clean capacities summary data
2025-08-22 19:33:27,686 - INFO - Total pipeline time: 1.70 minutes
