2025-08-19 14:42:35,377 - INFO - Updating mongo-metadata is set to True
2025-08-19 14:42:35,377 - INFO - 🌎 Querying geonames...
2025-08-19 14:42:36,691 - INFO - 📦 Loaded 1519 existing (country, city_key) pairs from MongoDB.
2025-08-19 14:42:38,417 - INFO - 📰 Scanned 2000 article(s) with factory nodes.
2025-08-19 14:42:38,417 - INFO - 🧹 Identified 1174 new (country, city) pairs to query. Example three: [('United Kingdom', 'united_downs'), ('United Kingdom', 'whitby'), ('China', 'zhundong')]
2025-08-19 14:43:04,013 - WARNING - [GeoNames 19] the hourly limit of 1000 credits for benmcwilliams has been exceeded. Please throttle your requests or use the commercial service.
2025-08-19 14:43:04,165 - WARNING - [GeoNames 19] the hourly limit of 1000 credits for benmcwilliams has been exceeded. Please throttle your requests or use the commercial service.
2025-08-19 14:43:04,330 - WARNING - [GeoNames 19] the hourly limit of 1000 credits for benmcwilliams has been exceeded. Please throttle your requests or use the commercial service.
2025-08-19 14:43:04,466 - WARNING - [GeoNames 19] the hourly limit of 1000 credits for benmcwilliams has been exceeded. Please throttle your requests or use the commercial service.
2025-08-19 14:43:04,634 - WARNING - [GeoNames 19] the hourly limit of 1000 credits for benmcwilliams has been exceeded. Please throttle your requests or use the commercial service.
2025-08-19 14:43:04,798 - WARNING - [GeoNames 19] the hourly limit of 1000 credits for benmcwilliams has been exceeded. Please throttle your requests or use the commercial service.
2025-08-19 14:43:04,951 - WARNING - [GeoNames 19] the hourly limit of 1000 credits for benmcwilliams has been exceeded. Please throttle your requests or use the commercial service.
2025-08-19 14:43:05,100 - WARNING - [GeoNames 19] the hourly limit of 1000 credits for benmcwilliams has been exceeded. Please throttle your requests or use the commercial service.
2025-08-19 14:43:05,258 - WARNING - [GeoNames 19] the hourly limit of 1000 credits for benmcwilliams has been exceeded. Please throttle your requests or use the commercial service.
2025-08-19 14:43:05,415 - WARNING - [GeoNames 19] the hourly limit of 1000 credits for benmcwilliams has been exceeded. Please throttle your requests or use the commercial service.
2025-08-19 14:43:05,572 - WARNING - [GeoNames 19] the hourly limit of 1000 credits for benmcwilliams has been exceeded. Please throttle your requests or use the commercial service.
2025-08-19 14:43:05,707 - WARNING - [GeoNames 19] the hourly limit of 1000 credits for benmcwilliams has been exceeded. Please throttle your requests or use the commercial service.
2025-08-19 14:43:05,885 - WARNING - [GeoNames 19] the hourly limit of 1000 credits for benmcwilliams has been exceeded. Please throttle your requests or use the commercial service.
2025-08-19 14:43:06,037 - WARNING - [GeoNames 19] the hourly limit of 1000 credits for benmcwilliams has been exceeded. Please throttle your requests or use the commercial service.
2025-08-19 14:43:06,209 - WARNING - [GeoNames 19] the hourly limit of 1000 credits for benmcwilliams has been exceeded. Please throttle your requests or use the commercial service.
2025-08-19 14:43:06,338 - WARNING - [GeoNames 19] the hourly limit of 1000 credits for benmcwilliams has been exceeded. Please throttle your requests or use the commercial service.
