2025-09-23 23:33:44,117 - INFO - Updating mongo-metadata is set to False
2025-09-23 23:33:44,117 - INFO - 🗞️ Flattening articles...
2025-09-23 23:34:27,879 - INFO - 💾 Saved nodes to storage/output/all_nodes.xlsx
2025-09-23 23:34:27,879 - INFO - 💾 Saved relationships to storage/output/all_rels.xlsx
2025-09-23 23:34:27,964 - INFO - 🉑 Merging nodes and relationships...
2025-09-23 23:34:27,964 - INFO - - - - FACTORY_TECH_SPEC
2025-09-23 23:34:44,073 - INFO - 💾 Saved geo_lookup to storage/output/geo_lookup.json
2025-09-23 23:34:45,951 - INFO - 💾 Saved: storage/output/factory-technological.xlsx
2025-09-23 23:34:45,966 - INFO - - - - COMPANY_JV_SPEC
2025-09-23 23:35:01,668 - INFO - 💾 Saved geo_lookup to storage/output/geo_lookup.json
2025-09-23 23:35:02,015 - INFO - 💾 Saved: storage/output/company-joint-venture.xlsx
2025-09-23 23:35:02,029 - INFO - - - - INVESTMENT_FUNDS_SPEC
2025-09-23 23:35:17,867 - INFO - 💾 Saved geo_lookup to storage/output/geo_lookup.json
2025-09-23 23:35:18,906 - INFO - 💾 Saved: storage/output/investment-funds-factory.xlsx
2025-09-23 23:35:18,920 - INFO - 🏭 Building registry union (direct + capacity + investment)…
2025-09-23 23:35:34,650 - INFO - 💾 Saved geo_lookup to storage/output/geo_lookup.json
2025-09-23 23:35:51,416 - INFO - 💾 Saved geo_lookup to storage/output/geo_lookup.json
2025-09-23 23:36:08,285 - INFO - 💾 Saved geo_lookup to storage/output/geo_lookup.json
2025-09-23 23:36:09,840 - INFO - 💾 Saved registry union to storage/output/factory_registry.xlsx
2025-09-23 23:36:09,842 - INFO - Normalising capacities
2025-09-23 23:36:10,573 - INFO - Capacity rows: 2881 | failed: 251 (8.7%)
2025-09-23 23:36:10,574 - INFO - normalization_case
normalize:fallback:keep-metric                                  1293
normalize:already-clean:gigawatt hour                            598
normalize:vehicle:missing                                        339
normalize:already-clean:gigawatt                                 298
fallback:missing-metric                                          236
normalize:already-clean:tonne                                     32
normalize:battery:module_pack:battery systems->gigawatt hour      16
normalize:invalid-input                                           15
normalize:battery:energy-metric                                   15
normalize:battery:keyword:ev                                       9
normalize:battery:keyword:vehicle                                  8
normalize:battery:module_pack:batteries->gigawatt hour             5
normalize:battery:module_pack:battery modules->gigawatt hour       5
normalize:battery:module_pack:unit->gigawatt hour                  5
normalize:battery:module_pack:battery packs->gigawatt hour         5
normalize:battery:keyword:car                                      2
2025-09-23 23:36:11,393 - INFO - Normalising investments
2025-09-23 23:36:17,401 - INFO - 🫂 Grouping projects...
2025-09-23 23:36:17,401 - INFO - Processing: storage/output/factory-technological-clean-capacities-investments.xlsx → storage/output/grouped-capacities.xlsx
2025-09-23 23:36:17,891 - INFO - Found 2881 rows (EU only).
2025-09-23 23:36:17,902 - INFO - ⚠️ 757 rows lack an admin_group_key after applying per-country rules.
2025-09-23 23:36:17,902 - INFO - ⚠️ 29 entries without a normalised OWNER name are dropped.
2025-09-23 23:36:17,903 - INFO - Rows reduced to 2852 after dropping missing inst_canon.
2025-09-23 23:36:17,903 - INFO - ⚠️ 369 entries without CITY are dropped.
2025-09-23 23:36:17,904 - INFO - Rows reduced to 2483 after dropping missing city_key.
2025-09-23 23:36:17,904 - INFO - ⚠️ 383 entries without a geographic locator are dropped.
2025-09-23 23:36:17,905 - INFO - Rows reduced to 2100 after dropping missing admin_group_key.
2025-09-23 23:36:17,905 - INFO - ⚠️ 347 entries without a normalised PRODUCT-LV1 are dropped.
2025-09-23 23:36:17,906 - INFO - Rows reduced to 1753 after dropping missing product_lv1.
2025-09-23 23:36:17,906 - INFO - ⚠️ 1128 total rows dropped due to missing required fields; 1753 remain.
2025-09-23 23:36:17,906 - INFO - ⚠️ 617 entries without a normalised PRODUCT-LV2.
2025-09-23 23:36:17,906 - INFO - Unique owners before manual dict: 542
2025-09-23 23:36:17,906 - INFO - Unique owners after manual dict: 491
2025-09-23 23:36:17,913 - INFO - Applied site merges to 21 rows.
2025-09-23 23:36:19,623 - INFO - Overwrote inst_canon with JV labels for 124 rows
