2025-08-21 23:08:46,903 - INFO - Updating mongo-metadata is set to False
2025-08-21 23:08:46,903 - INFO - 🗞️ Flattening articles...
2025-08-21 23:09:24,007 - INFO - 💾 Saved nodes to storage/output/all_nodes.xlsx
2025-08-21 23:09:24,007 - INFO - 💾 Saved relationships to storage/output/all_rels.xlsx
2025-08-21 23:09:24,091 - INFO - 🉑 Merging nodes and relationships...
2025-08-21 23:09:39,265 - INFO - 💾 Saved geo_lookup to storage/output/geo_lookup.json
2025-08-21 23:09:40,783 - INFO - 💾 Saved: storage/output/factory-technological.xlsx
2025-08-21 23:09:56,139 - INFO - 💾 Saved geo_lookup to storage/output/geo_lookup.json
2025-08-21 23:09:56,508 - INFO - 💾 Saved: storage/output/company-joint-venture.xlsx
2025-08-21 23:09:56,521 - INFO - Normalising capacities
2025-08-21 23:09:57,154 - INFO - Capacity rows: 2770 | failed: 230 (8.3%)
2025-08-21 23:09:57,156 - INFO - normalization_case
normalize:fallback:keep-metric                                  931
normalize:already-clean:gigawatt hour                           589
normalize:already-clean:gigawatt                                558
normalize:vehicle:missing                                       313
fallback:missing-metric                                         210
normalize:already-clean:tonne                                    81
normalize:invalid-input                                          20
normalize:battery:energy-metric                                  16
normalize:battery:module_pack:battery systems->gigawatt hour     15
normalize:battery:keyword:vehicle                                 9
normalize:battery:keyword:ev                                      8
normalize:battery:module_pack:battery modules->gigawatt hour      5
normalize:battery:module_pack:unit->gigawatt hour                 5
normalize:battery:module_pack:battery packs->gigawatt hour        5
normalize:battery:module_pack:batteries->gigawatt hour            4
normalize:battery:keyword:car                                     1
2025-08-21 23:09:57,886 - INFO - 🫂 Grouping projects...
2025-08-21 23:09:58,202 - INFO - Found 2770 rows:
2025-08-21 23:09:58,203 - INFO - ⚠️ 366 entries without CITY are dropped, rows reduced to 2404.
2025-08-21 23:09:58,203 - INFO - Missing counts: adm1            369
inst_canon        0
product_lv1     584
product_lv2    1165
dtype: int64
2025-08-21 23:09:58,204 - INFO - ⚠️  1234 rows dropped because of missing values; 1536 remain.
2025-08-21 23:09:58,204 - INFO - Unique owners before manual dict: 468
2025-08-21 23:09:58,204 - INFO - Unique owners after manual dict: 430
2025-08-21 23:09:59,973 - INFO - Saving filtered output to storage/output/filtered_projects.xlsx
2025-08-21 23:09:59,974 - INFO - 🏭 Importing facilities
2025-08-21 23:10:00,152 - INFO - 🗑️ Cleared existing facilities from MongoDB.
2025-08-21 23:10:00,304 - INFO - Saving a copy of facilities to Excel at storage/output/facilities.xlsx
2025-08-21 23:10:00,398 - INFO - Number of raw capacities - 1536
2025-08-21 23:10:00,398 - INFO - 📅 Unique capacities remaining after deduplication (keeping earliest date): 1062
2025-08-21 23:10:00,412 - WARNING - bbox missing required keys. Available: []
2025-08-21 23:10:03,854 - INFO - ✅ Inserted 603 facilities into MongoDB, with 1062 capacities.
2025-08-21 23:10:03,859 - INFO - 🧮 Determining phase summaries
2025-08-21 23:10:03,941 - INFO - 🚀 Starting summary updates for main, greenfield and expansion...
2025-08-21 23:10:07,357 - INFO - ✅ Updated summaries for 602 facilities.
2025-08-21 23:10:07,359 - INFO - Outputting clean capacities summary data
2025-08-21 23:10:08,292 - INFO - Total pipeline time: 1.36 minutes
