2025-08-22 17:31:11,392 - INFO - Updating mongo-metadata is set to False
2025-08-22 17:31:11,392 - INFO - 🫂 Grouping projects...
2025-08-22 17:31:11,771 - INFO - Found 2782 rows (EU only).
2025-08-22 17:31:11,772 - INFO - ⚠️ 366 entries without CITY are dropped.
2025-08-22 17:31:11,773 - INFO - Rows reduced to 2416 after dropping missing city_key.
2025-08-22 17:31:11,773 - INFO - ⚠️ 376 entries without ADM1 are dropped.
2025-08-22 17:31:11,774 - INFO - Rows reduced to 2040 after dropping missing adm1.
2025-08-22 17:31:11,774 - INFO - ⚠️ 480 entries without a normalised PRODUCT-LV1 are dropped.
2025-08-22 17:31:11,775 - INFO - Rows reduced to 1560 after dropping missing product_lv1.
2025-08-22 17:31:11,775 - INFO - ⚠️ 1222 total rows dropped due to missing required fields; 1560 remain.
2025-08-22 17:31:11,775 - INFO - ⚠️ 512 entries without a normalised PRODUCT-LV2.
2025-08-22 17:31:11,775 - INFO - Unique owners before manual dict: 481
2025-08-22 17:31:11,776 - INFO - Unique owners after manual dict: 443
2025-08-22 17:31:14,812 - INFO - Saving filtered output to storage/output/filtered_projects.xlsx
2025-08-22 17:31:14,813 - INFO - 🏭 Importing facilities
2025-08-22 17:31:14,978 - INFO - 🗑️ Cleared existing facilities from MongoDB.
2025-08-22 17:31:15,156 - INFO - Saving a copy of facilities to Excel at storage/output/facilities.xlsx
2025-08-22 17:31:15,270 - INFO - Number of raw capacities - 1560
2025-08-22 17:31:15,270 - INFO - 📅 Unique capacities remaining after deduplication (keeping earliest date): 1066
2025-08-22 17:31:15,283 - WARNING - bbox missing required keys. Available: []
2025-08-22 17:31:18,777 - INFO - ✅ Inserted 599 facilities into MongoDB, with 1066 capacities.
2025-08-22 17:31:18,781 - INFO - 🧮 Determining phase summaries
2025-08-22 17:31:18,862 - INFO - 🚀 Starting summary updates for main, greenfield and expansion...
2025-08-22 17:31:22,386 - INFO - ✅ Updated summaries for 598 facilities.
2025-08-22 17:31:22,387 - INFO - Outputting clean capacities summary data
2025-08-22 17:31:23,394 - INFO - Total pipeline time: 0.20 minutes
