2025-08-19 16:05:01,185 - INFO - Updating mongo-metadata is set to True
2025-08-19 16:05:01,185 - INFO - 🌎 Querying geonames...
2025-08-19 16:05:02,318 - INFO - 📦 Loaded 1546 existing (country, city_key) pairs from MongoDB.
2025-08-19 16:05:03,122 - INFO - 📰 Scanned 2000 article(s) with factory nodes.
2025-08-19 16:05:03,122 - INFO - 🧹 Identified 1212 new (country, city) pairs to query. Example three: [('United Kingdom', 'cockenzie'), ('Poland', 'lubiatowokopalino'), ('United States', 'oswego')]
2025-08-19 16:06:25,033 - WARNING - [GeoNames 19] the hourly limit of 1000 credits for chiarastrama has been exceeded. Please throttle your requests or use the commercial service.
2025-08-19 16:06:25,190 - WARNING - [GeoNames 19] the hourly limit of 1000 credits for chiarastrama has been exceeded. Please throttle your requests or use the commercial service.
2025-08-19 16:06:25,335 - WARNING - [GeoNames 19] the hourly limit of 1000 credits for chiarastrama has been exceeded. Please throttle your requests or use the commercial service.
2025-08-19 16:06:25,502 - WARNING - [GeoNames 19] the hourly limit of 1000 credits for chiarastrama has been exceeded. Please throttle your requests or use the commercial service.
2025-08-19 16:06:25,649 - WARNING - [GeoNames 19] the hourly limit of 1000 credits for chiarastrama has been exceeded. Please throttle your requests or use the commercial service.
2025-08-19 16:06:25,815 - WARNING - [GeoNames 19] the hourly limit of 1000 credits for chiarastrama has been exceeded. Please throttle your requests or use the commercial service.
2025-08-19 16:06:25,981 - WARNING - [GeoNames 19] the hourly limit of 1000 credits for chiarastrama has been exceeded. Please throttle your requests or use the commercial service.
2025-08-19 16:06:26,145 - WARNING - [GeoNames 19] the hourly limit of 1000 credits for chiarastrama has been exceeded. Please throttle your requests or use the commercial service.
2025-08-19 16:06:26,298 - WARNING - [GeoNames 19] the hourly limit of 1000 credits for chiarastrama has been exceeded. Please throttle your requests or use the commercial service.
2025-08-19 16:06:26,478 - WARNING - [GeoNames 19] the hourly limit of 1000 credits for chiarastrama has been exceeded. Please throttle your requests or use the commercial service.
2025-08-19 16:06:26,663 - WARNING - [GeoNames 19] the hourly limit of 1000 credits for chiarastrama has been exceeded. Please throttle your requests or use the commercial service.
2025-08-19 16:06:26,824 - WARNING - [GeoNames 19] the hourly limit of 1000 credits for chiarastrama has been exceeded. Please throttle your requests or use the commercial service.
2025-08-19 16:06:27,008 - WARNING - [GeoNames 19] the hourly limit of 1000 credits for chiarastrama has been exceeded. Please throttle your requests or use the commercial service.
2025-08-19 16:06:27,166 - WARNING - [GeoNames 19] the hourly limit of 1000 credits for chiarastrama has been exceeded. Please throttle your requests or use the commercial service.
2025-08-19 16:06:27,317 - WARNING - [GeoNames 19] the hourly limit of 1000 credits for chiarastrama has been exceeded. Please throttle your requests or use the commercial service.
2025-08-19 16:06:27,486 - WARNING - [GeoNames 19] the hourly limit of 1000 credits for chiarastrama has been exceeded. Please throttle your requests or use the commercial service.
2025-08-19 16:06:27,655 - WARNING - [GeoNames 19] the hourly limit of 1000 credits for chiarastrama has been exceeded. Please throttle your requests or use the commercial service.
2025-08-19 16:06:27,828 - WARNING - [GeoNames 19] the hourly limit of 1000 credits for chiarastrama has been exceeded. Please throttle your requests or use the commercial service.
2025-08-19 16:06:28,004 - WARNING - [GeoNames 19] the hourly limit of 1000 credits for chiarastrama has been exceeded. Please throttle your requests or use the commercial service.
2025-08-19 16:06:28,181 - WARNING - [GeoNames 19] the hourly limit of 1000 credits for chiarastrama has been exceeded. Please throttle your requests or use the commercial service.
2025-08-19 16:06:28,340 - WARNING - [GeoNames 19] the hourly limit of 1000 credits for chiarastrama has been exceeded. Please throttle your requests or use the commercial service.
2025-08-19 16:06:28,515 - WARNING - [GeoNames 19] the hourly limit of 1000 credits for chiarastrama has been exceeded. Please throttle your requests or use the commercial service.
2025-08-19 16:06:28,663 - WARNING - [GeoNames 19] the hourly limit of 1000 credits for chiarastrama has been exceeded. Please throttle your requests or use the commercial service.
2025-08-19 16:06:28,812 - WARNING - [GeoNames 19] the hourly limit of 1000 credits for chiarastrama has been exceeded. Please throttle your requests or use the commercial service.
2025-08-19 16:06:28,963 - WARNING - [GeoNames 19] the hourly limit of 1000 credits for chiarastrama has been exceeded. Please throttle your requests or use the commercial service.
2025-08-19 16:06:29,126 - WARNING - [GeoNames 19] the hourly limit of 1000 credits for chiarastrama has been exceeded. Please throttle your requests or use the commercial service.
2025-08-19 16:06:29,294 - WARNING - [GeoNames 19] the hourly limit of 1000 credits for chiarastrama has been exceeded. Please throttle your requests or use the commercial service.
2025-08-19 16:06:29,459 - WARNING - [GeoNames 19] the hourly limit of 1000 credits for chiarastrama has been exceeded. Please throttle your requests or use the commercial service.
2025-08-19 16:06:29,607 - WARNING - [GeoNames 19] the hourly limit of 1000 credits for chiarastrama has been exceeded. Please throttle your requests or use the commercial service.
2025-08-19 16:06:29,761 - WARNING - [GeoNames 19] the hourly limit of 1000 credits for chiarastrama has been exceeded. Please throttle your requests or use the commercial service.
2025-08-19 16:06:29,935 - WARNING - [GeoNames 19] the hourly limit of 1000 credits for chiarastrama has been exceeded. Please throttle your requests or use the commercial service.
2025-08-19 16:06:30,091 - WARNING - [GeoNames 19] the hourly limit of 1000 credits for chiarastrama has been exceeded. Please throttle your requests or use the commercial service.
2025-08-19 16:06:30,251 - WARNING - [GeoNames 19] the hourly limit of 1000 credits for chiarastrama has been exceeded. Please throttle your requests or use the commercial service.
2025-08-19 16:06:30,424 - WARNING - [GeoNames 19] the hourly limit of 1000 credits for chiarastrama has been exceeded. Please throttle your requests or use the commercial service.
2025-08-19 16:06:30,596 - WARNING - [GeoNames 19] the hourly limit of 1000 credits for chiarastrama has been exceeded. Please throttle your requests or use the commercial service.
2025-08-19 16:06:30,753 - WARNING - [GeoNames 19] the hourly limit of 1000 credits for chiarastrama has been exceeded. Please throttle your requests or use the commercial service.
2025-08-19 16:06:30,908 - WARNING - [GeoNames 19] the hourly limit of 1000 credits for chiarastrama has been exceeded. Please throttle your requests or use the commercial service.
2025-08-19 16:06:31,070 - WARNING - [GeoNames 19] the hourly limit of 1000 credits for chiarastrama has been exceeded. Please throttle your requests or use the commercial service.
2025-08-19 16:06:31,194 - WARNING - [GeoNames 19] the hourly limit of 1000 credits for chiarastrama has been exceeded. Please throttle your requests or use the commercial service.
2025-08-19 16:06:31,336 - WARNING - [GeoNames 19] the hourly limit of 1000 credits for chiarastrama has been exceeded. Please throttle your requests or use the commercial service.
2025-08-19 16:06:31,484 - WARNING - [GeoNames 19] the hourly limit of 1000 credits for chiarastrama has been exceeded. Please throttle your requests or use the commercial service.
2025-08-19 16:06:31,636 - WARNING - [GeoNames 19] the hourly limit of 1000 credits for chiarastrama has been exceeded. Please throttle your requests or use the commercial service.
2025-08-19 16:06:31,777 - WARNING - [GeoNames 19] the hourly limit of 1000 credits for chiarastrama has been exceeded. Please throttle your requests or use the commercial service.
2025-08-19 16:06:31,912 - WARNING - [GeoNames 19] the hourly limit of 1000 credits for chiarastrama has been exceeded. Please throttle your requests or use the commercial service.
2025-08-19 16:06:32,082 - WARNING - [GeoNames 19] the hourly limit of 1000 credits for chiarastrama has been exceeded. Please throttle your requests or use the commercial service.
2025-08-19 16:06:32,235 - WARNING - [GeoNames 19] the hourly limit of 1000 credits for chiarastrama has been exceeded. Please throttle your requests or use the commercial service.
2025-08-19 16:06:32,391 - WARNING - [GeoNames 19] the hourly limit of 1000 credits for chiarastrama has been exceeded. Please throttle your requests or use the commercial service.
2025-08-19 16:06:32,543 - WARNING - [GeoNames 19] the hourly limit of 1000 credits for chiarastrama has been exceeded. Please throttle your requests or use the commercial service.
2025-08-19 16:06:32,688 - WARNING - [GeoNames 19] the hourly limit of 1000 credits for chiarastrama has been exceeded. Please throttle your requests or use the commercial service.
2025-08-19 16:06:32,828 - WARNING - [GeoNames 19] the hourly limit of 1000 credits for chiarastrama has been exceeded. Please throttle your requests or use the commercial service.
2025-08-19 16:06:32,956 - WARNING - [GeoNames 19] the hourly limit of 1000 credits for chiarastrama has been exceeded. Please throttle your requests or use the commercial service.
2025-08-19 16:06:33,106 - WARNING - [GeoNames 19] the hourly limit of 1000 credits for chiarastrama has been exceeded. Please throttle your requests or use the commercial service.
2025-08-19 16:06:33,256 - WARNING - [GeoNames 19] the hourly limit of 1000 credits for chiarastrama has been exceeded. Please throttle your requests or use the commercial service.
2025-08-19 16:06:33,423 - WARNING - [GeoNames 19] the hourly limit of 1000 credits for chiarastrama has been exceeded. Please throttle your requests or use the commercial service.
2025-08-19 16:06:33,568 - WARNING - [GeoNames 19] the hourly limit of 1000 credits for chiarastrama has been exceeded. Please throttle your requests or use the commercial service.
2025-08-19 16:06:33,738 - WARNING - [GeoNames 19] the hourly limit of 1000 credits for chiarastrama has been exceeded. Please throttle your requests or use the commercial service.
2025-08-19 16:06:33,886 - WARNING - [GeoNames 19] the hourly limit of 1000 credits for chiarastrama has been exceeded. Please throttle your requests or use the commercial service.
2025-08-19 16:06:34,077 - WARNING - [GeoNames 19] the hourly limit of 1000 credits for chiarastrama has been exceeded. Please throttle your requests or use the commercial service.
2025-08-19 16:06:34,233 - WARNING - [GeoNames 19] the hourly limit of 1000 credits for chiarastrama has been exceeded. Please throttle your requests or use the commercial service.
2025-08-19 16:06:34,403 - WARNING - [GeoNames 19] the hourly limit of 1000 credits for chiarastrama has been exceeded. Please throttle your requests or use the commercial service.
2025-08-19 16:06:34,568 - WARNING - [GeoNames 19] the hourly limit of 1000 credits for chiarastrama has been exceeded. Please throttle your requests or use the commercial service.
2025-08-19 16:06:34,696 - WARNING - [GeoNames 19] the hourly limit of 1000 credits for chiarastrama has been exceeded. Please throttle your requests or use the commercial service.
2025-08-19 16:06:34,828 - WARNING - [GeoNames 19] the hourly limit of 1000 credits for chiarastrama has been exceeded. Please throttle your requests or use the commercial service.
2025-08-19 16:06:34,989 - WARNING - [GeoNames 19] the hourly limit of 1000 credits for chiarastrama has been exceeded. Please throttle your requests or use the commercial service.
2025-08-19 16:06:35,122 - WARNING - [GeoNames 19] the hourly limit of 1000 credits for chiarastrama has been exceeded. Please throttle your requests or use the commercial service.
2025-08-19 16:06:35,301 - WARNING - [GeoNames 19] the hourly limit of 1000 credits for chiarastrama has been exceeded. Please throttle your requests or use the commercial service.
2025-08-19 16:06:35,471 - WARNING - [GeoNames 19] the hourly limit of 1000 credits for chiarastrama has been exceeded. Please throttle your requests or use the commercial service.
2025-08-19 16:06:35,628 - WARNING - [GeoNames 19] the hourly limit of 1000 credits for chiarastrama has been exceeded. Please throttle your requests or use the commercial service.
2025-08-19 16:06:35,808 - WARNING - [GeoNames 19] the hourly limit of 1000 credits for chiarastrama has been exceeded. Please throttle your requests or use the commercial service.
2025-08-19 16:06:35,945 - WARNING - [GeoNames 19] the hourly limit of 1000 credits for chiarastrama has been exceeded. Please throttle your requests or use the commercial service.
2025-08-19 16:06:36,108 - WARNING - [GeoNames 19] the hourly limit of 1000 credits for chiarastrama has been exceeded. Please throttle your requests or use the commercial service.
2025-08-19 16:06:36,240 - WARNING - [GeoNames 19] the hourly limit of 1000 credits for chiarastrama has been exceeded. Please throttle your requests or use the commercial service.
2025-08-19 16:06:36,385 - WARNING - [GeoNames 19] the hourly limit of 1000 credits for chiarastrama has been exceeded. Please throttle your requests or use the commercial service.
2025-08-19 16:06:36,547 - WARNING - [GeoNames 19] the hourly limit of 1000 credits for chiarastrama has been exceeded. Please throttle your requests or use the commercial service.
2025-08-19 16:06:36,768 - WARNING - [GeoNames 19] the hourly limit of 1000 credits for chiarastrama has been exceeded. Please throttle your requests or use the commercial service.
2025-08-19 16:06:36,921 - WARNING - [GeoNames 19] the hourly limit of 1000 credits for chiarastrama has been exceeded. Please throttle your requests or use the commercial service.
2025-08-19 16:06:37,086 - WARNING - [GeoNames 19] the hourly limit of 1000 credits for chiarastrama has been exceeded. Please throttle your requests or use the commercial service.
2025-08-19 16:06:37,257 - WARNING - [GeoNames 19] the hourly limit of 1000 credits for chiarastrama has been exceeded. Please throttle your requests or use the commercial service.
2025-08-19 16:06:37,408 - WARNING - [GeoNames 19] the hourly limit of 1000 credits for chiarastrama has been exceeded. Please throttle your requests or use the commercial service.
2025-08-19 16:06:37,593 - WARNING - [GeoNames 19] the hourly limit of 1000 credits for chiarastrama has been exceeded. Please throttle your requests or use the commercial service.
2025-08-19 16:06:37,779 - WARNING - [GeoNames 19] the hourly limit of 1000 credits for chiarastrama has been exceeded. Please throttle your requests or use the commercial service.
2025-08-19 16:06:37,925 - WARNING - [GeoNames 19] the hourly limit of 1000 credits for chiarastrama has been exceeded. Please throttle your requests or use the commercial service.
2025-08-19 16:06:38,076 - WARNING - [GeoNames 19] the hourly limit of 1000 credits for chiarastrama has been exceeded. Please throttle your requests or use the commercial service.
2025-08-19 16:06:38,235 - WARNING - [GeoNames 19] the hourly limit of 1000 credits for chiarastrama has been exceeded. Please throttle your requests or use the commercial service.
2025-08-19 16:06:38,393 - WARNING - [GeoNames 19] the hourly limit of 1000 credits for chiarastrama has been exceeded. Please throttle your requests or use the commercial service.
2025-08-19 16:06:38,561 - WARNING - [GeoNames 19] the hourly limit of 1000 credits for chiarastrama has been exceeded. Please throttle your requests or use the commercial service.
2025-08-19 16:06:38,736 - WARNING - [GeoNames 19] the hourly limit of 1000 credits for chiarastrama has been exceeded. Please throttle your requests or use the commercial service.
2025-08-19 16:06:38,910 - WARNING - [GeoNames 19] the hourly limit of 1000 credits for chiarastrama has been exceeded. Please throttle your requests or use the commercial service.
2025-08-19 16:06:39,076 - WARNING - [GeoNames 19] the hourly limit of 1000 credits for chiarastrama has been exceeded. Please throttle your requests or use the commercial service.
2025-08-19 16:06:39,236 - WARNING - [GeoNames 19] the hourly limit of 1000 credits for chiarastrama has been exceeded. Please throttle your requests or use the commercial service.
2025-08-19 16:06:39,381 - WARNING - [GeoNames 19] the hourly limit of 1000 credits for chiarastrama has been exceeded. Please throttle your requests or use the commercial service.
2025-08-19 16:06:39,527 - WARNING - [GeoNames 19] the hourly limit of 1000 credits for chiarastrama has been exceeded. Please throttle your requests or use the commercial service.
2025-08-19 16:06:39,686 - WARNING - [GeoNames 19] the hourly limit of 1000 credits for chiarastrama has been exceeded. Please throttle your requests or use the commercial service.
2025-08-19 16:06:39,845 - WARNING - [GeoNames 19] the hourly limit of 1000 credits for chiarastrama has been exceeded. Please throttle your requests or use the commercial service.
2025-08-19 16:06:40,001 - WARNING - [GeoNames 19] the hourly limit of 1000 credits for chiarastrama has been exceeded. Please throttle your requests or use the commercial service.
2025-08-19 16:06:40,175 - WARNING - [GeoNames 19] the hourly limit of 1000 credits for chiarastrama has been exceeded. Please throttle your requests or use the commercial service.
2025-08-19 16:06:40,333 - WARNING - [GeoNames 19] the hourly limit of 1000 credits for chiarastrama has been exceeded. Please throttle your requests or use the commercial service.
2025-08-19 16:06:40,508 - WARNING - [GeoNames 19] the hourly limit of 1000 credits for chiarastrama has been exceeded. Please throttle your requests or use the commercial service.
2025-08-19 16:06:40,672 - WARNING - [GeoNames 19] the hourly limit of 1000 credits for chiarastrama has been exceeded. Please throttle your requests or use the commercial service.
2025-08-19 16:06:40,826 - WARNING - [GeoNames 19] the hourly limit of 1000 credits for chiarastrama has been exceeded. Please throttle your requests or use the commercial service.
2025-08-19 16:06:40,960 - WARNING - [GeoNames 19] the hourly limit of 1000 credits for chiarastrama has been exceeded. Please throttle your requests or use the commercial service.
2025-08-19 16:06:41,110 - WARNING - [GeoNames 19] the hourly limit of 1000 credits for chiarastrama has been exceeded. Please throttle your requests or use the commercial service.
2025-08-19 16:06:41,289 - WARNING - [GeoNames 19] the hourly limit of 1000 credits for chiarastrama has been exceeded. Please throttle your requests or use the commercial service.
2025-08-19 16:06:41,449 - WARNING - [GeoNames 19] the hourly limit of 1000 credits for chiarastrama has been exceeded. Please throttle your requests or use the commercial service.
2025-08-19 16:06:41,612 - WARNING - [GeoNames 19] the hourly limit of 1000 credits for chiarastrama has been exceeded. Please throttle your requests or use the commercial service.
2025-08-19 16:06:41,776 - WARNING - [GeoNames 19] the hourly limit of 1000 credits for chiarastrama has been exceeded. Please throttle your requests or use the commercial service.
2025-08-19 16:06:41,923 - WARNING - [GeoNames 19] the hourly limit of 1000 credits for chiarastrama has been exceeded. Please throttle your requests or use the commercial service.
2025-08-19 16:06:42,084 - WARNING - [GeoNames 19] the hourly limit of 1000 credits for chiarastrama has been exceeded. Please throttle your requests or use the commercial service.
2025-08-19 16:06:42,235 - WARNING - [GeoNames 19] the hourly limit of 1000 credits for chiarastrama has been exceeded. Please throttle your requests or use the commercial service.
2025-08-19 16:06:42,388 - WARNING - [GeoNames 19] the hourly limit of 1000 credits for chiarastrama has been exceeded. Please throttle your requests or use the commercial service.
2025-08-19 16:06:42,528 - WARNING - [GeoNames 19] the hourly limit of 1000 credits for chiarastrama has been exceeded. Please throttle your requests or use the commercial service.
2025-08-19 16:06:42,682 - WARNING - [GeoNames 19] the hourly limit of 1000 credits for chiarastrama has been exceeded. Please throttle your requests or use the commercial service.
2025-08-19 16:06:42,856 - WARNING - [GeoNames 19] the hourly limit of 1000 credits for chiarastrama has been exceeded. Please throttle your requests or use the commercial service.
2025-08-19 16:06:43,025 - WARNING - [GeoNames 19] the hourly limit of 1000 credits for chiarastrama has been exceeded. Please throttle your requests or use the commercial service.
2025-08-19 16:06:43,204 - WARNING - [GeoNames 19] the hourly limit of 1000 credits for chiarastrama has been exceeded. Please throttle your requests or use the commercial service.
2025-08-19 16:06:43,386 - WARNING - [GeoNames 19] the hourly limit of 1000 credits for chiarastrama has been exceeded. Please throttle your requests or use the commercial service.
2025-08-19 16:06:43,547 - WARNING - [GeoNames 19] the hourly limit of 1000 credits for chiarastrama has been exceeded. Please throttle your requests or use the commercial service.
2025-08-19 16:06:43,705 - WARNING - [GeoNames 19] the hourly limit of 1000 credits for chiarastrama has been exceeded. Please throttle your requests or use the commercial service.
2025-08-19 16:06:43,876 - WARNING - [GeoNames 19] the hourly limit of 1000 credits for chiarastrama has been exceeded. Please throttle your requests or use the commercial service.
2025-08-19 16:06:44,016 - WARNING - [GeoNames 19] the hourly limit of 1000 credits for chiarastrama has been exceeded. Please throttle your requests or use the commercial service.
2025-08-19 16:06:44,159 - WARNING - [GeoNames 19] the hourly limit of 1000 credits for chiarastrama has been exceeded. Please throttle your requests or use the commercial service.
2025-08-19 16:06:44,306 - WARNING - [GeoNames 19] the hourly limit of 1000 credits for chiarastrama has been exceeded. Please throttle your requests or use the commercial service.
2025-08-19 16:06:44,438 - WARNING - [GeoNames 19] the hourly limit of 1000 credits for chiarastrama has been exceeded. Please throttle your requests or use the commercial service.
2025-08-19 16:06:44,611 - WARNING - [GeoNames 19] the hourly limit of 1000 credits for chiarastrama has been exceeded. Please throttle your requests or use the commercial service.
2025-08-19 16:06:44,768 - WARNING - [GeoNames 19] the hourly limit of 1000 credits for chiarastrama has been exceeded. Please throttle your requests or use the commercial service.
2025-08-19 16:06:44,965 - WARNING - [GeoNames 19] the hourly limit of 1000 credits for chiarastrama has been exceeded. Please throttle your requests or use the commercial service.
2025-08-19 16:06:45,131 - WARNING - [GeoNames 19] the hourly limit of 1000 credits for chiarastrama has been exceeded. Please throttle your requests or use the commercial service.
2025-08-19 16:06:45,290 - WARNING - [GeoNames 19] the hourly limit of 1000 credits for chiarastrama has been exceeded. Please throttle your requests or use the commercial service.
2025-08-19 16:06:45,441 - WARNING - [GeoNames 19] the hourly limit of 1000 credits for chiarastrama has been exceeded. Please throttle your requests or use the commercial service.
2025-08-19 16:06:45,581 - WARNING - [GeoNames 19] the hourly limit of 1000 credits for chiarastrama has been exceeded. Please throttle your requests or use the commercial service.
2025-08-19 16:06:45,716 - WARNING - [GeoNames 19] the hourly limit of 1000 credits for chiarastrama has been exceeded. Please throttle your requests or use the commercial service.
2025-08-19 16:06:45,852 - WARNING - [GeoNames 19] the hourly limit of 1000 credits for chiarastrama has been exceeded. Please throttle your requests or use the commercial service.
2025-08-19 16:06:45,984 - WARNING - [GeoNames 19] the hourly limit of 1000 credits for chiarastrama has been exceeded. Please throttle your requests or use the commercial service.
2025-08-19 16:06:46,125 - WARNING - [GeoNames 19] the hourly limit of 1000 credits for chiarastrama has been exceeded. Please throttle your requests or use the commercial service.
2025-08-19 16:06:48,816 - INFO - ✅ Geonames MongoDB updated. Inserted: 0 fresh documents, Modified: 376 documents.
2025-08-19 16:06:48,821 - INFO - Total pipeline time: 1.79 minutes
