2025-08-22 22:38:58,085 - INFO - Updating mongo-metadata is set to False
2025-08-22 22:38:58,085 - INFO - 🗞️ Flattening articles...
2025-08-22 22:39:37,502 - INFO - 💾 Saved nodes to storage/output/all_nodes.xlsx
2025-08-22 22:39:37,502 - INFO - 💾 Saved relationships to storage/output/all_rels.xlsx
2025-08-22 22:39:37,585 - INFO - 🉑 Merging nodes and relationships...
2025-08-22 22:39:52,649 - INFO - 💾 Saved geo_lookup to storage/output/geo_lookup.json
2025-08-22 22:39:54,754 - INFO - 💾 Saved: storage/output/factory_registry.xlsx
2025-08-22 22:40:09,793 - INFO - 💾 Saved geo_lookup to storage/output/geo_lookup.json
2025-08-22 22:40:10,818 - INFO - 💾 Saved: storage/output/factory-technological.xlsx
2025-08-22 22:40:25,913 - INFO - 💾 Saved geo_lookup to storage/output/geo_lookup.json
2025-08-22 22:40:26,227 - INFO - 💾 Saved: storage/output/company-joint-venture.xlsx
2025-08-22 22:40:26,240 - INFO - Normalising capacities
2025-08-22 22:40:26,894 - INFO - Capacity rows: 2782 | failed: 223 (8.0%)
2025-08-22 22:40:26,895 - INFO - normalization_case
normalize:fallback:keep-metric                                  878
normalize:already-clean:gigawatt                                624
normalize:already-clean:gigawatt hour                           580
normalize:vehicle:missing                                       326
fallback:missing-metric                                         203
normalize:already-clean:tonne                                    82
normalize:invalid-input                                          20
normalize:battery:energy-metric                                  17
normalize:battery:module_pack:battery systems->gigawatt hour     15
normalize:battery:keyword:vehicle                                 9
normalize:battery:keyword:ev                                      8
normalize:battery:module_pack:battery modules->gigawatt hour      5
normalize:battery:module_pack:unit->gigawatt hour                 5
normalize:battery:module_pack:battery packs->gigawatt hour        5
normalize:battery:module_pack:batteries->gigawatt hour            4
normalize:battery:keyword:car                                     1
2025-08-22 22:40:27,665 - INFO - 🫂 Grouping projects...
2025-08-22 22:40:27,665 - INFO - Processing: storage/output/factory-technological-clean-capacities.xlsx → storage/output/grouped-capacities.xlsx
2025-08-22 22:40:28,007 - INFO - Found 2782 rows (EU only).
2025-08-22 22:40:28,008 - INFO - ⚠️ 366 entries without CITY are dropped.
2025-08-22 22:40:28,009 - INFO - Rows reduced to 2416 after dropping missing city_key.
2025-08-22 22:40:28,009 - INFO - ⚠️ 376 entries without ADM1 are dropped.
2025-08-22 22:40:28,010 - INFO - Rows reduced to 2040 after dropping missing adm1.
2025-08-22 22:40:28,010 - INFO - ⚠️ 389 entries without a normalised PRODUCT-LV1 are dropped.
2025-08-22 22:40:28,010 - INFO - Rows reduced to 1651 after dropping missing product_lv1.
2025-08-22 22:40:28,010 - INFO - ⚠️ 1131 total rows dropped due to missing required fields; 1651 remain.
2025-08-22 22:40:28,010 - INFO - ⚠️ 562 entries without a normalised PRODUCT-LV2.
2025-08-22 22:40:28,011 - INFO - Unique owners before manual dict: 514
2025-08-22 22:40:28,011 - INFO - Unique owners after manual dict: 475
2025-08-22 22:40:30,120 - INFO - Saving filtered output to storage/output/grouped-capacities.xlsx
2025-08-22 22:40:30,120 - INFO - Saving filtered output to storage/output/filtered_projects.xlsx
2025-08-22 22:40:30,121 - INFO - Processing: storage/output/factory_registry.xlsx → storage/output/grouped-factories.xlsx
2025-08-22 22:40:30,691 - INFO - Found 10410 rows (EU only).
2025-08-22 22:40:30,692 - INFO - ⚠️ 1218 entries without CITY are dropped.
2025-08-22 22:40:30,693 - INFO - Rows reduced to 9192 after dropping missing city_key.
2025-08-22 22:40:30,693 - INFO - ⚠️ 1270 entries without ADM1 are dropped.
2025-08-22 22:40:30,694 - INFO - Rows reduced to 7922 after dropping missing adm1.
2025-08-22 22:40:30,694 - INFO - ⚠️ 3815 entries without a normalised PRODUCT-LV1 are dropped.
2025-08-22 22:40:30,695 - INFO - Rows reduced to 4107 after dropping missing product_lv1.
2025-08-22 22:40:30,695 - INFO - ⚠️ 6303 total rows dropped due to missing required fields; 4107 remain.
2025-08-22 22:40:30,695 - INFO - ⚠️ 1747 entries without a normalised PRODUCT-LV2.
2025-08-22 22:40:30,695 - INFO - Unique owners before manual dict: 939
2025-08-22 22:40:30,696 - INFO - Unique owners after manual dict: 898
2025-08-22 22:40:33,003 - INFO - Saving filtered output to storage/output/grouped-factories.xlsx
2025-08-22 22:40:33,003 - INFO - Saving filtered output to storage/output/filtered_projects.xlsx
2025-08-22 22:40:33,005 - INFO - 🏭 Importing facilities
2025-08-22 22:40:33,189 - INFO - 🗑️ Cleared existing facilities from MongoDB.
2025-08-22 22:40:33,923 - INFO - Saving a copy of facilities to Excel at storage/output/facilities.xlsx
2025-08-22 22:40:34,025 - INFO - Number of raw capacities - 1651
2025-08-22 22:40:34,025 - INFO - 📅 Unique capacities remaining after deduplication (keeping earliest date): 1136
2025-08-22 22:40:34,029 - WARNING - bbox missing required keys. Available: []
2025-08-22 22:40:37,466 - INFO - ✅ Inserted 646 facilities into MongoDB, with 1136 capacities.
2025-08-22 22:40:37,474 - INFO - 🧮 Determining phase summaries
2025-08-22 22:40:37,545 - INFO - 🚀 Starting summary updates for main, greenfield and expansion...
2025-08-22 22:40:40,237 - INFO - ✅ Updated summaries for 645 facilities.
2025-08-22 22:40:40,239 - INFO - Outputting clean capacities summary data
2025-08-22 22:40:42,860 - INFO - Total pipeline time: 1.75 minutes
