2025-08-23 15:41:36,783 - INFO - Updating mongo-metadata is set to False
2025-08-23 15:41:36,783 - INFO - 🗞️ Flattening articles...
2025-08-23 15:42:17,375 - INFO - 💾 Saved nodes to storage/output/all_nodes.xlsx
2025-08-23 15:42:17,375 - INFO - 💾 Saved relationships to storage/output/all_rels.xlsx
2025-08-23 15:42:17,457 - INFO - 🉑 Merging nodes and relationships...
2025-08-23 15:42:32,964 - INFO - 💾 Saved geo_lookup to storage/output/geo_lookup.json
2025-08-23 15:42:35,187 - INFO - 💾 Saved: storage/output/factory_registry.xlsx
2025-08-23 15:42:50,788 - INFO - 💾 Saved geo_lookup to storage/output/geo_lookup.json
2025-08-23 15:42:51,900 - INFO - 💾 Saved: storage/output/factory-technological.xlsx
2025-08-23 15:43:07,439 - INFO - 💾 Saved geo_lookup to storage/output/geo_lookup.json
2025-08-23 15:43:07,748 - INFO - 💾 Saved: storage/output/company-joint-venture.xlsx
2025-08-23 15:43:07,761 - INFO - Normalising capacities
2025-08-23 15:43:08,444 - INFO - Capacity rows: 2796 | failed: 223 (8.0%)
2025-08-23 15:43:08,446 - INFO - normalization_case
normalize:fallback:keep-metric                                  888
normalize:already-clean:gigawatt                                624
normalize:already-clean:gigawatt hour                           584
normalize:vehicle:missing                                       326
fallback:missing-metric                                         203
normalize:already-clean:tonne                                    82
normalize:invalid-input                                          20
normalize:battery:energy-metric                                  17
normalize:battery:module_pack:battery systems->gigawatt hour     15
normalize:battery:keyword:vehicle                                 9
normalize:battery:keyword:ev                                      8
normalize:battery:module_pack:battery modules->gigawatt hour      5
normalize:battery:module_pack:unit->gigawatt hour                 5
normalize:battery:module_pack:battery packs->gigawatt hour        5
normalize:battery:module_pack:batteries->gigawatt hour            4
normalize:battery:keyword:car                                     1
2025-08-23 15:43:09,266 - INFO - 🫂 Grouping projects...
2025-08-23 15:43:09,266 - INFO - Processing: storage/output/factory-technological-clean-capacities.xlsx → storage/output/grouped-capacities.xlsx
2025-08-23 15:43:09,626 - INFO - Found 2796 rows (EU only).
2025-08-23 15:43:09,634 - INFO - ⚠️ 745 rows lack an admin_group_key after applying per-country rules.
2025-08-23 15:43:09,634 - INFO - ⚠️ 13 entries without a normalised OWNER name are dropped.
2025-08-23 15:43:09,635 - INFO - Rows reduced to 2783 after dropping missing inst_canon.
2025-08-23 15:43:09,635 - INFO - ⚠️ 366 entries without CITY are dropped.
2025-08-23 15:43:09,635 - INFO - Rows reduced to 2417 after dropping missing city_key.
2025-08-23 15:43:09,635 - INFO - ⚠️ 376 entries without a geographic locator are dropped.
2025-08-23 15:43:09,636 - INFO - Rows reduced to 2041 after dropping missing admin_group_key.
2025-08-23 15:43:09,636 - INFO - ⚠️ 391 entries without a normalised PRODUCT-LV1 are dropped.
2025-08-23 15:43:09,637 - INFO - Rows reduced to 1650 after dropping missing product_lv1.
2025-08-23 15:43:09,637 - INFO - ⚠️ 1146 total rows dropped due to missing required fields; 1650 remain.
2025-08-23 15:43:09,637 - INFO - ⚠️ 561 entries without a normalised PRODUCT-LV2.
2025-08-23 15:43:09,637 - INFO - Unique owners before manual dict: 513
2025-08-23 15:43:09,638 - INFO - Unique owners after manual dict: 471
2025-08-23 15:43:09,643 - INFO - Applied site merges to 9 rows.
2025-08-23 15:43:11,828 - INFO - Overwrote inst_canon with JV labels for 117 rows
2025-08-23 15:43:12,216 - INFO - Saving filtered output to storage/output/grouped-capacities.xlsx
2025-08-23 15:43:12,217 - INFO - Processing: storage/output/factory_registry.xlsx → storage/output/grouped-factories.xlsx
2025-08-23 15:43:12,850 - INFO - Found 10420 rows (EU only).
2025-08-23 15:43:12,876 - INFO - ⚠️ 2490 rows lack an admin_group_key after applying per-country rules.
2025-08-23 15:43:12,876 - INFO - ⚠️ 10 entries without a normalised OWNER name are dropped.
2025-08-23 15:43:12,877 - INFO - Rows reduced to 10410 after dropping missing inst_canon.
2025-08-23 15:43:12,877 - INFO - ⚠️ 1218 entries without CITY are dropped.
2025-08-23 15:43:12,879 - INFO - Rows reduced to 9192 after dropping missing city_key.
2025-08-23 15:43:12,879 - INFO - ⚠️ 1270 entries without a geographic locator are dropped.
2025-08-23 15:43:12,880 - INFO - Rows reduced to 7922 after dropping missing admin_group_key.
2025-08-23 15:43:12,880 - INFO - ⚠️ 3816 entries without a normalised PRODUCT-LV1 are dropped.
2025-08-23 15:43:12,881 - INFO - Rows reduced to 4106 after dropping missing product_lv1.
2025-08-23 15:43:12,881 - INFO - ⚠️ 6314 total rows dropped due to missing required fields; 4106 remain.
2025-08-23 15:43:12,881 - INFO - ⚠️ 1746 entries without a normalised PRODUCT-LV2.
2025-08-23 15:43:12,882 - INFO - Unique owners before manual dict: 938
2025-08-23 15:43:12,883 - INFO - Unique owners after manual dict: 894
2025-08-23 15:43:12,895 - INFO - Applied site merges to 21 rows.
2025-08-23 15:43:14,948 - INFO - Overwrote inst_canon with JV labels for 221 rows
2025-08-23 15:43:15,525 - INFO - Saving filtered output to storage/output/grouped-factories.xlsx
2025-08-23 15:43:15,528 - INFO - 🏭 Importing facilities
2025-08-23 15:43:15,763 - INFO - 🗑️ Cleared existing facilities from MongoDB.
2025-08-23 15:43:16,319 - INFO - Saving a copy of facilities to Excel at storage/output/facilities.xlsx
2025-08-23 15:43:16,785 - INFO - Number of raw capacities: 1650
2025-08-23 15:43:16,785 - INFO - 📅 Unique capacities after dedup (earliest per tuple): 1261
2025-08-23 15:43:16,804 - INFO - Facilities before filter: 1503 | with capacities: 645 | without capacities (skipped): 858
2025-08-23 15:43:20,384 - INFO - ✅ Inserted 645 facilities into MongoDB with 1261 deduplicated capacities attached.
2025-08-23 15:43:20,397 - INFO - 🧮 Determining phase summaries
2025-08-23 15:43:20,503 - INFO - 🚀 Starting summary updates for main, greenfield and expansion...
2025-08-23 15:43:24,500 - INFO - ✅ Updated summaries for 644 facilities.
2025-08-23 15:43:24,502 - INFO - Outputting clean capacities summary data
2025-08-23 15:43:25,809 - INFO - Total pipeline time: 1.82 minutes
