2025-09-16 21:26:23,913 - INFO - Updating mongo-metadata is set to False
2025-09-16 21:26:23,913 - INFO - 🗞️ Flattening articles...
2025-09-16 21:26:23,913 - INFO - 🉑 Merging nodes and relationships...
2025-09-16 21:26:39,050 - INFO - 💾 Saved geo_lookup to storage/output/geo_lookup.json
2025-09-16 21:26:41,456 - INFO - 💾 Saved: storage/output/factory_registry.xlsx
2025-09-16 21:26:56,673 - INFO - 💾 Saved geo_lookup to storage/output/geo_lookup.json
2025-09-16 21:26:57,882 - INFO - 💾 Saved: storage/output/factory-technological.xlsx
2025-09-16 21:27:13,071 - INFO - 💾 Saved geo_lookup to storage/output/geo_lookup.json
2025-09-16 21:27:13,404 - INFO - 💾 Saved: storage/output/company-joint-venture.xlsx
2025-09-16 21:27:28,826 - INFO - 💾 Saved geo_lookup to storage/output/geo_lookup.json
2025-09-16 21:27:29,825 - INFO - 💾 Saved: storage/output/investment-funds-factory.xlsx
2025-09-16 21:27:29,839 - INFO - Normalising capacities
2025-09-16 21:27:30,558 - INFO - Capacity rows: 2833 | failed: 248 (8.8%)
2025-09-16 21:27:30,559 - INFO - normalization_case
normalize:fallback:keep-metric                                  922
normalize:already-clean:gigawatt                                649
normalize:already-clean:gigawatt hour                           589
normalize:vehicle:missing                                       324
fallback:missing-metric                                         233
normalize:already-clean:tonne                                    32
normalize:battery:module_pack:battery systems->gigawatt hour     16
normalize:invalid-input                                          15
normalize:battery:energy-metric                                  15
normalize:battery:keyword:ev                                      9
normalize:battery:keyword:vehicle                                 8
normalize:battery:module_pack:battery modules->gigawatt hour      5
normalize:battery:module_pack:unit->gigawatt hour                 5
normalize:battery:module_pack:battery packs->gigawatt hour        5
normalize:battery:module_pack:batteries->gigawatt hour            4
normalize:battery:keyword:car                                     2
2025-09-16 21:27:31,351 - INFO - Normalising investments
