2025-08-08 14:30:35,683 - INFO - Updating mongo-metadata is set to True
2025-08-08 14:30:35,683 - INFO - 🌎 Querying geonames...
2025-08-08 14:30:36,483 - INFO - 📦 Loaded 39 existing (country, city_key) pairs from MongoDB.
2025-08-08 14:30:36,898 - INFO - 📰 Scanned 100 article(s) with factory nodes.
2025-08-08 14:30:36,898 - INFO - 🧹 Identified 43 new (country, city) pairs to query. Example three: [('China', 'wuhu'), ('South Africa', 'east_london'), ('Canada', 'windsor')]
2025-08-08 14:30:36,901 - INFO - 📭 No new updates to write.
2025-08-08 14:30:36,901 - INFO - 🗞️ Flattening articles...
2025-08-08 14:30:47,135 - INFO - -- tracking 52638 nodes
2025-08-08 14:30:47,135 - INFO - -- tracking 35211 relationships
2025-08-08 14:30:47,135 - INFO - 💾 Saved nodes to storage/output/all_nodes.xlsx
2025-08-08 14:30:47,135 - INFO - 💾 Saved relationships to storage/output/all_rels.xlsx
2025-08-08 14:30:47,158 - INFO - 🉑 Merging nodes and relationships...
2025-08-08 14:30:51,891 - INFO - 💾 Saved factory-technology graph segment to storage/output/factory-technological.xlsx
2025-08-08 14:30:51,896 - INFO - 🫂 Grouping projects...
2025-08-08 14:30:52,084 - INFO - Found 2925 rows:
2025-08-08 14:30:52,085 - INFO - ⚠️ 417 entries without CITY are dropped, rows reduced to 2508.
2025-08-08 14:30:52,085 - INFO - Missing counts: adm1           2380
inst_canon        8
product_lv1     567
product_lv2    1233
dtype: int64
2025-08-08 14:30:52,085 - INFO - ⚠️  2820 rows dropped because of missing values; 105 remain.
2025-08-08 14:30:52,086 - INFO - Unique owners before manual dict: 29
2025-08-08 14:30:52,086 - INFO - Unique owners after manual dict: 25
2025-08-08 14:30:53,735 - INFO - Saving output to ./storage/output/all_projects.xlsx
2025-08-08 14:30:53,755 - INFO - Saving filtered output to storage/output/filtered_projects.xlsx
2025-08-08 14:30:53,755 - INFO - 🏭 Importing facilities
2025-08-08 14:30:53,930 - INFO - 🗑️ Cleared existing facilities from MongoDB.
2025-08-08 14:30:53,950 - INFO - Saving a copy of facilities to Excel at storage/output/facilities.xlsx
2025-08-08 14:30:53,960 - INFO - Number of raw capacities - 55
2025-08-08 14:30:53,960 - INFO - 📅 Unique capacities remaining after deduplication (keeping earliest date): 47
2025-08-08 14:30:54,051 - INFO - ✅ Inserted 15 facilities into MongoDB, with 47 capacities.
2025-08-08 14:30:54,052 - INFO - 🧮 Determining phase summaries
2025-08-08 14:30:54,133 - INFO - 🚀 Starting summary updates for greenfield and expansion...
2025-08-08 14:30:54,359 - INFO - ✅ Updated summaries for 15 facilities.
2025-08-08 14:30:54,360 - INFO - Total pipeline time: 0.31 minutes
