2025-09-10 18:45:17,476 - INFO - Updating mongo-metadata is set to False
2025-09-10 18:45:17,477 - INFO - 🗞️ Flattening articles...
2025-09-10 18:45:17,477 - INFO - 🉑 Merging nodes and relationships...
2025-09-10 18:45:34,655 - INFO - 💾 Saved geo_lookup to storage/output/geo_lookup.json
2025-09-10 18:45:37,353 - INFO - 💾 Saved: storage/output/factory_registry.xlsx
2025-09-10 18:45:54,080 - INFO - 💾 Saved geo_lookup to storage/output/geo_lookup.json
2025-09-10 18:45:55,393 - INFO - 💾 Saved: storage/output/factory-technological.xlsx
2025-09-10 18:46:11,443 - INFO - 💾 Saved geo_lookup to storage/output/geo_lookup.json
2025-09-10 18:46:11,824 - INFO - 💾 Saved: storage/output/company-joint-venture.xlsx
2025-09-10 18:46:27,860 - INFO - 💾 Saved geo_lookup to storage/output/geo_lookup.json
2025-09-10 18:46:29,241 - INFO - 💾 Saved: storage/output/investment-funds-factory.xlsx
2025-09-10 18:46:30,196 - INFO - Capacity rows: 2833 | failed: 248 (8.8%)
2025-09-10 18:46:30,198 - INFO - normalization_case
normalize:fallback:keep-metric                                  922
normalize:already-clean:gigawatt                                649
normalize:already-clean:gigawatt hour                           589
normalize:vehicle:missing                                       324
fallback:missing-metric                                         233
normalize:already-clean:tonne                                    32
normalize:battery:module_pack:battery systems->gigawatt hour     16
normalize:invalid-input                                          15
normalize:battery:energy-metric                                  15
normalize:battery:keyword:ev                                      9
normalize:battery:keyword:vehicle                                 8
normalize:battery:module_pack:battery modules->gigawatt hour      5
normalize:battery:module_pack:unit->gigawatt hour                 5
normalize:battery:module_pack:battery packs->gigawatt hour        5
normalize:battery:module_pack:batteries->gigawatt hour            4
normalize:battery:keyword:car                                     2
2025-09-10 18:46:31,034 - INFO - 🫂 Grouping projects...
2025-09-10 18:46:31,034 - INFO - Processing: storage/output/factory-technological-clean-capacities.xlsx → storage/output/grouped-capacities.xlsx
2025-09-10 18:46:31,458 - INFO - Found 2833 rows (EU only).
2025-09-10 18:46:31,467 - INFO - ⚠️ 749 rows lack an admin_group_key after applying per-country rules.
2025-09-10 18:46:31,467 - INFO - ⚠️ 10 entries without a normalised OWNER name are dropped.
2025-09-10 18:46:31,469 - INFO - Rows reduced to 2823 after dropping missing inst_canon.
2025-09-10 18:46:31,469 - INFO - ⚠️ 367 entries without CITY are dropped.
2025-09-10 18:46:31,471 - INFO - Rows reduced to 2456 after dropping missing city_key.
2025-09-10 18:46:31,471 - INFO - ⚠️ 380 entries without a geographic locator are dropped.
2025-09-10 18:46:31,472 - INFO - Rows reduced to 2076 after dropping missing admin_group_key.
2025-09-10 18:46:31,472 - INFO - ⚠️ 337 entries without a normalised PRODUCT-LV1 are dropped.
2025-09-10 18:46:31,473 - INFO - Rows reduced to 1739 after dropping missing product_lv1.
2025-09-10 18:46:31,473 - INFO - ⚠️ 1094 total rows dropped due to missing required fields; 1739 remain.
2025-09-10 18:46:31,473 - INFO - ⚠️ 615 entries without a normalised PRODUCT-LV2.
2025-09-10 18:46:31,473 - INFO - Unique owners before manual dict: 541
2025-09-10 18:46:31,474 - INFO - Unique owners after manual dict: 490
2025-09-10 18:46:31,482 - INFO - Applied site merges to 21 rows.
2025-09-10 18:46:33,454 - INFO - Overwrote inst_canon with JV labels for 123 rows
2025-09-10 18:46:33,755 - INFO - Saving filtered output to storage/output/grouped-capacities.xlsx
2025-09-10 18:46:33,757 - INFO - Processing: storage/output/factory_registry.xlsx → storage/output/grouped-factories.xlsx
2025-09-10 18:46:34,505 - INFO - Found 10719 rows (EU only).
2025-09-10 18:46:34,536 - INFO - ⚠️ 2508 rows lack an admin_group_key after applying per-country rules.
2025-09-10 18:46:34,536 - INFO - ⚠️ 36 entries without a normalised OWNER name are dropped.
2025-09-10 18:46:34,538 - INFO - Rows reduced to 10683 after dropping missing inst_canon.
2025-09-10 18:46:34,538 - INFO - ⚠️ 1217 entries without CITY are dropped.
2025-09-10 18:46:34,539 - INFO - Rows reduced to 9466 after dropping missing city_key.
2025-09-10 18:46:34,539 - INFO - ⚠️ 1287 entries without a geographic locator are dropped.
2025-09-10 18:46:34,540 - INFO - Rows reduced to 8179 after dropping missing admin_group_key.
2025-09-10 18:46:34,540 - INFO - ⚠️ 3830 entries without a normalised PRODUCT-LV1 are dropped.
2025-09-10 18:46:34,541 - INFO - Rows reduced to 4349 after dropping missing product_lv1.
2025-09-10 18:46:34,541 - INFO - ⚠️ 6370 total rows dropped due to missing required fields; 4349 remain.
2025-09-10 18:46:34,541 - INFO - ⚠️ 1960 entries without a normalised PRODUCT-LV2.
2025-09-10 18:46:34,542 - INFO - Unique owners before manual dict: 975
2025-09-10 18:46:34,543 - INFO - Unique owners after manual dict: 910
2025-09-10 18:46:34,557 - INFO - Applied site merges to 49 rows.
2025-09-10 18:46:36,673 - INFO - Overwrote inst_canon with JV labels for 231 rows
2025-09-10 18:46:37,255 - INFO - Saving filtered output to storage/output/grouped-factories.xlsx
2025-09-10 18:46:37,257 - INFO - Processing: storage/output/investment-funds-factory.xlsx → storage/output/grouped-investments.xlsx
2025-09-10 18:46:37,416 - INFO - Found 1805 rows (EU only).
2025-09-10 18:46:37,424 - INFO - ⚠️ 333 rows lack an admin_group_key after applying per-country rules.
2025-09-10 18:46:37,424 - INFO - ⚠️ 2 entries without a normalised OWNER name are dropped.
2025-09-10 18:46:37,425 - INFO - Rows reduced to 1803 after dropping missing inst_canon.
2025-09-10 18:46:37,425 - INFO - ⚠️ 133 entries without CITY are dropped.
2025-09-10 18:46:37,425 - INFO - Rows reduced to 1670 after dropping missing city_key.
2025-09-10 18:46:37,426 - INFO - ⚠️ 199 entries without a geographic locator are dropped.
2025-09-10 18:46:37,426 - INFO - Rows reduced to 1471 after dropping missing admin_group_key.
2025-09-10 18:46:37,426 - INFO - ⚠️ 610 entries without a normalised PRODUCT-LV1 are dropped.
2025-09-10 18:46:37,426 - INFO - Rows reduced to 861 after dropping missing product_lv1.
2025-09-10 18:46:37,426 - INFO - ⚠️ 944 total rows dropped due to missing required fields; 861 remain.
2025-09-10 18:46:37,427 - INFO - ⚠️ 377 entries without a normalised PRODUCT-LV2.
2025-09-10 18:46:37,427 - INFO - Unique owners before manual dict: 301
2025-09-10 18:46:37,427 - INFO - Unique owners after manual dict: 277
2025-09-10 18:46:37,430 - INFO - Applied site merges to 13 rows.
2025-09-10 18:46:39,413 - INFO - Overwrote inst_canon with JV labels for 61 rows
2025-09-10 18:46:39,543 - INFO - Saving filtered output to storage/output/grouped-investments.xlsx
2025-09-10 18:46:39,719 - INFO - 🗑️ Cleared existing facilities from MongoDB.
2025-09-10 18:46:40,228 - INFO - Saving a copy of facilities to Excel at storage/output/facilities.xlsx
2025-09-10 18:46:40,598 - INFO - Capacities: raw=1783
2025-09-10 18:46:40,598 - INFO - Capacities: dedup=1369 | grouped=1271
2025-09-10 18:46:40,598 - INFO - applies_to distribution: {'mix': 1117, 'electric': 151, 'fossil': 3}
2025-09-10 18:46:40,673 - INFO - Number of raw capacities: 1783
2025-09-10 18:46:40,673 - INFO - 📅 Unique capacities after dedup (earliest per tuple): 1369
2025-09-10 18:46:40,789 - INFO - Investments: raw=861 | dedup=673 | grouped=619
2025-09-10 18:46:40,852 - INFO - 📈 Investment events attached (projects): 398
2025-09-10 18:46:40,877 - INFO - Facilities before filter: 1572 | inserted with capacities: 808 | skipped (non-vehicle, no capacities): 714 | vehicles with caps: 84 | vehicles without caps (inserted): 50
2025-09-10 18:46:45,975 - INFO - ✅ Inserted 858 facilities into MongoDB with 1369 unique capacity entries and 673 unique investment entries (~1730 total events attached).
2025-09-10 18:46:45,985 - INFO - 🧮 Determining phase summaries
2025-09-10 18:46:46,049 - INFO - 🚀 Starting summary updates for main, greenfield and expansion...
2025-09-10 18:46:49,919 - INFO - ✅ Updated summaries for 678 facilities.
2025-09-10 18:46:49,921 - INFO - Outputting clean capacities summary data
2025-09-10 18:46:51,123 - INFO - Total pipeline time: 1.56 minutes
