2025-08-23 13:53:53,631 - INFO - Updating mongo-metadata is set to False
2025-08-23 13:53:53,631 - INFO - 🗞️ Flattening articles...
2025-08-23 13:54:37,187 - INFO - 💾 Saved nodes to storage/output/all_nodes.xlsx
2025-08-23 13:54:37,187 - INFO - 💾 Saved relationships to storage/output/all_rels.xlsx
2025-08-23 13:54:37,271 - INFO - 🉑 Merging nodes and relationships...
2025-08-23 13:54:52,426 - INFO - 💾 Saved geo_lookup to storage/output/geo_lookup.json
2025-08-23 13:54:54,680 - INFO - 💾 Saved: storage/output/factory_registry.xlsx
2025-08-23 13:55:10,072 - INFO - 💾 Saved geo_lookup to storage/output/geo_lookup.json
2025-08-23 13:55:11,181 - INFO - 💾 Saved: storage/output/factory-technological.xlsx
2025-08-23 13:55:26,426 - INFO - 💾 Saved geo_lookup to storage/output/geo_lookup.json
2025-08-23 13:55:26,736 - INFO - 💾 Saved: storage/output/company-joint-venture.xlsx
2025-08-23 13:55:26,749 - INFO - Normalising capacities
2025-08-23 13:55:27,423 - INFO - Capacity rows: 2796 | failed: 223 (8.0%)
2025-08-23 13:55:27,423 - INFO - normalization_case
normalize:fallback:keep-metric                                  888
normalize:already-clean:gigawatt                                624
normalize:already-clean:gigawatt hour                           584
normalize:vehicle:missing                                       326
fallback:missing-metric                                         203
normalize:already-clean:tonne                                    82
normalize:invalid-input                                          20
normalize:battery:energy-metric                                  17
normalize:battery:module_pack:battery systems->gigawatt hour     15
normalize:battery:keyword:vehicle                                 9
normalize:battery:keyword:ev                                      8
normalize:battery:module_pack:battery modules->gigawatt hour      5
normalize:battery:module_pack:unit->gigawatt hour                 5
normalize:battery:module_pack:battery packs->gigawatt hour        5
normalize:battery:module_pack:batteries->gigawatt hour            4
normalize:battery:keyword:car                                     1
2025-08-23 13:55:28,222 - INFO - 🫂 Grouping projects...
2025-08-23 13:55:28,222 - INFO - Processing: storage/output/factory-technological-clean-capacities.xlsx → storage/output/grouped-capacities.xlsx
2025-08-23 13:55:28,580 - INFO - Found 2796 rows (EU only).
2025-08-23 13:55:28,588 - INFO - ⚠️ 745 rows lack an admin_group_key after applying per-country rules.
2025-08-23 13:55:28,588 - INFO - ⚠️ 13 entries without a normalised OWNER name are dropped.
2025-08-23 13:55:28,589 - INFO - Rows reduced to 2783 after dropping missing inst_canon.
2025-08-23 13:55:28,589 - INFO - ⚠️ 366 entries without CITY are dropped.
2025-08-23 13:55:28,590 - INFO - Rows reduced to 2417 after dropping missing city_key.
2025-08-23 13:55:28,590 - INFO - ⚠️ 376 entries without ADM1 are dropped.
2025-08-23 13:55:28,591 - INFO - Rows reduced to 2041 after dropping missing adm1.
2025-08-23 13:55:28,591 - INFO - ⚠️ 391 entries without a normalised PRODUCT-LV1 are dropped.
2025-08-23 13:55:28,591 - INFO - Rows reduced to 1650 after dropping missing product_lv1.
2025-08-23 13:55:28,591 - INFO - ⚠️ 1146 total rows dropped due to missing required fields; 1650 remain.
2025-08-23 13:55:28,591 - INFO - ⚠️ 561 entries without a normalised PRODUCT-LV2.
2025-08-23 13:55:28,592 - INFO - Unique owners before manual dict: 513
2025-08-23 13:55:28,592 - INFO - Unique owners after manual dict: 473
2025-08-23 13:55:28,598 - INFO - Applied site merges to 9 rows.
2025-08-23 13:55:30,714 - INFO - Overwrote inst_canon with JV labels for 117 rows
2025-08-23 13:55:31,105 - INFO - Saving filtered output to storage/output/grouped-capacities.xlsx
2025-08-23 13:55:31,107 - INFO - Processing: storage/output/factory_registry.xlsx → storage/output/grouped-factories.xlsx
2025-08-23 13:55:31,734 - INFO - Found 10420 rows (EU only).
2025-08-23 13:55:31,762 - INFO - ⚠️ 2490 rows lack an admin_group_key after applying per-country rules.
2025-08-23 13:55:31,763 - INFO - ⚠️ 10 entries without a normalised OWNER name are dropped.
2025-08-23 13:55:31,764 - INFO - Rows reduced to 10410 after dropping missing inst_canon.
2025-08-23 13:55:31,764 - INFO - ⚠️ 1218 entries without CITY are dropped.
2025-08-23 13:55:31,765 - INFO - Rows reduced to 9192 after dropping missing city_key.
2025-08-23 13:55:31,766 - INFO - ⚠️ 1270 entries without ADM1 are dropped.
2025-08-23 13:55:31,767 - INFO - Rows reduced to 7922 after dropping missing adm1.
2025-08-23 13:55:31,767 - INFO - ⚠️ 3816 entries without a normalised PRODUCT-LV1 are dropped.
2025-08-23 13:55:31,768 - INFO - Rows reduced to 4106 after dropping missing product_lv1.
2025-08-23 13:55:31,768 - INFO - ⚠️ 6314 total rows dropped due to missing required fields; 4106 remain.
2025-08-23 13:55:31,768 - INFO - ⚠️ 1746 entries without a normalised PRODUCT-LV2.
2025-08-23 13:55:31,768 - INFO - Unique owners before manual dict: 938
2025-08-23 13:55:31,770 - INFO - Unique owners after manual dict: 896
2025-08-23 13:55:31,783 - INFO - Applied site merges to 21 rows.
2025-08-23 13:55:33,900 - INFO - Overwrote inst_canon with JV labels for 221 rows
2025-08-23 13:55:34,501 - INFO - Saving filtered output to storage/output/grouped-factories.xlsx
2025-08-23 13:55:34,503 - INFO - 🏭 Importing facilities
2025-08-23 13:55:34,732 - INFO - 🗑️ Cleared existing facilities from MongoDB.
2025-08-23 13:55:35,588 - INFO - Saving a copy of facilities to Excel at storage/output/facilities.xlsx
2025-08-23 13:55:35,703 - INFO - Number of raw capacities - 1650
2025-08-23 13:55:35,703 - INFO - 📅 Unique capacities remaining after deduplication (keeping earliest date): 1160
2025-08-23 13:55:35,707 - WARNING - bbox missing required keys. Available: []
2025-08-23 13:55:39,314 - INFO - ✅ Inserted 687 facilities into MongoDB, with 1160 capacities.
2025-08-23 13:55:39,318 - INFO - 🧮 Determining phase summaries
2025-08-23 13:55:39,430 - INFO - 🚀 Starting summary updates for main, greenfield and expansion...
2025-08-23 13:55:43,289 - INFO - ✅ Updated summaries for 686 facilities.
2025-08-23 13:55:43,290 - INFO - Outputting clean capacities summary data
2025-08-23 13:55:44,598 - INFO - Total pipeline time: 1.85 minutes
