2025-08-08 13:55:09,098 - INFO - Updating mongo-metadata is set to True
2025-08-08 13:55:09,098 - INFO - 🌎 Querying geonames...
2025-08-08 13:55:09,741 - INFO - 📦 Loaded 0 existing (country, city_key) pairs from MongoDB.
2025-08-08 13:55:10,111 - INFO - 📰 Found 100 article(s) containing factory nodes.
2025-08-08 13:55:10,151 - WARNING - [standardize_country] country lookup failed for “asia”
2025-08-08 13:55:10,158 - WARNING - [standardize_country] country lookup failed for “unclear”
2025-08-08 13:55:10,164 - WARNING - [standardize_country] country lookup failed for “europe”
2025-08-08 13:55:10,169 - INFO - 🧹 Identified 82 new (country, city) pairs to query. Example three:
2025-08-08 13:55:10,169 - INFO - [('United States', 'fremont'), ('United Kingdom', 'coventry'), ('United States', 'north_las_vegas')]
2025-08-08 13:55:10,922 - INFO - Skipping CA - Canada because not in EUROPE.
2025-08-08 13:55:10,922 - INFO - Skipping CA - Canada because not in EUROPE.
2025-08-08 13:55:10,922 - INFO - Skipping CN - China because not in EUROPE.
2025-08-08 13:55:10,922 - INFO - Skipping CN - China because not in EUROPE.
2025-08-08 13:55:10,922 - INFO - Skipping CN - China because not in EUROPE.
2025-08-08 13:55:10,922 - INFO - Skipping CN - China because not in EUROPE.
2025-08-08 13:55:10,922 - INFO - Skipping CN - China because not in EUROPE.
2025-08-08 13:55:10,922 - INFO - Skipping CN - China because not in EUROPE.
2025-08-08 13:55:10,922 - INFO - Skipping CN - China because not in EUROPE.
2025-08-08 13:55:10,922 - INFO - Skipping CN - China because not in EUROPE.
2025-08-08 13:55:10,922 - INFO - Skipping CN - China because not in EUROPE.
2025-08-08 13:55:10,922 - INFO - Skipping CN - China because not in EUROPE.
2025-08-08 13:55:10,922 - INFO - Skipping CN - China because not in EUROPE.
2025-08-08 13:55:10,922 - INFO - Skipping CN - China because not in EUROPE.
2025-08-08 13:55:10,922 - INFO - Skipping CN - China because not in EUROPE.
2025-08-08 13:55:10,922 - INFO - Skipping CN - China because not in EUROPE.
2025-08-08 13:55:10,922 - INFO - Skipping CN - China because not in EUROPE.
2025-08-08 13:55:10,922 - INFO - Skipping CN - China because not in EUROPE.
2025-08-08 13:55:10,922 - INFO - Skipping CN - China because not in EUROPE.
2025-08-08 13:55:10,922 - INFO - Skipping CN - China because not in EUROPE.
2025-08-08 13:55:10,922 - INFO - Skipping CN - China because not in EUROPE.
2025-08-08 13:55:18,180 - INFO - Skipping JP - Japan because not in EUROPE.
2025-08-08 13:55:18,180 - INFO - Skipping KR - Korea, Republic of because not in EUROPE.
2025-08-08 13:55:18,180 - INFO - Skipping KR - Korea, Republic of because not in EUROPE.
2025-08-08 13:55:18,180 - INFO - Skipping KR - Korea, Republic of because not in EUROPE.
2025-08-08 13:55:18,180 - INFO - Skipping MA - Morocco because not in EUROPE.
2025-08-08 13:55:18,515 - INFO - Skipping RU - Russian Federation because not in EUROPE.
2025-08-08 13:55:18,515 - INFO - Skipping ZA - South Africa because not in EUROPE.
2025-08-08 13:55:19,814 - INFO - Skipping US - United States because not in EUROPE.
2025-08-08 13:55:19,814 - INFO - Skipping US - United States because not in EUROPE.
2025-08-08 13:55:19,814 - INFO - Skipping US - United States because not in EUROPE.
2025-08-08 13:55:19,814 - INFO - Skipping US - United States because not in EUROPE.
2025-08-08 13:55:19,814 - INFO - Skipping US - United States because not in EUROPE.
2025-08-08 13:55:19,814 - INFO - Skipping US - United States because not in EUROPE.
2025-08-08 13:55:19,815 - INFO - Skipping US - United States because not in EUROPE.
2025-08-08 13:55:19,815 - INFO - Skipping US - United States because not in EUROPE.
2025-08-08 13:55:19,815 - INFO - Skipping US - United States because not in EUROPE.
2025-08-08 13:55:19,815 - INFO - Skipping US - United States because not in EUROPE.
2025-08-08 13:55:19,815 - INFO - Skipping US - United States because not in EUROPE.
2025-08-08 13:55:19,815 - INFO - Skipping US - United States because not in EUROPE.
2025-08-08 13:55:19,815 - INFO - Skipping US - United States because not in EUROPE.
2025-08-08 13:55:19,815 - INFO - Skipping US - United States because not in EUROPE.
2025-08-08 13:55:19,815 - INFO - Skipping US - United States because not in EUROPE.
2025-08-08 13:55:19,922 - INFO - ✅ Geonames MongoDB updated. Inserted: 11, Modified: 28
2025-08-08 13:55:19,923 - INFO - 🗞️ Flattening articles...
2025-08-08 13:55:30,669 - INFO - -- tracking 52638 nodes
2025-08-08 13:55:30,669 - INFO - -- tracking 35211 relationships
2025-08-08 13:55:30,669 - INFO - 💾 Saved nodes to storage/output/all_nodes.xlsx
2025-08-08 13:55:30,670 - INFO - 💾 Saved relationships to storage/output/all_rels.xlsx
2025-08-08 13:55:30,694 - INFO - 🉑 Merging nodes and relationships...
2025-08-08 13:55:34,934 - WARNING - [standardize_country] country lookup failed for “sweden or finland”
2025-08-08 13:55:34,960 - WARNING - [standardize_country] country lookup failed for “northern macedonia”
2025-08-08 13:55:34,965 - WARNING - [standardize_country] country lookup failed for “eastern europe”
2025-08-08 13:55:34,969 - WARNING - [standardize_country] country lookup failed for “bavaria, germany”
2025-08-08 13:55:34,973 - WARNING - [standardize_country] country lookup failed for “china, mexico, poland, india”
2025-08-08 13:55:34,990 - WARNING - [standardize_country] country lookup failed for “germany, poland, or hungary”
2025-08-08 13:55:34,995 - WARNING - [standardize_country] country lookup failed for “democratic republic of congo”
2025-08-08 13:55:34,999 - WARNING - [standardize_country] country lookup failed for “germany-dutch”
2025-08-08 13:55:35,016 - WARNING - [standardize_country] country lookup failed for “north america”
2025-08-08 13:55:35,021 - WARNING - [standardize_country] country lookup failed for “eu and uk”
2025-08-08 13:55:35,025 - WARNING - [standardize_country] country lookup failed for “mexico, usa or canada”
2025-08-08 13:55:35,029 - WARNING - [standardize_country] country lookup failed for “western europe”
2025-08-08 13:55:35,038 - WARNING - [standardize_country] country lookup failed for “mainland europe”
2025-08-08 13:55:35,042 - WARNING - [standardize_country] country lookup failed for “central or eastern europe”
2025-08-08 13:55:35,047 - WARNING - [standardize_country] country lookup failed for “sardinia”
2025-08-08 13:55:35,060 - WARNING - [standardize_country] country lookup failed for “bosnia-herzegovina”
2025-08-08 13:55:35,068 - WARNING - [standardize_country] country lookup failed for “morocoo”
2025-08-08 13:55:35,376 - INFO - 💾 Saved factory-technology graph segment to storage/output/factory-technological.xlsx
2025-08-08 13:55:35,380 - INFO - 🫂 Grouping projects...
2025-08-08 13:55:35,381 - INFO - Reading input file: storage/output/factory-technological.xlsx
2025-08-08 13:55:35,571 - INFO - ⚠️ 417 entries without CITY are dropped.
2025-08-08 13:55:35,571 - INFO - 🗑️ Dropped all 417 from dataframe. 2925 reduced to 2508
2025-08-08 13:55:35,572 - INFO - Missing values per column before dropping:
2025-08-08 13:55:35,572 - INFO - adm1           2380
inst_canon        8
product_lv1     567
product_lv2    1233
dtype: int64
2025-08-08 13:55:35,573 - INFO - Dropped 2820 rows because of missing values; 105 remain.
2025-08-08 13:55:35,573 - INFO - Unique owners before manual dict: 29
2025-08-08 13:55:35,573 - INFO - Unique owners after manual dict: 25
2025-08-08 13:55:37,189 - INFO - Saving output to ./storage/output/all_projects.xlsx
2025-08-08 13:55:37,209 - INFO - Saving filtered output to storage/output/filtered_projects.xlsx
2025-08-08 13:55:37,210 - INFO - 🏭 Importing facilities
2025-08-08 13:55:37,388 - INFO - 🗑️ Cleared existing facilities from MongoDB.
2025-08-08 13:55:37,409 - INFO - Saving a copy of facilities to Excel at storage/output/facilities.xlsx
2025-08-08 13:55:37,422 - INFO - Number of raw capacities - 55
2025-08-08 13:55:37,422 - INFO - 📅 Unique capacities remaining after deduplication (keeping earliest date): 47
2025-08-08 13:55:37,514 - INFO - ✅ Inserted 15 facilities into MongoDB, with 47 capacities.
2025-08-08 13:55:37,514 - INFO - 🧮 Determining phase summaries
2025-08-08 13:55:37,591 - INFO - 🚀 Starting summary updates for greenfield and expansion...
2025-08-08 13:55:37,811 - INFO - ✅ Updated summaries for 15 facilities.
2025-08-08 13:55:37,811 - INFO - Total pipeline time: 0.48 minutes
