2025-08-23 14:05:18,379 - INFO - Updating mongo-metadata is set to False
2025-08-23 14:05:18,379 - INFO - 🗞️ Flattening articles...
2025-08-23 14:06:03,945 - INFO - 💾 Saved nodes to storage/output/all_nodes.xlsx
2025-08-23 14:06:03,945 - INFO - 💾 Saved relationships to storage/output/all_rels.xlsx
2025-08-23 14:06:04,028 - INFO - 🉑 Merging nodes and relationships...
2025-08-23 14:06:19,154 - INFO - 💾 Saved geo_lookup to storage/output/geo_lookup.json
2025-08-23 14:06:21,404 - INFO - 💾 Saved: storage/output/factory_registry.xlsx
2025-08-23 14:06:36,575 - INFO - 💾 Saved geo_lookup to storage/output/geo_lookup.json
2025-08-23 14:06:37,687 - INFO - 💾 Saved: storage/output/factory-technological.xlsx
2025-08-23 14:06:52,995 - INFO - 💾 Saved geo_lookup to storage/output/geo_lookup.json
2025-08-23 14:06:53,302 - INFO - 💾 Saved: storage/output/company-joint-venture.xlsx
2025-08-23 14:06:53,315 - INFO - Normalising capacities
2025-08-23 14:06:53,982 - INFO - Capacity rows: 2796 | failed: 223 (8.0%)
2025-08-23 14:06:53,982 - INFO - normalization_case
normalize:fallback:keep-metric                                  888
normalize:already-clean:gigawatt                                624
normalize:already-clean:gigawatt hour                           584
normalize:vehicle:missing                                       326
fallback:missing-metric                                         203
normalize:already-clean:tonne                                    82
normalize:invalid-input                                          20
normalize:battery:energy-metric                                  17
normalize:battery:module_pack:battery systems->gigawatt hour     15
normalize:battery:keyword:vehicle                                 9
normalize:battery:keyword:ev                                      8
normalize:battery:module_pack:battery modules->gigawatt hour      5
normalize:battery:module_pack:unit->gigawatt hour                 5
normalize:battery:module_pack:battery packs->gigawatt hour        5
normalize:battery:module_pack:batteries->gigawatt hour            4
normalize:battery:keyword:car                                     1
2025-08-23 14:06:54,783 - INFO - 🫂 Grouping projects...
2025-08-23 14:06:54,783 - INFO - Processing: storage/output/factory-technological-clean-capacities.xlsx → storage/output/grouped-capacities.xlsx
2025-08-23 14:06:55,144 - INFO - Found 2796 rows (EU only).
2025-08-23 14:06:55,152 - INFO - ⚠️ 745 rows lack an admin_group_key after applying per-country rules.
2025-08-23 14:06:55,152 - INFO - ⚠️ 13 entries without a normalised OWNER name are dropped.
2025-08-23 14:06:55,153 - INFO - Rows reduced to 2783 after dropping missing inst_canon.
2025-08-23 14:06:55,153 - INFO - ⚠️ 366 entries without CITY are dropped.
2025-08-23 14:06:55,154 - INFO - Rows reduced to 2417 after dropping missing city_key.
2025-08-23 14:06:55,154 - INFO - ⚠️ 376 entries without a geographic locator are dropped.
2025-08-23 14:06:55,154 - INFO - Rows reduced to 2041 after dropping missing admin_group_key.
2025-08-23 14:06:55,155 - INFO - ⚠️ 391 entries without a normalised PRODUCT-LV1 are dropped.
2025-08-23 14:06:55,155 - INFO - Rows reduced to 1650 after dropping missing product_lv1.
2025-08-23 14:06:55,155 - INFO - ⚠️ 1146 total rows dropped due to missing required fields; 1650 remain.
2025-08-23 14:06:55,155 - INFO - ⚠️ 561 entries without a normalised PRODUCT-LV2.
2025-08-23 14:06:55,155 - INFO - Unique owners before manual dict: 513
2025-08-23 14:06:55,156 - INFO - Unique owners after manual dict: 473
2025-08-23 14:06:55,161 - INFO - Applied site merges to 9 rows.
2025-08-23 14:06:57,264 - INFO - Overwrote inst_canon with JV labels for 117 rows
2025-08-23 14:06:57,653 - INFO - Saving filtered output to storage/output/grouped-capacities.xlsx
2025-08-23 14:06:57,654 - INFO - Processing: storage/output/factory_registry.xlsx → storage/output/grouped-factories.xlsx
2025-08-23 14:06:58,279 - INFO - Found 10420 rows (EU only).
2025-08-23 14:06:58,305 - INFO - ⚠️ 2490 rows lack an admin_group_key after applying per-country rules.
2025-08-23 14:06:58,305 - INFO - ⚠️ 10 entries without a normalised OWNER name are dropped.
2025-08-23 14:06:58,307 - INFO - Rows reduced to 10410 after dropping missing inst_canon.
2025-08-23 14:06:58,307 - INFO - ⚠️ 1218 entries without CITY are dropped.
2025-08-23 14:06:58,308 - INFO - Rows reduced to 9192 after dropping missing city_key.
2025-08-23 14:06:58,308 - INFO - ⚠️ 1270 entries without a geographic locator are dropped.
2025-08-23 14:06:58,309 - INFO - Rows reduced to 7922 after dropping missing admin_group_key.
2025-08-23 14:06:58,309 - INFO - ⚠️ 3816 entries without a normalised PRODUCT-LV1 are dropped.
2025-08-23 14:06:58,310 - INFO - Rows reduced to 4106 after dropping missing product_lv1.
2025-08-23 14:06:58,310 - INFO - ⚠️ 6314 total rows dropped due to missing required fields; 4106 remain.
2025-08-23 14:06:58,310 - INFO - ⚠️ 1746 entries without a normalised PRODUCT-LV2.
2025-08-23 14:06:58,310 - INFO - Unique owners before manual dict: 938
2025-08-23 14:06:58,311 - INFO - Unique owners after manual dict: 896
2025-08-23 14:06:58,324 - INFO - Applied site merges to 21 rows.
2025-08-23 14:07:00,389 - INFO - Overwrote inst_canon with JV labels for 221 rows
2025-08-23 14:07:00,950 - INFO - Saving filtered output to storage/output/grouped-factories.xlsx
2025-08-23 14:07:00,953 - INFO - 🏭 Importing facilities
2025-08-23 14:07:01,172 - INFO - 🗑️ Cleared existing facilities from MongoDB.
2025-08-23 14:07:02,013 - INFO - Saving a copy of facilities to Excel at storage/output/facilities.xlsx
2025-08-23 14:07:02,124 - INFO - Number of raw capacities - 1650
2025-08-23 14:07:02,124 - INFO - 📅 Unique capacities remaining after deduplication (keeping earliest date): 1158
2025-08-23 14:07:02,129 - WARNING - bbox missing required keys. Available: []
2025-08-23 14:07:05,717 - INFO - ✅ Inserted 686 facilities into MongoDB, with 1158 capacities.
2025-08-23 14:07:05,726 - INFO - 🧮 Determining phase summaries
2025-08-23 14:07:05,834 - INFO - 🚀 Starting summary updates for main, greenfield and expansion...
2025-08-23 14:07:09,803 - INFO - ✅ Updated summaries for 685 facilities.
2025-08-23 14:07:09,806 - INFO - Outputting clean capacities summary data
2025-08-23 14:07:11,108 - INFO - Total pipeline time: 1.88 minutes
