2025-08-22 15:04:19,008 - INFO - Updating mongo-metadata is set to False
2025-08-22 15:04:19,009 - INFO - 🫂 Grouping projects...
2025-08-22 15:04:19,360 - INFO - Found 2781 rows:
2025-08-22 15:04:19,360 - INFO - ⚠️ 366 entries without CITY are dropped, rows reduced to 2415.
2025-08-22 15:04:19,361 - INFO - Missing counts: adm1            381
inst_canon       24
product_lv1     609
product_lv2    1190
dtype: int64
2025-08-22 15:04:19,362 - INFO - ⚠️  1259 rows dropped because of missing values; 1522 remain.
2025-08-22 15:04:19,362 - INFO - Unique owners before manual dict: 463
2025-08-22 15:04:19,362 - INFO - Unique owners after manual dict: 425
2025-08-22 15:04:19,594 - INFO - Owner merge within blocks: unique inst_canon 425 → 429
2025-08-22 15:04:21,665 - INFO - Saving filtered output to storage/output/filtered_projects.xlsx
2025-08-22 15:04:21,666 - INFO - 🏭 Importing facilities
2025-08-22 15:04:21,834 - INFO - 🗑️ Cleared existing facilities from MongoDB.
2025-08-22 15:04:21,955 - INFO - Saving a copy of facilities to Excel at storage/output/facilities.xlsx
2025-08-22 15:04:22,043 - INFO - Number of raw capacities - 1137
2025-08-22 15:04:22,044 - INFO - 📅 Unique capacities remaining after deduplication (keeping earliest date): 873
2025-08-22 15:04:22,057 - WARNING - bbox missing required keys. Available: []
2025-08-22 15:04:24,781 - INFO - ✅ Inserted 567 facilities into MongoDB, with 873 capacities.
2025-08-22 15:04:24,784 - INFO - 🧮 Determining phase summaries
2025-08-22 15:04:24,860 - INFO - 🚀 Starting summary updates for main, greenfield and expansion...
2025-08-22 15:04:29,182 - INFO - ✅ Updated summaries for 566 facilities.
2025-08-22 15:04:29,184 - INFO - Outputting clean capacities summary data
2025-08-22 15:04:30,115 - INFO - Total pipeline time: 0.19 minutes
