2025-09-17 21:39:56,007 - INFO - Updating mongo-metadata is set to False
2025-09-17 21:39:56,007 - INFO - 🗞️ Flattening articles...
2025-09-17 21:41:14,259 - INFO - 💾 Saved nodes to storage/output/all_nodes.xlsx
2025-09-17 21:41:14,260 - INFO - 💾 Saved relationships to storage/output/all_rels.xlsx
2025-09-17 21:41:14,343 - INFO - 🉑 Merging nodes and relationships...
2025-09-17 21:41:29,666 - INFO - 💾 Saved geo_lookup to storage/output/geo_lookup.json
2025-09-17 21:41:31,483 - INFO - 💾 Saved: storage/output/factory-technological.xlsx
2025-09-17 21:41:47,466 - INFO - 💾 Saved geo_lookup to storage/output/geo_lookup.json
2025-09-17 21:41:47,800 - INFO - 💾 Saved: storage/output/company-joint-venture.xlsx
2025-09-17 21:42:11,042 - INFO - 💾 Saved geo_lookup to storage/output/geo_lookup.json
2025-09-17 21:42:12,019 - INFO - 💾 Saved: storage/output/investment-funds-factory.xlsx
2025-09-17 21:42:12,032 - INFO - 🏭 Building registry union (direct + capacity + investment)…
2025-09-17 21:42:27,245 - INFO - 💾 Saved geo_lookup to storage/output/geo_lookup.json
2025-09-17 21:42:44,386 - INFO - 💾 Saved geo_lookup to storage/output/geo_lookup.json
2025-09-17 21:43:01,105 - INFO - 💾 Saved geo_lookup to storage/output/geo_lookup.json
2025-09-17 21:43:02,612 - INFO - 💾 Saved registry union to storage/output/factory_registry.xlsx
2025-09-17 21:43:02,614 - INFO - Normalising capacities
2025-09-17 21:43:03,332 - INFO - Capacity rows: 2851 | failed: 250 (8.8%)
2025-09-17 21:43:03,334 - INFO - normalization_case
normalize:fallback:keep-metric                                  925
normalize:already-clean:gigawatt                                655
normalize:already-clean:gigawatt hour                           591
normalize:vehicle:missing                                       329
fallback:missing-metric                                         235
normalize:already-clean:tonne                                    32
normalize:battery:module_pack:battery systems->gigawatt hour     16
normalize:invalid-input                                          15
normalize:battery:energy-metric                                  15
normalize:battery:keyword:ev                                      9
normalize:battery:keyword:vehicle                                 8
normalize:battery:module_pack:battery modules->gigawatt hour      5
normalize:battery:module_pack:unit->gigawatt hour                 5
normalize:battery:module_pack:battery packs->gigawatt hour        5
normalize:battery:module_pack:batteries->gigawatt hour            4
normalize:battery:keyword:car                                     2
2025-09-17 21:43:04,125 - INFO - Normalising investments
2025-09-17 21:43:11,553 - INFO - 🫂 Grouping projects...
2025-09-17 21:43:11,553 - INFO - Processing: storage/output/factory-technological-clean-capacities-investments.xlsx → storage/output/grouped-capacities.xlsx
2025-09-17 21:43:11,995 - INFO - Found 2851 rows (EU only).
2025-09-17 21:43:12,005 - INFO - ⚠️ 752 rows lack an admin_group_key after applying per-country rules.
2025-09-17 21:43:12,006 - INFO - ⚠️ 369 entries without CITY are dropped.
2025-09-17 21:43:12,007 - INFO - Rows reduced to 2482 after dropping missing city_key.
2025-09-17 21:43:12,007 - INFO - ⚠️ 383 entries without a geographic locator are dropped.
2025-09-17 21:43:12,008 - INFO - Rows reduced to 2099 after dropping missing admin_group_key.
2025-09-17 21:43:12,008 - INFO - ⚠️ 347 entries without a normalised PRODUCT-LV1 are dropped.
2025-09-17 21:43:12,009 - INFO - Rows reduced to 1752 after dropping missing product_lv1.
2025-09-17 21:43:12,009 - INFO - ⚠️ 1099 total rows dropped due to missing required fields; 1752 remain.
2025-09-17 21:43:12,009 - INFO - ⚠️ 619 entries without a normalised PRODUCT-LV2.
2025-09-17 21:43:12,009 - INFO - Unique owners before manual dict: 542
2025-09-17 21:43:12,010 - INFO - Unique owners after manual dict: 491
2025-09-17 21:43:12,016 - INFO - Applied site merges to 21 rows.
2025-09-17 21:43:17,927 - INFO - Overwrote inst_canon with JV labels for 124 rows
2025-09-17 21:43:18,247 - INFO - Saving filtered output to storage/output/grouped-capacities.xlsx
2025-09-17 21:43:18,248 - INFO - Processing: storage/output/factory_registry.xlsx → storage/output/grouped-factories.xlsx
2025-09-17 21:43:18,757 - INFO - Found 7468 rows (EU only).
2025-09-17 21:43:18,776 - INFO - ⚠️ 2246 rows lack an admin_group_key after applying per-country rules.
2025-09-17 21:43:18,778 - INFO - ⚠️ 1131 entries without CITY are dropped.
2025-09-17 21:43:18,779 - INFO - Rows reduced to 6337 after dropping missing city_key.
2025-09-17 21:43:18,779 - INFO - ⚠️ 1115 entries without a geographic locator are dropped.
2025-09-17 21:43:18,780 - INFO - Rows reduced to 5222 after dropping missing admin_group_key.
2025-09-17 21:43:18,780 - INFO - ⚠️ 2074 entries without a normalised PRODUCT-LV1 are dropped.
2025-09-17 21:43:18,780 - INFO - Rows reduced to 3148 after dropping missing product_lv1.
2025-09-17 21:43:18,780 - INFO - ⚠️ 4320 total rows dropped due to missing required fields; 3148 remain.
2025-09-17 21:43:18,781 - INFO - ⚠️ 1344 entries without a normalised PRODUCT-LV2.
2025-09-17 21:43:18,781 - INFO - Unique owners before manual dict: 1011
2025-09-17 21:43:18,781 - INFO - Unique owners after manual dict: 946
2025-09-17 21:43:18,791 - INFO - Applied site merges to 31 rows.
2025-09-17 21:43:42,644 - INFO - Overwrote inst_canon with JV labels for 201 rows
2025-09-17 21:43:43,027 - INFO - Saving filtered output to storage/output/grouped-factories.xlsx
2025-09-17 21:43:43,029 - INFO - Processing: storage/output/clean-investment-funds-factory.xlsx → storage/output/grouped-investments.xlsx
2025-09-17 21:43:43,230 - INFO - Found 1811 rows (EU only).
2025-09-17 21:43:43,235 - INFO - ⚠️ 335 rows lack an admin_group_key after applying per-country rules.
2025-09-17 21:43:43,236 - INFO - ⚠️ 134 entries without CITY are dropped.
2025-09-17 21:43:43,237 - INFO - Rows reduced to 1677 after dropping missing city_key.
2025-09-17 21:43:43,237 - INFO - ⚠️ 201 entries without a geographic locator are dropped.
2025-09-17 21:43:43,238 - INFO - Rows reduced to 1476 after dropping missing admin_group_key.
2025-09-17 21:43:43,238 - INFO - ⚠️ 612 entries without a normalised PRODUCT-LV1 are dropped.
2025-09-17 21:43:43,239 - INFO - Rows reduced to 864 after dropping missing product_lv1.
2025-09-17 21:43:43,239 - INFO - ⚠️ 947 total rows dropped due to missing required fields; 864 remain.
2025-09-17 21:43:43,239 - INFO - ⚠️ 377 entries without a normalised PRODUCT-LV2.
2025-09-17 21:43:43,239 - INFO - Unique owners before manual dict: 302
2025-09-17 21:43:43,239 - INFO - Unique owners after manual dict: 278
2025-09-17 21:43:43,242 - INFO - Applied site merges to 13 rows.
2025-09-17 21:43:46,101 - INFO - Overwrote inst_canon with JV labels for 62 rows
2025-09-17 21:43:46,231 - INFO - Saving filtered output to storage/output/grouped-investments.xlsx
2025-09-17 21:43:46,723 - INFO - Facilities → inserts: 1649 | updates: 0 | total input: 1649
2025-09-17 21:43:52,105 - INFO - Capacities raw=1796 → grouped=1275 | Investments raw=864 → grouped=606
2025-09-17 21:43:52,328 - INFO - attach_events → facilities matched: 884 | missing: 37 | to update: 884
2025-09-17 21:44:17,617 - INFO - ✅ attach_events: updated 884 facilities.
2025-09-17 21:44:17,626 - INFO - Total pipeline time: 4.36 minutes
