2025-08-19 17:49:18,311 - INFO - Updating mongo-metadata is set to True
2025-08-19 17:49:18,312 - INFO - 🕴️Normalising companies...
2025-08-19 17:49:19,757 - INFO - 🔢 19721 company or joint_venture nodes present
2025-08-19 17:49:19,758 - INFO - 🟢 of which 19719 already have name_canon. 2 need processing
2025-08-19 17:49:20,066 - INFO - 0 updates to be committed to mongoDB.
2025-08-19 17:49:20,066 - INFO - 🗞️ Flattening articles...
2025-08-19 17:49:56,701 - INFO - 💾 Saved nodes to storage/output/all_nodes.xlsx
2025-08-19 17:49:56,701 - INFO - 💾 Saved relationships to storage/output/all_rels.xlsx
2025-08-19 17:49:56,785 - INFO - 🉑 Merging nodes and relationships...
2025-08-19 17:50:13,441 - INFO - 💾 Saved factory-technology graph segment to storage/output/factory-technological.xlsx
2025-08-19 17:50:13,462 - INFO - Normalising capacities
2025-08-19 17:50:15,466 - INFO - Capacity rows: 9735 | failed: 782 (8.0%)
2025-08-19 17:50:15,466 - INFO - normalization_case
normalize:fallback:keep-metric       3265
normalize:default:gigawatt           2731
normalize:default:gigawatt hour      1434
normalize:vehicle:missing            1104
fallback:missing-metric               741
normalize:default:tonne               336
normalize:invalid-input                41
normalize:battery:energy-metric        37
normalize:battery:keyword:vehicle      23
normalize:battery:keyword:ev           13
normalize:battery:keyword:car          10
2025-08-19 17:50:17,936 - INFO - 🫂 Grouping projects...
2025-08-19 17:50:18,941 - INFO - Found 2654 rows:
2025-08-19 17:50:18,942 - INFO - ⚠️ 360 entries without CITY are dropped, rows reduced to 2294.
2025-08-19 17:50:18,942 - INFO - Missing counts: adm1            504
inst_canon        0
product_lv1     555
product_lv2    1128
dtype: int64
2025-08-19 17:50:18,943 - INFO - ⚠️  1298 rows dropped because of missing values; 1356 remain.
2025-08-19 17:50:18,943 - INFO - Unique owners before manual dict: 420
2025-08-19 17:50:18,943 - INFO - Unique owners after manual dict: 388
2025-08-19 17:50:20,603 - INFO - Saving filtered output to storage/output/filtered_projects.xlsx
2025-08-19 17:50:20,604 - INFO - 🏭 Importing facilities
2025-08-19 17:50:20,807 - INFO - 🗑️ Cleared existing facilities from MongoDB.
2025-08-19 17:50:20,951 - INFO - Saving a copy of facilities to Excel at storage/output/facilities.xlsx
2025-08-19 17:50:21,032 - INFO - Number of raw capacities - 1356
2025-08-19 17:50:21,032 - INFO - 📅 Unique capacities remaining after deduplication (keeping earliest date): 929
2025-08-19 17:50:21,101 - WARNING - bbox missing required keys. Available: []
2025-08-19 17:50:23,754 - INFO - ✅ Inserted 527 facilities into MongoDB, with 929 capacities.
2025-08-19 17:50:23,761 - INFO - 🧮 Determining phase summaries
2025-08-19 17:50:23,847 - INFO - 🚀 Starting summary updates for greenfield and expansion...
2025-08-19 17:50:26,926 - INFO - ✅ Updated summaries for 477 facilities.
2025-08-19 17:50:26,927 - INFO - Outputting clean capacities summary data
2025-08-19 17:50:27,325 - INFO - Total pipeline time: 1.15 minutes
