2025-08-20 17:22:36,816 - INFO - Updating mongo-metadata is set to False
2025-08-20 17:22:36,816 - INFO - 🗞️ Flattening articles...
2025-08-20 17:23:16,425 - INFO - 💾 Saved nodes to storage/output/all_nodes.xlsx
2025-08-20 17:23:16,426 - INFO - 💾 Saved relationships to storage/output/all_rels.xlsx
2025-08-20 17:23:16,507 - INFO - 🉑 Merging nodes and relationships...
2025-08-20 17:23:31,391 - INFO - 💾 Saved geo_lookup to storage/output/geo_lookup.json
2025-08-20 17:23:32,992 - INFO - 💾 Saved factory-technology graph segment to storage/output/factory-technological.xlsx
2025-08-20 17:23:33,012 - INFO - Normalising capacities
2025-08-20 17:23:33,579 - INFO - Capacity rows: 2658 | failed: 216 (8.1%)
2025-08-20 17:23:33,579 - INFO - normalization_case
normalize:fallback:keep-metric                                  895
normalize:already-clean:gigawatt                                548
normalize:already-clean:gigawatt hour                           544
normalize:vehicle:missing                                       310
fallback:missing-metric                                         197
normalize:already-clean:tonne                                    77
normalize:invalid-input                                          19
normalize:battery:energy-metric                                  16
normalize:battery:module_pack:battery systems->gigawatt hour     15
normalize:battery:keyword:vehicle                                 9
normalize:battery:keyword:ev                                      8
normalize:battery:module_pack:battery modules->gigawatt hour      5
normalize:battery:module_pack:unit->gigawatt hour                 5
normalize:battery:module_pack:battery packs->gigawatt hour        5
normalize:battery:module_pack:batteries->gigawatt hour            4
normalize:battery:keyword:car                                     1
2025-08-20 17:23:34,305 - INFO - 🫂 Grouping projects...
2025-08-20 17:23:34,610 - INFO - Found 2658 rows:
2025-08-20 17:23:34,611 - INFO - ⚠️ 360 entries without CITY are dropped, rows reduced to 2298.
2025-08-20 17:23:34,611 - INFO - Missing counts: adm1            353
inst_canon        2
product_lv1     538
product_lv2    1100
dtype: int64
2025-08-20 17:23:34,612 - INFO - ⚠️  1170 rows dropped because of missing values; 1488 remain.
2025-08-20 17:23:34,612 - INFO - Unique owners before manual dict: 453
2025-08-20 17:23:34,612 - INFO - Unique owners after manual dict: 419
2025-08-20 17:23:36,395 - INFO - Saving filtered output to storage/output/filtered_projects.xlsx
2025-08-20 17:23:36,395 - INFO - 🏭 Importing facilities
2025-08-20 17:23:36,578 - INFO - 🗑️ Cleared existing facilities from MongoDB.
2025-08-20 17:23:36,715 - INFO - Saving a copy of facilities to Excel at storage/output/facilities.xlsx
2025-08-20 17:23:36,805 - INFO - Number of raw capacities - 1488
2025-08-20 17:23:36,805 - INFO - 📅 Unique capacities remaining after deduplication (keeping earliest date): 1028
2025-08-20 17:23:36,817 - WARNING - bbox missing required keys. Available: []
2025-08-20 17:23:39,615 - INFO - ✅ Inserted 586 facilities into MongoDB, with 1028 capacities.
2025-08-20 17:23:39,619 - INFO - 🧮 Determining phase summaries
2025-08-20 17:23:39,706 - INFO - 🚀 Starting summary updates for main, greenfield and expansion...
2025-08-20 17:23:42,145 - INFO - ✅ Updated summaries for 585 facilities.
2025-08-20 17:23:42,146 - INFO - Outputting clean capacities summary data
2025-08-20 17:23:44,664 - INFO - Total pipeline time: 1.13 minutes
