2025-08-08 14:14:56,984 - INFO - Updating mongo-metadata is set to True
2025-08-08 14:14:56,984 - INFO - 🌎 Querying geonames...
2025-08-08 14:14:57,781 - INFO - 📦 Loaded 39 existing (country, city_key) pairs from MongoDB.
2025-08-08 14:14:58,141 - WARNING - [standardize_country] country lookup failed for “asia”
2025-08-08 14:14:58,146 - WARNING - [standardize_country] country lookup failed for “unclear”
2025-08-08 14:14:58,151 - WARNING - [standardize_country] country lookup failed for “europe”
2025-08-08 14:14:58,156 - INFO - 📰 Scanned 100 article(s) with factory nodes.
2025-08-08 14:14:58,156 - INFO - 🧹 Identified 43 new (country, city) pairs to query. Example three: [('China', 'tianjin'), ('China', 'qinghai'), ('United States', 'vallejo')]
2025-08-08 14:14:58,156 - INFO - ⏭️ Skipping CA - Canada (non-Europe).
2025-08-08 14:14:58,156 - INFO - ⏭️ Skipping CA - Canada (non-Europe).
2025-08-08 14:14:58,156 - INFO - ⏭️ Skipping CN - China (non-Europe).
2025-08-08 14:14:58,156 - INFO - ⏭️ Skipping CN - China (non-Europe).
2025-08-08 14:14:58,157 - INFO - ⏭️ Skipping CN - China (non-Europe).
2025-08-08 14:14:58,157 - INFO - ⏭️ Skipping CN - China (non-Europe).
2025-08-08 14:14:58,157 - INFO - ⏭️ Skipping CN - China (non-Europe).
2025-08-08 14:14:58,157 - INFO - ⏭️ Skipping CN - China (non-Europe).
2025-08-08 14:14:58,157 - INFO - ⏭️ Skipping CN - China (non-Europe).
2025-08-08 14:14:58,157 - INFO - ⏭️ Skipping CN - China (non-Europe).
2025-08-08 14:14:58,157 - INFO - ⏭️ Skipping CN - China (non-Europe).
2025-08-08 14:14:58,157 - INFO - ⏭️ Skipping CN - China (non-Europe).
2025-08-08 14:14:58,157 - INFO - ⏭️ Skipping CN - China (non-Europe).
2025-08-08 14:14:58,157 - INFO - ⏭️ Skipping CN - China (non-Europe).
2025-08-08 14:14:58,157 - INFO - ⏭️ Skipping CN - China (non-Europe).
2025-08-08 14:14:58,157 - INFO - ⏭️ Skipping CN - China (non-Europe).
2025-08-08 14:14:58,157 - INFO - ⏭️ Skipping CN - China (non-Europe).
2025-08-08 14:14:58,157 - INFO - ⏭️ Skipping CN - China (non-Europe).
2025-08-08 14:14:58,157 - INFO - ⏭️ Skipping CN - China (non-Europe).
2025-08-08 14:14:58,157 - INFO - ⏭️ Skipping CN - China (non-Europe).
2025-08-08 14:14:58,157 - INFO - ⏭️ Skipping CN - China (non-Europe).
2025-08-08 14:14:58,157 - INFO - ⏭️ Skipping JP - Japan (non-Europe).
2025-08-08 14:14:58,157 - INFO - ⏭️ Skipping KR - Korea, Republic of (non-Europe).
2025-08-08 14:14:58,157 - INFO - ⏭️ Skipping KR - Korea, Republic of (non-Europe).
2025-08-08 14:14:58,157 - INFO - ⏭️ Skipping KR - Korea, Republic of (non-Europe).
2025-08-08 14:14:58,157 - INFO - ⏭️ Skipping MA - Morocco (non-Europe).
2025-08-08 14:14:58,157 - INFO - ⏭️ Skipping RU - Russian Federation (non-Europe).
2025-08-08 14:14:58,157 - INFO - ⏭️ Skipping ZA - South Africa (non-Europe).
2025-08-08 14:14:58,157 - INFO - ⏭️ Skipping US - United States (non-Europe).
2025-08-08 14:14:58,157 - INFO - ⏭️ Skipping US - United States (non-Europe).
2025-08-08 14:14:58,157 - INFO - ⏭️ Skipping US - United States (non-Europe).
2025-08-08 14:14:58,157 - INFO - ⏭️ Skipping US - United States (non-Europe).
2025-08-08 14:14:58,157 - INFO - ⏭️ Skipping US - United States (non-Europe).
2025-08-08 14:14:58,157 - INFO - ⏭️ Skipping US - United States (non-Europe).
2025-08-08 14:14:58,157 - INFO - ⏭️ Skipping US - United States (non-Europe).
2025-08-08 14:14:58,157 - INFO - ⏭️ Skipping US - United States (non-Europe).
2025-08-08 14:14:58,157 - INFO - ⏭️ Skipping US - United States (non-Europe).
2025-08-08 14:14:58,157 - INFO - ⏭️ Skipping US - United States (non-Europe).
2025-08-08 14:14:58,157 - INFO - ⏭️ Skipping US - United States (non-Europe).
2025-08-08 14:14:58,157 - INFO - ⏭️ Skipping US - United States (non-Europe).
2025-08-08 14:14:58,157 - INFO - ⏭️ Skipping US - United States (non-Europe).
2025-08-08 14:14:58,157 - INFO - ⏭️ Skipping US - United States (non-Europe).
2025-08-08 14:14:58,157 - INFO - ⏭️ Skipping US - United States (non-Europe).
2025-08-08 14:14:58,157 - INFO - 📭 No new updates to write.
2025-08-08 14:14:58,157 - INFO - 🗞️ Flattening articles...
2025-08-08 14:15:08,300 - INFO - -- tracking 52638 nodes
2025-08-08 14:15:08,300 - INFO - -- tracking 35211 relationships
2025-08-08 14:15:08,300 - INFO - 💾 Saved nodes to storage/output/all_nodes.xlsx
2025-08-08 14:15:08,300 - INFO - 💾 Saved relationships to storage/output/all_rels.xlsx
2025-08-08 14:15:08,325 - INFO - 🉑 Merging nodes and relationships...
2025-08-08 14:15:12,522 - WARNING - [standardize_country] country lookup failed for “sweden or finland”
2025-08-08 14:15:12,547 - WARNING - [standardize_country] country lookup failed for “northern macedonia”
2025-08-08 14:15:12,551 - WARNING - [standardize_country] country lookup failed for “eastern europe”
2025-08-08 14:15:12,556 - WARNING - [standardize_country] country lookup failed for “bavaria, germany”
2025-08-08 14:15:12,560 - WARNING - [standardize_country] country lookup failed for “china, mexico, poland, india”
2025-08-08 14:15:12,577 - WARNING - [standardize_country] country lookup failed for “germany, poland, or hungary”
2025-08-08 14:15:12,581 - WARNING - [standardize_country] country lookup failed for “democratic republic of congo”
2025-08-08 14:15:12,585 - WARNING - [standardize_country] country lookup failed for “germany-dutch”
2025-08-08 14:15:12,602 - WARNING - [standardize_country] country lookup failed for “north america”
2025-08-08 14:15:12,606 - WARNING - [standardize_country] country lookup failed for “eu and uk”
2025-08-08 14:15:12,611 - WARNING - [standardize_country] country lookup failed for “mexico, usa or canada”
2025-08-08 14:15:12,615 - WARNING - [standardize_country] country lookup failed for “western europe”
2025-08-08 14:15:12,623 - WARNING - [standardize_country] country lookup failed for “mainland europe”
2025-08-08 14:15:12,627 - WARNING - [standardize_country] country lookup failed for “central or eastern europe”
2025-08-08 14:15:12,631 - WARNING - [standardize_country] country lookup failed for “sardinia”
2025-08-08 14:15:12,644 - WARNING - [standardize_country] country lookup failed for “bosnia-herzegovina”
2025-08-08 14:15:12,653 - WARNING - [standardize_country] country lookup failed for “morocoo”
2025-08-08 14:15:12,960 - INFO - 💾 Saved factory-technology graph segment to storage/output/factory-technological.xlsx
2025-08-08 14:15:12,965 - INFO - 🫂 Grouping projects...
2025-08-08 14:15:12,965 - INFO - Reading input file: storage/output/factory-technological.xlsx
2025-08-08 14:15:13,151 - INFO - ⚠️ 417 entries without CITY are dropped.
2025-08-08 14:15:13,152 - INFO - 🗑️ Dropped all 417 from dataframe. 2925 reduced to 2508
2025-08-08 14:15:13,152 - INFO - Missing values per column before dropping:
2025-08-08 14:15:13,152 - INFO - adm1           2380
inst_canon        8
product_lv1     567
product_lv2    1233
dtype: int64
2025-08-08 14:15:13,153 - INFO - Dropped 2820 rows because of missing values; 105 remain.
2025-08-08 14:15:13,153 - INFO - Unique owners before manual dict: 29
2025-08-08 14:15:13,153 - INFO - Unique owners after manual dict: 25
2025-08-08 14:15:14,736 - INFO - Saving output to ./storage/output/all_projects.xlsx
2025-08-08 14:15:14,756 - INFO - Saving filtered output to storage/output/filtered_projects.xlsx
2025-08-08 14:15:14,756 - INFO - 🏭 Importing facilities
2025-08-08 14:15:14,921 - INFO - 🗑️ Cleared existing facilities from MongoDB.
2025-08-08 14:15:14,939 - INFO - Saving a copy of facilities to Excel at storage/output/facilities.xlsx
2025-08-08 14:15:14,950 - INFO - Number of raw capacities - 55
2025-08-08 14:15:14,950 - INFO - 📅 Unique capacities remaining after deduplication (keeping earliest date): 47
2025-08-08 14:15:15,044 - INFO - ✅ Inserted 15 facilities into MongoDB, with 47 capacities.
2025-08-08 14:15:15,044 - INFO - 🧮 Determining phase summaries
2025-08-08 14:15:15,121 - INFO - 🚀 Starting summary updates for greenfield and expansion...
2025-08-08 14:15:15,311 - INFO - ✅ Updated summaries for 15 facilities.
2025-08-08 14:15:15,312 - INFO - Total pipeline time: 0.31 minutes
