2025-08-08 11:30:29,564 - INFO - Updating mongo-metadata is set to True
2025-08-08 11:30:30,862 - INFO - 📦 Loaded 1146 existing (country, city_key) pairs from MongoDB.
2025-08-08 11:30:31,502 - INFO - 📰 Found 100 article(s) containing factory nodes.
2025-08-08 11:30:31,543 - WARNING - [standardize_country] country lookup failed for “asia”
2025-08-08 11:30:31,549 - WARNING - [standardize_country] country lookup failed for “unclear”
2025-08-08 11:30:31,555 - WARNING - [standardize_country] country lookup failed for “europe”
2025-08-08 11:30:31,561 - INFO - 🧹 Identified 18 new (country, city) pairs to query. Example three:
2025-08-08 11:30:31,561 - INFO - [('United States', 'california'), ('United States', 'orion'), ('United States', 'fremont')]
2025-08-08 11:30:41,190 - INFO - ✅ Geonames MongoDB updated. Inserted: 0, Modified: 9
2025-08-08 11:30:41,191 - INFO - 🗞️ Flattening articles...
2025-08-08 11:31:01,128 - INFO - 💾 Saved nodes to storage/output/all_nodes.xlsx
2025-08-08 11:31:01,129 - INFO - 💾 Saved relationships to storage/output/all_rels.xlsx
2025-08-08 11:31:01,154 - INFO - 🉑 Merging nodes and relationships...
2025-08-08 11:31:05,712 - WARNING - [standardize_country] country lookup failed for “sweden or finland”
2025-08-08 11:31:05,737 - WARNING - [standardize_country] country lookup failed for “northern macedonia”
2025-08-08 11:31:05,741 - WARNING - [standardize_country] country lookup failed for “eastern europe”
2025-08-08 11:31:05,746 - WARNING - [standardize_country] country lookup failed for “bavaria, germany”
2025-08-08 11:31:05,750 - WARNING - [standardize_country] country lookup failed for “china, mexico, poland, india”
2025-08-08 11:31:05,767 - WARNING - [standardize_country] country lookup failed for “germany, poland, or hungary”
2025-08-08 11:31:05,771 - WARNING - [standardize_country] country lookup failed for “democratic republic of congo”
2025-08-08 11:31:05,775 - WARNING - [standardize_country] country lookup failed for “germany-dutch”
2025-08-08 11:31:05,792 - WARNING - [standardize_country] country lookup failed for “north america”
2025-08-08 11:31:05,796 - WARNING - [standardize_country] country lookup failed for “eu and uk”
2025-08-08 11:31:05,800 - WARNING - [standardize_country] country lookup failed for “mexico, usa or canada”
2025-08-08 11:31:05,805 - WARNING - [standardize_country] country lookup failed for “western europe”
2025-08-08 11:31:05,813 - WARNING - [standardize_country] country lookup failed for “mainland europe”
2025-08-08 11:31:05,817 - WARNING - [standardize_country] country lookup failed for “central or eastern europe”
2025-08-08 11:31:05,822 - WARNING - [standardize_country] country lookup failed for “sardinia”
2025-08-08 11:31:05,834 - WARNING - [standardize_country] country lookup failed for “bosnia-herzegovina”
2025-08-08 11:31:05,843 - WARNING - [standardize_country] country lookup failed for “morocoo”
2025-08-08 11:31:06,152 - INFO - 💾 Saved factory-technology graph segment to storage/output/factory-technological.xlsx
2025-08-08 11:31:06,156 - INFO - 🫂 Grouping projects...
2025-08-08 11:31:06,157 - INFO - Reading input file: storage/output/factory-technological.xlsx
2025-08-08 11:31:06,362 - INFO - Missing values per column before dropping:
2025-08-08 11:31:06,362 - INFO - adm1           1644
inst_canon        8
product_lv1     698
product_lv2    1450
dtype: int64
2025-08-08 11:31:06,363 - INFO - Dropped 1908 rows because of missing values; 1017 remain.
2025-08-08 11:31:06,363 - INFO - Unique owners before manual dict: 237
2025-08-08 11:31:06,363 - INFO - Unique owners after manual dict: 222
2025-08-08 11:31:08,249 - INFO - Saving output to ./storage/output/all_projects.xlsx
2025-08-08 11:31:08,361 - INFO - Saving filtered output to storage/output/filtered_projects.xlsx
2025-08-08 11:31:08,362 - INFO - 🏭 Importing facilities
2025-08-08 11:31:08,523 - INFO - 🗑️ Cleared existing facilities from MongoDB.
2025-08-08 11:31:08,563 - INFO - Saving a copy of facilities to Excel at storage/output/facilities.xlsx
2025-08-08 11:31:08,581 - INFO - Number of raw capacities - 246
2025-08-08 11:31:08,581 - INFO - 📅 Unique capacities remaining after deduplication (keeping earliest date): 175
2025-08-08 11:31:08,762 - INFO - ✅ Inserted 71 facilities into MongoDB, with 175 capacities.
2025-08-08 11:31:08,763 - INFO - 🧮 Determining phase summaries
2025-08-08 11:31:08,825 - INFO - 🚀 Starting summary updates for greenfield and expansion...
2025-08-08 11:31:09,523 - INFO - ✅ Updated summaries for 68 facilities.
2025-08-08 11:31:09,523 - INFO - Total pipeline time: 0.67 minutes
