2025-09-10 17:48:50,613 - INFO - Updating mongo-metadata is set to False
2025-09-10 17:48:50,613 - INFO - 🗞️ Flattening articles...
2025-09-10 17:48:50,613 - INFO - 🉑 Merging nodes and relationships...
2025-09-10 17:49:06,441 - INFO - 💾 Saved geo_lookup to storage/output/geo_lookup.json
2025-09-10 17:49:08,874 - INFO - 💾 Saved: storage/output/factory_registry.xlsx
2025-09-10 17:49:24,411 - INFO - 💾 Saved geo_lookup to storage/output/geo_lookup.json
2025-09-10 17:49:25,343 - INFO - 💾 Saved: storage/output/factory-technological.xlsx
2025-09-10 17:49:40,866 - INFO - 💾 Saved geo_lookup to storage/output/geo_lookup.json
2025-09-10 17:49:41,180 - INFO - 💾 Saved: storage/output/company-joint-venture.xlsx
2025-09-10 17:49:56,661 - INFO - 💾 Saved geo_lookup to storage/output/geo_lookup.json
2025-09-10 17:49:57,697 - INFO - 💾 Saved: storage/output/investment-funds-factory.xlsx
2025-09-10 17:49:57,865 - INFO - Capacity rows: 582 | failed: 34 (5.8%)
2025-09-10 17:49:57,866 - INFO - normalization_case
normalize:fallback:keep-metric                                  180
normalize:already-clean:gigawatt                                145
normalize:already-clean:gigawatt hour                           137
normalize:vehicle:missing                                        56
fallback:missing-metric                                          34
normalize:already-clean:tonne                                     6
normalize:battery:module_pack:battery systems->gigawatt hour      5
normalize:battery:keyword:ev                                      4
normalize:battery:module_pack:battery modules->gigawatt hour      3
normalize:battery:module_pack:batteries->gigawatt hour            3
normalize:battery:energy-metric                                   3
normalize:battery:keyword:vehicle                                 2
normalize:battery:module_pack:battery packs->gigawatt hour        2
normalize:battery:keyword:car                                     1
normalize:battery:module_pack:unit->gigawatt hour                 1
2025-09-10 17:49:58,039 - INFO - 🫂 Grouping projects...
2025-09-10 17:49:58,039 - INFO - Processing: storage/output/factory-technological-clean-capacities.xlsx → storage/output/grouped-capacities.xlsx
2025-09-10 17:49:58,127 - INFO - Found 582 rows (EU only).
2025-09-10 17:49:58,129 - INFO - ⚠️ 144 rows lack an admin_group_key after applying per-country rules.
2025-09-10 17:49:58,129 - INFO - ⚠️ 62 entries without CITY are dropped.
2025-09-10 17:49:58,130 - INFO - Rows reduced to 520 after dropping missing city_key.
2025-09-10 17:49:58,130 - INFO - ⚠️ 82 entries without a geographic locator are dropped.
2025-09-10 17:49:58,130 - INFO - Rows reduced to 438 after dropping missing admin_group_key.
2025-09-10 17:49:58,130 - INFO - ⚠️ 42 entries without a normalised PRODUCT-LV1 are dropped.
2025-09-10 17:49:58,130 - INFO - Rows reduced to 396 after dropping missing product_lv1.
2025-09-10 17:49:58,130 - INFO - ⚠️ 186 total rows dropped due to missing required fields; 396 remain.
2025-09-10 17:49:58,130 - INFO - ⚠️ 144 entries without a normalised PRODUCT-LV2.
2025-09-10 17:49:58,131 - INFO - Unique owners before manual dict: 203
2025-09-10 17:49:58,131 - INFO - Unique owners after manual dict: 187
2025-09-10 17:49:58,132 - INFO - Applied site merges to 5 rows.
2025-09-10 17:49:59,985 - INFO - Overwrote inst_canon with JV labels for 29 rows
2025-09-10 17:50:00,048 - INFO - Saving filtered output to storage/output/grouped-capacities.xlsx
2025-09-10 17:50:00,049 - INFO - Processing: storage/output/factory_registry.xlsx → storage/output/grouped-factories.xlsx
2025-09-10 17:50:00,731 - INFO - Found 10719 rows (EU only).
2025-09-10 17:50:00,758 - INFO - ⚠️ 2508 rows lack an admin_group_key after applying per-country rules.
2025-09-10 17:50:00,759 - INFO - ⚠️ 36 entries without a normalised OWNER name are dropped.
2025-09-10 17:50:00,760 - INFO - Rows reduced to 10683 after dropping missing inst_canon.
2025-09-10 17:50:00,760 - INFO - ⚠️ 1217 entries without CITY are dropped.
2025-09-10 17:50:00,762 - INFO - Rows reduced to 9466 after dropping missing city_key.
2025-09-10 17:50:00,762 - INFO - ⚠️ 1287 entries without a geographic locator are dropped.
2025-09-10 17:50:00,763 - INFO - Rows reduced to 8179 after dropping missing admin_group_key.
2025-09-10 17:50:00,764 - INFO - ⚠️ 3830 entries without a normalised PRODUCT-LV1 are dropped.
2025-09-10 17:50:00,765 - INFO - Rows reduced to 4349 after dropping missing product_lv1.
2025-09-10 17:50:00,765 - INFO - ⚠️ 6370 total rows dropped due to missing required fields; 4349 remain.
2025-09-10 17:50:00,765 - INFO - ⚠️ 1960 entries without a normalised PRODUCT-LV2.
2025-09-10 17:50:00,765 - INFO - Unique owners before manual dict: 975
2025-09-10 17:50:00,766 - INFO - Unique owners after manual dict: 910
2025-09-10 17:50:00,780 - INFO - Applied site merges to 49 rows.
2025-09-10 17:50:02,781 - INFO - Overwrote inst_canon with JV labels for 231 rows
2025-09-10 17:50:03,413 - INFO - Saving filtered output to storage/output/grouped-factories.xlsx
2025-09-10 17:50:03,415 - INFO - Processing: storage/output/investment-funds-factory.xlsx → storage/output/grouped-investments.xlsx
2025-09-10 17:50:03,574 - INFO - Found 1805 rows (EU only).
2025-09-10 17:50:03,579 - INFO - ⚠️ 333 rows lack an admin_group_key after applying per-country rules.
2025-09-10 17:50:03,579 - INFO - ⚠️ 2 entries without a normalised OWNER name are dropped.
2025-09-10 17:50:03,580 - INFO - Rows reduced to 1803 after dropping missing inst_canon.
2025-09-10 17:50:03,580 - INFO - ⚠️ 133 entries without CITY are dropped.
2025-09-10 17:50:03,580 - INFO - Rows reduced to 1670 after dropping missing city_key.
2025-09-10 17:50:03,580 - INFO - ⚠️ 199 entries without a geographic locator are dropped.
2025-09-10 17:50:03,581 - INFO - Rows reduced to 1471 after dropping missing admin_group_key.
2025-09-10 17:50:03,581 - INFO - ⚠️ 610 entries without a normalised PRODUCT-LV1 are dropped.
2025-09-10 17:50:03,581 - INFO - Rows reduced to 861 after dropping missing product_lv1.
2025-09-10 17:50:03,581 - INFO - ⚠️ 944 total rows dropped due to missing required fields; 861 remain.
2025-09-10 17:50:03,581 - INFO - ⚠️ 377 entries without a normalised PRODUCT-LV2.
2025-09-10 17:50:03,581 - INFO - Unique owners before manual dict: 301
2025-09-10 17:50:03,582 - INFO - Unique owners after manual dict: 277
2025-09-10 17:50:03,585 - INFO - Applied site merges to 13 rows.
2025-09-10 17:50:05,510 - INFO - Overwrote inst_canon with JV labels for 61 rows
