2025-08-19 18:07:33,966 - INFO - Updating mongo-metadata is set to True
2025-08-19 18:07:33,967 - INFO - 🕴️Normalising companies...
2025-08-19 18:07:35,182 - INFO - 🔢 19721 company or joint_venture nodes present
2025-08-19 18:07:35,183 - INFO - 🟢 of which 19719 already have name_canon. 2 need processing
2025-08-19 18:07:35,543 - INFO - 0 updates to be committed to mongoDB.
2025-08-19 18:07:35,544 - INFO - 🗞️ Flattening articles...
2025-08-19 18:08:14,249 - INFO - 💾 Saved nodes to storage/output/all_nodes.xlsx
2025-08-19 18:08:14,249 - INFO - 💾 Saved relationships to storage/output/all_rels.xlsx
2025-08-19 18:08:14,334 - INFO - 🉑 Merging nodes and relationships...
2025-08-19 18:08:30,937 - INFO - 💾 Saved factory-technology graph segment to storage/output/factory-technological.xlsx
2025-08-19 18:08:30,957 - INFO - Normalising capacities
2025-08-19 18:08:32,921 - INFO - Capacity rows: 9735 | failed: 782 (8.0%)
2025-08-19 18:08:32,922 - INFO - normalization_case
normalize:fallback:keep-metric       3265
normalize:default:gigawatt           2731
normalize:default:gigawatt hour      1434
normalize:vehicle:missing            1104
fallback:missing-metric               741
normalize:default:tonne               336
normalize:invalid-input                41
normalize:battery:energy-metric        37
normalize:battery:keyword:vehicle      23
normalize:battery:keyword:ev           13
normalize:battery:keyword:car          10
2025-08-19 18:08:35,372 - INFO - 🫂 Grouping projects...
2025-08-19 18:08:36,371 - INFO - Found 2654 rows:
2025-08-19 18:08:36,372 - INFO - ⚠️ 360 entries without CITY are dropped, rows reduced to 2294.
2025-08-19 18:08:36,372 - INFO - Missing counts: adm1           1166
inst_canon        0
product_lv1     555
product_lv2    1128
dtype: int64
2025-08-19 18:08:36,373 - INFO - ⚠️  1839 rows dropped because of missing values; 815 remain.
2025-08-19 18:08:36,373 - INFO - Unique owners before manual dict: 300
2025-08-19 18:08:36,374 - INFO - Unique owners after manual dict: 284
2025-08-19 18:08:38,043 - INFO - Saving filtered output to storage/output/filtered_projects.xlsx
2025-08-19 18:08:38,043 - INFO - 🏭 Importing facilities
2025-08-19 18:08:38,392 - INFO - 🗑️ Cleared existing facilities from MongoDB.
2025-08-19 18:08:38,497 - INFO - Saving a copy of facilities to Excel at storage/output/facilities.xlsx
2025-08-19 18:08:38,555 - INFO - Number of raw capacities - 815
2025-08-19 18:08:38,555 - INFO - 📅 Unique capacities remaining after deduplication (keeping earliest date): 564
2025-08-19 18:08:38,562 - WARNING - bbox missing required keys. Available: []
2025-08-19 18:08:40,135 - INFO - ✅ Inserted 366 facilities into MongoDB, with 564 capacities.
2025-08-19 18:08:40,138 - INFO - 🧮 Determining phase summaries
2025-08-19 18:08:40,219 - INFO - 🚀 Starting summary updates for greenfield and expansion...
2025-08-19 18:08:42,234 - INFO - ✅ Updated summaries for 333 facilities.
2025-08-19 18:08:42,236 - INFO - Outputting clean capacities summary data
2025-08-19 18:08:42,606 - INFO - Total pipeline time: 1.14 minutes
