2025-08-23 23:34:48,456 - INFO - Updating mongo-metadata is set to False
2025-08-23 23:34:48,457 - INFO - 🗞️ Flattening articles...
2025-08-23 23:35:28,878 - INFO - 💾 Saved nodes to storage/output/all_nodes.xlsx
2025-08-23 23:35:28,878 - INFO - 💾 Saved relationships to storage/output/all_rels.xlsx
2025-08-23 23:35:28,961 - INFO - 🉑 Merging nodes and relationships...
2025-08-23 23:35:44,487 - INFO - 💾 Saved geo_lookup to storage/output/geo_lookup.json
2025-08-23 23:35:46,969 - INFO - 💾 Saved: storage/output/factory_registry.xlsx
2025-08-23 23:36:02,109 - INFO - 💾 Saved geo_lookup to storage/output/geo_lookup.json
2025-08-23 23:36:03,234 - INFO - 💾 Saved: storage/output/factory-technological.xlsx
2025-08-23 23:36:18,279 - INFO - 💾 Saved geo_lookup to storage/output/geo_lookup.json
2025-08-23 23:36:18,591 - INFO - 💾 Saved: storage/output/company-joint-venture.xlsx
2025-08-23 23:36:18,604 - INFO - Normalising capacities
2025-08-23 23:36:19,302 - INFO - Capacity rows: 2763 | failed: 234 (8.5%)
2025-08-23 23:36:19,302 - INFO - normalization_case
normalize:fallback:keep-metric                                  920
normalize:already-clean:gigawatt                                648
normalize:already-clean:gigawatt hour                           584
normalize:vehicle:missing                                       278
fallback:missing-metric                                         214
normalize:already-clean:tonne                                    32
normalize:invalid-input                                          20
normalize:battery:energy-metric                                  16
normalize:battery:module_pack:battery systems->gigawatt hour     15
normalize:battery:keyword:ev                                      8
normalize:battery:keyword:vehicle                                 8
normalize:battery:module_pack:battery modules->gigawatt hour      5
normalize:battery:module_pack:unit->gigawatt hour                 5
normalize:battery:module_pack:battery packs->gigawatt hour        5
normalize:battery:module_pack:batteries->gigawatt hour            4
normalize:battery:keyword:car                                     1
2025-08-23 23:36:20,023 - INFO - 🫂 Grouping projects...
2025-08-23 23:36:20,023 - INFO - Processing: storage/output/factory-technological-clean-capacities.xlsx → storage/output/grouped-capacities.xlsx
2025-08-23 23:36:20,371 - INFO - Found 2763 rows (EU only).
2025-08-23 23:36:20,379 - INFO - ⚠️ 746 rows lack an admin_group_key after applying per-country rules.
2025-08-23 23:36:20,380 - INFO - ⚠️ 366 entries without CITY are dropped.
2025-08-23 23:36:20,380 - INFO - Rows reduced to 2397 after dropping missing city_key.
2025-08-23 23:36:20,381 - INFO - ⚠️ 380 entries without a geographic locator are dropped.
2025-08-23 23:36:20,381 - INFO - Rows reduced to 2017 after dropping missing admin_group_key.
2025-08-23 23:36:20,381 - INFO - ⚠️ 329 entries without a normalised PRODUCT-LV1 are dropped.
2025-08-23 23:36:20,382 - INFO - Rows reduced to 1688 after dropping missing product_lv1.
2025-08-23 23:36:20,382 - INFO - ⚠️ 1075 total rows dropped due to missing required fields; 1688 remain.
2025-08-23 23:36:20,382 - INFO - ⚠️ 596 entries without a normalised PRODUCT-LV2.
2025-08-23 23:36:20,382 - INFO - Unique owners before manual dict: 533
2025-08-23 23:36:20,383 - INFO - Unique owners after manual dict: 488
2025-08-23 23:36:20,388 - INFO - Applied site merges to 18 rows.
2025-08-23 23:36:22,363 - INFO - Overwrote inst_canon with JV labels for 121 rows
2025-08-23 23:36:22,617 - INFO - Saving filtered output to storage/output/grouped-capacities.xlsx
2025-08-23 23:36:22,618 - INFO - Processing: storage/output/factory_registry.xlsx → storage/output/grouped-factories.xlsx
2025-08-23 23:36:23,270 - INFO - Found 10425 rows (EU only).
2025-08-23 23:36:23,297 - INFO - ⚠️ 2491 rows lack an admin_group_key after applying per-country rules.
2025-08-23 23:36:23,300 - INFO - ⚠️ 1218 entries without CITY are dropped.
2025-08-23 23:36:23,301 - INFO - Rows reduced to 9207 after dropping missing city_key.
2025-08-23 23:36:23,301 - INFO - ⚠️ 1273 entries without a geographic locator are dropped.
2025-08-23 23:36:23,302 - INFO - Rows reduced to 7934 after dropping missing admin_group_key.
2025-08-23 23:36:23,302 - INFO - ⚠️ 3701 entries without a normalised PRODUCT-LV1 are dropped.
2025-08-23 23:36:23,303 - INFO - Rows reduced to 4233 after dropping missing product_lv1.
2025-08-23 23:36:23,303 - INFO - ⚠️ 6192 total rows dropped due to missing required fields; 4233 remain.
2025-08-23 23:36:23,303 - INFO - ⚠️ 1900 entries without a normalised PRODUCT-LV2.
2025-08-23 23:36:23,303 - INFO - Unique owners before manual dict: 966
2025-08-23 23:36:23,304 - INFO - Unique owners after manual dict: 919
2025-08-23 23:36:23,317 - INFO - Applied site merges to 47 rows.
2025-08-23 23:36:25,285 - INFO - Overwrote inst_canon with JV labels for 228 rows
2025-08-23 23:36:25,825 - INFO - Saving filtered output to storage/output/grouped-factories.xlsx
2025-08-23 23:36:25,828 - INFO - 🏭 Importing facilities
2025-08-23 23:36:26,008 - INFO - 🗑️ Cleared existing facilities from MongoDB.
2025-08-23 23:36:26,486 - INFO - Saving a copy of facilities to Excel at storage/output/facilities.xlsx
2025-08-23 23:36:26,853 - INFO - Number of raw capacities: 1688
2025-08-23 23:36:26,854 - INFO - 📅 Unique capacities after dedup (earliest per tuple): 1303
2025-08-23 23:36:26,874 - INFO - Facilities before filter: 1578 | with capacities: 673 | without capacities (skipped): 905
2025-08-23 23:36:30,431 - INFO - ✅ Inserted 673 facilities into MongoDB with 1303 deduplicated capacities attached.
2025-08-23 23:36:30,440 - INFO - 🧮 Determining phase summaries
2025-08-23 23:36:30,531 - INFO - 🚀 Starting summary updates for main, greenfield and expansion...
2025-08-23 23:36:33,960 - INFO - ✅ Updated summaries for 672 facilities.
2025-08-23 23:36:33,962 - INFO - Outputting clean capacities summary data
2025-08-23 23:36:35,153 - INFO - Total pipeline time: 1.78 minutes
