2025-08-20 14:16:40,262 - INFO - Updating mongo-metadata is set to True
2025-08-20 14:16:40,262 - INFO - 🕴️Normalising companies...
2025-08-20 14:16:41,536 - INFO - 🔢 19741 company or joint_venture nodes present
2025-08-20 14:16:41,536 - INFO - 🟢 of which 19718 already have name_canon. 23 need processing
2025-08-20 14:16:41,942 - INFO - 72 updates to be committed to mongoDB.
2025-08-20 14:16:50,051 - INFO - Batch 0: matched 4162, modified 77
2025-08-20 14:16:50,052 - INFO - 🌎 Querying geonames...
2025-08-20 14:16:50,541 - INFO - 📦 Loaded 2550 existing (country, city_key) pairs from MongoDB.
2025-08-20 14:16:57,011 - INFO - 📰 Scanned 15627 article(s) with factory nodes.
2025-08-20 14:16:57,011 - INFO - 🧹 Identified 4297 new (country, city) pairs to query. Example three: [('United States', 'victoria_county_texas'), ('Japan', 'fukuoka_city'), ('China', 'guangxi')]
2025-08-20 14:16:58,983 - INFO - ✅ Geonames MongoDB updated. Inserted: 0 fresh documents, Modified: 7 documents.
2025-08-20 14:16:58,986 - INFO - 🧸 Classifying products
2025-08-20 14:17:00,214 - INFO - 🔎 Found 3647 products with attached capacities.
2025-08-20 14:22:08,833 - INFO - ✅ Batch 1: submitted=500, matched=2584, modified=8
2025-08-20 14:23:05,974 - INFO - ✅ Batch 2: submitted=500, matched=2848, modified=2
2025-08-20 14:24:05,880 - INFO - ✅ Batch 3: submitted=500, matched=6428, modified=10
2025-08-20 14:24:57,492 - INFO - ✅ Batch 4: submitted=450, matched=7492, modified=11
2025-08-20 14:24:57,492 - INFO - 🎉 All done: processed=1950, total_matched=19352, total_modified=31
2025-08-20 14:24:57,496 - INFO - 🗞️ Flattening articles...
2025-08-20 14:25:52,852 - INFO - 💾 Saved nodes to storage/output/all_nodes.xlsx
2025-08-20 14:25:52,852 - INFO - 💾 Saved relationships to storage/output/all_rels.xlsx
2025-08-20 14:25:52,935 - INFO - 🉑 Merging nodes and relationships...
2025-08-20 14:26:07,781 - INFO - 💾 Saved geo_lookup to storage/output/geo_lookup.json
2025-08-20 14:26:09,368 - INFO - 💾 Saved factory-technology graph segment to storage/output/factory-technological.xlsx
2025-08-20 14:26:09,388 - INFO - Normalising capacities
2025-08-20 14:26:11,486 - INFO - Capacity rows: 9735 | failed: 746 (7.7%)
2025-08-20 14:26:11,486 - INFO - normalization_case
normalize:fallback:keep-metric       3250
normalize:default:gigawatt           2736
normalize:default:gigawatt hour      1422
normalize:vehicle:missing            1149
fallback:missing-metric               705
normalize:default:tonne               346
normalize:invalid-input                41
normalize:battery:energy-metric        39
normalize:battery:keyword:vehicle      24
normalize:battery:keyword:ev           13
normalize:battery:keyword:car          10
2025-08-20 14:26:14,044 - INFO - 🫂 Grouping projects...
2025-08-20 14:26:15,076 - INFO - Found 2657 rows:
2025-08-20 14:26:15,077 - INFO - ⚠️ 360 entries without CITY are dropped, rows reduced to 2297.
2025-08-20 14:26:15,078 - INFO - Missing counts: adm1            353
inst_canon        0
product_lv1     533
product_lv2    1095
dtype: int64
2025-08-20 14:26:15,078 - INFO - ⚠️  1164 rows dropped because of missing values; 1493 remain.
2025-08-20 14:26:15,078 - INFO - Unique owners before manual dict: 454
2025-08-20 14:26:15,079 - INFO - Unique owners after manual dict: 420
2025-08-20 14:26:17,313 - INFO - Saving filtered output to storage/output/filtered_projects.xlsx
2025-08-20 14:26:17,314 - INFO - 🏭 Importing facilities
2025-08-20 14:26:17,498 - INFO - 🗑️ Cleared existing facilities from MongoDB.
2025-08-20 14:26:17,653 - INFO - Saving a copy of facilities to Excel at storage/output/facilities.xlsx
2025-08-20 14:26:17,744 - INFO - Number of raw capacities - 1493
2025-08-20 14:26:17,744 - INFO - 📅 Unique capacities remaining after deduplication (keeping earliest date): 1032
2025-08-20 14:26:17,756 - WARNING - bbox missing required keys. Available: []
2025-08-20 14:26:20,541 - INFO - ✅ Inserted 587 facilities into MongoDB, with 1032 capacities.
2025-08-20 14:26:20,545 - INFO - 🧮 Determining phase summaries
2025-08-20 14:26:20,625 - INFO - 🚀 Starting summary updates for main, greenfield and expansion...
2025-08-20 14:26:23,029 - INFO - ✅ Updated summaries for 586 facilities.
2025-08-20 14:26:23,031 - INFO - Outputting clean capacities summary data
