2025-08-08 09:51:05,967 - INFO - Updating mongo-metadata is set to True
2025-08-08 09:51:07,056 - INFO - 📦 Loaded 1144 existing (country, city_key) pairs from MongoDB.
2025-08-08 09:51:08,782 - INFO - 📰 Found 4778 article(s) containing factory nodes.
2025-08-08 09:51:08,805 - WARNING - [standardize_country] country lookup failed for “asia”
2025-08-08 09:51:08,810 - WARNING - [standardize_country] country lookup failed for “unclear”
2025-08-08 09:51:08,814 - WARNING - [standardize_country] country lookup failed for “europe”
2025-08-08 09:51:08,824 - WARNING - [standardize_country] country lookup failed for “sweden or finland”
2025-08-08 09:51:08,857 - WARNING - [standardize_country] country lookup failed for “northern macedonia”
2025-08-08 09:51:08,862 - WARNING - [standardize_country] country lookup failed for “eastern europe”
2025-08-08 09:51:08,867 - WARNING - [standardize_country] country lookup failed for “bavaria, germany”
2025-08-08 09:51:08,872 - WARNING - [standardize_country] country lookup failed for “china, mexico, poland, india”
2025-08-08 09:51:08,893 - WARNING - [standardize_country] country lookup failed for “germany, poland, or hungary”
2025-08-08 09:51:08,898 - WARNING - [standardize_country] country lookup failed for “democratic republic of congo”
2025-08-08 09:51:08,903 - WARNING - [standardize_country] country lookup failed for “germany-dutch”
2025-08-08 09:51:08,923 - WARNING - [standardize_country] country lookup failed for “north america”
2025-08-08 09:51:08,928 - WARNING - [standardize_country] country lookup failed for “eu and uk”
2025-08-08 09:51:08,932 - WARNING - [standardize_country] country lookup failed for “mexico, usa or canada”
2025-08-08 09:51:08,938 - WARNING - [standardize_country] country lookup failed for “western europe”
2025-08-08 09:51:08,948 - WARNING - [standardize_country] country lookup failed for “mainland europe”
2025-08-08 09:51:08,952 - WARNING - [standardize_country] country lookup failed for “central or eastern europe”
2025-08-08 09:51:08,957 - WARNING - [standardize_country] country lookup failed for “sardinia”
2025-08-08 09:51:08,973 - WARNING - [standardize_country] country lookup failed for “bosnia-herzegovina”
2025-08-08 09:51:08,982 - WARNING - [standardize_country] country lookup failed for “morocoo”
2025-08-08 09:51:08,982 - INFO - 🧹 Identified 595 new (country, city) pairs to query. Example three:
2025-08-08 09:51:08,982 - INFO - [('China', 'fujian_province'), ('Japan', 'kumamoto_prefecture'), ('United States', 'sidney')]
2025-08-08 09:53:57,502 - WARNING - [GeoNames 19] the hourly limit of 1000 credits for chiarastrama has been exceeded. Please throttle your requests or use the commercial service.
2025-08-08 09:53:57,662 - WARNING - [GeoNames 19] the hourly limit of 1000 credits for chiarastrama has been exceeded. Please throttle your requests or use the commercial service.
2025-08-08 09:53:57,877 - WARNING - [GeoNames 19] the hourly limit of 1000 credits for chiarastrama has been exceeded. Please throttle your requests or use the commercial service.
2025-08-08 09:53:58,055 - WARNING - [GeoNames 19] the hourly limit of 1000 credits for chiarastrama has been exceeded. Please throttle your requests or use the commercial service.
2025-08-08 09:53:58,222 - WARNING - [GeoNames 19] the hourly limit of 1000 credits for chiarastrama has been exceeded. Please throttle your requests or use the commercial service.
2025-08-08 09:53:58,367 - WARNING - [GeoNames 19] the hourly limit of 1000 credits for chiarastrama has been exceeded. Please throttle your requests or use the commercial service.
2025-08-08 09:53:58,524 - WARNING - [GeoNames 19] the hourly limit of 1000 credits for chiarastrama has been exceeded. Please throttle your requests or use the commercial service.
2025-08-08 09:53:58,669 - WARNING - [GeoNames 19] the hourly limit of 1000 credits for chiarastrama has been exceeded. Please throttle your requests or use the commercial service.
2025-08-08 09:53:58,845 - WARNING - [GeoNames 19] the hourly limit of 1000 credits for chiarastrama has been exceeded. Please throttle your requests or use the commercial service.
2025-08-08 09:53:59,022 - WARNING - [GeoNames 19] the hourly limit of 1000 credits for chiarastrama has been exceeded. Please throttle your requests or use the commercial service.
2025-08-08 09:53:59,215 - WARNING - [GeoNames 19] the hourly limit of 1000 credits for chiarastrama has been exceeded. Please throttle your requests or use the commercial service.
2025-08-08 09:53:59,365 - WARNING - [GeoNames 19] the hourly limit of 1000 credits for chiarastrama has been exceeded. Please throttle your requests or use the commercial service.
2025-08-08 09:53:59,573 - WARNING - [GeoNames 19] the hourly limit of 1000 credits for chiarastrama has been exceeded. Please throttle your requests or use the commercial service.
2025-08-08 09:53:59,730 - WARNING - [GeoNames 19] the hourly limit of 1000 credits for chiarastrama has been exceeded. Please throttle your requests or use the commercial service.
2025-08-08 09:53:59,881 - WARNING - [GeoNames 19] the hourly limit of 1000 credits for chiarastrama has been exceeded. Please throttle your requests or use the commercial service.
2025-08-08 09:54:00,033 - WARNING - [GeoNames 19] the hourly limit of 1000 credits for chiarastrama has been exceeded. Please throttle your requests or use the commercial service.
2025-08-08 09:54:00,174 - WARNING - [GeoNames 19] the hourly limit of 1000 credits for chiarastrama has been exceeded. Please throttle your requests or use the commercial service.
2025-08-08 09:54:00,318 - WARNING - [GeoNames 19] the hourly limit of 1000 credits for chiarastrama has been exceeded. Please throttle your requests or use the commercial service.
2025-08-08 09:54:00,512 - WARNING - [GeoNames 19] the hourly limit of 1000 credits for chiarastrama has been exceeded. Please throttle your requests or use the commercial service.
2025-08-08 09:54:00,808 - WARNING - [GeoNames 19] the hourly limit of 1000 credits for chiarastrama has been exceeded. Please throttle your requests or use the commercial service.
2025-08-08 09:54:00,981 - WARNING - [GeoNames 19] the hourly limit of 1000 credits for chiarastrama has been exceeded. Please throttle your requests or use the commercial service.
2025-08-08 09:54:01,176 - WARNING - [GeoNames 19] the hourly limit of 1000 credits for chiarastrama has been exceeded. Please throttle your requests or use the commercial service.
2025-08-08 09:54:01,343 - WARNING - [GeoNames 19] the hourly limit of 1000 credits for chiarastrama has been exceeded. Please throttle your requests or use the commercial service.
2025-08-08 09:54:01,489 - WARNING - [GeoNames 19] the hourly limit of 1000 credits for chiarastrama has been exceeded. Please throttle your requests or use the commercial service.
2025-08-08 09:54:01,683 - WARNING - [GeoNames 19] the hourly limit of 1000 credits for chiarastrama has been exceeded. Please throttle your requests or use the commercial service.
2025-08-08 09:54:01,824 - WARNING - [GeoNames 19] the hourly limit of 1000 credits for chiarastrama has been exceeded. Please throttle your requests or use the commercial service.
2025-08-08 09:54:01,982 - WARNING - [GeoNames 19] the hourly limit of 1000 credits for chiarastrama has been exceeded. Please throttle your requests or use the commercial service.
2025-08-08 09:54:02,136 - WARNING - [GeoNames 19] the hourly limit of 1000 credits for chiarastrama has been exceeded. Please throttle your requests or use the commercial service.
2025-08-08 09:54:02,311 - WARNING - [GeoNames 19] the hourly limit of 1000 credits for chiarastrama has been exceeded. Please throttle your requests or use the commercial service.
2025-08-08 09:54:02,485 - WARNING - [GeoNames 19] the hourly limit of 1000 credits for chiarastrama has been exceeded. Please throttle your requests or use the commercial service.
2025-08-08 09:54:02,642 - WARNING - [GeoNames 19] the hourly limit of 1000 credits for chiarastrama has been exceeded. Please throttle your requests or use the commercial service.
2025-08-08 09:54:02,825 - WARNING - [GeoNames 19] the hourly limit of 1000 credits for chiarastrama has been exceeded. Please throttle your requests or use the commercial service.
2025-08-08 09:54:02,960 - WARNING - [GeoNames 19] the hourly limit of 1000 credits for chiarastrama has been exceeded. Please throttle your requests or use the commercial service.
2025-08-08 09:54:03,104 - WARNING - [GeoNames 19] the hourly limit of 1000 credits for chiarastrama has been exceeded. Please throttle your requests or use the commercial service.
2025-08-08 09:54:03,270 - WARNING - [GeoNames 19] the hourly limit of 1000 credits for chiarastrama has been exceeded. Please throttle your requests or use the commercial service.
2025-08-08 09:54:03,445 - WARNING - [GeoNames 19] the hourly limit of 1000 credits for chiarastrama has been exceeded. Please throttle your requests or use the commercial service.
2025-08-08 09:54:03,609 - WARNING - [GeoNames 19] the hourly limit of 1000 credits for chiarastrama has been exceeded. Please throttle your requests or use the commercial service.
2025-08-08 09:54:03,746 - WARNING - [GeoNames 19] the hourly limit of 1000 credits for chiarastrama has been exceeded. Please throttle your requests or use the commercial service.
2025-08-08 09:54:03,900 - WARNING - [GeoNames 19] the hourly limit of 1000 credits for chiarastrama has been exceeded. Please throttle your requests or use the commercial service.
2025-08-08 09:54:04,059 - WARNING - [GeoNames 19] the hourly limit of 1000 credits for chiarastrama has been exceeded. Please throttle your requests or use the commercial service.
2025-08-08 09:54:04,209 - WARNING - [GeoNames 19] the hourly limit of 1000 credits for chiarastrama has been exceeded. Please throttle your requests or use the commercial service.
2025-08-08 09:54:04,359 - WARNING - [GeoNames 19] the hourly limit of 1000 credits for chiarastrama has been exceeded. Please throttle your requests or use the commercial service.
2025-08-08 09:54:04,527 - WARNING - [GeoNames 19] the hourly limit of 1000 credits for chiarastrama has been exceeded. Please throttle your requests or use the commercial service.
2025-08-08 09:54:04,673 - WARNING - [GeoNames 19] the hourly limit of 1000 credits for chiarastrama has been exceeded. Please throttle your requests or use the commercial service.
2025-08-08 09:54:04,815 - WARNING - [GeoNames 19] the hourly limit of 1000 credits for chiarastrama has been exceeded. Please throttle your requests or use the commercial service.
2025-08-08 09:54:04,948 - WARNING - [GeoNames 19] the hourly limit of 1000 credits for chiarastrama has been exceeded. Please throttle your requests or use the commercial service.
2025-08-08 09:54:05,093 - WARNING - [GeoNames 19] the hourly limit of 1000 credits for chiarastrama has been exceeded. Please throttle your requests or use the commercial service.
2025-08-08 09:54:05,243 - WARNING - [GeoNames 19] the hourly limit of 1000 credits for chiarastrama has been exceeded. Please throttle your requests or use the commercial service.
2025-08-08 09:54:05,393 - WARNING - [GeoNames 19] the hourly limit of 1000 credits for chiarastrama has been exceeded. Please throttle your requests or use the commercial service.
2025-08-08 09:54:05,548 - WARNING - [GeoNames 19] the hourly limit of 1000 credits for chiarastrama has been exceeded. Please throttle your requests or use the commercial service.
2025-08-08 09:54:05,694 - WARNING - [GeoNames 19] the hourly limit of 1000 credits for chiarastrama has been exceeded. Please throttle your requests or use the commercial service.
2025-08-08 09:54:05,839 - WARNING - [GeoNames 19] the hourly limit of 1000 credits for chiarastrama has been exceeded. Please throttle your requests or use the commercial service.
2025-08-08 09:54:05,975 - WARNING - [GeoNames 19] the hourly limit of 1000 credits for chiarastrama has been exceeded. Please throttle your requests or use the commercial service.
2025-08-08 09:54:06,113 - WARNING - [GeoNames 19] the hourly limit of 1000 credits for chiarastrama has been exceeded. Please throttle your requests or use the commercial service.
2025-08-08 09:54:06,281 - WARNING - [GeoNames 19] the hourly limit of 1000 credits for chiarastrama has been exceeded. Please throttle your requests or use the commercial service.
2025-08-08 09:54:06,447 - WARNING - [GeoNames 19] the hourly limit of 1000 credits for chiarastrama has been exceeded. Please throttle your requests or use the commercial service.
2025-08-08 09:54:06,576 - WARNING - [GeoNames 19] the hourly limit of 1000 credits for chiarastrama has been exceeded. Please throttle your requests or use the commercial service.
2025-08-08 09:54:06,749 - WARNING - [GeoNames 19] the hourly limit of 1000 credits for chiarastrama has been exceeded. Please throttle your requests or use the commercial service.
2025-08-08 09:54:06,894 - WARNING - [GeoNames 19] the hourly limit of 1000 credits for chiarastrama has been exceeded. Please throttle your requests or use the commercial service.
2025-08-08 09:54:07,036 - WARNING - [GeoNames 19] the hourly limit of 1000 credits for chiarastrama has been exceeded. Please throttle your requests or use the commercial service.
2025-08-08 09:54:07,175 - WARNING - [GeoNames 19] the hourly limit of 1000 credits for chiarastrama has been exceeded. Please throttle your requests or use the commercial service.
2025-08-08 09:54:07,330 - WARNING - [GeoNames 19] the hourly limit of 1000 credits for chiarastrama has been exceeded. Please throttle your requests or use the commercial service.
2025-08-08 09:54:07,494 - WARNING - [GeoNames 19] the hourly limit of 1000 credits for chiarastrama has been exceeded. Please throttle your requests or use the commercial service.
2025-08-08 09:54:07,645 - WARNING - [GeoNames 19] the hourly limit of 1000 credits for chiarastrama has been exceeded. Please throttle your requests or use the commercial service.
2025-08-08 09:54:07,808 - WARNING - [GeoNames 19] the hourly limit of 1000 credits for chiarastrama has been exceeded. Please throttle your requests or use the commercial service.
2025-08-08 09:54:07,969 - WARNING - [GeoNames 19] the hourly limit of 1000 credits for chiarastrama has been exceeded. Please throttle your requests or use the commercial service.
2025-08-08 09:54:08,116 - WARNING - [GeoNames 19] the hourly limit of 1000 credits for chiarastrama has been exceeded. Please throttle your requests or use the commercial service.
2025-08-08 09:54:08,265 - WARNING - [GeoNames 19] the hourly limit of 1000 credits for chiarastrama has been exceeded. Please throttle your requests or use the commercial service.
2025-08-08 09:54:08,428 - WARNING - [GeoNames 19] the hourly limit of 1000 credits for chiarastrama has been exceeded. Please throttle your requests or use the commercial service.
2025-08-08 09:54:09,314 - WARNING - [GeoNames 19] the hourly limit of 1000 credits for chiarastrama has been exceeded. Please throttle your requests or use the commercial service.
2025-08-08 09:54:09,473 - WARNING - [GeoNames 19] the hourly limit of 1000 credits for chiarastrama has been exceeded. Please throttle your requests or use the commercial service.
2025-08-08 09:54:09,636 - WARNING - [GeoNames 19] the hourly limit of 1000 credits for chiarastrama has been exceeded. Please throttle your requests or use the commercial service.
2025-08-08 09:54:09,798 - WARNING - [GeoNames 19] the hourly limit of 1000 credits for chiarastrama has been exceeded. Please throttle your requests or use the commercial service.
2025-08-08 09:54:09,945 - WARNING - [GeoNames 19] the hourly limit of 1000 credits for chiarastrama has been exceeded. Please throttle your requests or use the commercial service.
2025-08-08 09:54:10,088 - WARNING - [GeoNames 19] the hourly limit of 1000 credits for chiarastrama has been exceeded. Please throttle your requests or use the commercial service.
2025-08-08 09:54:10,235 - WARNING - [GeoNames 19] the hourly limit of 1000 credits for chiarastrama has been exceeded. Please throttle your requests or use the commercial service.
2025-08-08 09:54:10,374 - WARNING - [GeoNames 19] the hourly limit of 1000 credits for chiarastrama has been exceeded. Please throttle your requests or use the commercial service.
2025-08-08 09:54:10,563 - WARNING - [GeoNames 19] the hourly limit of 1000 credits for chiarastrama has been exceeded. Please throttle your requests or use the commercial service.
2025-08-08 09:54:10,709 - WARNING - [GeoNames 19] the hourly limit of 1000 credits for chiarastrama has been exceeded. Please throttle your requests or use the commercial service.
2025-08-08 09:54:10,852 - WARNING - [GeoNames 19] the hourly limit of 1000 credits for chiarastrama has been exceeded. Please throttle your requests or use the commercial service.
2025-08-08 09:54:10,997 - WARNING - [GeoNames 19] the hourly limit of 1000 credits for chiarastrama has been exceeded. Please throttle your requests or use the commercial service.
2025-08-08 09:54:11,162 - WARNING - [GeoNames 19] the hourly limit of 1000 credits for chiarastrama has been exceeded. Please throttle your requests or use the commercial service.
2025-08-08 09:54:11,295 - WARNING - [GeoNames 19] the hourly limit of 1000 credits for chiarastrama has been exceeded. Please throttle your requests or use the commercial service.
2025-08-08 09:54:11,451 - WARNING - [GeoNames 19] the hourly limit of 1000 credits for chiarastrama has been exceeded. Please throttle your requests or use the commercial service.
2025-08-08 09:54:11,575 - WARNING - [GeoNames 19] the hourly limit of 1000 credits for chiarastrama has been exceeded. Please throttle your requests or use the commercial service.
2025-08-08 09:54:11,743 - WARNING - [GeoNames 19] the hourly limit of 1000 credits for chiarastrama has been exceeded. Please throttle your requests or use the commercial service.
2025-08-08 09:54:11,912 - WARNING - [GeoNames 19] the hourly limit of 1000 credits for chiarastrama has been exceeded. Please throttle your requests or use the commercial service.
2025-08-08 09:54:12,061 - WARNING - [GeoNames 19] the hourly limit of 1000 credits for chiarastrama has been exceeded. Please throttle your requests or use the commercial service.
2025-08-08 09:54:12,225 - WARNING - [GeoNames 19] the hourly limit of 1000 credits for chiarastrama has been exceeded. Please throttle your requests or use the commercial service.
2025-08-08 09:54:12,386 - WARNING - [GeoNames 19] the hourly limit of 1000 credits for chiarastrama has been exceeded. Please throttle your requests or use the commercial service.
2025-08-08 09:54:12,518 - WARNING - [GeoNames 19] the hourly limit of 1000 credits for chiarastrama has been exceeded. Please throttle your requests or use the commercial service.
2025-08-08 09:54:12,668 - WARNING - [GeoNames 19] the hourly limit of 1000 credits for chiarastrama has been exceeded. Please throttle your requests or use the commercial service.
2025-08-08 09:54:12,795 - WARNING - [GeoNames 19] the hourly limit of 1000 credits for chiarastrama has been exceeded. Please throttle your requests or use the commercial service.
2025-08-08 09:54:12,958 - WARNING - [GeoNames 19] the hourly limit of 1000 credits for chiarastrama has been exceeded. Please throttle your requests or use the commercial service.
2025-08-08 09:54:13,116 - WARNING - [GeoNames 19] the hourly limit of 1000 credits for chiarastrama has been exceeded. Please throttle your requests or use the commercial service.
2025-08-08 09:54:13,277 - WARNING - [GeoNames 19] the hourly limit of 1000 credits for chiarastrama has been exceeded. Please throttle your requests or use the commercial service.
2025-08-08 09:54:13,455 - WARNING - [GeoNames 19] the hourly limit of 1000 credits for chiarastrama has been exceeded. Please throttle your requests or use the commercial service.
2025-08-08 09:54:13,602 - WARNING - [GeoNames 19] the hourly limit of 1000 credits for chiarastrama has been exceeded. Please throttle your requests or use the commercial service.
2025-08-08 09:54:13,726 - WARNING - [GeoNames 19] the hourly limit of 1000 credits for chiarastrama has been exceeded. Please throttle your requests or use the commercial service.
2025-08-08 09:54:13,864 - WARNING - [GeoNames 19] the hourly limit of 1000 credits for chiarastrama has been exceeded. Please throttle your requests or use the commercial service.
2025-08-08 09:54:14,031 - WARNING - [GeoNames 19] the hourly limit of 1000 credits for chiarastrama has been exceeded. Please throttle your requests or use the commercial service.
2025-08-08 09:54:14,180 - WARNING - [GeoNames 19] the hourly limit of 1000 credits for chiarastrama has been exceeded. Please throttle your requests or use the commercial service.
2025-08-08 09:54:14,348 - WARNING - [GeoNames 19] the hourly limit of 1000 credits for chiarastrama has been exceeded. Please throttle your requests or use the commercial service.
2025-08-08 09:54:14,515 - WARNING - [GeoNames 19] the hourly limit of 1000 credits for chiarastrama has been exceeded. Please throttle your requests or use the commercial service.
2025-08-08 09:54:14,689 - WARNING - [GeoNames 19] the hourly limit of 1000 credits for chiarastrama has been exceeded. Please throttle your requests or use the commercial service.
2025-08-08 09:54:14,871 - WARNING - [GeoNames 19] the hourly limit of 1000 credits for chiarastrama has been exceeded. Please throttle your requests or use the commercial service.
2025-08-08 09:54:15,015 - WARNING - [GeoNames 19] the hourly limit of 1000 credits for chiarastrama has been exceeded. Please throttle your requests or use the commercial service.
2025-08-08 09:54:15,151 - WARNING - [GeoNames 19] the hourly limit of 1000 credits for chiarastrama has been exceeded. Please throttle your requests or use the commercial service.
2025-08-08 09:54:15,301 - WARNING - [GeoNames 19] the hourly limit of 1000 credits for chiarastrama has been exceeded. Please throttle your requests or use the commercial service.
2025-08-08 09:54:15,432 - WARNING - [GeoNames 19] the hourly limit of 1000 credits for chiarastrama has been exceeded. Please throttle your requests or use the commercial service.
2025-08-08 09:54:15,577 - WARNING - [GeoNames 19] the hourly limit of 1000 credits for chiarastrama has been exceeded. Please throttle your requests or use the commercial service.
2025-08-08 09:54:15,743 - WARNING - [GeoNames 19] the hourly limit of 1000 credits for chiarastrama has been exceeded. Please throttle your requests or use the commercial service.
2025-08-08 09:54:15,904 - WARNING - [GeoNames 19] the hourly limit of 1000 credits for chiarastrama has been exceeded. Please throttle your requests or use the commercial service.
2025-08-08 09:54:16,052 - WARNING - [GeoNames 19] the hourly limit of 1000 credits for chiarastrama has been exceeded. Please throttle your requests or use the commercial service.
2025-08-08 09:54:16,210 - WARNING - [GeoNames 19] the hourly limit of 1000 credits for chiarastrama has been exceeded. Please throttle your requests or use the commercial service.
2025-08-08 09:54:16,369 - WARNING - [GeoNames 19] the hourly limit of 1000 credits for chiarastrama has been exceeded. Please throttle your requests or use the commercial service.
2025-08-08 09:54:16,496 - WARNING - [GeoNames 19] the hourly limit of 1000 credits for chiarastrama has been exceeded. Please throttle your requests or use the commercial service.
2025-08-08 09:54:16,630 - WARNING - [GeoNames 19] the hourly limit of 1000 credits for chiarastrama has been exceeded. Please throttle your requests or use the commercial service.
2025-08-08 09:54:16,762 - WARNING - [GeoNames 19] the hourly limit of 1000 credits for chiarastrama has been exceeded. Please throttle your requests or use the commercial service.
2025-08-08 09:54:16,888 - WARNING - [GeoNames 19] the hourly limit of 1000 credits for chiarastrama has been exceeded. Please throttle your requests or use the commercial service.
2025-08-08 09:54:17,022 - WARNING - [GeoNames 19] the hourly limit of 1000 credits for chiarastrama has been exceeded. Please throttle your requests or use the commercial service.
2025-08-08 09:54:17,145 - WARNING - [GeoNames 19] the hourly limit of 1000 credits for chiarastrama has been exceeded. Please throttle your requests or use the commercial service.
2025-08-08 09:54:17,295 - WARNING - [GeoNames 19] the hourly limit of 1000 credits for chiarastrama has been exceeded. Please throttle your requests or use the commercial service.
2025-08-08 09:54:17,467 - WARNING - [GeoNames 19] the hourly limit of 1000 credits for chiarastrama has been exceeded. Please throttle your requests or use the commercial service.
2025-08-08 09:54:17,621 - WARNING - [GeoNames 19] the hourly limit of 1000 credits for chiarastrama has been exceeded. Please throttle your requests or use the commercial service.
2025-08-08 09:54:17,786 - WARNING - [GeoNames 19] the hourly limit of 1000 credits for chiarastrama has been exceeded. Please throttle your requests or use the commercial service.
2025-08-08 09:54:17,917 - WARNING - [GeoNames 19] the hourly limit of 1000 credits for chiarastrama has been exceeded. Please throttle your requests or use the commercial service.
2025-08-08 09:54:18,069 - WARNING - [GeoNames 19] the hourly limit of 1000 credits for chiarastrama has been exceeded. Please throttle your requests or use the commercial service.
2025-08-08 09:54:18,206 - WARNING - [GeoNames 19] the hourly limit of 1000 credits for chiarastrama has been exceeded. Please throttle your requests or use the commercial service.
2025-08-08 09:54:18,343 - WARNING - [GeoNames 19] the hourly limit of 1000 credits for chiarastrama has been exceeded. Please throttle your requests or use the commercial service.
2025-08-08 09:54:18,485 - WARNING - [GeoNames 19] the hourly limit of 1000 credits for chiarastrama has been exceeded. Please throttle your requests or use the commercial service.
2025-08-08 09:54:18,636 - WARNING - [GeoNames 19] the hourly limit of 1000 credits for chiarastrama has been exceeded. Please throttle your requests or use the commercial service.
2025-08-08 09:54:18,764 - WARNING - [GeoNames 19] the hourly limit of 1000 credits for chiarastrama has been exceeded. Please throttle your requests or use the commercial service.
2025-08-08 09:54:18,919 - WARNING - [GeoNames 19] the hourly limit of 1000 credits for chiarastrama has been exceeded. Please throttle your requests or use the commercial service.
2025-08-08 09:54:19,066 - WARNING - [GeoNames 19] the hourly limit of 1000 credits for chiarastrama has been exceeded. Please throttle your requests or use the commercial service.
2025-08-08 09:54:19,220 - WARNING - [GeoNames 19] the hourly limit of 1000 credits for chiarastrama has been exceeded. Please throttle your requests or use the commercial service.
2025-08-08 09:54:19,381 - WARNING - [GeoNames 19] the hourly limit of 1000 credits for chiarastrama has been exceeded. Please throttle your requests or use the commercial service.
2025-08-08 09:54:19,537 - WARNING - [GeoNames 19] the hourly limit of 1000 credits for chiarastrama has been exceeded. Please throttle your requests or use the commercial service.
2025-08-08 09:54:19,663 - WARNING - [GeoNames 19] the hourly limit of 1000 credits for chiarastrama has been exceeded. Please throttle your requests or use the commercial service.
2025-08-08 09:54:19,801 - WARNING - [GeoNames 19] the hourly limit of 1000 credits for chiarastrama has been exceeded. Please throttle your requests or use the commercial service.
2025-08-08 09:54:19,928 - WARNING - [GeoNames 19] the hourly limit of 1000 credits for chiarastrama has been exceeded. Please throttle your requests or use the commercial service.
2025-08-08 09:54:20,073 - WARNING - [GeoNames 19] the hourly limit of 1000 credits for chiarastrama has been exceeded. Please throttle your requests or use the commercial service.
2025-08-08 09:54:20,213 - WARNING - [GeoNames 19] the hourly limit of 1000 credits for chiarastrama has been exceeded. Please throttle your requests or use the commercial service.
2025-08-08 09:54:20,378 - WARNING - [GeoNames 19] the hourly limit of 1000 credits for chiarastrama has been exceeded. Please throttle your requests or use the commercial service.
2025-08-08 09:54:20,523 - WARNING - [GeoNames 19] the hourly limit of 1000 credits for chiarastrama has been exceeded. Please throttle your requests or use the commercial service.
2025-08-08 09:54:20,690 - WARNING - [GeoNames 19] the hourly limit of 1000 credits for chiarastrama has been exceeded. Please throttle your requests or use the commercial service.
2025-08-08 09:54:20,820 - WARNING - [GeoNames 19] the hourly limit of 1000 credits for chiarastrama has been exceeded. Please throttle your requests or use the commercial service.
2025-08-08 09:54:20,971 - WARNING - [GeoNames 19] the hourly limit of 1000 credits for chiarastrama has been exceeded. Please throttle your requests or use the commercial service.
2025-08-08 09:54:21,118 - WARNING - [GeoNames 19] the hourly limit of 1000 credits for chiarastrama has been exceeded. Please throttle your requests or use the commercial service.
2025-08-08 09:54:21,250 - WARNING - [GeoNames 19] the hourly limit of 1000 credits for chiarastrama has been exceeded. Please throttle your requests or use the commercial service.
2025-08-08 09:54:21,388 - WARNING - [GeoNames 19] the hourly limit of 1000 credits for chiarastrama has been exceeded. Please throttle your requests or use the commercial service.
2025-08-08 09:54:21,509 - WARNING - [GeoNames 19] the hourly limit of 1000 credits for chiarastrama has been exceeded. Please throttle your requests or use the commercial service.
2025-08-08 09:54:21,662 - WARNING - [GeoNames 19] the hourly limit of 1000 credits for chiarastrama has been exceeded. Please throttle your requests or use the commercial service.
2025-08-08 09:54:21,795 - WARNING - [GeoNames 19] the hourly limit of 1000 credits for chiarastrama has been exceeded. Please throttle your requests or use the commercial service.
2025-08-08 09:54:21,945 - WARNING - [GeoNames 19] the hourly limit of 1000 credits for chiarastrama has been exceeded. Please throttle your requests or use the commercial service.
2025-08-08 09:54:22,114 - WARNING - [GeoNames 19] the hourly limit of 1000 credits for chiarastrama has been exceeded. Please throttle your requests or use the commercial service.
2025-08-08 09:54:22,256 - WARNING - [GeoNames 19] the hourly limit of 1000 credits for chiarastrama has been exceeded. Please throttle your requests or use the commercial service.
2025-08-08 09:54:22,400 - WARNING - [GeoNames 19] the hourly limit of 1000 credits for chiarastrama has been exceeded. Please throttle your requests or use the commercial service.
2025-08-08 09:54:22,537 - WARNING - [GeoNames 19] the hourly limit of 1000 credits for chiarastrama has been exceeded. Please throttle your requests or use the commercial service.
2025-08-08 09:54:22,695 - WARNING - [GeoNames 19] the hourly limit of 1000 credits for chiarastrama has been exceeded. Please throttle your requests or use the commercial service.
2025-08-08 09:54:22,858 - WARNING - [GeoNames 19] the hourly limit of 1000 credits for chiarastrama has been exceeded. Please throttle your requests or use the commercial service.
2025-08-08 09:54:23,016 - WARNING - [GeoNames 19] the hourly limit of 1000 credits for chiarastrama has been exceeded. Please throttle your requests or use the commercial service.
2025-08-08 09:54:23,188 - WARNING - [GeoNames 19] the hourly limit of 1000 credits for chiarastrama has been exceeded. Please throttle your requests or use the commercial service.
2025-08-08 09:54:23,361 - WARNING - [GeoNames 19] the hourly limit of 1000 credits for chiarastrama has been exceeded. Please throttle your requests or use the commercial service.
2025-08-08 09:54:23,504 - WARNING - [GeoNames 19] the hourly limit of 1000 credits for chiarastrama has been exceeded. Please throttle your requests or use the commercial service.
2025-08-08 09:54:23,664 - WARNING - [GeoNames 19] the hourly limit of 1000 credits for chiarastrama has been exceeded. Please throttle your requests or use the commercial service.
2025-08-08 09:54:23,803 - WARNING - [GeoNames 19] the hourly limit of 1000 credits for chiarastrama has been exceeded. Please throttle your requests or use the commercial service.
2025-08-08 09:54:23,965 - WARNING - [GeoNames 19] the hourly limit of 1000 credits for chiarastrama has been exceeded. Please throttle your requests or use the commercial service.
2025-08-08 09:54:24,115 - WARNING - [GeoNames 19] the hourly limit of 1000 credits for chiarastrama has been exceeded. Please throttle your requests or use the commercial service.
2025-08-08 09:54:24,276 - WARNING - [GeoNames 19] the hourly limit of 1000 credits for chiarastrama has been exceeded. Please throttle your requests or use the commercial service.
2025-08-08 09:54:24,434 - WARNING - [GeoNames 19] the hourly limit of 1000 credits for chiarastrama has been exceeded. Please throttle your requests or use the commercial service.
2025-08-08 09:54:24,585 - WARNING - [GeoNames 19] the hourly limit of 1000 credits for chiarastrama has been exceeded. Please throttle your requests or use the commercial service.
2025-08-08 09:54:24,746 - WARNING - [GeoNames 19] the hourly limit of 1000 credits for chiarastrama has been exceeded. Please throttle your requests or use the commercial service.
2025-08-08 09:54:24,893 - WARNING - [GeoNames 19] the hourly limit of 1000 credits for chiarastrama has been exceeded. Please throttle your requests or use the commercial service.
2025-08-08 09:54:25,045 - WARNING - [GeoNames 19] the hourly limit of 1000 credits for chiarastrama has been exceeded. Please throttle your requests or use the commercial service.
2025-08-08 09:54:25,215 - WARNING - [GeoNames 19] the hourly limit of 1000 credits for chiarastrama has been exceeded. Please throttle your requests or use the commercial service.
2025-08-08 09:54:25,394 - WARNING - [GeoNames 19] the hourly limit of 1000 credits for chiarastrama has been exceeded. Please throttle your requests or use the commercial service.
2025-08-08 09:54:25,578 - WARNING - [GeoNames 19] the hourly limit of 1000 credits for chiarastrama has been exceeded. Please throttle your requests or use the commercial service.
2025-08-08 09:54:25,735 - WARNING - [GeoNames 19] the hourly limit of 1000 credits for chiarastrama has been exceeded. Please throttle your requests or use the commercial service.
2025-08-08 09:54:25,895 - WARNING - [GeoNames 19] the hourly limit of 1000 credits for chiarastrama has been exceeded. Please throttle your requests or use the commercial service.
2025-08-08 09:54:26,050 - WARNING - [GeoNames 19] the hourly limit of 1000 credits for chiarastrama has been exceeded. Please throttle your requests or use the commercial service.
2025-08-08 09:54:26,206 - WARNING - [GeoNames 19] the hourly limit of 1000 credits for chiarastrama has been exceeded. Please throttle your requests or use the commercial service.
2025-08-08 09:54:26,358 - WARNING - [GeoNames 19] the hourly limit of 1000 credits for chiarastrama has been exceeded. Please throttle your requests or use the commercial service.
2025-08-08 09:54:26,535 - WARNING - [GeoNames 19] the hourly limit of 1000 credits for chiarastrama has been exceeded. Please throttle your requests or use the commercial service.
2025-08-08 09:54:26,684 - WARNING - [GeoNames 19] the hourly limit of 1000 credits for chiarastrama has been exceeded. Please throttle your requests or use the commercial service.
2025-08-08 09:54:26,857 - WARNING - [GeoNames 19] the hourly limit of 1000 credits for chiarastrama has been exceeded. Please throttle your requests or use the commercial service.
2025-08-08 09:54:27,043 - WARNING - [GeoNames 19] the hourly limit of 1000 credits for chiarastrama has been exceeded. Please throttle your requests or use the commercial service.
2025-08-08 09:54:27,202 - WARNING - [GeoNames 19] the hourly limit of 1000 credits for chiarastrama has been exceeded. Please throttle your requests or use the commercial service.
2025-08-08 09:54:27,359 - WARNING - [GeoNames 19] the hourly limit of 1000 credits for chiarastrama has been exceeded. Please throttle your requests or use the commercial service.
2025-08-08 09:54:27,534 - WARNING - [GeoNames 19] the hourly limit of 1000 credits for chiarastrama has been exceeded. Please throttle your requests or use the commercial service.
2025-08-08 09:54:27,674 - WARNING - [GeoNames 19] the hourly limit of 1000 credits for chiarastrama has been exceeded. Please throttle your requests or use the commercial service.
2025-08-08 09:54:27,836 - WARNING - [GeoNames 19] the hourly limit of 1000 credits for chiarastrama has been exceeded. Please throttle your requests or use the commercial service.
2025-08-08 09:54:28,000 - WARNING - [GeoNames 19] the hourly limit of 1000 credits for chiarastrama has been exceeded. Please throttle your requests or use the commercial service.
2025-08-08 09:54:28,143 - WARNING - [GeoNames 19] the hourly limit of 1000 credits for chiarastrama has been exceeded. Please throttle your requests or use the commercial service.
2025-08-08 09:54:28,295 - WARNING - [GeoNames 19] the hourly limit of 1000 credits for chiarastrama has been exceeded. Please throttle your requests or use the commercial service.
2025-08-08 09:54:28,449 - WARNING - [GeoNames 19] the hourly limit of 1000 credits for chiarastrama has been exceeded. Please throttle your requests or use the commercial service.
2025-08-08 09:54:28,582 - WARNING - [GeoNames 19] the hourly limit of 1000 credits for chiarastrama has been exceeded. Please throttle your requests or use the commercial service.
2025-08-08 09:54:28,725 - WARNING - [GeoNames 19] the hourly limit of 1000 credits for chiarastrama has been exceeded. Please throttle your requests or use the commercial service.
2025-08-08 09:54:28,912 - WARNING - [GeoNames 19] the hourly limit of 1000 credits for chiarastrama has been exceeded. Please throttle your requests or use the commercial service.
2025-08-08 09:54:29,063 - WARNING - [GeoNames 19] the hourly limit of 1000 credits for chiarastrama has been exceeded. Please throttle your requests or use the commercial service.
2025-08-08 09:54:29,216 - WARNING - [GeoNames 19] the hourly limit of 1000 credits for chiarastrama has been exceeded. Please throttle your requests or use the commercial service.
2025-08-08 09:54:29,355 - WARNING - [GeoNames 19] the hourly limit of 1000 credits for chiarastrama has been exceeded. Please throttle your requests or use the commercial service.
2025-08-08 09:54:29,498 - WARNING - [GeoNames 19] the hourly limit of 1000 credits for chiarastrama has been exceeded. Please throttle your requests or use the commercial service.
2025-08-08 09:54:29,645 - WARNING - [GeoNames 19] the hourly limit of 1000 credits for chiarastrama has been exceeded. Please throttle your requests or use the commercial service.
2025-08-08 09:54:29,804 - WARNING - [GeoNames 19] the hourly limit of 1000 credits for chiarastrama has been exceeded. Please throttle your requests or use the commercial service.
2025-08-08 09:54:29,984 - WARNING - [GeoNames 19] the hourly limit of 1000 credits for chiarastrama has been exceeded. Please throttle your requests or use the commercial service.
2025-08-08 09:54:30,151 - WARNING - [GeoNames 19] the hourly limit of 1000 credits for chiarastrama has been exceeded. Please throttle your requests or use the commercial service.
2025-08-08 09:54:30,320 - WARNING - [GeoNames 19] the hourly limit of 1000 credits for chiarastrama has been exceeded. Please throttle your requests or use the commercial service.
2025-08-08 09:54:30,460 - WARNING - [GeoNames 19] the hourly limit of 1000 credits for chiarastrama has been exceeded. Please throttle your requests or use the commercial service.
2025-08-08 09:54:30,610 - WARNING - [GeoNames 19] the hourly limit of 1000 credits for chiarastrama has been exceeded. Please throttle your requests or use the commercial service.
2025-08-08 09:54:30,761 - WARNING - [GeoNames 19] the hourly limit of 1000 credits for chiarastrama has been exceeded. Please throttle your requests or use the commercial service.
2025-08-08 09:54:30,931 - WARNING - [GeoNames 19] the hourly limit of 1000 credits for chiarastrama has been exceeded. Please throttle your requests or use the commercial service.
2025-08-08 09:54:31,085 - WARNING - [GeoNames 19] the hourly limit of 1000 credits for chiarastrama has been exceeded. Please throttle your requests or use the commercial service.
2025-08-08 09:54:31,240 - WARNING - [GeoNames 19] the hourly limit of 1000 credits for chiarastrama has been exceeded. Please throttle your requests or use the commercial service.
2025-08-08 09:54:31,385 - WARNING - [GeoNames 19] the hourly limit of 1000 credits for chiarastrama has been exceeded. Please throttle your requests or use the commercial service.
2025-08-08 09:54:31,532 - WARNING - [GeoNames 19] the hourly limit of 1000 credits for chiarastrama has been exceeded. Please throttle your requests or use the commercial service.
2025-08-08 09:54:31,680 - WARNING - [GeoNames 19] the hourly limit of 1000 credits for chiarastrama has been exceeded. Please throttle your requests or use the commercial service.
2025-08-08 09:54:31,830 - WARNING - [GeoNames 19] the hourly limit of 1000 credits for chiarastrama has been exceeded. Please throttle your requests or use the commercial service.
2025-08-08 09:54:31,970 - WARNING - [GeoNames 19] the hourly limit of 1000 credits for chiarastrama has been exceeded. Please throttle your requests or use the commercial service.
2025-08-08 09:54:32,120 - WARNING - [GeoNames 19] the hourly limit of 1000 credits for chiarastrama has been exceeded. Please throttle your requests or use the commercial service.
2025-08-08 09:54:32,271 - WARNING - [GeoNames 19] the hourly limit of 1000 credits for chiarastrama has been exceeded. Please throttle your requests or use the commercial service.
2025-08-08 09:54:32,432 - WARNING - [GeoNames 19] the hourly limit of 1000 credits for chiarastrama has been exceeded. Please throttle your requests or use the commercial service.
2025-08-08 09:54:32,601 - WARNING - [GeoNames 19] the hourly limit of 1000 credits for chiarastrama has been exceeded. Please throttle your requests or use the commercial service.
2025-08-08 09:54:32,775 - WARNING - [GeoNames 19] the hourly limit of 1000 credits for chiarastrama has been exceeded. Please throttle your requests or use the commercial service.
2025-08-08 09:54:32,940 - WARNING - [GeoNames 19] the hourly limit of 1000 credits for chiarastrama has been exceeded. Please throttle your requests or use the commercial service.
2025-08-08 09:54:33,070 - WARNING - [GeoNames 19] the hourly limit of 1000 credits for chiarastrama has been exceeded. Please throttle your requests or use the commercial service.
2025-08-08 09:54:33,215 - WARNING - [GeoNames 19] the hourly limit of 1000 credits for chiarastrama has been exceeded. Please throttle your requests or use the commercial service.
2025-08-08 09:54:33,358 - WARNING - [GeoNames 19] the hourly limit of 1000 credits for chiarastrama has been exceeded. Please throttle your requests or use the commercial service.
2025-08-08 09:54:33,503 - WARNING - [GeoNames 19] the hourly limit of 1000 credits for chiarastrama has been exceeded. Please throttle your requests or use the commercial service.
2025-08-08 09:54:33,653 - WARNING - [GeoNames 19] the hourly limit of 1000 credits for chiarastrama has been exceeded. Please throttle your requests or use the commercial service.
2025-08-08 09:54:33,804 - WARNING - [GeoNames 19] the hourly limit of 1000 credits for chiarastrama has been exceeded. Please throttle your requests or use the commercial service.
2025-08-08 09:54:33,941 - WARNING - [GeoNames 19] the hourly limit of 1000 credits for chiarastrama has been exceeded. Please throttle your requests or use the commercial service.
2025-08-08 09:54:34,084 - WARNING - [GeoNames 19] the hourly limit of 1000 credits for chiarastrama has been exceeded. Please throttle your requests or use the commercial service.
2025-08-08 09:54:34,222 - WARNING - [GeoNames 19] the hourly limit of 1000 credits for chiarastrama has been exceeded. Please throttle your requests or use the commercial service.
2025-08-08 09:54:34,401 - WARNING - [GeoNames 19] the hourly limit of 1000 credits for chiarastrama has been exceeded. Please throttle your requests or use the commercial service.
2025-08-08 09:54:34,550 - WARNING - [GeoNames 19] the hourly limit of 1000 credits for chiarastrama has been exceeded. Please throttle your requests or use the commercial service.
2025-08-08 09:54:34,678 - WARNING - [GeoNames 19] the hourly limit of 1000 credits for chiarastrama has been exceeded. Please throttle your requests or use the commercial service.
2025-08-08 09:54:34,826 - WARNING - [GeoNames 19] the hourly limit of 1000 credits for chiarastrama has been exceeded. Please throttle your requests or use the commercial service.
2025-08-08 09:54:34,955 - WARNING - [GeoNames 19] the hourly limit of 1000 credits for chiarastrama has been exceeded. Please throttle your requests or use the commercial service.
2025-08-08 09:54:35,085 - WARNING - [GeoNames 19] the hourly limit of 1000 credits for chiarastrama has been exceeded. Please throttle your requests or use the commercial service.
2025-08-08 09:54:35,223 - WARNING - [GeoNames 19] the hourly limit of 1000 credits for chiarastrama has been exceeded. Please throttle your requests or use the commercial service.
2025-08-08 09:54:35,366 - WARNING - [GeoNames 19] the hourly limit of 1000 credits for chiarastrama has been exceeded. Please throttle your requests or use the commercial service.
2025-08-08 09:54:35,518 - WARNING - [GeoNames 19] the hourly limit of 1000 credits for chiarastrama has been exceeded. Please throttle your requests or use the commercial service.
2025-08-08 09:54:35,655 - WARNING - [GeoNames 19] the hourly limit of 1000 credits for chiarastrama has been exceeded. Please throttle your requests or use the commercial service.
2025-08-08 09:54:35,788 - WARNING - [GeoNames 19] the hourly limit of 1000 credits for chiarastrama has been exceeded. Please throttle your requests or use the commercial service.
2025-08-08 09:54:35,940 - WARNING - [GeoNames 19] the hourly limit of 1000 credits for chiarastrama has been exceeded. Please throttle your requests or use the commercial service.
2025-08-08 09:54:36,075 - WARNING - [GeoNames 19] the hourly limit of 1000 credits for chiarastrama has been exceeded. Please throttle your requests or use the commercial service.
2025-08-08 09:54:36,223 - WARNING - [GeoNames 19] the hourly limit of 1000 credits for chiarastrama has been exceeded. Please throttle your requests or use the commercial service.
2025-08-08 09:54:36,375 - WARNING - [GeoNames 19] the hourly limit of 1000 credits for chiarastrama has been exceeded. Please throttle your requests or use the commercial service.
2025-08-08 09:54:36,535 - WARNING - [GeoNames 19] the hourly limit of 1000 credits for chiarastrama has been exceeded. Please throttle your requests or use the commercial service.
2025-08-08 09:54:36,666 - WARNING - [GeoNames 19] the hourly limit of 1000 credits for chiarastrama has been exceeded. Please throttle your requests or use the commercial service.
2025-08-08 09:54:36,801 - WARNING - [GeoNames 19] the hourly limit of 1000 credits for chiarastrama has been exceeded. Please throttle your requests or use the commercial service.
2025-08-08 09:54:36,943 - WARNING - [GeoNames 19] the hourly limit of 1000 credits for chiarastrama has been exceeded. Please throttle your requests or use the commercial service.
2025-08-08 09:54:37,109 - WARNING - [GeoNames 19] the hourly limit of 1000 credits for chiarastrama has been exceeded. Please throttle your requests or use the commercial service.
2025-08-08 09:54:37,280 - WARNING - [GeoNames 19] the hourly limit of 1000 credits for chiarastrama has been exceeded. Please throttle your requests or use the commercial service.
2025-08-08 09:54:37,430 - WARNING - [GeoNames 19] the hourly limit of 1000 credits for chiarastrama has been exceeded. Please throttle your requests or use the commercial service.
2025-08-08 09:54:37,582 - WARNING - [GeoNames 19] the hourly limit of 1000 credits for chiarastrama has been exceeded. Please throttle your requests or use the commercial service.
2025-08-08 09:54:37,750 - WARNING - [GeoNames 19] the hourly limit of 1000 credits for chiarastrama has been exceeded. Please throttle your requests or use the commercial service.
2025-08-08 09:54:37,876 - WARNING - [GeoNames 19] the hourly limit of 1000 credits for chiarastrama has been exceeded. Please throttle your requests or use the commercial service.
2025-08-08 09:54:38,005 - WARNING - [GeoNames 19] the hourly limit of 1000 credits for chiarastrama has been exceeded. Please throttle your requests or use the commercial service.
2025-08-08 09:54:38,183 - WARNING - [GeoNames 19] the hourly limit of 1000 credits for chiarastrama has been exceeded. Please throttle your requests or use the commercial service.
2025-08-08 09:54:38,347 - WARNING - [GeoNames 19] the hourly limit of 1000 credits for chiarastrama has been exceeded. Please throttle your requests or use the commercial service.
2025-08-08 09:54:38,477 - WARNING - [GeoNames 19] the hourly limit of 1000 credits for chiarastrama has been exceeded. Please throttle your requests or use the commercial service.
2025-08-08 09:54:38,624 - WARNING - [GeoNames 19] the hourly limit of 1000 credits for chiarastrama has been exceeded. Please throttle your requests or use the commercial service.
2025-08-08 09:54:38,749 - WARNING - [GeoNames 19] the hourly limit of 1000 credits for chiarastrama has been exceeded. Please throttle your requests or use the commercial service.
2025-08-08 09:54:38,892 - WARNING - [GeoNames 19] the hourly limit of 1000 credits for chiarastrama has been exceeded. Please throttle your requests or use the commercial service.
2025-08-08 09:54:39,032 - WARNING - [GeoNames 19] the hourly limit of 1000 credits for chiarastrama has been exceeded. Please throttle your requests or use the commercial service.
2025-08-08 09:54:39,180 - WARNING - [GeoNames 19] the hourly limit of 1000 credits for chiarastrama has been exceeded. Please throttle your requests or use the commercial service.
2025-08-08 09:54:39,310 - WARNING - [GeoNames 19] the hourly limit of 1000 credits for chiarastrama has been exceeded. Please throttle your requests or use the commercial service.
2025-08-08 09:54:39,437 - WARNING - [GeoNames 19] the hourly limit of 1000 credits for chiarastrama has been exceeded. Please throttle your requests or use the commercial service.
2025-08-08 09:54:39,572 - WARNING - [GeoNames 19] the hourly limit of 1000 credits for chiarastrama has been exceeded. Please throttle your requests or use the commercial service.
2025-08-08 09:54:39,700 - WARNING - [GeoNames 19] the hourly limit of 1000 credits for chiarastrama has been exceeded. Please throttle your requests or use the commercial service.
2025-08-08 09:54:39,840 - WARNING - [GeoNames 19] the hourly limit of 1000 credits for chiarastrama has been exceeded. Please throttle your requests or use the commercial service.
2025-08-08 09:54:39,995 - WARNING - [GeoNames 19] the hourly limit of 1000 credits for chiarastrama has been exceeded. Please throttle your requests or use the commercial service.
2025-08-08 09:54:40,150 - WARNING - [GeoNames 19] the hourly limit of 1000 credits for chiarastrama has been exceeded. Please throttle your requests or use the commercial service.
2025-08-08 09:54:40,270 - WARNING - [GeoNames 19] the hourly limit of 1000 credits for chiarastrama has been exceeded. Please throttle your requests or use the commercial service.
2025-08-08 09:54:40,400 - WARNING - [GeoNames 19] the hourly limit of 1000 credits for chiarastrama has been exceeded. Please throttle your requests or use the commercial service.
2025-08-08 09:54:40,530 - WARNING - [GeoNames 19] the hourly limit of 1000 credits for chiarastrama has been exceeded. Please throttle your requests or use the commercial service.
2025-08-08 09:54:40,681 - WARNING - [GeoNames 19] the hourly limit of 1000 credits for chiarastrama has been exceeded. Please throttle your requests or use the commercial service.
2025-08-08 09:54:40,811 - WARNING - [GeoNames 19] the hourly limit of 1000 credits for chiarastrama has been exceeded. Please throttle your requests or use the commercial service.
2025-08-08 09:54:40,967 - WARNING - [GeoNames 19] the hourly limit of 1000 credits for chiarastrama has been exceeded. Please throttle your requests or use the commercial service.
2025-08-08 09:54:41,144 - WARNING - [GeoNames 19] the hourly limit of 1000 credits for chiarastrama has been exceeded. Please throttle your requests or use the commercial service.
2025-08-08 09:54:41,282 - WARNING - [GeoNames 19] the hourly limit of 1000 credits for chiarastrama has been exceeded. Please throttle your requests or use the commercial service.
2025-08-08 09:54:41,423 - WARNING - [GeoNames 19] the hourly limit of 1000 credits for chiarastrama has been exceeded. Please throttle your requests or use the commercial service.
2025-08-08 09:54:41,565 - WARNING - [GeoNames 19] the hourly limit of 1000 credits for chiarastrama has been exceeded. Please throttle your requests or use the commercial service.
2025-08-08 09:54:41,705 - WARNING - [GeoNames 19] the hourly limit of 1000 credits for chiarastrama has been exceeded. Please throttle your requests or use the commercial service.
2025-08-08 09:54:41,845 - WARNING - [GeoNames 19] the hourly limit of 1000 credits for chiarastrama has been exceeded. Please throttle your requests or use the commercial service.
2025-08-08 09:54:42,003 - WARNING - [GeoNames 19] the hourly limit of 1000 credits for chiarastrama has been exceeded. Please throttle your requests or use the commercial service.
2025-08-08 09:54:42,154 - WARNING - [GeoNames 19] the hourly limit of 1000 credits for chiarastrama has been exceeded. Please throttle your requests or use the commercial service.
2025-08-08 09:54:42,318 - WARNING - [GeoNames 19] the hourly limit of 1000 credits for chiarastrama has been exceeded. Please throttle your requests or use the commercial service.
2025-08-08 09:54:42,480 - WARNING - [GeoNames 19] the hourly limit of 1000 credits for chiarastrama has been exceeded. Please throttle your requests or use the commercial service.
2025-08-08 09:54:42,643 - WARNING - [GeoNames 19] the hourly limit of 1000 credits for chiarastrama has been exceeded. Please throttle your requests or use the commercial service.
2025-08-08 09:54:42,785 - WARNING - [GeoNames 19] the hourly limit of 1000 credits for chiarastrama has been exceeded. Please throttle your requests or use the commercial service.
2025-08-08 09:54:42,944 - WARNING - [GeoNames 19] the hourly limit of 1000 credits for chiarastrama has been exceeded. Please throttle your requests or use the commercial service.
2025-08-08 09:54:43,123 - WARNING - [GeoNames 19] the hourly limit of 1000 credits for chiarastrama has been exceeded. Please throttle your requests or use the commercial service.
2025-08-08 09:54:43,252 - WARNING - [GeoNames 19] the hourly limit of 1000 credits for chiarastrama has been exceeded. Please throttle your requests or use the commercial service.
2025-08-08 09:54:43,432 - WARNING - [GeoNames 19] the hourly limit of 1000 credits for chiarastrama has been exceeded. Please throttle your requests or use the commercial service.
2025-08-08 09:54:43,582 - WARNING - [GeoNames 19] the hourly limit of 1000 credits for chiarastrama has been exceeded. Please throttle your requests or use the commercial service.
2025-08-08 09:54:43,743 - WARNING - [GeoNames 19] the hourly limit of 1000 credits for chiarastrama has been exceeded. Please throttle your requests or use the commercial service.
2025-08-08 09:54:43,915 - WARNING - [GeoNames 19] the hourly limit of 1000 credits for chiarastrama has been exceeded. Please throttle your requests or use the commercial service.
2025-08-08 09:54:44,097 - WARNING - [GeoNames 19] the hourly limit of 1000 credits for chiarastrama has been exceeded. Please throttle your requests or use the commercial service.
2025-08-08 09:54:44,244 - WARNING - [GeoNames 19] the hourly limit of 1000 credits for chiarastrama has been exceeded. Please throttle your requests or use the commercial service.
2025-08-08 09:54:44,406 - WARNING - [GeoNames 19] the hourly limit of 1000 credits for chiarastrama has been exceeded. Please throttle your requests or use the commercial service.
2025-08-08 09:54:44,532 - WARNING - [GeoNames 19] the hourly limit of 1000 credits for chiarastrama has been exceeded. Please throttle your requests or use the commercial service.
2025-08-08 09:54:44,683 - WARNING - [GeoNames 19] the hourly limit of 1000 credits for chiarastrama has been exceeded. Please throttle your requests or use the commercial service.
2025-08-08 09:54:44,847 - WARNING - [GeoNames 19] the hourly limit of 1000 credits for chiarastrama has been exceeded. Please throttle your requests or use the commercial service.
2025-08-08 09:54:44,994 - WARNING - [GeoNames 19] the hourly limit of 1000 credits for chiarastrama has been exceeded. Please throttle your requests or use the commercial service.
2025-08-08 09:54:45,170 - WARNING - [GeoNames 19] the hourly limit of 1000 credits for chiarastrama has been exceeded. Please throttle your requests or use the commercial service.
2025-08-08 09:54:45,325 - WARNING - [GeoNames 19] the hourly limit of 1000 credits for chiarastrama has been exceeded. Please throttle your requests or use the commercial service.
2025-08-08 09:54:45,458 - WARNING - [GeoNames 19] the hourly limit of 1000 credits for chiarastrama has been exceeded. Please throttle your requests or use the commercial service.
2025-08-08 09:54:45,625 - WARNING - [GeoNames 19] the hourly limit of 1000 credits for chiarastrama has been exceeded. Please throttle your requests or use the commercial service.
2025-08-08 09:54:45,758 - WARNING - [GeoNames 19] the hourly limit of 1000 credits for chiarastrama has been exceeded. Please throttle your requests or use the commercial service.
2025-08-08 09:54:45,914 - WARNING - [GeoNames 19] the hourly limit of 1000 credits for chiarastrama has been exceeded. Please throttle your requests or use the commercial service.
2025-08-08 09:54:46,070 - WARNING - [GeoNames 19] the hourly limit of 1000 credits for chiarastrama has been exceeded. Please throttle your requests or use the commercial service.
2025-08-08 09:54:46,233 - WARNING - [GeoNames 19] the hourly limit of 1000 credits for chiarastrama has been exceeded. Please throttle your requests or use the commercial service.
2025-08-08 09:54:46,385 - WARNING - [GeoNames 19] the hourly limit of 1000 credits for chiarastrama has been exceeded. Please throttle your requests or use the commercial service.
2025-08-08 09:54:46,549 - WARNING - [GeoNames 19] the hourly limit of 1000 credits for chiarastrama has been exceeded. Please throttle your requests or use the commercial service.
2025-08-08 09:54:46,679 - WARNING - [GeoNames 19] the hourly limit of 1000 credits for chiarastrama has been exceeded. Please throttle your requests or use the commercial service.
2025-08-08 09:54:46,824 - WARNING - [GeoNames 19] the hourly limit of 1000 credits for chiarastrama has been exceeded. Please throttle your requests or use the commercial service.
2025-08-08 09:54:46,974 - WARNING - [GeoNames 19] the hourly limit of 1000 credits for chiarastrama has been exceeded. Please throttle your requests or use the commercial service.
2025-08-08 09:54:47,139 - WARNING - [GeoNames 19] the hourly limit of 1000 credits for chiarastrama has been exceeded. Please throttle your requests or use the commercial service.
2025-08-08 09:54:47,266 - WARNING - [GeoNames 19] the hourly limit of 1000 credits for chiarastrama has been exceeded. Please throttle your requests or use the commercial service.
2025-08-08 09:54:49,612 - INFO - ✅ Geonames MongoDB updated. Inserted: 0, Modified: 0
2025-08-08 09:54:49,633 - INFO - 🗞️ Flattening articles...
2025-08-08 09:55:00,395 - INFO - 💾 Saved nodes to storage/output/all_nodes.xlsx
2025-08-08 09:55:00,397 - INFO - 💾 Saved relationships to storage/output/all_rels.xlsx
2025-08-08 09:55:00,421 - INFO - 🉑 Merging nodes and relationships...
2025-08-08 09:55:05,295 - INFO - 💾 Saved factory-technology graph segment to storage/output/factory-technological.xlsx
2025-08-08 09:55:05,299 - INFO - 🫂 Grouping projects...
2025-08-08 09:55:05,299 - INFO - Reading input file: storage/output/factory-technological.xlsx
2025-08-08 09:55:05,495 - INFO - Missing values per column before dropping:
2025-08-08 09:55:05,495 - INFO - adm1           1644
inst_canon        8
product_lv1     698
product_lv2    1450
dtype: int64
2025-08-08 09:55:05,496 - INFO - Dropped 1908 rows because of missing values; 1017 remain.
2025-08-08 09:55:05,496 - INFO - Unique owners before manual dict: 237
2025-08-08 09:55:05,496 - INFO - Unique owners after manual dict: 222
2025-08-08 09:55:08,077 - INFO - Saving output to ./storage/output/all_projects.xlsx
2025-08-08 09:55:08,191 - INFO - Saving filtered output to storage/output/filtered_projects.xlsx
2025-08-08 09:55:08,192 - INFO - 🏭 Importing facilities
2025-08-08 09:55:08,374 - INFO - 🗑️ Cleared existing facilities from MongoDB.
2025-08-08 09:55:08,422 - INFO - Saving a copy of facilities to Excel at storage/output/facilities.xlsx
2025-08-08 09:55:08,441 - INFO - Number of raw capacities - 246
2025-08-08 09:55:08,442 - INFO - 📅 Unique capacities remaining after deduplication (keeping earliest date): 175
2025-08-08 09:55:08,549 - INFO - ✅ Inserted 71 facilities into MongoDB, with 175 capacities.
2025-08-08 09:55:08,549 - INFO - 🧮 Determining phase summaries
2025-08-08 09:55:08,624 - INFO - 🚀 Starting summary updates for greenfield and expansion...
2025-08-08 09:55:09,347 - INFO - ✅ Updated summaries for 68 facilities.
2025-08-08 09:55:09,348 - INFO - Total pipeline time: 4.06 minutes
