2025-08-22 21:37:43,929 - INFO - Updating mongo-metadata is set to False
2025-08-22 21:37:43,929 - INFO - 🗞️ Flattening articles...
2025-08-22 21:38:22,804 - INFO - 💾 Saved nodes to storage/output/all_nodes.xlsx
2025-08-22 21:38:22,804 - INFO - 💾 Saved relationships to storage/output/all_rels.xlsx
2025-08-22 21:38:22,887 - INFO - 🉑 Merging nodes and relationships...
2025-08-22 21:38:37,874 - INFO - 💾 Saved geo_lookup to storage/output/geo_lookup.json
2025-08-22 21:38:40,003 - INFO - 💾 Saved: storage/output/factory_registry.xlsx
2025-08-22 21:38:54,954 - INFO - 💾 Saved geo_lookup to storage/output/geo_lookup.json
2025-08-22 21:38:55,982 - INFO - 💾 Saved: storage/output/factory-technological.xlsx
2025-08-22 21:39:11,029 - INFO - 💾 Saved geo_lookup to storage/output/geo_lookup.json
2025-08-22 21:39:11,338 - INFO - 💾 Saved: storage/output/company-joint-venture.xlsx
2025-08-22 21:39:11,351 - INFO - Normalising capacities
2025-08-22 21:39:12,003 - INFO - Capacity rows: 2782 | failed: 223 (8.0%)
2025-08-22 21:39:12,003 - INFO - normalization_case
normalize:fallback:keep-metric                                  878
normalize:already-clean:gigawatt                                624
normalize:already-clean:gigawatt hour                           580
normalize:vehicle:missing                                       326
fallback:missing-metric                                         203
normalize:already-clean:tonne                                    82
normalize:invalid-input                                          20
normalize:battery:energy-metric                                  17
normalize:battery:module_pack:battery systems->gigawatt hour     15
normalize:battery:keyword:vehicle                                 9
normalize:battery:keyword:ev                                      8
normalize:battery:module_pack:battery modules->gigawatt hour      5
normalize:battery:module_pack:unit->gigawatt hour                 5
normalize:battery:module_pack:battery packs->gigawatt hour        5
normalize:battery:module_pack:batteries->gigawatt hour            4
normalize:battery:keyword:car                                     1
2025-08-22 21:39:12,771 - INFO - 🫂 Grouping projects...
2025-08-22 21:39:12,771 - INFO - Processing: storage/output/factory-technological-clean-capacities.xlsx → storage/output/grouped-capacities.xlsx
2025-08-22 21:39:13,109 - INFO - Found 2782 rows (EU only).
2025-08-22 21:39:13,110 - INFO - ⚠️ 366 entries without CITY are dropped.
2025-08-22 21:39:13,110 - INFO - Rows reduced to 2416 after dropping missing city_key.
2025-08-22 21:39:13,110 - INFO - ⚠️ 376 entries without ADM1 are dropped.
2025-08-22 21:39:13,111 - INFO - Rows reduced to 2040 after dropping missing adm1.
2025-08-22 21:39:13,111 - INFO - ⚠️ 389 entries without a normalised PRODUCT-LV1 are dropped.
2025-08-22 21:39:13,112 - INFO - Rows reduced to 1651 after dropping missing product_lv1.
2025-08-22 21:39:13,112 - INFO - ⚠️ 1131 total rows dropped due to missing required fields; 1651 remain.
2025-08-22 21:39:13,112 - INFO - ⚠️ 562 entries without a normalised PRODUCT-LV2.
2025-08-22 21:39:13,112 - INFO - Unique owners before manual dict: 514
2025-08-22 21:39:13,113 - INFO - Unique owners after manual dict: 475
2025-08-22 21:39:15,322 - INFO - Saving filtered output to storage/output/grouped-capacities.xlsx
2025-08-22 21:39:15,322 - INFO - Saving filtered output to storage/output/filtered_projects.xlsx
2025-08-22 21:39:15,323 - INFO - Processing: storage/output/factory_registry.xlsx → storage/output/grouped-factories.xlsx
2025-08-22 21:39:15,890 - INFO - Found 10410 rows (EU only).
