2025-08-19 17:09:25,481 - INFO - Updating mongo-metadata is set to True
2025-08-19 17:09:25,482 - INFO - 🌎 Querying geonames...
2025-08-19 17:09:26,626 - INFO - 📦 Loaded 1923 existing (country, city_key) pairs from MongoDB.
2025-08-19 17:09:31,743 - INFO - 📰 Scanned 15608 article(s) with factory nodes.
2025-08-19 17:09:31,743 - INFO - 🧹 Identified 4913 new (country, city) pairs to query. Example three: [('China', 'jiuquan'), ('Tuvalu', 'funafuti'), ('China', 'wuhu_economic_and_technological_development_zone')]
2025-08-19 17:12:14,563 - WARNING - [GeoNames 19] the hourly limit of 1000 credits for benmcwilliams has been exceeded. Please throttle your requests or use the commercial service.
2025-08-19 17:12:14,712 - WARNING - [GeoNames 19] the hourly limit of 1000 credits for benmcwilliams has been exceeded. Please throttle your requests or use the commercial service.
2025-08-19 17:12:14,863 - WARNING - [GeoNames 19] the hourly limit of 1000 credits for benmcwilliams has been exceeded. Please throttle your requests or use the commercial service.
2025-08-19 17:12:15,013 - WARNING - [GeoNames 19] the hourly limit of 1000 credits for benmcwilliams has been exceeded. Please throttle your requests or use the commercial service.
2025-08-19 17:12:15,177 - WARNING - [GeoNames 19] the hourly limit of 1000 credits for benmcwilliams has been exceeded. Please throttle your requests or use the commercial service.
2025-08-19 17:12:15,334 - WARNING - [GeoNames 19] the hourly limit of 1000 credits for benmcwilliams has been exceeded. Please throttle your requests or use the commercial service.
2025-08-19 17:12:15,494 - WARNING - [GeoNames 19] the hourly limit of 1000 credits for benmcwilliams has been exceeded. Please throttle your requests or use the commercial service.
2025-08-19 17:12:15,672 - WARNING - [GeoNames 19] the hourly limit of 1000 credits for benmcwilliams has been exceeded. Please throttle your requests or use the commercial service.
2025-08-19 17:12:15,797 - WARNING - [GeoNames 19] the hourly limit of 1000 credits for benmcwilliams has been exceeded. Please throttle your requests or use the commercial service.
2025-08-19 17:12:15,943 - WARNING - [GeoNames 19] the hourly limit of 1000 credits for benmcwilliams has been exceeded. Please throttle your requests or use the commercial service.
2025-08-19 17:12:16,079 - WARNING - [GeoNames 19] the hourly limit of 1000 credits for benmcwilliams has been exceeded. Please throttle your requests or use the commercial service.
2025-08-19 17:12:16,291 - WARNING - [GeoNames 19] the hourly limit of 1000 credits for benmcwilliams has been exceeded. Please throttle your requests or use the commercial service.
2025-08-19 17:12:16,442 - WARNING - [GeoNames 19] the hourly limit of 1000 credits for benmcwilliams has been exceeded. Please throttle your requests or use the commercial service.
2025-08-19 17:12:16,647 - WARNING - [GeoNames 19] the hourly limit of 1000 credits for benmcwilliams has been exceeded. Please throttle your requests or use the commercial service.
2025-08-19 17:12:16,803 - WARNING - [GeoNames 19] the hourly limit of 1000 credits for benmcwilliams has been exceeded. Please throttle your requests or use the commercial service.
2025-08-19 17:12:16,971 - WARNING - [GeoNames 19] the hourly limit of 1000 credits for benmcwilliams has been exceeded. Please throttle your requests or use the commercial service.
2025-08-19 17:12:17,128 - WARNING - [GeoNames 19] the hourly limit of 1000 credits for benmcwilliams has been exceeded. Please throttle your requests or use the commercial service.
2025-08-19 17:12:17,287 - WARNING - [GeoNames 19] the hourly limit of 1000 credits for benmcwilliams has been exceeded. Please throttle your requests or use the commercial service.
2025-08-19 17:12:17,448 - WARNING - [GeoNames 19] the hourly limit of 1000 credits for benmcwilliams has been exceeded. Please throttle your requests or use the commercial service.
2025-08-19 17:12:17,610 - WARNING - [GeoNames 19] the hourly limit of 1000 credits for benmcwilliams has been exceeded. Please throttle your requests or use the commercial service.
2025-08-19 17:12:17,773 - WARNING - [GeoNames 19] the hourly limit of 1000 credits for benmcwilliams has been exceeded. Please throttle your requests or use the commercial service.
2025-08-19 17:12:17,921 - WARNING - [GeoNames 19] the hourly limit of 1000 credits for benmcwilliams has been exceeded. Please throttle your requests or use the commercial service.
2025-08-19 17:12:18,060 - WARNING - [GeoNames 19] the hourly limit of 1000 credits for benmcwilliams has been exceeded. Please throttle your requests or use the commercial service.
2025-08-19 17:12:18,193 - WARNING - [GeoNames 19] the hourly limit of 1000 credits for benmcwilliams has been exceeded. Please throttle your requests or use the commercial service.
2025-08-19 17:12:18,357 - WARNING - [GeoNames 19] the hourly limit of 1000 credits for benmcwilliams has been exceeded. Please throttle your requests or use the commercial service.
2025-08-19 17:12:18,530 - WARNING - [GeoNames 19] the hourly limit of 1000 credits for benmcwilliams has been exceeded. Please throttle your requests or use the commercial service.
2025-08-19 17:12:18,677 - WARNING - [GeoNames 19] the hourly limit of 1000 credits for benmcwilliams has been exceeded. Please throttle your requests or use the commercial service.
2025-08-19 17:12:18,862 - WARNING - [GeoNames 19] the hourly limit of 1000 credits for benmcwilliams has been exceeded. Please throttle your requests or use the commercial service.
2025-08-19 17:12:19,033 - WARNING - [GeoNames 19] the hourly limit of 1000 credits for benmcwilliams has been exceeded. Please throttle your requests or use the commercial service.
2025-08-19 17:12:19,207 - WARNING - [GeoNames 19] the hourly limit of 1000 credits for benmcwilliams has been exceeded. Please throttle your requests or use the commercial service.
2025-08-19 17:12:19,338 - WARNING - [GeoNames 19] the hourly limit of 1000 credits for benmcwilliams has been exceeded. Please throttle your requests or use the commercial service.
2025-08-19 17:12:19,477 - WARNING - [GeoNames 19] the hourly limit of 1000 credits for benmcwilliams has been exceeded. Please throttle your requests or use the commercial service.
2025-08-19 17:12:19,618 - WARNING - [GeoNames 19] the hourly limit of 1000 credits for benmcwilliams has been exceeded. Please throttle your requests or use the commercial service.
2025-08-19 17:12:19,762 - WARNING - [GeoNames 19] the hourly limit of 1000 credits for benmcwilliams has been exceeded. Please throttle your requests or use the commercial service.
2025-08-19 17:12:19,913 - WARNING - [GeoNames 19] the hourly limit of 1000 credits for benmcwilliams has been exceeded. Please throttle your requests or use the commercial service.
2025-08-19 17:12:20,069 - WARNING - [GeoNames 19] the hourly limit of 1000 credits for benmcwilliams has been exceeded. Please throttle your requests or use the commercial service.
2025-08-19 17:12:20,234 - WARNING - [GeoNames 19] the hourly limit of 1000 credits for benmcwilliams has been exceeded. Please throttle your requests or use the commercial service.
2025-08-19 17:12:20,396 - WARNING - [GeoNames 19] the hourly limit of 1000 credits for benmcwilliams has been exceeded. Please throttle your requests or use the commercial service.
2025-08-19 17:12:20,559 - WARNING - [GeoNames 19] the hourly limit of 1000 credits for benmcwilliams has been exceeded. Please throttle your requests or use the commercial service.
2025-08-19 17:12:20,726 - WARNING - [GeoNames 19] the hourly limit of 1000 credits for benmcwilliams has been exceeded. Please throttle your requests or use the commercial service.
2025-08-19 17:12:20,869 - WARNING - [GeoNames 19] the hourly limit of 1000 credits for benmcwilliams has been exceeded. Please throttle your requests or use the commercial service.
2025-08-19 17:12:21,012 - WARNING - [GeoNames 19] the hourly limit of 1000 credits for benmcwilliams has been exceeded. Please throttle your requests or use the commercial service.
2025-08-19 17:12:21,144 - WARNING - [GeoNames 19] the hourly limit of 1000 credits for benmcwilliams has been exceeded. Please throttle your requests or use the commercial service.
2025-08-19 17:12:21,287 - WARNING - [GeoNames 19] the hourly limit of 1000 credits for benmcwilliams has been exceeded. Please throttle your requests or use the commercial service.
2025-08-19 17:12:21,453 - WARNING - [GeoNames 19] the hourly limit of 1000 credits for benmcwilliams has been exceeded. Please throttle your requests or use the commercial service.
2025-08-19 17:12:21,583 - WARNING - [GeoNames 19] the hourly limit of 1000 credits for benmcwilliams has been exceeded. Please throttle your requests or use the commercial service.
2025-08-19 17:12:21,739 - WARNING - [GeoNames 19] the hourly limit of 1000 credits for benmcwilliams has been exceeded. Please throttle your requests or use the commercial service.
2025-08-19 17:12:21,903 - WARNING - [GeoNames 19] the hourly limit of 1000 credits for benmcwilliams has been exceeded. Please throttle your requests or use the commercial service.
2025-08-19 17:12:22,088 - WARNING - [GeoNames 19] the hourly limit of 1000 credits for benmcwilliams has been exceeded. Please throttle your requests or use the commercial service.
2025-08-19 17:12:22,256 - WARNING - [GeoNames 19] the hourly limit of 1000 credits for benmcwilliams has been exceeded. Please throttle your requests or use the commercial service.
2025-08-19 17:12:22,427 - WARNING - [GeoNames 19] the hourly limit of 1000 credits for benmcwilliams has been exceeded. Please throttle your requests or use the commercial service.
2025-08-19 17:12:22,553 - WARNING - [GeoNames 19] the hourly limit of 1000 credits for benmcwilliams has been exceeded. Please throttle your requests or use the commercial service.
2025-08-19 17:12:22,688 - WARNING - [GeoNames 19] the hourly limit of 1000 credits for benmcwilliams has been exceeded. Please throttle your requests or use the commercial service.
2025-08-19 17:12:22,858 - WARNING - [GeoNames 19] the hourly limit of 1000 credits for benmcwilliams has been exceeded. Please throttle your requests or use the commercial service.
2025-08-19 17:12:24,116 - WARNING - [GeoNames 19] the hourly limit of 1000 credits for benmcwilliams has been exceeded. Please throttle your requests or use the commercial service.
2025-08-19 17:12:24,278 - WARNING - [GeoNames 19] the hourly limit of 1000 credits for benmcwilliams has been exceeded. Please throttle your requests or use the commercial service.
2025-08-19 17:12:24,422 - WARNING - [GeoNames 19] the hourly limit of 1000 credits for benmcwilliams has been exceeded. Please throttle your requests or use the commercial service.
2025-08-19 17:12:24,588 - WARNING - [GeoNames 19] the hourly limit of 1000 credits for benmcwilliams has been exceeded. Please throttle your requests or use the commercial service.
2025-08-19 17:12:24,735 - WARNING - [GeoNames 19] the hourly limit of 1000 credits for benmcwilliams has been exceeded. Please throttle your requests or use the commercial service.
2025-08-19 17:12:24,866 - WARNING - [GeoNames 19] the hourly limit of 1000 credits for benmcwilliams has been exceeded. Please throttle your requests or use the commercial service.
2025-08-19 17:12:25,022 - WARNING - [GeoNames 19] the hourly limit of 1000 credits for benmcwilliams has been exceeded. Please throttle your requests or use the commercial service.
2025-08-19 17:12:25,148 - WARNING - [GeoNames 19] the hourly limit of 1000 credits for benmcwilliams has been exceeded. Please throttle your requests or use the commercial service.
2025-08-19 17:12:25,294 - WARNING - [GeoNames 19] the hourly limit of 1000 credits for benmcwilliams has been exceeded. Please throttle your requests or use the commercial service.
2025-08-19 17:12:25,443 - WARNING - [GeoNames 19] the hourly limit of 1000 credits for benmcwilliams has been exceeded. Please throttle your requests or use the commercial service.
2025-08-19 17:12:25,640 - WARNING - [GeoNames 19] the hourly limit of 1000 credits for benmcwilliams has been exceeded. Please throttle your requests or use the commercial service.
2025-08-19 17:12:25,827 - WARNING - [GeoNames 19] the hourly limit of 1000 credits for benmcwilliams has been exceeded. Please throttle your requests or use the commercial service.
2025-08-19 17:12:26,007 - WARNING - [GeoNames 19] the hourly limit of 1000 credits for benmcwilliams has been exceeded. Please throttle your requests or use the commercial service.
2025-08-19 17:12:26,167 - WARNING - [GeoNames 19] the hourly limit of 1000 credits for benmcwilliams has been exceeded. Please throttle your requests or use the commercial service.
