2025-08-08 14:55:12,717 - INFO - Updating mongo-metadata is set to True
2025-08-08 14:55:12,717 - INFO - 🌎 Querying geonames...
2025-08-08 14:55:13,653 - INFO - 📦 Loaded 728 existing (country, city_key) pairs from MongoDB.
2025-08-08 14:55:13,754 - INFO - 📰 Scanned 0 article(s) with factory nodes.
2025-08-08 14:55:13,754 - INFO - 🧹 Identified 0 new (country, city) pairs to query. Example three: []
2025-08-08 14:55:13,754 - INFO - 📭 No new updates to write.
2025-08-08 14:55:13,755 - INFO - 🗞️ Flattening articles...
2025-08-08 14:55:26,947 - INFO - 💾 Saved nodes to storage/output/all_nodes.xlsx
2025-08-08 14:55:26,947 - INFO - 💾 Saved relationships to storage/output/all_rels.xlsx
2025-08-08 14:55:26,973 - INFO - 🉑 Merging nodes and relationships...
2025-08-08 14:55:31,960 - INFO - 💾 Saved factory-technology graph segment to storage/output/factory-technological.xlsx
2025-08-08 14:55:31,964 - INFO - 🫂 Grouping projects...
2025-08-08 14:55:32,157 - INFO - Found 2925 rows:
2025-08-08 14:55:32,157 - INFO - ⚠️ 417 entries without CITY are dropped, rows reduced to 2508.
2025-08-08 14:55:32,158 - INFO - Missing counts: adm1           1684
inst_canon        8
product_lv1     567
product_lv2    1233
dtype: int64
2025-08-08 14:55:32,158 - INFO - ⚠️  2339 rows dropped because of missing values; 586 remain.
2025-08-08 14:55:32,158 - INFO - Unique owners before manual dict: 129
2025-08-08 14:55:32,159 - INFO - Unique owners after manual dict: 111
2025-08-08 14:55:34,049 - INFO - Saving output to ./storage/output/all_projects.xlsx
2025-08-08 14:55:34,137 - INFO - Saving filtered output to storage/output/filtered_projects.xlsx
2025-08-08 14:55:34,137 - INFO - 🏭 Importing facilities
2025-08-08 14:55:34,293 - INFO - 🗑️ Cleared existing facilities from MongoDB.
2025-08-08 14:55:34,348 - INFO - Saving a copy of facilities to Excel at storage/output/facilities.xlsx
2025-08-08 14:55:34,370 - INFO - Number of raw capacities - 369
2025-08-08 14:55:34,370 - INFO - 📅 Unique capacities remaining after deduplication (keeping earliest date): 253
2025-08-08 14:55:35,631 - INFO - ✅ Inserted 101 facilities into MongoDB, with 253 capacities.
2025-08-08 14:55:35,633 - INFO - 🧮 Determining phase summaries
2025-08-08 14:55:35,694 - INFO - 🚀 Starting summary updates for greenfield and expansion...
2025-08-08 14:55:36,632 - INFO - ✅ Updated summaries for 96 facilities.
2025-08-08 14:55:36,632 - INFO - Total pipeline time: 0.40 minutes
