2025-08-26 13:19:10,107 - INFO - Updating mongo-metadata is set to False
2025-08-26 13:19:10,107 - INFO - 🗞️ Flattening articles...
2025-08-26 13:19:49,927 - INFO - 💾 Saved nodes to storage/output/all_nodes.xlsx
2025-08-26 13:19:49,927 - INFO - 💾 Saved relationships to storage/output/all_rels.xlsx
2025-08-26 13:19:50,012 - INFO - 🉑 Merging nodes and relationships...
2025-08-26 13:20:05,214 - INFO - 💾 Saved geo_lookup to storage/output/geo_lookup.json
2025-08-26 13:20:07,605 - INFO - 💾 Saved: storage/output/factory_registry.xlsx
2025-08-26 13:20:22,853 - INFO - 💾 Saved geo_lookup to storage/output/geo_lookup.json
2025-08-26 13:20:23,990 - INFO - 💾 Saved: storage/output/factory-technological.xlsx
2025-08-26 13:20:39,544 - INFO - 💾 Saved geo_lookup to storage/output/geo_lookup.json
2025-08-26 13:20:39,857 - INFO - 💾 Saved: storage/output/company-joint-venture.xlsx
2025-08-26 13:20:39,870 - INFO - Normalising capacities
2025-08-26 13:20:40,550 - INFO - Capacity rows: 2783 | failed: 250 (9.0%)
2025-08-26 13:20:40,552 - INFO - normalization_case
normalize:fallback:keep-metric                                  924
normalize:already-clean:gigawatt                                648
normalize:already-clean:gigawatt hour                           584
normalize:vehicle:missing                                       277
fallback:missing-metric                                         230
normalize:already-clean:tonne                                    32
normalize:invalid-input                                          20
normalize:battery:module_pack:battery systems->gigawatt hour     16
normalize:battery:energy-metric                                  16
normalize:battery:keyword:ev                                      8
normalize:battery:keyword:vehicle                                 8
normalize:battery:module_pack:battery modules->gigawatt hour      5
normalize:battery:module_pack:unit->gigawatt hour                 5
normalize:battery:module_pack:battery packs->gigawatt hour        5
normalize:battery:module_pack:batteries->gigawatt hour            4
normalize:battery:keyword:car                                     1
2025-08-26 13:20:41,272 - INFO - 🫂 Grouping projects...
2025-08-26 13:20:41,272 - INFO - Processing: storage/output/factory-technological-clean-capacities.xlsx → storage/output/grouped-capacities.xlsx
2025-08-26 13:20:41,628 - INFO - Found 2783 rows (EU only).
2025-08-26 13:20:41,636 - INFO - ⚠️ 745 rows lack an admin_group_key after applying per-country rules.
2025-08-26 13:20:41,636 - INFO - ⚠️ 5 entries without a normalised OWNER name are dropped.
2025-08-26 13:20:41,637 - INFO - Rows reduced to 2778 after dropping missing inst_canon.
2025-08-26 13:20:41,638 - INFO - ⚠️ 366 entries without CITY are dropped.
2025-08-26 13:20:41,638 - INFO - Rows reduced to 2412 after dropping missing city_key.
2025-08-26 13:20:41,639 - INFO - ⚠️ 379 entries without a geographic locator are dropped.
2025-08-26 13:20:41,639 - INFO - Rows reduced to 2033 after dropping missing admin_group_key.
2025-08-26 13:20:41,639 - INFO - ⚠️ 344 entries without a normalised PRODUCT-LV1 are dropped.
2025-08-26 13:20:41,640 - INFO - Rows reduced to 1689 after dropping missing product_lv1.
2025-08-26 13:20:41,640 - INFO - ⚠️ 1094 total rows dropped due to missing required fields; 1689 remain.
2025-08-26 13:20:41,640 - INFO - ⚠️ 596 entries without a normalised PRODUCT-LV2.
2025-08-26 13:20:41,640 - INFO - Unique owners before manual dict: 533
2025-08-26 13:20:41,640 - INFO - Unique owners after manual dict: 485
2025-08-26 13:20:41,646 - INFO - Applied site merges to 21 rows.
2025-08-26 13:20:43,598 - INFO - Overwrote inst_canon with JV labels for 121 rows
2025-08-26 13:20:43,856 - INFO - Saving filtered output to storage/output/grouped-capacities.xlsx
2025-08-26 13:20:43,858 - INFO - Processing: storage/output/factory_registry.xlsx → storage/output/grouped-factories.xlsx
2025-08-26 13:20:44,553 - INFO - Found 10497 rows (EU only).
2025-08-26 13:20:44,581 - INFO - ⚠️ 2489 rows lack an admin_group_key after applying per-country rules.
2025-08-26 13:20:44,581 - INFO - ⚠️ 15 entries without a normalised OWNER name are dropped.
2025-08-26 13:20:44,582 - INFO - Rows reduced to 10482 after dropping missing inst_canon.
2025-08-26 13:20:44,583 - INFO - ⚠️ 1215 entries without CITY are dropped.
2025-08-26 13:20:44,584 - INFO - Rows reduced to 9267 after dropping missing city_key.
2025-08-26 13:20:44,584 - INFO - ⚠️ 1274 entries without a geographic locator are dropped.
2025-08-26 13:20:44,585 - INFO - Rows reduced to 7993 after dropping missing admin_group_key.
2025-08-26 13:20:44,585 - INFO - ⚠️ 3736 entries without a normalised PRODUCT-LV1 are dropped.
2025-08-26 13:20:44,586 - INFO - Rows reduced to 4257 after dropping missing product_lv1.
2025-08-26 13:20:44,586 - INFO - ⚠️ 6240 total rows dropped due to missing required fields; 4257 remain.
2025-08-26 13:20:44,586 - INFO - ⚠️ 1917 entries without a normalised PRODUCT-LV2.
2025-08-26 13:20:44,586 - INFO - Unique owners before manual dict: 966
2025-08-26 13:20:44,587 - INFO - Unique owners after manual dict: 908
2025-08-26 13:20:44,601 - INFO - Applied site merges to 50 rows.
2025-08-26 13:20:46,360 - INFO - Overwrote inst_canon with JV labels for 228 rows
2025-08-26 13:20:46,886 - INFO - Saving filtered output to storage/output/grouped-factories.xlsx
2025-08-26 13:20:46,888 - INFO - 🏭 Importing facilities
2025-08-26 13:20:47,057 - INFO - 🗑️ Cleared existing facilities from MongoDB.
2025-08-26 13:20:47,553 - INFO - Saving a copy of facilities to Excel at storage/output/facilities.xlsx
2025-08-26 13:20:47,907 - INFO - Capacities: raw=1689
2025-08-26 13:20:47,907 - INFO - Capacities: dedup=1300 | grouped=1207
2025-08-26 13:20:47,909 - INFO - Sample grouped capacities (5):
                          project_id product_lv1  capacity_normalized             status      phase       date               article_id   product_lv2
000bce41-78b7-5039-822b-3e45d76619a2        wind                0.015        operational    unclear 2025-06-01 684ebaeffb4b25699262e371 (deployment,)
00f10e98-6a20-503d-8ade-f6c090947d33     battery                5.300 under construction  expansion 2021-09-01 68a1d9055ac9693745e0c271            ()
00f10e98-6a20-503d-8ade-f6c090947d33     battery                1.700          announced greenfield 2021-09-01 68a1d9055ac9693745e0c271            ()
00f10e98-6a20-503d-8ade-f6c090947d33     battery                4.000          announced  expansion 2021-09-01 68a1d9055ac9693745e0c271            ()
01f5fda5-9a1c-5692-bda9-b8356318d486    hydrogen               15.000        operational greenfield 2022-11-01 67fa62f638fb90ab92f8c389            ()
2025-08-26 13:20:47,909 - INFO - applies_to distribution: {'mix': 1118, 'electric': 88, 'fossil': 1}
2025-08-26 13:20:47,973 - INFO - Number of raw capacities: 1689
2025-08-26 13:20:47,974 - INFO - 📅 Unique capacities after dedup (earliest per tuple): 1300
2025-08-26 13:20:47,995 - INFO - Facilities before filter: 1562 | inserted with capacities: 667 | skipped (non-vehicle, no capacities): 829 | vehicles with caps: 58 | vehicles without caps (inserted): 66
2025-08-26 13:20:51,461 - INFO - ✅ Inserted 733 facilities into MongoDB with 1300 deduplicated capacities attached.
2025-08-26 13:20:51,470 - INFO - 🧮 Determining phase summaries
2025-08-26 13:20:51,554 - INFO - 🚀 Starting summary updates for main, greenfield and expansion...
2025-08-26 13:20:55,205 - INFO - ✅ Updated summaries for 666 facilities.
2025-08-26 13:20:55,207 - INFO - Outputting clean capacities summary data
2025-08-26 13:20:56,326 - INFO - Total pipeline time: 1.77 minutes
