2025-08-13 11:26:20,455 - INFO - Updating mongo-metadata is set to False
2025-08-13 11:26:20,455 - INFO - 🗞️ Flattening articles...
2025-08-13 11:26:43,891 - INFO - 💾 Saved nodes to storage/output/all_nodes.xlsx
2025-08-13 11:26:43,891 - INFO - 💾 Saved relationships to storage/output/all_rels.xlsx
2025-08-13 11:26:43,937 - INFO - 🉑 Merging nodes and relationships...
2025-08-13 11:26:53,127 - INFO - 💾 Saved factory-technology graph segment to storage/output/factory-technological.xlsx
2025-08-13 11:26:53,137 - INFO - Normalising capacities
2025-08-13 11:26:54,118 - INFO - Capacity rows: 4898 | failed: 101 (2.1%)
2025-08-13 11:26:54,119 - INFO - normalization_case
default:metric-is-gigawatt         2773
vehicle:units-or-missing            989
fallback:normalize-default          657
battery:fallback-missing-metric     255
override:battery/eam:tonne          118
battery:metric-present               78
battery-keyword:vehicle               7
battery-keyword:eam:vehicle           6
battery-keyword:ev                    5
battery-keyword:eam:ev                4
battery-keyword:car                   3
battery-keyword:eam:car               3
2025-08-13 11:26:55,342 - INFO - 🫂 Grouping projects...
2025-08-13 11:26:55,847 - INFO - Found 1505 rows:
2025-08-13 11:26:55,847 - INFO - ⚠️ 161 entries without CITY are dropped, rows reduced to 1344.
2025-08-13 11:26:55,848 - INFO - Missing counts: adm1           453
inst_canon     124
product_lv1    489
product_lv2    720
dtype: int64
2025-08-13 11:26:55,848 - INFO - ⚠️  844 rows dropped because of missing values; 661 remain.
2025-08-13 11:26:55,848 - INFO - Unique owners before manual dict: 160
2025-08-13 11:26:55,848 - INFO - Unique owners after manual dict: 139
2025-08-13 11:26:57,583 - INFO - Saving filtered output to storage/output/filtered_projects.xlsx
2025-08-13 11:26:57,584 - INFO - 🏭 Importing facilities
2025-08-13 11:26:57,766 - INFO - 🗑️ Cleared existing facilities from MongoDB.
2025-08-13 11:26:57,849 - INFO - Saving a copy of facilities to Excel at storage/output/facilities.xlsx
2025-08-13 11:26:57,885 - INFO - Number of raw capacities - 661
2025-08-13 11:26:57,885 - INFO - 📅 Unique capacities remaining after deduplication (keeping earliest date): 438
2025-08-13 11:26:58,751 - INFO - ✅ Inserted 188 facilities into MongoDB, with 438 capacities.
2025-08-13 11:26:58,753 - INFO - 🧮 Determining phase summaries
2025-08-13 11:26:58,827 - INFO - 🚀 Starting summary updates for greenfield and expansion...
2025-08-13 11:26:59,727 - INFO - ✅ Updated summaries for 174 facilities.
2025-08-13 11:26:59,728 - INFO - Outputting clean capacities summary data
2025-08-13 11:26:59,947 - INFO - Total pipeline time: 0.66 minutes
