2025-09-16 21:42:25,545 - INFO - Updating mongo-metadata is set to False
2025-09-16 21:42:25,545 - INFO - 🗞️ Flattening articles...
2025-09-16 21:42:25,545 - INFO - 🉑 Merging nodes and relationships...
2025-09-16 21:42:25,545 - INFO - Normalising capacities
2025-09-16 21:42:25,545 - INFO - Normalising investments
2025-09-16 21:42:25,545 - INFO - 🫂 Grouping projects...
2025-09-16 21:42:25,545 - INFO - Processing: storage/output/factory-technological-clean-capacities-investments.xlsx → storage/output/grouped-capacities.xlsx
2025-09-16 21:42:25,970 - INFO - Found 2833 rows (EU only).
2025-09-16 21:42:25,980 - INFO - ⚠️ 749 rows lack an admin_group_key after applying per-country rules.
2025-09-16 21:42:25,980 - INFO - ⚠️ 10 entries without a normalised OWNER name are dropped.
2025-09-16 21:42:25,981 - INFO - Rows reduced to 2823 after dropping missing inst_canon.
2025-09-16 21:42:25,982 - INFO - ⚠️ 367 entries without CITY are dropped.
2025-09-16 21:42:25,982 - INFO - Rows reduced to 2456 after dropping missing city_key.
2025-09-16 21:42:25,982 - INFO - ⚠️ 380 entries without a geographic locator are dropped.
2025-09-16 21:42:25,983 - INFO - Rows reduced to 2076 after dropping missing admin_group_key.
2025-09-16 21:42:25,983 - INFO - ⚠️ 337 entries without a normalised PRODUCT-LV1 are dropped.
2025-09-16 21:42:25,984 - INFO - Rows reduced to 1739 after dropping missing product_lv1.
2025-09-16 21:42:25,984 - INFO - ⚠️ 1094 total rows dropped due to missing required fields; 1739 remain.
2025-09-16 21:42:25,984 - INFO - ⚠️ 615 entries without a normalised PRODUCT-LV2.
2025-09-16 21:42:25,984 - INFO - Unique owners before manual dict: 541
2025-09-16 21:42:25,985 - INFO - Unique owners after manual dict: 490
2025-09-16 21:42:25,991 - INFO - Applied site merges to 21 rows.
2025-09-16 21:42:27,998 - INFO - Overwrote inst_canon with JV labels for 123 rows
2025-09-16 21:42:28,288 - INFO - Saving filtered output to storage/output/grouped-capacities.xlsx
2025-09-16 21:42:28,290 - INFO - Processing: storage/output/factory_registry.xlsx → storage/output/grouped-factories.xlsx
2025-09-16 21:42:28,952 - INFO - Found 10719 rows (EU only).
2025-09-16 21:42:28,993 - INFO - ⚠️ 2508 rows lack an admin_group_key after applying per-country rules.
2025-09-16 21:42:28,993 - INFO - ⚠️ 36 entries without a normalised OWNER name are dropped.
2025-09-16 21:42:28,995 - INFO - Rows reduced to 10683 after dropping missing inst_canon.
2025-09-16 21:42:28,995 - INFO - ⚠️ 1217 entries without CITY are dropped.
2025-09-16 21:42:28,997 - INFO - Rows reduced to 9466 after dropping missing city_key.
2025-09-16 21:42:28,997 - INFO - ⚠️ 1287 entries without a geographic locator are dropped.
2025-09-16 21:42:28,999 - INFO - Rows reduced to 8179 after dropping missing admin_group_key.
2025-09-16 21:42:28,999 - INFO - ⚠️ 3830 entries without a normalised PRODUCT-LV1 are dropped.
2025-09-16 21:42:29,000 - INFO - Rows reduced to 4349 after dropping missing product_lv1.
2025-09-16 21:42:29,000 - INFO - ⚠️ 6370 total rows dropped due to missing required fields; 4349 remain.
2025-09-16 21:42:29,000 - INFO - ⚠️ 1960 entries without a normalised PRODUCT-LV2.
2025-09-16 21:42:29,000 - INFO - Unique owners before manual dict: 975
2025-09-16 21:42:29,001 - INFO - Unique owners after manual dict: 910
2025-09-16 21:42:29,015 - INFO - Applied site merges to 49 rows.
2025-09-16 21:42:31,074 - INFO - Overwrote inst_canon with JV labels for 231 rows
2025-09-16 21:42:31,616 - INFO - Saving filtered output to storage/output/grouped-factories.xlsx
2025-09-16 21:42:31,618 - INFO - Processing: storage/output/clean-investment-funds-factory.xlsx → storage/output/grouped-investments.xlsx
2025-09-16 21:42:31,815 - INFO - Found 1805 rows (EU only).
2025-09-16 21:42:31,821 - INFO - ⚠️ 333 rows lack an admin_group_key after applying per-country rules.
2025-09-16 21:42:31,821 - INFO - ⚠️ 2 entries without a normalised OWNER name are dropped.
2025-09-16 21:42:31,822 - INFO - Rows reduced to 1803 after dropping missing inst_canon.
2025-09-16 21:42:31,822 - INFO - ⚠️ 133 entries without CITY are dropped.
2025-09-16 21:42:31,823 - INFO - Rows reduced to 1670 after dropping missing city_key.
2025-09-16 21:42:31,823 - INFO - ⚠️ 199 entries without a geographic locator are dropped.
2025-09-16 21:42:31,823 - INFO - Rows reduced to 1471 after dropping missing admin_group_key.
2025-09-16 21:42:31,823 - INFO - ⚠️ 610 entries without a normalised PRODUCT-LV1 are dropped.
2025-09-16 21:42:31,824 - INFO - Rows reduced to 861 after dropping missing product_lv1.
2025-09-16 21:42:31,824 - INFO - ⚠️ 944 total rows dropped due to missing required fields; 861 remain.
2025-09-16 21:42:31,824 - INFO - ⚠️ 377 entries without a normalised PRODUCT-LV2.
2025-09-16 21:42:31,824 - INFO - Unique owners before manual dict: 301
2025-09-16 21:42:31,824 - INFO - Unique owners after manual dict: 277
2025-09-16 21:42:31,827 - INFO - Applied site merges to 13 rows.
2025-09-16 21:42:33,929 - INFO - Overwrote inst_canon with JV labels for 61 rows
2025-09-16 21:42:34,063 - INFO - Saving filtered output to storage/output/grouped-investments.xlsx
2025-09-16 21:42:34,095 - INFO - 🗑️ Cleared existing facilities from MongoDB.
2025-09-16 21:42:34,616 - INFO - Saving a copy of facilities to Excel at storage/output/facilities.xlsx
2025-09-16 21:42:34,964 - INFO - Capacities: raw=1783
2025-09-16 21:42:34,964 - INFO - Capacities: dedup=1369 | grouped=1271
2025-09-16 21:42:34,964 - INFO - applies_to distribution: {'mix': 1117, 'electric': 151, 'fossil': 3}
2025-09-16 21:42:35,032 - INFO - Number of raw capacities: 1783
2025-09-16 21:42:35,032 - INFO - 📅 Unique capacities after dedup (earliest per tuple): 1369
2025-09-16 21:42:35,175 - INFO - Investments: raw=861 | dedup=657 | grouped=603
2025-09-16 21:42:35,228 - INFO - 📈 Investment events attached (projects): 398
2025-09-16 21:42:35,251 - INFO - Facilities before filter: 1572 | inserted with capacities: 808 | skipped (non-vehicle, no capacities): 714 | vehicles with caps: 84 | vehicles without caps (inserted): 50
2025-09-16 21:42:36,697 - INFO - ✅ Inserted 858 facilities into MongoDB with 1369 unique capacity entries and 657 unique investment entries (~1714 total events attached).
2025-09-16 21:42:36,702 - INFO - 🧮 Determining phase summaries
2025-09-16 21:42:37,674 - INFO - 🚀 Starting summary updates for main, greenfield and expansion...
2025-09-16 21:42:42,185 - INFO - ✅ Updated summaries for 678 facilities.
2025-09-16 21:42:42,187 - INFO - Outputting clean capacities summary data
2025-09-16 21:42:44,114 - INFO - Total pipeline time: 0.31 minutes
