2025-09-23 17:46:41,861 - INFO - Updating mongo-metadata is set to False
2025-09-23 17:46:41,861 - INFO - 🗞️ Flattening articles...
2025-09-23 17:47:23,452 - INFO - 💾 Saved nodes to storage/output/all_nodes.xlsx
2025-09-23 17:47:23,453 - INFO - 💾 Saved relationships to storage/output/all_rels.xlsx
2025-09-23 17:47:23,540 - INFO - 🉑 Merging nodes and relationships...
2025-09-23 17:47:23,540 - INFO - - - - FACTORY_TECH_SPEC
2025-09-23 17:47:39,502 - INFO - 💾 Saved geo_lookup to storage/output/geo_lookup.json
2025-09-23 17:47:41,389 - INFO - 💾 Saved: storage/output/factory-technological.xlsx
2025-09-23 17:47:41,404 - INFO - - - - COMPANY_JV_SPEC
2025-09-23 17:47:57,127 - INFO - 💾 Saved geo_lookup to storage/output/geo_lookup.json
2025-09-23 17:47:57,467 - INFO - 💾 Saved: storage/output/company-joint-venture.xlsx
2025-09-23 17:47:57,480 - INFO - - - - INVESTMENT_FUNDS_SPEC
2025-09-23 17:48:13,484 - INFO - 💾 Saved geo_lookup to storage/output/geo_lookup.json
2025-09-23 17:48:14,519 - INFO - 💾 Saved: storage/output/investment-funds-factory.xlsx
2025-09-23 17:48:14,534 - INFO - 🏭 Building registry union (direct + capacity + investment)…
2025-09-23 17:48:30,401 - INFO - 💾 Saved geo_lookup to storage/output/geo_lookup.json
2025-09-23 17:48:47,135 - INFO - 💾 Saved geo_lookup to storage/output/geo_lookup.json
2025-09-23 17:49:03,832 - INFO - 💾 Saved geo_lookup to storage/output/geo_lookup.json
2025-09-23 17:49:05,402 - INFO - 💾 Saved registry union to storage/output/factory_registry.xlsx
2025-09-23 17:49:05,403 - INFO - Normalising capacities
2025-09-23 17:49:06,119 - INFO - Capacity rows: 2860 | failed: 250 (8.7%)
2025-09-23 17:49:06,121 - INFO - normalization_case
normalize:fallback:keep-metric                                  930
normalize:already-clean:gigawatt                                656
normalize:already-clean:gigawatt hour                           592
normalize:vehicle:missing                                       331
fallback:missing-metric                                         235
normalize:already-clean:tonne                                    32
normalize:battery:module_pack:battery systems->gigawatt hour     16
normalize:invalid-input                                          15
normalize:battery:energy-metric                                  15
normalize:battery:keyword:ev                                      9
normalize:battery:keyword:vehicle                                 8
normalize:battery:module_pack:battery modules->gigawatt hour      5
normalize:battery:module_pack:unit->gigawatt hour                 5
normalize:battery:module_pack:battery packs->gigawatt hour        5
normalize:battery:module_pack:batteries->gigawatt hour            4
normalize:battery:keyword:car                                     2
2025-09-23 17:49:06,923 - INFO - Normalising investments
2025-09-23 17:49:12,378 - INFO - 🫂 Grouping projects...
2025-09-23 17:49:12,378 - INFO - Processing: storage/output/factory-technological-clean-capacities-investments.xlsx → storage/output/grouped-capacities.xlsx
2025-09-23 17:49:12,824 - INFO - Found 2860 rows (EU only).
2025-09-23 17:49:12,834 - INFO - ⚠️ 756 rows lack an admin_group_key after applying per-country rules.
2025-09-23 17:49:12,834 - INFO - ⚠️ 9 entries without a normalised OWNER name are dropped.
2025-09-23 17:49:12,835 - INFO - Rows reduced to 2851 after dropping missing inst_canon.
2025-09-23 17:49:12,836 - INFO - ⚠️ 369 entries without CITY are dropped.
2025-09-23 17:49:12,836 - INFO - Rows reduced to 2482 after dropping missing city_key.
2025-09-23 17:49:12,836 - INFO - ⚠️ 383 entries without a geographic locator are dropped.
2025-09-23 17:49:12,837 - INFO - Rows reduced to 2099 after dropping missing admin_group_key.
2025-09-23 17:49:12,837 - INFO - ⚠️ 347 entries without a normalised PRODUCT-LV1 are dropped.
2025-09-23 17:49:12,838 - INFO - Rows reduced to 1752 after dropping missing product_lv1.
2025-09-23 17:49:12,838 - INFO - ⚠️ 1108 total rows dropped due to missing required fields; 1752 remain.
2025-09-23 17:49:12,838 - INFO - ⚠️ 619 entries without a normalised PRODUCT-LV2.
2025-09-23 17:49:12,838 - INFO - Unique owners before manual dict: 542
2025-09-23 17:49:12,839 - INFO - Unique owners after manual dict: 491
2025-09-23 17:49:12,845 - INFO - Applied site merges to 21 rows.
2025-09-23 17:49:14,735 - INFO - Overwrote inst_canon with JV labels for 124 rows
2025-09-23 17:49:15,072 - INFO - Saving filtered output to storage/output/grouped-capacities.xlsx
2025-09-23 17:49:15,073 - INFO - Processing: storage/output/factory_registry.xlsx → storage/output/grouped-factories.xlsx
2025-09-23 17:49:15,580 - INFO - Found 7492 rows (EU only).
2025-09-23 17:49:15,600 - INFO - ⚠️ 2253 rows lack an admin_group_key after applying per-country rules.
2025-09-23 17:49:15,600 - INFO - ⚠️ 24 entries without a normalised OWNER name are dropped.
2025-09-23 17:49:15,601 - INFO - Rows reduced to 7468 after dropping missing inst_canon.
2025-09-23 17:49:15,601 - INFO - ⚠️ 1131 entries without CITY are dropped.
2025-09-23 17:49:15,602 - INFO - Rows reduced to 6337 after dropping missing city_key.
2025-09-23 17:49:15,603 - INFO - ⚠️ 1115 entries without a geographic locator are dropped.
2025-09-23 17:49:15,603 - INFO - Rows reduced to 5222 after dropping missing admin_group_key.
2025-09-23 17:49:15,604 - INFO - ⚠️ 2074 entries without a normalised PRODUCT-LV1 are dropped.
2025-09-23 17:49:15,604 - INFO - Rows reduced to 3148 after dropping missing product_lv1.
2025-09-23 17:49:15,604 - INFO - ⚠️ 4344 total rows dropped due to missing required fields; 3148 remain.
2025-09-23 17:49:15,605 - INFO - ⚠️ 1344 entries without a normalised PRODUCT-LV2.
2025-09-23 17:49:15,605 - INFO - Unique owners before manual dict: 1011
2025-09-23 17:49:15,606 - INFO - Unique owners after manual dict: 946
2025-09-23 17:49:15,617 - INFO - Applied site merges to 31 rows.
2025-09-23 17:49:17,669 - INFO - Overwrote inst_canon with JV labels for 201 rows
2025-09-23 17:49:18,065 - INFO - Saving filtered output to storage/output/grouped-factories.xlsx
2025-09-23 17:49:18,066 - INFO - Processing: storage/output/clean-investment-funds-factory.xlsx → storage/output/grouped-investments.xlsx
2025-09-23 17:49:18,300 - INFO - Found 1814 rows (EU only).
2025-09-23 17:49:18,306 - INFO - ⚠️ 337 rows lack an admin_group_key after applying per-country rules.
2025-09-23 17:49:18,306 - INFO - ⚠️ 2 entries without a normalised OWNER name are dropped.
2025-09-23 17:49:18,307 - INFO - Rows reduced to 1812 after dropping missing inst_canon.
2025-09-23 17:49:18,307 - INFO - ⚠️ 134 entries without CITY are dropped.
2025-09-23 17:49:18,307 - INFO - Rows reduced to 1678 after dropping missing city_key.
2025-09-23 17:49:18,307 - INFO - ⚠️ 201 entries without a geographic locator are dropped.
2025-09-23 17:49:18,308 - INFO - Rows reduced to 1477 after dropping missing admin_group_key.
2025-09-23 17:49:18,308 - INFO - ⚠️ 612 entries without a normalised PRODUCT-LV1 are dropped.
2025-09-23 17:49:18,308 - INFO - Rows reduced to 865 after dropping missing product_lv1.
2025-09-23 17:49:18,308 - INFO - ⚠️ 949 total rows dropped due to missing required fields; 865 remain.
2025-09-23 17:49:18,309 - INFO - ⚠️ 377 entries without a normalised PRODUCT-LV2.
2025-09-23 17:49:18,309 - INFO - Unique owners before manual dict: 302
2025-09-23 17:49:18,309 - INFO - Unique owners after manual dict: 278
2025-09-23 17:49:18,312 - INFO - Applied site merges to 13 rows.
2025-09-23 17:49:20,018 - INFO - Overwrote inst_canon with JV labels for 62 rows
2025-09-23 17:49:20,161 - INFO - Saving filtered output to storage/output/grouped-investments.xlsx
2025-09-23 17:49:20,162 - INFO - 🏭 Importing facilities
2025-09-23 17:49:21,375 - INFO - Facilities → inserts: 0 | updates: 0 | total input: 1649
2025-09-23 17:49:21,379 - INFO - 📅 Assigning events to facilities
2025-09-23 17:49:21,799 - INFO - Capacities raw=1796 → grouped=1275 | Investments raw=865 → grouped=607
2025-09-23 17:49:22,221 - INFO - attach_events → facilities matched: 884 | missing: 37 | to update: 0
2025-09-23 17:49:22,225 - INFO - 🔢 Assigning phase number
2025-09-23 17:49:22,474 - INFO - Finished. Docs scanned: 1649 | Docs changed: 0 | Event updates applied: 0 | Mode: COMMIT
2025-09-23 17:49:22,474 - INFO - 🚀 Starting summary updates for main, phase 1 and phase 2...
2025-09-23 17:49:27,360 - INFO - ✅ Updated summaries for 0 facilities.
2025-09-23 17:49:27,363 - INFO - ✅ Phase summaries computed.
2025-09-23 17:49:28,656 - INFO - Total pipeline time: 2.78 minutes
