2025-08-12 13:57:48,984 - INFO - Updating mongo-metadata is set to False
2025-08-12 13:57:48,984 - INFO - 🗞️ Flattening articles...
2025-08-12 13:58:10,358 - INFO - 💾 Saved nodes to storage/output/all_nodes.xlsx
2025-08-12 13:58:10,358 - INFO - 💾 Saved relationships to storage/output/all_rels.xlsx
2025-08-12 13:58:10,399 - INFO - 🉑 Merging nodes and relationships...
2025-08-12 13:58:18,637 - INFO - 💾 Saved factory-technology graph segment to storage/output/factory-technological.xlsx
2025-08-12 13:58:18,647 - INFO - Normalising capacities
2025-08-12 13:58:19,469 - INFO - Capacity rows: 4166 | failed: 107 (2.6%)
2025-08-12 13:58:19,470 - INFO - normalization_case
default:metric-is-gigawatt         1550
fallback:normalize-default         1155
vehicle:units-or-missing            989
battery:fallback-missing-metric     244
override:battery/eam:tonne          118
battery:metric-present               82
battery-keyword:vehicle               7
battery-keyword:eam:vehicle           6
battery-keyword:ev                    5
battery-keyword:eam:ev                4
battery-keyword:car                   3
battery-keyword:eam:car               3
2025-08-12 13:58:20,136 - INFO - 🫂 Grouping projects...
2025-08-12 13:58:20,563 - INFO - Found 1384 rows:
2025-08-12 13:58:20,564 - INFO - ⚠️ 121 entries without CITY are dropped, rows reduced to 1263.
2025-08-12 13:58:20,565 - INFO - Missing counts: adm1           379
inst_canon      10
product_lv1    402
product_lv2    638
dtype: int64
2025-08-12 13:58:20,565 - INFO - ⚠️  721 rows dropped because of missing values; 663 remain.
2025-08-12 13:58:20,565 - INFO - Unique owners before manual dict: 161
2025-08-12 13:58:20,565 - INFO - Unique owners after manual dict: 140
2025-08-12 13:58:22,726 - INFO - Saving filtered output to storage/output/filtered_projects.xlsx
2025-08-12 13:58:22,727 - INFO - 🏭 Importing facilities
2025-08-12 13:58:22,908 - INFO - 🗑️ Cleared existing facilities from MongoDB.
2025-08-12 13:58:22,975 - INFO - Saving a copy of facilities to Excel at storage/output/facilities.xlsx
2025-08-12 13:58:23,011 - INFO - Number of raw capacities - 663
2025-08-12 13:58:23,011 - INFO - 📅 Unique capacities remaining after deduplication (keeping earliest date): 440
2025-08-12 13:58:23,825 - INFO - ✅ Inserted 190 facilities into MongoDB, with 440 capacities.
2025-08-12 13:58:23,827 - INFO - 🧮 Determining phase summaries
2025-08-12 13:58:23,912 - INFO - 🚀 Starting summary updates for greenfield and expansion...
2025-08-12 13:58:24,919 - INFO - ✅ Updated summaries for 176 facilities.
2025-08-12 13:58:24,920 - INFO - Outputting clean capacities summary data
2025-08-12 13:58:25,153 - INFO - Total pipeline time: 0.60 minutes
