2025-08-17 16:42:58,690 - INFO - Updating mongo-metadata is set to True
2025-08-17 16:42:58,690 - INFO - 🕴️Normalising companies...
2025-08-17 16:42:59,968 - INFO - 🔢 19132 company or joint_venture nodes present
2025-08-17 16:42:59,968 - INFO - 🟢 of which 19130 already have name_canon. 2 need processing
2025-08-17 16:43:00,235 - INFO - 0 updates to be committed to mongoDB.
2025-08-17 16:43:00,235 - INFO - 🌎 Querying geonames...
2025-08-17 16:43:00,641 - INFO - 📦 Loaded 1585 existing (country, city_key) pairs from MongoDB.
2025-08-17 16:43:05,911 - INFO - 📰 Scanned 10000 article(s) with factory nodes.
2025-08-17 16:43:05,911 - INFO - 🧹 Identified 3240 new (country, city) pairs to query. Example three: [('Korea, Republic of', 'goheung'), ('Italy', 'ginosa'), ('Korea, Republic of', 'asan')]
2025-08-17 16:44:58,386 - INFO - ✅ Geonames MongoDB updated. Inserted: 0 fresh documents, Modified: 336 documents.
2025-08-17 16:44:58,391 - INFO - 🗞️ Flattening articles...
2025-08-17 16:45:33,592 - INFO - 💾 Saved nodes to storage/output/all_nodes.xlsx
2025-08-17 16:45:33,593 - INFO - 💾 Saved relationships to storage/output/all_rels.xlsx
2025-08-17 16:45:33,673 - INFO - 🉑 Merging nodes and relationships...
2025-08-17 16:45:49,236 - INFO - 💾 Saved factory-technology graph segment to storage/output/factory-technological.xlsx
2025-08-17 16:45:49,257 - INFO - Normalising capacities
2025-08-17 16:45:51,231 - INFO - Capacity rows: 9410 | failed: 631 (6.7%)
2025-08-17 16:45:51,232 - INFO - normalization_case
normalize:fallback:keep-metric       3242
normalize:default:gigawatt           2658
normalize:default:gigawatt hour      1362
normalize:vehicle:missing            1098
fallback:missing-metric               593
normalize:default:tonne               336
normalize:invalid-input                38
normalize:battery:energy-metric        37
normalize:battery:keyword:vehicle      23
normalize:battery:keyword:ev           13
normalize:battery:keyword:car          10
2025-08-17 16:45:53,655 - INFO - 🫂 Grouping projects...
2025-08-17 16:45:54,622 - INFO - Found 2574 rows:
2025-08-17 16:45:54,623 - INFO - ⚠️ 355 entries without CITY are dropped, rows reduced to 2219.
2025-08-17 16:45:54,624 - INFO - Missing counts: adm1            575
inst_canon        0
product_lv1     510
product_lv2    1075
dtype: int64
2025-08-17 16:45:54,624 - INFO - ⚠️  1283 rows dropped because of missing values; 1291 remain.
2025-08-17 16:45:54,624 - INFO - Unique owners before manual dict: 393
2025-08-17 16:45:54,625 - INFO - Unique owners after manual dict: 365
2025-08-17 16:45:56,448 - INFO - Saving filtered output to storage/output/filtered_projects.xlsx
2025-08-17 16:45:56,449 - INFO - 🏭 Importing facilities
2025-08-17 16:45:56,632 - INFO - 🗑️ Cleared existing facilities from MongoDB.
2025-08-17 16:45:56,765 - INFO - Saving a copy of facilities to Excel at storage/output/facilities.xlsx
2025-08-17 16:45:56,843 - INFO - Number of raw capacities - 1291
2025-08-17 16:45:56,843 - INFO - 📅 Unique capacities remaining after deduplication (keeping earliest date): 883
2025-08-17 16:45:56,854 - WARNING - bbox missing required keys. Available: []
2025-08-17 16:45:59,549 - INFO - ✅ Inserted 490 facilities into MongoDB, with 883 capacities.
2025-08-17 16:45:59,552 - INFO - 🧮 Determining phase summaries
2025-08-17 16:45:59,637 - INFO - 🚀 Starting summary updates for greenfield and expansion...
2025-08-17 16:46:01,698 - INFO - ✅ Updated summaries for 444 facilities.
2025-08-17 16:46:01,699 - INFO - Outputting clean capacities summary data
2025-08-17 16:46:02,076 - INFO - Total pipeline time: 3.06 minutes
