2025-09-10 18:05:09,513 - INFO - Updating mongo-metadata is set to False
2025-09-10 18:05:09,513 - INFO - 🗞️ Flattening articles...
2025-09-10 18:05:09,513 - INFO - 🉑 Merging nodes and relationships...
2025-09-10 18:05:25,155 - INFO - 💾 Saved geo_lookup to storage/output/geo_lookup.json
2025-09-10 18:05:27,489 - INFO - 💾 Saved: storage/output/factory_registry.xlsx
2025-09-10 18:05:42,720 - INFO - 💾 Saved geo_lookup to storage/output/geo_lookup.json
2025-09-10 18:05:43,594 - INFO - 💾 Saved: storage/output/factory-technological.xlsx
2025-09-10 18:05:58,904 - INFO - 💾 Saved geo_lookup to storage/output/geo_lookup.json
2025-09-10 18:05:59,247 - INFO - 💾 Saved: storage/output/company-joint-venture.xlsx
2025-09-10 18:06:14,447 - INFO - 💾 Saved geo_lookup to storage/output/geo_lookup.json
2025-09-10 18:06:15,419 - INFO - 💾 Saved: storage/output/investment-funds-factory.xlsx
2025-09-10 18:06:15,629 - INFO - Capacity rows: 582 | failed: 34 (5.8%)
2025-09-10 18:06:15,630 - INFO - normalization_case
normalize:fallback:keep-metric                                  180
normalize:already-clean:gigawatt                                145
normalize:already-clean:gigawatt hour                           137
normalize:vehicle:missing                                        56
fallback:missing-metric                                          34
normalize:already-clean:tonne                                     6
normalize:battery:module_pack:battery systems->gigawatt hour      5
normalize:battery:keyword:ev                                      4
normalize:battery:module_pack:battery modules->gigawatt hour      3
normalize:battery:module_pack:batteries->gigawatt hour            3
normalize:battery:energy-metric                                   3
normalize:battery:keyword:vehicle                                 2
normalize:battery:module_pack:battery packs->gigawatt hour        2
normalize:battery:keyword:car                                     1
normalize:battery:module_pack:unit->gigawatt hour                 1
2025-09-10 18:06:15,791 - INFO - 🫂 Grouping projects...
2025-09-10 18:06:15,791 - INFO - Processing: storage/output/factory-technological-clean-capacities.xlsx → storage/output/grouped-capacities.xlsx
2025-09-10 18:06:15,879 - INFO - Found 582 rows (EU only).
2025-09-10 18:06:15,881 - INFO - ⚠️ 144 rows lack an admin_group_key after applying per-country rules.
2025-09-10 18:06:15,881 - INFO - ⚠️ 62 entries without CITY are dropped.
2025-09-10 18:06:15,881 - INFO - Rows reduced to 520 after dropping missing city_key.
2025-09-10 18:06:15,882 - INFO - ⚠️ 82 entries without a geographic locator are dropped.
2025-09-10 18:06:15,882 - INFO - Rows reduced to 438 after dropping missing admin_group_key.
2025-09-10 18:06:15,882 - INFO - ⚠️ 42 entries without a normalised PRODUCT-LV1 are dropped.
2025-09-10 18:06:15,882 - INFO - Rows reduced to 396 after dropping missing product_lv1.
2025-09-10 18:06:15,882 - INFO - ⚠️ 186 total rows dropped due to missing required fields; 396 remain.
2025-09-10 18:06:15,882 - INFO - ⚠️ 144 entries without a normalised PRODUCT-LV2.
2025-09-10 18:06:15,883 - INFO - Unique owners before manual dict: 203
2025-09-10 18:06:15,883 - INFO - Unique owners after manual dict: 187
2025-09-10 18:06:15,884 - INFO - Applied site merges to 5 rows.
2025-09-10 18:06:17,954 - INFO - Overwrote inst_canon with JV labels for 29 rows
2025-09-10 18:06:18,015 - INFO - Saving filtered output to storage/output/grouped-capacities.xlsx
2025-09-10 18:06:18,016 - INFO - Processing: storage/output/factory_registry.xlsx → storage/output/grouped-factories.xlsx
2025-09-10 18:06:18,693 - INFO - Found 10719 rows (EU only).
2025-09-10 18:06:18,720 - INFO - ⚠️ 2508 rows lack an admin_group_key after applying per-country rules.
2025-09-10 18:06:18,720 - INFO - ⚠️ 36 entries without a normalised OWNER name are dropped.
2025-09-10 18:06:18,722 - INFO - Rows reduced to 10683 after dropping missing inst_canon.
2025-09-10 18:06:18,722 - INFO - ⚠️ 1217 entries without CITY are dropped.
2025-09-10 18:06:18,723 - INFO - Rows reduced to 9466 after dropping missing city_key.
2025-09-10 18:06:18,723 - INFO - ⚠️ 1287 entries without a geographic locator are dropped.
2025-09-10 18:06:18,724 - INFO - Rows reduced to 8179 after dropping missing admin_group_key.
2025-09-10 18:06:18,724 - INFO - ⚠️ 3830 entries without a normalised PRODUCT-LV1 are dropped.
2025-09-10 18:06:18,725 - INFO - Rows reduced to 4349 after dropping missing product_lv1.
2025-09-10 18:06:18,725 - INFO - ⚠️ 6370 total rows dropped due to missing required fields; 4349 remain.
2025-09-10 18:06:18,725 - INFO - ⚠️ 1960 entries without a normalised PRODUCT-LV2.
2025-09-10 18:06:18,725 - INFO - Unique owners before manual dict: 975
2025-09-10 18:06:18,726 - INFO - Unique owners after manual dict: 910
2025-09-10 18:06:18,740 - INFO - Applied site merges to 49 rows.
2025-09-10 18:06:20,889 - INFO - Overwrote inst_canon with JV labels for 231 rows
2025-09-10 18:06:21,449 - INFO - Saving filtered output to storage/output/grouped-factories.xlsx
2025-09-10 18:06:21,450 - INFO - Processing: storage/output/investment-funds-factory.xlsx → storage/output/grouped-investments.xlsx
2025-09-10 18:06:21,603 - INFO - Found 1805 rows (EU only).
2025-09-10 18:06:21,608 - INFO - ⚠️ 333 rows lack an admin_group_key after applying per-country rules.
2025-09-10 18:06:21,608 - INFO - ⚠️ 2 entries without a normalised OWNER name are dropped.
2025-09-10 18:06:21,609 - INFO - Rows reduced to 1803 after dropping missing inst_canon.
2025-09-10 18:06:21,609 - INFO - ⚠️ 133 entries without CITY are dropped.
2025-09-10 18:06:21,609 - INFO - Rows reduced to 1670 after dropping missing city_key.
2025-09-10 18:06:21,609 - INFO - ⚠️ 199 entries without a geographic locator are dropped.
2025-09-10 18:06:21,610 - INFO - Rows reduced to 1471 after dropping missing admin_group_key.
2025-09-10 18:06:21,610 - INFO - ⚠️ 610 entries without a normalised PRODUCT-LV1 are dropped.
2025-09-10 18:06:21,610 - INFO - Rows reduced to 861 after dropping missing product_lv1.
2025-09-10 18:06:21,610 - INFO - ⚠️ 944 total rows dropped due to missing required fields; 861 remain.
2025-09-10 18:06:21,610 - INFO - ⚠️ 377 entries without a normalised PRODUCT-LV2.
2025-09-10 18:06:21,610 - INFO - Unique owners before manual dict: 301
2025-09-10 18:06:21,611 - INFO - Unique owners after manual dict: 277
2025-09-10 18:06:21,614 - INFO - Applied site merges to 13 rows.
2025-09-10 18:06:23,643 - INFO - Overwrote inst_canon with JV labels for 61 rows
2025-09-10 18:06:23,800 - INFO - Saving filtered output to storage/output/grouped-investments.xlsx
2025-09-10 18:06:23,978 - INFO - 🗑️ Cleared existing facilities from MongoDB.
2025-09-10 18:06:24,457 - INFO - Saving a copy of facilities to Excel at storage/output/facilities.xlsx
2025-09-10 18:06:24,620 - INFO - Capacities: raw=440
2025-09-10 18:06:24,620 - INFO - Capacities: dedup=372 | grouped=350
2025-09-10 18:06:24,622 - INFO - Sample grouped capacities (5):
                          project_id product_lv1  capacity_normalized      status      phase       date               article_id    product_lv2
000bce41-78b7-5039-822b-3e45d76619a2        wind                0.015 operational    unclear 2025-06-01 684ebaeffb4b25699262e371  (deployment,)
0375d3ef-e9b9-5e37-a7c1-9789f29fcacd       parts           160000.000 operational greenfield 2025-01-01 68a34fa055f8a4c6a03cb0d0             ()
0757a13a-19b1-50dc-bd18-64edbcf5fbde    hydrogen                  NaN   announced greenfield 2023-05-01 67fa627c38fb90ab92f8c201             ()
0783ffae-4c4e-5feb-a6ce-b096111862ff     battery                0.150   announced greenfield 2025-06-01 684ebb4ef52f96b4e9dd75e6 (module_pack,)
086af41b-ca24-5e40-81a1-f0ffe0fc3c1e       solar                0.100   announced greenfield 2024-12-01 67fa7c87eaa4fb525afeb7ea  (deployment,)
2025-09-10 18:06:24,622 - INFO - applies_to distribution: {'mix': 282, 'electric': 66, 'fossil': 2}
2025-09-10 18:06:24,645 - INFO - Number of raw capacities: 440
2025-09-10 18:06:24,645 - INFO - 📅 Unique capacities after dedup (earliest per tuple): 372
2025-09-10 18:06:24,757 - INFO - Investments: raw=861 | dedup=671 | grouped=617
2025-09-10 18:06:24,791 - INFO - 📈 Investment events attached (projects): 398
2025-09-10 18:06:24,811 - INFO - Facilities before filter: 1572 | inserted with capacities: 426 | skipped (non-vehicle, no capacities): 1062 | vehicles with caps: 50 | vehicles without caps (inserted): 84
2025-09-10 18:06:27,231 - INFO - ✅ Inserted 510 facilities into MongoDB with 372 unique capacity entries and 671 unique investment entries (~852 total events attached).
2025-09-10 18:06:27,238 - INFO - 🧮 Determining phase summaries
2025-09-10 18:06:27,325 - INFO - 🚀 Starting summary updates for main, greenfield and expansion...
2025-09-10 18:06:28,317 - INFO - ✅ Updated summaries for 219 facilities.
2025-09-10 18:06:28,318 - INFO - Outputting clean capacities summary data
2025-09-10 18:06:29,308 - INFO - Total pipeline time: 1.33 minutes
