2025-08-08 13:48:48,257 - INFO - Updating mongo-metadata is set to True
2025-08-08 13:48:48,257 - INFO - 🗞️ Flattening articles...
2025-08-08 13:48:59,743 - INFO - -- tracking 52638 nodes
2025-08-08 13:48:59,743 - INFO - -- tracking 35211 relationships
2025-08-08 13:48:59,743 - INFO - 💾 Saved nodes to storage/output/all_nodes.xlsx
2025-08-08 13:48:59,743 - INFO - 💾 Saved relationships to storage/output/all_rels.xlsx
2025-08-08 13:48:59,766 - INFO - 🉑 Merging nodes and relationships...
2025-08-08 13:49:04,311 - WARNING - [standardize_country] country lookup failed for “asia”
2025-08-08 13:49:04,316 - WARNING - [standardize_country] country lookup failed for “unclear”
2025-08-08 13:49:04,321 - WARNING - [standardize_country] country lookup failed for “europe”
2025-08-08 13:49:04,329 - WARNING - [standardize_country] country lookup failed for “sweden or finland”
2025-08-08 13:49:04,357 - WARNING - [standardize_country] country lookup failed for “northern macedonia”
2025-08-08 13:49:04,361 - WARNING - [standardize_country] country lookup failed for “eastern europe”
2025-08-08 13:49:04,365 - WARNING - [standardize_country] country lookup failed for “bavaria, germany”
2025-08-08 13:49:04,370 - WARNING - [standardize_country] country lookup failed for “china, mexico, poland, india”
2025-08-08 13:49:04,388 - WARNING - [standardize_country] country lookup failed for “germany, poland, or hungary”
2025-08-08 13:49:04,393 - WARNING - [standardize_country] country lookup failed for “democratic republic of congo”
2025-08-08 13:49:04,397 - WARNING - [standardize_country] country lookup failed for “germany-dutch”
2025-08-08 13:49:04,415 - WARNING - [standardize_country] country lookup failed for “north america”
2025-08-08 13:49:04,420 - WARNING - [standardize_country] country lookup failed for “eu and uk”
2025-08-08 13:49:04,424 - WARNING - [standardize_country] country lookup failed for “mexico, usa or canada”
2025-08-08 13:49:04,429 - WARNING - [standardize_country] country lookup failed for “western europe”
2025-08-08 13:49:04,438 - WARNING - [standardize_country] country lookup failed for “mainland europe”
2025-08-08 13:49:04,443 - WARNING - [standardize_country] country lookup failed for “central or eastern europe”
2025-08-08 13:49:04,447 - WARNING - [standardize_country] country lookup failed for “sardinia”
2025-08-08 13:49:04,461 - WARNING - [standardize_country] country lookup failed for “bosnia-herzegovina”
2025-08-08 13:49:04,470 - WARNING - [standardize_country] country lookup failed for “morocoo”
2025-08-08 13:49:04,782 - INFO - 💾 Saved factory-technology graph segment to storage/output/factory-technological.xlsx
2025-08-08 13:49:04,787 - INFO - 🫂 Grouping projects...
2025-08-08 13:49:04,787 - INFO - Reading input file: storage/output/factory-technological.xlsx
