2025-08-12 15:56:30,243 - INFO - Updating mongo-metadata is set to False
2025-08-12 15:56:30,243 - INFO - Normalising capacities
2025-08-12 15:56:30,243 - INFO - Applied 2 multiplier_overrides from storage/config/capacity_rules.json.
2025-08-12 15:56:30,243 - INFO - Applied 2 keyword_overrides from storage/config/capacity_rules.json.
2025-08-12 15:56:30,243 - INFO - Updated target units for 1 technologies.
2025-08-12 15:56:31,081 - INFO - Capacity rows: 4166 | failed: 97 (2.3%)
2025-08-12 15:56:31,083 - INFO - normalization_case
default:metric-is-gigawatt                1540
fallback:normalize-default                1218
vehicle:units-or-missing                   973
override:battery/eam:tonne                 118
battery:fallback-missing-metric            110
battery:metric-present                      82
battery:fallback-missing-metric:failed      40
fallback:normalize-default:failed           31
vehicle:units-or-missing:failed             16
default:metric-is-gigawatt:failed           10
battery-keyword:vehicle                      7
battery-keyword:eam:vehicle                  6
battery-keyword:ev                           5
battery-keyword:eam:ev                       4
battery-keyword:car                          3
battery-keyword:eam:car                      3
2025-08-12 15:56:31,440 - INFO - Total pipeline time: 0.02 minutes
