2025-08-21 23:36:09,309 - INFO - Updating mongo-metadata is set to False
2025-08-21 23:36:09,310 - INFO - 🗞️ Flattening articles...
2025-08-21 23:36:49,699 - INFO - 💾 Saved nodes to storage/output/all_nodes.xlsx
2025-08-21 23:36:49,700 - INFO - 💾 Saved relationships to storage/output/all_rels.xlsx
2025-08-21 23:36:49,786 - INFO - 🉑 Merging nodes and relationships...
2025-08-21 23:37:04,887 - INFO - 💾 Saved geo_lookup to storage/output/geo_lookup.json
2025-08-21 23:37:06,401 - INFO - 💾 Saved: storage/output/factory-technological.xlsx
2025-08-21 23:37:21,455 - INFO - 💾 Saved geo_lookup to storage/output/geo_lookup.json
2025-08-21 23:37:21,816 - INFO - 💾 Saved: storage/output/company-joint-venture.xlsx
2025-08-21 23:37:21,829 - INFO - Normalising capacities
2025-08-21 23:37:22,464 - INFO - Capacity rows: 2758 | failed: 230 (8.3%)
2025-08-21 23:37:22,464 - INFO - normalization_case
normalize:fallback:keep-metric                                  931
normalize:already-clean:gigawatt hour                           581
normalize:already-clean:gigawatt                                558
normalize:vehicle:missing                                       313
fallback:missing-metric                                         210
normalize:already-clean:tonne                                    77
normalize:invalid-input                                          20
normalize:battery:energy-metric                                  16
normalize:battery:module_pack:battery systems->gigawatt hour     15
normalize:battery:keyword:vehicle                                 9
normalize:battery:keyword:ev                                      8
normalize:battery:module_pack:battery modules->gigawatt hour      5
normalize:battery:module_pack:unit->gigawatt hour                 5
normalize:battery:module_pack:battery packs->gigawatt hour        5
normalize:battery:module_pack:batteries->gigawatt hour            4
normalize:battery:keyword:car                                     1
2025-08-21 23:37:23,195 - INFO - 🫂 Grouping projects...
2025-08-21 23:37:23,510 - INFO - Found 2758 rows:
2025-08-21 23:37:23,510 - INFO - ⚠️ 366 entries without CITY are dropped, rows reduced to 2392.
2025-08-21 23:37:23,511 - INFO - Missing counts: adm1            369
inst_canon        0
product_lv1     584
product_lv2    1165
dtype: int64
2025-08-21 23:37:23,511 - INFO - ⚠️  1234 rows dropped because of missing values; 1524 remain.
2025-08-21 23:37:23,511 - INFO - Unique owners before manual dict: 465
2025-08-21 23:37:23,512 - INFO - Unique owners after manual dict: 427
2025-08-21 23:37:25,257 - INFO - Saving filtered output to storage/output/filtered_projects.xlsx
2025-08-21 23:37:25,258 - INFO - 🏭 Importing facilities
2025-08-21 23:37:25,423 - INFO - 🗑️ Cleared existing facilities from MongoDB.
2025-08-21 23:37:25,583 - INFO - Saving a copy of facilities to Excel at storage/output/facilities.xlsx
2025-08-21 23:37:25,682 - INFO - Number of raw capacities - 1524
2025-08-21 23:37:25,682 - INFO - 📅 Unique capacities remaining after deduplication (keeping earliest date): 1050
2025-08-21 23:37:25,697 - WARNING - bbox missing required keys. Available: []
2025-08-21 23:37:28,365 - INFO - ✅ Inserted 600 facilities into MongoDB, with 1050 capacities.
2025-08-21 23:37:28,373 - INFO - 🧮 Determining phase summaries
2025-08-21 23:37:28,450 - INFO - 🚀 Starting summary updates for main, greenfield and expansion...
2025-08-21 23:37:32,046 - INFO - ✅ Updated summaries for 599 facilities.
2025-08-21 23:37:32,047 - INFO - Outputting clean capacities summary data
2025-08-21 23:37:32,977 - INFO - Total pipeline time: 1.39 minutes
