2025-08-07 18:08:22,326 - INFO - Updating mongo-metadata is set to True
2025-08-07 18:08:23,438 - INFO - 📦 Loaded 581 existing (country, city_key) pairs from MongoDB.
2025-08-07 18:08:23,838 - INFO - 📰 Found 374 article(s) containing factory nodes.
2025-08-07 18:08:23,885 - INFO - 🧹 Identified 274 new (country, city) pairs to query. Example three:
2025-08-07 18:08:23,885 - INFO - [('Saudi Arabia', 'neom_city'), ('Saudi Arabia', 'jubail_industrial_city'), ('Turkey', 'konya')]
2025-08-07 18:09:37,721 - INFO - ✅ Geonames MongoDB updated. Inserted: 8, Modified: 257
2025-08-07 18:09:37,726 - INFO - 🗞️ Flattening articles...
2025-08-07 18:09:48,577 - INFO - 💾 Saved nodes to storage/output/all_nodes.xlsx
2025-08-07 18:09:48,577 - INFO - 💾 Saved relationships to storage/output/all_rels.xlsx
2025-08-07 18:09:48,601 - INFO - 🉑 Merging nodes and relationships...
2025-08-07 18:09:53,070 - WARNING - [standardize_country] country lookup failed for “asia”
2025-08-07 18:09:53,075 - WARNING - [standardize_country] country lookup failed for “unclear”
2025-08-07 18:09:53,079 - WARNING - [standardize_country] country lookup failed for “europe”
2025-08-07 18:09:53,087 - WARNING - [standardize_country] country lookup failed for “sweden or finland”
2025-08-07 18:09:53,113 - WARNING - [standardize_country] country lookup failed for “northern macedonia”
2025-08-07 18:09:53,117 - WARNING - [standardize_country] country lookup failed for “eastern europe”
2025-08-07 18:09:53,121 - WARNING - [standardize_country] country lookup failed for “bavaria, germany”
2025-08-07 18:09:53,125 - WARNING - [standardize_country] country lookup failed for “china, mexico, poland, india”
2025-08-07 18:09:53,142 - WARNING - [standardize_country] country lookup failed for “germany, poland, or hungary”
2025-08-07 18:09:53,146 - WARNING - [standardize_country] country lookup failed for “democratic republic of congo”
2025-08-07 18:09:53,151 - WARNING - [standardize_country] country lookup failed for “germany-dutch”
2025-08-07 18:09:53,168 - WARNING - [standardize_country] country lookup failed for “north america”
2025-08-07 18:09:53,172 - WARNING - [standardize_country] country lookup failed for “eu and uk”
2025-08-07 18:09:53,176 - WARNING - [standardize_country] country lookup failed for “mexico, usa or canada”
2025-08-07 18:09:53,180 - WARNING - [standardize_country] country lookup failed for “western europe”
2025-08-07 18:09:53,189 - WARNING - [standardize_country] country lookup failed for “mainland europe”
2025-08-07 18:09:53,193 - WARNING - [standardize_country] country lookup failed for “central or eastern europe”
2025-08-07 18:09:53,197 - WARNING - [standardize_country] country lookup failed for “sardinia”
2025-08-07 18:09:53,211 - WARNING - [standardize_country] country lookup failed for “bosnia-herzegovina”
2025-08-07 18:09:53,219 - WARNING - [standardize_country] country lookup failed for “morocoo”
2025-08-07 18:09:53,540 - INFO - 💾 Saved factory-technology graph segment to storage/output/factory-technological.xlsx
2025-08-07 18:09:53,545 - INFO - 🫂 Grouping projects...
2025-08-07 18:09:53,545 - INFO - Reading input file: storage/output/factory-technological.xlsx
2025-08-07 18:09:53,745 - INFO - Missing values per column before dropping:
2025-08-07 18:09:53,745 - INFO - adm1           1666
inst_canon        8
product_lv1     698
product_lv2    1450
dtype: int64
2025-08-07 18:09:53,746 - INFO - Dropped 1923 rows because of missing values; 1002 remain.
2025-08-07 18:09:53,746 - INFO - Unique owners before manual dict: 232
2025-08-07 18:09:53,746 - INFO - Unique owners after manual dict: 217
2025-08-07 18:09:55,332 - INFO - Saving output to ./storage/output/all_projects.xlsx
2025-08-07 18:09:55,447 - INFO - Saving filtered output to storage/output/filtered_projects.xlsx
2025-08-07 18:09:55,447 - INFO - 🏭 Importing facilities
2025-08-07 18:09:55,607 - INFO - 🗑️ Cleared existing facilities from MongoDB.
2025-08-07 18:09:55,646 - INFO - Saving a copy of facilities to Excel at storage/output/facilities.xlsx
2025-08-07 18:09:55,663 - INFO - Number of raw capacities - 236
2025-08-07 18:09:55,663 - INFO - 📅 Unique capacities remaining after deduplication (keeping earliest date): 168
2025-08-07 18:09:55,751 - INFO - ✅ Inserted 69 facilities into MongoDB, with 168 capacities.
2025-08-07 18:09:55,751 - INFO - 🧮 Determining phase summaries
2025-08-07 18:09:55,829 - INFO - 🚀 Starting summary updates for greenfield and expansion...
2025-08-07 18:09:56,576 - INFO - ✅ Updated summaries for 66 facilities.
2025-08-07 18:09:56,577 - INFO - Total pipeline time: 1.57 minutes
