2025-09-16 21:28:44,607 - INFO - Updating mongo-metadata is set to False
2025-09-16 21:28:44,607 - INFO - 🗞️ Flattening articles...
2025-09-16 21:28:44,607 - INFO - 🉑 Merging nodes and relationships...
2025-09-16 21:28:44,607 - INFO - Normalising capacities
2025-09-16 21:28:44,607 - INFO - Normalising investments
2025-09-16 21:28:50,321 - INFO - 🫂 Grouping projects...
2025-09-16 21:28:50,321 - INFO - Processing: storage/output/factory-technological-clean-capacities.xlsx → storage/output/grouped-capacities.xlsx
2025-09-16 21:28:50,706 - INFO - Found 2833 rows (EU only).
2025-09-16 21:28:50,714 - INFO - ⚠️ 749 rows lack an admin_group_key after applying per-country rules.
2025-09-16 21:28:50,714 - INFO - ⚠️ 10 entries without a normalised OWNER name are dropped.
2025-09-16 21:28:50,715 - INFO - Rows reduced to 2823 after dropping missing inst_canon.
2025-09-16 21:28:50,715 - INFO - ⚠️ 367 entries without CITY are dropped.
2025-09-16 21:28:50,716 - INFO - Rows reduced to 2456 after dropping missing city_key.
2025-09-16 21:28:50,716 - INFO - ⚠️ 380 entries without a geographic locator are dropped.
2025-09-16 21:28:50,716 - INFO - Rows reduced to 2076 after dropping missing admin_group_key.
2025-09-16 21:28:50,717 - INFO - ⚠️ 337 entries without a normalised PRODUCT-LV1 are dropped.
2025-09-16 21:28:50,717 - INFO - Rows reduced to 1739 after dropping missing product_lv1.
2025-09-16 21:28:50,717 - INFO - ⚠️ 1094 total rows dropped due to missing required fields; 1739 remain.
2025-09-16 21:28:50,717 - INFO - ⚠️ 615 entries without a normalised PRODUCT-LV2.
2025-09-16 21:28:50,717 - INFO - Unique owners before manual dict: 541
2025-09-16 21:28:50,718 - INFO - Unique owners after manual dict: 490
2025-09-16 21:28:50,723 - INFO - Applied site merges to 21 rows.
2025-09-16 21:28:52,933 - INFO - Overwrote inst_canon with JV labels for 123 rows
2025-09-16 21:28:53,213 - INFO - Saving filtered output to storage/output/grouped-capacities.xlsx
2025-09-16 21:28:53,214 - INFO - Processing: storage/output/factory_registry.xlsx → storage/output/grouped-factories.xlsx
2025-09-16 21:28:53,885 - INFO - Found 10719 rows (EU only).
2025-09-16 21:28:53,913 - INFO - ⚠️ 2508 rows lack an admin_group_key after applying per-country rules.
2025-09-16 21:28:53,913 - INFO - ⚠️ 36 entries without a normalised OWNER name are dropped.
2025-09-16 21:28:53,914 - INFO - Rows reduced to 10683 after dropping missing inst_canon.
2025-09-16 21:28:53,914 - INFO - ⚠️ 1217 entries without CITY are dropped.
2025-09-16 21:28:53,915 - INFO - Rows reduced to 9466 after dropping missing city_key.
2025-09-16 21:28:53,915 - INFO - ⚠️ 1287 entries without a geographic locator are dropped.
2025-09-16 21:28:53,916 - INFO - Rows reduced to 8179 after dropping missing admin_group_key.
2025-09-16 21:28:53,916 - INFO - ⚠️ 3830 entries without a normalised PRODUCT-LV1 are dropped.
2025-09-16 21:28:53,917 - INFO - Rows reduced to 4349 after dropping missing product_lv1.
2025-09-16 21:28:53,917 - INFO - ⚠️ 6370 total rows dropped due to missing required fields; 4349 remain.
2025-09-16 21:28:53,917 - INFO - ⚠️ 1960 entries without a normalised PRODUCT-LV2.
2025-09-16 21:28:53,918 - INFO - Unique owners before manual dict: 975
2025-09-16 21:28:53,918 - INFO - Unique owners after manual dict: 910
2025-09-16 21:28:53,932 - INFO - Applied site merges to 49 rows.
2025-09-16 21:28:56,163 - INFO - Overwrote inst_canon with JV labels for 231 rows
2025-09-16 21:28:56,729 - INFO - Saving filtered output to storage/output/grouped-factories.xlsx
2025-09-16 21:28:56,731 - INFO - Processing: storage/output/investment-funds-factory.xlsx → storage/output/grouped-investments.xlsx
2025-09-16 21:28:56,885 - INFO - Found 1805 rows (EU only).
2025-09-16 21:28:56,890 - INFO - ⚠️ 333 rows lack an admin_group_key after applying per-country rules.
2025-09-16 21:28:56,890 - INFO - ⚠️ 2 entries without a normalised OWNER name are dropped.
2025-09-16 21:28:56,891 - INFO - Rows reduced to 1803 after dropping missing inst_canon.
2025-09-16 21:28:56,891 - INFO - ⚠️ 133 entries without CITY are dropped.
2025-09-16 21:28:56,891 - INFO - Rows reduced to 1670 after dropping missing city_key.
2025-09-16 21:28:56,891 - INFO - ⚠️ 199 entries without a geographic locator are dropped.
2025-09-16 21:28:56,892 - INFO - Rows reduced to 1471 after dropping missing admin_group_key.
2025-09-16 21:28:56,892 - INFO - ⚠️ 610 entries without a normalised PRODUCT-LV1 are dropped.
2025-09-16 21:28:56,892 - INFO - Rows reduced to 861 after dropping missing product_lv1.
2025-09-16 21:28:56,892 - INFO - ⚠️ 944 total rows dropped due to missing required fields; 861 remain.
2025-09-16 21:28:56,892 - INFO - ⚠️ 377 entries without a normalised PRODUCT-LV2.
2025-09-16 21:28:56,892 - INFO - Unique owners before manual dict: 301
2025-09-16 21:28:56,892 - INFO - Unique owners after manual dict: 277
2025-09-16 21:28:56,895 - INFO - Applied site merges to 13 rows.
2025-09-16 21:28:58,712 - INFO - Overwrote inst_canon with JV labels for 61 rows
2025-09-16 21:28:58,843 - INFO - Saving filtered output to storage/output/grouped-investments.xlsx
2025-09-16 21:28:58,900 - INFO - 🗑️ Cleared existing facilities from MongoDB.
2025-09-16 21:28:59,375 - INFO - Saving a copy of facilities to Excel at storage/output/facilities.xlsx
2025-09-16 21:28:59,725 - INFO - Capacities: raw=1783
2025-09-16 21:28:59,725 - INFO - Capacities: dedup=1369 | grouped=1271
2025-09-16 21:28:59,725 - INFO - applies_to distribution: {'mix': 1117, 'electric': 151, 'fossil': 3}
2025-09-16 21:28:59,792 - INFO - Number of raw capacities: 1783
2025-09-16 21:28:59,792 - INFO - 📅 Unique capacities after dedup (earliest per tuple): 1369
2025-09-16 21:28:59,907 - INFO - Investments: raw=861 | dedup=673 | grouped=619
2025-09-16 21:28:59,939 - INFO - 📈 Investment events attached (projects): 398
2025-09-16 21:28:59,961 - INFO - Facilities before filter: 1572 | inserted with capacities: 808 | skipped (non-vehicle, no capacities): 714 | vehicles with caps: 84 | vehicles without caps (inserted): 50
2025-09-16 21:29:03,008 - INFO - ✅ Inserted 858 facilities into MongoDB with 1369 unique capacity entries and 673 unique investment entries (~1730 total events attached).
2025-09-16 21:29:03,010 - INFO - 🧮 Determining phase summaries
2025-09-16 21:29:03,045 - INFO - 🚀 Starting summary updates for main, greenfield and expansion...
2025-09-16 21:29:07,017 - INFO - ✅ Updated summaries for 678 facilities.
2025-09-16 21:29:07,019 - INFO - Outputting clean capacities summary data
2025-09-16 21:29:07,948 - INFO - Total pipeline time: 0.39 minutes
