2025-09-17 14:25:48,913 - INFO - Updating mongo-metadata is set to True
2025-09-17 14:25:48,913 - INFO - 🕴️Normalising companies...
2025-09-17 14:25:50,022 - INFO - 🔢 19928 company or joint_venture nodes present
2025-09-17 14:25:50,023 - INFO - 🟢 of which 19825 already have name_canon. 103 need processing
2025-09-17 14:25:50,861 - INFO - 313 updates to be committed to mongoDB.
2025-09-17 14:26:52,479 - INFO - Batch 0: matched 13091, modified 0
2025-09-17 14:26:52,481 - INFO - 🌎 Querying geonames...
2025-09-17 14:26:52,630 - INFO - 📦 Loaded 1797 existing (country, city_key) pairs from MongoDB.
2025-09-17 14:26:55,641 - INFO - 📰 Scanned 15916 article(s) with factory nodes.
2025-09-17 14:26:55,641 - INFO - 🧹 Identified 5109 new (country, city) pairs to query. Example three: [('Mexico', 'irapuato'), ('United States', 'cypress'), ('Saudi Arabia', 'al_henakiyah')]
2025-09-17 14:27:54,914 - WARNING - [GeoNames 19] the hourly limit of 1000 credits for benmcwilliams has been exceeded. Please throttle your requests or use the commercial service.
2025-09-17 14:27:54,977 - WARNING - [GeoNames 19] the hourly limit of 1000 credits for benmcwilliams has been exceeded. Please throttle your requests or use the commercial service.
2025-09-17 14:27:55,041 - WARNING - [GeoNames 19] the hourly limit of 1000 credits for benmcwilliams has been exceeded. Please throttle your requests or use the commercial service.
2025-09-17 14:27:55,106 - WARNING - [GeoNames 19] the hourly limit of 1000 credits for benmcwilliams has been exceeded. Please throttle your requests or use the commercial service.
2025-09-17 14:27:55,171 - WARNING - [GeoNames 19] the hourly limit of 1000 credits for benmcwilliams has been exceeded. Please throttle your requests or use the commercial service.
2025-09-17 14:27:55,241 - WARNING - [GeoNames 19] the hourly limit of 1000 credits for benmcwilliams has been exceeded. Please throttle your requests or use the commercial service.
2025-09-17 14:27:55,311 - WARNING - [GeoNames 19] the hourly limit of 1000 credits for benmcwilliams has been exceeded. Please throttle your requests or use the commercial service.
2025-09-17 14:27:55,376 - WARNING - [GeoNames 19] the hourly limit of 1000 credits for benmcwilliams has been exceeded. Please throttle your requests or use the commercial service.
2025-09-17 14:27:55,443 - WARNING - [GeoNames 19] the hourly limit of 1000 credits for benmcwilliams has been exceeded. Please throttle your requests or use the commercial service.
2025-09-17 14:27:55,507 - WARNING - [GeoNames 19] the hourly limit of 1000 credits for benmcwilliams has been exceeded. Please throttle your requests or use the commercial service.
2025-09-17 14:27:55,572 - WARNING - [GeoNames 19] the hourly limit of 1000 credits for benmcwilliams has been exceeded. Please throttle your requests or use the commercial service.
2025-09-17 14:27:55,640 - WARNING - [GeoNames 19] the hourly limit of 1000 credits for benmcwilliams has been exceeded. Please throttle your requests or use the commercial service.
2025-09-17 14:27:55,709 - WARNING - [GeoNames 19] the hourly limit of 1000 credits for benmcwilliams has been exceeded. Please throttle your requests or use the commercial service.
2025-09-17 14:27:55,773 - WARNING - [GeoNames 19] the hourly limit of 1000 credits for benmcwilliams has been exceeded. Please throttle your requests or use the commercial service.
2025-09-17 14:27:55,839 - WARNING - [GeoNames 19] the hourly limit of 1000 credits for benmcwilliams has been exceeded. Please throttle your requests or use the commercial service.
2025-09-17 14:27:55,903 - WARNING - [GeoNames 19] the hourly limit of 1000 credits for benmcwilliams has been exceeded. Please throttle your requests or use the commercial service.
2025-09-17 14:27:55,980 - WARNING - [GeoNames 19] the hourly limit of 1000 credits for benmcwilliams has been exceeded. Please throttle your requests or use the commercial service.
2025-09-17 14:27:56,078 - WARNING - [GeoNames 19] the hourly limit of 1000 credits for benmcwilliams has been exceeded. Please throttle your requests or use the commercial service.
2025-09-17 14:27:56,142 - WARNING - [GeoNames 19] the hourly limit of 1000 credits for benmcwilliams has been exceeded. Please throttle your requests or use the commercial service.
2025-09-17 14:27:56,205 - WARNING - [GeoNames 19] the hourly limit of 1000 credits for benmcwilliams has been exceeded. Please throttle your requests or use the commercial service.
2025-09-17 14:27:56,268 - WARNING - [GeoNames 19] the hourly limit of 1000 credits for benmcwilliams has been exceeded. Please throttle your requests or use the commercial service.
2025-09-17 14:27:56,332 - WARNING - [GeoNames 19] the hourly limit of 1000 credits for benmcwilliams has been exceeded. Please throttle your requests or use the commercial service.
2025-09-17 14:27:56,404 - WARNING - [GeoNames 19] the hourly limit of 1000 credits for benmcwilliams has been exceeded. Please throttle your requests or use the commercial service.
2025-09-17 14:27:56,466 - WARNING - [GeoNames 19] the hourly limit of 1000 credits for benmcwilliams has been exceeded. Please throttle your requests or use the commercial service.
2025-09-17 14:27:56,605 - WARNING - [GeoNames 19] the hourly limit of 1000 credits for benmcwilliams has been exceeded. Please throttle your requests or use the commercial service.
2025-09-17 14:27:56,669 - WARNING - [GeoNames 19] the hourly limit of 1000 credits for benmcwilliams has been exceeded. Please throttle your requests or use the commercial service.
2025-09-17 14:27:56,732 - WARNING - [GeoNames 19] the hourly limit of 1000 credits for benmcwilliams has been exceeded. Please throttle your requests or use the commercial service.
2025-09-17 14:27:56,798 - WARNING - [GeoNames 19] the hourly limit of 1000 credits for benmcwilliams has been exceeded. Please throttle your requests or use the commercial service.
2025-09-17 14:27:56,864 - WARNING - [GeoNames 19] the hourly limit of 1000 credits for benmcwilliams has been exceeded. Please throttle your requests or use the commercial service.
2025-09-17 14:27:56,933 - WARNING - [GeoNames 19] the hourly limit of 1000 credits for benmcwilliams has been exceeded. Please throttle your requests or use the commercial service.
2025-09-17 14:27:57,007 - WARNING - [GeoNames 19] the hourly limit of 1000 credits for benmcwilliams has been exceeded. Please throttle your requests or use the commercial service.
2025-09-17 14:27:57,071 - WARNING - [GeoNames 19] the hourly limit of 1000 credits for benmcwilliams has been exceeded. Please throttle your requests or use the commercial service.
2025-09-17 14:27:57,133 - WARNING - [GeoNames 19] the hourly limit of 1000 credits for benmcwilliams has been exceeded. Please throttle your requests or use the commercial service.
2025-09-17 14:27:57,198 - WARNING - [GeoNames 19] the hourly limit of 1000 credits for benmcwilliams has been exceeded. Please throttle your requests or use the commercial service.
2025-09-17 14:27:57,260 - WARNING - [GeoNames 19] the hourly limit of 1000 credits for benmcwilliams has been exceeded. Please throttle your requests or use the commercial service.
2025-09-17 14:27:57,321 - WARNING - [GeoNames 19] the hourly limit of 1000 credits for benmcwilliams has been exceeded. Please throttle your requests or use the commercial service.
2025-09-17 14:27:57,392 - WARNING - [GeoNames 19] the hourly limit of 1000 credits for benmcwilliams has been exceeded. Please throttle your requests or use the commercial service.
2025-09-17 14:27:57,527 - WARNING - [GeoNames 19] the hourly limit of 1000 credits for benmcwilliams has been exceeded. Please throttle your requests or use the commercial service.
2025-09-17 14:27:57,592 - WARNING - [GeoNames 19] the hourly limit of 1000 credits for benmcwilliams has been exceeded. Please throttle your requests or use the commercial service.
2025-09-17 14:27:57,653 - WARNING - [GeoNames 19] the hourly limit of 1000 credits for benmcwilliams has been exceeded. Please throttle your requests or use the commercial service.
2025-09-17 14:27:57,715 - WARNING - [GeoNames 19] the hourly limit of 1000 credits for benmcwilliams has been exceeded. Please throttle your requests or use the commercial service.
2025-09-17 14:27:57,786 - WARNING - [GeoNames 19] the hourly limit of 1000 credits for benmcwilliams has been exceeded. Please throttle your requests or use the commercial service.
2025-09-17 14:27:57,850 - WARNING - [GeoNames 19] the hourly limit of 1000 credits for benmcwilliams has been exceeded. Please throttle your requests or use the commercial service.
2025-09-17 14:27:57,917 - WARNING - [GeoNames 19] the hourly limit of 1000 credits for benmcwilliams has been exceeded. Please throttle your requests or use the commercial service.
2025-09-17 14:27:57,998 - WARNING - [GeoNames 19] the hourly limit of 1000 credits for benmcwilliams has been exceeded. Please throttle your requests or use the commercial service.
2025-09-17 14:27:58,065 - WARNING - [GeoNames 19] the hourly limit of 1000 credits for benmcwilliams has been exceeded. Please throttle your requests or use the commercial service.
2025-09-17 14:27:58,131 - WARNING - [GeoNames 19] the hourly limit of 1000 credits for benmcwilliams has been exceeded. Please throttle your requests or use the commercial service.
2025-09-17 14:27:58,192 - WARNING - [GeoNames 19] the hourly limit of 1000 credits for benmcwilliams has been exceeded. Please throttle your requests or use the commercial service.
2025-09-17 14:27:58,258 - WARNING - [GeoNames 19] the hourly limit of 1000 credits for benmcwilliams has been exceeded. Please throttle your requests or use the commercial service.
2025-09-17 14:27:58,330 - WARNING - [GeoNames 19] the hourly limit of 1000 credits for benmcwilliams has been exceeded. Please throttle your requests or use the commercial service.
2025-09-17 14:27:58,403 - WARNING - [GeoNames 19] the hourly limit of 1000 credits for benmcwilliams has been exceeded. Please throttle your requests or use the commercial service.
2025-09-17 14:27:58,477 - WARNING - [GeoNames 19] the hourly limit of 1000 credits for benmcwilliams has been exceeded. Please throttle your requests or use the commercial service.
2025-09-17 14:27:58,542 - WARNING - [GeoNames 19] the hourly limit of 1000 credits for benmcwilliams has been exceeded. Please throttle your requests or use the commercial service.
2025-09-17 14:27:58,609 - WARNING - [GeoNames 19] the hourly limit of 1000 credits for benmcwilliams has been exceeded. Please throttle your requests or use the commercial service.
2025-09-17 14:27:58,671 - WARNING - [GeoNames 19] the hourly limit of 1000 credits for benmcwilliams has been exceeded. Please throttle your requests or use the commercial service.
2025-09-17 14:27:58,736 - WARNING - [GeoNames 19] the hourly limit of 1000 credits for benmcwilliams has been exceeded. Please throttle your requests or use the commercial service.
2025-09-17 14:27:58,799 - WARNING - [GeoNames 19] the hourly limit of 1000 credits for benmcwilliams has been exceeded. Please throttle your requests or use the commercial service.
2025-09-17 14:27:58,864 - WARNING - [GeoNames 19] the hourly limit of 1000 credits for benmcwilliams has been exceeded. Please throttle your requests or use the commercial service.
2025-09-17 14:27:58,930 - WARNING - [GeoNames 19] the hourly limit of 1000 credits for benmcwilliams has been exceeded. Please throttle your requests or use the commercial service.
2025-09-17 14:27:59,006 - WARNING - [GeoNames 19] the hourly limit of 1000 credits for benmcwilliams has been exceeded. Please throttle your requests or use the commercial service.
2025-09-17 14:27:59,087 - WARNING - [GeoNames 19] the hourly limit of 1000 credits for benmcwilliams has been exceeded. Please throttle your requests or use the commercial service.
2025-09-17 14:27:59,152 - WARNING - [GeoNames 19] the hourly limit of 1000 credits for benmcwilliams has been exceeded. Please throttle your requests or use the commercial service.
2025-09-17 14:27:59,219 - WARNING - [GeoNames 19] the hourly limit of 1000 credits for benmcwilliams has been exceeded. Please throttle your requests or use the commercial service.
2025-09-17 14:27:59,284 - WARNING - [GeoNames 19] the hourly limit of 1000 credits for benmcwilliams has been exceeded. Please throttle your requests or use the commercial service.
2025-09-17 14:27:59,351 - WARNING - [GeoNames 19] the hourly limit of 1000 credits for benmcwilliams has been exceeded. Please throttle your requests or use the commercial service.
2025-09-17 14:27:59,416 - WARNING - [GeoNames 19] the hourly limit of 1000 credits for benmcwilliams has been exceeded. Please throttle your requests or use the commercial service.
2025-09-17 14:27:59,483 - WARNING - [GeoNames 19] the hourly limit of 1000 credits for benmcwilliams has been exceeded. Please throttle your requests or use the commercial service.
2025-09-17 14:27:59,549 - WARNING - [GeoNames 19] the hourly limit of 1000 credits for benmcwilliams has been exceeded. Please throttle your requests or use the commercial service.
2025-09-17 14:27:59,615 - WARNING - [GeoNames 19] the hourly limit of 1000 credits for benmcwilliams has been exceeded. Please throttle your requests or use the commercial service.
2025-09-17 14:27:59,681 - WARNING - [GeoNames 19] the hourly limit of 1000 credits for benmcwilliams has been exceeded. Please throttle your requests or use the commercial service.
2025-09-17 14:27:59,746 - WARNING - [GeoNames 19] the hourly limit of 1000 credits for benmcwilliams has been exceeded. Please throttle your requests or use the commercial service.
2025-09-17 14:27:59,814 - WARNING - [GeoNames 19] the hourly limit of 1000 credits for benmcwilliams has been exceeded. Please throttle your requests or use the commercial service.
2025-09-17 14:27:59,878 - WARNING - [GeoNames 19] the hourly limit of 1000 credits for benmcwilliams has been exceeded. Please throttle your requests or use the commercial service.
2025-09-17 14:27:59,943 - WARNING - [GeoNames 19] the hourly limit of 1000 credits for benmcwilliams has been exceeded. Please throttle your requests or use the commercial service.
2025-09-17 14:28:00,008 - WARNING - [GeoNames 19] the hourly limit of 1000 credits for benmcwilliams has been exceeded. Please throttle your requests or use the commercial service.
2025-09-17 14:28:00,073 - WARNING - [GeoNames 19] the hourly limit of 1000 credits for benmcwilliams has been exceeded. Please throttle your requests or use the commercial service.
2025-09-17 14:28:00,137 - WARNING - [GeoNames 19] the hourly limit of 1000 credits for benmcwilliams has been exceeded. Please throttle your requests or use the commercial service.
2025-09-17 14:28:00,200 - WARNING - [GeoNames 19] the hourly limit of 1000 credits for benmcwilliams has been exceeded. Please throttle your requests or use the commercial service.
2025-09-17 14:28:00,264 - WARNING - [GeoNames 19] the hourly limit of 1000 credits for benmcwilliams has been exceeded. Please throttle your requests or use the commercial service.
2025-09-17 14:28:00,364 - WARNING - [GeoNames 19] the hourly limit of 1000 credits for benmcwilliams has been exceeded. Please throttle your requests or use the commercial service.
2025-09-17 14:28:00,432 - WARNING - [GeoNames 19] the hourly limit of 1000 credits for benmcwilliams has been exceeded. Please throttle your requests or use the commercial service.
2025-09-17 14:28:00,500 - WARNING - [GeoNames 19] the hourly limit of 1000 credits for benmcwilliams has been exceeded. Please throttle your requests or use the commercial service.
2025-09-17 14:28:00,566 - WARNING - [GeoNames 19] the hourly limit of 1000 credits for benmcwilliams has been exceeded. Please throttle your requests or use the commercial service.
2025-09-17 14:28:00,632 - WARNING - [GeoNames 19] the hourly limit of 1000 credits for benmcwilliams has been exceeded. Please throttle your requests or use the commercial service.
2025-09-17 14:28:00,696 - WARNING - [GeoNames 19] the hourly limit of 1000 credits for benmcwilliams has been exceeded. Please throttle your requests or use the commercial service.
2025-09-17 14:28:00,761 - WARNING - [GeoNames 19] the hourly limit of 1000 credits for benmcwilliams has been exceeded. Please throttle your requests or use the commercial service.
2025-09-17 14:28:00,827 - WARNING - [GeoNames 19] the hourly limit of 1000 credits for benmcwilliams has been exceeded. Please throttle your requests or use the commercial service.
2025-09-17 14:28:00,892 - WARNING - [GeoNames 19] the hourly limit of 1000 credits for benmcwilliams has been exceeded. Please throttle your requests or use the commercial service.
2025-09-17 14:28:01,028 - WARNING - [GeoNames 19] the hourly limit of 1000 credits for benmcwilliams has been exceeded. Please throttle your requests or use the commercial service.
2025-09-17 14:28:01,089 - WARNING - [GeoNames 19] the hourly limit of 1000 credits for benmcwilliams has been exceeded. Please throttle your requests or use the commercial service.
2025-09-17 14:28:01,194 - WARNING - [GeoNames 19] the hourly limit of 1000 credits for benmcwilliams has been exceeded. Please throttle your requests or use the commercial service.
2025-09-17 14:28:01,253 - WARNING - [GeoNames 19] the hourly limit of 1000 credits for benmcwilliams has been exceeded. Please throttle your requests or use the commercial service.
2025-09-17 14:28:01,326 - WARNING - [GeoNames 19] the hourly limit of 1000 credits for benmcwilliams has been exceeded. Please throttle your requests or use the commercial service.
2025-09-17 14:28:01,393 - WARNING - [GeoNames 19] the hourly limit of 1000 credits for benmcwilliams has been exceeded. Please throttle your requests or use the commercial service.
2025-09-17 14:28:01,464 - WARNING - [GeoNames 19] the hourly limit of 1000 credits for benmcwilliams has been exceeded. Please throttle your requests or use the commercial service.
2025-09-17 14:28:01,534 - WARNING - [GeoNames 19] the hourly limit of 1000 credits for benmcwilliams has been exceeded. Please throttle your requests or use the commercial service.
2025-09-17 14:28:01,603 - WARNING - [GeoNames 19] the hourly limit of 1000 credits for benmcwilliams has been exceeded. Please throttle your requests or use the commercial service.
2025-09-17 14:28:01,672 - WARNING - [GeoNames 19] the hourly limit of 1000 credits for benmcwilliams has been exceeded. Please throttle your requests or use the commercial service.
2025-09-17 14:28:01,745 - WARNING - [GeoNames 19] the hourly limit of 1000 credits for benmcwilliams has been exceeded. Please throttle your requests or use the commercial service.
2025-09-17 14:28:01,813 - WARNING - [GeoNames 19] the hourly limit of 1000 credits for benmcwilliams has been exceeded. Please throttle your requests or use the commercial service.
2025-09-17 14:28:01,881 - WARNING - [GeoNames 19] the hourly limit of 1000 credits for benmcwilliams has been exceeded. Please throttle your requests or use the commercial service.
2025-09-17 14:28:01,949 - WARNING - [GeoNames 19] the hourly limit of 1000 credits for benmcwilliams has been exceeded. Please throttle your requests or use the commercial service.
2025-09-17 14:28:02,017 - WARNING - [GeoNames 19] the hourly limit of 1000 credits for benmcwilliams has been exceeded. Please throttle your requests or use the commercial service.
2025-09-17 14:28:02,084 - WARNING - [GeoNames 19] the hourly limit of 1000 credits for benmcwilliams has been exceeded. Please throttle your requests or use the commercial service.
2025-09-17 14:28:02,149 - WARNING - [GeoNames 19] the hourly limit of 1000 credits for benmcwilliams has been exceeded. Please throttle your requests or use the commercial service.
2025-09-17 14:28:02,218 - WARNING - [GeoNames 19] the hourly limit of 1000 credits for benmcwilliams has been exceeded. Please throttle your requests or use the commercial service.
2025-09-17 14:28:02,288 - WARNING - [GeoNames 19] the hourly limit of 1000 credits for benmcwilliams has been exceeded. Please throttle your requests or use the commercial service.
2025-09-17 14:28:02,359 - WARNING - [GeoNames 19] the hourly limit of 1000 credits for benmcwilliams has been exceeded. Please throttle your requests or use the commercial service.
2025-09-17 14:28:02,426 - WARNING - [GeoNames 19] the hourly limit of 1000 credits for benmcwilliams has been exceeded. Please throttle your requests or use the commercial service.
2025-09-17 14:28:02,501 - WARNING - [GeoNames 19] the hourly limit of 1000 credits for benmcwilliams has been exceeded. Please throttle your requests or use the commercial service.
2025-09-17 14:28:02,572 - WARNING - [GeoNames 19] the hourly limit of 1000 credits for benmcwilliams has been exceeded. Please throttle your requests or use the commercial service.
2025-09-17 14:28:02,651 - WARNING - [GeoNames 19] the hourly limit of 1000 credits for benmcwilliams has been exceeded. Please throttle your requests or use the commercial service.
2025-09-17 14:28:02,718 - WARNING - [GeoNames 19] the hourly limit of 1000 credits for benmcwilliams has been exceeded. Please throttle your requests or use the commercial service.
2025-09-17 14:28:02,783 - WARNING - [GeoNames 19] the hourly limit of 1000 credits for benmcwilliams has been exceeded. Please throttle your requests or use the commercial service.
2025-09-17 14:28:02,849 - WARNING - [GeoNames 19] the hourly limit of 1000 credits for benmcwilliams has been exceeded. Please throttle your requests or use the commercial service.
2025-09-17 14:28:02,915 - WARNING - [GeoNames 19] the hourly limit of 1000 credits for benmcwilliams has been exceeded. Please throttle your requests or use the commercial service.
2025-09-17 14:28:02,982 - WARNING - [GeoNames 19] the hourly limit of 1000 credits for benmcwilliams has been exceeded. Please throttle your requests or use the commercial service.
2025-09-17 14:28:03,053 - WARNING - [GeoNames 19] the hourly limit of 1000 credits for benmcwilliams has been exceeded. Please throttle your requests or use the commercial service.
2025-09-17 14:28:03,118 - WARNING - [GeoNames 19] the hourly limit of 1000 credits for benmcwilliams has been exceeded. Please throttle your requests or use the commercial service.
2025-09-17 14:28:03,183 - WARNING - [GeoNames 19] the hourly limit of 1000 credits for benmcwilliams has been exceeded. Please throttle your requests or use the commercial service.
2025-09-17 14:28:03,253 - WARNING - [GeoNames 19] the hourly limit of 1000 credits for benmcwilliams has been exceeded. Please throttle your requests or use the commercial service.
2025-09-17 14:28:03,323 - WARNING - [GeoNames 19] the hourly limit of 1000 credits for benmcwilliams has been exceeded. Please throttle your requests or use the commercial service.
2025-09-17 14:28:03,389 - WARNING - [GeoNames 19] the hourly limit of 1000 credits for benmcwilliams has been exceeded. Please throttle your requests or use the commercial service.
2025-09-17 14:28:03,454 - WARNING - [GeoNames 19] the hourly limit of 1000 credits for benmcwilliams has been exceeded. Please throttle your requests or use the commercial service.
2025-09-17 14:28:03,515 - WARNING - [GeoNames 19] the hourly limit of 1000 credits for benmcwilliams has been exceeded. Please throttle your requests or use the commercial service.
2025-09-17 14:28:03,578 - WARNING - [GeoNames 19] the hourly limit of 1000 credits for benmcwilliams has been exceeded. Please throttle your requests or use the commercial service.
2025-09-17 14:28:03,639 - WARNING - [GeoNames 19] the hourly limit of 1000 credits for benmcwilliams has been exceeded. Please throttle your requests or use the commercial service.
2025-09-17 14:28:03,727 - WARNING - [GeoNames 19] the hourly limit of 1000 credits for benmcwilliams has been exceeded. Please throttle your requests or use the commercial service.
2025-09-17 14:28:03,791 - WARNING - [GeoNames 19] the hourly limit of 1000 credits for benmcwilliams has been exceeded. Please throttle your requests or use the commercial service.
2025-09-17 14:28:03,858 - WARNING - [GeoNames 19] the hourly limit of 1000 credits for benmcwilliams has been exceeded. Please throttle your requests or use the commercial service.
2025-09-17 14:28:03,950 - WARNING - [GeoNames 19] the hourly limit of 1000 credits for benmcwilliams has been exceeded. Please throttle your requests or use the commercial service.
2025-09-17 14:28:04,020 - WARNING - [GeoNames 19] the hourly limit of 1000 credits for benmcwilliams has been exceeded. Please throttle your requests or use the commercial service.
2025-09-17 14:28:04,085 - WARNING - [GeoNames 19] the hourly limit of 1000 credits for benmcwilliams has been exceeded. Please throttle your requests or use the commercial service.
2025-09-17 14:28:04,156 - WARNING - [GeoNames 19] the hourly limit of 1000 credits for benmcwilliams has been exceeded. Please throttle your requests or use the commercial service.
2025-09-17 14:28:04,221 - WARNING - [GeoNames 19] the hourly limit of 1000 credits for benmcwilliams has been exceeded. Please throttle your requests or use the commercial service.
2025-09-17 14:28:04,288 - WARNING - [GeoNames 19] the hourly limit of 1000 credits for benmcwilliams has been exceeded. Please throttle your requests or use the commercial service.
2025-09-17 14:28:04,354 - WARNING - [GeoNames 19] the hourly limit of 1000 credits for benmcwilliams has been exceeded. Please throttle your requests or use the commercial service.
2025-09-17 14:28:04,416 - WARNING - [GeoNames 19] the hourly limit of 1000 credits for benmcwilliams has been exceeded. Please throttle your requests or use the commercial service.
2025-09-17 14:28:04,499 - WARNING - [GeoNames 19] the hourly limit of 1000 credits for benmcwilliams has been exceeded. Please throttle your requests or use the commercial service.
2025-09-17 14:28:04,564 - WARNING - [GeoNames 19] the hourly limit of 1000 credits for benmcwilliams has been exceeded. Please throttle your requests or use the commercial service.
2025-09-17 14:28:04,714 - WARNING - [GeoNames 19] the hourly limit of 1000 credits for benmcwilliams has been exceeded. Please throttle your requests or use the commercial service.
2025-09-17 14:28:04,781 - WARNING - [GeoNames 19] the hourly limit of 1000 credits for benmcwilliams has been exceeded. Please throttle your requests or use the commercial service.
2025-09-17 14:28:04,848 - WARNING - [GeoNames 19] the hourly limit of 1000 credits for benmcwilliams has been exceeded. Please throttle your requests or use the commercial service.
2025-09-17 14:28:04,914 - WARNING - [GeoNames 19] the hourly limit of 1000 credits for benmcwilliams has been exceeded. Please throttle your requests or use the commercial service.
2025-09-17 14:28:04,980 - WARNING - [GeoNames 19] the hourly limit of 1000 credits for benmcwilliams has been exceeded. Please throttle your requests or use the commercial service.
2025-09-17 14:28:05,044 - WARNING - [GeoNames 19] the hourly limit of 1000 credits for benmcwilliams has been exceeded. Please throttle your requests or use the commercial service.
2025-09-17 14:28:05,103 - WARNING - [GeoNames 19] the hourly limit of 1000 credits for benmcwilliams has been exceeded. Please throttle your requests or use the commercial service.
2025-09-17 14:28:05,165 - WARNING - [GeoNames 19] the hourly limit of 1000 credits for benmcwilliams has been exceeded. Please throttle your requests or use the commercial service.
2025-09-17 14:28:05,228 - WARNING - [GeoNames 19] the hourly limit of 1000 credits for benmcwilliams has been exceeded. Please throttle your requests or use the commercial service.
2025-09-17 14:28:05,295 - WARNING - [GeoNames 19] the hourly limit of 1000 credits for benmcwilliams has been exceeded. Please throttle your requests or use the commercial service.
2025-09-17 14:28:05,362 - WARNING - [GeoNames 19] the hourly limit of 1000 credits for benmcwilliams has been exceeded. Please throttle your requests or use the commercial service.
2025-09-17 14:28:05,426 - WARNING - [GeoNames 19] the hourly limit of 1000 credits for benmcwilliams has been exceeded. Please throttle your requests or use the commercial service.
2025-09-17 14:28:05,494 - WARNING - [GeoNames 19] the hourly limit of 1000 credits for benmcwilliams has been exceeded. Please throttle your requests or use the commercial service.
2025-09-17 14:28:05,559 - WARNING - [GeoNames 19] the hourly limit of 1000 credits for benmcwilliams has been exceeded. Please throttle your requests or use the commercial service.
2025-09-17 14:28:05,665 - WARNING - [GeoNames 19] the hourly limit of 1000 credits for benmcwilliams has been exceeded. Please throttle your requests or use the commercial service.
2025-09-17 14:28:05,728 - WARNING - [GeoNames 19] the hourly limit of 1000 credits for benmcwilliams has been exceeded. Please throttle your requests or use the commercial service.
2025-09-17 14:28:05,796 - WARNING - [GeoNames 19] the hourly limit of 1000 credits for benmcwilliams has been exceeded. Please throttle your requests or use the commercial service.
2025-09-17 14:28:05,863 - WARNING - [GeoNames 19] the hourly limit of 1000 credits for benmcwilliams has been exceeded. Please throttle your requests or use the commercial service.
2025-09-17 14:28:05,933 - WARNING - [GeoNames 19] the hourly limit of 1000 credits for benmcwilliams has been exceeded. Please throttle your requests or use the commercial service.
2025-09-17 14:28:06,001 - WARNING - [GeoNames 19] the hourly limit of 1000 credits for benmcwilliams has been exceeded. Please throttle your requests or use the commercial service.
2025-09-17 14:28:06,073 - WARNING - [GeoNames 19] the hourly limit of 1000 credits for benmcwilliams has been exceeded. Please throttle your requests or use the commercial service.
2025-09-17 14:28:06,134 - WARNING - [GeoNames 19] the hourly limit of 1000 credits for benmcwilliams has been exceeded. Please throttle your requests or use the commercial service.
2025-09-17 14:28:06,203 - WARNING - [GeoNames 19] the hourly limit of 1000 credits for benmcwilliams has been exceeded. Please throttle your requests or use the commercial service.
2025-09-17 14:28:06,282 - WARNING - [GeoNames 19] the hourly limit of 1000 credits for benmcwilliams has been exceeded. Please throttle your requests or use the commercial service.
2025-09-17 14:28:06,348 - WARNING - [GeoNames 19] the hourly limit of 1000 credits for benmcwilliams has been exceeded. Please throttle your requests or use the commercial service.
2025-09-17 14:28:06,420 - WARNING - [GeoNames 19] the hourly limit of 1000 credits for benmcwilliams has been exceeded. Please throttle your requests or use the commercial service.
2025-09-17 14:28:06,488 - WARNING - [GeoNames 19] the hourly limit of 1000 credits for benmcwilliams has been exceeded. Please throttle your requests or use the commercial service.
2025-09-17 14:28:06,557 - WARNING - [GeoNames 19] the hourly limit of 1000 credits for benmcwilliams has been exceeded. Please throttle your requests or use the commercial service.
2025-09-17 14:28:06,627 - WARNING - [GeoNames 19] the hourly limit of 1000 credits for benmcwilliams has been exceeded. Please throttle your requests or use the commercial service.
2025-09-17 14:28:06,694 - WARNING - [GeoNames 19] the hourly limit of 1000 credits for benmcwilliams has been exceeded. Please throttle your requests or use the commercial service.
2025-09-17 14:28:06,759 - WARNING - [GeoNames 19] the hourly limit of 1000 credits for benmcwilliams has been exceeded. Please throttle your requests or use the commercial service.
2025-09-17 14:28:06,864 - WARNING - [GeoNames 19] the hourly limit of 1000 credits for benmcwilliams has been exceeded. Please throttle your requests or use the commercial service.
2025-09-17 14:28:06,932 - WARNING - [GeoNames 19] the hourly limit of 1000 credits for benmcwilliams has been exceeded. Please throttle your requests or use the commercial service.
2025-09-17 14:28:06,997 - WARNING - [GeoNames 19] the hourly limit of 1000 credits for benmcwilliams has been exceeded. Please throttle your requests or use the commercial service.
2025-09-17 14:28:07,058 - WARNING - [GeoNames 19] the hourly limit of 1000 credits for benmcwilliams has been exceeded. Please throttle your requests or use the commercial service.
2025-09-17 14:28:07,124 - WARNING - [GeoNames 19] the hourly limit of 1000 credits for benmcwilliams has been exceeded. Please throttle your requests or use the commercial service.
2025-09-17 14:28:07,195 - WARNING - [GeoNames 19] the hourly limit of 1000 credits for benmcwilliams has been exceeded. Please throttle your requests or use the commercial service.
2025-09-17 14:28:07,262 - WARNING - [GeoNames 19] the hourly limit of 1000 credits for benmcwilliams has been exceeded. Please throttle your requests or use the commercial service.
2025-09-17 14:28:07,329 - WARNING - [GeoNames 19] the hourly limit of 1000 credits for benmcwilliams has been exceeded. Please throttle your requests or use the commercial service.
2025-09-17 14:28:07,393 - WARNING - [GeoNames 19] the hourly limit of 1000 credits for benmcwilliams has been exceeded. Please throttle your requests or use the commercial service.
2025-09-17 14:28:07,463 - WARNING - [GeoNames 19] the hourly limit of 1000 credits for benmcwilliams has been exceeded. Please throttle your requests or use the commercial service.
2025-09-17 14:28:07,530 - WARNING - [GeoNames 19] the hourly limit of 1000 credits for benmcwilliams has been exceeded. Please throttle your requests or use the commercial service.
2025-09-17 14:28:07,599 - WARNING - [GeoNames 19] the hourly limit of 1000 credits for benmcwilliams has been exceeded. Please throttle your requests or use the commercial service.
2025-09-17 14:28:07,664 - WARNING - [GeoNames 19] the hourly limit of 1000 credits for benmcwilliams has been exceeded. Please throttle your requests or use the commercial service.
2025-09-17 14:28:07,727 - WARNING - [GeoNames 19] the hourly limit of 1000 credits for benmcwilliams has been exceeded. Please throttle your requests or use the commercial service.
2025-09-17 14:28:07,797 - WARNING - [GeoNames 19] the hourly limit of 1000 credits for benmcwilliams has been exceeded. Please throttle your requests or use the commercial service.
2025-09-17 14:28:07,872 - WARNING - [GeoNames 19] the hourly limit of 1000 credits for benmcwilliams has been exceeded. Please throttle your requests or use the commercial service.
2025-09-17 14:28:07,948 - WARNING - [GeoNames 19] the hourly limit of 1000 credits for benmcwilliams has been exceeded. Please throttle your requests or use the commercial service.
2025-09-17 14:28:08,026 - WARNING - [GeoNames 19] the hourly limit of 1000 credits for benmcwilliams has been exceeded. Please throttle your requests or use the commercial service.
2025-09-17 14:28:08,101 - WARNING - [GeoNames 19] the hourly limit of 1000 credits for benmcwilliams has been exceeded. Please throttle your requests or use the commercial service.
2025-09-17 14:28:08,167 - WARNING - [GeoNames 19] the hourly limit of 1000 credits for benmcwilliams has been exceeded. Please throttle your requests or use the commercial service.
2025-09-17 14:28:08,236 - WARNING - [GeoNames 19] the hourly limit of 1000 credits for benmcwilliams has been exceeded. Please throttle your requests or use the commercial service.
2025-09-17 14:28:08,308 - WARNING - [GeoNames 19] the hourly limit of 1000 credits for benmcwilliams has been exceeded. Please throttle your requests or use the commercial service.
2025-09-17 14:28:08,376 - WARNING - [GeoNames 19] the hourly limit of 1000 credits for benmcwilliams has been exceeded. Please throttle your requests or use the commercial service.
2025-09-17 14:28:08,442 - WARNING - [GeoNames 19] the hourly limit of 1000 credits for benmcwilliams has been exceeded. Please throttle your requests or use the commercial service.
2025-09-17 14:28:08,508 - WARNING - [GeoNames 19] the hourly limit of 1000 credits for benmcwilliams has been exceeded. Please throttle your requests or use the commercial service.
2025-09-17 14:28:08,575 - WARNING - [GeoNames 19] the hourly limit of 1000 credits for benmcwilliams has been exceeded. Please throttle your requests or use the commercial service.
2025-09-17 14:28:08,647 - WARNING - [GeoNames 19] the hourly limit of 1000 credits for benmcwilliams has been exceeded. Please throttle your requests or use the commercial service.
2025-09-17 14:28:08,719 - WARNING - [GeoNames 19] the hourly limit of 1000 credits for benmcwilliams has been exceeded. Please throttle your requests or use the commercial service.
2025-09-17 14:28:08,783 - WARNING - [GeoNames 19] the hourly limit of 1000 credits for benmcwilliams has been exceeded. Please throttle your requests or use the commercial service.
2025-09-17 14:28:08,849 - WARNING - [GeoNames 19] the hourly limit of 1000 credits for benmcwilliams has been exceeded. Please throttle your requests or use the commercial service.
2025-09-17 14:28:08,915 - WARNING - [GeoNames 19] the hourly limit of 1000 credits for benmcwilliams has been exceeded. Please throttle your requests or use the commercial service.
2025-09-17 14:28:08,980 - WARNING - [GeoNames 19] the hourly limit of 1000 credits for benmcwilliams has been exceeded. Please throttle your requests or use the commercial service.
2025-09-17 14:28:09,051 - WARNING - [GeoNames 19] the hourly limit of 1000 credits for benmcwilliams has been exceeded. Please throttle your requests or use the commercial service.
2025-09-17 14:28:09,118 - WARNING - [GeoNames 19] the hourly limit of 1000 credits for benmcwilliams has been exceeded. Please throttle your requests or use the commercial service.
2025-09-17 14:28:09,184 - WARNING - [GeoNames 19] the hourly limit of 1000 credits for benmcwilliams has been exceeded. Please throttle your requests or use the commercial service.
2025-09-17 14:28:09,258 - WARNING - [GeoNames 19] the hourly limit of 1000 credits for benmcwilliams has been exceeded. Please throttle your requests or use the commercial service.
2025-09-17 14:28:09,326 - WARNING - [GeoNames 19] the hourly limit of 1000 credits for benmcwilliams has been exceeded. Please throttle your requests or use the commercial service.
2025-09-17 14:28:09,391 - WARNING - [GeoNames 19] the hourly limit of 1000 credits for benmcwilliams has been exceeded. Please throttle your requests or use the commercial service.
2025-09-17 14:28:09,458 - WARNING - [GeoNames 19] the hourly limit of 1000 credits for benmcwilliams has been exceeded. Please throttle your requests or use the commercial service.
2025-09-17 14:28:09,533 - WARNING - [GeoNames 19] the hourly limit of 1000 credits for benmcwilliams has been exceeded. Please throttle your requests or use the commercial service.
2025-09-17 14:28:09,600 - WARNING - [GeoNames 19] the hourly limit of 1000 credits for benmcwilliams has been exceeded. Please throttle your requests or use the commercial service.
2025-09-17 14:28:09,663 - WARNING - [GeoNames 19] the hourly limit of 1000 credits for benmcwilliams has been exceeded. Please throttle your requests or use the commercial service.
2025-09-17 14:28:09,731 - WARNING - [GeoNames 19] the hourly limit of 1000 credits for benmcwilliams has been exceeded. Please throttle your requests or use the commercial service.
2025-09-17 14:28:09,799 - WARNING - [GeoNames 19] the hourly limit of 1000 credits for benmcwilliams has been exceeded. Please throttle your requests or use the commercial service.
2025-09-17 14:28:09,871 - WARNING - [GeoNames 19] the hourly limit of 1000 credits for benmcwilliams has been exceeded. Please throttle your requests or use the commercial service.
2025-09-17 14:28:09,937 - WARNING - [GeoNames 19] the hourly limit of 1000 credits for benmcwilliams has been exceeded. Please throttle your requests or use the commercial service.
2025-09-17 14:28:10,005 - WARNING - [GeoNames 19] the hourly limit of 1000 credits for benmcwilliams has been exceeded. Please throttle your requests or use the commercial service.
2025-09-17 14:28:10,071 - WARNING - [GeoNames 19] the hourly limit of 1000 credits for benmcwilliams has been exceeded. Please throttle your requests or use the commercial service.
2025-09-17 14:28:10,141 - WARNING - [GeoNames 19] the hourly limit of 1000 credits for benmcwilliams has been exceeded. Please throttle your requests or use the commercial service.
2025-09-17 14:28:10,209 - WARNING - [GeoNames 19] the hourly limit of 1000 credits for benmcwilliams has been exceeded. Please throttle your requests or use the commercial service.
2025-09-17 14:28:10,274 - WARNING - [GeoNames 19] the hourly limit of 1000 credits for benmcwilliams has been exceeded. Please throttle your requests or use the commercial service.
2025-09-17 14:28:10,345 - WARNING - [GeoNames 19] the hourly limit of 1000 credits for benmcwilliams has been exceeded. Please throttle your requests or use the commercial service.
2025-09-17 14:28:10,411 - WARNING - [GeoNames 19] the hourly limit of 1000 credits for benmcwilliams has been exceeded. Please throttle your requests or use the commercial service.
2025-09-17 14:28:10,478 - WARNING - [GeoNames 19] the hourly limit of 1000 credits for benmcwilliams has been exceeded. Please throttle your requests or use the commercial service.
2025-09-17 14:28:10,548 - WARNING - [GeoNames 19] the hourly limit of 1000 credits for benmcwilliams has been exceeded. Please throttle your requests or use the commercial service.
2025-09-17 14:28:10,612 - WARNING - [GeoNames 19] the hourly limit of 1000 credits for benmcwilliams has been exceeded. Please throttle your requests or use the commercial service.
2025-09-17 14:28:10,682 - WARNING - [GeoNames 19] the hourly limit of 1000 credits for benmcwilliams has been exceeded. Please throttle your requests or use the commercial service.
2025-09-17 14:28:10,750 - WARNING - [GeoNames 19] the hourly limit of 1000 credits for benmcwilliams has been exceeded. Please throttle your requests or use the commercial service.
2025-09-17 14:28:10,820 - WARNING - [GeoNames 19] the hourly limit of 1000 credits for benmcwilliams has been exceeded. Please throttle your requests or use the commercial service.
2025-09-17 14:28:10,886 - WARNING - [GeoNames 19] the hourly limit of 1000 credits for benmcwilliams has been exceeded. Please throttle your requests or use the commercial service.
2025-09-17 14:28:10,952 - WARNING - [GeoNames 19] the hourly limit of 1000 credits for benmcwilliams has been exceeded. Please throttle your requests or use the commercial service.
2025-09-17 14:28:11,048 - WARNING - [GeoNames 19] the hourly limit of 1000 credits for benmcwilliams has been exceeded. Please throttle your requests or use the commercial service.
2025-09-17 14:28:11,111 - WARNING - [GeoNames 19] the hourly limit of 1000 credits for benmcwilliams has been exceeded. Please throttle your requests or use the commercial service.
2025-09-17 14:28:11,176 - WARNING - [GeoNames 19] the hourly limit of 1000 credits for benmcwilliams has been exceeded. Please throttle your requests or use the commercial service.
2025-09-17 14:28:11,239 - WARNING - [GeoNames 19] the hourly limit of 1000 credits for benmcwilliams has been exceeded. Please throttle your requests or use the commercial service.
2025-09-17 14:28:11,305 - WARNING - [GeoNames 19] the hourly limit of 1000 credits for benmcwilliams has been exceeded. Please throttle your requests or use the commercial service.
2025-09-17 14:28:11,373 - WARNING - [GeoNames 19] the hourly limit of 1000 credits for benmcwilliams has been exceeded. Please throttle your requests or use the commercial service.
2025-09-17 14:28:11,441 - WARNING - [GeoNames 19] the hourly limit of 1000 credits for benmcwilliams has been exceeded. Please throttle your requests or use the commercial service.
2025-09-17 14:28:11,509 - WARNING - [GeoNames 19] the hourly limit of 1000 credits for benmcwilliams has been exceeded. Please throttle your requests or use the commercial service.
2025-09-17 14:28:11,596 - WARNING - [GeoNames 19] the hourly limit of 1000 credits for benmcwilliams has been exceeded. Please throttle your requests or use the commercial service.
2025-09-17 14:28:11,655 - WARNING - [GeoNames 19] the hourly limit of 1000 credits for benmcwilliams has been exceeded. Please throttle your requests or use the commercial service.
2025-09-17 14:28:11,720 - WARNING - [GeoNames 19] the hourly limit of 1000 credits for benmcwilliams has been exceeded. Please throttle your requests or use the commercial service.
2025-09-17 14:28:11,856 - WARNING - [GeoNames 19] the hourly limit of 1000 credits for benmcwilliams has been exceeded. Please throttle your requests or use the commercial service.
2025-09-17 14:28:11,923 - WARNING - [GeoNames 19] the hourly limit of 1000 credits for benmcwilliams has been exceeded. Please throttle your requests or use the commercial service.
2025-09-17 14:28:11,989 - WARNING - [GeoNames 19] the hourly limit of 1000 credits for benmcwilliams has been exceeded. Please throttle your requests or use the commercial service.
2025-09-17 14:28:12,056 - WARNING - [GeoNames 19] the hourly limit of 1000 credits for benmcwilliams has been exceeded. Please throttle your requests or use the commercial service.
2025-09-17 14:28:12,122 - WARNING - [GeoNames 19] the hourly limit of 1000 credits for benmcwilliams has been exceeded. Please throttle your requests or use the commercial service.
2025-09-17 14:28:12,190 - WARNING - [GeoNames 19] the hourly limit of 1000 credits for benmcwilliams has been exceeded. Please throttle your requests or use the commercial service.
2025-09-17 14:28:12,256 - WARNING - [GeoNames 19] the hourly limit of 1000 credits for benmcwilliams has been exceeded. Please throttle your requests or use the commercial service.
2025-09-17 14:28:12,348 - WARNING - [GeoNames 19] the hourly limit of 1000 credits for benmcwilliams has been exceeded. Please throttle your requests or use the commercial service.
2025-09-17 14:28:12,426 - WARNING - [GeoNames 19] the hourly limit of 1000 credits for benmcwilliams has been exceeded. Please throttle your requests or use the commercial service.
2025-09-17 14:28:12,492 - WARNING - [GeoNames 19] the hourly limit of 1000 credits for benmcwilliams has been exceeded. Please throttle your requests or use the commercial service.
2025-09-17 14:28:12,560 - WARNING - [GeoNames 19] the hourly limit of 1000 credits for benmcwilliams has been exceeded. Please throttle your requests or use the commercial service.
2025-09-17 14:28:12,627 - WARNING - [GeoNames 19] the hourly limit of 1000 credits for benmcwilliams has been exceeded. Please throttle your requests or use the commercial service.
2025-09-17 14:28:12,693 - WARNING - [GeoNames 19] the hourly limit of 1000 credits for benmcwilliams has been exceeded. Please throttle your requests or use the commercial service.
2025-09-17 14:28:12,762 - WARNING - [GeoNames 19] the hourly limit of 1000 credits for benmcwilliams has been exceeded. Please throttle your requests or use the commercial service.
2025-09-17 14:28:12,832 - WARNING - [GeoNames 19] the hourly limit of 1000 credits for benmcwilliams has been exceeded. Please throttle your requests or use the commercial service.
2025-09-17 14:28:12,902 - WARNING - [GeoNames 19] the hourly limit of 1000 credits for benmcwilliams has been exceeded. Please throttle your requests or use the commercial service.
2025-09-17 14:28:12,970 - WARNING - [GeoNames 19] the hourly limit of 1000 credits for benmcwilliams has been exceeded. Please throttle your requests or use the commercial service.
2025-09-17 14:28:13,037 - WARNING - [GeoNames 19] the hourly limit of 1000 credits for benmcwilliams has been exceeded. Please throttle your requests or use the commercial service.
2025-09-17 14:28:13,104 - WARNING - [GeoNames 19] the hourly limit of 1000 credits for benmcwilliams has been exceeded. Please throttle your requests or use the commercial service.
2025-09-17 14:28:13,171 - WARNING - [GeoNames 19] the hourly limit of 1000 credits for benmcwilliams has been exceeded. Please throttle your requests or use the commercial service.
2025-09-17 14:28:13,244 - WARNING - [GeoNames 19] the hourly limit of 1000 credits for benmcwilliams has been exceeded. Please throttle your requests or use the commercial service.
2025-09-17 14:28:13,309 - WARNING - [GeoNames 19] the hourly limit of 1000 credits for benmcwilliams has been exceeded. Please throttle your requests or use the commercial service.
2025-09-17 14:28:13,381 - WARNING - [GeoNames 19] the hourly limit of 1000 credits for benmcwilliams has been exceeded. Please throttle your requests or use the commercial service.
2025-09-17 14:28:13,447 - WARNING - [GeoNames 19] the hourly limit of 1000 credits for benmcwilliams has been exceeded. Please throttle your requests or use the commercial service.
2025-09-17 14:28:13,514 - WARNING - [GeoNames 19] the hourly limit of 1000 credits for benmcwilliams has been exceeded. Please throttle your requests or use the commercial service.
2025-09-17 14:28:13,580 - WARNING - [GeoNames 19] the hourly limit of 1000 credits for benmcwilliams has been exceeded. Please throttle your requests or use the commercial service.
2025-09-17 14:28:13,657 - WARNING - [GeoNames 19] the hourly limit of 1000 credits for benmcwilliams has been exceeded. Please throttle your requests or use the commercial service.
2025-09-17 14:28:13,729 - WARNING - [GeoNames 19] the hourly limit of 1000 credits for benmcwilliams has been exceeded. Please throttle your requests or use the commercial service.
2025-09-17 14:28:13,798 - WARNING - [GeoNames 19] the hourly limit of 1000 credits for benmcwilliams has been exceeded. Please throttle your requests or use the commercial service.
2025-09-17 14:28:13,863 - WARNING - [GeoNames 19] the hourly limit of 1000 credits for benmcwilliams has been exceeded. Please throttle your requests or use the commercial service.
2025-09-17 14:28:13,931 - WARNING - [GeoNames 19] the hourly limit of 1000 credits for benmcwilliams has been exceeded. Please throttle your requests or use the commercial service.
2025-09-17 14:28:14,006 - WARNING - [GeoNames 19] the hourly limit of 1000 credits for benmcwilliams has been exceeded. Please throttle your requests or use the commercial service.
2025-09-17 14:28:14,074 - WARNING - [GeoNames 19] the hourly limit of 1000 credits for benmcwilliams has been exceeded. Please throttle your requests or use the commercial service.
2025-09-17 14:28:14,141 - WARNING - [GeoNames 19] the hourly limit of 1000 credits for benmcwilliams has been exceeded. Please throttle your requests or use the commercial service.
2025-09-17 14:28:14,210 - WARNING - [GeoNames 19] the hourly limit of 1000 credits for benmcwilliams has been exceeded. Please throttle your requests or use the commercial service.
2025-09-17 14:28:14,294 - WARNING - [GeoNames 19] the hourly limit of 1000 credits for benmcwilliams has been exceeded. Please throttle your requests or use the commercial service.
2025-09-17 14:28:14,364 - WARNING - [GeoNames 19] the hourly limit of 1000 credits for benmcwilliams has been exceeded. Please throttle your requests or use the commercial service.
2025-09-17 14:28:14,432 - WARNING - [GeoNames 19] the hourly limit of 1000 credits for benmcwilliams has been exceeded. Please throttle your requests or use the commercial service.
2025-09-17 14:28:14,499 - WARNING - [GeoNames 19] the hourly limit of 1000 credits for benmcwilliams has been exceeded. Please throttle your requests or use the commercial service.
2025-09-17 14:28:14,567 - WARNING - [GeoNames 19] the hourly limit of 1000 credits for benmcwilliams has been exceeded. Please throttle your requests or use the commercial service.
2025-09-17 14:28:14,628 - WARNING - [GeoNames 19] the hourly limit of 1000 credits for benmcwilliams has been exceeded. Please throttle your requests or use the commercial service.
2025-09-17 14:28:14,690 - WARNING - [GeoNames 19] the hourly limit of 1000 credits for benmcwilliams has been exceeded. Please throttle your requests or use the commercial service.
2025-09-17 14:28:14,752 - WARNING - [GeoNames 19] the hourly limit of 1000 credits for benmcwilliams has been exceeded. Please throttle your requests or use the commercial service.
2025-09-17 14:28:14,819 - WARNING - [GeoNames 19] the hourly limit of 1000 credits for benmcwilliams has been exceeded. Please throttle your requests or use the commercial service.
2025-09-17 14:28:14,883 - WARNING - [GeoNames 19] the hourly limit of 1000 credits for benmcwilliams has been exceeded. Please throttle your requests or use the commercial service.
2025-09-17 14:28:14,951 - WARNING - [GeoNames 19] the hourly limit of 1000 credits for benmcwilliams has been exceeded. Please throttle your requests or use the commercial service.
2025-09-17 14:28:15,019 - WARNING - [GeoNames 19] the hourly limit of 1000 credits for benmcwilliams has been exceeded. Please throttle your requests or use the commercial service.
2025-09-17 14:28:15,086 - WARNING - [GeoNames 19] the hourly limit of 1000 credits for benmcwilliams has been exceeded. Please throttle your requests or use the commercial service.
2025-09-17 14:28:15,151 - WARNING - [GeoNames 19] the hourly limit of 1000 credits for benmcwilliams has been exceeded. Please throttle your requests or use the commercial service.
2025-09-17 14:28:15,218 - WARNING - [GeoNames 19] the hourly limit of 1000 credits for benmcwilliams has been exceeded. Please throttle your requests or use the commercial service.
2025-09-17 14:28:15,284 - WARNING - [GeoNames 19] the hourly limit of 1000 credits for benmcwilliams has been exceeded. Please throttle your requests or use the commercial service.
2025-09-17 14:28:15,353 - WARNING - [GeoNames 19] the hourly limit of 1000 credits for benmcwilliams has been exceeded. Please throttle your requests or use the commercial service.
2025-09-17 14:28:15,423 - WARNING - [GeoNames 19] the hourly limit of 1000 credits for benmcwilliams has been exceeded. Please throttle your requests or use the commercial service.
2025-09-17 14:28:15,490 - WARNING - [GeoNames 19] the hourly limit of 1000 credits for benmcwilliams has been exceeded. Please throttle your requests or use the commercial service.
2025-09-17 14:28:15,557 - WARNING - [GeoNames 19] the hourly limit of 1000 credits for benmcwilliams has been exceeded. Please throttle your requests or use the commercial service.
2025-09-17 14:28:15,623 - WARNING - [GeoNames 19] the hourly limit of 1000 credits for benmcwilliams has been exceeded. Please throttle your requests or use the commercial service.
2025-09-17 14:28:15,688 - WARNING - [GeoNames 19] the hourly limit of 1000 credits for benmcwilliams has been exceeded. Please throttle your requests or use the commercial service.
2025-09-17 14:28:15,756 - WARNING - [GeoNames 19] the hourly limit of 1000 credits for benmcwilliams has been exceeded. Please throttle your requests or use the commercial service.
2025-09-17 14:28:15,823 - WARNING - [GeoNames 19] the hourly limit of 1000 credits for benmcwilliams has been exceeded. Please throttle your requests or use the commercial service.
2025-09-17 14:28:15,895 - WARNING - [GeoNames 19] the hourly limit of 1000 credits for benmcwilliams has been exceeded. Please throttle your requests or use the commercial service.
2025-09-17 14:28:15,960 - WARNING - [GeoNames 19] the hourly limit of 1000 credits for benmcwilliams has been exceeded. Please throttle your requests or use the commercial service.
2025-09-17 14:28:16,024 - WARNING - [GeoNames 19] the hourly limit of 1000 credits for benmcwilliams has been exceeded. Please throttle your requests or use the commercial service.
2025-09-17 14:28:16,082 - WARNING - [GeoNames 19] the hourly limit of 1000 credits for benmcwilliams has been exceeded. Please throttle your requests or use the commercial service.
2025-09-17 14:28:16,145 - WARNING - [GeoNames 19] the hourly limit of 1000 credits for benmcwilliams has been exceeded. Please throttle your requests or use the commercial service.
2025-09-17 14:28:16,210 - WARNING - [GeoNames 19] the hourly limit of 1000 credits for benmcwilliams has been exceeded. Please throttle your requests or use the commercial service.
2025-09-17 14:28:16,273 - WARNING - [GeoNames 19] the hourly limit of 1000 credits for benmcwilliams has been exceeded. Please throttle your requests or use the commercial service.
2025-09-17 14:28:16,338 - WARNING - [GeoNames 19] the hourly limit of 1000 credits for benmcwilliams has been exceeded. Please throttle your requests or use the commercial service.
2025-09-17 14:28:16,403 - WARNING - [GeoNames 19] the hourly limit of 1000 credits for benmcwilliams has been exceeded. Please throttle your requests or use the commercial service.
2025-09-17 14:28:16,470 - WARNING - [GeoNames 19] the hourly limit of 1000 credits for benmcwilliams has been exceeded. Please throttle your requests or use the commercial service.
2025-09-17 14:28:16,541 - WARNING - [GeoNames 19] the hourly limit of 1000 credits for benmcwilliams has been exceeded. Please throttle your requests or use the commercial service.
2025-09-17 14:28:16,608 - WARNING - [GeoNames 19] the hourly limit of 1000 credits for benmcwilliams has been exceeded. Please throttle your requests or use the commercial service.
2025-09-17 14:28:16,678 - WARNING - [GeoNames 19] the hourly limit of 1000 credits for benmcwilliams has been exceeded. Please throttle your requests or use the commercial service.
2025-09-17 14:28:16,746 - WARNING - [GeoNames 19] the hourly limit of 1000 credits for benmcwilliams has been exceeded. Please throttle your requests or use the commercial service.
2025-09-17 14:28:16,846 - WARNING - [GeoNames 19] the hourly limit of 1000 credits for benmcwilliams has been exceeded. Please throttle your requests or use the commercial service.
2025-09-17 14:28:16,986 - WARNING - [GeoNames 19] the hourly limit of 1000 credits for benmcwilliams has been exceeded. Please throttle your requests or use the commercial service.
2025-09-17 14:28:17,053 - WARNING - [GeoNames 19] the hourly limit of 1000 credits for benmcwilliams has been exceeded. Please throttle your requests or use the commercial service.
2025-09-17 14:28:17,116 - WARNING - [GeoNames 19] the hourly limit of 1000 credits for benmcwilliams has been exceeded. Please throttle your requests or use the commercial service.
2025-09-17 14:28:17,179 - WARNING - [GeoNames 19] the hourly limit of 1000 credits for benmcwilliams has been exceeded. Please throttle your requests or use the commercial service.
2025-09-17 14:28:17,245 - WARNING - [GeoNames 19] the hourly limit of 1000 credits for benmcwilliams has been exceeded. Please throttle your requests or use the commercial service.
2025-09-17 14:28:17,308 - WARNING - [GeoNames 19] the hourly limit of 1000 credits for benmcwilliams has been exceeded. Please throttle your requests or use the commercial service.
2025-09-17 14:28:17,374 - WARNING - [GeoNames 19] the hourly limit of 1000 credits for benmcwilliams has been exceeded. Please throttle your requests or use the commercial service.
2025-09-17 14:28:17,447 - WARNING - [GeoNames 19] the hourly limit of 1000 credits for benmcwilliams has been exceeded. Please throttle your requests or use the commercial service.
2025-09-17 14:28:17,604 - WARNING - [GeoNames 19] the hourly limit of 1000 credits for benmcwilliams has been exceeded. Please throttle your requests or use the commercial service.
2025-09-17 14:28:17,669 - WARNING - [GeoNames 19] the hourly limit of 1000 credits for benmcwilliams has been exceeded. Please throttle your requests or use the commercial service.
2025-09-17 14:28:17,743 - WARNING - [GeoNames 19] the hourly limit of 1000 credits for benmcwilliams has been exceeded. Please throttle your requests or use the commercial service.
2025-09-17 14:28:17,821 - WARNING - [GeoNames 19] the hourly limit of 1000 credits for benmcwilliams has been exceeded. Please throttle your requests or use the commercial service.
2025-09-17 14:28:17,886 - WARNING - [GeoNames 19] the hourly limit of 1000 credits for benmcwilliams has been exceeded. Please throttle your requests or use the commercial service.
2025-09-17 14:28:17,951 - WARNING - [GeoNames 19] the hourly limit of 1000 credits for benmcwilliams has been exceeded. Please throttle your requests or use the commercial service.
2025-09-17 14:28:18,015 - WARNING - [GeoNames 19] the hourly limit of 1000 credits for benmcwilliams has been exceeded. Please throttle your requests or use the commercial service.
2025-09-17 14:28:18,081 - WARNING - [GeoNames 19] the hourly limit of 1000 credits for benmcwilliams has been exceeded. Please throttle your requests or use the commercial service.
2025-09-17 14:28:18,148 - WARNING - [GeoNames 19] the hourly limit of 1000 credits for benmcwilliams has been exceeded. Please throttle your requests or use the commercial service.
2025-09-17 14:28:18,213 - WARNING - [GeoNames 19] the hourly limit of 1000 credits for benmcwilliams has been exceeded. Please throttle your requests or use the commercial service.
2025-09-17 14:28:18,277 - WARNING - [GeoNames 19] the hourly limit of 1000 credits for benmcwilliams has been exceeded. Please throttle your requests or use the commercial service.
2025-09-17 14:28:18,348 - WARNING - [GeoNames 19] the hourly limit of 1000 credits for benmcwilliams has been exceeded. Please throttle your requests or use the commercial service.
2025-09-17 14:28:18,413 - WARNING - [GeoNames 19] the hourly limit of 1000 credits for benmcwilliams has been exceeded. Please throttle your requests or use the commercial service.
2025-09-17 14:28:18,481 - WARNING - [GeoNames 19] the hourly limit of 1000 credits for benmcwilliams has been exceeded. Please throttle your requests or use the commercial service.
2025-09-17 14:28:18,549 - WARNING - [GeoNames 19] the hourly limit of 1000 credits for benmcwilliams has been exceeded. Please throttle your requests or use the commercial service.
2025-09-17 14:28:18,611 - WARNING - [GeoNames 19] the hourly limit of 1000 credits for benmcwilliams has been exceeded. Please throttle your requests or use the commercial service.
2025-09-17 14:28:18,689 - WARNING - [GeoNames 19] the hourly limit of 1000 credits for benmcwilliams has been exceeded. Please throttle your requests or use the commercial service.
2025-09-17 14:28:18,762 - WARNING - [GeoNames 19] the hourly limit of 1000 credits for benmcwilliams has been exceeded. Please throttle your requests or use the commercial service.
2025-09-17 14:28:18,827 - WARNING - [GeoNames 19] the hourly limit of 1000 credits for benmcwilliams has been exceeded. Please throttle your requests or use the commercial service.
2025-09-17 14:28:18,897 - WARNING - [GeoNames 19] the hourly limit of 1000 credits for benmcwilliams has been exceeded. Please throttle your requests or use the commercial service.
2025-09-17 14:28:18,959 - WARNING - [GeoNames 19] the hourly limit of 1000 credits for benmcwilliams has been exceeded. Please throttle your requests or use the commercial service.
2025-09-17 14:28:19,022 - WARNING - [GeoNames 19] the hourly limit of 1000 credits for benmcwilliams has been exceeded. Please throttle your requests or use the commercial service.
2025-09-17 14:28:19,091 - WARNING - [GeoNames 19] the hourly limit of 1000 credits for benmcwilliams has been exceeded. Please throttle your requests or use the commercial service.
2025-09-17 14:28:19,383 - WARNING - [GeoNames 19] the hourly limit of 1000 credits for benmcwilliams has been exceeded. Please throttle your requests or use the commercial service.
2025-09-17 14:28:19,451 - WARNING - [GeoNames 19] the hourly limit of 1000 credits for benmcwilliams has been exceeded. Please throttle your requests or use the commercial service.
2025-09-17 14:28:19,511 - WARNING - [GeoNames 19] the hourly limit of 1000 credits for benmcwilliams has been exceeded. Please throttle your requests or use the commercial service.
2025-09-17 14:28:19,578 - WARNING - [GeoNames 19] the hourly limit of 1000 credits for benmcwilliams has been exceeded. Please throttle your requests or use the commercial service.
2025-09-17 14:28:19,637 - WARNING - [GeoNames 19] the hourly limit of 1000 credits for benmcwilliams has been exceeded. Please throttle your requests or use the commercial service.
2025-09-17 14:28:19,694 - WARNING - [GeoNames 19] the hourly limit of 1000 credits for benmcwilliams has been exceeded. Please throttle your requests or use the commercial service.
2025-09-17 14:28:19,780 - WARNING - [GeoNames 19] the hourly limit of 1000 credits for benmcwilliams has been exceeded. Please throttle your requests or use the commercial service.
2025-09-17 14:28:19,846 - WARNING - [GeoNames 19] the hourly limit of 1000 credits for benmcwilliams has been exceeded. Please throttle your requests or use the commercial service.
2025-09-17 14:28:19,912 - WARNING - [GeoNames 19] the hourly limit of 1000 credits for benmcwilliams has been exceeded. Please throttle your requests or use the commercial service.
2025-09-17 14:28:19,975 - WARNING - [GeoNames 19] the hourly limit of 1000 credits for benmcwilliams has been exceeded. Please throttle your requests or use the commercial service.
2025-09-17 14:28:20,039 - WARNING - [GeoNames 19] the hourly limit of 1000 credits for benmcwilliams has been exceeded. Please throttle your requests or use the commercial service.
2025-09-17 14:28:20,104 - WARNING - [GeoNames 19] the hourly limit of 1000 credits for benmcwilliams has been exceeded. Please throttle your requests or use the commercial service.
2025-09-17 14:28:20,216 - WARNING - [GeoNames 19] the hourly limit of 1000 credits for benmcwilliams has been exceeded. Please throttle your requests or use the commercial service.
2025-09-17 14:28:20,275 - WARNING - [GeoNames 19] the hourly limit of 1000 credits for benmcwilliams has been exceeded. Please throttle your requests or use the commercial service.
2025-09-17 14:28:20,363 - WARNING - [GeoNames 19] the hourly limit of 1000 credits for benmcwilliams has been exceeded. Please throttle your requests or use the commercial service.
2025-09-17 14:28:20,477 - WARNING - [GeoNames 19] the hourly limit of 1000 credits for benmcwilliams has been exceeded. Please throttle your requests or use the commercial service.
2025-09-17 14:28:20,540 - WARNING - [GeoNames 19] the hourly limit of 1000 credits for benmcwilliams has been exceeded. Please throttle your requests or use the commercial service.
2025-09-17 14:28:20,607 - WARNING - [GeoNames 19] the hourly limit of 1000 credits for benmcwilliams has been exceeded. Please throttle your requests or use the commercial service.
2025-09-17 14:28:20,674 - WARNING - [GeoNames 19] the hourly limit of 1000 credits for benmcwilliams has been exceeded. Please throttle your requests or use the commercial service.
2025-09-17 14:28:20,740 - WARNING - [GeoNames 19] the hourly limit of 1000 credits for benmcwilliams has been exceeded. Please throttle your requests or use the commercial service.
2025-09-17 14:28:20,804 - WARNING - [GeoNames 19] the hourly limit of 1000 credits for benmcwilliams has been exceeded. Please throttle your requests or use the commercial service.
2025-09-17 14:28:20,871 - WARNING - [GeoNames 19] the hourly limit of 1000 credits for benmcwilliams has been exceeded. Please throttle your requests or use the commercial service.
2025-09-17 14:28:20,933 - WARNING - [GeoNames 19] the hourly limit of 1000 credits for benmcwilliams has been exceeded. Please throttle your requests or use the commercial service.
2025-09-17 14:28:20,998 - WARNING - [GeoNames 19] the hourly limit of 1000 credits for benmcwilliams has been exceeded. Please throttle your requests or use the commercial service.
2025-09-17 14:28:21,055 - WARNING - [GeoNames 19] the hourly limit of 1000 credits for benmcwilliams has been exceeded. Please throttle your requests or use the commercial service.
2025-09-17 14:28:21,117 - WARNING - [GeoNames 19] the hourly limit of 1000 credits for benmcwilliams has been exceeded. Please throttle your requests or use the commercial service.
2025-09-17 14:28:21,180 - WARNING - [GeoNames 19] the hourly limit of 1000 credits for benmcwilliams has been exceeded. Please throttle your requests or use the commercial service.
2025-09-17 14:28:21,250 - WARNING - [GeoNames 19] the hourly limit of 1000 credits for benmcwilliams has been exceeded. Please throttle your requests or use the commercial service.
2025-09-17 14:28:21,315 - WARNING - [GeoNames 19] the hourly limit of 1000 credits for benmcwilliams has been exceeded. Please throttle your requests or use the commercial service.
2025-09-17 14:28:21,383 - WARNING - [GeoNames 19] the hourly limit of 1000 credits for benmcwilliams has been exceeded. Please throttle your requests or use the commercial service.
2025-09-17 14:28:21,449 - WARNING - [GeoNames 19] the hourly limit of 1000 credits for benmcwilliams has been exceeded. Please throttle your requests or use the commercial service.
2025-09-17 14:28:21,519 - WARNING - [GeoNames 19] the hourly limit of 1000 credits for benmcwilliams has been exceeded. Please throttle your requests or use the commercial service.
2025-09-17 14:28:21,583 - WARNING - [GeoNames 19] the hourly limit of 1000 credits for benmcwilliams has been exceeded. Please throttle your requests or use the commercial service.
2025-09-17 14:28:21,646 - WARNING - [GeoNames 19] the hourly limit of 1000 credits for benmcwilliams has been exceeded. Please throttle your requests or use the commercial service.
2025-09-17 14:28:21,709 - WARNING - [GeoNames 19] the hourly limit of 1000 credits for benmcwilliams has been exceeded. Please throttle your requests or use the commercial service.
2025-09-17 14:28:21,773 - WARNING - [GeoNames 19] the hourly limit of 1000 credits for benmcwilliams has been exceeded. Please throttle your requests or use the commercial service.
2025-09-17 14:28:21,870 - WARNING - [GeoNames 19] the hourly limit of 1000 credits for benmcwilliams has been exceeded. Please throttle your requests or use the commercial service.
2025-09-17 14:28:21,938 - WARNING - [GeoNames 19] the hourly limit of 1000 credits for benmcwilliams has been exceeded. Please throttle your requests or use the commercial service.
2025-09-17 14:28:22,006 - WARNING - [GeoNames 19] the hourly limit of 1000 credits for benmcwilliams has been exceeded. Please throttle your requests or use the commercial service.
2025-09-17 14:28:22,075 - WARNING - [GeoNames 19] the hourly limit of 1000 credits for benmcwilliams has been exceeded. Please throttle your requests or use the commercial service.
2025-09-17 14:28:22,140 - WARNING - [GeoNames 19] the hourly limit of 1000 credits for benmcwilliams has been exceeded. Please throttle your requests or use the commercial service.
2025-09-17 14:28:22,203 - WARNING - [GeoNames 19] the hourly limit of 1000 credits for benmcwilliams has been exceeded. Please throttle your requests or use the commercial service.
2025-09-17 14:28:22,269 - WARNING - [GeoNames 19] the hourly limit of 1000 credits for benmcwilliams has been exceeded. Please throttle your requests or use the commercial service.
2025-09-17 14:28:22,351 - WARNING - [GeoNames 19] the hourly limit of 1000 credits for benmcwilliams has been exceeded. Please throttle your requests or use the commercial service.
2025-09-17 14:28:22,413 - WARNING - [GeoNames 19] the hourly limit of 1000 credits for benmcwilliams has been exceeded. Please throttle your requests or use the commercial service.
2025-09-17 14:28:22,478 - WARNING - [GeoNames 19] the hourly limit of 1000 credits for benmcwilliams has been exceeded. Please throttle your requests or use the commercial service.
2025-09-17 14:28:22,546 - WARNING - [GeoNames 19] the hourly limit of 1000 credits for benmcwilliams has been exceeded. Please throttle your requests or use the commercial service.
2025-09-17 14:28:22,906 - WARNING - [GeoNames 19] the hourly limit of 1000 credits for benmcwilliams has been exceeded. Please throttle your requests or use the commercial service.
2025-09-17 14:28:22,968 - WARNING - [GeoNames 19] the hourly limit of 1000 credits for benmcwilliams has been exceeded. Please throttle your requests or use the commercial service.
2025-09-17 14:28:23,031 - WARNING - [GeoNames 19] the hourly limit of 1000 credits for benmcwilliams has been exceeded. Please throttle your requests or use the commercial service.
2025-09-17 14:28:23,095 - WARNING - [GeoNames 19] the hourly limit of 1000 credits for benmcwilliams has been exceeded. Please throttle your requests or use the commercial service.
2025-09-17 14:28:23,166 - WARNING - [GeoNames 19] the hourly limit of 1000 credits for benmcwilliams has been exceeded. Please throttle your requests or use the commercial service.
2025-09-17 14:28:23,230 - WARNING - [GeoNames 19] the hourly limit of 1000 credits for benmcwilliams has been exceeded. Please throttle your requests or use the commercial service.
2025-09-17 14:28:23,296 - WARNING - [GeoNames 19] the hourly limit of 1000 credits for benmcwilliams has been exceeded. Please throttle your requests or use the commercial service.
2025-09-17 14:28:23,361 - WARNING - [GeoNames 19] the hourly limit of 1000 credits for benmcwilliams has been exceeded. Please throttle your requests or use the commercial service.
2025-09-17 14:28:23,427 - WARNING - [GeoNames 19] the hourly limit of 1000 credits for benmcwilliams has been exceeded. Please throttle your requests or use the commercial service.
2025-09-17 14:28:23,501 - WARNING - [GeoNames 19] the hourly limit of 1000 credits for benmcwilliams has been exceeded. Please throttle your requests or use the commercial service.
2025-09-17 14:28:23,572 - WARNING - [GeoNames 19] the hourly limit of 1000 credits for benmcwilliams has been exceeded. Please throttle your requests or use the commercial service.
2025-09-17 14:28:23,643 - WARNING - [GeoNames 19] the hourly limit of 1000 credits for benmcwilliams has been exceeded. Please throttle your requests or use the commercial service.
2025-09-17 14:28:23,709 - WARNING - [GeoNames 19] the hourly limit of 1000 credits for benmcwilliams has been exceeded. Please throttle your requests or use the commercial service.
2025-09-17 14:28:23,775 - WARNING - [GeoNames 19] the hourly limit of 1000 credits for benmcwilliams has been exceeded. Please throttle your requests or use the commercial service.
2025-09-17 14:28:23,844 - WARNING - [GeoNames 19] the hourly limit of 1000 credits for benmcwilliams has been exceeded. Please throttle your requests or use the commercial service.
2025-09-17 14:28:23,911 - WARNING - [GeoNames 19] the hourly limit of 1000 credits for benmcwilliams has been exceeded. Please throttle your requests or use the commercial service.
2025-09-17 14:28:23,977 - WARNING - [GeoNames 19] the hourly limit of 1000 credits for benmcwilliams has been exceeded. Please throttle your requests or use the commercial service.
2025-09-17 14:28:24,053 - WARNING - [GeoNames 19] the hourly limit of 1000 credits for benmcwilliams has been exceeded. Please throttle your requests or use the commercial service.
2025-09-17 14:28:24,123 - WARNING - [GeoNames 19] the hourly limit of 1000 credits for benmcwilliams has been exceeded. Please throttle your requests or use the commercial service.
2025-09-17 14:28:24,186 - WARNING - [GeoNames 19] the hourly limit of 1000 credits for benmcwilliams has been exceeded. Please throttle your requests or use the commercial service.
2025-09-17 14:28:24,255 - WARNING - [GeoNames 19] the hourly limit of 1000 credits for benmcwilliams has been exceeded. Please throttle your requests or use the commercial service.
2025-09-17 14:28:24,320 - WARNING - [GeoNames 19] the hourly limit of 1000 credits for benmcwilliams has been exceeded. Please throttle your requests or use the commercial service.
2025-09-17 14:28:24,388 - WARNING - [GeoNames 19] the hourly limit of 1000 credits for benmcwilliams has been exceeded. Please throttle your requests or use the commercial service.
2025-09-17 14:28:24,459 - WARNING - [GeoNames 19] the hourly limit of 1000 credits for benmcwilliams has been exceeded. Please throttle your requests or use the commercial service.
2025-09-17 14:28:24,522 - WARNING - [GeoNames 19] the hourly limit of 1000 credits for benmcwilliams has been exceeded. Please throttle your requests or use the commercial service.
2025-09-17 14:28:24,591 - WARNING - [GeoNames 19] the hourly limit of 1000 credits for benmcwilliams has been exceeded. Please throttle your requests or use the commercial service.
2025-09-17 14:28:24,658 - WARNING - [GeoNames 19] the hourly limit of 1000 credits for benmcwilliams has been exceeded. Please throttle your requests or use the commercial service.
2025-09-17 14:28:24,737 - WARNING - [GeoNames 19] the hourly limit of 1000 credits for benmcwilliams has been exceeded. Please throttle your requests or use the commercial service.
2025-09-17 14:28:24,803 - WARNING - [GeoNames 19] the hourly limit of 1000 credits for benmcwilliams has been exceeded. Please throttle your requests or use the commercial service.
2025-09-17 14:28:24,874 - WARNING - [GeoNames 19] the hourly limit of 1000 credits for benmcwilliams has been exceeded. Please throttle your requests or use the commercial service.
2025-09-17 14:28:24,940 - WARNING - [GeoNames 19] the hourly limit of 1000 credits for benmcwilliams has been exceeded. Please throttle your requests or use the commercial service.
2025-09-17 14:28:25,008 - WARNING - [GeoNames 19] the hourly limit of 1000 credits for benmcwilliams has been exceeded. Please throttle your requests or use the commercial service.
2025-09-17 14:28:25,081 - WARNING - [GeoNames 19] the hourly limit of 1000 credits for benmcwilliams has been exceeded. Please throttle your requests or use the commercial service.
2025-09-17 14:28:25,148 - WARNING - [GeoNames 19] the hourly limit of 1000 credits for benmcwilliams has been exceeded. Please throttle your requests or use the commercial service.
2025-09-17 14:28:25,216 - WARNING - [GeoNames 19] the hourly limit of 1000 credits for benmcwilliams has been exceeded. Please throttle your requests or use the commercial service.
2025-09-17 14:28:25,281 - WARNING - [GeoNames 19] the hourly limit of 1000 credits for benmcwilliams has been exceeded. Please throttle your requests or use the commercial service.
2025-09-17 14:28:25,348 - WARNING - [GeoNames 19] the hourly limit of 1000 credits for benmcwilliams has been exceeded. Please throttle your requests or use the commercial service.
2025-09-17 14:28:25,413 - WARNING - [GeoNames 19] the hourly limit of 1000 credits for benmcwilliams has been exceeded. Please throttle your requests or use the commercial service.
2025-09-17 14:28:25,479 - WARNING - [GeoNames 19] the hourly limit of 1000 credits for benmcwilliams has been exceeded. Please throttle your requests or use the commercial service.
2025-09-17 14:28:25,549 - WARNING - [GeoNames 19] the hourly limit of 1000 credits for benmcwilliams has been exceeded. Please throttle your requests or use the commercial service.
2025-09-17 14:28:25,617 - WARNING - [GeoNames 19] the hourly limit of 1000 credits for benmcwilliams has been exceeded. Please throttle your requests or use the commercial service.
2025-09-17 14:28:25,682 - WARNING - [GeoNames 19] the hourly limit of 1000 credits for benmcwilliams has been exceeded. Please throttle your requests or use the commercial service.
2025-09-17 14:28:25,751 - WARNING - [GeoNames 19] the hourly limit of 1000 credits for benmcwilliams has been exceeded. Please throttle your requests or use the commercial service.
2025-09-17 14:28:25,817 - WARNING - [GeoNames 19] the hourly limit of 1000 credits for benmcwilliams has been exceeded. Please throttle your requests or use the commercial service.
2025-09-17 14:28:25,882 - WARNING - [GeoNames 19] the hourly limit of 1000 credits for benmcwilliams has been exceeded. Please throttle your requests or use the commercial service.
2025-09-17 14:28:25,971 - WARNING - [GeoNames 19] the hourly limit of 1000 credits for benmcwilliams has been exceeded. Please throttle your requests or use the commercial service.
2025-09-17 14:28:26,031 - WARNING - [GeoNames 19] the hourly limit of 1000 credits for benmcwilliams has been exceeded. Please throttle your requests or use the commercial service.
2025-09-17 14:28:26,092 - WARNING - [GeoNames 19] the hourly limit of 1000 credits for benmcwilliams has been exceeded. Please throttle your requests or use the commercial service.
2025-09-17 14:28:26,154 - WARNING - [GeoNames 19] the hourly limit of 1000 credits for benmcwilliams has been exceeded. Please throttle your requests or use the commercial service.
2025-09-17 14:28:26,214 - WARNING - [GeoNames 19] the hourly limit of 1000 credits for benmcwilliams has been exceeded. Please throttle your requests or use the commercial service.
2025-09-17 14:28:26,279 - WARNING - [GeoNames 19] the hourly limit of 1000 credits for benmcwilliams has been exceeded. Please throttle your requests or use the commercial service.
2025-09-17 14:28:26,348 - WARNING - [GeoNames 19] the hourly limit of 1000 credits for benmcwilliams has been exceeded. Please throttle your requests or use the commercial service.
2025-09-17 14:28:26,415 - WARNING - [GeoNames 19] the hourly limit of 1000 credits for benmcwilliams has been exceeded. Please throttle your requests or use the commercial service.
2025-09-17 14:28:26,481 - WARNING - [GeoNames 19] the hourly limit of 1000 credits for benmcwilliams has been exceeded. Please throttle your requests or use the commercial service.
2025-09-17 14:28:26,547 - WARNING - [GeoNames 19] the hourly limit of 1000 credits for benmcwilliams has been exceeded. Please throttle your requests or use the commercial service.
2025-09-17 14:28:26,614 - WARNING - [GeoNames 19] the hourly limit of 1000 credits for benmcwilliams has been exceeded. Please throttle your requests or use the commercial service.
2025-09-17 14:28:26,680 - WARNING - [GeoNames 19] the hourly limit of 1000 credits for benmcwilliams has been exceeded. Please throttle your requests or use the commercial service.
2025-09-17 14:28:26,748 - WARNING - [GeoNames 19] the hourly limit of 1000 credits for benmcwilliams has been exceeded. Please throttle your requests or use the commercial service.
2025-09-17 14:28:26,861 - WARNING - [GeoNames 19] the hourly limit of 1000 credits for benmcwilliams has been exceeded. Please throttle your requests or use the commercial service.
2025-09-17 14:28:26,928 - WARNING - [GeoNames 19] the hourly limit of 1000 credits for benmcwilliams has been exceeded. Please throttle your requests or use the commercial service.
2025-09-17 14:28:27,002 - WARNING - [GeoNames 19] the hourly limit of 1000 credits for benmcwilliams has been exceeded. Please throttle your requests or use the commercial service.
2025-09-17 14:28:27,071 - WARNING - [GeoNames 19] the hourly limit of 1000 credits for benmcwilliams has been exceeded. Please throttle your requests or use the commercial service.
2025-09-17 14:28:27,133 - WARNING - [GeoNames 19] the hourly limit of 1000 credits for benmcwilliams has been exceeded. Please throttle your requests or use the commercial service.
2025-09-17 14:28:27,200 - WARNING - [GeoNames 19] the hourly limit of 1000 credits for benmcwilliams has been exceeded. Please throttle your requests or use the commercial service.
2025-09-17 14:28:27,267 - WARNING - [GeoNames 19] the hourly limit of 1000 credits for benmcwilliams has been exceeded. Please throttle your requests or use the commercial service.
2025-09-17 14:28:27,337 - WARNING - [GeoNames 19] the hourly limit of 1000 credits for benmcwilliams has been exceeded. Please throttle your requests or use the commercial service.
2025-09-17 14:28:27,411 - WARNING - [GeoNames 19] the hourly limit of 1000 credits for benmcwilliams has been exceeded. Please throttle your requests or use the commercial service.
2025-09-17 14:28:27,483 - WARNING - [GeoNames 19] the hourly limit of 1000 credits for benmcwilliams has been exceeded. Please throttle your requests or use the commercial service.
2025-09-17 14:28:27,547 - WARNING - [GeoNames 19] the hourly limit of 1000 credits for benmcwilliams has been exceeded. Please throttle your requests or use the commercial service.
2025-09-17 14:28:27,613 - WARNING - [GeoNames 19] the hourly limit of 1000 credits for benmcwilliams has been exceeded. Please throttle your requests or use the commercial service.
2025-09-17 14:28:27,684 - WARNING - [GeoNames 19] the hourly limit of 1000 credits for benmcwilliams has been exceeded. Please throttle your requests or use the commercial service.
2025-09-17 14:28:27,751 - WARNING - [GeoNames 19] the hourly limit of 1000 credits for benmcwilliams has been exceeded. Please throttle your requests or use the commercial service.
2025-09-17 14:28:27,826 - WARNING - [GeoNames 19] the hourly limit of 1000 credits for benmcwilliams has been exceeded. Please throttle your requests or use the commercial service.
2025-09-17 14:28:27,891 - WARNING - [GeoNames 19] the hourly limit of 1000 credits for benmcwilliams has been exceeded. Please throttle your requests or use the commercial service.
2025-09-17 14:28:27,958 - WARNING - [GeoNames 19] the hourly limit of 1000 credits for benmcwilliams has been exceeded. Please throttle your requests or use the commercial service.
2025-09-17 14:28:28,024 - WARNING - [GeoNames 19] the hourly limit of 1000 credits for benmcwilliams has been exceeded. Please throttle your requests or use the commercial service.
2025-09-17 14:28:28,091 - WARNING - [GeoNames 19] the hourly limit of 1000 credits for benmcwilliams has been exceeded. Please throttle your requests or use the commercial service.
2025-09-17 14:28:28,159 - WARNING - [GeoNames 19] the hourly limit of 1000 credits for benmcwilliams has been exceeded. Please throttle your requests or use the commercial service.
2025-09-17 14:28:28,231 - WARNING - [GeoNames 19] the hourly limit of 1000 credits for benmcwilliams has been exceeded. Please throttle your requests or use the commercial service.
2025-09-17 14:28:28,302 - WARNING - [GeoNames 19] the hourly limit of 1000 credits for benmcwilliams has been exceeded. Please throttle your requests or use the commercial service.
2025-09-17 14:28:28,378 - WARNING - [GeoNames 19] the hourly limit of 1000 credits for benmcwilliams has been exceeded. Please throttle your requests or use the commercial service.
2025-09-17 14:28:28,454 - WARNING - [GeoNames 19] the hourly limit of 1000 credits for benmcwilliams has been exceeded. Please throttle your requests or use the commercial service.
2025-09-17 14:28:28,523 - WARNING - [GeoNames 19] the hourly limit of 1000 credits for benmcwilliams has been exceeded. Please throttle your requests or use the commercial service.
2025-09-17 14:28:28,591 - WARNING - [GeoNames 19] the hourly limit of 1000 credits for benmcwilliams has been exceeded. Please throttle your requests or use the commercial service.
2025-09-17 14:28:28,660 - WARNING - [GeoNames 19] the hourly limit of 1000 credits for benmcwilliams has been exceeded. Please throttle your requests or use the commercial service.
2025-09-17 14:28:28,728 - WARNING - [GeoNames 19] the hourly limit of 1000 credits for benmcwilliams has been exceeded. Please throttle your requests or use the commercial service.
2025-09-17 14:28:28,800 - WARNING - [GeoNames 19] the hourly limit of 1000 credits for benmcwilliams has been exceeded. Please throttle your requests or use the commercial service.
2025-09-17 14:28:28,866 - WARNING - [GeoNames 19] the hourly limit of 1000 credits for benmcwilliams has been exceeded. Please throttle your requests or use the commercial service.
2025-09-17 14:28:28,938 - WARNING - [GeoNames 19] the hourly limit of 1000 credits for benmcwilliams has been exceeded. Please throttle your requests or use the commercial service.
2025-09-17 14:28:29,004 - WARNING - [GeoNames 19] the hourly limit of 1000 credits for benmcwilliams has been exceeded. Please throttle your requests or use the commercial service.
2025-09-17 14:28:29,070 - WARNING - [GeoNames 19] the hourly limit of 1000 credits for benmcwilliams has been exceeded. Please throttle your requests or use the commercial service.
2025-09-17 14:28:29,133 - WARNING - [GeoNames 19] the hourly limit of 1000 credits for benmcwilliams has been exceeded. Please throttle your requests or use the commercial service.
2025-09-17 14:28:29,198 - WARNING - [GeoNames 19] the hourly limit of 1000 credits for benmcwilliams has been exceeded. Please throttle your requests or use the commercial service.
2025-09-17 14:28:29,265 - WARNING - [GeoNames 19] the hourly limit of 1000 credits for benmcwilliams has been exceeded. Please throttle your requests or use the commercial service.
2025-09-17 14:28:29,333 - WARNING - [GeoNames 19] the hourly limit of 1000 credits for benmcwilliams has been exceeded. Please throttle your requests or use the commercial service.
2025-09-17 14:28:29,407 - WARNING - [GeoNames 19] the hourly limit of 1000 credits for benmcwilliams has been exceeded. Please throttle your requests or use the commercial service.
2025-09-17 14:28:29,476 - WARNING - [GeoNames 19] the hourly limit of 1000 credits for benmcwilliams has been exceeded. Please throttle your requests or use the commercial service.
2025-09-17 14:28:33,672 - INFO - ✅ Geonames MongoDB updated. Inserted: 0 fresh documents, Modified: 759 documents.
2025-09-17 14:28:33,687 - INFO - 🧸 Classifying products
2025-09-17 14:28:35,503 - INFO - 🔎 Found 3746 products with attached capacities.
2025-09-17 14:32:46,548 - INFO - ✅ Batch 1: submitted=500, matched=1960, modified=16
2025-09-17 14:33:43,764 - INFO - ✅ Batch 2: submitted=500, matched=3246, modified=19
2025-09-17 14:34:41,073 - INFO - ✅ Batch 3: submitted=500, matched=4205, modified=31
2025-09-17 14:35:39,032 - INFO - ✅ Batch 4: submitted=500, matched=5084, modified=22
2025-09-17 14:36:36,990 - INFO - ✅ Batch 5: submitted=500, matched=7118, modified=37
2025-09-17 14:36:49,648 - INFO - ✅ Batch 6: submitted=109, matched=879, modified=2
2025-09-17 14:36:49,648 - INFO - 🎉 All done: processed=2609, total_matched=22492, total_modified=127
2025-09-17 14:36:49,656 - INFO - 🗞️ Flattening articles...
2025-09-17 14:37:27,698 - INFO - 💾 Saved nodes to storage/output/all_nodes.xlsx
2025-09-17 14:37:27,698 - INFO - 💾 Saved relationships to storage/output/all_rels.xlsx
2025-09-17 14:37:27,794 - INFO - 🉑 Merging nodes and relationships...
2025-09-17 14:37:42,744 - INFO - 💾 Saved geo_lookup to storage/output/geo_lookup.json
2025-09-17 14:37:44,536 - INFO - 💾 Saved: storage/output/factory_registry.xlsx
2025-09-17 14:37:59,694 - INFO - 💾 Saved geo_lookup to storage/output/geo_lookup.json
2025-09-17 14:38:00,960 - INFO - 💾 Saved: storage/output/factory-technological.xlsx
2025-09-17 14:38:16,127 - INFO - 💾 Saved geo_lookup to storage/output/geo_lookup.json
2025-09-17 14:38:16,453 - INFO - 💾 Saved: storage/output/company-joint-venture.xlsx
2025-09-17 14:38:31,647 - INFO - 💾 Saved geo_lookup to storage/output/geo_lookup.json
2025-09-17 14:38:32,636 - INFO - 💾 Saved: storage/output/investment-funds-factory.xlsx
2025-09-17 14:38:32,649 - INFO - Normalising capacities
2025-09-17 14:38:33,391 - INFO - Capacity rows: 2851 | failed: 250 (8.8%)
2025-09-17 14:38:33,392 - INFO - normalization_case
normalize:fallback:keep-metric                                  925
normalize:already-clean:gigawatt                                655
normalize:already-clean:gigawatt hour                           591
normalize:vehicle:missing                                       329
fallback:missing-metric                                         235
normalize:already-clean:tonne                                    32
normalize:battery:module_pack:battery systems->gigawatt hour     16
normalize:invalid-input                                          15
normalize:battery:energy-metric                                  15
normalize:battery:keyword:ev                                      9
normalize:battery:keyword:vehicle                                 8
normalize:battery:module_pack:battery modules->gigawatt hour      5
normalize:battery:module_pack:unit->gigawatt hour                 5
normalize:battery:module_pack:battery packs->gigawatt hour        5
normalize:battery:module_pack:batteries->gigawatt hour            4
normalize:battery:keyword:car                                     2
2025-09-17 14:38:34,186 - INFO - Normalising investments
2025-09-17 14:38:38,545 - INFO - 🫂 Grouping projects...
2025-09-17 14:38:38,545 - INFO - Processing: storage/output/factory-technological-clean-capacities-investments.xlsx → storage/output/grouped-capacities.xlsx
2025-09-17 14:38:38,986 - INFO - Found 2851 rows (EU only).
2025-09-17 14:38:38,996 - INFO - ⚠️ 752 rows lack an admin_group_key after applying per-country rules.
2025-09-17 14:38:38,998 - INFO - ⚠️ 369 entries without CITY are dropped.
2025-09-17 14:38:38,999 - INFO - Rows reduced to 2482 after dropping missing city_key.
2025-09-17 14:38:38,999 - INFO - ⚠️ 383 entries without a geographic locator are dropped.
2025-09-17 14:38:39,000 - INFO - Rows reduced to 2099 after dropping missing admin_group_key.
2025-09-17 14:38:39,000 - INFO - ⚠️ 347 entries without a normalised PRODUCT-LV1 are dropped.
2025-09-17 14:38:39,000 - INFO - Rows reduced to 1752 after dropping missing product_lv1.
2025-09-17 14:38:39,000 - INFO - ⚠️ 1099 total rows dropped due to missing required fields; 1752 remain.
2025-09-17 14:38:39,001 - INFO - ⚠️ 619 entries without a normalised PRODUCT-LV2.
2025-09-17 14:38:39,001 - INFO - Unique owners before manual dict: 542
2025-09-17 14:38:39,001 - INFO - Unique owners after manual dict: 491
2025-09-17 14:38:39,008 - INFO - Applied site merges to 21 rows.
2025-09-17 14:38:40,484 - INFO - Overwrote inst_canon with JV labels for 124 rows
2025-09-17 14:38:40,847 - INFO - Saving filtered output to storage/output/grouped-capacities.xlsx
2025-09-17 14:38:40,848 - INFO - Processing: storage/output/factory_registry.xlsx → storage/output/grouped-factories.xlsx
2025-09-17 14:38:41,533 - INFO - Found 10770 rows (EU only).
2025-09-17 14:38:41,561 - INFO - ⚠️ 2521 rows lack an admin_group_key after applying per-country rules.
2025-09-17 14:38:41,563 - INFO - ⚠️ 1229 entries without CITY are dropped.
2025-09-17 14:38:41,565 - INFO - Rows reduced to 9541 after dropping missing city_key.
2025-09-17 14:38:41,565 - INFO - ⚠️ 1292 entries without a geographic locator are dropped.
2025-09-17 14:38:41,566 - INFO - Rows reduced to 8249 after dropping missing admin_group_key.
2025-09-17 14:38:41,566 - INFO - ⚠️ 3864 entries without a normalised PRODUCT-LV1 are dropped.
2025-09-17 14:38:41,567 - INFO - Rows reduced to 4385 after dropping missing product_lv1.
2025-09-17 14:38:41,568 - INFO - ⚠️ 6385 total rows dropped due to missing required fields; 4385 remain.
2025-09-17 14:38:41,568 - INFO - ⚠️ 1975 entries without a normalised PRODUCT-LV2.
2025-09-17 14:38:41,568 - INFO - Unique owners before manual dict: 979
2025-09-17 14:38:41,569 - INFO - Unique owners after manual dict: 914
2025-09-17 14:38:41,582 - INFO - Applied site merges to 49 rows.
2025-09-17 14:38:43,022 - INFO - Overwrote inst_canon with JV labels for 233 rows
2025-09-17 14:38:43,597 - INFO - Saving filtered output to storage/output/grouped-factories.xlsx
2025-09-17 14:38:43,600 - INFO - Processing: storage/output/clean-investment-funds-factory.xlsx → storage/output/grouped-investments.xlsx
2025-09-17 14:38:43,802 - INFO - Found 1811 rows (EU only).
2025-09-17 14:38:43,807 - INFO - ⚠️ 335 rows lack an admin_group_key after applying per-country rules.
2025-09-17 14:38:43,808 - INFO - ⚠️ 134 entries without CITY are dropped.
2025-09-17 14:38:43,809 - INFO - Rows reduced to 1677 after dropping missing city_key.
2025-09-17 14:38:43,809 - INFO - ⚠️ 201 entries without a geographic locator are dropped.
2025-09-17 14:38:43,810 - INFO - Rows reduced to 1476 after dropping missing admin_group_key.
2025-09-17 14:38:43,810 - INFO - ⚠️ 612 entries without a normalised PRODUCT-LV1 are dropped.
2025-09-17 14:38:43,810 - INFO - Rows reduced to 864 after dropping missing product_lv1.
2025-09-17 14:38:43,811 - INFO - ⚠️ 947 total rows dropped due to missing required fields; 864 remain.
2025-09-17 14:38:43,811 - INFO - ⚠️ 377 entries without a normalised PRODUCT-LV2.
2025-09-17 14:38:43,811 - INFO - Unique owners before manual dict: 302
2025-09-17 14:38:43,811 - INFO - Unique owners after manual dict: 278
2025-09-17 14:38:43,814 - INFO - Applied site merges to 13 rows.
2025-09-17 14:38:45,077 - INFO - Overwrote inst_canon with JV labels for 62 rows
2025-09-17 14:38:45,264 - INFO - Saving filtered output to storage/output/grouped-investments.xlsx
2025-09-17 14:38:45,317 - INFO - 🗑️ Cleared existing facilities from MongoDB.
2025-09-17 14:38:45,792 - INFO - Saving a copy of facilities to Excel at storage/output/facilities.xlsx
2025-09-17 14:38:46,165 - INFO - Capacities: raw=1796
2025-09-17 14:38:46,165 - INFO - Capacities: dedup=1374 | grouped=1275
2025-09-17 14:38:46,165 - INFO - applies_to distribution: {'mix': 1120, 'electric': 152, 'fossil': 3}
2025-09-17 14:38:46,233 - INFO - Number of raw capacities: 1796
2025-09-17 14:38:46,233 - INFO - 📅 Unique capacities after dedup (earliest per tuple): 1374
2025-09-17 14:38:46,352 - INFO - Investments: raw=864 | dedup=660 | grouped=606
2025-09-17 14:38:46,384 - INFO - 📈 Investment events attached (projects): 399
2025-09-17 14:38:46,408 - INFO - Facilities before filter: 1579 | inserted with capacities: 811 | skipped (non-vehicle, no capacities): 716 | vehicles with caps: 84 | vehicles without caps (inserted): 52
2025-09-17 14:38:48,480 - INFO - ✅ Inserted 863 facilities into MongoDB with 1374 unique capacity entries and 660 unique investment entries (~1720 total events attached).
2025-09-17 14:38:48,491 - INFO - 🧮 Determining phase summaries
2025-09-17 14:38:49,447 - INFO - 🚀 Starting summary updates for main, greenfield and expansion...
2025-09-17 14:38:52,733 - INFO - ✅ Updated summaries for 680 facilities.
2025-09-17 14:38:52,734 - INFO - Outputting clean capacities summary data
2025-09-17 14:38:53,657 - INFO - Total pipeline time: 13.08 minutes
