2025-08-22 14:58:39,052 - INFO - Updating mongo-metadata is set to False
2025-08-22 14:58:39,052 - INFO - 🗞️ Flattening articles...
2025-08-22 14:59:17,433 - INFO - 💾 Saved nodes to storage/output/all_nodes.xlsx
2025-08-22 14:59:17,433 - INFO - 💾 Saved relationships to storage/output/all_rels.xlsx
2025-08-22 14:59:17,533 - INFO - 🉑 Merging nodes and relationships...
2025-08-22 14:59:32,650 - INFO - 💾 Saved geo_lookup to storage/output/geo_lookup.json
2025-08-22 14:59:34,742 - INFO - 💾 Saved: storage/output/factory_registry.xlsx
2025-08-22 14:59:50,222 - INFO - 💾 Saved geo_lookup to storage/output/geo_lookup.json
2025-08-22 14:59:51,229 - INFO - 💾 Saved: storage/output/factory-technological.xlsx
2025-08-22 15:00:06,621 - INFO - 💾 Saved geo_lookup to storage/output/geo_lookup.json
2025-08-22 15:00:06,929 - INFO - 💾 Saved: storage/output/company-joint-venture.xlsx
2025-08-22 15:00:06,942 - INFO - Building joint ventures lookup
2025-08-22 15:00:06,942 - INFO - Normalising capacities
2025-08-22 15:00:07,591 - INFO - Capacity rows: 2781 | failed: 230 (8.3%)
2025-08-22 15:00:07,591 - INFO - normalization_case
normalize:fallback:keep-metric                                  954
normalize:already-clean:gigawatt hour                           581
normalize:already-clean:gigawatt                                558
normalize:vehicle:missing                                       313
fallback:missing-metric                                         210
normalize:already-clean:tonne                                    77
normalize:invalid-input                                          20
normalize:battery:energy-metric                                  16
normalize:battery:module_pack:battery systems->gigawatt hour     15
normalize:battery:keyword:vehicle                                 9
normalize:battery:keyword:ev                                      8
normalize:battery:module_pack:battery modules->gigawatt hour      5
normalize:battery:module_pack:unit->gigawatt hour                 5
normalize:battery:module_pack:battery packs->gigawatt hour        5
normalize:battery:module_pack:batteries->gigawatt hour            4
normalize:battery:keyword:car                                     1
2025-08-22 15:00:08,345 - INFO - 🫂 Grouping projects...
2025-08-22 15:00:08,672 - INFO - Found 2781 rows:
2025-08-22 15:00:08,673 - INFO - ⚠️ 366 entries without CITY are dropped, rows reduced to 2415.
2025-08-22 15:00:08,674 - INFO - Missing counts: adm1            381
inst_canon       24
product_lv1     609
product_lv2    1190
dtype: int64
2025-08-22 15:00:08,674 - INFO - ⚠️  1259 rows dropped because of missing values; 1522 remain.
2025-08-22 15:00:08,674 - INFO - Unique owners before manual dict: 463
2025-08-22 15:00:08,675 - INFO - Unique owners after manual dict: 425
2025-08-22 15:00:10,520 - INFO - Saving filtered output to storage/output/filtered_projects.xlsx
2025-08-22 15:00:10,521 - INFO - 🏭 Importing facilities
2025-08-22 15:00:10,718 - INFO - 🗑️ Cleared existing facilities from MongoDB.
2025-08-22 15:00:10,888 - INFO - Saving a copy of facilities to Excel at storage/output/facilities.xlsx
2025-08-22 15:00:10,996 - INFO - Number of raw capacities - 1522
2025-08-22 15:00:10,996 - INFO - 📅 Unique capacities remaining after deduplication (keeping earliest date): 1048
2025-08-22 15:00:11,011 - WARNING - bbox missing required keys. Available: []
2025-08-22 15:00:12,633 - INFO - ✅ Inserted 598 facilities into MongoDB, with 1048 capacities.
2025-08-22 15:00:12,638 - INFO - 🧮 Determining phase summaries
2025-08-22 15:00:13,680 - INFO - 🚀 Starting summary updates for main, greenfield and expansion...
2025-08-22 15:00:18,089 - INFO - ✅ Updated summaries for 597 facilities.
2025-08-22 15:00:18,091 - INFO - Outputting clean capacities summary data
2025-08-22 15:00:19,055 - INFO - Total pipeline time: 1.67 minutes
