2025-08-13 12:57:52,484 - INFO - Updating mongo-metadata is set to False
2025-08-13 12:57:52,484 - INFO - 🗞️ Flattening articles...
2025-08-13 12:58:14,806 - INFO - 💾 Saved nodes to storage/output/all_nodes.xlsx
2025-08-13 12:58:14,806 - INFO - 💾 Saved relationships to storage/output/all_rels.xlsx
2025-08-13 12:58:14,853 - INFO - 🉑 Merging nodes and relationships...
2025-08-13 12:58:24,282 - INFO - 💾 Saved factory-technology graph segment to storage/output/factory-technological.xlsx
2025-08-13 12:58:24,293 - INFO - Normalising capacities
2025-08-13 12:58:25,297 - INFO - Capacity rows: 4916 | failed: 519 (10.6%)
2025-08-13 12:58:25,298 - INFO - normalization_case
normalize:fallback:keep-metric       1656
normalize:default:gigawatt hour      1236
normalize:vehicle:missing             973
fallback:missing-metric               489
normalize:default:gigawatt            275
normalize:default:tonne               185
normalize:battery:energy-metric        31
normalize:invalid-input                30
normalize:battery:keyword:vehicle      19
normalize:battery:keyword:ev           13
normalize:battery:keyword:car           9
2025-08-13 12:58:26,519 - INFO - 🫂 Grouping projects...
2025-08-13 12:58:27,060 - INFO - Found 1514 rows:
2025-08-13 12:58:27,061 - INFO - ⚠️ 162 entries without CITY are dropped, rows reduced to 1352.
2025-08-13 12:58:27,061 - INFO - Missing counts: adm1           459
inst_canon     132
product_lv1    497
product_lv2    728
dtype: int64
2025-08-13 12:58:27,062 - INFO - ⚠️  853 rows dropped because of missing values; 661 remain.
2025-08-13 12:58:27,062 - INFO - Unique owners before manual dict: 160
2025-08-13 12:58:27,062 - INFO - Unique owners after manual dict: 139
2025-08-13 12:58:28,643 - INFO - Saving filtered output to storage/output/filtered_projects.xlsx
2025-08-13 12:58:28,643 - INFO - 🏭 Importing facilities
2025-08-13 12:58:28,805 - INFO - 🗑️ Cleared existing facilities from MongoDB.
2025-08-13 12:58:28,886 - INFO - Saving a copy of facilities to Excel at storage/output/facilities.xlsx
2025-08-13 12:58:28,920 - INFO - Number of raw capacities - 661
2025-08-13 12:58:28,920 - INFO - 📅 Unique capacities remaining after deduplication (keeping earliest date): 437
2025-08-13 12:58:29,729 - INFO - ✅ Inserted 188 facilities into MongoDB, with 437 capacities.
2025-08-13 12:58:29,731 - INFO - 🧮 Determining phase summaries
2025-08-13 12:58:29,798 - INFO - 🚀 Starting summary updates for greenfield and expansion...
2025-08-13 12:58:30,803 - INFO - ✅ Updated summaries for 174 facilities.
2025-08-13 12:58:30,804 - INFO - Outputting clean capacities summary data
2025-08-13 12:58:31,015 - INFO - Total pipeline time: 0.64 minutes
