2025-09-16 21:31:59,491 - INFO - Updating mongo-metadata is set to False
2025-09-16 21:31:59,491 - INFO - 🗞️ Flattening articles...
2025-09-16 21:31:59,491 - INFO - 🉑 Merging nodes and relationships...
2025-09-16 21:31:59,491 - INFO - Normalising capacities
2025-09-16 21:31:59,491 - INFO - Normalising investments
2025-09-16 21:32:05,841 - INFO - 🫂 Grouping projects...
2025-09-16 21:32:05,841 - INFO - Processing: storage/output/factory-technological-clean-capacities.xlsx → storage/output/grouped-capacities.xlsx
2025-09-16 21:32:06,216 - INFO - Found 2833 rows (EU only).
2025-09-16 21:32:06,224 - INFO - ⚠️ 749 rows lack an admin_group_key after applying per-country rules.
2025-09-16 21:32:06,224 - INFO - ⚠️ 10 entries without a normalised OWNER name are dropped.
2025-09-16 21:32:06,225 - INFO - Rows reduced to 2823 after dropping missing inst_canon.
2025-09-16 21:32:06,225 - INFO - ⚠️ 367 entries without CITY are dropped.
2025-09-16 21:32:06,226 - INFO - Rows reduced to 2456 after dropping missing city_key.
2025-09-16 21:32:06,226 - INFO - ⚠️ 380 entries without a geographic locator are dropped.
2025-09-16 21:32:06,227 - INFO - Rows reduced to 2076 after dropping missing admin_group_key.
2025-09-16 21:32:06,227 - INFO - ⚠️ 337 entries without a normalised PRODUCT-LV1 are dropped.
2025-09-16 21:32:06,227 - INFO - Rows reduced to 1739 after dropping missing product_lv1.
2025-09-16 21:32:06,227 - INFO - ⚠️ 1094 total rows dropped due to missing required fields; 1739 remain.
2025-09-16 21:32:06,227 - INFO - ⚠️ 615 entries without a normalised PRODUCT-LV2.
2025-09-16 21:32:06,227 - INFO - Unique owners before manual dict: 541
2025-09-16 21:32:06,228 - INFO - Unique owners after manual dict: 490
2025-09-16 21:32:06,234 - INFO - Applied site merges to 21 rows.
2025-09-16 21:32:10,372 - INFO - Overwrote inst_canon with JV labels for 123 rows
