2025-08-21 22:28:18,127 - INFO - Updating mongo-metadata is set to False
2025-08-21 22:28:18,127 - INFO - 🗞️ Flattening articles...
2025-08-21 22:28:58,866 - INFO - 💾 Saved nodes to storage/output/all_nodes.xlsx
2025-08-21 22:28:58,866 - INFO - 💾 Saved relationships to storage/output/all_rels.xlsx
2025-08-21 22:28:58,956 - INFO - 🉑 Merging nodes and relationships...
2025-08-21 22:29:14,312 - INFO - 💾 Saved geo_lookup to storage/output/geo_lookup.json
2025-08-21 22:29:15,826 - INFO - 💾 Saved: storage/output/factory-technological.xlsx
2025-08-21 22:29:15,840 - INFO - Normalising capacities
2025-08-21 22:29:16,340 - INFO - Capacity rows: 2123 | failed: 185 (8.7%)
2025-08-21 22:29:16,340 - INFO - normalization_case
normalize:fallback:keep-metric                                  752
normalize:already-clean:gigawatt                                467
normalize:already-clean:gigawatt hour                           409
normalize:vehicle:missing                                       196
fallback:missing-metric                                         173
normalize:already-clean:tonne                                    68
normalize:invalid-input                                          12
normalize:battery:energy-metric                                  11
normalize:battery:module_pack:battery systems->gigawatt hour      9
normalize:battery:keyword:vehicle                                 7
normalize:battery:keyword:ev                                      6
normalize:battery:module_pack:battery modules->gigawatt hour      4
normalize:battery:module_pack:battery packs->gigawatt hour        4
normalize:battery:module_pack:unit->gigawatt hour                 2
normalize:battery:module_pack:batteries->gigawatt hour            2
normalize:battery:keyword:car                                     1
2025-08-21 22:29:16,908 - INFO - 🫂 Grouping projects...
2025-08-21 22:29:17,151 - INFO - Found 2123 rows:
2025-08-21 22:29:17,152 - INFO - ⚠️ 303 entries without CITY are dropped, rows reduced to 1820.
2025-08-21 22:29:17,152 - INFO - Missing counts: adm1           304
inst_canon       0
product_lv1    455
product_lv2    888
dtype: int64
2025-08-21 22:29:17,153 - INFO - ⚠️  994 rows dropped because of missing values; 1129 remain.
2025-08-21 22:29:17,153 - INFO - Unique owners before manual dict: 454
2025-08-21 22:29:17,153 - INFO - Unique owners after manual dict: 416
2025-08-21 22:29:18,851 - INFO - Saving filtered output to storage/output/filtered_projects.xlsx
2025-08-21 22:29:18,851 - INFO - 🏭 Importing facilities
2025-08-21 22:29:19,026 - INFO - 🗑️ Cleared existing facilities from MongoDB.
2025-08-21 22:29:19,146 - INFO - Saving a copy of facilities to Excel at storage/output/facilities.xlsx
2025-08-21 22:29:19,229 - INFO - Number of raw capacities - 1129
2025-08-21 22:29:19,230 - INFO - 📅 Unique capacities remaining after deduplication (keeping earliest date): 870
2025-08-21 22:29:19,242 - WARNING - bbox missing required keys. Available: []
2025-08-21 22:29:22,027 - INFO - ✅ Inserted 573 facilities into MongoDB, with 870 capacities.
2025-08-21 22:29:22,030 - INFO - 🧮 Determining phase summaries
2025-08-21 22:29:22,110 - INFO - 🚀 Starting summary updates for main, greenfield and expansion...
2025-08-21 22:29:25,508 - INFO - ✅ Updated summaries for 572 facilities.
2025-08-21 22:29:25,510 - INFO - Outputting clean capacities summary data
2025-08-21 22:29:26,397 - INFO - Total pipeline time: 1.14 minutes
