2025-08-08 16:59:26,461 - INFO - Updating mongo-metadata is set to True
2025-08-08 16:59:26,462 - INFO - 🌎 Querying geonames...
2025-08-08 16:59:27,557 - INFO - 📦 Loaded 752 existing (country, city_key) pairs from MongoDB.
2025-08-08 16:59:28,357 - INFO - 📰 Scanned 213 article(s) with factory nodes.
2025-08-08 16:59:28,358 - INFO - 🧹 Identified 173 new (country, city) pairs to query. Example three: [('Australia', 'centralwest_orana'), ('United States', 'kern_county'), ('India', 'haridwar')]
2025-08-08 16:59:28,375 - INFO - 📭 No new updates to write.
2025-08-08 16:59:28,375 - INFO - 🗞️ Flattening articles...
2025-08-08 16:59:44,376 - INFO - 💾 Saved nodes to storage/output/all_nodes.xlsx
2025-08-08 16:59:44,376 - INFO - 💾 Saved relationships to storage/output/all_rels.xlsx
2025-08-08 16:59:44,402 - INFO - 🉑 Merging nodes and relationships...
2025-08-08 16:59:49,809 - INFO - 💾 Saved factory-technology graph segment to storage/output/factory-technological.xlsx
2025-08-08 16:59:49,815 - INFO - Normalising capacities
2025-08-08 16:59:50,356 - INFO - CASE 2 triggered: ''
2025-08-08 16:59:50,356 - INFO - CASE 1 triggered
2025-08-08 16:59:50,356 - INFO - CASE 2 triggered: ''
2025-08-08 16:59:50,356 - INFO - CASE 1 triggered
2025-08-08 16:59:50,356 - INFO - CASE 2 triggered: ''
2025-08-08 16:59:50,356 - INFO - CASE 1 triggered
2025-08-08 16:59:50,356 - INFO - CASE 1 triggered
2025-08-08 16:59:50,357 - INFO - CASE 2 triggered: 'evs'
2025-08-08 16:59:50,357 - INFO - CASE 1 triggered
2025-08-08 16:59:50,357 - INFO - CASE 2 triggered: 'evs'
2025-08-08 16:59:50,357 - INFO - CASE 2 triggered: ''
2025-08-08 16:59:50,357 - INFO - CASE 1 triggered
2025-08-08 16:59:50,357 - INFO - CASE 2 triggered: ''
2025-08-08 16:59:50,358 - INFO - CASE 2 triggered: 'ev and 180,000 phev'
2025-08-08 16:59:50,359 - INFO - CASE 2 triggered: ''
2025-08-08 16:59:50,359 - INFO - CASE 1 triggered
2025-08-08 16:59:50,359 - INFO - CASE 1 triggered
2025-08-08 16:59:50,360 - INFO - CASE 2 triggered: ''
2025-08-08 16:59:50,360 - INFO - CASE 1 triggered
2025-08-08 16:59:50,360 - INFO - CASE 2 triggered: ''
2025-08-08 16:59:50,360 - INFO - CASE 1 triggered
2025-08-08 16:59:50,360 - INFO - CASE 2 triggered: ''
2025-08-08 16:59:50,360 - INFO - CASE 1 triggered
2025-08-08 16:59:50,364 - INFO - CASE 2 triggered: 'megawatts'
2025-08-08 16:59:50,364 - INFO - CASE 1 triggered
2025-08-08 16:59:50,365 - INFO - CASE 2 triggered: ''
2025-08-08 16:59:50,365 - INFO - CASE 1 triggered
2025-08-08 16:59:50,365 - INFO - CASE 2 triggered: ''
2025-08-08 16:59:50,365 - INFO - CASE 1 triggered
2025-08-08 16:59:50,365 - INFO - CASE 2 triggered: ''
2025-08-08 16:59:50,365 - INFO - CASE 1 triggered
2025-08-08 16:59:50,367 - INFO - CASE 2 triggered: ''
2025-08-08 16:59:50,367 - INFO - CASE 1 triggered
2025-08-08 16:59:50,368 - INFO - CASE 2 triggered: ''
2025-08-08 16:59:50,368 - INFO - CASE 1 triggered
2025-08-08 16:59:50,368 - INFO - CASE 2 triggered: ''
2025-08-08 16:59:50,368 - INFO - CASE 1 triggered
2025-08-08 16:59:50,368 - INFO - CASE 2 triggered: ''
2025-08-08 16:59:50,368 - INFO - CASE 1 triggered
2025-08-08 16:59:50,368 - INFO - CASE 2 triggered: ''
2025-08-08 16:59:50,368 - INFO - CASE 1 triggered
2025-08-08 16:59:50,368 - INFO - CASE 2 triggered: ''
2025-08-08 16:59:50,368 - INFO - CASE 1 triggered
2025-08-08 16:59:50,368 - INFO - CASE 2 triggered: ''
2025-08-08 16:59:50,368 - INFO - CASE 1 triggered
2025-08-08 16:59:50,369 - INFO - CASE 2 triggered: ''
2025-08-08 16:59:50,369 - INFO - CASE 1 triggered
2025-08-08 16:59:50,369 - INFO - CASE 2 triggered: ''
2025-08-08 16:59:50,369 - INFO - CASE 1 triggered
2025-08-08 16:59:50,369 - INFO - CASE 2 triggered: ''
2025-08-08 16:59:50,369 - INFO - CASE 1 triggered
2025-08-08 16:59:50,369 - INFO - CASE 2 triggered: ''
2025-08-08 16:59:50,369 - INFO - CASE 1 triggered
2025-08-08 16:59:50,369 - INFO - CASE 2 triggered: ''
2025-08-08 16:59:50,369 - INFO - CASE 1 triggered
2025-08-08 16:59:50,369 - INFO - CASE 2 triggered: ''
2025-08-08 16:59:50,369 - INFO - CASE 1 triggered
2025-08-08 16:59:50,369 - INFO - CASE 2 triggered: ''
2025-08-08 16:59:50,369 - INFO - CASE 1 triggered
2025-08-08 16:59:50,369 - INFO - CASE 2 triggered: ''
2025-08-08 16:59:50,369 - INFO - CASE 1 triggered
2025-08-08 16:59:50,369 - INFO - CASE 2 triggered: ''
2025-08-08 16:59:50,369 - INFO - CASE 1 triggered
2025-08-08 16:59:50,369 - INFO - CASE 2 triggered: ''
2025-08-08 16:59:50,369 - INFO - CASE 1 triggered
2025-08-08 16:59:50,369 - INFO - CASE 2 triggered: ''
2025-08-08 16:59:50,369 - INFO - CASE 1 triggered
2025-08-08 16:59:50,370 - INFO - CASE 2 triggered: ''
2025-08-08 16:59:50,370 - INFO - CASE 1 triggered
2025-08-08 16:59:50,370 - INFO - CASE 2 triggered: ''
2025-08-08 16:59:50,370 - INFO - CASE 1 triggered
2025-08-08 16:59:50,370 - INFO - CASE 2 triggered: ''
2025-08-08 16:59:50,370 - INFO - CASE 1 triggered
2025-08-08 16:59:50,370 - INFO - CASE 2 triggered: ''
2025-08-08 16:59:50,370 - INFO - CASE 1 triggered
2025-08-08 16:59:50,370 - INFO - CASE 2 triggered: ''
2025-08-08 16:59:50,370 - INFO - CASE 1 triggered
2025-08-08 16:59:50,371 - INFO - CASE 2 triggered: ''
2025-08-08 16:59:50,371 - INFO - CASE 1 triggered
2025-08-08 16:59:50,372 - INFO - CASE 1 triggered
2025-08-08 16:59:50,372 - INFO - CASE 1 triggered
2025-08-08 16:59:50,372 - INFO - CASE 2 triggered: ''
2025-08-08 16:59:50,372 - INFO - CASE 1 triggered
2025-08-08 16:59:50,372 - INFO - CASE 2 triggered: ''
2025-08-08 16:59:50,372 - INFO - CASE 1 triggered
2025-08-08 16:59:50,373 - INFO - CASE 2 triggered: ''
2025-08-08 16:59:50,373 - INFO - CASE 1 triggered
2025-08-08 16:59:50,373 - INFO - CASE 2 triggered: ''
2025-08-08 16:59:50,373 - INFO - CASE 1 triggered
2025-08-08 16:59:50,374 - INFO - CASE 2 triggered: ''
2025-08-08 16:59:50,374 - INFO - CASE 1 triggered
2025-08-08 16:59:50,374 - INFO - CASE 2 triggered: ''
2025-08-08 16:59:50,374 - INFO - CASE 1 triggered
2025-08-08 16:59:50,374 - INFO - CASE 2 triggered: ''
2025-08-08 16:59:50,374 - INFO - CASE 1 triggered
2025-08-08 16:59:50,375 - INFO - CASE 2 triggered: 'electric cars'
2025-08-08 16:59:50,375 - INFO - CASE 2 triggered: 'cars'
2025-08-08 16:59:50,375 - INFO - CASE 2 triggered: ''
2025-08-08 16:59:50,375 - INFO - CASE 1 triggered
2025-08-08 16:59:50,376 - INFO - CASE 2 triggered: 'integrated charging control'
2025-08-08 16:59:50,376 - INFO - CASE 1 triggered
2025-08-08 16:59:50,376 - INFO - CASE 2 triggered: ''
2025-08-08 16:59:50,376 - INFO - CASE 1 triggered
2025-08-08 16:59:50,376 - INFO - CASE 2 triggered: ''
2025-08-08 16:59:50,376 - INFO - CASE 1 triggered
2025-08-08 16:59:50,377 - INFO - CASE 2 triggered: ''
2025-08-08 16:59:50,377 - INFO - CASE 1 triggered
2025-08-08 16:59:50,377 - INFO - CASE 2 triggered: ''
2025-08-08 16:59:50,377 - INFO - CASE 1 triggered
2025-08-08 16:59:50,379 - INFO - CASE 1 triggered
2025-08-08 16:59:50,379 - INFO - CASE 2 triggered: ''
2025-08-08 16:59:50,379 - INFO - CASE 1 triggered
2025-08-08 16:59:50,380 - INFO - CASE 1 triggered
2025-08-08 16:59:50,380 - INFO - CASE 2 triggered: ''
2025-08-08 16:59:50,380 - INFO - CASE 1 triggered
2025-08-08 16:59:50,380 - INFO - CASE 2 triggered: ''
2025-08-08 16:59:50,380 - INFO - CASE 1 triggered
2025-08-08 16:59:50,380 - INFO - CASE 2 triggered: ''
2025-08-08 16:59:50,380 - INFO - CASE 1 triggered
2025-08-08 16:59:50,380 - INFO - CASE 2 triggered: ''
2025-08-08 16:59:50,380 - INFO - CASE 1 triggered
2025-08-08 16:59:50,380 - INFO - CASE 2 triggered: ''
2025-08-08 16:59:50,380 - INFO - CASE 1 triggered
2025-08-08 16:59:50,380 - INFO - CASE 2 triggered: ''
2025-08-08 16:59:50,380 - INFO - CASE 1 triggered
2025-08-08 16:59:50,380 - INFO - CASE 2 triggered: ''
2025-08-08 16:59:50,380 - INFO - CASE 1 triggered
2025-08-08 16:59:50,381 - INFO - CASE 2 triggered: ''
2025-08-08 16:59:50,381 - INFO - CASE 1 triggered
2025-08-08 16:59:50,382 - INFO - CASE 2 triggered: ''
2025-08-08 16:59:50,382 - INFO - CASE 1 triggered
2025-08-08 16:59:50,382 - INFO - CASE 2 triggered: ''
2025-08-08 16:59:50,382 - INFO - CASE 1 triggered
2025-08-08 16:59:50,383 - INFO - CASE 2 triggered: ''
2025-08-08 16:59:50,383 - INFO - CASE 1 triggered
2025-08-08 16:59:50,383 - INFO - CASE 2 triggered: ''
2025-08-08 16:59:50,383 - INFO - CASE 1 triggered
2025-08-08 16:59:50,383 - INFO - CASE 2 triggered: ''
2025-08-08 16:59:50,383 - INFO - CASE 1 triggered
2025-08-08 16:59:50,384 - INFO - CASE 2 triggered: ''
2025-08-08 16:59:50,384 - INFO - CASE 1 triggered
2025-08-08 16:59:50,384 - INFO - CASE 2 triggered: ''
2025-08-08 16:59:50,384 - INFO - CASE 1 triggered
2025-08-08 16:59:50,384 - INFO - CASE 2 triggered: ''
2025-08-08 16:59:50,384 - INFO - CASE 1 triggered
2025-08-08 16:59:50,385 - INFO - CASE 2 triggered: 'per model'
2025-08-08 16:59:50,385 - INFO - CASE 1 triggered
2025-08-08 16:59:50,385 - INFO - CASE 2 triggered: 'per model'
2025-08-08 16:59:50,385 - INFO - CASE 1 triggered
2025-08-08 16:59:50,385 - INFO - CASE 2 triggered: 'pilot'
2025-08-08 16:59:50,385 - INFO - CASE 1 triggered
2025-08-08 16:59:50,385 - INFO - CASE 2 triggered: 'pilot'
2025-08-08 16:59:50,386 - INFO - CASE 1 triggered
2025-08-08 16:59:50,386 - INFO - CASE 2 triggered: 'electric vehicles'
2025-08-08 16:59:50,386 - INFO - CASE 2 triggered: ''
2025-08-08 16:59:50,386 - INFO - CASE 1 triggered
2025-08-08 16:59:50,386 - INFO - CASE 2 triggered: 'tripled'
2025-08-08 16:59:50,386 - INFO - CASE 2 triggered: 'tripled'
2025-08-08 16:59:50,386 - INFO - CASE 1 triggered
2025-08-08 16:59:50,386 - INFO - CASE 2 triggered: 'tripled'
2025-08-08 16:59:50,386 - INFO - CASE 2 triggered: 'tripled'
2025-08-08 16:59:50,386 - INFO - CASE 1 triggered
2025-08-08 16:59:50,386 - INFO - CASE 2 triggered: ''
2025-08-08 16:59:50,386 - INFO - CASE 1 triggered
2025-08-08 16:59:50,386 - INFO - CASE 1 triggered
2025-08-08 16:59:50,387 - INFO - CASE 2 triggered: 'electric vehicles'
2025-08-08 16:59:50,387 - INFO - CASE 2 triggered: ''
2025-08-08 16:59:50,387 - INFO - CASE 1 triggered
2025-08-08 16:59:50,387 - INFO - CASE 1 triggered
2025-08-08 16:59:50,388 - INFO - CASE 2 triggered: 'evs'
2025-08-08 16:59:50,388 - INFO - CASE 2 triggered: ''
2025-08-08 16:59:50,388 - INFO - CASE 1 triggered
2025-08-08 16:59:50,388 - INFO - CASE 2 triggered: ''
2025-08-08 16:59:50,388 - INFO - CASE 1 triggered
2025-08-08 16:59:50,388 - INFO - CASE 2 triggered: ''
2025-08-08 16:59:50,388 - INFO - CASE 1 triggered
2025-08-08 16:59:50,389 - INFO - CASE 2 triggered: 'bevs'
2025-08-08 16:59:50,389 - INFO - CASE 2 triggered: 'bevs'
2025-08-08 16:59:50,389 - INFO - CASE 2 triggered: ''
2025-08-08 16:59:50,389 - INFO - CASE 1 triggered
2025-08-08 16:59:50,389 - INFO - CASE 2 triggered: ''
2025-08-08 16:59:50,389 - INFO - CASE 1 triggered
2025-08-08 16:59:50,389 - INFO - CASE 2 triggered: ''
2025-08-08 16:59:50,389 - INFO - CASE 1 triggered
2025-08-08 16:59:50,389 - INFO - CASE 2 triggered: ''
2025-08-08 16:59:50,389 - INFO - CASE 1 triggered
2025-08-08 16:59:50,390 - INFO - CASE 1 triggered
2025-08-08 16:59:50,390 - INFO - CASE 1 triggered
2025-08-08 16:59:50,390 - INFO - CASE 1 triggered
2025-08-08 16:59:50,390 - INFO - CASE 2 triggered: ''
2025-08-08 16:59:50,390 - INFO - CASE 1 triggered
2025-08-08 16:59:50,390 - INFO - CASE 1 triggered
2025-08-08 16:59:50,390 - INFO - CASE 2 triggered: ''
2025-08-08 16:59:50,390 - INFO - CASE 1 triggered
2025-08-08 16:59:50,391 - INFO - CASE 2 triggered: 'samples'
2025-08-08 16:59:50,391 - INFO - CASE 1 triggered
2025-08-08 16:59:50,392 - INFO - CASE 1 triggered
2025-08-08 16:59:50,392 - INFO - CASE 2 triggered: ''
2025-08-08 16:59:50,392 - INFO - CASE 1 triggered
2025-08-08 16:59:50,392 - INFO - CASE 2 triggered: 'square metres'
2025-08-08 16:59:50,392 - INFO - CASE 2 triggered: 'square metres'
2025-08-08 16:59:50,392 - INFO - CASE 1 triggered
2025-08-08 16:59:50,392 - INFO - CASE 2 triggered: 'square metres'
2025-08-08 16:59:50,392 - INFO - CASE 2 triggered: 'square metres'
2025-08-08 16:59:50,392 - INFO - CASE 1 triggered
2025-08-08 16:59:50,392 - INFO - CASE 2 triggered: 'square metres'
2025-08-08 16:59:50,392 - INFO - CASE 2 triggered: 'square metres'
2025-08-08 16:59:50,392 - INFO - CASE 1 triggered
2025-08-08 16:59:50,392 - INFO - CASE 2 triggered: 'square metres'
2025-08-08 16:59:50,392 - INFO - CASE 2 triggered: 'square metres'
2025-08-08 16:59:50,392 - INFO - CASE 1 triggered
2025-08-08 16:59:50,392 - INFO - CASE 2 triggered: 'square metres'
2025-08-08 16:59:50,392 - INFO - CASE 2 triggered: 'square metres'
2025-08-08 16:59:50,392 - INFO - CASE 1 triggered
2025-08-08 16:59:50,392 - INFO - CASE 2 triggered: 'square metres'
2025-08-08 16:59:50,392 - INFO - CASE 2 triggered: 'square metres'
2025-08-08 16:59:50,393 - INFO - CASE 1 triggered
2025-08-08 16:59:50,393 - INFO - CASE 2 triggered: 'square metres'
2025-08-08 16:59:50,393 - INFO - CASE 2 triggered: 'square metres'
2025-08-08 16:59:50,393 - INFO - CASE 1 triggered
2025-08-08 16:59:50,393 - INFO - CASE 2 triggered: ''
2025-08-08 16:59:50,393 - INFO - CASE 2 triggered: ''
2025-08-08 16:59:50,393 - INFO - CASE 1 triggered
2025-08-08 16:59:50,393 - INFO - CASE 1 triggered
2025-08-08 16:59:50,395 - INFO - CASE 2 triggered: ''
2025-08-08 16:59:50,395 - INFO - CASE 2 triggered: ''
2025-08-08 16:59:50,395 - INFO - CASE 1 triggered
2025-08-08 16:59:50,396 - INFO - CASE 1 triggered
2025-08-08 16:59:50,396 - INFO - CASE 1 triggered
2025-08-08 16:59:50,397 - INFO - CASE 2 triggered: ''
2025-08-08 16:59:50,397 - INFO - CASE 2 triggered: ''
2025-08-08 16:59:50,397 - INFO - CASE 2 triggered: 'square metres'
2025-08-08 16:59:50,397 - INFO - CASE 2 triggered: 'square metres'
2025-08-08 16:59:50,397 - INFO - CASE 1 triggered
2025-08-08 16:59:50,397 - INFO - CASE 2 triggered: 'square metres'
2025-08-08 16:59:50,397 - INFO - CASE 2 triggered: 'square metres'
2025-08-08 16:59:50,397 - INFO - CASE 1 triggered
2025-08-08 16:59:50,398 - INFO - CASE 2 triggered: 'square metres'
2025-08-08 16:59:50,398 - INFO - CASE 2 triggered: 'square metres'
2025-08-08 16:59:50,398 - INFO - CASE 1 triggered
2025-08-08 16:59:50,398 - INFO - CASE 2 triggered: 'square metres'
2025-08-08 16:59:50,398 - INFO - CASE 2 triggered: 'square metres'
2025-08-08 16:59:50,398 - INFO - CASE 1 triggered
2025-08-08 16:59:50,398 - INFO - CASE 2 triggered: 'jobs'
2025-08-08 16:59:50,398 - INFO - CASE 1 triggered
2025-08-08 16:59:50,398 - INFO - CASE 2 triggered: 'electric vehicles'
2025-08-08 16:59:50,399 - INFO - CASE 2 triggered: ''
2025-08-08 16:59:50,399 - INFO - CASE 2 triggered: ''
2025-08-08 16:59:50,399 - INFO - CASE 2 triggered: 'vehicles'
2025-08-08 16:59:50,400 - INFO - CASE 1 triggered
2025-08-08 16:59:50,400 - INFO - CASE 1 triggered
2025-08-08 16:59:50,400 - INFO - CASE 1 triggered
2025-08-08 16:59:50,400 - INFO - CASE 1 triggered
2025-08-08 16:59:50,400 - INFO - CASE 1 triggered
2025-08-08 16:59:50,400 - INFO - CASE 2 triggered: 'vehicles'
2025-08-08 16:59:50,400 - INFO - CASE 2 triggered: 'vehicles'
2025-08-08 16:59:50,401 - INFO - CASE 1 triggered
2025-08-08 16:59:50,402 - INFO - CASE 2 triggered: 'unclear'
2025-08-08 16:59:50,402 - INFO - CASE 1 triggered
2025-08-08 16:59:50,402 - INFO - CASE 2 triggered: 'square feet'
2025-08-08 16:59:50,402 - INFO - CASE 1 triggered
2025-08-08 16:59:50,402 - INFO - CASE 2 triggered: 'square feet'
2025-08-08 16:59:50,402 - INFO - CASE 1 triggered
2025-08-08 16:59:50,402 - INFO - CASE 2 triggered: 'millions'
2025-08-08 16:59:50,402 - INFO - CASE 2 triggered: 'millions'
2025-08-08 16:59:50,402 - INFO - CASE 1 triggered
2025-08-08 16:59:50,403 - INFO - CASE 2 triggered: ''
2025-08-08 16:59:50,403 - INFO - CASE 1 triggered
2025-08-08 16:59:50,403 - INFO - CASE 1 triggered
2025-08-08 16:59:50,404 - INFO - CASE 1 triggered
2025-08-08 16:59:50,404 - INFO - CASE 2 triggered: ''
2025-08-08 16:59:50,404 - INFO - CASE 1 triggered
2025-08-08 16:59:50,404 - INFO - CASE 2 triggered: ''
2025-08-08 16:59:50,404 - INFO - CASE 1 triggered
2025-08-08 16:59:50,405 - INFO - CASE 2 triggered: 'electric cars'
2025-08-08 16:59:50,405 - INFO - CASE 2 triggered: 'electric cars'
2025-08-08 16:59:50,405 - INFO - CASE 2 triggered: ''
2025-08-08 16:59:50,406 - INFO - CASE 1 triggered
2025-08-08 16:59:50,406 - INFO - CASE 2 triggered: ''
2025-08-08 16:59:50,406 - INFO - CASE 1 triggered
2025-08-08 16:59:50,406 - INFO - CASE 1 triggered
2025-08-08 16:59:50,406 - INFO - CASE 1 triggered
2025-08-08 16:59:50,407 - INFO - CASE 1 triggered
2025-08-08 16:59:50,408 - INFO - CASE 2 triggered: 'square meters'
2025-08-08 16:59:50,408 - INFO - CASE 2 triggered: 'square meters'
2025-08-08 16:59:50,408 - INFO - CASE 1 triggered
2025-08-08 16:59:50,408 - INFO - CASE 2 triggered: ''
2025-08-08 16:59:50,408 - INFO - CASE 1 triggered
2025-08-08 16:59:50,409 - INFO - CASE 1 triggered
2025-08-08 16:59:50,409 - INFO - CASE 2 triggered: ''
2025-08-08 16:59:50,409 - INFO - CASE 1 triggered
2025-08-08 16:59:50,410 - INFO - CASE 2 triggered: ''
2025-08-08 16:59:50,410 - INFO - CASE 1 triggered
2025-08-08 16:59:50,410 - INFO - CASE 2 triggered: ''
2025-08-08 16:59:50,410 - INFO - CASE 2 triggered: ''
2025-08-08 16:59:50,410 - INFO - CASE 1 triggered
2025-08-08 16:59:50,410 - INFO - CASE 2 triggered: ''
2025-08-08 16:59:50,410 - INFO - CASE 2 triggered: ''
2025-08-08 16:59:50,411 - INFO - CASE 1 triggered
2025-08-08 16:59:50,411 - INFO - CASE 2 triggered: ''
2025-08-08 16:59:50,411 - INFO - CASE 1 triggered
2025-08-08 16:59:50,412 - INFO - CASE 2 triggered: 'unclear'
2025-08-08 16:59:50,412 - INFO - CASE 1 triggered
2025-08-08 16:59:50,412 - INFO - CASE 2 triggered: ''
2025-08-08 16:59:50,412 - INFO - CASE 1 triggered
2025-08-08 16:59:50,412 - INFO - CASE 1 triggered
2025-08-08 16:59:50,412 - INFO - CASE 2 triggered: ''
2025-08-08 16:59:50,413 - INFO - CASE 2 triggered: 'electric cars'
2025-08-08 16:59:50,413 - INFO - CASE 2 triggered: ''
2025-08-08 16:59:50,414 - INFO - CASE 1 triggered
2025-08-08 16:59:50,414 - INFO - CASE 2 triggered: ''
2025-08-08 16:59:50,414 - INFO - CASE 1 triggered
2025-08-08 16:59:50,414 - INFO - CASE 1 triggered
2025-08-08 16:59:50,414 - INFO - CASE 1 triggered
2025-08-08 16:59:50,415 - INFO - CASE 1 triggered
2025-08-08 16:59:50,415 - INFO - CASE 2 triggered: 'vehicles'
2025-08-08 16:59:50,415 - INFO - CASE 1 triggered
2025-08-08 16:59:50,415 - INFO - CASE 1 triggered
2025-08-08 16:59:50,415 - INFO - CASE 2 triggered: ''
2025-08-08 16:59:50,415 - INFO - CASE 1 triggered
2025-08-08 16:59:50,415 - INFO - CASE 2 triggered: ''
2025-08-08 16:59:50,415 - INFO - CASE 1 triggered
2025-08-08 16:59:50,415 - INFO - CASE 2 triggered: 'electric vehicles'
2025-08-08 16:59:50,417 - INFO - CASE 2 triggered: ''
2025-08-08 16:59:50,417 - INFO - CASE 2 triggered: ''
2025-08-08 16:59:50,417 - INFO - CASE 1 triggered
2025-08-08 16:59:50,417 - INFO - CASE 2 triggered: 'pilot'
2025-08-08 16:59:50,417 - INFO - CASE 1 triggered
2025-08-08 16:59:50,417 - INFO - CASE 2 triggered: ''
2025-08-08 16:59:50,418 - INFO - CASE 1 triggered
2025-08-08 16:59:50,418 - INFO - CASE 2 triggered: 'electric vehicles'
2025-08-08 16:59:50,418 - INFO - CASE 2 triggered: ''
2025-08-08 16:59:50,418 - INFO - CASE 2 triggered: 'pilot line'
2025-08-08 16:59:50,418 - INFO - CASE 1 triggered
2025-08-08 16:59:50,419 - INFO - CASE 1 triggered
2025-08-08 16:59:50,419 - INFO - CASE 1 triggered
2025-08-08 16:59:50,419 - INFO - CASE 1 triggered
2025-08-08 16:59:50,419 - INFO - CASE 2 triggered: ''
2025-08-08 16:59:50,419 - INFO - CASE 1 triggered
2025-08-08 16:59:50,419 - INFO - CASE 2 triggered: ''
2025-08-08 16:59:50,419 - INFO - CASE 1 triggered
2025-08-08 16:59:50,419 - INFO - CASE 1 triggered
2025-08-08 16:59:50,420 - INFO - CASE 2 triggered: 'pilot line'
2025-08-08 16:59:50,420 - INFO - CASE 1 triggered
2025-08-08 16:59:50,420 - INFO - CASE 1 triggered
2025-08-08 16:59:50,420 - INFO - CASE 1 triggered
2025-08-08 16:59:50,421 - INFO - CASE 2 triggered: ''
2025-08-08 16:59:50,421 - INFO - CASE 2 triggered: ''
2025-08-08 16:59:50,421 - INFO - CASE 1 triggered
2025-08-08 16:59:50,422 - INFO - CASE 2 triggered: 'large storage systems'
2025-08-08 16:59:50,422 - INFO - CASE 1 triggered
2025-08-08 16:59:50,422 - INFO - CASE 2 triggered: 'home storage'
2025-08-08 16:59:50,422 - INFO - CASE 1 triggered
2025-08-08 16:59:50,422 - INFO - CASE 1 triggered
2025-08-08 16:59:50,422 - INFO - CASE 1 triggered
2025-08-08 16:59:50,422 - INFO - CASE 2 triggered: ''
2025-08-08 16:59:50,422 - INFO - CASE 1 triggered
2025-08-08 16:59:50,422 - INFO - CASE 2 triggered: ''
2025-08-08 16:59:50,422 - INFO - CASE 1 triggered
2025-08-08 16:59:50,422 - INFO - CASE 2 triggered: ''
2025-08-08 16:59:50,422 - INFO - CASE 2 triggered: 'electric vehicles'
2025-08-08 16:59:50,422 - INFO - CASE 1 triggered
2025-08-08 16:59:50,422 - INFO - CASE 1 triggered
2025-08-08 16:59:50,422 - INFO - CASE 2 triggered: ''
2025-08-08 16:59:50,422 - INFO - CASE 1 triggered
2025-08-08 16:59:50,422 - INFO - CASE 1 triggered
2025-08-08 16:59:50,423 - INFO - CASE 2 triggered: ''
2025-08-08 16:59:50,424 - INFO - CASE 1 triggered
2025-08-08 16:59:50,424 - INFO - CASE 1 triggered
2025-08-08 16:59:50,424 - INFO - CASE 2 triggered: 'square metres'
2025-08-08 16:59:50,424 - INFO - CASE 1 triggered
2025-08-08 16:59:50,424 - INFO - CASE 2 triggered: ''
2025-08-08 16:59:50,424 - INFO - CASE 1 triggered
2025-08-08 16:59:50,424 - INFO - CASE 2 triggered: ''
2025-08-08 16:59:50,425 - INFO - CASE 1 triggered
2025-08-08 16:59:50,425 - INFO - CASE 2 triggered: 'mass production'
2025-08-08 16:59:50,425 - INFO - CASE 1 triggered
2025-08-08 16:59:50,427 - INFO - CASE 2 triggered: ''
2025-08-08 16:59:50,427 - INFO - CASE 1 triggered
2025-08-08 16:59:50,427 - INFO - CASE 2 triggered: ''
2025-08-08 16:59:50,427 - INFO - CASE 1 triggered
2025-08-08 16:59:50,427 - INFO - CASE 2 triggered: ''
2025-08-08 16:59:50,430 - INFO - CASE 2 triggered: 'prototype line'
2025-08-08 16:59:50,430 - INFO - CASE 1 triggered
2025-08-08 16:59:50,430 - INFO - CASE 1 triggered
2025-08-08 16:59:50,430 - INFO - CASE 2 triggered: ''
2025-08-08 16:59:50,430 - INFO - CASE 2 triggered: ''
2025-08-08 16:59:50,431 - INFO - CASE 1 triggered
2025-08-08 16:59:50,431 - INFO - CASE 2 triggered: ''
2025-08-08 16:59:50,431 - INFO - CASE 1 triggered
2025-08-08 16:59:50,431 - INFO - CASE 2 triggered: ''
2025-08-08 16:59:50,431 - INFO - CASE 1 triggered
2025-08-08 16:59:50,432 - INFO - CASE 2 triggered: 'production lines'
2025-08-08 16:59:50,432 - INFO - CASE 1 triggered
2025-08-08 16:59:50,432 - INFO - CASE 2 triggered: 'production lines'
2025-08-08 16:59:50,432 - INFO - CASE 1 triggered
2025-08-08 16:59:50,432 - INFO - CASE 1 triggered
2025-08-08 16:59:50,432 - INFO - CASE 1 triggered
2025-08-08 16:59:50,432 - INFO - CASE 2 triggered: 'pilot'
2025-08-08 16:59:50,432 - INFO - CASE 1 triggered
2025-08-08 16:59:50,432 - INFO - CASE 2 triggered: ''
2025-08-08 16:59:50,432 - INFO - CASE 1 triggered
2025-08-08 16:59:50,433 - INFO - CASE 1 triggered
2025-08-08 16:59:50,433 - INFO - CASE 2 triggered: 'pilot lines'
2025-08-08 16:59:50,433 - INFO - CASE 1 triggered
2025-08-08 16:59:50,433 - INFO - CASE 2 triggered: 'pilot'
2025-08-08 16:59:50,433 - INFO - CASE 2 triggered: 'pilot'
2025-08-08 16:59:50,433 - INFO - CASE 1 triggered
2025-08-08 16:59:50,433 - INFO - CASE 1 triggered
2025-08-08 16:59:50,433 - INFO - CASE 1 triggered
2025-08-08 16:59:50,434 - INFO - CASE 2 triggered: ''
2025-08-08 16:59:50,434 - INFO - CASE 1 triggered
2025-08-08 16:59:50,434 - INFO - CASE 2 triggered: ''
2025-08-08 16:59:50,434 - INFO - CASE 1 triggered
2025-08-08 16:59:50,434 - INFO - CASE 2 triggered: ''
2025-08-08 16:59:50,434 - INFO - CASE 1 triggered
2025-08-08 16:59:50,436 - INFO - CASE 2 triggered: 'roll width of 400 millimetres'
2025-08-08 16:59:50,436 - INFO - CASE 2 triggered: 'roll width of 400 millimetres'
2025-08-08 16:59:50,436 - INFO - CASE 1 triggered
2025-08-08 16:59:50,903 - INFO - 🫂 Grouping projects...
2025-08-08 16:59:51,208 - INFO - Found 3164 rows:
2025-08-08 16:59:51,209 - INFO - ⚠️ 504 entries without CITY are dropped, rows reduced to 2660.
2025-08-08 16:59:51,209 - INFO - Missing counts: adm1           1825
inst_canon        8
product_lv1     633
product_lv2    1307
dtype: int64
2025-08-08 16:59:51,210 - INFO - ⚠️  2570 rows dropped because of missing values; 594 remain.
2025-08-08 16:59:51,210 - INFO - Unique owners before manual dict: 136
2025-08-08 16:59:51,210 - INFO - Unique owners after manual dict: 115
2025-08-08 16:59:53,197 - INFO - Saving output to ./storage/output/all_projects.xlsx
2025-08-08 16:59:53,305 - INFO - Saving filtered output to storage/output/filtered_projects.xlsx
2025-08-08 16:59:53,306 - INFO - 🏭 Importing facilities
2025-08-08 16:59:53,466 - INFO - 🗑️ Cleared existing facilities from MongoDB.
2025-08-08 16:59:53,538 - INFO - Saving a copy of facilities to Excel at storage/output/facilities.xlsx
2025-08-08 16:59:53,567 - INFO - Number of raw capacities - 594
2025-08-08 16:59:53,567 - INFO - 📅 Unique capacities remaining after deduplication (keeping earliest date): 385
2025-08-08 16:59:54,399 - INFO - ✅ Inserted 156 facilities into MongoDB, with 385 capacities.
2025-08-08 16:59:54,400 - INFO - 🧮 Determining phase summaries
2025-08-08 16:59:54,478 - INFO - 🚀 Starting summary updates for greenfield and expansion...
2025-08-08 16:59:55,641 - INFO - ✅ Updated summaries for 145 facilities.
2025-08-08 16:59:55,641 - INFO - Outputting clean capacities summary data
2025-08-08 16:59:55,861 - INFO - Total pipeline time: 0.49 minutes
