2025-09-21 11:26:06,302 - INFO - Updating mongo-metadata is set to False
2025-09-21 11:26:06,302 - INFO - 🉑 Merging nodes and relationships...
2025-09-21 11:26:06,302 - INFO - - - - FACTORY_TECH_SPEC
2025-09-21 11:26:23,890 - INFO - 💾 Saved geo_lookup to storage/output/geo_lookup.json
2025-09-21 11:26:25,763 - INFO - 💾 Saved: storage/output/factory-technological.xlsx
2025-09-21 11:26:25,776 - INFO - - - - COMPANY_JV_SPEC
2025-09-21 11:26:42,516 - INFO - 💾 Saved geo_lookup to storage/output/geo_lookup.json
2025-09-21 11:26:42,851 - INFO - 💾 Saved: storage/output/company-joint-venture.xlsx
2025-09-21 11:26:42,864 - INFO - - - - INVESTMENT_FUNDS_SPEC
2025-09-21 11:26:59,268 - INFO - 💾 Saved geo_lookup to storage/output/geo_lookup.json
2025-09-21 11:27:00,275 - INFO - 💾 Saved: storage/output/investment-funds-factory.xlsx
2025-09-21 11:27:00,290 - INFO - 🏭 Building registry union (direct + capacity + investment)…
2025-09-21 11:27:16,600 - INFO - 💾 Saved geo_lookup to storage/output/geo_lookup.json
2025-09-21 11:27:33,764 - INFO - 💾 Saved geo_lookup to storage/output/geo_lookup.json
2025-09-21 11:27:50,768 - INFO - 💾 Saved geo_lookup to storage/output/geo_lookup.json
2025-09-21 11:27:52,301 - INFO - 💾 Saved registry union to storage/output/factory_registry.xlsx
2025-09-21 11:27:52,303 - INFO - Normalising capacities
2025-09-21 11:27:53,017 - INFO - Capacity rows: 2851 | failed: 250 (8.8%)
2025-09-21 11:27:53,018 - INFO - normalization_case
normalize:fallback:keep-metric                                  925
normalize:already-clean:gigawatt                                655
normalize:already-clean:gigawatt hour                           591
normalize:vehicle:missing                                       329
fallback:missing-metric                                         235
normalize:already-clean:tonne                                    32
normalize:battery:module_pack:battery systems->gigawatt hour     16
normalize:invalid-input                                          15
normalize:battery:energy-metric                                  15
normalize:battery:keyword:ev                                      9
normalize:battery:keyword:vehicle                                 8
normalize:battery:module_pack:battery modules->gigawatt hour      5
normalize:battery:module_pack:unit->gigawatt hour                 5
normalize:battery:module_pack:battery packs->gigawatt hour        5
normalize:battery:module_pack:batteries->gigawatt hour            4
normalize:battery:keyword:car                                     2
2025-09-21 11:27:53,824 - INFO - Normalising investments
2025-09-21 11:28:04,235 - INFO - 🫂 Grouping projects...
2025-09-21 11:28:04,235 - INFO - Processing: storage/output/factory-technological-clean-capacities-investments.xlsx → storage/output/grouped-capacities.xlsx
2025-09-21 11:28:04,679 - INFO - Found 2851 rows (EU only).
2025-09-21 11:28:04,689 - INFO - ⚠️ 752 rows lack an admin_group_key after applying per-country rules.
2025-09-21 11:28:04,691 - INFO - ⚠️ 369 entries without CITY are dropped.
2025-09-21 11:28:04,692 - INFO - Rows reduced to 2482 after dropping missing city_key.
2025-09-21 11:28:04,692 - INFO - ⚠️ 383 entries without a geographic locator are dropped.
2025-09-21 11:28:04,693 - INFO - Rows reduced to 2099 after dropping missing admin_group_key.
2025-09-21 11:28:04,693 - INFO - ⚠️ 347 entries without a normalised PRODUCT-LV1 are dropped.
2025-09-21 11:28:04,693 - INFO - Rows reduced to 1752 after dropping missing product_lv1.
2025-09-21 11:28:04,693 - INFO - ⚠️ 1099 total rows dropped due to missing required fields; 1752 remain.
2025-09-21 11:28:04,693 - INFO - ⚠️ 619 entries without a normalised PRODUCT-LV2.
2025-09-21 11:28:04,693 - INFO - Unique owners before manual dict: 542
2025-09-21 11:28:04,694 - INFO - Unique owners after manual dict: 491
2025-09-21 11:28:04,701 - INFO - Applied site merges to 21 rows.
2025-09-21 11:28:07,700 - INFO - Overwrote inst_canon with JV labels for 124 rows
2025-09-21 11:28:08,038 - INFO - Saving filtered output to storage/output/grouped-capacities.xlsx
2025-09-21 11:28:08,039 - INFO - Processing: storage/output/factory_registry.xlsx → storage/output/grouped-factories.xlsx
2025-09-21 11:28:08,540 - INFO - Found 7468 rows (EU only).
2025-09-21 11:28:08,560 - INFO - ⚠️ 2246 rows lack an admin_group_key after applying per-country rules.
2025-09-21 11:28:08,561 - INFO - ⚠️ 1131 entries without CITY are dropped.
2025-09-21 11:28:08,562 - INFO - Rows reduced to 6337 after dropping missing city_key.
2025-09-21 11:28:08,562 - INFO - ⚠️ 1115 entries without a geographic locator are dropped.
2025-09-21 11:28:08,563 - INFO - Rows reduced to 5222 after dropping missing admin_group_key.
2025-09-21 11:28:08,563 - INFO - ⚠️ 2074 entries without a normalised PRODUCT-LV1 are dropped.
2025-09-21 11:28:08,564 - INFO - Rows reduced to 3148 after dropping missing product_lv1.
2025-09-21 11:28:08,564 - INFO - ⚠️ 4320 total rows dropped due to missing required fields; 3148 remain.
2025-09-21 11:28:08,564 - INFO - ⚠️ 1344 entries without a normalised PRODUCT-LV2.
2025-09-21 11:28:08,564 - INFO - Unique owners before manual dict: 1011
2025-09-21 11:28:08,565 - INFO - Unique owners after manual dict: 946
2025-09-21 11:28:08,575 - INFO - Applied site merges to 31 rows.
2025-09-21 11:28:11,004 - INFO - Overwrote inst_canon with JV labels for 201 rows
2025-09-21 11:28:11,402 - INFO - Saving filtered output to storage/output/grouped-factories.xlsx
2025-09-21 11:28:11,404 - INFO - Processing: storage/output/clean-investment-funds-factory.xlsx → storage/output/grouped-investments.xlsx
2025-09-21 11:28:11,609 - INFO - Found 1811 rows (EU only).
2025-09-21 11:28:11,615 - INFO - ⚠️ 335 rows lack an admin_group_key after applying per-country rules.
2025-09-21 11:28:11,616 - INFO - ⚠️ 134 entries without CITY are dropped.
2025-09-21 11:28:11,616 - INFO - Rows reduced to 1677 after dropping missing city_key.
2025-09-21 11:28:11,616 - INFO - ⚠️ 201 entries without a geographic locator are dropped.
2025-09-21 11:28:11,617 - INFO - Rows reduced to 1476 after dropping missing admin_group_key.
2025-09-21 11:28:11,617 - INFO - ⚠️ 612 entries without a normalised PRODUCT-LV1 are dropped.
2025-09-21 11:28:11,617 - INFO - Rows reduced to 864 after dropping missing product_lv1.
2025-09-21 11:28:11,617 - INFO - ⚠️ 947 total rows dropped due to missing required fields; 864 remain.
2025-09-21 11:28:11,617 - INFO - ⚠️ 377 entries without a normalised PRODUCT-LV2.
2025-09-21 11:28:11,618 - INFO - Unique owners before manual dict: 302
2025-09-21 11:28:11,618 - INFO - Unique owners after manual dict: 278
2025-09-21 11:28:11,621 - INFO - Applied site merges to 13 rows.
2025-09-21 11:28:14,154 - INFO - Overwrote inst_canon with JV labels for 62 rows
2025-09-21 11:28:14,292 - INFO - Saving filtered output to storage/output/grouped-investments.xlsx
2025-09-21 11:28:14,295 - INFO - 🏭 Importing facilities
2025-09-21 11:28:16,573 - INFO - Facilities → inserts: 0 | updates: 0 | total input: 1649
2025-09-21 11:28:16,576 - INFO - 📅 Assigning events to facilities
2025-09-21 11:28:17,192 - INFO - Capacities raw=1796 → grouped=1275 | Investments raw=864 → grouped=606
2025-09-21 11:28:21,036 - INFO - attach_events → facilities matched: 884 | missing: 37 | to update: 0
2025-09-21 11:28:21,040 - INFO - 🔢 Assigning phase number
