2025-08-22 16:11:09,348 - INFO - Updating mongo-metadata is set to False
2025-08-22 16:11:09,348 - INFO - 🗞️ Flattening articles...
2025-08-22 16:11:48,517 - INFO - 💾 Saved nodes to storage/output/all_nodes.xlsx
2025-08-22 16:11:48,517 - INFO - 💾 Saved relationships to storage/output/all_rels.xlsx
2025-08-22 16:11:48,607 - INFO - 🉑 Merging nodes and relationships...
2025-08-22 16:12:03,572 - INFO - 💾 Saved geo_lookup to storage/output/geo_lookup.json
2025-08-22 16:12:05,791 - INFO - 💾 Saved: storage/output/factory_registry.xlsx
2025-08-22 16:12:20,804 - INFO - 💾 Saved geo_lookup to storage/output/geo_lookup.json
2025-08-22 16:12:21,816 - INFO - 💾 Saved: storage/output/factory-technological.xlsx
2025-08-22 16:12:36,909 - INFO - 💾 Saved geo_lookup to storage/output/geo_lookup.json
2025-08-22 16:12:37,228 - INFO - 💾 Saved: storage/output/company-joint-venture.xlsx
2025-08-22 16:12:37,241 - INFO - Building joint ventures lookup
2025-08-22 16:12:37,241 - INFO - Normalising capacities
2025-08-22 16:12:37,911 - INFO - Capacity rows: 2782 | failed: 224 (8.1%)
2025-08-22 16:12:37,913 - INFO - normalization_case
normalize:fallback:keep-metric                                  931
normalize:already-clean:gigawatt hour                           581
normalize:already-clean:gigawatt                                574
normalize:vehicle:missing                                       324
fallback:missing-metric                                         204
normalize:already-clean:tonne                                    80
normalize:invalid-input                                          20
normalize:battery:energy-metric                                  16
normalize:battery:module_pack:battery systems->gigawatt hour     15
normalize:battery:keyword:vehicle                                 9
normalize:battery:keyword:ev                                      8
normalize:battery:module_pack:battery modules->gigawatt hour      5
normalize:battery:module_pack:unit->gigawatt hour                 5
normalize:battery:module_pack:battery packs->gigawatt hour        5
normalize:battery:module_pack:batteries->gigawatt hour            4
normalize:battery:keyword:car                                     1
2025-08-22 16:12:38,674 - INFO - 🫂 Grouping projects...
2025-08-22 16:12:38,996 - INFO - Found 2782 rows:
2025-08-22 16:12:38,997 - INFO - ⚠️ 366 entries without CITY are dropped, rows reduced to 2416.
2025-08-22 16:12:38,998 - INFO - Missing counts: adm1            376
inst_canon        0
product_lv1     561
product_lv2    1163
dtype: int64
2025-08-22 16:12:38,998 - INFO - ⚠️  1222 rows dropped because of missing values; 1560 remain.
2025-08-22 16:12:38,998 - INFO - Unique owners before manual dict: 481
2025-08-22 16:12:38,999 - INFO - Unique owners after manual dict: 443
2025-08-22 16:12:40,830 - INFO - Saving filtered output to storage/output/filtered_projects.xlsx
2025-08-22 16:12:40,831 - INFO - 🏭 Importing facilities
2025-08-22 16:12:41,028 - INFO - 🗑️ Cleared existing facilities from MongoDB.
2025-08-22 16:12:41,198 - INFO - Saving a copy of facilities to Excel at storage/output/facilities.xlsx
2025-08-22 16:12:41,304 - INFO - Number of raw capacities - 1560
2025-08-22 16:12:41,304 - INFO - 📅 Unique capacities remaining after deduplication (keeping earliest date): 1078
2025-08-22 16:12:41,319 - WARNING - bbox missing required keys. Available: []
2025-08-22 16:12:43,946 - INFO - ✅ Inserted 618 facilities into MongoDB, with 1078 capacities.
2025-08-22 16:12:43,953 - INFO - 🧮 Determining phase summaries
2025-08-22 16:12:44,032 - INFO - 🚀 Starting summary updates for main, greenfield and expansion...
2025-08-22 16:12:47,497 - INFO - ✅ Updated summaries for 617 facilities.
2025-08-22 16:12:47,499 - INFO - Outputting clean capacities summary data
2025-08-22 16:12:48,559 - INFO - Total pipeline time: 1.65 minutes
