2025-08-22 22:33:29,994 - INFO - Updating mongo-metadata is set to False
2025-08-22 22:33:29,995 - INFO - 🗞️ Flattening articles...
2025-08-22 22:34:09,434 - INFO - 💾 Saved nodes to storage/output/all_nodes.xlsx
2025-08-22 22:34:09,434 - INFO - 💾 Saved relationships to storage/output/all_rels.xlsx
2025-08-22 22:34:09,521 - INFO - 🉑 Merging nodes and relationships...
2025-08-22 22:34:24,740 - INFO - 💾 Saved geo_lookup to storage/output/geo_lookup.json
2025-08-22 22:34:26,865 - INFO - 💾 Saved: storage/output/factory_registry.xlsx
2025-08-22 22:34:41,832 - INFO - 💾 Saved geo_lookup to storage/output/geo_lookup.json
2025-08-22 22:34:42,845 - INFO - 💾 Saved: storage/output/factory-technological.xlsx
2025-08-22 22:34:57,917 - INFO - 💾 Saved geo_lookup to storage/output/geo_lookup.json
2025-08-22 22:34:58,235 - INFO - 💾 Saved: storage/output/company-joint-venture.xlsx
2025-08-22 22:34:58,248 - INFO - Normalising capacities
2025-08-22 22:34:58,910 - INFO - Capacity rows: 2782 | failed: 223 (8.0%)
2025-08-22 22:34:58,910 - INFO - normalization_case
normalize:fallback:keep-metric                                  878
normalize:already-clean:gigawatt                                624
normalize:already-clean:gigawatt hour                           580
normalize:vehicle:missing                                       326
fallback:missing-metric                                         203
normalize:already-clean:tonne                                    82
normalize:invalid-input                                          20
normalize:battery:energy-metric                                  17
normalize:battery:module_pack:battery systems->gigawatt hour     15
normalize:battery:keyword:vehicle                                 9
normalize:battery:keyword:ev                                      8
normalize:battery:module_pack:battery modules->gigawatt hour      5
normalize:battery:module_pack:unit->gigawatt hour                 5
normalize:battery:module_pack:battery packs->gigawatt hour        5
normalize:battery:module_pack:batteries->gigawatt hour            4
normalize:battery:keyword:car                                     1
2025-08-22 22:34:59,674 - INFO - 🫂 Grouping projects...
2025-08-22 22:34:59,674 - INFO - Processing: storage/output/factory-technological-clean-capacities.xlsx → storage/output/grouped-capacities.xlsx
2025-08-22 22:35:00,012 - INFO - Found 2782 rows (EU only).
2025-08-22 22:35:00,013 - INFO - ⚠️ 366 entries without CITY are dropped.
2025-08-22 22:35:00,014 - INFO - Rows reduced to 2416 after dropping missing city_key.
2025-08-22 22:35:00,014 - INFO - ⚠️ 376 entries without ADM1 are dropped.
2025-08-22 22:35:00,014 - INFO - Rows reduced to 2040 after dropping missing adm1.
2025-08-22 22:35:00,015 - INFO - ⚠️ 389 entries without a normalised PRODUCT-LV1 are dropped.
2025-08-22 22:35:00,015 - INFO - Rows reduced to 1651 after dropping missing product_lv1.
2025-08-22 22:35:00,015 - INFO - ⚠️ 1131 total rows dropped due to missing required fields; 1651 remain.
2025-08-22 22:35:00,015 - INFO - ⚠️ 562 entries without a normalised PRODUCT-LV2.
2025-08-22 22:35:00,016 - INFO - Unique owners before manual dict: 514
2025-08-22 22:35:00,016 - INFO - Unique owners after manual dict: 475
2025-08-22 22:35:02,217 - INFO - Saving filtered output to storage/output/grouped-capacities.xlsx
2025-08-22 22:35:02,217 - INFO - Saving filtered output to storage/output/filtered_projects.xlsx
2025-08-22 22:35:02,218 - INFO - Processing: storage/output/factory_registry.xlsx → storage/output/grouped-factories.xlsx
2025-08-22 22:35:02,787 - INFO - Found 10410 rows (EU only).
2025-08-22 22:35:02,788 - INFO - ⚠️ 1218 entries without CITY are dropped.
2025-08-22 22:35:02,789 - INFO - Rows reduced to 9192 after dropping missing city_key.
2025-08-22 22:35:02,789 - INFO - ⚠️ 1270 entries without ADM1 are dropped.
2025-08-22 22:35:02,790 - INFO - Rows reduced to 7922 after dropping missing adm1.
2025-08-22 22:35:02,790 - INFO - ⚠️ 3815 entries without a normalised PRODUCT-LV1 are dropped.
2025-08-22 22:35:02,791 - INFO - Rows reduced to 4107 after dropping missing product_lv1.
2025-08-22 22:35:02,791 - INFO - ⚠️ 6303 total rows dropped due to missing required fields; 4107 remain.
2025-08-22 22:35:02,791 - INFO - ⚠️ 1747 entries without a normalised PRODUCT-LV2.
2025-08-22 22:35:02,792 - INFO - Unique owners before manual dict: 939
2025-08-22 22:35:02,793 - INFO - Unique owners after manual dict: 898
2025-08-22 22:35:05,071 - INFO - Saving filtered output to storage/output/grouped-factories.xlsx
2025-08-22 22:35:05,071 - INFO - Saving filtered output to storage/output/filtered_projects.xlsx
2025-08-22 22:35:05,072 - INFO - 🏭 Importing facilities
2025-08-22 22:35:05,270 - INFO - 🗑️ Cleared existing facilities from MongoDB.
2025-08-22 22:35:06,019 - INFO - Saving a copy of facilities to Excel at storage/output/facilities.xlsx
2025-08-22 22:35:06,126 - INFO - Number of raw capacities - 1651
2025-08-22 22:35:06,126 - INFO - 📅 Unique capacities remaining after deduplication (keeping earliest date): 1136
2025-08-22 22:35:06,131 - WARNING - bbox missing required keys. Available: []
2025-08-22 22:35:09,565 - INFO - ✅ Inserted 646 facilities into MongoDB, with 1136 capacities.
2025-08-22 22:35:09,574 - INFO - 🧮 Determining phase summaries
2025-08-22 22:35:09,657 - INFO - 🚀 Starting summary updates for main, greenfield and expansion...
