2025-08-13 15:00:44,434 - INFO - Updating mongo-metadata is set to False
2025-08-13 15:00:44,434 - INFO - 🗞️ Flattening articles...
2025-08-13 15:01:11,010 - INFO - 💾 Saved nodes to storage/output/all_nodes.xlsx
2025-08-13 15:01:11,010 - INFO - 💾 Saved relationships to storage/output/all_rels.xlsx
2025-08-13 15:01:11,059 - INFO - 🉑 Merging nodes and relationships...
2025-08-13 15:01:21,212 - INFO - 💾 Saved factory-technology graph segment to storage/output/factory-technological.xlsx
2025-08-13 15:01:21,223 - INFO - Normalising capacities
2025-08-13 15:01:22,255 - INFO - Capacity rows: 5137 | failed: 509 (9.9%)
2025-08-13 15:01:22,255 - INFO - normalization_case
normalize:fallback:keep-metric       1495
normalize:default:gigawatt hour      1239
normalize:vehicle:missing             989
normalize:default:gigawatt            626
fallback:missing-metric               479
normalize:default:tonne               204
normalize:battery:energy-metric        32
normalize:invalid-input                30
normalize:battery:keyword:vehicle      21
normalize:battery:keyword:ev           13
normalize:battery:keyword:car           9
2025-08-13 15:01:23,539 - INFO - 🫂 Grouping projects...
2025-08-13 15:01:24,071 - INFO - Found 1571 rows:
2025-08-13 15:01:24,072 - INFO - ⚠️ 167 entries without CITY are dropped, rows reduced to 1404.
2025-08-13 15:01:24,072 - INFO - Missing counts: adm1           505
inst_canon      15
product_lv1    452
product_lv2    712
dtype: int64
2025-08-13 15:01:24,073 - INFO - ⚠️  896 rows dropped because of missing values; 675 remain.
2025-08-13 15:01:24,073 - INFO - Unique owners before manual dict: 167
2025-08-13 15:01:24,073 - INFO - Unique owners after manual dict: 146
2025-08-13 15:01:26,176 - INFO - Saving filtered output to storage/output/filtered_projects.xlsx
2025-08-13 15:01:26,177 - INFO - 🏭 Importing facilities
2025-08-13 15:01:26,413 - INFO - 🗑️ Cleared existing facilities from MongoDB.
2025-08-13 15:01:26,498 - INFO - Saving a copy of facilities to Excel at storage/output/facilities.xlsx
2025-08-13 15:01:26,533 - INFO - Number of raw capacities - 675
2025-08-13 15:01:26,533 - INFO - 📅 Unique capacities remaining after deduplication (keeping earliest date): 443
2025-08-13 15:01:27,304 - INFO - ✅ Inserted 195 facilities into MongoDB, with 443 capacities.
2025-08-13 15:01:27,305 - INFO - 🧮 Determining phase summaries
2025-08-13 15:01:28,385 - INFO - 🚀 Starting summary updates for greenfield and expansion...
2025-08-13 15:01:29,356 - INFO - ✅ Updated summaries for 180 facilities.
2025-08-13 15:01:29,356 - INFO - Outputting clean capacities summary data
2025-08-13 15:01:29,641 - INFO - Total pipeline time: 0.75 minutes
