2025-08-08 13:49:21,021 - INFO - Updating mongo-metadata is set to True
2025-08-08 13:49:21,021 - INFO - 🗞️ Flattening articles...
2025-08-08 13:49:33,471 - INFO - -- tracking 52638 nodes
2025-08-08 13:49:33,471 - INFO - -- tracking 35211 relationships
2025-08-08 13:49:33,471 - INFO - 💾 Saved nodes to storage/output/all_nodes.xlsx
2025-08-08 13:49:33,471 - INFO - 💾 Saved relationships to storage/output/all_rels.xlsx
2025-08-08 13:49:33,495 - INFO - 🉑 Merging nodes and relationships...
2025-08-08 13:49:38,063 - WARNING - [standardize_country] country lookup failed for “asia”
2025-08-08 13:49:38,068 - WARNING - [standardize_country] country lookup failed for “unclear”
2025-08-08 13:49:38,073 - WARNING - [standardize_country] country lookup failed for “europe”
2025-08-08 13:49:38,083 - WARNING - [standardize_country] country lookup failed for “sweden or finland”
2025-08-08 13:49:38,113 - WARNING - [standardize_country] country lookup failed for “northern macedonia”
2025-08-08 13:49:38,129 - WARNING - [standardize_country] country lookup failed for “eastern europe”
2025-08-08 13:49:38,153 - WARNING - [standardize_country] country lookup failed for “bavaria, germany”
2025-08-08 13:49:38,160 - WARNING - [standardize_country] country lookup failed for “china, mexico, poland, india”
2025-08-08 13:49:38,226 - WARNING - [standardize_country] country lookup failed for “germany, poland, or hungary”
2025-08-08 13:49:38,235 - WARNING - [standardize_country] country lookup failed for “democratic republic of congo”
2025-08-08 13:49:38,242 - WARNING - [standardize_country] country lookup failed for “germany-dutch”
2025-08-08 13:49:38,293 - WARNING - [standardize_country] country lookup failed for “north america”
2025-08-08 13:49:38,301 - WARNING - [standardize_country] country lookup failed for “eu and uk”
2025-08-08 13:49:38,306 - WARNING - [standardize_country] country lookup failed for “mexico, usa or canada”
2025-08-08 13:49:38,311 - WARNING - [standardize_country] country lookup failed for “western europe”
2025-08-08 13:49:38,321 - WARNING - [standardize_country] country lookup failed for “mainland europe”
2025-08-08 13:49:38,325 - WARNING - [standardize_country] country lookup failed for “central or eastern europe”
2025-08-08 13:49:38,330 - WARNING - [standardize_country] country lookup failed for “sardinia”
2025-08-08 13:49:38,344 - WARNING - [standardize_country] country lookup failed for “bosnia-herzegovina”
2025-08-08 13:49:38,353 - WARNING - [standardize_country] country lookup failed for “morocoo”
2025-08-08 13:49:38,669 - INFO - 💾 Saved factory-technology graph segment to storage/output/factory-technological.xlsx
2025-08-08 13:49:38,675 - INFO - 🫂 Grouping projects...
2025-08-08 13:49:38,675 - INFO - Reading input file: storage/output/factory-technological.xlsx
2025-08-08 13:49:38,872 - INFO - 417 entries are without a city and are dropped.
2025-08-08 13:49:38,872 - INFO - 🗑️ Dropped all 417 from dataframe. 2925 reduced to 2508
2025-08-08 13:49:38,873 - INFO - Missing values per column before dropping:
2025-08-08 13:49:38,873 - INFO - adm1           1227
inst_canon        8
product_lv1     567
product_lv2    1233
dtype: int64
2025-08-08 13:49:38,873 - INFO - Dropped 1908 rows because of missing values; 1017 remain.
2025-08-08 13:49:38,874 - INFO - Unique owners before manual dict: 237
2025-08-08 13:49:38,874 - INFO - Unique owners after manual dict: 222
2025-08-08 13:49:40,607 - INFO - Saving output to ./storage/output/all_projects.xlsx
2025-08-08 13:49:40,724 - INFO - Saving filtered output to storage/output/filtered_projects.xlsx
2025-08-08 13:49:40,725 - INFO - 🏭 Importing facilities
2025-08-08 13:49:40,885 - INFO - 🗑️ Cleared existing facilities from MongoDB.
2025-08-08 13:49:40,925 - INFO - Saving a copy of facilities to Excel at storage/output/facilities.xlsx
2025-08-08 13:49:40,944 - INFO - Number of raw capacities - 246
2025-08-08 13:49:40,944 - INFO - 📅 Unique capacities remaining after deduplication (keeping earliest date): 175
2025-08-08 13:49:41,119 - INFO - ✅ Inserted 71 facilities into MongoDB, with 175 capacities.
2025-08-08 13:49:41,119 - INFO - 🧮 Determining phase summaries
2025-08-08 13:49:41,193 - INFO - 🚀 Starting summary updates for greenfield and expansion...
2025-08-08 13:49:41,885 - INFO - ✅ Updated summaries for 68 facilities.
2025-08-08 13:49:41,886 - INFO - Total pipeline time: 0.35 minutes
