2025-09-17 19:16:11,186 - INFO - Updating mongo-metadata is set to False
2025-09-17 19:16:11,186 - INFO - 🗞️ Flattening articles...
2025-09-17 19:16:47,805 - INFO - 💾 Saved nodes to storage/output/all_nodes.xlsx
2025-09-17 19:16:47,806 - INFO - 💾 Saved relationships to storage/output/all_rels.xlsx
2025-09-17 19:16:47,891 - INFO - 🉑 Merging nodes and relationships...
2025-09-17 19:17:02,651 - INFO - 💾 Saved geo_lookup to storage/output/geo_lookup.json
2025-09-17 19:17:05,048 - INFO - 💾 Saved: storage/output/factory_registry.xlsx
2025-09-17 19:17:19,915 - INFO - 💾 Saved geo_lookup to storage/output/geo_lookup.json
2025-09-17 19:17:21,176 - INFO - 💾 Saved: storage/output/factory-technological.xlsx
2025-09-17 19:17:36,190 - INFO - 💾 Saved geo_lookup to storage/output/geo_lookup.json
2025-09-17 19:17:36,540 - INFO - 💾 Saved: storage/output/company-joint-venture.xlsx
2025-09-17 19:17:51,399 - INFO - 💾 Saved geo_lookup to storage/output/geo_lookup.json
2025-09-17 19:17:52,379 - INFO - 💾 Saved: storage/output/investment-funds-factory.xlsx
2025-09-17 19:17:52,393 - INFO - Normalising capacities
2025-09-17 19:17:53,118 - INFO - Capacity rows: 2851 | failed: 250 (8.8%)
2025-09-17 19:17:53,119 - INFO - normalization_case
normalize:fallback:keep-metric                                  925
normalize:already-clean:gigawatt                                655
normalize:already-clean:gigawatt hour                           591
normalize:vehicle:missing                                       329
fallback:missing-metric                                         235
normalize:already-clean:tonne                                    32
normalize:battery:module_pack:battery systems->gigawatt hour     16
normalize:invalid-input                                          15
normalize:battery:energy-metric                                  15
normalize:battery:keyword:ev                                      9
normalize:battery:keyword:vehicle                                 8
normalize:battery:module_pack:battery modules->gigawatt hour      5
normalize:battery:module_pack:unit->gigawatt hour                 5
normalize:battery:module_pack:battery packs->gigawatt hour        5
normalize:battery:module_pack:batteries->gigawatt hour            4
normalize:battery:keyword:car                                     2
2025-09-17 19:17:53,907 - INFO - Normalising investments
2025-09-17 19:17:58,292 - INFO - 🫂 Grouping projects...
2025-09-17 19:17:58,292 - INFO - Processing: storage/output/factory-technological-clean-capacities-investments.xlsx → storage/output/grouped-capacities.xlsx
2025-09-17 19:17:58,731 - INFO - Found 2851 rows (EU only).
2025-09-17 19:17:58,741 - INFO - ⚠️ 752 rows lack an admin_group_key after applying per-country rules.
2025-09-17 19:17:58,743 - INFO - ⚠️ 369 entries without CITY are dropped.
2025-09-17 19:17:58,743 - INFO - Rows reduced to 2482 after dropping missing city_key.
2025-09-17 19:17:58,744 - INFO - ⚠️ 383 entries without a geographic locator are dropped.
2025-09-17 19:17:58,744 - INFO - Rows reduced to 2099 after dropping missing admin_group_key.
2025-09-17 19:17:58,744 - INFO - ⚠️ 347 entries without a normalised PRODUCT-LV1 are dropped.
2025-09-17 19:17:58,745 - INFO - Rows reduced to 1752 after dropping missing product_lv1.
2025-09-17 19:17:58,745 - INFO - ⚠️ 1099 total rows dropped due to missing required fields; 1752 remain.
2025-09-17 19:17:58,745 - INFO - ⚠️ 619 entries without a normalised PRODUCT-LV2.
2025-09-17 19:17:58,745 - INFO - Unique owners before manual dict: 542
2025-09-17 19:17:58,746 - INFO - Unique owners after manual dict: 491
2025-09-17 19:17:58,752 - INFO - Applied site merges to 21 rows.
2025-09-17 19:18:00,177 - INFO - Overwrote inst_canon with JV labels for 124 rows
2025-09-17 19:18:00,497 - INFO - Saving filtered output to storage/output/grouped-capacities.xlsx
2025-09-17 19:18:00,498 - INFO - Processing: storage/output/factory_registry.xlsx → storage/output/grouped-factories.xlsx
2025-09-17 19:18:01,173 - INFO - Found 10770 rows (EU only).
2025-09-17 19:18:01,201 - INFO - ⚠️ 2521 rows lack an admin_group_key after applying per-country rules.
2025-09-17 19:18:01,204 - INFO - ⚠️ 1229 entries without CITY are dropped.
2025-09-17 19:18:01,205 - INFO - Rows reduced to 9541 after dropping missing city_key.
2025-09-17 19:18:01,205 - INFO - ⚠️ 1292 entries without a geographic locator are dropped.
2025-09-17 19:18:01,207 - INFO - Rows reduced to 8249 after dropping missing admin_group_key.
2025-09-17 19:18:01,207 - INFO - ⚠️ 3864 entries without a normalised PRODUCT-LV1 are dropped.
2025-09-17 19:18:01,208 - INFO - Rows reduced to 4385 after dropping missing product_lv1.
2025-09-17 19:18:01,208 - INFO - ⚠️ 6385 total rows dropped due to missing required fields; 4385 remain.
2025-09-17 19:18:01,208 - INFO - ⚠️ 1975 entries without a normalised PRODUCT-LV2.
2025-09-17 19:18:01,208 - INFO - Unique owners before manual dict: 979
2025-09-17 19:18:01,209 - INFO - Unique owners after manual dict: 914
2025-09-17 19:18:01,223 - INFO - Applied site merges to 49 rows.
2025-09-17 19:18:02,660 - INFO - Overwrote inst_canon with JV labels for 233 rows
2025-09-17 19:18:03,221 - INFO - Saving filtered output to storage/output/grouped-factories.xlsx
2025-09-17 19:18:03,222 - INFO - Processing: storage/output/clean-investment-funds-factory.xlsx → storage/output/grouped-investments.xlsx
2025-09-17 19:18:03,420 - INFO - Found 1811 rows (EU only).
2025-09-17 19:18:03,426 - INFO - ⚠️ 335 rows lack an admin_group_key after applying per-country rules.
2025-09-17 19:18:03,427 - INFO - ⚠️ 134 entries without CITY are dropped.
2025-09-17 19:18:03,428 - INFO - Rows reduced to 1677 after dropping missing city_key.
2025-09-17 19:18:03,428 - INFO - ⚠️ 201 entries without a geographic locator are dropped.
2025-09-17 19:18:03,428 - INFO - Rows reduced to 1476 after dropping missing admin_group_key.
2025-09-17 19:18:03,429 - INFO - ⚠️ 612 entries without a normalised PRODUCT-LV1 are dropped.
2025-09-17 19:18:03,429 - INFO - Rows reduced to 864 after dropping missing product_lv1.
2025-09-17 19:18:03,429 - INFO - ⚠️ 947 total rows dropped due to missing required fields; 864 remain.
2025-09-17 19:18:03,429 - INFO - ⚠️ 377 entries without a normalised PRODUCT-LV2.
2025-09-17 19:18:03,429 - INFO - Unique owners before manual dict: 302
2025-09-17 19:18:03,429 - INFO - Unique owners after manual dict: 278
2025-09-17 19:18:03,432 - INFO - Applied site merges to 13 rows.
2025-09-17 19:18:04,731 - INFO - Overwrote inst_canon with JV labels for 62 rows
2025-09-17 19:18:04,899 - INFO - Saving filtered output to storage/output/grouped-investments.xlsx
2025-09-17 19:18:05,490 - INFO - Facilities → inserts: 1579 | updates: 0 | total input: 1579
2025-09-17 19:18:09,371 - INFO - Capacities raw=1796 → grouped=1275 | Investments raw=864 → grouped=606
2025-09-17 19:18:09,477 - INFO - attach_events → facilities matched: 811 | missing: 110 | to update: 811
2025-09-17 19:18:13,035 - INFO - ✅ attach_events: updated 811 facilities.
2025-09-17 19:18:13,043 - INFO - Total pipeline time: 2.03 minutes
