2025-09-16 21:33:09,335 - INFO - Updating mongo-metadata is set to False
2025-09-16 21:33:09,335 - INFO - 🗞️ Flattening articles...
2025-09-16 21:33:09,335 - INFO - 🉑 Merging nodes and relationships...
2025-09-16 21:33:09,335 - INFO - Normalising capacities
2025-09-16 21:33:09,335 - INFO - Normalising investments
2025-09-16 21:33:14,632 - INFO - 🫂 Grouping projects...
2025-09-16 21:33:14,632 - INFO - Processing: storage/output/factory-technological-clean-capacities-investments.xlsx → storage/output/grouped-capacities.xlsx
2025-09-16 21:33:15,049 - INFO - Found 2833 rows (EU only).
2025-09-16 21:33:15,058 - INFO - ⚠️ 749 rows lack an admin_group_key after applying per-country rules.
2025-09-16 21:33:15,058 - INFO - ⚠️ 10 entries without a normalised OWNER name are dropped.
2025-09-16 21:33:15,059 - INFO - Rows reduced to 2823 after dropping missing inst_canon.
2025-09-16 21:33:15,059 - INFO - ⚠️ 367 entries without CITY are dropped.
2025-09-16 21:33:15,060 - INFO - Rows reduced to 2456 after dropping missing city_key.
2025-09-16 21:33:15,060 - INFO - ⚠️ 380 entries without a geographic locator are dropped.
2025-09-16 21:33:15,061 - INFO - Rows reduced to 2076 after dropping missing admin_group_key.
2025-09-16 21:33:15,061 - INFO - ⚠️ 337 entries without a normalised PRODUCT-LV1 are dropped.
2025-09-16 21:33:15,062 - INFO - Rows reduced to 1739 after dropping missing product_lv1.
2025-09-16 21:33:15,062 - INFO - ⚠️ 1094 total rows dropped due to missing required fields; 1739 remain.
2025-09-16 21:33:15,062 - INFO - ⚠️ 615 entries without a normalised PRODUCT-LV2.
2025-09-16 21:33:15,062 - INFO - Unique owners before manual dict: 541
2025-09-16 21:33:15,062 - INFO - Unique owners after manual dict: 490
2025-09-16 21:33:15,068 - INFO - Applied site merges to 21 rows.
2025-09-16 21:33:16,934 - INFO - Overwrote inst_canon with JV labels for 123 rows
