2025-08-22 21:23:12,062 - INFO - Updating mongo-metadata is set to False
2025-08-22 21:23:12,062 - INFO - 🫂 Grouping projects...
2025-08-22 21:23:12,447 - INFO - Found 2782 rows (EU only).
2025-08-22 21:23:12,448 - INFO - ⚠️ 366 entries without CITY are dropped.
2025-08-22 21:23:12,449 - INFO - Rows reduced to 2416 after dropping missing city_key.
2025-08-22 21:23:12,449 - INFO - ⚠️ 376 entries without ADM1 are dropped.
2025-08-22 21:23:12,450 - INFO - Rows reduced to 2040 after dropping missing adm1.
2025-08-22 21:23:12,450 - INFO - ⚠️ 389 entries without a normalised PRODUCT-LV1 are dropped.
2025-08-22 21:23:12,450 - INFO - Rows reduced to 1651 after dropping missing product_lv1.
2025-08-22 21:23:12,450 - INFO - ⚠️ 1131 total rows dropped due to missing required fields; 1651 remain.
2025-08-22 21:23:12,450 - INFO - ⚠️ 562 entries without a normalised PRODUCT-LV2.
2025-08-22 21:23:12,451 - INFO - Unique owners before manual dict: 514
2025-08-22 21:23:12,451 - INFO - Unique owners after manual dict: 475
2025-08-22 21:23:14,938 - INFO - Saving filtered output to storage/output/filtered_projects.xlsx
2025-08-22 21:23:14,939 - INFO - 🏭 Importing facilities
2025-08-22 21:23:15,125 - INFO - 🗑️ Cleared existing facilities from MongoDB.
2025-08-22 21:23:15,327 - INFO - Saving a copy of facilities to Excel at storage/output/facilities.xlsx
2025-08-22 21:23:15,434 - INFO - Number of raw capacities - 1651
2025-08-22 21:23:15,434 - INFO - 📅 Unique capacities remaining after deduplication (keeping earliest date): 1136
2025-08-22 21:23:15,449 - WARNING - bbox missing required keys. Available: []
2025-08-22 21:23:18,122 - INFO - ✅ Inserted 646 facilities into MongoDB, with 1136 capacities.
2025-08-22 21:23:18,127 - INFO - 🧮 Determining phase summaries
2025-08-22 21:23:18,192 - INFO - 🚀 Starting summary updates for main, greenfield and expansion...
2025-08-22 21:23:22,013 - INFO - ✅ Updated summaries for 645 facilities.
2025-08-22 21:23:22,013 - INFO - Outputting clean capacities summary data
2025-08-22 21:23:23,117 - INFO - Total pipeline time: 0.18 minutes
