2025-09-16 21:41:29,385 - INFO - Updating mongo-metadata is set to False
2025-09-16 21:41:29,385 - INFO - 🗞️ Flattening articles...
2025-09-16 21:41:29,385 - INFO - 🉑 Merging nodes and relationships...
2025-09-16 21:41:29,385 - INFO - Normalising capacities
2025-09-16 21:41:29,385 - INFO - Normalising investments
2025-09-16 21:41:29,385 - INFO - 🫂 Grouping projects...
2025-09-16 21:41:29,385 - INFO - Processing: storage/output/factory-technological-clean-capacities-investments.xlsx → storage/output/grouped-capacities.xlsx
2025-09-16 21:41:29,811 - INFO - Found 2833 rows (EU only).
2025-09-16 21:41:29,821 - INFO - ⚠️ 749 rows lack an admin_group_key after applying per-country rules.
2025-09-16 21:41:29,821 - INFO - ⚠️ 10 entries without a normalised OWNER name are dropped.
2025-09-16 21:41:29,822 - INFO - Rows reduced to 2823 after dropping missing inst_canon.
2025-09-16 21:41:29,822 - INFO - ⚠️ 367 entries without CITY are dropped.
2025-09-16 21:41:29,823 - INFO - Rows reduced to 2456 after dropping missing city_key.
2025-09-16 21:41:29,824 - INFO - ⚠️ 380 entries without a geographic locator are dropped.
2025-09-16 21:41:29,824 - INFO - Rows reduced to 2076 after dropping missing admin_group_key.
2025-09-16 21:41:29,824 - INFO - ⚠️ 337 entries without a normalised PRODUCT-LV1 are dropped.
2025-09-16 21:41:29,825 - INFO - Rows reduced to 1739 after dropping missing product_lv1.
2025-09-16 21:41:29,825 - INFO - ⚠️ 1094 total rows dropped due to missing required fields; 1739 remain.
2025-09-16 21:41:29,825 - INFO - ⚠️ 615 entries without a normalised PRODUCT-LV2.
2025-09-16 21:41:29,825 - INFO - Unique owners before manual dict: 541
2025-09-16 21:41:29,826 - INFO - Unique owners after manual dict: 490
2025-09-16 21:41:29,832 - INFO - Applied site merges to 21 rows.
2025-09-16 21:41:31,704 - INFO - Overwrote inst_canon with JV labels for 123 rows
2025-09-16 21:41:32,007 - INFO - Saving filtered output to storage/output/grouped-capacities.xlsx
2025-09-16 21:41:32,008 - INFO - Processing: storage/output/factory_registry.xlsx → storage/output/grouped-factories.xlsx
2025-09-16 21:41:32,667 - INFO - Found 10719 rows (EU only).
2025-09-16 21:41:32,694 - INFO - ⚠️ 2508 rows lack an admin_group_key after applying per-country rules.
2025-09-16 21:41:32,694 - INFO - ⚠️ 36 entries without a normalised OWNER name are dropped.
2025-09-16 21:41:32,696 - INFO - Rows reduced to 10683 after dropping missing inst_canon.
2025-09-16 21:41:32,696 - INFO - ⚠️ 1217 entries without CITY are dropped.
2025-09-16 21:41:32,697 - INFO - Rows reduced to 9466 after dropping missing city_key.
2025-09-16 21:41:32,697 - INFO - ⚠️ 1287 entries without a geographic locator are dropped.
2025-09-16 21:41:32,698 - INFO - Rows reduced to 8179 after dropping missing admin_group_key.
2025-09-16 21:41:32,698 - INFO - ⚠️ 3830 entries without a normalised PRODUCT-LV1 are dropped.
2025-09-16 21:41:32,699 - INFO - Rows reduced to 4349 after dropping missing product_lv1.
2025-09-16 21:41:32,699 - INFO - ⚠️ 6370 total rows dropped due to missing required fields; 4349 remain.
2025-09-16 21:41:32,699 - INFO - ⚠️ 1960 entries without a normalised PRODUCT-LV2.
2025-09-16 21:41:32,699 - INFO - Unique owners before manual dict: 975
2025-09-16 21:41:32,700 - INFO - Unique owners after manual dict: 910
2025-09-16 21:41:32,733 - INFO - Applied site merges to 49 rows.
2025-09-16 21:41:34,799 - INFO - Overwrote inst_canon with JV labels for 231 rows
2025-09-16 21:41:35,344 - INFO - Saving filtered output to storage/output/grouped-factories.xlsx
2025-09-16 21:41:35,345 - INFO - Processing: storage/output/clean-investment-funds-factory.xlsx → storage/output/grouped-investments.xlsx
2025-09-16 21:41:35,540 - INFO - Found 1805 rows (EU only).
2025-09-16 21:41:35,545 - INFO - ⚠️ 333 rows lack an admin_group_key after applying per-country rules.
2025-09-16 21:41:35,545 - INFO - ⚠️ 2 entries without a normalised OWNER name are dropped.
2025-09-16 21:41:35,546 - INFO - Rows reduced to 1803 after dropping missing inst_canon.
2025-09-16 21:41:35,546 - INFO - ⚠️ 133 entries without CITY are dropped.
2025-09-16 21:41:35,547 - INFO - Rows reduced to 1670 after dropping missing city_key.
2025-09-16 21:41:35,547 - INFO - ⚠️ 199 entries without a geographic locator are dropped.
2025-09-16 21:41:35,547 - INFO - Rows reduced to 1471 after dropping missing admin_group_key.
2025-09-16 21:41:35,547 - INFO - ⚠️ 610 entries without a normalised PRODUCT-LV1 are dropped.
2025-09-16 21:41:35,548 - INFO - Rows reduced to 861 after dropping missing product_lv1.
2025-09-16 21:41:35,548 - INFO - ⚠️ 944 total rows dropped due to missing required fields; 861 remain.
2025-09-16 21:41:35,548 - INFO - ⚠️ 377 entries without a normalised PRODUCT-LV2.
2025-09-16 21:41:35,548 - INFO - Unique owners before manual dict: 301
2025-09-16 21:41:35,548 - INFO - Unique owners after manual dict: 277
2025-09-16 21:41:35,551 - INFO - Applied site merges to 13 rows.
2025-09-16 21:41:38,142 - INFO - Overwrote inst_canon with JV labels for 61 rows
2025-09-16 21:41:38,268 - INFO - Saving filtered output to storage/output/grouped-investments.xlsx
2025-09-16 21:41:38,351 - INFO - 🗑️ Cleared existing facilities from MongoDB.
2025-09-16 21:41:38,805 - INFO - Saving a copy of facilities to Excel at storage/output/facilities.xlsx
2025-09-16 21:41:39,150 - INFO - Capacities: raw=1783
2025-09-16 21:41:39,150 - INFO - Capacities: dedup=1369 | grouped=1271
2025-09-16 21:41:39,150 - INFO - applies_to distribution: {'mix': 1117, 'electric': 151, 'fossil': 3}
2025-09-16 21:41:39,215 - INFO - Number of raw capacities: 1783
2025-09-16 21:41:39,215 - INFO - 📅 Unique capacities after dedup (earliest per tuple): 1369
2025-09-16 21:41:39,355 - INFO - Investments: raw=861 | dedup=657 | grouped=603
