2025-08-08 11:54:53,191 - INFO - Updating mongo-metadata is set to True
2025-08-08 11:54:54,887 - INFO - 📦 Loaded 1266 existing (country, city_key) pairs from MongoDB.
2025-08-08 11:54:55,874 - INFO - 📰 Found 400 article(s) containing factory nodes.
2025-08-08 11:54:55,915 - WARNING - [standardize_country] country lookup failed for “europe”
2025-08-08 11:54:55,943 - WARNING - [standardize_country] country lookup failed for “north america”
2025-08-08 11:54:55,943 - INFO - 🧹 Identified 76 new (country, city) pairs to query. Example three:
2025-08-08 11:54:55,943 - INFO - [('Viet Nam', 'ha_tinh'), ('Indonesia', 'karawang'), ('Germany', 'wörth')]
2025-08-08 11:55:35,534 - INFO - ✅ Geonames MongoDB updated. Inserted: 0, Modified: 28
2025-08-08 11:55:35,538 - INFO - 🗞️ Flattening articles...
2025-08-08 11:55:51,925 - INFO - 💾 Saved nodes to storage/output/all_nodes.xlsx
2025-08-08 11:55:51,925 - INFO - 💾 Saved relationships to storage/output/all_rels.xlsx
2025-08-08 11:55:51,948 - INFO - 🉑 Merging nodes and relationships...
2025-08-08 11:55:56,597 - WARNING - [standardize_country] country lookup failed for “asia”
2025-08-08 11:55:56,602 - WARNING - [standardize_country] country lookup failed for “unclear”
2025-08-08 11:55:56,606 - WARNING - [standardize_country] country lookup failed for “sweden or finland”
2025-08-08 11:55:56,627 - WARNING - [standardize_country] country lookup failed for “northern macedonia”
2025-08-08 11:55:56,631 - WARNING - [standardize_country] country lookup failed for “eastern europe”
2025-08-08 11:55:56,635 - WARNING - [standardize_country] country lookup failed for “bavaria, germany”
2025-08-08 11:55:56,639 - WARNING - [standardize_country] country lookup failed for “china, mexico, poland, india”
2025-08-08 11:55:56,656 - WARNING - [standardize_country] country lookup failed for “germany, poland, or hungary”
2025-08-08 11:55:56,660 - WARNING - [standardize_country] country lookup failed for “democratic republic of congo”
2025-08-08 11:55:56,664 - WARNING - [standardize_country] country lookup failed for “germany-dutch”
2025-08-08 11:55:56,668 - WARNING - [standardize_country] country lookup failed for “eu and uk”
2025-08-08 11:55:56,672 - WARNING - [standardize_country] country lookup failed for “mexico, usa or canada”
2025-08-08 11:55:56,676 - WARNING - [standardize_country] country lookup failed for “western europe”
2025-08-08 11:55:56,684 - WARNING - [standardize_country] country lookup failed for “mainland europe”
2025-08-08 11:55:56,689 - WARNING - [standardize_country] country lookup failed for “central or eastern europe”
2025-08-08 11:55:56,693 - WARNING - [standardize_country] country lookup failed for “sardinia”
2025-08-08 11:55:56,705 - WARNING - [standardize_country] country lookup failed for “bosnia-herzegovina”
2025-08-08 11:55:56,714 - WARNING - [standardize_country] country lookup failed for “morocoo”
2025-08-08 11:55:57,028 - INFO - 💾 Saved factory-technology graph segment to storage/output/factory-technological.xlsx
2025-08-08 11:55:57,033 - INFO - 🫂 Grouping projects...
2025-08-08 11:55:57,033 - INFO - Reading input file: storage/output/factory-technological.xlsx
2025-08-08 11:55:57,233 - INFO - Missing values per column before dropping:
2025-08-08 11:55:57,233 - INFO - adm1           1644
inst_canon        8
product_lv1     698
product_lv2    1450
dtype: int64
2025-08-08 11:55:57,234 - INFO - Dropped 1908 rows because of missing values; 1017 remain.
2025-08-08 11:55:57,234 - INFO - Unique owners before manual dict: 237
2025-08-08 11:55:57,234 - INFO - Unique owners after manual dict: 222
2025-08-08 11:55:59,240 - INFO - Saving output to ./storage/output/all_projects.xlsx
2025-08-08 11:55:59,354 - INFO - Saving filtered output to storage/output/filtered_projects.xlsx
2025-08-08 11:55:59,355 - INFO - 🏭 Importing facilities
2025-08-08 11:55:59,679 - INFO - 🗑️ Cleared existing facilities from MongoDB.
2025-08-08 11:55:59,730 - INFO - Saving a copy of facilities to Excel at storage/output/facilities.xlsx
2025-08-08 11:55:59,749 - INFO - Number of raw capacities - 246
2025-08-08 11:55:59,749 - INFO - 📅 Unique capacities remaining after deduplication (keeping earliest date): 175
2025-08-08 11:56:00,111 - INFO - ✅ Inserted 71 facilities into MongoDB, with 175 capacities.
2025-08-08 11:56:00,112 - INFO - 🧮 Determining phase summaries
2025-08-08 11:56:00,185 - INFO - 🚀 Starting summary updates for greenfield and expansion...
2025-08-08 11:56:00,555 - INFO - ✅ Updated summaries for 68 facilities.
2025-08-08 11:56:00,555 - INFO - Total pipeline time: 1.12 minutes
