2025-08-07 17:51:37,084 - INFO - Updating mongo-metadata is set to True
2025-08-07 17:51:37,084 - INFO - 🧸 Classifying products
2025-08-07 17:55:04,302 - INFO - 🎉 All done: processed=1035, total_matched=7752, total_modified=136
2025-08-07 17:55:04,305 - INFO - 🗞️ Flattening articles...
2025-08-07 17:55:16,479 - INFO - 💾 Saved nodes to storage/output/all_nodes.xlsx
2025-08-07 17:55:16,480 - INFO - 💾 Saved relationships to storage/output/all_rels.xlsx
2025-08-07 17:55:16,504 - INFO - 🉑 Merging nodes and relationships...
2025-08-07 17:55:20,954 - WARNING - [standardize_country] country lookup failed for “asia”
2025-08-07 17:55:20,959 - WARNING - [standardize_country] country lookup failed for “unclear”
2025-08-07 17:55:20,964 - WARNING - [standardize_country] country lookup failed for “europe”
2025-08-07 17:55:20,974 - WARNING - [standardize_country] country lookup failed for “sweden or finland”
2025-08-07 17:55:21,002 - WARNING - [standardize_country] country lookup failed for “northern macedonia”
2025-08-07 17:55:21,006 - WARNING - [standardize_country] country lookup failed for “eastern europe”
2025-08-07 17:55:21,011 - WARNING - [standardize_country] country lookup failed for “bavaria, germany”
2025-08-07 17:55:21,016 - WARNING - [standardize_country] country lookup failed for “china, mexico, poland, india”
2025-08-07 17:55:21,034 - WARNING - [standardize_country] country lookup failed for “germany, poland, or hungary”
2025-08-07 17:55:21,039 - WARNING - [standardize_country] country lookup failed for “democratic republic of congo”
2025-08-07 17:55:21,043 - WARNING - [standardize_country] country lookup failed for “germany-dutch”
2025-08-07 17:55:21,062 - WARNING - [standardize_country] country lookup failed for “north america”
2025-08-07 17:55:21,067 - WARNING - [standardize_country] country lookup failed for “eu and uk”
2025-08-07 17:55:21,071 - WARNING - [standardize_country] country lookup failed for “mexico, usa or canada”
2025-08-07 17:55:21,076 - WARNING - [standardize_country] country lookup failed for “western europe”
2025-08-07 17:55:21,085 - WARNING - [standardize_country] country lookup failed for “mainland europe”
2025-08-07 17:55:21,090 - WARNING - [standardize_country] country lookup failed for “central or eastern europe”
2025-08-07 17:55:21,095 - WARNING - [standardize_country] country lookup failed for “sardinia”
2025-08-07 17:55:21,109 - WARNING - [standardize_country] country lookup failed for “bosnia-herzegovina”
2025-08-07 17:55:21,118 - WARNING - [standardize_country] country lookup failed for “morocoo”
2025-08-07 17:55:21,435 - INFO - 💾 Saved factory-technology graph segment to storage/output/factory-technological.xlsx
2025-08-07 17:55:21,440 - INFO - 🫂 Grouping projects...
2025-08-07 17:55:21,440 - INFO - Reading input file: storage/output/factory-technological.xlsx
2025-08-07 17:55:21,641 - INFO - Missing values per column before dropping:
2025-08-07 17:55:21,641 - INFO - adm1           1667
inst_canon        8
product_lv1     698
product_lv2    1450
dtype: int64
2025-08-07 17:55:21,642 - INFO - Dropped 1923 rows because of missing values; 1002 remain.
2025-08-07 17:55:21,642 - INFO - Unique owners before manual dict: 232
2025-08-07 17:55:21,642 - INFO - Unique owners after manual dict: 217
2025-08-07 17:55:23,440 - INFO - Saving output to ./storage/output/all_projects.xlsx
2025-08-07 17:55:23,556 - INFO - Saving filtered output to storage/output/filtered_projects.xlsx
2025-08-07 17:55:23,556 - INFO - 🏭 Importing facilities
2025-08-07 17:55:23,716 - INFO - 🗑️ Cleared existing facilities from MongoDB.
2025-08-07 17:55:23,755 - INFO - Saving a copy of facilities to Excel at storage/output/facilities.xlsx
2025-08-07 17:55:23,773 - INFO - Number of raw capacities - 236
2025-08-07 17:55:23,773 - INFO - 📅 Unique capacities remaining after deduplication (keeping earliest date): 168
2025-08-07 17:55:23,867 - INFO - ✅ Inserted 69 facilities into MongoDB, with 168 capacities.
2025-08-07 17:55:23,867 - INFO - 🧮 Determining phase summaries
2025-08-07 17:55:23,940 - INFO - 🚀 Starting summary updates for greenfield and expansion...
2025-08-07 17:55:24,718 - INFO - ✅ Updated summaries for 66 facilities.
2025-08-07 17:55:24,718 - INFO - Total pipeline time: 3.79 minutes
