2025-08-14 16:59:57,103 - INFO - Updating mongo-metadata is set to True
2025-08-14 16:59:57,103 - INFO - 🕴️Normalising companies...
2025-08-14 16:59:58,301 - INFO - 🔢 15839 company or joint_venture nodes present
2025-08-14 16:59:58,302 - INFO - 🟢 of which 15814 already have name_canon. 25 need processing
2025-08-14 16:59:58,821 - INFO - 125 updates to be committed to mongoDB.
2025-08-14 17:00:13,089 - INFO - Batch 0: matched 1996, modified 142
2025-08-14 17:00:13,090 - INFO - 🌎 Querying geonames...
2025-08-14 17:00:13,415 - INFO - 📦 Loaded 770 existing (country, city_key) pairs from MongoDB.
2025-08-14 17:00:13,892 - INFO - 📰 Scanned 276 article(s) with factory nodes.
2025-08-14 17:00:13,892 - INFO - 🧹 Identified 259 new (country, city) pairs to query. Example three: [('United States', 'georgia'), ('United States', 'franklin_county'), ('India', 'barmer')]
2025-08-14 17:00:13,922 - INFO - 📭 No new updates to write.
2025-08-14 17:00:13,923 - INFO - 🧸 Classifying products
2025-08-14 17:00:14,797 - INFO - 🔎 Found 2830 products with attached capacities.
2025-08-14 17:03:58,082 - INFO - ✅ Batch 1: submitted=500, matched=2993, modified=294
2025-08-14 17:04:52,894 - INFO - ✅ Batch 2: submitted=500, matched=4261, modified=700
2025-08-14 17:05:30,494 - INFO - ✅ Batch 3: submitted=329, matched=5060, modified=1779
2025-08-14 17:05:30,495 - INFO - 🎉 All done: processed=1329, total_matched=12314, total_modified=2773
2025-08-14 17:05:30,497 - INFO - 🗞️ Flattening articles...
2025-08-14 17:06:00,922 - INFO - 💾 Saved nodes to storage/output/all_nodes.xlsx
2025-08-14 17:06:00,922 - INFO - 💾 Saved relationships to storage/output/all_rels.xlsx
2025-08-14 17:06:00,983 - INFO - 🉑 Merging nodes and relationships...
2025-08-14 17:06:12,985 - INFO - 💾 Saved factory-technology graph segment to storage/output/factory-technological.xlsx
2025-08-14 17:06:13,000 - INFO - Normalising capacities
2025-08-14 17:06:14,359 - INFO - Capacity rows: 6731 | failed: 511 (7.6%)
2025-08-14 17:06:14,359 - INFO - normalization_case
normalize:fallback:keep-metric       2131
normalize:default:gigawatt           1414
normalize:default:gigawatt hour      1323
normalize:vehicle:missing            1045
fallback:missing-metric               479
normalize:default:tonne               232
normalize:invalid-input                32
normalize:battery:energy-metric        32
normalize:battery:keyword:vehicle      21
normalize:battery:keyword:ev           13
normalize:battery:keyword:car           9
2025-08-14 17:06:16,067 - INFO - 🫂 Grouping projects...
2025-08-14 17:06:16,752 - INFO - Found 1983 rows:
2025-08-14 17:06:16,753 - INFO - ⚠️ 238 entries without CITY are dropped, rows reduced to 1745.
2025-08-14 17:06:16,753 - INFO - Missing counts: adm1           762
inst_canon       8
product_lv1    567
product_lv2    871
dtype: int64
2025-08-14 17:06:16,754 - INFO - ⚠️  1242 rows dropped because of missing values; 741 remain.
2025-08-14 17:06:16,754 - INFO - Unique owners before manual dict: 186
2025-08-14 17:06:16,754 - INFO - Unique owners after manual dict: 164
2025-08-14 17:06:18,535 - INFO - Saving filtered output to storage/output/filtered_projects.xlsx
2025-08-14 17:06:18,535 - INFO - 🏭 Importing facilities
2025-08-14 17:06:18,709 - INFO - 🗑️ Cleared existing facilities from MongoDB.
2025-08-14 17:06:18,797 - INFO - Saving a copy of facilities to Excel at storage/output/facilities.xlsx
2025-08-14 17:06:18,836 - INFO - Number of raw capacities - 741
2025-08-14 17:06:18,837 - INFO - 📅 Unique capacities remaining after deduplication (keeping earliest date): 477
2025-08-14 17:06:20,690 - INFO - ✅ Inserted 219 facilities into MongoDB, with 477 capacities.
2025-08-14 17:06:20,692 - INFO - 🧮 Determining phase summaries
2025-08-14 17:06:20,762 - INFO - 🚀 Starting summary updates for greenfield and expansion...
2025-08-14 17:06:21,714 - INFO - ✅ Updated summaries for 200 facilities.
2025-08-14 17:06:21,714 - INFO - Outputting clean capacities summary data
2025-08-14 17:06:21,923 - INFO - Total pipeline time: 6.41 minutes
