2025-08-14 17:51:55,047 - INFO - Updating mongo-metadata is set to True
2025-08-14 17:51:55,047 - INFO - 🕴️Normalising companies...
2025-08-14 17:51:56,221 - INFO - 🔢 15950 company or joint_venture nodes present
2025-08-14 17:51:56,222 - INFO - 🟢 of which 15837 already have name_canon. 113 need processing
2025-08-14 17:51:57,002 - INFO - 311 updates to be committed to mongoDB.
2025-08-14 17:52:32,487 - INFO - Batch 0: matched 3473, modified 371
2025-08-14 17:52:32,488 - INFO - 🌎 Querying geonames...
2025-08-14 17:52:32,783 - INFO - 📦 Loaded 770 existing (country, city_key) pairs from MongoDB.
2025-08-14 17:52:33,242 - INFO - 📰 Scanned 276 article(s) with factory nodes.
2025-08-14 17:52:33,242 - INFO - 🧹 Identified 259 new (country, city) pairs to query. Example three: [('Ethiopia', 'hawassa'), ('United States', 'oklahoma'), ('Australia', 'girgarre')]
2025-08-14 17:52:33,275 - INFO - 📭 No new updates to write.
2025-08-14 17:52:33,275 - INFO - 🧸 Classifying products
2025-08-14 17:52:34,070 - INFO - 🔎 Found 2861 products with attached capacities.
2025-08-14 17:56:51,097 - INFO - ✅ Batch 1: submitted=500, matched=2997, modified=4
2025-08-14 17:57:45,710 - INFO - ✅ Batch 2: submitted=500, matched=3881, modified=435
2025-08-14 17:58:40,233 - INFO - ✅ Batch 3: submitted=500, matched=6776, modified=1290
2025-08-14 17:58:41,916 - INFO - ✅ Batch 4: submitted=16, matched=383, modified=4
2025-08-14 17:58:41,916 - INFO - 🎉 All done: processed=1516, total_matched=14037, total_modified=1733
2025-08-14 17:58:41,919 - INFO - 🗞️ Flattening articles...
2025-08-14 17:59:09,923 - INFO - 💾 Saved nodes to storage/output/all_nodes.xlsx
2025-08-14 17:59:09,923 - INFO - 💾 Saved relationships to storage/output/all_rels.xlsx
2025-08-14 17:59:09,988 - INFO - 🉑 Merging nodes and relationships...
2025-08-14 17:59:22,073 - INFO - 💾 Saved factory-technology graph segment to storage/output/factory-technological.xlsx
2025-08-14 17:59:22,088 - INFO - Normalising capacities
2025-08-14 17:59:23,503 - INFO - Capacity rows: 6816 | failed: 495 (7.3%)
2025-08-14 17:59:23,504 - INFO - normalization_case
normalize:fallback:keep-metric       2052
normalize:default:gigawatt           1552
normalize:default:gigawatt hour      1313
normalize:vehicle:missing            1074
fallback:missing-metric               461
normalize:default:tonne               244
normalize:battery:energy-metric        41
normalize:invalid-input                34
normalize:battery:keyword:vehicle      23
normalize:battery:keyword:ev           13
normalize:battery:keyword:car           9
2025-08-14 17:59:25,215 - INFO - 🫂 Grouping projects...
2025-08-14 17:59:25,915 - INFO - Found 2004 rows:
2025-08-14 17:59:25,916 - INFO - ⚠️ 240 entries without CITY are dropped, rows reduced to 1764.
2025-08-14 17:59:25,916 - INFO - Missing counts: adm1           773
inst_canon       1
product_lv1    425
product_lv2    826
dtype: int64
2025-08-14 17:59:25,917 - INFO - ⚠️  1192 rows dropped because of missing values; 812 remain.
2025-08-14 17:59:25,917 - INFO - Unique owners before manual dict: 207
2025-08-14 17:59:25,917 - INFO - Unique owners after manual dict: 182
2025-08-14 17:59:27,791 - INFO - Saving filtered output to storage/output/filtered_projects.xlsx
2025-08-14 17:59:27,792 - INFO - 🏭 Importing facilities
2025-08-14 17:59:27,940 - INFO - 🗑️ Cleared existing facilities from MongoDB.
2025-08-14 17:59:28,027 - INFO - Saving a copy of facilities to Excel at storage/output/facilities.xlsx
2025-08-14 17:59:28,070 - INFO - Number of raw capacities - 812
2025-08-14 17:59:28,070 - INFO - 📅 Unique capacities remaining after deduplication (keeping earliest date): 522
2025-08-14 17:59:29,870 - INFO - ✅ Inserted 240 facilities into MongoDB, with 522 capacities.
2025-08-14 17:59:29,872 - INFO - 🧮 Determining phase summaries
2025-08-14 17:59:29,945 - INFO - 🚀 Starting summary updates for greenfield and expansion...
2025-08-14 17:59:31,047 - INFO - ✅ Updated summaries for 223 facilities.
2025-08-14 17:59:31,048 - INFO - Outputting clean capacities summary data
2025-08-14 17:59:31,280 - INFO - Total pipeline time: 7.60 minutes
