2025-08-22 17:16:37,078 - INFO - Updating mongo-metadata is set to False
2025-08-22 17:16:37,078 - INFO - 🫂 Grouping projects...
2025-08-22 17:16:37,432 - INFO - Found 2782 rows:
2025-08-22 17:16:37,433 - INFO - ⚠️ 0 entries without a normalised OWNER name are dropped, rows reduced to 2782.
2025-08-22 17:16:37,434 - INFO - ⚠️ 366 entries without CITY are dropped, rows reduced to 2416.
2025-08-22 17:16:37,434 - INFO - ⚠️ 376 entries without ADM1 are dropped, rows reduced to 2040.
2025-08-22 17:16:37,435 - INFO - ⚠️ 480 entries without a normalised PRODUCT-LV1 are dropped, rows reduced to 1560.
2025-08-22 17:16:37,435 - INFO - ⚠️ 512 entries without a normalised PRODUCT-LV2.
2025-08-22 17:16:37,435 - INFO - ⚠️ 1222 rows dropped because of missing values; 1560 remain.
2025-08-22 17:16:37,435 - INFO - Unique owners before manual dict: 481
2025-08-22 17:16:37,436 - INFO - Unique owners after manual dict: 443
2025-08-22 17:16:40,070 - INFO - Saving filtered output to storage/output/filtered_projects.xlsx
2025-08-22 17:16:40,071 - INFO - 🏭 Importing facilities
2025-08-22 17:16:40,260 - INFO - 🗑️ Cleared existing facilities from MongoDB.
2025-08-22 17:16:40,475 - INFO - Saving a copy of facilities to Excel at storage/output/facilities.xlsx
2025-08-22 17:16:40,576 - INFO - Number of raw capacities - 1560
2025-08-22 17:16:40,577 - INFO - 📅 Unique capacities remaining after deduplication (keeping earliest date): 1066
2025-08-22 17:16:40,592 - WARNING - bbox missing required keys. Available: []
2025-08-22 17:16:43,180 - INFO - ✅ Inserted 599 facilities into MongoDB, with 1066 capacities.
2025-08-22 17:16:43,183 - INFO - 🧮 Determining phase summaries
2025-08-22 17:16:43,265 - INFO - 🚀 Starting summary updates for main, greenfield and expansion...
2025-08-22 17:16:46,757 - INFO - ✅ Updated summaries for 598 facilities.
2025-08-22 17:16:46,758 - INFO - Outputting clean capacities summary data
2025-08-22 17:16:47,763 - INFO - Total pipeline time: 0.18 minutes
