2025-08-08 14:46:06,062 - INFO - Updating mongo-metadata is set to True
2025-08-08 14:46:06,062 - INFO - 🌎 Querying geonames...
2025-08-08 14:46:06,893 - INFO - 📦 Loaded 293 existing (country, city_key) pairs from MongoDB.
2025-08-08 14:46:07,661 - INFO - 📰 Scanned 2000 article(s) with factory nodes.
2025-08-08 14:46:07,661 - INFO - 🧹 Identified 449 new (country, city) pairs to query. Example three: [('China', 'taiyuan'), ('Germany', 'lauenau'), ('China', 'changchun')]
2025-08-08 14:46:18,402 - INFO - ✅ Geonames MongoDB updated. Inserted: 2 fresh documents, Modified: 55 documents.
2025-08-08 14:46:18,404 - INFO - 🗞️ Flattening articles...
2025-08-08 14:46:28,730 - INFO - 💾 Saved nodes to storage/output/all_nodes.xlsx
2025-08-08 14:46:28,730 - INFO - 💾 Saved relationships to storage/output/all_rels.xlsx
2025-08-08 14:46:28,753 - INFO - 🉑 Merging nodes and relationships...
2025-08-08 14:46:33,643 - INFO - 💾 Saved factory-technology graph segment to storage/output/factory-technological.xlsx
2025-08-08 14:46:33,648 - INFO - 🫂 Grouping projects...
2025-08-08 14:46:33,839 - INFO - Found 2925 rows:
2025-08-08 14:46:33,840 - INFO - ⚠️ 417 entries without CITY are dropped, rows reduced to 2508.
2025-08-08 14:46:33,840 - INFO - Missing counts: adm1           1971
inst_canon        8
product_lv1     567
product_lv2    1233
dtype: int64
2025-08-08 14:46:33,841 - INFO - ⚠️  2519 rows dropped because of missing values; 406 remain.
2025-08-08 14:46:33,841 - INFO - Unique owners before manual dict: 77
2025-08-08 14:46:33,841 - INFO - Unique owners after manual dict: 68
2025-08-08 14:46:35,429 - INFO - Saving output to ./storage/output/all_projects.xlsx
2025-08-08 14:46:35,486 - INFO - Saving filtered output to storage/output/filtered_projects.xlsx
2025-08-08 14:46:35,486 - INFO - 🏭 Importing facilities
2025-08-08 14:46:35,662 - INFO - 🗑️ Cleared existing facilities from MongoDB.
2025-08-08 14:46:35,697 - INFO - Saving a copy of facilities to Excel at storage/output/facilities.xlsx
2025-08-08 14:46:35,713 - INFO - Number of raw capacities - 192
2025-08-08 14:46:35,713 - INFO - 📅 Unique capacities remaining after deduplication (keeping earliest date): 138
2025-08-08 14:46:35,805 - INFO - ✅ Inserted 48 facilities into MongoDB, with 138 capacities.
2025-08-08 14:46:35,805 - INFO - 🧮 Determining phase summaries
2025-08-08 14:46:35,878 - INFO - 🚀 Starting summary updates for greenfield and expansion...
2025-08-08 14:46:36,584 - INFO - ✅ Updated summaries for 46 facilities.
2025-08-08 14:46:36,585 - INFO - Total pipeline time: 0.51 minutes
