2025-08-08 14:35:15,064 - INFO - Updating mongo-metadata is set to True
2025-08-08 14:35:15,064 - INFO - 🌎 Querying geonames...
2025-08-08 14:35:15,887 - INFO - 📦 Loaded 39 existing (country, city_key) pairs from MongoDB.
2025-08-08 14:35:16,495 - INFO - 📰 Scanned 300 article(s) with factory nodes.
2025-08-08 14:35:16,495 - INFO - 🧹 Identified 170 new (country, city) pairs to query. Example three: [('China', 'luqiao'), ('India', 'bengaluru'), ('Japan', 'motomachi')]
2025-08-08 14:35:32,830 - INFO - ✅ Geonames MongoDB updated. Inserted: 7 fresh documents, Modified: 36 documents.
2025-08-08 14:35:32,831 - INFO - 🗞️ Flattening articles...
2025-08-08 14:35:43,791 - INFO - 💾 Saved nodes to storage/output/all_nodes.xlsx
2025-08-08 14:35:43,791 - INFO - 💾 Saved relationships to storage/output/all_rels.xlsx
2025-08-08 14:35:43,814 - INFO - 🉑 Merging nodes and relationships...
2025-08-08 14:35:48,498 - INFO - 💾 Saved factory-technology graph segment to storage/output/factory-technological.xlsx
2025-08-08 14:35:48,502 - INFO - 🫂 Grouping projects...
2025-08-08 14:35:48,690 - INFO - Found 2925 rows:
2025-08-08 14:35:48,691 - INFO - ⚠️ 417 entries without CITY are dropped, rows reduced to 2508.
2025-08-08 14:35:48,691 - INFO - Missing counts: adm1           2306
inst_canon        8
product_lv1     567
product_lv2    1233
dtype: int64
2025-08-08 14:35:48,692 - INFO - ⚠️  2757 rows dropped because of missing values; 168 remain.
2025-08-08 14:35:48,692 - INFO - Unique owners before manual dict: 35
2025-08-08 14:35:48,692 - INFO - Unique owners after manual dict: 31
2025-08-08 14:35:50,310 - INFO - Saving output to ./storage/output/all_projects.xlsx
2025-08-08 14:35:50,336 - INFO - Saving filtered output to storage/output/filtered_projects.xlsx
2025-08-08 14:35:50,336 - INFO - 🏭 Importing facilities
2025-08-08 14:35:50,501 - INFO - 🗑️ Cleared existing facilities from MongoDB.
2025-08-08 14:35:50,525 - INFO - Saving a copy of facilities to Excel at storage/output/facilities.xlsx
2025-08-08 14:35:50,537 - INFO - Number of raw capacities - 66
2025-08-08 14:35:50,537 - INFO - 📅 Unique capacities remaining after deduplication (keeping earliest date): 56
2025-08-08 14:35:50,620 - INFO - ✅ Inserted 17 facilities into MongoDB, with 56 capacities.
2025-08-08 14:35:50,621 - INFO - 🧮 Determining phase summaries
2025-08-08 14:35:50,700 - INFO - 🚀 Starting summary updates for greenfield and expansion...
2025-08-08 14:35:50,912 - INFO - ✅ Updated summaries for 17 facilities.
2025-08-08 14:35:50,912 - INFO - Total pipeline time: 0.60 minutes
