2025-08-22 23:40:14,715 - INFO - Updating mongo-metadata is set to False
2025-08-22 23:40:14,715 - INFO - 🗞️ Flattening articles...
2025-08-22 23:40:55,315 - INFO - 💾 Saved nodes to storage/output/all_nodes.xlsx
2025-08-22 23:40:55,315 - INFO - 💾 Saved relationships to storage/output/all_rels.xlsx
2025-08-22 23:40:55,404 - INFO - 🉑 Merging nodes and relationships...
2025-08-22 23:41:10,563 - INFO - 💾 Saved geo_lookup to storage/output/geo_lookup.json
2025-08-22 23:41:12,811 - INFO - 💾 Saved: storage/output/factory_registry.xlsx
2025-08-22 23:41:27,922 - INFO - 💾 Saved geo_lookup to storage/output/geo_lookup.json
2025-08-22 23:41:29,134 - INFO - 💾 Saved: storage/output/factory-technological.xlsx
2025-08-22 23:41:44,400 - INFO - 💾 Saved geo_lookup to storage/output/geo_lookup.json
2025-08-22 23:41:44,720 - INFO - 💾 Saved: storage/output/company-joint-venture.xlsx
2025-08-22 23:41:44,733 - INFO - Normalising capacities
2025-08-22 23:41:45,413 - INFO - Capacity rows: 2782 | failed: 223 (8.0%)
2025-08-22 23:41:45,413 - INFO - normalization_case
normalize:fallback:keep-metric                                  878
normalize:already-clean:gigawatt                                624
normalize:already-clean:gigawatt hour                           580
normalize:vehicle:missing                                       326
fallback:missing-metric                                         203
normalize:already-clean:tonne                                    82
normalize:invalid-input                                          20
normalize:battery:energy-metric                                  17
normalize:battery:module_pack:battery systems->gigawatt hour     15
normalize:battery:keyword:vehicle                                 9
normalize:battery:keyword:ev                                      8
normalize:battery:module_pack:battery modules->gigawatt hour      5
normalize:battery:module_pack:unit->gigawatt hour                 5
normalize:battery:module_pack:battery packs->gigawatt hour        5
normalize:battery:module_pack:batteries->gigawatt hour            4
normalize:battery:keyword:car                                     1
2025-08-22 23:41:46,260 - INFO - 🫂 Grouping projects...
2025-08-22 23:41:46,260 - INFO - Processing: storage/output/factory-technological-clean-capacities.xlsx → storage/output/grouped-capacities.xlsx
2025-08-22 23:41:46,620 - INFO - Found 2782 rows (EU only).
2025-08-22 23:41:46,628 - INFO - ⚠️ 742 rows lack an admin_group_key after applying per-country rules.
2025-08-22 23:41:46,629 - INFO - ⚠️ 366 entries without CITY are dropped.
2025-08-22 23:41:46,630 - INFO - Rows reduced to 2416 after dropping missing city_key.
2025-08-22 23:41:46,630 - INFO - ⚠️ 376 entries without ADM1 are dropped.
2025-08-22 23:41:46,631 - INFO - Rows reduced to 2040 after dropping missing adm1.
2025-08-22 23:41:46,631 - INFO - ⚠️ 389 entries without a normalised PRODUCT-LV1 are dropped.
2025-08-22 23:41:46,631 - INFO - Rows reduced to 1651 after dropping missing product_lv1.
2025-08-22 23:41:46,631 - INFO - ⚠️ 1131 total rows dropped due to missing required fields; 1651 remain.
2025-08-22 23:41:46,631 - INFO - ⚠️ 562 entries without a normalised PRODUCT-LV2.
2025-08-22 23:41:46,632 - INFO - Unique owners before manual dict: 514
2025-08-22 23:41:46,632 - INFO - Unique owners after manual dict: 475
2025-08-22 23:41:48,812 - INFO - Saving filtered output to storage/output/grouped-capacities.xlsx
2025-08-22 23:41:48,814 - INFO - Processing: storage/output/factory_registry.xlsx → storage/output/grouped-factories.xlsx
2025-08-22 23:41:49,442 - INFO - Found 10410 rows (EU only).
2025-08-22 23:41:49,469 - INFO - ⚠️ 2488 rows lack an admin_group_key after applying per-country rules.
2025-08-22 23:41:49,471 - INFO - ⚠️ 1218 entries without CITY are dropped.
2025-08-22 23:41:49,472 - INFO - Rows reduced to 9192 after dropping missing city_key.
2025-08-22 23:41:49,472 - INFO - ⚠️ 1270 entries without ADM1 are dropped.
2025-08-22 23:41:49,473 - INFO - Rows reduced to 7922 after dropping missing adm1.
2025-08-22 23:41:49,474 - INFO - ⚠️ 3815 entries without a normalised PRODUCT-LV1 are dropped.
2025-08-22 23:41:49,474 - INFO - Rows reduced to 4107 after dropping missing product_lv1.
2025-08-22 23:41:49,474 - INFO - ⚠️ 6303 total rows dropped due to missing required fields; 4107 remain.
2025-08-22 23:41:49,474 - INFO - ⚠️ 1747 entries without a normalised PRODUCT-LV2.
2025-08-22 23:41:49,475 - INFO - Unique owners before manual dict: 939
2025-08-22 23:41:49,476 - INFO - Unique owners after manual dict: 898
2025-08-22 23:41:51,774 - INFO - Saving filtered output to storage/output/grouped-factories.xlsx
2025-08-22 23:41:51,776 - INFO - 🏭 Importing facilities
2025-08-22 23:41:51,947 - INFO - 🗑️ Cleared existing facilities from MongoDB.
2025-08-22 23:41:52,768 - INFO - Saving a copy of facilities to Excel at storage/output/facilities.xlsx
2025-08-22 23:41:52,874 - INFO - Number of raw capacities - 1651
2025-08-22 23:41:52,874 - INFO - 📅 Unique capacities remaining after deduplication (keeping earliest date): 1149
2025-08-22 23:41:52,879 - WARNING - bbox missing required keys. Available: []
2025-08-22 23:41:54,333 - INFO - ✅ Inserted 669 facilities into MongoDB, with 1149 capacities.
2025-08-22 23:41:54,341 - INFO - 🧮 Determining phase summaries
2025-08-22 23:41:55,351 - INFO - 🚀 Starting summary updates for main, greenfield and expansion...
2025-08-22 23:41:59,946 - INFO - ✅ Updated summaries for 668 facilities.
2025-08-22 23:41:59,948 - INFO - Outputting clean capacities summary data
2025-08-22 23:42:01,144 - INFO - Total pipeline time: 1.77 minutes
