2025-08-14 16:20:07,277 - INFO - Updating mongo-metadata is set to False
2025-08-14 16:20:07,277 - INFO - 🗞️ Flattening articles...
2025-08-14 16:20:35,060 - INFO - 💾 Saved nodes to storage/output/all_nodes.xlsx
2025-08-14 16:20:35,061 - INFO - 💾 Saved relationships to storage/output/all_rels.xlsx
2025-08-14 16:20:35,118 - INFO - 🉑 Merging nodes and relationships...
2025-08-14 16:20:46,966 - INFO - 💾 Saved factory-technology graph segment to storage/output/factory-technological.xlsx
2025-08-14 16:20:46,980 - INFO - Normalising capacities
2025-08-14 16:20:48,290 - INFO - Capacity rows: 6560 | failed: 539 (8.2%)
2025-08-14 16:20:48,292 - INFO - normalization_case
normalize:fallback:keep-metric       2811
normalize:default:gigawatt hour      1317
normalize:vehicle:missing             988
normalize:default:gigawatt            626
fallback:missing-metric               509
normalize:default:tonne               204
normalize:battery:energy-metric        32
normalize:invalid-input                30
normalize:battery:keyword:vehicle      21
normalize:battery:keyword:ev           13
normalize:battery:keyword:car           9
2025-08-14 16:20:49,941 - INFO - 🫂 Grouping projects...
2025-08-14 16:20:50,605 - INFO - Found 1944 rows:
2025-08-14 16:20:50,605 - INFO - ⚠️ 228 entries without CITY are dropped, rows reduced to 1716.
2025-08-14 16:20:50,606 - INFO - Missing counts: adm1            747
inst_canon      326
product_lv1     763
product_lv2    1022
dtype: int64
2025-08-14 16:20:50,606 - INFO - ⚠️  1268 rows dropped because of missing values; 676 remain.
2025-08-14 16:20:50,607 - INFO - Unique owners before manual dict: 167
2025-08-14 16:20:50,607 - INFO - Unique owners after manual dict: 145
2025-08-14 16:20:52,276 - INFO - Saving filtered output to storage/output/filtered_projects.xlsx
2025-08-14 16:20:52,277 - INFO - 🏭 Importing facilities
2025-08-14 16:20:52,466 - INFO - 🗑️ Cleared existing facilities from MongoDB.
2025-08-14 16:20:52,555 - INFO - Saving a copy of facilities to Excel at storage/output/facilities.xlsx
2025-08-14 16:20:52,591 - INFO - Number of raw capacities - 676
2025-08-14 16:20:52,591 - INFO - 📅 Unique capacities remaining after deduplication (keeping earliest date): 444
2025-08-14 16:20:53,369 - INFO - ✅ Inserted 194 facilities into MongoDB, with 444 capacities.
2025-08-14 16:20:53,371 - INFO - 🧮 Determining phase summaries
2025-08-14 16:20:53,447 - INFO - 🚀 Starting summary updates for greenfield and expansion...
2025-08-14 16:20:54,428 - INFO - ✅ Updated summaries for 179 facilities.
2025-08-14 16:20:54,429 - INFO - Outputting clean capacities summary data
2025-08-14 16:20:54,649 - INFO - Total pipeline time: 0.79 minutes
