2025-08-13 12:03:59,893 - INFO - Updating mongo-metadata is set to False
2025-08-13 12:03:59,893 - INFO - 🗞️ Flattening articles...
2025-08-13 12:04:22,972 - INFO - 💾 Saved nodes to storage/output/all_nodes.xlsx
2025-08-13 12:04:22,973 - INFO - 💾 Saved relationships to storage/output/all_rels.xlsx
2025-08-13 12:04:23,018 - INFO - 🉑 Merging nodes and relationships...
2025-08-13 12:04:32,318 - INFO - 💾 Saved factory-technology graph segment to storage/output/factory-technological.xlsx
2025-08-13 12:04:32,329 - INFO - Normalising capacities
2025-08-13 12:04:33,385 - INFO - Capacity rows: 4898 | failed: 101 (2.1%)
2025-08-13 12:04:33,386 - INFO - normalization_case
fallback:normalize-default         1865
default:metric-is-gigawatt-hour    1238
vehicle:units-or-missing            989
default:metric-is-gigawatt          275
battery:fallback-missing-metric     255
default:metric-is-tonne             185
battery:metric-present               63
battery-keyword:vehicle               7
battery-keyword:eam:vehicle           6
battery-keyword:ev                    5
battery-keyword:eam:ev                4
battery-keyword:car                   3
battery-keyword:eam:car               3
2025-08-13 12:04:34,780 - INFO - 🫂 Grouping projects...
2025-08-13 12:04:35,278 - INFO - Found 1505 rows:
2025-08-13 12:04:35,278 - INFO - ⚠️ 161 entries without CITY are dropped, rows reduced to 1344.
2025-08-13 12:04:35,279 - INFO - Missing counts: adm1           453
inst_canon     124
product_lv1    489
product_lv2    720
dtype: int64
2025-08-13 12:04:35,279 - INFO - ⚠️  844 rows dropped because of missing values; 661 remain.
2025-08-13 12:04:35,279 - INFO - Unique owners before manual dict: 160
2025-08-13 12:04:35,280 - INFO - Unique owners after manual dict: 139
2025-08-13 12:04:37,096 - INFO - Saving filtered output to storage/output/filtered_projects.xlsx
2025-08-13 12:04:37,096 - INFO - 🏭 Importing facilities
2025-08-13 12:04:37,258 - INFO - 🗑️ Cleared existing facilities from MongoDB.
2025-08-13 12:04:37,337 - INFO - Saving a copy of facilities to Excel at storage/output/facilities.xlsx
2025-08-13 12:04:37,372 - INFO - Number of raw capacities - 661
2025-08-13 12:04:37,372 - INFO - 📅 Unique capacities remaining after deduplication (keeping earliest date): 437
2025-08-13 12:04:38,081 - INFO - ✅ Inserted 188 facilities into MongoDB, with 437 capacities.
2025-08-13 12:04:38,084 - INFO - 🧮 Determining phase summaries
2025-08-13 12:04:38,151 - INFO - 🚀 Starting summary updates for greenfield and expansion...
2025-08-13 12:04:39,208 - INFO - ✅ Updated summaries for 174 facilities.
2025-08-13 12:04:39,209 - INFO - Outputting clean capacities summary data
2025-08-13 12:04:39,425 - INFO - Total pipeline time: 0.66 minutes
