2025-08-18 15:59:19,397 - INFO - Updating mongo-metadata is set to True
2025-08-18 15:59:19,397 - INFO - 🕴️Normalising companies...
2025-08-18 15:59:20,738 - INFO - 🔢 19154 company or joint_venture nodes present
2025-08-18 15:59:20,738 - INFO - 🟢 of which 19152 already have name_canon. 2 need processing
2025-08-18 15:59:21,037 - INFO - 0 updates to be committed to mongoDB.
2025-08-18 15:59:21,037 - INFO - 🌎 Querying geonames...
2025-08-18 15:59:21,489 - INFO - 📦 Loaded 1921 existing (country, city_key) pairs from MongoDB.
2025-08-18 15:59:26,727 - INFO - 📰 Scanned 12000 article(s) with factory nodes.
2025-08-18 15:59:26,728 - INFO - 🧹 Identified 3691 new (country, city) pairs to query. Example three: [('Saudi Arabia', 'amaala'), ('Australia', 'brisbane'), ('United Kingdom', 'cellarhead')]
2025-08-18 16:00:29,238 - INFO - ✅ Geonames MongoDB updated. Inserted: 0 fresh documents, Modified: 151 documents.
2025-08-18 16:00:29,249 - INFO - 🗞️ Flattening articles...
2025-08-18 16:01:06,550 - INFO - 💾 Saved nodes to storage/output/all_nodes.xlsx
2025-08-18 16:01:06,550 - INFO - 💾 Saved relationships to storage/output/all_rels.xlsx
2025-08-18 16:01:06,647 - INFO - 🉑 Merging nodes and relationships...
2025-08-18 16:01:22,759 - INFO - 💾 Saved factory-technology graph segment to storage/output/factory-technological.xlsx
2025-08-18 16:01:22,782 - INFO - Normalising capacities
2025-08-18 16:01:24,735 - INFO - Capacity rows: 9439 | failed: 633 (6.7%)
2025-08-18 16:01:24,735 - INFO - normalization_case
normalize:fallback:keep-metric       3243
normalize:default:gigawatt           2658
normalize:default:gigawatt hour      1388
normalize:vehicle:missing            1098
fallback:missing-metric               595
normalize:default:tonne               336
normalize:invalid-input                38
normalize:battery:energy-metric        37
normalize:battery:keyword:vehicle      23
normalize:battery:keyword:ev           13
normalize:battery:keyword:car          10
2025-08-18 16:01:27,290 - INFO - 🫂 Grouping projects...
2025-08-18 16:01:28,304 - INFO - Found 2594 rows:
2025-08-18 16:01:28,305 - INFO - ⚠️ 355 entries without CITY are dropped, rows reduced to 2239.
2025-08-18 16:01:28,306 - INFO - Missing counts: adm1            540
inst_canon        0
product_lv1     530
product_lv2    1095
dtype: int64
2025-08-18 16:01:28,307 - INFO - ⚠️  1289 rows dropped because of missing values; 1305 remain.
2025-08-18 16:01:28,307 - INFO - Unique owners before manual dict: 402
2025-08-18 16:01:28,307 - INFO - Unique owners after manual dict: 374
2025-08-18 16:01:30,188 - INFO - Saving filtered output to storage/output/filtered_projects.xlsx
2025-08-18 16:01:30,190 - INFO - 🏭 Importing facilities
2025-08-18 16:01:30,350 - INFO - 🗑️ Cleared existing facilities from MongoDB.
2025-08-18 16:01:30,478 - INFO - Saving a copy of facilities to Excel at storage/output/facilities.xlsx
2025-08-18 16:01:30,564 - INFO - Number of raw capacities - 1305
2025-08-18 16:01:30,564 - INFO - 📅 Unique capacities remaining after deduplication (keeping earliest date): 895
2025-08-18 16:01:30,577 - WARNING - bbox missing required keys. Available: []
2025-08-18 16:01:32,282 - INFO - ✅ Inserted 501 facilities into MongoDB, with 895 capacities.
2025-08-18 16:01:32,285 - INFO - 🧮 Determining phase summaries
2025-08-18 16:01:33,269 - INFO - 🚀 Starting summary updates for greenfield and expansion...
2025-08-18 16:01:35,442 - INFO - ✅ Updated summaries for 455 facilities.
2025-08-18 16:01:35,443 - INFO - Outputting clean capacities summary data
2025-08-18 16:01:35,859 - INFO - Total pipeline time: 2.27 minutes
