2025-08-22 17:54:53,612 - INFO - Updating mongo-metadata is set to True
2025-08-22 17:54:53,612 - INFO - 🕴️Normalising companies...
2025-08-22 17:54:54,784 - INFO - 🔢 19803 company or joint_venture nodes present
2025-08-22 17:54:54,784 - INFO - 🟢 of which 19801 already have name_canon. 2 need processing
2025-08-22 17:54:55,061 - INFO - 0 updates to be committed to mongoDB.
2025-08-22 17:54:55,061 - INFO - 🌎 Querying geonames...
2025-08-22 17:54:55,584 - INFO - 📦 Loaded 2541 existing (country, city_key) pairs from MongoDB.
2025-08-22 17:55:01,462 - INFO - 📰 Scanned 15708 article(s) with factory nodes.
2025-08-22 17:55:01,462 - INFO - 🧹 Identified 4333 new (country, city) pairs to query. Example three: [('Malawi', 'bwengu'), ('United States', 'anaheim'), ('United States', 'louisville')]
2025-08-22 17:55:02,111 - INFO - 📭 No new updates to write.
2025-08-22 17:55:02,113 - INFO - 🧸 Classifying products
2025-08-22 17:55:03,616 - INFO - 🔎 Found 3677 products with attached capacities.
2025-08-22 18:01:19,029 - INFO - ✅ Batch 1: submitted=500, matched=1992, modified=0
2025-08-22 18:02:16,996 - INFO - ✅ Batch 2: submitted=500, matched=3160, modified=0
2025-08-22 18:03:14,959 - INFO - ✅ Batch 3: submitted=500, matched=5029, modified=423
2025-08-22 18:04:14,176 - INFO - ✅ Batch 4: submitted=500, matched=4209, modified=764
2025-08-22 18:05:01,560 - INFO - ✅ Batch 5: submitted=391, matched=6889, modified=369
2025-08-22 18:05:01,561 - INFO - 🎉 All done: processed=2391, total_matched=21279, total_modified=1556
2025-08-22 18:05:01,565 - INFO - 🗞️ Flattening articles...
2025-08-22 18:17:51,376 - INFO - 💾 Saved nodes to storage/output/all_nodes.xlsx
2025-08-22 18:17:51,376 - INFO - 💾 Saved relationships to storage/output/all_rels.xlsx
2025-08-22 18:17:51,462 - INFO - 🉑 Merging nodes and relationships...
2025-08-22 18:18:06,748 - INFO - 💾 Saved geo_lookup to storage/output/geo_lookup.json
2025-08-22 18:18:08,277 - INFO - 💾 Saved: storage/output/factory_registry.xlsx
2025-08-22 18:18:23,249 - INFO - 💾 Saved geo_lookup to storage/output/geo_lookup.json
2025-08-22 18:18:24,265 - INFO - 💾 Saved: storage/output/factory-technological.xlsx
2025-08-22 18:18:39,356 - INFO - 💾 Saved geo_lookup to storage/output/geo_lookup.json
2025-08-22 18:18:39,674 - INFO - 💾 Saved: storage/output/company-joint-venture.xlsx
2025-08-22 18:18:39,690 - INFO - Building joint ventures lookup
2025-08-22 18:18:39,690 - INFO - Normalising capacities
2025-08-22 18:18:40,407 - INFO - Capacity rows: 2782 | failed: 223 (8.0%)
2025-08-22 18:18:40,407 - INFO - normalization_case
normalize:fallback:keep-metric                                  878
normalize:already-clean:gigawatt                                624
normalize:already-clean:gigawatt hour                           580
normalize:vehicle:missing                                       326
fallback:missing-metric                                         203
normalize:already-clean:tonne                                    82
normalize:invalid-input                                          20
normalize:battery:energy-metric                                  17
normalize:battery:module_pack:battery systems->gigawatt hour     15
normalize:battery:keyword:vehicle                                 9
normalize:battery:keyword:ev                                      8
normalize:battery:module_pack:battery modules->gigawatt hour      5
normalize:battery:module_pack:unit->gigawatt hour                 5
normalize:battery:module_pack:battery packs->gigawatt hour        5
normalize:battery:module_pack:batteries->gigawatt hour            4
normalize:battery:keyword:car                                     1
2025-08-22 18:18:41,220 - INFO - 🫂 Grouping projects...
2025-08-22 18:18:41,589 - INFO - Found 2782 rows (EU only).
2025-08-22 18:18:41,590 - INFO - ⚠️ 366 entries without CITY are dropped.
2025-08-22 18:18:41,591 - INFO - Rows reduced to 2416 after dropping missing city_key.
2025-08-22 18:18:41,591 - INFO - ⚠️ 376 entries without ADM1 are dropped.
2025-08-22 18:18:41,591 - INFO - Rows reduced to 2040 after dropping missing adm1.
2025-08-22 18:18:41,591 - INFO - ⚠️ 389 entries without a normalised PRODUCT-LV1 are dropped.
2025-08-22 18:18:41,592 - INFO - Rows reduced to 1651 after dropping missing product_lv1.
2025-08-22 18:18:41,592 - INFO - ⚠️ 1131 total rows dropped due to missing required fields; 1651 remain.
2025-08-22 18:18:41,592 - INFO - ⚠️ 562 entries without a normalised PRODUCT-LV2.
2025-08-22 18:18:41,592 - INFO - Unique owners before manual dict: 514
2025-08-22 18:18:41,593 - INFO - Unique owners after manual dict: 476
2025-08-22 18:18:43,736 - INFO - Saving filtered output to storage/output/filtered_projects.xlsx
2025-08-22 18:18:43,738 - INFO - 🏭 Importing facilities
2025-08-22 18:18:43,927 - INFO - 🗑️ Cleared existing facilities from MongoDB.
2025-08-22 18:18:44,120 - INFO - Saving a copy of facilities to Excel at storage/output/facilities.xlsx
2025-08-22 18:18:44,230 - INFO - Number of raw capacities - 1651
2025-08-22 18:18:44,230 - INFO - 📅 Unique capacities remaining after deduplication (keeping earliest date): 1136
2025-08-22 18:18:44,246 - WARNING - bbox missing required keys. Available: []
2025-08-22 18:18:46,875 - INFO - ✅ Inserted 647 facilities into MongoDB, with 1136 capacities.
2025-08-22 18:18:46,880 - INFO - 🧮 Determining phase summaries
2025-08-22 18:18:46,963 - INFO - 🚀 Starting summary updates for main, greenfield and expansion...
2025-08-22 18:18:50,152 - INFO - ✅ Updated summaries for 646 facilities.
2025-08-22 18:18:50,155 - INFO - Outputting clean capacities summary data
2025-08-22 18:18:51,215 - INFO - Total pipeline time: 23.96 minutes
