2025-08-26 13:12:16,103 - INFO - Updating mongo-metadata is set to False
2025-08-26 13:12:16,103 - INFO - 🗞️ Flattening articles...
2025-08-26 13:12:54,797 - INFO - 💾 Saved nodes to storage/output/all_nodes.xlsx
2025-08-26 13:12:54,798 - INFO - 💾 Saved relationships to storage/output/all_rels.xlsx
2025-08-26 13:12:54,884 - INFO - 🉑 Merging nodes and relationships...
2025-08-26 13:13:10,251 - INFO - 💾 Saved geo_lookup to storage/output/geo_lookup.json
2025-08-26 13:13:12,647 - INFO - 💾 Saved: storage/output/factory_registry.xlsx
2025-08-26 13:13:28,009 - INFO - 💾 Saved geo_lookup to storage/output/geo_lookup.json
2025-08-26 13:13:29,152 - INFO - 💾 Saved: storage/output/factory-technological.xlsx
2025-08-26 13:13:44,401 - INFO - 💾 Saved geo_lookup to storage/output/geo_lookup.json
2025-08-26 13:13:44,711 - INFO - 💾 Saved: storage/output/company-joint-venture.xlsx
2025-08-26 13:13:44,724 - INFO - Normalising capacities
2025-08-26 13:13:45,404 - INFO - Capacity rows: 2783 | failed: 250 (9.0%)
2025-08-26 13:13:45,404 - INFO - normalization_case
normalize:fallback:keep-metric                                  924
normalize:already-clean:gigawatt                                648
normalize:already-clean:gigawatt hour                           584
normalize:vehicle:missing                                       277
fallback:missing-metric                                         230
normalize:already-clean:tonne                                    32
normalize:invalid-input                                          20
normalize:battery:module_pack:battery systems->gigawatt hour     16
normalize:battery:energy-metric                                  16
normalize:battery:keyword:ev                                      8
normalize:battery:keyword:vehicle                                 8
normalize:battery:module_pack:battery modules->gigawatt hour      5
normalize:battery:module_pack:unit->gigawatt hour                 5
normalize:battery:module_pack:battery packs->gigawatt hour        5
normalize:battery:module_pack:batteries->gigawatt hour            4
normalize:battery:keyword:car                                     1
2025-08-26 13:13:46,125 - INFO - 🫂 Grouping projects...
2025-08-26 13:13:46,125 - INFO - Processing: storage/output/factory-technological-clean-capacities.xlsx → storage/output/grouped-capacities.xlsx
2025-08-26 13:13:46,478 - INFO - Found 2783 rows (EU only).
2025-08-26 13:13:46,486 - INFO - ⚠️ 745 rows lack an admin_group_key after applying per-country rules.
2025-08-26 13:13:46,486 - INFO - ⚠️ 5 entries without a normalised OWNER name are dropped.
2025-08-26 13:13:46,487 - INFO - Rows reduced to 2778 after dropping missing inst_canon.
2025-08-26 13:13:46,487 - INFO - ⚠️ 366 entries without CITY are dropped.
2025-08-26 13:13:46,488 - INFO - Rows reduced to 2412 after dropping missing city_key.
2025-08-26 13:13:46,488 - INFO - ⚠️ 379 entries without a geographic locator are dropped.
2025-08-26 13:13:46,488 - INFO - Rows reduced to 2033 after dropping missing admin_group_key.
2025-08-26 13:13:46,488 - INFO - ⚠️ 344 entries without a normalised PRODUCT-LV1 are dropped.
2025-08-26 13:13:46,489 - INFO - Rows reduced to 1689 after dropping missing product_lv1.
2025-08-26 13:13:46,489 - INFO - ⚠️ 1094 total rows dropped due to missing required fields; 1689 remain.
2025-08-26 13:13:46,489 - INFO - ⚠️ 596 entries without a normalised PRODUCT-LV2.
2025-08-26 13:13:46,489 - INFO - Unique owners before manual dict: 533
2025-08-26 13:13:46,490 - INFO - Unique owners after manual dict: 485
2025-08-26 13:13:46,495 - INFO - Applied site merges to 21 rows.
2025-08-26 13:13:48,340 - INFO - Overwrote inst_canon with JV labels for 121 rows
2025-08-26 13:13:48,598 - INFO - Saving filtered output to storage/output/grouped-capacities.xlsx
2025-08-26 13:13:48,599 - INFO - Processing: storage/output/factory_registry.xlsx → storage/output/grouped-factories.xlsx
2025-08-26 13:13:49,289 - INFO - Found 10497 rows (EU only).
2025-08-26 13:13:49,317 - INFO - ⚠️ 2489 rows lack an admin_group_key after applying per-country rules.
2025-08-26 13:13:49,317 - INFO - ⚠️ 15 entries without a normalised OWNER name are dropped.
2025-08-26 13:13:49,318 - INFO - Rows reduced to 10482 after dropping missing inst_canon.
2025-08-26 13:13:49,319 - INFO - ⚠️ 1215 entries without CITY are dropped.
2025-08-26 13:13:49,320 - INFO - Rows reduced to 9267 after dropping missing city_key.
2025-08-26 13:13:49,320 - INFO - ⚠️ 1274 entries without a geographic locator are dropped.
2025-08-26 13:13:49,321 - INFO - Rows reduced to 7993 after dropping missing admin_group_key.
2025-08-26 13:13:49,321 - INFO - ⚠️ 3736 entries without a normalised PRODUCT-LV1 are dropped.
2025-08-26 13:13:49,321 - INFO - Rows reduced to 4257 after dropping missing product_lv1.
2025-08-26 13:13:49,321 - INFO - ⚠️ 6240 total rows dropped due to missing required fields; 4257 remain.
2025-08-26 13:13:49,322 - INFO - ⚠️ 1917 entries without a normalised PRODUCT-LV2.
2025-08-26 13:13:49,322 - INFO - Unique owners before manual dict: 966
2025-08-26 13:13:49,323 - INFO - Unique owners after manual dict: 908
2025-08-26 13:13:49,336 - INFO - Applied site merges to 50 rows.
2025-08-26 13:13:51,174 - INFO - Overwrote inst_canon with JV labels for 228 rows
2025-08-26 13:13:51,698 - INFO - Saving filtered output to storage/output/grouped-factories.xlsx
2025-08-26 13:13:51,700 - INFO - 🏭 Importing facilities
2025-08-26 13:13:51,855 - INFO - 🗑️ Cleared existing facilities from MongoDB.
2025-08-26 13:13:52,334 - INFO - Saving a copy of facilities to Excel at storage/output/facilities.xlsx
