2025-08-19 21:46:32,009 - INFO - Updating mongo-metadata is set to True
2025-08-19 21:46:32,009 - INFO - 🕴️Normalising companies...
2025-08-19 21:46:33,375 - INFO - 🔢 19721 company or joint_venture nodes present
2025-08-19 21:46:33,375 - INFO - 🟢 of which 19719 already have name_canon. 2 need processing
2025-08-19 21:46:33,646 - INFO - 0 updates to be committed to mongoDB.
2025-08-19 21:46:33,646 - INFO - 🌎 Querying geonames...
2025-08-19 21:46:34,112 - INFO - 📦 Loaded 2550 existing (country, city_key) pairs from MongoDB.
2025-08-19 21:46:38,691 - INFO - 📰 Scanned 15608 article(s) with factory nodes.
2025-08-19 21:46:38,691 - INFO - 🧹 Identified 4285 new (country, city) pairs to query. Example three: [('South Africa', 'rosslyn'), ('Australia', 'wentworth'), ('United States', 'newark')]
2025-08-19 21:46:39,262 - INFO - 📭 No new updates to write.
2025-08-19 21:46:39,264 - INFO - 🧸 Classifying products
2025-08-19 21:46:40,474 - INFO - 🔎 Found 3644 products with attached capacities.
2025-08-19 21:51:44,096 - INFO - ✅ Batch 1: submitted=500, matched=2577, modified=205
2025-08-19 21:52:41,202 - INFO - ✅ Batch 2: submitted=500, matched=2849, modified=73
2025-08-19 21:53:40,464 - INFO - ✅ Batch 3: submitted=500, matched=6420, modified=363
2025-08-19 21:54:31,709 - INFO - ✅ Batch 4: submitted=450, matched=7487, modified=42
2025-08-19 21:54:31,710 - INFO - 🎉 All done: processed=1950, total_matched=19333, total_modified=683
2025-08-19 21:54:31,715 - INFO - 🗞️ Flattening articles...
2025-08-19 21:55:07,882 - INFO - 💾 Saved nodes to storage/output/all_nodes.xlsx
2025-08-19 21:55:07,882 - INFO - 💾 Saved relationships to storage/output/all_rels.xlsx
2025-08-19 21:55:07,966 - INFO - 🉑 Merging nodes and relationships...
2025-08-19 21:55:22,627 - INFO - 💾 Saved geo_lookup to storage/output/geo_lookup.json
2025-08-19 21:55:24,210 - INFO - 💾 Saved factory-technology graph segment to storage/output/factory-technological.xlsx
2025-08-19 21:55:24,231 - INFO - Normalising capacities
2025-08-19 21:55:26,252 - INFO - Capacity rows: 9735 | failed: 745 (7.7%)
2025-08-19 21:55:26,253 - INFO - normalization_case
normalize:fallback:keep-metric       3245
normalize:default:gigawatt           2734
normalize:default:gigawatt hour      1431
normalize:vehicle:missing            1148
fallback:missing-metric               704
normalize:default:tonne               346
normalize:invalid-input                41
normalize:battery:energy-metric        39
normalize:battery:keyword:vehicle      24
normalize:battery:keyword:ev           13
normalize:battery:keyword:car          10
2025-08-19 21:55:28,813 - INFO - 🫂 Grouping projects...
2025-08-19 21:55:29,845 - INFO - Found 2654 rows:
2025-08-19 21:55:29,846 - INFO - ⚠️ 360 entries without CITY are dropped, rows reduced to 2294.
2025-08-19 21:55:29,847 - INFO - Missing counts: adm1            351
inst_canon        0
product_lv1     527
product_lv2    1093
dtype: int64
2025-08-19 21:55:29,847 - INFO - ⚠️  1158 rows dropped because of missing values; 1496 remain.
2025-08-19 21:55:29,847 - INFO - Unique owners before manual dict: 455
2025-08-19 21:55:29,848 - INFO - Unique owners after manual dict: 423
2025-08-19 21:55:31,730 - INFO - Saving filtered output to storage/output/filtered_projects.xlsx
2025-08-19 21:55:31,730 - INFO - 🏭 Importing facilities
2025-08-19 21:55:31,919 - INFO - 🗑️ Cleared existing facilities from MongoDB.
2025-08-19 21:55:32,077 - INFO - Saving a copy of facilities to Excel at storage/output/facilities.xlsx
2025-08-19 21:55:32,167 - INFO - Number of raw capacities - 1496
2025-08-19 21:55:32,167 - INFO - 📅 Unique capacities remaining after deduplication (keeping earliest date): 1035
2025-08-19 21:55:32,179 - WARNING - bbox missing required keys. Available: []
2025-08-19 21:55:34,941 - INFO - ✅ Inserted 589 facilities into MongoDB, with 1035 capacities.
2025-08-19 21:55:34,946 - INFO - 🧮 Determining phase summaries
2025-08-19 21:55:35,011 - INFO - 🚀 Starting summary updates for greenfield and expansion...
2025-08-19 21:55:38,116 - INFO - ✅ Updated summaries for 530 facilities.
2025-08-19 21:55:38,118 - INFO - Outputting clean capacities summary data
2025-08-19 21:55:38,534 - INFO - Total pipeline time: 9.11 minutes
