2025-08-08 11:53:25,511 - INFO - Updating mongo-metadata is set to True
2025-08-08 11:53:26,658 - INFO - 📦 Loaded 1255 existing (country, city_key) pairs from MongoDB.
2025-08-08 11:53:27,333 - INFO - 📰 Found 400 article(s) containing factory nodes.
2025-08-08 11:53:27,380 - WARNING - [standardize_country] country lookup failed for “democratic republic of congo”
2025-08-08 11:53:27,386 - WARNING - [standardize_country] country lookup failed for “germany-dutch”
2025-08-08 11:53:27,387 - INFO - 🧹 Identified 61 new (country, city) pairs to query. Example three:
2025-08-08 11:53:27,387 - INFO - [('Germany', 'cologneniehl'), ('United States', 'san_josé'), ('United States', 'georgia')]
2025-08-08 11:54:07,998 - INFO - ✅ Geonames MongoDB updated. Inserted: 0, Modified: 11
2025-08-08 11:54:08,000 - INFO - 🗞️ Flattening articles...
2025-08-08 11:54:23,142 - INFO - 💾 Saved nodes to storage/output/all_nodes.xlsx
2025-08-08 11:54:23,143 - INFO - 💾 Saved relationships to storage/output/all_rels.xlsx
2025-08-08 11:54:23,167 - INFO - 🉑 Merging nodes and relationships...
2025-08-08 11:54:27,738 - WARNING - [standardize_country] country lookup failed for “asia”
2025-08-08 11:54:27,742 - WARNING - [standardize_country] country lookup failed for “unclear”
2025-08-08 11:54:27,747 - WARNING - [standardize_country] country lookup failed for “europe”
2025-08-08 11:54:27,755 - WARNING - [standardize_country] country lookup failed for “sweden or finland”
2025-08-08 11:54:27,771 - WARNING - [standardize_country] country lookup failed for “northern macedonia”
2025-08-08 11:54:27,776 - WARNING - [standardize_country] country lookup failed for “eastern europe”
2025-08-08 11:54:27,780 - WARNING - [standardize_country] country lookup failed for “bavaria, germany”
2025-08-08 11:54:27,784 - WARNING - [standardize_country] country lookup failed for “china, mexico, poland, india”
2025-08-08 11:54:27,801 - WARNING - [standardize_country] country lookup failed for “germany, poland, or hungary”
2025-08-08 11:54:27,817 - WARNING - [standardize_country] country lookup failed for “north america”
2025-08-08 11:54:27,821 - WARNING - [standardize_country] country lookup failed for “eu and uk”
2025-08-08 11:54:27,826 - WARNING - [standardize_country] country lookup failed for “mexico, usa or canada”
2025-08-08 11:54:27,830 - WARNING - [standardize_country] country lookup failed for “western europe”
2025-08-08 11:54:27,838 - WARNING - [standardize_country] country lookup failed for “mainland europe”
2025-08-08 11:54:27,842 - WARNING - [standardize_country] country lookup failed for “central or eastern europe”
2025-08-08 11:54:27,846 - WARNING - [standardize_country] country lookup failed for “sardinia”
2025-08-08 11:54:27,859 - WARNING - [standardize_country] country lookup failed for “bosnia-herzegovina”
2025-08-08 11:54:27,867 - WARNING - [standardize_country] country lookup failed for “morocoo”
2025-08-08 11:54:28,185 - INFO - 💾 Saved factory-technology graph segment to storage/output/factory-technological.xlsx
2025-08-08 11:54:28,190 - INFO - 🫂 Grouping projects...
2025-08-08 11:54:28,190 - INFO - Reading input file: storage/output/factory-technological.xlsx
2025-08-08 11:54:28,389 - INFO - Missing values per column before dropping:
2025-08-08 11:54:28,389 - INFO - adm1           1644
inst_canon        8
product_lv1     698
product_lv2    1450
dtype: int64
2025-08-08 11:54:28,390 - INFO - Dropped 1908 rows because of missing values; 1017 remain.
2025-08-08 11:54:28,390 - INFO - Unique owners before manual dict: 237
2025-08-08 11:54:28,390 - INFO - Unique owners after manual dict: 222
2025-08-08 11:54:30,708 - INFO - Saving output to ./storage/output/all_projects.xlsx
2025-08-08 11:54:30,822 - INFO - Saving filtered output to storage/output/filtered_projects.xlsx
2025-08-08 11:54:30,823 - INFO - 🏭 Importing facilities
2025-08-08 11:54:30,955 - INFO - 🗑️ Cleared existing facilities from MongoDB.
2025-08-08 11:54:30,986 - INFO - Saving a copy of facilities to Excel at storage/output/facilities.xlsx
2025-08-08 11:54:31,003 - INFO - Number of raw capacities - 246
2025-08-08 11:54:31,003 - INFO - 📅 Unique capacities remaining after deduplication (keeping earliest date): 175
2025-08-08 11:54:31,174 - INFO - ✅ Inserted 71 facilities into MongoDB, with 175 capacities.
2025-08-08 11:54:31,175 - INFO - 🧮 Determining phase summaries
2025-08-08 11:54:31,243 - INFO - 🚀 Starting summary updates for greenfield and expansion...
2025-08-08 11:54:31,976 - INFO - ✅ Updated summaries for 68 facilities.
2025-08-08 11:54:31,976 - INFO - Total pipeline time: 1.11 minutes
