2025-09-16 21:35:59,168 - INFO - Updating mongo-metadata is set to False
2025-09-16 21:35:59,168 - INFO - 🗞️ Flattening articles...
2025-09-16 21:35:59,168 - INFO - 🉑 Merging nodes and relationships...
2025-09-16 21:35:59,168 - INFO - Normalising capacities
2025-09-16 21:35:59,168 - INFO - Normalising investments
2025-09-16 21:36:04,263 - INFO - 🫂 Grouping projects...
2025-09-16 21:36:04,263 - INFO - Processing: storage/output/factory-technological-clean-capacities-investments.xlsx → storage/output/grouped-capacities.xlsx
2025-09-16 21:36:04,684 - INFO - Found 2833 rows (EU only).
2025-09-16 21:36:04,694 - INFO - ⚠️ 749 rows lack an admin_group_key after applying per-country rules.
2025-09-16 21:36:04,694 - INFO - ⚠️ 10 entries without a normalised OWNER name are dropped.
2025-09-16 21:36:04,695 - INFO - Rows reduced to 2823 after dropping missing inst_canon.
2025-09-16 21:36:04,696 - INFO - ⚠️ 367 entries without CITY are dropped.
2025-09-16 21:36:04,696 - INFO - Rows reduced to 2456 after dropping missing city_key.
2025-09-16 21:36:04,696 - INFO - ⚠️ 380 entries without a geographic locator are dropped.
2025-09-16 21:36:04,697 - INFO - Rows reduced to 2076 after dropping missing admin_group_key.
2025-09-16 21:36:04,697 - INFO - ⚠️ 337 entries without a normalised PRODUCT-LV1 are dropped.
2025-09-16 21:36:04,698 - INFO - Rows reduced to 1739 after dropping missing product_lv1.
2025-09-16 21:36:04,698 - INFO - ⚠️ 1094 total rows dropped due to missing required fields; 1739 remain.
2025-09-16 21:36:04,698 - INFO - ⚠️ 615 entries without a normalised PRODUCT-LV2.
2025-09-16 21:36:04,698 - INFO - Unique owners before manual dict: 541
2025-09-16 21:36:04,699 - INFO - Unique owners after manual dict: 490
2025-09-16 21:36:04,705 - INFO - Applied site merges to 21 rows.
2025-09-16 21:36:06,685 - INFO - Overwrote inst_canon with JV labels for 123 rows
