2025-08-20 15:46:16,372 - INFO - Updating mongo-metadata is set to False
2025-08-20 15:46:16,372 - INFO - 🗞️ Flattening articles...
2025-08-20 15:46:56,511 - INFO - 💾 Saved nodes to storage/output/all_nodes.xlsx
2025-08-20 15:46:56,511 - INFO - 💾 Saved relationships to storage/output/all_rels.xlsx
2025-08-20 15:46:56,593 - INFO - 🉑 Merging nodes and relationships...
2025-08-20 15:47:11,385 - INFO - 💾 Saved geo_lookup to storage/output/geo_lookup.json
2025-08-20 15:47:13,612 - INFO - 💾 Saved factory-technology graph segment to storage/output/factory-technological.xlsx
2025-08-20 15:47:13,633 - INFO - Normalising capacities
2025-08-20 15:47:15,708 - INFO - Capacity rows: 9736 | failed: 746 (7.7%)
2025-08-20 15:47:15,709 - INFO - normalization_case
normalize:fallback:keep-metric                       3241
normalize:already-clean:gigawatt                     2735
normalize:already-clean:gigawatt hour                1423
normalize:vehicle:missing                            1149
fallback:missing-metric                               705
normalize:already-clean:tonne                         346
normalize:invalid-input                                41
normalize:battery:energy-metric                        39
normalize:battery:keyword:vehicle                      24
normalize:battery:keyword:ev                           13
normalize:battery:keyword:car                          10
normalize:battery:module_pack:unit->gigawatt hour      10
2025-08-20 15:47:18,265 - INFO - 🫂 Grouping projects...
2025-08-20 15:47:19,323 - INFO - Found 2658 rows:
2025-08-20 15:47:19,324 - INFO - ⚠️ 360 entries without CITY are dropped, rows reduced to 2298.
2025-08-20 15:47:19,325 - INFO - Missing counts: adm1            353
inst_canon        2
product_lv1     536
product_lv2    1098
dtype: int64
2025-08-20 15:47:19,326 - INFO - ⚠️  1168 rows dropped because of missing values; 1490 remain.
2025-08-20 15:47:19,326 - INFO - Unique owners before manual dict: 453
2025-08-20 15:47:19,326 - INFO - Unique owners after manual dict: 419
2025-08-20 15:47:21,102 - INFO - Saving filtered output to storage/output/filtered_projects.xlsx
2025-08-20 15:47:21,103 - INFO - 🏭 Importing facilities
2025-08-20 15:47:21,297 - INFO - 🗑️ Cleared existing facilities from MongoDB.
2025-08-20 15:47:21,451 - INFO - Saving a copy of facilities to Excel at storage/output/facilities.xlsx
2025-08-20 15:47:21,572 - INFO - Number of raw capacities - 1490
2025-08-20 15:47:21,572 - INFO - 📅 Unique capacities remaining after deduplication (keeping earliest date): 1030
2025-08-20 15:47:21,585 - WARNING - bbox missing required keys. Available: []
2025-08-20 15:47:24,207 - INFO - ✅ Inserted 586 facilities into MongoDB, with 1030 capacities.
2025-08-20 15:47:24,212 - INFO - 🧮 Determining phase summaries
2025-08-20 15:47:24,297 - INFO - 🚀 Starting summary updates for main, greenfield and expansion...
2025-08-20 15:47:27,771 - INFO - ✅ Updated summaries for 585 facilities.
2025-08-20 15:47:27,773 - INFO - Outputting clean capacities summary data
2025-08-20 15:47:28,580 - INFO - Total pipeline time: 1.20 minutes
