2025-08-07 18:12:25,056 - INFO - Updating mongo-metadata is set to True
2025-08-07 18:12:25,915 - INFO - 📦 Loaded 1800 existing (country, city_key) pairs from MongoDB.
2025-08-07 18:12:26,324 - INFO - 📰 Found 374 article(s) containing factory nodes.
2025-08-07 18:12:26,361 - INFO - 🧹 Identified 0 new (country, city) pairs to query. Example three:
2025-08-07 18:12:26,361 - INFO - []
2025-08-07 18:12:26,361 - INFO - 📭 No new updates to write.
2025-08-07 18:12:26,361 - INFO - 🗞️ Flattening articles...
2025-08-07 18:12:37,645 - INFO - 💾 Saved nodes to storage/output/all_nodes.xlsx
2025-08-07 18:12:37,645 - INFO - 💾 Saved relationships to storage/output/all_rels.xlsx
2025-08-07 18:12:37,668 - INFO - 🉑 Merging nodes and relationships...
2025-08-07 18:12:42,134 - WARNING - [standardize_country] country lookup failed for “asia”
2025-08-07 18:12:42,139 - WARNING - [standardize_country] country lookup failed for “unclear”
2025-08-07 18:12:42,143 - WARNING - [standardize_country] country lookup failed for “europe”
2025-08-07 18:12:42,151 - WARNING - [standardize_country] country lookup failed for “sweden or finland”
2025-08-07 18:12:42,177 - WARNING - [standardize_country] country lookup failed for “northern macedonia”
2025-08-07 18:12:42,181 - WARNING - [standardize_country] country lookup failed for “eastern europe”
2025-08-07 18:12:42,186 - WARNING - [standardize_country] country lookup failed for “bavaria, germany”
2025-08-07 18:12:42,190 - WARNING - [standardize_country] country lookup failed for “china, mexico, poland, india”
2025-08-07 18:12:42,206 - WARNING - [standardize_country] country lookup failed for “germany, poland, or hungary”
2025-08-07 18:12:42,211 - WARNING - [standardize_country] country lookup failed for “democratic republic of congo”
2025-08-07 18:12:42,215 - WARNING - [standardize_country] country lookup failed for “germany-dutch”
2025-08-07 18:12:42,232 - WARNING - [standardize_country] country lookup failed for “north america”
2025-08-07 18:12:42,236 - WARNING - [standardize_country] country lookup failed for “eu and uk”
2025-08-07 18:12:42,241 - WARNING - [standardize_country] country lookup failed for “mexico, usa or canada”
2025-08-07 18:12:42,245 - WARNING - [standardize_country] country lookup failed for “western europe”
2025-08-07 18:12:42,254 - WARNING - [standardize_country] country lookup failed for “mainland europe”
2025-08-07 18:12:42,258 - WARNING - [standardize_country] country lookup failed for “central or eastern europe”
2025-08-07 18:12:42,262 - WARNING - [standardize_country] country lookup failed for “sardinia”
2025-08-07 18:12:42,275 - WARNING - [standardize_country] country lookup failed for “bosnia-herzegovina”
2025-08-07 18:12:42,284 - WARNING - [standardize_country] country lookup failed for “morocoo”
2025-08-07 18:12:42,608 - INFO - 💾 Saved factory-technology graph segment to storage/output/factory-technological.xlsx
2025-08-07 18:12:42,613 - INFO - 🫂 Grouping projects...
2025-08-07 18:12:42,613 - INFO - Reading input file: storage/output/factory-technological.xlsx
2025-08-07 18:12:42,810 - INFO - Missing values per column before dropping:
2025-08-07 18:12:42,810 - INFO - adm1           1666
inst_canon        8
product_lv1     698
product_lv2    1450
dtype: int64
2025-08-07 18:12:42,811 - INFO - Dropped 1923 rows because of missing values; 1002 remain.
2025-08-07 18:12:42,811 - INFO - Unique owners before manual dict: 232
2025-08-07 18:12:42,812 - INFO - Unique owners after manual dict: 217
2025-08-07 18:12:44,642 - INFO - Saving output to ./storage/output/all_projects.xlsx
2025-08-07 18:12:44,756 - INFO - Saving filtered output to storage/output/filtered_projects.xlsx
2025-08-07 18:12:44,757 - INFO - 🏭 Importing facilities
2025-08-07 18:12:44,932 - INFO - 🗑️ Cleared existing facilities from MongoDB.
2025-08-07 18:12:44,972 - INFO - Saving a copy of facilities to Excel at storage/output/facilities.xlsx
2025-08-07 18:12:44,990 - INFO - Number of raw capacities - 236
2025-08-07 18:12:44,990 - INFO - 📅 Unique capacities remaining after deduplication (keeping earliest date): 168
2025-08-07 18:12:45,168 - INFO - ✅ Inserted 69 facilities into MongoDB, with 168 capacities.
2025-08-07 18:12:45,169 - INFO - 🧮 Determining phase summaries
2025-08-07 18:12:45,245 - INFO - 🚀 Starting summary updates for greenfield and expansion...
2025-08-07 18:12:46,178 - INFO - ✅ Updated summaries for 66 facilities.
2025-08-07 18:12:46,179 - INFO - Total pipeline time: 0.35 minutes
