2025-08-20 14:34:04,754 - INFO - Updating mongo-metadata is set to False
2025-08-20 14:34:04,754 - INFO - 🗞️ Flattening articles...
2025-08-20 14:34:44,047 - INFO - 💾 Saved nodes to storage/output/all_nodes.xlsx
2025-08-20 14:34:44,047 - INFO - 💾 Saved relationships to storage/output/all_rels.xlsx
2025-08-20 14:34:44,137 - INFO - 🉑 Merging nodes and relationships...
2025-08-20 14:34:58,680 - INFO - 💾 Saved geo_lookup to storage/output/geo_lookup.json
2025-08-20 14:35:00,970 - INFO - 💾 Saved factory-technology graph segment to storage/output/factory-technological.xlsx
2025-08-20 14:35:00,991 - INFO - Normalising capacities
2025-08-20 14:35:02,992 - INFO - Capacity rows: 9735 | failed: 746 (7.7%)
2025-08-20 14:35:02,993 - INFO - normalization_case
normalize:fallback:keep-metric       3250
normalize:default:gigawatt           2736
normalize:default:gigawatt hour      1422
normalize:vehicle:missing            1149
fallback:missing-metric               705
normalize:default:tonne               346
normalize:invalid-input                41
normalize:battery:energy-metric        39
normalize:battery:keyword:vehicle      24
normalize:battery:keyword:ev           13
normalize:battery:keyword:car          10
2025-08-20 14:35:05,533 - INFO - 🫂 Grouping projects...
2025-08-20 14:35:06,572 - INFO - Found 2657 rows:
2025-08-20 14:35:06,573 - INFO - ⚠️ 360 entries without CITY are dropped, rows reduced to 2297.
2025-08-20 14:35:06,573 - INFO - Missing counts: adm1            353
inst_canon        1
product_lv1     533
product_lv2    1095
dtype: int64
2025-08-20 14:35:06,574 - INFO - ⚠️  1165 rows dropped because of missing values; 1492 remain.
2025-08-20 14:35:06,574 - INFO - Unique owners before manual dict: 453
2025-08-20 14:35:06,574 - INFO - Unique owners after manual dict: 419
2025-08-20 14:35:08,296 - INFO - Saving filtered output to storage/output/filtered_projects.xlsx
2025-08-20 14:35:08,297 - INFO - 🏭 Importing facilities
2025-08-20 14:35:08,475 - INFO - 🗑️ Cleared existing facilities from MongoDB.
2025-08-20 14:35:08,624 - INFO - Saving a copy of facilities to Excel at storage/output/facilities.xlsx
2025-08-20 14:35:08,717 - INFO - Number of raw capacities - 1492
2025-08-20 14:35:08,717 - INFO - 📅 Unique capacities remaining after deduplication (keeping earliest date): 1031
2025-08-20 14:35:08,730 - WARNING - bbox missing required keys. Available: []
2025-08-20 14:35:12,409 - INFO - ✅ Inserted 586 facilities into MongoDB, with 1031 capacities.
2025-08-20 14:35:12,412 - INFO - 🧮 Determining phase summaries
2025-08-20 14:35:12,490 - INFO - 🚀 Starting summary updates for main, greenfield and expansion...
2025-08-20 14:35:15,911 - INFO - ✅ Updated summaries for 585 facilities.
2025-08-20 14:35:15,913 - INFO - Outputting clean capacities summary data
