2025-08-08 14:45:02,487 - INFO - Updating mongo-metadata is set to True
2025-08-08 14:45:02,487 - INFO - 🌎 Querying geonames...
2025-08-08 14:45:03,296 - INFO - 📦 Loaded 216 existing (country, city_key) pairs from MongoDB.
2025-08-08 14:45:04,838 - INFO - 📰 Scanned 1500 article(s) with factory nodes.
2025-08-08 14:45:04,839 - INFO - 🧹 Identified 387 new (country, city) pairs to query. Example three: [('China', 'yunfu'), ('United States', 'hollister_airport'), ('United States', 'holland')]
2025-08-08 14:45:30,128 - INFO - ✅ Geonames MongoDB updated. Inserted: 1 fresh documents, Modified: 76 documents.
2025-08-08 14:45:30,130 - INFO - 🗞️ Flattening articles...
2025-08-08 14:45:42,320 - INFO - 💾 Saved nodes to storage/output/all_nodes.xlsx
2025-08-08 14:45:42,320 - INFO - 💾 Saved relationships to storage/output/all_rels.xlsx
2025-08-08 14:45:42,345 - INFO - 🉑 Merging nodes and relationships...
2025-08-08 14:45:47,194 - INFO - 💾 Saved factory-technology graph segment to storage/output/factory-technological.xlsx
2025-08-08 14:45:47,199 - INFO - 🫂 Grouping projects...
2025-08-08 14:45:47,398 - INFO - Found 2925 rows:
2025-08-08 14:45:47,398 - INFO - ⚠️ 417 entries without CITY are dropped, rows reduced to 2508.
2025-08-08 14:45:47,399 - INFO - Missing counts: adm1           2015
inst_canon        8
product_lv1     567
product_lv2    1233
dtype: int64
2025-08-08 14:45:47,399 - INFO - ⚠️  2545 rows dropped because of missing values; 380 remain.
2025-08-08 14:45:47,399 - INFO - Unique owners before manual dict: 73
2025-08-08 14:45:47,400 - INFO - Unique owners after manual dict: 64
2025-08-08 14:45:49,129 - INFO - Saving output to ./storage/output/all_projects.xlsx
2025-08-08 14:45:49,183 - INFO - Saving filtered output to storage/output/filtered_projects.xlsx
2025-08-08 14:45:49,183 - INFO - 🏭 Importing facilities
2025-08-08 14:45:49,350 - INFO - 🗑️ Cleared existing facilities from MongoDB.
2025-08-08 14:45:49,374 - INFO - Saving a copy of facilities to Excel at storage/output/facilities.xlsx
2025-08-08 14:45:49,387 - INFO - Number of raw capacities - 173
2025-08-08 14:45:49,387 - INFO - 📅 Unique capacities remaining after deduplication (keeping earliest date): 125
2025-08-08 14:45:49,485 - INFO - ✅ Inserted 44 facilities into MongoDB, with 125 capacities.
2025-08-08 14:45:49,485 - INFO - 🧮 Determining phase summaries
2025-08-08 14:45:49,556 - INFO - 🚀 Starting summary updates for greenfield and expansion...
2025-08-08 14:45:49,806 - INFO - ✅ Updated summaries for 42 facilities.
2025-08-08 14:45:49,806 - INFO - Total pipeline time: 0.79 minutes
