2025-09-16 21:50:48,454 - INFO - Updating mongo-metadata is set to False
2025-09-16 21:50:48,454 - INFO - 🗞️ Flattening articles...
2025-09-16 21:50:48,454 - INFO - 🉑 Merging nodes and relationships...
2025-09-16 21:50:48,454 - INFO - Normalising capacities
2025-09-16 21:50:48,454 - INFO - Normalising investments
2025-09-16 21:50:48,454 - INFO - 🫂 Grouping projects...
2025-09-16 21:50:48,559 - INFO - 🗑️ Cleared existing facilities from MongoDB.
2025-09-16 21:50:49,020 - INFO - Saving a copy of facilities to Excel at storage/output/facilities.xlsx
2025-09-16 21:50:49,366 - INFO - Capacities: raw=1783
2025-09-16 21:50:49,366 - INFO - Capacities: dedup=1369 | grouped=1271
2025-09-16 21:50:49,367 - INFO - applies_to distribution: {'mix': 1117, 'electric': 151, 'fossil': 3}
2025-09-16 21:50:49,432 - INFO - Number of raw capacities: 1783
2025-09-16 21:50:49,432 - INFO - 📅 Unique capacities after dedup (earliest per tuple): 1369
2025-09-16 21:50:49,547 - INFO - Investments: raw=861 | dedup=657 | grouped=603
2025-09-16 21:50:49,579 - INFO - 📈 Investment events attached (projects): 398
2025-09-16 21:50:49,603 - INFO - Facilities before filter: 1572 | inserted with capacities: 808 | skipped (non-vehicle, no capacities): 714 | vehicles with caps: 84 | vehicles without caps (inserted): 50
2025-09-16 21:50:53,442 - INFO - ✅ Inserted 858 facilities into MongoDB with 1369 unique capacity entries and 657 unique investment entries (~1714 total events attached).
2025-09-16 21:50:53,447 - INFO - 🧮 Determining phase summaries
2025-09-16 21:50:53,472 - INFO - 🚀 Starting summary updates for main, greenfield and expansion...
2025-09-16 21:50:56,882 - INFO - ✅ Updated summaries for 678 facilities.
2025-09-16 21:50:56,883 - INFO - Outputting clean capacities summary data
2025-09-16 21:50:56,883 - INFO - Total pipeline time: 0.14 minutes
