2025-08-24 12:43:58,348 - INFO - Updating mongo-metadata is set to True
2025-08-24 12:43:58,348 - INFO - 🕴️Normalising companies...
2025-08-24 12:43:59,386 - INFO - 🔢 19813 company or joint_venture nodes present
2025-08-24 12:43:59,387 - INFO - 🟢 of which 19810 already have name_canon. 3 need processing
2025-08-24 12:43:59,693 - INFO - 12 updates to be committed to mongoDB.
2025-08-24 12:44:01,244 - INFO - Batch 0: matched 1471, modified 16
2025-08-24 12:44:01,244 - INFO - 🌎 Querying geonames...
2025-08-24 12:44:02,291 - INFO - 📦 Loaded 2542 existing (country, city_key) pairs from MongoDB.
2025-08-24 12:44:13,398 - INFO - 📰 Scanned 15730 article(s) with factory nodes.
2025-08-24 12:44:13,398 - INFO - 🧹 Identified 4334 new (country, city) pairs to query. Example three: [('Netherlands', 'unspecified'), ('India', 'jalaun_district'), ('China', 'feidong_county_hefei_city')]
2025-08-24 12:44:15,057 - INFO - ✅ Geonames MongoDB updated. Inserted: 0 fresh documents, Modified: 1 documents.
2025-08-24 12:44:15,069 - INFO - 🧸 Classifying products
2025-08-24 12:44:16,217 - INFO - 🔎 Found 3689 products with attached capacities.
2025-08-24 12:50:58,783 - INFO - ✅ Batch 1: submitted=500, matched=1934, modified=4
2025-08-24 12:51:56,077 - INFO - ✅ Batch 2: submitted=500, matched=3213, modified=7
2025-08-24 12:52:53,014 - INFO - ✅ Batch 3: submitted=500, matched=4159, modified=5
2025-08-24 12:53:53,534 - INFO - ✅ Batch 4: submitted=500, matched=5053, modified=5
2025-08-24 12:54:51,698 - INFO - ✅ Batch 5: submitted=500, matched=7082, modified=1
2025-08-24 12:55:04,396 - INFO - ✅ Batch 6: submitted=109, matched=876, modified=0
2025-08-24 12:55:04,397 - INFO - 🎉 All done: processed=2609, total_matched=22317, total_modified=22
2025-08-24 12:55:04,401 - INFO - 🗞️ Flattening articles...
2025-08-24 12:55:54,638 - INFO - 💾 Saved nodes to storage/output/all_nodes.xlsx
2025-08-24 12:55:54,638 - INFO - 💾 Saved relationships to storage/output/all_rels.xlsx
2025-08-24 12:55:54,723 - INFO - 🉑 Merging nodes and relationships...
2025-08-24 12:56:09,959 - INFO - 💾 Saved geo_lookup to storage/output/geo_lookup.json
2025-08-24 12:56:11,659 - INFO - 💾 Saved: storage/output/factory_registry.xlsx
2025-08-24 12:56:26,783 - INFO - 💾 Saved geo_lookup to storage/output/geo_lookup.json
2025-08-24 12:56:27,887 - INFO - 💾 Saved: storage/output/factory-technological.xlsx
2025-08-24 12:56:42,891 - INFO - 💾 Saved geo_lookup to storage/output/geo_lookup.json
2025-08-24 12:56:43,201 - INFO - 💾 Saved: storage/output/company-joint-venture.xlsx
2025-08-24 12:56:43,213 - INFO - Normalising capacities
2025-08-24 12:56:43,884 - INFO - Capacity rows: 2767 | failed: 234 (8.5%)
2025-08-24 12:56:43,884 - INFO - normalization_case
normalize:fallback:keep-metric                                  921
normalize:already-clean:gigawatt                                648
normalize:already-clean:gigawatt hour                           584
normalize:vehicle:missing                                       281
fallback:missing-metric                                         214
normalize:already-clean:tonne                                    32
normalize:invalid-input                                          20
normalize:battery:energy-metric                                  16
normalize:battery:module_pack:battery systems->gigawatt hour     15
normalize:battery:keyword:ev                                      8
normalize:battery:keyword:vehicle                                 8
normalize:battery:module_pack:battery modules->gigawatt hour      5
normalize:battery:module_pack:unit->gigawatt hour                 5
normalize:battery:module_pack:battery packs->gigawatt hour        5
normalize:battery:module_pack:batteries->gigawatt hour            4
normalize:battery:keyword:car                                     1
2025-08-24 12:56:44,602 - INFO - 🫂 Grouping projects...
2025-08-24 12:56:44,602 - INFO - Processing: storage/output/factory-technological-clean-capacities.xlsx → storage/output/grouped-capacities.xlsx
2025-08-24 12:56:44,947 - INFO - Found 2767 rows (EU only).
2025-08-24 12:56:44,955 - INFO - ⚠️ 746 rows lack an admin_group_key after applying per-country rules.
2025-08-24 12:56:44,956 - INFO - ⚠️ 366 entries without CITY are dropped.
2025-08-24 12:56:44,957 - INFO - Rows reduced to 2401 after dropping missing city_key.
2025-08-24 12:56:44,957 - INFO - ⚠️ 380 entries without a geographic locator are dropped.
2025-08-24 12:56:44,958 - INFO - Rows reduced to 2021 after dropping missing admin_group_key.
2025-08-24 12:56:44,958 - INFO - ⚠️ 330 entries without a normalised PRODUCT-LV1 are dropped.
2025-08-24 12:56:44,958 - INFO - Rows reduced to 1691 after dropping missing product_lv1.
2025-08-24 12:56:44,958 - INFO - ⚠️ 1076 total rows dropped due to missing required fields; 1691 remain.
2025-08-24 12:56:44,958 - INFO - ⚠️ 596 entries without a normalised PRODUCT-LV2.
2025-08-24 12:56:44,958 - INFO - Unique owners before manual dict: 533
2025-08-24 12:56:44,959 - INFO - Unique owners after manual dict: 488
2025-08-24 12:56:44,964 - INFO - Applied site merges to 18 rows.
2025-08-24 12:56:47,382 - INFO - Overwrote inst_canon with JV labels for 121 rows
2025-08-24 12:56:47,636 - INFO - Saving filtered output to storage/output/grouped-capacities.xlsx
2025-08-24 12:56:47,637 - INFO - Processing: storage/output/factory_registry.xlsx → storage/output/grouped-factories.xlsx
2025-08-24 12:56:48,287 - INFO - Found 10458 rows (EU only).
2025-08-24 12:56:48,314 - INFO - ⚠️ 2492 rows lack an admin_group_key after applying per-country rules.
2025-08-24 12:56:48,316 - INFO - ⚠️ 1219 entries without CITY are dropped.
2025-08-24 12:56:48,317 - INFO - Rows reduced to 9239 after dropping missing city_key.
2025-08-24 12:56:48,317 - INFO - ⚠️ 1273 entries without a geographic locator are dropped.
2025-08-24 12:56:48,318 - INFO - Rows reduced to 7966 after dropping missing admin_group_key.
2025-08-24 12:56:48,319 - INFO - ⚠️ 3718 entries without a normalised PRODUCT-LV1 are dropped.
2025-08-24 12:56:48,319 - INFO - Rows reduced to 4248 after dropping missing product_lv1.
2025-08-24 12:56:48,319 - INFO - ⚠️ 6210 total rows dropped due to missing required fields; 4248 remain.
2025-08-24 12:56:48,319 - INFO - ⚠️ 1907 entries without a normalised PRODUCT-LV2.
2025-08-24 12:56:48,320 - INFO - Unique owners before manual dict: 966
2025-08-24 12:56:48,321 - INFO - Unique owners after manual dict: 919
2025-08-24 12:56:48,334 - INFO - Applied site merges to 47 rows.
2025-08-24 12:56:50,484 - INFO - Overwrote inst_canon with JV labels for 228 rows
2025-08-24 12:56:51,022 - INFO - Saving filtered output to storage/output/grouped-factories.xlsx
2025-08-24 12:56:51,024 - INFO - 🏭 Importing facilities
2025-08-24 12:56:51,258 - INFO - 🗑️ Cleared existing facilities from MongoDB.
2025-08-24 12:56:51,742 - INFO - Saving a copy of facilities to Excel at storage/output/facilities.xlsx
2025-08-24 12:56:52,107 - INFO - Number of raw capacities: 1691
2025-08-24 12:56:52,107 - INFO - 📅 Unique capacities after dedup (earliest per tuple): 1305
2025-08-24 12:56:52,126 - INFO - Facilities before filter: 1579 | with capacities: 673 | without capacities (skipped): 906
2025-08-24 12:56:55,360 - INFO - ✅ Inserted 673 facilities into MongoDB with 1305 deduplicated capacities attached.
2025-08-24 12:56:55,367 - INFO - 🧮 Determining phase summaries
2025-08-24 12:56:55,450 - INFO - 🚀 Starting summary updates for main, greenfield and expansion...
2025-08-24 12:56:59,211 - INFO - ✅ Updated summaries for 672 facilities.
2025-08-24 12:56:59,213 - INFO - Outputting clean capacities summary data
2025-08-24 12:57:00,413 - INFO - Total pipeline time: 13.03 minutes
