2025-08-07 19:17:11,377 - INFO - Updating mongo-metadata is set to True
2025-08-07 19:17:12,568 - INFO - 📦 Loaded 1800 existing (country, city_key) pairs from MongoDB.
2025-08-07 19:17:16,143 - INFO - 📰 Found 4778 article(s) containing factory nodes.
2025-08-07 19:17:16,164 - WARNING - [standardize_country] country lookup failed for “asia”
2025-08-07 19:17:16,168 - WARNING - [standardize_country] country lookup failed for “unclear”
2025-08-07 19:17:16,172 - WARNING - [standardize_country] country lookup failed for “europe”
2025-08-07 19:17:16,182 - WARNING - [standardize_country] country lookup failed for “sweden or finland”
2025-08-07 19:17:16,213 - WARNING - [standardize_country] country lookup failed for “northern macedonia”
2025-08-07 19:17:16,217 - WARNING - [standardize_country] country lookup failed for “eastern europe”
2025-08-07 19:17:16,222 - WARNING - [standardize_country] country lookup failed for “bavaria, germany”
2025-08-07 19:17:16,226 - WARNING - [standardize_country] country lookup failed for “china, mexico, poland, india”
2025-08-07 19:17:16,245 - WARNING - [standardize_country] country lookup failed for “germany, poland, or hungary”
2025-08-07 19:17:16,250 - WARNING - [standardize_country] country lookup failed for “democratic republic of congo”
2025-08-07 19:17:16,255 - WARNING - [standardize_country] country lookup failed for “germany-dutch”
2025-08-07 19:17:16,273 - WARNING - [standardize_country] country lookup failed for “north america”
2025-08-07 19:17:16,278 - WARNING - [standardize_country] country lookup failed for “eu and uk”
2025-08-07 19:17:16,283 - WARNING - [standardize_country] country lookup failed for “mexico, usa or canada”
2025-08-07 19:17:16,288 - WARNING - [standardize_country] country lookup failed for “western europe”
2025-08-07 19:17:16,297 - WARNING - [standardize_country] country lookup failed for “mainland europe”
2025-08-07 19:17:16,302 - WARNING - [standardize_country] country lookup failed for “central or eastern europe”
2025-08-07 19:17:16,306 - WARNING - [standardize_country] country lookup failed for “sardinia”
2025-08-07 19:17:16,321 - WARNING - [standardize_country] country lookup failed for “bosnia-herzegovina”
2025-08-07 19:17:16,330 - WARNING - [standardize_country] country lookup failed for “morocoo”
2025-08-07 19:17:16,331 - INFO - 🧹 Identified 0 new (country, city) pairs to query. Example three:
2025-08-07 19:17:16,331 - INFO - []
2025-08-07 19:17:16,331 - INFO - 📭 No new updates to write.
2025-08-07 19:17:16,336 - INFO - 🗞️ Flattening articles...
2025-08-07 19:17:27,301 - INFO - 💾 Saved nodes to storage/output/all_nodes.xlsx
2025-08-07 19:17:27,301 - INFO - 💾 Saved relationships to storage/output/all_rels.xlsx
2025-08-07 19:17:27,325 - INFO - 🉑 Merging nodes and relationships...
2025-08-07 19:17:32,163 - INFO - 💾 Saved factory-technology graph segment to storage/output/factory-technological.xlsx
2025-08-07 19:17:32,168 - INFO - 🫂 Grouping projects...
2025-08-07 19:17:32,168 - INFO - Reading input file: storage/output/factory-technological.xlsx
2025-08-07 19:17:32,364 - INFO - Missing values per column before dropping:
2025-08-07 19:17:32,364 - INFO - adm1           1666
inst_canon        8
product_lv1     698
product_lv2    1450
dtype: int64
2025-08-07 19:17:32,365 - INFO - Dropped 1923 rows because of missing values; 1002 remain.
2025-08-07 19:17:32,365 - INFO - Unique owners before manual dict: 232
2025-08-07 19:17:32,365 - INFO - Unique owners after manual dict: 217
2025-08-07 19:17:34,076 - INFO - Saving output to ./storage/output/all_projects.xlsx
2025-08-07 19:17:34,189 - INFO - Saving filtered output to storage/output/filtered_projects.xlsx
2025-08-07 19:17:34,190 - INFO - 🏭 Importing facilities
2025-08-07 19:17:34,360 - INFO - 🗑️ Cleared existing facilities from MongoDB.
2025-08-07 19:17:34,402 - INFO - Saving a copy of facilities to Excel at storage/output/facilities.xlsx
2025-08-07 19:17:34,419 - INFO - Number of raw capacities - 236
2025-08-07 19:17:34,419 - INFO - 📅 Unique capacities remaining after deduplication (keeping earliest date): 168
2025-08-07 19:17:34,585 - INFO - ✅ Inserted 69 facilities into MongoDB, with 168 capacities.
2025-08-07 19:17:34,586 - INFO - 🧮 Determining phase summaries
2025-08-07 19:17:34,655 - INFO - 🚀 Starting summary updates for greenfield and expansion...
2025-08-07 19:17:35,295 - INFO - ✅ Updated summaries for 66 facilities.
2025-08-07 19:17:35,295 - INFO - Total pipeline time: 0.40 minutes
