2025-08-17 13:59:46,306 - INFO - Updating mongo-metadata is set to True
2025-08-17 13:59:46,306 - INFO - 🌎 Querying geonames...
2025-08-17 13:59:47,254 - INFO - 📦 Loaded 910 existing (country, city_key) pairs from MongoDB.
2025-08-17 13:59:48,234 - INFO - 📰 Scanned 2000 article(s) with factory nodes.
2025-08-17 13:59:48,234 - INFO - 🧹 Identified 416 new (country, city) pairs to query. Example three: [('United States', 'lathrop'), ('China', 'shenyang'), ('United States', 'ypsilanti')]
2025-08-17 14:00:10,647 - INFO - ✅ Geonames MongoDB updated. Inserted: 0 fresh documents, Modified: 24 documents.
2025-08-17 14:00:10,649 - INFO - 🗞️ Flattening articles...
2025-08-17 14:00:46,695 - INFO - 💾 Saved nodes to storage/output/all_nodes.xlsx
2025-08-17 14:00:46,696 - INFO - 💾 Saved relationships to storage/output/all_rels.xlsx
2025-08-17 14:00:46,782 - INFO - 🉑 Merging nodes and relationships...
2025-08-17 14:01:02,904 - INFO - 💾 Saved factory-technology graph segment to storage/output/factory-technological.xlsx
2025-08-17 14:01:02,924 - INFO - Normalising capacities
2025-08-17 14:01:04,933 - INFO - Capacity rows: 9409 | failed: 631 (6.7%)
2025-08-17 14:01:04,933 - INFO - normalization_case
normalize:fallback:keep-metric       3243
normalize:default:gigawatt           2658
normalize:default:gigawatt hour      1360
normalize:vehicle:missing            1098
fallback:missing-metric               593
normalize:default:tonne               336
normalize:invalid-input                38
normalize:battery:energy-metric        37
normalize:battery:keyword:vehicle      23
normalize:battery:keyword:ev           13
normalize:battery:keyword:car          10
2025-08-17 14:01:07,402 - INFO - 🫂 Grouping projects...
2025-08-17 14:01:08,407 - INFO - Found 2574 rows:
2025-08-17 14:01:08,408 - INFO - ⚠️ 355 entries without CITY are dropped, rows reduced to 2219.
2025-08-17 14:01:08,408 - INFO - Missing counts: adm1            886
inst_canon       17
product_lv1     510
product_lv2    1075
dtype: int64
2025-08-17 14:01:08,409 - INFO - ⚠️  1510 rows dropped because of missing values; 1064 remain.
2025-08-17 14:01:08,409 - INFO - Unique owners before manual dict: 291
2025-08-17 14:01:08,409 - INFO - Unique owners after manual dict: 263
2025-08-17 14:01:10,154 - INFO - Saving filtered output to storage/output/filtered_projects.xlsx
2025-08-17 14:01:10,155 - INFO - 🏭 Importing facilities
2025-08-17 14:01:10,325 - INFO - 🗑️ Cleared existing facilities from MongoDB.
2025-08-17 14:01:10,428 - INFO - Saving a copy of facilities to Excel at storage/output/facilities.xlsx
2025-08-17 14:01:10,486 - INFO - Number of raw capacities - 1064
2025-08-17 14:01:10,486 - INFO - 📅 Unique capacities remaining after deduplication (keeping earliest date): 702
2025-08-17 14:01:12,272 - INFO - ✅ Inserted 356 facilities into MongoDB, with 702 capacities.
2025-08-17 14:01:12,275 - INFO - 🧮 Determining phase summaries
2025-08-17 14:01:12,346 - INFO - 🚀 Starting summary updates for greenfield and expansion...
2025-08-17 14:01:14,422 - INFO - ✅ Updated summaries for 321 facilities.
2025-08-17 14:01:14,422 - INFO - Outputting clean capacities summary data
2025-08-17 14:01:14,821 - INFO - Total pipeline time: 1.48 minutes
