2025-08-26 17:40:06,254 - INFO - Updating mongo-metadata is set to False
2025-08-26 17:40:06,254 - INFO - 🗞️ Flattening articles...
2025-08-26 17:40:43,780 - INFO - 💾 Saved nodes to storage/output/all_nodes.xlsx
2025-08-26 17:40:43,780 - INFO - 💾 Saved relationships to storage/output/all_rels.xlsx
2025-08-26 17:40:43,862 - INFO - 🉑 Merging nodes and relationships...
2025-08-26 17:40:59,006 - INFO - 💾 Saved geo_lookup to storage/output/geo_lookup.json
2025-08-26 17:41:01,349 - INFO - 💾 Saved: storage/output/factory_registry.xlsx
2025-08-26 17:41:16,451 - INFO - 💾 Saved geo_lookup to storage/output/geo_lookup.json
2025-08-26 17:41:17,588 - INFO - 💾 Saved: storage/output/factory-technological.xlsx
2025-08-26 17:41:32,665 - INFO - 💾 Saved geo_lookup to storage/output/geo_lookup.json
2025-08-26 17:41:32,971 - INFO - 💾 Saved: storage/output/company-joint-venture.xlsx
2025-08-26 17:41:32,984 - INFO - Normalising capacities
2025-08-26 17:41:33,652 - INFO - Capacity rows: 2777 | failed: 246 (8.9%)
2025-08-26 17:41:33,652 - INFO - normalization_case
normalize:fallback:keep-metric                                  924
normalize:already-clean:gigawatt                                648
normalize:already-clean:gigawatt hour                           584
normalize:vehicle:missing                                       275
fallback:missing-metric                                         231
normalize:already-clean:tonne                                    32
normalize:battery:module_pack:battery systems->gigawatt hour     16
normalize:battery:energy-metric                                  16
normalize:invalid-input                                          15
normalize:battery:keyword:ev                                      8
normalize:battery:keyword:vehicle                                 8
normalize:battery:module_pack:battery modules->gigawatt hour      5
normalize:battery:module_pack:unit->gigawatt hour                 5
normalize:battery:module_pack:battery packs->gigawatt hour        5
normalize:battery:module_pack:batteries->gigawatt hour            4
normalize:battery:keyword:car                                     1
2025-08-26 17:41:34,371 - INFO - 🫂 Grouping projects...
2025-08-26 17:41:34,371 - INFO - Processing: storage/output/factory-technological-clean-capacities.xlsx → storage/output/grouped-capacities.xlsx
2025-08-26 17:41:34,720 - INFO - Found 2777 rows (EU only).
2025-08-26 17:41:34,728 - INFO - ⚠️ 745 rows lack an admin_group_key after applying per-country rules.
2025-08-26 17:41:34,728 - INFO - ⚠️ 5 entries without a normalised OWNER name are dropped.
2025-08-26 17:41:34,728 - INFO - Rows reduced to 2772 after dropping missing inst_canon.
2025-08-26 17:41:34,729 - INFO - ⚠️ 366 entries without CITY are dropped.
2025-08-26 17:41:34,729 - INFO - Rows reduced to 2406 after dropping missing city_key.
2025-08-26 17:41:34,729 - INFO - ⚠️ 379 entries without a geographic locator are dropped.
2025-08-26 17:41:34,730 - INFO - Rows reduced to 2027 after dropping missing admin_group_key.
2025-08-26 17:41:34,730 - INFO - ⚠️ 349 entries without a normalised PRODUCT-LV1 are dropped.
2025-08-26 17:41:34,730 - INFO - Rows reduced to 1678 after dropping missing product_lv1.
2025-08-26 17:41:34,730 - INFO - ⚠️ 1099 total rows dropped due to missing required fields; 1678 remain.
2025-08-26 17:41:34,731 - INFO - ⚠️ 589 entries without a normalised PRODUCT-LV2.
2025-08-26 17:41:34,731 - INFO - Unique owners before manual dict: 533
2025-08-26 17:41:34,731 - INFO - Unique owners after manual dict: 484
2025-08-26 17:41:34,737 - INFO - Applied site merges to 21 rows.
2025-08-26 17:41:36,536 - INFO - Overwrote inst_canon with JV labels for 121 rows
2025-08-26 17:41:36,793 - INFO - Saving filtered output to storage/output/grouped-capacities.xlsx
2025-08-26 17:41:36,794 - INFO - Processing: storage/output/factory_registry.xlsx → storage/output/grouped-factories.xlsx
2025-08-26 17:41:37,478 - INFO - Found 10503 rows (EU only).
2025-08-26 17:41:37,505 - INFO - ⚠️ 2489 rows lack an admin_group_key after applying per-country rules.
2025-08-26 17:41:37,505 - INFO - ⚠️ 15 entries without a normalised OWNER name are dropped.
2025-08-26 17:41:37,506 - INFO - Rows reduced to 10488 after dropping missing inst_canon.
2025-08-26 17:41:37,506 - INFO - ⚠️ 1215 entries without CITY are dropped.
2025-08-26 17:41:37,508 - INFO - Rows reduced to 9273 after dropping missing city_key.
2025-08-26 17:41:37,508 - INFO - ⚠️ 1274 entries without a geographic locator are dropped.
2025-08-26 17:41:37,509 - INFO - Rows reduced to 7999 after dropping missing admin_group_key.
2025-08-26 17:41:37,509 - INFO - ⚠️ 3741 entries without a normalised PRODUCT-LV1 are dropped.
2025-08-26 17:41:37,510 - INFO - Rows reduced to 4258 after dropping missing product_lv1.
2025-08-26 17:41:37,510 - INFO - ⚠️ 6245 total rows dropped due to missing required fields; 4258 remain.
2025-08-26 17:41:37,510 - INFO - ⚠️ 1917 entries without a normalised PRODUCT-LV2.
2025-08-26 17:41:37,510 - INFO - Unique owners before manual dict: 966
2025-08-26 17:41:37,511 - INFO - Unique owners after manual dict: 907
2025-08-26 17:41:37,524 - INFO - Applied site merges to 50 rows.
2025-08-26 17:41:39,348 - INFO - Overwrote inst_canon with JV labels for 228 rows
2025-08-26 17:41:39,877 - INFO - Saving filtered output to storage/output/grouped-factories.xlsx
2025-08-26 17:41:39,879 - INFO - 🏭 Importing facilities
2025-08-26 17:41:40,035 - INFO - 🗑️ Cleared existing facilities from MongoDB.
2025-08-26 17:41:40,511 - INFO - Saving a copy of facilities to Excel at storage/output/facilities.xlsx
2025-08-26 17:41:40,864 - INFO - Capacities: raw=1722
2025-08-26 17:41:40,864 - INFO - Capacities: dedup=1334 | grouped=1244
2025-08-26 17:41:40,865 - INFO - Sample grouped capacities (5):
                          project_id product_lv1  capacity_normalized             status      phase       date               article_id   product_lv2
000bce41-78b7-5039-822b-3e45d76619a2        wind                0.015        operational    unclear 2025-06-01 684ebaeffb4b25699262e371 (deployment,)
00f10e98-6a20-503d-8ade-f6c090947d33     battery                5.300 under construction  expansion 2021-09-01 68a1d9055ac9693745e0c271            ()
00f10e98-6a20-503d-8ade-f6c090947d33     battery                1.700          announced greenfield 2021-09-01 68a1d9055ac9693745e0c271            ()
00f10e98-6a20-503d-8ade-f6c090947d33     battery                4.000          announced  expansion 2021-09-01 68a1d9055ac9693745e0c271            ()
01f5fda5-9a1c-5692-bda9-b8356318d486    hydrogen               15.000        operational greenfield 2022-11-01 67fa62f638fb90ab92f8c389            ()
2025-08-26 17:41:40,866 - INFO - applies_to distribution: {'mix': 1113, 'electric': 130, 'fossil': 1}
2025-08-26 17:41:40,929 - INFO - Number of raw capacities: 1722
2025-08-26 17:41:40,929 - INFO - 📅 Unique capacities after dedup (earliest per tuple): 1334
2025-08-26 17:41:40,950 - INFO - Facilities before filter: 1560 | inserted with capacities: 667 | skipped (non-vehicle, no capacities): 832 | vehicles with caps: 63 | vehicles without caps (inserted): 61
2025-08-26 17:41:43,519 - INFO - ✅ Inserted 728 facilities into MongoDB with 1334 deduplicated capacities attached.
2025-08-26 17:41:43,527 - INFO - 🧮 Determining phase summaries
2025-08-26 17:41:43,599 - INFO - 🚀 Starting summary updates for main, greenfield and expansion...
2025-08-26 17:41:47,280 - INFO - ✅ Updated summaries for 665 facilities.
2025-08-26 17:41:47,281 - INFO - Outputting clean capacities summary data
2025-08-26 17:41:48,408 - INFO - Total pipeline time: 1.70 minutes
