2025-08-21 23:22:22,251 - INFO - Updating mongo-metadata is set to False
2025-08-21 23:22:22,251 - INFO - 🗞️ Flattening articles...
2025-08-21 23:23:02,801 - INFO - 💾 Saved nodes to storage/output/all_nodes.xlsx
2025-08-21 23:23:02,801 - INFO - 💾 Saved relationships to storage/output/all_rels.xlsx
2025-08-21 23:23:02,888 - INFO - 🉑 Merging nodes and relationships...
2025-08-21 23:23:18,264 - INFO - 💾 Saved geo_lookup to storage/output/geo_lookup.json
2025-08-21 23:23:19,805 - INFO - 💾 Saved: storage/output/factory-technological.xlsx
2025-08-21 23:23:35,370 - INFO - 💾 Saved geo_lookup to storage/output/geo_lookup.json
2025-08-21 23:23:35,744 - INFO - 💾 Saved: storage/output/company-joint-venture.xlsx
2025-08-21 23:23:35,757 - INFO - Normalising capacities
2025-08-21 23:23:36,414 - INFO - Capacity rows: 2766 | failed: 230 (8.3%)
2025-08-21 23:23:36,414 - INFO - normalization_case
normalize:fallback:keep-metric                                  931
normalize:already-clean:gigawatt hour                           589
normalize:already-clean:gigawatt                                558
normalize:vehicle:missing                                       313
fallback:missing-metric                                         210
normalize:already-clean:tonne                                    77
normalize:invalid-input                                          20
normalize:battery:energy-metric                                  16
normalize:battery:module_pack:battery systems->gigawatt hour     15
normalize:battery:keyword:vehicle                                 9
normalize:battery:keyword:ev                                      8
normalize:battery:module_pack:battery modules->gigawatt hour      5
normalize:battery:module_pack:unit->gigawatt hour                 5
normalize:battery:module_pack:battery packs->gigawatt hour        5
normalize:battery:module_pack:batteries->gigawatt hour            4
normalize:battery:keyword:car                                     1
2025-08-21 23:23:37,136 - INFO - 🫂 Grouping projects...
2025-08-21 23:23:37,459 - INFO - Found 2766 rows:
2025-08-21 23:23:37,460 - INFO - ⚠️ 366 entries without CITY are dropped, rows reduced to 2400.
2025-08-21 23:23:37,460 - INFO - Missing counts: adm1            369
inst_canon        0
product_lv1     584
product_lv2    1165
dtype: int64
2025-08-21 23:23:37,461 - INFO - ⚠️  1234 rows dropped because of missing values; 1532 remain.
2025-08-21 23:23:37,461 - INFO - Unique owners before manual dict: 468
2025-08-21 23:23:37,461 - INFO - Unique owners after manual dict: 430
2025-08-21 23:23:39,238 - INFO - Saving filtered output to storage/output/filtered_projects.xlsx
2025-08-21 23:23:39,239 - INFO - 🏭 Importing facilities
2025-08-21 23:23:39,430 - INFO - 🗑️ Cleared existing facilities from MongoDB.
2025-08-21 23:23:39,592 - INFO - Saving a copy of facilities to Excel at storage/output/facilities.xlsx
2025-08-21 23:23:39,686 - INFO - Number of raw capacities - 1532
2025-08-21 23:23:39,686 - INFO - 📅 Unique capacities remaining after deduplication (keeping earliest date): 1058
2025-08-21 23:23:39,700 - WARNING - bbox missing required keys. Available: []
2025-08-21 23:23:42,397 - INFO - ✅ Inserted 603 facilities into MongoDB, with 1058 capacities.
2025-08-21 23:23:42,401 - INFO - 🧮 Determining phase summaries
2025-08-21 23:23:42,489 - INFO - 🚀 Starting summary updates for main, greenfield and expansion...
2025-08-21 23:23:45,892 - INFO - ✅ Updated summaries for 602 facilities.
2025-08-21 23:23:45,894 - INFO - Outputting clean capacities summary data
2025-08-21 23:23:46,844 - INFO - Total pipeline time: 1.41 minutes
