2025-08-22 21:40:57,288 - INFO - Updating mongo-metadata is set to False
2025-08-22 21:40:57,288 - INFO - 🉑 Merging nodes and relationships...
2025-08-22 21:41:12,810 - INFO - 💾 Saved geo_lookup to storage/output/geo_lookup.json
2025-08-22 21:41:14,983 - INFO - 💾 Saved: storage/output/factory_registry.xlsx
2025-08-22 21:41:30,490 - INFO - 💾 Saved geo_lookup to storage/output/geo_lookup.json
2025-08-22 21:41:31,506 - INFO - 💾 Saved: storage/output/factory-technological.xlsx
2025-08-22 21:41:47,002 - INFO - 💾 Saved geo_lookup to storage/output/geo_lookup.json
2025-08-22 21:41:47,329 - INFO - 💾 Saved: storage/output/company-joint-venture.xlsx
2025-08-22 21:41:47,341 - INFO - Normalising capacities
2025-08-22 21:41:47,960 - INFO - Capacity rows: 2782 | failed: 223 (8.0%)
2025-08-22 21:41:47,961 - INFO - normalization_case
normalize:fallback:keep-metric                                  878
normalize:already-clean:gigawatt                                624
normalize:already-clean:gigawatt hour                           580
normalize:vehicle:missing                                       326
fallback:missing-metric                                         203
normalize:already-clean:tonne                                    82
normalize:invalid-input                                          20
normalize:battery:energy-metric                                  17
normalize:battery:module_pack:battery systems->gigawatt hour     15
normalize:battery:keyword:vehicle                                 9
normalize:battery:keyword:ev                                      8
normalize:battery:module_pack:battery modules->gigawatt hour      5
normalize:battery:module_pack:unit->gigawatt hour                 5
normalize:battery:module_pack:battery packs->gigawatt hour        5
normalize:battery:module_pack:batteries->gigawatt hour            4
normalize:battery:keyword:car                                     1
2025-08-22 21:41:48,750 - INFO - 🫂 Grouping projects...
2025-08-22 21:41:48,750 - INFO - Processing: storage/output/factory-technological-clean-capacities.xlsx → storage/output/grouped-capacities.xlsx
2025-08-22 21:41:49,133 - INFO - Found 2782 rows (EU only).
2025-08-22 21:41:49,134 - INFO - ⚠️ 366 entries without CITY are dropped.
2025-08-22 21:41:49,134 - INFO - Rows reduced to 2416 after dropping missing city_key.
2025-08-22 21:41:49,134 - INFO - ⚠️ 376 entries without ADM1 are dropped.
2025-08-22 21:41:49,135 - INFO - Rows reduced to 2040 after dropping missing adm1.
2025-08-22 21:41:49,135 - INFO - ⚠️ 389 entries without a normalised PRODUCT-LV1 are dropped.
2025-08-22 21:41:49,136 - INFO - Rows reduced to 1651 after dropping missing product_lv1.
2025-08-22 21:41:49,136 - INFO - ⚠️ 1131 total rows dropped due to missing required fields; 1651 remain.
2025-08-22 21:41:49,136 - INFO - ⚠️ 562 entries without a normalised PRODUCT-LV2.
2025-08-22 21:41:49,136 - INFO - Unique owners before manual dict: 514
2025-08-22 21:41:49,137 - INFO - Unique owners after manual dict: 475
2025-08-22 21:41:51,238 - INFO - Saving filtered output to storage/output/grouped-capacities.xlsx
2025-08-22 21:41:51,238 - INFO - Saving filtered output to storage/output/filtered_projects.xlsx
2025-08-22 21:41:51,239 - INFO - Processing: storage/output/factory_registry.xlsx → storage/output/grouped-factories.xlsx
2025-08-22 21:41:51,819 - INFO - Found 10410 rows (EU only).
2025-08-22 21:41:51,820 - INFO - ⚠️ 1218 entries without CITY are dropped.
2025-08-22 21:41:51,821 - INFO - Rows reduced to 9192 after dropping missing city_key.
2025-08-22 21:41:51,821 - INFO - ⚠️ 1270 entries without ADM1 are dropped.
2025-08-22 21:41:51,822 - INFO - Rows reduced to 7922 after dropping missing adm1.
2025-08-22 21:41:51,822 - INFO - ⚠️ 3815 entries without a normalised PRODUCT-LV1 are dropped.
2025-08-22 21:41:51,823 - INFO - Rows reduced to 4107 after dropping missing product_lv1.
2025-08-22 21:41:51,823 - INFO - ⚠️ 6303 total rows dropped due to missing required fields; 4107 remain.
2025-08-22 21:41:51,823 - INFO - ⚠️ 1747 entries without a normalised PRODUCT-LV2.
2025-08-22 21:41:51,823 - INFO - Unique owners before manual dict: 939
2025-08-22 21:41:51,825 - INFO - Unique owners after manual dict: 898
2025-08-22 21:41:54,123 - INFO - Saving filtered output to storage/output/grouped-factories.xlsx
2025-08-22 21:41:54,123 - INFO - Saving filtered output to storage/output/filtered_projects.xlsx
2025-08-22 21:41:54,125 - INFO - 🏭 Importing facilities
2025-08-22 21:41:54,303 - INFO - 🗑️ Cleared existing facilities from MongoDB.
2025-08-22 21:41:54,511 - INFO - Saving a copy of facilities to Excel at storage/output/facilities.xlsx
2025-08-22 21:41:54,619 - INFO - Number of raw capacities - 1651
2025-08-22 21:41:54,619 - INFO - 📅 Unique capacities remaining after deduplication (keeping earliest date): 1136
2025-08-22 21:41:54,634 - WARNING - bbox missing required keys. Available: []
2025-08-22 21:41:57,299 - INFO - ✅ Inserted 646 facilities into MongoDB, with 1136 capacities.
2025-08-22 21:41:57,303 - INFO - 🧮 Determining phase summaries
2025-08-22 21:41:57,377 - INFO - 🚀 Starting summary updates for main, greenfield and expansion...
2025-08-22 21:41:59,962 - INFO - ✅ Updated summaries for 645 facilities.
2025-08-22 21:41:59,964 - INFO - Outputting clean capacities summary data
2025-08-22 21:42:02,780 - INFO - Total pipeline time: 1.09 minutes
