2025-08-13 14:16:09,895 - INFO - Updating mongo-metadata is set to True
2025-08-13 14:16:09,895 - INFO - 🕴️Normalising companies...
2025-08-13 14:16:11,549 - INFO - 🔢 11943 company or joint_venture nodes present
2025-08-13 14:16:11,550 - INFO - 🟢 of which 9745 already have name_canon. 2198 need processing
2025-08-13 14:16:16,261 - INFO - 3048 updates to be committed to mongoDB.
2025-08-13 14:17:02,918 - INFO - Batch 0: matched 2033, modified 1275
2025-08-13 14:17:49,463 - INFO - Batch 1: matched 1936, modified 1194
2025-08-13 14:18:38,250 - INFO - Batch 2: matched 2928, modified 1478
2025-08-13 14:19:28,588 - INFO - Batch 3: matched 2992, modified 1376
2025-08-13 14:20:16,627 - INFO - Batch 4: matched 3660, modified 1269
2025-08-13 14:21:07,193 - INFO - Batch 5: matched 3153, modified 1372
2025-08-13 14:21:13,831 - INFO - Batch 6: matched 310, modified 131
2025-08-13 14:21:13,837 - INFO - 🌎 Querying geonames...
2025-08-13 14:21:14,290 - INFO - 📦 Loaded 770 existing (country, city_key) pairs from MongoDB.
2025-08-13 14:21:14,888 - INFO - 📰 Scanned 276 article(s) with factory nodes.
2025-08-13 14:21:14,889 - INFO - 🧹 Identified 259 new (country, city) pairs to query. Example three: [('India', 'khavda_rann_of_kutch'), ('Australia', 'gympie'), ('United States', 'california')]
2025-08-13 14:21:14,908 - INFO - 📭 No new updates to write.
2025-08-13 14:21:14,908 - INFO - 🗞️ Flattening articles...
2025-08-13 14:21:38,190 - INFO - 💾 Saved nodes to storage/output/all_nodes.xlsx
2025-08-13 14:21:38,190 - INFO - 💾 Saved relationships to storage/output/all_rels.xlsx
2025-08-13 14:21:38,236 - INFO - 🉑 Merging nodes and relationships...
2025-08-13 14:21:47,812 - INFO - 💾 Saved factory-technology graph segment to storage/output/factory-technological.xlsx
2025-08-13 14:21:47,822 - INFO - Normalising capacities
2025-08-13 14:21:48,822 - INFO - Capacity rows: 5014 | failed: 519 (10.4%)
2025-08-13 14:21:48,823 - INFO - normalization_case
normalize:fallback:keep-metric       1752
normalize:default:gigawatt hour      1238
normalize:vehicle:missing             973
fallback:missing-metric               489
normalize:default:gigawatt            275
normalize:default:tonne               185
normalize:battery:energy-metric        31
normalize:invalid-input                30
normalize:battery:keyword:vehicle      19
normalize:battery:keyword:ev           13
normalize:battery:keyword:car           9
2025-08-13 14:21:50,075 - INFO - 🫂 Grouping projects...
2025-08-13 14:21:50,589 - INFO - Found 1549 rows:
2025-08-13 14:21:50,590 - INFO - ⚠️ 167 entries without CITY are dropped, rows reduced to 1382.
2025-08-13 14:21:50,591 - INFO - Missing counts: adm1           483
inst_canon       1
product_lv1    527
product_lv2    758
dtype: int64
2025-08-13 14:21:50,591 - INFO - ⚠️  888 rows dropped because of missing values; 661 remain.
2025-08-13 14:21:50,591 - INFO - Unique owners before manual dict: 160
2025-08-13 14:21:50,591 - INFO - Unique owners after manual dict: 139
2025-08-13 14:21:52,566 - INFO - Saving filtered output to storage/output/filtered_projects.xlsx
2025-08-13 14:21:52,566 - INFO - 🏭 Importing facilities
2025-08-13 14:21:52,812 - INFO - 🗑️ Cleared existing facilities from MongoDB.
2025-08-13 14:21:52,901 - INFO - Saving a copy of facilities to Excel at storage/output/facilities.xlsx
2025-08-13 14:21:52,934 - INFO - Number of raw capacities - 661
2025-08-13 14:21:52,934 - INFO - 📅 Unique capacities remaining after deduplication (keeping earliest date): 437
2025-08-13 14:21:53,274 - INFO - ✅ Inserted 188 facilities into MongoDB, with 437 capacities.
2025-08-13 14:21:53,276 - INFO - 🧮 Determining phase summaries
2025-08-13 14:21:53,381 - INFO - 🚀 Starting summary updates for greenfield and expansion...
2025-08-13 14:21:54,327 - INFO - ✅ Updated summaries for 174 facilities.
2025-08-13 14:21:54,327 - INFO - Outputting clean capacities summary data
2025-08-13 14:21:54,614 - INFO - Total pipeline time: 5.75 minutes
