2025-08-21 14:40:45,436 - INFO - Updating mongo-metadata is set to True
2025-08-21 14:40:45,436 - INFO - 🕴️Normalising companies...
2025-08-21 14:40:46,374 - INFO - 🔢 19780 company or joint_venture nodes present
2025-08-21 14:40:46,374 - INFO - 🟢 of which 19738 already have name_canon. 42 need processing
2025-08-21 14:40:46,964 - INFO - 109 updates to be committed to mongoDB.
2025-08-21 14:40:59,626 - INFO - Batch 0: matched 6589, modified 132
2025-08-21 14:40:59,628 - INFO - 🌎 Querying geonames...
2025-08-21 14:41:00,118 - INFO - 📦 Loaded 2497 existing (country, city_key) pairs from MongoDB.
2025-08-21 14:41:06,772 - INFO - 📰 Scanned 15669 article(s) with factory nodes.
2025-08-21 14:41:06,772 - INFO - 🧹 Identified 4362 new (country, city) pairs to query. Example three: [('Oman', 'al_dakhiliyah_governorate'), ('Korea, Republic of', 'euiwang'), ('Russian Federation', 'snezhnogorsk')]
2025-08-21 14:41:27,166 - INFO - ✅ Geonames MongoDB updated. Inserted: 0 fresh documents, Modified: 30 documents.
2025-08-21 14:41:27,168 - INFO - 🗞️ Flattening articles...
2025-08-21 14:42:04,694 - INFO - 💾 Saved nodes to storage/output/all_nodes.xlsx
2025-08-21 14:42:04,694 - INFO - 💾 Saved relationships to storage/output/all_rels.xlsx
2025-08-21 14:42:04,776 - INFO - 🉑 Merging nodes and relationships...
2025-08-21 14:42:19,564 - INFO - 💾 Saved geo_lookup to storage/output/geo_lookup.json
2025-08-21 14:42:20,552 - INFO - 💾 Saved factory-technology graph segment to storage/output/factory-technological.xlsx
2025-08-21 14:42:20,573 - INFO - Normalising capacities
2025-08-21 14:42:21,217 - INFO - Capacity rows: 2695 | failed: 221 (8.2%)
2025-08-21 14:42:21,217 - INFO - normalization_case
normalize:fallback:keep-metric                                  910
normalize:already-clean:gigawatt hour                           567
normalize:already-clean:gigawatt                                542
normalize:vehicle:missing                                       310
fallback:missing-metric                                         201
normalize:already-clean:tonne                                    77
normalize:invalid-input                                          20
normalize:battery:energy-metric                                  16
normalize:battery:module_pack:battery systems->gigawatt hour     15
normalize:battery:keyword:vehicle                                 9
normalize:battery:keyword:ev                                      8
normalize:battery:module_pack:battery modules->gigawatt hour      5
normalize:battery:module_pack:unit->gigawatt hour                 5
normalize:battery:module_pack:battery packs->gigawatt hour        5
normalize:battery:module_pack:batteries->gigawatt hour            4
normalize:battery:keyword:car                                     1
2025-08-21 14:42:21,942 - INFO - 🫂 Grouping projects...
2025-08-21 14:42:22,252 - INFO - Found 2695 rows:
2025-08-21 14:42:22,252 - INFO - ⚠️ 362 entries without CITY are dropped, rows reduced to 2333.
2025-08-21 14:42:22,253 - INFO - Missing counts: adm1            354
inst_canon        0
product_lv1     581
product_lv2    1141
dtype: int64
2025-08-21 14:42:22,253 - INFO - ⚠️  1214 rows dropped because of missing values; 1481 remain.
2025-08-21 14:42:22,253 - INFO - Unique owners before manual dict: 453
2025-08-21 14:42:22,254 - INFO - Unique owners after manual dict: 419
2025-08-21 14:42:24,005 - INFO - Saving filtered output to storage/output/filtered_projects.xlsx
2025-08-21 14:42:24,006 - INFO - 🏭 Importing facilities
2025-08-21 14:42:24,171 - INFO - 🗑️ Cleared existing facilities from MongoDB.
2025-08-21 14:42:24,317 - INFO - Saving a copy of facilities to Excel at storage/output/facilities.xlsx
2025-08-21 14:42:24,405 - INFO - Number of raw capacities - 1481
2025-08-21 14:42:24,405 - INFO - 📅 Unique capacities remaining after deduplication (keeping earliest date): 1020
2025-08-21 14:42:24,418 - WARNING - bbox missing required keys. Available: []
2025-08-21 14:42:28,896 - INFO - ✅ Inserted 586 facilities into MongoDB, with 1020 capacities.
2025-08-21 14:42:28,903 - INFO - 🧮 Determining phase summaries
2025-08-21 14:42:28,979 - INFO - 🚀 Starting summary updates for main, greenfield and expansion...
2025-08-21 14:42:32,974 - INFO - ✅ Updated summaries for 585 facilities.
2025-08-21 14:42:32,975 - INFO - Outputting clean capacities summary data
2025-08-21 14:42:34,083 - INFO - Total pipeline time: 1.81 minutes
