2025-08-14 16:31:46,058 - INFO - Updating mongo-metadata is set to True
2025-08-14 16:31:46,058 - INFO - 🌎 Querying geonames...
2025-08-14 16:31:46,843 - INFO - 📦 Loaded 770 existing (country, city_key) pairs from MongoDB.
2025-08-14 16:31:47,328 - INFO - 📰 Scanned 276 article(s) with factory nodes.
2025-08-14 16:31:47,328 - INFO - 🧹 Identified 259 new (country, city) pairs to query. Example three: [('Chile', 'atacama'), ('India', 'khavda'), ('India', 'uttar_pradesh')]
2025-08-14 16:31:47,367 - INFO - 📭 No new updates to write.
2025-08-14 16:31:47,367 - INFO - 🗞️ Flattening articles...
2025-08-14 16:32:14,640 - INFO - 💾 Saved nodes to storage/output/all_nodes.xlsx
2025-08-14 16:32:14,640 - INFO - 💾 Saved relationships to storage/output/all_rels.xlsx
2025-08-14 16:32:14,699 - INFO - 🉑 Merging nodes and relationships...
2025-08-14 16:32:26,708 - INFO - 💾 Saved factory-technology graph segment to storage/output/factory-technological.xlsx
2025-08-14 16:32:26,722 - INFO - Normalising capacities
2025-08-14 16:32:28,059 - INFO - Capacity rows: 6619 | failed: 543 (8.2%)
2025-08-14 16:32:28,059 - INFO - normalization_case
normalize:fallback:keep-metric       2858
normalize:default:gigawatt hour      1325
normalize:vehicle:missing             988
normalize:default:gigawatt            626
fallback:missing-metric               513
normalize:default:tonne               204
normalize:battery:energy-metric        32
normalize:invalid-input                30
normalize:battery:keyword:vehicle      21
normalize:battery:keyword:ev           13
normalize:battery:keyword:car           9
2025-08-14 16:32:29,706 - INFO - 🫂 Grouping projects...
2025-08-14 16:32:30,385 - INFO - Found 1957 rows:
2025-08-14 16:32:30,386 - INFO - ⚠️ 233 entries without CITY are dropped, rows reduced to 1724.
2025-08-14 16:32:30,386 - INFO - Missing counts: adm1            751
inst_canon      334
product_lv1     771
product_lv2    1030
dtype: int64
2025-08-14 16:32:30,387 - INFO - ⚠️  1281 rows dropped because of missing values; 676 remain.
2025-08-14 16:32:30,387 - INFO - Unique owners before manual dict: 167
2025-08-14 16:32:30,387 - INFO - Unique owners after manual dict: 145
2025-08-14 16:32:32,082 - INFO - Saving filtered output to storage/output/filtered_projects.xlsx
2025-08-14 16:32:32,083 - INFO - 🏭 Importing facilities
2025-08-14 16:32:32,240 - INFO - 🗑️ Cleared existing facilities from MongoDB.
2025-08-14 16:32:32,321 - INFO - Saving a copy of facilities to Excel at storage/output/facilities.xlsx
2025-08-14 16:32:32,357 - INFO - Number of raw capacities - 676
2025-08-14 16:32:32,357 - INFO - 📅 Unique capacities remaining after deduplication (keeping earliest date): 444
2025-08-14 16:32:33,168 - INFO - ✅ Inserted 194 facilities into MongoDB, with 444 capacities.
2025-08-14 16:32:33,169 - INFO - 🧮 Determining phase summaries
2025-08-14 16:32:33,239 - INFO - 🚀 Starting summary updates for greenfield and expansion...
2025-08-14 16:32:34,212 - INFO - ✅ Updated summaries for 179 facilities.
2025-08-14 16:32:34,213 - INFO - Outputting clean capacities summary data
2025-08-14 16:32:34,413 - INFO - Total pipeline time: 0.81 minutes
