2025-09-24 00:14:08,576 - INFO - Updating mongo-metadata is set to False
2025-09-24 00:14:08,576 - INFO - 🏭 Importing facilities
2025-09-24 00:14:10,688 - INFO - Facilities → inserts: 0 | updates: 0 | total input: 1649
2025-09-24 00:14:10,691 - INFO - 📅 Assigning events to facilities
2025-09-24 00:14:11,087 - INFO - Capacities raw=1797 → grouped=1275 | Investments raw=865 → grouped=607
2025-09-24 00:14:11,718 - INFO - attach_events → facilities matched: 884 | missing: 37 | to update: 884
2025-09-24 00:14:15,371 - INFO - ✅ attach_events: updated 884 facilities.
2025-09-24 00:14:15,378 - INFO - 🔢 Assigning phase number
2025-09-24 00:14:16,780 - INFO - Project 0ec09a24-125b-5eee-a2c2-db6f7c89e362 | events updated: 1
2025-09-24 00:14:17,282 - INFO - Project 1fba0998-ffe7-54f5-a236-919e234e7829 | events updated: 1
2025-09-24 00:14:17,285 - INFO - Project 408c902f-cfa7-504a-9977-6439e267cf6f | events updated: 2
2025-09-24 00:14:17,288 - INFO - Project 655601d6-44d7-5fae-9f00-aed5f36c0462 | events updated: 1
2025-09-24 00:14:17,289 - INFO - Project 69a8d694-a8ef-5977-9cb4-95e721a1c2b5 | events updated: 2
2025-09-24 00:14:17,289 - INFO - Project 6d0da839-f19a-5497-8a1f-befe19c9e09b | events updated: 2
2025-09-24 00:14:17,290 - INFO - Project 792aa593-f545-506e-876a-c8156d0c4131 | events updated: 1
2025-09-24 00:14:17,290 - INFO - Project 7a65fbfe-29d4-5f10-95e3-8cf4634b0088 | events updated: 1
2025-09-24 00:14:17,291 - INFO - Project 868eec56-32a9-5703-bb1c-5381dda72cb9 | events updated: 1
2025-09-24 00:14:17,292 - INFO - Project 8c10f625-fea2-51ad-a118-adb9ac7fbea1 | events updated: 1
2025-09-24 00:14:17,292 - INFO - Project 91c3a3a6-5ae4-5816-bdb3-9af8631e0671 | events updated: 1
2025-09-24 00:14:17,293 - INFO - Project 9aa81188-d35f-5bf6-b760-44b1f80b4d6c | events updated: 1
2025-09-24 00:14:17,299 - INFO - Project f2de5535-0d2e-5fe4-971b-d70bcab45f62 | events updated: 1
2025-09-24 00:14:17,299 - INFO - Project f3187b2a-14b8-5526-ac0e-fa9f6dc48897 | events updated: 1
2025-09-24 00:14:17,400 - INFO - Bulk write: matched 14, modified 14
2025-09-24 00:14:17,400 - INFO - Finished. Docs scanned: 1649 | Docs changed: 14 | Event updates applied: 17 | Mode: COMMIT
2025-09-24 00:14:17,400 - INFO - 🚀 Starting summary updates for main, phase 1 and phase 2...
2025-09-24 00:14:21,972 - INFO - ✅ Updated summaries for 0 facilities.
2025-09-24 00:14:21,974 - INFO - ✅ Phase summaries computed.
2025-09-24 00:14:23,244 - INFO - Total pipeline time: 0.24 minutes
