2025-08-13 14:14:44,739 - INFO - Updating mongo-metadata is set to False
2025-08-13 14:14:44,739 - INFO - 🗞️ Flattening articles...
2025-08-13 14:15:07,901 - INFO - 💾 Saved nodes to storage/output/all_nodes.xlsx
2025-08-13 14:15:07,902 - INFO - 💾 Saved relationships to storage/output/all_rels.xlsx
2025-08-13 14:15:07,950 - INFO - 🉑 Merging nodes and relationships...
2025-08-13 14:15:17,771 - INFO - 💾 Saved factory-technology graph segment to storage/output/factory-technological.xlsx
2025-08-13 14:15:17,781 - INFO - Normalising capacities
2025-08-13 14:15:18,800 - INFO - Capacity rows: 5004 | failed: 519 (10.4%)
2025-08-13 14:15:18,800 - INFO - normalization_case
normalize:fallback:keep-metric       1742
normalize:default:gigawatt hour      1238
normalize:vehicle:missing             973
fallback:missing-metric               489
normalize:default:gigawatt            275
normalize:default:tonne               185
normalize:battery:energy-metric        31
normalize:invalid-input                30
normalize:battery:keyword:vehicle      19
normalize:battery:keyword:ev           13
normalize:battery:keyword:car           9
2025-08-13 14:15:20,059 - INFO - 🫂 Grouping projects...
2025-08-13 14:15:20,577 - INFO - Found 1546 rows:
2025-08-13 14:15:20,578 - INFO - ⚠️ 167 entries without CITY are dropped, rows reduced to 1379.
2025-08-13 14:15:20,578 - INFO - Missing counts: adm1           480
inst_canon     159
product_lv1    524
product_lv2    755
dtype: int64
2025-08-13 14:15:20,579 - INFO - ⚠️  885 rows dropped because of missing values; 661 remain.
2025-08-13 14:15:20,579 - INFO - Unique owners before manual dict: 160
2025-08-13 14:15:20,579 - INFO - Unique owners after manual dict: 139
2025-08-13 14:15:22,632 - INFO - Saving filtered output to storage/output/filtered_projects.xlsx
2025-08-13 14:15:22,633 - INFO - 🏭 Importing facilities
2025-08-13 14:15:22,859 - INFO - 🗑️ Cleared existing facilities from MongoDB.
2025-08-13 14:15:22,937 - INFO - Saving a copy of facilities to Excel at storage/output/facilities.xlsx
2025-08-13 14:15:22,972 - INFO - Number of raw capacities - 661
2025-08-13 14:15:22,972 - INFO - 📅 Unique capacities remaining after deduplication (keeping earliest date): 437
2025-08-13 14:15:24,540 - INFO - ✅ Inserted 188 facilities into MongoDB, with 437 capacities.
2025-08-13 14:15:24,542 - INFO - 🧮 Determining phase summaries
2025-08-13 14:15:24,645 - INFO - 🚀 Starting summary updates for greenfield and expansion...
2025-08-13 14:15:25,490 - INFO - ✅ Updated summaries for 174 facilities.
2025-08-13 14:15:25,491 - INFO - Outputting clean capacities summary data
2025-08-13 14:15:25,754 - INFO - Total pipeline time: 0.68 minutes
