2025-08-19 17:14:04,483 - INFO - Updating mongo-metadata is set to True
2025-08-19 17:14:04,483 - INFO - 🕴️Normalising companies...
2025-08-19 17:14:05,800 - INFO - 🔢 19721 company or joint_venture nodes present
2025-08-19 17:14:05,801 - INFO - 🟢 of which 19151 already have name_canon. 570 need processing
2025-08-19 17:14:07,678 - INFO - 1089 updates to be committed to mongoDB.
2025-08-19 17:15:06,251 - INFO - Batch 0: matched 7295, modified 1223
2025-08-19 17:16:05,508 - INFO - Batch 1: matched 8098, modified 1089
2025-08-19 17:16:15,700 - INFO - Batch 2: matched 1114, modified 230
2025-08-19 17:16:15,703 - INFO - 🗞️ Flattening articles...
2025-08-19 17:16:52,435 - INFO - 💾 Saved nodes to storage/output/all_nodes.xlsx
2025-08-19 17:16:52,435 - INFO - 💾 Saved relationships to storage/output/all_rels.xlsx
2025-08-19 17:16:52,518 - INFO - 🉑 Merging nodes and relationships...
2025-08-19 17:17:09,409 - INFO - 💾 Saved factory-technology graph segment to storage/output/factory-technological.xlsx
2025-08-19 17:17:09,436 - INFO - Normalising capacities
2025-08-19 17:17:11,412 - INFO - Capacity rows: 9735 | failed: 782 (8.0%)
2025-08-19 17:17:11,413 - INFO - normalization_case
normalize:fallback:keep-metric       3265
normalize:default:gigawatt           2731
normalize:default:gigawatt hour      1434
normalize:vehicle:missing            1104
fallback:missing-metric               741
normalize:default:tonne               336
normalize:invalid-input                41
normalize:battery:energy-metric        37
normalize:battery:keyword:vehicle      23
normalize:battery:keyword:ev           13
normalize:battery:keyword:car          10
2025-08-19 17:17:13,870 - INFO - 🫂 Grouping projects...
2025-08-19 17:17:14,856 - INFO - Found 2654 rows:
2025-08-19 17:17:14,857 - INFO - ⚠️ 360 entries without CITY are dropped, rows reduced to 2294.
2025-08-19 17:17:14,857 - INFO - Missing counts: adm1           1166
inst_canon        0
product_lv1     555
product_lv2    1128
dtype: int64
2025-08-19 17:17:14,858 - INFO - ⚠️  1839 rows dropped because of missing values; 815 remain.
2025-08-19 17:17:14,858 - INFO - Unique owners before manual dict: 300
2025-08-19 17:17:14,858 - INFO - Unique owners after manual dict: 284
2025-08-19 17:17:16,476 - INFO - Saving filtered output to storage/output/filtered_projects.xlsx
2025-08-19 17:17:16,477 - INFO - 🏭 Importing facilities
2025-08-19 17:17:16,657 - INFO - 🗑️ Cleared existing facilities from MongoDB.
2025-08-19 17:17:16,756 - INFO - Saving a copy of facilities to Excel at storage/output/facilities.xlsx
2025-08-19 17:17:16,814 - INFO - Number of raw capacities - 815
2025-08-19 17:17:16,814 - INFO - 📅 Unique capacities remaining after deduplication (keeping earliest date): 564
2025-08-19 17:17:16,821 - WARNING - bbox missing required keys. Available: []
2025-08-19 17:17:18,580 - INFO - ✅ Inserted 366 facilities into MongoDB, with 564 capacities.
2025-08-19 17:17:18,581 - INFO - 🧮 Determining phase summaries
2025-08-19 17:17:18,655 - INFO - 🚀 Starting summary updates for greenfield and expansion...
2025-08-19 17:17:20,705 - INFO - ✅ Updated summaries for 333 facilities.
2025-08-19 17:17:20,706 - INFO - Outputting clean capacities summary data
2025-08-19 17:17:21,338 - INFO - Total pipeline time: 3.28 minutes
