2025-08-17 15:15:22,818 - INFO - Updating mongo-metadata is set to True
2025-08-17 15:15:22,818 - INFO - 🕴️Normalising companies...
2025-08-17 15:15:24,178 - INFO - 🔢 19132 company or joint_venture nodes present
2025-08-17 15:15:24,179 - INFO - 🟢 of which 19099 already have name_canon. 33 need processing
2025-08-17 15:15:24,753 - INFO - 70 updates to be committed to mongoDB.
2025-08-17 15:15:32,833 - INFO - Batch 0: matched 2473, modified 82
2025-08-17 15:15:32,833 - INFO - 🌎 Querying geonames...
2025-08-17 15:15:33,218 - INFO - 📦 Loaded 934 existing (country, city_key) pairs from MongoDB.
2025-08-17 15:15:36,350 - INFO - 📰 Scanned 3000 article(s) with factory nodes.
2025-08-17 15:15:36,350 - INFO - 🧹 Identified 570 new (country, city) pairs to query. Example three: [('South Africa', 'rosslyn'), ('China', 'shiyan'), ('Canada', 'british_columbia')]
2025-08-17 15:15:57,450 - INFO - ✅ Geonames MongoDB updated. Inserted: 0 fresh documents, Modified: 34 documents.
2025-08-17 15:15:57,455 - INFO - 🗞️ Flattening articles...
2025-08-17 15:16:36,389 - INFO - 💾 Saved nodes to storage/output/all_nodes.xlsx
2025-08-17 15:16:36,389 - INFO - 💾 Saved relationships to storage/output/all_rels.xlsx
2025-08-17 15:16:36,470 - INFO - 🉑 Merging nodes and relationships...
2025-08-17 15:16:52,285 - INFO - 💾 Saved factory-technology graph segment to storage/output/factory-technological.xlsx
2025-08-17 15:16:52,304 - INFO - Normalising capacities
2025-08-17 15:16:54,228 - INFO - Capacity rows: 9409 | failed: 631 (6.7%)
2025-08-17 15:16:54,229 - INFO - normalization_case
normalize:fallback:keep-metric       3243
normalize:default:gigawatt           2658
normalize:default:gigawatt hour      1360
normalize:vehicle:missing            1098
fallback:missing-metric               593
normalize:default:tonne               336
normalize:invalid-input                38
normalize:battery:energy-metric        37
normalize:battery:keyword:vehicle      23
normalize:battery:keyword:ev           13
normalize:battery:keyword:car          10
2025-08-17 15:16:56,606 - INFO - 🫂 Grouping projects...
2025-08-17 15:16:57,583 - INFO - Found 2574 rows:
2025-08-17 15:16:57,584 - INFO - ⚠️ 355 entries without CITY are dropped, rows reduced to 2219.
2025-08-17 15:16:57,585 - INFO - Missing counts: adm1            886
inst_canon        0
product_lv1     510
product_lv2    1075
dtype: int64
2025-08-17 15:16:57,585 - INFO - ⚠️  1510 rows dropped because of missing values; 1064 remain.
2025-08-17 15:16:57,585 - INFO - Unique owners before manual dict: 291
2025-08-17 15:16:57,586 - INFO - Unique owners after manual dict: 263
2025-08-17 15:16:59,412 - INFO - Saving filtered output to storage/output/filtered_projects.xlsx
2025-08-17 15:16:59,413 - INFO - 🏭 Importing facilities
2025-08-17 15:16:59,562 - INFO - 🗑️ Cleared existing facilities from MongoDB.
2025-08-17 15:16:59,670 - INFO - Saving a copy of facilities to Excel at storage/output/facilities.xlsx
2025-08-17 15:16:59,728 - INFO - Number of raw capacities - 1064
2025-08-17 15:16:59,728 - INFO - 📅 Unique capacities remaining after deduplication (keeping earliest date): 702
2025-08-17 15:17:01,503 - INFO - ✅ Inserted 356 facilities into MongoDB, with 702 capacities.
2025-08-17 15:17:01,505 - INFO - 🧮 Determining phase summaries
2025-08-17 15:17:01,581 - INFO - 🚀 Starting summary updates for greenfield and expansion...
2025-08-17 15:17:03,653 - INFO - ✅ Updated summaries for 321 facilities.
2025-08-17 15:17:03,655 - INFO - Outputting clean capacities summary data
2025-08-17 15:17:04,072 - INFO - Total pipeline time: 1.69 minutes
