2025-08-22 15:01:46,319 - INFO - Updating mongo-metadata is set to False
2025-08-22 15:01:46,319 - INFO - 🫂 Grouping projects...
2025-08-22 15:01:46,692 - INFO - Found 2781 rows:
2025-08-22 15:01:46,694 - INFO - ⚠️ 366 entries without CITY are dropped, rows reduced to 2415.
2025-08-22 15:01:46,694 - INFO - Missing counts: adm1            381
inst_canon       24
product_lv1     609
product_lv2    1190
dtype: int64
2025-08-22 15:01:46,695 - INFO - ⚠️  1259 rows dropped because of missing values; 1522 remain.
2025-08-22 15:01:46,695 - INFO - Unique owners before manual dict: 463
2025-08-22 15:01:46,696 - INFO - Unique owners after manual dict: 425
2025-08-22 15:01:49,384 - INFO - Saving filtered output to storage/output/filtered_projects.xlsx
2025-08-22 15:01:49,385 - INFO - 🏭 Importing facilities
2025-08-22 15:01:49,563 - INFO - 🗑️ Cleared existing facilities from MongoDB.
2025-08-22 15:01:49,720 - INFO - Saving a copy of facilities to Excel at storage/output/facilities.xlsx
2025-08-22 15:01:49,815 - INFO - Number of raw capacities - 1522
2025-08-22 15:01:49,815 - INFO - 📅 Unique capacities remaining after deduplication (keeping earliest date): 1048
2025-08-22 15:01:49,830 - WARNING - bbox missing required keys. Available: []
2025-08-22 15:01:52,492 - INFO - ✅ Inserted 598 facilities into MongoDB, with 1048 capacities.
2025-08-22 15:01:52,495 - INFO - 🧮 Determining phase summaries
2025-08-22 15:01:52,577 - INFO - 🚀 Starting summary updates for main, greenfield and expansion...
2025-08-22 15:01:55,000 - INFO - ✅ Updated summaries for 597 facilities.
2025-08-22 15:01:55,002 - INFO - Outputting clean capacities summary data
2025-08-22 15:01:57,701 - INFO - Total pipeline time: 0.19 minutes
