2025-08-23 16:37:14,645 - INFO - Updating mongo-metadata is set to False
2025-08-23 16:37:14,646 - INFO - 🗞️ Flattening articles...
2025-08-23 16:38:05,371 - INFO - 💾 Saved nodes to storage/output/all_nodes.xlsx
2025-08-23 16:38:05,371 - INFO - 💾 Saved relationships to storage/output/all_rels.xlsx
2025-08-23 16:38:05,456 - INFO - 🉑 Merging nodes and relationships...
2025-08-23 16:38:21,118 - INFO - 💾 Saved geo_lookup to storage/output/geo_lookup.json
2025-08-23 16:38:23,428 - INFO - 💾 Saved: storage/output/factory_registry.xlsx
2025-08-23 16:38:39,214 - INFO - 💾 Saved geo_lookup to storage/output/geo_lookup.json
2025-08-23 16:38:40,333 - INFO - 💾 Saved: storage/output/factory-technological.xlsx
2025-08-23 16:38:56,031 - INFO - 💾 Saved geo_lookup to storage/output/geo_lookup.json
2025-08-23 16:38:56,340 - INFO - 💾 Saved: storage/output/company-joint-venture.xlsx
2025-08-23 16:38:56,352 - INFO - Normalising capacities
2025-08-23 16:38:57,018 - INFO - Capacity rows: 2796 | failed: 223 (8.0%)
2025-08-23 16:38:57,018 - INFO - normalization_case
normalize:fallback:keep-metric                                  888
normalize:already-clean:gigawatt                                624
normalize:already-clean:gigawatt hour                           584
normalize:vehicle:missing                                       326
fallback:missing-metric                                         203
normalize:already-clean:tonne                                    82
normalize:invalid-input                                          20
normalize:battery:energy-metric                                  17
normalize:battery:module_pack:battery systems->gigawatt hour     15
normalize:battery:keyword:vehicle                                 9
normalize:battery:keyword:ev                                      8
normalize:battery:module_pack:battery modules->gigawatt hour      5
normalize:battery:module_pack:unit->gigawatt hour                 5
normalize:battery:module_pack:battery packs->gigawatt hour        5
normalize:battery:module_pack:batteries->gigawatt hour            4
normalize:battery:keyword:car                                     1
2025-08-23 16:38:57,733 - INFO - 🫂 Grouping projects...
2025-08-23 16:38:57,733 - INFO - Processing: storage/output/factory-technological-clean-capacities.xlsx → storage/output/grouped-capacities.xlsx
2025-08-23 16:38:58,085 - INFO - Found 2796 rows (EU only).
2025-08-23 16:38:58,093 - INFO - ⚠️ 745 rows lack an admin_group_key after applying per-country rules.
2025-08-23 16:38:58,093 - INFO - ⚠️ 13 entries without a normalised OWNER name are dropped.
2025-08-23 16:38:58,094 - INFO - Rows reduced to 2783 after dropping missing inst_canon.
2025-08-23 16:38:58,094 - INFO - ⚠️ 366 entries without CITY are dropped.
2025-08-23 16:38:58,095 - INFO - Rows reduced to 2417 after dropping missing city_key.
2025-08-23 16:38:58,095 - INFO - ⚠️ 376 entries without a geographic locator are dropped.
2025-08-23 16:38:58,095 - INFO - Rows reduced to 2041 after dropping missing admin_group_key.
2025-08-23 16:38:58,095 - INFO - ⚠️ 391 entries without a normalised PRODUCT-LV1 are dropped.
2025-08-23 16:38:58,096 - INFO - Rows reduced to 1650 after dropping missing product_lv1.
2025-08-23 16:38:58,096 - INFO - ⚠️ 1146 total rows dropped due to missing required fields; 1650 remain.
2025-08-23 16:38:58,096 - INFO - ⚠️ 561 entries without a normalised PRODUCT-LV2.
2025-08-23 16:38:58,096 - INFO - Unique owners before manual dict: 513
2025-08-23 16:38:58,096 - INFO - Unique owners after manual dict: 471
2025-08-23 16:38:58,102 - INFO - Applied site merges to 9 rows.
2025-08-23 16:39:00,875 - INFO - Overwrote inst_canon with JV labels for 117 rows
2025-08-23 16:39:01,132 - INFO - Saving filtered output to storage/output/grouped-capacities.xlsx
2025-08-23 16:39:01,133 - INFO - Processing: storage/output/factory_registry.xlsx → storage/output/grouped-factories.xlsx
2025-08-23 16:39:01,784 - INFO - Found 10420 rows (EU only).
2025-08-23 16:39:01,811 - INFO - ⚠️ 2490 rows lack an admin_group_key after applying per-country rules.
2025-08-23 16:39:01,812 - INFO - ⚠️ 10 entries without a normalised OWNER name are dropped.
2025-08-23 16:39:01,813 - INFO - Rows reduced to 10410 after dropping missing inst_canon.
2025-08-23 16:39:01,813 - INFO - ⚠️ 1218 entries without CITY are dropped.
2025-08-23 16:39:01,814 - INFO - Rows reduced to 9192 after dropping missing city_key.
2025-08-23 16:39:01,815 - INFO - ⚠️ 1270 entries without a geographic locator are dropped.
2025-08-23 16:39:01,816 - INFO - Rows reduced to 7922 after dropping missing admin_group_key.
2025-08-23 16:39:01,816 - INFO - ⚠️ 3816 entries without a normalised PRODUCT-LV1 are dropped.
2025-08-23 16:39:01,817 - INFO - Rows reduced to 4106 after dropping missing product_lv1.
2025-08-23 16:39:01,817 - INFO - ⚠️ 6314 total rows dropped due to missing required fields; 4106 remain.
2025-08-23 16:39:01,817 - INFO - ⚠️ 1746 entries without a normalised PRODUCT-LV2.
2025-08-23 16:39:01,817 - INFO - Unique owners before manual dict: 938
2025-08-23 16:39:01,818 - INFO - Unique owners after manual dict: 894
2025-08-23 16:39:01,831 - INFO - Applied site merges to 21 rows.
2025-08-23 16:39:04,430 - INFO - Overwrote inst_canon with JV labels for 221 rows
2025-08-23 16:39:04,947 - INFO - Saving filtered output to storage/output/grouped-factories.xlsx
2025-08-23 16:39:04,949 - INFO - 🏭 Importing facilities
2025-08-23 16:39:05,297 - INFO - 🗑️ Cleared existing facilities from MongoDB.
2025-08-23 16:39:05,761 - INFO - Saving a copy of facilities to Excel at storage/output/facilities.xlsx
2025-08-23 16:39:06,116 - INFO - Number of raw capacities: 1650
2025-08-23 16:39:06,116 - INFO - 📅 Unique capacities after dedup (earliest per tuple): 1261
2025-08-23 16:39:06,136 - INFO - Facilities before filter: 1503 | with capacities: 645 | without capacities (skipped): 858
2025-08-23 16:39:09,279 - INFO - ✅ Inserted 645 facilities into MongoDB with 1261 deduplicated capacities attached.
2025-08-23 16:39:09,288 - INFO - 🧮 Determining phase summaries
2025-08-23 16:39:09,459 - INFO - 🚀 Starting summary updates for main, greenfield and expansion...
2025-08-23 16:39:13,785 - INFO - ✅ Updated summaries for 644 facilities.
2025-08-23 16:39:13,787 - INFO - Outputting clean capacities summary data
2025-08-23 16:39:15,426 - INFO - Total pipeline time: 2.01 minutes
