2025-08-08 14:47:12,343 - INFO - Updating mongo-metadata is set to True
2025-08-08 14:47:12,343 - INFO - 🌎 Querying geonames...
2025-08-08 14:47:13,242 - INFO - 📦 Loaded 350 existing (country, city_key) pairs from MongoDB.
2025-08-08 14:47:14,927 - INFO - 📰 Scanned 3000 article(s) with factory nodes.
2025-08-08 14:47:14,928 - INFO - 🧹 Identified 681 new (country, city) pairs to query. Example three: [('China', 'shangrao_jiangxi'), ('Korea, Republic of', 'incheon'), ('China', 'foshan')]
2025-08-08 14:47:57,765 - INFO - ✅ Geonames MongoDB updated. Inserted: 1 fresh documents, Modified: 144 documents.
2025-08-08 14:47:57,765 - INFO - 🗞️ Flattening articles...
2025-08-08 14:48:08,943 - INFO - 💾 Saved nodes to storage/output/all_nodes.xlsx
2025-08-08 14:48:08,943 - INFO - 💾 Saved relationships to storage/output/all_rels.xlsx
2025-08-08 14:48:08,967 - INFO - 🉑 Merging nodes and relationships...
2025-08-08 14:48:13,750 - INFO - 💾 Saved factory-technology graph segment to storage/output/factory-technological.xlsx
2025-08-08 14:48:13,755 - INFO - 🫂 Grouping projects...
2025-08-08 14:48:13,948 - INFO - Found 2925 rows:
2025-08-08 14:48:13,949 - INFO - ⚠️ 417 entries without CITY are dropped, rows reduced to 2508.
2025-08-08 14:48:13,950 - INFO - Missing counts: adm1           1846
inst_canon        8
product_lv1     567
product_lv2    1233
dtype: int64
2025-08-08 14:48:13,950 - INFO - ⚠️  2422 rows dropped because of missing values; 503 remain.
2025-08-08 14:48:13,950 - INFO - Unique owners before manual dict: 101
2025-08-08 14:48:13,950 - INFO - Unique owners after manual dict: 86
2025-08-08 14:48:15,685 - INFO - Saving output to ./storage/output/all_projects.xlsx
2025-08-08 14:48:15,760 - INFO - Saving filtered output to storage/output/filtered_projects.xlsx
2025-08-08 14:48:15,761 - INFO - 🏭 Importing facilities
2025-08-08 14:48:15,909 - INFO - 🗑️ Cleared existing facilities from MongoDB.
2025-08-08 14:48:15,951 - INFO - Saving a copy of facilities to Excel at storage/output/facilities.xlsx
2025-08-08 14:48:15,969 - INFO - Number of raw capacities - 287
2025-08-08 14:48:15,969 - INFO - 📅 Unique capacities remaining after deduplication (keeping earliest date): 196
2025-08-08 14:48:16,055 - INFO - ✅ Inserted 70 facilities into MongoDB, with 196 capacities.
2025-08-08 14:48:16,056 - INFO - 🧮 Determining phase summaries
2025-08-08 14:48:16,122 - INFO - 🚀 Starting summary updates for greenfield and expansion...
2025-08-08 14:48:16,443 - INFO - ✅ Updated summaries for 67 facilities.
2025-08-08 14:48:16,443 - INFO - Total pipeline time: 1.07 minutes
