2025-08-13 12:31:59,127 - INFO - Updating mongo-metadata is set to False
2025-08-13 12:31:59,127 - INFO - 🗞️ Flattening articles...
2025-08-13 12:32:21,052 - INFO - 💾 Saved nodes to storage/output/all_nodes.xlsx
2025-08-13 12:32:21,052 - INFO - 💾 Saved relationships to storage/output/all_rels.xlsx
2025-08-13 12:32:21,099 - INFO - 🉑 Merging nodes and relationships...
2025-08-13 12:32:30,513 - INFO - 💾 Saved factory-technology graph segment to storage/output/factory-technological.xlsx
2025-08-13 12:32:30,524 - INFO - Normalising capacities
2025-08-13 12:32:31,514 - INFO - Capacity rows: 4898 | failed: 101 (2.1%)
2025-08-13 12:32:31,515 - INFO - normalization_case
fallback:normalize-default           2040
normalize:default:gigawatt hour      1236
normalize:vehicle:missing             973
normalize:default:gigawatt            275
normalize:default:tonne               185
normalize:battery:metric-present      112
normalize:invalid-input                49
normalize:battery:keyword:vehicle      13
normalize:battery:keyword:ev            9
normalize:battery:keyword:car           6
2025-08-13 12:32:32,736 - INFO - 🫂 Grouping projects...
2025-08-13 12:32:33,241 - INFO - Found 1505 rows:
2025-08-13 12:32:33,242 - INFO - ⚠️ 161 entries without CITY are dropped, rows reduced to 1344.
2025-08-13 12:32:33,242 - INFO - Missing counts: adm1           453
inst_canon     124
product_lv1    489
product_lv2    720
dtype: int64
2025-08-13 12:32:33,243 - INFO - ⚠️  844 rows dropped because of missing values; 661 remain.
2025-08-13 12:32:33,243 - INFO - Unique owners before manual dict: 160
2025-08-13 12:32:33,243 - INFO - Unique owners after manual dict: 139
2025-08-13 12:32:34,952 - INFO - Saving filtered output to storage/output/filtered_projects.xlsx
2025-08-13 12:32:34,952 - INFO - 🏭 Importing facilities
2025-08-13 12:32:35,126 - INFO - 🗑️ Cleared existing facilities from MongoDB.
2025-08-13 12:32:35,210 - INFO - Saving a copy of facilities to Excel at storage/output/facilities.xlsx
2025-08-13 12:32:35,244 - INFO - Number of raw capacities - 661
2025-08-13 12:32:35,244 - INFO - 📅 Unique capacities remaining after deduplication (keeping earliest date): 437
2025-08-13 12:32:36,151 - INFO - ✅ Inserted 188 facilities into MongoDB, with 437 capacities.
2025-08-13 12:32:36,153 - INFO - 🧮 Determining phase summaries
2025-08-13 12:32:36,227 - INFO - 🚀 Starting summary updates for greenfield and expansion...
2025-08-13 12:32:37,100 - INFO - ✅ Updated summaries for 174 facilities.
2025-08-13 12:32:37,101 - INFO - Outputting clean capacities summary data
2025-08-13 12:32:37,310 - INFO - Total pipeline time: 0.64 minutes
