2025-08-18 19:10:02,749 - INFO - Updating mongo-metadata is set to True
2025-08-18 19:10:02,749 - INFO - 🕴️Normalising companies...
2025-08-18 19:10:04,049 - INFO - 🔢 19154 company or joint_venture nodes present
2025-08-18 19:10:04,049 - INFO - 🟢 of which 19152 already have name_canon. 2 need processing
2025-08-18 19:10:04,331 - INFO - 0 updates to be committed to mongoDB.
2025-08-18 19:10:04,332 - INFO - 🌎 Querying geonames...
2025-08-18 19:10:04,784 - INFO - 📦 Loaded 2495 existing (country, city_key) pairs from MongoDB.
2025-08-18 19:10:08,080 - INFO - 📰 Scanned 14940 article(s) with factory nodes.
2025-08-18 19:10:08,081 - INFO - 🧹 Identified 4203 new (country, city) pairs to query. Example three: [('Saudi Arabia', 'neom'), ('Turkey', 'bursa'), ('Australia', 'gove')]
2025-08-18 19:10:08,543 - INFO - 📭 No new updates to write.
2025-08-18 19:10:08,545 - INFO - 🗞️ Flattening articles...
2025-08-18 19:10:41,325 - INFO - 💾 Saved nodes to storage/output/all_nodes.xlsx
2025-08-18 19:10:41,326 - INFO - 💾 Saved relationships to storage/output/all_rels.xlsx
2025-08-18 19:10:41,413 - INFO - 🉑 Merging nodes and relationships...
2025-08-18 19:10:57,280 - INFO - 💾 Saved factory-technology graph segment to storage/output/factory-technological.xlsx
2025-08-18 19:10:57,301 - INFO - Normalising capacities
2025-08-18 19:10:59,248 - INFO - Capacity rows: 9439 | failed: 633 (6.7%)
2025-08-18 19:10:59,248 - INFO - normalization_case
normalize:fallback:keep-metric       3243
normalize:default:gigawatt           2658
normalize:default:gigawatt hour      1388
normalize:vehicle:missing            1098
fallback:missing-metric               595
normalize:default:tonne               336
normalize:invalid-input                38
normalize:battery:energy-metric        37
normalize:battery:keyword:vehicle      23
normalize:battery:keyword:ev           13
normalize:battery:keyword:car          10
2025-08-18 19:11:01,620 - INFO - 🫂 Grouping projects...
2025-08-18 19:11:02,599 - INFO - Found 2594 rows:
2025-08-18 19:11:02,600 - INFO - ⚠️ 355 entries without CITY are dropped, rows reduced to 2239.
2025-08-18 19:11:02,600 - INFO - Missing counts: adm1            475
inst_canon        0
product_lv1     530
product_lv2    1095
dtype: int64
2025-08-18 19:11:02,601 - INFO - ⚠️  1258 rows dropped because of missing values; 1336 remain.
2025-08-18 19:11:02,601 - INFO - Unique owners before manual dict: 416
2025-08-18 19:11:02,601 - INFO - Unique owners after manual dict: 385
2025-08-18 19:11:04,355 - INFO - Saving filtered output to storage/output/filtered_projects.xlsx
2025-08-18 19:11:04,356 - INFO - 🏭 Importing facilities
2025-08-18 19:11:04,539 - INFO - 🗑️ Cleared existing facilities from MongoDB.
2025-08-18 19:11:04,681 - INFO - Saving a copy of facilities to Excel at storage/output/facilities.xlsx
2025-08-18 19:11:04,764 - INFO - Number of raw capacities - 1336
2025-08-18 19:11:04,764 - INFO - 📅 Unique capacities remaining after deduplication (keeping earliest date): 921
2025-08-18 19:11:04,776 - WARNING - bbox missing required keys. Available: []
2025-08-18 19:11:06,461 - INFO - ✅ Inserted 523 facilities into MongoDB, with 921 capacities.
2025-08-18 19:11:06,464 - INFO - 🧮 Determining phase summaries
2025-08-18 19:11:07,533 - INFO - 🚀 Starting summary updates for greenfield and expansion...
2025-08-18 19:11:09,650 - INFO - ✅ Updated summaries for 473 facilities.
2025-08-18 19:11:09,651 - INFO - Outputting clean capacities summary data
2025-08-18 19:11:10,047 - INFO - Total pipeline time: 1.12 minutes
