2025-08-12 17:20:52,575 - INFO - Updating mongo-metadata is set to False
2025-08-12 17:20:52,575 - INFO - Normalising capacities
2025-08-12 17:20:52,576 - INFO - Applied 2 multiplier_overrides from storage/config/capacity_rules.json.
2025-08-12 17:20:52,576 - INFO - Applied 2 keyword_overrides from storage/config/capacity_rules.json.
2025-08-12 17:20:52,576 - INFO - Updated target units for 1 technologies.
2025-08-12 17:20:53,431 - INFO - Capacity rows: 4166 | failed: 97 (2.3%)
2025-08-12 17:20:53,433 - INFO - normalization_case
default:metric-is-gigawatt         1550
fallback:normalize-default         1155
vehicle:units-or-missing            989
battery:fallback-missing-metric     244
override:battery/eam:tonne          118
battery:metric-present               82
battery-keyword:vehicle               7
battery-keyword:eam:vehicle           6
battery-keyword:ev                    5
battery-keyword:eam:ev                4
battery-keyword:car                   3
battery-keyword:eam:car               3
2025-08-12 17:20:53,825 - INFO - Total pipeline time: 0.02 minutes
