2025-08-23 13:49:14,969 - INFO - Updating mongo-metadata is set to False
2025-08-23 13:49:14,969 - INFO - 🗞️ Flattening articles...
2025-08-23 13:49:59,649 - INFO - 💾 Saved nodes to storage/output/all_nodes.xlsx
2025-08-23 13:49:59,649 - INFO - 💾 Saved relationships to storage/output/all_rels.xlsx
2025-08-23 13:49:59,732 - INFO - 🉑 Merging nodes and relationships...
2025-08-23 13:50:14,814 - INFO - 💾 Saved geo_lookup to storage/output/geo_lookup.json
2025-08-23 13:50:17,067 - INFO - 💾 Saved: storage/output/factory_registry.xlsx
2025-08-23 13:50:32,392 - INFO - 💾 Saved geo_lookup to storage/output/geo_lookup.json
2025-08-23 13:50:33,506 - INFO - 💾 Saved: storage/output/factory-technological.xlsx
2025-08-23 13:50:48,661 - INFO - 💾 Saved geo_lookup to storage/output/geo_lookup.json
2025-08-23 13:50:48,972 - INFO - 💾 Saved: storage/output/company-joint-venture.xlsx
2025-08-23 13:50:48,986 - INFO - Normalising capacities
2025-08-23 13:50:49,665 - INFO - Capacity rows: 2796 | failed: 223 (8.0%)
2025-08-23 13:50:49,666 - INFO - normalization_case
normalize:fallback:keep-metric                                  888
normalize:already-clean:gigawatt                                624
normalize:already-clean:gigawatt hour                           584
normalize:vehicle:missing                                       326
fallback:missing-metric                                         203
normalize:already-clean:tonne                                    82
normalize:invalid-input                                          20
normalize:battery:energy-metric                                  17
normalize:battery:module_pack:battery systems->gigawatt hour     15
normalize:battery:keyword:vehicle                                 9
normalize:battery:keyword:ev                                      8
normalize:battery:module_pack:battery modules->gigawatt hour      5
normalize:battery:module_pack:unit->gigawatt hour                 5
normalize:battery:module_pack:battery packs->gigawatt hour        5
normalize:battery:module_pack:batteries->gigawatt hour            4
normalize:battery:keyword:car                                     1
2025-08-23 13:50:50,470 - INFO - 🫂 Grouping projects...
2025-08-23 13:50:50,470 - INFO - Processing: storage/output/factory-technological-clean-capacities.xlsx → storage/output/grouped-capacities.xlsx
2025-08-23 13:50:50,826 - INFO - Found 2796 rows (EU only).
2025-08-23 13:50:50,834 - INFO - ⚠️ 745 rows lack an admin_group_key after applying per-country rules.
2025-08-23 13:50:50,835 - INFO - ⚠️ 13 entries without a normalised OWNER name are dropped.
2025-08-23 13:50:50,835 - INFO - Rows reduced to 2783 after dropping missing inst_canon.
2025-08-23 13:50:50,836 - INFO - ⚠️ 366 entries without CITY are dropped.
2025-08-23 13:50:50,836 - INFO - Rows reduced to 2417 after dropping missing city_key.
2025-08-23 13:50:50,836 - INFO - ⚠️ 376 entries without ADM1 are dropped.
2025-08-23 13:50:50,837 - INFO - Rows reduced to 2041 after dropping missing adm1.
2025-08-23 13:50:50,837 - INFO - ⚠️ 391 entries without a normalised PRODUCT-LV1 are dropped.
2025-08-23 13:50:50,838 - INFO - Rows reduced to 1650 after dropping missing product_lv1.
2025-08-23 13:50:50,838 - INFO - ⚠️ 1146 total rows dropped due to missing required fields; 1650 remain.
2025-08-23 13:50:50,838 - INFO - ⚠️ 561 entries without a normalised PRODUCT-LV2.
2025-08-23 13:50:50,838 - INFO - Unique owners before manual dict: 513
2025-08-23 13:50:50,838 - INFO - Unique owners after manual dict: 473
2025-08-23 13:50:50,844 - INFO - Applied site merges to 0 rows.
2025-08-23 13:50:53,540 - INFO - Overwrote inst_canon with JV labels for 117 rows
2025-08-23 13:50:53,932 - INFO - Saving filtered output to storage/output/grouped-capacities.xlsx
2025-08-23 13:50:53,933 - INFO - Processing: storage/output/factory_registry.xlsx → storage/output/grouped-factories.xlsx
2025-08-23 13:50:54,555 - INFO - Found 10420 rows (EU only).
2025-08-23 13:50:54,582 - INFO - ⚠️ 2490 rows lack an admin_group_key after applying per-country rules.
2025-08-23 13:50:54,583 - INFO - ⚠️ 10 entries without a normalised OWNER name are dropped.
2025-08-23 13:50:54,584 - INFO - Rows reduced to 10410 after dropping missing inst_canon.
2025-08-23 13:50:54,584 - INFO - ⚠️ 1218 entries without CITY are dropped.
2025-08-23 13:50:54,585 - INFO - Rows reduced to 9192 after dropping missing city_key.
2025-08-23 13:50:54,585 - INFO - ⚠️ 1270 entries without ADM1 are dropped.
2025-08-23 13:50:54,586 - INFO - Rows reduced to 7922 after dropping missing adm1.
2025-08-23 13:50:54,587 - INFO - ⚠️ 3816 entries without a normalised PRODUCT-LV1 are dropped.
2025-08-23 13:50:54,589 - INFO - Rows reduced to 4106 after dropping missing product_lv1.
2025-08-23 13:50:54,589 - INFO - ⚠️ 6314 total rows dropped due to missing required fields; 4106 remain.
2025-08-23 13:50:54,589 - INFO - ⚠️ 1746 entries without a normalised PRODUCT-LV2.
2025-08-23 13:50:54,590 - INFO - Unique owners before manual dict: 938
2025-08-23 13:50:54,591 - INFO - Unique owners after manual dict: 896
2025-08-23 13:50:54,605 - INFO - Applied site merges to 0 rows.
2025-08-23 13:50:56,469 - INFO - Overwrote inst_canon with JV labels for 221 rows
2025-08-23 13:50:57,070 - INFO - Saving filtered output to storage/output/grouped-factories.xlsx
2025-08-23 13:50:57,072 - INFO - 🏭 Importing facilities
2025-08-23 13:50:57,297 - INFO - 🗑️ Cleared existing facilities from MongoDB.
2025-08-23 13:50:58,133 - INFO - Saving a copy of facilities to Excel at storage/output/facilities.xlsx
2025-08-23 13:50:58,243 - INFO - Number of raw capacities - 1650
2025-08-23 13:50:58,243 - INFO - 📅 Unique capacities remaining after deduplication (keeping earliest date): 1160
2025-08-23 13:50:58,247 - WARNING - bbox missing required keys. Available: []
2025-08-23 13:50:59,813 - INFO - ✅ Inserted 687 facilities into MongoDB, with 1160 capacities.
2025-08-23 13:50:59,819 - INFO - 🧮 Determining phase summaries
2025-08-23 13:51:01,860 - INFO - 🚀 Starting summary updates for main, greenfield and expansion...
2025-08-23 13:51:06,060 - INFO - ✅ Updated summaries for 686 facilities.
2025-08-23 13:51:06,062 - INFO - Outputting clean capacities summary data
2025-08-23 13:51:07,384 - INFO - Total pipeline time: 1.87 minutes
