2025-08-20 14:31:31,661 - INFO - Updating mongo-metadata is set to False
2025-08-20 14:31:31,661 - INFO - 🗞️ Flattening articles...
2025-08-20 14:32:09,555 - INFO - 💾 Saved nodes to storage/output/all_nodes.xlsx
2025-08-20 14:32:09,556 - INFO - 💾 Saved relationships to storage/output/all_rels.xlsx
2025-08-20 14:32:09,638 - INFO - 🉑 Merging nodes and relationships...
2025-08-20 14:32:24,251 - INFO - 💾 Saved geo_lookup to storage/output/geo_lookup.json
2025-08-20 14:32:26,509 - INFO - 💾 Saved factory-technology graph segment to storage/output/factory-technological.xlsx
2025-08-20 14:32:26,529 - INFO - Normalising capacities
2025-08-20 14:32:28,587 - INFO - Capacity rows: 9735 | failed: 746 (7.7%)
2025-08-20 14:32:28,588 - INFO - normalization_case
normalize:fallback:keep-metric       3250
normalize:default:gigawatt           2736
normalize:default:gigawatt hour      1422
normalize:vehicle:missing            1149
fallback:missing-metric               705
normalize:default:tonne               346
normalize:invalid-input                41
normalize:battery:energy-metric        39
normalize:battery:keyword:vehicle      24
normalize:battery:keyword:ev           13
normalize:battery:keyword:car          10
2025-08-20 14:32:31,154 - INFO - 🫂 Grouping projects...
2025-08-20 14:32:32,197 - INFO - Found 2657 rows:
2025-08-20 14:32:32,198 - INFO - ⚠️ 360 entries without CITY are dropped, rows reduced to 2297.
2025-08-20 14:32:32,198 - INFO - Missing counts: adm1            353
inst_canon        1
product_lv1     533
product_lv2    1095
dtype: int64
2025-08-20 14:32:32,199 - INFO - ⚠️  1165 rows dropped because of missing values; 1492 remain.
2025-08-20 14:32:32,199 - INFO - Unique owners before manual dict: 453
2025-08-20 14:32:32,199 - INFO - Unique owners after manual dict: 419
2025-08-20 14:32:34,673 - INFO - Saving filtered output to storage/output/filtered_projects.xlsx
2025-08-20 14:32:34,674 - INFO - 🏭 Importing facilities
2025-08-20 14:32:34,852 - INFO - 🗑️ Cleared existing facilities from MongoDB.
2025-08-20 14:32:35,005 - INFO - Saving a copy of facilities to Excel at storage/output/facilities.xlsx
2025-08-20 14:32:35,096 - INFO - Number of raw capacities - 1492
2025-08-20 14:32:35,096 - INFO - 📅 Unique capacities remaining after deduplication (keeping earliest date): 1031
2025-08-20 14:32:35,109 - WARNING - bbox missing required keys. Available: []
2025-08-20 14:32:37,780 - INFO - ✅ Inserted 586 facilities into MongoDB, with 1031 capacities.
2025-08-20 14:32:37,784 - INFO - 🧮 Determining phase summaries
2025-08-20 14:32:37,868 - INFO - 🚀 Starting summary updates for main, greenfield and expansion...
2025-08-20 14:32:41,674 - INFO - ✅ Updated summaries for 585 facilities.
2025-08-20 14:32:41,676 - INFO - Outputting clean capacities summary data
