2025-08-22 17:15:24,942 - INFO - Updating mongo-metadata is set to False
2025-08-22 17:15:24,942 - INFO - 🫂 Grouping projects...
2025-08-22 17:15:25,305 - INFO - Found 2782 rows:
2025-08-22 17:15:25,306 - INFO - ⚠️ 0 entries without a normalised OWNER name are dropped, rows reduced to 2782.
2025-08-22 17:15:25,307 - INFO - ⚠️ 366 entries without CITY are dropped, rows reduced to 2416.
2025-08-22 17:15:25,308 - INFO - ⚠️ 376 entries without ADM1 are dropped, rows reduced to 2040.
2025-08-22 17:15:25,308 - INFO - ⚠️ 480 entries without a normalised PRODUCT-LV1 are dropped, rows reduced to 1560.
2025-08-22 17:15:25,308 - INFO - ⚠️ 512 entries without a normalised PRODUCT-LV2.
2025-08-22 17:15:25,308 - INFO - ⚠️ 1222 rows dropped because of missing values; 1560 remain.
2025-08-22 17:15:25,309 - INFO - Unique owners before manual dict: 481
2025-08-22 17:15:25,309 - INFO - Unique owners after manual dict: 443
2025-08-22 17:15:28,298 - INFO - Saving filtered output to storage/output/filtered_projects.xlsx
2025-08-22 17:15:28,299 - INFO - 🏭 Importing facilities
2025-08-22 17:15:28,493 - INFO - 🗑️ Cleared existing facilities from MongoDB.
2025-08-22 17:15:28,700 - INFO - Saving a copy of facilities to Excel at storage/output/facilities.xlsx
2025-08-22 17:15:28,812 - INFO - Number of raw capacities - 1560
2025-08-22 17:15:28,812 - INFO - 📅 Unique capacities remaining after deduplication (keeping earliest date): 1078
2025-08-22 17:15:28,835 - WARNING - bbox missing required keys. Available: []
2025-08-22 17:15:31,503 - INFO - ✅ Inserted 618 facilities into MongoDB, with 1078 capacities.
2025-08-22 17:15:31,507 - INFO - 🧮 Determining phase summaries
2025-08-22 17:15:31,584 - INFO - 🚀 Starting summary updates for main, greenfield and expansion...
2025-08-22 17:15:35,192 - INFO - ✅ Updated summaries for 617 facilities.
2025-08-22 17:15:35,194 - INFO - Outputting clean capacities summary data
2025-08-22 17:15:36,178 - INFO - Total pipeline time: 0.19 minutes
