2025-08-08 15:18:11,468 - INFO - Updating mongo-metadata is set to True
2025-08-08 15:18:11,468 - INFO - 🌎 Querying geonames...
2025-08-08 15:18:12,397 - INFO - 📦 Loaded 728 existing (country, city_key) pairs from MongoDB.
2025-08-08 15:18:12,506 - INFO - 📰 Scanned 0 article(s) with factory nodes.
2025-08-08 15:18:12,506 - INFO - 🧹 Identified 0 new (country, city) pairs to query. Example three: []
2025-08-08 15:18:12,506 - INFO - 📭 No new updates to write.
2025-08-08 15:18:12,506 - INFO - 🗞️ Flattening articles...
2025-08-08 15:18:24,359 - INFO - 💾 Saved nodes to storage/output/all_nodes.xlsx
2025-08-08 15:18:24,359 - INFO - 💾 Saved relationships to storage/output/all_rels.xlsx
2025-08-08 15:18:24,384 - INFO - 🉑 Merging nodes and relationships...
2025-08-08 15:18:29,572 - INFO - 💾 Saved factory-technology graph segment to storage/output/factory-technological.xlsx
2025-08-08 15:18:29,578 - INFO - 🫂 Grouping projects...
2025-08-08 15:18:29,772 - INFO - Found 2925 rows:
2025-08-08 15:18:29,772 - INFO - ⚠️ 417 entries without CITY are dropped, rows reduced to 2508.
2025-08-08 15:18:29,773 - INFO - Missing counts: adm1           1684
inst_canon        8
product_lv1     567
product_lv2    1233
dtype: int64
2025-08-08 15:18:29,773 - INFO - ⚠️  2339 rows dropped because of missing values; 586 remain.
2025-08-08 15:18:29,774 - INFO - Unique owners before manual dict: 129
2025-08-08 15:18:29,774 - INFO - Unique owners after manual dict: 111
2025-08-08 15:18:29,833 - INFO - CASE 2 triggered: 'evs'
2025-08-08 15:18:29,833 - INFO - CASE 2 triggered: 'evs'
2025-08-08 15:18:29,835 - INFO - CASE 2 triggered: ''
2025-08-08 15:18:29,835 - INFO - CASE 1 triggered
2025-08-08 15:18:29,838 - INFO - CASE 2 triggered: 'electric vehicles'
2025-08-08 15:18:29,838 - INFO - CASE 1 triggered
2025-08-08 15:18:29,838 - INFO - CASE 2 triggered: 'none'
2025-08-08 15:18:29,838 - INFO - CASE 1 triggered
2025-08-08 15:18:29,838 - INFO - CASE 2 triggered: 'bevs'
2025-08-08 15:18:29,838 - INFO - CASE 2 triggered: 'bevs'
2025-08-08 15:18:29,839 - INFO - CASE 2 triggered: 'none'
2025-08-08 15:18:29,839 - INFO - CASE 1 triggered
2025-08-08 15:18:29,839 - INFO - CASE 2 triggered: 'none'
2025-08-08 15:18:29,839 - INFO - CASE 1 triggered
2025-08-08 15:18:29,839 - INFO - CASE 2 triggered: 'none'
2025-08-08 15:18:29,839 - INFO - CASE 1 triggered
2025-08-08 15:18:29,839 - INFO - CASE 2 triggered: 'none'
2025-08-08 15:18:29,839 - INFO - CASE 1 triggered
2025-08-08 15:18:29,839 - INFO - CASE 1 triggered
2025-08-08 15:18:29,839 - INFO - CASE 1 triggered
2025-08-08 15:18:29,839 - INFO - CASE 1 triggered
2025-08-08 15:18:29,839 - INFO - CASE 1 triggered
2025-08-08 15:18:29,839 - INFO - CASE 2 triggered: 'none'
2025-08-08 15:18:29,839 - INFO - CASE 1 triggered
2025-08-08 15:18:29,840 - INFO - CASE 2 triggered: ''
2025-08-08 15:18:29,840 - INFO - CASE 1 triggered
2025-08-08 15:18:29,841 - INFO - CASE 2 triggered: 'jobs'
2025-08-08 15:18:29,841 - INFO - CASE 1 triggered
2025-08-08 15:18:29,841 - INFO - CASE 2 triggered: 'electric vehicles'
2025-08-08 15:18:29,842 - INFO - CASE 2 triggered: 'none'
2025-08-08 15:18:29,842 - INFO - CASE 1 triggered
2025-08-08 15:18:29,842 - INFO - CASE 1 triggered
2025-08-08 15:18:29,842 - INFO - CASE 1 triggered
2025-08-08 15:18:29,843 - INFO - CASE 2 triggered: 'none'
2025-08-08 15:18:29,843 - INFO - CASE 2 triggered: 'none'
2025-08-08 15:18:29,843 - INFO - CASE 1 triggered
2025-08-08 15:18:29,843 - INFO - CASE 2 triggered: ''
2025-08-08 15:18:29,844 - INFO - CASE 2 triggered: 'vehicles'
2025-08-08 15:18:29,844 - INFO - CASE 1 triggered
2025-08-08 15:18:29,844 - INFO - CASE 1 triggered
2025-08-08 15:18:29,844 - INFO - CASE 2 triggered: 'electric vehicles'
2025-08-08 15:18:29,844 - INFO - CASE 2 triggered: 'pilot'
2025-08-08 15:18:29,844 - INFO - CASE 1 triggered
2025-08-08 15:18:29,844 - INFO - CASE 2 triggered: 'electric vehicles'
2025-08-08 15:18:29,844 - INFO - CASE 2 triggered: ''
2025-08-08 15:18:29,845 - INFO - CASE 1 triggered
2025-08-08 15:18:29,845 - INFO - CASE 2 triggered: 'pilot line'
2025-08-08 15:18:29,845 - INFO - CASE 1 triggered
2025-08-08 15:18:29,845 - INFO - CASE 1 triggered
2025-08-08 15:18:29,846 - INFO - CASE 2 triggered: 'large storage systems'
2025-08-08 15:18:29,846 - INFO - CASE 1 triggered
2025-08-08 15:18:29,846 - INFO - CASE 2 triggered: 'none'
2025-08-08 15:18:29,846 - INFO - CASE 1 triggered
2025-08-08 15:18:29,846 - INFO - CASE 1 triggered
2025-08-08 15:18:29,846 - INFO - CASE 1 triggered
2025-08-08 15:18:29,846 - INFO - CASE 1 triggered
2025-08-08 15:18:29,846 - INFO - CASE 2 triggered: ''
2025-08-08 15:18:29,846 - INFO - CASE 2 triggered: ''
2025-08-08 15:18:29,846 - INFO - CASE 2 triggered: 'mass production'
2025-08-08 15:18:29,846 - INFO - CASE 1 triggered
2025-08-08 15:18:29,847 - INFO - CASE 2 triggered: 'prototype line'
2025-08-08 15:18:29,847 - INFO - CASE 1 triggered
2025-08-08 15:18:29,847 - INFO - CASE 2 triggered: ''
2025-08-08 15:18:29,847 - INFO - CASE 1 triggered
2025-08-08 15:18:29,847 - INFO - CASE 1 triggered
2025-08-08 15:18:31,399 - INFO - Saving output to ./storage/output/all_projects.xlsx
2025-08-08 15:18:31,487 - INFO - Saving filtered output to storage/output/filtered_projects.xlsx
2025-08-08 15:18:31,487 - INFO - 🏭 Importing facilities
2025-08-08 15:18:31,654 - INFO - 🗑️ Cleared existing facilities from MongoDB.
2025-08-08 15:18:31,706 - INFO - 🔍 Debugging bbox data:
2025-08-08 15:18:31,706 - INFO - bbox column type: object
2025-08-08 15:18:31,706 - INFO - bbox sample values: ["{'east': 8.815542328183053, 'south': 58.43902587812143, 'north': 58.48399412187857, 'west': 8.729517671816946, 'accuracyLevel': 2}", "{'east': 8.815542328183053, 'south': 58.43902587812143, 'north': 58.48399412187857, 'west': 8.729517671816946, 'accuracyLevel': 2}", "{'east': 8.815542328183053, 'south': 58.43902587812143, 'north': 58.48399412187857, 'west': 8.729517671816946, 'accuracyLevel': 2}", "{'east': 8.815542328183053, 'south': 58.43902587812143, 'north': 58.48399412187857, 'west': 8.729517671816946, 'accuracyLevel': 2}", "{'east': 8.815542328183053, 'south': 58.43902587812143, 'north': 58.48399412187857, 'west': 8.729517671816946, 'accuracyLevel': 2}"]
2025-08-08 15:18:31,706 - INFO - Sample bbox value: {'east': 8.815542328183053, 'south': 58.43902587812143, 'north': 58.48399412187857, 'west': 8.729517671816946, 'accuracyLevel': 2}
2025-08-08 15:18:31,706 - INFO - Sample bbox type: <class 'str'>
2025-08-08 15:18:31,706 - WARNING - bbox appears to be string but not valid JSON
2025-08-08 15:18:31,711 - INFO - Saving a copy of facilities to Excel at storage/output/facilities.xlsx
2025-08-08 15:18:31,733 - INFO - Number of raw capacities - 369
2025-08-08 15:18:31,733 - INFO - 📅 Unique capacities remaining after deduplication (keeping earliest date): 253
2025-08-08 15:18:32,645 - INFO - ✅ Inserted 101 facilities into MongoDB, with 253 capacities.
2025-08-08 15:18:32,646 - INFO - 🧮 Determining phase summaries
2025-08-08 15:18:32,715 - INFO - 🚀 Starting summary updates for greenfield and expansion...
2025-08-08 15:18:33,668 - INFO - ✅ Updated summaries for 96 facilities.
2025-08-08 15:18:33,669 - INFO - Total pipeline time: 0.37 minutes
