2025-08-20 14:51:54,652 - INFO - Updating mongo-metadata is set to False
2025-08-20 14:51:54,652 - INFO - 🗞️ Flattening articles...
2025-08-20 14:52:33,147 - INFO - 💾 Saved nodes to storage/output/all_nodes.xlsx
2025-08-20 14:52:33,148 - INFO - 💾 Saved relationships to storage/output/all_rels.xlsx
2025-08-20 14:52:33,230 - INFO - 🉑 Merging nodes and relationships...
2025-08-20 14:52:47,940 - INFO - 💾 Saved geo_lookup to storage/output/geo_lookup.json
2025-08-20 14:52:50,360 - INFO - 💾 Saved factory-technology graph segment to storage/output/factory-technological.xlsx
2025-08-20 14:52:50,381 - INFO - Normalising capacities
2025-08-20 14:52:52,492 - INFO - Capacity rows: 9737 | failed: 746 (7.7%)
2025-08-20 14:52:52,492 - INFO - normalization_case
normalize:fallback:keep-metric       3251
normalize:default:gigawatt           2736
normalize:default:gigawatt hour      1423
normalize:vehicle:missing            1149
fallback:missing-metric               705
normalize:default:tonne               346
normalize:invalid-input                41
normalize:battery:energy-metric        39
normalize:battery:keyword:vehicle      24
normalize:battery:keyword:ev           13
normalize:battery:keyword:car          10
2025-08-20 14:52:55,056 - INFO - 🫂 Grouping projects...
2025-08-20 14:52:56,085 - INFO - Found 2659 rows:
2025-08-20 14:52:56,086 - INFO - ⚠️ 360 entries without CITY are dropped, rows reduced to 2299.
2025-08-20 14:52:56,086 - INFO - Missing counts: adm1            353
inst_canon        2
product_lv1     536
product_lv2    1098
dtype: int64
2025-08-20 14:52:56,087 - INFO - ⚠️  1168 rows dropped because of missing values; 1491 remain.
2025-08-20 14:52:56,087 - INFO - Unique owners before manual dict: 453
2025-08-20 14:52:56,087 - INFO - Unique owners after manual dict: 419
2025-08-20 14:52:57,891 - INFO - Saving filtered output to storage/output/filtered_projects.xlsx
2025-08-20 14:52:57,892 - INFO - 🏭 Importing facilities
2025-08-20 14:52:58,072 - INFO - 🗑️ Cleared existing facilities from MongoDB.
2025-08-20 14:52:58,224 - INFO - Saving a copy of facilities to Excel at storage/output/facilities.xlsx
2025-08-20 14:52:58,316 - INFO - Number of raw capacities - 1491
2025-08-20 14:52:58,316 - INFO - 📅 Unique capacities remaining after deduplication (keeping earliest date): 1030
2025-08-20 14:52:58,329 - WARNING - bbox missing required keys. Available: []
2025-08-20 14:53:00,811 - INFO - ✅ Inserted 586 facilities into MongoDB, with 1030 capacities.
2025-08-20 14:53:00,816 - INFO - 🧮 Determining phase summaries
2025-08-20 14:53:00,903 - INFO - 🚀 Starting summary updates for main, greenfield and expansion...
2025-08-20 14:53:03,375 - INFO - ✅ Updated summaries for 585 facilities.
2025-08-20 14:53:03,377 - INFO - Outputting clean capacities summary data
2025-08-20 14:53:06,038 - INFO - Total pipeline time: 1.19 minutes
