2025-08-26 16:58:53,208 - INFO - Updating mongo-metadata is set to False
2025-08-26 16:58:53,208 - INFO - 🗞️ Flattening articles...
2025-08-26 16:59:32,066 - INFO - 💾 Saved nodes to storage/output/all_nodes.xlsx
2025-08-26 16:59:32,066 - INFO - 💾 Saved relationships to storage/output/all_rels.xlsx
2025-08-26 16:59:32,152 - INFO - 🉑 Merging nodes and relationships...
2025-08-26 16:59:47,238 - INFO - 💾 Saved geo_lookup to storage/output/geo_lookup.json
2025-08-26 16:59:49,604 - INFO - 💾 Saved: storage/output/factory_registry.xlsx
2025-08-26 17:00:04,761 - INFO - 💾 Saved geo_lookup to storage/output/geo_lookup.json
2025-08-26 17:00:05,965 - INFO - 💾 Saved: storage/output/factory-technological.xlsx
2025-08-26 17:00:21,265 - INFO - 💾 Saved geo_lookup to storage/output/geo_lookup.json
2025-08-26 17:00:21,627 - INFO - 💾 Saved: storage/output/company-joint-venture.xlsx
2025-08-26 17:00:21,640 - INFO - Normalising capacities
2025-08-26 17:00:22,324 - INFO - Capacity rows: 2778 | failed: 247 (8.9%)
2025-08-26 17:00:22,325 - INFO - normalization_case
normalize:fallback:keep-metric                                  924
normalize:already-clean:gigawatt                                648
normalize:already-clean:gigawatt hour                           584
normalize:vehicle:missing                                       275
fallback:missing-metric                                         232
normalize:already-clean:tonne                                    32
normalize:battery:module_pack:battery systems->gigawatt hour     16
normalize:battery:energy-metric                                  16
normalize:invalid-input                                          15
normalize:battery:keyword:ev                                      8
normalize:battery:keyword:vehicle                                 8
normalize:battery:module_pack:battery modules->gigawatt hour      5
normalize:battery:module_pack:unit->gigawatt hour                 5
normalize:battery:module_pack:battery packs->gigawatt hour        5
normalize:battery:module_pack:batteries->gigawatt hour            4
normalize:battery:keyword:car                                     1
2025-08-26 17:00:23,051 - INFO - 🫂 Grouping projects...
2025-08-26 17:00:23,051 - INFO - Processing: storage/output/factory-technological-clean-capacities.xlsx → storage/output/grouped-capacities.xlsx
2025-08-26 17:00:23,417 - INFO - Found 2778 rows (EU only).
2025-08-26 17:00:23,425 - INFO - ⚠️ 745 rows lack an admin_group_key after applying per-country rules.
2025-08-26 17:00:23,425 - INFO - ⚠️ 5 entries without a normalised OWNER name are dropped.
2025-08-26 17:00:23,426 - INFO - Rows reduced to 2773 after dropping missing inst_canon.
2025-08-26 17:00:23,426 - INFO - ⚠️ 366 entries without CITY are dropped.
2025-08-26 17:00:23,427 - INFO - Rows reduced to 2407 after dropping missing city_key.
2025-08-26 17:00:23,427 - INFO - ⚠️ 379 entries without a geographic locator are dropped.
2025-08-26 17:00:23,428 - INFO - Rows reduced to 2028 after dropping missing admin_group_key.
2025-08-26 17:00:23,428 - INFO - ⚠️ 349 entries without a normalised PRODUCT-LV1 are dropped.
2025-08-26 17:00:23,428 - INFO - Rows reduced to 1679 after dropping missing product_lv1.
2025-08-26 17:00:23,428 - INFO - ⚠️ 1099 total rows dropped due to missing required fields; 1679 remain.
2025-08-26 17:00:23,428 - INFO - ⚠️ 590 entries without a normalised PRODUCT-LV2.
2025-08-26 17:00:23,428 - INFO - Unique owners before manual dict: 533
2025-08-26 17:00:23,429 - INFO - Unique owners after manual dict: 484
2025-08-26 17:00:23,435 - INFO - Applied site merges to 21 rows.
2025-08-26 17:00:25,347 - INFO - Overwrote inst_canon with JV labels for 121 rows
2025-08-26 17:00:25,603 - INFO - Saving filtered output to storage/output/grouped-capacities.xlsx
2025-08-26 17:00:25,604 - INFO - Processing: storage/output/factory_registry.xlsx → storage/output/grouped-factories.xlsx
2025-08-26 17:00:26,292 - INFO - Found 10503 rows (EU only).
2025-08-26 17:00:26,319 - INFO - ⚠️ 2489 rows lack an admin_group_key after applying per-country rules.
2025-08-26 17:00:26,320 - INFO - ⚠️ 15 entries without a normalised OWNER name are dropped.
2025-08-26 17:00:26,321 - INFO - Rows reduced to 10488 after dropping missing inst_canon.
2025-08-26 17:00:26,321 - INFO - ⚠️ 1215 entries without CITY are dropped.
2025-08-26 17:00:26,322 - INFO - Rows reduced to 9273 after dropping missing city_key.
2025-08-26 17:00:26,322 - INFO - ⚠️ 1274 entries without a geographic locator are dropped.
2025-08-26 17:00:26,323 - INFO - Rows reduced to 7999 after dropping missing admin_group_key.
2025-08-26 17:00:26,324 - INFO - ⚠️ 3741 entries without a normalised PRODUCT-LV1 are dropped.
2025-08-26 17:00:26,324 - INFO - Rows reduced to 4258 after dropping missing product_lv1.
2025-08-26 17:00:26,324 - INFO - ⚠️ 6245 total rows dropped due to missing required fields; 4258 remain.
2025-08-26 17:00:26,324 - INFO - ⚠️ 1917 entries without a normalised PRODUCT-LV2.
2025-08-26 17:00:26,325 - INFO - Unique owners before manual dict: 966
2025-08-26 17:00:26,326 - INFO - Unique owners after manual dict: 907
2025-08-26 17:00:26,339 - INFO - Applied site merges to 50 rows.
2025-08-26 17:00:28,223 - INFO - Overwrote inst_canon with JV labels for 228 rows
2025-08-26 17:00:28,769 - INFO - Saving filtered output to storage/output/grouped-factories.xlsx
2025-08-26 17:00:28,771 - INFO - 🏭 Importing facilities
2025-08-26 17:00:28,954 - INFO - 🗑️ Cleared existing facilities from MongoDB.
2025-08-26 17:00:29,432 - INFO - Saving a copy of facilities to Excel at storage/output/facilities.xlsx
2025-08-26 17:00:29,793 - INFO - Capacities: raw=1786
2025-08-26 17:00:29,793 - INFO - Capacities: dedup=1396 | grouped=1305
2025-08-26 17:00:29,794 - INFO - Sample grouped capacities (5):
                          project_id product_lv1  capacity_normalized             status      phase       date               article_id   product_lv2
000bce41-78b7-5039-822b-3e45d76619a2        wind                0.015        operational    unclear 2025-06-01 684ebaeffb4b25699262e371 (deployment,)
00f10e98-6a20-503d-8ade-f6c090947d33     battery                5.300 under construction  expansion 2021-09-01 68a1d9055ac9693745e0c271            ()
00f10e98-6a20-503d-8ade-f6c090947d33     battery                1.700          announced greenfield 2021-09-01 68a1d9055ac9693745e0c271            ()
00f10e98-6a20-503d-8ade-f6c090947d33     battery                4.000          announced  expansion 2021-09-01 68a1d9055ac9693745e0c271            ()
01f5fda5-9a1c-5692-bda9-b8356318d486    hydrogen               15.000        operational greenfield 2022-11-01 67fa62f638fb90ab92f8c389            ()
2025-08-26 17:00:29,794 - INFO - applies_to distribution: {'mix': 1113, 'electric': 191, 'fossil': 1}
2025-08-26 17:00:29,863 - INFO - Number of raw capacities: 1786
2025-08-26 17:00:29,863 - INFO - 📅 Unique capacities after dedup (earliest per tuple): 1396
2025-08-26 17:00:29,885 - INFO - Facilities before filter: 1560 | inserted with capacities: 672 | skipped (non-vehicle, no capacities): 831 | vehicles with caps: 67 | vehicles without caps (inserted): 57
2025-08-26 17:00:33,332 - INFO - ✅ Inserted 729 facilities into MongoDB with 1396 deduplicated capacities attached.
2025-08-26 17:00:33,341 - INFO - 🧮 Determining phase summaries
2025-08-26 17:00:33,417 - INFO - 🚀 Starting summary updates for main, greenfield and expansion...
2025-08-26 17:00:36,972 - INFO - ✅ Updated summaries for 669 facilities.
2025-08-26 17:00:36,975 - INFO - Outputting clean capacities summary data
2025-08-26 17:00:38,146 - INFO - Total pipeline time: 1.75 minutes
