2025-08-08 15:07:54,370 - INFO - Updating mongo-metadata is set to True
2025-08-08 15:07:54,370 - INFO - 🌎 Querying geonames...
2025-08-08 15:07:55,428 - INFO - 📦 Loaded 728 existing (country, city_key) pairs from MongoDB.
2025-08-08 15:07:55,554 - INFO - 📰 Scanned 0 article(s) with factory nodes.
2025-08-08 15:07:55,554 - INFO - 🧹 Identified 0 new (country, city) pairs to query. Example three: []
2025-08-08 15:07:55,554 - INFO - 📭 No new updates to write.
2025-08-08 15:07:55,554 - INFO - 🗞️ Flattening articles...
2025-08-08 15:08:06,152 - INFO - 💾 Saved nodes to storage/output/all_nodes.xlsx
2025-08-08 15:08:06,152 - INFO - 💾 Saved relationships to storage/output/all_rels.xlsx
2025-08-08 15:08:06,176 - INFO - 🉑 Merging nodes and relationships...
2025-08-08 15:08:11,144 - INFO - 💾 Saved factory-technology graph segment to storage/output/factory-technological.xlsx
2025-08-08 15:08:11,149 - INFO - 🫂 Grouping projects...
2025-08-08 15:08:11,345 - INFO - Found 2925 rows:
2025-08-08 15:08:11,345 - INFO - ⚠️ 417 entries without CITY are dropped, rows reduced to 2508.
2025-08-08 15:08:11,346 - INFO - Missing counts: adm1           1684
inst_canon        8
product_lv1     567
product_lv2    1233
dtype: int64
2025-08-08 15:08:11,346 - INFO - ⚠️  2339 rows dropped because of missing values; 586 remain.
2025-08-08 15:08:11,347 - INFO - Unique owners before manual dict: 129
2025-08-08 15:08:11,347 - INFO - Unique owners after manual dict: 111
2025-08-08 15:08:12,992 - INFO - Saving output to ./storage/output/all_projects.xlsx
2025-08-08 15:08:13,083 - INFO - Saving filtered output to storage/output/filtered_projects.xlsx
2025-08-08 15:08:13,083 - INFO - 🏭 Importing facilities
2025-08-08 15:08:13,251 - INFO - 🗑️ Cleared existing facilities from MongoDB.
2025-08-08 15:08:13,300 - INFO - 🔍 Debugging bbox data:
2025-08-08 15:08:13,300 - INFO - bbox column type: object
2025-08-08 15:08:13,300 - INFO - bbox sample values: ["{'east': 8.815542328183053, 'south': 58.43902587812143, 'north': 58.48399412187857, 'west': 8.729517671816946, 'accuracyLevel': 2}", "{'east': 8.815542328183053, 'south': 58.43902587812143, 'north': 58.48399412187857, 'west': 8.729517671816946, 'accuracyLevel': 2}", "{'east': 8.815542328183053, 'south': 58.43902587812143, 'north': 58.48399412187857, 'west': 8.729517671816946, 'accuracyLevel': 2}", "{'east': 8.815542328183053, 'south': 58.43902587812143, 'north': 58.48399412187857, 'west': 8.729517671816946, 'accuracyLevel': 2}", "{'east': 8.815542328183053, 'south': 58.43902587812143, 'north': 58.48399412187857, 'west': 8.729517671816946, 'accuracyLevel': 2}"]
2025-08-08 15:08:13,300 - INFO - Sample bbox value: {'east': 8.815542328183053, 'south': 58.43902587812143, 'north': 58.48399412187857, 'west': 8.729517671816946, 'accuracyLevel': 2}
2025-08-08 15:08:13,300 - INFO - Sample bbox type: <class 'str'>
2025-08-08 15:08:13,300 - WARNING - bbox appears to be string but not valid JSON
2025-08-08 15:08:13,305 - INFO - Saving a copy of facilities to Excel at storage/output/facilities.xlsx
2025-08-08 15:08:13,327 - INFO - Number of raw capacities - 369
2025-08-08 15:08:13,327 - INFO - 📅 Unique capacities remaining after deduplication (keeping earliest date): 253
2025-08-08 15:08:14,167 - INFO - ✅ Inserted 101 facilities into MongoDB, with 253 capacities.
2025-08-08 15:08:14,168 - INFO - 🧮 Determining phase summaries
2025-08-08 15:08:14,227 - INFO - 🚀 Starting summary updates for greenfield and expansion...
2025-08-08 15:08:15,227 - INFO - ✅ Updated summaries for 96 facilities.
2025-08-08 15:08:15,228 - INFO - Total pipeline time: 0.35 minutes
