2025-08-08 12:16:56,335 - INFO - Updating mongo-metadata is set to True
2025-08-08 12:16:57,423 - INFO - 📦 Loaded 1355 existing (country, city_key) pairs from MongoDB.
2025-08-08 12:16:58,241 - INFO - 📰 Found 600 article(s) containing factory nodes.
2025-08-08 12:16:58,269 - WARNING - [standardize_country] country lookup failed for “eastern europe”
2025-08-08 12:16:58,275 - WARNING - [standardize_country] country lookup failed for “central or eastern europe”
2025-08-08 12:16:58,281 - WARNING - [standardize_country] country lookup failed for “sardinia”
2025-08-08 12:16:58,304 - WARNING - [standardize_country] country lookup failed for “europe”
2025-08-08 12:16:58,308 - WARNING - [standardize_country] country lookup failed for “north america”
2025-08-08 12:16:58,313 - WARNING - [standardize_country] country lookup failed for “bosnia-herzegovina”
2025-08-08 12:16:58,313 - INFO - 🧹 Identified 112 new (country, city) pairs to query. Example three:
2025-08-08 12:16:58,313 - INFO - [('Sweden', 'southern_sweden'), ('United States', 'ann_arbor'), ('France', 'billyberclau')]
2025-08-08 12:18:07,888 - INFO - ✅ Geonames MongoDB updated. Inserted: 0, Modified: 24
2025-08-08 12:18:07,893 - INFO - 🗞️ Flattening articles...
2025-08-08 12:18:22,681 - INFO - 💾 Saved nodes to storage/output/all_nodes.xlsx
2025-08-08 12:18:22,681 - INFO - 💾 Saved relationships to storage/output/all_rels.xlsx
2025-08-08 12:18:22,705 - INFO - 🉑 Merging nodes and relationships...
2025-08-08 12:18:27,375 - WARNING - [standardize_country] country lookup failed for “asia”
2025-08-08 12:18:27,379 - WARNING - [standardize_country] country lookup failed for “unclear”
2025-08-08 12:18:27,388 - WARNING - [standardize_country] country lookup failed for “sweden or finland”
2025-08-08 12:18:27,409 - WARNING - [standardize_country] country lookup failed for “northern macedonia”
2025-08-08 12:18:27,413 - WARNING - [standardize_country] country lookup failed for “bavaria, germany”
2025-08-08 12:18:27,417 - WARNING - [standardize_country] country lookup failed for “china, mexico, poland, india”
2025-08-08 12:18:27,434 - WARNING - [standardize_country] country lookup failed for “germany, poland, or hungary”
2025-08-08 12:18:27,438 - WARNING - [standardize_country] country lookup failed for “democratic republic of congo”
2025-08-08 12:18:27,442 - WARNING - [standardize_country] country lookup failed for “germany-dutch”
2025-08-08 12:18:27,459 - WARNING - [standardize_country] country lookup failed for “eu and uk”
2025-08-08 12:18:27,464 - WARNING - [standardize_country] country lookup failed for “mexico, usa or canada”
2025-08-08 12:18:27,468 - WARNING - [standardize_country] country lookup failed for “western europe”
2025-08-08 12:18:27,476 - WARNING - [standardize_country] country lookup failed for “mainland europe”
2025-08-08 12:18:27,485 - WARNING - [standardize_country] country lookup failed for “morocoo”
2025-08-08 12:18:27,806 - INFO - 💾 Saved factory-technology graph segment to storage/output/factory-technological.xlsx
2025-08-08 12:18:27,811 - INFO - 🫂 Grouping projects...
2025-08-08 12:18:27,811 - INFO - Reading input file: storage/output/factory-technological.xlsx
2025-08-08 12:18:28,017 - INFO - Missing values per column before dropping:
2025-08-08 12:18:28,017 - INFO - adm1            847
inst_canon        8
product_lv1     698
product_lv2    1450
dtype: int64
2025-08-08 12:18:28,017 - INFO - Dropped 1318 rows because of missing values; 1607 remain.
2025-08-08 12:18:28,018 - INFO - Unique owners before manual dict: 357
2025-08-08 12:18:28,018 - INFO - Unique owners after manual dict: 339
2025-08-08 12:18:30,096 - INFO - Saving output to ./storage/output/all_projects.xlsx
2025-08-08 12:18:30,273 - INFO - Saving filtered output to storage/output/filtered_projects.xlsx
2025-08-08 12:18:30,274 - INFO - 🏭 Importing facilities
2025-08-08 12:18:30,449 - INFO - 🗑️ Cleared existing facilities from MongoDB.
2025-08-08 12:18:30,499 - INFO - Saving a copy of facilities to Excel at storage/output/facilities.xlsx
2025-08-08 12:18:30,523 - INFO - Number of raw capacities - 403
2025-08-08 12:18:30,523 - INFO - 📅 Unique capacities remaining after deduplication (keeping earliest date): 275
2025-08-08 12:18:31,475 - INFO - ✅ Inserted 109 facilities into MongoDB, with 275 capacities.
2025-08-08 12:18:31,476 - INFO - 🧮 Determining phase summaries
2025-08-08 12:18:31,540 - INFO - 🚀 Starting summary updates for greenfield and expansion...
2025-08-08 12:18:32,501 - INFO - ✅ Updated summaries for 101 facilities.
2025-08-08 12:18:32,502 - INFO - Total pipeline time: 1.60 minutes
