2025-08-23 17:21:54,164 - INFO - Updating mongo-metadata is set to False
2025-08-23 17:21:54,164 - INFO - 🗞️ Flattening articles...
2025-08-23 17:22:34,361 - INFO - 💾 Saved nodes to storage/output/all_nodes.xlsx
2025-08-23 17:22:34,362 - INFO - 💾 Saved relationships to storage/output/all_rels.xlsx
2025-08-23 17:22:34,450 - INFO - 🉑 Merging nodes and relationships...
2025-08-23 17:22:49,587 - INFO - 💾 Saved geo_lookup to storage/output/geo_lookup.json
2025-08-23 17:22:51,890 - INFO - 💾 Saved: storage/output/factory_registry.xlsx
2025-08-23 17:23:06,981 - INFO - 💾 Saved geo_lookup to storage/output/geo_lookup.json
2025-08-23 17:23:08,096 - INFO - 💾 Saved: storage/output/factory-technological.xlsx
2025-08-23 17:23:23,164 - INFO - 💾 Saved geo_lookup to storage/output/geo_lookup.json
2025-08-23 17:23:23,474 - INFO - 💾 Saved: storage/output/company-joint-venture.xlsx
2025-08-23 17:23:23,487 - INFO - Normalising capacities
2025-08-23 17:23:24,159 - INFO - Capacity rows: 2795 | failed: 223 (8.0%)
2025-08-23 17:23:24,159 - INFO - normalization_case
normalize:fallback:keep-metric                                  888
normalize:already-clean:gigawatt                                624
normalize:already-clean:gigawatt hour                           583
normalize:vehicle:missing                                       326
fallback:missing-metric                                         203
normalize:already-clean:tonne                                    82
normalize:invalid-input                                          20
normalize:battery:energy-metric                                  17
normalize:battery:module_pack:battery systems->gigawatt hour     15
normalize:battery:keyword:vehicle                                 9
normalize:battery:keyword:ev                                      8
normalize:battery:module_pack:battery modules->gigawatt hour      5
normalize:battery:module_pack:unit->gigawatt hour                 5
normalize:battery:module_pack:battery packs->gigawatt hour        5
normalize:battery:module_pack:batteries->gigawatt hour            4
normalize:battery:keyword:car                                     1
2025-08-23 17:23:24,885 - INFO - 🫂 Grouping projects...
2025-08-23 17:23:24,885 - INFO - Processing: storage/output/factory-technological-clean-capacities.xlsx → storage/output/grouped-capacities.xlsx
2025-08-23 17:23:25,241 - INFO - Found 2795 rows (EU only).
2025-08-23 17:23:25,249 - INFO - ⚠️ 745 rows lack an admin_group_key after applying per-country rules.
2025-08-23 17:23:25,249 - INFO - ⚠️ 13 entries without a normalised OWNER name are dropped.
2025-08-23 17:23:25,250 - INFO - Rows reduced to 2782 after dropping missing inst_canon.
2025-08-23 17:23:25,250 - INFO - ⚠️ 366 entries without CITY are dropped.
2025-08-23 17:23:25,251 - INFO - Rows reduced to 2416 after dropping missing city_key.
2025-08-23 17:23:25,251 - INFO - ⚠️ 376 entries without a geographic locator are dropped.
2025-08-23 17:23:25,251 - INFO - Rows reduced to 2040 after dropping missing admin_group_key.
2025-08-23 17:23:25,251 - INFO - ⚠️ 392 entries without a normalised PRODUCT-LV1 are dropped.
2025-08-23 17:23:25,252 - INFO - Rows reduced to 1648 after dropping missing product_lv1.
2025-08-23 17:23:25,252 - INFO - ⚠️ 1147 total rows dropped due to missing required fields; 1648 remain.
2025-08-23 17:23:25,252 - INFO - ⚠️ 559 entries without a normalised PRODUCT-LV2.
2025-08-23 17:23:25,252 - INFO - Unique owners before manual dict: 513
2025-08-23 17:23:25,252 - INFO - Unique owners after manual dict: 471
2025-08-23 17:23:25,258 - INFO - Applied site merges to 9 rows.
2025-08-23 17:23:27,117 - INFO - Overwrote inst_canon with JV labels for 117 rows
2025-08-23 17:23:27,368 - INFO - Saving filtered output to storage/output/grouped-capacities.xlsx
2025-08-23 17:23:27,369 - INFO - Processing: storage/output/factory_registry.xlsx → storage/output/grouped-factories.xlsx
2025-08-23 17:23:28,030 - INFO - Found 10417 rows (EU only).
2025-08-23 17:23:28,057 - INFO - ⚠️ 2490 rows lack an admin_group_key after applying per-country rules.
2025-08-23 17:23:28,057 - INFO - ⚠️ 10 entries without a normalised OWNER name are dropped.
2025-08-23 17:23:28,059 - INFO - Rows reduced to 10407 after dropping missing inst_canon.
2025-08-23 17:23:28,059 - INFO - ⚠️ 1218 entries without CITY are dropped.
2025-08-23 17:23:28,061 - INFO - Rows reduced to 9189 after dropping missing city_key.
2025-08-23 17:23:28,061 - INFO - ⚠️ 1270 entries without a geographic locator are dropped.
2025-08-23 17:23:28,062 - INFO - Rows reduced to 7919 after dropping missing admin_group_key.
2025-08-23 17:23:28,062 - INFO - ⚠️ 3815 entries without a normalised PRODUCT-LV1 are dropped.
2025-08-23 17:23:28,063 - INFO - Rows reduced to 4104 after dropping missing product_lv1.
2025-08-23 17:23:28,063 - INFO - ⚠️ 6313 total rows dropped due to missing required fields; 4104 remain.
2025-08-23 17:23:28,063 - INFO - ⚠️ 1745 entries without a normalised PRODUCT-LV2.
2025-08-23 17:23:28,063 - INFO - Unique owners before manual dict: 938
2025-08-23 17:23:28,064 - INFO - Unique owners after manual dict: 894
2025-08-23 17:23:28,078 - INFO - Applied site merges to 21 rows.
2025-08-23 17:23:29,955 - INFO - Overwrote inst_canon with JV labels for 221 rows
2025-08-23 17:23:30,480 - INFO - Saving filtered output to storage/output/grouped-factories.xlsx
2025-08-23 17:23:30,482 - INFO - 🏭 Importing facilities
2025-08-23 17:23:30,669 - INFO - 🗑️ Cleared existing facilities from MongoDB.
2025-08-23 17:23:31,133 - INFO - Saving a copy of facilities to Excel at storage/output/facilities.xlsx
2025-08-23 17:23:31,502 - INFO - Number of raw capacities: 1648
2025-08-23 17:23:31,502 - INFO - 📅 Unique capacities after dedup (earliest per tuple): 1259
2025-08-23 17:23:31,521 - INFO - Facilities before filter: 1503 | with capacities: 644 | without capacities (skipped): 859
2025-08-23 17:23:34,950 - INFO - ✅ Inserted 644 facilities into MongoDB with 1259 deduplicated capacities attached.
2025-08-23 17:23:34,961 - INFO - 🧮 Determining phase summaries
2025-08-23 17:23:35,045 - INFO - 🚀 Starting summary updates for main, greenfield and expansion...
2025-08-23 17:23:38,725 - INFO - ✅ Updated summaries for 643 facilities.
2025-08-23 17:23:38,728 - INFO - Outputting clean capacities summary data
2025-08-23 17:23:39,894 - INFO - Total pipeline time: 1.76 minutes
