2025-08-08 14:11:51,611 - INFO - Updating mongo-metadata is set to True
2025-08-08 14:11:51,611 - INFO - 🌎 Querying geonames...
2025-08-08 14:11:52,349 - INFO - 📦 Loaded 0 existing (country, city_key) pairs from MongoDB.
2025-08-08 14:11:52,750 - WARNING - [standardize_country] country lookup failed for “asia”
2025-08-08 14:11:52,754 - WARNING - [standardize_country] country lookup failed for “unclear”
2025-08-08 14:11:52,759 - WARNING - [standardize_country] country lookup failed for “europe”
2025-08-08 14:11:52,765 - INFO - 📰 Scanned 100 article(s) with factory nodes.
2025-08-08 14:11:52,765 - INFO - 🧹 Identified 82 new (country, city) pairs to query. Example three: [('United Kingdom', 'coventry'), ('France', 'fessenheim'), ('United States', 'orion')]
2025-08-08 14:11:53,462 - INFO - ⏭️ Skipping CA - Canada (non-Europe).
2025-08-08 14:11:53,462 - INFO - ⏭️ Skipping CA - Canada (non-Europe).
2025-08-08 14:11:53,462 - INFO - ⏭️ Skipping CN - China (non-Europe).
2025-08-08 14:11:53,462 - INFO - ⏭️ Skipping CN - China (non-Europe).
2025-08-08 14:11:53,462 - INFO - ⏭️ Skipping CN - China (non-Europe).
2025-08-08 14:11:53,462 - INFO - ⏭️ Skipping CN - China (non-Europe).
2025-08-08 14:11:53,463 - INFO - ⏭️ Skipping CN - China (non-Europe).
2025-08-08 14:11:53,463 - INFO - ⏭️ Skipping CN - China (non-Europe).
2025-08-08 14:11:53,463 - INFO - ⏭️ Skipping CN - China (non-Europe).
2025-08-08 14:11:53,463 - INFO - ⏭️ Skipping CN - China (non-Europe).
2025-08-08 14:11:53,463 - INFO - ⏭️ Skipping CN - China (non-Europe).
2025-08-08 14:11:53,463 - INFO - ⏭️ Skipping CN - China (non-Europe).
2025-08-08 14:11:53,463 - INFO - ⏭️ Skipping CN - China (non-Europe).
2025-08-08 14:11:53,463 - INFO - ⏭️ Skipping CN - China (non-Europe).
2025-08-08 14:11:53,463 - INFO - ⏭️ Skipping CN - China (non-Europe).
2025-08-08 14:11:53,463 - INFO - ⏭️ Skipping CN - China (non-Europe).
2025-08-08 14:11:53,463 - INFO - ⏭️ Skipping CN - China (non-Europe).
2025-08-08 14:11:53,463 - INFO - ⏭️ Skipping CN - China (non-Europe).
2025-08-08 14:11:53,463 - INFO - ⏭️ Skipping CN - China (non-Europe).
2025-08-08 14:11:53,463 - INFO - ⏭️ Skipping CN - China (non-Europe).
2025-08-08 14:11:53,463 - INFO - ⏭️ Skipping CN - China (non-Europe).
2025-08-08 14:12:00,976 - INFO - ⏭️ Skipping JP - Japan (non-Europe).
2025-08-08 14:12:00,976 - INFO - ⏭️ Skipping KR - Korea, Republic of (non-Europe).
2025-08-08 14:12:00,976 - INFO - ⏭️ Skipping KR - Korea, Republic of (non-Europe).
2025-08-08 14:12:00,977 - INFO - ⏭️ Skipping KR - Korea, Republic of (non-Europe).
2025-08-08 14:12:00,977 - INFO - ⏭️ Skipping MA - Morocco (non-Europe).
2025-08-08 14:12:01,267 - INFO - ⏭️ Skipping RU - Russian Federation (non-Europe).
2025-08-08 14:12:01,268 - INFO - ⏭️ Skipping ZA - South Africa (non-Europe).
2025-08-08 14:12:02,560 - INFO - ⏭️ Skipping US - United States (non-Europe).
2025-08-08 14:12:02,560 - INFO - ⏭️ Skipping US - United States (non-Europe).
2025-08-08 14:12:02,560 - INFO - ⏭️ Skipping US - United States (non-Europe).
2025-08-08 14:12:02,560 - INFO - ⏭️ Skipping US - United States (non-Europe).
2025-08-08 14:12:02,560 - INFO - ⏭️ Skipping US - United States (non-Europe).
2025-08-08 14:12:02,560 - INFO - ⏭️ Skipping US - United States (non-Europe).
2025-08-08 14:12:02,560 - INFO - ⏭️ Skipping US - United States (non-Europe).
2025-08-08 14:12:02,560 - INFO - ⏭️ Skipping US - United States (non-Europe).
2025-08-08 14:12:02,560 - INFO - ⏭️ Skipping US - United States (non-Europe).
2025-08-08 14:12:02,561 - INFO - ⏭️ Skipping US - United States (non-Europe).
2025-08-08 14:12:02,561 - INFO - ⏭️ Skipping US - United States (non-Europe).
2025-08-08 14:12:02,561 - INFO - ⏭️ Skipping US - United States (non-Europe).
2025-08-08 14:12:02,561 - INFO - ⏭️ Skipping US - United States (non-Europe).
2025-08-08 14:12:02,561 - INFO - ⏭️ Skipping US - United States (non-Europe).
2025-08-08 14:12:02,561 - INFO - ⏭️ Skipping US - United States (non-Europe).
2025-08-08 14:12:02,680 - INFO - ✅ Geonames MongoDB updated. Inserted: 11 fresh documents, Modified: 28 documents.
2025-08-08 14:12:02,680 - INFO - 🗞️ Flattening articles...
2025-08-08 14:12:13,931 - INFO - -- tracking 52638 nodes
2025-08-08 14:12:13,931 - INFO - -- tracking 35211 relationships
2025-08-08 14:12:13,931 - INFO - 💾 Saved nodes to storage/output/all_nodes.xlsx
2025-08-08 14:12:13,931 - INFO - 💾 Saved relationships to storage/output/all_rels.xlsx
2025-08-08 14:12:13,955 - INFO - 🉑 Merging nodes and relationships...
2025-08-08 14:12:18,222 - WARNING - [standardize_country] country lookup failed for “sweden or finland”
2025-08-08 14:12:18,247 - WARNING - [standardize_country] country lookup failed for “northern macedonia”
2025-08-08 14:12:18,252 - WARNING - [standardize_country] country lookup failed for “eastern europe”
2025-08-08 14:12:18,256 - WARNING - [standardize_country] country lookup failed for “bavaria, germany”
2025-08-08 14:12:18,260 - WARNING - [standardize_country] country lookup failed for “china, mexico, poland, india”
2025-08-08 14:12:18,277 - WARNING - [standardize_country] country lookup failed for “germany, poland, or hungary”
2025-08-08 14:12:18,281 - WARNING - [standardize_country] country lookup failed for “democratic republic of congo”
2025-08-08 14:12:18,285 - WARNING - [standardize_country] country lookup failed for “germany-dutch”
2025-08-08 14:12:18,302 - WARNING - [standardize_country] country lookup failed for “north america”
2025-08-08 14:12:18,306 - WARNING - [standardize_country] country lookup failed for “eu and uk”
2025-08-08 14:12:18,310 - WARNING - [standardize_country] country lookup failed for “mexico, usa or canada”
2025-08-08 14:12:18,314 - WARNING - [standardize_country] country lookup failed for “western europe”
2025-08-08 14:12:18,323 - WARNING - [standardize_country] country lookup failed for “mainland europe”
2025-08-08 14:12:18,327 - WARNING - [standardize_country] country lookup failed for “central or eastern europe”
2025-08-08 14:12:18,331 - WARNING - [standardize_country] country lookup failed for “sardinia”
2025-08-08 14:12:18,344 - WARNING - [standardize_country] country lookup failed for “bosnia-herzegovina”
2025-08-08 14:12:18,352 - WARNING - [standardize_country] country lookup failed for “morocoo”
2025-08-08 14:12:18,661 - INFO - 💾 Saved factory-technology graph segment to storage/output/factory-technological.xlsx
2025-08-08 14:12:18,666 - INFO - 🫂 Grouping projects...
2025-08-08 14:12:18,666 - INFO - Reading input file: storage/output/factory-technological.xlsx
2025-08-08 14:12:18,855 - INFO - ⚠️ 417 entries without CITY are dropped.
2025-08-08 14:12:18,856 - INFO - 🗑️ Dropped all 417 from dataframe. 2925 reduced to 2508
2025-08-08 14:12:18,856 - INFO - Missing values per column before dropping:
2025-08-08 14:12:18,856 - INFO - adm1           2380
inst_canon        8
product_lv1     567
product_lv2    1233
dtype: int64
2025-08-08 14:12:18,857 - INFO - Dropped 2820 rows because of missing values; 105 remain.
2025-08-08 14:12:18,857 - INFO - Unique owners before manual dict: 29
2025-08-08 14:12:18,857 - INFO - Unique owners after manual dict: 25
2025-08-08 14:12:20,482 - INFO - Saving output to ./storage/output/all_projects.xlsx
2025-08-08 14:12:20,501 - INFO - Saving filtered output to storage/output/filtered_projects.xlsx
2025-08-08 14:12:20,502 - INFO - 🏭 Importing facilities
2025-08-08 14:12:20,650 - INFO - 🗑️ Cleared existing facilities from MongoDB.
2025-08-08 14:12:20,666 - INFO - Saving a copy of facilities to Excel at storage/output/facilities.xlsx
2025-08-08 14:12:20,676 - INFO - Number of raw capacities - 55
2025-08-08 14:12:20,676 - INFO - 📅 Unique capacities remaining after deduplication (keeping earliest date): 47
2025-08-08 14:12:20,757 - INFO - ✅ Inserted 15 facilities into MongoDB, with 47 capacities.
2025-08-08 14:12:20,758 - INFO - 🧮 Determining phase summaries
2025-08-08 14:12:20,826 - INFO - 🚀 Starting summary updates for greenfield and expansion...
2025-08-08 14:12:21,021 - INFO - ✅ Updated summaries for 15 facilities.
2025-08-08 14:12:21,021 - INFO - Total pipeline time: 0.49 minutes
