2025-08-13 12:40:43,076 - INFO - Updating mongo-metadata is set to False
2025-08-13 12:40:43,076 - INFO - 🗞️ Flattening articles...
2025-08-13 12:41:05,704 - INFO - 💾 Saved nodes to storage/output/all_nodes.xlsx
2025-08-13 12:41:05,704 - INFO - 💾 Saved relationships to storage/output/all_rels.xlsx
2025-08-13 12:41:05,749 - INFO - 🉑 Merging nodes and relationships...
2025-08-13 12:41:14,919 - INFO - 💾 Saved factory-technology graph segment to storage/output/factory-technological.xlsx
2025-08-13 12:41:14,929 - INFO - Normalising capacities
2025-08-13 12:41:15,909 - INFO - Capacity rows: 4898 | failed: 468 (9.6%)
2025-08-13 12:41:15,910 - INFO - normalization_case
normalize:fallback:keep-metric       1621
normalize:default:gigawatt hour      1236
normalize:vehicle:missing             973
fallback:missing-metric               412
normalize:default:gigawatt            275
normalize:default:tonne               185
normalize:battery:metric-present      112
normalize:invalid-input                56
normalize:battery:keyword:vehicle      13
normalize:battery:keyword:ev            9
normalize:battery:keyword:car           6
2025-08-13 12:41:17,134 - INFO - 🫂 Grouping projects...
2025-08-13 12:41:17,633 - INFO - Found 1505 rows:
2025-08-13 12:41:17,634 - INFO - ⚠️ 161 entries without CITY are dropped, rows reduced to 1344.
2025-08-13 12:41:17,634 - INFO - Missing counts: adm1           453
inst_canon     124
product_lv1    489
product_lv2    720
dtype: int64
2025-08-13 12:41:17,635 - INFO - ⚠️  844 rows dropped because of missing values; 661 remain.
2025-08-13 12:41:17,635 - INFO - Unique owners before manual dict: 160
2025-08-13 12:41:17,635 - INFO - Unique owners after manual dict: 139
2025-08-13 12:41:19,418 - INFO - Saving filtered output to storage/output/filtered_projects.xlsx
2025-08-13 12:41:19,418 - INFO - 🏭 Importing facilities
2025-08-13 12:41:19,590 - INFO - 🗑️ Cleared existing facilities from MongoDB.
2025-08-13 12:41:19,669 - INFO - Saving a copy of facilities to Excel at storage/output/facilities.xlsx
2025-08-13 12:41:19,704 - INFO - Number of raw capacities - 661
2025-08-13 12:41:19,704 - INFO - 📅 Unique capacities remaining after deduplication (keeping earliest date): 437
2025-08-13 12:41:20,532 - INFO - ✅ Inserted 188 facilities into MongoDB, with 437 capacities.
2025-08-13 12:41:20,535 - INFO - 🧮 Determining phase summaries
2025-08-13 12:41:20,600 - INFO - 🚀 Starting summary updates for greenfield and expansion...
2025-08-13 12:41:21,603 - INFO - ✅ Updated summaries for 174 facilities.
2025-08-13 12:41:21,604 - INFO - Outputting clean capacities summary data
2025-08-13 12:41:21,801 - INFO - Total pipeline time: 0.65 minutes
