2025-08-07 18:24:07,677 - INFO - Updating mongo-metadata is set to True
2025-08-07 18:24:08,750 - INFO - 📦 Loaded 1736 existing (country, city_key) pairs from MongoDB.
2025-08-07 18:24:09,095 - INFO - 📰 Found 374 article(s) containing factory nodes.
2025-08-07 18:24:09,142 - INFO - 🧹 Identified 224 new (country, city) pairs to query. Example three:
2025-08-07 18:24:09,142 - INFO - [('Australia', 'jundee'), ('Germany', 'pfeffenhausen'), ('Finland', 'porvoo')]
2025-08-07 18:25:06,222 - INFO - ✅ Geonames MongoDB updated. Inserted: 6, Modified: 218
2025-08-07 18:25:06,226 - INFO - 🗞️ Flattening articles...
2025-08-07 18:25:16,628 - INFO - 💾 Saved nodes to storage/output/all_nodes.xlsx
2025-08-07 18:25:16,628 - INFO - 💾 Saved relationships to storage/output/all_rels.xlsx
2025-08-07 18:25:16,651 - INFO - 🉑 Merging nodes and relationships...
2025-08-07 18:25:21,264 - WARNING - [standardize_country] country lookup failed for “asia”
2025-08-07 18:25:21,268 - WARNING - [standardize_country] country lookup failed for “unclear”
2025-08-07 18:25:21,273 - WARNING - [standardize_country] country lookup failed for “europe”
2025-08-07 18:25:21,281 - WARNING - [standardize_country] country lookup failed for “sweden or finland”
2025-08-07 18:25:21,307 - WARNING - [standardize_country] country lookup failed for “northern macedonia”
2025-08-07 18:25:21,311 - WARNING - [standardize_country] country lookup failed for “eastern europe”
2025-08-07 18:25:21,315 - WARNING - [standardize_country] country lookup failed for “bavaria, germany”
2025-08-07 18:25:21,320 - WARNING - [standardize_country] country lookup failed for “china, mexico, poland, india”
2025-08-07 18:25:21,337 - WARNING - [standardize_country] country lookup failed for “germany, poland, or hungary”
2025-08-07 18:25:21,341 - WARNING - [standardize_country] country lookup failed for “democratic republic of congo”
2025-08-07 18:25:21,345 - WARNING - [standardize_country] country lookup failed for “germany-dutch”
2025-08-07 18:25:21,362 - WARNING - [standardize_country] country lookup failed for “north america”
2025-08-07 18:25:21,366 - WARNING - [standardize_country] country lookup failed for “eu and uk”
2025-08-07 18:25:21,370 - WARNING - [standardize_country] country lookup failed for “mexico, usa or canada”
2025-08-07 18:25:21,374 - WARNING - [standardize_country] country lookup failed for “western europe”
2025-08-07 18:25:21,383 - WARNING - [standardize_country] country lookup failed for “mainland europe”
2025-08-07 18:25:21,387 - WARNING - [standardize_country] country lookup failed for “central or eastern europe”
2025-08-07 18:25:21,391 - WARNING - [standardize_country] country lookup failed for “sardinia”
2025-08-07 18:25:21,404 - WARNING - [standardize_country] country lookup failed for “bosnia-herzegovina”
2025-08-07 18:25:21,412 - WARNING - [standardize_country] country lookup failed for “morocoo”
2025-08-07 18:25:21,735 - INFO - 💾 Saved factory-technology graph segment to storage/output/factory-technological.xlsx
2025-08-07 18:25:21,740 - INFO - 🫂 Grouping projects...
2025-08-07 18:25:21,740 - INFO - Reading input file: storage/output/factory-technological.xlsx
2025-08-07 18:25:21,943 - INFO - Missing values per column before dropping:
2025-08-07 18:25:21,943 - INFO - adm1            963
inst_canon        8
product_lv1     698
product_lv2    1450
dtype: int64
2025-08-07 18:25:21,944 - INFO - Dropped 1407 rows because of missing values; 1518 remain.
2025-08-07 18:25:21,944 - INFO - Unique owners before manual dict: 343
2025-08-07 18:25:21,944 - INFO - Unique owners after manual dict: 325
2025-08-07 18:25:23,677 - INFO - Saving output to ./storage/output/all_projects.xlsx
2025-08-07 18:25:23,849 - INFO - Saving filtered output to storage/output/filtered_projects.xlsx
2025-08-07 18:25:23,850 - INFO - 🏭 Importing facilities
2025-08-07 18:25:24,009 - INFO - 🗑️ Cleared existing facilities from MongoDB.
2025-08-07 18:25:24,063 - INFO - Saving a copy of facilities to Excel at storage/output/facilities.xlsx
2025-08-07 18:25:24,086 - INFO - Number of raw capacities - 384
2025-08-07 18:25:24,086 - INFO - 📅 Unique capacities remaining after deduplication (keeping earliest date): 261
2025-08-07 18:25:24,935 - INFO - ✅ Inserted 103 facilities into MongoDB, with 261 capacities.
2025-08-07 18:25:24,936 - INFO - 🧮 Determining phase summaries
2025-08-07 18:25:24,998 - INFO - 🚀 Starting summary updates for greenfield and expansion...
2025-08-07 18:25:26,015 - INFO - ✅ Updated summaries for 96 facilities.
2025-08-07 18:25:26,016 - INFO - Total pipeline time: 1.31 minutes
