2025-08-13 12:51:33,849 - INFO - Updating mongo-metadata is set to False
2025-08-13 12:51:33,849 - INFO - 🗞️ Flattening articles...
2025-08-13 12:51:56,118 - INFO - 💾 Saved nodes to storage/output/all_nodes.xlsx
2025-08-13 12:51:56,118 - INFO - 💾 Saved relationships to storage/output/all_rels.xlsx
2025-08-13 12:51:56,164 - INFO - 🉑 Merging nodes and relationships...
2025-08-13 12:52:05,418 - INFO - 💾 Saved factory-technology graph segment to storage/output/factory-technological.xlsx
2025-08-13 12:52:05,428 - INFO - Normalising capacities
2025-08-13 12:52:06,420 - INFO - Capacity rows: 4908 | failed: 468 (9.5%)
2025-08-13 12:52:06,420 - INFO - normalization_case
normalize:fallback:keep-metric       1631
normalize:default:gigawatt hour      1236
normalize:vehicle:missing             973
fallback:missing-metric               412
normalize:default:gigawatt            275
normalize:default:tonne               185
normalize:battery:metric-present      112
normalize:invalid-input                56
normalize:battery:keyword:vehicle      13
normalize:battery:keyword:ev            9
normalize:battery:keyword:car           6
2025-08-13 12:52:07,625 - INFO - 🫂 Grouping projects...
2025-08-13 12:52:08,134 - INFO - Found 1512 rows:
2025-08-13 12:52:08,135 - INFO - ⚠️ 161 entries without CITY are dropped, rows reduced to 1351.
2025-08-13 12:52:08,135 - INFO - Missing counts: adm1           458
inst_canon     131
product_lv1    496
product_lv2    727
dtype: int64
2025-08-13 12:52:08,136 - INFO - ⚠️  851 rows dropped because of missing values; 661 remain.
2025-08-13 12:52:08,136 - INFO - Unique owners before manual dict: 160
2025-08-13 12:52:08,136 - INFO - Unique owners after manual dict: 139
2025-08-13 12:52:09,800 - INFO - Saving filtered output to storage/output/filtered_projects.xlsx
2025-08-13 12:52:09,801 - INFO - 🏭 Importing facilities
2025-08-13 12:52:09,979 - INFO - 🗑️ Cleared existing facilities from MongoDB.
2025-08-13 12:52:10,109 - INFO - Saving a copy of facilities to Excel at storage/output/facilities.xlsx
2025-08-13 12:52:10,144 - INFO - Number of raw capacities - 661
2025-08-13 12:52:10,144 - INFO - 📅 Unique capacities remaining after deduplication (keeping earliest date): 437
2025-08-13 12:52:10,994 - INFO - ✅ Inserted 188 facilities into MongoDB, with 437 capacities.
2025-08-13 12:52:10,996 - INFO - 🧮 Determining phase summaries
2025-08-13 12:52:11,070 - INFO - 🚀 Starting summary updates for greenfield and expansion...
2025-08-13 12:52:11,926 - INFO - ✅ Updated summaries for 174 facilities.
2025-08-13 12:52:11,927 - INFO - Outputting clean capacities summary data
2025-08-13 12:52:12,156 - INFO - Total pipeline time: 0.64 minutes
