2025-08-13 13:09:37,433 - INFO - Updating mongo-metadata is set to False
2025-08-13 13:09:37,433 - INFO - 🗞️ Flattening articles...
2025-08-13 13:09:59,149 - INFO - 💾 Saved nodes to storage/output/all_nodes.xlsx
2025-08-13 13:09:59,149 - INFO - 💾 Saved relationships to storage/output/all_rels.xlsx
2025-08-13 13:09:59,196 - INFO - 🉑 Merging nodes and relationships...
2025-08-13 13:10:08,517 - INFO - 💾 Saved factory-technology graph segment to storage/output/factory-technological.xlsx
2025-08-13 13:10:08,528 - INFO - Normalising capacities
2025-08-13 13:10:09,514 - INFO - Capacity rows: 4931 | failed: 519 (10.5%)
2025-08-13 13:10:09,515 - INFO - normalization_case
normalize:fallback:keep-metric       1671
normalize:default:gigawatt hour      1236
normalize:vehicle:missing             973
fallback:missing-metric               489
normalize:default:gigawatt            275
normalize:default:tonne               185
normalize:battery:energy-metric        31
normalize:invalid-input                30
normalize:battery:keyword:vehicle      19
normalize:battery:keyword:ev           13
normalize:battery:keyword:car           9
2025-08-13 13:10:10,751 - INFO - 🫂 Grouping projects...
2025-08-13 13:10:11,263 - INFO - Found 1522 rows:
2025-08-13 13:10:11,264 - INFO - ⚠️ 162 entries without CITY are dropped, rows reduced to 1360.
2025-08-13 13:10:11,264 - INFO - Missing counts: adm1           465
inst_canon     140
product_lv1    505
product_lv2    736
dtype: int64
2025-08-13 13:10:11,265 - INFO - ⚠️  861 rows dropped because of missing values; 661 remain.
2025-08-13 13:10:11,265 - INFO - Unique owners before manual dict: 160
2025-08-13 13:10:11,265 - INFO - Unique owners after manual dict: 139
2025-08-13 13:10:12,916 - INFO - Saving filtered output to storage/output/filtered_projects.xlsx
2025-08-13 13:10:12,917 - INFO - 🏭 Importing facilities
2025-08-13 13:10:13,085 - INFO - 🗑️ Cleared existing facilities from MongoDB.
2025-08-13 13:10:13,161 - INFO - Saving a copy of facilities to Excel at storage/output/facilities.xlsx
2025-08-13 13:10:13,196 - INFO - Number of raw capacities - 661
2025-08-13 13:10:13,196 - INFO - 📅 Unique capacities remaining after deduplication (keeping earliest date): 437
2025-08-13 13:10:14,005 - INFO - ✅ Inserted 188 facilities into MongoDB, with 437 capacities.
2025-08-13 13:10:14,008 - INFO - 🧮 Determining phase summaries
2025-08-13 13:10:14,089 - INFO - 🚀 Starting summary updates for greenfield and expansion...
2025-08-13 13:10:15,063 - INFO - ✅ Updated summaries for 174 facilities.
2025-08-13 13:10:15,064 - INFO - Outputting clean capacities summary data
2025-08-13 13:10:15,274 - INFO - Total pipeline time: 0.63 minutes
