2025-08-08 14:37:35,965 - INFO - Updating mongo-metadata is set to True
2025-08-08 14:37:35,965 - INFO - 🌎 Querying geonames...
2025-08-08 14:37:36,831 - INFO - 📦 Loaded 82 existing (country, city_key) pairs from MongoDB.
2025-08-08 14:37:37,624 - INFO - 📰 Scanned 1000 article(s) with factory nodes.
2025-08-08 14:37:37,624 - INFO - 🧹 Identified 387 new (country, city) pairs to query. Example three: [('China', 'shenzhen'), ('Spain', 'valencia'), ('Poland', 'south_poland')]
2025-08-08 14:38:21,396 - INFO - ✅ Geonames MongoDB updated. Inserted: 3 fresh documents, Modified: 131 documents.
2025-08-08 14:38:21,396 - INFO - 🗞️ Flattening articles...
2025-08-08 14:38:32,788 - INFO - 💾 Saved nodes to storage/output/all_nodes.xlsx
2025-08-08 14:38:32,788 - INFO - 💾 Saved relationships to storage/output/all_rels.xlsx
2025-08-08 14:38:32,812 - INFO - 🉑 Merging nodes and relationships...
2025-08-08 14:38:37,629 - INFO - 💾 Saved factory-technology graph segment to storage/output/factory-technological.xlsx
2025-08-08 14:38:37,634 - INFO - 🫂 Grouping projects...
2025-08-08 14:38:37,821 - INFO - Found 2925 rows:
2025-08-08 14:38:37,822 - INFO - ⚠️ 417 entries without CITY are dropped, rows reduced to 2508.
2025-08-08 14:38:37,823 - INFO - Missing counts: adm1           2112
inst_canon        8
product_lv1     567
product_lv2    1233
dtype: int64
2025-08-08 14:38:37,823 - INFO - ⚠️  2615 rows dropped because of missing values; 310 remain.
2025-08-08 14:38:37,823 - INFO - Unique owners before manual dict: 55
2025-08-08 14:38:37,823 - INFO - Unique owners after manual dict: 50
2025-08-08 14:38:39,469 - INFO - Saving output to ./storage/output/all_projects.xlsx
2025-08-08 14:38:39,520 - INFO - Saving filtered output to storage/output/filtered_projects.xlsx
2025-08-08 14:38:39,521 - INFO - 🏭 Importing facilities
2025-08-08 14:38:39,691 - INFO - 🗑️ Cleared existing facilities from MongoDB.
2025-08-08 14:38:39,721 - INFO - Saving a copy of facilities to Excel at storage/output/facilities.xlsx
2025-08-08 14:38:39,735 - INFO - Number of raw capacities - 118
2025-08-08 14:38:39,735 - INFO - 📅 Unique capacities remaining after deduplication (keeping earliest date): 85
2025-08-08 14:38:39,822 - INFO - ✅ Inserted 29 facilities into MongoDB, with 85 capacities.
2025-08-08 14:38:39,823 - INFO - 🧮 Determining phase summaries
2025-08-08 14:38:39,898 - INFO - 🚀 Starting summary updates for greenfield and expansion...
2025-08-08 14:38:40,135 - INFO - ✅ Updated summaries for 28 facilities.
2025-08-08 14:38:40,135 - INFO - Total pipeline time: 1.07 minutes
