2025-08-21 22:21:27,549 - INFO - Updating mongo-metadata is set to False
2025-08-21 22:21:27,549 - INFO - 🗞️ Flattening articles...
2025-08-21 22:22:07,749 - INFO - 💾 Saved nodes to storage/output/all_nodes.xlsx
2025-08-21 22:22:07,749 - INFO - 💾 Saved relationships to storage/output/all_rels.xlsx
2025-08-21 22:22:07,834 - INFO - 🉑 Merging nodes and relationships...
2025-08-21 22:22:23,095 - INFO - 💾 Saved geo_lookup to storage/output/geo_lookup.json
2025-08-21 22:22:24,723 - INFO - 💾 Saved factory-technology graph segment to storage/output/factory-technological.xlsx
2025-08-21 22:22:24,744 - INFO - Normalising capacities
2025-08-21 22:22:25,379 - INFO - Capacity rows: 2705 | failed: 224 (8.3%)
2025-08-21 22:22:25,379 - INFO - normalization_case
normalize:fallback:keep-metric                                  913
normalize:already-clean:gigawatt hour                           570
normalize:already-clean:gigawatt                                540
normalize:vehicle:missing                                       313
fallback:missing-metric                                         204
normalize:already-clean:tonne                                    77
normalize:invalid-input                                          20
normalize:battery:energy-metric                                  16
normalize:battery:module_pack:battery systems->gigawatt hour     15
normalize:battery:keyword:vehicle                                 9
normalize:battery:keyword:ev                                      8
normalize:battery:module_pack:battery modules->gigawatt hour      5
normalize:battery:module_pack:unit->gigawatt hour                 5
normalize:battery:module_pack:battery packs->gigawatt hour        5
normalize:battery:module_pack:batteries->gigawatt hour            4
normalize:battery:keyword:car                                     1
2025-08-21 22:22:26,175 - INFO - 🫂 Grouping projects...
2025-08-21 22:22:26,486 - INFO - Found 2705 rows:
2025-08-21 22:22:26,487 - INFO - ⚠️ 364 entries without CITY are dropped, rows reduced to 2341.
2025-08-21 22:22:26,487 - INFO - Missing counts: adm1            354
inst_canon        0
product_lv1     570
product_lv2    1142
dtype: int64
2025-08-21 22:22:26,488 - INFO - ⚠️  1206 rows dropped because of missing values; 1499 remain.
2025-08-21 22:22:26,488 - INFO - Unique owners before manual dict: 457
2025-08-21 22:22:26,489 - INFO - Unique owners after manual dict: 419
2025-08-21 22:22:28,288 - INFO - Saving filtered output to storage/output/filtered_projects.xlsx
2025-08-21 22:22:28,289 - INFO - 🏭 Importing facilities
2025-08-21 22:22:28,436 - INFO - 🗑️ Cleared existing facilities from MongoDB.
2025-08-21 22:22:28,566 - INFO - Saving a copy of facilities to Excel at storage/output/facilities.xlsx
2025-08-21 22:22:28,657 - INFO - Number of raw capacities - 1499
2025-08-21 22:22:28,657 - INFO - 📅 Unique capacities remaining after deduplication (keeping earliest date): 1030
2025-08-21 22:22:28,671 - WARNING - bbox missing required keys. Available: []
2025-08-21 22:22:30,385 - INFO - ✅ Inserted 587 facilities into MongoDB, with 1030 capacities.
2025-08-21 22:22:30,390 - INFO - 🧮 Determining phase summaries
2025-08-21 22:22:31,359 - INFO - 🚀 Starting summary updates for main, greenfield and expansion...
2025-08-21 22:22:34,856 - INFO - ✅ Updated summaries for 586 facilities.
2025-08-21 22:22:34,858 - INFO - Outputting clean capacities summary data
2025-08-21 22:22:35,744 - INFO - Total pipeline time: 1.14 minutes
