2025-08-23 15:31:08,464 - INFO - Updating mongo-metadata is set to False
2025-08-23 15:31:08,464 - INFO - 🗞️ Flattening articles...
2025-08-23 15:31:50,510 - INFO - 💾 Saved nodes to storage/output/all_nodes.xlsx
2025-08-23 15:31:50,511 - INFO - 💾 Saved relationships to storage/output/all_rels.xlsx
2025-08-23 15:31:50,610 - INFO - 🉑 Merging nodes and relationships...
2025-08-23 15:32:06,108 - INFO - 💾 Saved geo_lookup to storage/output/geo_lookup.json
2025-08-23 15:32:08,356 - INFO - 💾 Saved: storage/output/factory_registry.xlsx
2025-08-23 15:32:23,729 - INFO - 💾 Saved geo_lookup to storage/output/geo_lookup.json
2025-08-23 15:32:24,854 - INFO - 💾 Saved: storage/output/factory-technological.xlsx
2025-08-23 15:32:40,124 - INFO - 💾 Saved geo_lookup to storage/output/geo_lookup.json
2025-08-23 15:32:40,435 - INFO - 💾 Saved: storage/output/company-joint-venture.xlsx
2025-08-23 15:32:40,448 - INFO - Normalising capacities
2025-08-23 15:32:41,127 - INFO - Capacity rows: 2796 | failed: 223 (8.0%)
2025-08-23 15:32:41,127 - INFO - normalization_case
normalize:fallback:keep-metric                                  888
normalize:already-clean:gigawatt                                624
normalize:already-clean:gigawatt hour                           584
normalize:vehicle:missing                                       326
fallback:missing-metric                                         203
normalize:already-clean:tonne                                    82
normalize:invalid-input                                          20
normalize:battery:energy-metric                                  17
normalize:battery:module_pack:battery systems->gigawatt hour     15
normalize:battery:keyword:vehicle                                 9
normalize:battery:keyword:ev                                      8
normalize:battery:module_pack:battery modules->gigawatt hour      5
normalize:battery:module_pack:unit->gigawatt hour                 5
normalize:battery:module_pack:battery packs->gigawatt hour        5
normalize:battery:module_pack:batteries->gigawatt hour            4
normalize:battery:keyword:car                                     1
2025-08-23 15:32:41,924 - INFO - 🫂 Grouping projects...
2025-08-23 15:32:41,924 - INFO - Processing: storage/output/factory-technological-clean-capacities.xlsx → storage/output/grouped-capacities.xlsx
2025-08-23 15:32:42,282 - INFO - Found 2796 rows (EU only).
2025-08-23 15:32:42,290 - INFO - ⚠️ 745 rows lack an admin_group_key after applying per-country rules.
2025-08-23 15:32:42,290 - INFO - ⚠️ 13 entries without a normalised OWNER name are dropped.
2025-08-23 15:32:42,291 - INFO - Rows reduced to 2783 after dropping missing inst_canon.
2025-08-23 15:32:42,291 - INFO - ⚠️ 366 entries without CITY are dropped.
2025-08-23 15:32:42,292 - INFO - Rows reduced to 2417 after dropping missing city_key.
2025-08-23 15:32:42,292 - INFO - ⚠️ 376 entries without a geographic locator are dropped.
2025-08-23 15:32:42,292 - INFO - Rows reduced to 2041 after dropping missing admin_group_key.
2025-08-23 15:32:42,292 - INFO - ⚠️ 391 entries without a normalised PRODUCT-LV1 are dropped.
2025-08-23 15:32:42,293 - INFO - Rows reduced to 1650 after dropping missing product_lv1.
2025-08-23 15:32:42,293 - INFO - ⚠️ 1146 total rows dropped due to missing required fields; 1650 remain.
2025-08-23 15:32:42,293 - INFO - ⚠️ 561 entries without a normalised PRODUCT-LV2.
2025-08-23 15:32:42,293 - INFO - Unique owners before manual dict: 513
2025-08-23 15:32:42,294 - INFO - Unique owners after manual dict: 471
2025-08-23 15:32:42,299 - INFO - Applied site merges to 9 rows.
2025-08-23 15:32:44,384 - INFO - Overwrote inst_canon with JV labels for 117 rows
2025-08-23 15:32:44,778 - INFO - Saving filtered output to storage/output/grouped-capacities.xlsx
2025-08-23 15:32:44,779 - INFO - Processing: storage/output/factory_registry.xlsx → storage/output/grouped-factories.xlsx
2025-08-23 15:32:45,410 - INFO - Found 10420 rows (EU only).
2025-08-23 15:32:45,436 - INFO - ⚠️ 2490 rows lack an admin_group_key after applying per-country rules.
2025-08-23 15:32:45,436 - INFO - ⚠️ 10 entries without a normalised OWNER name are dropped.
2025-08-23 15:32:45,437 - INFO - Rows reduced to 10410 after dropping missing inst_canon.
2025-08-23 15:32:45,438 - INFO - ⚠️ 1218 entries without CITY are dropped.
2025-08-23 15:32:45,439 - INFO - Rows reduced to 9192 after dropping missing city_key.
2025-08-23 15:32:45,439 - INFO - ⚠️ 1270 entries without a geographic locator are dropped.
2025-08-23 15:32:45,440 - INFO - Rows reduced to 7922 after dropping missing admin_group_key.
2025-08-23 15:32:45,440 - INFO - ⚠️ 3816 entries without a normalised PRODUCT-LV1 are dropped.
2025-08-23 15:32:45,441 - INFO - Rows reduced to 4106 after dropping missing product_lv1.
2025-08-23 15:32:45,441 - INFO - ⚠️ 6314 total rows dropped due to missing required fields; 4106 remain.
2025-08-23 15:32:45,441 - INFO - ⚠️ 1746 entries without a normalised PRODUCT-LV2.
2025-08-23 15:32:45,441 - INFO - Unique owners before manual dict: 938
2025-08-23 15:32:45,442 - INFO - Unique owners after manual dict: 894
2025-08-23 15:32:45,454 - INFO - Applied site merges to 21 rows.
2025-08-23 15:32:47,614 - INFO - Overwrote inst_canon with JV labels for 221 rows
2025-08-23 15:32:48,196 - INFO - Saving filtered output to storage/output/grouped-factories.xlsx
2025-08-23 15:32:48,197 - INFO - 🏭 Importing facilities
2025-08-23 15:32:48,480 - INFO - 🗑️ Cleared existing facilities from MongoDB.
2025-08-23 15:32:49,036 - INFO - Saving a copy of facilities to Excel at storage/output/facilities.xlsx
2025-08-23 15:32:49,494 - INFO - Number of raw capacities: 1650
2025-08-23 15:32:49,494 - INFO - 📅 Unique capacities after dedup (earliest per tuple): 1157
2025-08-23 15:32:53,072 - INFO - ✅ Inserted 645 facilities into MongoDB with 1157 deduplicated capacities attached.
2025-08-23 15:32:53,079 - INFO - 🧮 Determining phase summaries
2025-08-23 15:32:53,185 - INFO - 🚀 Starting summary updates for main, greenfield and expansion...
2025-08-23 15:32:56,945 - INFO - ✅ Updated summaries for 644 facilities.
2025-08-23 15:32:56,947 - INFO - Outputting clean capacities summary data
2025-08-23 15:32:58,256 - INFO - Total pipeline time: 1.83 minutes
