2025-08-17 15:39:44,648 - INFO - Updating mongo-metadata is set to True
2025-08-17 15:39:44,648 - INFO - 🕴️Normalising companies...
2025-08-17 15:39:46,043 - INFO - 🔢 19132 company or joint_venture nodes present
2025-08-17 15:39:46,043 - INFO - 🟢 of which 19130 already have name_canon. 2 need processing
2025-08-17 15:39:46,323 - INFO - 0 updates to be committed to mongoDB.
2025-08-17 15:39:46,323 - INFO - 🌎 Querying geonames...
2025-08-17 15:39:46,673 - INFO - 📦 Loaded 968 existing (country, city_key) pairs from MongoDB.
2025-08-17 15:39:48,559 - INFO - 📰 Scanned 5000 article(s) with factory nodes.
2025-08-17 15:39:48,559 - INFO - 🧹 Identified 1393 new (country, city) pairs to query. Example three: [('Slovakia', 'blatná_na_ostrove'), ('Japan', 'namiemachi'), ('Argentina', 'perico')]
2025-08-17 15:41:25,059 - INFO - ✅ Geonames MongoDB updated. Inserted: 0 fresh documents, Modified: 327 documents.
2025-08-17 15:41:25,064 - INFO - 🗞️ Flattening articles...
2025-08-17 15:42:02,974 - INFO - 💾 Saved nodes to storage/output/all_nodes.xlsx
2025-08-17 15:42:02,975 - INFO - 💾 Saved relationships to storage/output/all_rels.xlsx
2025-08-17 15:42:03,058 - INFO - 🉑 Merging nodes and relationships...
2025-08-17 15:42:18,782 - INFO - 💾 Saved factory-technology graph segment to storage/output/factory-technological.xlsx
2025-08-17 15:42:18,801 - INFO - Normalising capacities
2025-08-17 15:42:20,742 - INFO - Capacity rows: 9409 | failed: 631 (6.7%)
2025-08-17 15:42:20,742 - INFO - normalization_case
normalize:fallback:keep-metric       3243
normalize:default:gigawatt           2658
normalize:default:gigawatt hour      1360
normalize:vehicle:missing            1098
fallback:missing-metric               593
normalize:default:tonne               336
normalize:invalid-input                38
normalize:battery:energy-metric        37
normalize:battery:keyword:vehicle      23
normalize:battery:keyword:ev           13
normalize:battery:keyword:car          10
2025-08-17 15:42:23,139 - INFO - 🫂 Grouping projects...
2025-08-17 15:42:24,119 - INFO - Found 2574 rows:
2025-08-17 15:42:24,120 - INFO - ⚠️ 355 entries without CITY are dropped, rows reduced to 2219.
2025-08-17 15:42:24,121 - INFO - Missing counts: adm1            781
inst_canon        0
product_lv1     510
product_lv2    1075
dtype: int64
2025-08-17 15:42:24,121 - INFO - ⚠️  1427 rows dropped because of missing values; 1147 remain.
2025-08-17 15:42:24,121 - INFO - Unique owners before manual dict: 319
2025-08-17 15:42:24,122 - INFO - Unique owners after manual dict: 291
2025-08-17 15:42:26,006 - INFO - Saving filtered output to storage/output/filtered_projects.xlsx
2025-08-17 15:42:26,006 - INFO - 🏭 Importing facilities
2025-08-17 15:42:26,192 - INFO - 🗑️ Cleared existing facilities from MongoDB.
2025-08-17 15:42:26,319 - INFO - Saving a copy of facilities to Excel at storage/output/facilities.xlsx
2025-08-17 15:42:26,385 - INFO - Number of raw capacities - 1147
2025-08-17 15:42:26,385 - INFO - 📅 Unique capacities remaining after deduplication (keeping earliest date): 760
2025-08-17 15:42:28,108 - INFO - ✅ Inserted 394 facilities into MongoDB, with 760 capacities.
2025-08-17 15:42:28,110 - INFO - 🧮 Determining phase summaries
2025-08-17 15:42:28,181 - INFO - 🚀 Starting summary updates for greenfield and expansion...
2025-08-17 15:42:30,342 - INFO - ✅ Updated summaries for 354 facilities.
2025-08-17 15:42:30,344 - INFO - Outputting clean capacities summary data
2025-08-17 15:42:31,909 - INFO - Total pipeline time: 2.79 minutes
