2025-08-17 16:00:56,184 - INFO - Updating mongo-metadata is set to True
2025-08-17 16:00:56,184 - INFO - 🕴️Normalising companies...
2025-08-17 16:00:57,452 - INFO - 🔢 19132 company or joint_venture nodes present
2025-08-17 16:00:57,452 - INFO - 🟢 of which 19130 already have name_canon. 2 need processing
2025-08-17 16:00:57,721 - INFO - 0 updates to be committed to mongoDB.
2025-08-17 16:00:57,722 - INFO - 🌎 Querying geonames...
2025-08-17 16:00:58,106 - INFO - 📦 Loaded 1295 existing (country, city_key) pairs from MongoDB.
2025-08-17 16:01:03,291 - INFO - 📰 Scanned 7000 article(s) with factory nodes.
2025-08-17 16:01:03,291 - INFO - 🧹 Identified 1985 new (country, city) pairs to query. Example three: [('Italy', 'biella'), ('Azerbaijan', 'fuzuli'), ('Korea, Republic of', 'ulsan')]
2025-08-17 16:02:30,293 - INFO - ✅ Geonames MongoDB updated. Inserted: 1 fresh documents, Modified: 289 documents.
2025-08-17 16:02:30,300 - INFO - 🗞️ Flattening articles...
2025-08-17 16:03:08,811 - INFO - 💾 Saved nodes to storage/output/all_nodes.xlsx
2025-08-17 16:03:08,812 - INFO - 💾 Saved relationships to storage/output/all_rels.xlsx
2025-08-17 16:03:08,894 - INFO - 🉑 Merging nodes and relationships...
2025-08-17 16:03:24,497 - INFO - 💾 Saved factory-technology graph segment to storage/output/factory-technological.xlsx
2025-08-17 16:03:24,516 - INFO - Normalising capacities
2025-08-17 16:03:26,448 - INFO - Capacity rows: 9409 | failed: 631 (6.7%)
2025-08-17 16:03:26,448 - INFO - normalization_case
normalize:fallback:keep-metric       3243
normalize:default:gigawatt           2658
normalize:default:gigawatt hour      1360
normalize:vehicle:missing            1098
fallback:missing-metric               593
normalize:default:tonne               336
normalize:invalid-input                38
normalize:battery:energy-metric        37
normalize:battery:keyword:vehicle      23
normalize:battery:keyword:ev           13
normalize:battery:keyword:car          10
2025-08-17 16:03:28,829 - INFO - 🫂 Grouping projects...
2025-08-17 16:03:29,791 - INFO - Found 2574 rows:
2025-08-17 16:03:29,792 - INFO - ⚠️ 355 entries without CITY are dropped, rows reduced to 2219.
2025-08-17 16:03:29,793 - INFO - Missing counts: adm1            679
inst_canon        0
product_lv1     510
product_lv2    1075
dtype: int64
2025-08-17 16:03:29,793 - INFO - ⚠️  1358 rows dropped because of missing values; 1216 remain.
2025-08-17 16:03:29,793 - INFO - Unique owners before manual dict: 355
2025-08-17 16:03:29,794 - INFO - Unique owners after manual dict: 327
2025-08-17 16:03:31,595 - INFO - Saving filtered output to storage/output/filtered_projects.xlsx
2025-08-17 16:03:31,595 - INFO - 🏭 Importing facilities
2025-08-17 16:03:31,770 - INFO - 🗑️ Cleared existing facilities from MongoDB.
2025-08-17 16:03:31,897 - INFO - Saving a copy of facilities to Excel at storage/output/facilities.xlsx
2025-08-17 16:03:31,966 - INFO - Number of raw capacities - 1216
2025-08-17 16:03:31,966 - INFO - 📅 Unique capacities remaining after deduplication (keeping earliest date): 819
2025-08-17 16:03:33,782 - INFO - ✅ Inserted 437 facilities into MongoDB, with 819 capacities.
2025-08-17 16:03:33,785 - INFO - 🧮 Determining phase summaries
2025-08-17 16:03:33,853 - INFO - 🚀 Starting summary updates for greenfield and expansion...
2025-08-17 16:03:35,803 - INFO - ✅ Updated summaries for 396 facilities.
2025-08-17 16:03:35,804 - INFO - Outputting clean capacities summary data
2025-08-17 16:03:36,194 - INFO - Total pipeline time: 2.67 minutes
