2025-08-08 14:50:01,304 - INFO - Updating mongo-metadata is set to True
2025-08-08 14:50:01,304 - INFO - 🌎 Querying geonames...
2025-08-08 14:50:02,238 - INFO - 📦 Loaded 495 existing (country, city_key) pairs from MongoDB.
2025-08-08 14:50:02,758 - INFO - 📰 Scanned 500 article(s) with factory nodes.
2025-08-08 14:50:02,758 - INFO - 🧹 Identified 297 new (country, city) pairs to query. Example three: [('United Kingdom', 'minworth'), ('Poland', 'iváncsa'), ('Germany', 'weimar')]
2025-08-08 14:50:22,101 - INFO - ✅ Geonames MongoDB updated. Inserted: 1 fresh documents, Modified: 69 documents.
2025-08-08 14:50:22,102 - INFO - 🗞️ Flattening articles...
2025-08-08 14:50:33,580 - INFO - 💾 Saved nodes to storage/output/all_nodes.xlsx
2025-08-08 14:50:33,580 - INFO - 💾 Saved relationships to storage/output/all_rels.xlsx
2025-08-08 14:50:33,604 - INFO - 🉑 Merging nodes and relationships...
2025-08-08 14:50:38,711 - INFO - 💾 Saved factory-technology graph segment to storage/output/factory-technological.xlsx
2025-08-08 14:50:38,716 - INFO - 🫂 Grouping projects...
2025-08-08 14:50:38,915 - INFO - Found 2925 rows:
2025-08-08 14:50:38,915 - INFO - ⚠️ 417 entries without CITY are dropped, rows reduced to 2508.
2025-08-08 14:50:38,916 - INFO - Missing counts: adm1           1759
inst_canon        8
product_lv1     567
product_lv2    1233
dtype: int64
2025-08-08 14:50:38,916 - INFO - ⚠️  2375 rows dropped because of missing values; 550 remain.
2025-08-08 14:50:38,916 - INFO - Unique owners before manual dict: 109
2025-08-08 14:50:38,917 - INFO - Unique owners after manual dict: 94
2025-08-08 14:50:40,568 - INFO - Saving output to ./storage/output/all_projects.xlsx
2025-08-08 14:50:40,652 - INFO - Saving filtered output to storage/output/filtered_projects.xlsx
2025-08-08 14:50:40,653 - INFO - 🏭 Importing facilities
2025-08-08 14:50:40,825 - INFO - 🗑️ Cleared existing facilities from MongoDB.
2025-08-08 14:50:40,874 - INFO - Saving a copy of facilities to Excel at storage/output/facilities.xlsx
2025-08-08 14:50:40,894 - INFO - Number of raw capacities - 334
2025-08-08 14:50:40,894 - INFO - 📅 Unique capacities remaining after deduplication (keeping earliest date): 226
2025-08-08 14:50:41,068 - INFO - ✅ Inserted 82 facilities into MongoDB, with 226 capacities.
2025-08-08 14:50:41,069 - INFO - 🧮 Determining phase summaries
2025-08-08 14:50:41,139 - INFO - 🚀 Starting summary updates for greenfield and expansion...
2025-08-08 14:50:41,773 - INFO - ✅ Updated summaries for 79 facilities.
2025-08-08 14:50:41,773 - INFO - Total pipeline time: 0.67 minutes
