2025-08-16 12:00:50,013 - INFO - Updating mongo-metadata is set to True
2025-08-16 12:00:50,013 - INFO - 🕴️Normalising companies...
2025-08-16 12:00:51,218 - INFO - 🔢 19101 company or joint_venture nodes present
2025-08-16 12:00:51,219 - INFO - 🟢 of which 15625 already have name_canon. 3476 need processing
2025-08-16 12:01:00,730 - INFO - 6755 updates to be committed to mongoDB.
2025-08-16 12:01:57,357 - INFO - Batch 0: matched 2986, modified 1130
2025-08-16 12:02:55,623 - INFO - Batch 1: matched 3666, modified 1420
2025-08-16 12:03:54,196 - INFO - Batch 2: matched 2617, modified 1116
2025-08-16 12:04:52,974 - INFO - Batch 3: matched 2814, modified 1162
2025-08-16 12:05:52,466 - INFO - Batch 4: matched 3528, modified 1307
2025-08-16 12:06:51,932 - INFO - Batch 5: matched 3140, modified 1335
2025-08-16 12:07:51,146 - INFO - Batch 6: matched 3293, modified 1150
2025-08-16 12:08:51,153 - INFO - Batch 7: matched 2825, modified 1126
2025-08-16 12:09:50,862 - INFO - Batch 8: matched 4047, modified 1291
2025-08-16 12:10:51,987 - INFO - Batch 9: matched 3919, modified 1453
2025-08-16 12:12:03,052 - INFO - Batch 10: matched 2898, modified 1105
2025-08-16 12:13:04,071 - INFO - Batch 11: matched 2859, modified 1258
2025-08-16 12:14:06,241 - INFO - Batch 12: matched 2282, modified 1212
2025-08-16 12:14:40,212 - INFO - Batch 13: matched 1324, modified 596
2025-08-16 12:14:40,221 - INFO - 🌎 Querying geonames...
2025-08-16 12:14:40,549 - INFO - 📦 Loaded 612 existing (country, city_key) pairs from MongoDB.
2025-08-16 12:14:41,634 - INFO - 📰 Scanned 2094 article(s) with factory nodes.
2025-08-16 12:14:41,635 - INFO - 🧹 Identified 1452 new (country, city) pairs to query. Example three: [('Portugal', 'alcoutim'), ('France', 'hautevienne'), ('China', 'wenzhou')]
2025-08-16 12:16:16,184 - INFO - ✅ Geonames MongoDB updated. Inserted: 0 fresh documents, Modified: 264 documents.
2025-08-16 12:16:16,187 - INFO - 🗞️ Flattening articles...
2025-08-16 12:16:51,810 - INFO - 💾 Saved nodes to storage/output/all_nodes.xlsx
2025-08-16 12:16:51,810 - INFO - 💾 Saved relationships to storage/output/all_rels.xlsx
2025-08-16 12:16:51,889 - INFO - 🉑 Merging nodes and relationships...
2025-08-16 12:17:07,524 - INFO - 💾 Saved factory-technology graph segment to storage/output/factory-technological.xlsx
2025-08-16 12:17:07,543 - INFO - Normalising capacities
2025-08-16 12:17:09,456 - INFO - Capacity rows: 9388 | failed: 640 (6.8%)
2025-08-16 12:17:09,457 - INFO - normalization_case
normalize:fallback:keep-metric       4565
normalize:default:gigawatt           1446
normalize:default:gigawatt hour      1342
normalize:vehicle:missing            1070
fallback:missing-metric               603
normalize:default:tonne               239
normalize:battery:energy-metric        41
normalize:invalid-input                37
normalize:battery:keyword:vehicle      23
normalize:battery:keyword:ev           13
normalize:battery:keyword:car           9
2025-08-16 12:17:11,850 - INFO - 🫂 Grouping projects...
2025-08-16 12:17:12,799 - INFO - Found 2555 rows:
2025-08-16 12:17:12,800 - INFO - ⚠️ 353 entries without CITY are dropped, rows reduced to 2202.
2025-08-16 12:17:12,801 - INFO - Missing counts: adm1            880
inst_canon        0
product_lv1     877
product_lv2    1272
dtype: int64
2025-08-16 12:17:12,801 - INFO - ⚠️  1713 rows dropped because of missing values; 842 remain.
2025-08-16 12:17:12,801 - INFO - Unique owners before manual dict: 223
2025-08-16 12:17:12,802 - INFO - Unique owners after manual dict: 199
2025-08-16 12:17:14,443 - INFO - Saving filtered output to storage/output/filtered_projects.xlsx
2025-08-16 12:17:14,444 - INFO - 🏭 Importing facilities
2025-08-16 12:17:14,605 - INFO - 🗑️ Cleared existing facilities from MongoDB.
2025-08-16 12:17:14,700 - INFO - Saving a copy of facilities to Excel at storage/output/facilities.xlsx
2025-08-16 12:17:14,746 - INFO - Number of raw capacities - 842
2025-08-16 12:17:14,746 - INFO - 📅 Unique capacities remaining after deduplication (keeping earliest date): 550
2025-08-16 12:17:16,602 - INFO - ✅ Inserted 261 facilities into MongoDB, with 550 capacities.
2025-08-16 12:17:16,604 - INFO - 🧮 Determining phase summaries
2025-08-16 12:17:16,677 - INFO - 🚀 Starting summary updates for greenfield and expansion...
2025-08-16 12:17:17,660 - INFO - ✅ Updated summaries for 240 facilities.
2025-08-16 12:17:17,661 - INFO - Outputting clean capacities summary data
2025-08-16 12:17:17,875 - INFO - Total pipeline time: 16.46 minutes
