2025-08-22 14:40:15,387 - INFO - Updating mongo-metadata is set to False
2025-08-22 14:40:15,387 - INFO - 🗞️ Flattening articles...
2025-08-22 14:40:55,665 - INFO - 💾 Saved nodes to storage/output/all_nodes.xlsx
2025-08-22 14:40:55,665 - INFO - 💾 Saved relationships to storage/output/all_rels.xlsx
2025-08-22 14:40:55,747 - INFO - 🉑 Merging nodes and relationships...
2025-08-22 14:41:10,899 - INFO - 💾 Saved geo_lookup to storage/output/geo_lookup.json
2025-08-22 14:41:13,017 - INFO - 💾 Saved: storage/output/factory_registry.xlsx
2025-08-22 14:41:28,261 - INFO - 💾 Saved geo_lookup to storage/output/geo_lookup.json
2025-08-22 14:41:29,269 - INFO - 💾 Saved: storage/output/factory-technological.xlsx
2025-08-22 14:41:44,548 - INFO - 💾 Saved geo_lookup to storage/output/geo_lookup.json
2025-08-22 14:41:44,907 - INFO - 💾 Saved: storage/output/company-joint-venture.xlsx
2025-08-22 14:41:44,921 - INFO - Building joint ventures lookup
2025-08-22 14:41:44,921 - INFO - Normalising capacities
2025-08-22 14:41:45,589 - INFO - Capacity rows: 2781 | failed: 230 (8.3%)
2025-08-22 14:41:45,590 - INFO - normalization_case
normalize:fallback:keep-metric                                  954
normalize:already-clean:gigawatt hour                           581
normalize:already-clean:gigawatt                                558
normalize:vehicle:missing                                       313
fallback:missing-metric                                         210
normalize:already-clean:tonne                                    77
normalize:invalid-input                                          20
normalize:battery:energy-metric                                  16
normalize:battery:module_pack:battery systems->gigawatt hour     15
normalize:battery:keyword:vehicle                                 9
normalize:battery:keyword:ev                                      8
normalize:battery:module_pack:battery modules->gigawatt hour      5
normalize:battery:module_pack:unit->gigawatt hour                 5
normalize:battery:module_pack:battery packs->gigawatt hour        5
normalize:battery:module_pack:batteries->gigawatt hour            4
normalize:battery:keyword:car                                     1
2025-08-22 14:41:46,370 - INFO - 🫂 Grouping projects...
2025-08-22 14:41:46,703 - INFO - Found 2781 rows:
2025-08-22 14:41:46,704 - INFO - ⚠️ 366 entries without CITY are dropped, rows reduced to 2415.
2025-08-22 14:41:46,705 - INFO - Missing counts: adm1            381
inst_canon       24
product_lv1     608
product_lv2    1189
dtype: int64
2025-08-22 14:41:46,706 - INFO - ⚠️  1258 rows dropped because of missing values; 1523 remain.
2025-08-22 14:41:46,706 - INFO - Unique owners before manual dict: 464
2025-08-22 14:41:46,706 - INFO - Unique owners after manual dict: 426
2025-08-22 14:41:46,815 - INFO - Owners with >1 group in OWNER_GROUPS: 481
2025-08-22 14:41:46,815 - INFO - Sample dup owners: {'lg energy solution': 40, 'masdar': 39, 'stellantis': 35, 'general motors': 32, 'honda': 32, 'volkswagen': 28, 'geely': 23, 'totalenergies': 22, 'catl': 20, 'nissan': 19, 'toyota': 19, 'renault': 19, 'northvolt': 18, 'saic': 17, 'acwa power': 16}
2025-08-22 14:41:46,930 - WARNING - Rows before merge: 1523 → after: 9456 (x6.21)
2025-08-22 14:41:49,561 - INFO - Saving filtered output to storage/output/filtered_projects.xlsx
2025-08-22 14:41:49,563 - INFO - 🏭 Importing facilities
2025-08-22 14:41:49,804 - INFO - 🗑️ Cleared existing facilities from MongoDB.
2025-08-22 14:41:50,619 - INFO - Saving a copy of facilities to Excel at storage/output/facilities.xlsx
2025-08-22 14:41:50,922 - INFO - Number of raw capacities - 9456
2025-08-22 14:41:50,922 - INFO - 📅 Unique capacities remaining after deduplication (keeping earliest date): 4691
2025-08-22 14:41:50,960 - WARNING - bbox missing required keys. Available: []
2025-08-22 14:41:50,960 - WARNING - bbox missing required keys. Available: []
2025-08-22 14:41:52,083 - INFO - ✅ Inserted 1675 facilities into MongoDB, with 4691 capacities.
2025-08-22 14:41:52,090 - INFO - 🧮 Determining phase summaries
2025-08-22 14:41:52,934 - INFO - 🚀 Starting summary updates for main, greenfield and expansion...
2025-08-22 14:42:02,832 - INFO - ✅ Updated summaries for 1660 facilities.
2025-08-22 14:42:02,833 - INFO - Outputting clean capacities summary data
2025-08-22 14:42:06,224 - INFO - Total pipeline time: 1.85 minutes
