2025-08-23 18:49:28,686 - INFO - Updating mongo-metadata is set to True
2025-08-23 18:49:28,686 - INFO - 🕴️Normalising companies...
2025-08-23 18:49:29,896 - INFO - 🔢 19811 company or joint_venture nodes present
2025-08-23 18:49:29,896 - INFO - 🟢 of which 19801 already have name_canon. 10 need processing
2025-08-23 18:49:30,247 - INFO - 29 updates to be committed to mongoDB.
2025-08-23 18:49:33,550 - INFO - Batch 0: matched 1330, modified 30
2025-08-23 18:49:33,551 - INFO - 🌎 Querying geonames...
2025-08-23 18:49:34,181 - INFO - 📦 Loaded 2327 existing (country, city_key) pairs from MongoDB.
2025-08-23 18:49:42,482 - INFO - 📰 Scanned 15717 article(s) with factory nodes.
2025-08-23 18:49:42,482 - INFO - 🧹 Identified 4548 new (country, city) pairs to query. Example three: [('India', 'thoothukudi'), ('China', 'changchun'), ('Germany', 'erfurter_kreuz')]
2025-08-23 18:51:39,648 - INFO - ✅ Geonames MongoDB updated. Inserted: 0 fresh documents, Modified: 215 documents.
2025-08-23 18:51:39,663 - INFO - 🧸 Classifying products
2025-08-23 18:51:40,843 - INFO - 🔎 Found 3680 products with attached capacities.
2025-08-23 18:58:45,597 - INFO - ✅ Batch 1: submitted=500, matched=1933, modified=59
2025-08-23 18:59:44,556 - INFO - ✅ Batch 2: submitted=500, matched=3207, modified=113
2025-08-23 19:00:43,437 - INFO - ✅ Batch 3: submitted=500, matched=4154, modified=785
2025-08-23 19:01:41,924 - INFO - ✅ Batch 4: submitted=500, matched=5048, modified=381
2025-08-23 19:02:41,069 - INFO - ✅ Batch 5: submitted=500, matched=7081, modified=69
2025-08-23 19:02:54,670 - INFO - ✅ Batch 6: submitted=109, matched=876, modified=4
2025-08-23 19:02:54,670 - INFO - 🎉 All done: processed=2609, total_matched=22299, total_modified=1411
2025-08-23 19:02:54,674 - INFO - 🗞️ Flattening articles...
2025-08-23 19:03:36,105 - INFO - 💾 Saved nodes to storage/output/all_nodes.xlsx
2025-08-23 19:03:36,105 - INFO - 💾 Saved relationships to storage/output/all_rels.xlsx
2025-08-23 19:03:36,198 - INFO - 🉑 Merging nodes and relationships...
2025-08-23 19:03:51,199 - INFO - 💾 Saved geo_lookup to storage/output/geo_lookup.json
2025-08-23 19:03:52,899 - INFO - 💾 Saved: storage/output/factory_registry.xlsx
2025-08-23 19:04:07,979 - INFO - 💾 Saved geo_lookup to storage/output/geo_lookup.json
2025-08-23 19:04:09,090 - INFO - 💾 Saved: storage/output/factory-technological.xlsx
2025-08-23 19:04:24,059 - INFO - 💾 Saved geo_lookup to storage/output/geo_lookup.json
2025-08-23 19:04:24,372 - INFO - 💾 Saved: storage/output/company-joint-venture.xlsx
2025-08-23 19:04:24,386 - INFO - Normalising capacities
2025-08-23 19:04:25,062 - INFO - Capacity rows: 2795 | failed: 232 (8.3%)
2025-08-23 19:04:25,062 - INFO - normalization_case
normalize:fallback:keep-metric                                  923
normalize:already-clean:gigawatt                                648
normalize:already-clean:gigawatt hour                           584
normalize:vehicle:missing                                       309
fallback:missing-metric                                         212
normalize:already-clean:tonne                                    32
normalize:invalid-input                                          20
normalize:battery:energy-metric                                  16
normalize:battery:module_pack:battery systems->gigawatt hour     15
normalize:battery:keyword:ev                                      8
normalize:battery:keyword:vehicle                                 8
normalize:battery:module_pack:battery modules->gigawatt hour      5
normalize:battery:module_pack:unit->gigawatt hour                 5
normalize:battery:module_pack:battery packs->gigawatt hour        5
normalize:battery:module_pack:batteries->gigawatt hour            4
normalize:battery:keyword:car                                     1
2025-08-23 19:04:25,786 - INFO - 🫂 Grouping projects...
2025-08-23 19:04:25,786 - INFO - Processing: storage/output/factory-technological-clean-capacities.xlsx → storage/output/grouped-capacities.xlsx
2025-08-23 19:04:26,139 - INFO - Found 2795 rows (EU only).
2025-08-23 19:04:26,147 - INFO - ⚠️ 745 rows lack an admin_group_key after applying per-country rules.
2025-08-23 19:04:26,148 - INFO - ⚠️ 366 entries without CITY are dropped.
2025-08-23 19:04:26,148 - INFO - Rows reduced to 2429 after dropping missing city_key.
2025-08-23 19:04:26,149 - INFO - ⚠️ 379 entries without a geographic locator are dropped.
2025-08-23 19:04:26,149 - INFO - Rows reduced to 2050 after dropping missing admin_group_key.
2025-08-23 19:04:26,149 - INFO - ⚠️ 326 entries without a normalised PRODUCT-LV1 are dropped.
2025-08-23 19:04:26,150 - INFO - Rows reduced to 1724 after dropping missing product_lv1.
2025-08-23 19:04:26,150 - INFO - ⚠️ 1071 total rows dropped due to missing required fields; 1724 remain.
2025-08-23 19:04:26,150 - INFO - ⚠️ 612 entries without a normalised PRODUCT-LV2.
2025-08-23 19:04:26,151 - INFO - Unique owners before manual dict: 533
2025-08-23 19:04:26,151 - INFO - Unique owners after manual dict: 488
2025-08-23 19:04:26,157 - INFO - Applied site merges to 18 rows.
2025-08-23 19:04:28,006 - INFO - Overwrote inst_canon with JV labels for 121 rows
2025-08-23 19:04:28,265 - INFO - Saving filtered output to storage/output/grouped-capacities.xlsx
2025-08-23 19:04:28,266 - INFO - Processing: storage/output/factory_registry.xlsx → storage/output/grouped-factories.xlsx
2025-08-23 19:04:28,947 - INFO - Found 10417 rows (EU only).
2025-08-23 19:04:28,974 - INFO - ⚠️ 2490 rows lack an admin_group_key after applying per-country rules.
2025-08-23 19:04:28,977 - INFO - ⚠️ 1218 entries without CITY are dropped.
2025-08-23 19:04:28,978 - INFO - Rows reduced to 9199 after dropping missing city_key.
2025-08-23 19:04:28,978 - INFO - ⚠️ 1272 entries without a geographic locator are dropped.
2025-08-23 19:04:28,980 - INFO - Rows reduced to 7927 after dropping missing admin_group_key.
2025-08-23 19:04:28,980 - INFO - ⚠️ 3692 entries without a normalised PRODUCT-LV1 are dropped.
2025-08-23 19:04:28,980 - INFO - Rows reduced to 4235 after dropping missing product_lv1.
2025-08-23 19:04:28,980 - INFO - ⚠️ 6182 total rows dropped due to missing required fields; 4235 remain.
2025-08-23 19:04:28,981 - INFO - ⚠️ 1901 entries without a normalised PRODUCT-LV2.
2025-08-23 19:04:28,981 - INFO - Unique owners before manual dict: 966
2025-08-23 19:04:28,982 - INFO - Unique owners after manual dict: 919
2025-08-23 19:04:28,996 - INFO - Applied site merges to 47 rows.
2025-08-23 19:04:30,993 - INFO - Overwrote inst_canon with JV labels for 228 rows
2025-08-23 19:04:31,533 - INFO - Saving filtered output to storage/output/grouped-factories.xlsx
2025-08-23 19:04:31,535 - INFO - 🏭 Importing facilities
2025-08-23 19:04:31,716 - INFO - 🗑️ Cleared existing facilities from MongoDB.
2025-08-23 19:04:32,195 - INFO - Saving a copy of facilities to Excel at storage/output/facilities.xlsx
2025-08-23 19:04:32,573 - INFO - Number of raw capacities: 1724
2025-08-23 19:04:32,573 - INFO - 📅 Unique capacities after dedup (earliest per tuple): 1319
2025-08-23 19:04:32,594 - INFO - Facilities before filter: 1580 | with capacities: 677 | without capacities (skipped): 903
2025-08-23 19:04:35,884 - INFO - ✅ Inserted 677 facilities into MongoDB with 1319 deduplicated capacities attached.
2025-08-23 19:04:35,892 - INFO - 🧮 Determining phase summaries
2025-08-23 19:04:35,967 - INFO - 🚀 Starting summary updates for main, greenfield and expansion...
2025-08-23 19:04:40,207 - INFO - ✅ Updated summaries for 676 facilities.
2025-08-23 19:04:40,208 - INFO - Outputting clean capacities summary data
2025-08-23 19:04:41,401 - INFO - Total pipeline time: 15.21 minutes
