2025-08-08 11:34:34,494 - INFO - Updating mongo-metadata is set to True
2025-08-08 11:34:35,326 - INFO - 📦 Loaded 1800 existing (country, city_key) pairs from MongoDB.
2025-08-08 11:34:40,147 - INFO - 📰 Found 4778 article(s) containing factory nodes.
2025-08-08 11:34:40,164 - WARNING - [standardize_country] country lookup failed for “asia”
2025-08-08 11:34:40,168 - WARNING - [standardize_country] country lookup failed for “unclear”
2025-08-08 11:34:40,173 - WARNING - [standardize_country] country lookup failed for “europe”
2025-08-08 11:34:40,182 - WARNING - [standardize_country] country lookup failed for “sweden or finland”
2025-08-08 11:34:40,213 - WARNING - [standardize_country] country lookup failed for “northern macedonia”
2025-08-08 11:34:40,218 - WARNING - [standardize_country] country lookup failed for “eastern europe”
2025-08-08 11:34:40,223 - WARNING - [standardize_country] country lookup failed for “bavaria, germany”
2025-08-08 11:34:40,227 - WARNING - [standardize_country] country lookup failed for “china, mexico, poland, india”
2025-08-08 11:34:40,246 - WARNING - [standardize_country] country lookup failed for “germany, poland, or hungary”
2025-08-08 11:34:40,252 - WARNING - [standardize_country] country lookup failed for “democratic republic of congo”
2025-08-08 11:34:40,257 - WARNING - [standardize_country] country lookup failed for “germany-dutch”
2025-08-08 11:34:40,275 - WARNING - [standardize_country] country lookup failed for “north america”
2025-08-08 11:34:40,280 - WARNING - [standardize_country] country lookup failed for “eu and uk”
2025-08-08 11:34:40,285 - WARNING - [standardize_country] country lookup failed for “mexico, usa or canada”
2025-08-08 11:34:40,291 - WARNING - [standardize_country] country lookup failed for “western europe”
2025-08-08 11:34:40,300 - WARNING - [standardize_country] country lookup failed for “mainland europe”
2025-08-08 11:34:40,304 - WARNING - [standardize_country] country lookup failed for “central or eastern europe”
2025-08-08 11:34:40,309 - WARNING - [standardize_country] country lookup failed for “sardinia”
2025-08-08 11:34:40,324 - WARNING - [standardize_country] country lookup failed for “bosnia-herzegovina”
2025-08-08 11:34:40,332 - WARNING - [standardize_country] country lookup failed for “morocoo”
2025-08-08 11:34:40,333 - INFO - 🧹 Identified 0 new (country, city) pairs to query. Example three:
2025-08-08 11:34:40,333 - INFO - []
2025-08-08 11:34:40,333 - INFO - 📭 No new updates to write.
2025-08-08 11:34:40,339 - INFO - Total pipeline time: 0.10 minutes
