2025-08-19 11:18:54,528 - INFO - Updating mongo-metadata is set to True
2025-08-19 11:18:54,529 - INFO - 🌎 Querying geonames...
2025-08-19 11:18:55,513 - INFO - 📦 Loaded 2029 existing (country, city_key) pairs from MongoDB.
2025-08-19 11:19:00,362 - INFO - 📰 Scanned 14000 article(s) with factory nodes.
2025-08-19 11:19:00,362 - INFO - 🧹 Identified 4332 new (country, city) pairs to query. Example three: [('Australia', 'stanwell'), ('Poland', 'zakopane'), ('United States', 'bay_city')]
2025-08-19 11:19:04,037 - WARNING - [GeoNames 19] the hourly limit of 1000 credits for chiarastrama has been exceeded. Please throttle your requests or use the commercial service.
2025-08-19 11:19:04,184 - WARNING - [GeoNames 19] the hourly limit of 1000 credits for chiarastrama has been exceeded. Please throttle your requests or use the commercial service.
2025-08-19 11:19:04,349 - WARNING - [GeoNames 19] the hourly limit of 1000 credits for chiarastrama has been exceeded. Please throttle your requests or use the commercial service.
2025-08-19 11:19:04,509 - WARNING - [GeoNames 19] the hourly limit of 1000 credits for chiarastrama has been exceeded. Please throttle your requests or use the commercial service.
2025-08-19 11:19:04,723 - WARNING - [GeoNames 19] the hourly limit of 1000 credits for chiarastrama has been exceeded. Please throttle your requests or use the commercial service.
2025-08-19 11:19:04,894 - WARNING - [GeoNames 19] the hourly limit of 1000 credits for chiarastrama has been exceeded. Please throttle your requests or use the commercial service.
2025-08-19 11:19:05,066 - WARNING - [GeoNames 19] the hourly limit of 1000 credits for chiarastrama has been exceeded. Please throttle your requests or use the commercial service.
2025-08-19 11:19:05,217 - WARNING - [GeoNames 19] the hourly limit of 1000 credits for chiarastrama has been exceeded. Please throttle your requests or use the commercial service.
2025-08-19 11:19:05,379 - WARNING - [GeoNames 19] the hourly limit of 1000 credits for chiarastrama has been exceeded. Please throttle your requests or use the commercial service.
2025-08-19 11:19:05,518 - WARNING - [GeoNames 19] the hourly limit of 1000 credits for chiarastrama has been exceeded. Please throttle your requests or use the commercial service.
2025-08-19 11:19:05,655 - WARNING - [GeoNames 19] the hourly limit of 1000 credits for chiarastrama has been exceeded. Please throttle your requests or use the commercial service.
2025-08-19 11:19:05,807 - WARNING - [GeoNames 19] the hourly limit of 1000 credits for chiarastrama has been exceeded. Please throttle your requests or use the commercial service.
2025-08-19 11:19:05,953 - WARNING - [GeoNames 19] the hourly limit of 1000 credits for chiarastrama has been exceeded. Please throttle your requests or use the commercial service.
2025-08-19 11:19:06,115 - WARNING - [GeoNames 19] the hourly limit of 1000 credits for chiarastrama has been exceeded. Please throttle your requests or use the commercial service.
2025-08-19 11:19:06,275 - WARNING - [GeoNames 19] the hourly limit of 1000 credits for chiarastrama has been exceeded. Please throttle your requests or use the commercial service.
2025-08-19 11:19:06,432 - WARNING - [GeoNames 19] the hourly limit of 1000 credits for chiarastrama has been exceeded. Please throttle your requests or use the commercial service.
2025-08-19 11:19:06,593 - WARNING - [GeoNames 19] the hourly limit of 1000 credits for chiarastrama has been exceeded. Please throttle your requests or use the commercial service.
2025-08-19 11:19:06,719 - WARNING - [GeoNames 19] the hourly limit of 1000 credits for chiarastrama has been exceeded. Please throttle your requests or use the commercial service.
2025-08-19 11:19:06,872 - WARNING - [GeoNames 19] the hourly limit of 1000 credits for chiarastrama has been exceeded. Please throttle your requests or use the commercial service.
2025-08-19 11:19:07,017 - WARNING - [GeoNames 19] the hourly limit of 1000 credits for chiarastrama has been exceeded. Please throttle your requests or use the commercial service.
2025-08-19 11:19:07,164 - WARNING - [GeoNames 19] the hourly limit of 1000 credits for chiarastrama has been exceeded. Please throttle your requests or use the commercial service.
2025-08-19 11:19:07,314 - WARNING - [GeoNames 19] the hourly limit of 1000 credits for chiarastrama has been exceeded. Please throttle your requests or use the commercial service.
2025-08-19 11:19:07,443 - WARNING - [GeoNames 19] the hourly limit of 1000 credits for chiarastrama has been exceeded. Please throttle your requests or use the commercial service.
2025-08-19 11:19:07,590 - WARNING - [GeoNames 19] the hourly limit of 1000 credits for chiarastrama has been exceeded. Please throttle your requests or use the commercial service.
2025-08-19 11:19:07,759 - WARNING - [GeoNames 19] the hourly limit of 1000 credits for chiarastrama has been exceeded. Please throttle your requests or use the commercial service.
2025-08-19 11:19:07,909 - WARNING - [GeoNames 19] the hourly limit of 1000 credits for chiarastrama has been exceeded. Please throttle your requests or use the commercial service.
2025-08-19 11:19:08,050 - WARNING - [GeoNames 19] the hourly limit of 1000 credits for chiarastrama has been exceeded. Please throttle your requests or use the commercial service.
2025-08-19 11:19:08,200 - WARNING - [GeoNames 19] the hourly limit of 1000 credits for chiarastrama has been exceeded. Please throttle your requests or use the commercial service.
2025-08-19 11:19:08,349 - WARNING - [GeoNames 19] the hourly limit of 1000 credits for chiarastrama has been exceeded. Please throttle your requests or use the commercial service.
2025-08-19 11:19:08,523 - WARNING - [GeoNames 19] the hourly limit of 1000 credits for chiarastrama has been exceeded. Please throttle your requests or use the commercial service.
2025-08-19 11:19:08,663 - WARNING - [GeoNames 19] the hourly limit of 1000 credits for chiarastrama has been exceeded. Please throttle your requests or use the commercial service.
2025-08-19 11:19:08,829 - WARNING - [GeoNames 19] the hourly limit of 1000 credits for chiarastrama has been exceeded. Please throttle your requests or use the commercial service.
2025-08-19 11:19:08,998 - WARNING - [GeoNames 19] the hourly limit of 1000 credits for chiarastrama has been exceeded. Please throttle your requests or use the commercial service.
2025-08-19 11:19:09,145 - WARNING - [GeoNames 19] the hourly limit of 1000 credits for chiarastrama has been exceeded. Please throttle your requests or use the commercial service.
2025-08-19 11:19:09,299 - WARNING - [GeoNames 19] the hourly limit of 1000 credits for chiarastrama has been exceeded. Please throttle your requests or use the commercial service.
2025-08-19 11:19:09,435 - WARNING - [GeoNames 19] the hourly limit of 1000 credits for chiarastrama has been exceeded. Please throttle your requests or use the commercial service.
2025-08-19 11:19:09,577 - WARNING - [GeoNames 19] the hourly limit of 1000 credits for chiarastrama has been exceeded. Please throttle your requests or use the commercial service.
2025-08-19 11:19:09,732 - WARNING - [GeoNames 19] the hourly limit of 1000 credits for chiarastrama has been exceeded. Please throttle your requests or use the commercial service.
2025-08-19 11:19:09,880 - WARNING - [GeoNames 19] the hourly limit of 1000 credits for chiarastrama has been exceeded. Please throttle your requests or use the commercial service.
2025-08-19 11:19:10,051 - WARNING - [GeoNames 19] the hourly limit of 1000 credits for chiarastrama has been exceeded. Please throttle your requests or use the commercial service.
2025-08-19 11:19:10,235 - WARNING - [GeoNames 19] the hourly limit of 1000 credits for chiarastrama has been exceeded. Please throttle your requests or use the commercial service.
2025-08-19 11:19:10,413 - WARNING - [GeoNames 19] the hourly limit of 1000 credits for chiarastrama has been exceeded. Please throttle your requests or use the commercial service.
2025-08-19 11:19:10,584 - WARNING - [GeoNames 19] the hourly limit of 1000 credits for chiarastrama has been exceeded. Please throttle your requests or use the commercial service.
2025-08-19 11:19:10,754 - WARNING - [GeoNames 19] the hourly limit of 1000 credits for chiarastrama has been exceeded. Please throttle your requests or use the commercial service.
2025-08-19 11:19:10,890 - WARNING - [GeoNames 19] the hourly limit of 1000 credits for chiarastrama has been exceeded. Please throttle your requests or use the commercial service.
2025-08-19 11:19:11,043 - WARNING - [GeoNames 19] the hourly limit of 1000 credits for chiarastrama has been exceeded. Please throttle your requests or use the commercial service.
2025-08-19 11:19:11,178 - WARNING - [GeoNames 19] the hourly limit of 1000 credits for chiarastrama has been exceeded. Please throttle your requests or use the commercial service.
2025-08-19 11:19:11,325 - WARNING - [GeoNames 19] the hourly limit of 1000 credits for chiarastrama has been exceeded. Please throttle your requests or use the commercial service.
2025-08-19 11:19:11,475 - WARNING - [GeoNames 19] the hourly limit of 1000 credits for chiarastrama has been exceeded. Please throttle your requests or use the commercial service.
2025-08-19 11:19:11,624 - WARNING - [GeoNames 19] the hourly limit of 1000 credits for chiarastrama has been exceeded. Please throttle your requests or use the commercial service.
2025-08-19 11:19:11,770 - WARNING - [GeoNames 19] the hourly limit of 1000 credits for chiarastrama has been exceeded. Please throttle your requests or use the commercial service.
2025-08-19 11:19:11,943 - WARNING - [GeoNames 19] the hourly limit of 1000 credits for chiarastrama has been exceeded. Please throttle your requests or use the commercial service.
2025-08-19 11:19:12,110 - WARNING - [GeoNames 19] the hourly limit of 1000 credits for chiarastrama has been exceeded. Please throttle your requests or use the commercial service.
2025-08-19 11:19:12,282 - WARNING - [GeoNames 19] the hourly limit of 1000 credits for chiarastrama has been exceeded. Please throttle your requests or use the commercial service.
2025-08-19 11:19:12,448 - WARNING - [GeoNames 19] the hourly limit of 1000 credits for chiarastrama has been exceeded. Please throttle your requests or use the commercial service.
2025-08-19 11:19:12,621 - WARNING - [GeoNames 19] the hourly limit of 1000 credits for chiarastrama has been exceeded. Please throttle your requests or use the commercial service.
2025-08-19 11:19:12,794 - WARNING - [GeoNames 19] the hourly limit of 1000 credits for chiarastrama has been exceeded. Please throttle your requests or use the commercial service.
2025-08-19 11:19:12,978 - WARNING - [GeoNames 19] the hourly limit of 1000 credits for chiarastrama has been exceeded. Please throttle your requests or use the commercial service.
2025-08-19 11:19:13,133 - WARNING - [GeoNames 19] the hourly limit of 1000 credits for chiarastrama has been exceeded. Please throttle your requests or use the commercial service.
2025-08-19 11:19:13,309 - WARNING - [GeoNames 19] the hourly limit of 1000 credits for chiarastrama has been exceeded. Please throttle your requests or use the commercial service.
2025-08-19 11:19:13,477 - WARNING - [GeoNames 19] the hourly limit of 1000 credits for chiarastrama has been exceeded. Please throttle your requests or use the commercial service.
2025-08-19 11:19:13,644 - WARNING - [GeoNames 19] the hourly limit of 1000 credits for chiarastrama has been exceeded. Please throttle your requests or use the commercial service.
2025-08-19 11:19:13,808 - WARNING - [GeoNames 19] the hourly limit of 1000 credits for chiarastrama has been exceeded. Please throttle your requests or use the commercial service.
2025-08-19 11:19:13,946 - WARNING - [GeoNames 19] the hourly limit of 1000 credits for chiarastrama has been exceeded. Please throttle your requests or use the commercial service.
2025-08-19 11:19:14,101 - WARNING - [GeoNames 19] the hourly limit of 1000 credits for chiarastrama has been exceeded. Please throttle your requests or use the commercial service.
2025-08-19 11:19:14,314 - WARNING - [GeoNames 19] the hourly limit of 1000 credits for chiarastrama has been exceeded. Please throttle your requests or use the commercial service.
2025-08-19 11:19:14,458 - WARNING - [GeoNames 19] the hourly limit of 1000 credits for chiarastrama has been exceeded. Please throttle your requests or use the commercial service.
2025-08-19 11:19:14,613 - WARNING - [GeoNames 19] the hourly limit of 1000 credits for chiarastrama has been exceeded. Please throttle your requests or use the commercial service.
2025-08-19 11:19:14,745 - WARNING - [GeoNames 19] the hourly limit of 1000 credits for chiarastrama has been exceeded. Please throttle your requests or use the commercial service.
2025-08-19 11:19:14,875 - WARNING - [GeoNames 19] the hourly limit of 1000 credits for chiarastrama has been exceeded. Please throttle your requests or use the commercial service.
2025-08-19 11:19:15,046 - WARNING - [GeoNames 19] the hourly limit of 1000 credits for chiarastrama has been exceeded. Please throttle your requests or use the commercial service.
2025-08-19 11:19:15,228 - WARNING - [GeoNames 19] the hourly limit of 1000 credits for chiarastrama has been exceeded. Please throttle your requests or use the commercial service.
2025-08-19 11:19:15,394 - WARNING - [GeoNames 19] the hourly limit of 1000 credits for chiarastrama has been exceeded. Please throttle your requests or use the commercial service.
2025-08-19 11:19:15,573 - WARNING - [GeoNames 19] the hourly limit of 1000 credits for chiarastrama has been exceeded. Please throttle your requests or use the commercial service.
2025-08-19 11:19:15,756 - WARNING - [GeoNames 19] the hourly limit of 1000 credits for chiarastrama has been exceeded. Please throttle your requests or use the commercial service.
2025-08-19 11:19:15,902 - WARNING - [GeoNames 19] the hourly limit of 1000 credits for chiarastrama has been exceeded. Please throttle your requests or use the commercial service.
2025-08-19 11:19:16,058 - WARNING - [GeoNames 19] the hourly limit of 1000 credits for chiarastrama has been exceeded. Please throttle your requests or use the commercial service.
2025-08-19 11:19:16,203 - WARNING - [GeoNames 19] the hourly limit of 1000 credits for chiarastrama has been exceeded. Please throttle your requests or use the commercial service.
2025-08-19 11:19:16,330 - WARNING - [GeoNames 19] the hourly limit of 1000 credits for chiarastrama has been exceeded. Please throttle your requests or use the commercial service.
2025-08-19 11:19:16,468 - WARNING - [GeoNames 19] the hourly limit of 1000 credits for chiarastrama has been exceeded. Please throttle your requests or use the commercial service.
2025-08-19 11:19:16,619 - WARNING - [GeoNames 19] the hourly limit of 1000 credits for chiarastrama has been exceeded. Please throttle your requests or use the commercial service.
2025-08-19 11:19:16,765 - WARNING - [GeoNames 19] the hourly limit of 1000 credits for chiarastrama has been exceeded. Please throttle your requests or use the commercial service.
2025-08-19 11:19:16,922 - WARNING - [GeoNames 19] the hourly limit of 1000 credits for chiarastrama has been exceeded. Please throttle your requests or use the commercial service.
2025-08-19 11:19:17,085 - WARNING - [GeoNames 19] the hourly limit of 1000 credits for chiarastrama has been exceeded. Please throttle your requests or use the commercial service.
2025-08-19 11:19:17,233 - WARNING - [GeoNames 19] the hourly limit of 1000 credits for chiarastrama has been exceeded. Please throttle your requests or use the commercial service.
2025-08-19 11:19:17,369 - WARNING - [GeoNames 19] the hourly limit of 1000 credits for chiarastrama has been exceeded. Please throttle your requests or use the commercial service.
2025-08-19 11:19:17,529 - WARNING - [GeoNames 19] the hourly limit of 1000 credits for chiarastrama has been exceeded. Please throttle your requests or use the commercial service.
2025-08-19 11:19:17,680 - WARNING - [GeoNames 19] the hourly limit of 1000 credits for chiarastrama has been exceeded. Please throttle your requests or use the commercial service.
2025-08-19 11:19:17,829 - WARNING - [GeoNames 19] the hourly limit of 1000 credits for chiarastrama has been exceeded. Please throttle your requests or use the commercial service.
2025-08-19 11:19:17,997 - WARNING - [GeoNames 19] the hourly limit of 1000 credits for chiarastrama has been exceeded. Please throttle your requests or use the commercial service.
2025-08-19 11:19:18,176 - WARNING - [GeoNames 19] the hourly limit of 1000 credits for chiarastrama has been exceeded. Please throttle your requests or use the commercial service.
2025-08-19 11:19:18,317 - WARNING - [GeoNames 19] the hourly limit of 1000 credits for chiarastrama has been exceeded. Please throttle your requests or use the commercial service.
2025-08-19 11:19:18,473 - WARNING - [GeoNames 19] the hourly limit of 1000 credits for chiarastrama has been exceeded. Please throttle your requests or use the commercial service.
2025-08-19 11:19:18,612 - WARNING - [GeoNames 19] the hourly limit of 1000 credits for chiarastrama has been exceeded. Please throttle your requests or use the commercial service.
2025-08-19 11:19:18,769 - WARNING - [GeoNames 19] the hourly limit of 1000 credits for chiarastrama has been exceeded. Please throttle your requests or use the commercial service.
2025-08-19 11:19:18,904 - WARNING - [GeoNames 19] the hourly limit of 1000 credits for chiarastrama has been exceeded. Please throttle your requests or use the commercial service.
2025-08-19 11:19:19,044 - WARNING - [GeoNames 19] the hourly limit of 1000 credits for chiarastrama has been exceeded. Please throttle your requests or use the commercial service.
2025-08-19 11:19:19,198 - WARNING - [GeoNames 19] the hourly limit of 1000 credits for chiarastrama has been exceeded. Please throttle your requests or use the commercial service.
2025-08-19 11:19:19,340 - WARNING - [GeoNames 19] the hourly limit of 1000 credits for chiarastrama has been exceeded. Please throttle your requests or use the commercial service.
2025-08-19 11:19:19,470 - WARNING - [GeoNames 19] the hourly limit of 1000 credits for chiarastrama has been exceeded. Please throttle your requests or use the commercial service.
2025-08-19 11:19:19,610 - WARNING - [GeoNames 19] the hourly limit of 1000 credits for chiarastrama has been exceeded. Please throttle your requests or use the commercial service.
2025-08-19 11:19:19,754 - WARNING - [GeoNames 19] the hourly limit of 1000 credits for chiarastrama has been exceeded. Please throttle your requests or use the commercial service.
2025-08-19 11:19:19,881 - WARNING - [GeoNames 19] the hourly limit of 1000 credits for chiarastrama has been exceeded. Please throttle your requests or use the commercial service.
2025-08-19 11:19:20,037 - WARNING - [GeoNames 19] the hourly limit of 1000 credits for chiarastrama has been exceeded. Please throttle your requests or use the commercial service.
2025-08-19 11:19:20,193 - WARNING - [GeoNames 19] the hourly limit of 1000 credits for chiarastrama has been exceeded. Please throttle your requests or use the commercial service.
2025-08-19 11:19:20,357 - WARNING - [GeoNames 19] the hourly limit of 1000 credits for chiarastrama has been exceeded. Please throttle your requests or use the commercial service.
2025-08-19 11:19:20,539 - WARNING - [GeoNames 19] the hourly limit of 1000 credits for chiarastrama has been exceeded. Please throttle your requests or use the commercial service.
2025-08-19 11:19:20,675 - WARNING - [GeoNames 19] the hourly limit of 1000 credits for chiarastrama has been exceeded. Please throttle your requests or use the commercial service.
2025-08-19 11:19:20,833 - WARNING - [GeoNames 19] the hourly limit of 1000 credits for chiarastrama has been exceeded. Please throttle your requests or use the commercial service.
2025-08-19 11:19:20,982 - WARNING - [GeoNames 19] the hourly limit of 1000 credits for chiarastrama has been exceeded. Please throttle your requests or use the commercial service.
2025-08-19 11:19:21,127 - WARNING - [GeoNames 19] the hourly limit of 1000 credits for chiarastrama has been exceeded. Please throttle your requests or use the commercial service.
2025-08-19 11:19:21,274 - WARNING - [GeoNames 19] the hourly limit of 1000 credits for chiarastrama has been exceeded. Please throttle your requests or use the commercial service.
2025-08-19 11:19:21,434 - WARNING - [GeoNames 19] the hourly limit of 1000 credits for chiarastrama has been exceeded. Please throttle your requests or use the commercial service.
2025-08-19 11:19:21,585 - WARNING - [GeoNames 19] the hourly limit of 1000 credits for chiarastrama has been exceeded. Please throttle your requests or use the commercial service.
2025-08-19 11:19:21,722 - WARNING - [GeoNames 19] the hourly limit of 1000 credits for chiarastrama has been exceeded. Please throttle your requests or use the commercial service.
2025-08-19 11:19:21,874 - WARNING - [GeoNames 19] the hourly limit of 1000 credits for chiarastrama has been exceeded. Please throttle your requests or use the commercial service.
2025-08-19 11:19:21,995 - WARNING - [GeoNames 19] the hourly limit of 1000 credits for chiarastrama has been exceeded. Please throttle your requests or use the commercial service.
2025-08-19 11:19:22,153 - WARNING - [GeoNames 19] the hourly limit of 1000 credits for chiarastrama has been exceeded. Please throttle your requests or use the commercial service.
2025-08-19 11:19:22,304 - WARNING - [GeoNames 19] the hourly limit of 1000 credits for chiarastrama has been exceeded. Please throttle your requests or use the commercial service.
2025-08-19 11:19:22,528 - WARNING - [GeoNames 19] the hourly limit of 1000 credits for chiarastrama has been exceeded. Please throttle your requests or use the commercial service.
2025-08-19 11:19:22,685 - WARNING - [GeoNames 19] the hourly limit of 1000 credits for chiarastrama has been exceeded. Please throttle your requests or use the commercial service.
2025-08-19 11:19:22,814 - WARNING - [GeoNames 19] the hourly limit of 1000 credits for chiarastrama has been exceeded. Please throttle your requests or use the commercial service.
2025-08-19 11:19:22,975 - WARNING - [GeoNames 19] the hourly limit of 1000 credits for chiarastrama has been exceeded. Please throttle your requests or use the commercial service.
2025-08-19 11:19:23,146 - WARNING - [GeoNames 19] the hourly limit of 1000 credits for chiarastrama has been exceeded. Please throttle your requests or use the commercial service.
2025-08-19 11:19:23,302 - WARNING - [GeoNames 19] the hourly limit of 1000 credits for chiarastrama has been exceeded. Please throttle your requests or use the commercial service.
2025-08-19 11:19:23,449 - WARNING - [GeoNames 19] the hourly limit of 1000 credits for chiarastrama has been exceeded. Please throttle your requests or use the commercial service.
2025-08-19 11:19:23,610 - WARNING - [GeoNames 19] the hourly limit of 1000 credits for chiarastrama has been exceeded. Please throttle your requests or use the commercial service.
2025-08-19 11:19:23,739 - WARNING - [GeoNames 19] the hourly limit of 1000 credits for chiarastrama has been exceeded. Please throttle your requests or use the commercial service.
2025-08-19 11:19:23,873 - WARNING - [GeoNames 19] the hourly limit of 1000 credits for chiarastrama has been exceeded. Please throttle your requests or use the commercial service.
2025-08-19 11:19:24,050 - WARNING - [GeoNames 19] the hourly limit of 1000 credits for chiarastrama has been exceeded. Please throttle your requests or use the commercial service.
2025-08-19 11:19:24,189 - WARNING - [GeoNames 19] the hourly limit of 1000 credits for chiarastrama has been exceeded. Please throttle your requests or use the commercial service.
2025-08-19 11:19:24,349 - WARNING - [GeoNames 19] the hourly limit of 1000 credits for chiarastrama has been exceeded. Please throttle your requests or use the commercial service.
2025-08-19 11:19:24,517 - WARNING - [GeoNames 19] the hourly limit of 1000 credits for chiarastrama has been exceeded. Please throttle your requests or use the commercial service.
2025-08-19 11:19:24,644 - WARNING - [GeoNames 19] the hourly limit of 1000 credits for chiarastrama has been exceeded. Please throttle your requests or use the commercial service.
2025-08-19 11:19:24,788 - WARNING - [GeoNames 19] the hourly limit of 1000 credits for chiarastrama has been exceeded. Please throttle your requests or use the commercial service.
2025-08-19 11:19:24,958 - WARNING - [GeoNames 19] the hourly limit of 1000 credits for chiarastrama has been exceeded. Please throttle your requests or use the commercial service.
2025-08-19 11:19:25,135 - WARNING - [GeoNames 19] the hourly limit of 1000 credits for chiarastrama has been exceeded. Please throttle your requests or use the commercial service.
2025-08-19 11:19:25,544 - WARNING - [GeoNames 19] the hourly limit of 1000 credits for chiarastrama has been exceeded. Please throttle your requests or use the commercial service.
2025-08-19 11:19:25,698 - WARNING - [GeoNames 19] the hourly limit of 1000 credits for chiarastrama has been exceeded. Please throttle your requests or use the commercial service.
2025-08-19 11:19:25,863 - WARNING - [GeoNames 19] the hourly limit of 1000 credits for chiarastrama has been exceeded. Please throttle your requests or use the commercial service.
2025-08-19 11:19:26,000 - WARNING - [GeoNames 19] the hourly limit of 1000 credits for chiarastrama has been exceeded. Please throttle your requests or use the commercial service.
2025-08-19 11:19:26,152 - WARNING - [GeoNames 19] the hourly limit of 1000 credits for chiarastrama has been exceeded. Please throttle your requests or use the commercial service.
2025-08-19 11:19:26,335 - WARNING - [GeoNames 19] the hourly limit of 1000 credits for chiarastrama has been exceeded. Please throttle your requests or use the commercial service.
2025-08-19 11:19:26,484 - WARNING - [GeoNames 19] the hourly limit of 1000 credits for chiarastrama has been exceeded. Please throttle your requests or use the commercial service.
2025-08-19 11:19:26,645 - WARNING - [GeoNames 19] the hourly limit of 1000 credits for chiarastrama has been exceeded. Please throttle your requests or use the commercial service.
2025-08-19 11:19:26,809 - WARNING - [GeoNames 19] the hourly limit of 1000 credits for chiarastrama has been exceeded. Please throttle your requests or use the commercial service.
2025-08-19 11:19:26,973 - WARNING - [GeoNames 19] the hourly limit of 1000 credits for chiarastrama has been exceeded. Please throttle your requests or use the commercial service.
2025-08-19 11:19:27,126 - WARNING - [GeoNames 19] the hourly limit of 1000 credits for chiarastrama has been exceeded. Please throttle your requests or use the commercial service.
2025-08-19 11:19:27,265 - WARNING - [GeoNames 19] the hourly limit of 1000 credits for chiarastrama has been exceeded. Please throttle your requests or use the commercial service.
2025-08-19 11:19:27,400 - WARNING - [GeoNames 19] the hourly limit of 1000 credits for chiarastrama has been exceeded. Please throttle your requests or use the commercial service.
2025-08-19 11:19:27,570 - WARNING - [GeoNames 19] the hourly limit of 1000 credits for chiarastrama has been exceeded. Please throttle your requests or use the commercial service.
2025-08-19 11:19:27,724 - WARNING - [GeoNames 19] the hourly limit of 1000 credits for chiarastrama has been exceeded. Please throttle your requests or use the commercial service.
2025-08-19 11:19:27,896 - WARNING - [GeoNames 19] the hourly limit of 1000 credits for chiarastrama has been exceeded. Please throttle your requests or use the commercial service.
2025-08-19 11:19:28,061 - WARNING - [GeoNames 19] the hourly limit of 1000 credits for chiarastrama has been exceeded. Please throttle your requests or use the commercial service.
2025-08-19 11:19:28,220 - WARNING - [GeoNames 19] the hourly limit of 1000 credits for chiarastrama has been exceeded. Please throttle your requests or use the commercial service.
2025-08-19 11:19:28,370 - WARNING - [GeoNames 19] the hourly limit of 1000 credits for chiarastrama has been exceeded. Please throttle your requests or use the commercial service.
2025-08-19 11:19:28,519 - WARNING - [GeoNames 19] the hourly limit of 1000 credits for chiarastrama has been exceeded. Please throttle your requests or use the commercial service.
2025-08-19 11:19:28,649 - WARNING - [GeoNames 19] the hourly limit of 1000 credits for chiarastrama has been exceeded. Please throttle your requests or use the commercial service.
2025-08-19 11:19:28,805 - WARNING - [GeoNames 19] the hourly limit of 1000 credits for chiarastrama has been exceeded. Please throttle your requests or use the commercial service.
2025-08-19 11:19:28,981 - WARNING - [GeoNames 19] the hourly limit of 1000 credits for chiarastrama has been exceeded. Please throttle your requests or use the commercial service.
2025-08-19 11:19:29,115 - WARNING - [GeoNames 19] the hourly limit of 1000 credits for chiarastrama has been exceeded. Please throttle your requests or use the commercial service.
2025-08-19 11:19:29,279 - WARNING - [GeoNames 19] the hourly limit of 1000 credits for chiarastrama has been exceeded. Please throttle your requests or use the commercial service.
2025-08-19 11:19:29,435 - WARNING - [GeoNames 19] the hourly limit of 1000 credits for chiarastrama has been exceeded. Please throttle your requests or use the commercial service.
2025-08-19 11:19:29,587 - WARNING - [GeoNames 19] the hourly limit of 1000 credits for chiarastrama has been exceeded. Please throttle your requests or use the commercial service.
2025-08-19 11:19:29,727 - WARNING - [GeoNames 19] the hourly limit of 1000 credits for chiarastrama has been exceeded. Please throttle your requests or use the commercial service.
2025-08-19 11:19:29,920 - WARNING - [GeoNames 19] the hourly limit of 1000 credits for chiarastrama has been exceeded. Please throttle your requests or use the commercial service.
2025-08-19 11:19:30,071 - WARNING - [GeoNames 19] the hourly limit of 1000 credits for chiarastrama has been exceeded. Please throttle your requests or use the commercial service.
2025-08-19 11:19:30,224 - WARNING - [GeoNames 19] the hourly limit of 1000 credits for chiarastrama has been exceeded. Please throttle your requests or use the commercial service.
2025-08-19 11:19:30,355 - WARNING - [GeoNames 19] the hourly limit of 1000 credits for chiarastrama has been exceeded. Please throttle your requests or use the commercial service.
2025-08-19 11:19:30,521 - WARNING - [GeoNames 19] the hourly limit of 1000 credits for chiarastrama has been exceeded. Please throttle your requests or use the commercial service.
2025-08-19 11:19:30,695 - WARNING - [GeoNames 19] the hourly limit of 1000 credits for chiarastrama has been exceeded. Please throttle your requests or use the commercial service.
2025-08-19 11:19:30,884 - WARNING - [GeoNames 19] the hourly limit of 1000 credits for chiarastrama has been exceeded. Please throttle your requests or use the commercial service.
2025-08-19 11:19:31,054 - WARNING - [GeoNames 19] the hourly limit of 1000 credits for chiarastrama has been exceeded. Please throttle your requests or use the commercial service.
2025-08-19 11:19:31,200 - WARNING - [GeoNames 19] the hourly limit of 1000 credits for chiarastrama has been exceeded. Please throttle your requests or use the commercial service.
2025-08-19 11:19:31,349 - WARNING - [GeoNames 19] the hourly limit of 1000 credits for chiarastrama has been exceeded. Please throttle your requests or use the commercial service.
2025-08-19 11:19:31,502 - WARNING - [GeoNames 19] the hourly limit of 1000 credits for chiarastrama has been exceeded. Please throttle your requests or use the commercial service.
2025-08-19 11:19:31,660 - WARNING - [GeoNames 19] the hourly limit of 1000 credits for chiarastrama has been exceeded. Please throttle your requests or use the commercial service.
2025-08-19 11:19:31,795 - WARNING - [GeoNames 19] the hourly limit of 1000 credits for chiarastrama has been exceeded. Please throttle your requests or use the commercial service.
2025-08-19 11:19:31,920 - WARNING - [GeoNames 19] the hourly limit of 1000 credits for chiarastrama has been exceeded. Please throttle your requests or use the commercial service.
2025-08-19 11:19:32,054 - WARNING - [GeoNames 19] the hourly limit of 1000 credits for chiarastrama has been exceeded. Please throttle your requests or use the commercial service.
2025-08-19 11:19:32,212 - WARNING - [GeoNames 19] the hourly limit of 1000 credits for chiarastrama has been exceeded. Please throttle your requests or use the commercial service.
2025-08-19 11:19:32,391 - WARNING - [GeoNames 19] the hourly limit of 1000 credits for chiarastrama has been exceeded. Please throttle your requests or use the commercial service.
2025-08-19 11:19:32,570 - WARNING - [GeoNames 19] the hourly limit of 1000 credits for chiarastrama has been exceeded. Please throttle your requests or use the commercial service.
2025-08-19 11:19:32,732 - WARNING - [GeoNames 19] the hourly limit of 1000 credits for chiarastrama has been exceeded. Please throttle your requests or use the commercial service.
2025-08-19 11:19:32,894 - WARNING - [GeoNames 19] the hourly limit of 1000 credits for chiarastrama has been exceeded. Please throttle your requests or use the commercial service.
2025-08-19 11:19:33,055 - WARNING - [GeoNames 19] the hourly limit of 1000 credits for chiarastrama has been exceeded. Please throttle your requests or use the commercial service.
2025-08-19 11:19:33,226 - WARNING - [GeoNames 19] the hourly limit of 1000 credits for chiarastrama has been exceeded. Please throttle your requests or use the commercial service.
2025-08-19 11:19:33,369 - WARNING - [GeoNames 19] the hourly limit of 1000 credits for chiarastrama has been exceeded. Please throttle your requests or use the commercial service.
2025-08-19 11:19:33,520 - WARNING - [GeoNames 19] the hourly limit of 1000 credits for chiarastrama has been exceeded. Please throttle your requests or use the commercial service.
2025-08-19 11:19:33,670 - WARNING - [GeoNames 19] the hourly limit of 1000 credits for chiarastrama has been exceeded. Please throttle your requests or use the commercial service.
2025-08-19 11:19:33,822 - WARNING - [GeoNames 19] the hourly limit of 1000 credits for chiarastrama has been exceeded. Please throttle your requests or use the commercial service.
2025-08-19 11:19:33,966 - WARNING - [GeoNames 19] the hourly limit of 1000 credits for chiarastrama has been exceeded. Please throttle your requests or use the commercial service.
2025-08-19 11:19:34,123 - WARNING - [GeoNames 19] the hourly limit of 1000 credits for chiarastrama has been exceeded. Please throttle your requests or use the commercial service.
2025-08-19 11:19:34,294 - WARNING - [GeoNames 19] the hourly limit of 1000 credits for chiarastrama has been exceeded. Please throttle your requests or use the commercial service.
2025-08-19 11:19:34,471 - WARNING - [GeoNames 19] the hourly limit of 1000 credits for chiarastrama has been exceeded. Please throttle your requests or use the commercial service.
2025-08-19 11:19:34,639 - WARNING - [GeoNames 19] the hourly limit of 1000 credits for chiarastrama has been exceeded. Please throttle your requests or use the commercial service.
2025-08-19 11:19:34,773 - WARNING - [GeoNames 19] the hourly limit of 1000 credits for chiarastrama has been exceeded. Please throttle your requests or use the commercial service.
2025-08-19 11:19:34,939 - WARNING - [GeoNames 19] the hourly limit of 1000 credits for chiarastrama has been exceeded. Please throttle your requests or use the commercial service.
2025-08-19 11:19:35,085 - WARNING - [GeoNames 19] the hourly limit of 1000 credits for chiarastrama has been exceeded. Please throttle your requests or use the commercial service.
2025-08-19 11:19:35,206 - WARNING - [GeoNames 19] the hourly limit of 1000 credits for chiarastrama has been exceeded. Please throttle your requests or use the commercial service.
2025-08-19 11:19:35,345 - WARNING - [GeoNames 19] the hourly limit of 1000 credits for chiarastrama has been exceeded. Please throttle your requests or use the commercial service.
2025-08-19 11:19:35,502 - WARNING - [GeoNames 19] the hourly limit of 1000 credits for chiarastrama has been exceeded. Please throttle your requests or use the commercial service.
2025-08-19 11:19:35,639 - WARNING - [GeoNames 19] the hourly limit of 1000 credits for chiarastrama has been exceeded. Please throttle your requests or use the commercial service.
2025-08-19 11:19:35,864 - WARNING - [GeoNames 19] the hourly limit of 1000 credits for chiarastrama has been exceeded. Please throttle your requests or use the commercial service.
2025-08-19 11:19:36,034 - WARNING - [GeoNames 19] the hourly limit of 1000 credits for chiarastrama has been exceeded. Please throttle your requests or use the commercial service.
2025-08-19 11:19:36,193 - WARNING - [GeoNames 19] the hourly limit of 1000 credits for chiarastrama has been exceeded. Please throttle your requests or use the commercial service.
2025-08-19 11:19:36,322 - WARNING - [GeoNames 19] the hourly limit of 1000 credits for chiarastrama has been exceeded. Please throttle your requests or use the commercial service.
2025-08-19 11:19:36,466 - WARNING - [GeoNames 19] the hourly limit of 1000 credits for chiarastrama has been exceeded. Please throttle your requests or use the commercial service.
2025-08-19 11:19:36,617 - WARNING - [GeoNames 19] the hourly limit of 1000 credits for chiarastrama has been exceeded. Please throttle your requests or use the commercial service.
2025-08-19 11:19:36,750 - WARNING - [GeoNames 19] the hourly limit of 1000 credits for chiarastrama has been exceeded. Please throttle your requests or use the commercial service.
2025-08-19 11:19:36,896 - WARNING - [GeoNames 19] the hourly limit of 1000 credits for chiarastrama has been exceeded. Please throttle your requests or use the commercial service.
2025-08-19 11:19:37,045 - WARNING - [GeoNames 19] the hourly limit of 1000 credits for chiarastrama has been exceeded. Please throttle your requests or use the commercial service.
2025-08-19 11:19:37,200 - WARNING - [GeoNames 19] the hourly limit of 1000 credits for chiarastrama has been exceeded. Please throttle your requests or use the commercial service.
2025-08-19 11:19:37,364 - WARNING - [GeoNames 19] the hourly limit of 1000 credits for chiarastrama has been exceeded. Please throttle your requests or use the commercial service.
2025-08-19 11:19:37,549 - WARNING - [GeoNames 19] the hourly limit of 1000 credits for chiarastrama has been exceeded. Please throttle your requests or use the commercial service.
2025-08-19 11:19:37,674 - WARNING - [GeoNames 19] the hourly limit of 1000 credits for chiarastrama has been exceeded. Please throttle your requests or use the commercial service.
2025-08-19 11:19:37,816 - WARNING - [GeoNames 19] the hourly limit of 1000 credits for chiarastrama has been exceeded. Please throttle your requests or use the commercial service.
2025-08-19 11:19:37,966 - WARNING - [GeoNames 19] the hourly limit of 1000 credits for chiarastrama has been exceeded. Please throttle your requests or use the commercial service.
2025-08-19 11:19:38,105 - WARNING - [GeoNames 19] the hourly limit of 1000 credits for chiarastrama has been exceeded. Please throttle your requests or use the commercial service.
2025-08-19 11:19:38,252 - WARNING - [GeoNames 19] the hourly limit of 1000 credits for chiarastrama has been exceeded. Please throttle your requests or use the commercial service.
2025-08-19 11:19:38,408 - WARNING - [GeoNames 19] the hourly limit of 1000 credits for chiarastrama has been exceeded. Please throttle your requests or use the commercial service.
2025-08-19 11:19:38,568 - WARNING - [GeoNames 19] the hourly limit of 1000 credits for chiarastrama has been exceeded. Please throttle your requests or use the commercial service.
2025-08-19 11:19:38,716 - WARNING - [GeoNames 19] the hourly limit of 1000 credits for chiarastrama has been exceeded. Please throttle your requests or use the commercial service.
2025-08-19 11:19:38,877 - WARNING - [GeoNames 19] the hourly limit of 1000 credits for chiarastrama has been exceeded. Please throttle your requests or use the commercial service.
2025-08-19 11:19:39,009 - WARNING - [GeoNames 19] the hourly limit of 1000 credits for chiarastrama has been exceeded. Please throttle your requests or use the commercial service.
2025-08-19 11:19:39,163 - WARNING - [GeoNames 19] the hourly limit of 1000 credits for chiarastrama has been exceeded. Please throttle your requests or use the commercial service.
2025-08-19 11:19:39,304 - WARNING - [GeoNames 19] the hourly limit of 1000 credits for chiarastrama has been exceeded. Please throttle your requests or use the commercial service.
2025-08-19 11:19:39,439 - WARNING - [GeoNames 19] the hourly limit of 1000 credits for chiarastrama has been exceeded. Please throttle your requests or use the commercial service.
2025-08-19 11:19:39,604 - WARNING - [GeoNames 19] the hourly limit of 1000 credits for chiarastrama has been exceeded. Please throttle your requests or use the commercial service.
2025-08-19 11:19:39,732 - WARNING - [GeoNames 19] the hourly limit of 1000 credits for chiarastrama has been exceeded. Please throttle your requests or use the commercial service.
2025-08-19 11:19:39,891 - WARNING - [GeoNames 19] the hourly limit of 1000 credits for chiarastrama has been exceeded. Please throttle your requests or use the commercial service.
2025-08-19 11:19:40,067 - WARNING - [GeoNames 19] the hourly limit of 1000 credits for chiarastrama has been exceeded. Please throttle your requests or use the commercial service.
2025-08-19 11:19:40,231 - WARNING - [GeoNames 19] the hourly limit of 1000 credits for chiarastrama has been exceeded. Please throttle your requests or use the commercial service.
2025-08-19 11:19:40,422 - WARNING - [GeoNames 19] the hourly limit of 1000 credits for chiarastrama has been exceeded. Please throttle your requests or use the commercial service.
2025-08-19 11:19:40,564 - WARNING - [GeoNames 19] the hourly limit of 1000 credits for chiarastrama has been exceeded. Please throttle your requests or use the commercial service.
2025-08-19 11:19:40,705 - WARNING - [GeoNames 19] the hourly limit of 1000 credits for chiarastrama has been exceeded. Please throttle your requests or use the commercial service.
2025-08-19 11:19:40,853 - WARNING - [GeoNames 19] the hourly limit of 1000 credits for chiarastrama has been exceeded. Please throttle your requests or use the commercial service.
2025-08-19 11:19:40,975 - WARNING - [GeoNames 19] the hourly limit of 1000 credits for chiarastrama has been exceeded. Please throttle your requests or use the commercial service.
2025-08-19 11:19:41,121 - WARNING - [GeoNames 19] the hourly limit of 1000 credits for chiarastrama has been exceeded. Please throttle your requests or use the commercial service.
2025-08-19 11:19:41,287 - WARNING - [GeoNames 19] the hourly limit of 1000 credits for chiarastrama has been exceeded. Please throttle your requests or use the commercial service.
2025-08-19 11:19:41,419 - WARNING - [GeoNames 19] the hourly limit of 1000 credits for chiarastrama has been exceeded. Please throttle your requests or use the commercial service.
2025-08-19 11:19:41,611 - WARNING - [GeoNames 19] the hourly limit of 1000 credits for chiarastrama has been exceeded. Please throttle your requests or use the commercial service.
2025-08-19 11:19:41,768 - WARNING - [GeoNames 19] the hourly limit of 1000 credits for chiarastrama has been exceeded. Please throttle your requests or use the commercial service.
2025-08-19 11:19:41,944 - WARNING - [GeoNames 19] the hourly limit of 1000 credits for chiarastrama has been exceeded. Please throttle your requests or use the commercial service.
2025-08-19 11:19:42,099 - WARNING - [GeoNames 19] the hourly limit of 1000 credits for chiarastrama has been exceeded. Please throttle your requests or use the commercial service.
2025-08-19 11:19:42,242 - WARNING - [GeoNames 19] the hourly limit of 1000 credits for chiarastrama has been exceeded. Please throttle your requests or use the commercial service.
2025-08-19 11:19:42,394 - WARNING - [GeoNames 19] the hourly limit of 1000 credits for chiarastrama has been exceeded. Please throttle your requests or use the commercial service.
2025-08-19 11:19:42,524 - WARNING - [GeoNames 19] the hourly limit of 1000 credits for chiarastrama has been exceeded. Please throttle your requests or use the commercial service.
2025-08-19 11:19:42,671 - WARNING - [GeoNames 19] the hourly limit of 1000 credits for chiarastrama has been exceeded. Please throttle your requests or use the commercial service.
2025-08-19 11:19:42,863 - WARNING - [GeoNames 19] the hourly limit of 1000 credits for chiarastrama has been exceeded. Please throttle your requests or use the commercial service.
2025-08-19 11:19:43,048 - WARNING - [GeoNames 19] the hourly limit of 1000 credits for chiarastrama has been exceeded. Please throttle your requests or use the commercial service.
2025-08-19 11:19:43,226 - WARNING - [GeoNames 19] the hourly limit of 1000 credits for chiarastrama has been exceeded. Please throttle your requests or use the commercial service.
2025-08-19 11:19:43,403 - WARNING - [GeoNames 19] the hourly limit of 1000 credits for chiarastrama has been exceeded. Please throttle your requests or use the commercial service.
2025-08-19 11:19:43,558 - WARNING - [GeoNames 19] the hourly limit of 1000 credits for chiarastrama has been exceeded. Please throttle your requests or use the commercial service.
2025-08-19 11:19:43,713 - WARNING - [GeoNames 19] the hourly limit of 1000 credits for chiarastrama has been exceeded. Please throttle your requests or use the commercial service.
2025-08-19 11:19:43,854 - WARNING - [GeoNames 19] the hourly limit of 1000 credits for chiarastrama has been exceeded. Please throttle your requests or use the commercial service.
2025-08-19 11:19:44,004 - WARNING - [GeoNames 19] the hourly limit of 1000 credits for chiarastrama has been exceeded. Please throttle your requests or use the commercial service.
2025-08-19 11:19:44,145 - WARNING - [GeoNames 19] the hourly limit of 1000 credits for chiarastrama has been exceeded. Please throttle your requests or use the commercial service.
2025-08-19 11:19:44,294 - WARNING - [GeoNames 19] the hourly limit of 1000 credits for chiarastrama has been exceeded. Please throttle your requests or use the commercial service.
2025-08-19 11:19:44,444 - WARNING - [GeoNames 19] the hourly limit of 1000 credits for chiarastrama has been exceeded. Please throttle your requests or use the commercial service.
2025-08-19 11:19:44,583 - WARNING - [GeoNames 19] the hourly limit of 1000 credits for chiarastrama has been exceeded. Please throttle your requests or use the commercial service.
2025-08-19 11:19:44,747 - WARNING - [GeoNames 19] the hourly limit of 1000 credits for chiarastrama has been exceeded. Please throttle your requests or use the commercial service.
2025-08-19 11:19:44,913 - WARNING - [GeoNames 19] the hourly limit of 1000 credits for chiarastrama has been exceeded. Please throttle your requests or use the commercial service.
2025-08-19 11:19:45,051 - WARNING - [GeoNames 19] the hourly limit of 1000 credits for chiarastrama has been exceeded. Please throttle your requests or use the commercial service.
2025-08-19 11:19:45,199 - WARNING - [GeoNames 19] the hourly limit of 1000 credits for chiarastrama has been exceeded. Please throttle your requests or use the commercial service.
2025-08-19 11:19:45,353 - WARNING - [GeoNames 19] the hourly limit of 1000 credits for chiarastrama has been exceeded. Please throttle your requests or use the commercial service.
2025-08-19 11:19:45,513 - WARNING - [GeoNames 19] the hourly limit of 1000 credits for chiarastrama has been exceeded. Please throttle your requests or use the commercial service.
2025-08-19 11:19:45,657 - WARNING - [GeoNames 19] the hourly limit of 1000 credits for chiarastrama has been exceeded. Please throttle your requests or use the commercial service.
2025-08-19 11:19:45,802 - WARNING - [GeoNames 19] the hourly limit of 1000 credits for chiarastrama has been exceeded. Please throttle your requests or use the commercial service.
2025-08-19 11:19:45,955 - WARNING - [GeoNames 19] the hourly limit of 1000 credits for chiarastrama has been exceeded. Please throttle your requests or use the commercial service.
2025-08-19 11:19:46,095 - WARNING - [GeoNames 19] the hourly limit of 1000 credits for chiarastrama has been exceeded. Please throttle your requests or use the commercial service.
2025-08-19 11:19:46,264 - WARNING - [GeoNames 19] the hourly limit of 1000 credits for chiarastrama has been exceeded. Please throttle your requests or use the commercial service.
2025-08-19 11:19:46,442 - WARNING - [GeoNames 19] the hourly limit of 1000 credits for chiarastrama has been exceeded. Please throttle your requests or use the commercial service.
2025-08-19 11:19:46,636 - WARNING - [GeoNames 19] the hourly limit of 1000 credits for chiarastrama has been exceeded. Please throttle your requests or use the commercial service.
2025-08-19 11:19:46,772 - WARNING - [GeoNames 19] the hourly limit of 1000 credits for chiarastrama has been exceeded. Please throttle your requests or use the commercial service.
2025-08-19 11:19:46,904 - WARNING - [GeoNames 19] the hourly limit of 1000 credits for chiarastrama has been exceeded. Please throttle your requests or use the commercial service.
2025-08-19 11:19:47,055 - WARNING - [GeoNames 19] the hourly limit of 1000 credits for chiarastrama has been exceeded. Please throttle your requests or use the commercial service.
2025-08-19 11:19:47,213 - WARNING - [GeoNames 19] the hourly limit of 1000 credits for chiarastrama has been exceeded. Please throttle your requests or use the commercial service.
2025-08-19 11:19:47,358 - WARNING - [GeoNames 19] the hourly limit of 1000 credits for chiarastrama has been exceeded. Please throttle your requests or use the commercial service.
2025-08-19 11:19:47,507 - WARNING - [GeoNames 19] the hourly limit of 1000 credits for chiarastrama has been exceeded. Please throttle your requests or use the commercial service.
2025-08-19 11:19:47,659 - WARNING - [GeoNames 19] the hourly limit of 1000 credits for chiarastrama has been exceeded. Please throttle your requests or use the commercial service.
2025-08-19 11:19:47,826 - WARNING - [GeoNames 19] the hourly limit of 1000 credits for chiarastrama has been exceeded. Please throttle your requests or use the commercial service.
2025-08-19 11:19:47,960 - WARNING - [GeoNames 19] the hourly limit of 1000 credits for chiarastrama has been exceeded. Please throttle your requests or use the commercial service.
2025-08-19 11:19:48,093 - WARNING - [GeoNames 19] the hourly limit of 1000 credits for chiarastrama has been exceeded. Please throttle your requests or use the commercial service.
2025-08-19 11:19:48,219 - WARNING - [GeoNames 19] the hourly limit of 1000 credits for chiarastrama has been exceeded. Please throttle your requests or use the commercial service.
2025-08-19 11:19:48,382 - WARNING - [GeoNames 19] the hourly limit of 1000 credits for chiarastrama has been exceeded. Please throttle your requests or use the commercial service.
2025-08-19 11:19:48,526 - WARNING - [GeoNames 19] the hourly limit of 1000 credits for chiarastrama has been exceeded. Please throttle your requests or use the commercial service.
2025-08-19 11:19:48,684 - WARNING - [GeoNames 19] the hourly limit of 1000 credits for chiarastrama has been exceeded. Please throttle your requests or use the commercial service.
2025-08-19 11:19:48,839 - WARNING - [GeoNames 19] the hourly limit of 1000 credits for chiarastrama has been exceeded. Please throttle your requests or use the commercial service.
2025-08-19 11:19:49,003 - WARNING - [GeoNames 19] the hourly limit of 1000 credits for chiarastrama has been exceeded. Please throttle your requests or use the commercial service.
2025-08-19 11:19:49,165 - WARNING - [GeoNames 19] the hourly limit of 1000 credits for chiarastrama has been exceeded. Please throttle your requests or use the commercial service.
2025-08-19 11:19:49,342 - WARNING - [GeoNames 19] the hourly limit of 1000 credits for chiarastrama has been exceeded. Please throttle your requests or use the commercial service.
2025-08-19 11:19:49,516 - WARNING - [GeoNames 19] the hourly limit of 1000 credits for chiarastrama has been exceeded. Please throttle your requests or use the commercial service.
2025-08-19 11:19:49,661 - WARNING - [GeoNames 19] the hourly limit of 1000 credits for chiarastrama has been exceeded. Please throttle your requests or use the commercial service.
2025-08-19 11:19:49,798 - WARNING - [GeoNames 19] the hourly limit of 1000 credits for chiarastrama has been exceeded. Please throttle your requests or use the commercial service.
2025-08-19 11:19:49,950 - WARNING - [GeoNames 19] the hourly limit of 1000 credits for chiarastrama has been exceeded. Please throttle your requests or use the commercial service.
2025-08-19 11:19:50,111 - WARNING - [GeoNames 19] the hourly limit of 1000 credits for chiarastrama has been exceeded. Please throttle your requests or use the commercial service.
2025-08-19 11:19:50,267 - WARNING - [GeoNames 19] the hourly limit of 1000 credits for chiarastrama has been exceeded. Please throttle your requests or use the commercial service.
2025-08-19 11:19:50,439 - WARNING - [GeoNames 19] the hourly limit of 1000 credits for chiarastrama has been exceeded. Please throttle your requests or use the commercial service.
2025-08-19 11:19:50,607 - WARNING - [GeoNames 19] the hourly limit of 1000 credits for chiarastrama has been exceeded. Please throttle your requests or use the commercial service.
2025-08-19 11:19:50,760 - WARNING - [GeoNames 19] the hourly limit of 1000 credits for chiarastrama has been exceeded. Please throttle your requests or use the commercial service.
2025-08-19 11:19:50,925 - WARNING - [GeoNames 19] the hourly limit of 1000 credits for chiarastrama has been exceeded. Please throttle your requests or use the commercial service.
2025-08-19 11:19:51,102 - WARNING - [GeoNames 19] the hourly limit of 1000 credits for chiarastrama has been exceeded. Please throttle your requests or use the commercial service.
2025-08-19 11:19:51,244 - WARNING - [GeoNames 19] the hourly limit of 1000 credits for chiarastrama has been exceeded. Please throttle your requests or use the commercial service.
2025-08-19 11:19:51,373 - WARNING - [GeoNames 19] the hourly limit of 1000 credits for chiarastrama has been exceeded. Please throttle your requests or use the commercial service.
2025-08-19 11:19:51,522 - WARNING - [GeoNames 19] the hourly limit of 1000 credits for chiarastrama has been exceeded. Please throttle your requests or use the commercial service.
2025-08-19 11:19:51,654 - WARNING - [GeoNames 19] the hourly limit of 1000 credits for chiarastrama has been exceeded. Please throttle your requests or use the commercial service.
2025-08-19 11:19:51,822 - WARNING - [GeoNames 19] the hourly limit of 1000 credits for chiarastrama has been exceeded. Please throttle your requests or use the commercial service.
2025-08-19 11:19:52,002 - WARNING - [GeoNames 19] the hourly limit of 1000 credits for chiarastrama has been exceeded. Please throttle your requests or use the commercial service.
2025-08-19 11:19:52,161 - WARNING - [GeoNames 19] the hourly limit of 1000 credits for chiarastrama has been exceeded. Please throttle your requests or use the commercial service.
2025-08-19 11:19:52,305 - WARNING - [GeoNames 19] the hourly limit of 1000 credits for chiarastrama has been exceeded. Please throttle your requests or use the commercial service.
2025-08-19 11:19:52,434 - WARNING - [GeoNames 19] the hourly limit of 1000 credits for chiarastrama has been exceeded. Please throttle your requests or use the commercial service.
2025-08-19 11:19:52,588 - WARNING - [GeoNames 19] the hourly limit of 1000 credits for chiarastrama has been exceeded. Please throttle your requests or use the commercial service.
2025-08-19 11:19:52,742 - WARNING - [GeoNames 19] the hourly limit of 1000 credits for chiarastrama has been exceeded. Please throttle your requests or use the commercial service.
2025-08-19 11:19:52,897 - WARNING - [GeoNames 19] the hourly limit of 1000 credits for chiarastrama has been exceeded. Please throttle your requests or use the commercial service.
2025-08-19 11:19:53,044 - WARNING - [GeoNames 19] the hourly limit of 1000 credits for chiarastrama has been exceeded. Please throttle your requests or use the commercial service.
2025-08-19 11:19:53,194 - WARNING - [GeoNames 19] the hourly limit of 1000 credits for chiarastrama has been exceeded. Please throttle your requests or use the commercial service.
2025-08-19 11:19:53,359 - WARNING - [GeoNames 19] the hourly limit of 1000 credits for chiarastrama has been exceeded. Please throttle your requests or use the commercial service.
2025-08-19 11:19:53,540 - WARNING - [GeoNames 19] the hourly limit of 1000 credits for chiarastrama has been exceeded. Please throttle your requests or use the commercial service.
2025-08-19 11:19:53,708 - WARNING - [GeoNames 19] the hourly limit of 1000 credits for chiarastrama has been exceeded. Please throttle your requests or use the commercial service.
2025-08-19 11:19:53,873 - WARNING - [GeoNames 19] the hourly limit of 1000 credits for chiarastrama has been exceeded. Please throttle your requests or use the commercial service.
2025-08-19 11:19:54,033 - WARNING - [GeoNames 19] the hourly limit of 1000 credits for chiarastrama has been exceeded. Please throttle your requests or use the commercial service.
2025-08-19 11:19:54,190 - WARNING - [GeoNames 19] the hourly limit of 1000 credits for chiarastrama has been exceeded. Please throttle your requests or use the commercial service.
2025-08-19 11:19:54,325 - WARNING - [GeoNames 19] the hourly limit of 1000 credits for chiarastrama has been exceeded. Please throttle your requests or use the commercial service.
2025-08-19 11:19:54,473 - WARNING - [GeoNames 19] the hourly limit of 1000 credits for chiarastrama has been exceeded. Please throttle your requests or use the commercial service.
2025-08-19 11:19:54,613 - WARNING - [GeoNames 19] the hourly limit of 1000 credits for chiarastrama has been exceeded. Please throttle your requests or use the commercial service.
2025-08-19 11:19:57,275 - INFO - ✅ Geonames MongoDB updated. Inserted: 0 fresh documents, Modified: 338 documents.
2025-08-19 11:19:57,286 - INFO - Total pipeline time: 1.05 minutes
