2025-08-08 14:52:06,373 - INFO - Updating mongo-metadata is set to True
2025-08-08 14:52:06,373 - INFO - 🌎 Querying geonames...
2025-08-08 14:52:07,405 - INFO - 📦 Loaded 639 existing (country, city_key) pairs from MongoDB.
2025-08-08 14:52:07,960 - INFO - 📰 Scanned 778 article(s) with factory nodes.
2025-08-08 14:52:07,960 - INFO - 🧹 Identified 380 new (country, city) pairs to query. Example three: [('Thailand', 'rayong'), ('China', 'wuxi'), ('Canada', 'near_montreal')]
2025-08-08 14:52:32,465 - INFO - ✅ Geonames MongoDB updated. Inserted: 0 fresh documents, Modified: 89 documents.
2025-08-08 14:52:32,467 - INFO - 🗞️ Flattening articles...
2025-08-08 14:52:43,485 - INFO - 💾 Saved nodes to storage/output/all_nodes.xlsx
2025-08-08 14:52:43,485 - INFO - 💾 Saved relationships to storage/output/all_rels.xlsx
2025-08-08 14:52:43,508 - INFO - 🉑 Merging nodes and relationships...
2025-08-08 14:52:48,394 - INFO - 💾 Saved factory-technology graph segment to storage/output/factory-technological.xlsx
2025-08-08 14:52:48,399 - INFO - 🫂 Grouping projects...
2025-08-08 14:52:48,589 - INFO - Found 2925 rows:
2025-08-08 14:52:48,590 - INFO - ⚠️ 417 entries without CITY are dropped, rows reduced to 2508.
2025-08-08 14:52:48,591 - INFO - Missing counts: adm1           1684
inst_canon        8
product_lv1     567
product_lv2    1233
dtype: int64
2025-08-08 14:52:48,591 - INFO - ⚠️  2339 rows dropped because of missing values; 586 remain.
2025-08-08 14:52:48,591 - INFO - Unique owners before manual dict: 129
2025-08-08 14:52:48,592 - INFO - Unique owners after manual dict: 111
2025-08-08 14:52:50,234 - INFO - Saving output to ./storage/output/all_projects.xlsx
2025-08-08 14:52:50,322 - INFO - Saving filtered output to storage/output/filtered_projects.xlsx
2025-08-08 14:52:50,322 - INFO - 🏭 Importing facilities
2025-08-08 14:52:50,494 - INFO - 🗑️ Cleared existing facilities from MongoDB.
2025-08-08 14:52:50,548 - INFO - Saving a copy of facilities to Excel at storage/output/facilities.xlsx
2025-08-08 14:52:50,570 - INFO - Number of raw capacities - 369
2025-08-08 14:52:50,570 - INFO - 📅 Unique capacities remaining after deduplication (keeping earliest date): 253
2025-08-08 14:52:50,929 - INFO - ✅ Inserted 101 facilities into MongoDB, with 253 capacities.
2025-08-08 14:52:50,930 - INFO - 🧮 Determining phase summaries
2025-08-08 14:52:51,005 - INFO - 🚀 Starting summary updates for greenfield and expansion...
2025-08-08 14:52:51,993 - INFO - ✅ Updated summaries for 96 facilities.
2025-08-08 14:52:51,994 - INFO - Total pipeline time: 0.76 minutes
