2025-09-10 17:51:50,531 - INFO - Updating mongo-metadata is set to False
2025-09-10 17:51:50,531 - INFO - 🗞️ Flattening articles...
2025-09-10 17:51:50,531 - INFO - 🉑 Merging nodes and relationships...
2025-09-10 17:52:06,423 - INFO - 💾 Saved geo_lookup to storage/output/geo_lookup.json
2025-09-10 17:52:08,779 - INFO - 💾 Saved: storage/output/factory_registry.xlsx
2025-09-10 17:52:24,200 - INFO - 💾 Saved geo_lookup to storage/output/geo_lookup.json
2025-09-10 17:52:25,078 - INFO - 💾 Saved: storage/output/factory-technological.xlsx
2025-09-10 17:52:40,349 - INFO - 💾 Saved geo_lookup to storage/output/geo_lookup.json
2025-09-10 17:52:40,663 - INFO - 💾 Saved: storage/output/company-joint-venture.xlsx
2025-09-10 17:52:56,048 - INFO - 💾 Saved geo_lookup to storage/output/geo_lookup.json
2025-09-10 17:52:57,048 - INFO - 💾 Saved: storage/output/investment-funds-factory.xlsx
2025-09-10 17:52:57,218 - INFO - Capacity rows: 582 | failed: 34 (5.8%)
2025-09-10 17:52:57,219 - INFO - normalization_case
normalize:fallback:keep-metric                                  180
normalize:already-clean:gigawatt                                145
normalize:already-clean:gigawatt hour                           137
normalize:vehicle:missing                                        56
fallback:missing-metric                                          34
normalize:already-clean:tonne                                     6
normalize:battery:module_pack:battery systems->gigawatt hour      5
normalize:battery:keyword:ev                                      4
normalize:battery:module_pack:battery modules->gigawatt hour      3
normalize:battery:module_pack:batteries->gigawatt hour            3
normalize:battery:energy-metric                                   3
normalize:battery:keyword:vehicle                                 2
normalize:battery:module_pack:battery packs->gigawatt hour        2
normalize:battery:keyword:car                                     1
normalize:battery:module_pack:unit->gigawatt hour                 1
2025-09-10 17:52:57,381 - INFO - 🫂 Grouping projects...
2025-09-10 17:52:57,381 - INFO - Processing: storage/output/factory-technological-clean-capacities.xlsx → storage/output/grouped-capacities.xlsx
2025-09-10 17:52:57,469 - INFO - Found 582 rows (EU only).
2025-09-10 17:52:57,471 - INFO - ⚠️ 144 rows lack an admin_group_key after applying per-country rules.
2025-09-10 17:52:57,472 - INFO - ⚠️ 62 entries without CITY are dropped.
2025-09-10 17:52:57,472 - INFO - Rows reduced to 520 after dropping missing city_key.
2025-09-10 17:52:57,472 - INFO - ⚠️ 82 entries without a geographic locator are dropped.
2025-09-10 17:52:57,473 - INFO - Rows reduced to 438 after dropping missing admin_group_key.
2025-09-10 17:52:57,473 - INFO - ⚠️ 42 entries without a normalised PRODUCT-LV1 are dropped.
2025-09-10 17:52:57,473 - INFO - Rows reduced to 396 after dropping missing product_lv1.
2025-09-10 17:52:57,473 - INFO - ⚠️ 186 total rows dropped due to missing required fields; 396 remain.
2025-09-10 17:52:57,473 - INFO - ⚠️ 144 entries without a normalised PRODUCT-LV2.
2025-09-10 17:52:57,473 - INFO - Unique owners before manual dict: 203
2025-09-10 17:52:57,474 - INFO - Unique owners after manual dict: 187
2025-09-10 17:52:57,475 - INFO - Applied site merges to 5 rows.
2025-09-10 17:52:59,270 - INFO - Overwrote inst_canon with JV labels for 29 rows
2025-09-10 17:52:59,332 - INFO - Saving filtered output to storage/output/grouped-capacities.xlsx
2025-09-10 17:52:59,333 - INFO - Processing: storage/output/factory_registry.xlsx → storage/output/grouped-factories.xlsx
2025-09-10 17:53:00,012 - INFO - Found 10719 rows (EU only).
2025-09-10 17:53:00,039 - INFO - ⚠️ 2508 rows lack an admin_group_key after applying per-country rules.
2025-09-10 17:53:00,039 - INFO - ⚠️ 36 entries without a normalised OWNER name are dropped.
2025-09-10 17:53:00,041 - INFO - Rows reduced to 10683 after dropping missing inst_canon.
2025-09-10 17:53:00,041 - INFO - ⚠️ 1217 entries without CITY are dropped.
2025-09-10 17:53:00,042 - INFO - Rows reduced to 9466 after dropping missing city_key.
2025-09-10 17:53:00,042 - INFO - ⚠️ 1287 entries without a geographic locator are dropped.
2025-09-10 17:53:00,043 - INFO - Rows reduced to 8179 after dropping missing admin_group_key.
2025-09-10 17:53:00,044 - INFO - ⚠️ 3830 entries without a normalised PRODUCT-LV1 are dropped.
2025-09-10 17:53:00,045 - INFO - Rows reduced to 4349 after dropping missing product_lv1.
2025-09-10 17:53:00,045 - INFO - ⚠️ 6370 total rows dropped due to missing required fields; 4349 remain.
2025-09-10 17:53:00,045 - INFO - ⚠️ 1960 entries without a normalised PRODUCT-LV2.
2025-09-10 17:53:00,045 - INFO - Unique owners before manual dict: 975
2025-09-10 17:53:00,046 - INFO - Unique owners after manual dict: 910
2025-09-10 17:53:00,060 - INFO - Applied site merges to 49 rows.
2025-09-10 17:53:02,007 - INFO - Overwrote inst_canon with JV labels for 231 rows
2025-09-10 17:53:02,561 - INFO - Saving filtered output to storage/output/grouped-factories.xlsx
2025-09-10 17:53:02,562 - INFO - Processing: storage/output/investment-funds-factory.xlsx → storage/output/grouped-investments.xlsx
2025-09-10 17:53:02,714 - INFO - Found 1805 rows (EU only).
2025-09-10 17:53:02,719 - INFO - ⚠️ 333 rows lack an admin_group_key after applying per-country rules.
2025-09-10 17:53:02,719 - INFO - ⚠️ 2 entries without a normalised OWNER name are dropped.
2025-09-10 17:53:02,719 - INFO - Rows reduced to 1803 after dropping missing inst_canon.
2025-09-10 17:53:02,719 - INFO - ⚠️ 133 entries without CITY are dropped.
2025-09-10 17:53:02,720 - INFO - Rows reduced to 1670 after dropping missing city_key.
2025-09-10 17:53:02,720 - INFO - ⚠️ 199 entries without a geographic locator are dropped.
2025-09-10 17:53:02,720 - INFO - Rows reduced to 1471 after dropping missing admin_group_key.
2025-09-10 17:53:02,720 - INFO - ⚠️ 610 entries without a normalised PRODUCT-LV1 are dropped.
2025-09-10 17:53:02,721 - INFO - Rows reduced to 861 after dropping missing product_lv1.
2025-09-10 17:53:02,721 - INFO - ⚠️ 944 total rows dropped due to missing required fields; 861 remain.
2025-09-10 17:53:02,721 - INFO - ⚠️ 377 entries without a normalised PRODUCT-LV2.
2025-09-10 17:53:02,721 - INFO - Unique owners before manual dict: 301
2025-09-10 17:53:02,721 - INFO - Unique owners after manual dict: 277
2025-09-10 17:53:02,724 - INFO - Applied site merges to 13 rows.
2025-09-10 17:53:04,507 - INFO - Overwrote inst_canon with JV labels for 61 rows
2025-09-10 17:53:04,661 - INFO - Saving filtered output to storage/output/grouped-investments.xlsx
2025-09-10 17:53:04,834 - INFO - 🗑️ Cleared existing facilities from MongoDB.
2025-09-10 17:53:05,314 - INFO - Saving a copy of facilities to Excel at storage/output/facilities.xlsx
2025-09-10 17:53:05,475 - INFO - Capacities: raw=440
2025-09-10 17:53:05,475 - INFO - Capacities: dedup=372 | grouped=350
2025-09-10 17:53:05,476 - INFO - Sample grouped capacities (5):
                          project_id product_lv1  capacity_normalized      status      phase       date               article_id    product_lv2
000bce41-78b7-5039-822b-3e45d76619a2        wind                0.015 operational    unclear 2025-06-01 684ebaeffb4b25699262e371  (deployment,)
0375d3ef-e9b9-5e37-a7c1-9789f29fcacd       parts           160000.000 operational greenfield 2025-01-01 68a34fa055f8a4c6a03cb0d0             ()
0757a13a-19b1-50dc-bd18-64edbcf5fbde    hydrogen                  NaN   announced greenfield 2023-05-01 67fa627c38fb90ab92f8c201             ()
0783ffae-4c4e-5feb-a6ce-b096111862ff     battery                0.150   announced greenfield 2025-06-01 684ebb4ef52f96b4e9dd75e6 (module_pack,)
086af41b-ca24-5e40-81a1-f0ffe0fc3c1e       solar                0.100   announced greenfield 2024-12-01 67fa7c87eaa4fb525afeb7ea  (deployment,)
2025-09-10 17:53:05,477 - INFO - applies_to distribution: {'mix': 282, 'electric': 66, 'fossil': 2}
2025-09-10 17:53:05,498 - INFO - Number of raw capacities: 440
2025-09-10 17:53:05,498 - INFO - 📅 Unique capacities after dedup (earliest per tuple): 372
2025-09-10 17:53:05,608 - INFO - Investments: raw=861 | dedup=671 | grouped=617
2025-09-10 17:53:05,641 - INFO - 📈 Investment events attached (projects): 398
2025-09-10 17:53:05,660 - INFO - Facilities before filter: 1572 | inserted with capacities: 426 | skipped (non-vehicle, no capacities): 1062 | vehicles with caps: 50 | vehicles without caps (inserted): 84
2025-09-10 17:53:08,051 - INFO - ✅ Inserted 510 facilities into MongoDB with 372 unique capacity entries and 671 unique investment entries (~852 total events attached).
2025-09-10 17:53:08,059 - INFO - 🧮 Determining phase summaries
2025-09-10 17:53:08,141 - INFO - 🚀 Starting summary updates for main, greenfield and expansion...
