2025-08-19 13:44:14,254 - INFO - Updating mongo-metadata is set to True
2025-08-19 13:44:14,254 - INFO - 🌎 Querying geonames...
2025-08-19 13:44:15,357 - INFO - 📦 Loaded 1394 existing (country, city_key) pairs from MongoDB.
2025-08-19 13:44:16,311 - INFO - 📰 Scanned 2000 article(s) with factory nodes.
2025-08-19 13:44:16,311 - INFO - 🧹 Identified 1174 new (country, city) pairs to query. Example three: [('United Kingdom', 'flotta'), ('United Kingdom', 'west_dunbartonshire'), ('United States', 'warren')]
2025-08-19 13:45:29,819 - WARNING - [GeoNames 19] the hourly limit of 1000 credits for chiarastrama has been exceeded. Please throttle your requests or use the commercial service.
2025-08-19 13:45:29,993 - WARNING - [GeoNames 19] the hourly limit of 1000 credits for chiarastrama has been exceeded. Please throttle your requests or use the commercial service.
2025-08-19 13:45:30,149 - WARNING - [GeoNames 19] the hourly limit of 1000 credits for chiarastrama has been exceeded. Please throttle your requests or use the commercial service.
2025-08-19 13:45:30,288 - WARNING - [GeoNames 19] the hourly limit of 1000 credits for chiarastrama has been exceeded. Please throttle your requests or use the commercial service.
2025-08-19 13:45:30,441 - WARNING - [GeoNames 19] the hourly limit of 1000 credits for chiarastrama has been exceeded. Please throttle your requests or use the commercial service.
2025-08-19 13:45:30,576 - WARNING - [GeoNames 19] the hourly limit of 1000 credits for chiarastrama has been exceeded. Please throttle your requests or use the commercial service.
2025-08-19 13:45:30,727 - WARNING - [GeoNames 19] the hourly limit of 1000 credits for chiarastrama has been exceeded. Please throttle your requests or use the commercial service.
2025-08-19 13:45:30,895 - WARNING - [GeoNames 19] the hourly limit of 1000 credits for chiarastrama has been exceeded. Please throttle your requests or use the commercial service.
2025-08-19 13:45:31,064 - WARNING - [GeoNames 19] the hourly limit of 1000 credits for chiarastrama has been exceeded. Please throttle your requests or use the commercial service.
2025-08-19 13:45:31,218 - WARNING - [GeoNames 19] the hourly limit of 1000 credits for chiarastrama has been exceeded. Please throttle your requests or use the commercial service.
2025-08-19 13:45:31,408 - WARNING - [GeoNames 19] the hourly limit of 1000 credits for chiarastrama has been exceeded. Please throttle your requests or use the commercial service.
2025-08-19 13:45:31,576 - WARNING - [GeoNames 19] the hourly limit of 1000 credits for chiarastrama has been exceeded. Please throttle your requests or use the commercial service.
2025-08-19 13:45:31,736 - WARNING - [GeoNames 19] the hourly limit of 1000 credits for chiarastrama has been exceeded. Please throttle your requests or use the commercial service.
2025-08-19 13:45:31,877 - WARNING - [GeoNames 19] the hourly limit of 1000 credits for chiarastrama has been exceeded. Please throttle your requests or use the commercial service.
2025-08-19 13:45:32,009 - WARNING - [GeoNames 19] the hourly limit of 1000 credits for chiarastrama has been exceeded. Please throttle your requests or use the commercial service.
2025-08-19 13:45:32,147 - WARNING - [GeoNames 19] the hourly limit of 1000 credits for chiarastrama has been exceeded. Please throttle your requests or use the commercial service.
2025-08-19 13:45:32,361 - WARNING - [GeoNames 19] the hourly limit of 1000 credits for chiarastrama has been exceeded. Please throttle your requests or use the commercial service.
2025-08-19 13:45:32,518 - WARNING - [GeoNames 19] the hourly limit of 1000 credits for chiarastrama has been exceeded. Please throttle your requests or use the commercial service.
