2025-08-18 15:56:43,982 - INFO - Updating mongo-metadata is set to True
2025-08-18 15:56:43,982 - INFO - 🕴️Normalising companies...
2025-08-18 15:56:45,224 - INFO - 🔢 19154 company or joint_venture nodes present
2025-08-18 15:56:45,224 - INFO - 🟢 of which 19130 already have name_canon. 24 need processing
2025-08-18 15:56:45,619 - INFO - 44 updates to be committed to mongoDB.
2025-08-18 15:56:50,412 - INFO - Batch 0: matched 1014, modified 47
2025-08-18 15:56:50,413 - INFO - 🌎 Querying geonames...
2025-08-18 15:56:50,832 - INFO - 📦 Loaded 1921 existing (country, city_key) pairs from MongoDB.
2025-08-18 15:56:53,870 - INFO - 📰 Scanned 10000 article(s) with factory nodes.
2025-08-18 15:56:53,870 - INFO - 🧹 Identified 2904 new (country, city) pairs to query. Example three: [('Peru', 'majes'), ('China', 'taiyuan'), ('Australia', 'port_pirie')]
2025-08-18 15:56:54,202 - INFO - 📭 No new updates to write.
2025-08-18 15:56:54,203 - INFO - 🗞️ Flattening articles...
2025-08-18 15:57:29,445 - INFO - 💾 Saved nodes to storage/output/all_nodes.xlsx
2025-08-18 15:57:29,446 - INFO - 💾 Saved relationships to storage/output/all_rels.xlsx
2025-08-18 15:57:29,532 - INFO - 🉑 Merging nodes and relationships...
2025-08-18 15:57:45,291 - INFO - 💾 Saved factory-technology graph segment to storage/output/factory-technological.xlsx
2025-08-18 15:57:45,311 - INFO - Normalising capacities
2025-08-18 15:57:47,270 - INFO - Capacity rows: 9439 | failed: 633 (6.7%)
2025-08-18 15:57:47,271 - INFO - normalization_case
normalize:fallback:keep-metric       3243
normalize:default:gigawatt           2658
normalize:default:gigawatt hour      1388
normalize:vehicle:missing            1098
fallback:missing-metric               595
normalize:default:tonne               336
normalize:invalid-input                38
normalize:battery:energy-metric        37
normalize:battery:keyword:vehicle      23
normalize:battery:keyword:ev           13
normalize:battery:keyword:car          10
2025-08-18 15:57:49,649 - INFO - 🫂 Grouping projects...
2025-08-18 15:57:50,633 - INFO - Found 2594 rows:
2025-08-18 15:57:50,634 - INFO - ⚠️ 355 entries without CITY are dropped, rows reduced to 2239.
2025-08-18 15:57:50,635 - INFO - Missing counts: adm1            581
inst_canon        0
product_lv1     530
product_lv2    1095
dtype: int64
2025-08-18 15:57:50,635 - INFO - ⚠️  1303 rows dropped because of missing values; 1291 remain.
2025-08-18 15:57:50,636 - INFO - Unique owners before manual dict: 393
2025-08-18 15:57:50,636 - INFO - Unique owners after manual dict: 365
2025-08-18 15:57:52,430 - INFO - Saving filtered output to storage/output/filtered_projects.xlsx
2025-08-18 15:57:52,430 - INFO - 🏭 Importing facilities
2025-08-18 15:57:52,602 - INFO - 🗑️ Cleared existing facilities from MongoDB.
2025-08-18 15:57:52,733 - INFO - Saving a copy of facilities to Excel at storage/output/facilities.xlsx
2025-08-18 15:57:52,811 - INFO - Number of raw capacities - 1291
2025-08-18 15:57:52,811 - INFO - 📅 Unique capacities remaining after deduplication (keeping earliest date): 883
2025-08-18 15:57:52,822 - WARNING - bbox missing required keys. Available: []
2025-08-18 15:57:55,641 - INFO - ✅ Inserted 490 facilities into MongoDB, with 883 capacities.
2025-08-18 15:57:55,644 - INFO - 🧮 Determining phase summaries
2025-08-18 15:57:55,717 - INFO - 🚀 Starting summary updates for greenfield and expansion...
2025-08-18 15:57:57,726 - INFO - ✅ Updated summaries for 444 facilities.
2025-08-18 15:57:57,727 - INFO - Outputting clean capacities summary data
2025-08-18 15:57:59,870 - INFO - Total pipeline time: 1.26 minutes
