2025-08-07 19:46:04,607 - INFO - Updating mongo-metadata is set to True
2025-08-07 19:46:05,705 - INFO - 📦 Loaded 936 existing (country, city_key) pairs from MongoDB.
2025-08-07 19:46:07,090 - INFO - 📰 Found 4778 article(s) containing factory nodes.
2025-08-07 19:46:07,112 - WARNING - [standardize_country] country lookup failed for “asia”
2025-08-07 19:46:07,116 - WARNING - [standardize_country] country lookup failed for “unclear”
2025-08-07 19:46:07,121 - WARNING - [standardize_country] country lookup failed for “europe”
2025-08-07 19:46:07,130 - WARNING - [standardize_country] country lookup failed for “sweden or finland”
2025-08-07 19:46:07,160 - WARNING - [standardize_country] country lookup failed for “northern macedonia”
2025-08-07 19:46:07,165 - WARNING - [standardize_country] country lookup failed for “eastern europe”
2025-08-07 19:46:07,170 - WARNING - [standardize_country] country lookup failed for “bavaria, germany”
2025-08-07 19:46:07,174 - WARNING - [standardize_country] country lookup failed for “china, mexico, poland, india”
2025-08-07 19:46:07,193 - WARNING - [standardize_country] country lookup failed for “germany, poland, or hungary”
2025-08-07 19:46:07,198 - WARNING - [standardize_country] country lookup failed for “democratic republic of congo”
2025-08-07 19:46:07,203 - WARNING - [standardize_country] country lookup failed for “germany-dutch”
2025-08-07 19:46:07,221 - WARNING - [standardize_country] country lookup failed for “north america”
2025-08-07 19:46:07,226 - WARNING - [standardize_country] country lookup failed for “eu and uk”
2025-08-07 19:46:07,231 - WARNING - [standardize_country] country lookup failed for “mexico, usa or canada”
2025-08-07 19:46:07,237 - WARNING - [standardize_country] country lookup failed for “western europe”
2025-08-07 19:46:07,246 - WARNING - [standardize_country] country lookup failed for “mainland europe”
2025-08-07 19:46:07,250 - WARNING - [standardize_country] country lookup failed for “central or eastern europe”
2025-08-07 19:46:07,255 - WARNING - [standardize_country] country lookup failed for “sardinia”
2025-08-07 19:46:07,269 - WARNING - [standardize_country] country lookup failed for “bosnia-herzegovina”
2025-08-07 19:46:07,278 - WARNING - [standardize_country] country lookup failed for “morocoo”
2025-08-07 19:46:07,278 - INFO - 🧹 Identified 803 new (country, city) pairs to query. Example three:
2025-08-07 19:46:07,279 - INFO - [('Poland', 'kamenz'), ('United Kingdom', 'devon'), ('United Kingdom', 'darlaston')]
2025-08-07 19:46:07,479 - WARNING - [GeoNames 19] the hourly limit of 1000 credits for chiarastrama has been exceeded. Please throttle your requests or use the commercial service.
2025-08-07 19:46:07,643 - WARNING - [GeoNames 19] the hourly limit of 1000 credits for chiarastrama has been exceeded. Please throttle your requests or use the commercial service.
2025-08-07 19:46:07,779 - WARNING - [GeoNames 19] the hourly limit of 1000 credits for chiarastrama has been exceeded. Please throttle your requests or use the commercial service.
2025-08-07 19:46:07,930 - WARNING - [GeoNames 19] the hourly limit of 1000 credits for chiarastrama has been exceeded. Please throttle your requests or use the commercial service.
2025-08-07 19:46:08,061 - WARNING - [GeoNames 19] the hourly limit of 1000 credits for chiarastrama has been exceeded. Please throttle your requests or use the commercial service.
2025-08-07 19:46:08,197 - WARNING - [GeoNames 19] the hourly limit of 1000 credits for chiarastrama has been exceeded. Please throttle your requests or use the commercial service.
2025-08-07 19:46:08,349 - WARNING - [GeoNames 19] the hourly limit of 1000 credits for chiarastrama has been exceeded. Please throttle your requests or use the commercial service.
2025-08-07 19:46:10,561 - WARNING - [GeoNames 19] the hourly limit of 1000 credits for chiarastrama has been exceeded. Please throttle your requests or use the commercial service.
2025-08-07 19:46:10,699 - WARNING - [GeoNames 19] the hourly limit of 1000 credits for chiarastrama has been exceeded. Please throttle your requests or use the commercial service.
2025-08-07 19:46:10,864 - WARNING - [GeoNames 19] the hourly limit of 1000 credits for chiarastrama has been exceeded. Please throttle your requests or use the commercial service.
2025-08-07 19:46:10,992 - WARNING - [GeoNames 19] the hourly limit of 1000 credits for chiarastrama has been exceeded. Please throttle your requests or use the commercial service.
2025-08-07 19:46:11,141 - WARNING - [GeoNames 19] the hourly limit of 1000 credits for chiarastrama has been exceeded. Please throttle your requests or use the commercial service.
2025-08-07 19:46:11,305 - WARNING - [GeoNames 19] the hourly limit of 1000 credits for chiarastrama has been exceeded. Please throttle your requests or use the commercial service.
2025-08-07 19:46:11,448 - WARNING - [GeoNames 19] the hourly limit of 1000 credits for chiarastrama has been exceeded. Please throttle your requests or use the commercial service.
2025-08-07 19:46:11,595 - WARNING - [GeoNames 19] the hourly limit of 1000 credits for chiarastrama has been exceeded. Please throttle your requests or use the commercial service.
2025-08-07 19:46:11,743 - WARNING - [GeoNames 19] the hourly limit of 1000 credits for chiarastrama has been exceeded. Please throttle your requests or use the commercial service.
2025-08-07 19:46:11,872 - WARNING - [GeoNames 19] the hourly limit of 1000 credits for chiarastrama has been exceeded. Please throttle your requests or use the commercial service.
2025-08-07 19:46:12,015 - WARNING - [GeoNames 19] the hourly limit of 1000 credits for chiarastrama has been exceeded. Please throttle your requests or use the commercial service.
2025-08-07 19:46:12,174 - WARNING - [GeoNames 19] the hourly limit of 1000 credits for chiarastrama has been exceeded. Please throttle your requests or use the commercial service.
2025-08-07 19:46:12,344 - WARNING - [GeoNames 19] the hourly limit of 1000 credits for chiarastrama has been exceeded. Please throttle your requests or use the commercial service.
2025-08-07 19:46:12,514 - WARNING - [GeoNames 19] the hourly limit of 1000 credits for chiarastrama has been exceeded. Please throttle your requests or use the commercial service.
2025-08-07 19:46:12,656 - WARNING - [GeoNames 19] the hourly limit of 1000 credits for chiarastrama has been exceeded. Please throttle your requests or use the commercial service.
2025-08-07 19:46:12,812 - WARNING - [GeoNames 19] the hourly limit of 1000 credits for chiarastrama has been exceeded. Please throttle your requests or use the commercial service.
2025-08-07 19:46:12,962 - WARNING - [GeoNames 19] the hourly limit of 1000 credits for chiarastrama has been exceeded. Please throttle your requests or use the commercial service.
2025-08-07 19:46:13,127 - WARNING - [GeoNames 19] the hourly limit of 1000 credits for chiarastrama has been exceeded. Please throttle your requests or use the commercial service.
2025-08-07 19:46:13,306 - WARNING - [GeoNames 19] the hourly limit of 1000 credits for chiarastrama has been exceeded. Please throttle your requests or use the commercial service.
2025-08-07 19:46:13,454 - WARNING - [GeoNames 19] the hourly limit of 1000 credits for chiarastrama has been exceeded. Please throttle your requests or use the commercial service.
2025-08-07 19:46:13,625 - WARNING - [GeoNames 19] the hourly limit of 1000 credits for chiarastrama has been exceeded. Please throttle your requests or use the commercial service.
2025-08-07 19:46:13,775 - WARNING - [GeoNames 19] the hourly limit of 1000 credits for chiarastrama has been exceeded. Please throttle your requests or use the commercial service.
2025-08-07 19:46:13,943 - WARNING - [GeoNames 19] the hourly limit of 1000 credits for chiarastrama has been exceeded. Please throttle your requests or use the commercial service.
2025-08-07 19:46:14,095 - WARNING - [GeoNames 19] the hourly limit of 1000 credits for chiarastrama has been exceeded. Please throttle your requests or use the commercial service.
2025-08-07 19:46:14,242 - WARNING - [GeoNames 19] the hourly limit of 1000 credits for chiarastrama has been exceeded. Please throttle your requests or use the commercial service.
2025-08-07 19:46:14,370 - WARNING - [GeoNames 19] the hourly limit of 1000 credits for chiarastrama has been exceeded. Please throttle your requests or use the commercial service.
2025-08-07 19:46:14,536 - WARNING - [GeoNames 19] the hourly limit of 1000 credits for chiarastrama has been exceeded. Please throttle your requests or use the commercial service.
2025-08-07 19:46:14,695 - WARNING - [GeoNames 19] the hourly limit of 1000 credits for chiarastrama has been exceeded. Please throttle your requests or use the commercial service.
2025-08-07 19:46:14,831 - WARNING - [GeoNames 19] the hourly limit of 1000 credits for chiarastrama has been exceeded. Please throttle your requests or use the commercial service.
2025-08-07 19:46:14,999 - WARNING - [GeoNames 19] the hourly limit of 1000 credits for chiarastrama has been exceeded. Please throttle your requests or use the commercial service.
2025-08-07 19:46:15,133 - WARNING - [GeoNames 19] the hourly limit of 1000 credits for chiarastrama has been exceeded. Please throttle your requests or use the commercial service.
2025-08-07 19:46:15,277 - WARNING - [GeoNames 19] the hourly limit of 1000 credits for chiarastrama has been exceeded. Please throttle your requests or use the commercial service.
2025-08-07 19:46:15,425 - WARNING - [GeoNames 19] the hourly limit of 1000 credits for chiarastrama has been exceeded. Please throttle your requests or use the commercial service.
2025-08-07 19:46:15,578 - WARNING - [GeoNames 19] the hourly limit of 1000 credits for chiarastrama has been exceeded. Please throttle your requests or use the commercial service.
2025-08-07 19:46:15,729 - WARNING - [GeoNames 19] the hourly limit of 1000 credits for chiarastrama has been exceeded. Please throttle your requests or use the commercial service.
2025-08-07 19:46:15,906 - WARNING - [GeoNames 19] the hourly limit of 1000 credits for chiarastrama has been exceeded. Please throttle your requests or use the commercial service.
2025-08-07 19:46:16,035 - WARNING - [GeoNames 19] the hourly limit of 1000 credits for chiarastrama has been exceeded. Please throttle your requests or use the commercial service.
2025-08-07 19:46:16,174 - WARNING - [GeoNames 19] the hourly limit of 1000 credits for chiarastrama has been exceeded. Please throttle your requests or use the commercial service.
2025-08-07 19:46:16,310 - WARNING - [GeoNames 19] the hourly limit of 1000 credits for chiarastrama has been exceeded. Please throttle your requests or use the commercial service.
2025-08-07 19:46:16,451 - WARNING - [GeoNames 19] the hourly limit of 1000 credits for chiarastrama has been exceeded. Please throttle your requests or use the commercial service.
2025-08-07 19:46:16,601 - WARNING - [GeoNames 19] the hourly limit of 1000 credits for chiarastrama has been exceeded. Please throttle your requests or use the commercial service.
2025-08-07 19:46:16,778 - WARNING - [GeoNames 19] the hourly limit of 1000 credits for chiarastrama has been exceeded. Please throttle your requests or use the commercial service.
2025-08-07 19:46:16,920 - WARNING - [GeoNames 19] the hourly limit of 1000 credits for chiarastrama has been exceeded. Please throttle your requests or use the commercial service.
2025-08-07 19:46:17,069 - WARNING - [GeoNames 19] the hourly limit of 1000 credits for chiarastrama has been exceeded. Please throttle your requests or use the commercial service.
2025-08-07 19:46:17,216 - WARNING - [GeoNames 19] the hourly limit of 1000 credits for chiarastrama has been exceeded. Please throttle your requests or use the commercial service.
2025-08-07 19:46:17,360 - WARNING - [GeoNames 19] the hourly limit of 1000 credits for chiarastrama has been exceeded. Please throttle your requests or use the commercial service.
2025-08-07 19:46:17,498 - WARNING - [GeoNames 19] the hourly limit of 1000 credits for chiarastrama has been exceeded. Please throttle your requests or use the commercial service.
2025-08-07 19:46:17,644 - WARNING - [GeoNames 19] the hourly limit of 1000 credits for chiarastrama has been exceeded. Please throttle your requests or use the commercial service.
2025-08-07 19:46:17,796 - WARNING - [GeoNames 19] the hourly limit of 1000 credits for chiarastrama has been exceeded. Please throttle your requests or use the commercial service.
2025-08-07 19:46:17,938 - WARNING - [GeoNames 19] the hourly limit of 1000 credits for chiarastrama has been exceeded. Please throttle your requests or use the commercial service.
2025-08-07 19:46:18,091 - WARNING - [GeoNames 19] the hourly limit of 1000 credits for chiarastrama has been exceeded. Please throttle your requests or use the commercial service.
2025-08-07 19:46:18,247 - WARNING - [GeoNames 19] the hourly limit of 1000 credits for chiarastrama has been exceeded. Please throttle your requests or use the commercial service.
2025-08-07 19:46:18,379 - WARNING - [GeoNames 19] the hourly limit of 1000 credits for chiarastrama has been exceeded. Please throttle your requests or use the commercial service.
2025-08-07 19:46:18,540 - WARNING - [GeoNames 19] the hourly limit of 1000 credits for chiarastrama has been exceeded. Please throttle your requests or use the commercial service.
