2025-09-10 18:28:27,237 - INFO - Updating mongo-metadata is set to False
2025-09-10 18:28:27,238 - INFO - 🗞️ Flattening articles...
2025-09-10 18:28:27,238 - INFO - 🉑 Merging nodes and relationships...
2025-09-10 18:28:43,060 - INFO - 💾 Saved geo_lookup to storage/output/geo_lookup.json
2025-09-10 18:28:45,404 - INFO - 💾 Saved: storage/output/factory_registry.xlsx
2025-09-10 18:29:00,766 - INFO - 💾 Saved geo_lookup to storage/output/geo_lookup.json
2025-09-10 18:29:01,981 - INFO - 💾 Saved: storage/output/factory-technological.xlsx
2025-09-10 18:29:17,194 - INFO - 💾 Saved geo_lookup to storage/output/geo_lookup.json
2025-09-10 18:29:17,505 - INFO - 💾 Saved: storage/output/company-joint-venture.xlsx
2025-09-10 18:29:32,660 - INFO - 💾 Saved geo_lookup to storage/output/geo_lookup.json
2025-09-10 18:29:33,638 - INFO - 💾 Saved: storage/output/investment-funds-factory.xlsx
2025-09-10 18:29:34,374 - INFO - Capacity rows: 2833 | failed: 248 (8.8%)
2025-09-10 18:29:34,375 - INFO - normalization_case
normalize:fallback:keep-metric                                  922
normalize:already-clean:gigawatt                                649
normalize:already-clean:gigawatt hour                           589
normalize:vehicle:missing                                       324
fallback:missing-metric                                         233
normalize:already-clean:tonne                                    32
normalize:battery:module_pack:battery systems->gigawatt hour     16
normalize:invalid-input                                          15
normalize:battery:energy-metric                                  15
normalize:battery:keyword:ev                                      9
normalize:battery:keyword:vehicle                                 8
normalize:battery:module_pack:battery modules->gigawatt hour      5
normalize:battery:module_pack:unit->gigawatt hour                 5
normalize:battery:module_pack:battery packs->gigawatt hour        5
normalize:battery:module_pack:batteries->gigawatt hour            4
normalize:battery:keyword:car                                     2
2025-09-10 18:29:35,156 - INFO - 🫂 Grouping projects...
2025-09-10 18:29:35,156 - INFO - Processing: storage/output/factory-technological-clean-capacities.xlsx → storage/output/grouped-capacities.xlsx
2025-09-10 18:29:35,546 - INFO - Found 2833 rows (EU only).
2025-09-10 18:29:35,554 - INFO - ⚠️ 749 rows lack an admin_group_key after applying per-country rules.
2025-09-10 18:29:35,554 - INFO - ⚠️ 10 entries without a normalised OWNER name are dropped.
2025-09-10 18:29:35,555 - INFO - Rows reduced to 2823 after dropping missing inst_canon.
2025-09-10 18:29:35,555 - INFO - ⚠️ 367 entries without CITY are dropped.
2025-09-10 18:29:35,556 - INFO - Rows reduced to 2456 after dropping missing city_key.
2025-09-10 18:29:35,556 - INFO - ⚠️ 380 entries without a geographic locator are dropped.
2025-09-10 18:29:35,557 - INFO - Rows reduced to 2076 after dropping missing admin_group_key.
2025-09-10 18:29:35,557 - INFO - ⚠️ 337 entries without a normalised PRODUCT-LV1 are dropped.
2025-09-10 18:29:35,557 - INFO - Rows reduced to 1739 after dropping missing product_lv1.
2025-09-10 18:29:35,557 - INFO - ⚠️ 1094 total rows dropped due to missing required fields; 1739 remain.
2025-09-10 18:29:35,557 - INFO - ⚠️ 615 entries without a normalised PRODUCT-LV2.
2025-09-10 18:29:35,557 - INFO - Unique owners before manual dict: 541
2025-09-10 18:29:35,558 - INFO - Unique owners after manual dict: 490
2025-09-10 18:29:35,564 - INFO - Applied site merges to 21 rows.
2025-09-10 18:29:37,602 - INFO - Overwrote inst_canon with JV labels for 123 rows
2025-09-10 18:29:37,862 - INFO - Saving filtered output to storage/output/grouped-capacities.xlsx
2025-09-10 18:29:37,863 - INFO - Processing: storage/output/factory_registry.xlsx → storage/output/grouped-factories.xlsx
2025-09-10 18:29:38,537 - INFO - Found 10719 rows (EU only).
2025-09-10 18:29:38,565 - INFO - ⚠️ 2508 rows lack an admin_group_key after applying per-country rules.
2025-09-10 18:29:38,565 - INFO - ⚠️ 36 entries without a normalised OWNER name are dropped.
2025-09-10 18:29:38,566 - INFO - Rows reduced to 10683 after dropping missing inst_canon.
2025-09-10 18:29:38,567 - INFO - ⚠️ 1217 entries without CITY are dropped.
2025-09-10 18:29:38,568 - INFO - Rows reduced to 9466 after dropping missing city_key.
2025-09-10 18:29:38,568 - INFO - ⚠️ 1287 entries without a geographic locator are dropped.
2025-09-10 18:29:38,569 - INFO - Rows reduced to 8179 after dropping missing admin_group_key.
2025-09-10 18:29:38,569 - INFO - ⚠️ 3830 entries without a normalised PRODUCT-LV1 are dropped.
2025-09-10 18:29:38,570 - INFO - Rows reduced to 4349 after dropping missing product_lv1.
2025-09-10 18:29:38,570 - INFO - ⚠️ 6370 total rows dropped due to missing required fields; 4349 remain.
2025-09-10 18:29:38,570 - INFO - ⚠️ 1960 entries without a normalised PRODUCT-LV2.
2025-09-10 18:29:38,571 - INFO - Unique owners before manual dict: 975
2025-09-10 18:29:38,572 - INFO - Unique owners after manual dict: 910
2025-09-10 18:29:38,586 - INFO - Applied site merges to 49 rows.
2025-09-10 18:29:40,646 - INFO - Overwrote inst_canon with JV labels for 231 rows
2025-09-10 18:29:41,192 - INFO - Saving filtered output to storage/output/grouped-factories.xlsx
2025-09-10 18:29:41,194 - INFO - Processing: storage/output/investment-funds-factory.xlsx → storage/output/grouped-investments.xlsx
2025-09-10 18:29:41,346 - INFO - Found 1805 rows (EU only).
2025-09-10 18:29:41,351 - INFO - ⚠️ 333 rows lack an admin_group_key after applying per-country rules.
2025-09-10 18:29:41,351 - INFO - ⚠️ 2 entries without a normalised OWNER name are dropped.
2025-09-10 18:29:41,351 - INFO - Rows reduced to 1803 after dropping missing inst_canon.
2025-09-10 18:29:41,351 - INFO - ⚠️ 133 entries without CITY are dropped.
2025-09-10 18:29:41,352 - INFO - Rows reduced to 1670 after dropping missing city_key.
2025-09-10 18:29:41,352 - INFO - ⚠️ 199 entries without a geographic locator are dropped.
2025-09-10 18:29:41,352 - INFO - Rows reduced to 1471 after dropping missing admin_group_key.
2025-09-10 18:29:41,352 - INFO - ⚠️ 610 entries without a normalised PRODUCT-LV1 are dropped.
2025-09-10 18:29:41,353 - INFO - Rows reduced to 861 after dropping missing product_lv1.
2025-09-10 18:29:41,353 - INFO - ⚠️ 944 total rows dropped due to missing required fields; 861 remain.
2025-09-10 18:29:41,353 - INFO - ⚠️ 377 entries without a normalised PRODUCT-LV2.
2025-09-10 18:29:41,353 - INFO - Unique owners before manual dict: 301
2025-09-10 18:29:41,353 - INFO - Unique owners after manual dict: 277
2025-09-10 18:29:41,356 - INFO - Applied site merges to 13 rows.
2025-09-10 18:29:43,248 - INFO - Overwrote inst_canon with JV labels for 61 rows
2025-09-10 18:29:43,377 - INFO - Saving filtered output to storage/output/grouped-investments.xlsx
2025-09-10 18:29:43,546 - INFO - 🗑️ Cleared existing facilities from MongoDB.
2025-09-10 18:29:44,034 - INFO - Saving a copy of facilities to Excel at storage/output/facilities.xlsx
2025-09-10 18:29:44,362 - INFO - Capacities: raw=1783
2025-09-10 18:29:44,362 - INFO - Capacities: dedup=1369 | grouped=1271
2025-09-10 18:29:44,363 - INFO - Sample grouped capacities (5):
                          project_id product_lv1  capacity_normalized             status      phase       date               article_id   product_lv2
000bce41-78b7-5039-822b-3e45d76619a2        wind                0.015        operational    unclear 2025-06-01 684ebaeffb4b25699262e371 (deployment,)
00f10e98-6a20-503d-8ade-f6c090947d33     battery                5.300 under construction  expansion 2021-09-01 68a1d9055ac9693745e0c271            ()
00f10e98-6a20-503d-8ade-f6c090947d33     battery                1.700          announced greenfield 2021-09-01 68a1d9055ac9693745e0c271            ()
00f10e98-6a20-503d-8ade-f6c090947d33     battery                4.000          announced  expansion 2021-09-01 68a1d9055ac9693745e0c271            ()
01f5fda5-9a1c-5692-bda9-b8356318d486    hydrogen               15.000        operational greenfield 2022-11-01 67fa62f638fb90ab92f8c389            ()
2025-09-10 18:29:44,363 - INFO - applies_to distribution: {'mix': 1117, 'electric': 151, 'fossil': 3}
2025-09-10 18:29:44,432 - INFO - Number of raw capacities: 1783
2025-09-10 18:29:44,432 - INFO - 📅 Unique capacities after dedup (earliest per tuple): 1369
2025-09-10 18:29:44,541 - INFO - Investments: raw=861 | dedup=671 | grouped=617
2025-09-10 18:29:44,573 - INFO - 📈 Investment events attached (projects): 398
2025-09-10 18:29:44,597 - INFO - Facilities before filter: 1572 | inserted with capacities: 808 | skipped (non-vehicle, no capacities): 714 | vehicles with caps: 84 | vehicles without caps (inserted): 50
2025-09-10 18:29:48,230 - INFO - ✅ Inserted 858 facilities into MongoDB with 1369 unique capacity entries and 671 unique investment entries (~1728 total events attached).
2025-09-10 18:29:48,241 - INFO - 🧮 Determining phase summaries
2025-09-10 18:29:48,312 - INFO - 🚀 Starting summary updates for main, greenfield and expansion...
2025-09-10 18:29:51,420 - INFO - ✅ Updated summaries for 678 facilities.
2025-09-10 18:29:51,422 - INFO - Outputting clean capacities summary data
2025-09-10 18:29:52,614 - INFO - Total pipeline time: 1.42 minutes
