2025-08-22 15:10:10,296 - INFO - Updating mongo-metadata is set to False
2025-08-22 15:10:10,297 - INFO - 🫂 Grouping projects...
2025-08-22 15:10:10,666 - INFO - Found 2781 rows:
2025-08-22 15:10:10,668 - INFO - ⚠️ 366 entries without CITY are dropped, rows reduced to 2415.
2025-08-22 15:10:10,669 - INFO - Missing counts: adm1            381
inst_canon       24
product_lv1     609
product_lv2    1190
dtype: int64
2025-08-22 15:10:10,670 - INFO - ⚠️  1259 rows dropped because of missing values; 1522 remain.
2025-08-22 15:10:10,670 - INFO - Unique owners before manual dict: 463
2025-08-22 15:10:10,670 - INFO - Unique owners after manual dict: 425
2025-08-22 15:10:10,829 - INFO - JV owner block-merge: owners in data=425, owners in map=3143, JV groups=1218
2025-08-22 15:10:10,908 - INFO - Block-merge dedupe: dropped 385 exact duplicate rows on ('adm1', 'product_lv1', 'inst_canon', 'article_id')
2025-08-22 15:10:10,908 - INFO - JV owner block-merge summary: blocks=348, blocks_merged=21, owners_renamed=0, unique owners: 425 → 429
2025-08-22 15:10:10,909 - INFO - Owner merge within blocks: unique inst_canon 425 → 429
2025-08-22 15:10:13,013 - INFO - Saving filtered output to storage/output/filtered_projects.xlsx
2025-08-22 15:10:13,013 - INFO - 🏭 Importing facilities
2025-08-22 15:10:13,189 - INFO - 🗑️ Cleared existing facilities from MongoDB.
2025-08-22 15:10:13,291 - INFO - Saving a copy of facilities to Excel at storage/output/facilities.xlsx
2025-08-22 15:10:13,379 - INFO - Number of raw capacities - 1137
2025-08-22 15:10:13,379 - INFO - 📅 Unique capacities remaining after deduplication (keeping earliest date): 873
2025-08-22 15:10:13,392 - WARNING - bbox missing required keys. Available: []
2025-08-22 15:10:15,940 - INFO - ✅ Inserted 567 facilities into MongoDB, with 873 capacities.
2025-08-22 15:10:15,943 - INFO - 🧮 Determining phase summaries
2025-08-22 15:10:16,027 - INFO - 🚀 Starting summary updates for main, greenfield and expansion...
2025-08-22 15:10:19,389 - INFO - ✅ Updated summaries for 566 facilities.
2025-08-22 15:10:19,390 - INFO - Outputting clean capacities summary data
2025-08-22 15:10:20,318 - INFO - Total pipeline time: 0.17 minutes
