2025-08-08 17:02:21,197 - INFO - Updating mongo-metadata is set to True
2025-08-08 17:02:21,197 - INFO - 🌎 Querying geonames...
2025-08-08 17:02:22,133 - INFO - 📦 Loaded 752 existing (country, city_key) pairs from MongoDB.
2025-08-08 17:02:22,756 - INFO - 📰 Scanned 213 article(s) with factory nodes.
2025-08-08 17:02:22,756 - INFO - 🧹 Identified 173 new (country, city) pairs to query. Example three: [('United States', 'dalton'), ('United States', 'sullivan_county'), ('United States', 'houston')]
2025-08-08 17:02:22,777 - INFO - 📭 No new updates to write.
2025-08-08 17:02:22,777 - INFO - 🗞️ Flattening articles...
2025-08-08 17:02:44,285 - INFO - 💾 Saved nodes to storage/output/all_nodes.xlsx
2025-08-08 17:02:44,286 - INFO - 💾 Saved relationships to storage/output/all_rels.xlsx
2025-08-08 17:02:44,325 - INFO - 🉑 Merging nodes and relationships...
2025-08-08 17:02:52,030 - INFO - 💾 Saved factory-technology graph segment to storage/output/factory-technological.xlsx
2025-08-08 17:02:52,038 - INFO - Normalising capacities
2025-08-08 17:02:52,705 - INFO - CASE 2 triggered: ''
2025-08-08 17:02:52,705 - INFO - CASE 1 triggered
2025-08-08 17:02:52,706 - INFO - CASE 2 triggered: ''
2025-08-08 17:02:52,706 - INFO - CASE 1 triggered
2025-08-08 17:02:52,706 - INFO - CASE 2 triggered: ''
2025-08-08 17:02:52,706 - INFO - CASE 1 triggered
2025-08-08 17:02:52,706 - INFO - CASE 1 triggered
2025-08-08 17:02:52,706 - INFO - CASE 2 triggered: 'evs'
2025-08-08 17:02:52,707 - INFO - CASE 1 triggered
2025-08-08 17:02:52,707 - INFO - CASE 2 triggered: 'evs'
2025-08-08 17:02:52,707 - INFO - CASE 2 triggered: ''
2025-08-08 17:02:52,707 - INFO - CASE 1 triggered
2025-08-08 17:02:52,707 - INFO - CASE 2 triggered: ''
2025-08-08 17:02:52,707 - INFO - CASE 2 triggered: 'ev and 180,000 phev'
2025-08-08 17:02:52,709 - INFO - CASE 2 triggered: ''
2025-08-08 17:02:52,709 - INFO - CASE 1 triggered
2025-08-08 17:02:52,709 - INFO - CASE 1 triggered
2025-08-08 17:02:52,710 - INFO - CASE 2 triggered: ''
2025-08-08 17:02:52,710 - INFO - CASE 1 triggered
2025-08-08 17:02:52,710 - INFO - CASE 2 triggered: ''
2025-08-08 17:02:52,710 - INFO - CASE 1 triggered
2025-08-08 17:02:52,710 - INFO - CASE 2 triggered: ''
2025-08-08 17:02:52,710 - INFO - CASE 1 triggered
2025-08-08 17:02:52,714 - INFO - CASE 2 triggered: 'megawatts'
2025-08-08 17:02:52,714 - INFO - CASE 1 triggered
2025-08-08 17:02:52,715 - INFO - CASE 2 triggered: ''
2025-08-08 17:02:52,715 - INFO - CASE 1 triggered
2025-08-08 17:02:52,715 - INFO - CASE 2 triggered: ''
2025-08-08 17:02:52,715 - INFO - CASE 1 triggered
2025-08-08 17:02:52,715 - INFO - CASE 2 triggered: ''
2025-08-08 17:02:52,715 - INFO - CASE 1 triggered
2025-08-08 17:02:52,717 - INFO - CASE 2 triggered: ''
2025-08-08 17:02:52,717 - INFO - CASE 1 triggered
2025-08-08 17:02:52,718 - INFO - CASE 2 triggered: ''
2025-08-08 17:02:52,718 - INFO - CASE 1 triggered
2025-08-08 17:02:52,718 - INFO - CASE 2 triggered: ''
2025-08-08 17:02:52,718 - INFO - CASE 1 triggered
2025-08-08 17:02:52,718 - INFO - CASE 2 triggered: ''
2025-08-08 17:02:52,718 - INFO - CASE 1 triggered
2025-08-08 17:02:52,718 - INFO - CASE 2 triggered: ''
2025-08-08 17:02:52,718 - INFO - CASE 1 triggered
2025-08-08 17:02:52,718 - INFO - CASE 2 triggered: ''
2025-08-08 17:02:52,718 - INFO - CASE 1 triggered
2025-08-08 17:02:52,718 - INFO - CASE 2 triggered: ''
2025-08-08 17:02:52,718 - INFO - CASE 1 triggered
2025-08-08 17:02:52,718 - INFO - CASE 2 triggered: ''
2025-08-08 17:02:52,718 - INFO - CASE 1 triggered
2025-08-08 17:02:52,718 - INFO - CASE 2 triggered: ''
2025-08-08 17:02:52,718 - INFO - CASE 1 triggered
2025-08-08 17:02:52,718 - INFO - CASE 2 triggered: ''
2025-08-08 17:02:52,718 - INFO - CASE 1 triggered
2025-08-08 17:02:52,718 - INFO - CASE 2 triggered: ''
2025-08-08 17:02:52,718 - INFO - CASE 1 triggered
2025-08-08 17:02:52,718 - INFO - CASE 2 triggered: ''
2025-08-08 17:02:52,718 - INFO - CASE 1 triggered
2025-08-08 17:02:52,718 - INFO - CASE 2 triggered: ''
2025-08-08 17:02:52,718 - INFO - CASE 1 triggered
2025-08-08 17:02:52,719 - INFO - CASE 2 triggered: ''
2025-08-08 17:02:52,719 - INFO - CASE 1 triggered
2025-08-08 17:02:52,719 - INFO - CASE 2 triggered: ''
2025-08-08 17:02:52,719 - INFO - CASE 1 triggered
2025-08-08 17:02:52,719 - INFO - CASE 2 triggered: ''
2025-08-08 17:02:52,719 - INFO - CASE 1 triggered
2025-08-08 17:02:52,719 - INFO - CASE 2 triggered: ''
2025-08-08 17:02:52,719 - INFO - CASE 1 triggered
2025-08-08 17:02:52,719 - INFO - CASE 2 triggered: ''
2025-08-08 17:02:52,719 - INFO - CASE 1 triggered
2025-08-08 17:02:52,719 - INFO - CASE 2 triggered: ''
2025-08-08 17:02:52,719 - INFO - CASE 1 triggered
2025-08-08 17:02:52,719 - INFO - CASE 2 triggered: ''
2025-08-08 17:02:52,719 - INFO - CASE 1 triggered
2025-08-08 17:02:52,719 - INFO - CASE 2 triggered: ''
2025-08-08 17:02:52,719 - INFO - CASE 1 triggered
2025-08-08 17:02:52,719 - INFO - CASE 2 triggered: ''
2025-08-08 17:02:52,720 - INFO - CASE 1 triggered
2025-08-08 17:02:52,720 - INFO - CASE 2 triggered: ''
2025-08-08 17:02:52,720 - INFO - CASE 1 triggered
2025-08-08 17:02:52,720 - INFO - CASE 2 triggered: ''
2025-08-08 17:02:52,720 - INFO - CASE 1 triggered
2025-08-08 17:02:52,721 - INFO - CASE 1 triggered
2025-08-08 17:02:52,721 - INFO - CASE 1 triggered
2025-08-08 17:02:52,721 - INFO - CASE 2 triggered: ''
2025-08-08 17:02:52,721 - INFO - CASE 1 triggered
2025-08-08 17:02:52,721 - INFO - CASE 2 triggered: ''
2025-08-08 17:02:52,722 - INFO - CASE 1 triggered
2025-08-08 17:02:52,723 - INFO - CASE 2 triggered: ''
2025-08-08 17:02:52,723 - INFO - CASE 1 triggered
2025-08-08 17:02:52,723 - INFO - CASE 2 triggered: ''
2025-08-08 17:02:52,723 - INFO - CASE 1 triggered
2025-08-08 17:02:52,723 - INFO - CASE 2 triggered: ''
2025-08-08 17:02:52,723 - INFO - CASE 1 triggered
2025-08-08 17:02:52,724 - INFO - CASE 2 triggered: ''
2025-08-08 17:02:52,724 - INFO - CASE 1 triggered
2025-08-08 17:02:52,724 - INFO - CASE 2 triggered: ''
2025-08-08 17:02:52,724 - INFO - CASE 1 triggered
2025-08-08 17:02:52,724 - INFO - CASE 2 triggered: 'electric cars'
2025-08-08 17:02:52,725 - INFO - CASE 2 triggered: 'cars'
2025-08-08 17:02:52,725 - INFO - CASE 2 triggered: ''
2025-08-08 17:02:52,725 - INFO - CASE 1 triggered
2025-08-08 17:02:52,725 - INFO - CASE 2 triggered: 'integrated charging control'
2025-08-08 17:02:52,725 - INFO - CASE 1 triggered
2025-08-08 17:02:52,725 - INFO - CASE 2 triggered: ''
2025-08-08 17:02:52,725 - INFO - CASE 1 triggered
2025-08-08 17:02:52,726 - INFO - CASE 2 triggered: ''
2025-08-08 17:02:52,726 - INFO - CASE 1 triggered
2025-08-08 17:02:52,726 - INFO - CASE 2 triggered: ''
2025-08-08 17:02:52,727 - INFO - CASE 1 triggered
2025-08-08 17:02:52,727 - INFO - CASE 2 triggered: ''
2025-08-08 17:02:52,727 - INFO - CASE 1 triggered
2025-08-08 17:02:52,728 - INFO - CASE 1 triggered
2025-08-08 17:02:52,729 - INFO - CASE 2 triggered: ''
2025-08-08 17:02:52,729 - INFO - CASE 1 triggered
2025-08-08 17:02:52,729 - INFO - CASE 1 triggered
2025-08-08 17:02:52,729 - INFO - CASE 2 triggered: ''
2025-08-08 17:02:52,729 - INFO - CASE 1 triggered
2025-08-08 17:02:52,729 - INFO - CASE 2 triggered: ''
2025-08-08 17:02:52,729 - INFO - CASE 1 triggered
2025-08-08 17:02:52,729 - INFO - CASE 2 triggered: ''
2025-08-08 17:02:52,729 - INFO - CASE 1 triggered
2025-08-08 17:02:52,729 - INFO - CASE 2 triggered: ''
2025-08-08 17:02:52,729 - INFO - CASE 1 triggered
2025-08-08 17:02:52,729 - INFO - CASE 2 triggered: ''
2025-08-08 17:02:52,729 - INFO - CASE 1 triggered
2025-08-08 17:02:52,729 - INFO - CASE 2 triggered: ''
2025-08-08 17:02:52,730 - INFO - CASE 1 triggered
2025-08-08 17:02:52,730 - INFO - CASE 2 triggered: ''
2025-08-08 17:02:52,730 - INFO - CASE 1 triggered
2025-08-08 17:02:52,730 - INFO - CASE 2 triggered: ''
2025-08-08 17:02:52,730 - INFO - CASE 1 triggered
2025-08-08 17:02:52,731 - INFO - CASE 2 triggered: ''
2025-08-08 17:02:52,731 - INFO - CASE 1 triggered
2025-08-08 17:02:52,732 - INFO - CASE 2 triggered: ''
2025-08-08 17:02:52,732 - INFO - CASE 1 triggered
2025-08-08 17:02:52,732 - INFO - CASE 2 triggered: ''
2025-08-08 17:02:52,732 - INFO - CASE 1 triggered
2025-08-08 17:02:52,732 - INFO - CASE 2 triggered: ''
2025-08-08 17:02:52,732 - INFO - CASE 1 triggered
2025-08-08 17:02:52,732 - INFO - CASE 2 triggered: ''
2025-08-08 17:02:52,732 - INFO - CASE 1 triggered
2025-08-08 17:02:52,733 - INFO - CASE 2 triggered: ''
2025-08-08 17:02:52,733 - INFO - CASE 1 triggered
2025-08-08 17:02:52,733 - INFO - CASE 2 triggered: ''
2025-08-08 17:02:52,733 - INFO - CASE 1 triggered
2025-08-08 17:02:52,733 - INFO - CASE 2 triggered: ''
2025-08-08 17:02:52,733 - INFO - CASE 1 triggered
2025-08-08 17:02:52,734 - INFO - CASE 2 triggered: 'per model'
2025-08-08 17:02:52,734 - INFO - CASE 1 triggered
2025-08-08 17:02:52,734 - INFO - CASE 2 triggered: 'per model'
2025-08-08 17:02:52,734 - INFO - CASE 1 triggered
2025-08-08 17:02:52,735 - INFO - CASE 2 triggered: 'pilot'
2025-08-08 17:02:52,735 - INFO - CASE 1 triggered
2025-08-08 17:02:52,735 - INFO - CASE 2 triggered: 'pilot'
2025-08-08 17:02:52,735 - INFO - CASE 1 triggered
2025-08-08 17:02:52,735 - INFO - CASE 2 triggered: 'electric vehicles'
2025-08-08 17:02:52,735 - INFO - CASE 2 triggered: ''
2025-08-08 17:02:52,735 - INFO - CASE 1 triggered
2025-08-08 17:02:52,735 - INFO - CASE 2 triggered: 'tripled'
2025-08-08 17:02:52,735 - INFO - CASE 2 triggered: 'tripled'
2025-08-08 17:02:52,735 - INFO - CASE 1 triggered
2025-08-08 17:02:52,735 - INFO - CASE 2 triggered: 'tripled'
2025-08-08 17:02:52,735 - INFO - CASE 2 triggered: 'tripled'
2025-08-08 17:02:52,735 - INFO - CASE 1 triggered
2025-08-08 17:02:52,735 - INFO - CASE 2 triggered: ''
2025-08-08 17:02:52,735 - INFO - CASE 1 triggered
2025-08-08 17:02:52,736 - INFO - CASE 1 triggered
2025-08-08 17:02:52,737 - INFO - CASE 2 triggered: 'electric vehicles'
2025-08-08 17:02:52,737 - INFO - CASE 2 triggered: ''
2025-08-08 17:02:52,737 - INFO - CASE 1 triggered
2025-08-08 17:02:52,737 - INFO - CASE 1 triggered
2025-08-08 17:02:52,737 - INFO - CASE 2 triggered: 'evs'
2025-08-08 17:02:52,738 - INFO - CASE 2 triggered: ''
2025-08-08 17:02:52,738 - INFO - CASE 1 triggered
2025-08-08 17:02:52,738 - INFO - CASE 2 triggered: ''
2025-08-08 17:02:52,738 - INFO - CASE 1 triggered
2025-08-08 17:02:52,738 - INFO - CASE 2 triggered: ''
2025-08-08 17:02:52,738 - INFO - CASE 1 triggered
2025-08-08 17:02:52,739 - INFO - CASE 2 triggered: 'bevs'
2025-08-08 17:02:52,739 - INFO - CASE 2 triggered: 'bevs'
2025-08-08 17:02:52,739 - INFO - CASE 2 triggered: ''
2025-08-08 17:02:52,739 - INFO - CASE 1 triggered
2025-08-08 17:02:52,739 - INFO - CASE 2 triggered: ''
2025-08-08 17:02:52,739 - INFO - CASE 1 triggered
2025-08-08 17:02:52,739 - INFO - CASE 2 triggered: ''
2025-08-08 17:02:52,739 - INFO - CASE 1 triggered
2025-08-08 17:02:52,739 - INFO - CASE 2 triggered: ''
2025-08-08 17:02:52,739 - INFO - CASE 1 triggered
2025-08-08 17:02:52,739 - INFO - CASE 1 triggered
2025-08-08 17:02:52,740 - INFO - CASE 1 triggered
2025-08-08 17:02:52,740 - INFO - CASE 1 triggered
2025-08-08 17:02:52,740 - INFO - CASE 2 triggered: ''
2025-08-08 17:02:52,740 - INFO - CASE 1 triggered
2025-08-08 17:02:52,740 - INFO - CASE 1 triggered
2025-08-08 17:02:52,740 - INFO - CASE 2 triggered: ''
2025-08-08 17:02:52,740 - INFO - CASE 1 triggered
2025-08-08 17:02:52,741 - INFO - CASE 2 triggered: 'samples'
2025-08-08 17:02:52,741 - INFO - CASE 1 triggered
2025-08-08 17:02:52,742 - INFO - CASE 1 triggered
2025-08-08 17:02:52,742 - INFO - CASE 2 triggered: ''
2025-08-08 17:02:52,742 - INFO - CASE 1 triggered
2025-08-08 17:02:52,742 - INFO - CASE 2 triggered: 'square metres'
2025-08-08 17:02:52,742 - INFO - CASE 2 triggered: 'square metres'
2025-08-08 17:02:52,742 - INFO - CASE 1 triggered
2025-08-08 17:02:52,742 - INFO - CASE 2 triggered: 'square metres'
2025-08-08 17:02:52,742 - INFO - CASE 2 triggered: 'square metres'
2025-08-08 17:02:52,742 - INFO - CASE 1 triggered
2025-08-08 17:02:52,742 - INFO - CASE 2 triggered: 'square metres'
2025-08-08 17:02:52,742 - INFO - CASE 2 triggered: 'square metres'
2025-08-08 17:02:52,742 - INFO - CASE 1 triggered
2025-08-08 17:02:52,742 - INFO - CASE 2 triggered: 'square metres'
2025-08-08 17:02:52,742 - INFO - CASE 2 triggered: 'square metres'
2025-08-08 17:02:52,742 - INFO - CASE 1 triggered
2025-08-08 17:02:52,742 - INFO - CASE 2 triggered: 'square metres'
2025-08-08 17:02:52,742 - INFO - CASE 2 triggered: 'square metres'
2025-08-08 17:02:52,742 - INFO - CASE 1 triggered
2025-08-08 17:02:52,743 - INFO - CASE 2 triggered: 'square metres'
2025-08-08 17:02:52,743 - INFO - CASE 2 triggered: 'square metres'
2025-08-08 17:02:52,743 - INFO - CASE 1 triggered
2025-08-08 17:02:52,743 - INFO - CASE 2 triggered: 'square metres'
2025-08-08 17:02:52,743 - INFO - CASE 2 triggered: 'square metres'
2025-08-08 17:02:52,743 - INFO - CASE 1 triggered
2025-08-08 17:02:52,743 - INFO - CASE 2 triggered: ''
2025-08-08 17:02:52,743 - INFO - CASE 2 triggered: ''
2025-08-08 17:02:52,743 - INFO - CASE 1 triggered
2025-08-08 17:02:52,744 - INFO - CASE 1 triggered
2025-08-08 17:02:52,744 - INFO - CASE 2 triggered: ''
2025-08-08 17:02:52,744 - INFO - CASE 2 triggered: ''
2025-08-08 17:02:52,744 - INFO - CASE 1 triggered
2025-08-08 17:02:52,744 - INFO - CASE 1 triggered
2025-08-08 17:02:52,745 - INFO - CASE 1 triggered
2025-08-08 17:02:52,746 - INFO - CASE 2 triggered: ''
2025-08-08 17:02:52,746 - INFO - CASE 2 triggered: ''
2025-08-08 17:02:52,746 - INFO - CASE 2 triggered: 'square metres'
2025-08-08 17:02:52,746 - INFO - CASE 2 triggered: 'square metres'
2025-08-08 17:02:52,746 - INFO - CASE 1 triggered
2025-08-08 17:02:52,746 - INFO - CASE 2 triggered: 'square metres'
2025-08-08 17:02:52,746 - INFO - CASE 2 triggered: 'square metres'
2025-08-08 17:02:52,746 - INFO - CASE 1 triggered
2025-08-08 17:02:52,746 - INFO - CASE 2 triggered: 'square metres'
2025-08-08 17:02:52,746 - INFO - CASE 2 triggered: 'square metres'
2025-08-08 17:02:52,746 - INFO - CASE 1 triggered
2025-08-08 17:02:52,746 - INFO - CASE 2 triggered: 'square metres'
2025-08-08 17:02:52,746 - INFO - CASE 2 triggered: 'square metres'
2025-08-08 17:02:52,746 - INFO - CASE 1 triggered
2025-08-08 17:02:52,747 - INFO - CASE 2 triggered: 'jobs'
2025-08-08 17:02:52,747 - INFO - CASE 1 triggered
2025-08-08 17:02:52,747 - INFO - CASE 2 triggered: 'electric vehicles'
2025-08-08 17:02:52,747 - INFO - CASE 2 triggered: ''
2025-08-08 17:02:52,748 - INFO - CASE 2 triggered: ''
2025-08-08 17:02:52,748 - INFO - CASE 2 triggered: 'vehicles'
2025-08-08 17:02:52,748 - INFO - CASE 1 triggered
2025-08-08 17:02:52,748 - INFO - CASE 1 triggered
2025-08-08 17:02:52,749 - INFO - CASE 1 triggered
2025-08-08 17:02:52,749 - INFO - CASE 1 triggered
2025-08-08 17:02:52,749 - INFO - CASE 1 triggered
2025-08-08 17:02:52,749 - INFO - CASE 2 triggered: 'vehicles'
2025-08-08 17:02:52,749 - INFO - CASE 2 triggered: 'vehicles'
2025-08-08 17:02:52,750 - INFO - CASE 1 triggered
2025-08-08 17:02:52,750 - INFO - CASE 2 triggered: 'unclear'
2025-08-08 17:02:52,750 - INFO - CASE 1 triggered
2025-08-08 17:02:52,751 - INFO - CASE 2 triggered: 'square feet'
2025-08-08 17:02:52,751 - INFO - CASE 1 triggered
2025-08-08 17:02:52,751 - INFO - CASE 2 triggered: 'square feet'
2025-08-08 17:02:52,751 - INFO - CASE 1 triggered
2025-08-08 17:02:52,751 - INFO - CASE 2 triggered: 'millions'
2025-08-08 17:02:52,751 - INFO - CASE 2 triggered: 'millions'
2025-08-08 17:02:52,751 - INFO - CASE 1 triggered
2025-08-08 17:02:52,751 - INFO - CASE 2 triggered: ''
2025-08-08 17:02:52,752 - INFO - CASE 1 triggered
2025-08-08 17:02:52,752 - INFO - CASE 1 triggered
2025-08-08 17:02:52,752 - INFO - CASE 1 triggered
2025-08-08 17:02:52,753 - INFO - CASE 2 triggered: ''
2025-08-08 17:02:52,753 - INFO - CASE 1 triggered
2025-08-08 17:02:52,753 - INFO - CASE 2 triggered: ''
2025-08-08 17:02:52,753 - INFO - CASE 1 triggered
2025-08-08 17:02:52,754 - INFO - CASE 2 triggered: 'electric cars'
2025-08-08 17:02:52,754 - INFO - CASE 2 triggered: 'electric cars'
2025-08-08 17:02:52,754 - INFO - CASE 2 triggered: ''
2025-08-08 17:02:52,754 - INFO - CASE 1 triggered
2025-08-08 17:02:52,754 - INFO - CASE 2 triggered: ''
2025-08-08 17:02:52,754 - INFO - CASE 1 triggered
2025-08-08 17:02:52,754 - INFO - CASE 1 triggered
2025-08-08 17:02:52,755 - INFO - CASE 1 triggered
2025-08-08 17:02:52,755 - INFO - CASE 1 triggered
2025-08-08 17:02:52,757 - INFO - CASE 2 triggered: 'square meters'
2025-08-08 17:02:52,757 - INFO - CASE 2 triggered: 'square meters'
2025-08-08 17:02:52,757 - INFO - CASE 1 triggered
2025-08-08 17:02:52,757 - INFO - CASE 2 triggered: ''
2025-08-08 17:02:52,757 - INFO - CASE 1 triggered
2025-08-08 17:02:52,758 - INFO - CASE 1 triggered
2025-08-08 17:02:52,758 - INFO - CASE 2 triggered: ''
2025-08-08 17:02:52,758 - INFO - CASE 1 triggered
2025-08-08 17:02:52,759 - INFO - CASE 2 triggered: ''
2025-08-08 17:02:52,759 - INFO - CASE 1 triggered
2025-08-08 17:02:52,759 - INFO - CASE 2 triggered: ''
2025-08-08 17:02:52,759 - INFO - CASE 2 triggered: ''
2025-08-08 17:02:52,759 - INFO - CASE 1 triggered
2025-08-08 17:02:52,759 - INFO - CASE 2 triggered: ''
2025-08-08 17:02:52,759 - INFO - CASE 2 triggered: ''
2025-08-08 17:02:52,759 - INFO - CASE 1 triggered
2025-08-08 17:02:52,759 - INFO - CASE 2 triggered: ''
2025-08-08 17:02:52,759 - INFO - CASE 1 triggered
2025-08-08 17:02:52,760 - INFO - CASE 2 triggered: 'unclear'
2025-08-08 17:02:52,760 - INFO - CASE 1 triggered
2025-08-08 17:02:52,761 - INFO - CASE 2 triggered: ''
2025-08-08 17:02:52,761 - INFO - CASE 1 triggered
2025-08-08 17:02:52,761 - INFO - CASE 1 triggered
2025-08-08 17:02:52,761 - INFO - CASE 2 triggered: ''
2025-08-08 17:02:52,761 - INFO - CASE 2 triggered: 'electric cars'
2025-08-08 17:02:52,762 - INFO - CASE 2 triggered: ''
2025-08-08 17:02:52,762 - INFO - CASE 1 triggered
2025-08-08 17:02:52,763 - INFO - CASE 2 triggered: ''
2025-08-08 17:02:52,763 - INFO - CASE 1 triggered
2025-08-08 17:02:52,763 - INFO - CASE 1 triggered
2025-08-08 17:02:52,763 - INFO - CASE 1 triggered
2025-08-08 17:02:52,763 - INFO - CASE 1 triggered
2025-08-08 17:02:52,763 - INFO - CASE 2 triggered: 'vehicles'
2025-08-08 17:02:52,763 - INFO - CASE 1 triggered
2025-08-08 17:02:52,763 - INFO - CASE 1 triggered
2025-08-08 17:02:52,763 - INFO - CASE 2 triggered: ''
2025-08-08 17:02:52,763 - INFO - CASE 1 triggered
2025-08-08 17:02:52,764 - INFO - CASE 2 triggered: ''
2025-08-08 17:02:52,764 - INFO - CASE 1 triggered
2025-08-08 17:02:52,764 - INFO - CASE 2 triggered: 'electric vehicles'
2025-08-08 17:02:52,765 - INFO - CASE 2 triggered: ''
2025-08-08 17:02:52,765 - INFO - CASE 2 triggered: ''
2025-08-08 17:02:52,765 - INFO - CASE 1 triggered
2025-08-08 17:02:52,765 - INFO - CASE 2 triggered: 'pilot'
2025-08-08 17:02:52,765 - INFO - CASE 1 triggered
2025-08-08 17:02:52,766 - INFO - CASE 2 triggered: ''
2025-08-08 17:02:52,766 - INFO - CASE 1 triggered
2025-08-08 17:02:52,766 - INFO - CASE 2 triggered: 'electric vehicles'
2025-08-08 17:02:52,766 - INFO - CASE 2 triggered: ''
2025-08-08 17:02:52,767 - INFO - CASE 2 triggered: 'pilot line'
2025-08-08 17:02:52,767 - INFO - CASE 1 triggered
2025-08-08 17:02:52,767 - INFO - CASE 1 triggered
2025-08-08 17:02:52,767 - INFO - CASE 1 triggered
2025-08-08 17:02:52,767 - INFO - CASE 1 triggered
2025-08-08 17:02:52,767 - INFO - CASE 2 triggered: ''
2025-08-08 17:02:52,767 - INFO - CASE 1 triggered
2025-08-08 17:02:52,768 - INFO - CASE 2 triggered: ''
2025-08-08 17:02:52,768 - INFO - CASE 1 triggered
2025-08-08 17:02:52,768 - INFO - CASE 1 triggered
2025-08-08 17:02:52,768 - INFO - CASE 2 triggered: 'pilot line'
2025-08-08 17:02:52,768 - INFO - CASE 1 triggered
2025-08-08 17:02:52,768 - INFO - CASE 1 triggered
2025-08-08 17:02:52,769 - INFO - CASE 1 triggered
2025-08-08 17:02:52,769 - INFO - CASE 2 triggered: ''
2025-08-08 17:02:52,769 - INFO - CASE 2 triggered: ''
2025-08-08 17:02:52,769 - INFO - CASE 1 triggered
2025-08-08 17:02:52,770 - INFO - CASE 2 triggered: 'large storage systems'
2025-08-08 17:02:52,770 - INFO - CASE 1 triggered
2025-08-08 17:02:52,770 - INFO - CASE 2 triggered: 'home storage'
2025-08-08 17:02:52,770 - INFO - CASE 1 triggered
2025-08-08 17:02:52,770 - INFO - CASE 1 triggered
2025-08-08 17:02:52,770 - INFO - CASE 1 triggered
2025-08-08 17:02:52,770 - INFO - CASE 2 triggered: ''
2025-08-08 17:02:52,770 - INFO - CASE 1 triggered
2025-08-08 17:02:52,770 - INFO - CASE 2 triggered: ''
2025-08-08 17:02:52,770 - INFO - CASE 1 triggered
2025-08-08 17:02:52,770 - INFO - CASE 2 triggered: ''
2025-08-08 17:02:52,770 - INFO - CASE 2 triggered: 'electric vehicles'
2025-08-08 17:02:52,770 - INFO - CASE 1 triggered
2025-08-08 17:02:52,771 - INFO - CASE 1 triggered
2025-08-08 17:02:52,771 - INFO - CASE 2 triggered: ''
2025-08-08 17:02:52,771 - INFO - CASE 1 triggered
2025-08-08 17:02:52,771 - INFO - CASE 1 triggered
2025-08-08 17:02:52,772 - INFO - CASE 2 triggered: ''
2025-08-08 17:02:52,772 - INFO - CASE 1 triggered
2025-08-08 17:02:52,772 - INFO - CASE 1 triggered
2025-08-08 17:02:52,772 - INFO - CASE 2 triggered: 'square metres'
2025-08-08 17:02:52,772 - INFO - CASE 1 triggered
2025-08-08 17:02:52,772 - INFO - CASE 2 triggered: ''
2025-08-08 17:02:52,772 - INFO - CASE 1 triggered
2025-08-08 17:02:52,773 - INFO - CASE 2 triggered: ''
2025-08-08 17:02:52,774 - INFO - CASE 1 triggered
2025-08-08 17:02:52,774 - INFO - CASE 2 triggered: 'mass production'
2025-08-08 17:02:52,774 - INFO - CASE 1 triggered
2025-08-08 17:02:52,776 - INFO - CASE 2 triggered: ''
2025-08-08 17:02:52,777 - INFO - CASE 1 triggered
2025-08-08 17:02:52,777 - INFO - CASE 2 triggered: ''
2025-08-08 17:02:52,777 - INFO - CASE 1 triggered
2025-08-08 17:02:52,777 - INFO - CASE 2 triggered: ''
2025-08-08 17:02:52,780 - INFO - CASE 2 triggered: 'domestic content power optimizers  per quarter'
2025-08-08 17:02:52,780 - INFO - CASE 1 triggered
2025-08-08 17:02:52,780 - INFO - CASE 2 triggered: 'residential home hub inverters'
2025-08-08 17:02:52,780 - INFO - CASE 1 triggered
2025-08-08 17:02:52,782 - INFO - CASE 1 triggered
2025-08-08 17:02:52,782 - INFO - CASE 2 triggered: ''
2025-08-08 17:02:52,782 - INFO - CASE 1 triggered
2025-08-08 17:02:52,783 - INFO - CASE 2 triggered: 'of clean energy'
2025-08-08 17:02:52,783 - INFO - CASE 1 triggered
2025-08-08 17:02:52,785 - INFO - CASE 2 triggered: 'hualong one'
2025-08-08 17:02:52,785 - INFO - CASE 1 triggered
2025-08-08 17:02:52,785 - INFO - CASE 2 triggered: ', 1,000 mwe'
2025-08-08 17:02:52,785 - INFO - CASE 1 triggered
2025-08-08 17:02:52,786 - INFO - CASE 2 triggered: 'vver'
2025-08-08 17:02:52,786 - INFO - CASE 1 triggered
2025-08-08 17:02:52,786 - INFO - CASE 2 triggered: 'vver-1200'
2025-08-08 17:02:52,786 - INFO - CASE 1 triggered
2025-08-08 17:02:52,786 - INFO - CASE 2 triggered: ''
2025-08-08 17:02:52,786 - INFO - CASE 1 triggered
2025-08-08 17:02:52,787 - INFO - CASE 2 triggered: 'square meters'
2025-08-08 17:02:52,787 - INFO - CASE 2 triggered: 'square meters'
2025-08-08 17:02:52,787 - INFO - CASE 1 triggered
2025-08-08 17:02:52,787 - INFO - CASE 2 triggered: ''
2025-08-08 17:02:52,787 - INFO - CASE 1 triggered
2025-08-08 17:02:52,787 - INFO - CASE 2 triggered: ''
2025-08-08 17:02:52,787 - INFO - CASE 1 triggered
2025-08-08 17:02:52,788 - INFO - CASE 1 triggered
2025-08-08 17:02:52,788 - INFO - CASE 2 triggered: ''
2025-08-08 17:02:52,788 - INFO - CASE 1 triggered
2025-08-08 17:02:52,788 - INFO - CASE 2 triggered: 'vehicles'
2025-08-08 17:02:52,788 - INFO - CASE 2 triggered: ''
2025-08-08 17:02:52,788 - INFO - CASE 1 triggered
2025-08-08 17:02:52,788 - INFO - CASE 2 triggered: ''
2025-08-08 17:02:52,788 - INFO - CASE 1 triggered
2025-08-08 17:02:52,789 - INFO - CASE 2 triggered: ''
2025-08-08 17:02:52,789 - INFO - CASE 2 triggered: ''
2025-08-08 17:02:52,789 - INFO - CASE 1 triggered
2025-08-08 17:02:52,790 - INFO - CASE 2 triggered: 'prototype line'
2025-08-08 17:02:52,790 - INFO - CASE 1 triggered
2025-08-08 17:02:52,790 - INFO - CASE 1 triggered
2025-08-08 17:02:52,790 - INFO - CASE 2 triggered: ''
2025-08-08 17:02:52,790 - INFO - CASE 2 triggered: ''
2025-08-08 17:02:52,790 - INFO - CASE 1 triggered
2025-08-08 17:02:52,790 - INFO - CASE 2 triggered: ''
2025-08-08 17:02:52,790 - INFO - CASE 1 triggered
2025-08-08 17:02:52,790 - INFO - CASE 2 triggered: ''
2025-08-08 17:02:52,790 - INFO - CASE 1 triggered
2025-08-08 17:02:52,792 - INFO - CASE 2 triggered: '/2 1000000 electric cars'
2025-08-08 17:02:52,794 - INFO - CASE 2 triggered: ''
2025-08-08 17:02:52,794 - INFO - CASE 1 triggered
2025-08-08 17:02:52,794 - INFO - CASE 1 triggered
2025-08-08 17:02:52,794 - INFO - CASE 1 triggered
2025-08-08 17:02:52,794 - INFO - CASE 2 triggered: ''
2025-08-08 17:02:52,794 - INFO - CASE 1 triggered
2025-08-08 17:02:52,794 - INFO - CASE 2 triggered: ''
2025-08-08 17:02:52,794 - INFO - CASE 1 triggered
2025-08-08 17:02:52,795 - INFO - CASE 2 triggered: 'pilot'
2025-08-08 17:02:52,795 - INFO - CASE 1 triggered
2025-08-08 17:02:52,795 - INFO - CASE 2 triggered: 'production lines'
2025-08-08 17:02:52,795 - INFO - CASE 1 triggered
2025-08-08 17:02:52,796 - INFO - CASE 2 triggered: 'production lines'
2025-08-08 17:02:52,796 - INFO - CASE 1 triggered
2025-08-08 17:02:52,796 - INFO - CASE 1 triggered
2025-08-08 17:02:52,796 - INFO - CASE 1 triggered
2025-08-08 17:02:52,796 - INFO - CASE 2 triggered: 'pilot'
2025-08-08 17:02:52,796 - INFO - CASE 1 triggered
2025-08-08 17:02:52,796 - INFO - CASE 2 triggered: ''
2025-08-08 17:02:52,796 - INFO - CASE 1 triggered
2025-08-08 17:02:52,796 - INFO - CASE 1 triggered
2025-08-08 17:02:52,796 - INFO - CASE 2 triggered: 'pilot lines'
2025-08-08 17:02:52,796 - INFO - CASE 1 triggered
2025-08-08 17:02:52,797 - INFO - CASE 2 triggered: 'pilot'
2025-08-08 17:02:52,797 - INFO - CASE 2 triggered: 'pilot'
2025-08-08 17:02:52,797 - INFO - CASE 1 triggered
2025-08-08 17:02:52,797 - INFO - CASE 1 triggered
2025-08-08 17:02:52,797 - INFO - CASE 1 triggered
2025-08-08 17:02:52,797 - INFO - CASE 2 triggered: ''
2025-08-08 17:02:52,797 - INFO - CASE 1 triggered
2025-08-08 17:02:52,797 - INFO - CASE 2 triggered: ''
2025-08-08 17:02:52,797 - INFO - CASE 1 triggered
2025-08-08 17:02:52,797 - INFO - CASE 2 triggered: ''
2025-08-08 17:02:52,797 - INFO - CASE 1 triggered
2025-08-08 17:02:52,799 - INFO - CASE 2 triggered: ''
2025-08-08 17:02:52,799 - INFO - CASE 1 triggered
2025-08-08 17:02:52,801 - INFO - CASE 2 triggered: 'roll width of 400 millimetres'
2025-08-08 17:02:52,801 - INFO - CASE 2 triggered: 'roll width of 400 millimetres'
2025-08-08 17:02:52,801 - INFO - CASE 1 triggered
2025-08-08 17:02:53,378 - INFO - 🫂 Grouping projects...
2025-08-08 17:02:53,751 - INFO - Found 3903 rows:
2025-08-08 17:02:53,754 - INFO - ⚠️ 670 entries without CITY are dropped, rows reduced to 3233.
2025-08-08 17:02:53,754 - INFO - Missing counts: adm1           2367
inst_canon        8
product_lv1    1030
product_lv2    1758
dtype: int64
2025-08-08 17:02:53,755 - INFO - ⚠️  3298 rows dropped because of missing values; 605 remain.
2025-08-08 17:02:53,755 - INFO - Unique owners before manual dict: 138
2025-08-08 17:02:53,755 - INFO - Unique owners after manual dict: 117
2025-08-08 17:02:55,682 - INFO - Saving output to ./storage/output/all_projects.xlsx
2025-08-08 17:02:55,797 - INFO - Saving filtered output to storage/output/filtered_projects.xlsx
2025-08-08 17:02:55,798 - INFO - 🏭 Importing facilities
2025-08-08 17:02:55,989 - INFO - 🗑️ Cleared existing facilities from MongoDB.
2025-08-08 17:02:56,054 - INFO - Saving a copy of facilities to Excel at storage/output/facilities.xlsx
2025-08-08 17:02:56,085 - INFO - Number of raw capacities - 605
2025-08-08 17:02:56,085 - INFO - 📅 Unique capacities remaining after deduplication (keeping earliest date): 392
2025-08-08 17:02:56,918 - INFO - ✅ Inserted 160 facilities into MongoDB, with 392 capacities.
2025-08-08 17:02:56,919 - INFO - 🧮 Determining phase summaries
2025-08-08 17:02:56,994 - INFO - 🚀 Starting summary updates for greenfield and expansion...
2025-08-08 17:02:58,020 - INFO - ✅ Updated summaries for 149 facilities.
2025-08-08 17:02:58,021 - INFO - Outputting clean capacities summary data
2025-08-08 17:02:58,216 - INFO - Total pipeline time: 0.62 minutes
