2025-08-08 11:59:48,183 - INFO - Updating mongo-metadata is set to True
2025-08-08 11:59:49,538 - INFO - 📦 Loaded 1307 existing (country, city_key) pairs from MongoDB.
2025-08-08 11:59:50,602 - INFO - 📰 Found 600 article(s) containing factory nodes.
2025-08-08 11:59:50,630 - WARNING - [standardize_country] country lookup failed for “asia”
2025-08-08 11:59:50,636 - WARNING - [standardize_country] country lookup failed for “eu and uk”
2025-08-08 11:59:50,642 - WARNING - [standardize_country] country lookup failed for “north america”
2025-08-08 11:59:50,647 - WARNING - [standardize_country] country lookup failed for “europe”
2025-08-08 11:59:50,653 - WARNING - [standardize_country] country lookup failed for “mexico, usa or canada”
2025-08-08 11:59:50,659 - WARNING - [standardize_country] country lookup failed for “western europe”
2025-08-08 11:59:50,669 - WARNING - [standardize_country] country lookup failed for “eastern europe”
2025-08-08 11:59:50,674 - WARNING - [standardize_country] country lookup failed for “mainland europe”
2025-08-08 11:59:50,674 - INFO - 🧹 Identified 135 new (country, city) pairs to query. Example three:
2025-08-08 11:59:50,674 - INFO - [('Mexico', 'ramos_arizpe'), ('Norway', 'southern_norway'), ('United States', 'storey_county')]
2025-08-08 12:01:12,620 - INFO - ✅ Geonames MongoDB updated. Inserted: 0, Modified: 48
2025-08-08 12:01:12,623 - INFO - 🗞️ Flattening articles...
2025-08-08 12:01:28,874 - INFO - 💾 Saved nodes to storage/output/all_nodes.xlsx
2025-08-08 12:01:28,875 - INFO - 💾 Saved relationships to storage/output/all_rels.xlsx
2025-08-08 12:01:28,900 - INFO - 🉑 Merging nodes and relationships...
2025-08-08 12:01:33,507 - WARNING - [standardize_country] country lookup failed for “unclear”
2025-08-08 12:01:33,516 - WARNING - [standardize_country] country lookup failed for “sweden or finland”
2025-08-08 12:01:33,542 - WARNING - [standardize_country] country lookup failed for “northern macedonia”
2025-08-08 12:01:33,546 - WARNING - [standardize_country] country lookup failed for “bavaria, germany”
2025-08-08 12:01:33,550 - WARNING - [standardize_country] country lookup failed for “china, mexico, poland, india”
2025-08-08 12:01:33,568 - WARNING - [standardize_country] country lookup failed for “germany, poland, or hungary”
2025-08-08 12:01:33,572 - WARNING - [standardize_country] country lookup failed for “democratic republic of congo”
2025-08-08 12:01:33,576 - WARNING - [standardize_country] country lookup failed for “germany-dutch”
2025-08-08 12:01:33,593 - WARNING - [standardize_country] country lookup failed for “central or eastern europe”
2025-08-08 12:01:33,598 - WARNING - [standardize_country] country lookup failed for “sardinia”
2025-08-08 12:01:33,611 - WARNING - [standardize_country] country lookup failed for “bosnia-herzegovina”
2025-08-08 12:01:33,619 - WARNING - [standardize_country] country lookup failed for “morocoo”
2025-08-08 12:01:33,939 - INFO - 💾 Saved factory-technology graph segment to storage/output/factory-technological.xlsx
2025-08-08 12:01:33,944 - INFO - 🫂 Grouping projects...
2025-08-08 12:01:33,944 - INFO - Reading input file: storage/output/factory-technological.xlsx
2025-08-08 12:01:34,161 - INFO - Missing values per column before dropping:
2025-08-08 12:01:34,161 - INFO - adm1            859
inst_canon        8
product_lv1     698
product_lv2    1450
dtype: int64
2025-08-08 12:01:34,162 - INFO - Dropped 1327 rows because of missing values; 1598 remain.
2025-08-08 12:01:34,162 - INFO - Unique owners before manual dict: 354
2025-08-08 12:01:34,163 - INFO - Unique owners after manual dict: 336
2025-08-08 12:01:37,434 - INFO - Saving output to ./storage/output/all_projects.xlsx
2025-08-08 12:01:37,611 - INFO - Saving filtered output to storage/output/filtered_projects.xlsx
2025-08-08 12:01:37,612 - INFO - 🏭 Importing facilities
2025-08-08 12:01:37,767 - INFO - 🗑️ Cleared existing facilities from MongoDB.
2025-08-08 12:01:37,813 - INFO - Saving a copy of facilities to Excel at storage/output/facilities.xlsx
2025-08-08 12:01:37,835 - INFO - Number of raw capacities - 403
2025-08-08 12:01:37,835 - INFO - 📅 Unique capacities remaining after deduplication (keeping earliest date): 275
2025-08-08 12:01:38,721 - INFO - ✅ Inserted 109 facilities into MongoDB, with 275 capacities.
2025-08-08 12:01:38,722 - INFO - 🧮 Determining phase summaries
2025-08-08 12:01:38,786 - INFO - 🚀 Starting summary updates for greenfield and expansion...
2025-08-08 12:01:39,726 - INFO - ✅ Updated summaries for 101 facilities.
2025-08-08 12:01:39,726 - INFO - Total pipeline time: 1.86 minutes
