2025-08-22 17:15:01,671 - INFO - Updating mongo-metadata is set to False
2025-08-22 17:15:01,671 - INFO - 🫂 Grouping projects...
2025-08-22 17:15:02,048 - INFO - Found 2782 rows:
2025-08-22 17:15:02,049 - INFO - ⚠️ 0 entries without a normalised OWNER name are dropped, rows reduced to 2782.
2025-08-22 17:15:02,050 - INFO - ⚠️ 366 entries without CITY are dropped, rows reduced to 2416.
2025-08-22 17:15:02,051 - INFO - ⚠️ 376 entries without ADM1 are dropped, rows reduced to 2040.
2025-08-22 17:15:02,051 - INFO - ⚠️ 480 entries without a normalised PRODUCT-LV1 are dropped, rows reduced to 1560.
2025-08-22 17:15:02,051 - INFO - ⚠️ 512 entries without a normalised PRODUCT-LV2.
2025-08-22 17:15:02,051 - INFO - ⚠️ 1222 rows dropped because of missing values; 1560 remain.
2025-08-22 17:15:02,052 - INFO - Unique owners before manual dict: 481
2025-08-22 17:15:02,052 - INFO - Unique owners after manual dict: 443
2025-08-22 17:15:04,884 - INFO - Saving filtered output to storage/output/filtered_projects.xlsx
2025-08-22 17:15:04,885 - INFO - 🏭 Importing facilities
2025-08-22 17:15:05,056 - INFO - 🗑️ Cleared existing facilities from MongoDB.
2025-08-22 17:15:05,251 - INFO - Saving a copy of facilities to Excel at storage/output/facilities.xlsx
2025-08-22 17:15:05,348 - INFO - Number of raw capacities - 1560
2025-08-22 17:15:05,348 - INFO - 📅 Unique capacities remaining after deduplication (keeping earliest date): 1066
2025-08-22 17:15:05,363 - WARNING - bbox missing required keys. Available: []
2025-08-22 17:15:07,983 - INFO - ✅ Inserted 599 facilities into MongoDB, with 1066 capacities.
2025-08-22 17:15:07,987 - INFO - 🧮 Determining phase summaries
2025-08-22 17:15:08,060 - INFO - 🚀 Starting summary updates for main, greenfield and expansion...
2025-08-22 17:15:11,467 - INFO - ✅ Updated summaries for 598 facilities.
2025-08-22 17:15:11,469 - INFO - Outputting clean capacities summary data
2025-08-22 17:15:12,435 - INFO - Total pipeline time: 0.18 minutes
