2025-08-22 14:47:11,520 - INFO - Updating mongo-metadata is set to False
2025-08-22 14:47:11,520 - INFO - 🗞️ Flattening articles...
2025-08-22 14:47:51,422 - INFO - 💾 Saved nodes to storage/output/all_nodes.xlsx
2025-08-22 14:47:51,422 - INFO - 💾 Saved relationships to storage/output/all_rels.xlsx
2025-08-22 14:47:51,504 - INFO - 🉑 Merging nodes and relationships...
2025-08-22 14:48:06,616 - INFO - 💾 Saved geo_lookup to storage/output/geo_lookup.json
2025-08-22 14:48:08,694 - INFO - 💾 Saved: storage/output/factory_registry.xlsx
2025-08-22 14:48:23,817 - INFO - 💾 Saved geo_lookup to storage/output/geo_lookup.json
2025-08-22 14:48:24,825 - INFO - 💾 Saved: storage/output/factory-technological.xlsx
2025-08-22 14:48:39,957 - INFO - 💾 Saved geo_lookup to storage/output/geo_lookup.json
2025-08-22 14:48:40,270 - INFO - 💾 Saved: storage/output/company-joint-venture.xlsx
2025-08-22 14:48:40,283 - INFO - Building joint ventures lookup
2025-08-22 14:48:40,283 - INFO - Normalising capacities
2025-08-22 14:48:40,935 - INFO - Capacity rows: 2781 | failed: 230 (8.3%)
2025-08-22 14:48:40,935 - INFO - normalization_case
normalize:fallback:keep-metric                                  954
normalize:already-clean:gigawatt hour                           581
normalize:already-clean:gigawatt                                558
normalize:vehicle:missing                                       313
fallback:missing-metric                                         210
normalize:already-clean:tonne                                    77
normalize:invalid-input                                          20
normalize:battery:energy-metric                                  16
normalize:battery:module_pack:battery systems->gigawatt hour     15
normalize:battery:keyword:vehicle                                 9
normalize:battery:keyword:ev                                      8
normalize:battery:module_pack:battery modules->gigawatt hour      5
normalize:battery:module_pack:unit->gigawatt hour                 5
normalize:battery:module_pack:battery packs->gigawatt hour        5
normalize:battery:module_pack:batteries->gigawatt hour            4
normalize:battery:keyword:car                                     1
2025-08-22 14:48:41,694 - INFO - 🫂 Grouping projects...
2025-08-22 14:48:42,021 - INFO - Found 2781 rows:
2025-08-22 14:48:42,022 - INFO - ⚠️ 366 entries without CITY are dropped, rows reduced to 2415.
2025-08-22 14:48:42,023 - INFO - Missing counts: adm1            381
inst_canon       24
product_lv1     609
product_lv2    1190
dtype: int64
2025-08-22 14:48:42,023 - INFO - ⚠️  1259 rows dropped because of missing values; 1522 remain.
2025-08-22 14:48:42,024 - INFO - Unique owners before manual dict: 463
2025-08-22 14:48:42,024 - INFO - Unique owners after manual dict: 425
2025-08-22 14:48:43,759 - INFO - Saving filtered output to storage/output/filtered_projects.xlsx
2025-08-22 14:48:43,760 - INFO - 🏭 Importing facilities
2025-08-22 14:48:44,010 - INFO - 🗑️ Cleared existing facilities from MongoDB.
2025-08-22 14:48:44,178 - INFO - Saving a copy of facilities to Excel at storage/output/facilities.xlsx
2025-08-22 14:48:44,275 - INFO - Number of raw capacities - 1522
2025-08-22 14:48:44,275 - INFO - 📅 Unique capacities remaining after deduplication (keeping earliest date): 1048
2025-08-22 14:48:44,322 - WARNING - bbox missing required keys. Available: []
2025-08-22 14:48:45,875 - INFO - ✅ Inserted 598 facilities into MongoDB, with 1048 capacities.
2025-08-22 14:48:45,882 - INFO - 🧮 Determining phase summaries
2025-08-22 14:48:46,841 - INFO - 🚀 Starting summary updates for main, greenfield and expansion...
2025-08-22 14:48:50,306 - INFO - ✅ Updated summaries for 597 facilities.
2025-08-22 14:48:50,309 - INFO - Outputting clean capacities summary data
2025-08-22 14:48:51,257 - INFO - Total pipeline time: 1.66 minutes
