2025-08-08 11:56:35,021 - INFO - Updating mongo-metadata is set to True
2025-08-08 11:56:36,293 - INFO - 📦 Loaded 1294 existing (country, city_key) pairs from MongoDB.
2025-08-08 11:56:37,242 - INFO - 📰 Found 600 article(s) containing factory nodes.
2025-08-08 11:56:37,268 - WARNING - [standardize_country] country lookup failed for “asia”
2025-08-08 11:56:37,274 - WARNING - [standardize_country] country lookup failed for “eu and uk”
2025-08-08 11:56:37,280 - WARNING - [standardize_country] country lookup failed for “north america”
2025-08-08 11:56:37,285 - WARNING - [standardize_country] country lookup failed for “europe”
2025-08-08 11:56:37,291 - WARNING - [standardize_country] country lookup failed for “mexico, usa or canada”
2025-08-08 11:56:37,297 - WARNING - [standardize_country] country lookup failed for “western europe”
2025-08-08 11:56:37,307 - WARNING - [standardize_country] country lookup failed for “eastern europe”
2025-08-08 11:56:37,311 - WARNING - [standardize_country] country lookup failed for “mainland europe”
2025-08-08 11:56:37,312 - INFO - 🧹 Identified 133 new (country, city) pairs to query. Example three:
2025-08-08 11:56:37,312 - INFO - [('United States', 'carlisle'), ('United States', 'hardin_county'), ('United States', 'chautauqua_county')]
2025-08-08 11:58:00,350 - INFO - ✅ Geonames MongoDB updated. Inserted: 0, Modified: 45
2025-08-08 11:58:00,353 - INFO - 🗞️ Flattening articles...
2025-08-08 11:58:14,895 - INFO - 💾 Saved nodes to storage/output/all_nodes.xlsx
2025-08-08 11:58:14,895 - INFO - 💾 Saved relationships to storage/output/all_rels.xlsx
2025-08-08 11:58:14,918 - INFO - 🉑 Merging nodes and relationships...
2025-08-08 11:58:19,587 - WARNING - [standardize_country] country lookup failed for “unclear”
2025-08-08 11:58:19,596 - WARNING - [standardize_country] country lookup failed for “sweden or finland”
2025-08-08 11:58:19,621 - WARNING - [standardize_country] country lookup failed for “northern macedonia”
2025-08-08 11:58:19,625 - WARNING - [standardize_country] country lookup failed for “bavaria, germany”
2025-08-08 11:58:19,629 - WARNING - [standardize_country] country lookup failed for “china, mexico, poland, india”
2025-08-08 11:58:19,648 - WARNING - [standardize_country] country lookup failed for “germany, poland, or hungary”
2025-08-08 11:58:19,652 - WARNING - [standardize_country] country lookup failed for “democratic republic of congo”
2025-08-08 11:58:19,657 - WARNING - [standardize_country] country lookup failed for “germany-dutch”
2025-08-08 11:58:19,687 - WARNING - [standardize_country] country lookup failed for “central or eastern europe”
2025-08-08 11:58:19,697 - WARNING - [standardize_country] country lookup failed for “sardinia”
2025-08-08 11:58:19,714 - WARNING - [standardize_country] country lookup failed for “bosnia-herzegovina”
2025-08-08 11:58:19,723 - WARNING - [standardize_country] country lookup failed for “morocoo”
2025-08-08 11:58:20,034 - INFO - 💾 Saved factory-technology graph segment to storage/output/factory-technological.xlsx
2025-08-08 11:58:20,039 - INFO - 🫂 Grouping projects...
2025-08-08 11:58:20,039 - INFO - Reading input file: storage/output/factory-technological.xlsx
2025-08-08 11:58:20,239 - INFO - Missing values per column before dropping:
2025-08-08 11:58:20,239 - INFO - adm1           1644
inst_canon        8
product_lv1     698
product_lv2    1450
dtype: int64
2025-08-08 11:58:20,239 - INFO - Dropped 1908 rows because of missing values; 1017 remain.
2025-08-08 11:58:20,240 - INFO - Unique owners before manual dict: 237
2025-08-08 11:58:20,240 - INFO - Unique owners after manual dict: 222
2025-08-08 11:58:22,337 - INFO - Saving output to ./storage/output/all_projects.xlsx
2025-08-08 11:58:22,451 - INFO - Saving filtered output to storage/output/filtered_projects.xlsx
2025-08-08 11:58:22,452 - INFO - 🏭 Importing facilities
2025-08-08 11:58:22,600 - INFO - 🗑️ Cleared existing facilities from MongoDB.
2025-08-08 11:58:22,638 - INFO - Saving a copy of facilities to Excel at storage/output/facilities.xlsx
2025-08-08 11:58:22,656 - INFO - Number of raw capacities - 246
2025-08-08 11:58:22,656 - INFO - 📅 Unique capacities remaining after deduplication (keeping earliest date): 175
2025-08-08 11:58:22,818 - INFO - ✅ Inserted 71 facilities into MongoDB, with 175 capacities.
2025-08-08 11:58:22,819 - INFO - 🧮 Determining phase summaries
2025-08-08 11:58:22,892 - INFO - 🚀 Starting summary updates for greenfield and expansion...
2025-08-08 11:58:23,542 - INFO - ✅ Updated summaries for 68 facilities.
2025-08-08 11:58:23,543 - INFO - Total pipeline time: 1.81 minutes
