2025-08-22 14:00:27,280 - INFO - Updating mongo-metadata is set to False
2025-08-22 14:00:27,280 - INFO - 🗞️ Flattening articles...
2025-08-22 14:01:05,471 - INFO - 💾 Saved nodes to storage/output/all_nodes.xlsx
2025-08-22 14:01:05,471 - INFO - 💾 Saved relationships to storage/output/all_rels.xlsx
2025-08-22 14:01:05,563 - INFO - 🉑 Merging nodes and relationships...
2025-08-22 14:01:21,107 - INFO - 💾 Saved geo_lookup to storage/output/geo_lookup.json
2025-08-22 14:01:23,417 - INFO - 💾 Saved: storage/output/factory_registry.xlsx
2025-08-22 14:01:39,569 - INFO - 💾 Saved geo_lookup to storage/output/geo_lookup.json
2025-08-22 14:01:40,672 - INFO - 💾 Saved: storage/output/factory-technological.xlsx
2025-08-22 14:01:56,750 - INFO - 💾 Saved geo_lookup to storage/output/geo_lookup.json
2025-08-22 14:01:57,119 - INFO - 💾 Saved: storage/output/company-joint-venture.xlsx
2025-08-22 14:01:57,133 - INFO - Building joint ventures lookup
2025-08-22 14:01:57,133 - INFO - Normalising capacities
2025-08-22 14:01:57,788 - INFO - Capacity rows: 2757 | failed: 229 (8.3%)
2025-08-22 14:01:57,790 - INFO - normalization_case
normalize:fallback:keep-metric                                  931
normalize:already-clean:gigawatt hour                           581
normalize:already-clean:gigawatt                                558
normalize:vehicle:missing                                       313
fallback:missing-metric                                         209
normalize:already-clean:tonne                                    77
normalize:invalid-input                                          20
normalize:battery:energy-metric                                  16
normalize:battery:module_pack:battery systems->gigawatt hour     15
normalize:battery:keyword:vehicle                                 9
normalize:battery:keyword:ev                                      8
normalize:battery:module_pack:battery modules->gigawatt hour      5
normalize:battery:module_pack:unit->gigawatt hour                 5
normalize:battery:module_pack:battery packs->gigawatt hour        5
normalize:battery:module_pack:batteries->gigawatt hour            4
normalize:battery:keyword:car                                     1
2025-08-22 14:01:58,627 - INFO - 🫂 Grouping projects...
2025-08-22 14:01:59,098 - INFO - Found 2757 rows:
2025-08-22 14:01:59,099 - INFO - ⚠️ 366 entries without CITY are dropped, rows reduced to 2391.
2025-08-22 14:01:59,100 - INFO - Missing counts: adm1            369
inst_canon        0
product_lv1     584
product_lv2    1165
dtype: int64
2025-08-22 14:01:59,100 - INFO - ⚠️  1234 rows dropped because of missing values; 1523 remain.
2025-08-22 14:01:59,101 - INFO - Unique owners before manual dict: 464
2025-08-22 14:01:59,101 - INFO - Unique owners after manual dict: 426
2025-08-22 14:02:01,956 - INFO - Saving filtered output to storage/output/filtered_projects.xlsx
2025-08-22 14:02:01,958 - INFO - 🏭 Importing facilities
2025-08-22 14:02:02,119 - INFO - 🗑️ Cleared existing facilities from MongoDB.
2025-08-22 14:02:03,072 - INFO - Saving a copy of facilities to Excel at storage/output/facilities.xlsx
2025-08-22 14:02:03,399 - INFO - Number of raw capacities - 9456
2025-08-22 14:02:03,399 - INFO - 📅 Unique capacities remaining after deduplication (keeping earliest date): 4691
2025-08-22 14:02:03,438 - WARNING - bbox missing required keys. Available: []
2025-08-22 14:02:03,438 - WARNING - bbox missing required keys. Available: []
2025-08-22 14:02:05,165 - INFO - ✅ Inserted 1675 facilities into MongoDB, with 4691 capacities.
2025-08-22 14:02:05,172 - INFO - 🧮 Determining phase summaries
2025-08-22 14:02:07,109 - INFO - 🚀 Starting summary updates for main, greenfield and expansion...
2025-08-22 14:02:12,601 - INFO - ✅ Updated summaries for 1660 facilities.
2025-08-22 14:02:12,604 - INFO - Outputting clean capacities summary data
2025-08-22 14:02:17,003 - INFO - Total pipeline time: 1.83 minutes
