2025-07-31 15:20:14,485 - INFO - Flattening articles...
2025-07-31 15:20:27,630 - INFO - 💾 Saved nodes to storage/output/all_nodes.xlsx
2025-07-31 15:20:27,630 - INFO - 💾 Saved relationships to storage/output/all_rels.xlsx
2025-07-31 15:20:27,655 - INFO - Merging nodes and relationships...
2025-07-31 15:20:32,226 - WARNING - [standardize_country] country lookup failed for “asia”
2025-07-31 15:20:32,230 - WARNING - [standardize_country] country lookup failed for “unclear”
2025-07-31 15:20:32,235 - WARNING - [standardize_country] country lookup failed for “europe”
2025-07-31 15:20:32,244 - WARNING - [standardize_country] country lookup failed for “sweden or finland”
2025-07-31 15:20:32,271 - WARNING - [standardize_country] country lookup failed for “northern macedonia”
2025-07-31 15:20:32,275 - WARNING - [standardize_country] country lookup failed for “eastern europe”
2025-07-31 15:20:32,280 - WARNING - [standardize_country] country lookup failed for “bavaria, germany”
2025-07-31 15:20:32,284 - WARNING - [standardize_country] country lookup failed for “china, mexico, poland, india”
2025-07-31 15:20:32,302 - WARNING - [standardize_country] country lookup failed for “germany, poland, or hungary”
2025-07-31 15:20:32,306 - WARNING - [standardize_country] country lookup failed for “democratic republic of congo”
2025-07-31 15:20:32,311 - WARNING - [standardize_country] country lookup failed for “germany-dutch”
2025-07-31 15:20:32,352 - WARNING - [standardize_country] country lookup failed for “north america”
2025-07-31 15:20:32,357 - WARNING - [standardize_country] country lookup failed for “eu and uk”
2025-07-31 15:20:32,365 - WARNING - [standardize_country] country lookup failed for “mexico, usa or canada”
2025-07-31 15:20:32,370 - WARNING - [standardize_country] country lookup failed for “western europe”
2025-07-31 15:20:32,379 - WARNING - [standardize_country] country lookup failed for “mainland europe”
2025-07-31 15:20:32,383 - WARNING - [standardize_country] country lookup failed for “central or eastern europe”
2025-07-31 15:20:32,388 - WARNING - [standardize_country] country lookup failed for “sardinia”
2025-07-31 15:20:32,402 - WARNING - [standardize_country] country lookup failed for “bosnia-herzegovina”
2025-07-31 15:20:32,411 - WARNING - [standardize_country] country lookup failed for “morocoo”
2025-07-31 15:20:32,697 - INFO - 💾 Saved factory-technology graph segment to storage/output/factory-technological.xlsx
2025-07-31 15:20:32,702 - INFO - Grouping projects...
2025-07-31 15:20:32,702 - INFO - Reading input file: storage/output/factory-technological.xlsx
2025-07-31 15:20:32,899 - INFO - Missing values per column before dropping:
2025-07-31 15:20:32,899 - INFO - adm1           963
inst_canon      30
product_lv1    863
dtype: int64
2025-07-31 15:20:32,900 - INFO - Dropped 1497 rows because of missing values; 1420 remain.
2025-07-31 15:20:32,900 - INFO - Unique owners before manual dict: 328
2025-07-31 15:20:32,900 - INFO - Unique owners after manual dict: 310
2025-07-31 15:20:34,017 - INFO - Saving output to ./storage/output/all_projects.xlsx
2025-07-31 15:20:34,167 - INFO - Total pipeline time: 0.33 minutes
