2025-07-31 18:19:24,540 - INFO - Querying geonames...
2025-07-31 18:19:26,059 - INFO - 📦 Loaded 1736 existing (country, city_key) pairs from MongoDB.
2025-07-31 18:19:26,492 - INFO - 📰 Found 374 article(s) containing factory nodes.
2025-07-31 18:19:26,540 - INFO - 🧹 Identified 224 new (country, city) pairs to query.
2025-07-31 18:19:26,540 - INFO - [('Eswatini', 'mvundla'), ('China', 'fengning_county_hebei_province'), ('Spain', 'arroyo_de_la_encomienda')]
2025-07-31 18:19:26,541 - INFO - 📍 Starting GeoNames lookup for city='barra_do_dande', country='angola' from articles: [ObjectId('67fbeedf94b7f855cfea66c7')]
2025-07-31 18:19:26,950 - INFO - 📍 Starting GeoNames lookup for city='salta', country='argentina' from articles: [ObjectId('67fa7ccdeaa4fb525afeb910'), ObjectId('67fbee0094b7f855cfea6479'), ObjectId('67fbee9f94b7f855cfea65c3')]
2025-07-31 18:19:27,181 - INFO - 📍 Starting GeoNames lookup for city='40_km_southwest_of_brisbane', country='australia' from articles: [ObjectId('67fbee9b94b7f855cfea65b2'), ObjectId('67fbeeac94b7f855cfea65f6')]
2025-07-31 18:19:27,405 - INFO - 📍 Starting GeoNames lookup for city='75_km_west_of_brisbane', country='australia' from articles: [ObjectId('67fbee9b94b7f855cfea65b2'), ObjectId('67fbeeac94b7f855cfea65f6')]
2025-07-31 18:19:27,632 - INFO - 📍 Starting GeoNames lookup for city='aldoga', country='australia' from articles: [ObjectId('67fbee3c94b7f855cfea656c')]
2025-07-31 18:19:28,318 - INFO - 📍 Starting GeoNames lookup for city='berri', country='australia' from articles: [ObjectId('67fbeeb994b7f855cfea662b')]
2025-07-31 18:19:28,554 - INFO - 📍 Starting GeoNames lookup for city='broken_hill', country='australia' from articles: [ObjectId('67fbeec294b7f855cfea6652')]
2025-07-31 18:19:28,778 - INFO - 📍 Starting GeoNames lookup for city='bundaberg', country='australia' from articles: [ObjectId('67fbeeb794b7f855cfea6624'), ObjectId('67fbeece94b7f855cfea6680')]
2025-07-31 18:19:29,003 - INFO - 📍 Starting GeoNames lookup for city='cape_hardy', country='australia' from articles: [ObjectId('67fbeeb594b7f855cfea661b')]
2025-07-31 18:19:29,240 - INFO - 📍 Starting GeoNames lookup for city='collie', country='australia' from articles: [ObjectId('67fbeebd94b7f855cfea663d')]
2025-07-31 18:19:29,470 - INFO - 📍 Starting GeoNames lookup for city='cootamundra', country='australia' from articles: [ObjectId('67fbeeb894b7f855cfea6627'), ObjectId('67fbeeb994b7f855cfea662b')]
2025-07-31 18:19:29,705 - INFO - 📍 Starting GeoNames lookup for city='corryong', country='australia' from articles: [ObjectId('67fbeecd94b7f855cfea667c')]
2025-07-31 18:19:29,944 - INFO - 📍 Starting GeoNames lookup for city='jundee', country='australia' from articles: [ObjectId('67fbeed094b7f855cfea6689')]
2025-07-31 18:19:30,171 - INFO - 📍 Starting GeoNames lookup for city='kogan', country='australia' from articles: [ObjectId('67fbeeb194b7f855cfea660d'), ObjectId('67fbeebe94b7f855cfea6640')]
2025-07-31 18:19:30,404 - INFO - 📍 Starting GeoNames lookup for city='kununurra', country='australia' from articles: [ObjectId('67fbeebc94b7f855cfea6638')]
2025-07-31 18:19:30,633 - INFO - 📍 Starting GeoNames lookup for city='lithgow', country='australia' from articles: [ObjectId('67fbeeb594b7f855cfea661a'), ObjectId('67fbeec494b7f855cfea6658')]
2025-07-31 18:19:30,863 - INFO - 📍 Starting GeoNames lookup for city='mackay', country='australia' from articles: [ObjectId('67fbeeb794b7f855cfea6624'), ObjectId('67fbeece94b7f855cfea6680')]
2025-07-31 18:19:31,084 - INFO - 📍 Starting GeoNames lookup for city='mortlake', country='australia' from articles: [ObjectId('67fbeeb194b7f855cfea660d'), ObjectId('67fbeebe94b7f855cfea6640')]
2025-07-31 18:19:31,311 - INFO - 📍 Starting GeoNames lookup for city='muswellbrook', country='australia' from articles: [ObjectId('67fbeeb594b7f855cfea661a'), ObjectId('67fbeec494b7f855cfea6658')]
