2025-08-04 15:38:33,565 - INFO - Updating mongo-metadata is set to False
2025-08-04 15:38:33,565 - INFO - 🗞️ Flattening articles...
2025-08-04 15:38:44,836 - INFO - 💾 Saved nodes to storage/output/all_nodes.xlsx
2025-08-04 15:38:44,836 - INFO - 💾 Saved relationships to storage/output/all_rels.xlsx
2025-08-04 15:38:44,869 - INFO - 🉑 Merging nodes and relationships...
2025-08-04 15:38:49,493 - WARNING - [standardize_country] country lookup failed for “asia”
2025-08-04 15:38:49,498 - WARNING - [standardize_country] country lookup failed for “unclear”
2025-08-04 15:38:49,502 - WARNING - [standardize_country] country lookup failed for “europe”
2025-08-04 15:38:49,512 - WARNING - [standardize_country] country lookup failed for “sweden or finland”
2025-08-04 15:38:49,539 - WARNING - [standardize_country] country lookup failed for “northern macedonia”
2025-08-04 15:38:49,543 - WARNING - [standardize_country] country lookup failed for “eastern europe”
2025-08-04 15:38:49,548 - WARNING - [standardize_country] country lookup failed for “bavaria, germany”
2025-08-04 15:38:49,552 - WARNING - [standardize_country] country lookup failed for “china, mexico, poland, india”
2025-08-04 15:38:49,571 - WARNING - [standardize_country] country lookup failed for “germany, poland, or hungary”
2025-08-04 15:38:49,575 - WARNING - [standardize_country] country lookup failed for “democratic republic of congo”
2025-08-04 15:38:49,580 - WARNING - [standardize_country] country lookup failed for “germany-dutch”
2025-08-04 15:38:49,598 - WARNING - [standardize_country] country lookup failed for “north america”
2025-08-04 15:38:49,603 - WARNING - [standardize_country] country lookup failed for “eu and uk”
2025-08-04 15:38:49,608 - WARNING - [standardize_country] country lookup failed for “mexico, usa or canada”
2025-08-04 15:38:49,612 - WARNING - [standardize_country] country lookup failed for “western europe”
2025-08-04 15:38:49,622 - WARNING - [standardize_country] country lookup failed for “mainland europe”
2025-08-04 15:38:49,626 - WARNING - [standardize_country] country lookup failed for “central or eastern europe”
2025-08-04 15:38:49,631 - WARNING - [standardize_country] country lookup failed for “sardinia”
2025-08-04 15:38:49,645 - WARNING - [standardize_country] country lookup failed for “bosnia-herzegovina”
2025-08-04 15:38:49,654 - WARNING - [standardize_country] country lookup failed for “morocoo”
2025-08-04 15:38:49,974 - INFO - 💾 Saved factory-technology graph segment to storage/output/factory-technological.xlsx
2025-08-04 15:38:49,979 - INFO - 🧮 Grouping projects...
2025-08-04 15:38:49,979 - INFO - Reading input file: storage/output/factory-technological.xlsx
2025-08-04 15:38:50,170 - INFO - Missing values per column before dropping:
2025-08-04 15:38:50,170 - INFO - adm1           963
inst_canon       8
product_lv1    748
dtype: int64
2025-08-04 15:38:50,171 - INFO - Dropped 1436 rows because of missing values; 1489 remain.
2025-08-04 15:38:50,171 - INFO - Unique owners before manual dict: 339
2025-08-04 15:38:50,171 - INFO - Unique owners after manual dict: 321
2025-08-04 15:38:51,300 - INFO - Saving output to ./storage/output/all_projects.xlsx
2025-08-04 15:38:51,451 - INFO - Saving filtered output to storage/output/filtered_projects.xlsx
2025-08-04 15:38:51,452 - INFO - Total pipeline time: 0.30 minutes
