2025-06-15 16:59:41,505 - INFO - Reading input file: ./storage/input/reconciliation_outputs_factory.xlsx
2025-06-15 16:59:43,144 - INFO - Dropped 5493 rows; 6268 remain after validation
2025-06-15 16:59:43,169 - INFO - Exploded column owner_company_name
2025-06-15 16:59:43,204 - INFO - Exploded column product_name
2025-06-15 16:59:43,204 - INFO - DataFrame has 9037 rows after exploding lists
2025-06-15 16:59:43,204 - INFO - Starting pipeline step: lower
2025-06-15 16:59:43,213 - INFO - Step lower done. Changes: factory_country:9028, factory_city:9022, owner_company_name:8533, product_name:4919
2025-06-15 16:59:43,213 - INFO - Starting pipeline step: diacritics
2025-06-15 16:59:43,246 - INFO - Step diacritics done. Changes: factory_country:1, factory_city:618, owner_company_name:103, product_name:48
2025-06-15 16:59:43,247 - INFO - Starting pipeline step: nfkd
2025-06-15 16:59:43,255 - INFO - Step nfkd done. Changes: none
2025-06-15 16:59:43,255 - INFO - Starting pipeline step: strip
2025-06-15 16:59:43,262 - INFO - Step strip done. Changes: product_name:3
2025-06-15 16:59:43,262 - INFO - Starting pipeline step: punctuation
2025-06-15 16:59:43,273 - INFO - Step punctuation done. Changes: factory_country:2, factory_city:42, owner_company_name:46, product_name:494
2025-06-15 16:59:43,273 - INFO - Starting pipeline step: hyphen
2025-06-15 16:59:43,281 - INFO - Step hyphen done. Changes: factory_city:180, owner_company_name:297, product_name:1440
2025-06-15 16:59:43,281 - INFO - Starting pipeline step: symbol
2025-06-15 16:59:43,292 - INFO - Step symbol done. Changes: owner_company_name:23
2025-06-15 16:59:43,294 - INFO - Found 1774 unique city-country combinations to standardize
2025-06-15 16:59:43,294 - INFO - Estimated time for geonames calls: 29m 34s
2025-06-15 16:59:43,414 - INFO - [1/1774] {'country_raw': 'china', 'country_standardized': 'China', 'country_iso2': 'CN', 'city': 'shengyang', 'adm_found': True, 'adm_level': 1, 'adm_name': 'Sichuan', 'latitude': '30.4', 'longitude': '104.528'}
