2025-08-04 15:42:31,060 - INFO - Updating mongo-metadata is set to False
2025-08-04 15:42:31,060 - INFO - 🗞️ Flattening articles...
2025-08-04 15:42:43,531 - INFO - 💾 Saved nodes to storage/output/all_nodes.xlsx
2025-08-04 15:42:43,532 - INFO - 💾 Saved relationships to storage/output/all_rels.xlsx
2025-08-04 15:42:43,557 - INFO - 🉑 Merging nodes and relationships...
2025-08-04 15:42:48,125 - WARNING - [standardize_country] country lookup failed for “asia”
2025-08-04 15:42:48,130 - WARNING - [standardize_country] country lookup failed for “unclear”
2025-08-04 15:42:48,134 - WARNING - [standardize_country] country lookup failed for “europe”
2025-08-04 15:42:48,143 - WARNING - [standardize_country] country lookup failed for “sweden or finland”
2025-08-04 15:42:48,171 - WARNING - [standardize_country] country lookup failed for “northern macedonia”
2025-08-04 15:42:48,175 - WARNING - [standardize_country] country lookup failed for “eastern europe”
2025-08-04 15:42:48,179 - WARNING - [standardize_country] country lookup failed for “bavaria, germany”
2025-08-04 15:42:48,184 - WARNING - [standardize_country] country lookup failed for “china, mexico, poland, india”
2025-08-04 15:42:48,202 - WARNING - [standardize_country] country lookup failed for “germany, poland, or hungary”
2025-08-04 15:42:48,206 - WARNING - [standardize_country] country lookup failed for “democratic republic of congo”
2025-08-04 15:42:48,210 - WARNING - [standardize_country] country lookup failed for “germany-dutch”
2025-08-04 15:42:48,228 - WARNING - [standardize_country] country lookup failed for “north america”
2025-08-04 15:42:48,233 - WARNING - [standardize_country] country lookup failed for “eu and uk”
2025-08-04 15:42:48,237 - WARNING - [standardize_country] country lookup failed for “mexico, usa or canada”
2025-08-04 15:42:48,242 - WARNING - [standardize_country] country lookup failed for “western europe”
2025-08-04 15:42:48,251 - WARNING - [standardize_country] country lookup failed for “mainland europe”
2025-08-04 15:42:48,255 - WARNING - [standardize_country] country lookup failed for “central or eastern europe”
2025-08-04 15:42:48,260 - WARNING - [standardize_country] country lookup failed for “sardinia”
2025-08-04 15:42:48,273 - WARNING - [standardize_country] country lookup failed for “bosnia-herzegovina”
2025-08-04 15:42:48,282 - WARNING - [standardize_country] country lookup failed for “morocoo”
2025-08-04 15:42:48,603 - INFO - 💾 Saved factory-technology graph segment to storage/output/factory-technological.xlsx
2025-08-04 15:42:48,608 - INFO - 🧮 Grouping projects...
2025-08-04 15:42:48,608 - INFO - Reading input file: storage/output/factory-technological.xlsx
2025-08-04 15:42:48,810 - INFO - Missing values per column before dropping:
2025-08-04 15:42:48,810 - INFO - adm1           963
inst_canon       8
product_lv1    748
dtype: int64
2025-08-04 15:42:48,810 - INFO - Dropped 1436 rows because of missing values; 1489 remain.
2025-08-04 15:42:48,811 - INFO - Unique owners before manual dict: 339
2025-08-04 15:42:48,811 - INFO - Unique owners after manual dict: 321
2025-08-04 15:42:50,004 - INFO - Saving output to ./storage/output/all_projects.xlsx
2025-08-04 15:42:50,165 - INFO - Saving filtered output to storage/output/filtered_projects.xlsx
2025-08-04 15:42:50,166 - INFO - Total pipeline time: 0.32 minutes
