2025-08-04 17:49:00,184 - INFO - Updating mongo-metadata is set to False
2025-08-04 17:49:00,184 - INFO - 🗞️ Flattening articles...
2025-08-04 17:49:13,507 - INFO - 💾 Saved nodes to storage/output/all_nodes.xlsx
2025-08-04 17:49:13,507 - INFO - 💾 Saved relationships to storage/output/all_rels.xlsx
2025-08-04 17:49:13,531 - INFO - 🉑 Merging nodes and relationships...
2025-08-04 17:49:18,105 - WARNING - [standardize_country] country lookup failed for “asia”
2025-08-04 17:49:18,109 - WARNING - [standardize_country] country lookup failed for “unclear”
2025-08-04 17:49:18,114 - WARNING - [standardize_country] country lookup failed for “europe”
2025-08-04 17:49:18,124 - WARNING - [standardize_country] country lookup failed for “sweden or finland”
2025-08-04 17:49:18,151 - WARNING - [standardize_country] country lookup failed for “northern macedonia”
2025-08-04 17:49:18,155 - WARNING - [standardize_country] country lookup failed for “eastern europe”
2025-08-04 17:49:18,160 - WARNING - [standardize_country] country lookup failed for “bavaria, germany”
2025-08-04 17:49:18,164 - WARNING - [standardize_country] country lookup failed for “china, mexico, poland, india”
2025-08-04 17:49:18,182 - WARNING - [standardize_country] country lookup failed for “germany, poland, or hungary”
2025-08-04 17:49:18,187 - WARNING - [standardize_country] country lookup failed for “democratic republic of congo”
2025-08-04 17:49:18,192 - WARNING - [standardize_country] country lookup failed for “germany-dutch”
2025-08-04 17:49:18,210 - WARNING - [standardize_country] country lookup failed for “north america”
2025-08-04 17:49:18,214 - WARNING - [standardize_country] country lookup failed for “eu and uk”
2025-08-04 17:49:18,219 - WARNING - [standardize_country] country lookup failed for “mexico, usa or canada”
2025-08-04 17:49:18,223 - WARNING - [standardize_country] country lookup failed for “western europe”
2025-08-04 17:49:18,232 - WARNING - [standardize_country] country lookup failed for “mainland europe”
2025-08-04 17:49:18,237 - WARNING - [standardize_country] country lookup failed for “central or eastern europe”
2025-08-04 17:49:18,242 - WARNING - [standardize_country] country lookup failed for “sardinia”
2025-08-04 17:49:18,255 - WARNING - [standardize_country] country lookup failed for “bosnia-herzegovina”
2025-08-04 17:49:18,264 - WARNING - [standardize_country] country lookup failed for “morocoo”
2025-08-04 17:49:18,583 - INFO - 💾 Saved factory-technology graph segment to storage/output/factory-technological.xlsx
2025-08-04 17:49:18,587 - INFO - 🧮 Grouping projects...
2025-08-04 17:49:18,587 - INFO - Reading input file: storage/output/factory-technological.xlsx
2025-08-04 17:49:18,788 - INFO - Missing values per column before dropping:
2025-08-04 17:49:18,789 - INFO - adm1           963
inst_canon       8
product_lv1    748
dtype: int64
2025-08-04 17:49:18,789 - INFO - Dropped 1436 rows because of missing values; 1489 remain.
2025-08-04 17:49:18,789 - INFO - Unique owners before manual dict: 339
2025-08-04 17:49:18,790 - INFO - Unique owners after manual dict: 321
2025-08-04 17:49:19,995 - INFO - Saving output to ./storage/output/all_projects.xlsx
2025-08-04 17:49:20,159 - INFO - Saving filtered output to storage/output/filtered_projects.xlsx
2025-08-04 17:49:20,159 - INFO - - writing facilities
2025-08-04 17:49:20,333 - INFO - 🗑️ Cleared existing facilities from MongoDB.
2025-08-04 17:49:20,383 - INFO - Saving a copy of facilities to excel at storage/output/facilities.xlsx
2025-08-04 17:49:20,562 - INFO - ✅ Inserted 84 facilities into MongoDB.
2025-08-04 17:49:20,562 - INFO - Total pipeline time: 0.34 minutes
