2025-08-01 10:43:09,731 - INFO - Updating metadata is set to False
2025-08-01 10:43:09,731 - INFO - 🕴️Normalising companies...
2025-08-01 10:43:10,771 - INFO - 🔢 10108 company or joint_venture nodes present
2025-08-01 10:43:10,771 - INFO - 🟢 of which 10106 already have name_canon. 2 need processing
2025-08-01 10:43:10,969 - INFO - 0
2025-08-01 10:43:10,969 - INFO - 🗞️ Flattening articles...
2025-08-01 10:43:21,176 - INFO - 💾 Saved nodes to storage/output/all_nodes.xlsx
2025-08-01 10:43:21,176 - INFO - 💾 Saved relationships to storage/output/all_rels.xlsx
2025-08-01 10:43:21,201 - INFO - 🉑 Merging nodes and relationships...
2025-08-01 10:43:25,728 - WARNING - [standardize_country] country lookup failed for “asia”
2025-08-01 10:43:25,733 - WARNING - [standardize_country] country lookup failed for “unclear”
2025-08-01 10:43:25,738 - WARNING - [standardize_country] country lookup failed for “europe”
2025-08-01 10:43:25,747 - WARNING - [standardize_country] country lookup failed for “sweden or finland”
2025-08-01 10:43:25,775 - WARNING - [standardize_country] country lookup failed for “northern macedonia”
2025-08-01 10:43:25,780 - WARNING - [standardize_country] country lookup failed for “eastern europe”
2025-08-01 10:43:25,785 - WARNING - [standardize_country] country lookup failed for “bavaria, germany”
2025-08-01 10:43:25,790 - WARNING - [standardize_country] country lookup failed for “china, mexico, poland, india”
2025-08-01 10:43:25,809 - WARNING - [standardize_country] country lookup failed for “germany, poland, or hungary”
2025-08-01 10:43:25,813 - WARNING - [standardize_country] country lookup failed for “democratic republic of congo”
2025-08-01 10:43:25,818 - WARNING - [standardize_country] country lookup failed for “germany-dutch”
2025-08-01 10:43:25,836 - WARNING - [standardize_country] country lookup failed for “north america”
2025-08-01 10:43:25,841 - WARNING - [standardize_country] country lookup failed for “eu and uk”
2025-08-01 10:43:25,845 - WARNING - [standardize_country] country lookup failed for “mexico, usa or canada”
2025-08-01 10:43:25,850 - WARNING - [standardize_country] country lookup failed for “western europe”
2025-08-01 10:43:25,859 - WARNING - [standardize_country] country lookup failed for “mainland europe”
2025-08-01 10:43:25,864 - WARNING - [standardize_country] country lookup failed for “central or eastern europe”
2025-08-01 10:43:25,869 - WARNING - [standardize_country] country lookup failed for “sardinia”
2025-08-01 10:43:25,883 - WARNING - [standardize_country] country lookup failed for “bosnia-herzegovina”
2025-08-01 10:43:25,892 - WARNING - [standardize_country] country lookup failed for “morocoo”
2025-08-01 10:43:26,171 - INFO - 💾 Saved factory-technology graph segment to storage/output/factory-technological.xlsx
2025-08-01 10:43:26,176 - INFO - 🧮 Grouping projects...
2025-08-01 10:43:26,176 - INFO - Reading input file: storage/output/factory-technological.xlsx
2025-08-01 10:43:26,375 - INFO - Missing values per column before dropping:
2025-08-01 10:43:26,375 - INFO - adm1           962
inst_canon       0
product_lv1    740
dtype: int64
2025-08-01 10:43:26,376 - INFO - Dropped 1428 rows because of missing values; 1489 remain.
2025-08-01 10:43:26,376 - INFO - Unique owners before manual dict: 339
2025-08-01 10:43:26,376 - INFO - Unique owners after manual dict: 321
2025-08-01 10:43:27,579 - INFO - Saving output to ./storage/output/all_projects.xlsx
2025-08-01 10:43:27,731 - INFO - Total pipeline time: 0.30 minutes
