2025-08-04 14:58:48,592 - INFO - Updating mongo-metadata is set to False
2025-08-04 14:58:48,592 - INFO - 🗞️ Flattening articles...
2025-08-04 14:59:01,669 - INFO - 💾 Saved nodes to storage/output/all_nodes.xlsx
2025-08-04 14:59:01,669 - INFO - 💾 Saved relationships to storage/output/all_rels.xlsx
2025-08-04 14:59:01,693 - INFO - 🉑 Merging nodes and relationships...
2025-08-04 14:59:06,320 - WARNING - [standardize_country] country lookup failed for “asia”
2025-08-04 14:59:06,324 - WARNING - [standardize_country] country lookup failed for “unclear”
2025-08-04 14:59:06,329 - WARNING - [standardize_country] country lookup failed for “europe”
2025-08-04 14:59:06,338 - WARNING - [standardize_country] country lookup failed for “sweden or finland”
2025-08-04 14:59:06,365 - WARNING - [standardize_country] country lookup failed for “northern macedonia”
2025-08-04 14:59:06,370 - WARNING - [standardize_country] country lookup failed for “eastern europe”
2025-08-04 14:59:06,374 - WARNING - [standardize_country] country lookup failed for “bavaria, germany”
2025-08-04 14:59:06,379 - WARNING - [standardize_country] country lookup failed for “china, mexico, poland, india”
2025-08-04 14:59:06,397 - WARNING - [standardize_country] country lookup failed for “germany, poland, or hungary”
2025-08-04 14:59:06,401 - WARNING - [standardize_country] country lookup failed for “democratic republic of congo”
2025-08-04 14:59:06,406 - WARNING - [standardize_country] country lookup failed for “germany-dutch”
2025-08-04 14:59:06,424 - WARNING - [standardize_country] country lookup failed for “north america”
2025-08-04 14:59:06,429 - WARNING - [standardize_country] country lookup failed for “eu and uk”
2025-08-04 14:59:06,433 - WARNING - [standardize_country] country lookup failed for “mexico, usa or canada”
2025-08-04 14:59:06,438 - WARNING - [standardize_country] country lookup failed for “western europe”
2025-08-04 14:59:06,447 - WARNING - [standardize_country] country lookup failed for “mainland europe”
2025-08-04 14:59:06,452 - WARNING - [standardize_country] country lookup failed for “central or eastern europe”
2025-08-04 14:59:06,456 - WARNING - [standardize_country] country lookup failed for “sardinia”
2025-08-04 14:59:06,470 - WARNING - [standardize_country] country lookup failed for “bosnia-herzegovina”
2025-08-04 14:59:06,479 - WARNING - [standardize_country] country lookup failed for “morocoo”
2025-08-04 14:59:06,757 - INFO - 💾 Saved factory-technology graph segment to storage/output/factory-technological.xlsx
2025-08-04 14:59:06,762 - INFO - 🧮 Grouping projects...
2025-08-04 14:59:06,762 - INFO - Reading input file: storage/output/factory-technological.xlsx
2025-08-04 14:59:06,954 - INFO - Missing values per column before dropping:
2025-08-04 14:59:06,954 - INFO - adm1           963
inst_canon       8
product_lv1    748
dtype: int64
2025-08-04 14:59:06,954 - INFO - Dropped 1436 rows because of missing values; 1489 remain.
2025-08-04 14:59:06,955 - INFO - Unique owners before manual dict: 339
2025-08-04 14:59:06,955 - INFO - Unique owners after manual dict: 321
2025-08-04 14:59:08,356 - INFO - Saving output to ./storage/output/all_projects.xlsx
2025-08-04 14:59:08,508 - INFO - Total pipeline time: 0.33 minutes
