2025-07-31 17:19:25,936 - INFO - Querying geonames...
2025-07-31 17:19:25,936 - INFO - 🌎 Starting geonames query
2025-07-31 17:19:28,050 - WARNING - [standardize_country] country lookup failed for “asia”
2025-07-31 17:19:28,055 - WARNING - [standardize_country] country lookup failed for “unclear”
2025-07-31 17:19:28,059 - WARNING - [standardize_country] country lookup failed for “europe”
2025-07-31 17:19:28,069 - WARNING - [standardize_country] country lookup failed for “sweden or finland”
2025-07-31 17:19:28,100 - WARNING - [standardize_country] country lookup failed for “northern macedonia”
2025-07-31 17:19:28,104 - WARNING - [standardize_country] country lookup failed for “eastern europe”
2025-07-31 17:19:28,109 - WARNING - [standardize_country] country lookup failed for “bavaria, germany”
2025-07-31 17:19:28,113 - WARNING - [standardize_country] country lookup failed for “china, mexico, poland, india”
2025-07-31 17:19:28,132 - WARNING - [standardize_country] country lookup failed for “germany, poland, or hungary”
2025-07-31 17:19:28,137 - WARNING - [standardize_country] country lookup failed for “democratic republic of congo”
2025-07-31 17:19:28,142 - WARNING - [standardize_country] country lookup failed for “germany-dutch”
2025-07-31 17:19:28,160 - WARNING - [standardize_country] country lookup failed for “north america”
2025-07-31 17:19:28,165 - WARNING - [standardize_country] country lookup failed for “eu and uk”
2025-07-31 17:19:28,170 - WARNING - [standardize_country] country lookup failed for “mexico, usa or canada”
2025-07-31 17:19:28,175 - WARNING - [standardize_country] country lookup failed for “western europe”
2025-07-31 17:19:28,184 - WARNING - [standardize_country] country lookup failed for “mainland europe”
2025-07-31 17:19:28,189 - WARNING - [standardize_country] country lookup failed for “central or eastern europe”
2025-07-31 17:19:28,193 - WARNING - [standardize_country] country lookup failed for “sardinia”
2025-07-31 17:19:28,207 - WARNING - [standardize_country] country lookup failed for “bosnia-herzegovina”
2025-07-31 17:19:28,216 - WARNING - [standardize_country] country lookup failed for “morocoo”
2025-07-31 17:19:31,671 - INFO - ✅ MongoDB updated. Inserted: 0, Modified: 14
2025-07-31 17:19:31,688 - INFO - Classifying products
