2025-08-01 10:39:22,067 - INFO - Updating metadata is set to False
2025-08-01 10:39:22,067 - INFO - 🕴️Normalising companies...
2025-08-01 10:39:23,207 - INFO - 🔢 10108 company or joint_venture nodes present
2025-08-01 10:39:23,208 - INFO - 🟢 of which 9001 already have name_canon. 1107 need processing
2025-08-01 10:39:25,602 - INFO - 1556
2025-08-01 10:40:07,949 - INFO - Batch 0: matched 2424, modified 662
2025-08-01 10:40:50,495 - INFO - Batch 1: matched 4209, modified 708
2025-08-01 10:41:32,536 - INFO - Batch 2: matched 4351, modified 690
2025-08-01 10:41:37,349 - INFO - Batch 3: matched 790, modified 70
2025-08-01 10:41:37,353 - INFO - 🗞️ Flattening articles...
2025-08-01 10:41:47,456 - INFO - 💾 Saved nodes to storage/output/all_nodes.xlsx
2025-08-01 10:41:47,457 - INFO - 💾 Saved relationships to storage/output/all_rels.xlsx
2025-08-01 10:41:47,480 - INFO - 🉑 Merging nodes and relationships...
2025-08-01 10:41:52,089 - WARNING - [standardize_country] country lookup failed for “asia”
2025-08-01 10:41:52,094 - WARNING - [standardize_country] country lookup failed for “unclear”
2025-08-01 10:41:52,098 - WARNING - [standardize_country] country lookup failed for “europe”
2025-08-01 10:41:52,108 - WARNING - [standardize_country] country lookup failed for “sweden or finland”
2025-08-01 10:41:52,144 - WARNING - [standardize_country] country lookup failed for “northern macedonia”
2025-08-01 10:41:52,152 - WARNING - [standardize_country] country lookup failed for “eastern europe”
2025-08-01 10:41:52,157 - WARNING - [standardize_country] country lookup failed for “bavaria, germany”
2025-08-01 10:41:52,162 - WARNING - [standardize_country] country lookup failed for “china, mexico, poland, india”
2025-08-01 10:41:52,183 - WARNING - [standardize_country] country lookup failed for “germany, poland, or hungary”
2025-08-01 10:41:52,188 - WARNING - [standardize_country] country lookup failed for “democratic republic of congo”
2025-08-01 10:41:52,193 - WARNING - [standardize_country] country lookup failed for “germany-dutch”
2025-08-01 10:41:52,211 - WARNING - [standardize_country] country lookup failed for “north america”
2025-08-01 10:41:52,217 - WARNING - [standardize_country] country lookup failed for “eu and uk”
2025-08-01 10:41:52,222 - WARNING - [standardize_country] country lookup failed for “mexico, usa or canada”
2025-08-01 10:41:52,226 - WARNING - [standardize_country] country lookup failed for “western europe”
2025-08-01 10:41:52,236 - WARNING - [standardize_country] country lookup failed for “mainland europe”
2025-08-01 10:41:52,241 - WARNING - [standardize_country] country lookup failed for “central or eastern europe”
2025-08-01 10:41:52,245 - WARNING - [standardize_country] country lookup failed for “sardinia”
2025-08-01 10:41:52,259 - WARNING - [standardize_country] country lookup failed for “bosnia-herzegovina”
2025-08-01 10:41:52,268 - WARNING - [standardize_country] country lookup failed for “morocoo”
2025-08-01 10:41:52,557 - INFO - 💾 Saved factory-technology graph segment to storage/output/factory-technological.xlsx
2025-08-01 10:41:52,562 - INFO - 🧮 Grouping projects...
2025-08-01 10:41:52,562 - INFO - Reading input file: storage/output/factory-technological.xlsx
2025-08-01 10:41:52,756 - INFO - Missing values per column before dropping:
2025-08-01 10:41:52,756 - INFO - adm1           962
inst_canon       0
product_lv1    740
dtype: int64
2025-08-01 10:41:52,756 - INFO - Dropped 1428 rows because of missing values; 1489 remain.
2025-08-01 10:41:52,757 - INFO - Unique owners before manual dict: 339
2025-08-01 10:41:52,757 - INFO - Unique owners after manual dict: 321
2025-08-01 10:41:53,850 - INFO - Saving output to ./storage/output/all_projects.xlsx
2025-08-01 10:41:54,003 - INFO - Total pipeline time: 2.53 minutes
