2025-08-04 18:06:04,891 - INFO - Updating mongo-metadata is set to False
2025-08-04 18:06:04,891 - INFO - 🗞️ Flattening articles...
2025-08-04 18:06:15,797 - INFO - 💾 Saved nodes to storage/output/all_nodes.xlsx
2025-08-04 18:06:15,797 - INFO - 💾 Saved relationships to storage/output/all_rels.xlsx
2025-08-04 18:06:15,821 - INFO - 🉑 Merging nodes and relationships...
2025-08-04 18:06:20,382 - WARNING - [standardize_country] country lookup failed for “asia”
2025-08-04 18:06:20,387 - WARNING - [standardize_country] country lookup failed for “unclear”
2025-08-04 18:06:20,391 - WARNING - [standardize_country] country lookup failed for “europe”
2025-08-04 18:06:20,400 - WARNING - [standardize_country] country lookup failed for “sweden or finland”
2025-08-04 18:06:20,427 - WARNING - [standardize_country] country lookup failed for “northern macedonia”
2025-08-04 18:06:20,432 - WARNING - [standardize_country] country lookup failed for “eastern europe”
2025-08-04 18:06:20,436 - WARNING - [standardize_country] country lookup failed for “bavaria, germany”
2025-08-04 18:06:20,441 - WARNING - [standardize_country] country lookup failed for “china, mexico, poland, india”
2025-08-04 18:06:20,459 - WARNING - [standardize_country] country lookup failed for “germany, poland, or hungary”
2025-08-04 18:06:20,463 - WARNING - [standardize_country] country lookup failed for “democratic republic of congo”
2025-08-04 18:06:20,468 - WARNING - [standardize_country] country lookup failed for “germany-dutch”
2025-08-04 18:06:20,486 - WARNING - [standardize_country] country lookup failed for “north america”
2025-08-04 18:06:20,490 - WARNING - [standardize_country] country lookup failed for “eu and uk”
2025-08-04 18:06:20,495 - WARNING - [standardize_country] country lookup failed for “mexico, usa or canada”
2025-08-04 18:06:20,500 - WARNING - [standardize_country] country lookup failed for “western europe”
2025-08-04 18:06:20,509 - WARNING - [standardize_country] country lookup failed for “mainland europe”
2025-08-04 18:06:20,513 - WARNING - [standardize_country] country lookup failed for “central or eastern europe”
2025-08-04 18:06:20,518 - WARNING - [standardize_country] country lookup failed for “sardinia”
2025-08-04 18:06:20,531 - WARNING - [standardize_country] country lookup failed for “bosnia-herzegovina”
2025-08-04 18:06:20,541 - WARNING - [standardize_country] country lookup failed for “morocoo”
2025-08-04 18:06:20,865 - INFO - 💾 Saved factory-technology graph segment to storage/output/factory-technological.xlsx
2025-08-04 18:06:20,869 - INFO - 🧮 Grouping projects...
2025-08-04 18:06:20,870 - INFO - Reading input file: storage/output/factory-technological.xlsx
2025-08-04 18:06:21,075 - INFO - Missing values per column before dropping:
2025-08-04 18:06:21,075 - INFO - adm1           963
inst_canon       8
product_lv1    748
dtype: int64
2025-08-04 18:06:21,076 - INFO - Dropped 1436 rows because of missing values; 1489 remain.
2025-08-04 18:06:21,076 - INFO - Unique owners before manual dict: 339
2025-08-04 18:06:21,076 - INFO - Unique owners after manual dict: 321
2025-08-04 18:06:22,570 - INFO - Saving output to ./storage/output/all_projects.xlsx
2025-08-04 18:06:22,736 - INFO - Saving filtered output to storage/output/filtered_projects.xlsx
2025-08-04 18:06:22,737 - INFO - - writing facilities
2025-08-04 18:06:22,914 - INFO - 🗑️ Cleared existing facilities from MongoDB.
2025-08-04 18:06:22,966 - INFO - bbox
<class 'str'>    347
Name: count, dtype: int64
2025-08-04 18:06:22,966 - INFO - ["{'east': 8.815542328183053, 'south': 58.43902587812143, 'north': 58.48399412187857, 'west': 8.729517671816946, 'accuracyLevel': 2}", "{'east': 8.815542328183053, 'south': 58.43902587812143, 'north': 58.48399412187857, 'west': 8.729517671816946, 'accuracyLevel': 2}", "{'east': 8.815542328183053, 'south': 58.43902587812143, 'north': 58.48399412187857, 'west': 8.729517671816946, 'accuracyLevel': 2}", "{'east': 8.815542328183053, 'south': 58.43902587812143, 'north': 58.48399412187857, 'west': 8.729517671816946, 'accuracyLevel': 2}", "{'east': 8.815542328183053, 'south': 58.43902587812143, 'north': 58.48399412187857, 'west': 8.729517671816946, 'accuracyLevel': 2}"]
2025-08-04 18:06:22,968 - INFO - Saving a copy of facilities to excel at storage/output/facilities.xlsx
2025-08-04 18:06:23,150 - INFO - ✅ Inserted 84 facilities into MongoDB.
2025-08-04 18:06:23,151 - INFO - Total pipeline time: 0.30 minutes
