2025-07-31 15:57:42,989 - INFO - Classifying products
2025-07-31 16:01:01,987 - INFO - Flattening articles...
2025-07-31 16:01:15,320 - INFO - 💾 Saved nodes to storage/output/all_nodes.xlsx
2025-07-31 16:01:15,321 - INFO - 💾 Saved relationships to storage/output/all_rels.xlsx
2025-07-31 16:01:15,347 - INFO - Merging nodes and relationships...
2025-07-31 16:01:19,950 - WARNING - [standardize_country] country lookup failed for “asia”
2025-07-31 16:01:19,955 - WARNING - [standardize_country] country lookup failed for “unclear”
2025-07-31 16:01:19,960 - WARNING - [standardize_country] country lookup failed for “europe”
2025-07-31 16:01:19,969 - WARNING - [standardize_country] country lookup failed for “sweden or finland”
2025-07-31 16:01:19,997 - WARNING - [standardize_country] country lookup failed for “northern macedonia”
2025-07-31 16:01:20,001 - WARNING - [standardize_country] country lookup failed for “eastern europe”
2025-07-31 16:01:20,006 - WARNING - [standardize_country] country lookup failed for “bavaria, germany”
2025-07-31 16:01:20,011 - WARNING - [standardize_country] country lookup failed for “china, mexico, poland, india”
2025-07-31 16:01:20,029 - WARNING - [standardize_country] country lookup failed for “germany, poland, or hungary”
2025-07-31 16:01:20,033 - WARNING - [standardize_country] country lookup failed for “democratic republic of congo”
2025-07-31 16:01:20,038 - WARNING - [standardize_country] country lookup failed for “germany-dutch”
2025-07-31 16:01:20,056 - WARNING - [standardize_country] country lookup failed for “north america”
2025-07-31 16:01:20,061 - WARNING - [standardize_country] country lookup failed for “eu and uk”
2025-07-31 16:01:20,066 - WARNING - [standardize_country] country lookup failed for “mexico, usa or canada”
2025-07-31 16:01:20,070 - WARNING - [standardize_country] country lookup failed for “western europe”
2025-07-31 16:01:20,079 - WARNING - [standardize_country] country lookup failed for “mainland europe”
2025-07-31 16:01:20,084 - WARNING - [standardize_country] country lookup failed for “central or eastern europe”
2025-07-31 16:01:20,088 - WARNING - [standardize_country] country lookup failed for “sardinia”
2025-07-31 16:01:20,102 - WARNING - [standardize_country] country lookup failed for “bosnia-herzegovina”
2025-07-31 16:01:20,111 - WARNING - [standardize_country] country lookup failed for “morocoo”
2025-07-31 16:01:20,396 - INFO - 💾 Saved factory-technology graph segment to storage/output/factory-technological.xlsx
2025-07-31 16:01:20,401 - INFO - Grouping projects...
2025-07-31 16:01:20,402 - INFO - Reading input file: storage/output/factory-technological.xlsx
2025-07-31 16:01:20,596 - INFO - Missing values per column before dropping:
2025-07-31 16:01:20,596 - INFO - adm1           963
inst_canon      30
product_lv1    740
dtype: int64
2025-07-31 16:01:20,597 - INFO - Dropped 1437 rows because of missing values; 1480 remain.
2025-07-31 16:01:20,597 - INFO - Unique owners before manual dict: 337
2025-07-31 16:01:20,597 - INFO - Unique owners after manual dict: 319
2025-07-31 16:01:21,717 - INFO - Saving output to ./storage/output/all_projects.xlsx
2025-07-31 16:01:21,875 - INFO - Total pipeline time: 3.65 minutes
