2025-07-31 17:19:32,725 - INFO - 🔎 [1/991] product='03 sedan' → 1 document(s) matched
2025-07-31 17:19:32,835 - INFO - 🔎 [2/991] product='100 kW electric motor' → 1 document(s) matched
2025-07-31 17:19:32,946 - INFO - 🔎 [3/991] product='12V starter battery' → 1 document(s) matched
2025-07-31 17:19:33,063 - INFO - 🔎 [4/991] product='210mm monocrystalline wafers' → 2 document(s) matched
2025-07-31 17:19:33,183 - INFO - 🔎 [5/991] product='2170 cells' → 17 document(s) matched
2025-07-31 17:19:33,296 - INFO - 🔎 [6/991] product='2170 round cells' → 11 document(s) matched
2025-07-31 17:19:33,422 - INFO - 🔎 [7/991] product='21700 cylindrical cells' → 1 document(s) matched
2025-07-31 17:19:33,545 - INFO - 🔎 [8/991] product='240 Ah cell' → 1 document(s) matched
2025-07-31 17:19:33,663 - INFO - 🔎 [9/991] product='24M SemiSolid battery cells' → 1 document(s) matched
2025-07-31 17:19:33,778 - INFO - 🔎 [10/991] product='3 Series Saloon' → 1 document(s) matched
2025-07-31 17:19:33,899 - INFO - 🔎 [11/991] product='3 Series Touring' → 2 document(s) matched
2025-07-31 17:19:34,010 - INFO - 🔎 [12/991] product='30-second-life I-PACE batteries' → 1 document(s) matched
2025-07-31 17:19:34,127 - INFO - 🔎 [13/991] product='3D LFP cells' → 1 document(s) matched
2025-07-31 17:19:34,247 - INFO - 🔎 [14/991] product='3D printed electric vehicles' → 1 document(s) matched
2025-07-31 17:19:34,355 - INFO - 🔎 [15/991] product='3D-printed solid-state batteries' → 3 document(s) matched
2025-07-31 17:19:34,464 - INFO - 🔎 [16/991] product='4 Series Gran Coupé' → 2 document(s) matched
2025-07-31 17:19:34,574 - INFO - 🔎 [17/991] product='46 mm round cells' → 1 document(s) matched
2025-07-31 17:19:34,684 - INFO - 🔎 [18/991] product='4680 Cylindrical Cells' → 0 document(s) matched
2025-07-31 17:19:34,797 - INFO - 🔎 [19/991] product='4680 battery' → 1 document(s) matched
2025-07-31 17:19:34,904 - INFO - 🔎 [20/991] product='4680 battery cell' → 6 document(s) matched
2025-07-31 17:19:35,005 - INFO - 🔎 [21/991] product='4680 battery cells' → 23 document(s) matched
2025-07-31 17:19:35,108 - INFO - 🔎 [22/991] product='4680 cell' → 11 document(s) matched
2025-07-31 17:19:35,216 - INFO - 🔎 [23/991] product='4680 cells' → 41 document(s) matched
2025-07-31 17:19:35,324 - INFO - 🔎 [24/991] product='4680 cylindrical cells' → 4 document(s) matched
2025-07-31 17:19:35,430 - INFO - 🔎 [25/991] product='4680 round cells' → 6 document(s) matched
2025-07-31 17:19:35,551 - INFO - 🔎 [26/991] product='4680-format battery cells' → 4 document(s) matched
2025-07-31 17:19:35,671 - INFO - 🔎 [27/991] product='4680-format cells' → 1 document(s) matched
2025-07-31 17:19:35,806 - INFO - 🔎 [28/991] product='4695 cylindrical battery' → 1 document(s) matched
2025-07-31 17:19:35,914 - INFO - 🔎 [29/991] product='4695 cylindrical battery cells' → 1 document(s) matched
2025-07-31 17:19:36,038 - INFO - 🔎 [30/991] product='46mm cylindrical cells' → 1 document(s) matched
2025-07-31 17:19:36,149 - INFO - 🔎 [31/991] product='580Wp n-type tunnel oxide passivated contact (TOPCon) modules' → 1 document(s) matched
2025-07-31 17:19:36,256 - INFO - 🔎 [32/991] product='800-volt total battery system' → 1 document(s) matched
2025-07-31 17:19:36,367 - INFO - 🔎 [33/991] product='9-3 EV' → 2 document(s) matched
2025-07-31 17:19:36,491 - INFO - 🔎 [34/991] product='A6 e-tron' → 14 document(s) matched
2025-07-31 17:19:36,596 - INFO - 🔎 [35/991] product='AKASystem AKM CYC battery system' → 1 document(s) matched
2025-07-31 17:19:36,705 - INFO - 🔎 [36/991] product='AKASystem OEM PRC lithium-ion battery systems' → 1 document(s) matched
2025-07-31 17:19:36,819 - INFO - 🔎 [37/991] product='AKASystem OEM PRC second-generation battery system' → 1 document(s) matched
2025-07-31 17:19:36,927 - INFO - 🔎 [38/991] product='ASTRO N5 TOPCon solar modules' → 1 document(s) matched
2025-07-31 17:19:37,038 - INFO - 🔎 [39/991] product='Aion LX' → 3 document(s) matched
2025-07-31 17:19:37,145 - INFO - 🔎 [40/991] product='Aion LX Plus' → 3 document(s) matched
2025-07-31 17:19:37,257 - INFO - 🔎 [41/991] product='Aion S' → 4 document(s) matched
2025-07-31 17:19:37,366 - INFO - 🔎 [42/991] product='Aion V' → 6 document(s) matched
2025-07-31 17:19:37,477 - INFO - 🔎 [43/991] product='Aion Y' → 3 document(s) matched
2025-07-31 17:19:37,585 - INFO - 🔎 [44/991] product='Aion Y Plus' → 2 document(s) matched
2025-07-31 17:19:37,691 - INFO - 🔎 [45/991] product='Air EV' → 3 document(s) matched
2025-07-31 17:19:37,803 - INFO - 🔎 [46/991] product='Air electric sedan' → 4 document(s) matched
2025-07-31 17:19:37,916 - INFO - 🔎 [47/991] product='Aiways RG' → 1 document(s) matched
2025-07-31 17:19:38,026 - INFO - 🔎 [48/991] product='Aiways U5' → 4 document(s) matched
2025-07-31 17:19:38,136 - INFO - 🔎 [49/991] product='All-Electric Buses and Trucks' → 0 document(s) matched
2025-07-31 17:19:38,246 - INFO - 🔎 [50/991] product='Amazon delivery van' → 0 document(s) matched
2025-07-31 17:19:38,346 - INFO - 🔎 [51/991] product='Apollo Hybrid Li-metal Battery Cell' → 1 document(s) matched
2025-07-31 17:19:38,463 - INFO - 🔎 [52/991] product='Apollo hybrid lithium metal battery cell' → 0 document(s) matched
2025-07-31 17:19:38,574 - INFO - 🔎 [53/991] product='Arcfox electric models' → 1 document(s) matched
2025-07-31 17:19:38,695 - INFO - 🔎 [54/991] product='Aries LFP battery' → 0 document(s) matched
2025-07-31 17:19:38,809 - INFO - 🔎 [55/991] product='Aries LFP cells' → 1 document(s) matched
2025-07-31 17:19:38,925 - INFO - 🔎 [56/991] product='Arrow STF' → 1 document(s) matched
2025-07-31 17:19:39,039 - INFO - 🔎 [57/991] product='Artemis vehicles' → 1 document(s) matched
2025-07-31 17:19:39,168 - INFO - 🔎 [58/991] product='Artificial Graphite Anode Material' → 0 document(s) matched
2025-07-31 17:19:39,267 - INFO - 🔎 [59/991] product='Atto 3' → 12 document(s) matched
2025-07-31 17:19:39,367 - INFO - 🔎 [60/991] product='Atto 3 SUV' → 2 document(s) matched
2025-07-31 17:19:39,472 - INFO - 🔎 [61/991] product='Atto 3 electric SUV' → 2 document(s) matched
2025-07-31 17:19:39,580 - INFO - 🔎 [62/991] product='Audi A6 e-tron' → 2 document(s) matched
2025-07-31 17:19:39,677 - INFO - 🔎 [63/991] product='Audi Q4 e-tron' → 28 document(s) matched
2025-07-31 17:19:39,782 - INFO - 🔎 [64/991] product='Audi Q4 e-tron Sportback' → 3 document(s) matched
2025-07-31 17:19:39,875 - INFO - 🔎 [65/991] product='Audi Q6 e-tron' → 6 document(s) matched
2025-07-31 17:19:40,001 - INFO - 🔎 [66/991] product='Audi Q6L e-tron' → 2 document(s) matched
2025-07-31 17:19:40,119 - INFO - 🔎 [67/991] product='Audi Q8 e-tron' → 4 document(s) matched
2025-07-31 17:19:40,230 - INFO - 🔎 [68/991] product='Audi e-tron' → 3 document(s) matched
2025-07-31 17:19:40,330 - INFO - 🔎 [69/991] product='Avenger SUV' → 1 document(s) matched
2025-07-31 17:19:40,436 - INFO - 🔎 [70/991] product='B-SUV' → 1 document(s) matched
2025-07-31 17:19:40,537 - INFO - 🔎 [71/991] product='B1 electric SUV' → 1 document(s) matched
2025-07-31 17:19:40,632 - INFO - 🔎 [72/991] product='B2 pickup variant' → 0 document(s) matched
2025-07-31 17:19:40,731 - INFO - 🔎 [73/991] product='BE 6 sub-compact SUV-coupe' → 1 document(s) matched
2025-07-31 17:19:40,841 - INFO - 🔎 [74/991] product='BEV' → 9 document(s) matched
2025-07-31 17:19:40,938 - INFO - 🔎 [75/991] product='BEV and PHEV batteries' → 2 document(s) matched
2025-07-31 17:19:41,034 - INFO - 🔎 [76/991] product='BEV batteries' → 0 document(s) matched
2025-07-31 17:19:41,156 - INFO - 🔎 [77/991] product='BEVs' → 12 document(s) matched
2025-07-31 17:19:41,269 - INFO - 🔎 [78/991] product='BMW 1 Series Sedan' → 2 document(s) matched
2025-07-31 17:19:41,366 - INFO - 🔎 [79/991] product='BMW 2 Series Active Tourer' → 3 document(s) matched
2025-07-31 17:19:41,492 - INFO - 🔎 [80/991] product='BMW 3 Series Sedan' → 5 document(s) matched
2025-07-31 17:19:41,605 - INFO - 🔎 [81/991] product='BMW 3 series Sedan' → 1 document(s) matched
2025-07-31 17:19:41,706 - INFO - 🔎 [82/991] product='BMW 3 series Touring' → 1 document(s) matched
2025-07-31 17:19:41,826 - INFO - 🔎 [83/991] product='BMW 3 series plug-in hybrid' → 1 document(s) matched
2025-07-31 17:19:41,935 - INFO - 🔎 [84/991] product='BMW 4 series Coupé' → 1 document(s) matched
2025-07-31 17:19:42,066 - INFO - 🔎 [85/991] product='BMW 5 Series PHEV' → 1 document(s) matched
2025-07-31 17:19:42,175 - INFO - 🔎 [86/991] product='BMW M4 Coupé' → 1 document(s) matched
2025-07-31 17:19:42,285 - INFO - 🔎 [87/991] product='BMW X1' → 6 document(s) matched
2025-07-31 17:19:42,394 - INFO - 🔎 [88/991] product='BMW X1 Plug-in Hybrid' → 1 document(s) matched
2025-07-31 17:19:42,504 - INFO - 🔎 [89/991] product='BMW X2' → 1 document(s) matched
2025-07-31 17:19:42,627 - INFO - 🔎 [90/991] product='BMW cars' → 1 document(s) matched
2025-07-31 17:19:42,736 - INFO - 🔎 [91/991] product='BMW i' → 2 document(s) matched
2025-07-31 17:19:42,852 - INFO - 🔎 [92/991] product='BMW i3 batteries' → 2 document(s) matched
2025-07-31 17:19:42,966 - INFO - 🔎 [93/991] product='BMW i3 battery' → 1 document(s) matched
2025-07-31 17:19:43,068 - INFO - 🔎 [94/991] product='BMW i3 eDrive 35L' → 3 document(s) matched
2025-07-31 17:19:43,202 - INFO - 🔎 [95/991] product='BMW i4' → 16 document(s) matched
2025-07-31 17:19:43,320 - INFO - 🔎 [96/991] product='BMW i5' → 2 document(s) matched
2025-07-31 17:19:43,435 - INFO - 🔎 [97/991] product='BMW iPerformance' → 1 document(s) matched
2025-07-31 17:19:43,551 - INFO - 🔎 [98/991] product='BMW iX' → 9 document(s) matched
2025-07-31 17:19:43,666 - INFO - 🔎 [99/991] product='BMW iX1' → 5 document(s) matched
2025-07-31 17:19:43,786 - INFO - 🔎 [100/991] product='BMW iX3' → 17 document(s) matched
2025-07-31 17:19:43,893 - INFO - 🔎 [101/991] product='BYD Han EV' → 2 document(s) matched
2025-07-31 17:19:44,007 - INFO - 🔎 [102/991] product='BYD Seal' → 1 document(s) matched
2025-07-31 17:19:44,115 - INFO - 🔎 [103/991] product='Batteries' → 9 document(s) matched
2025-07-31 17:19:44,228 - INFO - 🔎 [104/991] product='Battery' → 4 document(s) matched
2025-07-31 17:19:44,336 - INFO - 🔎 [105/991] product='Battery Cells' → 11 document(s) matched
2025-07-31 17:19:44,445 - INFO - 🔎 [106/991] product='Battery Pack Assembly' → 1 document(s) matched
2025-07-31 17:19:44,555 - INFO - 🔎 [107/991] product='Battery Packs' → 10 document(s) matched
2025-07-31 17:19:44,669 - INFO - 🔎 [108/991] product='Battery Systems' → 1 document(s) matched
2025-07-31 17:19:44,798 - INFO - 🔎 [109/991] product='Bifacial 690W+ modules' → 1 document(s) matched
2025-07-31 17:19:44,914 - INFO - 🔎 [110/991] product='Bifacial High-Efficiency Crystalline PV Modules' → 1 document(s) matched
2025-07-31 17:19:45,037 - INFO - 🔎 [111/991] product='Blade Batteries' → 3 document(s) matched
2025-07-31 17:19:45,145 - INFO - 🔎 [112/991] product='Blade Battery' → 18 document(s) matched
2025-07-31 17:19:45,255 - INFO - 🔎 [113/991] product='Blade Battery Packs' → 0 document(s) matched
2025-07-31 17:19:45,367 - INFO - 🔎 [114/991] product='Blade batteries' → 2 document(s) matched
2025-07-31 17:19:45,486 - INFO - 🔎 [115/991] product='Blazer EV' → 12 document(s) matched
2025-07-31 17:19:45,598 - INFO - 🔎 [116/991] product='Blue Arc Electric Delivery Van' → 1 document(s) matched
2025-07-31 17:19:45,705 - INFO - 🔎 [117/991] product='Boxster roadster' → 1 document(s) matched
2025-07-31 17:19:45,814 - INFO - 🔎 [118/991] product='BrightDrop Delivery Van' → 1 document(s) matched
2025-07-31 17:19:45,925 - INFO - 🔎 [119/991] product='Buick Electra E5' → 3 document(s) matched
2025-07-31 17:19:46,035 - INFO - 🔎 [120/991] product='C10 mid-size SUV' → 2 document(s) matched
2025-07-31 17:19:46,153 - INFO - 🔎 [121/991] product='C350e' → 2 document(s) matched
2025-07-31 17:19:46,265 - INFO - 🔎 [122/991] product='C40' → 2 document(s) matched
2025-07-31 17:19:46,377 - INFO - 🔎 [123/991] product='C40 Recharge' → 6 document(s) matched
2025-07-31 17:19:46,493 - INFO - 🔎 [124/991] product='CIGS thin-film cell' → 1 document(s) matched
2025-07-31 17:19:46,608 - INFO - 🔎 [125/991] product='CMF EV platform' → 1 document(s) matched
2025-07-31 17:19:46,729 - INFO - 🔎 [126/991] product='CMF-EV Crossover' → 1 document(s) matched
2025-07-31 17:19:46,845 - INFO - 🔎 [127/991] product='CMF-EV crossover' → 1 document(s) matched
2025-07-31 17:19:46,947 - INFO - 🔎 [128/991] product='CUPRA Tavascan' → 1 document(s) matched
2025-07-31 17:19:47,082 - INFO - 🔎 [129/991] product='Cadmium Telluride (CdTe) thin-film modules' → 1 document(s) matched
2025-07-31 17:19:47,195 - INFO - 🔎 [130/991] product='Cadmium Tellurium Thin-Film PV' → 1 document(s) matched
2025-07-31 17:19:47,307 - INFO - 🔎 [131/991] product='Canoo Lifestyle Vehicle' → 1 document(s) matched
2025-07-31 17:19:47,415 - INFO - 🔎 [132/991] product='Cathode Active Materials (CAM)' → 1 document(s) matched
2025-07-31 17:19:47,523 - INFO - 🔎 [133/991] product='Cathode Materials for Electric Car Batteries' → 1 document(s) matched
2025-07-31 17:19:47,636 - INFO - 🔎 [134/991] product='Cayman coupe' → 1 document(s) matched
2025-07-31 17:19:47,755 - INFO - 🔎 [135/991] product='Chazor DM-i plug-in hybrid' → 1 document(s) matched
2025-07-31 17:19:47,865 - INFO - 🔎 [136/991] product='Chevrolet Bolt' → 15 document(s) matched
2025-07-31 17:19:47,975 - INFO - 🔎 [137/991] product='Chevy Bolt' → 11 document(s) matched
2025-07-31 17:19:48,085 - INFO - 🔎 [138/991] product='Chloe' → 1 document(s) matched
2025-07-31 17:19:48,195 - INFO - 🔎 [139/991] product='Citroën ë-Berlingo' → 4 document(s) matched
2025-07-31 17:19:48,305 - INFO - 🔎 [140/991] product='Cobalt-free cells' → 0 document(s) matched
2025-07-31 17:19:48,417 - INFO - 🔎 [141/991] product='Cobalt-free lithium-ion cells' → 0 document(s) matched
2025-07-31 17:19:48,538 - INFO - 🔎 [142/991] product='Comet EV small car' → 1 document(s) matched
2025-07-31 17:19:48,645 - INFO - 🔎 [143/991] product='Crossover Coupé' → 0 document(s) matched
2025-07-31 17:19:48,755 - INFO - 🔎 [144/991] product='Cupra Born' → 35 document(s) matched
2025-07-31 17:19:48,867 - INFO - 🔎 [145/991] product='Cupra Raval' → 13 document(s) matched
2025-07-31 17:19:48,982 - INFO - 🔎 [146/991] product='Cupra Tavascan' → 16 document(s) matched
2025-07-31 17:19:49,086 - INFO - 🔎 [147/991] product='Cupra Tavascan SUV coupe' → 0 document(s) matched
2025-07-31 17:19:49,195 - INFO - 🔎 [148/991] product='Cupra UrbanRebel' → 0 document(s) matched
2025-07-31 17:19:49,317 - INFO - 🔎 [149/991] product='Cybertruck' → 62 document(s) matched
2025-07-31 17:19:49,438 - INFO - 🔎 [150/991] product='Dacia Spring' → 11 document(s) matched
2025-07-31 17:19:49,545 - INFO - 🔎 [151/991] product='Defender Inspired 4×4' → 1 document(s) matched
2025-07-31 17:19:49,656 - INFO - 🔎 [152/991] product='Dolphin' → 15 document(s) matched
2025-07-31 17:19:49,773 - INFO - 🔎 [153/991] product='Dolphin electric hatchback' → 1 document(s) matched
2025-07-31 17:19:49,885 - INFO - 🔎 [154/991] product='E-HS3' → 1 document(s) matched
2025-07-31 17:19:49,999 - INFO - 🔎 [155/991] product='E-STOR' → 1 document(s) matched
2025-07-31 17:19:50,116 - INFO - 🔎 [156/991] product='E-SUV G3i' → 1 document(s) matched
2025-07-31 17:19:50,228 - INFO - 🔎 [157/991] product='E-Tourneo Custom' → 2 document(s) matched
2025-07-31 17:19:50,344 - INFO - 🔎 [158/991] product='E-Transit' → 20 document(s) matched
2025-07-31 17:19:50,457 - INFO - 🔎 [159/991] product='E-Transit Custom' → 6 document(s) matched
2025-07-31 17:19:50,571 - INFO - 🔎 [160/991] product='E20X' → 2 document(s) matched
2025-07-31 17:19:50,696 - INFO - 🔎 [161/991] product='EC6' → 7 document(s) matched
2025-07-31 17:19:50,813 - INFO - 🔎 [162/991] product='EDV 700' → 1 document(s) matched
2025-07-31 17:19:50,925 - INFO - 🔎 [163/991] product='EMR4 Electric Axle Drive' → 2 document(s) matched
2025-07-31 17:19:51,036 - INFO - 🔎 [164/991] product='ES6' → 13 document(s) matched
2025-07-31 17:19:51,146 - INFO - 🔎 [165/991] product='ES8' → 17 document(s) matched
2025-07-31 17:19:51,256 - INFO - 🔎 [166/991] product='ET7' → 6 document(s) matched
2025-07-31 17:19:51,378 - INFO - 🔎 [167/991] product='EV' → 14 document(s) matched
2025-07-31 17:19:51,509 - INFO - 🔎 [168/991] product='EV Batteries' → 8 document(s) matched
