2025-07-31 17:26:19,855 - INFO - 🔎 [1/991] product='03 sedan' → 1 document(s) matched
2025-07-31 17:26:19,989 - INFO - 🔎 [2/991] product='100 kW electric motor' → 1 document(s) matched
2025-07-31 17:26:20,100 - INFO - 🔎 [3/991] product='12V starter battery' → 1 document(s) matched
2025-07-31 17:26:20,191 - INFO - 🔎 [4/991] product='210mm monocrystalline wafers' → 2 document(s) matched
2025-07-31 17:26:20,309 - INFO - 🔎 [5/991] product='2170 cells' → 17 document(s) matched
2025-07-31 17:26:20,419 - INFO - 🔎 [6/991] product='2170 round cells' → 11 document(s) matched
2025-07-31 17:26:20,530 - INFO - 🔎 [7/991] product='21700 cylindrical cells' → 1 document(s) matched
2025-07-31 17:26:20,630 - INFO - 🔎 [8/991] product='240 Ah cell' → 1 document(s) matched
2025-07-31 17:26:20,739 - INFO - 🔎 [9/991] product='24M SemiSolid battery cells' → 1 document(s) matched
2025-07-31 17:26:20,854 - INFO - 🔎 [10/991] product='3 Series Saloon' → 1 document(s) matched
2025-07-31 17:26:20,969 - INFO - 🔎 [11/991] product='3 Series Touring' → 2 document(s) matched
2025-07-31 17:26:21,095 - INFO - 🔎 [12/991] product='30-second-life I-PACE batteries' → 1 document(s) matched
2025-07-31 17:26:21,206 - INFO - 🔎 [13/991] product='3D LFP cells' → 1 document(s) matched
2025-07-31 17:26:21,333 - INFO - 🔎 [14/991] product='3D printed electric vehicles' → 1 document(s) matched
2025-07-31 17:26:21,438 - INFO - 🔎 [15/991] product='3D-printed solid-state batteries' → 3 document(s) matched
2025-07-31 17:26:21,547 - INFO - 🔎 [16/991] product='4 Series Gran Coupé' → 2 document(s) matched
2025-07-31 17:26:21,658 - INFO - 🔎 [17/991] product='46 mm round cells' → 1 document(s) matched
2025-07-31 17:26:21,766 - INFO - 🔎 [18/991] product='4680 Cylindrical Cells' → 0 document(s) matched
2025-07-31 17:26:21,862 - INFO - 🔎 [19/991] product='4680 battery' → 1 document(s) matched
2025-07-31 17:26:21,979 - INFO - 🔎 [20/991] product='4680 battery cell' → 6 document(s) matched
2025-07-31 17:26:22,089 - INFO - 🔎 [21/991] product='4680 battery cells' → 23 document(s) matched
2025-07-31 17:26:22,199 - INFO - 🔎 [22/991] product='4680 cell' → 11 document(s) matched
2025-07-31 17:26:22,303 - INFO - 🔎 [23/991] product='4680 cells' → 41 document(s) matched
2025-07-31 17:26:22,414 - INFO - 🔎 [24/991] product='4680 cylindrical cells' → 4 document(s) matched
2025-07-31 17:26:22,520 - INFO - 🔎 [25/991] product='4680 round cells' → 6 document(s) matched
2025-07-31 17:26:22,639 - INFO - 🔎 [26/991] product='4680-format battery cells' → 4 document(s) matched
2025-07-31 17:26:22,779 - INFO - 🔎 [27/991] product='4680-format cells' → 1 document(s) matched
2025-07-31 17:26:22,890 - INFO - 🔎 [28/991] product='4695 cylindrical battery' → 1 document(s) matched
2025-07-31 17:26:23,017 - INFO - 🔎 [29/991] product='4695 cylindrical battery cells' → 1 document(s) matched
2025-07-31 17:26:23,131 - INFO - 🔎 [30/991] product='46mm cylindrical cells' → 1 document(s) matched
2025-07-31 17:26:23,238 - INFO - 🔎 [31/991] product='580Wp n-type tunnel oxide passivated contact (TOPCon) modules' → 1 document(s) matched
2025-07-31 17:26:23,356 - INFO - 🔎 [32/991] product='800-volt total battery system' → 1 document(s) matched
2025-07-31 17:26:23,456 - INFO - 🔎 [33/991] product='9-3 EV' → 2 document(s) matched
2025-07-31 17:26:23,567 - INFO - 🔎 [34/991] product='A6 e-tron' → 14 document(s) matched
2025-07-31 17:26:23,678 - INFO - 🔎 [35/991] product='AKASystem AKM CYC battery system' → 1 document(s) matched
2025-07-31 17:26:23,791 - INFO - 🔎 [36/991] product='AKASystem OEM PRC lithium-ion battery systems' → 1 document(s) matched
2025-07-31 17:26:23,896 - INFO - 🔎 [37/991] product='AKASystem OEM PRC second-generation battery system' → 1 document(s) matched
2025-07-31 17:26:24,018 - INFO - 🔎 [38/991] product='ASTRO N5 TOPCon solar modules' → 1 document(s) matched
2025-07-31 17:26:24,139 - INFO - 🔎 [39/991] product='Aion LX' → 3 document(s) matched
2025-07-31 17:26:24,256 - INFO - 🔎 [40/991] product='Aion LX Plus' → 3 document(s) matched
2025-07-31 17:26:24,362 - INFO - 🔎 [41/991] product='Aion S' → 4 document(s) matched
2025-07-31 17:26:24,460 - INFO - 🔎 [42/991] product='Aion V' → 6 document(s) matched
2025-07-31 17:26:24,570 - INFO - 🔎 [43/991] product='Aion Y' → 3 document(s) matched
2025-07-31 17:26:24,672 - INFO - 🔎 [44/991] product='Aion Y Plus' → 2 document(s) matched
2025-07-31 17:26:24,778 - INFO - 🔎 [45/991] product='Air EV' → 3 document(s) matched
2025-07-31 17:26:24,892 - INFO - 🔎 [46/991] product='Air electric sedan' → 4 document(s) matched
2025-07-31 17:26:25,001 - INFO - 🔎 [47/991] product='Aiways RG' → 1 document(s) matched
2025-07-31 17:26:25,123 - INFO - 🔎 [48/991] product='Aiways U5' → 4 document(s) matched
2025-07-31 17:26:25,227 - INFO - 🔎 [49/991] product='All-Electric Buses and Trucks' → 0 document(s) matched
2025-07-31 17:26:25,348 - INFO - 🔎 [50/991] product='Amazon delivery van' → 0 document(s) matched
2025-07-31 17:26:25,462 - INFO - 🔎 [51/991] product='Apollo Hybrid Li-metal Battery Cell' → 1 document(s) matched
2025-07-31 17:26:25,571 - INFO - 🔎 [52/991] product='Apollo hybrid lithium metal battery cell' → 0 document(s) matched
2025-07-31 17:26:25,669 - INFO - 🔎 [53/991] product='Arcfox electric models' → 1 document(s) matched
2025-07-31 17:26:25,787 - INFO - 🔎 [54/991] product='Aries LFP battery' → 0 document(s) matched
2025-07-31 17:26:25,888 - INFO - 🔎 [55/991] product='Aries LFP cells' → 1 document(s) matched
