2025-07-31 17:46:43,015 - INFO - 🔎 [1/991] product='03 sedan' → 1 document(s) matched
2025-07-31 17:46:43,140 - INFO - 🔎 [2/991] product='100 kW electric motor' → 1 document(s) matched
2025-07-31 17:46:43,259 - INFO - 🔎 [3/991] product='12V starter battery' → 1 document(s) matched
2025-07-31 17:46:43,365 - INFO - 🔎 [4/991] product='210mm monocrystalline wafers' → 2 document(s) matched
2025-07-31 17:46:43,490 - INFO - 🔎 [5/991] product='2170 cells' → 17 document(s) matched
2025-07-31 17:46:43,606 - INFO - 🔎 [6/991] product='2170 round cells' → 11 document(s) matched
2025-07-31 17:46:43,725 - INFO - 🔎 [7/991] product='21700 cylindrical cells' → 1 document(s) matched
2025-07-31 17:46:43,833 - INFO - 🔎 [8/991] product='240 Ah cell' → 1 document(s) matched
2025-07-31 17:46:43,944 - INFO - 🔎 [9/991] product='24M SemiSolid battery cells' → 1 document(s) matched
2025-07-31 17:46:44,051 - INFO - 🔎 [10/991] product='3 Series Saloon' → 1 document(s) matched
2025-07-31 17:46:44,163 - INFO - 🔎 [11/991] product='3 Series Touring' → 2 document(s) matched
2025-07-31 17:46:44,282 - INFO - 🔎 [12/991] product='30-second-life I-PACE batteries' → 1 document(s) matched
2025-07-31 17:46:44,395 - INFO - 🔎 [13/991] product='3D LFP cells' → 1 document(s) matched
2025-07-31 17:46:44,519 - INFO - 🔎 [14/991] product='3D printed electric vehicles' → 1 document(s) matched
2025-07-31 17:46:44,632 - INFO - 🔎 [15/991] product='3D-printed solid-state batteries' → 3 document(s) matched
2025-07-31 17:46:44,752 - INFO - 🔎 [16/991] product='4 Series Gran Coupé' → 2 document(s) matched
2025-07-31 17:46:44,865 - INFO - 🔎 [17/991] product='46 mm round cells' → 1 document(s) matched
2025-07-31 17:46:44,987 - INFO - 🔎 [18/991] product='4680 Cylindrical Cells' → 0 document(s) matched
2025-07-31 17:46:45,106 - INFO - 🔎 [19/991] product='4680 battery' → 1 document(s) matched
2025-07-31 17:46:45,220 - INFO - 🔎 [20/991] product='4680 battery cell' → 6 document(s) matched
2025-07-31 17:46:45,334 - INFO - 🔎 [21/991] product='4680 battery cells' → 23 document(s) matched
2025-07-31 17:46:45,442 - INFO - 🔎 [22/991] product='4680 cell' → 11 document(s) matched
2025-07-31 17:46:45,555 - INFO - 🔎 [23/991] product='4680 cells' → 41 document(s) matched
2025-07-31 17:46:45,662 - INFO - 🔎 [24/991] product='4680 cylindrical cells' → 4 document(s) matched
2025-07-31 17:46:45,783 - INFO - 🔎 [25/991] product='4680 round cells' → 6 document(s) matched
2025-07-31 17:46:45,895 - INFO - 🔎 [26/991] product='4680-format battery cells' → 4 document(s) matched
2025-07-31 17:46:46,012 - INFO - 🔎 [27/991] product='4680-format cells' → 1 document(s) matched
2025-07-31 17:46:46,124 - INFO - 🔎 [28/991] product='4695 cylindrical battery' → 1 document(s) matched
2025-07-31 17:46:46,234 - INFO - 🔎 [29/991] product='4695 cylindrical battery cells' → 1 document(s) matched
2025-07-31 17:46:46,347 - INFO - 🔎 [30/991] product='46mm cylindrical cells' → 1 document(s) matched
2025-07-31 17:46:46,466 - INFO - 🔎 [31/991] product='580Wp n-type tunnel oxide passivated contact (TOPCon) modules' → 1 document(s) matched
2025-07-31 17:46:46,573 - INFO - 🔎 [32/991] product='800-volt total battery system' → 1 document(s) matched
2025-07-31 17:46:46,682 - INFO - 🔎 [33/991] product='9-3 EV' → 2 document(s) matched
2025-07-31 17:46:46,800 - INFO - 🔎 [34/991] product='A6 e-tron' → 14 document(s) matched
2025-07-31 17:46:46,915 - INFO - 🔎 [35/991] product='AKASystem AKM CYC battery system' → 1 document(s) matched
2025-07-31 17:46:47,021 - INFO - 🔎 [36/991] product='AKASystem OEM PRC lithium-ion battery systems' → 1 document(s) matched
2025-07-31 17:46:47,149 - INFO - 🔎 [37/991] product='AKASystem OEM PRC second-generation battery system' → 1 document(s) matched
2025-07-31 17:46:47,264 - INFO - 🔎 [38/991] product='ASTRO N5 TOPCon solar modules' → 1 document(s) matched
2025-07-31 17:46:47,374 - INFO - 🔎 [39/991] product='Aion LX' → 3 document(s) matched
2025-07-31 17:46:47,482 - INFO - 🔎 [40/991] product='Aion LX Plus' → 3 document(s) matched
2025-07-31 17:46:47,592 - INFO - 🔎 [41/991] product='Aion S' → 4 document(s) matched
2025-07-31 17:46:47,702 - INFO - 🔎 [42/991] product='Aion V' → 6 document(s) matched
2025-07-31 17:46:47,812 - INFO - 🔎 [43/991] product='Aion Y' → 3 document(s) matched
2025-07-31 17:46:47,934 - INFO - 🔎 [44/991] product='Aion Y Plus' → 2 document(s) matched
2025-07-31 17:46:48,043 - INFO - 🔎 [45/991] product='Air EV' → 3 document(s) matched
2025-07-31 17:46:48,155 - INFO - 🔎 [46/991] product='Air electric sedan' → 4 document(s) matched
2025-07-31 17:46:48,272 - INFO - 🔎 [47/991] product='Aiways RG' → 1 document(s) matched
2025-07-31 17:46:48,392 - INFO - 🔎 [48/991] product='Aiways U5' → 4 document(s) matched
