2025-07-31 17:46:23,463 - INFO - 🔎 [1/991] product='03 sedan' → 1 document(s) matched
2025-07-31 17:46:23,574 - INFO - 🔎 [2/991] product='100 kW electric motor' → 1 document(s) matched
2025-07-31 17:46:23,682 - INFO - 🔎 [3/991] product='12V starter battery' → 1 document(s) matched
2025-07-31 17:46:23,795 - INFO - 🔎 [4/991] product='210mm monocrystalline wafers' → 2 document(s) matched
2025-07-31 17:46:23,912 - INFO - 🔎 [5/991] product='2170 cells' → 17 document(s) matched
2025-07-31 17:46:24,025 - INFO - 🔎 [6/991] product='2170 round cells' → 11 document(s) matched
2025-07-31 17:46:24,134 - INFO - 🔎 [7/991] product='21700 cylindrical cells' → 1 document(s) matched
2025-07-31 17:46:24,246 - INFO - 🔎 [8/991] product='240 Ah cell' → 1 document(s) matched
2025-07-31 17:46:24,353 - INFO - 🔎 [9/991] product='24M SemiSolid battery cells' → 1 document(s) matched
2025-07-31 17:46:24,470 - INFO - 🔎 [10/991] product='3 Series Saloon' → 1 document(s) matched
2025-07-31 17:46:24,583 - INFO - 🔎 [11/991] product='3 Series Touring' → 2 document(s) matched
2025-07-31 17:46:24,695 - INFO - 🔎 [12/991] product='30-second-life I-PACE batteries' → 1 document(s) matched
2025-07-31 17:46:24,805 - INFO - 🔎 [13/991] product='3D LFP cells' → 1 document(s) matched
2025-07-31 17:46:24,921 - INFO - 🔎 [14/991] product='3D printed electric vehicles' → 1 document(s) matched
2025-07-31 17:46:25,041 - INFO - 🔎 [15/991] product='3D-printed solid-state batteries' → 3 document(s) matched
2025-07-31 17:46:25,152 - INFO - 🔎 [16/991] product='4 Series Gran Coupé' → 2 document(s) matched
2025-07-31 17:46:25,264 - INFO - 🔎 [17/991] product='46 mm round cells' → 1 document(s) matched
2025-07-31 17:46:25,390 - INFO - 🔎 [18/991] product='4680 Cylindrical Cells' → 0 document(s) matched
2025-07-31 17:46:25,503 - INFO - 🔎 [19/991] product='4680 battery' → 1 document(s) matched
2025-07-31 17:46:25,629 - INFO - 🔎 [20/991] product='4680 battery cell' → 6 document(s) matched
2025-07-31 17:46:25,741 - INFO - 🔎 [21/991] product='4680 battery cells' → 23 document(s) matched
2025-07-31 17:46:25,843 - INFO - 🔎 [22/991] product='4680 cell' → 11 document(s) matched
2025-07-31 17:46:25,954 - INFO - 🔎 [23/991] product='4680 cells' → 41 document(s) matched
2025-07-31 17:46:26,063 - INFO - 🔎 [24/991] product='4680 cylindrical cells' → 4 document(s) matched
2025-07-31 17:46:26,172 - INFO - 🔎 [25/991] product='4680 round cells' → 6 document(s) matched
2025-07-31 17:46:26,281 - INFO - 🔎 [26/991] product='4680-format battery cells' → 4 document(s) matched
2025-07-31 17:46:26,394 - INFO - 🔎 [27/991] product='4680-format cells' → 1 document(s) matched
2025-07-31 17:46:26,504 - INFO - 🔎 [28/991] product='4695 cylindrical battery' → 1 document(s) matched
2025-07-31 17:46:26,632 - INFO - 🔎 [29/991] product='4695 cylindrical battery cells' → 1 document(s) matched
2025-07-31 17:46:26,743 - INFO - 🔎 [30/991] product='46mm cylindrical cells' → 1 document(s) matched
2025-07-31 17:46:26,853 - INFO - 🔎 [31/991] product='580Wp n-type tunnel oxide passivated contact (TOPCon) modules' → 1 document(s) matched
2025-07-31 17:46:26,965 - INFO - 🔎 [32/991] product='800-volt total battery system' → 1 document(s) matched
2025-07-31 17:46:27,089 - INFO - 🔎 [33/991] product='9-3 EV' → 2 document(s) matched
2025-07-31 17:46:27,195 - INFO - 🔎 [34/991] product='A6 e-tron' → 14 document(s) matched
2025-07-31 17:46:27,304 - INFO - 🔎 [35/991] product='AKASystem AKM CYC battery system' → 1 document(s) matched
2025-07-31 17:46:27,415 - INFO - 🔎 [36/991] product='AKASystem OEM PRC lithium-ion battery systems' → 1 document(s) matched
2025-07-31 17:46:27,525 - INFO - 🔎 [37/991] product='AKASystem OEM PRC second-generation battery system' → 1 document(s) matched
2025-07-31 17:46:27,650 - INFO - 🔎 [38/991] product='ASTRO N5 TOPCon solar modules' → 1 document(s) matched
2025-07-31 17:46:27,762 - INFO - 🔎 [39/991] product='Aion LX' → 3 document(s) matched
2025-07-31 17:46:27,872 - INFO - 🔎 [40/991] product='Aion LX Plus' → 3 document(s) matched
2025-07-31 17:46:27,994 - INFO - 🔎 [41/991] product='Aion S' → 4 document(s) matched
2025-07-31 17:46:28,104 - INFO - 🔎 [42/991] product='Aion V' → 6 document(s) matched
2025-07-31 17:46:28,213 - INFO - 🔎 [43/991] product='Aion Y' → 3 document(s) matched
