2025-07-31 17:01:17,977 - INFO - 🔎 [1/991] product='03 sedan' → 1 document(s) matched
2025-07-31 17:01:18,083 - INFO - 🔎 [2/991] product='100 kW electric motor' → 1 document(s) matched
2025-07-31 17:01:18,186 - INFO - 🔎 [3/991] product='12V starter battery' → 1 document(s) matched
2025-07-31 17:01:18,308 - INFO - 🔎 [4/991] product='210mm monocrystalline wafers' → 2 document(s) matched
2025-07-31 17:01:18,416 - INFO - 🔎 [5/991] product='2170 cells' → 17 document(s) matched
2025-07-31 17:01:18,526 - INFO - 🔎 [6/991] product='2170 round cells' → 11 document(s) matched
2025-07-31 17:01:18,634 - INFO - 🔎 [7/991] product='21700 cylindrical cells' → 1 document(s) matched
2025-07-31 17:01:18,745 - INFO - 🔎 [8/991] product='240 Ah cell' → 1 document(s) matched
2025-07-31 17:01:18,864 - INFO - 🔎 [9/991] product='24M SemiSolid battery cells' → 1 document(s) matched
2025-07-31 17:01:18,974 - INFO - 🔎 [10/991] product='3 Series Saloon' → 1 document(s) matched
2025-07-31 17:01:19,083 - INFO - 🔎 [11/991] product='3 Series Touring' → 2 document(s) matched
2025-07-31 17:01:19,195 - INFO - 🔎 [12/991] product='30-second-life I-PACE batteries' → 1 document(s) matched
2025-07-31 17:01:19,315 - INFO - 🔎 [13/991] product='3D LFP cells' → 1 document(s) matched
2025-07-31 17:01:19,433 - INFO - 🔎 [14/991] product='3D printed electric vehicles' → 1 document(s) matched
2025-07-31 17:01:19,545 - INFO - 🔎 [15/991] product='3D-printed solid-state batteries' → 3 document(s) matched
2025-07-31 17:01:19,661 - INFO - 🔎 [16/991] product='4 Series Gran Coupé' → 2 document(s) matched
2025-07-31 17:01:19,781 - INFO - 🔎 [17/991] product='46 mm round cells' → 1 document(s) matched
2025-07-31 17:01:19,887 - INFO - 🔎 [18/991] product='4680 Cylindrical Cells' → 0 document(s) matched
2025-07-31 17:01:19,997 - INFO - 🔎 [19/991] product='4680 battery' → 1 document(s) matched
2025-07-31 17:01:20,108 - INFO - 🔎 [20/991] product='4680 battery cell' → 6 document(s) matched
2025-07-31 17:01:20,217 - INFO - 🔎 [21/991] product='4680 battery cells' → 23 document(s) matched
2025-07-31 17:01:20,334 - INFO - 🔎 [22/991] product='4680 cell' → 11 document(s) matched
2025-07-31 17:01:20,444 - INFO - 🔎 [23/991] product='4680 cells' → 41 document(s) matched
2025-07-31 17:01:20,554 - INFO - 🔎 [24/991] product='4680 cylindrical cells' → 4 document(s) matched
2025-07-31 17:01:20,665 - INFO - 🔎 [25/991] product='4680 round cells' → 6 document(s) matched
2025-07-31 17:01:20,790 - INFO - 🔎 [26/991] product='4680-format battery cells' → 4 document(s) matched
2025-07-31 17:01:20,895 - INFO - 🔎 [27/991] product='4680-format cells' → 1 document(s) matched
2025-07-31 17:01:21,001 - INFO - 🔎 [28/991] product='4695 cylindrical battery' → 1 document(s) matched
2025-07-31 17:01:21,114 - INFO - 🔎 [29/991] product='4695 cylindrical battery cells' → 1 document(s) matched
2025-07-31 17:01:21,233 - INFO - 🔎 [30/991] product='46mm cylindrical cells' → 1 document(s) matched
2025-07-31 17:01:21,331 - INFO - 🔎 [31/991] product='580Wp n-type tunnel oxide passivated contact (TOPCon) modules' → 1 document(s) matched
2025-07-31 17:01:21,436 - INFO - 🔎 [32/991] product='800-volt total battery system' → 1 document(s) matched
2025-07-31 17:01:21,560 - INFO - 🔎 [33/991] product='9-3 EV' → 2 document(s) matched
2025-07-31 17:01:21,665 - INFO - 🔎 [34/991] product='A6 e-tron' → 14 document(s) matched
2025-07-31 17:01:21,808 - INFO - 🔎 [35/991] product='AKASystem AKM CYC battery system' → 1 document(s) matched
2025-07-31 17:01:21,912 - INFO - 🔎 [36/991] product='AKASystem OEM PRC lithium-ion battery systems' → 1 document(s) matched
2025-07-31 17:01:22,017 - INFO - 🔎 [37/991] product='AKASystem OEM PRC second-generation battery system' → 1 document(s) matched
2025-07-31 17:01:22,130 - INFO - 🔎 [38/991] product='ASTRO N5 TOPCon solar modules' → 1 document(s) matched
2025-07-31 17:01:22,257 - INFO - 🔎 [39/991] product='Aion LX' → 3 document(s) matched
2025-07-31 17:01:22,365 - INFO - 🔎 [40/991] product='Aion LX Plus' → 3 document(s) matched
2025-07-31 17:01:22,480 - INFO - 🔎 [41/991] product='Aion S' → 4 document(s) matched
2025-07-31 17:01:22,594 - INFO - 🔎 [42/991] product='Aion V' → 6 document(s) matched
2025-07-31 17:01:22,712 - INFO - 🔎 [43/991] product='Aion Y' → 3 document(s) matched
2025-07-31 17:01:22,817 - INFO - 🔎 [44/991] product='Aion Y Plus' → 2 document(s) matched
2025-07-31 17:01:22,925 - INFO - 🔎 [45/991] product='Air EV' → 3 document(s) matched
2025-07-31 17:01:23,046 - INFO - 🔎 [46/991] product='Air electric sedan' → 4 document(s) matched
2025-07-31 17:01:23,161 - INFO - 🔎 [47/991] product='Aiways RG' → 1 document(s) matched
2025-07-31 17:01:23,268 - INFO - 🔎 [48/991] product='Aiways U5' → 4 document(s) matched
2025-07-31 17:01:23,374 - INFO - 🔎 [49/991] product='All-Electric Buses and Trucks' → 0 document(s) matched
2025-07-31 17:01:23,472 - INFO - 🔎 [50/991] product='Amazon delivery van' → 0 document(s) matched
2025-07-31 17:01:23,595 - INFO - 🔎 [51/991] product='Apollo Hybrid Li-metal Battery Cell' → 1 document(s) matched
2025-07-31 17:01:23,706 - INFO - 🔎 [52/991] product='Apollo hybrid lithium metal battery cell' → 0 document(s) matched
2025-07-31 17:01:23,809 - INFO - 🔎 [53/991] product='Arcfox electric models' → 1 document(s) matched
2025-07-31 17:01:23,927 - INFO - 🔎 [54/991] product='Aries LFP battery' → 0 document(s) matched
2025-07-31 17:01:24,035 - INFO - 🔎 [55/991] product='Aries LFP cells' → 1 document(s) matched
2025-07-31 17:01:24,150 - INFO - 🔎 [56/991] product='Arrow STF' → 1 document(s) matched
2025-07-31 17:01:24,258 - INFO - 🔎 [57/991] product='Artemis vehicles' → 1 document(s) matched
2025-07-31 17:01:24,374 - INFO - 🔎 [58/991] product='Artificial Graphite Anode Material' → 0 document(s) matched
2025-07-31 17:01:24,484 - INFO - 🔎 [59/991] product='Atto 3' → 12 document(s) matched
2025-07-31 17:01:24,597 - INFO - 🔎 [60/991] product='Atto 3 SUV' → 2 document(s) matched
2025-07-31 17:01:24,715 - INFO - 🔎 [61/991] product='Atto 3 electric SUV' → 2 document(s) matched
2025-07-31 17:01:24,827 - INFO - 🔎 [62/991] product='Audi A6 e-tron' → 2 document(s) matched
2025-07-31 17:01:24,953 - INFO - 🔎 [63/991] product='Audi Q4 e-tron' → 28 document(s) matched
2025-07-31 17:01:25,055 - INFO - 🔎 [64/991] product='Audi Q4 e-tron Sportback' → 3 document(s) matched
2025-07-31 17:01:25,182 - INFO - 🔎 [65/991] product='Audi Q6 e-tron' → 6 document(s) matched
2025-07-31 17:01:25,293 - INFO - 🔎 [66/991] product='Audi Q6L e-tron' → 2 document(s) matched
2025-07-31 17:01:25,414 - INFO - 🔎 [67/991] product='Audi Q8 e-tron' → 4 document(s) matched
2025-07-31 17:01:25,530 - INFO - 🔎 [68/991] product='Audi e-tron' → 3 document(s) matched
2025-07-31 17:01:25,646 - INFO - 🔎 [69/991] product='Avenger SUV' → 1 document(s) matched
2025-07-31 17:01:25,755 - INFO - 🔎 [70/991] product='B-SUV' → 1 document(s) matched
2025-07-31 17:01:25,865 - INFO - 🔎 [71/991] product='B1 electric SUV' → 1 document(s) matched
2025-07-31 17:01:25,977 - INFO - 🔎 [72/991] product='B2 pickup variant' → 0 document(s) matched
2025-07-31 17:01:26,086 - INFO - 🔎 [73/991] product='BE 6 sub-compact SUV-coupe' → 1 document(s) matched
2025-07-31 17:01:26,198 - INFO - 🔎 [74/991] product='BEV' → 9 document(s) matched
2025-07-31 17:01:26,305 - INFO - 🔎 [75/991] product='BEV and PHEV batteries' → 2 document(s) matched
2025-07-31 17:01:26,417 - INFO - 🔎 [76/991] product='BEV batteries' → 0 document(s) matched
2025-07-31 17:01:26,518 - INFO - 🔎 [77/991] product='BEVs' → 12 document(s) matched
2025-07-31 17:01:26,649 - INFO - 🔎 [78/991] product='BMW 1 Series Sedan' → 2 document(s) matched
2025-07-31 17:01:26,769 - INFO - 🔎 [79/991] product='BMW 2 Series Active Tourer' → 3 document(s) matched
2025-07-31 17:01:26,875 - INFO - 🔎 [80/991] product='BMW 3 Series Sedan' → 5 document(s) matched
2025-07-31 17:01:26,991 - INFO - 🔎 [81/991] product='BMW 3 series Sedan' → 1 document(s) matched
2025-07-31 17:01:27,108 - INFO - 🔎 [82/991] product='BMW 3 series Touring' → 1 document(s) matched
2025-07-31 17:01:27,207 - INFO - 🔎 [83/991] product='BMW 3 series plug-in hybrid' → 1 document(s) matched
2025-07-31 17:01:27,329 - INFO - 🔎 [84/991] product='BMW 4 series Coupé' → 1 document(s) matched
2025-07-31 17:01:27,448 - INFO - 🔎 [85/991] product='BMW 5 Series PHEV' → 1 document(s) matched
2025-07-31 17:01:27,578 - INFO - 🔎 [86/991] product='BMW M4 Coupé' → 1 document(s) matched
2025-07-31 17:01:27,686 - INFO - 🔎 [87/991] product='BMW X1' → 6 document(s) matched
2025-07-31 17:01:27,805 - INFO - 🔎 [88/991] product='BMW X1 Plug-in Hybrid' → 1 document(s) matched
2025-07-31 17:01:27,912 - INFO - 🔎 [89/991] product='BMW X2' → 1 document(s) matched
2025-07-31 17:01:28,020 - INFO - 🔎 [90/991] product='BMW cars' → 1 document(s) matched
2025-07-31 17:01:28,136 - INFO - 🔎 [91/991] product='BMW i' → 2 document(s) matched
2025-07-31 17:01:28,246 - INFO - 🔎 [92/991] product='BMW i3 batteries' → 2 document(s) matched
2025-07-31 17:01:28,355 - INFO - 🔎 [93/991] product='BMW i3 battery' → 1 document(s) matched
2025-07-31 17:01:28,466 - INFO - 🔎 [94/991] product='BMW i3 eDrive 35L' → 3 document(s) matched
2025-07-31 17:01:28,568 - INFO - 🔎 [95/991] product='BMW i4' → 16 document(s) matched
2025-07-31 17:01:28,680 - INFO - 🔎 [96/991] product='BMW i5' → 2 document(s) matched
2025-07-31 17:01:28,793 - INFO - 🔎 [97/991] product='BMW iPerformance' → 1 document(s) matched
2025-07-31 17:01:28,896 - INFO - 🔎 [98/991] product='BMW iX' → 9 document(s) matched
2025-07-31 17:01:29,010 - INFO - 🔎 [99/991] product='BMW iX1' → 5 document(s) matched
2025-07-31 17:01:29,107 - INFO - 🔎 [100/991] product='BMW iX3' → 17 document(s) matched
2025-07-31 17:01:29,204 - INFO - 🔎 [101/991] product='BYD Han EV' → 2 document(s) matched
2025-07-31 17:01:29,307 - INFO - 🔎 [102/991] product='BYD Seal' → 1 document(s) matched
2025-07-31 17:01:29,408 - INFO - 🔎 [103/991] product='Batteries' → 9 document(s) matched
2025-07-31 17:01:29,505 - INFO - 🔎 [104/991] product='Battery' → 4 document(s) matched
2025-07-31 17:01:29,626 - INFO - 🔎 [105/991] product='Battery Cells' → 11 document(s) matched
2025-07-31 17:01:29,733 - INFO - 🔎 [106/991] product='Battery Pack Assembly' → 1 document(s) matched
2025-07-31 17:01:29,855 - INFO - 🔎 [107/991] product='Battery Packs' → 10 document(s) matched
2025-07-31 17:01:29,966 - INFO - 🔎 [108/991] product='Battery Systems' → 1 document(s) matched
2025-07-31 17:01:30,086 - INFO - 🔎 [109/991] product='Bifacial 690W+ modules' → 1 document(s) matched
2025-07-31 17:01:30,187 - INFO - 🔎 [110/991] product='Bifacial High-Efficiency Crystalline PV Modules' → 1 document(s) matched
2025-07-31 17:01:30,295 - INFO - 🔎 [111/991] product='Blade Batteries' → 3 document(s) matched
2025-07-31 17:01:30,406 - INFO - 🔎 [112/991] product='Blade Battery' → 18 document(s) matched
2025-07-31 17:01:30,529 - INFO - 🔎 [113/991] product='Blade Battery Packs' → 0 document(s) matched
2025-07-31 17:01:30,636 - INFO - 🔎 [114/991] product='Blade batteries' → 2 document(s) matched
2025-07-31 17:01:30,738 - INFO - 🔎 [115/991] product='Blazer EV' → 12 document(s) matched
2025-07-31 17:01:30,840 - INFO - 🔎 [116/991] product='Blue Arc Electric Delivery Van' → 1 document(s) matched
2025-07-31 17:01:30,950 - INFO - 🔎 [117/991] product='Boxster roadster' → 1 document(s) matched
2025-07-31 17:01:31,050 - INFO - 🔎 [118/991] product='BrightDrop Delivery Van' → 1 document(s) matched
2025-07-31 17:01:31,169 - INFO - 🔎 [119/991] product='Buick Electra E5' → 3 document(s) matched
2025-07-31 17:01:31,266 - INFO - 🔎 [120/991] product='C10 mid-size SUV' → 2 document(s) matched
2025-07-31 17:01:31,365 - INFO - 🔎 [121/991] product='C350e' → 2 document(s) matched
2025-07-31 17:01:31,467 - INFO - 🔎 [122/991] product='C40' → 2 document(s) matched
2025-07-31 17:01:31,574 - INFO - 🔎 [123/991] product='C40 Recharge' → 6 document(s) matched
2025-07-31 17:01:31,686 - INFO - 🔎 [124/991] product='CIGS thin-film cell' → 1 document(s) matched
2025-07-31 17:01:31,798 - INFO - 🔎 [125/991] product='CMF EV platform' → 1 document(s) matched
2025-07-31 17:01:31,910 - INFO - 🔎 [126/991] product='CMF-EV Crossover' → 1 document(s) matched
2025-07-31 17:01:32,031 - INFO - 🔎 [127/991] product='CMF-EV crossover' → 1 document(s) matched
2025-07-31 17:01:32,136 - INFO - 🔎 [128/991] product='CUPRA Tavascan' → 1 document(s) matched
2025-07-31 17:01:32,260 - INFO - 🔎 [129/991] product='Cadmium Telluride (CdTe) thin-film modules' → 1 document(s) matched
2025-07-31 17:01:32,369 - INFO - 🔎 [130/991] product='Cadmium Tellurium Thin-Film PV' → 1 document(s) matched
2025-07-31 17:01:32,485 - INFO - 🔎 [131/991] product='Canoo Lifestyle Vehicle' → 1 document(s) matched
2025-07-31 17:01:32,596 - INFO - 🔎 [132/991] product='Cathode Active Materials (CAM)' → 1 document(s) matched
2025-07-31 17:01:32,713 - INFO - 🔎 [133/991] product='Cathode Materials for Electric Car Batteries' → 1 document(s) matched
2025-07-31 17:01:32,820 - INFO - 🔎 [134/991] product='Cayman coupe' → 1 document(s) matched
2025-07-31 17:01:32,946 - INFO - 🔎 [135/991] product='Chazor DM-i plug-in hybrid' → 1 document(s) matched
2025-07-31 17:01:33,056 - INFO - 🔎 [136/991] product='Chevrolet Bolt' → 15 document(s) matched
2025-07-31 17:01:33,161 - INFO - 🔎 [137/991] product='Chevy Bolt' → 11 document(s) matched
2025-07-31 17:01:33,257 - INFO - 🔎 [138/991] product='Chloe' → 1 document(s) matched
2025-07-31 17:01:33,377 - INFO - 🔎 [139/991] product='Citroën ë-Berlingo' → 4 document(s) matched
2025-07-31 17:01:33,474 - INFO - 🔎 [140/991] product='Cobalt-free cells' → 0 document(s) matched
2025-07-31 17:01:33,590 - INFO - 🔎 [141/991] product='Cobalt-free lithium-ion cells' → 0 document(s) matched
2025-07-31 17:01:33,702 - INFO - 🔎 [142/991] product='Comet EV small car' → 1 document(s) matched
2025-07-31 17:01:33,820 - INFO - 🔎 [143/991] product='Crossover Coupé' → 0 document(s) matched
2025-07-31 17:01:33,927 - INFO - 🔎 [144/991] product='Cupra Born' → 35 document(s) matched
2025-07-31 17:01:34,044 - INFO - 🔎 [145/991] product='Cupra Raval' → 13 document(s) matched
2025-07-31 17:01:34,142 - INFO - 🔎 [146/991] product='Cupra Tavascan' → 16 document(s) matched
2025-07-31 17:01:34,257 - INFO - 🔎 [147/991] product='Cupra Tavascan SUV coupe' → 0 document(s) matched
2025-07-31 17:01:34,383 - INFO - 🔎 [148/991] product='Cupra UrbanRebel' → 0 document(s) matched
2025-07-31 17:01:34,500 - INFO - 🔎 [149/991] product='Cybertruck' → 62 document(s) matched
2025-07-31 17:01:34,615 - INFO - 🔎 [150/991] product='Dacia Spring' → 11 document(s) matched
2025-07-31 17:01:34,728 - INFO - 🔎 [151/991] product='Defender Inspired 4×4' → 1 document(s) matched
2025-07-31 17:01:34,830 - INFO - 🔎 [152/991] product='Dolphin' → 15 document(s) matched
2025-07-31 17:01:34,933 - INFO - 🔎 [153/991] product='Dolphin electric hatchback' → 1 document(s) matched
2025-07-31 17:01:35,026 - INFO - 🔎 [154/991] product='E-HS3' → 1 document(s) matched
2025-07-31 17:01:35,135 - INFO - 🔎 [155/991] product='E-STOR' → 1 document(s) matched
2025-07-31 17:01:35,239 - INFO - 🔎 [156/991] product='E-SUV G3i' → 1 document(s) matched
2025-07-31 17:01:35,358 - INFO - 🔎 [157/991] product='E-Tourneo Custom' → 2 document(s) matched
2025-07-31 17:01:35,457 - INFO - 🔎 [158/991] product='E-Transit' → 20 document(s) matched
2025-07-31 17:01:35,561 - INFO - 🔎 [159/991] product='E-Transit Custom' → 6 document(s) matched
2025-07-31 17:01:35,669 - INFO - 🔎 [160/991] product='E20X' → 2 document(s) matched
2025-07-31 17:01:35,786 - INFO - 🔎 [161/991] product='EC6' → 7 document(s) matched
2025-07-31 17:01:35,887 - INFO - 🔎 [162/991] product='EDV 700' → 1 document(s) matched
2025-07-31 17:01:35,990 - INFO - 🔎 [163/991] product='EMR4 Electric Axle Drive' → 2 document(s) matched
2025-07-31 17:01:36,086 - INFO - 🔎 [164/991] product='ES6' → 13 document(s) matched
2025-07-31 17:01:36,189 - INFO - 🔎 [165/991] product='ES8' → 17 document(s) matched
2025-07-31 17:01:36,297 - INFO - 🔎 [166/991] product='ET7' → 6 document(s) matched
2025-07-31 17:01:36,410 - INFO - 🔎 [167/991] product='EV' → 14 document(s) matched
2025-07-31 17:01:36,509 - INFO - 🔎 [168/991] product='EV Batteries' → 8 document(s) matched
2025-07-31 17:01:36,629 - INFO - 🔎 [169/991] product='EV Battery Cell' → 1 document(s) matched
2025-07-31 17:01:36,732 - INFO - 🔎 [170/991] product='EV and Stationary Batteries' → 1 document(s) matched
2025-07-31 17:01:36,841 - INFO - 🔎 [171/991] product='EV batteries' → 35 document(s) matched
2025-07-31 17:01:36,954 - INFO - 🔎 [172/991] product='EV battery' → 10 document(s) matched
2025-07-31 17:01:37,059 - INFO - 🔎 [173/991] product='EV battery cells' → 5 document(s) matched
2025-07-31 17:01:37,187 - INFO - 🔎 [174/991] product='EV battery plant' → 2 document(s) matched
2025-07-31 17:01:37,304 - INFO - 🔎 [175/991] product='EV battery recycling' → 1 document(s) matched
2025-07-31 17:01:37,415 - INFO - 🔎 [176/991] product='EV buses' → 1 document(s) matched
2025-07-31 17:01:37,534 - INFO - 🔎 [177/991] product='EV model' → 0 document(s) matched
2025-07-31 17:01:37,637 - INFO - 🔎 [178/991] product='EV packs' → 1 document(s) matched
2025-07-31 17:01:37,736 - INFO - 🔎 [179/991] product='EV pouch cells' → 1 document(s) matched
2025-07-31 17:01:37,847 - INFO - 🔎 [180/991] product='EV3' → 9 document(s) matched
2025-07-31 17:01:37,958 - INFO - 🔎 [181/991] product='EV4' → 8 document(s) matched
2025-07-31 17:01:38,058 - INFO - 🔎 [182/991] product='EV9' → 20 document(s) matched
