2025-06-29 22:24:51,580 - INFO - Processing article: Broken Turbine Blades Cause Shutdown at Russian Nuclear Plant
2025-06-29 22:24:51,580 - INFO - 🔍 Factory: leningrad, russia
2025-06-29 22:24:51,607 - INFO - ✅ Country standardized: russia → Russian Federation (RU)
2025-06-29 22:24:51,679 - INFO - ✅ GeoNames ADM1 success: Leningradskaya Oblast', Code=42, Lat=60, Lon=32
2025-06-29 22:24:51,750 - INFO - ✅ GeoNames ADM2 success: St Petersburg, Code=None, Lat=59.93863, Lon=30.31413
2025-06-29 22:24:51,833 - INFO - ✅ GeoNames ADM3 success: St Petersburg, Code=None, Lat=59.93863, Lon=30.31413
2025-06-29 22:24:55,835 - INFO - 🔍 Factory: akkuyu, turkey
2025-06-29 22:24:55,835 - INFO - ✅ Country standardized: turkey → Turkey (TR)
2025-06-29 22:24:55,957 - INFO - ✅ GeoNames ADM1 success: Adana, Code=81, Lat=37.09167, Lon=35.41583
2025-06-29 22:24:56,003 - INFO - ✅ GeoNames ADM2 success: Sarıçam, Code=9552711, Lat=37.09167, Lon=35.41583
2025-06-29 22:24:56,052 - INFO - ✅ GeoNames ADM3 success: Akkuyu, Code=None, Lat=37.09167, Lon=35.41583
2025-06-29 22:25:00,057 - INFO - 🔍 Factory: paks, hungary
2025-06-29 22:25:00,057 - INFO - ✅ Country standardized: hungary → Hungary (HU)
2025-06-29 22:25:00,160 - INFO - ✅ GeoNames ADM1 success: Bács-Kiskun, Code=01, Lat=46.5, Lon=19.41667
2025-06-29 22:25:00,226 - INFO - ✅ GeoNames ADM2 success: Bajai Járás, Code=035, Lat=46.14507, Lon=19.01359
2025-06-29 22:25:00,292 - INFO - ✅ GeoNames ADM3 success: Kecskemét, Code=None, Lat=46.90618, Lon=19.69128
2025-06-29 22:25:04,297 - INFO - 🔍 Factory: voronezh, russia
2025-06-29 22:25:04,297 - INFO - ✅ Country standardized: russia → Russian Federation (RU)
2025-06-29 22:25:04,370 - INFO - ✅ GeoNames ADM1 success: Voronezh Oblast, Code=86, Lat=51, Lon=40.5
2025-06-29 22:25:04,439 - INFO - ✅ GeoNames ADM2 success: Voronezh, Code=None, Lat=51.67204, Lon=39.1843
2025-06-29 22:25:04,508 - INFO - ✅ GeoNames ADM3 success: Voronezh, Code=None, Lat=51.67204, Lon=39.1843
