2025-08-08 11:36:15,174 INFO 🗺️ Starting GeoNames lookup for city='ajman_city', country='united arab emirates'
2025-08-08 11:36:15,174 INFO 📍 Location is present in the following articles: [ObjectId('67f52a90981040986eab7198')]
2025-08-08 11:36:15,325 INFO Comparing database entry: ajman city with Ajman returned from geonames.
2025-08-08 11:36:15,325 INFO 📄 Index 0 | Name: Ajman | fcl: P, fcode: PPLA | ADM1: Ajman, ADM2: , ADM3: , ADM4:  | Score: 206.29, Population: 490035 | Fuzzy match: 66.66666666666667
2025-08-08 11:36:15,325 INFO Comparing database entry: ajman city with Al Ḩamīdīyah returned from geonames.
2025-08-08 11:36:15,325 INFO 📄 Index 1 | Name: Al Ḩamīdīyah | fcl: P, fcode: PPLX | ADM1: Ajman, ADM2: , ADM3: , ADM4:  | Score: 64.55, Population: 27000 | Fuzzy match: 27.27272727272727
2025-08-08 11:36:15,325 INFO Comparing database entry: ajman city with Ar Rumaylah returned from geonames.
2025-08-08 11:36:15,325 INFO 📄 Index 2 | Name: Ar Rumaylah | fcl: P, fcode: PPLX | ADM1: Ajman, ADM2: , ADM3: , ADM4:  | Score: 64.55, Population: 86000 | Fuzzy match: 38.095238095238095
2025-08-08 11:36:15,325 INFO Comparing database entry: ajman city with Mushayrif returned from geonames.
2025-08-08 11:36:15,325 INFO 📄 Index 3 | Name: Mushayrif | fcl: P, fcode: PPLX | ADM1: Ajman, ADM2: , ADM3: , ADM4:  | Score: 32.27, Population: 6539 | Fuzzy match: 31.57894736842105
2025-08-08 11:36:15,470 INFO Comparing database entry: ajman city with Ajman returned from geonames.
2025-08-08 11:36:15,470 INFO 📄 Index 0 | Name: Ajman | fcl: P, fcode: PPLA | ADM1: Ajman, ADM2: , ADM3: , ADM4:  | Score: 206.29, Population: 490035 | Fuzzy match: 66.66666666666667
2025-08-08 11:36:15,471 INFO Comparing database entry: ajman city with Al Ḩamīdīyah returned from geonames.
2025-08-08 11:36:15,471 INFO 📄 Index 1 | Name: Al Ḩamīdīyah | fcl: P, fcode: PPLX | ADM1: Ajman, ADM2: , ADM3: , ADM4:  | Score: 64.55, Population: 27000 | Fuzzy match: 27.27272727272727
2025-08-08 11:36:15,471 INFO Comparing database entry: ajman city with Ar Rumaylah returned from geonames.
2025-08-08 11:36:15,471 INFO 📄 Index 2 | Name: Ar Rumaylah | fcl: P, fcode: PPLX | ADM1: Ajman, ADM2: , ADM3: , ADM4:  | Score: 64.55, Population: 86000 | Fuzzy match: 38.095238095238095
2025-08-08 11:36:15,471 INFO Comparing database entry: ajman city with Mushayrif returned from geonames.
2025-08-08 11:36:15,471 INFO 📄 Index 3 | Name: Mushayrif | fcl: P, fcode: PPLX | ADM1: Ajman, ADM2: , ADM3: , ADM4:  | Score: 32.27, Population: 6539 | Fuzzy match: 31.57894736842105
2025-08-08 11:36:15,659 INFO Comparing database entry: ajman city with Ajman returned from geonames.
2025-08-08 11:36:15,659 INFO 📄 Index 0 | Name: Ajman | fcl: P, fcode: PPLA | ADM1: Ajman, ADM2: , ADM3: , ADM4:  | Score: 206.29, Population: 490035 | Fuzzy match: 66.66666666666667
2025-08-08 11:36:15,659 INFO Comparing database entry: ajman city with Al Ḩamīdīyah returned from geonames.
2025-08-08 11:36:15,659 INFO 📄 Index 1 | Name: Al Ḩamīdīyah | fcl: P, fcode: PPLX | ADM1: Ajman, ADM2: , ADM3: , ADM4:  | Score: 64.55, Population: 27000 | Fuzzy match: 27.27272727272727
2025-08-08 11:36:15,659 INFO Comparing database entry: ajman city with Ar Rumaylah returned from geonames.
2025-08-08 11:36:15,659 INFO 📄 Index 2 | Name: Ar Rumaylah | fcl: P, fcode: PPLX | ADM1: Ajman, ADM2: , ADM3: , ADM4:  | Score: 64.55, Population: 86000 | Fuzzy match: 38.095238095238095
2025-08-08 11:36:15,660 INFO Comparing database entry: ajman city with Mushayrif returned from geonames.
2025-08-08 11:36:15,660 INFO 📄 Index 3 | Name: Mushayrif | fcl: P, fcode: PPLX | ADM1: Ajman, ADM2: , ADM3: , ADM4:  | Score: 32.27, Population: 6539 | Fuzzy match: 31.57894736842105
2025-08-08 11:36:15,843 INFO Comparing database entry: ajman city with Ajman returned from geonames.
2025-08-08 11:36:15,843 INFO 📄 Index 0 | Name: Ajman | fcl: P, fcode: PPLA | ADM1: Ajman, ADM2: , ADM3: , ADM4:  | Score: 206.29, Population: 490035 | Fuzzy match: 66.66666666666667
2025-08-08 11:36:15,844 INFO Comparing database entry: ajman city with Al Ḩamīdīyah returned from geonames.
2025-08-08 11:36:15,844 INFO 📄 Index 1 | Name: Al Ḩamīdīyah | fcl: P, fcode: PPLX | ADM1: Ajman, ADM2: , ADM3: , ADM4:  | Score: 64.55, Population: 27000 | Fuzzy match: 27.27272727272727
2025-08-08 11:36:15,844 INFO Comparing database entry: ajman city with Ar Rumaylah returned from geonames.
2025-08-08 11:36:15,844 INFO 📄 Index 2 | Name: Ar Rumaylah | fcl: P, fcode: PPLX | ADM1: Ajman, ADM2: , ADM3: , ADM4:  | Score: 64.55, Population: 86000 | Fuzzy match: 38.095238095238095
2025-08-08 11:36:15,844 INFO Comparing database entry: ajman city with Mushayrif returned from geonames.
2025-08-08 11:36:15,844 INFO 📄 Index 3 | Name: Mushayrif | fcl: P, fcode: PPLX | ADM1: Ajman, ADM2: , ADM3: , ADM4:  | Score: 32.27, Population: 6539 | Fuzzy match: 31.57894736842105
2025-08-08 11:36:16,026 INFO Comparing database entry: ajman city with Ajman returned from geonames.
2025-08-08 11:36:16,026 INFO 📄 Index 0 | Name: Ajman | fcl: P, fcode: PPLA | ADM1: Ajman, ADM2: , ADM3: , ADM4:  | Score: 206.29, Population: 490035 | Fuzzy match: 66.66666666666667
2025-08-08 11:36:16,026 INFO Comparing database entry: ajman city with Al Ḩamīdīyah returned from geonames.
2025-08-08 11:36:16,026 INFO 📄 Index 1 | Name: Al Ḩamīdīyah | fcl: P, fcode: PPLX | ADM1: Ajman, ADM2: , ADM3: , ADM4:  | Score: 64.55, Population: 27000 | Fuzzy match: 27.27272727272727
2025-08-08 11:36:16,026 INFO Comparing database entry: ajman city with Ar Rumaylah returned from geonames.
2025-08-08 11:36:16,027 INFO 📄 Index 2 | Name: Ar Rumaylah | fcl: P, fcode: PPLX | ADM1: Ajman, ADM2: , ADM3: , ADM4:  | Score: 64.55, Population: 86000 | Fuzzy match: 38.095238095238095
2025-08-08 11:36:16,027 INFO Comparing database entry: ajman city with Mushayrif returned from geonames.
2025-08-08 11:36:16,027 INFO 📄 Index 3 | Name: Mushayrif | fcl: P, fcode: PPLX | ADM1: Ajman, ADM2: , ADM3: , ADM4:  | Score: 32.27, Population: 6539 | Fuzzy match: 31.57894736842105
2025-08-08 11:36:16,196 INFO Comparing database entry: ajman city with Ajman returned from geonames.
2025-08-08 11:36:16,197 INFO 📄 Index 0 | Name: Ajman | fcl: P, fcode: PPLA | ADM1: Ajman, ADM2: , ADM3: , ADM4:  | Score: 206.29, Population: 490035 | Fuzzy match: 66.66666666666667
2025-08-08 11:36:16,197 INFO Comparing database entry: ajman city with Al Ḩamīdīyah returned from geonames.
2025-08-08 11:36:16,197 INFO 📄 Index 1 | Name: Al Ḩamīdīyah | fcl: P, fcode: PPLX | ADM1: Ajman, ADM2: , ADM3: , ADM4:  | Score: 64.55, Population: 27000 | Fuzzy match: 27.27272727272727
2025-08-08 11:36:16,197 INFO Comparing database entry: ajman city with Ar Rumaylah returned from geonames.
2025-08-08 11:36:16,197 INFO 📄 Index 2 | Name: Ar Rumaylah | fcl: P, fcode: PPLX | ADM1: Ajman, ADM2: , ADM3: , ADM4:  | Score: 64.55, Population: 86000 | Fuzzy match: 38.095238095238095
2025-08-08 11:36:16,197 INFO Comparing database entry: ajman city with Mushayrif returned from geonames.
2025-08-08 11:36:16,197 INFO 📄 Index 3 | Name: Mushayrif | fcl: P, fcode: PPLX | ADM1: Ajman, ADM2: , ADM3: , ADM4:  | Score: 32.27, Population: 6539 | Fuzzy match: 31.57894736842105
2025-08-08 11:36:16,197 WARNING ❌ No match found with fuzzy score > 80 for city: ajman city
2025-08-08 11:36:16,198 WARNING ❌ Lookup failed for city='ajman_city', iso2='AE'
