2025-08-08 11:45:58,388 INFO 🗺️ Starting GeoNames lookup for city='jujuy_province', country='argentina'
2025-08-08 11:45:58,388 INFO 📍 Location is present in the following articles: [ObjectId('67f920caf431fddd61d558ee')]
2025-08-08 11:45:58,634 INFO Comparing database entry: jujuy province with Jujuy returned from geonames.
2025-08-08 11:45:58,634 INFO 📄 Index 0 | Name: Jujuy | fcl: A, fcode: ADM1 | ADM1: Jujuy, ADM2: , ADM3: , ADM4:  | Score: 108.57, Population: 797955 | Fuzzy match: 52.63157894736843
2025-08-08 11:45:58,634 INFO Comparing database entry: jujuy province with San Salvador de Jujuy returned from geonames.
2025-08-08 11:45:58,634 INFO 📄 Index 1 | Name: San Salvador de Jujuy | fcl: P, fcode: PPLA | ADM1: Jujuy, ADM2: Departamento de Doctor Manuel Belgrano, ADM3: , ADM4:  | Score: 97.22, Population: 257970 | Fuzzy match: 45.714285714285715
2025-08-08 11:45:58,635 INFO Comparing database entry: jujuy province with Rinconada Department returned from geonames.
2025-08-08 11:45:58,635 INFO 📄 Index 2 | Name: Rinconada Department | fcl: A, fcode: ADM2 | ADM1: Jujuy, ADM2: Rinconada Department, ADM3: , ADM4:  | Score: 55.27, Population: 2488 | Fuzzy match: 29.411764705882348
2025-08-08 11:45:58,635 INFO Comparing database entry: jujuy province with Departamento de Cochinoca returned from geonames.
2025-08-08 11:45:58,635 INFO 📄 Index 3 | Name: Departamento de Cochinoca | fcl: A, fcode: ADM2 | ADM1: Jujuy, ADM2: Departamento de Cochinoca, ADM3: , ADM4:  | Score: 55.27, Population: 12111 | Fuzzy match: 25.64102564102564
2025-08-08 11:45:58,796 INFO Comparing database entry: jujuy province with Jujuy returned from geonames.
2025-08-08 11:45:58,796 INFO 📄 Index 0 | Name: Jujuy | fcl: A, fcode: ADM1 | ADM1: Jujuy, ADM2: , ADM3: , ADM4:  | Score: 108.57, Population: 797955 | Fuzzy match: 52.63157894736843
2025-08-08 11:45:58,797 INFO Comparing database entry: jujuy province with San Salvador de Jujuy returned from geonames.
2025-08-08 11:45:58,797 INFO 📄 Index 1 | Name: San Salvador de Jujuy | fcl: P, fcode: PPLA | ADM1: Jujuy, ADM2: Departamento de Doctor Manuel Belgrano, ADM3: , ADM4:  | Score: 97.22, Population: 257970 | Fuzzy match: 45.714285714285715
2025-08-08 11:45:58,797 INFO Comparing database entry: jujuy province with Rinconada Department returned from geonames.
2025-08-08 11:45:58,797 INFO 📄 Index 2 | Name: Rinconada Department | fcl: A, fcode: ADM2 | ADM1: Jujuy, ADM2: Rinconada Department, ADM3: , ADM4:  | Score: 55.27, Population: 2488 | Fuzzy match: 29.411764705882348
2025-08-08 11:45:58,797 INFO Comparing database entry: jujuy province with Departamento de Cochinoca returned from geonames.
2025-08-08 11:45:58,797 INFO 📄 Index 3 | Name: Departamento de Cochinoca | fcl: A, fcode: ADM2 | ADM1: Jujuy, ADM2: Departamento de Cochinoca, ADM3: , ADM4:  | Score: 55.27, Population: 12111 | Fuzzy match: 25.64102564102564
2025-08-08 11:45:58,951 INFO Comparing database entry: jujuy province with Jujuy returned from geonames.
2025-08-08 11:45:58,952 INFO 📄 Index 0 | Name: Jujuy | fcl: A, fcode: ADM1 | ADM1: Jujuy, ADM2: , ADM3: , ADM4:  | Score: 108.57, Population: 797955 | Fuzzy match: 52.63157894736843
2025-08-08 11:45:58,952 INFO Comparing database entry: jujuy province with San Salvador de Jujuy returned from geonames.
2025-08-08 11:45:58,952 INFO 📄 Index 1 | Name: San Salvador de Jujuy | fcl: P, fcode: PPLA | ADM1: Jujuy, ADM2: Departamento de Doctor Manuel Belgrano, ADM3: , ADM4:  | Score: 97.22, Population: 257970 | Fuzzy match: 45.714285714285715
2025-08-08 11:45:58,952 INFO Comparing database entry: jujuy province with Rinconada Department returned from geonames.
2025-08-08 11:45:58,952 INFO 📄 Index 2 | Name: Rinconada Department | fcl: A, fcode: ADM2 | ADM1: Jujuy, ADM2: Rinconada Department, ADM3: , ADM4:  | Score: 55.27, Population: 2488 | Fuzzy match: 29.411764705882348
2025-08-08 11:45:58,952 INFO Comparing database entry: jujuy province with Departamento de Cochinoca returned from geonames.
2025-08-08 11:45:58,952 INFO 📄 Index 3 | Name: Departamento de Cochinoca | fcl: A, fcode: ADM2 | ADM1: Jujuy, ADM2: Departamento de Cochinoca, ADM3: , ADM4:  | Score: 55.27, Population: 12111 | Fuzzy match: 25.64102564102564
2025-08-08 11:45:59,136 INFO Comparing database entry: jujuy province with Jujuy returned from geonames.
2025-08-08 11:45:59,136 INFO 📄 Index 0 | Name: Jujuy | fcl: A, fcode: ADM1 | ADM1: Jujuy, ADM2: , ADM3: , ADM4:  | Score: 108.57, Population: 797955 | Fuzzy match: 52.63157894736843
2025-08-08 11:45:59,136 INFO Comparing database entry: jujuy province with San Salvador de Jujuy returned from geonames.
2025-08-08 11:45:59,136 INFO 📄 Index 1 | Name: San Salvador de Jujuy | fcl: P, fcode: PPLA | ADM1: Jujuy, ADM2: Departamento de Doctor Manuel Belgrano, ADM3: , ADM4:  | Score: 97.22, Population: 257970 | Fuzzy match: 45.714285714285715
2025-08-08 11:45:59,136 INFO Comparing database entry: jujuy province with Rinconada Department returned from geonames.
2025-08-08 11:45:59,136 INFO 📄 Index 2 | Name: Rinconada Department | fcl: A, fcode: ADM2 | ADM1: Jujuy, ADM2: Rinconada Department, ADM3: , ADM4:  | Score: 55.27, Population: 2488 | Fuzzy match: 29.411764705882348
2025-08-08 11:45:59,136 INFO Comparing database entry: jujuy province with Departamento de Cochinoca returned from geonames.
2025-08-08 11:45:59,136 INFO 📄 Index 3 | Name: Departamento de Cochinoca | fcl: A, fcode: ADM2 | ADM1: Jujuy, ADM2: Departamento de Cochinoca, ADM3: , ADM4:  | Score: 55.27, Population: 12111 | Fuzzy match: 25.64102564102564
2025-08-08 11:45:59,302 INFO Comparing database entry: jujuy province with Jujuy returned from geonames.
2025-08-08 11:45:59,303 INFO 📄 Index 0 | Name: Jujuy | fcl: A, fcode: ADM1 | ADM1: Jujuy, ADM2: , ADM3: , ADM4:  | Score: 108.57, Population: 797955 | Fuzzy match: 52.63157894736843
2025-08-08 11:45:59,303 INFO Comparing database entry: jujuy province with San Salvador de Jujuy returned from geonames.
2025-08-08 11:45:59,303 INFO 📄 Index 1 | Name: San Salvador de Jujuy | fcl: P, fcode: PPLA | ADM1: Jujuy, ADM2: Departamento de Doctor Manuel Belgrano, ADM3: , ADM4:  | Score: 97.22, Population: 257970 | Fuzzy match: 45.714285714285715
2025-08-08 11:45:59,303 INFO Comparing database entry: jujuy province with Rinconada Department returned from geonames.
2025-08-08 11:45:59,303 INFO 📄 Index 2 | Name: Rinconada Department | fcl: A, fcode: ADM2 | ADM1: Jujuy, ADM2: Rinconada Department, ADM3: , ADM4:  | Score: 55.27, Population: 2488 | Fuzzy match: 29.411764705882348
2025-08-08 11:45:59,303 INFO Comparing database entry: jujuy province with Departamento de Cochinoca returned from geonames.
2025-08-08 11:45:59,303 INFO 📄 Index 3 | Name: Departamento de Cochinoca | fcl: A, fcode: ADM2 | ADM1: Jujuy, ADM2: Departamento de Cochinoca, ADM3: , ADM4:  | Score: 55.27, Population: 12111 | Fuzzy match: 25.64102564102564
2025-08-08 11:45:59,442 INFO Comparing database entry: jujuy province with Jujuy returned from geonames.
2025-08-08 11:45:59,442 INFO 📄 Index 0 | Name: Jujuy | fcl: A, fcode: ADM1 | ADM1: Jujuy, ADM2: , ADM3: , ADM4:  | Score: 108.57, Population: 797955 | Fuzzy match: 52.63157894736843
2025-08-08 11:45:59,442 INFO Comparing database entry: jujuy province with San Salvador de Jujuy returned from geonames.
2025-08-08 11:45:59,442 INFO 📄 Index 1 | Name: San Salvador de Jujuy | fcl: P, fcode: PPLA | ADM1: Jujuy, ADM2: Departamento de Doctor Manuel Belgrano, ADM3: , ADM4:  | Score: 97.22, Population: 257970 | Fuzzy match: 45.714285714285715
2025-08-08 11:45:59,442 INFO Comparing database entry: jujuy province with Rinconada Department returned from geonames.
2025-08-08 11:45:59,442 INFO 📄 Index 2 | Name: Rinconada Department | fcl: A, fcode: ADM2 | ADM1: Jujuy, ADM2: Rinconada Department, ADM3: , ADM4:  | Score: 55.27, Population: 2488 | Fuzzy match: 29.411764705882348
2025-08-08 11:45:59,443 INFO Comparing database entry: jujuy province with Departamento de Cochinoca returned from geonames.
2025-08-08 11:45:59,443 INFO 📄 Index 3 | Name: Departamento de Cochinoca | fcl: A, fcode: ADM2 | ADM1: Jujuy, ADM2: Departamento de Cochinoca, ADM3: , ADM4:  | Score: 55.27, Population: 12111 | Fuzzy match: 25.64102564102564
2025-08-08 11:45:59,443 WARNING ❌ No match found with fuzzy score > 80 for city: jujuy province
2025-08-08 11:45:59,443 WARNING ❌ Lookup failed for city='jujuy_province', iso2='AR'
