2025-08-22 15:18:19,575 INFO 🗺️ Starting GeoNames lookup for city='blumau', country='austria'
2025-08-22 15:18:19,575 INFO 📍 Location is present in the following articles: [ObjectId('67fbefe194b7f855cfea690b')]
2025-08-22 15:18:19,735 INFO Comparing database entry: blumau with Bad Blumau returned from geonames.
2025-08-22 15:18:19,735 INFO 📄 Index 0 | Name: Bad Blumau | fcl: A, fcode: ADM3 | ADM1: Styria, ADM2: Hartberg-Fürstenfeld District, ADM3: Bad Blumau, ADM4:  | Latitude: 47.11367, Longitude: 16.03675 | Score: 27.12, Population: 1624 | Fuzzy match: 75.0
2025-08-22 15:18:19,735 INFO Comparing database entry: blumau with Bad Blumau returned from geonames.
2025-08-22 15:18:19,735 INFO 📄 Index 1 | Name: Bad Blumau | fcl: P, fcode: PPLA3 | ADM1: Styria, ADM2: Hartberg-Fürstenfeld District, ADM3: Bad Blumau, ADM4:  | Latitude: 47.11667, Longitude: 16.05 | Score: 25.86, Population: 459 | Fuzzy match: 75.0
2025-08-22 15:18:19,735 INFO Comparing database entry: blumau with Blumau-Neurißhof returned from geonames.
2025-08-22 15:18:19,735 INFO 📄 Index 2 | Name: Blumau-Neurißhof | fcl: A, fcode: ADM3 | ADM1: Lower Austria, ADM2: Baden, ADM3: Blumau-Neurißhof, ADM4:  | Latitude: 47.92273, Longitude: 16.30367 | Score: 24.50, Population: 1854 | Fuzzy match: 54.54545454545454
2025-08-22 15:18:19,735 INFO Comparing database entry: blumau with Bierbaum an der Saifen returned from geonames.
2025-08-22 15:18:19,735 INFO 📄 Index 3 | Name: Bierbaum an der Saifen | fcl: P, fcode: PPL | ADM1: Styria, ADM2: Hartberg-Fürstenfeld District, ADM3: Bad Blumau, ADM4:  | Latitude: 47.1, Longitude: 16.06667 | Score: 19.09, Population: 232 | Fuzzy match: 28.57142857142857
2025-08-22 15:18:19,921 INFO Comparing database entry: blumau with Bad Blumau returned from geonames.
2025-08-22 15:18:19,922 INFO 📄 Index 0 | Name: Bad Blumau | fcl: A, fcode: ADM3 | ADM1: Styria, ADM2: Hartberg-Fürstenfeld District, ADM3: Bad Blumau, ADM4:  | Latitude: 47.11367, Longitude: 16.03675 | Score: 27.12, Population: 1624 | Fuzzy match: 75.0
2025-08-22 15:18:19,922 INFO Comparing database entry: blumau with Bad Blumau returned from geonames.
2025-08-22 15:18:19,922 INFO 📄 Index 1 | Name: Bad Blumau | fcl: P, fcode: PPLA3 | ADM1: Styria, ADM2: Hartberg-Fürstenfeld District, ADM3: Bad Blumau, ADM4:  | Latitude: 47.11667, Longitude: 16.05 | Score: 25.86, Population: 459 | Fuzzy match: 75.0
2025-08-22 15:18:19,922 INFO Comparing database entry: blumau with Blumau-Neurißhof returned from geonames.
2025-08-22 15:18:19,922 INFO 📄 Index 2 | Name: Blumau-Neurißhof | fcl: A, fcode: ADM3 | ADM1: Lower Austria, ADM2: Baden, ADM3: Blumau-Neurißhof, ADM4:  | Latitude: 47.92273, Longitude: 16.30367 | Score: 24.50, Population: 1854 | Fuzzy match: 54.54545454545454
2025-08-22 15:18:19,922 INFO Comparing database entry: blumau with Bierbaum an der Saifen returned from geonames.
2025-08-22 15:18:19,922 INFO 📄 Index 3 | Name: Bierbaum an der Saifen | fcl: P, fcode: PPL | ADM1: Styria, ADM2: Hartberg-Fürstenfeld District, ADM3: Bad Blumau, ADM4:  | Latitude: 47.1, Longitude: 16.06667 | Score: 19.09, Population: 232 | Fuzzy match: 28.57142857142857
2025-08-22 15:18:20,081 INFO Comparing database entry: blumau with Bad Blumau returned from geonames.
2025-08-22 15:18:20,081 INFO 📄 Index 0 | Name: Bad Blumau | fcl: A, fcode: ADM3 | ADM1: Styria, ADM2: Hartberg-Fürstenfeld District, ADM3: Bad Blumau, ADM4:  | Latitude: 47.11367, Longitude: 16.03675 | Score: 27.12, Population: 1624 | Fuzzy match: 75.0
2025-08-22 15:18:20,081 INFO Comparing database entry: blumau with Bad Blumau returned from geonames.
2025-08-22 15:18:20,081 INFO 📄 Index 1 | Name: Bad Blumau | fcl: P, fcode: PPLA3 | ADM1: Styria, ADM2: Hartberg-Fürstenfeld District, ADM3: Bad Blumau, ADM4:  | Latitude: 47.11667, Longitude: 16.05 | Score: 25.86, Population: 459 | Fuzzy match: 75.0
2025-08-22 15:18:20,082 INFO Comparing database entry: blumau with Blumau-Neurißhof returned from geonames.
2025-08-22 15:18:20,082 INFO 📄 Index 2 | Name: Blumau-Neurißhof | fcl: A, fcode: ADM3 | ADM1: Lower Austria, ADM2: Baden, ADM3: Blumau-Neurißhof, ADM4:  | Latitude: 47.92273, Longitude: 16.30367 | Score: 24.50, Population: 1854 | Fuzzy match: 54.54545454545454
2025-08-22 15:18:20,082 INFO Comparing database entry: blumau with Bierbaum an der Saifen returned from geonames.
2025-08-22 15:18:20,082 INFO 📄 Index 3 | Name: Bierbaum an der Saifen | fcl: P, fcode: PPL | ADM1: Styria, ADM2: Hartberg-Fürstenfeld District, ADM3: Bad Blumau, ADM4:  | Latitude: 47.1, Longitude: 16.06667 | Score: 19.09, Population: 232 | Fuzzy match: 28.57142857142857
2025-08-22 15:18:20,250 INFO Comparing database entry: blumau with Bad Blumau returned from geonames.
2025-08-22 15:18:20,250 INFO 📄 Index 0 | Name: Bad Blumau | fcl: A, fcode: ADM3 | ADM1: Styria, ADM2: Hartberg-Fürstenfeld District, ADM3: Bad Blumau, ADM4:  | Latitude: 47.11367, Longitude: 16.03675 | Score: 27.12, Population: 1624 | Fuzzy match: 75.0
2025-08-22 15:18:20,250 INFO Comparing database entry: blumau with Bad Blumau returned from geonames.
2025-08-22 15:18:20,250 INFO 📄 Index 1 | Name: Bad Blumau | fcl: P, fcode: PPLA3 | ADM1: Styria, ADM2: Hartberg-Fürstenfeld District, ADM3: Bad Blumau, ADM4:  | Latitude: 47.11667, Longitude: 16.05 | Score: 25.86, Population: 459 | Fuzzy match: 75.0
2025-08-22 15:18:20,250 INFO Comparing database entry: blumau with Blumau-Neurißhof returned from geonames.
2025-08-22 15:18:20,250 INFO 📄 Index 2 | Name: Blumau-Neurißhof | fcl: A, fcode: ADM3 | ADM1: Lower Austria, ADM2: Baden, ADM3: Blumau-Neurißhof, ADM4:  | Latitude: 47.92273, Longitude: 16.30367 | Score: 24.50, Population: 1854 | Fuzzy match: 54.54545454545454
2025-08-22 15:18:20,250 INFO Comparing database entry: blumau with Bierbaum an der Saifen returned from geonames.
2025-08-22 15:18:20,251 INFO 📄 Index 3 | Name: Bierbaum an der Saifen | fcl: P, fcode: PPL | ADM1: Styria, ADM2: Hartberg-Fürstenfeld District, ADM3: Bad Blumau, ADM4:  | Latitude: 47.1, Longitude: 16.06667 | Score: 19.09, Population: 232 | Fuzzy match: 28.57142857142857
2025-08-22 15:18:20,403 INFO Comparing database entry: blumau with Bad Blumau returned from geonames.
2025-08-22 15:18:20,404 INFO 📄 Index 0 | Name: Bad Blumau | fcl: A, fcode: ADM3 | ADM1: Styria, ADM2: Hartberg-Fürstenfeld District, ADM3: Bad Blumau, ADM4:  | Latitude: 47.11367, Longitude: 16.03675 | Score: 27.12, Population: 1624 | Fuzzy match: 75.0
2025-08-22 15:18:20,404 INFO Comparing database entry: blumau with Bad Blumau returned from geonames.
2025-08-22 15:18:20,404 INFO 📄 Index 1 | Name: Bad Blumau | fcl: P, fcode: PPLA3 | ADM1: Styria, ADM2: Hartberg-Fürstenfeld District, ADM3: Bad Blumau, ADM4:  | Latitude: 47.11667, Longitude: 16.05 | Score: 25.86, Population: 459 | Fuzzy match: 75.0
2025-08-22 15:18:20,404 INFO Comparing database entry: blumau with Blumau-Neurißhof returned from geonames.
2025-08-22 15:18:20,404 INFO 📄 Index 2 | Name: Blumau-Neurißhof | fcl: A, fcode: ADM3 | ADM1: Lower Austria, ADM2: Baden, ADM3: Blumau-Neurißhof, ADM4:  | Latitude: 47.92273, Longitude: 16.30367 | Score: 24.50, Population: 1854 | Fuzzy match: 54.54545454545454
2025-08-22 15:18:20,404 INFO Comparing database entry: blumau with Bierbaum an der Saifen returned from geonames.
2025-08-22 15:18:20,404 INFO 📄 Index 3 | Name: Bierbaum an der Saifen | fcl: P, fcode: PPL | ADM1: Styria, ADM2: Hartberg-Fürstenfeld District, ADM3: Bad Blumau, ADM4:  | Latitude: 47.1, Longitude: 16.06667 | Score: 19.09, Population: 232 | Fuzzy match: 28.57142857142857
2025-08-22 15:18:20,562 INFO Comparing database entry: blumau with Bad Blumau returned from geonames.
2025-08-22 15:18:20,562 INFO 📄 Index 0 | Name: Bad Blumau | fcl: A, fcode: ADM3 | ADM1: Styria, ADM2: Hartberg-Fürstenfeld District, ADM3: Bad Blumau, ADM4:  | Latitude: 47.11367, Longitude: 16.03675 | Score: 27.12, Population: 1624 | Fuzzy match: 75.0
2025-08-22 15:18:20,562 INFO Comparing database entry: blumau with Bad Blumau returned from geonames.
2025-08-22 15:18:20,562 INFO 📄 Index 1 | Name: Bad Blumau | fcl: P, fcode: PPLA3 | ADM1: Styria, ADM2: Hartberg-Fürstenfeld District, ADM3: Bad Blumau, ADM4:  | Latitude: 47.11667, Longitude: 16.05 | Score: 25.86, Population: 459 | Fuzzy match: 75.0
2025-08-22 15:18:20,562 INFO Comparing database entry: blumau with Blumau-Neurißhof returned from geonames.
2025-08-22 15:18:20,562 INFO 📄 Index 2 | Name: Blumau-Neurißhof | fcl: A, fcode: ADM3 | ADM1: Lower Austria, ADM2: Baden, ADM3: Blumau-Neurißhof, ADM4:  | Latitude: 47.92273, Longitude: 16.30367 | Score: 24.50, Population: 1854 | Fuzzy match: 54.54545454545454
2025-08-22 15:18:20,562 INFO Comparing database entry: blumau with Bierbaum an der Saifen returned from geonames.
2025-08-22 15:18:20,562 INFO 📄 Index 3 | Name: Bierbaum an der Saifen | fcl: P, fcode: PPL | ADM1: Styria, ADM2: Hartberg-Fürstenfeld District, ADM3: Bad Blumau, ADM4:  | Latitude: 47.1, Longitude: 16.06667 | Score: 19.09, Population: 232 | Fuzzy match: 28.57142857142857
2025-08-22 15:18:20,562 WARNING ❌ No match found with fuzzy score > 80 for city: blumau
2025-08-22 15:18:20,563 WARNING ❌ Lookup failed for city='blumau', iso2='AT'
