2025-08-24 16:16:32,035 INFO 🗺️ Starting GeoNames lookup for city='traunfall', country='austria'
2025-08-24 16:16:32,035 INFO 📍 Location is present in the following articles: [ObjectId('68409c32c202c40b602d3599')]
2025-08-24 16:16:32,183 INFO Comparing database entry: traunfall with Roitham returned from geonames.
2025-08-24 16:16:32,184 INFO 📄 Index 0 | Name: Roitham | fcl: P, fcode: PPLA3 | ADM1: Upper Austria, ADM2: Gmunden, ADM3: Roitham, ADM4:  | Latitude: 48.02432, Longitude: 13.82166 | Score: 20.33, Population: 1017 | Fuzzy match: 25.0
2025-08-24 16:16:32,184 INFO Comparing database entry: traunfall with Roitham returned from geonames.
2025-08-24 16:16:32,184 INFO 📄 Index 1 | Name: Roitham | fcl: A, fcode: ADM3 | ADM1: Upper Austria, ADM2: Gmunden, ADM3: Roitham, ADM4:  | Latitude: 48.02466, Longitude: 13.82235 | Score: 20.23, Population: 2002 | Fuzzy match: 25.0
2025-08-24 16:16:32,184 INFO Comparing database entry: traunfall with Wangham returned from geonames.
2025-08-24 16:16:32,184 INFO 📄 Index 2 | Name: Wangham | fcl: P, fcode: PPL | ADM1: Upper Austria, ADM2: Gmunden, ADM3: Roitham, ADM4:  | Latitude: 48.01667, Longitude: 13.85 | Score: 10.16, Population: 55 | Fuzzy match: 37.5
2025-08-24 16:16:32,184 INFO Comparing database entry: traunfall with Unterpühret returned from geonames.
2025-08-24 16:16:32,184 INFO 📄 Index 3 | Name: Unterpühret | fcl: P, fcode: PPL | ADM1: Upper Austria, ADM2: Gmunden, ADM3: Roitham, ADM4:  | Latitude: 48.0424, Longitude: 13.85324 | Score: 10.16, Population: 30 | Fuzzy match: 19.999999999999996
2025-08-24 16:16:32,323 INFO Comparing database entry: traunfall with Roitham returned from geonames.
2025-08-24 16:16:32,324 INFO 📄 Index 0 | Name: Roitham | fcl: P, fcode: PPLA3 | ADM1: Upper Austria, ADM2: Gmunden, ADM3: Roitham, ADM4:  | Latitude: 48.02432, Longitude: 13.82166 | Score: 20.33, Population: 1017 | Fuzzy match: 25.0
2025-08-24 16:16:32,324 INFO Comparing database entry: traunfall with Roitham returned from geonames.
2025-08-24 16:16:32,324 INFO 📄 Index 1 | Name: Roitham | fcl: A, fcode: ADM3 | ADM1: Upper Austria, ADM2: Gmunden, ADM3: Roitham, ADM4:  | Latitude: 48.02466, Longitude: 13.82235 | Score: 20.23, Population: 2002 | Fuzzy match: 25.0
2025-08-24 16:16:32,324 INFO Comparing database entry: traunfall with Wangham returned from geonames.
2025-08-24 16:16:32,324 INFO 📄 Index 2 | Name: Wangham | fcl: P, fcode: PPL | ADM1: Upper Austria, ADM2: Gmunden, ADM3: Roitham, ADM4:  | Latitude: 48.01667, Longitude: 13.85 | Score: 10.16, Population: 55 | Fuzzy match: 37.5
2025-08-24 16:16:32,324 INFO Comparing database entry: traunfall with Unterpühret returned from geonames.
2025-08-24 16:16:32,324 INFO 📄 Index 3 | Name: Unterpühret | fcl: P, fcode: PPL | ADM1: Upper Austria, ADM2: Gmunden, ADM3: Roitham, ADM4:  | Latitude: 48.0424, Longitude: 13.85324 | Score: 10.16, Population: 30 | Fuzzy match: 19.999999999999996
2025-08-24 16:16:32,458 INFO Comparing database entry: traunfall with Roitham returned from geonames.
2025-08-24 16:16:32,458 INFO 📄 Index 0 | Name: Roitham | fcl: P, fcode: PPLA3 | ADM1: Upper Austria, ADM2: Gmunden, ADM3: Roitham, ADM4:  | Latitude: 48.02432, Longitude: 13.82166 | Score: 20.33, Population: 1017 | Fuzzy match: 25.0
2025-08-24 16:16:32,458 INFO Comparing database entry: traunfall with Roitham returned from geonames.
2025-08-24 16:16:32,458 INFO 📄 Index 1 | Name: Roitham | fcl: A, fcode: ADM3 | ADM1: Upper Austria, ADM2: Gmunden, ADM3: Roitham, ADM4:  | Latitude: 48.02466, Longitude: 13.82235 | Score: 20.23, Population: 2002 | Fuzzy match: 25.0
2025-08-24 16:16:32,458 INFO Comparing database entry: traunfall with Wangham returned from geonames.
2025-08-24 16:16:32,458 INFO 📄 Index 2 | Name: Wangham | fcl: P, fcode: PPL | ADM1: Upper Austria, ADM2: Gmunden, ADM3: Roitham, ADM4:  | Latitude: 48.01667, Longitude: 13.85 | Score: 10.16, Population: 55 | Fuzzy match: 37.5
2025-08-24 16:16:32,459 INFO Comparing database entry: traunfall with Unterpühret returned from geonames.
2025-08-24 16:16:32,459 INFO 📄 Index 3 | Name: Unterpühret | fcl: P, fcode: PPL | ADM1: Upper Austria, ADM2: Gmunden, ADM3: Roitham, ADM4:  | Latitude: 48.0424, Longitude: 13.85324 | Score: 10.16, Population: 30 | Fuzzy match: 19.999999999999996
2025-08-24 16:16:32,604 INFO Comparing database entry: traunfall with Roitham returned from geonames.
2025-08-24 16:16:32,604 INFO 📄 Index 0 | Name: Roitham | fcl: P, fcode: PPLA3 | ADM1: Upper Austria, ADM2: Gmunden, ADM3: Roitham, ADM4:  | Latitude: 48.02432, Longitude: 13.82166 | Score: 20.33, Population: 1017 | Fuzzy match: 25.0
2025-08-24 16:16:32,604 INFO Comparing database entry: traunfall with Roitham returned from geonames.
2025-08-24 16:16:32,604 INFO 📄 Index 1 | Name: Roitham | fcl: A, fcode: ADM3 | ADM1: Upper Austria, ADM2: Gmunden, ADM3: Roitham, ADM4:  | Latitude: 48.02466, Longitude: 13.82235 | Score: 20.23, Population: 2002 | Fuzzy match: 25.0
2025-08-24 16:16:32,604 INFO Comparing database entry: traunfall with Wangham returned from geonames.
2025-08-24 16:16:32,605 INFO 📄 Index 2 | Name: Wangham | fcl: P, fcode: PPL | ADM1: Upper Austria, ADM2: Gmunden, ADM3: Roitham, ADM4:  | Latitude: 48.01667, Longitude: 13.85 | Score: 10.16, Population: 55 | Fuzzy match: 37.5
2025-08-24 16:16:32,605 INFO Comparing database entry: traunfall with Unterpühret returned from geonames.
2025-08-24 16:16:32,605 INFO 📄 Index 3 | Name: Unterpühret | fcl: P, fcode: PPL | ADM1: Upper Austria, ADM2: Gmunden, ADM3: Roitham, ADM4:  | Latitude: 48.0424, Longitude: 13.85324 | Score: 10.16, Population: 30 | Fuzzy match: 19.999999999999996
2025-08-24 16:16:32,760 INFO Comparing database entry: traunfall with Roitham returned from geonames.
2025-08-24 16:16:32,760 INFO 📄 Index 0 | Name: Roitham | fcl: P, fcode: PPLA3 | ADM1: Upper Austria, ADM2: Gmunden, ADM3: Roitham, ADM4:  | Latitude: 48.02432, Longitude: 13.82166 | Score: 20.33, Population: 1017 | Fuzzy match: 25.0
2025-08-24 16:16:32,760 INFO Comparing database entry: traunfall with Roitham returned from geonames.
2025-08-24 16:16:32,760 INFO 📄 Index 1 | Name: Roitham | fcl: A, fcode: ADM3 | ADM1: Upper Austria, ADM2: Gmunden, ADM3: Roitham, ADM4:  | Latitude: 48.02466, Longitude: 13.82235 | Score: 20.23, Population: 2002 | Fuzzy match: 25.0
2025-08-24 16:16:32,760 INFO Comparing database entry: traunfall with Wangham returned from geonames.
2025-08-24 16:16:32,760 INFO 📄 Index 2 | Name: Wangham | fcl: P, fcode: PPL | ADM1: Upper Austria, ADM2: Gmunden, ADM3: Roitham, ADM4:  | Latitude: 48.01667, Longitude: 13.85 | Score: 10.16, Population: 55 | Fuzzy match: 37.5
2025-08-24 16:16:32,760 INFO Comparing database entry: traunfall with Unterpühret returned from geonames.
2025-08-24 16:16:32,760 INFO 📄 Index 3 | Name: Unterpühret | fcl: P, fcode: PPL | ADM1: Upper Austria, ADM2: Gmunden, ADM3: Roitham, ADM4:  | Latitude: 48.0424, Longitude: 13.85324 | Score: 10.16, Population: 30 | Fuzzy match: 19.999999999999996
2025-08-24 16:16:32,917 INFO Comparing database entry: traunfall with Roitham returned from geonames.
2025-08-24 16:16:32,918 INFO 📄 Index 0 | Name: Roitham | fcl: P, fcode: PPLA3 | ADM1: Upper Austria, ADM2: Gmunden, ADM3: Roitham, ADM4:  | Latitude: 48.02432, Longitude: 13.82166 | Score: 20.33, Population: 1017 | Fuzzy match: 25.0
2025-08-24 16:16:32,918 INFO Comparing database entry: traunfall with Roitham returned from geonames.
2025-08-24 16:16:32,918 INFO 📄 Index 1 | Name: Roitham | fcl: A, fcode: ADM3 | ADM1: Upper Austria, ADM2: Gmunden, ADM3: Roitham, ADM4:  | Latitude: 48.02466, Longitude: 13.82235 | Score: 20.23, Population: 2002 | Fuzzy match: 25.0
2025-08-24 16:16:32,918 INFO Comparing database entry: traunfall with Wangham returned from geonames.
2025-08-24 16:16:32,918 INFO 📄 Index 2 | Name: Wangham | fcl: P, fcode: PPL | ADM1: Upper Austria, ADM2: Gmunden, ADM3: Roitham, ADM4:  | Latitude: 48.01667, Longitude: 13.85 | Score: 10.16, Population: 55 | Fuzzy match: 37.5
2025-08-24 16:16:32,918 INFO Comparing database entry: traunfall with Unterpühret returned from geonames.
2025-08-24 16:16:32,918 INFO 📄 Index 3 | Name: Unterpühret | fcl: P, fcode: PPL | ADM1: Upper Austria, ADM2: Gmunden, ADM3: Roitham, ADM4:  | Latitude: 48.0424, Longitude: 13.85324 | Score: 10.16, Population: 30 | Fuzzy match: 19.999999999999996
2025-08-24 16:16:32,918 WARNING ❌ No match found with fuzzy score > 80 for city: traunfall
2025-08-24 16:16:32,919 WARNING ❌ Lookup failed for city='traunfall', iso2='AT'
