2025-08-08 14:51:13,046 INFO 🗺️ Starting GeoNames lookup for city='wolfsberg', country='austria'
2025-08-08 14:51:13,046 INFO 📍 Location is present in the following articles: [ObjectId('67f9221af431fddd61d55d4a')]
2025-08-08 14:51:13,206 INFO Comparing database entry: wolfsberg with Politischer Bezirk Wolfsberg returned from geonames.
2025-08-08 14:51:13,206 INFO 📄 Index 0 | Name: Politischer Bezirk Wolfsberg | fcl: A, fcode: ADM2 | ADM1: Carinthia, ADM2: Wolfsberg, ADM3: , ADM4:  | Score: 44.98, Population: 53236 | Fuzzy match: 48.64864864864865
2025-08-08 14:51:13,206 INFO Comparing database entry: wolfsberg with Bad Sankt Leonhard im Lavanttal returned from geonames.
2025-08-08 14:51:13,206 INFO 📄 Index 1 | Name: Bad Sankt Leonhard im Lavanttal | fcl: P, fcode: PPL | ADM1: Carinthia, ADM2: Wolfsberg, ADM3: Bad St. Leonhard im Lavanttal, ADM4:  | Score: 34.85, Population: 1940 | Fuzzy match: 15.000000000000002
2025-08-08 14:51:13,206 INFO Comparing database entry: wolfsberg with Sankt Paul im Lavanttal returned from geonames.
2025-08-08 14:51:13,206 INFO 📄 Index 2 | Name: Sankt Paul im Lavanttal | fcl: P, fcode: PPL | ADM1: Carinthia, ADM2: Wolfsberg, ADM3: St. Paul im Lavanttal, ADM4:  | Score: 31.66, Population: 1735 | Fuzzy match: 12.5
2025-08-08 14:51:13,206 INFO Comparing database entry: wolfsberg with Sankt Andrä returned from geonames.
2025-08-08 14:51:13,206 INFO 📄 Index 3 | Name: Sankt Andrä | fcl: P, fcode: PPLA3 | ADM1: Carinthia, ADM2: Wolfsberg, ADM3: St. Andrä, ADM4:  | Score: 30.50, Population: 1271 | Fuzzy match: 9.999999999999998
2025-08-08 14:51:13,338 INFO Comparing database entry: wolfsberg with Politischer Bezirk Wolfsberg returned from geonames.
2025-08-08 14:51:13,339 INFO 📄 Index 0 | Name: Politischer Bezirk Wolfsberg | fcl: A, fcode: ADM2 | ADM1: Carinthia, ADM2: Wolfsberg, ADM3: , ADM4:  | Score: 44.98, Population: 53236 | Fuzzy match: 48.64864864864865
2025-08-08 14:51:13,339 INFO Comparing database entry: wolfsberg with Bad Sankt Leonhard im Lavanttal returned from geonames.
2025-08-08 14:51:13,339 INFO 📄 Index 1 | Name: Bad Sankt Leonhard im Lavanttal | fcl: P, fcode: PPL | ADM1: Carinthia, ADM2: Wolfsberg, ADM3: Bad St. Leonhard im Lavanttal, ADM4:  | Score: 34.85, Population: 1940 | Fuzzy match: 15.000000000000002
2025-08-08 14:51:13,339 INFO Comparing database entry: wolfsberg with Sankt Paul im Lavanttal returned from geonames.
2025-08-08 14:51:13,339 INFO 📄 Index 2 | Name: Sankt Paul im Lavanttal | fcl: P, fcode: PPL | ADM1: Carinthia, ADM2: Wolfsberg, ADM3: St. Paul im Lavanttal, ADM4:  | Score: 31.66, Population: 1735 | Fuzzy match: 12.5
2025-08-08 14:51:13,339 INFO Comparing database entry: wolfsberg with Sankt Andrä returned from geonames.
2025-08-08 14:51:13,339 INFO 📄 Index 3 | Name: Sankt Andrä | fcl: P, fcode: PPLA3 | ADM1: Carinthia, ADM2: Wolfsberg, ADM3: St. Andrä, ADM4:  | Score: 30.50, Population: 1271 | Fuzzy match: 9.999999999999998
2025-08-08 14:51:13,464 INFO Comparing database entry: wolfsberg with Politischer Bezirk Wolfsberg returned from geonames.
2025-08-08 14:51:13,464 INFO 📄 Index 0 | Name: Politischer Bezirk Wolfsberg | fcl: A, fcode: ADM2 | ADM1: Carinthia, ADM2: Wolfsberg, ADM3: , ADM4:  | Score: 44.98, Population: 53236 | Fuzzy match: 48.64864864864865
2025-08-08 14:51:13,464 INFO Comparing database entry: wolfsberg with Bad Sankt Leonhard im Lavanttal returned from geonames.
2025-08-08 14:51:13,464 INFO 📄 Index 1 | Name: Bad Sankt Leonhard im Lavanttal | fcl: P, fcode: PPL | ADM1: Carinthia, ADM2: Wolfsberg, ADM3: Bad St. Leonhard im Lavanttal, ADM4:  | Score: 34.85, Population: 1940 | Fuzzy match: 15.000000000000002
2025-08-08 14:51:13,464 INFO Comparing database entry: wolfsberg with Sankt Paul im Lavanttal returned from geonames.
2025-08-08 14:51:13,464 INFO 📄 Index 2 | Name: Sankt Paul im Lavanttal | fcl: P, fcode: PPL | ADM1: Carinthia, ADM2: Wolfsberg, ADM3: St. Paul im Lavanttal, ADM4:  | Score: 31.66, Population: 1735 | Fuzzy match: 12.5
2025-08-08 14:51:13,464 INFO Comparing database entry: wolfsberg with Sankt Andrä returned from geonames.
2025-08-08 14:51:13,464 INFO 📄 Index 3 | Name: Sankt Andrä | fcl: P, fcode: PPLA3 | ADM1: Carinthia, ADM2: Wolfsberg, ADM3: St. Andrä, ADM4:  | Score: 30.50, Population: 1271 | Fuzzy match: 9.999999999999998
2025-08-08 14:51:13,599 INFO Comparing database entry: wolfsberg with Politischer Bezirk Wolfsberg returned from geonames.
2025-08-08 14:51:13,599 INFO 📄 Index 0 | Name: Politischer Bezirk Wolfsberg | fcl: A, fcode: ADM2 | ADM1: Carinthia, ADM2: Wolfsberg, ADM3: , ADM4:  | Score: 44.98, Population: 53236 | Fuzzy match: 48.64864864864865
2025-08-08 14:51:13,599 INFO Comparing database entry: wolfsberg with Bad Sankt Leonhard im Lavanttal returned from geonames.
2025-08-08 14:51:13,599 INFO 📄 Index 1 | Name: Bad Sankt Leonhard im Lavanttal | fcl: P, fcode: PPL | ADM1: Carinthia, ADM2: Wolfsberg, ADM3: Bad St. Leonhard im Lavanttal, ADM4:  | Score: 34.85, Population: 1940 | Fuzzy match: 15.000000000000002
2025-08-08 14:51:13,599 INFO Comparing database entry: wolfsberg with Sankt Paul im Lavanttal returned from geonames.
2025-08-08 14:51:13,599 INFO 📄 Index 2 | Name: Sankt Paul im Lavanttal | fcl: P, fcode: PPL | ADM1: Carinthia, ADM2: Wolfsberg, ADM3: St. Paul im Lavanttal, ADM4:  | Score: 31.66, Population: 1735 | Fuzzy match: 12.5
2025-08-08 14:51:13,599 INFO Comparing database entry: wolfsberg with Sankt Andrä returned from geonames.
2025-08-08 14:51:13,599 INFO 📄 Index 3 | Name: Sankt Andrä | fcl: P, fcode: PPLA3 | ADM1: Carinthia, ADM2: Wolfsberg, ADM3: St. Andrä, ADM4:  | Score: 30.50, Population: 1271 | Fuzzy match: 9.999999999999998
2025-08-08 14:51:13,758 INFO Comparing database entry: wolfsberg with Politischer Bezirk Wolfsberg returned from geonames.
2025-08-08 14:51:13,758 INFO 📄 Index 0 | Name: Politischer Bezirk Wolfsberg | fcl: A, fcode: ADM2 | ADM1: Carinthia, ADM2: Wolfsberg, ADM3: , ADM4:  | Score: 44.98, Population: 53236 | Fuzzy match: 48.64864864864865
2025-08-08 14:51:13,759 INFO Comparing database entry: wolfsberg with Bad Sankt Leonhard im Lavanttal returned from geonames.
2025-08-08 14:51:13,759 INFO 📄 Index 1 | Name: Bad Sankt Leonhard im Lavanttal | fcl: P, fcode: PPL | ADM1: Carinthia, ADM2: Wolfsberg, ADM3: Bad St. Leonhard im Lavanttal, ADM4:  | Score: 34.85, Population: 1940 | Fuzzy match: 15.000000000000002
2025-08-08 14:51:13,759 INFO Comparing database entry: wolfsberg with Sankt Paul im Lavanttal returned from geonames.
2025-08-08 14:51:13,759 INFO 📄 Index 2 | Name: Sankt Paul im Lavanttal | fcl: P, fcode: PPL | ADM1: Carinthia, ADM2: Wolfsberg, ADM3: St. Paul im Lavanttal, ADM4:  | Score: 31.66, Population: 1735 | Fuzzy match: 12.5
2025-08-08 14:51:13,759 INFO Comparing database entry: wolfsberg with Sankt Andrä returned from geonames.
2025-08-08 14:51:13,759 INFO 📄 Index 3 | Name: Sankt Andrä | fcl: P, fcode: PPLA3 | ADM1: Carinthia, ADM2: Wolfsberg, ADM3: St. Andrä, ADM4:  | Score: 30.50, Population: 1271 | Fuzzy match: 9.999999999999998
2025-08-08 14:51:13,894 INFO Comparing database entry: wolfsberg with Politischer Bezirk Wolfsberg returned from geonames.
2025-08-08 14:51:13,894 INFO 📄 Index 0 | Name: Politischer Bezirk Wolfsberg | fcl: A, fcode: ADM2 | ADM1: Carinthia, ADM2: Wolfsberg, ADM3: , ADM4:  | Score: 44.98, Population: 53236 | Fuzzy match: 48.64864864864865
2025-08-08 14:51:13,894 INFO Comparing database entry: wolfsberg with Bad Sankt Leonhard im Lavanttal returned from geonames.
2025-08-08 14:51:13,894 INFO 📄 Index 1 | Name: Bad Sankt Leonhard im Lavanttal | fcl: P, fcode: PPL | ADM1: Carinthia, ADM2: Wolfsberg, ADM3: Bad St. Leonhard im Lavanttal, ADM4:  | Score: 34.85, Population: 1940 | Fuzzy match: 15.000000000000002
2025-08-08 14:51:13,894 INFO Comparing database entry: wolfsberg with Sankt Paul im Lavanttal returned from geonames.
2025-08-08 14:51:13,894 INFO 📄 Index 2 | Name: Sankt Paul im Lavanttal | fcl: P, fcode: PPL | ADM1: Carinthia, ADM2: Wolfsberg, ADM3: St. Paul im Lavanttal, ADM4:  | Score: 31.66, Population: 1735 | Fuzzy match: 12.5
2025-08-08 14:51:13,894 INFO Comparing database entry: wolfsberg with Sankt Andrä returned from geonames.
2025-08-08 14:51:13,894 INFO 📄 Index 3 | Name: Sankt Andrä | fcl: P, fcode: PPLA3 | ADM1: Carinthia, ADM2: Wolfsberg, ADM3: St. Andrä, ADM4:  | Score: 30.50, Population: 1271 | Fuzzy match: 9.999999999999998
2025-08-08 14:51:13,894 WARNING ❌ No match found with fuzzy score > 80 for city: wolfsberg
2025-08-08 14:51:13,894 WARNING ❌ Lookup failed for city='wolfsberg', iso2='AT'
