2025-07-31 18:04:01,602 INFO 📍 Starting GeoNames lookup for city='northern_queensland', country='australia' from articles: [ObjectId('67fbeeb794b7f855cfea6624')]
2025-07-31 18:04:01,783 INFO Comparing database entry: Northern queensland with Northern Peninsula Area returned from geonames.
2025-07-31 18:04:01,783 INFO 📄 Index 0 | Name: Northern Peninsula Area | fcl: A, fcode: ADM2 | ADM1: Queensland, ADM2: Northern Peninsula Area, ADM3: , ADM4:  | Score: 37.43, Population: 2560 | Fuzzy match: 66.66666666666667
2025-07-31 18:04:01,783 INFO Comparing database entry: Northern queensland with Bamaga returned from geonames.
2025-07-31 18:04:01,783 INFO 📄 Index 1 | Name: Bamaga | fcl: P, fcode: PPL | ADM1: Queensland, ADM2: Northern Peninsula Area, ADM3: , ADM4:  | Score: 27.48, Population: 1237 | Fuzzy match: 7.9999999999999964
2025-07-31 18:04:01,783 INFO Comparing database entry: Northern queensland with New Mapoon returned from geonames.
2025-07-31 18:04:01,783 INFO 📄 Index 2 | Name: New Mapoon | fcl: P, fcode: PPL | ADM1: Queensland, ADM2: Northern Peninsula Area, ADM3: , ADM4:  | Score: 23.55, Population: 573 | Fuzzy match: 27.586206896551722
2025-07-31 18:04:01,783 INFO Comparing database entry: Northern queensland with Umagico returned from geonames.
2025-07-31 18:04:01,783 INFO 📄 Index 3 | Name: Umagico | fcl: P, fcode: PPL | ADM1: Queensland, ADM2: Northern Peninsula Area, ADM3: , ADM4:  | Score: 23.55, Population: 436 | Fuzzy match: 15.384615384615385
2025-07-31 18:04:01,938 INFO Comparing database entry: Northern queensland with Northern Peninsula Area returned from geonames.
2025-07-31 18:04:01,938 INFO 📄 Index 0 | Name: Northern Peninsula Area | fcl: A, fcode: ADM2 | ADM1: Queensland, ADM2: Northern Peninsula Area, ADM3: , ADM4:  | Score: 37.43, Population: 2560 | Fuzzy match: 66.66666666666667
2025-07-31 18:04:01,938 INFO Comparing database entry: Northern queensland with Bamaga returned from geonames.
2025-07-31 18:04:01,938 INFO 📄 Index 1 | Name: Bamaga | fcl: P, fcode: PPL | ADM1: Queensland, ADM2: Northern Peninsula Area, ADM3: , ADM4:  | Score: 27.48, Population: 1237 | Fuzzy match: 7.9999999999999964
2025-07-31 18:04:01,938 INFO Comparing database entry: Northern queensland with New Mapoon returned from geonames.
2025-07-31 18:04:01,938 INFO 📄 Index 2 | Name: New Mapoon | fcl: P, fcode: PPL | ADM1: Queensland, ADM2: Northern Peninsula Area, ADM3: , ADM4:  | Score: 23.55, Population: 573 | Fuzzy match: 27.586206896551722
2025-07-31 18:04:01,938 INFO Comparing database entry: Northern queensland with Umagico returned from geonames.
2025-07-31 18:04:01,938 INFO 📄 Index 3 | Name: Umagico | fcl: P, fcode: PPL | ADM1: Queensland, ADM2: Northern Peninsula Area, ADM3: , ADM4:  | Score: 23.55, Population: 436 | Fuzzy match: 15.384615384615385
2025-07-31 18:04:02,095 INFO Comparing database entry: Northern queensland with Northern Peninsula Area returned from geonames.
2025-07-31 18:04:02,095 INFO 📄 Index 0 | Name: Northern Peninsula Area | fcl: A, fcode: ADM2 | ADM1: Queensland, ADM2: Northern Peninsula Area, ADM3: , ADM4:  | Score: 37.43, Population: 2560 | Fuzzy match: 66.66666666666667
2025-07-31 18:04:02,095 INFO Comparing database entry: Northern queensland with Bamaga returned from geonames.
2025-07-31 18:04:02,095 INFO 📄 Index 1 | Name: Bamaga | fcl: P, fcode: PPL | ADM1: Queensland, ADM2: Northern Peninsula Area, ADM3: , ADM4:  | Score: 27.48, Population: 1237 | Fuzzy match: 7.9999999999999964
2025-07-31 18:04:02,095 INFO Comparing database entry: Northern queensland with New Mapoon returned from geonames.
2025-07-31 18:04:02,095 INFO 📄 Index 2 | Name: New Mapoon | fcl: P, fcode: PPL | ADM1: Queensland, ADM2: Northern Peninsula Area, ADM3: , ADM4:  | Score: 23.55, Population: 573 | Fuzzy match: 27.586206896551722
2025-07-31 18:04:02,095 INFO Comparing database entry: Northern queensland with Umagico returned from geonames.
2025-07-31 18:04:02,095 INFO 📄 Index 3 | Name: Umagico | fcl: P, fcode: PPL | ADM1: Queensland, ADM2: Northern Peninsula Area, ADM3: , ADM4:  | Score: 23.55, Population: 436 | Fuzzy match: 15.384615384615385
