2025-08-17 16:43:07,439 INFO 🗺️ Starting GeoNames lookup for city='flanders', country='belgium'
2025-08-17 16:43:07,439 INFO 📍 Location is present in the following articles: [ObjectId('67fa7e8aeaa4fb525afec040')]
2025-08-17 16:43:07,584 INFO Comparing database entry: flanders with Antwerp returned from geonames.
2025-08-17 16:43:07,584 INFO 📄 Index 0 | Name: Antwerp | fcl: P, fcode: PPL | ADM1: Flanders, ADM2: Antwerp Province, ADM3: Arrondissement of Antwerp, ADM4: Antwerpen | Score: 165.89, Population: 529247 | Fuzzy match: 53.333333333333336
2025-08-17 16:43:07,584 INFO Comparing database entry: flanders with Ghent returned from geonames.
2025-08-17 16:43:07,584 INFO 📄 Index 1 | Name: Ghent | fcl: P, fcode: PPL | ADM1: Flanders, ADM2: East Flanders Province, ADM3: Arrondissement of Ghent, ADM4: Gent | Score: 153.46, Population: 265086 | Fuzzy match: 15.384615384615385
2025-08-17 16:43:07,584 INFO Comparing database entry: flanders with Bruges returned from geonames.
2025-08-17 16:43:07,584 INFO 📄 Index 2 | Name: Bruges | fcl: P, fcode: PPL | ADM1: Flanders, ADM2: West Flanders Province, ADM3: Arrondissement of Bruges, ADM4: Brugge | Score: 131.10, Population: 118509 | Fuzzy match: 28.57142857142857
2025-08-17 16:43:07,585 INFO Comparing database entry: flanders with Leuven returned from geonames.
2025-08-17 16:43:07,585 INFO 📄 Index 3 | Name: Leuven | fcl: P, fcode: PPL | ADM1: Flanders, ADM2: Flemish Brabant Province, ADM3: Arrondissement of Leuven, ADM4: Leuven | Score: 104.17, Population: 101032 | Fuzzy match: 28.57142857142857
2025-08-17 16:43:07,785 INFO Comparing database entry: flanders with Antwerp returned from geonames.
2025-08-17 16:43:07,785 INFO 📄 Index 0 | Name: Antwerp | fcl: P, fcode: PPL | ADM1: Flanders, ADM2: Antwerp Province, ADM3: Arrondissement of Antwerp, ADM4: Antwerpen | Score: 165.89, Population: 529247 | Fuzzy match: 53.333333333333336
2025-08-17 16:43:07,785 INFO Comparing database entry: flanders with Ghent returned from geonames.
2025-08-17 16:43:07,785 INFO 📄 Index 1 | Name: Ghent | fcl: P, fcode: PPL | ADM1: Flanders, ADM2: East Flanders Province, ADM3: Arrondissement of Ghent, ADM4: Gent | Score: 153.46, Population: 265086 | Fuzzy match: 15.384615384615385
2025-08-17 16:43:07,785 INFO Comparing database entry: flanders with Bruges returned from geonames.
2025-08-17 16:43:07,785 INFO 📄 Index 2 | Name: Bruges | fcl: P, fcode: PPL | ADM1: Flanders, ADM2: West Flanders Province, ADM3: Arrondissement of Bruges, ADM4: Brugge | Score: 131.10, Population: 118509 | Fuzzy match: 28.57142857142857
2025-08-17 16:43:07,786 INFO Comparing database entry: flanders with Leuven returned from geonames.
2025-08-17 16:43:07,786 INFO 📄 Index 3 | Name: Leuven | fcl: P, fcode: PPL | ADM1: Flanders, ADM2: Flemish Brabant Province, ADM3: Arrondissement of Leuven, ADM4: Leuven | Score: 104.17, Population: 101032 | Fuzzy match: 28.57142857142857
2025-08-17 16:43:07,920 INFO Comparing database entry: flanders with Antwerp returned from geonames.
2025-08-17 16:43:07,920 INFO 📄 Index 0 | Name: Antwerp | fcl: P, fcode: PPL | ADM1: Flanders, ADM2: Antwerp Province, ADM3: Arrondissement of Antwerp, ADM4: Antwerpen | Score: 165.89, Population: 529247 | Fuzzy match: 53.333333333333336
2025-08-17 16:43:07,920 INFO Comparing database entry: flanders with Ghent returned from geonames.
2025-08-17 16:43:07,920 INFO 📄 Index 1 | Name: Ghent | fcl: P, fcode: PPL | ADM1: Flanders, ADM2: East Flanders Province, ADM3: Arrondissement of Ghent, ADM4: Gent | Score: 153.46, Population: 265086 | Fuzzy match: 15.384615384615385
2025-08-17 16:43:07,920 INFO Comparing database entry: flanders with Bruges returned from geonames.
2025-08-17 16:43:07,920 INFO 📄 Index 2 | Name: Bruges | fcl: P, fcode: PPL | ADM1: Flanders, ADM2: West Flanders Province, ADM3: Arrondissement of Bruges, ADM4: Brugge | Score: 131.10, Population: 118509 | Fuzzy match: 28.57142857142857
2025-08-17 16:43:07,920 INFO Comparing database entry: flanders with Leuven returned from geonames.
2025-08-17 16:43:07,920 INFO 📄 Index 3 | Name: Leuven | fcl: P, fcode: PPL | ADM1: Flanders, ADM2: Flemish Brabant Province, ADM3: Arrondissement of Leuven, ADM4: Leuven | Score: 104.17, Population: 101032 | Fuzzy match: 28.57142857142857
2025-08-17 16:43:08,073 INFO Comparing database entry: flanders with Antwerp returned from geonames.
2025-08-17 16:43:08,074 INFO 📄 Index 0 | Name: Antwerp | fcl: P, fcode: PPL | ADM1: Flanders, ADM2: Antwerp Province, ADM3: Arrondissement of Antwerp, ADM4: Antwerpen | Score: 165.89, Population: 529247 | Fuzzy match: 53.333333333333336
2025-08-17 16:43:08,074 INFO Comparing database entry: flanders with Ghent returned from geonames.
2025-08-17 16:43:08,074 INFO 📄 Index 1 | Name: Ghent | fcl: P, fcode: PPL | ADM1: Flanders, ADM2: East Flanders Province, ADM3: Arrondissement of Ghent, ADM4: Gent | Score: 153.46, Population: 265086 | Fuzzy match: 15.384615384615385
2025-08-17 16:43:08,074 INFO Comparing database entry: flanders with Bruges returned from geonames.
2025-08-17 16:43:08,074 INFO 📄 Index 2 | Name: Bruges | fcl: P, fcode: PPL | ADM1: Flanders, ADM2: West Flanders Province, ADM3: Arrondissement of Bruges, ADM4: Brugge | Score: 131.10, Population: 118509 | Fuzzy match: 28.57142857142857
2025-08-17 16:43:08,074 INFO Comparing database entry: flanders with Leuven returned from geonames.
2025-08-17 16:43:08,074 INFO 📄 Index 3 | Name: Leuven | fcl: P, fcode: PPL | ADM1: Flanders, ADM2: Flemish Brabant Province, ADM3: Arrondissement of Leuven, ADM4: Leuven | Score: 104.17, Population: 101032 | Fuzzy match: 28.57142857142857
2025-08-17 16:43:08,240 INFO Comparing database entry: flanders with Antwerp returned from geonames.
2025-08-17 16:43:08,240 INFO 📄 Index 0 | Name: Antwerp | fcl: P, fcode: PPL | ADM1: Flanders, ADM2: Antwerp Province, ADM3: Arrondissement of Antwerp, ADM4: Antwerpen | Score: 165.89, Population: 529247 | Fuzzy match: 53.333333333333336
2025-08-17 16:43:08,240 INFO Comparing database entry: flanders with Ghent returned from geonames.
2025-08-17 16:43:08,240 INFO 📄 Index 1 | Name: Ghent | fcl: P, fcode: PPL | ADM1: Flanders, ADM2: East Flanders Province, ADM3: Arrondissement of Ghent, ADM4: Gent | Score: 153.46, Population: 265086 | Fuzzy match: 15.384615384615385
2025-08-17 16:43:08,240 INFO Comparing database entry: flanders with Bruges returned from geonames.
2025-08-17 16:43:08,240 INFO 📄 Index 2 | Name: Bruges | fcl: P, fcode: PPL | ADM1: Flanders, ADM2: West Flanders Province, ADM3: Arrondissement of Bruges, ADM4: Brugge | Score: 131.10, Population: 118509 | Fuzzy match: 28.57142857142857
2025-08-17 16:43:08,240 INFO Comparing database entry: flanders with Leuven returned from geonames.
2025-08-17 16:43:08,240 INFO 📄 Index 3 | Name: Leuven | fcl: P, fcode: PPL | ADM1: Flanders, ADM2: Flemish Brabant Province, ADM3: Arrondissement of Leuven, ADM4: Leuven | Score: 104.17, Population: 101032 | Fuzzy match: 28.57142857142857
2025-08-17 16:43:08,372 INFO Comparing database entry: flanders with Antwerp returned from geonames.
2025-08-17 16:43:08,373 INFO 📄 Index 0 | Name: Antwerp | fcl: P, fcode: PPL | ADM1: Flanders, ADM2: Antwerp Province, ADM3: Arrondissement of Antwerp, ADM4: Antwerpen | Score: 165.89, Population: 529247 | Fuzzy match: 53.333333333333336
2025-08-17 16:43:08,373 INFO Comparing database entry: flanders with Ghent returned from geonames.
2025-08-17 16:43:08,373 INFO 📄 Index 1 | Name: Ghent | fcl: P, fcode: PPL | ADM1: Flanders, ADM2: East Flanders Province, ADM3: Arrondissement of Ghent, ADM4: Gent | Score: 153.46, Population: 265086 | Fuzzy match: 15.384615384615385
2025-08-17 16:43:08,373 INFO Comparing database entry: flanders with Bruges returned from geonames.
2025-08-17 16:43:08,373 INFO 📄 Index 2 | Name: Bruges | fcl: P, fcode: PPL | ADM1: Flanders, ADM2: West Flanders Province, ADM3: Arrondissement of Bruges, ADM4: Brugge | Score: 131.10, Population: 118509 | Fuzzy match: 28.57142857142857
2025-08-17 16:43:08,373 INFO Comparing database entry: flanders with Leuven returned from geonames.
2025-08-17 16:43:08,373 INFO 📄 Index 3 | Name: Leuven | fcl: P, fcode: PPL | ADM1: Flanders, ADM2: Flemish Brabant Province, ADM3: Arrondissement of Leuven, ADM4: Leuven | Score: 104.17, Population: 101032 | Fuzzy match: 28.57142857142857
2025-08-17 16:43:08,373 WARNING ❌ No match found with fuzzy score > 80 for city: flanders
2025-08-17 16:43:08,373 WARNING ❌ Lookup failed for city='flanders', iso2='BE'
