2025-08-18 21:21:02,263 INFO 🗺️ Starting GeoNames lookup for city='flemish region', country='belgium'
2025-08-18 21:21:02,264 INFO 📍 Location is present in the following articles: [ObjectId('67fa621438fb90ab92f8c0a1')]
2025-08-18 21:21:02,408 INFO Comparing database entry: flemish region with Antwerp returned from geonames.
2025-08-18 21:21:02,408 INFO 📄 Index 0 | Name: Antwerp | fcl: P, fcode: PPL | ADM1: Flanders, ADM2: Antwerp Province, ADM3: Arrondissement of Antwerp, ADM4: Antwerpen | Latitude: 51.22047, Longitude: 4.40026 | Score: 168.33, Population: 529247 | Fuzzy match: 19.047619047619047
2025-08-18 21:21:02,408 INFO Comparing database entry: flemish region with Ghent returned from geonames.
2025-08-18 21:21:02,408 INFO 📄 Index 1 | Name: Ghent | fcl: P, fcode: PPL | ADM1: Flanders, ADM2: East Flanders Province, ADM3: Arrondissement of Ghent, ADM4: Gent | Latitude: 51.05, Longitude: 3.71667 | Score: 149.34, Population: 265086 | Fuzzy match: 31.57894736842105
2025-08-18 21:21:02,408 INFO Comparing database entry: flemish region with Bruges returned from geonames.
2025-08-18 21:21:02,408 INFO 📄 Index 2 | Name: Bruges | fcl: P, fcode: PPL | ADM1: Flanders, ADM2: West Flanders Province, ADM3: Arrondissement of Bruges, ADM4: Brugge | Latitude: 51.20892, Longitude: 3.22424 | Score: 127.62, Population: 118509 | Fuzzy match: 19.999999999999996
2025-08-18 21:21:02,408 INFO Comparing database entry: flemish region with Leuven returned from geonames.
2025-08-18 21:21:02,408 INFO 📄 Index 3 | Name: Leuven | fcl: P, fcode: PPL | ADM1: Flanders, ADM2: Flemish Brabant Province, ADM3: Arrondissement of Leuven, ADM4: Leuven | Latitude: 50.87959, Longitude: 4.70093 | Score: 109.82, Population: 101032 | Fuzzy match: 40.0
2025-08-18 21:21:02,571 INFO Comparing database entry: flemish region with Antwerp returned from geonames.
2025-08-18 21:21:02,571 INFO 📄 Index 0 | Name: Antwerp | fcl: P, fcode: PPL | ADM1: Flanders, ADM2: Antwerp Province, ADM3: Arrondissement of Antwerp, ADM4: Antwerpen | Latitude: 51.22047, Longitude: 4.40026 | Score: 168.33, Population: 529247 | Fuzzy match: 19.047619047619047
2025-08-18 21:21:02,571 INFO Comparing database entry: flemish region with Ghent returned from geonames.
2025-08-18 21:21:02,571 INFO 📄 Index 1 | Name: Ghent | fcl: P, fcode: PPL | ADM1: Flanders, ADM2: East Flanders Province, ADM3: Arrondissement of Ghent, ADM4: Gent | Latitude: 51.05, Longitude: 3.71667 | Score: 149.34, Population: 265086 | Fuzzy match: 31.57894736842105
2025-08-18 21:21:02,571 INFO Comparing database entry: flemish region with Bruges returned from geonames.
2025-08-18 21:21:02,571 INFO 📄 Index 2 | Name: Bruges | fcl: P, fcode: PPL | ADM1: Flanders, ADM2: West Flanders Province, ADM3: Arrondissement of Bruges, ADM4: Brugge | Latitude: 51.20892, Longitude: 3.22424 | Score: 127.62, Population: 118509 | Fuzzy match: 19.999999999999996
2025-08-18 21:21:02,571 INFO Comparing database entry: flemish region with Leuven returned from geonames.
2025-08-18 21:21:02,572 INFO 📄 Index 3 | Name: Leuven | fcl: P, fcode: PPL | ADM1: Flanders, ADM2: Flemish Brabant Province, ADM3: Arrondissement of Leuven, ADM4: Leuven | Latitude: 50.87959, Longitude: 4.70093 | Score: 109.82, Population: 101032 | Fuzzy match: 40.0
2025-08-18 21:21:02,738 INFO Comparing database entry: flemish region with Antwerp returned from geonames.
2025-08-18 21:21:02,739 INFO 📄 Index 0 | Name: Antwerp | fcl: P, fcode: PPL | ADM1: Flanders, ADM2: Antwerp Province, ADM3: Arrondissement of Antwerp, ADM4: Antwerpen | Latitude: 51.22047, Longitude: 4.40026 | Score: 168.33, Population: 529247 | Fuzzy match: 19.047619047619047
2025-08-18 21:21:02,739 INFO Comparing database entry: flemish region with Ghent returned from geonames.
2025-08-18 21:21:02,739 INFO 📄 Index 1 | Name: Ghent | fcl: P, fcode: PPL | ADM1: Flanders, ADM2: East Flanders Province, ADM3: Arrondissement of Ghent, ADM4: Gent | Latitude: 51.05, Longitude: 3.71667 | Score: 149.34, Population: 265086 | Fuzzy match: 31.57894736842105
2025-08-18 21:21:02,739 INFO Comparing database entry: flemish region with Bruges returned from geonames.
2025-08-18 21:21:02,739 INFO 📄 Index 2 | Name: Bruges | fcl: P, fcode: PPL | ADM1: Flanders, ADM2: West Flanders Province, ADM3: Arrondissement of Bruges, ADM4: Brugge | Latitude: 51.20892, Longitude: 3.22424 | Score: 127.62, Population: 118509 | Fuzzy match: 19.999999999999996
2025-08-18 21:21:02,739 INFO Comparing database entry: flemish region with Leuven returned from geonames.
2025-08-18 21:21:02,739 INFO 📄 Index 3 | Name: Leuven | fcl: P, fcode: PPL | ADM1: Flanders, ADM2: Flemish Brabant Province, ADM3: Arrondissement of Leuven, ADM4: Leuven | Latitude: 50.87959, Longitude: 4.70093 | Score: 109.82, Population: 101032 | Fuzzy match: 40.0
2025-08-18 21:21:02,886 INFO Comparing database entry: flemish region with Antwerp returned from geonames.
2025-08-18 21:21:02,886 INFO 📄 Index 0 | Name: Antwerp | fcl: P, fcode: PPL | ADM1: Flanders, ADM2: Antwerp Province, ADM3: Arrondissement of Antwerp, ADM4: Antwerpen | Latitude: 51.22047, Longitude: 4.40026 | Score: 168.33, Population: 529247 | Fuzzy match: 19.047619047619047
2025-08-18 21:21:02,886 INFO Comparing database entry: flemish region with Ghent returned from geonames.
2025-08-18 21:21:02,886 INFO 📄 Index 1 | Name: Ghent | fcl: P, fcode: PPL | ADM1: Flanders, ADM2: East Flanders Province, ADM3: Arrondissement of Ghent, ADM4: Gent | Latitude: 51.05, Longitude: 3.71667 | Score: 149.34, Population: 265086 | Fuzzy match: 31.57894736842105
2025-08-18 21:21:02,886 INFO Comparing database entry: flemish region with Bruges returned from geonames.
2025-08-18 21:21:02,886 INFO 📄 Index 2 | Name: Bruges | fcl: P, fcode: PPL | ADM1: Flanders, ADM2: West Flanders Province, ADM3: Arrondissement of Bruges, ADM4: Brugge | Latitude: 51.20892, Longitude: 3.22424 | Score: 127.62, Population: 118509 | Fuzzy match: 19.999999999999996
2025-08-18 21:21:02,886 INFO Comparing database entry: flemish region with Leuven returned from geonames.
2025-08-18 21:21:02,886 INFO 📄 Index 3 | Name: Leuven | fcl: P, fcode: PPL | ADM1: Flanders, ADM2: Flemish Brabant Province, ADM3: Arrondissement of Leuven, ADM4: Leuven | Latitude: 50.87959, Longitude: 4.70093 | Score: 109.82, Population: 101032 | Fuzzy match: 40.0
2025-08-18 21:21:03,044 INFO Comparing database entry: flemish region with Antwerp returned from geonames.
2025-08-18 21:21:03,044 INFO 📄 Index 0 | Name: Antwerp | fcl: P, fcode: PPL | ADM1: Flanders, ADM2: Antwerp Province, ADM3: Arrondissement of Antwerp, ADM4: Antwerpen | Latitude: 51.22047, Longitude: 4.40026 | Score: 168.33, Population: 529247 | Fuzzy match: 19.047619047619047
2025-08-18 21:21:03,045 INFO Comparing database entry: flemish region with Ghent returned from geonames.
2025-08-18 21:21:03,045 INFO 📄 Index 1 | Name: Ghent | fcl: P, fcode: PPL | ADM1: Flanders, ADM2: East Flanders Province, ADM3: Arrondissement of Ghent, ADM4: Gent | Latitude: 51.05, Longitude: 3.71667 | Score: 149.34, Population: 265086 | Fuzzy match: 31.57894736842105
2025-08-18 21:21:03,045 INFO Comparing database entry: flemish region with Bruges returned from geonames.
2025-08-18 21:21:03,045 INFO 📄 Index 2 | Name: Bruges | fcl: P, fcode: PPL | ADM1: Flanders, ADM2: West Flanders Province, ADM3: Arrondissement of Bruges, ADM4: Brugge | Latitude: 51.20892, Longitude: 3.22424 | Score: 127.62, Population: 118509 | Fuzzy match: 19.999999999999996
2025-08-18 21:21:03,045 INFO Comparing database entry: flemish region with Leuven returned from geonames.
2025-08-18 21:21:03,045 INFO 📄 Index 3 | Name: Leuven | fcl: P, fcode: PPL | ADM1: Flanders, ADM2: Flemish Brabant Province, ADM3: Arrondissement of Leuven, ADM4: Leuven | Latitude: 50.87959, Longitude: 4.70093 | Score: 109.82, Population: 101032 | Fuzzy match: 40.0
2025-08-18 21:21:03,218 INFO Comparing database entry: flemish region with Antwerp returned from geonames.
2025-08-18 21:21:03,218 INFO 📄 Index 0 | Name: Antwerp | fcl: P, fcode: PPL | ADM1: Flanders, ADM2: Antwerp Province, ADM3: Arrondissement of Antwerp, ADM4: Antwerpen | Latitude: 51.22047, Longitude: 4.40026 | Score: 168.33, Population: 529247 | Fuzzy match: 19.047619047619047
2025-08-18 21:21:03,219 INFO Comparing database entry: flemish region with Ghent returned from geonames.
2025-08-18 21:21:03,219 INFO 📄 Index 1 | Name: Ghent | fcl: P, fcode: PPL | ADM1: Flanders, ADM2: East Flanders Province, ADM3: Arrondissement of Ghent, ADM4: Gent | Latitude: 51.05, Longitude: 3.71667 | Score: 149.34, Population: 265086 | Fuzzy match: 31.57894736842105
2025-08-18 21:21:03,219 INFO Comparing database entry: flemish region with Bruges returned from geonames.
2025-08-18 21:21:03,219 INFO 📄 Index 2 | Name: Bruges | fcl: P, fcode: PPL | ADM1: Flanders, ADM2: West Flanders Province, ADM3: Arrondissement of Bruges, ADM4: Brugge | Latitude: 51.20892, Longitude: 3.22424 | Score: 127.62, Population: 118509 | Fuzzy match: 19.999999999999996
2025-08-18 21:21:03,219 INFO Comparing database entry: flemish region with Leuven returned from geonames.
2025-08-18 21:21:03,219 INFO 📄 Index 3 | Name: Leuven | fcl: P, fcode: PPL | ADM1: Flanders, ADM2: Flemish Brabant Province, ADM3: Arrondissement of Leuven, ADM4: Leuven | Latitude: 50.87959, Longitude: 4.70093 | Score: 109.82, Population: 101032 | Fuzzy match: 40.0
2025-08-18 21:21:03,219 WARNING ❌ No match found with fuzzy score > 80 for city: flemish region
2025-08-18 21:21:03,219 WARNING ❌ Lookup failed for city='flemish_region', iso2='BE'
