2025-10-02 14:02:27,849 INFO 🗺️ Starting GeoNames lookup for city='louvain', country='belgium'
2025-10-02 14:02:27,849 INFO 📍 Location is present in the following articles: [ObjectId('67fa61f038fb90ab92f8c02b'), ObjectId('67fa7db2eaa4fb525afebcc2')]
2025-10-02 14:02:28,012 INFO Comparing database entry: louvain with Leuven returned from geonames.
2025-10-02 14:02:28,012 INFO 📄 Index 0 | Name: Leuven | fcl: P, fcode: PPL | ADM1: Flanders, ADM2: Flemish Brabant Province, ADM3: Arrondissement of Leuven, ADM4: Leuven | Latitude: 50.87959, Longitude: 4.70093 | Score: 103.90, Population: 101032 | Fuzzy match: 61.53846153846154
2025-10-02 14:02:28,012 INFO Comparing database entry: louvain with Louvain-la-Neuve returned from geonames.
2025-10-02 14:02:28,012 INFO 📄 Index 1 | Name: Louvain-la-Neuve | fcl: P, fcode: PPL | ADM1: Wallonia, ADM2: Walloon Brabant Province, ADM3: Arrondissement of Nivelles, ADM4: Ottignies-Louvain-la-Neuve | Latitude: 50.66829, Longitude: 4.61443 | Score: 64.04, Population: 29521 | Fuzzy match: 60.86956521739131
2025-10-02 14:02:28,012 INFO Comparing database entry: louvain with Tienen returned from geonames.
2025-10-02 14:02:28,012 INFO 📄 Index 2 | Name: Tienen | fcl: P, fcode: PPL | ADM1: Flanders, ADM2: Flemish Brabant Province, ADM3: Arrondissement of Leuven, ADM4: Tienen | Latitude: 50.80745, Longitude: 4.9378 | Score: 58.97, Population: 31743 | Fuzzy match: 30.76923076923077
2025-10-02 14:02:28,012 INFO Comparing database entry: louvain with Aarschot returned from geonames.
2025-10-02 14:02:28,012 INFO 📄 Index 3 | Name: Aarschot | fcl: P, fcode: PPL | ADM1: Flanders, ADM2: Flemish Brabant Province, ADM3: Arrondissement of Leuven, ADM4: Aarschot | Latitude: 50.98715, Longitude: 4.83695 | Score: 58.97, Population: 27656 | Fuzzy match: 13.33333333333333
2025-10-02 14:02:28,177 INFO Comparing database entry: louvain with Leuven returned from geonames.
2025-10-02 14:02:28,177 INFO 📄 Index 0 | Name: Leuven | fcl: P, fcode: PPL | ADM1: Flanders, ADM2: Flemish Brabant Province, ADM3: Arrondissement of Leuven, ADM4: Leuven | Latitude: 50.87959, Longitude: 4.70093 | Score: 103.90, Population: 101032 | Fuzzy match: 61.53846153846154
2025-10-02 14:02:28,177 INFO Comparing database entry: louvain with Louvain-la-Neuve returned from geonames.
2025-10-02 14:02:28,177 INFO 📄 Index 1 | Name: Louvain-la-Neuve | fcl: P, fcode: PPL | ADM1: Wallonia, ADM2: Walloon Brabant Province, ADM3: Arrondissement of Nivelles, ADM4: Ottignies-Louvain-la-Neuve | Latitude: 50.66829, Longitude: 4.61443 | Score: 64.04, Population: 29521 | Fuzzy match: 60.86956521739131
2025-10-02 14:02:28,177 INFO Comparing database entry: louvain with Tienen returned from geonames.
2025-10-02 14:02:28,178 INFO 📄 Index 2 | Name: Tienen | fcl: P, fcode: PPL | ADM1: Flanders, ADM2: Flemish Brabant Province, ADM3: Arrondissement of Leuven, ADM4: Tienen | Latitude: 50.80745, Longitude: 4.9378 | Score: 58.97, Population: 31743 | Fuzzy match: 30.76923076923077
2025-10-02 14:02:28,178 INFO Comparing database entry: louvain with Aarschot returned from geonames.
2025-10-02 14:02:28,178 INFO 📄 Index 3 | Name: Aarschot | fcl: P, fcode: PPL | ADM1: Flanders, ADM2: Flemish Brabant Province, ADM3: Arrondissement of Leuven, ADM4: Aarschot | Latitude: 50.98715, Longitude: 4.83695 | Score: 58.97, Population: 27656 | Fuzzy match: 13.33333333333333
2025-10-02 14:02:28,353 INFO Comparing database entry: louvain with Leuven returned from geonames.
2025-10-02 14:02:28,353 INFO 📄 Index 0 | Name: Leuven | fcl: P, fcode: PPL | ADM1: Flanders, ADM2: Flemish Brabant Province, ADM3: Arrondissement of Leuven, ADM4: Leuven | Latitude: 50.87959, Longitude: 4.70093 | Score: 103.90, Population: 101032 | Fuzzy match: 61.53846153846154
2025-10-02 14:02:28,353 INFO Comparing database entry: louvain with Louvain-la-Neuve returned from geonames.
2025-10-02 14:02:28,353 INFO 📄 Index 1 | Name: Louvain-la-Neuve | fcl: P, fcode: PPL | ADM1: Wallonia, ADM2: Walloon Brabant Province, ADM3: Arrondissement of Nivelles, ADM4: Ottignies-Louvain-la-Neuve | Latitude: 50.66829, Longitude: 4.61443 | Score: 64.04, Population: 29521 | Fuzzy match: 60.86956521739131
2025-10-02 14:02:28,353 INFO Comparing database entry: louvain with Tienen returned from geonames.
2025-10-02 14:02:28,353 INFO 📄 Index 2 | Name: Tienen | fcl: P, fcode: PPL | ADM1: Flanders, ADM2: Flemish Brabant Province, ADM3: Arrondissement of Leuven, ADM4: Tienen | Latitude: 50.80745, Longitude: 4.9378 | Score: 58.97, Population: 31743 | Fuzzy match: 30.76923076923077
2025-10-02 14:02:28,353 INFO Comparing database entry: louvain with Aarschot returned from geonames.
2025-10-02 14:02:28,353 INFO 📄 Index 3 | Name: Aarschot | fcl: P, fcode: PPL | ADM1: Flanders, ADM2: Flemish Brabant Province, ADM3: Arrondissement of Leuven, ADM4: Aarschot | Latitude: 50.98715, Longitude: 4.83695 | Score: 58.97, Population: 27656 | Fuzzy match: 13.33333333333333
2025-10-02 14:02:28,522 INFO Comparing database entry: louvain with Leuven returned from geonames.
2025-10-02 14:02:28,522 INFO 📄 Index 0 | Name: Leuven | fcl: P, fcode: PPL | ADM1: Flanders, ADM2: Flemish Brabant Province, ADM3: Arrondissement of Leuven, ADM4: Leuven | Latitude: 50.87959, Longitude: 4.70093 | Score: 103.90, Population: 101032 | Fuzzy match: 61.53846153846154
2025-10-02 14:02:28,522 INFO Comparing database entry: louvain with Louvain-la-Neuve returned from geonames.
2025-10-02 14:02:28,522 INFO 📄 Index 1 | Name: Louvain-la-Neuve | fcl: P, fcode: PPL | ADM1: Wallonia, ADM2: Walloon Brabant Province, ADM3: Arrondissement of Nivelles, ADM4: Ottignies-Louvain-la-Neuve | Latitude: 50.66829, Longitude: 4.61443 | Score: 64.04, Population: 29521 | Fuzzy match: 60.86956521739131
2025-10-02 14:02:28,522 INFO Comparing database entry: louvain with Tienen returned from geonames.
2025-10-02 14:02:28,522 INFO 📄 Index 2 | Name: Tienen | fcl: P, fcode: PPL | ADM1: Flanders, ADM2: Flemish Brabant Province, ADM3: Arrondissement of Leuven, ADM4: Tienen | Latitude: 50.80745, Longitude: 4.9378 | Score: 58.97, Population: 31743 | Fuzzy match: 30.76923076923077
2025-10-02 14:02:28,522 INFO Comparing database entry: louvain with Aarschot returned from geonames.
2025-10-02 14:02:28,522 INFO 📄 Index 3 | Name: Aarschot | fcl: P, fcode: PPL | ADM1: Flanders, ADM2: Flemish Brabant Province, ADM3: Arrondissement of Leuven, ADM4: Aarschot | Latitude: 50.98715, Longitude: 4.83695 | Score: 58.97, Population: 27656 | Fuzzy match: 13.33333333333333
2025-10-02 14:02:28,689 INFO Comparing database entry: louvain with Leuven returned from geonames.
2025-10-02 14:02:28,689 INFO 📄 Index 0 | Name: Leuven | fcl: P, fcode: PPL | ADM1: Flanders, ADM2: Flemish Brabant Province, ADM3: Arrondissement of Leuven, ADM4: Leuven | Latitude: 50.87959, Longitude: 4.70093 | Score: 103.90, Population: 101032 | Fuzzy match: 61.53846153846154
2025-10-02 14:02:28,689 INFO Comparing database entry: louvain with Louvain-la-Neuve returned from geonames.
2025-10-02 14:02:28,689 INFO 📄 Index 1 | Name: Louvain-la-Neuve | fcl: P, fcode: PPL | ADM1: Wallonia, ADM2: Walloon Brabant Province, ADM3: Arrondissement of Nivelles, ADM4: Ottignies-Louvain-la-Neuve | Latitude: 50.66829, Longitude: 4.61443 | Score: 64.04, Population: 29521 | Fuzzy match: 60.86956521739131
2025-10-02 14:02:28,689 INFO Comparing database entry: louvain with Tienen returned from geonames.
2025-10-02 14:02:28,689 INFO 📄 Index 2 | Name: Tienen | fcl: P, fcode: PPL | ADM1: Flanders, ADM2: Flemish Brabant Province, ADM3: Arrondissement of Leuven, ADM4: Tienen | Latitude: 50.80745, Longitude: 4.9378 | Score: 58.97, Population: 31743 | Fuzzy match: 30.76923076923077
2025-10-02 14:02:28,689 INFO Comparing database entry: louvain with Aarschot returned from geonames.
2025-10-02 14:02:28,689 INFO 📄 Index 3 | Name: Aarschot | fcl: P, fcode: PPL | ADM1: Flanders, ADM2: Flemish Brabant Province, ADM3: Arrondissement of Leuven, ADM4: Aarschot | Latitude: 50.98715, Longitude: 4.83695 | Score: 58.97, Population: 27656 | Fuzzy match: 13.33333333333333
2025-10-02 14:02:28,863 INFO Comparing database entry: louvain with Leuven returned from geonames.
2025-10-02 14:02:28,863 INFO 📄 Index 0 | Name: Leuven | fcl: P, fcode: PPL | ADM1: Flanders, ADM2: Flemish Brabant Province, ADM3: Arrondissement of Leuven, ADM4: Leuven | Latitude: 50.87959, Longitude: 4.70093 | Score: 103.90, Population: 101032 | Fuzzy match: 61.53846153846154
2025-10-02 14:02:28,863 INFO Comparing database entry: louvain with Louvain-la-Neuve returned from geonames.
2025-10-02 14:02:28,863 INFO 📄 Index 1 | Name: Louvain-la-Neuve | fcl: P, fcode: PPL | ADM1: Wallonia, ADM2: Walloon Brabant Province, ADM3: Arrondissement of Nivelles, ADM4: Ottignies-Louvain-la-Neuve | Latitude: 50.66829, Longitude: 4.61443 | Score: 64.04, Population: 29521 | Fuzzy match: 60.86956521739131
2025-10-02 14:02:28,863 INFO Comparing database entry: louvain with Tienen returned from geonames.
2025-10-02 14:02:28,863 INFO 📄 Index 2 | Name: Tienen | fcl: P, fcode: PPL | ADM1: Flanders, ADM2: Flemish Brabant Province, ADM3: Arrondissement of Leuven, ADM4: Tienen | Latitude: 50.80745, Longitude: 4.9378 | Score: 58.97, Population: 31743 | Fuzzy match: 30.76923076923077
2025-10-02 14:02:28,863 INFO Comparing database entry: louvain with Aarschot returned from geonames.
2025-10-02 14:02:28,863 INFO 📄 Index 3 | Name: Aarschot | fcl: P, fcode: PPL | ADM1: Flanders, ADM2: Flemish Brabant Province, ADM3: Arrondissement of Leuven, ADM4: Aarschot | Latitude: 50.98715, Longitude: 4.83695 | Score: 58.97, Population: 27656 | Fuzzy match: 13.33333333333333
2025-10-02 14:02:28,863 WARNING ❌ No match found with fuzzy score > 80 for city: louvain
2025-10-02 14:02:28,864 WARNING ❌ Lookup failed for city='louvain', iso2='BE'
