2025-08-08 14:45:05,444 INFO 🗺️ Starting GeoNames lookup for city='lowetsch', country='bulgaria'
2025-08-08 14:45:05,444 INFO 📍 Location is present in the following articles: [ObjectId('67f52b92981040986eab7599'), ObjectId('67f52ba7981040986eab75ee')]
2025-08-08 14:45:05,591 INFO Comparing database entry: lowetsch with Lovech returned from geonames.
2025-08-08 14:45:05,591 INFO 📄 Index 0 | Name: Lovech | fcl: P, fcode: PPLA | ADM1: Lovech, ADM2: Lovech, ADM3: , ADM4:  | Score: 69.02, Population: 29659 | Fuzzy match: 71.42857142857143
2025-08-08 14:45:05,592 INFO Comparing database entry: lowetsch with Lovets returned from geonames.
2025-08-08 14:45:05,592 INFO 📄 Index 1 | Name: Lovets | fcl: P, fcode: PPL | ADM1: Stara Zagora, ADM2: Stara Zagora, ADM3: , ADM4:  | Score: 33.10, Population: 0 | Fuzzy match: 71.42857142857143
2025-08-08 14:45:05,726 INFO Comparing database entry: lowetsch with Lovech returned from geonames.
2025-08-08 14:45:05,726 INFO 📄 Index 0 | Name: Lovech | fcl: P, fcode: PPLA | ADM1: Lovech, ADM2: Lovech, ADM3: , ADM4:  | Score: 69.02, Population: 29659 | Fuzzy match: 71.42857142857143
2025-08-08 14:45:05,726 INFO Comparing database entry: lowetsch with Lovets returned from geonames.
2025-08-08 14:45:05,726 INFO 📄 Index 1 | Name: Lovets | fcl: P, fcode: PPL | ADM1: Stara Zagora, ADM2: Stara Zagora, ADM3: , ADM4:  | Score: 33.10, Population: 0 | Fuzzy match: 71.42857142857143
2025-08-08 14:45:05,858 INFO Comparing database entry: lowetsch with Lovech returned from geonames.
2025-08-08 14:45:05,859 INFO 📄 Index 0 | Name: Lovech | fcl: P, fcode: PPLA | ADM1: Lovech, ADM2: Lovech, ADM3: , ADM4:  | Score: 69.02, Population: 29659 | Fuzzy match: 71.42857142857143
2025-08-08 14:45:05,859 INFO Comparing database entry: lowetsch with Lovets returned from geonames.
2025-08-08 14:45:05,859 INFO 📄 Index 1 | Name: Lovets | fcl: P, fcode: PPL | ADM1: Stara Zagora, ADM2: Stara Zagora, ADM3: , ADM4:  | Score: 33.10, Population: 0 | Fuzzy match: 71.42857142857143
2025-08-08 14:45:05,989 INFO Comparing database entry: lowetsch with Lovech returned from geonames.
2025-08-08 14:45:05,989 INFO 📄 Index 0 | Name: Lovech | fcl: P, fcode: PPLA | ADM1: Lovech, ADM2: Lovech, ADM3: , ADM4:  | Score: 69.02, Population: 29659 | Fuzzy match: 71.42857142857143
2025-08-08 14:45:05,989 INFO Comparing database entry: lowetsch with Lovets returned from geonames.
2025-08-08 14:45:05,990 INFO 📄 Index 1 | Name: Lovets | fcl: P, fcode: PPL | ADM1: Stara Zagora, ADM2: Stara Zagora, ADM3: , ADM4:  | Score: 33.10, Population: 0 | Fuzzy match: 71.42857142857143
2025-08-08 14:45:06,149 INFO Comparing database entry: lowetsch with Lovech returned from geonames.
2025-08-08 14:45:06,149 INFO 📄 Index 0 | Name: Lovech | fcl: P, fcode: PPLA | ADM1: Lovech, ADM2: Lovech, ADM3: , ADM4:  | Score: 69.02, Population: 29659 | Fuzzy match: 71.42857142857143
2025-08-08 14:45:06,149 INFO Comparing database entry: lowetsch with Lovets returned from geonames.
2025-08-08 14:45:06,149 INFO 📄 Index 1 | Name: Lovets | fcl: P, fcode: PPL | ADM1: Stara Zagora, ADM2: Stara Zagora, ADM3: , ADM4:  | Score: 33.10, Population: 0 | Fuzzy match: 71.42857142857143
2025-08-08 14:45:06,310 INFO Comparing database entry: lowetsch with Lovech returned from geonames.
2025-08-08 14:45:06,311 INFO 📄 Index 0 | Name: Lovech | fcl: P, fcode: PPLA | ADM1: Lovech, ADM2: Lovech, ADM3: , ADM4:  | Score: 69.02, Population: 29659 | Fuzzy match: 71.42857142857143
2025-08-08 14:45:06,311 INFO Comparing database entry: lowetsch with Lovets returned from geonames.
2025-08-08 14:45:06,311 INFO 📄 Index 1 | Name: Lovets | fcl: P, fcode: PPL | ADM1: Stara Zagora, ADM2: Stara Zagora, ADM3: , ADM4:  | Score: 33.10, Population: 0 | Fuzzy match: 71.42857142857143
2025-08-08 14:45:06,311 WARNING ❌ No match found with fuzzy score > 80 for city: lowetsch
2025-08-08 14:45:06,311 WARNING ❌ Lookup failed for city='lowetsch', iso2='BG'
