2025-08-07 18:24:16,584 INFO 🗺️ Starting GeoNames lookup for city='açu', country='brazil'
2025-08-07 18:24:16,584 INFO 📍 Location is present in the following articles: [ObjectId('67fbeecb94b7f855cfea6674'), ObjectId('67fbeee494b7f855cfea66da')]
2025-08-07 18:24:16,736 INFO Comparing database entry: açu with Igarapé-Açu returned from geonames.
2025-08-07 18:24:16,736 INFO 📄 Index 0 | Name: Igarapé-Açu | fcl: A, fcode: ADM2 | ADM1: Pará, ADM2: Igarapé-Açu, ADM3: , ADM4:  | Score: 39.93, Population: 35843 | Fuzzy match: 42.85714285714286
2025-08-07 18:24:16,737 INFO Comparing database entry: açu with Tomé-Açu returned from geonames.
2025-08-07 18:24:16,737 INFO 📄 Index 1 | Name: Tomé-Açu | fcl: A, fcode: ADM2 | ADM1: Pará, ADM2: Tomé-Açu, ADM3: , ADM4:  | Score: 39.93, Population: 56514 | Fuzzy match: 54.54545454545454
2025-08-07 18:24:16,737 INFO Comparing database entry: açu with Apicum-Açu returned from geonames.
2025-08-07 18:24:16,737 INFO 📄 Index 2 | Name: Apicum-Açu | fcl: A, fcode: ADM2 | ADM1: Maranhão, ADM2: Apicum-Açu, ADM3: , ADM4:  | Score: 36.70, Population: 14959 | Fuzzy match: 46.15384615384615
2025-08-07 18:24:16,737 INFO Comparing database entry: açu with Conceição do Lago-Açu returned from geonames.
2025-08-07 18:24:16,737 INFO 📄 Index 3 | Name: Conceição do Lago-Açu | fcl: A, fcode: ADM2 | ADM1: Maranhão, ADM2: Conceição do Lago-Açu, ADM3: , ADM4:  | Score: 33.47, Population: 14428 | Fuzzy match: 25.0
2025-08-07 18:24:16,913 INFO Comparing database entry: açu with Igarapé-Açu returned from geonames.
2025-08-07 18:24:16,913 INFO 📄 Index 0 | Name: Igarapé-Açu | fcl: A, fcode: ADM2 | ADM1: Pará, ADM2: Igarapé-Açu, ADM3: , ADM4:  | Score: 39.93, Population: 35843 | Fuzzy match: 42.85714285714286
2025-08-07 18:24:16,913 INFO Comparing database entry: açu with Tomé-Açu returned from geonames.
2025-08-07 18:24:16,914 INFO 📄 Index 1 | Name: Tomé-Açu | fcl: A, fcode: ADM2 | ADM1: Pará, ADM2: Tomé-Açu, ADM3: , ADM4:  | Score: 39.93, Population: 56514 | Fuzzy match: 54.54545454545454
2025-08-07 18:24:16,914 INFO Comparing database entry: açu with Apicum-Açu returned from geonames.
2025-08-07 18:24:16,914 INFO 📄 Index 2 | Name: Apicum-Açu | fcl: A, fcode: ADM2 | ADM1: Maranhão, ADM2: Apicum-Açu, ADM3: , ADM4:  | Score: 36.70, Population: 14959 | Fuzzy match: 46.15384615384615
2025-08-07 18:24:16,914 INFO Comparing database entry: açu with Conceição do Lago-Açu returned from geonames.
2025-08-07 18:24:16,914 INFO 📄 Index 3 | Name: Conceição do Lago-Açu | fcl: A, fcode: ADM2 | ADM1: Maranhão, ADM2: Conceição do Lago-Açu, ADM3: , ADM4:  | Score: 33.47, Population: 14428 | Fuzzy match: 25.0
2025-08-07 18:24:17,057 INFO Comparing database entry: açu with Igarapé-Açu returned from geonames.
2025-08-07 18:24:17,057 INFO 📄 Index 0 | Name: Igarapé-Açu | fcl: A, fcode: ADM2 | ADM1: Pará, ADM2: Igarapé-Açu, ADM3: , ADM4:  | Score: 39.93, Population: 35843 | Fuzzy match: 42.85714285714286
2025-08-07 18:24:17,057 INFO Comparing database entry: açu with Tomé-Açu returned from geonames.
2025-08-07 18:24:17,057 INFO 📄 Index 1 | Name: Tomé-Açu | fcl: A, fcode: ADM2 | ADM1: Pará, ADM2: Tomé-Açu, ADM3: , ADM4:  | Score: 39.93, Population: 56514 | Fuzzy match: 54.54545454545454
2025-08-07 18:24:17,057 INFO Comparing database entry: açu with Apicum-Açu returned from geonames.
2025-08-07 18:24:17,057 INFO 📄 Index 2 | Name: Apicum-Açu | fcl: A, fcode: ADM2 | ADM1: Maranhão, ADM2: Apicum-Açu, ADM3: , ADM4:  | Score: 36.70, Population: 14959 | Fuzzy match: 46.15384615384615
2025-08-07 18:24:17,057 INFO Comparing database entry: açu with Conceição do Lago-Açu returned from geonames.
2025-08-07 18:24:17,057 INFO 📄 Index 3 | Name: Conceição do Lago-Açu | fcl: A, fcode: ADM2 | ADM1: Maranhão, ADM2: Conceição do Lago-Açu, ADM3: , ADM4:  | Score: 33.47, Population: 14428 | Fuzzy match: 25.0
2025-08-07 18:24:17,190 INFO Comparing database entry: açu with Igarapé-Açu returned from geonames.
2025-08-07 18:24:17,191 INFO 📄 Index 0 | Name: Igarapé-Açu | fcl: A, fcode: ADM2 | ADM1: Pará, ADM2: Igarapé-Açu, ADM3: , ADM4:  | Score: 39.93, Population: 35843 | Fuzzy match: 42.85714285714286
2025-08-07 18:24:17,191 INFO Comparing database entry: açu with Tomé-Açu returned from geonames.
2025-08-07 18:24:17,191 INFO 📄 Index 1 | Name: Tomé-Açu | fcl: A, fcode: ADM2 | ADM1: Pará, ADM2: Tomé-Açu, ADM3: , ADM4:  | Score: 39.93, Population: 56514 | Fuzzy match: 54.54545454545454
2025-08-07 18:24:17,191 INFO Comparing database entry: açu with Apicum-Açu returned from geonames.
2025-08-07 18:24:17,191 INFO 📄 Index 2 | Name: Apicum-Açu | fcl: A, fcode: ADM2 | ADM1: Maranhão, ADM2: Apicum-Açu, ADM3: , ADM4:  | Score: 36.70, Population: 14959 | Fuzzy match: 46.15384615384615
2025-08-07 18:24:17,191 INFO Comparing database entry: açu with Conceição do Lago-Açu returned from geonames.
2025-08-07 18:24:17,191 INFO 📄 Index 3 | Name: Conceição do Lago-Açu | fcl: A, fcode: ADM2 | ADM1: Maranhão, ADM2: Conceição do Lago-Açu, ADM3: , ADM4:  | Score: 33.47, Population: 14428 | Fuzzy match: 25.0
2025-08-07 18:24:17,350 INFO Comparing database entry: açu with Igarapé-Açu returned from geonames.
2025-08-07 18:24:17,350 INFO 📄 Index 0 | Name: Igarapé-Açu | fcl: A, fcode: ADM2 | ADM1: Pará, ADM2: Igarapé-Açu, ADM3: , ADM4:  | Score: 39.93, Population: 35843 | Fuzzy match: 42.85714285714286
2025-08-07 18:24:17,350 INFO Comparing database entry: açu with Tomé-Açu returned from geonames.
2025-08-07 18:24:17,350 INFO 📄 Index 1 | Name: Tomé-Açu | fcl: A, fcode: ADM2 | ADM1: Pará, ADM2: Tomé-Açu, ADM3: , ADM4:  | Score: 39.93, Population: 56514 | Fuzzy match: 54.54545454545454
2025-08-07 18:24:17,350 INFO Comparing database entry: açu with Apicum-Açu returned from geonames.
2025-08-07 18:24:17,350 INFO 📄 Index 2 | Name: Apicum-Açu | fcl: A, fcode: ADM2 | ADM1: Maranhão, ADM2: Apicum-Açu, ADM3: , ADM4:  | Score: 36.70, Population: 14959 | Fuzzy match: 46.15384615384615
2025-08-07 18:24:17,350 INFO Comparing database entry: açu with Conceição do Lago-Açu returned from geonames.
2025-08-07 18:24:17,350 INFO 📄 Index 3 | Name: Conceição do Lago-Açu | fcl: A, fcode: ADM2 | ADM1: Maranhão, ADM2: Conceição do Lago-Açu, ADM3: , ADM4:  | Score: 33.47, Population: 14428 | Fuzzy match: 25.0
2025-08-07 18:24:17,494 INFO Comparing database entry: açu with Igarapé-Açu returned from geonames.
2025-08-07 18:24:17,495 INFO 📄 Index 0 | Name: Igarapé-Açu | fcl: A, fcode: ADM2 | ADM1: Pará, ADM2: Igarapé-Açu, ADM3: , ADM4:  | Score: 39.93, Population: 35843 | Fuzzy match: 42.85714285714286
2025-08-07 18:24:17,495 INFO Comparing database entry: açu with Tomé-Açu returned from geonames.
2025-08-07 18:24:17,495 INFO 📄 Index 1 | Name: Tomé-Açu | fcl: A, fcode: ADM2 | ADM1: Pará, ADM2: Tomé-Açu, ADM3: , ADM4:  | Score: 39.93, Population: 56514 | Fuzzy match: 54.54545454545454
2025-08-07 18:24:17,495 INFO Comparing database entry: açu with Apicum-Açu returned from geonames.
2025-08-07 18:24:17,495 INFO 📄 Index 2 | Name: Apicum-Açu | fcl: A, fcode: ADM2 | ADM1: Maranhão, ADM2: Apicum-Açu, ADM3: , ADM4:  | Score: 36.70, Population: 14959 | Fuzzy match: 46.15384615384615
2025-08-07 18:24:17,495 INFO Comparing database entry: açu with Conceição do Lago-Açu returned from geonames.
2025-08-07 18:24:17,495 INFO 📄 Index 3 | Name: Conceição do Lago-Açu | fcl: A, fcode: ADM2 | ADM1: Maranhão, ADM2: Conceição do Lago-Açu, ADM3: , ADM4:  | Score: 33.47, Population: 14428 | Fuzzy match: 25.0
2025-08-07 18:24:17,495 WARNING ❌ No match found with fuzzy score > 80 for city: açu
2025-08-07 18:24:17,495 WARNING ❌ Lookup failed for city='açu', iso2='BR'
