2025-08-08 11:59:54,362 INFO 🗺️ Starting GeoNames lookup for city='newfoundland', country='canada'
2025-08-08 11:59:54,362 INFO 📍 Location is present in the following articles: [ObjectId('67f921d8f431fddd61d55c74'), ObjectId('67f921f9f431fddd61d55ce3')]
2025-08-08 11:59:54,502 INFO Comparing database entry: newfoundland with Newfoundland and Labrador returned from geonames.
2025-08-08 11:59:54,502 INFO 📄 Index 0 | Name: Newfoundland and Labrador | fcl: A, fcode: ADM1 | ADM1: Newfoundland and Labrador, ADM2: , ADM3: , ADM4:  | Score: 75.02, Population: 508099 | Fuzzy match: 64.86486486486487
2025-08-08 11:59:54,502 INFO Comparing database entry: newfoundland with St. John's returned from geonames.
2025-08-08 11:59:54,502 INFO 📄 Index 1 | Name: St. John's | fcl: P, fcode: PPLA | ADM1: Newfoundland and Labrador, ADM2: St. John's, ADM3: , ADM4:  | Score: 54.73, Population: 110525 | Fuzzy match: 18.181818181818176
2025-08-08 11:59:54,502 INFO Comparing database entry: newfoundland with Gander returned from geonames.
2025-08-08 11:59:54,502 INFO 📄 Index 2 | Name: Gander | fcl: P, fcode: PPL | ADM1: Newfoundland and Labrador, ADM2: Gander, ADM3: , ADM4:  | Score: 36.71, Population: 11688 | Fuzzy match: 33.333333333333336
2025-08-08 11:59:54,502 INFO Comparing database entry: newfoundland with Brigus returned from geonames.
2025-08-08 11:59:54,502 INFO 📄 Index 3 | Name: Brigus | fcl: A, fcode: ADM2 | ADM1: Newfoundland and Labrador, ADM2: Brigus, ADM3: , ADM4:  | Score: 34.43, Population: 0 | Fuzzy match: 11.111111111111116
2025-08-08 11:59:54,673 INFO Comparing database entry: newfoundland with Newfoundland and Labrador returned from geonames.
2025-08-08 11:59:54,673 INFO 📄 Index 0 | Name: Newfoundland and Labrador | fcl: A, fcode: ADM1 | ADM1: Newfoundland and Labrador, ADM2: , ADM3: , ADM4:  | Score: 75.02, Population: 508099 | Fuzzy match: 64.86486486486487
2025-08-08 11:59:54,673 INFO Comparing database entry: newfoundland with St. John's returned from geonames.
2025-08-08 11:59:54,673 INFO 📄 Index 1 | Name: St. John's | fcl: P, fcode: PPLA | ADM1: Newfoundland and Labrador, ADM2: St. John's, ADM3: , ADM4:  | Score: 54.73, Population: 110525 | Fuzzy match: 18.181818181818176
2025-08-08 11:59:54,674 INFO Comparing database entry: newfoundland with Gander returned from geonames.
2025-08-08 11:59:54,674 INFO 📄 Index 2 | Name: Gander | fcl: P, fcode: PPL | ADM1: Newfoundland and Labrador, ADM2: Gander, ADM3: , ADM4:  | Score: 36.71, Population: 11688 | Fuzzy match: 33.333333333333336
2025-08-08 11:59:54,674 INFO Comparing database entry: newfoundland with Brigus returned from geonames.
2025-08-08 11:59:54,674 INFO 📄 Index 3 | Name: Brigus | fcl: A, fcode: ADM2 | ADM1: Newfoundland and Labrador, ADM2: Brigus, ADM3: , ADM4:  | Score: 34.43, Population: 0 | Fuzzy match: 11.111111111111116
2025-08-08 11:59:54,847 INFO Comparing database entry: newfoundland with Newfoundland and Labrador returned from geonames.
2025-08-08 11:59:54,847 INFO 📄 Index 0 | Name: Newfoundland and Labrador | fcl: A, fcode: ADM1 | ADM1: Newfoundland and Labrador, ADM2: , ADM3: , ADM4:  | Score: 75.02, Population: 508099 | Fuzzy match: 64.86486486486487
2025-08-08 11:59:54,847 INFO Comparing database entry: newfoundland with St. John's returned from geonames.
2025-08-08 11:59:54,847 INFO 📄 Index 1 | Name: St. John's | fcl: P, fcode: PPLA | ADM1: Newfoundland and Labrador, ADM2: St. John's, ADM3: , ADM4:  | Score: 54.73, Population: 110525 | Fuzzy match: 18.181818181818176
2025-08-08 11:59:54,847 INFO Comparing database entry: newfoundland with Gander returned from geonames.
2025-08-08 11:59:54,847 INFO 📄 Index 2 | Name: Gander | fcl: P, fcode: PPL | ADM1: Newfoundland and Labrador, ADM2: Gander, ADM3: , ADM4:  | Score: 36.71, Population: 11688 | Fuzzy match: 33.333333333333336
2025-08-08 11:59:54,847 INFO Comparing database entry: newfoundland with Brigus returned from geonames.
2025-08-08 11:59:54,847 INFO 📄 Index 3 | Name: Brigus | fcl: A, fcode: ADM2 | ADM1: Newfoundland and Labrador, ADM2: Brigus, ADM3: , ADM4:  | Score: 34.43, Population: 0 | Fuzzy match: 11.111111111111116
2025-08-08 11:59:55,015 INFO Comparing database entry: newfoundland with Newfoundland and Labrador returned from geonames.
2025-08-08 11:59:55,015 INFO 📄 Index 0 | Name: Newfoundland and Labrador | fcl: A, fcode: ADM1 | ADM1: Newfoundland and Labrador, ADM2: , ADM3: , ADM4:  | Score: 75.02, Population: 508099 | Fuzzy match: 64.86486486486487
2025-08-08 11:59:55,016 INFO Comparing database entry: newfoundland with St. John's returned from geonames.
2025-08-08 11:59:55,016 INFO 📄 Index 1 | Name: St. John's | fcl: P, fcode: PPLA | ADM1: Newfoundland and Labrador, ADM2: St. John's, ADM3: , ADM4:  | Score: 54.73, Population: 110525 | Fuzzy match: 18.181818181818176
2025-08-08 11:59:55,016 INFO Comparing database entry: newfoundland with Gander returned from geonames.
2025-08-08 11:59:55,016 INFO 📄 Index 2 | Name: Gander | fcl: P, fcode: PPL | ADM1: Newfoundland and Labrador, ADM2: Gander, ADM3: , ADM4:  | Score: 36.71, Population: 11688 | Fuzzy match: 33.333333333333336
2025-08-08 11:59:55,016 INFO Comparing database entry: newfoundland with Brigus returned from geonames.
2025-08-08 11:59:55,016 INFO 📄 Index 3 | Name: Brigus | fcl: A, fcode: ADM2 | ADM1: Newfoundland and Labrador, ADM2: Brigus, ADM3: , ADM4:  | Score: 34.43, Population: 0 | Fuzzy match: 11.111111111111116
2025-08-08 11:59:55,183 INFO Comparing database entry: newfoundland with Newfoundland and Labrador returned from geonames.
2025-08-08 11:59:55,184 INFO 📄 Index 0 | Name: Newfoundland and Labrador | fcl: A, fcode: ADM1 | ADM1: Newfoundland and Labrador, ADM2: , ADM3: , ADM4:  | Score: 75.02, Population: 508099 | Fuzzy match: 64.86486486486487
2025-08-08 11:59:55,184 INFO Comparing database entry: newfoundland with St. John's returned from geonames.
2025-08-08 11:59:55,184 INFO 📄 Index 1 | Name: St. John's | fcl: P, fcode: PPLA | ADM1: Newfoundland and Labrador, ADM2: St. John's, ADM3: , ADM4:  | Score: 54.73, Population: 110525 | Fuzzy match: 18.181818181818176
2025-08-08 11:59:55,184 INFO Comparing database entry: newfoundland with Gander returned from geonames.
2025-08-08 11:59:55,184 INFO 📄 Index 2 | Name: Gander | fcl: P, fcode: PPL | ADM1: Newfoundland and Labrador, ADM2: Gander, ADM3: , ADM4:  | Score: 36.71, Population: 11688 | Fuzzy match: 33.333333333333336
2025-08-08 11:59:55,184 INFO Comparing database entry: newfoundland with Brigus returned from geonames.
2025-08-08 11:59:55,184 INFO 📄 Index 3 | Name: Brigus | fcl: A, fcode: ADM2 | ADM1: Newfoundland and Labrador, ADM2: Brigus, ADM3: , ADM4:  | Score: 34.43, Population: 0 | Fuzzy match: 11.111111111111116
2025-08-08 11:59:55,358 INFO Comparing database entry: newfoundland with Newfoundland and Labrador returned from geonames.
2025-08-08 11:59:55,359 INFO 📄 Index 0 | Name: Newfoundland and Labrador | fcl: A, fcode: ADM1 | ADM1: Newfoundland and Labrador, ADM2: , ADM3: , ADM4:  | Score: 75.02, Population: 508099 | Fuzzy match: 64.86486486486487
2025-08-08 11:59:55,359 INFO Comparing database entry: newfoundland with St. John's returned from geonames.
2025-08-08 11:59:55,359 INFO 📄 Index 1 | Name: St. John's | fcl: P, fcode: PPLA | ADM1: Newfoundland and Labrador, ADM2: St. John's, ADM3: , ADM4:  | Score: 54.73, Population: 110525 | Fuzzy match: 18.181818181818176
2025-08-08 11:59:55,359 INFO Comparing database entry: newfoundland with Gander returned from geonames.
2025-08-08 11:59:55,359 INFO 📄 Index 2 | Name: Gander | fcl: P, fcode: PPL | ADM1: Newfoundland and Labrador, ADM2: Gander, ADM3: , ADM4:  | Score: 36.71, Population: 11688 | Fuzzy match: 33.333333333333336
2025-08-08 11:59:55,359 INFO Comparing database entry: newfoundland with Brigus returned from geonames.
2025-08-08 11:59:55,359 INFO 📄 Index 3 | Name: Brigus | fcl: A, fcode: ADM2 | ADM1: Newfoundland and Labrador, ADM2: Brigus, ADM3: , ADM4:  | Score: 34.43, Population: 0 | Fuzzy match: 11.111111111111116
2025-08-08 11:59:55,359 WARNING ❌ No match found with fuzzy score > 80 for city: newfoundland
2025-08-08 11:59:55,359 WARNING ❌ Lookup failed for city='newfoundland', iso2='CA'
