2025-08-08 11:59:55,361 INFO 🗺️ Starting GeoNames lookup for city='north_of_toronto', country='canada'
2025-08-08 11:59:55,361 INFO 📍 Location is present in the following articles: [ObjectId('67f9226cf431fddd61d55e5b')]
2025-08-08 11:59:55,517 INFO Comparing database entry: north of toronto with Toronto returned from geonames.
2025-08-08 11:59:55,517 INFO 📄 Index 0 | Name: Toronto | fcl: P, fcode: PPLA | ADM1: Ontario, ADM2: , ADM3: , ADM4:  | Score: 217.95, Population: 2600000 | Fuzzy match: 60.86956521739131
2025-08-08 11:59:55,517 INFO Comparing database entry: north of toronto with Mississauga returned from geonames.
2025-08-08 11:59:55,517 INFO 📄 Index 1 | Name: Mississauga | fcl: P, fcode: PPL | ADM1: Ontario, ADM2: Peel, ADM3: , ADM4:  | Score: 63.04, Population: 668549 | Fuzzy match: 0.0
2025-08-08 11:59:55,517 INFO Comparing database entry: north of toronto with Brampton returned from geonames.
2025-08-08 11:59:55,517 INFO 📄 Index 2 | Name: Brampton | fcl: P, fcode: PPL | ADM1: Ontario, ADM2: Peel, ADM3: , ADM4:  | Score: 52.90, Population: 593638 | Fuzzy match: 33.333333333333336
2025-08-08 11:59:55,517 INFO Comparing database entry: north of toronto with Toronto returned from geonames.
2025-08-08 11:59:55,518 INFO 📄 Index 3 | Name: Toronto | fcl: A, fcode: ADM2 | ADM1: Ontario, ADM2: Toronto, ADM3: , ADM4:  | Score: 39.74, Population: 670000 | Fuzzy match: 60.86956521739131
2025-08-08 11:59:55,687 INFO Comparing database entry: north of toronto with Toronto returned from geonames.
2025-08-08 11:59:55,687 INFO 📄 Index 0 | Name: Toronto | fcl: P, fcode: PPLA | ADM1: Ontario, ADM2: , ADM3: , ADM4:  | Score: 217.95, Population: 2600000 | Fuzzy match: 60.86956521739131
2025-08-08 11:59:55,687 INFO Comparing database entry: north of toronto with Mississauga returned from geonames.
2025-08-08 11:59:55,687 INFO 📄 Index 1 | Name: Mississauga | fcl: P, fcode: PPL | ADM1: Ontario, ADM2: Peel, ADM3: , ADM4:  | Score: 63.04, Population: 668549 | Fuzzy match: 0.0
2025-08-08 11:59:55,688 INFO Comparing database entry: north of toronto with Brampton returned from geonames.
2025-08-08 11:59:55,688 INFO 📄 Index 2 | Name: Brampton | fcl: P, fcode: PPL | ADM1: Ontario, ADM2: Peel, ADM3: , ADM4:  | Score: 52.90, Population: 593638 | Fuzzy match: 33.333333333333336
2025-08-08 11:59:55,688 INFO Comparing database entry: north of toronto with Toronto returned from geonames.
2025-08-08 11:59:55,688 INFO 📄 Index 3 | Name: Toronto | fcl: A, fcode: ADM2 | ADM1: Ontario, ADM2: Toronto, ADM3: , ADM4:  | Score: 39.74, Population: 670000 | Fuzzy match: 60.86956521739131
2025-08-08 11:59:55,828 INFO Comparing database entry: north of toronto with Toronto returned from geonames.
2025-08-08 11:59:55,828 INFO 📄 Index 0 | Name: Toronto | fcl: P, fcode: PPLA | ADM1: Ontario, ADM2: , ADM3: , ADM4:  | Score: 217.95, Population: 2600000 | Fuzzy match: 60.86956521739131
2025-08-08 11:59:55,828 INFO Comparing database entry: north of toronto with Mississauga returned from geonames.
2025-08-08 11:59:55,828 INFO 📄 Index 1 | Name: Mississauga | fcl: P, fcode: PPL | ADM1: Ontario, ADM2: Peel, ADM3: , ADM4:  | Score: 63.04, Population: 668549 | Fuzzy match: 0.0
2025-08-08 11:59:55,828 INFO Comparing database entry: north of toronto with Brampton returned from geonames.
2025-08-08 11:59:55,828 INFO 📄 Index 2 | Name: Brampton | fcl: P, fcode: PPL | ADM1: Ontario, ADM2: Peel, ADM3: , ADM4:  | Score: 52.90, Population: 593638 | Fuzzy match: 33.333333333333336
2025-08-08 11:59:55,828 INFO Comparing database entry: north of toronto with Toronto returned from geonames.
2025-08-08 11:59:55,828 INFO 📄 Index 3 | Name: Toronto | fcl: A, fcode: ADM2 | ADM1: Ontario, ADM2: Toronto, ADM3: , ADM4:  | Score: 39.74, Population: 670000 | Fuzzy match: 60.86956521739131
2025-08-08 11:59:56,013 INFO Comparing database entry: north of toronto with Toronto returned from geonames.
2025-08-08 11:59:56,013 INFO 📄 Index 0 | Name: Toronto | fcl: P, fcode: PPLA | ADM1: Ontario, ADM2: , ADM3: , ADM4:  | Score: 217.95, Population: 2600000 | Fuzzy match: 60.86956521739131
2025-08-08 11:59:56,013 INFO Comparing database entry: north of toronto with Mississauga returned from geonames.
2025-08-08 11:59:56,013 INFO 📄 Index 1 | Name: Mississauga | fcl: P, fcode: PPL | ADM1: Ontario, ADM2: Peel, ADM3: , ADM4:  | Score: 63.04, Population: 668549 | Fuzzy match: 0.0
2025-08-08 11:59:56,013 INFO Comparing database entry: north of toronto with Brampton returned from geonames.
2025-08-08 11:59:56,013 INFO 📄 Index 2 | Name: Brampton | fcl: P, fcode: PPL | ADM1: Ontario, ADM2: Peel, ADM3: , ADM4:  | Score: 52.90, Population: 593638 | Fuzzy match: 33.333333333333336
2025-08-08 11:59:56,013 INFO Comparing database entry: north of toronto with Toronto returned from geonames.
2025-08-08 11:59:56,013 INFO 📄 Index 3 | Name: Toronto | fcl: A, fcode: ADM2 | ADM1: Ontario, ADM2: Toronto, ADM3: , ADM4:  | Score: 39.74, Population: 670000 | Fuzzy match: 60.86956521739131
2025-08-08 11:59:56,169 INFO Comparing database entry: north of toronto with Toronto returned from geonames.
2025-08-08 11:59:56,170 INFO 📄 Index 0 | Name: Toronto | fcl: P, fcode: PPLA | ADM1: Ontario, ADM2: , ADM3: , ADM4:  | Score: 217.95, Population: 2600000 | Fuzzy match: 60.86956521739131
2025-08-08 11:59:56,170 INFO Comparing database entry: north of toronto with Mississauga returned from geonames.
2025-08-08 11:59:56,170 INFO 📄 Index 1 | Name: Mississauga | fcl: P, fcode: PPL | ADM1: Ontario, ADM2: Peel, ADM3: , ADM4:  | Score: 63.04, Population: 668549 | Fuzzy match: 0.0
2025-08-08 11:59:56,170 INFO Comparing database entry: north of toronto with Brampton returned from geonames.
2025-08-08 11:59:56,170 INFO 📄 Index 2 | Name: Brampton | fcl: P, fcode: PPL | ADM1: Ontario, ADM2: Peel, ADM3: , ADM4:  | Score: 52.90, Population: 593638 | Fuzzy match: 33.333333333333336
2025-08-08 11:59:56,170 INFO Comparing database entry: north of toronto with Toronto returned from geonames.
2025-08-08 11:59:56,170 INFO 📄 Index 3 | Name: Toronto | fcl: A, fcode: ADM2 | ADM1: Ontario, ADM2: Toronto, ADM3: , ADM4:  | Score: 39.74, Population: 670000 | Fuzzy match: 60.86956521739131
2025-08-08 11:59:56,336 INFO Comparing database entry: north of toronto with Toronto returned from geonames.
2025-08-08 11:59:56,337 INFO 📄 Index 0 | Name: Toronto | fcl: P, fcode: PPLA | ADM1: Ontario, ADM2: , ADM3: , ADM4:  | Score: 217.95, Population: 2600000 | Fuzzy match: 60.86956521739131
2025-08-08 11:59:56,337 INFO Comparing database entry: north of toronto with Mississauga returned from geonames.
2025-08-08 11:59:56,337 INFO 📄 Index 1 | Name: Mississauga | fcl: P, fcode: PPL | ADM1: Ontario, ADM2: Peel, ADM3: , ADM4:  | Score: 63.04, Population: 668549 | Fuzzy match: 0.0
2025-08-08 11:59:56,337 INFO Comparing database entry: north of toronto with Brampton returned from geonames.
2025-08-08 11:59:56,337 INFO 📄 Index 2 | Name: Brampton | fcl: P, fcode: PPL | ADM1: Ontario, ADM2: Peel, ADM3: , ADM4:  | Score: 52.90, Population: 593638 | Fuzzy match: 33.333333333333336
2025-08-08 11:59:56,337 INFO Comparing database entry: north of toronto with Toronto returned from geonames.
2025-08-08 11:59:56,337 INFO 📄 Index 3 | Name: Toronto | fcl: A, fcode: ADM2 | ADM1: Ontario, ADM2: Toronto, ADM3: , ADM4:  | Score: 39.74, Population: 670000 | Fuzzy match: 60.86956521739131
2025-08-08 11:59:56,337 WARNING ❌ No match found with fuzzy score > 80 for city: north of toronto
2025-08-08 11:59:56,337 WARNING ❌ Lookup failed for city='north_of_toronto', iso2='CA'
