2025-08-19 16:01:28,623 INFO 🗺️ Starting GeoNames lookup for city='canton of grisons', country='switzerland'
2025-08-19 16:01:28,623 INFO 📍 Location is present in the following articles: [ObjectId('67fa84a4eaa4fb525afec972')]
2025-08-19 16:01:29,086 INFO Comparing database entry: canton of grisons with Chur returned from geonames.
2025-08-19 16:01:29,086 INFO 📄 Index 0 | Name: Chur | fcl: P, fcode: PPLA | ADM1: Grisons, ADM2: Plessur, ADM3: Chur, ADM4:  | Latitude: 46.84986, Longitude: 9.53287 | Score: 69.94, Population: 32429 | Fuzzy match: 19.047619047619047
2025-08-19 16:01:29,087 INFO Comparing database entry: canton of grisons with Domat returned from geonames.
2025-08-19 16:01:29,087 INFO 📄 Index 1 | Name: Domat | fcl: P, fcode: PPLA2 | ADM1: Grisons, ADM2: Imboden, ADM3: Domat/Ems, ADM4:  | Latitude: 46.83483, Longitude: 9.45075 | Score: 31.96, Population: 6817 | Fuzzy match: 18.181818181818176
2025-08-19 16:01:29,087 INFO Comparing database entry: canton of grisons with Tiefencastel returned from geonames.
2025-08-19 16:01:29,087 INFO 📄 Index 2 | Name: Tiefencastel | fcl: P, fcode: PPLA2 | ADM1: Grisons, ADM2: Albula Region, ADM3: Albula/Alvra, ADM4:  | Latitude: 46.66014, Longitude: 9.57883 | Score: 30.40, Population: 244 | Fuzzy match: 27.586206896551722
2025-08-19 16:01:29,087 INFO Comparing database entry: canton of grisons with Scharans returned from geonames.
2025-08-19 16:01:29,087 INFO 📄 Index 3 | Name: Scharans | fcl: P, fcode: PPLA3 | ADM1: Grisons, ADM2: Viamala, ADM3: Scharans, ADM4:  | Latitude: 46.71814, Longitude: 9.45903 | Score: 30.40, Population: 867 | Fuzzy match: 40.0
2025-08-19 16:01:29,315 INFO Comparing database entry: canton of grisons with Chur returned from geonames.
2025-08-19 16:01:29,316 INFO 📄 Index 0 | Name: Chur | fcl: P, fcode: PPLA | ADM1: Grisons, ADM2: Plessur, ADM3: Chur, ADM4:  | Latitude: 46.84986, Longitude: 9.53287 | Score: 69.94, Population: 32429 | Fuzzy match: 19.047619047619047
2025-08-19 16:01:29,316 INFO Comparing database entry: canton of grisons with Domat returned from geonames.
2025-08-19 16:01:29,316 INFO 📄 Index 1 | Name: Domat | fcl: P, fcode: PPLA2 | ADM1: Grisons, ADM2: Imboden, ADM3: Domat/Ems, ADM4:  | Latitude: 46.83483, Longitude: 9.45075 | Score: 31.96, Population: 6817 | Fuzzy match: 18.181818181818176
2025-08-19 16:01:29,316 INFO Comparing database entry: canton of grisons with Tiefencastel returned from geonames.
2025-08-19 16:01:29,316 INFO 📄 Index 2 | Name: Tiefencastel | fcl: P, fcode: PPLA2 | ADM1: Grisons, ADM2: Albula Region, ADM3: Albula/Alvra, ADM4:  | Latitude: 46.66014, Longitude: 9.57883 | Score: 30.40, Population: 244 | Fuzzy match: 27.586206896551722
2025-08-19 16:01:29,316 INFO Comparing database entry: canton of grisons with Scharans returned from geonames.
2025-08-19 16:01:29,316 INFO 📄 Index 3 | Name: Scharans | fcl: P, fcode: PPLA3 | ADM1: Grisons, ADM2: Viamala, ADM3: Scharans, ADM4:  | Latitude: 46.71814, Longitude: 9.45903 | Score: 30.40, Population: 867 | Fuzzy match: 40.0
2025-08-19 16:01:29,484 INFO Comparing database entry: canton of grisons with Chur returned from geonames.
2025-08-19 16:01:29,484 INFO 📄 Index 0 | Name: Chur | fcl: P, fcode: PPLA | ADM1: Grisons, ADM2: Plessur, ADM3: Chur, ADM4:  | Latitude: 46.84986, Longitude: 9.53287 | Score: 69.94, Population: 32429 | Fuzzy match: 19.047619047619047
2025-08-19 16:01:29,484 INFO Comparing database entry: canton of grisons with Domat returned from geonames.
2025-08-19 16:01:29,484 INFO 📄 Index 1 | Name: Domat | fcl: P, fcode: PPLA2 | ADM1: Grisons, ADM2: Imboden, ADM3: Domat/Ems, ADM4:  | Latitude: 46.83483, Longitude: 9.45075 | Score: 31.96, Population: 6817 | Fuzzy match: 18.181818181818176
2025-08-19 16:01:29,484 INFO Comparing database entry: canton of grisons with Tiefencastel returned from geonames.
2025-08-19 16:01:29,484 INFO 📄 Index 2 | Name: Tiefencastel | fcl: P, fcode: PPLA2 | ADM1: Grisons, ADM2: Albula Region, ADM3: Albula/Alvra, ADM4:  | Latitude: 46.66014, Longitude: 9.57883 | Score: 30.40, Population: 244 | Fuzzy match: 27.586206896551722
2025-08-19 16:01:29,484 INFO Comparing database entry: canton of grisons with Scharans returned from geonames.
2025-08-19 16:01:29,484 INFO 📄 Index 3 | Name: Scharans | fcl: P, fcode: PPLA3 | ADM1: Grisons, ADM2: Viamala, ADM3: Scharans, ADM4:  | Latitude: 46.71814, Longitude: 9.45903 | Score: 30.40, Population: 867 | Fuzzy match: 40.0
2025-08-19 16:01:29,642 INFO Comparing database entry: canton of grisons with Chur returned from geonames.
2025-08-19 16:01:29,642 INFO 📄 Index 0 | Name: Chur | fcl: P, fcode: PPLA | ADM1: Grisons, ADM2: Plessur, ADM3: Chur, ADM4:  | Latitude: 46.84986, Longitude: 9.53287 | Score: 69.94, Population: 32429 | Fuzzy match: 19.047619047619047
2025-08-19 16:01:29,643 INFO Comparing database entry: canton of grisons with Domat returned from geonames.
2025-08-19 16:01:29,643 INFO 📄 Index 1 | Name: Domat | fcl: P, fcode: PPLA2 | ADM1: Grisons, ADM2: Imboden, ADM3: Domat/Ems, ADM4:  | Latitude: 46.83483, Longitude: 9.45075 | Score: 31.96, Population: 6817 | Fuzzy match: 18.181818181818176
2025-08-19 16:01:29,643 INFO Comparing database entry: canton of grisons with Tiefencastel returned from geonames.
2025-08-19 16:01:29,643 INFO 📄 Index 2 | Name: Tiefencastel | fcl: P, fcode: PPLA2 | ADM1: Grisons, ADM2: Albula Region, ADM3: Albula/Alvra, ADM4:  | Latitude: 46.66014, Longitude: 9.57883 | Score: 30.40, Population: 244 | Fuzzy match: 27.586206896551722
2025-08-19 16:01:29,643 INFO Comparing database entry: canton of grisons with Scharans returned from geonames.
2025-08-19 16:01:29,643 INFO 📄 Index 3 | Name: Scharans | fcl: P, fcode: PPLA3 | ADM1: Grisons, ADM2: Viamala, ADM3: Scharans, ADM4:  | Latitude: 46.71814, Longitude: 9.45903 | Score: 30.40, Population: 867 | Fuzzy match: 40.0
2025-08-19 16:01:29,838 INFO Comparing database entry: canton of grisons with Chur returned from geonames.
2025-08-19 16:01:29,838 INFO 📄 Index 0 | Name: Chur | fcl: P, fcode: PPLA | ADM1: Grisons, ADM2: Plessur, ADM3: Chur, ADM4:  | Latitude: 46.84986, Longitude: 9.53287 | Score: 69.94, Population: 32429 | Fuzzy match: 19.047619047619047
2025-08-19 16:01:29,838 INFO Comparing database entry: canton of grisons with Domat returned from geonames.
2025-08-19 16:01:29,838 INFO 📄 Index 1 | Name: Domat | fcl: P, fcode: PPLA2 | ADM1: Grisons, ADM2: Imboden, ADM3: Domat/Ems, ADM4:  | Latitude: 46.83483, Longitude: 9.45075 | Score: 31.96, Population: 6817 | Fuzzy match: 18.181818181818176
2025-08-19 16:01:29,838 INFO Comparing database entry: canton of grisons with Tiefencastel returned from geonames.
2025-08-19 16:01:29,838 INFO 📄 Index 2 | Name: Tiefencastel | fcl: P, fcode: PPLA2 | ADM1: Grisons, ADM2: Albula Region, ADM3: Albula/Alvra, ADM4:  | Latitude: 46.66014, Longitude: 9.57883 | Score: 30.40, Population: 244 | Fuzzy match: 27.586206896551722
2025-08-19 16:01:29,838 INFO Comparing database entry: canton of grisons with Scharans returned from geonames.
2025-08-19 16:01:29,838 INFO 📄 Index 3 | Name: Scharans | fcl: P, fcode: PPLA3 | ADM1: Grisons, ADM2: Viamala, ADM3: Scharans, ADM4:  | Latitude: 46.71814, Longitude: 9.45903 | Score: 30.40, Population: 867 | Fuzzy match: 40.0
2025-08-19 16:01:30,006 INFO Comparing database entry: canton of grisons with Chur returned from geonames.
2025-08-19 16:01:30,007 INFO 📄 Index 0 | Name: Chur | fcl: P, fcode: PPLA | ADM1: Grisons, ADM2: Plessur, ADM3: Chur, ADM4:  | Latitude: 46.84986, Longitude: 9.53287 | Score: 69.94, Population: 32429 | Fuzzy match: 19.047619047619047
2025-08-19 16:01:30,007 INFO Comparing database entry: canton of grisons with Domat returned from geonames.
2025-08-19 16:01:30,007 INFO 📄 Index 1 | Name: Domat | fcl: P, fcode: PPLA2 | ADM1: Grisons, ADM2: Imboden, ADM3: Domat/Ems, ADM4:  | Latitude: 46.83483, Longitude: 9.45075 | Score: 31.96, Population: 6817 | Fuzzy match: 18.181818181818176
2025-08-19 16:01:30,007 INFO Comparing database entry: canton of grisons with Tiefencastel returned from geonames.
2025-08-19 16:01:30,007 INFO 📄 Index 2 | Name: Tiefencastel | fcl: P, fcode: PPLA2 | ADM1: Grisons, ADM2: Albula Region, ADM3: Albula/Alvra, ADM4:  | Latitude: 46.66014, Longitude: 9.57883 | Score: 30.40, Population: 244 | Fuzzy match: 27.586206896551722
2025-08-19 16:01:30,007 INFO Comparing database entry: canton of grisons with Scharans returned from geonames.
2025-08-19 16:01:30,007 INFO 📄 Index 3 | Name: Scharans | fcl: P, fcode: PPLA3 | ADM1: Grisons, ADM2: Viamala, ADM3: Scharans, ADM4:  | Latitude: 46.71814, Longitude: 9.45903 | Score: 30.40, Population: 867 | Fuzzy match: 40.0
2025-08-19 16:01:30,007 WARNING ❌ No match found with fuzzy score > 80 for city: canton of grisons
2025-08-19 16:01:30,008 WARNING ❌ Lookup failed for city='canton_of_grisons', iso2='CH'
