2025-08-17 16:44:45,926 INFO 🗺️ Starting GeoNames lookup for city='canton baselland', country='switzerland'
2025-08-17 16:44:45,926 INFO 📍 Location is present in the following articles: [ObjectId('67fa7e0eeaa4fb525afebe3e'), ObjectId('67fa7f56eaa4fb525afec390')]
2025-08-17 16:44:46,178 INFO Comparing database entry: canton baselland with Liestal returned from geonames.
2025-08-17 16:44:46,179 INFO 📄 Index 0 | Name: Liestal | fcl: P, fcode: PPLA | ADM1: Basel-Landschaft, ADM2: Liestal District, ADM3: Liestal, ADM4:  | Score: 53.28, Population: 12832 | Fuzzy match: 17.391304347826086
2025-08-17 16:44:46,179 INFO Comparing database entry: canton baselland with Basel-Landschaft returned from geonames.
2025-08-17 16:44:46,179 INFO 📄 Index 1 | Name: Basel-Landschaft | fcl: A, fcode: ADM1 | ADM1: Basel-Landschaft, ADM2: , ADM3: , ADM4:  | Score: 52.63, Population: 292955 | Fuzzy match: 75.0
2025-08-17 16:44:46,179 INFO Comparing database entry: canton baselland with Pratteln returned from geonames.
2025-08-17 16:44:46,179 INFO 📄 Index 2 | Name: Pratteln | fcl: P, fcode: PPL | ADM1: Basel-Landschaft, ADM2: Liestal District, ADM3: Pratteln, ADM4:  | Score: 37.37, Population: 14877 | Fuzzy match: 33.333333333333336
2025-08-17 16:44:46,179 INFO Comparing database entry: canton baselland with Oberwil returned from geonames.
2025-08-17 16:44:46,179 INFO 📄 Index 3 | Name: Oberwil | fcl: P, fcode: PPL | ADM1: Basel-Landschaft, ADM2: District of Arlesheim, ADM3: Oberwil (BL), ADM4:  | Score: 37.37, Population: 10187 | Fuzzy match: 26.086956521739136
2025-08-17 16:44:46,310 INFO Comparing database entry: canton baselland with Liestal returned from geonames.
2025-08-17 16:44:46,310 INFO 📄 Index 0 | Name: Liestal | fcl: P, fcode: PPLA | ADM1: Basel-Landschaft, ADM2: Liestal District, ADM3: Liestal, ADM4:  | Score: 53.28, Population: 12832 | Fuzzy match: 17.391304347826086
2025-08-17 16:44:46,310 INFO Comparing database entry: canton baselland with Basel-Landschaft returned from geonames.
2025-08-17 16:44:46,310 INFO 📄 Index 1 | Name: Basel-Landschaft | fcl: A, fcode: ADM1 | ADM1: Basel-Landschaft, ADM2: , ADM3: , ADM4:  | Score: 52.63, Population: 292955 | Fuzzy match: 75.0
2025-08-17 16:44:46,310 INFO Comparing database entry: canton baselland with Pratteln returned from geonames.
2025-08-17 16:44:46,310 INFO 📄 Index 2 | Name: Pratteln | fcl: P, fcode: PPL | ADM1: Basel-Landschaft, ADM2: Liestal District, ADM3: Pratteln, ADM4:  | Score: 37.37, Population: 14877 | Fuzzy match: 33.333333333333336
2025-08-17 16:44:46,310 INFO Comparing database entry: canton baselland with Oberwil returned from geonames.
2025-08-17 16:44:46,310 INFO 📄 Index 3 | Name: Oberwil | fcl: P, fcode: PPL | ADM1: Basel-Landschaft, ADM2: District of Arlesheim, ADM3: Oberwil (BL), ADM4:  | Score: 37.37, Population: 10187 | Fuzzy match: 26.086956521739136
2025-08-17 16:44:46,445 INFO Comparing database entry: canton baselland with Liestal returned from geonames.
2025-08-17 16:44:46,445 INFO 📄 Index 0 | Name: Liestal | fcl: P, fcode: PPLA | ADM1: Basel-Landschaft, ADM2: Liestal District, ADM3: Liestal, ADM4:  | Score: 53.28, Population: 12832 | Fuzzy match: 17.391304347826086
2025-08-17 16:44:46,445 INFO Comparing database entry: canton baselland with Basel-Landschaft returned from geonames.
2025-08-17 16:44:46,446 INFO 📄 Index 1 | Name: Basel-Landschaft | fcl: A, fcode: ADM1 | ADM1: Basel-Landschaft, ADM2: , ADM3: , ADM4:  | Score: 52.63, Population: 292955 | Fuzzy match: 75.0
2025-08-17 16:44:46,446 INFO Comparing database entry: canton baselland with Pratteln returned from geonames.
2025-08-17 16:44:46,446 INFO 📄 Index 2 | Name: Pratteln | fcl: P, fcode: PPL | ADM1: Basel-Landschaft, ADM2: Liestal District, ADM3: Pratteln, ADM4:  | Score: 37.37, Population: 14877 | Fuzzy match: 33.333333333333336
2025-08-17 16:44:46,446 INFO Comparing database entry: canton baselland with Oberwil returned from geonames.
2025-08-17 16:44:46,446 INFO 📄 Index 3 | Name: Oberwil | fcl: P, fcode: PPL | ADM1: Basel-Landschaft, ADM2: District of Arlesheim, ADM3: Oberwil (BL), ADM4:  | Score: 37.37, Population: 10187 | Fuzzy match: 26.086956521739136
2025-08-17 16:44:46,598 INFO Comparing database entry: canton baselland with Liestal returned from geonames.
2025-08-17 16:44:46,599 INFO 📄 Index 0 | Name: Liestal | fcl: P, fcode: PPLA | ADM1: Basel-Landschaft, ADM2: Liestal District, ADM3: Liestal, ADM4:  | Score: 53.28, Population: 12832 | Fuzzy match: 17.391304347826086
2025-08-17 16:44:46,599 INFO Comparing database entry: canton baselland with Basel-Landschaft returned from geonames.
2025-08-17 16:44:46,599 INFO 📄 Index 1 | Name: Basel-Landschaft | fcl: A, fcode: ADM1 | ADM1: Basel-Landschaft, ADM2: , ADM3: , ADM4:  | Score: 52.63, Population: 292955 | Fuzzy match: 75.0
2025-08-17 16:44:46,599 INFO Comparing database entry: canton baselland with Pratteln returned from geonames.
2025-08-17 16:44:46,599 INFO 📄 Index 2 | Name: Pratteln | fcl: P, fcode: PPL | ADM1: Basel-Landschaft, ADM2: Liestal District, ADM3: Pratteln, ADM4:  | Score: 37.37, Population: 14877 | Fuzzy match: 33.333333333333336
2025-08-17 16:44:46,599 INFO Comparing database entry: canton baselland with Oberwil returned from geonames.
2025-08-17 16:44:46,599 INFO 📄 Index 3 | Name: Oberwil | fcl: P, fcode: PPL | ADM1: Basel-Landschaft, ADM2: District of Arlesheim, ADM3: Oberwil (BL), ADM4:  | Score: 37.37, Population: 10187 | Fuzzy match: 26.086956521739136
2025-08-17 16:44:46,785 INFO Comparing database entry: canton baselland with Liestal returned from geonames.
2025-08-17 16:44:46,785 INFO 📄 Index 0 | Name: Liestal | fcl: P, fcode: PPLA | ADM1: Basel-Landschaft, ADM2: Liestal District, ADM3: Liestal, ADM4:  | Score: 53.28, Population: 12832 | Fuzzy match: 17.391304347826086
2025-08-17 16:44:46,785 INFO Comparing database entry: canton baselland with Basel-Landschaft returned from geonames.
2025-08-17 16:44:46,786 INFO 📄 Index 1 | Name: Basel-Landschaft | fcl: A, fcode: ADM1 | ADM1: Basel-Landschaft, ADM2: , ADM3: , ADM4:  | Score: 52.63, Population: 292955 | Fuzzy match: 75.0
2025-08-17 16:44:46,786 INFO Comparing database entry: canton baselland with Pratteln returned from geonames.
2025-08-17 16:44:46,786 INFO 📄 Index 2 | Name: Pratteln | fcl: P, fcode: PPL | ADM1: Basel-Landschaft, ADM2: Liestal District, ADM3: Pratteln, ADM4:  | Score: 37.37, Population: 14877 | Fuzzy match: 33.333333333333336
2025-08-17 16:44:46,786 INFO Comparing database entry: canton baselland with Oberwil returned from geonames.
2025-08-17 16:44:46,786 INFO 📄 Index 3 | Name: Oberwil | fcl: P, fcode: PPL | ADM1: Basel-Landschaft, ADM2: District of Arlesheim, ADM3: Oberwil (BL), ADM4:  | Score: 37.37, Population: 10187 | Fuzzy match: 26.086956521739136
2025-08-17 16:44:46,952 INFO Comparing database entry: canton baselland with Liestal returned from geonames.
2025-08-17 16:44:46,952 INFO 📄 Index 0 | Name: Liestal | fcl: P, fcode: PPLA | ADM1: Basel-Landschaft, ADM2: Liestal District, ADM3: Liestal, ADM4:  | Score: 53.28, Population: 12832 | Fuzzy match: 17.391304347826086
2025-08-17 16:44:46,953 INFO Comparing database entry: canton baselland with Basel-Landschaft returned from geonames.
2025-08-17 16:44:46,953 INFO 📄 Index 1 | Name: Basel-Landschaft | fcl: A, fcode: ADM1 | ADM1: Basel-Landschaft, ADM2: , ADM3: , ADM4:  | Score: 52.63, Population: 292955 | Fuzzy match: 75.0
2025-08-17 16:44:46,953 INFO Comparing database entry: canton baselland with Pratteln returned from geonames.
2025-08-17 16:44:46,953 INFO 📄 Index 2 | Name: Pratteln | fcl: P, fcode: PPL | ADM1: Basel-Landschaft, ADM2: Liestal District, ADM3: Pratteln, ADM4:  | Score: 37.37, Population: 14877 | Fuzzy match: 33.333333333333336
2025-08-17 16:44:46,953 INFO Comparing database entry: canton baselland with Oberwil returned from geonames.
2025-08-17 16:44:46,953 INFO 📄 Index 3 | Name: Oberwil | fcl: P, fcode: PPL | ADM1: Basel-Landschaft, ADM2: District of Arlesheim, ADM3: Oberwil (BL), ADM4:  | Score: 37.37, Population: 10187 | Fuzzy match: 26.086956521739136
2025-08-17 16:44:46,953 WARNING ❌ No match found with fuzzy score > 80 for city: canton baselland
2025-08-17 16:44:46,953 WARNING ❌ Lookup failed for city='canton_baselland', iso2='CH'
