2025-08-19 16:04:32,295 INFO 🗺️ Starting GeoNames lookup for city='domat ems, graubünden', country='switzerland'
2025-08-19 16:04:32,295 INFO 📍 Location is present in the following articles: [ObjectId('67fbeebb94b7f855cfea6636'), ObjectId('67fbeed494b7f855cfea669c')]
2025-08-19 16:04:32,459 INFO Comparing database entry: domat ems, graubünden with Domat returned from geonames.
2025-08-19 16:04:32,459 INFO 📄 Index 0 | Name: Domat | fcl: P, fcode: PPLA2 | ADM1: Grisons, ADM2: Imboden, ADM3: Domat/Ems, ADM4:  | Latitude: 46.83483, Longitude: 9.45075 | Score: 35.70, Population: 6817 | Fuzzy match: 38.46153846153846
2025-08-19 16:04:32,459 INFO Comparing database entry: domat ems, graubünden with Domat/Ems returned from geonames.
2025-08-19 16:04:32,460 INFO 📄 Index 1 | Name: Domat/Ems | fcl: A, fcode: ADM3 | ADM1: Grisons, ADM2: Imboden, ADM3: Domat/Ems, ADM4:  | Latitude: 46.81981, Longitude: 9.45455 | Score: 24.24, Population: 8132 | Fuzzy match: 53.333333333333336
2025-08-19 16:04:32,636 INFO Comparing database entry: domat ems, graubünden with Domat returned from geonames.
2025-08-19 16:04:32,636 INFO 📄 Index 0 | Name: Domat | fcl: P, fcode: PPLA2 | ADM1: Grisons, ADM2: Imboden, ADM3: Domat/Ems, ADM4:  | Latitude: 46.83483, Longitude: 9.45075 | Score: 35.70, Population: 6817 | Fuzzy match: 38.46153846153846
2025-08-19 16:04:32,636 INFO Comparing database entry: domat ems, graubünden with Domat/Ems returned from geonames.
2025-08-19 16:04:32,636 INFO 📄 Index 1 | Name: Domat/Ems | fcl: A, fcode: ADM3 | ADM1: Grisons, ADM2: Imboden, ADM3: Domat/Ems, ADM4:  | Latitude: 46.81981, Longitude: 9.45455 | Score: 24.24, Population: 8132 | Fuzzy match: 53.333333333333336
2025-08-19 16:04:32,781 INFO Comparing database entry: domat ems, graubünden with Domat returned from geonames.
2025-08-19 16:04:32,781 INFO 📄 Index 0 | Name: Domat | fcl: P, fcode: PPLA2 | ADM1: Grisons, ADM2: Imboden, ADM3: Domat/Ems, ADM4:  | Latitude: 46.83483, Longitude: 9.45075 | Score: 35.70, Population: 6817 | Fuzzy match: 38.46153846153846
2025-08-19 16:04:32,781 INFO Comparing database entry: domat ems, graubünden with Domat/Ems returned from geonames.
2025-08-19 16:04:32,781 INFO 📄 Index 1 | Name: Domat/Ems | fcl: A, fcode: ADM3 | ADM1: Grisons, ADM2: Imboden, ADM3: Domat/Ems, ADM4:  | Latitude: 46.81981, Longitude: 9.45455 | Score: 24.24, Population: 8132 | Fuzzy match: 53.333333333333336
2025-08-19 16:04:32,947 INFO Comparing database entry: domat ems, graubünden with Domat returned from geonames.
2025-08-19 16:04:32,947 INFO 📄 Index 0 | Name: Domat | fcl: P, fcode: PPLA2 | ADM1: Grisons, ADM2: Imboden, ADM3: Domat/Ems, ADM4:  | Latitude: 46.83483, Longitude: 9.45075 | Score: 35.70, Population: 6817 | Fuzzy match: 38.46153846153846
2025-08-19 16:04:32,947 INFO Comparing database entry: domat ems, graubünden with Domat/Ems returned from geonames.
2025-08-19 16:04:32,947 INFO 📄 Index 1 | Name: Domat/Ems | fcl: A, fcode: ADM3 | ADM1: Grisons, ADM2: Imboden, ADM3: Domat/Ems, ADM4:  | Latitude: 46.81981, Longitude: 9.45455 | Score: 24.24, Population: 8132 | Fuzzy match: 53.333333333333336
2025-08-19 16:04:33,129 INFO Comparing database entry: domat ems, graubünden with Domat returned from geonames.
2025-08-19 16:04:33,130 INFO 📄 Index 0 | Name: Domat | fcl: P, fcode: PPLA2 | ADM1: Grisons, ADM2: Imboden, ADM3: Domat/Ems, ADM4:  | Latitude: 46.83483, Longitude: 9.45075 | Score: 35.70, Population: 6817 | Fuzzy match: 38.46153846153846
2025-08-19 16:04:33,130 INFO Comparing database entry: domat ems, graubünden with Domat/Ems returned from geonames.
2025-08-19 16:04:33,130 INFO 📄 Index 1 | Name: Domat/Ems | fcl: A, fcode: ADM3 | ADM1: Grisons, ADM2: Imboden, ADM3: Domat/Ems, ADM4:  | Latitude: 46.81981, Longitude: 9.45455 | Score: 24.24, Population: 8132 | Fuzzy match: 53.333333333333336
2025-08-19 16:04:33,289 INFO Comparing database entry: domat ems, graubünden with Domat returned from geonames.
2025-08-19 16:04:33,289 INFO 📄 Index 0 | Name: Domat | fcl: P, fcode: PPLA2 | ADM1: Grisons, ADM2: Imboden, ADM3: Domat/Ems, ADM4:  | Latitude: 46.83483, Longitude: 9.45075 | Score: 35.70, Population: 6817 | Fuzzy match: 38.46153846153846
2025-08-19 16:04:33,289 INFO Comparing database entry: domat ems, graubünden with Domat/Ems returned from geonames.
2025-08-19 16:04:33,290 INFO 📄 Index 1 | Name: Domat/Ems | fcl: A, fcode: ADM3 | ADM1: Grisons, ADM2: Imboden, ADM3: Domat/Ems, ADM4:  | Latitude: 46.81981, Longitude: 9.45455 | Score: 24.24, Population: 8132 | Fuzzy match: 53.333333333333336
2025-08-19 16:04:33,290 WARNING ❌ No match found with fuzzy score > 80 for city: domat ems, graubünden
2025-08-19 16:04:33,290 WARNING ❌ Lookup failed for city='domat_ems_graubünden', iso2='CH'
