2025-08-19 17:04:33,537 INFO 🗺️ Starting GeoNames lookup for city='furttal region', country='switzerland'
2025-08-19 17:04:33,538 INFO 📍 Location is present in the following articles: [ObjectId('68a34f1c55f8a4c6a03cb0a7')]
2025-08-19 17:04:33,684 INFO Comparing database entry: furttal region with Regensdorf returned from geonames.
2025-08-19 17:04:33,685 INFO 📄 Index 0 | Name: Regensdorf | fcl: P, fcode: PPL | ADM1: Zurich, ADM2: Dielsdorf, ADM3: Regensdorf, ADM4:  | Latitude: 47.4341, Longitude: 8.46874 | Score: 26.14, Population: 7531 | Fuzzy match: 33.333333333333336
2025-08-19 17:04:33,685 INFO Comparing database entry: furttal region with Otelfingen returned from geonames.
2025-08-19 17:04:33,685 INFO 📄 Index 1 | Name: Otelfingen | fcl: P, fcode: PPL | ADM1: Zurich, ADM2: Dielsdorf, ADM3: Otelfingen, ADM4:  | Latitude: 47.46053, Longitude: 8.39141 | Score: 26.14, Population: 1808 | Fuzzy match: 33.333333333333336
2025-08-19 17:04:33,685 INFO Comparing database entry: furttal region with Buchs / Buchs (Dorf) returned from geonames.
2025-08-19 17:04:33,685 INFO 📄 Index 2 | Name: Buchs / Buchs (Dorf) | fcl: P, fcode: PPL | ADM1: Zurich, ADM2: Dielsdorf, ADM3: Buchs (ZH), ADM4:  | Latitude: 47.45876, Longitude: 8.43661 | Score: 22.79, Population: 361 | Fuzzy match: 17.647058823529417
2025-08-19 17:04:33,685 INFO Comparing database entry: furttal region with Adlikon returned from geonames.
2025-08-19 17:04:33,685 INFO 📄 Index 3 | Name: Adlikon | fcl: P, fcode: PPL | ADM1: Zurich, ADM2: Dielsdorf, ADM3: Regensdorf, ADM4:  | Latitude: 47.44681, Longitude: 8.46641 | Score: 19.44, Population: 970 | Fuzzy match: 47.61904761904761
2025-08-19 17:04:33,812 INFO Comparing database entry: furttal region with Regensdorf returned from geonames.
2025-08-19 17:04:33,813 INFO 📄 Index 0 | Name: Regensdorf | fcl: P, fcode: PPL | ADM1: Zurich, ADM2: Dielsdorf, ADM3: Regensdorf, ADM4:  | Latitude: 47.4341, Longitude: 8.46874 | Score: 26.14, Population: 7531 | Fuzzy match: 33.333333333333336
2025-08-19 17:04:33,813 INFO Comparing database entry: furttal region with Otelfingen returned from geonames.
2025-08-19 17:04:33,813 INFO 📄 Index 1 | Name: Otelfingen | fcl: P, fcode: PPL | ADM1: Zurich, ADM2: Dielsdorf, ADM3: Otelfingen, ADM4:  | Latitude: 47.46053, Longitude: 8.39141 | Score: 26.14, Population: 1808 | Fuzzy match: 33.333333333333336
2025-08-19 17:04:33,813 INFO Comparing database entry: furttal region with Buchs / Buchs (Dorf) returned from geonames.
2025-08-19 17:04:33,813 INFO 📄 Index 2 | Name: Buchs / Buchs (Dorf) | fcl: P, fcode: PPL | ADM1: Zurich, ADM2: Dielsdorf, ADM3: Buchs (ZH), ADM4:  | Latitude: 47.45876, Longitude: 8.43661 | Score: 22.79, Population: 361 | Fuzzy match: 17.647058823529417
2025-08-19 17:04:33,813 INFO Comparing database entry: furttal region with Adlikon returned from geonames.
2025-08-19 17:04:33,813 INFO 📄 Index 3 | Name: Adlikon | fcl: P, fcode: PPL | ADM1: Zurich, ADM2: Dielsdorf, ADM3: Regensdorf, ADM4:  | Latitude: 47.44681, Longitude: 8.46641 | Score: 19.44, Population: 970 | Fuzzy match: 47.61904761904761
2025-08-19 17:04:33,940 INFO Comparing database entry: furttal region with Regensdorf returned from geonames.
2025-08-19 17:04:33,940 INFO 📄 Index 0 | Name: Regensdorf | fcl: P, fcode: PPL | ADM1: Zurich, ADM2: Dielsdorf, ADM3: Regensdorf, ADM4:  | Latitude: 47.4341, Longitude: 8.46874 | Score: 26.14, Population: 7531 | Fuzzy match: 33.333333333333336
2025-08-19 17:04:33,940 INFO Comparing database entry: furttal region with Otelfingen returned from geonames.
2025-08-19 17:04:33,941 INFO 📄 Index 1 | Name: Otelfingen | fcl: P, fcode: PPL | ADM1: Zurich, ADM2: Dielsdorf, ADM3: Otelfingen, ADM4:  | Latitude: 47.46053, Longitude: 8.39141 | Score: 26.14, Population: 1808 | Fuzzy match: 33.333333333333336
2025-08-19 17:04:33,941 INFO Comparing database entry: furttal region with Buchs / Buchs (Dorf) returned from geonames.
2025-08-19 17:04:33,941 INFO 📄 Index 2 | Name: Buchs / Buchs (Dorf) | fcl: P, fcode: PPL | ADM1: Zurich, ADM2: Dielsdorf, ADM3: Buchs (ZH), ADM4:  | Latitude: 47.45876, Longitude: 8.43661 | Score: 22.79, Population: 361 | Fuzzy match: 17.647058823529417
2025-08-19 17:04:33,941 INFO Comparing database entry: furttal region with Adlikon returned from geonames.
2025-08-19 17:04:33,941 INFO 📄 Index 3 | Name: Adlikon | fcl: P, fcode: PPL | ADM1: Zurich, ADM2: Dielsdorf, ADM3: Regensdorf, ADM4:  | Latitude: 47.44681, Longitude: 8.46641 | Score: 19.44, Population: 970 | Fuzzy match: 47.61904761904761
2025-08-19 17:04:34,099 INFO Comparing database entry: furttal region with Regensdorf returned from geonames.
2025-08-19 17:04:34,099 INFO 📄 Index 0 | Name: Regensdorf | fcl: P, fcode: PPL | ADM1: Zurich, ADM2: Dielsdorf, ADM3: Regensdorf, ADM4:  | Latitude: 47.4341, Longitude: 8.46874 | Score: 26.14, Population: 7531 | Fuzzy match: 33.333333333333336
2025-08-19 17:04:34,100 INFO Comparing database entry: furttal region with Otelfingen returned from geonames.
2025-08-19 17:04:34,100 INFO 📄 Index 1 | Name: Otelfingen | fcl: P, fcode: PPL | ADM1: Zurich, ADM2: Dielsdorf, ADM3: Otelfingen, ADM4:  | Latitude: 47.46053, Longitude: 8.39141 | Score: 26.14, Population: 1808 | Fuzzy match: 33.333333333333336
2025-08-19 17:04:34,100 INFO Comparing database entry: furttal region with Buchs / Buchs (Dorf) returned from geonames.
2025-08-19 17:04:34,100 INFO 📄 Index 2 | Name: Buchs / Buchs (Dorf) | fcl: P, fcode: PPL | ADM1: Zurich, ADM2: Dielsdorf, ADM3: Buchs (ZH), ADM4:  | Latitude: 47.45876, Longitude: 8.43661 | Score: 22.79, Population: 361 | Fuzzy match: 17.647058823529417
2025-08-19 17:04:34,100 INFO Comparing database entry: furttal region with Adlikon returned from geonames.
2025-08-19 17:04:34,100 INFO 📄 Index 3 | Name: Adlikon | fcl: P, fcode: PPL | ADM1: Zurich, ADM2: Dielsdorf, ADM3: Regensdorf, ADM4:  | Latitude: 47.44681, Longitude: 8.46641 | Score: 19.44, Population: 970 | Fuzzy match: 47.61904761904761
2025-08-19 17:04:34,249 INFO Comparing database entry: furttal region with Regensdorf returned from geonames.
2025-08-19 17:04:34,250 INFO 📄 Index 0 | Name: Regensdorf | fcl: P, fcode: PPL | ADM1: Zurich, ADM2: Dielsdorf, ADM3: Regensdorf, ADM4:  | Latitude: 47.4341, Longitude: 8.46874 | Score: 26.14, Population: 7531 | Fuzzy match: 33.333333333333336
2025-08-19 17:04:34,250 INFO Comparing database entry: furttal region with Otelfingen returned from geonames.
2025-08-19 17:04:34,250 INFO 📄 Index 1 | Name: Otelfingen | fcl: P, fcode: PPL | ADM1: Zurich, ADM2: Dielsdorf, ADM3: Otelfingen, ADM4:  | Latitude: 47.46053, Longitude: 8.39141 | Score: 26.14, Population: 1808 | Fuzzy match: 33.333333333333336
2025-08-19 17:04:34,250 INFO Comparing database entry: furttal region with Buchs / Buchs (Dorf) returned from geonames.
2025-08-19 17:04:34,250 INFO 📄 Index 2 | Name: Buchs / Buchs (Dorf) | fcl: P, fcode: PPL | ADM1: Zurich, ADM2: Dielsdorf, ADM3: Buchs (ZH), ADM4:  | Latitude: 47.45876, Longitude: 8.43661 | Score: 22.79, Population: 361 | Fuzzy match: 17.647058823529417
2025-08-19 17:04:34,250 INFO Comparing database entry: furttal region with Adlikon returned from geonames.
2025-08-19 17:04:34,250 INFO 📄 Index 3 | Name: Adlikon | fcl: P, fcode: PPL | ADM1: Zurich, ADM2: Dielsdorf, ADM3: Regensdorf, ADM4:  | Latitude: 47.44681, Longitude: 8.46641 | Score: 19.44, Population: 970 | Fuzzy match: 47.61904761904761
2025-08-19 17:04:34,412 INFO Comparing database entry: furttal region with Regensdorf returned from geonames.
2025-08-19 17:04:34,412 INFO 📄 Index 0 | Name: Regensdorf | fcl: P, fcode: PPL | ADM1: Zurich, ADM2: Dielsdorf, ADM3: Regensdorf, ADM4:  | Latitude: 47.4341, Longitude: 8.46874 | Score: 26.14, Population: 7531 | Fuzzy match: 33.333333333333336
2025-08-19 17:04:34,412 INFO Comparing database entry: furttal region with Otelfingen returned from geonames.
2025-08-19 17:04:34,412 INFO 📄 Index 1 | Name: Otelfingen | fcl: P, fcode: PPL | ADM1: Zurich, ADM2: Dielsdorf, ADM3: Otelfingen, ADM4:  | Latitude: 47.46053, Longitude: 8.39141 | Score: 26.14, Population: 1808 | Fuzzy match: 33.333333333333336
2025-08-19 17:04:34,412 INFO Comparing database entry: furttal region with Buchs / Buchs (Dorf) returned from geonames.
2025-08-19 17:04:34,412 INFO 📄 Index 2 | Name: Buchs / Buchs (Dorf) | fcl: P, fcode: PPL | ADM1: Zurich, ADM2: Dielsdorf, ADM3: Buchs (ZH), ADM4:  | Latitude: 47.45876, Longitude: 8.43661 | Score: 22.79, Population: 361 | Fuzzy match: 17.647058823529417
2025-08-19 17:04:34,412 INFO Comparing database entry: furttal region with Adlikon returned from geonames.
2025-08-19 17:04:34,412 INFO 📄 Index 3 | Name: Adlikon | fcl: P, fcode: PPL | ADM1: Zurich, ADM2: Dielsdorf, ADM3: Regensdorf, ADM4:  | Latitude: 47.44681, Longitude: 8.46641 | Score: 19.44, Population: 970 | Fuzzy match: 47.61904761904761
2025-08-19 17:04:34,413 WARNING ❌ No match found with fuzzy score > 80 for city: furttal region
2025-08-19 17:04:34,413 WARNING ❌ Lookup failed for city='furttal_region', iso2='CH'
