2025-08-19 17:01:48,351 INFO 🗺️ Starting GeoNames lookup for city='gösgen', country='switzerland'
2025-08-19 17:01:48,351 INFO 📍 Location is present in the following articles: [ObjectId('67fbf7fe94b7f855cfea72ee')]
2025-08-19 17:01:48,521 INFO Comparing database entry: gösgen with Bezirk Gösgen returned from geonames.
2025-08-19 17:01:48,521 INFO 📄 Index 0 | Name: Bezirk Gösgen | fcl: A, fcode: ADM2 | ADM1: Solothurn, ADM2: Bezirk Gösgen, ADM3: , ADM4:  | Latitude: 47.37758, Longitude: 7.9203 | Score: 44.34, Population: 24793 | Fuzzy match: 63.1578947368421
2025-08-19 17:01:48,522 INFO Comparing database entry: gösgen with Trimbach returned from geonames.
2025-08-19 17:01:48,522 INFO 📄 Index 1 | Name: Trimbach | fcl: P, fcode: PPL | ADM1: Solothurn, ADM2: Bezirk Gösgen, ADM3: Trimbach, ADM4:  | Latitude: 47.36561, Longitude: 7.8868 | Score: 33.55, Population: 6220 | Fuzzy match: 0.0
2025-08-19 17:01:48,522 INFO Comparing database entry: gösgen with Erlinsbach returned from geonames.
2025-08-19 17:01:48,522 INFO 📄 Index 2 | Name: Erlinsbach | fcl: P, fcode: PPL | ADM1: Solothurn, ADM2: Bezirk Gösgen, ADM3: Erlinsbach (SO), ADM4:  | Latitude: 47.39753, Longitude: 8.00797 | Score: 33.55, Population: 2258 | Fuzzy match: 25.0
2025-08-19 17:01:48,522 INFO Comparing database entry: gösgen with Lostorf returned from geonames.
2025-08-19 17:01:48,522 INFO 📄 Index 3 | Name: Lostorf | fcl: P, fcode: PPL | ADM1: Solothurn, ADM2: Bezirk Gösgen, ADM3: Lostorf, ADM4:  | Latitude: 47.38372, Longitude: 7.94655 | Score: 33.55, Population: 3749 | Fuzzy match: 15.384615384615385
2025-08-19 17:01:48,686 INFO Comparing database entry: gösgen with Bezirk Gösgen returned from geonames.
2025-08-19 17:01:48,686 INFO 📄 Index 0 | Name: Bezirk Gösgen | fcl: A, fcode: ADM2 | ADM1: Solothurn, ADM2: Bezirk Gösgen, ADM3: , ADM4:  | Latitude: 47.37758, Longitude: 7.9203 | Score: 44.34, Population: 24793 | Fuzzy match: 63.1578947368421
2025-08-19 17:01:48,687 INFO Comparing database entry: gösgen with Trimbach returned from geonames.
2025-08-19 17:01:48,687 INFO 📄 Index 1 | Name: Trimbach | fcl: P, fcode: PPL | ADM1: Solothurn, ADM2: Bezirk Gösgen, ADM3: Trimbach, ADM4:  | Latitude: 47.36561, Longitude: 7.8868 | Score: 33.55, Population: 6220 | Fuzzy match: 0.0
2025-08-19 17:01:48,687 INFO Comparing database entry: gösgen with Erlinsbach returned from geonames.
2025-08-19 17:01:48,687 INFO 📄 Index 2 | Name: Erlinsbach | fcl: P, fcode: PPL | ADM1: Solothurn, ADM2: Bezirk Gösgen, ADM3: Erlinsbach (SO), ADM4:  | Latitude: 47.39753, Longitude: 8.00797 | Score: 33.55, Population: 2258 | Fuzzy match: 25.0
2025-08-19 17:01:48,687 INFO Comparing database entry: gösgen with Lostorf returned from geonames.
2025-08-19 17:01:48,687 INFO 📄 Index 3 | Name: Lostorf | fcl: P, fcode: PPL | ADM1: Solothurn, ADM2: Bezirk Gösgen, ADM3: Lostorf, ADM4:  | Latitude: 47.38372, Longitude: 7.94655 | Score: 33.55, Population: 3749 | Fuzzy match: 15.384615384615385
2025-08-19 17:01:48,876 INFO Comparing database entry: gösgen with Bezirk Gösgen returned from geonames.
2025-08-19 17:01:48,877 INFO 📄 Index 0 | Name: Bezirk Gösgen | fcl: A, fcode: ADM2 | ADM1: Solothurn, ADM2: Bezirk Gösgen, ADM3: , ADM4:  | Latitude: 47.37758, Longitude: 7.9203 | Score: 44.34, Population: 24793 | Fuzzy match: 63.1578947368421
2025-08-19 17:01:48,877 INFO Comparing database entry: gösgen with Trimbach returned from geonames.
2025-08-19 17:01:48,877 INFO 📄 Index 1 | Name: Trimbach | fcl: P, fcode: PPL | ADM1: Solothurn, ADM2: Bezirk Gösgen, ADM3: Trimbach, ADM4:  | Latitude: 47.36561, Longitude: 7.8868 | Score: 33.55, Population: 6220 | Fuzzy match: 0.0
2025-08-19 17:01:48,877 INFO Comparing database entry: gösgen with Erlinsbach returned from geonames.
2025-08-19 17:01:48,877 INFO 📄 Index 2 | Name: Erlinsbach | fcl: P, fcode: PPL | ADM1: Solothurn, ADM2: Bezirk Gösgen, ADM3: Erlinsbach (SO), ADM4:  | Latitude: 47.39753, Longitude: 8.00797 | Score: 33.55, Population: 2258 | Fuzzy match: 25.0
2025-08-19 17:01:48,877 INFO Comparing database entry: gösgen with Lostorf returned from geonames.
2025-08-19 17:01:48,877 INFO 📄 Index 3 | Name: Lostorf | fcl: P, fcode: PPL | ADM1: Solothurn, ADM2: Bezirk Gösgen, ADM3: Lostorf, ADM4:  | Latitude: 47.38372, Longitude: 7.94655 | Score: 33.55, Population: 3749 | Fuzzy match: 15.384615384615385
2025-08-19 17:01:49,056 INFO Comparing database entry: gösgen with Bezirk Gösgen returned from geonames.
2025-08-19 17:01:49,056 INFO 📄 Index 0 | Name: Bezirk Gösgen | fcl: A, fcode: ADM2 | ADM1: Solothurn, ADM2: Bezirk Gösgen, ADM3: , ADM4:  | Latitude: 47.37758, Longitude: 7.9203 | Score: 44.34, Population: 24793 | Fuzzy match: 63.1578947368421
2025-08-19 17:01:49,056 INFO Comparing database entry: gösgen with Trimbach returned from geonames.
2025-08-19 17:01:49,056 INFO 📄 Index 1 | Name: Trimbach | fcl: P, fcode: PPL | ADM1: Solothurn, ADM2: Bezirk Gösgen, ADM3: Trimbach, ADM4:  | Latitude: 47.36561, Longitude: 7.8868 | Score: 33.55, Population: 6220 | Fuzzy match: 0.0
2025-08-19 17:01:49,056 INFO Comparing database entry: gösgen with Erlinsbach returned from geonames.
2025-08-19 17:01:49,056 INFO 📄 Index 2 | Name: Erlinsbach | fcl: P, fcode: PPL | ADM1: Solothurn, ADM2: Bezirk Gösgen, ADM3: Erlinsbach (SO), ADM4:  | Latitude: 47.39753, Longitude: 8.00797 | Score: 33.55, Population: 2258 | Fuzzy match: 25.0
2025-08-19 17:01:49,056 INFO Comparing database entry: gösgen with Lostorf returned from geonames.
2025-08-19 17:01:49,056 INFO 📄 Index 3 | Name: Lostorf | fcl: P, fcode: PPL | ADM1: Solothurn, ADM2: Bezirk Gösgen, ADM3: Lostorf, ADM4:  | Latitude: 47.38372, Longitude: 7.94655 | Score: 33.55, Population: 3749 | Fuzzy match: 15.384615384615385
2025-08-19 17:01:49,220 INFO Comparing database entry: gösgen with Bezirk Gösgen returned from geonames.
2025-08-19 17:01:49,221 INFO 📄 Index 0 | Name: Bezirk Gösgen | fcl: A, fcode: ADM2 | ADM1: Solothurn, ADM2: Bezirk Gösgen, ADM3: , ADM4:  | Latitude: 47.37758, Longitude: 7.9203 | Score: 44.34, Population: 24793 | Fuzzy match: 63.1578947368421
2025-08-19 17:01:49,221 INFO Comparing database entry: gösgen with Trimbach returned from geonames.
2025-08-19 17:01:49,221 INFO 📄 Index 1 | Name: Trimbach | fcl: P, fcode: PPL | ADM1: Solothurn, ADM2: Bezirk Gösgen, ADM3: Trimbach, ADM4:  | Latitude: 47.36561, Longitude: 7.8868 | Score: 33.55, Population: 6220 | Fuzzy match: 0.0
2025-08-19 17:01:49,221 INFO Comparing database entry: gösgen with Erlinsbach returned from geonames.
2025-08-19 17:01:49,221 INFO 📄 Index 2 | Name: Erlinsbach | fcl: P, fcode: PPL | ADM1: Solothurn, ADM2: Bezirk Gösgen, ADM3: Erlinsbach (SO), ADM4:  | Latitude: 47.39753, Longitude: 8.00797 | Score: 33.55, Population: 2258 | Fuzzy match: 25.0
2025-08-19 17:01:49,221 INFO Comparing database entry: gösgen with Lostorf returned from geonames.
2025-08-19 17:01:49,221 INFO 📄 Index 3 | Name: Lostorf | fcl: P, fcode: PPL | ADM1: Solothurn, ADM2: Bezirk Gösgen, ADM3: Lostorf, ADM4:  | Latitude: 47.38372, Longitude: 7.94655 | Score: 33.55, Population: 3749 | Fuzzy match: 15.384615384615385
2025-08-19 17:01:49,388 INFO Comparing database entry: gösgen with Bezirk Gösgen returned from geonames.
2025-08-19 17:01:49,389 INFO 📄 Index 0 | Name: Bezirk Gösgen | fcl: A, fcode: ADM2 | ADM1: Solothurn, ADM2: Bezirk Gösgen, ADM3: , ADM4:  | Latitude: 47.37758, Longitude: 7.9203 | Score: 44.34, Population: 24793 | Fuzzy match: 63.1578947368421
2025-08-19 17:01:49,389 INFO Comparing database entry: gösgen with Trimbach returned from geonames.
2025-08-19 17:01:49,389 INFO 📄 Index 1 | Name: Trimbach | fcl: P, fcode: PPL | ADM1: Solothurn, ADM2: Bezirk Gösgen, ADM3: Trimbach, ADM4:  | Latitude: 47.36561, Longitude: 7.8868 | Score: 33.55, Population: 6220 | Fuzzy match: 0.0
2025-08-19 17:01:49,389 INFO Comparing database entry: gösgen with Erlinsbach returned from geonames.
2025-08-19 17:01:49,389 INFO 📄 Index 2 | Name: Erlinsbach | fcl: P, fcode: PPL | ADM1: Solothurn, ADM2: Bezirk Gösgen, ADM3: Erlinsbach (SO), ADM4:  | Latitude: 47.39753, Longitude: 8.00797 | Score: 33.55, Population: 2258 | Fuzzy match: 25.0
2025-08-19 17:01:49,389 INFO Comparing database entry: gösgen with Lostorf returned from geonames.
2025-08-19 17:01:49,389 INFO 📄 Index 3 | Name: Lostorf | fcl: P, fcode: PPL | ADM1: Solothurn, ADM2: Bezirk Gösgen, ADM3: Lostorf, ADM4:  | Latitude: 47.38372, Longitude: 7.94655 | Score: 33.55, Population: 3749 | Fuzzy match: 15.384615384615385
2025-08-19 17:01:49,389 WARNING ❌ No match found with fuzzy score > 80 for city: gösgen
2025-08-19 17:01:49,389 WARNING ❌ Lookup failed for city='gösgen', iso2='CH'
