2025-08-08 09:51:24,516 INFO 🗺️ Starting GeoNames lookup for city='dadong_district', country='china'
2025-08-08 09:51:24,516 INFO 📍 Location is present in the following articles: [ObjectId('67f52be3981040986eab76db')]
2025-08-08 09:51:24,695 INFO Comparing database entry: dadong district with Dadong returned from geonames.
2025-08-08 09:51:24,695 INFO 📄 Index 0 | Name: Dadong | fcl: P, fcode: PPL | ADM1: Guizhou, ADM2: Qiandongnan Miao and Dong Autonomous Prefecture, ADM3: , ADM4:  | Score: 12.10, Population: 0 | Fuzzy match: 57.14285714285714
2025-08-08 09:51:24,695 INFO Comparing database entry: dadong district with Dadong returned from geonames.
2025-08-08 09:51:24,695 INFO 📄 Index 1 | Name: Dadong | fcl: P, fcode: PPL | ADM1: Guizhou, ADM2: Qiandongnan Miao and Dong Autonomous Prefecture, ADM3: , ADM4:  | Score: 12.10, Population: 0 | Fuzzy match: 57.14285714285714
2025-08-08 09:51:24,695 INFO Comparing database entry: dadong district with Dadong returned from geonames.
2025-08-08 09:51:24,695 INFO 📄 Index 2 | Name: Dadong | fcl: P, fcode: PPL | ADM1: Hunan, ADM2: Prefecture of Chenzhou, ADM3: , ADM4:  | Score: 12.01, Population: 0 | Fuzzy match: 57.14285714285714
2025-08-08 09:51:24,695 INFO Comparing database entry: dadong district with Dadong returned from geonames.
2025-08-08 09:51:24,695 INFO 📄 Index 3 | Name: Dadong | fcl: P, fcode: PPL | ADM1: Hunan, ADM2: Prefecture of Chenzhou, ADM3: , ADM4:  | Score: 12.01, Population: 0 | Fuzzy match: 57.14285714285714
2025-08-08 09:51:24,854 INFO Comparing database entry: dadong district with Dadong returned from geonames.
2025-08-08 09:51:24,855 INFO 📄 Index 0 | Name: Dadong | fcl: P, fcode: PPL | ADM1: Guizhou, ADM2: Qiandongnan Miao and Dong Autonomous Prefecture, ADM3: , ADM4:  | Score: 12.10, Population: 0 | Fuzzy match: 57.14285714285714
2025-08-08 09:51:24,855 INFO Comparing database entry: dadong district with Dadong returned from geonames.
2025-08-08 09:51:24,855 INFO 📄 Index 1 | Name: Dadong | fcl: P, fcode: PPL | ADM1: Guizhou, ADM2: Qiandongnan Miao and Dong Autonomous Prefecture, ADM3: , ADM4:  | Score: 12.10, Population: 0 | Fuzzy match: 57.14285714285714
2025-08-08 09:51:24,855 INFO Comparing database entry: dadong district with Dadong returned from geonames.
2025-08-08 09:51:24,855 INFO 📄 Index 2 | Name: Dadong | fcl: P, fcode: PPL | ADM1: Hunan, ADM2: Prefecture of Chenzhou, ADM3: , ADM4:  | Score: 12.01, Population: 0 | Fuzzy match: 57.14285714285714
2025-08-08 09:51:24,855 INFO Comparing database entry: dadong district with Dadong returned from geonames.
2025-08-08 09:51:24,855 INFO 📄 Index 3 | Name: Dadong | fcl: P, fcode: PPL | ADM1: Hunan, ADM2: Prefecture of Chenzhou, ADM3: , ADM4:  | Score: 12.01, Population: 0 | Fuzzy match: 57.14285714285714
2025-08-08 09:51:25,008 INFO Comparing database entry: dadong district with Dadong returned from geonames.
2025-08-08 09:51:25,008 INFO 📄 Index 0 | Name: Dadong | fcl: P, fcode: PPL | ADM1: Guizhou, ADM2: Qiandongnan Miao and Dong Autonomous Prefecture, ADM3: , ADM4:  | Score: 12.10, Population: 0 | Fuzzy match: 57.14285714285714
2025-08-08 09:51:25,008 INFO Comparing database entry: dadong district with Dadong returned from geonames.
2025-08-08 09:51:25,008 INFO 📄 Index 1 | Name: Dadong | fcl: P, fcode: PPL | ADM1: Guizhou, ADM2: Qiandongnan Miao and Dong Autonomous Prefecture, ADM3: , ADM4:  | Score: 12.10, Population: 0 | Fuzzy match: 57.14285714285714
2025-08-08 09:51:25,008 INFO Comparing database entry: dadong district with Dadong returned from geonames.
2025-08-08 09:51:25,008 INFO 📄 Index 2 | Name: Dadong | fcl: P, fcode: PPL | ADM1: Hunan, ADM2: Prefecture of Chenzhou, ADM3: , ADM4:  | Score: 12.01, Population: 0 | Fuzzy match: 57.14285714285714
2025-08-08 09:51:25,008 INFO Comparing database entry: dadong district with Dadong returned from geonames.
2025-08-08 09:51:25,008 INFO 📄 Index 3 | Name: Dadong | fcl: P, fcode: PPL | ADM1: Hunan, ADM2: Prefecture of Chenzhou, ADM3: , ADM4:  | Score: 12.01, Population: 0 | Fuzzy match: 57.14285714285714
2025-08-08 09:51:25,169 INFO Comparing database entry: dadong district with Dadong returned from geonames.
2025-08-08 09:51:25,169 INFO 📄 Index 0 | Name: Dadong | fcl: P, fcode: PPL | ADM1: Guizhou, ADM2: Qiandongnan Miao and Dong Autonomous Prefecture, ADM3: , ADM4:  | Score: 12.10, Population: 0 | Fuzzy match: 57.14285714285714
2025-08-08 09:51:25,169 INFO Comparing database entry: dadong district with Dadong returned from geonames.
2025-08-08 09:51:25,169 INFO 📄 Index 1 | Name: Dadong | fcl: P, fcode: PPL | ADM1: Guizhou, ADM2: Qiandongnan Miao and Dong Autonomous Prefecture, ADM3: , ADM4:  | Score: 12.10, Population: 0 | Fuzzy match: 57.14285714285714
2025-08-08 09:51:25,169 INFO Comparing database entry: dadong district with Dadong returned from geonames.
2025-08-08 09:51:25,170 INFO 📄 Index 2 | Name: Dadong | fcl: P, fcode: PPL | ADM1: Hunan, ADM2: Prefecture of Chenzhou, ADM3: , ADM4:  | Score: 12.01, Population: 0 | Fuzzy match: 57.14285714285714
2025-08-08 09:51:25,170 INFO Comparing database entry: dadong district with Dadong returned from geonames.
2025-08-08 09:51:25,170 INFO 📄 Index 3 | Name: Dadong | fcl: P, fcode: PPL | ADM1: Hunan, ADM2: Prefecture of Chenzhou, ADM3: , ADM4:  | Score: 12.01, Population: 0 | Fuzzy match: 57.14285714285714
2025-08-08 09:51:25,307 INFO Comparing database entry: dadong district with Dadong returned from geonames.
2025-08-08 09:51:25,307 INFO 📄 Index 0 | Name: Dadong | fcl: P, fcode: PPL | ADM1: Guizhou, ADM2: Qiandongnan Miao and Dong Autonomous Prefecture, ADM3: , ADM4:  | Score: 12.10, Population: 0 | Fuzzy match: 57.14285714285714
2025-08-08 09:51:25,307 INFO Comparing database entry: dadong district with Dadong returned from geonames.
2025-08-08 09:51:25,307 INFO 📄 Index 1 | Name: Dadong | fcl: P, fcode: PPL | ADM1: Guizhou, ADM2: Qiandongnan Miao and Dong Autonomous Prefecture, ADM3: , ADM4:  | Score: 12.10, Population: 0 | Fuzzy match: 57.14285714285714
2025-08-08 09:51:25,307 INFO Comparing database entry: dadong district with Dadong returned from geonames.
2025-08-08 09:51:25,307 INFO 📄 Index 2 | Name: Dadong | fcl: P, fcode: PPL | ADM1: Hunan, ADM2: Prefecture of Chenzhou, ADM3: , ADM4:  | Score: 12.01, Population: 0 | Fuzzy match: 57.14285714285714
2025-08-08 09:51:25,307 INFO Comparing database entry: dadong district with Dadong returned from geonames.
2025-08-08 09:51:25,307 INFO 📄 Index 3 | Name: Dadong | fcl: P, fcode: PPL | ADM1: Hunan, ADM2: Prefecture of Chenzhou, ADM3: , ADM4:  | Score: 12.01, Population: 0 | Fuzzy match: 57.14285714285714
2025-08-08 09:51:25,465 INFO Comparing database entry: dadong district with Dadong returned from geonames.
2025-08-08 09:51:25,465 INFO 📄 Index 0 | Name: Dadong | fcl: P, fcode: PPL | ADM1: Guizhou, ADM2: Qiandongnan Miao and Dong Autonomous Prefecture, ADM3: , ADM4:  | Score: 12.10, Population: 0 | Fuzzy match: 57.14285714285714
2025-08-08 09:51:25,465 INFO Comparing database entry: dadong district with Dadong returned from geonames.
2025-08-08 09:51:25,465 INFO 📄 Index 1 | Name: Dadong | fcl: P, fcode: PPL | ADM1: Guizhou, ADM2: Qiandongnan Miao and Dong Autonomous Prefecture, ADM3: , ADM4:  | Score: 12.10, Population: 0 | Fuzzy match: 57.14285714285714
2025-08-08 09:51:25,465 INFO Comparing database entry: dadong district with Dadong returned from geonames.
2025-08-08 09:51:25,465 INFO 📄 Index 2 | Name: Dadong | fcl: P, fcode: PPL | ADM1: Hunan, ADM2: Prefecture of Chenzhou, ADM3: , ADM4:  | Score: 12.01, Population: 0 | Fuzzy match: 57.14285714285714
2025-08-08 09:51:25,465 INFO Comparing database entry: dadong district with Dadong returned from geonames.
2025-08-08 09:51:25,465 INFO 📄 Index 3 | Name: Dadong | fcl: P, fcode: PPL | ADM1: Hunan, ADM2: Prefecture of Chenzhou, ADM3: , ADM4:  | Score: 12.01, Population: 0 | Fuzzy match: 57.14285714285714
2025-08-08 09:51:25,466 WARNING ❌ No match found with fuzzy score > 80 for city: dadong district
2025-08-08 09:51:25,466 WARNING ❌ Lookup failed for city='dadong_district', iso2='CN'
