2025-08-08 11:36:02,895 INFO 🗺️ Starting GeoNames lookup for city='fujian_province', country='china'
2025-08-08 11:36:02,895 INFO 📍 Location is present in the following articles: [ObjectId('67f52a84981040986eab716b')]
2025-08-08 11:36:03,129 INFO Comparing database entry: fujian province with Fuzhou returned from geonames.
2025-08-08 11:36:03,129 INFO 📄 Index 0 | Name: Fuzhou | fcl: P, fcode: PPLA | ADM1: Fujian, ADM2: Fuzhou Shi, ADM3: , ADM4:  | Score: 58.86, Population: 3740000 | Fuzzy match: 28.57142857142857
2025-08-08 11:36:03,129 INFO Comparing database entry: fujian province with Fujian returned from geonames.
2025-08-08 11:36:03,129 INFO 📄 Index 1 | Name: Fujian | fcl: A, fcode: ADM1 | ADM1: Fujian, ADM2: , ADM3: , ADM4:  | Score: 52.65, Population: 41540086 | Fuzzy match: 57.14285714285714
2025-08-08 11:36:03,129 INFO Comparing database entry: fujian province with Xiamen returned from geonames.
2025-08-08 11:36:03,129 INFO 📄 Index 2 | Name: Xiamen | fcl: P, fcode: PPLA2 | ADM1: Fujian, ADM2: , ADM3: , ADM4:  | Score: 49.05, Population: 4617251 | Fuzzy match: 28.57142857142857
2025-08-08 11:36:03,129 INFO Comparing database entry: fujian province with Nanping Shi returned from geonames.
2025-08-08 11:36:03,129 INFO 📄 Index 3 | Name: Nanping Shi | fcl: A, fcode: ADM2 | ADM1: Fujian, ADM2: Nanping Shi, ADM3: , ADM4:  | Score: 41.65, Population: 0 | Fuzzy match: 38.46153846153846
2025-08-08 11:36:03,324 INFO Comparing database entry: fujian province with Fuzhou returned from geonames.
2025-08-08 11:36:03,324 INFO 📄 Index 0 | Name: Fuzhou | fcl: P, fcode: PPLA | ADM1: Fujian, ADM2: Fuzhou Shi, ADM3: , ADM4:  | Score: 58.86, Population: 3740000 | Fuzzy match: 28.57142857142857
2025-08-08 11:36:03,325 INFO Comparing database entry: fujian province with Fujian returned from geonames.
2025-08-08 11:36:03,325 INFO 📄 Index 1 | Name: Fujian | fcl: A, fcode: ADM1 | ADM1: Fujian, ADM2: , ADM3: , ADM4:  | Score: 52.65, Population: 41540086 | Fuzzy match: 57.14285714285714
2025-08-08 11:36:03,325 INFO Comparing database entry: fujian province with Xiamen returned from geonames.
2025-08-08 11:36:03,325 INFO 📄 Index 2 | Name: Xiamen | fcl: P, fcode: PPLA2 | ADM1: Fujian, ADM2: , ADM3: , ADM4:  | Score: 49.05, Population: 4617251 | Fuzzy match: 28.57142857142857
2025-08-08 11:36:03,325 INFO Comparing database entry: fujian province with Nanping Shi returned from geonames.
2025-08-08 11:36:03,325 INFO 📄 Index 3 | Name: Nanping Shi | fcl: A, fcode: ADM2 | ADM1: Fujian, ADM2: Nanping Shi, ADM3: , ADM4:  | Score: 41.65, Population: 0 | Fuzzy match: 38.46153846153846
2025-08-08 11:36:03,527 INFO Comparing database entry: fujian province with Fuzhou returned from geonames.
2025-08-08 11:36:03,527 INFO 📄 Index 0 | Name: Fuzhou | fcl: P, fcode: PPLA | ADM1: Fujian, ADM2: Fuzhou Shi, ADM3: , ADM4:  | Score: 58.86, Population: 3740000 | Fuzzy match: 28.57142857142857
2025-08-08 11:36:03,528 INFO Comparing database entry: fujian province with Fujian returned from geonames.
2025-08-08 11:36:03,528 INFO 📄 Index 1 | Name: Fujian | fcl: A, fcode: ADM1 | ADM1: Fujian, ADM2: , ADM3: , ADM4:  | Score: 52.65, Population: 41540086 | Fuzzy match: 57.14285714285714
2025-08-08 11:36:03,528 INFO Comparing database entry: fujian province with Xiamen returned from geonames.
2025-08-08 11:36:03,528 INFO 📄 Index 2 | Name: Xiamen | fcl: P, fcode: PPLA2 | ADM1: Fujian, ADM2: , ADM3: , ADM4:  | Score: 49.05, Population: 4617251 | Fuzzy match: 28.57142857142857
2025-08-08 11:36:03,528 INFO Comparing database entry: fujian province with Nanping Shi returned from geonames.
2025-08-08 11:36:03,528 INFO 📄 Index 3 | Name: Nanping Shi | fcl: A, fcode: ADM2 | ADM1: Fujian, ADM2: Nanping Shi, ADM3: , ADM4:  | Score: 41.65, Population: 0 | Fuzzy match: 38.46153846153846
2025-08-08 11:36:03,721 INFO Comparing database entry: fujian province with Fuzhou returned from geonames.
2025-08-08 11:36:03,722 INFO 📄 Index 0 | Name: Fuzhou | fcl: P, fcode: PPLA | ADM1: Fujian, ADM2: Fuzhou Shi, ADM3: , ADM4:  | Score: 58.86, Population: 3740000 | Fuzzy match: 28.57142857142857
2025-08-08 11:36:03,722 INFO Comparing database entry: fujian province with Fujian returned from geonames.
2025-08-08 11:36:03,722 INFO 📄 Index 1 | Name: Fujian | fcl: A, fcode: ADM1 | ADM1: Fujian, ADM2: , ADM3: , ADM4:  | Score: 52.65, Population: 41540086 | Fuzzy match: 57.14285714285714
2025-08-08 11:36:03,722 INFO Comparing database entry: fujian province with Xiamen returned from geonames.
2025-08-08 11:36:03,722 INFO 📄 Index 2 | Name: Xiamen | fcl: P, fcode: PPLA2 | ADM1: Fujian, ADM2: , ADM3: , ADM4:  | Score: 49.05, Population: 4617251 | Fuzzy match: 28.57142857142857
2025-08-08 11:36:03,722 INFO Comparing database entry: fujian province with Nanping Shi returned from geonames.
2025-08-08 11:36:03,722 INFO 📄 Index 3 | Name: Nanping Shi | fcl: A, fcode: ADM2 | ADM1: Fujian, ADM2: Nanping Shi, ADM3: , ADM4:  | Score: 41.65, Population: 0 | Fuzzy match: 38.46153846153846
2025-08-08 11:36:03,901 INFO Comparing database entry: fujian province with Fuzhou returned from geonames.
2025-08-08 11:36:03,902 INFO 📄 Index 0 | Name: Fuzhou | fcl: P, fcode: PPLA | ADM1: Fujian, ADM2: Fuzhou Shi, ADM3: , ADM4:  | Score: 58.86, Population: 3740000 | Fuzzy match: 28.57142857142857
2025-08-08 11:36:03,902 INFO Comparing database entry: fujian province with Fujian returned from geonames.
2025-08-08 11:36:03,902 INFO 📄 Index 1 | Name: Fujian | fcl: A, fcode: ADM1 | ADM1: Fujian, ADM2: , ADM3: , ADM4:  | Score: 52.65, Population: 41540086 | Fuzzy match: 57.14285714285714
2025-08-08 11:36:03,902 INFO Comparing database entry: fujian province with Xiamen returned from geonames.
2025-08-08 11:36:03,902 INFO 📄 Index 2 | Name: Xiamen | fcl: P, fcode: PPLA2 | ADM1: Fujian, ADM2: , ADM3: , ADM4:  | Score: 49.05, Population: 4617251 | Fuzzy match: 28.57142857142857
2025-08-08 11:36:03,902 INFO Comparing database entry: fujian province with Nanping Shi returned from geonames.
2025-08-08 11:36:03,902 INFO 📄 Index 3 | Name: Nanping Shi | fcl: A, fcode: ADM2 | ADM1: Fujian, ADM2: Nanping Shi, ADM3: , ADM4:  | Score: 41.65, Population: 0 | Fuzzy match: 38.46153846153846
2025-08-08 11:36:04,095 INFO Comparing database entry: fujian province with Fuzhou returned from geonames.
2025-08-08 11:36:04,095 INFO 📄 Index 0 | Name: Fuzhou | fcl: P, fcode: PPLA | ADM1: Fujian, ADM2: Fuzhou Shi, ADM3: , ADM4:  | Score: 58.86, Population: 3740000 | Fuzzy match: 28.57142857142857
2025-08-08 11:36:04,095 INFO Comparing database entry: fujian province with Fujian returned from geonames.
2025-08-08 11:36:04,095 INFO 📄 Index 1 | Name: Fujian | fcl: A, fcode: ADM1 | ADM1: Fujian, ADM2: , ADM3: , ADM4:  | Score: 52.65, Population: 41540086 | Fuzzy match: 57.14285714285714
2025-08-08 11:36:04,095 INFO Comparing database entry: fujian province with Xiamen returned from geonames.
2025-08-08 11:36:04,095 INFO 📄 Index 2 | Name: Xiamen | fcl: P, fcode: PPLA2 | ADM1: Fujian, ADM2: , ADM3: , ADM4:  | Score: 49.05, Population: 4617251 | Fuzzy match: 28.57142857142857
2025-08-08 11:36:04,095 INFO Comparing database entry: fujian province with Nanping Shi returned from geonames.
2025-08-08 11:36:04,095 INFO 📄 Index 3 | Name: Nanping Shi | fcl: A, fcode: ADM2 | ADM1: Fujian, ADM2: Nanping Shi, ADM3: , ADM4:  | Score: 41.65, Population: 0 | Fuzzy match: 38.46153846153846
2025-08-08 11:36:04,095 WARNING ❌ No match found with fuzzy score > 80 for city: fujian province
2025-08-08 11:36:04,096 WARNING ❌ Lookup failed for city='fujian_province', iso2='CN'
