2025-08-08 09:51:30,186 INFO 🗺️ Starting GeoNames lookup for city='henan_province', country='china'
2025-08-08 09:51:30,187 INFO 📍 Location is present in the following articles: [ObjectId('68719ec53a890264658cfe96')]
2025-08-08 09:51:30,427 INFO Comparing database entry: henan province with Zhengzhou returned from geonames.
2025-08-08 09:51:30,427 INFO 📄 Index 0 | Name: Zhengzhou | fcl: P, fcode: PPLA | ADM1: Henan, ADM2: Zhengzhou, ADM3: , ADM4:  | Score: 61.56, Population: 4253913 | Fuzzy match: 34.78260869565217
2025-08-08 09:51:30,427 INFO Comparing database entry: henan province with Henan returned from geonames.
2025-08-08 09:51:30,427 INFO 📄 Index 1 | Name: Henan | fcl: A, fcode: ADM1 | ADM1: Henan, ADM2: , ADM3: , ADM4:  | Score: 54.12, Population: 99365519 | Fuzzy match: 52.63157894736843
2025-08-08 09:51:30,427 INFO Comparing database entry: henan province with Xinyang returned from geonames.
2025-08-08 09:51:30,427 INFO 📄 Index 2 | Name: Xinyang | fcl: P, fcode: PPL | ADM1: Henan, ADM2: Xinxiang Shi, ADM3: , ADM4:  | Score: 48.48, Population: 1230042 | Fuzzy match: 28.57142857142857
2025-08-08 09:51:30,427 INFO Comparing database entry: henan province with Nanyang returned from geonames.
2025-08-08 09:51:30,428 INFO 📄 Index 3 | Name: Nanyang | fcl: P, fcode: PPLA2 | ADM1: Henan, ADM2: Nanyang Shi, ADM3: , ADM4:  | Score: 45.83, Population: 1811812 | Fuzzy match: 38.095238095238095
2025-08-08 09:51:30,568 INFO Comparing database entry: henan province with Zhengzhou returned from geonames.
2025-08-08 09:51:30,568 INFO 📄 Index 0 | Name: Zhengzhou | fcl: P, fcode: PPLA | ADM1: Henan, ADM2: Zhengzhou, ADM3: , ADM4:  | Score: 61.56, Population: 4253913 | Fuzzy match: 34.78260869565217
2025-08-08 09:51:30,568 INFO Comparing database entry: henan province with Henan returned from geonames.
2025-08-08 09:51:30,568 INFO 📄 Index 1 | Name: Henan | fcl: A, fcode: ADM1 | ADM1: Henan, ADM2: , ADM3: , ADM4:  | Score: 54.12, Population: 99365519 | Fuzzy match: 52.63157894736843
2025-08-08 09:51:30,568 INFO Comparing database entry: henan province with Xinyang returned from geonames.
2025-08-08 09:51:30,568 INFO 📄 Index 2 | Name: Xinyang | fcl: P, fcode: PPL | ADM1: Henan, ADM2: Xinxiang Shi, ADM3: , ADM4:  | Score: 48.48, Population: 1230042 | Fuzzy match: 28.57142857142857
2025-08-08 09:51:30,568 INFO Comparing database entry: henan province with Nanyang returned from geonames.
2025-08-08 09:51:30,568 INFO 📄 Index 3 | Name: Nanyang | fcl: P, fcode: PPLA2 | ADM1: Henan, ADM2: Nanyang Shi, ADM3: , ADM4:  | Score: 45.83, Population: 1811812 | Fuzzy match: 38.095238095238095
2025-08-08 09:51:30,722 INFO Comparing database entry: henan province with Zhengzhou returned from geonames.
2025-08-08 09:51:30,722 INFO 📄 Index 0 | Name: Zhengzhou | fcl: P, fcode: PPLA | ADM1: Henan, ADM2: Zhengzhou, ADM3: , ADM4:  | Score: 61.56, Population: 4253913 | Fuzzy match: 34.78260869565217
2025-08-08 09:51:30,723 INFO Comparing database entry: henan province with Henan returned from geonames.
2025-08-08 09:51:30,723 INFO 📄 Index 1 | Name: Henan | fcl: A, fcode: ADM1 | ADM1: Henan, ADM2: , ADM3: , ADM4:  | Score: 54.12, Population: 99365519 | Fuzzy match: 52.63157894736843
2025-08-08 09:51:30,723 INFO Comparing database entry: henan province with Xinyang returned from geonames.
2025-08-08 09:51:30,723 INFO 📄 Index 2 | Name: Xinyang | fcl: P, fcode: PPL | ADM1: Henan, ADM2: Xinxiang Shi, ADM3: , ADM4:  | Score: 48.48, Population: 1230042 | Fuzzy match: 28.57142857142857
2025-08-08 09:51:30,723 INFO Comparing database entry: henan province with Nanyang returned from geonames.
2025-08-08 09:51:30,723 INFO 📄 Index 3 | Name: Nanyang | fcl: P, fcode: PPLA2 | ADM1: Henan, ADM2: Nanyang Shi, ADM3: , ADM4:  | Score: 45.83, Population: 1811812 | Fuzzy match: 38.095238095238095
2025-08-08 09:51:30,882 INFO Comparing database entry: henan province with Zhengzhou returned from geonames.
2025-08-08 09:51:30,883 INFO 📄 Index 0 | Name: Zhengzhou | fcl: P, fcode: PPLA | ADM1: Henan, ADM2: Zhengzhou, ADM3: , ADM4:  | Score: 61.56, Population: 4253913 | Fuzzy match: 34.78260869565217
2025-08-08 09:51:30,883 INFO Comparing database entry: henan province with Henan returned from geonames.
2025-08-08 09:51:30,883 INFO 📄 Index 1 | Name: Henan | fcl: A, fcode: ADM1 | ADM1: Henan, ADM2: , ADM3: , ADM4:  | Score: 54.12, Population: 99365519 | Fuzzy match: 52.63157894736843
2025-08-08 09:51:30,883 INFO Comparing database entry: henan province with Xinyang returned from geonames.
2025-08-08 09:51:30,883 INFO 📄 Index 2 | Name: Xinyang | fcl: P, fcode: PPL | ADM1: Henan, ADM2: Xinxiang Shi, ADM3: , ADM4:  | Score: 48.48, Population: 1230042 | Fuzzy match: 28.57142857142857
2025-08-08 09:51:30,883 INFO Comparing database entry: henan province with Nanyang returned from geonames.
2025-08-08 09:51:30,883 INFO 📄 Index 3 | Name: Nanyang | fcl: P, fcode: PPLA2 | ADM1: Henan, ADM2: Nanyang Shi, ADM3: , ADM4:  | Score: 45.83, Population: 1811812 | Fuzzy match: 38.095238095238095
2025-08-08 09:51:31,043 INFO Comparing database entry: henan province with Zhengzhou returned from geonames.
2025-08-08 09:51:31,044 INFO 📄 Index 0 | Name: Zhengzhou | fcl: P, fcode: PPLA | ADM1: Henan, ADM2: Zhengzhou, ADM3: , ADM4:  | Score: 61.56, Population: 4253913 | Fuzzy match: 34.78260869565217
2025-08-08 09:51:31,044 INFO Comparing database entry: henan province with Henan returned from geonames.
2025-08-08 09:51:31,044 INFO 📄 Index 1 | Name: Henan | fcl: A, fcode: ADM1 | ADM1: Henan, ADM2: , ADM3: , ADM4:  | Score: 54.12, Population: 99365519 | Fuzzy match: 52.63157894736843
2025-08-08 09:51:31,044 INFO Comparing database entry: henan province with Xinyang returned from geonames.
2025-08-08 09:51:31,044 INFO 📄 Index 2 | Name: Xinyang | fcl: P, fcode: PPL | ADM1: Henan, ADM2: Xinxiang Shi, ADM3: , ADM4:  | Score: 48.48, Population: 1230042 | Fuzzy match: 28.57142857142857
2025-08-08 09:51:31,044 INFO Comparing database entry: henan province with Nanyang returned from geonames.
2025-08-08 09:51:31,044 INFO 📄 Index 3 | Name: Nanyang | fcl: P, fcode: PPLA2 | ADM1: Henan, ADM2: Nanyang Shi, ADM3: , ADM4:  | Score: 45.83, Population: 1811812 | Fuzzy match: 38.095238095238095
2025-08-08 09:51:31,208 INFO Comparing database entry: henan province with Zhengzhou returned from geonames.
2025-08-08 09:51:31,208 INFO 📄 Index 0 | Name: Zhengzhou | fcl: P, fcode: PPLA | ADM1: Henan, ADM2: Zhengzhou, ADM3: , ADM4:  | Score: 61.56, Population: 4253913 | Fuzzy match: 34.78260869565217
2025-08-08 09:51:31,208 INFO Comparing database entry: henan province with Henan returned from geonames.
2025-08-08 09:51:31,208 INFO 📄 Index 1 | Name: Henan | fcl: A, fcode: ADM1 | ADM1: Henan, ADM2: , ADM3: , ADM4:  | Score: 54.12, Population: 99365519 | Fuzzy match: 52.63157894736843
2025-08-08 09:51:31,208 INFO Comparing database entry: henan province with Xinyang returned from geonames.
2025-08-08 09:51:31,208 INFO 📄 Index 2 | Name: Xinyang | fcl: P, fcode: PPL | ADM1: Henan, ADM2: Xinxiang Shi, ADM3: , ADM4:  | Score: 48.48, Population: 1230042 | Fuzzy match: 28.57142857142857
2025-08-08 09:51:31,208 INFO Comparing database entry: henan province with Nanyang returned from geonames.
2025-08-08 09:51:31,208 INFO 📄 Index 3 | Name: Nanyang | fcl: P, fcode: PPLA2 | ADM1: Henan, ADM2: Nanyang Shi, ADM3: , ADM4:  | Score: 45.83, Population: 1811812 | Fuzzy match: 38.095238095238095
2025-08-08 09:51:31,208 WARNING ❌ No match found with fuzzy score > 80 for city: henan province
2025-08-08 09:51:31,209 WARNING ❌ Lookup failed for city='henan_province', iso2='CN'
