2025-08-08 11:38:24,721 INFO 🗺️ Starting GeoNames lookup for city='jiangsu_huaian', country='china'
2025-08-08 11:38:24,721 INFO 📍 Location is present in the following articles: [ObjectId('67f52af7981040986eab7334')]
2025-08-08 11:38:24,878 INFO Comparing database entry: jiangsu huai’an with Huai'an returned from geonames.
2025-08-08 11:38:24,878 INFO 📄 Index 0 | Name: Huai'an | fcl: P, fcode: PPL | ADM1: Jiangsu, ADM2: Huai’an Shi, ADM3: , ADM4:  | Score: 48.96, Population: 2494013 | Fuzzy match: 54.54545454545454
2025-08-08 11:38:24,878 INFO Comparing database entry: jiangsu huai’an with Huai’an Shi returned from geonames.
2025-08-08 11:38:24,878 INFO 📄 Index 1 | Name: Huai’an Shi | fcl: A, fcode: ADM2 | ADM1: Jiangsu, ADM2: Huai’an Shi, ADM3: , ADM4:  | Score: 33.89, Population: 4556230 | Fuzzy match: 69.23076923076923
2025-08-08 11:38:24,878 INFO Comparing database entry: jiangsu huai’an with Gaogou returned from geonames.
2025-08-08 11:38:24,878 INFO 📄 Index 2 | Name: Gaogou | fcl: P, fcode: PPLA4 | ADM1: Jiangsu, ADM2: Huai’an Shi, ADM3: , ADM4:  | Score: 27.48, Population: 56214 | Fuzzy match: 28.57142857142857
2025-08-08 11:38:24,878 INFO Comparing database entry: jiangsu huai’an with Jinhu Xian returned from geonames.
2025-08-08 11:38:24,878 INFO 📄 Index 3 | Name: Jinhu Xian | fcl: A, fcode: ADM3 | ADM1: Jiangsu, ADM2: Huai’an Shi, ADM3: Jinhu Xian, ADM4:  | Score: 22.36, Population: 321000 | Fuzzy match: 48.0
2025-08-08 11:38:25,014 INFO Comparing database entry: jiangsu huai’an with Huai'an returned from geonames.
2025-08-08 11:38:25,014 INFO 📄 Index 0 | Name: Huai'an | fcl: P, fcode: PPL | ADM1: Jiangsu, ADM2: Huai’an Shi, ADM3: , ADM4:  | Score: 48.96, Population: 2494013 | Fuzzy match: 54.54545454545454
2025-08-08 11:38:25,014 INFO Comparing database entry: jiangsu huai’an with Huai’an Shi returned from geonames.
2025-08-08 11:38:25,014 INFO 📄 Index 1 | Name: Huai’an Shi | fcl: A, fcode: ADM2 | ADM1: Jiangsu, ADM2: Huai’an Shi, ADM3: , ADM4:  | Score: 33.89, Population: 4556230 | Fuzzy match: 69.23076923076923
2025-08-08 11:38:25,014 INFO Comparing database entry: jiangsu huai’an with Gaogou returned from geonames.
2025-08-08 11:38:25,014 INFO 📄 Index 2 | Name: Gaogou | fcl: P, fcode: PPLA4 | ADM1: Jiangsu, ADM2: Huai’an Shi, ADM3: , ADM4:  | Score: 27.48, Population: 56214 | Fuzzy match: 28.57142857142857
2025-08-08 11:38:25,014 INFO Comparing database entry: jiangsu huai’an with Jinhu Xian returned from geonames.
2025-08-08 11:38:25,014 INFO 📄 Index 3 | Name: Jinhu Xian | fcl: A, fcode: ADM3 | ADM1: Jiangsu, ADM2: Huai’an Shi, ADM3: Jinhu Xian, ADM4:  | Score: 22.36, Population: 321000 | Fuzzy match: 48.0
2025-08-08 11:38:25,152 INFO Comparing database entry: jiangsu huai’an with Huai'an returned from geonames.
2025-08-08 11:38:25,153 INFO 📄 Index 0 | Name: Huai'an | fcl: P, fcode: PPL | ADM1: Jiangsu, ADM2: Huai’an Shi, ADM3: , ADM4:  | Score: 48.96, Population: 2494013 | Fuzzy match: 54.54545454545454
2025-08-08 11:38:25,153 INFO Comparing database entry: jiangsu huai’an with Huai’an Shi returned from geonames.
2025-08-08 11:38:25,153 INFO 📄 Index 1 | Name: Huai’an Shi | fcl: A, fcode: ADM2 | ADM1: Jiangsu, ADM2: Huai’an Shi, ADM3: , ADM4:  | Score: 33.89, Population: 4556230 | Fuzzy match: 69.23076923076923
2025-08-08 11:38:25,153 INFO Comparing database entry: jiangsu huai’an with Gaogou returned from geonames.
2025-08-08 11:38:25,153 INFO 📄 Index 2 | Name: Gaogou | fcl: P, fcode: PPLA4 | ADM1: Jiangsu, ADM2: Huai’an Shi, ADM3: , ADM4:  | Score: 27.48, Population: 56214 | Fuzzy match: 28.57142857142857
2025-08-08 11:38:25,153 INFO Comparing database entry: jiangsu huai’an with Jinhu Xian returned from geonames.
2025-08-08 11:38:25,153 INFO 📄 Index 3 | Name: Jinhu Xian | fcl: A, fcode: ADM3 | ADM1: Jiangsu, ADM2: Huai’an Shi, ADM3: Jinhu Xian, ADM4:  | Score: 22.36, Population: 321000 | Fuzzy match: 48.0
2025-08-08 11:38:25,293 INFO Comparing database entry: jiangsu huai’an with Huai'an returned from geonames.
2025-08-08 11:38:25,293 INFO 📄 Index 0 | Name: Huai'an | fcl: P, fcode: PPL | ADM1: Jiangsu, ADM2: Huai’an Shi, ADM3: , ADM4:  | Score: 48.96, Population: 2494013 | Fuzzy match: 54.54545454545454
2025-08-08 11:38:25,293 INFO Comparing database entry: jiangsu huai’an with Huai’an Shi returned from geonames.
2025-08-08 11:38:25,293 INFO 📄 Index 1 | Name: Huai’an Shi | fcl: A, fcode: ADM2 | ADM1: Jiangsu, ADM2: Huai’an Shi, ADM3: , ADM4:  | Score: 33.89, Population: 4556230 | Fuzzy match: 69.23076923076923
2025-08-08 11:38:25,293 INFO Comparing database entry: jiangsu huai’an with Gaogou returned from geonames.
2025-08-08 11:38:25,293 INFO 📄 Index 2 | Name: Gaogou | fcl: P, fcode: PPLA4 | ADM1: Jiangsu, ADM2: Huai’an Shi, ADM3: , ADM4:  | Score: 27.48, Population: 56214 | Fuzzy match: 28.57142857142857
2025-08-08 11:38:25,293 INFO Comparing database entry: jiangsu huai’an with Jinhu Xian returned from geonames.
2025-08-08 11:38:25,293 INFO 📄 Index 3 | Name: Jinhu Xian | fcl: A, fcode: ADM3 | ADM1: Jiangsu, ADM2: Huai’an Shi, ADM3: Jinhu Xian, ADM4:  | Score: 22.36, Population: 321000 | Fuzzy match: 48.0
2025-08-08 11:38:25,437 INFO Comparing database entry: jiangsu huai’an with Huai'an returned from geonames.
2025-08-08 11:38:25,438 INFO 📄 Index 0 | Name: Huai'an | fcl: P, fcode: PPL | ADM1: Jiangsu, ADM2: Huai’an Shi, ADM3: , ADM4:  | Score: 48.96, Population: 2494013 | Fuzzy match: 54.54545454545454
2025-08-08 11:38:25,438 INFO Comparing database entry: jiangsu huai’an with Huai’an Shi returned from geonames.
2025-08-08 11:38:25,438 INFO 📄 Index 1 | Name: Huai’an Shi | fcl: A, fcode: ADM2 | ADM1: Jiangsu, ADM2: Huai’an Shi, ADM3: , ADM4:  | Score: 33.89, Population: 4556230 | Fuzzy match: 69.23076923076923
2025-08-08 11:38:25,438 INFO Comparing database entry: jiangsu huai’an with Gaogou returned from geonames.
2025-08-08 11:38:25,438 INFO 📄 Index 2 | Name: Gaogou | fcl: P, fcode: PPLA4 | ADM1: Jiangsu, ADM2: Huai’an Shi, ADM3: , ADM4:  | Score: 27.48, Population: 56214 | Fuzzy match: 28.57142857142857
2025-08-08 11:38:25,438 INFO Comparing database entry: jiangsu huai’an with Jinhu Xian returned from geonames.
2025-08-08 11:38:25,438 INFO 📄 Index 3 | Name: Jinhu Xian | fcl: A, fcode: ADM3 | ADM1: Jiangsu, ADM2: Huai’an Shi, ADM3: Jinhu Xian, ADM4:  | Score: 22.36, Population: 321000 | Fuzzy match: 48.0
2025-08-08 11:38:25,591 INFO Comparing database entry: jiangsu huai’an with Huai'an returned from geonames.
2025-08-08 11:38:25,591 INFO 📄 Index 0 | Name: Huai'an | fcl: P, fcode: PPL | ADM1: Jiangsu, ADM2: Huai’an Shi, ADM3: , ADM4:  | Score: 48.96, Population: 2494013 | Fuzzy match: 54.54545454545454
2025-08-08 11:38:25,591 INFO Comparing database entry: jiangsu huai’an with Huai’an Shi returned from geonames.
2025-08-08 11:38:25,591 INFO 📄 Index 1 | Name: Huai’an Shi | fcl: A, fcode: ADM2 | ADM1: Jiangsu, ADM2: Huai’an Shi, ADM3: , ADM4:  | Score: 33.89, Population: 4556230 | Fuzzy match: 69.23076923076923
2025-08-08 11:38:25,591 INFO Comparing database entry: jiangsu huai’an with Gaogou returned from geonames.
2025-08-08 11:38:25,591 INFO 📄 Index 2 | Name: Gaogou | fcl: P, fcode: PPLA4 | ADM1: Jiangsu, ADM2: Huai’an Shi, ADM3: , ADM4:  | Score: 27.48, Population: 56214 | Fuzzy match: 28.57142857142857
2025-08-08 11:38:25,591 INFO Comparing database entry: jiangsu huai’an with Jinhu Xian returned from geonames.
2025-08-08 11:38:25,591 INFO 📄 Index 3 | Name: Jinhu Xian | fcl: A, fcode: ADM3 | ADM1: Jiangsu, ADM2: Huai’an Shi, ADM3: Jinhu Xian, ADM4:  | Score: 22.36, Population: 321000 | Fuzzy match: 48.0
2025-08-08 11:38:25,591 WARNING ❌ No match found with fuzzy score > 80 for city: jiangsu huai’an
2025-08-08 11:38:25,592 WARNING ❌ Lookup failed for city='jiangsu_huaian', iso2='CN'
