2025-08-08 09:51:32,328 INFO 🗺️ Starting GeoNames lookup for city='jinshan_shanghai', country='china'
2025-08-08 09:51:32,328 INFO 📍 Location is present in the following articles: [ObjectId('6840a244c202c40b602d3880')]
2025-08-08 09:51:32,486 INFO Comparing database entry: jinshan, shanghai with Jinshan Qu returned from geonames.
2025-08-08 09:51:32,486 INFO 📄 Index 0 | Name: Jinshan Qu | fcl: A, fcode: ADM3 | ADM1: Shanghai, ADM2: Shanghai Municipality, ADM3: Jinshan Qu, ADM4:  | Score: 30.55, Population: 0 | Fuzzy match: 59.25925925925925
2025-08-08 09:51:32,486 INFO Comparing database entry: jinshan, shanghai with Zhujing returned from geonames.
2025-08-08 09:51:32,486 INFO 📄 Index 1 | Name: Zhujing | fcl: P, fcode: PPLA4 | ADM1: Shanghai, ADM2: Shanghai Municipality, ADM3: , ADM4:  | Score: 18.00, Population: 0 | Fuzzy match: 33.333333333333336
2025-08-08 09:51:32,622 INFO Comparing database entry: jinshan, shanghai with Jinshan Qu returned from geonames.
2025-08-08 09:51:32,622 INFO 📄 Index 0 | Name: Jinshan Qu | fcl: A, fcode: ADM3 | ADM1: Shanghai, ADM2: Shanghai Municipality, ADM3: Jinshan Qu, ADM4:  | Score: 30.55, Population: 0 | Fuzzy match: 59.25925925925925
2025-08-08 09:51:32,622 INFO Comparing database entry: jinshan, shanghai with Zhujing returned from geonames.
2025-08-08 09:51:32,622 INFO 📄 Index 1 | Name: Zhujing | fcl: P, fcode: PPLA4 | ADM1: Shanghai, ADM2: Shanghai Municipality, ADM3: , ADM4:  | Score: 18.00, Population: 0 | Fuzzy match: 33.333333333333336
2025-08-08 09:51:32,753 INFO Comparing database entry: jinshan, shanghai with Jinshan Qu returned from geonames.
2025-08-08 09:51:32,753 INFO 📄 Index 0 | Name: Jinshan Qu | fcl: A, fcode: ADM3 | ADM1: Shanghai, ADM2: Shanghai Municipality, ADM3: Jinshan Qu, ADM4:  | Score: 30.55, Population: 0 | Fuzzy match: 59.25925925925925
2025-08-08 09:51:32,753 INFO Comparing database entry: jinshan, shanghai with Zhujing returned from geonames.
2025-08-08 09:51:32,753 INFO 📄 Index 1 | Name: Zhujing | fcl: P, fcode: PPLA4 | ADM1: Shanghai, ADM2: Shanghai Municipality, ADM3: , ADM4:  | Score: 18.00, Population: 0 | Fuzzy match: 33.333333333333336
2025-08-08 09:51:32,880 INFO Comparing database entry: jinshan, shanghai with Jinshan Qu returned from geonames.
2025-08-08 09:51:32,880 INFO 📄 Index 0 | Name: Jinshan Qu | fcl: A, fcode: ADM3 | ADM1: Shanghai, ADM2: Shanghai Municipality, ADM3: Jinshan Qu, ADM4:  | Score: 30.55, Population: 0 | Fuzzy match: 59.25925925925925
2025-08-08 09:51:32,880 INFO Comparing database entry: jinshan, shanghai with Zhujing returned from geonames.
2025-08-08 09:51:32,880 INFO 📄 Index 1 | Name: Zhujing | fcl: P, fcode: PPLA4 | ADM1: Shanghai, ADM2: Shanghai Municipality, ADM3: , ADM4:  | Score: 18.00, Population: 0 | Fuzzy match: 33.333333333333336
2025-08-08 09:51:33,041 INFO Comparing database entry: jinshan, shanghai with Jinshan Qu returned from geonames.
2025-08-08 09:51:33,041 INFO 📄 Index 0 | Name: Jinshan Qu | fcl: A, fcode: ADM3 | ADM1: Shanghai, ADM2: Shanghai Municipality, ADM3: Jinshan Qu, ADM4:  | Score: 30.55, Population: 0 | Fuzzy match: 59.25925925925925
2025-08-08 09:51:33,041 INFO Comparing database entry: jinshan, shanghai with Zhujing returned from geonames.
2025-08-08 09:51:33,041 INFO 📄 Index 1 | Name: Zhujing | fcl: P, fcode: PPLA4 | ADM1: Shanghai, ADM2: Shanghai Municipality, ADM3: , ADM4:  | Score: 18.00, Population: 0 | Fuzzy match: 33.333333333333336
2025-08-08 09:51:33,230 INFO Comparing database entry: jinshan, shanghai with Jinshan Qu returned from geonames.
2025-08-08 09:51:33,231 INFO 📄 Index 0 | Name: Jinshan Qu | fcl: A, fcode: ADM3 | ADM1: Shanghai, ADM2: Shanghai Municipality, ADM3: Jinshan Qu, ADM4:  | Score: 30.55, Population: 0 | Fuzzy match: 59.25925925925925
2025-08-08 09:51:33,231 INFO Comparing database entry: jinshan, shanghai with Zhujing returned from geonames.
2025-08-08 09:51:33,231 INFO 📄 Index 1 | Name: Zhujing | fcl: P, fcode: PPLA4 | ADM1: Shanghai, ADM2: Shanghai Municipality, ADM3: , ADM4:  | Score: 18.00, Population: 0 | Fuzzy match: 33.333333333333336
2025-08-08 09:51:33,231 WARNING ❌ No match found with fuzzy score > 80 for city: jinshan, shanghai
2025-08-08 09:51:33,231 WARNING ❌ Lookup failed for city='jinshan_shanghai', iso2='CN'
