2025-08-08 11:53:27,801 INFO 🗺️ Starting GeoNames lookup for city='jintan_changzhou', country='china'
2025-08-08 11:53:27,801 INFO 📍 Location is present in the following articles: [ObjectId('67f92122f431fddd61d55a13')]
2025-08-08 11:53:27,998 INFO Comparing database entry: jintan, changzhou with Jintan Shi returned from geonames.
2025-08-08 11:53:27,999 INFO 📄 Index 0 | Name: Jintan Shi | fcl: A, fcode: ADM3 | ADM1: Jiangsu, ADM2: Changzhou Shi, ADM3: Jintan Shi, ADM4:  | Score: 29.79, Population: 0 | Fuzzy match: 44.44444444444444
2025-08-08 11:53:27,999 INFO Comparing database entry: jintan, changzhou with Jintan returned from geonames.
2025-08-08 11:53:27,999 INFO 📄 Index 1 | Name: Jintan | fcl: P, fcode: PPL | ADM1: Jiangsu, ADM2: Changzhou Shi, ADM3: , ADM4:  | Score: 21.65, Population: 0 | Fuzzy match: 52.17391304347826
2025-08-08 11:53:28,000 INFO Comparing database entry: jintan, changzhou with Jincheng returned from geonames.
2025-08-08 11:53:28,000 INFO 📄 Index 2 | Name: Jincheng | fcl: P, fcode: PPLA3 | ADM1: Jiangsu, ADM2: Changzhou Shi, ADM3: , ADM4:  | Score: 12.92, Population: 0 | Fuzzy match: 31.999999999999996
2025-08-08 11:53:28,155 INFO Comparing database entry: jintan, changzhou with Jintan Shi returned from geonames.
2025-08-08 11:53:28,155 INFO 📄 Index 0 | Name: Jintan Shi | fcl: A, fcode: ADM3 | ADM1: Jiangsu, ADM2: Changzhou Shi, ADM3: Jintan Shi, ADM4:  | Score: 29.79, Population: 0 | Fuzzy match: 44.44444444444444
2025-08-08 11:53:28,155 INFO Comparing database entry: jintan, changzhou with Jintan returned from geonames.
2025-08-08 11:53:28,155 INFO 📄 Index 1 | Name: Jintan | fcl: P, fcode: PPL | ADM1: Jiangsu, ADM2: Changzhou Shi, ADM3: , ADM4:  | Score: 21.65, Population: 0 | Fuzzy match: 52.17391304347826
2025-08-08 11:53:28,155 INFO Comparing database entry: jintan, changzhou with Jincheng returned from geonames.
2025-08-08 11:53:28,155 INFO 📄 Index 2 | Name: Jincheng | fcl: P, fcode: PPLA3 | ADM1: Jiangsu, ADM2: Changzhou Shi, ADM3: , ADM4:  | Score: 12.92, Population: 0 | Fuzzy match: 31.999999999999996
2025-08-08 11:53:28,325 INFO Comparing database entry: jintan, changzhou with Jintan Shi returned from geonames.
2025-08-08 11:53:28,325 INFO 📄 Index 0 | Name: Jintan Shi | fcl: A, fcode: ADM3 | ADM1: Jiangsu, ADM2: Changzhou Shi, ADM3: Jintan Shi, ADM4:  | Score: 29.79, Population: 0 | Fuzzy match: 44.44444444444444
2025-08-08 11:53:28,325 INFO Comparing database entry: jintan, changzhou with Jintan returned from geonames.
2025-08-08 11:53:28,325 INFO 📄 Index 1 | Name: Jintan | fcl: P, fcode: PPL | ADM1: Jiangsu, ADM2: Changzhou Shi, ADM3: , ADM4:  | Score: 21.65, Population: 0 | Fuzzy match: 52.17391304347826
2025-08-08 11:53:28,325 INFO Comparing database entry: jintan, changzhou with Jincheng returned from geonames.
2025-08-08 11:53:28,325 INFO 📄 Index 2 | Name: Jincheng | fcl: P, fcode: PPLA3 | ADM1: Jiangsu, ADM2: Changzhou Shi, ADM3: , ADM4:  | Score: 12.92, Population: 0 | Fuzzy match: 31.999999999999996
2025-08-08 11:53:28,471 INFO Comparing database entry: jintan, changzhou with Jintan Shi returned from geonames.
2025-08-08 11:53:28,471 INFO 📄 Index 0 | Name: Jintan Shi | fcl: A, fcode: ADM3 | ADM1: Jiangsu, ADM2: Changzhou Shi, ADM3: Jintan Shi, ADM4:  | Score: 29.79, Population: 0 | Fuzzy match: 44.44444444444444
2025-08-08 11:53:28,471 INFO Comparing database entry: jintan, changzhou with Jintan returned from geonames.
2025-08-08 11:53:28,471 INFO 📄 Index 1 | Name: Jintan | fcl: P, fcode: PPL | ADM1: Jiangsu, ADM2: Changzhou Shi, ADM3: , ADM4:  | Score: 21.65, Population: 0 | Fuzzy match: 52.17391304347826
2025-08-08 11:53:28,471 INFO Comparing database entry: jintan, changzhou with Jincheng returned from geonames.
2025-08-08 11:53:28,471 INFO 📄 Index 2 | Name: Jincheng | fcl: P, fcode: PPLA3 | ADM1: Jiangsu, ADM2: Changzhou Shi, ADM3: , ADM4:  | Score: 12.92, Population: 0 | Fuzzy match: 31.999999999999996
2025-08-08 11:53:28,652 INFO Comparing database entry: jintan, changzhou with Jintan Shi returned from geonames.
2025-08-08 11:53:28,652 INFO 📄 Index 0 | Name: Jintan Shi | fcl: A, fcode: ADM3 | ADM1: Jiangsu, ADM2: Changzhou Shi, ADM3: Jintan Shi, ADM4:  | Score: 29.79, Population: 0 | Fuzzy match: 44.44444444444444
2025-08-08 11:53:28,652 INFO Comparing database entry: jintan, changzhou with Jintan returned from geonames.
2025-08-08 11:53:28,652 INFO 📄 Index 1 | Name: Jintan | fcl: P, fcode: PPL | ADM1: Jiangsu, ADM2: Changzhou Shi, ADM3: , ADM4:  | Score: 21.65, Population: 0 | Fuzzy match: 52.17391304347826
2025-08-08 11:53:28,652 INFO Comparing database entry: jintan, changzhou with Jincheng returned from geonames.
2025-08-08 11:53:28,652 INFO 📄 Index 2 | Name: Jincheng | fcl: P, fcode: PPLA3 | ADM1: Jiangsu, ADM2: Changzhou Shi, ADM3: , ADM4:  | Score: 12.92, Population: 0 | Fuzzy match: 31.999999999999996
2025-08-08 11:53:28,816 INFO Comparing database entry: jintan, changzhou with Jintan Shi returned from geonames.
2025-08-08 11:53:28,816 INFO 📄 Index 0 | Name: Jintan Shi | fcl: A, fcode: ADM3 | ADM1: Jiangsu, ADM2: Changzhou Shi, ADM3: Jintan Shi, ADM4:  | Score: 29.79, Population: 0 | Fuzzy match: 44.44444444444444
2025-08-08 11:53:28,816 INFO Comparing database entry: jintan, changzhou with Jintan returned from geonames.
2025-08-08 11:53:28,816 INFO 📄 Index 1 | Name: Jintan | fcl: P, fcode: PPL | ADM1: Jiangsu, ADM2: Changzhou Shi, ADM3: , ADM4:  | Score: 21.65, Population: 0 | Fuzzy match: 52.17391304347826
2025-08-08 11:53:28,816 INFO Comparing database entry: jintan, changzhou with Jincheng returned from geonames.
2025-08-08 11:53:28,816 INFO 📄 Index 2 | Name: Jincheng | fcl: P, fcode: PPLA3 | ADM1: Jiangsu, ADM2: Changzhou Shi, ADM3: , ADM4:  | Score: 12.92, Population: 0 | Fuzzy match: 31.999999999999996
2025-08-08 11:53:28,816 WARNING ❌ No match found with fuzzy score > 80 for city: jintan, changzhou
2025-08-08 11:53:28,816 WARNING ❌ Lookup failed for city='jintan_changzhou', iso2='CN'
