2025-08-08 11:46:02,473 INFO 🗺️ Starting GeoNames lookup for city='shangrao_jiangxi', country='china'
2025-08-08 11:46:02,473 INFO 📍 Location is present in the following articles: [ObjectId('67f52cd1981040986eab7a94')]
2025-08-08 11:46:03,290 INFO Comparing database entry: shangrao (jiangxi) with Shangrao returned from geonames.
2025-08-08 11:46:03,290 INFO 📄 Index 0 | Name: Shangrao | fcl: P, fcode: PPLA2 | ADM1: Jiangxi, ADM2: Shangrao Shi, ADM3: , ADM4:  | Score: 50.76, Population: 1116486 | Fuzzy match: 61.53846153846154
2025-08-08 11:46:03,290 INFO Comparing database entry: shangrao (jiangxi) with Shangrao Shi returned from geonames.
2025-08-08 11:46:03,290 INFO 📄 Index 1 | Name: Shangrao Shi | fcl: A, fcode: ADM2 | ADM1: Jiangxi, ADM2: Shangrao Shi, ADM3: , ADM4:  | Score: 47.75, Population: 0 | Fuzzy match: 53.333333333333336
2025-08-08 11:46:03,290 INFO Comparing database entry: shangrao (jiangxi) with Poyang returned from geonames.
2025-08-08 11:46:03,290 INFO 📄 Index 2 | Name: Poyang | fcl: P, fcode: PPLA3 | ADM1: Jiangxi, ADM2: Shangrao Shi, ADM3: , ADM4:  | Score: 28.73, Population: 70787 | Fuzzy match: 25.0
2025-08-08 11:46:03,290 INFO Comparing database entry: shangrao (jiangxi) with Shangrao Xian returned from geonames.
2025-08-08 11:46:03,290 INFO 📄 Index 3 | Name: Shangrao Xian | fcl: A, fcode: ADM3 | ADM1: Jiangxi, ADM2: Shangrao Shi, ADM3: Shangrao Xian, ADM4:  | Score: 24.68, Population: 0 | Fuzzy match: 51.61290322580645
2025-08-08 11:46:03,763 INFO Comparing database entry: shangrao (jiangxi) with Shangrao returned from geonames.
2025-08-08 11:46:03,763 INFO 📄 Index 0 | Name: Shangrao | fcl: P, fcode: PPLA2 | ADM1: Jiangxi, ADM2: Shangrao Shi, ADM3: , ADM4:  | Score: 50.76, Population: 1116486 | Fuzzy match: 61.53846153846154
2025-08-08 11:46:03,763 INFO Comparing database entry: shangrao (jiangxi) with Shangrao Shi returned from geonames.
2025-08-08 11:46:03,763 INFO 📄 Index 1 | Name: Shangrao Shi | fcl: A, fcode: ADM2 | ADM1: Jiangxi, ADM2: Shangrao Shi, ADM3: , ADM4:  | Score: 47.75, Population: 0 | Fuzzy match: 53.333333333333336
2025-08-08 11:46:03,763 INFO Comparing database entry: shangrao (jiangxi) with Poyang returned from geonames.
2025-08-08 11:46:03,763 INFO 📄 Index 2 | Name: Poyang | fcl: P, fcode: PPLA3 | ADM1: Jiangxi, ADM2: Shangrao Shi, ADM3: , ADM4:  | Score: 28.73, Population: 70787 | Fuzzy match: 25.0
2025-08-08 11:46:03,763 INFO Comparing database entry: shangrao (jiangxi) with Shangrao Xian returned from geonames.
2025-08-08 11:46:03,763 INFO 📄 Index 3 | Name: Shangrao Xian | fcl: A, fcode: ADM3 | ADM1: Jiangxi, ADM2: Shangrao Shi, ADM3: Shangrao Xian, ADM4:  | Score: 24.68, Population: 0 | Fuzzy match: 51.61290322580645
2025-08-08 11:46:04,170 INFO Comparing database entry: shangrao (jiangxi) with Shangrao returned from geonames.
2025-08-08 11:46:04,171 INFO 📄 Index 0 | Name: Shangrao | fcl: P, fcode: PPLA2 | ADM1: Jiangxi, ADM2: Shangrao Shi, ADM3: , ADM4:  | Score: 50.76, Population: 1116486 | Fuzzy match: 61.53846153846154
2025-08-08 11:46:04,171 INFO Comparing database entry: shangrao (jiangxi) with Shangrao Shi returned from geonames.
2025-08-08 11:46:04,171 INFO 📄 Index 1 | Name: Shangrao Shi | fcl: A, fcode: ADM2 | ADM1: Jiangxi, ADM2: Shangrao Shi, ADM3: , ADM4:  | Score: 47.75, Population: 0 | Fuzzy match: 53.333333333333336
2025-08-08 11:46:04,171 INFO Comparing database entry: shangrao (jiangxi) with Poyang returned from geonames.
2025-08-08 11:46:04,171 INFO 📄 Index 2 | Name: Poyang | fcl: P, fcode: PPLA3 | ADM1: Jiangxi, ADM2: Shangrao Shi, ADM3: , ADM4:  | Score: 28.73, Population: 70787 | Fuzzy match: 25.0
2025-08-08 11:46:04,171 INFO Comparing database entry: shangrao (jiangxi) with Shangrao Xian returned from geonames.
2025-08-08 11:46:04,171 INFO 📄 Index 3 | Name: Shangrao Xian | fcl: A, fcode: ADM3 | ADM1: Jiangxi, ADM2: Shangrao Shi, ADM3: Shangrao Xian, ADM4:  | Score: 24.68, Population: 0 | Fuzzy match: 51.61290322580645
2025-08-08 11:46:04,444 INFO Comparing database entry: shangrao (jiangxi) with Shangrao returned from geonames.
2025-08-08 11:46:04,445 INFO 📄 Index 0 | Name: Shangrao | fcl: P, fcode: PPLA2 | ADM1: Jiangxi, ADM2: Shangrao Shi, ADM3: , ADM4:  | Score: 50.76, Population: 1116486 | Fuzzy match: 61.53846153846154
2025-08-08 11:46:04,445 INFO Comparing database entry: shangrao (jiangxi) with Shangrao Shi returned from geonames.
2025-08-08 11:46:04,445 INFO 📄 Index 1 | Name: Shangrao Shi | fcl: A, fcode: ADM2 | ADM1: Jiangxi, ADM2: Shangrao Shi, ADM3: , ADM4:  | Score: 47.75, Population: 0 | Fuzzy match: 53.333333333333336
2025-08-08 11:46:04,445 INFO Comparing database entry: shangrao (jiangxi) with Poyang returned from geonames.
2025-08-08 11:46:04,445 INFO 📄 Index 2 | Name: Poyang | fcl: P, fcode: PPLA3 | ADM1: Jiangxi, ADM2: Shangrao Shi, ADM3: , ADM4:  | Score: 28.73, Population: 70787 | Fuzzy match: 25.0
2025-08-08 11:46:04,445 INFO Comparing database entry: shangrao (jiangxi) with Shangrao Xian returned from geonames.
2025-08-08 11:46:04,445 INFO 📄 Index 3 | Name: Shangrao Xian | fcl: A, fcode: ADM3 | ADM1: Jiangxi, ADM2: Shangrao Shi, ADM3: Shangrao Xian, ADM4:  | Score: 24.68, Population: 0 | Fuzzy match: 51.61290322580645
2025-08-08 11:46:04,607 INFO Comparing database entry: shangrao (jiangxi) with Shangrao returned from geonames.
2025-08-08 11:46:04,608 INFO 📄 Index 0 | Name: Shangrao | fcl: P, fcode: PPLA2 | ADM1: Jiangxi, ADM2: Shangrao Shi, ADM3: , ADM4:  | Score: 50.76, Population: 1116486 | Fuzzy match: 61.53846153846154
2025-08-08 11:46:04,608 INFO Comparing database entry: shangrao (jiangxi) with Shangrao Shi returned from geonames.
2025-08-08 11:46:04,608 INFO 📄 Index 1 | Name: Shangrao Shi | fcl: A, fcode: ADM2 | ADM1: Jiangxi, ADM2: Shangrao Shi, ADM3: , ADM4:  | Score: 47.75, Population: 0 | Fuzzy match: 53.333333333333336
2025-08-08 11:46:04,608 INFO Comparing database entry: shangrao (jiangxi) with Poyang returned from geonames.
2025-08-08 11:46:04,608 INFO 📄 Index 2 | Name: Poyang | fcl: P, fcode: PPLA3 | ADM1: Jiangxi, ADM2: Shangrao Shi, ADM3: , ADM4:  | Score: 28.73, Population: 70787 | Fuzzy match: 25.0
2025-08-08 11:46:04,608 INFO Comparing database entry: shangrao (jiangxi) with Shangrao Xian returned from geonames.
2025-08-08 11:46:04,608 INFO 📄 Index 3 | Name: Shangrao Xian | fcl: A, fcode: ADM3 | ADM1: Jiangxi, ADM2: Shangrao Shi, ADM3: Shangrao Xian, ADM4:  | Score: 24.68, Population: 0 | Fuzzy match: 51.61290322580645
2025-08-08 11:46:04,774 INFO Comparing database entry: shangrao (jiangxi) with Shangrao returned from geonames.
2025-08-08 11:46:04,774 INFO 📄 Index 0 | Name: Shangrao | fcl: P, fcode: PPLA2 | ADM1: Jiangxi, ADM2: Shangrao Shi, ADM3: , ADM4:  | Score: 50.76, Population: 1116486 | Fuzzy match: 61.53846153846154
2025-08-08 11:46:04,774 INFO Comparing database entry: shangrao (jiangxi) with Shangrao Shi returned from geonames.
2025-08-08 11:46:04,774 INFO 📄 Index 1 | Name: Shangrao Shi | fcl: A, fcode: ADM2 | ADM1: Jiangxi, ADM2: Shangrao Shi, ADM3: , ADM4:  | Score: 47.75, Population: 0 | Fuzzy match: 53.333333333333336
2025-08-08 11:46:04,774 INFO Comparing database entry: shangrao (jiangxi) with Poyang returned from geonames.
2025-08-08 11:46:04,774 INFO 📄 Index 2 | Name: Poyang | fcl: P, fcode: PPLA3 | ADM1: Jiangxi, ADM2: Shangrao Shi, ADM3: , ADM4:  | Score: 28.73, Population: 70787 | Fuzzy match: 25.0
2025-08-08 11:46:04,774 INFO Comparing database entry: shangrao (jiangxi) with Shangrao Xian returned from geonames.
2025-08-08 11:46:04,774 INFO 📄 Index 3 | Name: Shangrao Xian | fcl: A, fcode: ADM3 | ADM1: Jiangxi, ADM2: Shangrao Shi, ADM3: Shangrao Xian, ADM4:  | Score: 24.68, Population: 0 | Fuzzy match: 51.61290322580645
2025-08-08 11:46:04,774 WARNING ❌ No match found with fuzzy score > 80 for city: shangrao (jiangxi)
2025-08-08 11:46:04,774 WARNING ❌ Lookup failed for city='shangrao_jiangxi', iso2='CN'
