2025-08-08 11:38:26,031 INFO 🗺️ Starting GeoNames lookup for city='zhejiang_province', country='china'
2025-08-08 11:38:26,031 INFO 📍 Location is present in the following articles: [ObjectId('67f52b0c981040986eab7386')]
2025-08-08 11:38:26,314 INFO Comparing database entry: zhejiang province with Hangzhou returned from geonames.
2025-08-08 11:38:26,315 INFO 📄 Index 0 | Name: Hangzhou | fcl: P, fcode: PPLA | ADM1: Zhejiang, ADM2: Hangzhou Shi, ADM3: , ADM4:  | Score: 60.25, Population: 9236032 | Fuzzy match: 31.999999999999996
2025-08-08 11:38:26,315 INFO Comparing database entry: zhejiang province with Zhejiang returned from geonames.
2025-08-08 11:38:26,315 INFO 📄 Index 1 | Name: Zhejiang | fcl: A, fcode: ADM1 | ADM1: Zhejiang, ADM2: , ADM3: , ADM4:  | Score: 49.36, Population: 64567588 | Fuzzy match: 64.0
2025-08-08 11:38:26,315 INFO Comparing database entry: zhejiang province with Wenzhou returned from geonames.
2025-08-08 11:38:26,315 INFO 📄 Index 2 | Name: Wenzhou | fcl: P, fcode: PPLA3 | ADM1: Zhejiang, ADM2: Wenzhou Shi, ADM3: , ADM4:  | Score: 43.55, Population: 2650000 | Fuzzy match: 25.0
2025-08-08 11:38:26,315 INFO Comparing database entry: zhejiang province with Shaoxing returned from geonames.
2025-08-08 11:38:26,315 INFO 📄 Index 3 | Name: Shaoxing | fcl: P, fcode: PPLA3 | ADM1: Zhejiang, ADM2: Shaoxing Shi, ADM3: , ADM4:  | Score: 43.55, Population: 2300000 | Fuzzy match: 31.999999999999996
2025-08-08 11:38:26,474 INFO Comparing database entry: zhejiang province with Hangzhou returned from geonames.
2025-08-08 11:38:26,474 INFO 📄 Index 0 | Name: Hangzhou | fcl: P, fcode: PPLA | ADM1: Zhejiang, ADM2: Hangzhou Shi, ADM3: , ADM4:  | Score: 60.25, Population: 9236032 | Fuzzy match: 31.999999999999996
2025-08-08 11:38:26,474 INFO Comparing database entry: zhejiang province with Zhejiang returned from geonames.
2025-08-08 11:38:26,474 INFO 📄 Index 1 | Name: Zhejiang | fcl: A, fcode: ADM1 | ADM1: Zhejiang, ADM2: , ADM3: , ADM4:  | Score: 49.36, Population: 64567588 | Fuzzy match: 64.0
2025-08-08 11:38:26,474 INFO Comparing database entry: zhejiang province with Wenzhou returned from geonames.
2025-08-08 11:38:26,475 INFO 📄 Index 2 | Name: Wenzhou | fcl: P, fcode: PPLA3 | ADM1: Zhejiang, ADM2: Wenzhou Shi, ADM3: , ADM4:  | Score: 43.55, Population: 2650000 | Fuzzy match: 25.0
2025-08-08 11:38:26,475 INFO Comparing database entry: zhejiang province with Shaoxing returned from geonames.
2025-08-08 11:38:26,475 INFO 📄 Index 3 | Name: Shaoxing | fcl: P, fcode: PPLA3 | ADM1: Zhejiang, ADM2: Shaoxing Shi, ADM3: , ADM4:  | Score: 43.55, Population: 2300000 | Fuzzy match: 31.999999999999996
2025-08-08 11:38:26,633 INFO Comparing database entry: zhejiang province with Hangzhou returned from geonames.
2025-08-08 11:38:26,633 INFO 📄 Index 0 | Name: Hangzhou | fcl: P, fcode: PPLA | ADM1: Zhejiang, ADM2: Hangzhou Shi, ADM3: , ADM4:  | Score: 60.25, Population: 9236032 | Fuzzy match: 31.999999999999996
2025-08-08 11:38:26,633 INFO Comparing database entry: zhejiang province with Zhejiang returned from geonames.
2025-08-08 11:38:26,633 INFO 📄 Index 1 | Name: Zhejiang | fcl: A, fcode: ADM1 | ADM1: Zhejiang, ADM2: , ADM3: , ADM4:  | Score: 49.36, Population: 64567588 | Fuzzy match: 64.0
2025-08-08 11:38:26,633 INFO Comparing database entry: zhejiang province with Wenzhou returned from geonames.
2025-08-08 11:38:26,633 INFO 📄 Index 2 | Name: Wenzhou | fcl: P, fcode: PPLA3 | ADM1: Zhejiang, ADM2: Wenzhou Shi, ADM3: , ADM4:  | Score: 43.55, Population: 2650000 | Fuzzy match: 25.0
2025-08-08 11:38:26,633 INFO Comparing database entry: zhejiang province with Shaoxing returned from geonames.
2025-08-08 11:38:26,633 INFO 📄 Index 3 | Name: Shaoxing | fcl: P, fcode: PPLA3 | ADM1: Zhejiang, ADM2: Shaoxing Shi, ADM3: , ADM4:  | Score: 43.55, Population: 2300000 | Fuzzy match: 31.999999999999996
2025-08-08 11:38:26,789 INFO Comparing database entry: zhejiang province with Hangzhou returned from geonames.
2025-08-08 11:38:26,790 INFO 📄 Index 0 | Name: Hangzhou | fcl: P, fcode: PPLA | ADM1: Zhejiang, ADM2: Hangzhou Shi, ADM3: , ADM4:  | Score: 60.25, Population: 9236032 | Fuzzy match: 31.999999999999996
2025-08-08 11:38:26,790 INFO Comparing database entry: zhejiang province with Zhejiang returned from geonames.
2025-08-08 11:38:26,790 INFO 📄 Index 1 | Name: Zhejiang | fcl: A, fcode: ADM1 | ADM1: Zhejiang, ADM2: , ADM3: , ADM4:  | Score: 49.36, Population: 64567588 | Fuzzy match: 64.0
2025-08-08 11:38:26,790 INFO Comparing database entry: zhejiang province with Wenzhou returned from geonames.
2025-08-08 11:38:26,790 INFO 📄 Index 2 | Name: Wenzhou | fcl: P, fcode: PPLA3 | ADM1: Zhejiang, ADM2: Wenzhou Shi, ADM3: , ADM4:  | Score: 43.55, Population: 2650000 | Fuzzy match: 25.0
2025-08-08 11:38:26,790 INFO Comparing database entry: zhejiang province with Shaoxing returned from geonames.
2025-08-08 11:38:26,790 INFO 📄 Index 3 | Name: Shaoxing | fcl: P, fcode: PPLA3 | ADM1: Zhejiang, ADM2: Shaoxing Shi, ADM3: , ADM4:  | Score: 43.55, Population: 2300000 | Fuzzy match: 31.999999999999996
2025-08-08 11:38:26,957 INFO Comparing database entry: zhejiang province with Hangzhou returned from geonames.
2025-08-08 11:38:26,957 INFO 📄 Index 0 | Name: Hangzhou | fcl: P, fcode: PPLA | ADM1: Zhejiang, ADM2: Hangzhou Shi, ADM3: , ADM4:  | Score: 60.25, Population: 9236032 | Fuzzy match: 31.999999999999996
2025-08-08 11:38:26,957 INFO Comparing database entry: zhejiang province with Zhejiang returned from geonames.
2025-08-08 11:38:26,957 INFO 📄 Index 1 | Name: Zhejiang | fcl: A, fcode: ADM1 | ADM1: Zhejiang, ADM2: , ADM3: , ADM4:  | Score: 49.36, Population: 64567588 | Fuzzy match: 64.0
2025-08-08 11:38:26,957 INFO Comparing database entry: zhejiang province with Wenzhou returned from geonames.
2025-08-08 11:38:26,957 INFO 📄 Index 2 | Name: Wenzhou | fcl: P, fcode: PPLA3 | ADM1: Zhejiang, ADM2: Wenzhou Shi, ADM3: , ADM4:  | Score: 43.55, Population: 2650000 | Fuzzy match: 25.0
2025-08-08 11:38:26,957 INFO Comparing database entry: zhejiang province with Shaoxing returned from geonames.
2025-08-08 11:38:26,957 INFO 📄 Index 3 | Name: Shaoxing | fcl: P, fcode: PPLA3 | ADM1: Zhejiang, ADM2: Shaoxing Shi, ADM3: , ADM4:  | Score: 43.55, Population: 2300000 | Fuzzy match: 31.999999999999996
2025-08-08 11:38:27,103 INFO Comparing database entry: zhejiang province with Hangzhou returned from geonames.
2025-08-08 11:38:27,103 INFO 📄 Index 0 | Name: Hangzhou | fcl: P, fcode: PPLA | ADM1: Zhejiang, ADM2: Hangzhou Shi, ADM3: , ADM4:  | Score: 60.25, Population: 9236032 | Fuzzy match: 31.999999999999996
2025-08-08 11:38:27,104 INFO Comparing database entry: zhejiang province with Zhejiang returned from geonames.
2025-08-08 11:38:27,104 INFO 📄 Index 1 | Name: Zhejiang | fcl: A, fcode: ADM1 | ADM1: Zhejiang, ADM2: , ADM3: , ADM4:  | Score: 49.36, Population: 64567588 | Fuzzy match: 64.0
2025-08-08 11:38:27,104 INFO Comparing database entry: zhejiang province with Wenzhou returned from geonames.
2025-08-08 11:38:27,104 INFO 📄 Index 2 | Name: Wenzhou | fcl: P, fcode: PPLA3 | ADM1: Zhejiang, ADM2: Wenzhou Shi, ADM3: , ADM4:  | Score: 43.55, Population: 2650000 | Fuzzy match: 25.0
2025-08-08 11:38:27,104 INFO Comparing database entry: zhejiang province with Shaoxing returned from geonames.
2025-08-08 11:38:27,104 INFO 📄 Index 3 | Name: Shaoxing | fcl: P, fcode: PPLA3 | ADM1: Zhejiang, ADM2: Shaoxing Shi, ADM3: , ADM4:  | Score: 43.55, Population: 2300000 | Fuzzy match: 31.999999999999996
2025-08-08 11:38:27,104 WARNING ❌ No match found with fuzzy score > 80 for city: zhejiang province
2025-08-08 11:38:27,104 WARNING ❌ Lookup failed for city='zhejiang_province', iso2='CN'
