2025-10-02 14:02:38,509 INFO 🗺️ Starting GeoNames lookup for city='nisou', country='cyprus'
2025-10-02 14:02:38,509 INFO 📍 Location is present in the following articles: [ObjectId('67fa7ff8eaa4fb525afec62c')]
2025-10-02 14:02:38,670 INFO Comparing database entry: nisou with Nísou returned from geonames.
2025-10-02 14:02:38,670 INFO 📄 Index 0 | Name: Nísou | fcl: A, fcode: ADM2 | ADM1: Nicosia, ADM2: Nísou, ADM3: , ADM4:  | Latitude: 35.03459, Longitude: 33.3872 | Score: 57.33, Population: 0 | Fuzzy match: 80.0
2025-10-02 14:02:38,670 INFO Comparing database entry: nisou with Nísou returned from geonames.
2025-10-02 14:02:38,670 INFO 📄 Index 1 | Name: Nísou | fcl: P, fcode: PPL | ADM1: Nicosia, ADM2: Nísou, ADM3: , ADM4:  | Latitude: 35.02072, Longitude: 33.39346 | Score: 40.77, Population: 0 | Fuzzy match: 80.0
2025-10-02 14:02:38,851 INFO Comparing database entry: nisou with Nísou returned from geonames.
2025-10-02 14:02:38,851 INFO 📄 Index 0 | Name: Nísou | fcl: A, fcode: ADM2 | ADM1: Nicosia, ADM2: Nísou, ADM3: , ADM4:  | Latitude: 35.03459, Longitude: 33.3872 | Score: 57.33, Population: 0 | Fuzzy match: 80.0
2025-10-02 14:02:38,851 INFO Comparing database entry: nisou with Nísou returned from geonames.
2025-10-02 14:02:38,851 INFO 📄 Index 1 | Name: Nísou | fcl: P, fcode: PPL | ADM1: Nicosia, ADM2: Nísou, ADM3: , ADM4:  | Latitude: 35.02072, Longitude: 33.39346 | Score: 40.77, Population: 0 | Fuzzy match: 80.0
2025-10-02 14:02:39,009 INFO Comparing database entry: nisou with Nísou returned from geonames.
2025-10-02 14:02:39,009 INFO 📄 Index 0 | Name: Nísou | fcl: A, fcode: ADM2 | ADM1: Nicosia, ADM2: Nísou, ADM3: , ADM4:  | Latitude: 35.03459, Longitude: 33.3872 | Score: 57.33, Population: 0 | Fuzzy match: 80.0
2025-10-02 14:02:39,010 INFO Comparing database entry: nisou with Nísou returned from geonames.
2025-10-02 14:02:39,010 INFO 📄 Index 1 | Name: Nísou | fcl: P, fcode: PPL | ADM1: Nicosia, ADM2: Nísou, ADM3: , ADM4:  | Latitude: 35.02072, Longitude: 33.39346 | Score: 40.77, Population: 0 | Fuzzy match: 80.0
2025-10-02 14:02:39,153 INFO Comparing database entry: nisou with Nísou returned from geonames.
2025-10-02 14:02:39,153 INFO 📄 Index 0 | Name: Nísou | fcl: A, fcode: ADM2 | ADM1: Nicosia, ADM2: Nísou, ADM3: , ADM4:  | Latitude: 35.03459, Longitude: 33.3872 | Score: 57.33, Population: 0 | Fuzzy match: 80.0
2025-10-02 14:02:39,153 INFO Comparing database entry: nisou with Nísou returned from geonames.
2025-10-02 14:02:39,153 INFO 📄 Index 1 | Name: Nísou | fcl: P, fcode: PPL | ADM1: Nicosia, ADM2: Nísou, ADM3: , ADM4:  | Latitude: 35.02072, Longitude: 33.39346 | Score: 40.77, Population: 0 | Fuzzy match: 80.0
2025-10-02 14:02:39,322 INFO Comparing database entry: nisou with Nísou returned from geonames.
2025-10-02 14:02:39,322 INFO 📄 Index 0 | Name: Nísou | fcl: A, fcode: ADM2 | ADM1: Nicosia, ADM2: Nísou, ADM3: , ADM4:  | Latitude: 35.03459, Longitude: 33.3872 | Score: 57.33, Population: 0 | Fuzzy match: 80.0
2025-10-02 14:02:39,322 INFO Comparing database entry: nisou with Nísou returned from geonames.
2025-10-02 14:02:39,322 INFO 📄 Index 1 | Name: Nísou | fcl: P, fcode: PPL | ADM1: Nicosia, ADM2: Nísou, ADM3: , ADM4:  | Latitude: 35.02072, Longitude: 33.39346 | Score: 40.77, Population: 0 | Fuzzy match: 80.0
2025-10-02 14:02:39,520 INFO Comparing database entry: nisou with Nísou returned from geonames.
2025-10-02 14:02:39,521 INFO 📄 Index 0 | Name: Nísou | fcl: A, fcode: ADM2 | ADM1: Nicosia, ADM2: Nísou, ADM3: , ADM4:  | Latitude: 35.03459, Longitude: 33.3872 | Score: 57.33, Population: 0 | Fuzzy match: 80.0
2025-10-02 14:02:39,521 INFO Comparing database entry: nisou with Nísou returned from geonames.
2025-10-02 14:02:39,521 INFO 📄 Index 1 | Name: Nísou | fcl: P, fcode: PPL | ADM1: Nicosia, ADM2: Nísou, ADM3: , ADM4:  | Latitude: 35.02072, Longitude: 33.39346 | Score: 40.77, Population: 0 | Fuzzy match: 80.0
2025-10-02 14:02:39,521 WARNING ❌ No match found with fuzzy score > 80 for city: nisou
2025-10-02 14:02:39,521 WARNING ❌ Lookup failed for city='nisou', iso2='CY'
