2025-08-18 21:18:53,661 INFO 🗺️ Starting GeoNames lookup for city='czech republic', country='czech republic'
2025-08-18 21:18:53,661 INFO 📍 Location is present in the following articles: [ObjectId('67f92143f431fddd61d55a81')]
2025-08-18 21:18:53,884 INFO Comparing database entry: czech republic with Czechia returned from geonames.
2025-08-18 21:18:53,885 INFO 📄 Index 0 | Name: Czechia | fcl: A, fcode: PCLI | ADM1: , ADM2: , ADM3: , ADM4:  | Latitude: 49.75, Longitude: 15 | Score: 204.09, Population: 10625695 | Fuzzy match: 57.14285714285714
2025-08-18 21:18:53,885 INFO Comparing database entry: czech republic with Prague returned from geonames.
2025-08-18 21:18:53,885 INFO 📄 Index 1 | Name: Prague | fcl: P, fcode: PPLC | ADM1: Prague, ADM2: , ADM3: , ADM4:  | Latitude: 50.08804, Longitude: 14.42076 | Score: 193.89, Population: 1165581 | Fuzzy match: 19.999999999999996
2025-08-18 21:18:53,885 INFO Comparing database entry: czech republic with Brno returned from geonames.
2025-08-18 21:18:53,885 INFO 📄 Index 2 | Name: Brno | fcl: P, fcode: PPLA | ADM1: South Moravian, ADM2: Město Brno, ADM3: , ADM4:  | Latitude: 49.19522, Longitude: 16.60796 | Score: 151.61, Population: 379466 | Fuzzy match: 11.111111111111116
2025-08-18 21:18:53,885 INFO Comparing database entry: czech republic with Ostrava returned from geonames.
2025-08-18 21:18:53,885 INFO 📄 Index 3 | Name: Ostrava | fcl: P, fcode: PPLA | ADM1: Moravskoslezský, ADM2: Okres Ostrava-město, ADM3: Ostrava, ADM4:  | Latitude: 49.83465, Longitude: 18.28204 | Score: 135.34, Population: 279791 | Fuzzy match: 9.523809523809524
2025-08-18 21:18:54,111 INFO Comparing database entry: czech republic with Czechia returned from geonames.
2025-08-18 21:18:54,111 INFO 📄 Index 0 | Name: Czechia | fcl: A, fcode: PCLI | ADM1: , ADM2: , ADM3: , ADM4:  | Latitude: 49.75, Longitude: 15 | Score: 204.09, Population: 10625695 | Fuzzy match: 57.14285714285714
2025-08-18 21:18:54,111 INFO Comparing database entry: czech republic with Prague returned from geonames.
2025-08-18 21:18:54,111 INFO 📄 Index 1 | Name: Prague | fcl: P, fcode: PPLC | ADM1: Prague, ADM2: , ADM3: , ADM4:  | Latitude: 50.08804, Longitude: 14.42076 | Score: 193.89, Population: 1165581 | Fuzzy match: 19.999999999999996
2025-08-18 21:18:54,111 INFO Comparing database entry: czech republic with Brno returned from geonames.
2025-08-18 21:18:54,111 INFO 📄 Index 2 | Name: Brno | fcl: P, fcode: PPLA | ADM1: South Moravian, ADM2: Město Brno, ADM3: , ADM4:  | Latitude: 49.19522, Longitude: 16.60796 | Score: 151.61, Population: 379466 | Fuzzy match: 11.111111111111116
2025-08-18 21:18:54,111 INFO Comparing database entry: czech republic with Ostrava returned from geonames.
2025-08-18 21:18:54,111 INFO 📄 Index 3 | Name: Ostrava | fcl: P, fcode: PPLA | ADM1: Moravskoslezský, ADM2: Okres Ostrava-město, ADM3: Ostrava, ADM4:  | Latitude: 49.83465, Longitude: 18.28204 | Score: 135.34, Population: 279791 | Fuzzy match: 9.523809523809524
2025-08-18 21:18:54,324 INFO Comparing database entry: czech republic with Czechia returned from geonames.
2025-08-18 21:18:54,324 INFO 📄 Index 0 | Name: Czechia | fcl: A, fcode: PCLI | ADM1: , ADM2: , ADM3: , ADM4:  | Latitude: 49.75, Longitude: 15 | Score: 204.09, Population: 10625695 | Fuzzy match: 57.14285714285714
2025-08-18 21:18:54,324 INFO Comparing database entry: czech republic with Prague returned from geonames.
2025-08-18 21:18:54,324 INFO 📄 Index 1 | Name: Prague | fcl: P, fcode: PPLC | ADM1: Prague, ADM2: , ADM3: , ADM4:  | Latitude: 50.08804, Longitude: 14.42076 | Score: 193.89, Population: 1165581 | Fuzzy match: 19.999999999999996
2025-08-18 21:18:54,324 INFO Comparing database entry: czech republic with Brno returned from geonames.
2025-08-18 21:18:54,324 INFO 📄 Index 2 | Name: Brno | fcl: P, fcode: PPLA | ADM1: South Moravian, ADM2: Město Brno, ADM3: , ADM4:  | Latitude: 49.19522, Longitude: 16.60796 | Score: 151.61, Population: 379466 | Fuzzy match: 11.111111111111116
2025-08-18 21:18:54,324 INFO Comparing database entry: czech republic with Ostrava returned from geonames.
2025-08-18 21:18:54,325 INFO 📄 Index 3 | Name: Ostrava | fcl: P, fcode: PPLA | ADM1: Moravskoslezský, ADM2: Okres Ostrava-město, ADM3: Ostrava, ADM4:  | Latitude: 49.83465, Longitude: 18.28204 | Score: 135.34, Population: 279791 | Fuzzy match: 9.523809523809524
2025-08-18 21:18:54,555 INFO Comparing database entry: czech republic with Czechia returned from geonames.
2025-08-18 21:18:54,556 INFO 📄 Index 0 | Name: Czechia | fcl: A, fcode: PCLI | ADM1: , ADM2: , ADM3: , ADM4:  | Latitude: 49.75, Longitude: 15 | Score: 204.09, Population: 10625695 | Fuzzy match: 57.14285714285714
2025-08-18 21:18:54,556 INFO Comparing database entry: czech republic with Prague returned from geonames.
2025-08-18 21:18:54,556 INFO 📄 Index 1 | Name: Prague | fcl: P, fcode: PPLC | ADM1: Prague, ADM2: , ADM3: , ADM4:  | Latitude: 50.08804, Longitude: 14.42076 | Score: 193.89, Population: 1165581 | Fuzzy match: 19.999999999999996
2025-08-18 21:18:54,556 INFO Comparing database entry: czech republic with Brno returned from geonames.
2025-08-18 21:18:54,556 INFO 📄 Index 2 | Name: Brno | fcl: P, fcode: PPLA | ADM1: South Moravian, ADM2: Město Brno, ADM3: , ADM4:  | Latitude: 49.19522, Longitude: 16.60796 | Score: 151.61, Population: 379466 | Fuzzy match: 11.111111111111116
2025-08-18 21:18:54,556 INFO Comparing database entry: czech republic with Ostrava returned from geonames.
2025-08-18 21:18:54,556 INFO 📄 Index 3 | Name: Ostrava | fcl: P, fcode: PPLA | ADM1: Moravskoslezský, ADM2: Okres Ostrava-město, ADM3: Ostrava, ADM4:  | Latitude: 49.83465, Longitude: 18.28204 | Score: 135.34, Population: 279791 | Fuzzy match: 9.523809523809524
2025-08-18 21:18:54,783 INFO Comparing database entry: czech republic with Czechia returned from geonames.
2025-08-18 21:18:54,783 INFO 📄 Index 0 | Name: Czechia | fcl: A, fcode: PCLI | ADM1: , ADM2: , ADM3: , ADM4:  | Latitude: 49.75, Longitude: 15 | Score: 204.09, Population: 10625695 | Fuzzy match: 57.14285714285714
2025-08-18 21:18:54,783 INFO Comparing database entry: czech republic with Prague returned from geonames.
2025-08-18 21:18:54,783 INFO 📄 Index 1 | Name: Prague | fcl: P, fcode: PPLC | ADM1: Prague, ADM2: , ADM3: , ADM4:  | Latitude: 50.08804, Longitude: 14.42076 | Score: 193.89, Population: 1165581 | Fuzzy match: 19.999999999999996
2025-08-18 21:18:54,783 INFO Comparing database entry: czech republic with Brno returned from geonames.
2025-08-18 21:18:54,783 INFO 📄 Index 2 | Name: Brno | fcl: P, fcode: PPLA | ADM1: South Moravian, ADM2: Město Brno, ADM3: , ADM4:  | Latitude: 49.19522, Longitude: 16.60796 | Score: 151.61, Population: 379466 | Fuzzy match: 11.111111111111116
2025-08-18 21:18:54,783 INFO Comparing database entry: czech republic with Ostrava returned from geonames.
2025-08-18 21:18:54,783 INFO 📄 Index 3 | Name: Ostrava | fcl: P, fcode: PPLA | ADM1: Moravskoslezský, ADM2: Okres Ostrava-město, ADM3: Ostrava, ADM4:  | Latitude: 49.83465, Longitude: 18.28204 | Score: 135.34, Population: 279791 | Fuzzy match: 9.523809523809524
2025-08-18 21:18:54,983 INFO Comparing database entry: czech republic with Czechia returned from geonames.
2025-08-18 21:18:54,983 INFO 📄 Index 0 | Name: Czechia | fcl: A, fcode: PCLI | ADM1: , ADM2: , ADM3: , ADM4:  | Latitude: 49.75, Longitude: 15 | Score: 204.09, Population: 10625695 | Fuzzy match: 57.14285714285714
2025-08-18 21:18:54,983 INFO Comparing database entry: czech republic with Prague returned from geonames.
2025-08-18 21:18:54,983 INFO 📄 Index 1 | Name: Prague | fcl: P, fcode: PPLC | ADM1: Prague, ADM2: , ADM3: , ADM4:  | Latitude: 50.08804, Longitude: 14.42076 | Score: 193.89, Population: 1165581 | Fuzzy match: 19.999999999999996
2025-08-18 21:18:54,983 INFO Comparing database entry: czech republic with Brno returned from geonames.
2025-08-18 21:18:54,983 INFO 📄 Index 2 | Name: Brno | fcl: P, fcode: PPLA | ADM1: South Moravian, ADM2: Město Brno, ADM3: , ADM4:  | Latitude: 49.19522, Longitude: 16.60796 | Score: 151.61, Population: 379466 | Fuzzy match: 11.111111111111116
2025-08-18 21:18:54,983 INFO Comparing database entry: czech republic with Ostrava returned from geonames.
2025-08-18 21:18:54,983 INFO 📄 Index 3 | Name: Ostrava | fcl: P, fcode: PPLA | ADM1: Moravskoslezský, ADM2: Okres Ostrava-město, ADM3: Ostrava, ADM4:  | Latitude: 49.83465, Longitude: 18.28204 | Score: 135.34, Population: 279791 | Fuzzy match: 9.523809523809524
2025-08-18 21:18:54,983 WARNING ❌ No match found with fuzzy score > 80 for city: czech republic
2025-08-18 21:18:54,983 WARNING ❌ Lookup failed for city='czech_republic', iso2='CZ'
