2025-08-08 11:43:48,731 INFO 🗺️ Starting GeoNames lookup for city='jablonec', country='czech republic'
2025-08-08 11:43:48,731 INFO 📍 Location is present in the following articles: [ObjectId('67f52c27981040986eab77ec')]
2025-08-08 11:43:48,976 INFO Comparing database entry: jablonec with Jablonec nad Nisou returned from geonames.
2025-08-08 11:43:48,976 INFO 📄 Index 0 | Name: Jablonec nad Nisou | fcl: P, fcode: PPL | ADM1: Liberecký kraj, ADM2: Jablonec nad Nisou District, ADM3: Jablonec nad Nisou, ADM4:  | Score: 71.97, Population: 44878 | Fuzzy match: 61.53846153846154
2025-08-08 11:43:48,976 INFO Comparing database entry: jablonec with Jablonec nad Nisou District returned from geonames.
2025-08-08 11:43:48,976 INFO 📄 Index 1 | Name: Jablonec nad Nisou District | fcl: A, fcode: ADM2 | ADM1: Liberecký kraj, ADM2: Jablonec nad Nisou District, ADM3: , ADM4:  | Score: 58.15, Population: 90528 | Fuzzy match: 45.714285714285715
2025-08-08 11:43:48,976 INFO Comparing database entry: jablonec with Malá Skála returned from geonames.
2025-08-08 11:43:48,976 INFO 📄 Index 2 | Name: Malá Skála | fcl: P, fcode: PPL | ADM1: Liberecký kraj, ADM2: Jablonec nad Nisou District, ADM3: Malá Skála, ADM4:  | Score: 44.81, Population: 1067 | Fuzzy match: 22.22222222222222
2025-08-08 11:43:48,976 INFO Comparing database entry: jablonec with Lučany nad Nisou returned from geonames.
2025-08-08 11:43:48,976 INFO 📄 Index 3 | Name: Lučany nad Nisou | fcl: P, fcode: PPL | ADM1: Liberecký kraj, ADM2: Jablonec nad Nisou District, ADM3: Lučany nad Nisou, ADM4:  | Score: 44.81, Population: 1636 | Fuzzy match: 16.666666666666664
2025-08-08 11:43:49,138 INFO Comparing database entry: jablonec with Jablonec nad Nisou returned from geonames.
2025-08-08 11:43:49,138 INFO 📄 Index 0 | Name: Jablonec nad Nisou | fcl: P, fcode: PPL | ADM1: Liberecký kraj, ADM2: Jablonec nad Nisou District, ADM3: Jablonec nad Nisou, ADM4:  | Score: 71.97, Population: 44878 | Fuzzy match: 61.53846153846154
2025-08-08 11:43:49,138 INFO Comparing database entry: jablonec with Jablonec nad Nisou District returned from geonames.
2025-08-08 11:43:49,138 INFO 📄 Index 1 | Name: Jablonec nad Nisou District | fcl: A, fcode: ADM2 | ADM1: Liberecký kraj, ADM2: Jablonec nad Nisou District, ADM3: , ADM4:  | Score: 58.15, Population: 90528 | Fuzzy match: 45.714285714285715
2025-08-08 11:43:49,138 INFO Comparing database entry: jablonec with Malá Skála returned from geonames.
2025-08-08 11:43:49,138 INFO 📄 Index 2 | Name: Malá Skála | fcl: P, fcode: PPL | ADM1: Liberecký kraj, ADM2: Jablonec nad Nisou District, ADM3: Malá Skála, ADM4:  | Score: 44.81, Population: 1067 | Fuzzy match: 22.22222222222222
2025-08-08 11:43:49,138 INFO Comparing database entry: jablonec with Lučany nad Nisou returned from geonames.
2025-08-08 11:43:49,138 INFO 📄 Index 3 | Name: Lučany nad Nisou | fcl: P, fcode: PPL | ADM1: Liberecký kraj, ADM2: Jablonec nad Nisou District, ADM3: Lučany nad Nisou, ADM4:  | Score: 44.81, Population: 1636 | Fuzzy match: 16.666666666666664
2025-08-08 11:43:49,259 INFO Comparing database entry: jablonec with Jablonec nad Nisou returned from geonames.
2025-08-08 11:43:49,259 INFO 📄 Index 0 | Name: Jablonec nad Nisou | fcl: P, fcode: PPL | ADM1: Liberecký kraj, ADM2: Jablonec nad Nisou District, ADM3: Jablonec nad Nisou, ADM4:  | Score: 71.97, Population: 44878 | Fuzzy match: 61.53846153846154
2025-08-08 11:43:49,259 INFO Comparing database entry: jablonec with Jablonec nad Nisou District returned from geonames.
2025-08-08 11:43:49,259 INFO 📄 Index 1 | Name: Jablonec nad Nisou District | fcl: A, fcode: ADM2 | ADM1: Liberecký kraj, ADM2: Jablonec nad Nisou District, ADM3: , ADM4:  | Score: 58.15, Population: 90528 | Fuzzy match: 45.714285714285715
2025-08-08 11:43:49,260 INFO Comparing database entry: jablonec with Malá Skála returned from geonames.
2025-08-08 11:43:49,260 INFO 📄 Index 2 | Name: Malá Skála | fcl: P, fcode: PPL | ADM1: Liberecký kraj, ADM2: Jablonec nad Nisou District, ADM3: Malá Skála, ADM4:  | Score: 44.81, Population: 1067 | Fuzzy match: 22.22222222222222
2025-08-08 11:43:49,260 INFO Comparing database entry: jablonec with Lučany nad Nisou returned from geonames.
2025-08-08 11:43:49,260 INFO 📄 Index 3 | Name: Lučany nad Nisou | fcl: P, fcode: PPL | ADM1: Liberecký kraj, ADM2: Jablonec nad Nisou District, ADM3: Lučany nad Nisou, ADM4:  | Score: 44.81, Population: 1636 | Fuzzy match: 16.666666666666664
2025-08-08 11:43:49,397 INFO Comparing database entry: jablonec with Jablonec nad Nisou returned from geonames.
2025-08-08 11:43:49,397 INFO 📄 Index 0 | Name: Jablonec nad Nisou | fcl: P, fcode: PPL | ADM1: Liberecký kraj, ADM2: Jablonec nad Nisou District, ADM3: Jablonec nad Nisou, ADM4:  | Score: 71.97, Population: 44878 | Fuzzy match: 61.53846153846154
2025-08-08 11:43:49,397 INFO Comparing database entry: jablonec with Jablonec nad Nisou District returned from geonames.
2025-08-08 11:43:49,397 INFO 📄 Index 1 | Name: Jablonec nad Nisou District | fcl: A, fcode: ADM2 | ADM1: Liberecký kraj, ADM2: Jablonec nad Nisou District, ADM3: , ADM4:  | Score: 58.15, Population: 90528 | Fuzzy match: 45.714285714285715
2025-08-08 11:43:49,397 INFO Comparing database entry: jablonec with Malá Skála returned from geonames.
2025-08-08 11:43:49,397 INFO 📄 Index 2 | Name: Malá Skála | fcl: P, fcode: PPL | ADM1: Liberecký kraj, ADM2: Jablonec nad Nisou District, ADM3: Malá Skála, ADM4:  | Score: 44.81, Population: 1067 | Fuzzy match: 22.22222222222222
2025-08-08 11:43:49,397 INFO Comparing database entry: jablonec with Lučany nad Nisou returned from geonames.
2025-08-08 11:43:49,398 INFO 📄 Index 3 | Name: Lučany nad Nisou | fcl: P, fcode: PPL | ADM1: Liberecký kraj, ADM2: Jablonec nad Nisou District, ADM3: Lučany nad Nisou, ADM4:  | Score: 44.81, Population: 1636 | Fuzzy match: 16.666666666666664
2025-08-08 11:43:49,534 INFO Comparing database entry: jablonec with Jablonec nad Nisou returned from geonames.
2025-08-08 11:43:49,534 INFO 📄 Index 0 | Name: Jablonec nad Nisou | fcl: P, fcode: PPL | ADM1: Liberecký kraj, ADM2: Jablonec nad Nisou District, ADM3: Jablonec nad Nisou, ADM4:  | Score: 71.97, Population: 44878 | Fuzzy match: 61.53846153846154
2025-08-08 11:43:49,534 INFO Comparing database entry: jablonec with Jablonec nad Nisou District returned from geonames.
2025-08-08 11:43:49,534 INFO 📄 Index 1 | Name: Jablonec nad Nisou District | fcl: A, fcode: ADM2 | ADM1: Liberecký kraj, ADM2: Jablonec nad Nisou District, ADM3: , ADM4:  | Score: 58.15, Population: 90528 | Fuzzy match: 45.714285714285715
2025-08-08 11:43:49,534 INFO Comparing database entry: jablonec with Malá Skála returned from geonames.
2025-08-08 11:43:49,534 INFO 📄 Index 2 | Name: Malá Skála | fcl: P, fcode: PPL | ADM1: Liberecký kraj, ADM2: Jablonec nad Nisou District, ADM3: Malá Skála, ADM4:  | Score: 44.81, Population: 1067 | Fuzzy match: 22.22222222222222
2025-08-08 11:43:49,534 INFO Comparing database entry: jablonec with Lučany nad Nisou returned from geonames.
2025-08-08 11:43:49,534 INFO 📄 Index 3 | Name: Lučany nad Nisou | fcl: P, fcode: PPL | ADM1: Liberecký kraj, ADM2: Jablonec nad Nisou District, ADM3: Lučany nad Nisou, ADM4:  | Score: 44.81, Population: 1636 | Fuzzy match: 16.666666666666664
2025-08-08 11:43:49,701 INFO Comparing database entry: jablonec with Jablonec nad Nisou returned from geonames.
2025-08-08 11:43:49,702 INFO 📄 Index 0 | Name: Jablonec nad Nisou | fcl: P, fcode: PPL | ADM1: Liberecký kraj, ADM2: Jablonec nad Nisou District, ADM3: Jablonec nad Nisou, ADM4:  | Score: 71.97, Population: 44878 | Fuzzy match: 61.53846153846154
2025-08-08 11:43:49,702 INFO Comparing database entry: jablonec with Jablonec nad Nisou District returned from geonames.
2025-08-08 11:43:49,702 INFO 📄 Index 1 | Name: Jablonec nad Nisou District | fcl: A, fcode: ADM2 | ADM1: Liberecký kraj, ADM2: Jablonec nad Nisou District, ADM3: , ADM4:  | Score: 58.15, Population: 90528 | Fuzzy match: 45.714285714285715
2025-08-08 11:43:49,702 INFO Comparing database entry: jablonec with Malá Skála returned from geonames.
2025-08-08 11:43:49,702 INFO 📄 Index 2 | Name: Malá Skála | fcl: P, fcode: PPL | ADM1: Liberecký kraj, ADM2: Jablonec nad Nisou District, ADM3: Malá Skála, ADM4:  | Score: 44.81, Population: 1067 | Fuzzy match: 22.22222222222222
2025-08-08 11:43:49,702 INFO Comparing database entry: jablonec with Lučany nad Nisou returned from geonames.
2025-08-08 11:43:49,702 INFO 📄 Index 3 | Name: Lučany nad Nisou | fcl: P, fcode: PPL | ADM1: Liberecký kraj, ADM2: Jablonec nad Nisou District, ADM3: Lučany nad Nisou, ADM4:  | Score: 44.81, Population: 1636 | Fuzzy match: 16.666666666666664
2025-08-08 11:43:49,702 WARNING ❌ No match found with fuzzy score > 80 for city: jablonec
2025-08-08 11:43:49,703 WARNING ❌ Lookup failed for city='jablonec', iso2='CZ'
