2025-08-08 14:37:41,858 INFO 🗺️ Starting GeoNames lookup for city='kolin', country='czech republic'
2025-08-08 14:37:41,858 INFO 📍 Location is present in the following articles: [ObjectId('67f52b47981040986eab7472')]
2025-08-08 14:37:42,087 INFO Comparing database entry: kolin with Kolín returned from geonames.
2025-08-08 14:37:42,087 INFO 📄 Index 0 | Name: Kolín | fcl: P, fcode: PPL | ADM1: Central Bohemia, ADM2: Okres Kolín, ADM3: Kolín, ADM4:  | Score: 68.71, Population: 29690 | Fuzzy match: 80.0
2025-08-08 14:37:42,087 INFO Comparing database entry: kolin with Okres Kolín returned from geonames.
2025-08-08 14:37:42,087 INFO 📄 Index 1 | Name: Okres Kolín | fcl: A, fcode: ADM2 | ADM1: Central Bohemia, ADM2: Okres Kolín, ADM3: , ADM4:  | Score: 46.01, Population: 101604 | Fuzzy match: 50.0
2025-08-08 14:37:42,087 INFO Comparing database entry: kolin with Starý Kolín returned from geonames.
2025-08-08 14:37:42,087 INFO 📄 Index 2 | Name: Starý Kolín | fcl: P, fcode: PPL | ADM1: Central Bohemia, ADM2: Okres Kolín, ADM3: Starý Kolín, ADM4:  | Score: 36.11, Population: 1561 | Fuzzy match: 50.0
2025-08-08 14:37:42,088 INFO Comparing database entry: kolin with Cerhenice returned from geonames.
2025-08-08 14:37:42,088 INFO 📄 Index 3 | Name: Cerhenice | fcl: P, fcode: PPL | ADM1: Central Bohemia, ADM2: Okres Kolín, ADM3: Cerhenice, ADM4:  | Score: 33.54, Population: 1491 | Fuzzy match: 14.28571428571429
2025-08-08 14:37:42,258 INFO Comparing database entry: kolin with Kolín returned from geonames.
2025-08-08 14:37:42,258 INFO 📄 Index 0 | Name: Kolín | fcl: P, fcode: PPL | ADM1: Central Bohemia, ADM2: Okres Kolín, ADM3: Kolín, ADM4:  | Score: 68.71, Population: 29690 | Fuzzy match: 80.0
2025-08-08 14:37:42,258 INFO Comparing database entry: kolin with Okres Kolín returned from geonames.
2025-08-08 14:37:42,258 INFO 📄 Index 1 | Name: Okres Kolín | fcl: A, fcode: ADM2 | ADM1: Central Bohemia, ADM2: Okres Kolín, ADM3: , ADM4:  | Score: 46.01, Population: 101604 | Fuzzy match: 50.0
2025-08-08 14:37:42,258 INFO Comparing database entry: kolin with Starý Kolín returned from geonames.
2025-08-08 14:37:42,258 INFO 📄 Index 2 | Name: Starý Kolín | fcl: P, fcode: PPL | ADM1: Central Bohemia, ADM2: Okres Kolín, ADM3: Starý Kolín, ADM4:  | Score: 36.11, Population: 1561 | Fuzzy match: 50.0
2025-08-08 14:37:42,258 INFO Comparing database entry: kolin with Cerhenice returned from geonames.
2025-08-08 14:37:42,258 INFO 📄 Index 3 | Name: Cerhenice | fcl: P, fcode: PPL | ADM1: Central Bohemia, ADM2: Okres Kolín, ADM3: Cerhenice, ADM4:  | Score: 33.54, Population: 1491 | Fuzzy match: 14.28571428571429
2025-08-08 14:37:42,420 INFO Comparing database entry: kolin with Kolín returned from geonames.
2025-08-08 14:37:42,420 INFO 📄 Index 0 | Name: Kolín | fcl: P, fcode: PPL | ADM1: Central Bohemia, ADM2: Okres Kolín, ADM3: Kolín, ADM4:  | Score: 68.71, Population: 29690 | Fuzzy match: 80.0
2025-08-08 14:37:42,420 INFO Comparing database entry: kolin with Okres Kolín returned from geonames.
2025-08-08 14:37:42,420 INFO 📄 Index 1 | Name: Okres Kolín | fcl: A, fcode: ADM2 | ADM1: Central Bohemia, ADM2: Okres Kolín, ADM3: , ADM4:  | Score: 46.01, Population: 101604 | Fuzzy match: 50.0
2025-08-08 14:37:42,420 INFO Comparing database entry: kolin with Starý Kolín returned from geonames.
2025-08-08 14:37:42,420 INFO 📄 Index 2 | Name: Starý Kolín | fcl: P, fcode: PPL | ADM1: Central Bohemia, ADM2: Okres Kolín, ADM3: Starý Kolín, ADM4:  | Score: 36.11, Population: 1561 | Fuzzy match: 50.0
2025-08-08 14:37:42,420 INFO Comparing database entry: kolin with Cerhenice returned from geonames.
2025-08-08 14:37:42,420 INFO 📄 Index 3 | Name: Cerhenice | fcl: P, fcode: PPL | ADM1: Central Bohemia, ADM2: Okres Kolín, ADM3: Cerhenice, ADM4:  | Score: 33.54, Population: 1491 | Fuzzy match: 14.28571428571429
2025-08-08 14:37:42,559 INFO Comparing database entry: kolin with Kolín returned from geonames.
2025-08-08 14:37:42,559 INFO 📄 Index 0 | Name: Kolín | fcl: P, fcode: PPL | ADM1: Central Bohemia, ADM2: Okres Kolín, ADM3: Kolín, ADM4:  | Score: 68.71, Population: 29690 | Fuzzy match: 80.0
2025-08-08 14:37:42,559 INFO Comparing database entry: kolin with Okres Kolín returned from geonames.
2025-08-08 14:37:42,559 INFO 📄 Index 1 | Name: Okres Kolín | fcl: A, fcode: ADM2 | ADM1: Central Bohemia, ADM2: Okres Kolín, ADM3: , ADM4:  | Score: 46.01, Population: 101604 | Fuzzy match: 50.0
2025-08-08 14:37:42,559 INFO Comparing database entry: kolin with Starý Kolín returned from geonames.
2025-08-08 14:37:42,559 INFO 📄 Index 2 | Name: Starý Kolín | fcl: P, fcode: PPL | ADM1: Central Bohemia, ADM2: Okres Kolín, ADM3: Starý Kolín, ADM4:  | Score: 36.11, Population: 1561 | Fuzzy match: 50.0
2025-08-08 14:37:42,559 INFO Comparing database entry: kolin with Cerhenice returned from geonames.
2025-08-08 14:37:42,559 INFO 📄 Index 3 | Name: Cerhenice | fcl: P, fcode: PPL | ADM1: Central Bohemia, ADM2: Okres Kolín, ADM3: Cerhenice, ADM4:  | Score: 33.54, Population: 1491 | Fuzzy match: 14.28571428571429
2025-08-08 14:37:42,692 INFO Comparing database entry: kolin with Kolín returned from geonames.
2025-08-08 14:37:42,692 INFO 📄 Index 0 | Name: Kolín | fcl: P, fcode: PPL | ADM1: Central Bohemia, ADM2: Okres Kolín, ADM3: Kolín, ADM4:  | Score: 68.71, Population: 29690 | Fuzzy match: 80.0
2025-08-08 14:37:42,692 INFO Comparing database entry: kolin with Okres Kolín returned from geonames.
2025-08-08 14:37:42,692 INFO 📄 Index 1 | Name: Okres Kolín | fcl: A, fcode: ADM2 | ADM1: Central Bohemia, ADM2: Okres Kolín, ADM3: , ADM4:  | Score: 46.01, Population: 101604 | Fuzzy match: 50.0
2025-08-08 14:37:42,692 INFO Comparing database entry: kolin with Starý Kolín returned from geonames.
2025-08-08 14:37:42,692 INFO 📄 Index 2 | Name: Starý Kolín | fcl: P, fcode: PPL | ADM1: Central Bohemia, ADM2: Okres Kolín, ADM3: Starý Kolín, ADM4:  | Score: 36.11, Population: 1561 | Fuzzy match: 50.0
2025-08-08 14:37:42,692 INFO Comparing database entry: kolin with Cerhenice returned from geonames.
2025-08-08 14:37:42,692 INFO 📄 Index 3 | Name: Cerhenice | fcl: P, fcode: PPL | ADM1: Central Bohemia, ADM2: Okres Kolín, ADM3: Cerhenice, ADM4:  | Score: 33.54, Population: 1491 | Fuzzy match: 14.28571428571429
2025-08-08 14:37:42,853 INFO Comparing database entry: kolin with Kolín returned from geonames.
2025-08-08 14:37:42,853 INFO 📄 Index 0 | Name: Kolín | fcl: P, fcode: PPL | ADM1: Central Bohemia, ADM2: Okres Kolín, ADM3: Kolín, ADM4:  | Score: 68.71, Population: 29690 | Fuzzy match: 80.0
2025-08-08 14:37:42,853 INFO Comparing database entry: kolin with Okres Kolín returned from geonames.
2025-08-08 14:37:42,853 INFO 📄 Index 1 | Name: Okres Kolín | fcl: A, fcode: ADM2 | ADM1: Central Bohemia, ADM2: Okres Kolín, ADM3: , ADM4:  | Score: 46.01, Population: 101604 | Fuzzy match: 50.0
2025-08-08 14:37:42,853 INFO Comparing database entry: kolin with Starý Kolín returned from geonames.
2025-08-08 14:37:42,853 INFO 📄 Index 2 | Name: Starý Kolín | fcl: P, fcode: PPL | ADM1: Central Bohemia, ADM2: Okres Kolín, ADM3: Starý Kolín, ADM4:  | Score: 36.11, Population: 1561 | Fuzzy match: 50.0
2025-08-08 14:37:42,854 INFO Comparing database entry: kolin with Cerhenice returned from geonames.
2025-08-08 14:37:42,854 INFO 📄 Index 3 | Name: Cerhenice | fcl: P, fcode: PPL | ADM1: Central Bohemia, ADM2: Okres Kolín, ADM3: Cerhenice, ADM4:  | Score: 33.54, Population: 1491 | Fuzzy match: 14.28571428571429
2025-08-08 14:37:42,854 WARNING ❌ No match found with fuzzy score > 80 for city: kolin
2025-08-08 14:37:42,854 WARNING ❌ Lookup failed for city='kolin', iso2='CZ'
