2025-08-18 15:59:30,077 INFO 🗺️ Starting GeoNames lookup for city='south bohemia', country='czech republic'
2025-08-18 15:59:30,078 INFO 📍 Location is present in the following articles: [ObjectId('67fbf6ad94b7f855cfea6d78')]
2025-08-18 15:59:30,252 INFO Comparing database entry: south bohemia with České Budějovice returned from geonames.
2025-08-18 15:59:30,252 INFO 📄 Index 0 | Name: České Budějovice | fcl: P, fcode: PPLA | ADM1: Jihočeský kraj, ADM2: České Budějovice District, ADM3: České Budějovice, ADM4:  | Score: 114.62, Population: 93426 | Fuzzy match: 34.48275862068966
2025-08-18 15:59:30,252 INFO Comparing database entry: south bohemia with Jihočeský kraj returned from geonames.
2025-08-18 15:59:30,253 INFO 📄 Index 1 | Name: Jihočeský kraj | fcl: A, fcode: ADM1 | ADM1: Jihočeský kraj, ADM2: , ADM3: , ADM4:  | Score: 68.18, Population: 642133 | Fuzzy match: 22.22222222222222
2025-08-18 15:59:30,253 INFO Comparing database entry: south bohemia with Tábor returned from geonames.
2025-08-18 15:59:30,253 INFO 📄 Index 2 | Name: Tábor | fcl: P, fcode: PPL | ADM1: Jihočeský kraj, ADM2: Tábor District, ADM3: Tábor, ADM4:  | Score: 59.58, Population: 36264 | Fuzzy match: 22.22222222222222
2025-08-18 15:59:30,253 INFO Comparing database entry: south bohemia with Český Krumlov returned from geonames.
2025-08-18 15:59:30,253 INFO 📄 Index 3 | Name: Český Krumlov | fcl: P, fcode: PPL | ADM1: Jihočeský kraj, ADM2: Cesky Krumlov, ADM3: Český Krumlov, ADM4:  | Score: 57.31, Population: 14146 | Fuzzy match: 23.076923076923073
2025-08-18 15:59:30,622 INFO Comparing database entry: south bohemia with České Budějovice returned from geonames.
2025-08-18 15:59:30,622 INFO 📄 Index 0 | Name: České Budějovice | fcl: P, fcode: PPLA | ADM1: Jihočeský kraj, ADM2: České Budějovice District, ADM3: České Budějovice, ADM4:  | Score: 114.62, Population: 93426 | Fuzzy match: 34.48275862068966
2025-08-18 15:59:30,622 INFO Comparing database entry: south bohemia with Jihočeský kraj returned from geonames.
2025-08-18 15:59:30,622 INFO 📄 Index 1 | Name: Jihočeský kraj | fcl: A, fcode: ADM1 | ADM1: Jihočeský kraj, ADM2: , ADM3: , ADM4:  | Score: 68.18, Population: 642133 | Fuzzy match: 22.22222222222222
2025-08-18 15:59:30,622 INFO Comparing database entry: south bohemia with Tábor returned from geonames.
2025-08-18 15:59:30,622 INFO 📄 Index 2 | Name: Tábor | fcl: P, fcode: PPL | ADM1: Jihočeský kraj, ADM2: Tábor District, ADM3: Tábor, ADM4:  | Score: 59.58, Population: 36264 | Fuzzy match: 22.22222222222222
2025-08-18 15:59:30,623 INFO Comparing database entry: south bohemia with Český Krumlov returned from geonames.
2025-08-18 15:59:30,623 INFO 📄 Index 3 | Name: Český Krumlov | fcl: P, fcode: PPL | ADM1: Jihočeský kraj, ADM2: Cesky Krumlov, ADM3: Český Krumlov, ADM4:  | Score: 57.31, Population: 14146 | Fuzzy match: 23.076923076923073
2025-08-18 15:59:30,832 INFO Comparing database entry: south bohemia with České Budějovice returned from geonames.
2025-08-18 15:59:30,832 INFO 📄 Index 0 | Name: České Budějovice | fcl: P, fcode: PPLA | ADM1: Jihočeský kraj, ADM2: České Budějovice District, ADM3: České Budějovice, ADM4:  | Score: 114.62, Population: 93426 | Fuzzy match: 34.48275862068966
2025-08-18 15:59:30,832 INFO Comparing database entry: south bohemia with Jihočeský kraj returned from geonames.
2025-08-18 15:59:30,833 INFO 📄 Index 1 | Name: Jihočeský kraj | fcl: A, fcode: ADM1 | ADM1: Jihočeský kraj, ADM2: , ADM3: , ADM4:  | Score: 68.18, Population: 642133 | Fuzzy match: 22.22222222222222
2025-08-18 15:59:30,833 INFO Comparing database entry: south bohemia with Tábor returned from geonames.
2025-08-18 15:59:30,833 INFO 📄 Index 2 | Name: Tábor | fcl: P, fcode: PPL | ADM1: Jihočeský kraj, ADM2: Tábor District, ADM3: Tábor, ADM4:  | Score: 59.58, Population: 36264 | Fuzzy match: 22.22222222222222
2025-08-18 15:59:30,833 INFO Comparing database entry: south bohemia with Český Krumlov returned from geonames.
2025-08-18 15:59:30,833 INFO 📄 Index 3 | Name: Český Krumlov | fcl: P, fcode: PPL | ADM1: Jihočeský kraj, ADM2: Cesky Krumlov, ADM3: Český Krumlov, ADM4:  | Score: 57.31, Population: 14146 | Fuzzy match: 23.076923076923073
2025-08-18 15:59:31,008 INFO Comparing database entry: south bohemia with České Budějovice returned from geonames.
2025-08-18 15:59:31,008 INFO 📄 Index 0 | Name: České Budějovice | fcl: P, fcode: PPLA | ADM1: Jihočeský kraj, ADM2: České Budějovice District, ADM3: České Budějovice, ADM4:  | Score: 114.62, Population: 93426 | Fuzzy match: 34.48275862068966
2025-08-18 15:59:31,008 INFO Comparing database entry: south bohemia with Jihočeský kraj returned from geonames.
2025-08-18 15:59:31,008 INFO 📄 Index 1 | Name: Jihočeský kraj | fcl: A, fcode: ADM1 | ADM1: Jihočeský kraj, ADM2: , ADM3: , ADM4:  | Score: 68.18, Population: 642133 | Fuzzy match: 22.22222222222222
2025-08-18 15:59:31,008 INFO Comparing database entry: south bohemia with Tábor returned from geonames.
2025-08-18 15:59:31,008 INFO 📄 Index 2 | Name: Tábor | fcl: P, fcode: PPL | ADM1: Jihočeský kraj, ADM2: Tábor District, ADM3: Tábor, ADM4:  | Score: 59.58, Population: 36264 | Fuzzy match: 22.22222222222222
2025-08-18 15:59:31,008 INFO Comparing database entry: south bohemia with Český Krumlov returned from geonames.
2025-08-18 15:59:31,008 INFO 📄 Index 3 | Name: Český Krumlov | fcl: P, fcode: PPL | ADM1: Jihočeský kraj, ADM2: Cesky Krumlov, ADM3: Český Krumlov, ADM4:  | Score: 57.31, Population: 14146 | Fuzzy match: 23.076923076923073
2025-08-18 15:59:31,167 INFO Comparing database entry: south bohemia with České Budějovice returned from geonames.
2025-08-18 15:59:31,167 INFO 📄 Index 0 | Name: České Budějovice | fcl: P, fcode: PPLA | ADM1: Jihočeský kraj, ADM2: České Budějovice District, ADM3: České Budějovice, ADM4:  | Score: 114.62, Population: 93426 | Fuzzy match: 34.48275862068966
2025-08-18 15:59:31,167 INFO Comparing database entry: south bohemia with Jihočeský kraj returned from geonames.
2025-08-18 15:59:31,167 INFO 📄 Index 1 | Name: Jihočeský kraj | fcl: A, fcode: ADM1 | ADM1: Jihočeský kraj, ADM2: , ADM3: , ADM4:  | Score: 68.18, Population: 642133 | Fuzzy match: 22.22222222222222
2025-08-18 15:59:31,167 INFO Comparing database entry: south bohemia with Tábor returned from geonames.
2025-08-18 15:59:31,167 INFO 📄 Index 2 | Name: Tábor | fcl: P, fcode: PPL | ADM1: Jihočeský kraj, ADM2: Tábor District, ADM3: Tábor, ADM4:  | Score: 59.58, Population: 36264 | Fuzzy match: 22.22222222222222
2025-08-18 15:59:31,167 INFO Comparing database entry: south bohemia with Český Krumlov returned from geonames.
2025-08-18 15:59:31,167 INFO 📄 Index 3 | Name: Český Krumlov | fcl: P, fcode: PPL | ADM1: Jihočeský kraj, ADM2: Cesky Krumlov, ADM3: Český Krumlov, ADM4:  | Score: 57.31, Population: 14146 | Fuzzy match: 23.076923076923073
2025-08-18 15:59:31,327 INFO Comparing database entry: south bohemia with České Budějovice returned from geonames.
2025-08-18 15:59:31,327 INFO 📄 Index 0 | Name: České Budějovice | fcl: P, fcode: PPLA | ADM1: Jihočeský kraj, ADM2: České Budějovice District, ADM3: České Budějovice, ADM4:  | Score: 114.62, Population: 93426 | Fuzzy match: 34.48275862068966
2025-08-18 15:59:31,327 INFO Comparing database entry: south bohemia with Jihočeský kraj returned from geonames.
2025-08-18 15:59:31,327 INFO 📄 Index 1 | Name: Jihočeský kraj | fcl: A, fcode: ADM1 | ADM1: Jihočeský kraj, ADM2: , ADM3: , ADM4:  | Score: 68.18, Population: 642133 | Fuzzy match: 22.22222222222222
2025-08-18 15:59:31,327 INFO Comparing database entry: south bohemia with Tábor returned from geonames.
2025-08-18 15:59:31,327 INFO 📄 Index 2 | Name: Tábor | fcl: P, fcode: PPL | ADM1: Jihočeský kraj, ADM2: Tábor District, ADM3: Tábor, ADM4:  | Score: 59.58, Population: 36264 | Fuzzy match: 22.22222222222222
2025-08-18 15:59:31,327 INFO Comparing database entry: south bohemia with Český Krumlov returned from geonames.
2025-08-18 15:59:31,327 INFO 📄 Index 3 | Name: Český Krumlov | fcl: P, fcode: PPL | ADM1: Jihočeský kraj, ADM2: Cesky Krumlov, ADM3: Český Krumlov, ADM4:  | Score: 57.31, Population: 14146 | Fuzzy match: 23.076923076923073
2025-08-18 15:59:31,327 WARNING ❌ No match found with fuzzy score > 80 for city: south bohemia
2025-08-18 15:59:31,328 WARNING ❌ Lookup failed for city='south_bohemia', iso2='CZ'
