2025-08-22 15:18:34,317 INFO 🗺️ Starting GeoNames lookup for city='velke mezirici', country='czech republic'
2025-08-22 15:18:34,317 INFO 📍 Location is present in the following articles: [ObjectId('682cb70dd0a7623114bd9745')]
2025-08-22 15:18:34,485 INFO Comparing database entry: velke mezirici with Velké Meziříčí returned from geonames.
2025-08-22 15:18:34,486 INFO 📄 Index 0 | Name: Velké Meziříčí | fcl: P, fcode: PPL | ADM1: Vysočina, ADM2: Žďár nad Sázavou District, ADM3: Velké Meziříčí, ADM4:  | Latitude: 49.35522, Longitude: 16.01224 | Score: 43.02, Population: 11753 | Fuzzy match: 64.28571428571428
2025-08-22 15:18:34,486 INFO Comparing database entry: velke mezirici with Velké Meziříčí returned from geonames.
2025-08-22 15:18:34,486 INFO 📄 Index 1 | Name: Velké Meziříčí | fcl: A, fcode: ADM3 | ADM1: Vysočina, ADM2: Žďár nad Sázavou District, ADM3: Velké Meziříčí, ADM4:  | Latitude: 49.37027, Longitude: 16.00734 | Score: 27.06, Population: 0 | Fuzzy match: 64.28571428571428
2025-08-22 15:18:34,486 INFO Comparing database entry: velke mezirici with Velká Bíteš returned from geonames.
2025-08-22 15:18:34,486 INFO 📄 Index 2 | Name: Velká Bíteš | fcl: P, fcode: PPLA4 | ADM1: Vysočina, ADM2: Žďár nad Sázavou District, ADM3: Velká Bíteš, ADM4:  | Latitude: 49.28838, Longitude: 16.22742 | Score: 20.64, Population: 4843 | Fuzzy match: 48.0
2025-08-22 15:18:34,486 INFO Comparing database entry: velke mezirici with Mostiště returned from geonames.
2025-08-22 15:18:34,486 INFO 📄 Index 3 | Name: Mostiště | fcl: P, fcode: PPL | ADM1: Vysočina, ADM2: Žďár nad Sázavou District, ADM3: Velké Meziříčí, ADM4:  | Latitude: 49.37881, Longitude: 16.01426 | Score: 16.62, Population: 0 | Fuzzy match: 18.181818181818176
2025-08-22 15:18:34,644 INFO Comparing database entry: velke mezirici with Velké Meziříčí returned from geonames.
2025-08-22 15:18:34,644 INFO 📄 Index 0 | Name: Velké Meziříčí | fcl: P, fcode: PPL | ADM1: Vysočina, ADM2: Žďár nad Sázavou District, ADM3: Velké Meziříčí, ADM4:  | Latitude: 49.35522, Longitude: 16.01224 | Score: 43.02, Population: 11753 | Fuzzy match: 64.28571428571428
2025-08-22 15:18:34,644 INFO Comparing database entry: velke mezirici with Velké Meziříčí returned from geonames.
2025-08-22 15:18:34,645 INFO 📄 Index 1 | Name: Velké Meziříčí | fcl: A, fcode: ADM3 | ADM1: Vysočina, ADM2: Žďár nad Sázavou District, ADM3: Velké Meziříčí, ADM4:  | Latitude: 49.37027, Longitude: 16.00734 | Score: 27.06, Population: 0 | Fuzzy match: 64.28571428571428
2025-08-22 15:18:34,645 INFO Comparing database entry: velke mezirici with Velká Bíteš returned from geonames.
2025-08-22 15:18:34,645 INFO 📄 Index 2 | Name: Velká Bíteš | fcl: P, fcode: PPLA4 | ADM1: Vysočina, ADM2: Žďár nad Sázavou District, ADM3: Velká Bíteš, ADM4:  | Latitude: 49.28838, Longitude: 16.22742 | Score: 20.64, Population: 4843 | Fuzzy match: 48.0
2025-08-22 15:18:34,645 INFO Comparing database entry: velke mezirici with Mostiště returned from geonames.
2025-08-22 15:18:34,645 INFO 📄 Index 3 | Name: Mostiště | fcl: P, fcode: PPL | ADM1: Vysočina, ADM2: Žďár nad Sázavou District, ADM3: Velké Meziříčí, ADM4:  | Latitude: 49.37881, Longitude: 16.01426 | Score: 16.62, Population: 0 | Fuzzy match: 18.181818181818176
2025-08-22 15:18:34,813 INFO Comparing database entry: velke mezirici with Velké Meziříčí returned from geonames.
2025-08-22 15:18:34,813 INFO 📄 Index 0 | Name: Velké Meziříčí | fcl: P, fcode: PPL | ADM1: Vysočina, ADM2: Žďár nad Sázavou District, ADM3: Velké Meziříčí, ADM4:  | Latitude: 49.35522, Longitude: 16.01224 | Score: 43.02, Population: 11753 | Fuzzy match: 64.28571428571428
2025-08-22 15:18:34,813 INFO Comparing database entry: velke mezirici with Velké Meziříčí returned from geonames.
2025-08-22 15:18:34,814 INFO 📄 Index 1 | Name: Velké Meziříčí | fcl: A, fcode: ADM3 | ADM1: Vysočina, ADM2: Žďár nad Sázavou District, ADM3: Velké Meziříčí, ADM4:  | Latitude: 49.37027, Longitude: 16.00734 | Score: 27.06, Population: 0 | Fuzzy match: 64.28571428571428
2025-08-22 15:18:34,814 INFO Comparing database entry: velke mezirici with Velká Bíteš returned from geonames.
2025-08-22 15:18:34,814 INFO 📄 Index 2 | Name: Velká Bíteš | fcl: P, fcode: PPLA4 | ADM1: Vysočina, ADM2: Žďár nad Sázavou District, ADM3: Velká Bíteš, ADM4:  | Latitude: 49.28838, Longitude: 16.22742 | Score: 20.64, Population: 4843 | Fuzzy match: 48.0
2025-08-22 15:18:34,814 INFO Comparing database entry: velke mezirici with Mostiště returned from geonames.
2025-08-22 15:18:34,814 INFO 📄 Index 3 | Name: Mostiště | fcl: P, fcode: PPL | ADM1: Vysočina, ADM2: Žďár nad Sázavou District, ADM3: Velké Meziříčí, ADM4:  | Latitude: 49.37881, Longitude: 16.01426 | Score: 16.62, Population: 0 | Fuzzy match: 18.181818181818176
2025-08-22 15:18:34,967 INFO Comparing database entry: velke mezirici with Velké Meziříčí returned from geonames.
2025-08-22 15:18:34,967 INFO 📄 Index 0 | Name: Velké Meziříčí | fcl: P, fcode: PPL | ADM1: Vysočina, ADM2: Žďár nad Sázavou District, ADM3: Velké Meziříčí, ADM4:  | Latitude: 49.35522, Longitude: 16.01224 | Score: 43.02, Population: 11753 | Fuzzy match: 64.28571428571428
2025-08-22 15:18:34,967 INFO Comparing database entry: velke mezirici with Velké Meziříčí returned from geonames.
2025-08-22 15:18:34,968 INFO 📄 Index 1 | Name: Velké Meziříčí | fcl: A, fcode: ADM3 | ADM1: Vysočina, ADM2: Žďár nad Sázavou District, ADM3: Velké Meziříčí, ADM4:  | Latitude: 49.37027, Longitude: 16.00734 | Score: 27.06, Population: 0 | Fuzzy match: 64.28571428571428
2025-08-22 15:18:34,968 INFO Comparing database entry: velke mezirici with Velká Bíteš returned from geonames.
2025-08-22 15:18:34,968 INFO 📄 Index 2 | Name: Velká Bíteš | fcl: P, fcode: PPLA4 | ADM1: Vysočina, ADM2: Žďár nad Sázavou District, ADM3: Velká Bíteš, ADM4:  | Latitude: 49.28838, Longitude: 16.22742 | Score: 20.64, Population: 4843 | Fuzzy match: 48.0
2025-08-22 15:18:34,968 INFO Comparing database entry: velke mezirici with Mostiště returned from geonames.
2025-08-22 15:18:34,968 INFO 📄 Index 3 | Name: Mostiště | fcl: P, fcode: PPL | ADM1: Vysočina, ADM2: Žďár nad Sázavou District, ADM3: Velké Meziříčí, ADM4:  | Latitude: 49.37881, Longitude: 16.01426 | Score: 16.62, Population: 0 | Fuzzy match: 18.181818181818176
2025-08-22 15:18:35,120 INFO Comparing database entry: velke mezirici with Velké Meziříčí returned from geonames.
2025-08-22 15:18:35,120 INFO 📄 Index 0 | Name: Velké Meziříčí | fcl: P, fcode: PPL | ADM1: Vysočina, ADM2: Žďár nad Sázavou District, ADM3: Velké Meziříčí, ADM4:  | Latitude: 49.35522, Longitude: 16.01224 | Score: 43.02, Population: 11753 | Fuzzy match: 64.28571428571428
2025-08-22 15:18:35,120 INFO Comparing database entry: velke mezirici with Velké Meziříčí returned from geonames.
2025-08-22 15:18:35,120 INFO 📄 Index 1 | Name: Velké Meziříčí | fcl: A, fcode: ADM3 | ADM1: Vysočina, ADM2: Žďár nad Sázavou District, ADM3: Velké Meziříčí, ADM4:  | Latitude: 49.37027, Longitude: 16.00734 | Score: 27.06, Population: 0 | Fuzzy match: 64.28571428571428
2025-08-22 15:18:35,120 INFO Comparing database entry: velke mezirici with Velká Bíteš returned from geonames.
2025-08-22 15:18:35,120 INFO 📄 Index 2 | Name: Velká Bíteš | fcl: P, fcode: PPLA4 | ADM1: Vysočina, ADM2: Žďár nad Sázavou District, ADM3: Velká Bíteš, ADM4:  | Latitude: 49.28838, Longitude: 16.22742 | Score: 20.64, Population: 4843 | Fuzzy match: 48.0
2025-08-22 15:18:35,120 INFO Comparing database entry: velke mezirici with Mostiště returned from geonames.
2025-08-22 15:18:35,120 INFO 📄 Index 3 | Name: Mostiště | fcl: P, fcode: PPL | ADM1: Vysočina, ADM2: Žďár nad Sázavou District, ADM3: Velké Meziříčí, ADM4:  | Latitude: 49.37881, Longitude: 16.01426 | Score: 16.62, Population: 0 | Fuzzy match: 18.181818181818176
2025-08-22 15:18:35,259 INFO Comparing database entry: velke mezirici with Velké Meziříčí returned from geonames.
2025-08-22 15:18:35,260 INFO 📄 Index 0 | Name: Velké Meziříčí | fcl: P, fcode: PPL | ADM1: Vysočina, ADM2: Žďár nad Sázavou District, ADM3: Velké Meziříčí, ADM4:  | Latitude: 49.35522, Longitude: 16.01224 | Score: 43.02, Population: 11753 | Fuzzy match: 64.28571428571428
2025-08-22 15:18:35,260 INFO Comparing database entry: velke mezirici with Velké Meziříčí returned from geonames.
2025-08-22 15:18:35,260 INFO 📄 Index 1 | Name: Velké Meziříčí | fcl: A, fcode: ADM3 | ADM1: Vysočina, ADM2: Žďár nad Sázavou District, ADM3: Velké Meziříčí, ADM4:  | Latitude: 49.37027, Longitude: 16.00734 | Score: 27.06, Population: 0 | Fuzzy match: 64.28571428571428
2025-08-22 15:18:35,260 INFO Comparing database entry: velke mezirici with Velká Bíteš returned from geonames.
2025-08-22 15:18:35,260 INFO 📄 Index 2 | Name: Velká Bíteš | fcl: P, fcode: PPLA4 | ADM1: Vysočina, ADM2: Žďár nad Sázavou District, ADM3: Velká Bíteš, ADM4:  | Latitude: 49.28838, Longitude: 16.22742 | Score: 20.64, Population: 4843 | Fuzzy match: 48.0
2025-08-22 15:18:35,260 INFO Comparing database entry: velke mezirici with Mostiště returned from geonames.
2025-08-22 15:18:35,260 INFO 📄 Index 3 | Name: Mostiště | fcl: P, fcode: PPL | ADM1: Vysočina, ADM2: Žďár nad Sázavou District, ADM3: Velké Meziříčí, ADM4:  | Latitude: 49.37881, Longitude: 16.01426 | Score: 16.62, Population: 0 | Fuzzy match: 18.181818181818176
2025-08-22 15:18:35,260 WARNING ❌ No match found with fuzzy score > 80 for city: velke mezirici
2025-08-22 15:18:35,260 WARNING ❌ Lookup failed for city='velke_mezirici', iso2='CZ'
