2025-09-26 20:53:21,538 INFO 🗺️ Starting GeoNames lookup for city='alzenau', country='germany'
2025-09-26 20:53:21,538 INFO 📍 Location is present in the following articles: [ObjectId('67f52aff981040986eab7352')]
2025-09-26 20:53:21,712 INFO Comparing database entry: alzenau with Alzenau in Unterfranken returned from geonames.
2025-09-26 20:53:21,713 INFO 📄 Index 0 | Name: Alzenau in Unterfranken | fcl: P, fcode: PPL | ADM1: Bavaria, ADM2: Lower Franconia, ADM3: Landkreis Aschaffenburg, ADM4: Alzenau i.UFr. | Latitude: 50.0888, Longitude: 9.06455 | Score: 32.02, Population: 18932 | Fuzzy match: 46.666666666666664
2025-09-26 20:53:21,713 INFO Comparing database entry: alzenau with Alzenau i.UFr. returned from geonames.
2025-09-26 20:53:21,713 INFO 📄 Index 1 | Name: Alzenau i.UFr. | fcl: A, fcode: ADM4 | ADM1: Bavaria, ADM2: Lower Franconia, ADM3: Landkreis Aschaffenburg, ADM4: Alzenau i.UFr. | Latitude: 50.0881, Longitude: 9.0497 | Score: 18.20, Population: 18542 | Fuzzy match: 66.66666666666667
2025-09-26 20:53:21,713 INFO Comparing database entry: alzenau with Albstadt returned from geonames.
2025-09-26 20:53:21,713 INFO 📄 Index 2 | Name: Albstadt | fcl: P, fcode: PPL | ADM1: Bavaria, ADM2: Lower Franconia, ADM3: Landkreis Aschaffenburg, ADM4: Alzenau i.UFr. | Latitude: 50.11802, Longitude: 9.11389 | Score: 9.55, Population: 0 | Fuzzy match: 40.0
2025-09-26 20:53:21,713 INFO Comparing database entry: alzenau with Maisenhausen returned from geonames.
2025-09-26 20:53:21,713 INFO 📄 Index 3 | Name: Maisenhausen | fcl: P, fcode: PPL | ADM1: Bavaria, ADM2: Lower Franconia, ADM3: Landkreis Aschaffenburg, ADM4: Alzenau i.UFr. | Latitude: 50.11296, Longitude: 9.11765 | Score: 9.55, Population: 0 | Fuzzy match: 52.63157894736843
2025-09-26 20:53:21,872 INFO Comparing database entry: alzenau with Alzenau in Unterfranken returned from geonames.
2025-09-26 20:53:21,872 INFO 📄 Index 0 | Name: Alzenau in Unterfranken | fcl: P, fcode: PPL | ADM1: Bavaria, ADM2: Lower Franconia, ADM3: Landkreis Aschaffenburg, ADM4: Alzenau i.UFr. | Latitude: 50.0888, Longitude: 9.06455 | Score: 32.02, Population: 18932 | Fuzzy match: 46.666666666666664
2025-09-26 20:53:21,873 INFO Comparing database entry: alzenau with Alzenau i.UFr. returned from geonames.
2025-09-26 20:53:21,873 INFO 📄 Index 1 | Name: Alzenau i.UFr. | fcl: A, fcode: ADM4 | ADM1: Bavaria, ADM2: Lower Franconia, ADM3: Landkreis Aschaffenburg, ADM4: Alzenau i.UFr. | Latitude: 50.0881, Longitude: 9.0497 | Score: 18.20, Population: 18542 | Fuzzy match: 66.66666666666667
2025-09-26 20:53:21,873 INFO Comparing database entry: alzenau with Albstadt returned from geonames.
2025-09-26 20:53:21,873 INFO 📄 Index 2 | Name: Albstadt | fcl: P, fcode: PPL | ADM1: Bavaria, ADM2: Lower Franconia, ADM3: Landkreis Aschaffenburg, ADM4: Alzenau i.UFr. | Latitude: 50.11802, Longitude: 9.11389 | Score: 9.55, Population: 0 | Fuzzy match: 40.0
2025-09-26 20:53:21,873 INFO Comparing database entry: alzenau with Maisenhausen returned from geonames.
2025-09-26 20:53:21,873 INFO 📄 Index 3 | Name: Maisenhausen | fcl: P, fcode: PPL | ADM1: Bavaria, ADM2: Lower Franconia, ADM3: Landkreis Aschaffenburg, ADM4: Alzenau i.UFr. | Latitude: 50.11296, Longitude: 9.11765 | Score: 9.55, Population: 0 | Fuzzy match: 52.63157894736843
2025-09-26 20:53:22,024 INFO Comparing database entry: alzenau with Alzenau in Unterfranken returned from geonames.
2025-09-26 20:53:22,024 INFO 📄 Index 0 | Name: Alzenau in Unterfranken | fcl: P, fcode: PPL | ADM1: Bavaria, ADM2: Lower Franconia, ADM3: Landkreis Aschaffenburg, ADM4: Alzenau i.UFr. | Latitude: 50.0888, Longitude: 9.06455 | Score: 32.02, Population: 18932 | Fuzzy match: 46.666666666666664
2025-09-26 20:53:22,024 INFO Comparing database entry: alzenau with Alzenau i.UFr. returned from geonames.
2025-09-26 20:53:22,024 INFO 📄 Index 1 | Name: Alzenau i.UFr. | fcl: A, fcode: ADM4 | ADM1: Bavaria, ADM2: Lower Franconia, ADM3: Landkreis Aschaffenburg, ADM4: Alzenau i.UFr. | Latitude: 50.0881, Longitude: 9.0497 | Score: 18.20, Population: 18542 | Fuzzy match: 66.66666666666667
2025-09-26 20:53:22,024 INFO Comparing database entry: alzenau with Albstadt returned from geonames.
2025-09-26 20:53:22,024 INFO 📄 Index 2 | Name: Albstadt | fcl: P, fcode: PPL | ADM1: Bavaria, ADM2: Lower Franconia, ADM3: Landkreis Aschaffenburg, ADM4: Alzenau i.UFr. | Latitude: 50.11802, Longitude: 9.11389 | Score: 9.55, Population: 0 | Fuzzy match: 40.0
2025-09-26 20:53:22,024 INFO Comparing database entry: alzenau with Maisenhausen returned from geonames.
2025-09-26 20:53:22,024 INFO 📄 Index 3 | Name: Maisenhausen | fcl: P, fcode: PPL | ADM1: Bavaria, ADM2: Lower Franconia, ADM3: Landkreis Aschaffenburg, ADM4: Alzenau i.UFr. | Latitude: 50.11296, Longitude: 9.11765 | Score: 9.55, Population: 0 | Fuzzy match: 52.63157894736843
2025-09-26 20:53:22,175 INFO Comparing database entry: alzenau with Alzenau in Unterfranken returned from geonames.
2025-09-26 20:53:22,175 INFO 📄 Index 0 | Name: Alzenau in Unterfranken | fcl: P, fcode: PPL | ADM1: Bavaria, ADM2: Lower Franconia, ADM3: Landkreis Aschaffenburg, ADM4: Alzenau i.UFr. | Latitude: 50.0888, Longitude: 9.06455 | Score: 32.02, Population: 18932 | Fuzzy match: 46.666666666666664
2025-09-26 20:53:22,175 INFO Comparing database entry: alzenau with Alzenau i.UFr. returned from geonames.
2025-09-26 20:53:22,175 INFO 📄 Index 1 | Name: Alzenau i.UFr. | fcl: A, fcode: ADM4 | ADM1: Bavaria, ADM2: Lower Franconia, ADM3: Landkreis Aschaffenburg, ADM4: Alzenau i.UFr. | Latitude: 50.0881, Longitude: 9.0497 | Score: 18.20, Population: 18542 | Fuzzy match: 66.66666666666667
2025-09-26 20:53:22,176 INFO Comparing database entry: alzenau with Albstadt returned from geonames.
2025-09-26 20:53:22,176 INFO 📄 Index 2 | Name: Albstadt | fcl: P, fcode: PPL | ADM1: Bavaria, ADM2: Lower Franconia, ADM3: Landkreis Aschaffenburg, ADM4: Alzenau i.UFr. | Latitude: 50.11802, Longitude: 9.11389 | Score: 9.55, Population: 0 | Fuzzy match: 40.0
2025-09-26 20:53:22,176 INFO Comparing database entry: alzenau with Maisenhausen returned from geonames.
2025-09-26 20:53:22,176 INFO 📄 Index 3 | Name: Maisenhausen | fcl: P, fcode: PPL | ADM1: Bavaria, ADM2: Lower Franconia, ADM3: Landkreis Aschaffenburg, ADM4: Alzenau i.UFr. | Latitude: 50.11296, Longitude: 9.11765 | Score: 9.55, Population: 0 | Fuzzy match: 52.63157894736843
2025-09-26 20:53:22,326 INFO Comparing database entry: alzenau with Alzenau in Unterfranken returned from geonames.
2025-09-26 20:53:22,327 INFO 📄 Index 0 | Name: Alzenau in Unterfranken | fcl: P, fcode: PPL | ADM1: Bavaria, ADM2: Lower Franconia, ADM3: Landkreis Aschaffenburg, ADM4: Alzenau i.UFr. | Latitude: 50.0888, Longitude: 9.06455 | Score: 32.02, Population: 18932 | Fuzzy match: 46.666666666666664
2025-09-26 20:53:22,327 INFO Comparing database entry: alzenau with Alzenau i.UFr. returned from geonames.
2025-09-26 20:53:22,327 INFO 📄 Index 1 | Name: Alzenau i.UFr. | fcl: A, fcode: ADM4 | ADM1: Bavaria, ADM2: Lower Franconia, ADM3: Landkreis Aschaffenburg, ADM4: Alzenau i.UFr. | Latitude: 50.0881, Longitude: 9.0497 | Score: 18.20, Population: 18542 | Fuzzy match: 66.66666666666667
2025-09-26 20:53:22,327 INFO Comparing database entry: alzenau with Albstadt returned from geonames.
2025-09-26 20:53:22,327 INFO 📄 Index 2 | Name: Albstadt | fcl: P, fcode: PPL | ADM1: Bavaria, ADM2: Lower Franconia, ADM3: Landkreis Aschaffenburg, ADM4: Alzenau i.UFr. | Latitude: 50.11802, Longitude: 9.11389 | Score: 9.55, Population: 0 | Fuzzy match: 40.0
2025-09-26 20:53:22,327 INFO Comparing database entry: alzenau with Maisenhausen returned from geonames.
2025-09-26 20:53:22,327 INFO 📄 Index 3 | Name: Maisenhausen | fcl: P, fcode: PPL | ADM1: Bavaria, ADM2: Lower Franconia, ADM3: Landkreis Aschaffenburg, ADM4: Alzenau i.UFr. | Latitude: 50.11296, Longitude: 9.11765 | Score: 9.55, Population: 0 | Fuzzy match: 52.63157894736843
2025-09-26 20:53:22,492 INFO Comparing database entry: alzenau with Alzenau in Unterfranken returned from geonames.
2025-09-26 20:53:22,493 INFO 📄 Index 0 | Name: Alzenau in Unterfranken | fcl: P, fcode: PPL | ADM1: Bavaria, ADM2: Lower Franconia, ADM3: Landkreis Aschaffenburg, ADM4: Alzenau i.UFr. | Latitude: 50.0888, Longitude: 9.06455 | Score: 32.02, Population: 18932 | Fuzzy match: 46.666666666666664
2025-09-26 20:53:22,493 INFO Comparing database entry: alzenau with Alzenau i.UFr. returned from geonames.
2025-09-26 20:53:22,493 INFO 📄 Index 1 | Name: Alzenau i.UFr. | fcl: A, fcode: ADM4 | ADM1: Bavaria, ADM2: Lower Franconia, ADM3: Landkreis Aschaffenburg, ADM4: Alzenau i.UFr. | Latitude: 50.0881, Longitude: 9.0497 | Score: 18.20, Population: 18542 | Fuzzy match: 66.66666666666667
2025-09-26 20:53:22,493 INFO Comparing database entry: alzenau with Albstadt returned from geonames.
2025-09-26 20:53:22,493 INFO 📄 Index 2 | Name: Albstadt | fcl: P, fcode: PPL | ADM1: Bavaria, ADM2: Lower Franconia, ADM3: Landkreis Aschaffenburg, ADM4: Alzenau i.UFr. | Latitude: 50.11802, Longitude: 9.11389 | Score: 9.55, Population: 0 | Fuzzy match: 40.0
2025-09-26 20:53:22,493 INFO Comparing database entry: alzenau with Maisenhausen returned from geonames.
2025-09-26 20:53:22,493 INFO 📄 Index 3 | Name: Maisenhausen | fcl: P, fcode: PPL | ADM1: Bavaria, ADM2: Lower Franconia, ADM3: Landkreis Aschaffenburg, ADM4: Alzenau i.UFr. | Latitude: 50.11296, Longitude: 9.11765 | Score: 9.55, Population: 0 | Fuzzy match: 52.63157894736843
2025-09-26 20:53:22,493 WARNING ❌ No match found with fuzzy score > 80 for city: alzenau
2025-09-26 20:53:22,493 WARNING ❌ Lookup failed for city='alzenau', iso2='DE'
