2025-08-19 17:10:49,586 INFO 🗺️ Starting GeoNames lookup for city='bitburg-prüm', country='germany'
2025-08-19 17:10:49,586 INFO 📍 Location is present in the following articles: [ObjectId('67f52b58981040986eab74b6')]
2025-08-19 17:10:49,753 INFO Comparing database entry: bitburg-prüm with Prüm returned from geonames.
2025-08-19 17:10:49,753 INFO 📄 Index 0 | Name: Prüm | fcl: P, fcode: PPL | ADM1: Rheinland-Pfalz, ADM2: , ADM3: Eifelkreis Bitburg-Prüm, ADM4: Prüm | Latitude: 50.20785, Longitude: 6.42019 | Score: 44.75, Population: 5471 | Fuzzy match: 50.0
2025-08-19 17:10:49,753 INFO Comparing database entry: bitburg-prüm with Bitburg returned from geonames.
2025-08-19 17:10:49,753 INFO 📄 Index 1 | Name: Bitburg | fcl: P, fcode: PPLA4 | ADM1: Rheinland-Pfalz, ADM2: , ADM3: Eifelkreis Bitburg-Prüm, ADM4: Bitburg | Latitude: 49.96794, Longitude: 6.52734 | Score: 32.65, Population: 12908 | Fuzzy match: 73.6842105263158
2025-08-19 17:10:49,753 INFO Comparing database entry: bitburg-prüm with Kyllburg returned from geonames.
2025-08-19 17:10:49,754 INFO 📄 Index 2 | Name: Kyllburg | fcl: P, fcode: PPL | ADM1: Rheinland-Pfalz, ADM2: , ADM3: Eifelkreis Bitburg-Prüm, ADM4: Kyllburg | Latitude: 50.03864, Longitude: 6.59478 | Score: 27.22, Population: 1054 | Fuzzy match: 40.0
2025-08-19 17:10:49,754 INFO Comparing database entry: bitburg-prüm with Eifelkreis Bitburg-Prüm returned from geonames.
2025-08-19 17:10:49,754 INFO 📄 Index 3 | Name: Eifelkreis Bitburg-Prüm | fcl: A, fcode: ADM3 | ADM1: Rheinland-Pfalz, ADM2: , ADM3: Eifelkreis Bitburg-Prüm, ADM4:  | Latitude: 50.07583, Longitude: 6.38 | Score: 24.52, Population: 100959 | Fuzzy match: 68.57142857142857
2025-08-19 17:10:49,908 INFO Comparing database entry: bitburg-prüm with Prüm returned from geonames.
2025-08-19 17:10:49,909 INFO 📄 Index 0 | Name: Prüm | fcl: P, fcode: PPL | ADM1: Rheinland-Pfalz, ADM2: , ADM3: Eifelkreis Bitburg-Prüm, ADM4: Prüm | Latitude: 50.20785, Longitude: 6.42019 | Score: 44.75, Population: 5471 | Fuzzy match: 50.0
2025-08-19 17:10:49,909 INFO Comparing database entry: bitburg-prüm with Bitburg returned from geonames.
2025-08-19 17:10:49,909 INFO 📄 Index 1 | Name: Bitburg | fcl: P, fcode: PPLA4 | ADM1: Rheinland-Pfalz, ADM2: , ADM3: Eifelkreis Bitburg-Prüm, ADM4: Bitburg | Latitude: 49.96794, Longitude: 6.52734 | Score: 32.65, Population: 12908 | Fuzzy match: 73.6842105263158
2025-08-19 17:10:49,909 INFO Comparing database entry: bitburg-prüm with Kyllburg returned from geonames.
2025-08-19 17:10:49,909 INFO 📄 Index 2 | Name: Kyllburg | fcl: P, fcode: PPL | ADM1: Rheinland-Pfalz, ADM2: , ADM3: Eifelkreis Bitburg-Prüm, ADM4: Kyllburg | Latitude: 50.03864, Longitude: 6.59478 | Score: 27.22, Population: 1054 | Fuzzy match: 40.0
2025-08-19 17:10:49,909 INFO Comparing database entry: bitburg-prüm with Eifelkreis Bitburg-Prüm returned from geonames.
2025-08-19 17:10:49,909 INFO 📄 Index 3 | Name: Eifelkreis Bitburg-Prüm | fcl: A, fcode: ADM3 | ADM1: Rheinland-Pfalz, ADM2: , ADM3: Eifelkreis Bitburg-Prüm, ADM4:  | Latitude: 50.07583, Longitude: 6.38 | Score: 24.52, Population: 100959 | Fuzzy match: 68.57142857142857
2025-08-19 17:10:50,056 INFO Comparing database entry: bitburg-prüm with Prüm returned from geonames.
2025-08-19 17:10:50,056 INFO 📄 Index 0 | Name: Prüm | fcl: P, fcode: PPL | ADM1: Rheinland-Pfalz, ADM2: , ADM3: Eifelkreis Bitburg-Prüm, ADM4: Prüm | Latitude: 50.20785, Longitude: 6.42019 | Score: 44.75, Population: 5471 | Fuzzy match: 50.0
2025-08-19 17:10:50,056 INFO Comparing database entry: bitburg-prüm with Bitburg returned from geonames.
2025-08-19 17:10:50,056 INFO 📄 Index 1 | Name: Bitburg | fcl: P, fcode: PPLA4 | ADM1: Rheinland-Pfalz, ADM2: , ADM3: Eifelkreis Bitburg-Prüm, ADM4: Bitburg | Latitude: 49.96794, Longitude: 6.52734 | Score: 32.65, Population: 12908 | Fuzzy match: 73.6842105263158
2025-08-19 17:10:50,056 INFO Comparing database entry: bitburg-prüm with Kyllburg returned from geonames.
2025-08-19 17:10:50,056 INFO 📄 Index 2 | Name: Kyllburg | fcl: P, fcode: PPL | ADM1: Rheinland-Pfalz, ADM2: , ADM3: Eifelkreis Bitburg-Prüm, ADM4: Kyllburg | Latitude: 50.03864, Longitude: 6.59478 | Score: 27.22, Population: 1054 | Fuzzy match: 40.0
2025-08-19 17:10:50,056 INFO Comparing database entry: bitburg-prüm with Eifelkreis Bitburg-Prüm returned from geonames.
2025-08-19 17:10:50,056 INFO 📄 Index 3 | Name: Eifelkreis Bitburg-Prüm | fcl: A, fcode: ADM3 | ADM1: Rheinland-Pfalz, ADM2: , ADM3: Eifelkreis Bitburg-Prüm, ADM4:  | Latitude: 50.07583, Longitude: 6.38 | Score: 24.52, Population: 100959 | Fuzzy match: 68.57142857142857
2025-08-19 17:10:50,195 INFO Comparing database entry: bitburg-prüm with Prüm returned from geonames.
2025-08-19 17:10:50,195 INFO 📄 Index 0 | Name: Prüm | fcl: P, fcode: PPL | ADM1: Rheinland-Pfalz, ADM2: , ADM3: Eifelkreis Bitburg-Prüm, ADM4: Prüm | Latitude: 50.20785, Longitude: 6.42019 | Score: 44.75, Population: 5471 | Fuzzy match: 50.0
2025-08-19 17:10:50,195 INFO Comparing database entry: bitburg-prüm with Bitburg returned from geonames.
2025-08-19 17:10:50,195 INFO 📄 Index 1 | Name: Bitburg | fcl: P, fcode: PPLA4 | ADM1: Rheinland-Pfalz, ADM2: , ADM3: Eifelkreis Bitburg-Prüm, ADM4: Bitburg | Latitude: 49.96794, Longitude: 6.52734 | Score: 32.65, Population: 12908 | Fuzzy match: 73.6842105263158
2025-08-19 17:10:50,195 INFO Comparing database entry: bitburg-prüm with Kyllburg returned from geonames.
2025-08-19 17:10:50,195 INFO 📄 Index 2 | Name: Kyllburg | fcl: P, fcode: PPL | ADM1: Rheinland-Pfalz, ADM2: , ADM3: Eifelkreis Bitburg-Prüm, ADM4: Kyllburg | Latitude: 50.03864, Longitude: 6.59478 | Score: 27.22, Population: 1054 | Fuzzy match: 40.0
2025-08-19 17:10:50,195 INFO Comparing database entry: bitburg-prüm with Eifelkreis Bitburg-Prüm returned from geonames.
2025-08-19 17:10:50,195 INFO 📄 Index 3 | Name: Eifelkreis Bitburg-Prüm | fcl: A, fcode: ADM3 | ADM1: Rheinland-Pfalz, ADM2: , ADM3: Eifelkreis Bitburg-Prüm, ADM4:  | Latitude: 50.07583, Longitude: 6.38 | Score: 24.52, Population: 100959 | Fuzzy match: 68.57142857142857
2025-08-19 17:10:50,335 INFO Comparing database entry: bitburg-prüm with Prüm returned from geonames.
2025-08-19 17:10:50,336 INFO 📄 Index 0 | Name: Prüm | fcl: P, fcode: PPL | ADM1: Rheinland-Pfalz, ADM2: , ADM3: Eifelkreis Bitburg-Prüm, ADM4: Prüm | Latitude: 50.20785, Longitude: 6.42019 | Score: 44.75, Population: 5471 | Fuzzy match: 50.0
2025-08-19 17:10:50,336 INFO Comparing database entry: bitburg-prüm with Bitburg returned from geonames.
2025-08-19 17:10:50,336 INFO 📄 Index 1 | Name: Bitburg | fcl: P, fcode: PPLA4 | ADM1: Rheinland-Pfalz, ADM2: , ADM3: Eifelkreis Bitburg-Prüm, ADM4: Bitburg | Latitude: 49.96794, Longitude: 6.52734 | Score: 32.65, Population: 12908 | Fuzzy match: 73.6842105263158
2025-08-19 17:10:50,336 INFO Comparing database entry: bitburg-prüm with Kyllburg returned from geonames.
2025-08-19 17:10:50,336 INFO 📄 Index 2 | Name: Kyllburg | fcl: P, fcode: PPL | ADM1: Rheinland-Pfalz, ADM2: , ADM3: Eifelkreis Bitburg-Prüm, ADM4: Kyllburg | Latitude: 50.03864, Longitude: 6.59478 | Score: 27.22, Population: 1054 | Fuzzy match: 40.0
2025-08-19 17:10:50,336 INFO Comparing database entry: bitburg-prüm with Eifelkreis Bitburg-Prüm returned from geonames.
2025-08-19 17:10:50,336 INFO 📄 Index 3 | Name: Eifelkreis Bitburg-Prüm | fcl: A, fcode: ADM3 | ADM1: Rheinland-Pfalz, ADM2: , ADM3: Eifelkreis Bitburg-Prüm, ADM4:  | Latitude: 50.07583, Longitude: 6.38 | Score: 24.52, Population: 100959 | Fuzzy match: 68.57142857142857
2025-08-19 17:10:50,484 INFO Comparing database entry: bitburg-prüm with Prüm returned from geonames.
2025-08-19 17:10:50,484 INFO 📄 Index 0 | Name: Prüm | fcl: P, fcode: PPL | ADM1: Rheinland-Pfalz, ADM2: , ADM3: Eifelkreis Bitburg-Prüm, ADM4: Prüm | Latitude: 50.20785, Longitude: 6.42019 | Score: 44.75, Population: 5471 | Fuzzy match: 50.0
2025-08-19 17:10:50,485 INFO Comparing database entry: bitburg-prüm with Bitburg returned from geonames.
2025-08-19 17:10:50,485 INFO 📄 Index 1 | Name: Bitburg | fcl: P, fcode: PPLA4 | ADM1: Rheinland-Pfalz, ADM2: , ADM3: Eifelkreis Bitburg-Prüm, ADM4: Bitburg | Latitude: 49.96794, Longitude: 6.52734 | Score: 32.65, Population: 12908 | Fuzzy match: 73.6842105263158
2025-08-19 17:10:50,485 INFO Comparing database entry: bitburg-prüm with Kyllburg returned from geonames.
2025-08-19 17:10:50,485 INFO 📄 Index 2 | Name: Kyllburg | fcl: P, fcode: PPL | ADM1: Rheinland-Pfalz, ADM2: , ADM3: Eifelkreis Bitburg-Prüm, ADM4: Kyllburg | Latitude: 50.03864, Longitude: 6.59478 | Score: 27.22, Population: 1054 | Fuzzy match: 40.0
2025-08-19 17:10:50,485 INFO Comparing database entry: bitburg-prüm with Eifelkreis Bitburg-Prüm returned from geonames.
2025-08-19 17:10:50,485 INFO 📄 Index 3 | Name: Eifelkreis Bitburg-Prüm | fcl: A, fcode: ADM3 | ADM1: Rheinland-Pfalz, ADM2: , ADM3: Eifelkreis Bitburg-Prüm, ADM4:  | Latitude: 50.07583, Longitude: 6.38 | Score: 24.52, Population: 100959 | Fuzzy match: 68.57142857142857
2025-08-19 17:10:50,485 WARNING ❌ No match found with fuzzy score > 80 for city: bitburg-prüm
2025-08-19 17:10:50,485 WARNING ❌ Lookup failed for city='bitburgprüm', iso2='DE'
