2025-07-31 17:33:17,877 INFO 📍 Starting GeoNames lookup for city='brandenburg_an_der_havel', country='india'
2025-07-31 17:33:18,028 INFO Comparing database entry: brandenburg_an_der_havel with Kreisfreie Stadt Brandenburg an der Havel returned from geonames.
2025-07-31 17:33:18,028 INFO 📄 Index 0 | Name: Kreisfreie Stadt Brandenburg an der Havel | fcl: A, fcode: ADM3 | ADM1: Brandenburg, ADM2: , ADM3: Brandenburg an der Havel, ADM4:  | Score: 14.71, Population: 72461 | Fuzzy match: 58.46153846153845
2025-07-31 17:33:18,028 INFO Comparing database entry: brandenburg_an_der_havel with Brandenburg an der Havel returned from geonames.
2025-07-31 17:33:18,029 INFO 📄 Index 1 | Name: Brandenburg an der Havel | fcl: A, fcode: ADM4 | ADM1: Brandenburg, ADM2: , ADM3: Brandenburg an der Havel, ADM4: Brandenburg an der Havel | Score: 11.77, Population: 72461 | Fuzzy match: 79.16666666666666
2025-07-31 17:33:18,172 INFO Comparing database entry: brandenburg_an_der_havel with Kreisfreie Stadt Brandenburg an der Havel returned from geonames.
2025-07-31 17:33:18,172 INFO 📄 Index 0 | Name: Kreisfreie Stadt Brandenburg an der Havel | fcl: A, fcode: ADM3 | ADM1: Brandenburg, ADM2: , ADM3: Brandenburg an der Havel, ADM4:  | Score: 14.71, Population: 72461 | Fuzzy match: 58.46153846153845
2025-07-31 17:33:18,172 INFO Comparing database entry: brandenburg_an_der_havel with Brandenburg an der Havel returned from geonames.
2025-07-31 17:33:18,172 INFO 📄 Index 1 | Name: Brandenburg an der Havel | fcl: A, fcode: ADM4 | ADM1: Brandenburg, ADM2: , ADM3: Brandenburg an der Havel, ADM4: Brandenburg an der Havel | Score: 11.77, Population: 72461 | Fuzzy match: 79.16666666666666
2025-07-31 17:33:18,330 INFO Comparing database entry: brandenburg_an_der_havel with Kreisfreie Stadt Brandenburg an der Havel returned from geonames.
2025-07-31 17:33:18,330 INFO 📄 Index 0 | Name: Kreisfreie Stadt Brandenburg an der Havel | fcl: A, fcode: ADM3 | ADM1: Brandenburg, ADM2: , ADM3: Brandenburg an der Havel, ADM4:  | Score: 14.71, Population: 72461 | Fuzzy match: 58.46153846153845
2025-07-31 17:33:18,330 INFO Comparing database entry: brandenburg_an_der_havel with Brandenburg an der Havel returned from geonames.
2025-07-31 17:33:18,330 INFO 📄 Index 1 | Name: Brandenburg an der Havel | fcl: A, fcode: ADM4 | ADM1: Brandenburg, ADM2: , ADM3: Brandenburg an der Havel, ADM4: Brandenburg an der Havel | Score: 11.77, Population: 72461 | Fuzzy match: 79.16666666666666
2025-07-31 17:33:18,485 INFO Comparing database entry: brandenburg_an_der_havel with Kreisfreie Stadt Brandenburg an der Havel returned from geonames.
2025-07-31 17:33:18,485 INFO 📄 Index 0 | Name: Kreisfreie Stadt Brandenburg an der Havel | fcl: A, fcode: ADM3 | ADM1: Brandenburg, ADM2: , ADM3: Brandenburg an der Havel, ADM4:  | Score: 14.71, Population: 72461 | Fuzzy match: 58.46153846153845
2025-07-31 17:33:18,485 INFO Comparing database entry: brandenburg_an_der_havel with Brandenburg an der Havel returned from geonames.
2025-07-31 17:33:18,486 INFO 📄 Index 1 | Name: Brandenburg an der Havel | fcl: A, fcode: ADM4 | ADM1: Brandenburg, ADM2: , ADM3: Brandenburg an der Havel, ADM4: Brandenburg an der Havel | Score: 11.77, Population: 72461 | Fuzzy match: 79.16666666666666
2025-07-31 17:33:18,620 INFO Comparing database entry: brandenburg_an_der_havel with Kreisfreie Stadt Brandenburg an der Havel returned from geonames.
2025-07-31 17:33:18,620 INFO 📄 Index 0 | Name: Kreisfreie Stadt Brandenburg an der Havel | fcl: A, fcode: ADM3 | ADM1: Brandenburg, ADM2: , ADM3: Brandenburg an der Havel, ADM4:  | Score: 14.71, Population: 72461 | Fuzzy match: 58.46153846153845
2025-07-31 17:33:18,620 INFO Comparing database entry: brandenburg_an_der_havel with Brandenburg an der Havel returned from geonames.
2025-07-31 17:33:18,620 INFO 📄 Index 1 | Name: Brandenburg an der Havel | fcl: A, fcode: ADM4 | ADM1: Brandenburg, ADM2: , ADM3: Brandenburg an der Havel, ADM4: Brandenburg an der Havel | Score: 11.77, Population: 72461 | Fuzzy match: 79.16666666666666
2025-07-31 17:33:18,744 INFO Comparing database entry: brandenburg_an_der_havel with Kreisfreie Stadt Brandenburg an der Havel returned from geonames.
2025-07-31 17:33:18,744 INFO 📄 Index 0 | Name: Kreisfreie Stadt Brandenburg an der Havel | fcl: A, fcode: ADM3 | ADM1: Brandenburg, ADM2: , ADM3: Brandenburg an der Havel, ADM4:  | Score: 14.71, Population: 72461 | Fuzzy match: 58.46153846153845
2025-07-31 17:33:18,744 INFO Comparing database entry: brandenburg_an_der_havel with Brandenburg an der Havel returned from geonames.
2025-07-31 17:33:18,744 INFO 📄 Index 1 | Name: Brandenburg an der Havel | fcl: A, fcode: ADM4 | ADM1: Brandenburg, ADM2: , ADM3: Brandenburg an der Havel, ADM4: Brandenburg an der Havel | Score: 11.77, Population: 72461 | Fuzzy match: 79.16666666666666
2025-07-31 17:33:18,744 WARNING ❌ No match found with fuzzy score > 80 for city: brandenburg_an_der_havel
2025-07-31 17:33:18,745 WARNING ❌ Lookup failed for city='brandenburg_an_der_havel', iso2='DE'
