2025-09-26 20:53:25,737 INFO 🗺️ Starting GeoNames lookup for city='berlin-köpenick', country='germany'
2025-09-26 20:53:25,738 INFO 📍 Location is present in the following articles: [ObjectId('68c153cde596289ce8423096')]
2025-09-26 20:53:25,909 INFO Comparing database entry: berlin-köpenick with Köpenick returned from geonames.
2025-09-26 20:53:25,909 INFO 📄 Index 0 | Name: Köpenick | fcl: P, fcode: PPLX | ADM1: State of Berlin, ADM2: , ADM3: Berlin, Stadt, ADM4: Berlin | Latitude: 52.4455, Longitude: 13.57455 | Score: 67.08, Population: 67148 | Fuzzy match: 69.56521739130434
2025-09-26 20:53:25,909 INFO Comparing database entry: berlin-köpenick with Köpenick returned from geonames.
2025-09-26 20:53:25,909 INFO 📄 Index 1 | Name: Köpenick | fcl: P, fcode: PPLX | ADM1: State of Berlin, ADM2: , ADM3: Berlin, Stadt, ADM4: Berlin | Latitude: 52.44254, Longitude: 13.58228 | Score: 40.98, Population: 59561 | Fuzzy match: 69.56521739130434
2025-09-26 20:53:25,909 INFO Comparing database entry: berlin-köpenick with Adlershof returned from geonames.
2025-09-26 20:53:25,909 INFO 📄 Index 2 | Name: Adlershof | fcl: P, fcode: PPLX | ADM1: State of Berlin, ADM2: , ADM3: Berlin, Stadt, ADM4: Berlin | Latitude: 52.43548, Longitude: 13.54825 | Score: 39.52, Population: 20210 | Fuzzy match: 16.666666666666664
2025-09-26 20:53:25,909 INFO Comparing database entry: berlin-köpenick with Alt-Treptow returned from geonames.
2025-09-26 20:53:25,910 INFO 📄 Index 3 | Name: Alt-Treptow | fcl: P, fcode: PPLX | ADM1: State of Berlin, ADM2: , ADM3: Berlin, Stadt, ADM4: Berlin | Latitude: 52.48863, Longitude: 13.4586 | Score: 34.11, Population: 13167 | Fuzzy match: 23.076923076923073
2025-09-26 20:53:26,071 INFO Comparing database entry: berlin-köpenick with Köpenick returned from geonames.
2025-09-26 20:53:26,071 INFO 📄 Index 0 | Name: Köpenick | fcl: P, fcode: PPLX | ADM1: State of Berlin, ADM2: , ADM3: Berlin, Stadt, ADM4: Berlin | Latitude: 52.4455, Longitude: 13.57455 | Score: 67.08, Population: 67148 | Fuzzy match: 69.56521739130434
2025-09-26 20:53:26,071 INFO Comparing database entry: berlin-köpenick with Köpenick returned from geonames.
2025-09-26 20:53:26,071 INFO 📄 Index 1 | Name: Köpenick | fcl: P, fcode: PPLX | ADM1: State of Berlin, ADM2: , ADM3: Berlin, Stadt, ADM4: Berlin | Latitude: 52.44254, Longitude: 13.58228 | Score: 40.98, Population: 59561 | Fuzzy match: 69.56521739130434
2025-09-26 20:53:26,071 INFO Comparing database entry: berlin-köpenick with Adlershof returned from geonames.
2025-09-26 20:53:26,071 INFO 📄 Index 2 | Name: Adlershof | fcl: P, fcode: PPLX | ADM1: State of Berlin, ADM2: , ADM3: Berlin, Stadt, ADM4: Berlin | Latitude: 52.43548, Longitude: 13.54825 | Score: 39.52, Population: 20210 | Fuzzy match: 16.666666666666664
2025-09-26 20:53:26,072 INFO Comparing database entry: berlin-köpenick with Alt-Treptow returned from geonames.
2025-09-26 20:53:26,072 INFO 📄 Index 3 | Name: Alt-Treptow | fcl: P, fcode: PPLX | ADM1: State of Berlin, ADM2: , ADM3: Berlin, Stadt, ADM4: Berlin | Latitude: 52.48863, Longitude: 13.4586 | Score: 34.11, Population: 13167 | Fuzzy match: 23.076923076923073
2025-09-26 20:53:26,233 INFO Comparing database entry: berlin-köpenick with Köpenick returned from geonames.
2025-09-26 20:53:26,233 INFO 📄 Index 0 | Name: Köpenick | fcl: P, fcode: PPLX | ADM1: State of Berlin, ADM2: , ADM3: Berlin, Stadt, ADM4: Berlin | Latitude: 52.4455, Longitude: 13.57455 | Score: 67.08, Population: 67148 | Fuzzy match: 69.56521739130434
2025-09-26 20:53:26,233 INFO Comparing database entry: berlin-köpenick with Köpenick returned from geonames.
2025-09-26 20:53:26,233 INFO 📄 Index 1 | Name: Köpenick | fcl: P, fcode: PPLX | ADM1: State of Berlin, ADM2: , ADM3: Berlin, Stadt, ADM4: Berlin | Latitude: 52.44254, Longitude: 13.58228 | Score: 40.98, Population: 59561 | Fuzzy match: 69.56521739130434
2025-09-26 20:53:26,233 INFO Comparing database entry: berlin-köpenick with Adlershof returned from geonames.
2025-09-26 20:53:26,233 INFO 📄 Index 2 | Name: Adlershof | fcl: P, fcode: PPLX | ADM1: State of Berlin, ADM2: , ADM3: Berlin, Stadt, ADM4: Berlin | Latitude: 52.43548, Longitude: 13.54825 | Score: 39.52, Population: 20210 | Fuzzy match: 16.666666666666664
2025-09-26 20:53:26,233 INFO Comparing database entry: berlin-köpenick with Alt-Treptow returned from geonames.
2025-09-26 20:53:26,233 INFO 📄 Index 3 | Name: Alt-Treptow | fcl: P, fcode: PPLX | ADM1: State of Berlin, ADM2: , ADM3: Berlin, Stadt, ADM4: Berlin | Latitude: 52.48863, Longitude: 13.4586 | Score: 34.11, Population: 13167 | Fuzzy match: 23.076923076923073
2025-09-26 20:53:26,392 INFO Comparing database entry: berlin-köpenick with Köpenick returned from geonames.
2025-09-26 20:53:26,393 INFO 📄 Index 0 | Name: Köpenick | fcl: P, fcode: PPLX | ADM1: State of Berlin, ADM2: , ADM3: Berlin, Stadt, ADM4: Berlin | Latitude: 52.4455, Longitude: 13.57455 | Score: 67.08, Population: 67148 | Fuzzy match: 69.56521739130434
2025-09-26 20:53:26,393 INFO Comparing database entry: berlin-köpenick with Köpenick returned from geonames.
2025-09-26 20:53:26,393 INFO 📄 Index 1 | Name: Köpenick | fcl: P, fcode: PPLX | ADM1: State of Berlin, ADM2: , ADM3: Berlin, Stadt, ADM4: Berlin | Latitude: 52.44254, Longitude: 13.58228 | Score: 40.98, Population: 59561 | Fuzzy match: 69.56521739130434
2025-09-26 20:53:26,393 INFO Comparing database entry: berlin-köpenick with Adlershof returned from geonames.
2025-09-26 20:53:26,393 INFO 📄 Index 2 | Name: Adlershof | fcl: P, fcode: PPLX | ADM1: State of Berlin, ADM2: , ADM3: Berlin, Stadt, ADM4: Berlin | Latitude: 52.43548, Longitude: 13.54825 | Score: 39.52, Population: 20210 | Fuzzy match: 16.666666666666664
2025-09-26 20:53:26,393 INFO Comparing database entry: berlin-köpenick with Alt-Treptow returned from geonames.
2025-09-26 20:53:26,393 INFO 📄 Index 3 | Name: Alt-Treptow | fcl: P, fcode: PPLX | ADM1: State of Berlin, ADM2: , ADM3: Berlin, Stadt, ADM4: Berlin | Latitude: 52.48863, Longitude: 13.4586 | Score: 34.11, Population: 13167 | Fuzzy match: 23.076923076923073
2025-09-26 20:53:26,552 INFO Comparing database entry: berlin-köpenick with Köpenick returned from geonames.
2025-09-26 20:53:26,553 INFO 📄 Index 0 | Name: Köpenick | fcl: P, fcode: PPLX | ADM1: State of Berlin, ADM2: , ADM3: Berlin, Stadt, ADM4: Berlin | Latitude: 52.4455, Longitude: 13.57455 | Score: 67.08, Population: 67148 | Fuzzy match: 69.56521739130434
2025-09-26 20:53:26,553 INFO Comparing database entry: berlin-köpenick with Köpenick returned from geonames.
2025-09-26 20:53:26,553 INFO 📄 Index 1 | Name: Köpenick | fcl: P, fcode: PPLX | ADM1: State of Berlin, ADM2: , ADM3: Berlin, Stadt, ADM4: Berlin | Latitude: 52.44254, Longitude: 13.58228 | Score: 40.98, Population: 59561 | Fuzzy match: 69.56521739130434
2025-09-26 20:53:26,553 INFO Comparing database entry: berlin-köpenick with Adlershof returned from geonames.
2025-09-26 20:53:26,553 INFO 📄 Index 2 | Name: Adlershof | fcl: P, fcode: PPLX | ADM1: State of Berlin, ADM2: , ADM3: Berlin, Stadt, ADM4: Berlin | Latitude: 52.43548, Longitude: 13.54825 | Score: 39.52, Population: 20210 | Fuzzy match: 16.666666666666664
2025-09-26 20:53:26,553 INFO Comparing database entry: berlin-köpenick with Alt-Treptow returned from geonames.
2025-09-26 20:53:26,553 INFO 📄 Index 3 | Name: Alt-Treptow | fcl: P, fcode: PPLX | ADM1: State of Berlin, ADM2: , ADM3: Berlin, Stadt, ADM4: Berlin | Latitude: 52.48863, Longitude: 13.4586 | Score: 34.11, Population: 13167 | Fuzzy match: 23.076923076923073
2025-09-26 20:53:26,697 INFO Comparing database entry: berlin-köpenick with Köpenick returned from geonames.
2025-09-26 20:53:26,697 INFO 📄 Index 0 | Name: Köpenick | fcl: P, fcode: PPLX | ADM1: State of Berlin, ADM2: , ADM3: Berlin, Stadt, ADM4: Berlin | Latitude: 52.4455, Longitude: 13.57455 | Score: 67.08, Population: 67148 | Fuzzy match: 69.56521739130434
2025-09-26 20:53:26,697 INFO Comparing database entry: berlin-köpenick with Köpenick returned from geonames.
2025-09-26 20:53:26,697 INFO 📄 Index 1 | Name: Köpenick | fcl: P, fcode: PPLX | ADM1: State of Berlin, ADM2: , ADM3: Berlin, Stadt, ADM4: Berlin | Latitude: 52.44254, Longitude: 13.58228 | Score: 40.98, Population: 59561 | Fuzzy match: 69.56521739130434
2025-09-26 20:53:26,697 INFO Comparing database entry: berlin-köpenick with Adlershof returned from geonames.
2025-09-26 20:53:26,697 INFO 📄 Index 2 | Name: Adlershof | fcl: P, fcode: PPLX | ADM1: State of Berlin, ADM2: , ADM3: Berlin, Stadt, ADM4: Berlin | Latitude: 52.43548, Longitude: 13.54825 | Score: 39.52, Population: 20210 | Fuzzy match: 16.666666666666664
2025-09-26 20:53:26,698 INFO Comparing database entry: berlin-köpenick with Alt-Treptow returned from geonames.
2025-09-26 20:53:26,698 INFO 📄 Index 3 | Name: Alt-Treptow | fcl: P, fcode: PPLX | ADM1: State of Berlin, ADM2: , ADM3: Berlin, Stadt, ADM4: Berlin | Latitude: 52.48863, Longitude: 13.4586 | Score: 34.11, Population: 13167 | Fuzzy match: 23.076923076923073
2025-09-26 20:53:26,698 WARNING ❌ No match found with fuzzy score > 80 for city: berlin-köpenick
2025-09-26 20:53:26,698 WARNING ❌ Lookup failed for city='berlinköpenick', iso2='DE'
