2025-08-08 14:37:50,595 INFO 🗺️ Starting GeoNames lookup for city='braunschweig', country='germany'
2025-08-08 14:37:50,595 INFO 📍 Location is present in the following articles: [ObjectId('67f52aa8981040986eab71fa'), ObjectId('67f52ac6981040986eab726e'), ObjectId('67f52acd981040986eab728c'), ObjectId('67f52ad6981040986eab72b1'), ObjectId('67f52ae8981040986eab72f8'), ObjectId('67f52aff981040986eab7353'), ObjectId('67f52b04981040986eab7365'), ObjectId('67f52b08981040986eab7378'), ObjectId('67f52b12981040986eab739c'), ObjectId('67f52b17981040986eab73b3')]
2025-08-08 14:37:50,822 INFO Comparing database entry: braunschweig with Brunswick returned from geonames.
2025-08-08 14:37:50,822 INFO 📄 Index 0 | Name: Brunswick | fcl: P, fcode: PPLA3 | ADM1: Lower Saxony, ADM2: , ADM3: Kreisfreie Stadt Braunschweig, ADM4: Braunschweig | Score: 67.07, Population: 244715 | Fuzzy match: 66.66666666666667
2025-08-08 14:37:50,822 INFO Comparing database entry: braunschweig with Regierungsbezirk Braunschweig returned from geonames.
2025-08-08 14:37:50,822 INFO 📄 Index 1 | Name: Regierungsbezirk Braunschweig | fcl: A, fcode: ADM2H | ADM1: Lower Saxony, ADM2: , ADM3: , ADM4:  | Score: 29.97, Population: 0 | Fuzzy match: 58.53658536585367
2025-08-08 14:37:50,822 INFO Comparing database entry: braunschweig with Bevenrode returned from geonames.
2025-08-08 14:37:50,822 INFO 📄 Index 2 | Name: Bevenrode | fcl: P, fcode: PPL | ADM1: Lower Saxony, ADM2: , ADM3: Kreisfreie Stadt Braunschweig, ADM4: Braunschweig | Score: 25.17, Population: 1613 | Fuzzy match: 28.57142857142857
2025-08-08 14:37:50,822 INFO Comparing database entry: braunschweig with Broitzem returned from geonames.
2025-08-08 14:37:50,822 INFO 📄 Index 3 | Name: Broitzem | fcl: P, fcode: PPL | ADM1: Lower Saxony, ADM2: , ADM3: Kreisfreie Stadt Braunschweig, ADM4: Braunschweig | Score: 21.65, Population: 5853 | Fuzzy match: 30.000000000000004
2025-08-08 14:37:50,966 INFO Comparing database entry: braunschweig with Brunswick returned from geonames.
2025-08-08 14:37:50,966 INFO 📄 Index 0 | Name: Brunswick | fcl: P, fcode: PPLA3 | ADM1: Lower Saxony, ADM2: , ADM3: Kreisfreie Stadt Braunschweig, ADM4: Braunschweig | Score: 67.07, Population: 244715 | Fuzzy match: 66.66666666666667
2025-08-08 14:37:50,966 INFO Comparing database entry: braunschweig with Regierungsbezirk Braunschweig returned from geonames.
2025-08-08 14:37:50,966 INFO 📄 Index 1 | Name: Regierungsbezirk Braunschweig | fcl: A, fcode: ADM2H | ADM1: Lower Saxony, ADM2: , ADM3: , ADM4:  | Score: 29.97, Population: 0 | Fuzzy match: 58.53658536585367
2025-08-08 14:37:50,966 INFO Comparing database entry: braunschweig with Bevenrode returned from geonames.
2025-08-08 14:37:50,966 INFO 📄 Index 2 | Name: Bevenrode | fcl: P, fcode: PPL | ADM1: Lower Saxony, ADM2: , ADM3: Kreisfreie Stadt Braunschweig, ADM4: Braunschweig | Score: 25.17, Population: 1613 | Fuzzy match: 28.57142857142857
2025-08-08 14:37:50,967 INFO Comparing database entry: braunschweig with Broitzem returned from geonames.
2025-08-08 14:37:50,967 INFO 📄 Index 3 | Name: Broitzem | fcl: P, fcode: PPL | ADM1: Lower Saxony, ADM2: , ADM3: Kreisfreie Stadt Braunschweig, ADM4: Braunschweig | Score: 21.65, Population: 5853 | Fuzzy match: 30.000000000000004
2025-08-08 14:37:51,121 INFO Comparing database entry: braunschweig with Brunswick returned from geonames.
2025-08-08 14:37:51,121 INFO 📄 Index 0 | Name: Brunswick | fcl: P, fcode: PPLA3 | ADM1: Lower Saxony, ADM2: , ADM3: Kreisfreie Stadt Braunschweig, ADM4: Braunschweig | Score: 67.07, Population: 244715 | Fuzzy match: 66.66666666666667
2025-08-08 14:37:51,121 INFO Comparing database entry: braunschweig with Regierungsbezirk Braunschweig returned from geonames.
2025-08-08 14:37:51,121 INFO 📄 Index 1 | Name: Regierungsbezirk Braunschweig | fcl: A, fcode: ADM2H | ADM1: Lower Saxony, ADM2: , ADM3: , ADM4:  | Score: 29.97, Population: 0 | Fuzzy match: 58.53658536585367
2025-08-08 14:37:51,121 INFO Comparing database entry: braunschweig with Bevenrode returned from geonames.
2025-08-08 14:37:51,121 INFO 📄 Index 2 | Name: Bevenrode | fcl: P, fcode: PPL | ADM1: Lower Saxony, ADM2: , ADM3: Kreisfreie Stadt Braunschweig, ADM4: Braunschweig | Score: 25.17, Population: 1613 | Fuzzy match: 28.57142857142857
2025-08-08 14:37:51,121 INFO Comparing database entry: braunschweig with Broitzem returned from geonames.
2025-08-08 14:37:51,121 INFO 📄 Index 3 | Name: Broitzem | fcl: P, fcode: PPL | ADM1: Lower Saxony, ADM2: , ADM3: Kreisfreie Stadt Braunschweig, ADM4: Braunschweig | Score: 21.65, Population: 5853 | Fuzzy match: 30.000000000000004
2025-08-08 14:37:51,297 INFO Comparing database entry: braunschweig with Brunswick returned from geonames.
2025-08-08 14:37:51,297 INFO 📄 Index 0 | Name: Brunswick | fcl: P, fcode: PPLA3 | ADM1: Lower Saxony, ADM2: , ADM3: Kreisfreie Stadt Braunschweig, ADM4: Braunschweig | Score: 67.07, Population: 244715 | Fuzzy match: 66.66666666666667
2025-08-08 14:37:51,297 INFO Comparing database entry: braunschweig with Regierungsbezirk Braunschweig returned from geonames.
2025-08-08 14:37:51,297 INFO 📄 Index 1 | Name: Regierungsbezirk Braunschweig | fcl: A, fcode: ADM2H | ADM1: Lower Saxony, ADM2: , ADM3: , ADM4:  | Score: 29.97, Population: 0 | Fuzzy match: 58.53658536585367
2025-08-08 14:37:51,297 INFO Comparing database entry: braunschweig with Bevenrode returned from geonames.
2025-08-08 14:37:51,297 INFO 📄 Index 2 | Name: Bevenrode | fcl: P, fcode: PPL | ADM1: Lower Saxony, ADM2: , ADM3: Kreisfreie Stadt Braunschweig, ADM4: Braunschweig | Score: 25.17, Population: 1613 | Fuzzy match: 28.57142857142857
2025-08-08 14:37:51,297 INFO Comparing database entry: braunschweig with Broitzem returned from geonames.
2025-08-08 14:37:51,297 INFO 📄 Index 3 | Name: Broitzem | fcl: P, fcode: PPL | ADM1: Lower Saxony, ADM2: , ADM3: Kreisfreie Stadt Braunschweig, ADM4: Braunschweig | Score: 21.65, Population: 5853 | Fuzzy match: 30.000000000000004
2025-08-08 14:37:51,472 INFO Comparing database entry: braunschweig with Brunswick returned from geonames.
2025-08-08 14:37:51,472 INFO 📄 Index 0 | Name: Brunswick | fcl: P, fcode: PPLA3 | ADM1: Lower Saxony, ADM2: , ADM3: Kreisfreie Stadt Braunschweig, ADM4: Braunschweig | Score: 67.07, Population: 244715 | Fuzzy match: 66.66666666666667
2025-08-08 14:37:51,472 INFO Comparing database entry: braunschweig with Regierungsbezirk Braunschweig returned from geonames.
2025-08-08 14:37:51,472 INFO 📄 Index 1 | Name: Regierungsbezirk Braunschweig | fcl: A, fcode: ADM2H | ADM1: Lower Saxony, ADM2: , ADM3: , ADM4:  | Score: 29.97, Population: 0 | Fuzzy match: 58.53658536585367
2025-08-08 14:37:51,472 INFO Comparing database entry: braunschweig with Bevenrode returned from geonames.
2025-08-08 14:37:51,472 INFO 📄 Index 2 | Name: Bevenrode | fcl: P, fcode: PPL | ADM1: Lower Saxony, ADM2: , ADM3: Kreisfreie Stadt Braunschweig, ADM4: Braunschweig | Score: 25.17, Population: 1613 | Fuzzy match: 28.57142857142857
2025-08-08 14:37:51,472 INFO Comparing database entry: braunschweig with Broitzem returned from geonames.
2025-08-08 14:37:51,472 INFO 📄 Index 3 | Name: Broitzem | fcl: P, fcode: PPL | ADM1: Lower Saxony, ADM2: , ADM3: Kreisfreie Stadt Braunschweig, ADM4: Braunschweig | Score: 21.65, Population: 5853 | Fuzzy match: 30.000000000000004
2025-08-08 14:37:51,627 INFO Comparing database entry: braunschweig with Brunswick returned from geonames.
2025-08-08 14:37:51,627 INFO 📄 Index 0 | Name: Brunswick | fcl: P, fcode: PPLA3 | ADM1: Lower Saxony, ADM2: , ADM3: Kreisfreie Stadt Braunschweig, ADM4: Braunschweig | Score: 67.07, Population: 244715 | Fuzzy match: 66.66666666666667
2025-08-08 14:37:51,627 INFO Comparing database entry: braunschweig with Regierungsbezirk Braunschweig returned from geonames.
2025-08-08 14:37:51,627 INFO 📄 Index 1 | Name: Regierungsbezirk Braunschweig | fcl: A, fcode: ADM2H | ADM1: Lower Saxony, ADM2: , ADM3: , ADM4:  | Score: 29.97, Population: 0 | Fuzzy match: 58.53658536585367
2025-08-08 14:37:51,627 INFO Comparing database entry: braunschweig with Bevenrode returned from geonames.
2025-08-08 14:37:51,627 INFO 📄 Index 2 | Name: Bevenrode | fcl: P, fcode: PPL | ADM1: Lower Saxony, ADM2: , ADM3: Kreisfreie Stadt Braunschweig, ADM4: Braunschweig | Score: 25.17, Population: 1613 | Fuzzy match: 28.57142857142857
2025-08-08 14:37:51,627 INFO Comparing database entry: braunschweig with Broitzem returned from geonames.
2025-08-08 14:37:51,628 INFO 📄 Index 3 | Name: Broitzem | fcl: P, fcode: PPL | ADM1: Lower Saxony, ADM2: , ADM3: Kreisfreie Stadt Braunschweig, ADM4: Braunschweig | Score: 21.65, Population: 5853 | Fuzzy match: 30.000000000000004
2025-08-08 14:37:51,628 WARNING ❌ No match found with fuzzy score > 80 for city: braunschweig
2025-08-08 14:37:51,628 WARNING ❌ Lookup failed for city='braunschweig', iso2='DE'
