2025-08-18 21:21:29,347 INFO 🗺️ Starting GeoNames lookup for city='central germany', country='germany'
2025-08-18 21:21:29,347 INFO 📍 Location is present in the following articles: [ObjectId('67f922f6f431fddd61d56021')]
2025-08-18 21:21:30,047 INFO Comparing database entry: central germany with Germany returned from geonames.
2025-08-18 21:21:30,047 INFO 📄 Index 0 | Name: Germany | fcl: A, fcode: PCLI | ADM1: , ADM2: , ADM3: , ADM4:  | Latitude: 51.5, Longitude: 10.5 | Score: 138.11, Population: 82927922 | Fuzzy match: 63.63636363636363
2025-08-18 21:21:30,047 INFO Comparing database entry: central germany with Berlin returned from geonames.
2025-08-18 21:21:30,047 INFO 📄 Index 1 | Name: Berlin | fcl: P, fcode: PPLC | ADM1: State of Berlin, ADM2: , ADM3: Berlin, Stadt, ADM4: Berlin | Latitude: 52.52437, Longitude: 13.41053 | Score: 136.06, Population: 3426354 | Fuzzy match: 38.095238095238095
2025-08-18 21:21:30,048 INFO Comparing database entry: central germany with Hamburg returned from geonames.
2025-08-18 21:21:30,048 INFO 📄 Index 2 | Name: Hamburg | fcl: P, fcode: PPLA | ADM1: Hamburg, ADM2: , ADM3: Hamburg, Freie und Hansestadt, ADM4: Hamburg | Latitude: 53.55073, Longitude: 9.99302 | Score: 134.24, Population: 1845229 | Fuzzy match: 18.181818181818176
2025-08-18 21:21:30,048 INFO Comparing database entry: central germany with Munich returned from geonames.
2025-08-18 21:21:30,048 INFO 📄 Index 3 | Name: Munich | fcl: P, fcode: PPLA | ADM1: Bavaria, ADM2: Upper Bavaria, ADM3: Munich, Urban District, ADM4: Munich | Latitude: 48.13743, Longitude: 11.57549 | Score: 107.03, Population: 1260391 | Fuzzy match: 19.047619047619047
2025-08-18 21:21:30,294 INFO Comparing database entry: central germany with Germany returned from geonames.
2025-08-18 21:21:30,294 INFO 📄 Index 0 | Name: Germany | fcl: A, fcode: PCLI | ADM1: , ADM2: , ADM3: , ADM4:  | Latitude: 51.5, Longitude: 10.5 | Score: 138.11, Population: 82927922 | Fuzzy match: 63.63636363636363
2025-08-18 21:21:30,294 INFO Comparing database entry: central germany with Berlin returned from geonames.
2025-08-18 21:21:30,294 INFO 📄 Index 1 | Name: Berlin | fcl: P, fcode: PPLC | ADM1: State of Berlin, ADM2: , ADM3: Berlin, Stadt, ADM4: Berlin | Latitude: 52.52437, Longitude: 13.41053 | Score: 136.06, Population: 3426354 | Fuzzy match: 38.095238095238095
2025-08-18 21:21:30,294 INFO Comparing database entry: central germany with Hamburg returned from geonames.
2025-08-18 21:21:30,294 INFO 📄 Index 2 | Name: Hamburg | fcl: P, fcode: PPLA | ADM1: Hamburg, ADM2: , ADM3: Hamburg, Freie und Hansestadt, ADM4: Hamburg | Latitude: 53.55073, Longitude: 9.99302 | Score: 134.24, Population: 1845229 | Fuzzy match: 18.181818181818176
2025-08-18 21:21:30,294 INFO Comparing database entry: central germany with Munich returned from geonames.
2025-08-18 21:21:30,295 INFO 📄 Index 3 | Name: Munich | fcl: P, fcode: PPLA | ADM1: Bavaria, ADM2: Upper Bavaria, ADM3: Munich, Urban District, ADM4: Munich | Latitude: 48.13743, Longitude: 11.57549 | Score: 107.03, Population: 1260391 | Fuzzy match: 19.047619047619047
2025-08-18 21:21:30,542 INFO Comparing database entry: central germany with Germany returned from geonames.
2025-08-18 21:21:30,542 INFO 📄 Index 0 | Name: Germany | fcl: A, fcode: PCLI | ADM1: , ADM2: , ADM3: , ADM4:  | Latitude: 51.5, Longitude: 10.5 | Score: 138.11, Population: 82927922 | Fuzzy match: 63.63636363636363
2025-08-18 21:21:30,543 INFO Comparing database entry: central germany with Berlin returned from geonames.
2025-08-18 21:21:30,543 INFO 📄 Index 1 | Name: Berlin | fcl: P, fcode: PPLC | ADM1: State of Berlin, ADM2: , ADM3: Berlin, Stadt, ADM4: Berlin | Latitude: 52.52437, Longitude: 13.41053 | Score: 136.06, Population: 3426354 | Fuzzy match: 38.095238095238095
2025-08-18 21:21:30,543 INFO Comparing database entry: central germany with Hamburg returned from geonames.
2025-08-18 21:21:30,543 INFO 📄 Index 2 | Name: Hamburg | fcl: P, fcode: PPLA | ADM1: Hamburg, ADM2: , ADM3: Hamburg, Freie und Hansestadt, ADM4: Hamburg | Latitude: 53.55073, Longitude: 9.99302 | Score: 134.24, Population: 1845229 | Fuzzy match: 18.181818181818176
2025-08-18 21:21:30,543 INFO Comparing database entry: central germany with Munich returned from geonames.
2025-08-18 21:21:30,543 INFO 📄 Index 3 | Name: Munich | fcl: P, fcode: PPLA | ADM1: Bavaria, ADM2: Upper Bavaria, ADM3: Munich, Urban District, ADM4: Munich | Latitude: 48.13743, Longitude: 11.57549 | Score: 107.03, Population: 1260391 | Fuzzy match: 19.047619047619047
2025-08-18 21:21:30,803 INFO Comparing database entry: central germany with Germany returned from geonames.
2025-08-18 21:21:30,803 INFO 📄 Index 0 | Name: Germany | fcl: A, fcode: PCLI | ADM1: , ADM2: , ADM3: , ADM4:  | Latitude: 51.5, Longitude: 10.5 | Score: 138.11, Population: 82927922 | Fuzzy match: 63.63636363636363
2025-08-18 21:21:30,803 INFO Comparing database entry: central germany with Berlin returned from geonames.
2025-08-18 21:21:30,803 INFO 📄 Index 1 | Name: Berlin | fcl: P, fcode: PPLC | ADM1: State of Berlin, ADM2: , ADM3: Berlin, Stadt, ADM4: Berlin | Latitude: 52.52437, Longitude: 13.41053 | Score: 136.06, Population: 3426354 | Fuzzy match: 38.095238095238095
2025-08-18 21:21:30,804 INFO Comparing database entry: central germany with Hamburg returned from geonames.
2025-08-18 21:21:30,804 INFO 📄 Index 2 | Name: Hamburg | fcl: P, fcode: PPLA | ADM1: Hamburg, ADM2: , ADM3: Hamburg, Freie und Hansestadt, ADM4: Hamburg | Latitude: 53.55073, Longitude: 9.99302 | Score: 134.24, Population: 1845229 | Fuzzy match: 18.181818181818176
2025-08-18 21:21:30,804 INFO Comparing database entry: central germany with Munich returned from geonames.
2025-08-18 21:21:30,804 INFO 📄 Index 3 | Name: Munich | fcl: P, fcode: PPLA | ADM1: Bavaria, ADM2: Upper Bavaria, ADM3: Munich, Urban District, ADM4: Munich | Latitude: 48.13743, Longitude: 11.57549 | Score: 107.03, Population: 1260391 | Fuzzy match: 19.047619047619047
2025-08-18 21:21:31,085 INFO Comparing database entry: central germany with Germany returned from geonames.
2025-08-18 21:21:31,086 INFO 📄 Index 0 | Name: Germany | fcl: A, fcode: PCLI | ADM1: , ADM2: , ADM3: , ADM4:  | Latitude: 51.5, Longitude: 10.5 | Score: 138.11, Population: 82927922 | Fuzzy match: 63.63636363636363
2025-08-18 21:21:31,086 INFO Comparing database entry: central germany with Berlin returned from geonames.
2025-08-18 21:21:31,086 INFO 📄 Index 1 | Name: Berlin | fcl: P, fcode: PPLC | ADM1: State of Berlin, ADM2: , ADM3: Berlin, Stadt, ADM4: Berlin | Latitude: 52.52437, Longitude: 13.41053 | Score: 136.06, Population: 3426354 | Fuzzy match: 38.095238095238095
2025-08-18 21:21:31,086 INFO Comparing database entry: central germany with Hamburg returned from geonames.
2025-08-18 21:21:31,086 INFO 📄 Index 2 | Name: Hamburg | fcl: P, fcode: PPLA | ADM1: Hamburg, ADM2: , ADM3: Hamburg, Freie und Hansestadt, ADM4: Hamburg | Latitude: 53.55073, Longitude: 9.99302 | Score: 134.24, Population: 1845229 | Fuzzy match: 18.181818181818176
2025-08-18 21:21:31,086 INFO Comparing database entry: central germany with Munich returned from geonames.
2025-08-18 21:21:31,086 INFO 📄 Index 3 | Name: Munich | fcl: P, fcode: PPLA | ADM1: Bavaria, ADM2: Upper Bavaria, ADM3: Munich, Urban District, ADM4: Munich | Latitude: 48.13743, Longitude: 11.57549 | Score: 107.03, Population: 1260391 | Fuzzy match: 19.047619047619047
2025-08-18 21:21:31,380 INFO Comparing database entry: central germany with Germany returned from geonames.
2025-08-18 21:21:31,381 INFO 📄 Index 0 | Name: Germany | fcl: A, fcode: PCLI | ADM1: , ADM2: , ADM3: , ADM4:  | Latitude: 51.5, Longitude: 10.5 | Score: 138.11, Population: 82927922 | Fuzzy match: 63.63636363636363
2025-08-18 21:21:31,381 INFO Comparing database entry: central germany with Berlin returned from geonames.
2025-08-18 21:21:31,381 INFO 📄 Index 1 | Name: Berlin | fcl: P, fcode: PPLC | ADM1: State of Berlin, ADM2: , ADM3: Berlin, Stadt, ADM4: Berlin | Latitude: 52.52437, Longitude: 13.41053 | Score: 136.06, Population: 3426354 | Fuzzy match: 38.095238095238095
2025-08-18 21:21:31,381 INFO Comparing database entry: central germany with Hamburg returned from geonames.
2025-08-18 21:21:31,381 INFO 📄 Index 2 | Name: Hamburg | fcl: P, fcode: PPLA | ADM1: Hamburg, ADM2: , ADM3: Hamburg, Freie und Hansestadt, ADM4: Hamburg | Latitude: 53.55073, Longitude: 9.99302 | Score: 134.24, Population: 1845229 | Fuzzy match: 18.181818181818176
2025-08-18 21:21:31,381 INFO Comparing database entry: central germany with Munich returned from geonames.
2025-08-18 21:21:31,381 INFO 📄 Index 3 | Name: Munich | fcl: P, fcode: PPLA | ADM1: Bavaria, ADM2: Upper Bavaria, ADM3: Munich, Urban District, ADM4: Munich | Latitude: 48.13743, Longitude: 11.57549 | Score: 107.03, Population: 1260391 | Fuzzy match: 19.047619047619047
2025-08-18 21:21:31,381 WARNING ❌ No match found with fuzzy score > 80 for city: central germany
2025-08-18 21:21:31,381 WARNING ❌ Lookup failed for city='central_germany', iso2='DE'
