2025-08-08 14:50:06,027 INFO 🗺️ Starting GeoNames lookup for city='dettingen erms', country='germany'
2025-08-08 14:50:06,027 INFO 📍 Location is present in the following articles: [ObjectId('67f92150f431fddd61d55aad'), ObjectId('67f921aff431fddd61d55beb')]
2025-08-08 14:50:06,165 INFO Comparing database entry: dettingen erms with Dettingen an der Erms returned from geonames.
2025-08-08 14:50:06,165 INFO 📄 Index 0 | Name: Dettingen an der Erms | fcl: P, fcode: PPLA4 | ADM1: Baden-Wurttemberg, ADM2: Tübingen Region, ADM3: Landkreis Reutlingen, ADM4: Dettingen an der Erms | Score: 23.21, Population: 9271 | Fuzzy match: 80.0
2025-08-08 14:50:06,165 INFO Comparing database entry: dettingen erms with Dettingen an der Erms returned from geonames.
2025-08-08 14:50:06,165 INFO 📄 Index 1 | Name: Dettingen an der Erms | fcl: A, fcode: ADM4 | ADM1: Baden-Wurttemberg, ADM2: Tübingen Region, ADM3: Landkreis Reutlingen, ADM4: Dettingen an der Erms | Score: 14.70, Population: 9743 | Fuzzy match: 80.0
2025-08-08 14:50:06,165 INFO Comparing database entry: dettingen erms with Buchhalde returned from geonames.
2025-08-08 14:50:06,165 INFO 📄 Index 2 | Name: Buchhalde | fcl: P, fcode: PPL | ADM1: Baden-Wurttemberg, ADM2: Tübingen Region, ADM3: Landkreis Reutlingen, ADM4: Dettingen an der Erms | Score: 6.99, Population: 0 | Fuzzy match: 17.391304347826086
2025-08-08 14:50:06,330 INFO Comparing database entry: dettingen erms with Dettingen an der Erms returned from geonames.
2025-08-08 14:50:06,330 INFO 📄 Index 0 | Name: Dettingen an der Erms | fcl: P, fcode: PPLA4 | ADM1: Baden-Wurttemberg, ADM2: Tübingen Region, ADM3: Landkreis Reutlingen, ADM4: Dettingen an der Erms | Score: 23.21, Population: 9271 | Fuzzy match: 80.0
2025-08-08 14:50:06,330 INFO Comparing database entry: dettingen erms with Dettingen an der Erms returned from geonames.
2025-08-08 14:50:06,330 INFO 📄 Index 1 | Name: Dettingen an der Erms | fcl: A, fcode: ADM4 | ADM1: Baden-Wurttemberg, ADM2: Tübingen Region, ADM3: Landkreis Reutlingen, ADM4: Dettingen an der Erms | Score: 14.70, Population: 9743 | Fuzzy match: 80.0
2025-08-08 14:50:06,330 INFO Comparing database entry: dettingen erms with Buchhalde returned from geonames.
2025-08-08 14:50:06,331 INFO 📄 Index 2 | Name: Buchhalde | fcl: P, fcode: PPL | ADM1: Baden-Wurttemberg, ADM2: Tübingen Region, ADM3: Landkreis Reutlingen, ADM4: Dettingen an der Erms | Score: 6.99, Population: 0 | Fuzzy match: 17.391304347826086
2025-08-08 14:50:06,476 INFO Comparing database entry: dettingen erms with Dettingen an der Erms returned from geonames.
2025-08-08 14:50:06,476 INFO 📄 Index 0 | Name: Dettingen an der Erms | fcl: P, fcode: PPLA4 | ADM1: Baden-Wurttemberg, ADM2: Tübingen Region, ADM3: Landkreis Reutlingen, ADM4: Dettingen an der Erms | Score: 23.21, Population: 9271 | Fuzzy match: 80.0
2025-08-08 14:50:06,476 INFO Comparing database entry: dettingen erms with Dettingen an der Erms returned from geonames.
2025-08-08 14:50:06,476 INFO 📄 Index 1 | Name: Dettingen an der Erms | fcl: A, fcode: ADM4 | ADM1: Baden-Wurttemberg, ADM2: Tübingen Region, ADM3: Landkreis Reutlingen, ADM4: Dettingen an der Erms | Score: 14.70, Population: 9743 | Fuzzy match: 80.0
2025-08-08 14:50:06,476 INFO Comparing database entry: dettingen erms with Buchhalde returned from geonames.
2025-08-08 14:50:06,476 INFO 📄 Index 2 | Name: Buchhalde | fcl: P, fcode: PPL | ADM1: Baden-Wurttemberg, ADM2: Tübingen Region, ADM3: Landkreis Reutlingen, ADM4: Dettingen an der Erms | Score: 6.99, Population: 0 | Fuzzy match: 17.391304347826086
2025-08-08 14:50:06,612 INFO Comparing database entry: dettingen erms with Dettingen an der Erms returned from geonames.
2025-08-08 14:50:06,613 INFO 📄 Index 0 | Name: Dettingen an der Erms | fcl: P, fcode: PPLA4 | ADM1: Baden-Wurttemberg, ADM2: Tübingen Region, ADM3: Landkreis Reutlingen, ADM4: Dettingen an der Erms | Score: 23.21, Population: 9271 | Fuzzy match: 80.0
2025-08-08 14:50:06,613 INFO Comparing database entry: dettingen erms with Dettingen an der Erms returned from geonames.
2025-08-08 14:50:06,613 INFO 📄 Index 1 | Name: Dettingen an der Erms | fcl: A, fcode: ADM4 | ADM1: Baden-Wurttemberg, ADM2: Tübingen Region, ADM3: Landkreis Reutlingen, ADM4: Dettingen an der Erms | Score: 14.70, Population: 9743 | Fuzzy match: 80.0
2025-08-08 14:50:06,613 INFO Comparing database entry: dettingen erms with Buchhalde returned from geonames.
2025-08-08 14:50:06,613 INFO 📄 Index 2 | Name: Buchhalde | fcl: P, fcode: PPL | ADM1: Baden-Wurttemberg, ADM2: Tübingen Region, ADM3: Landkreis Reutlingen, ADM4: Dettingen an der Erms | Score: 6.99, Population: 0 | Fuzzy match: 17.391304347826086
2025-08-08 14:50:06,776 INFO Comparing database entry: dettingen erms with Dettingen an der Erms returned from geonames.
2025-08-08 14:50:06,777 INFO 📄 Index 0 | Name: Dettingen an der Erms | fcl: P, fcode: PPLA4 | ADM1: Baden-Wurttemberg, ADM2: Tübingen Region, ADM3: Landkreis Reutlingen, ADM4: Dettingen an der Erms | Score: 23.21, Population: 9271 | Fuzzy match: 80.0
2025-08-08 14:50:06,777 INFO Comparing database entry: dettingen erms with Dettingen an der Erms returned from geonames.
2025-08-08 14:50:06,777 INFO 📄 Index 1 | Name: Dettingen an der Erms | fcl: A, fcode: ADM4 | ADM1: Baden-Wurttemberg, ADM2: Tübingen Region, ADM3: Landkreis Reutlingen, ADM4: Dettingen an der Erms | Score: 14.70, Population: 9743 | Fuzzy match: 80.0
2025-08-08 14:50:06,777 INFO Comparing database entry: dettingen erms with Buchhalde returned from geonames.
2025-08-08 14:50:06,777 INFO 📄 Index 2 | Name: Buchhalde | fcl: P, fcode: PPL | ADM1: Baden-Wurttemberg, ADM2: Tübingen Region, ADM3: Landkreis Reutlingen, ADM4: Dettingen an der Erms | Score: 6.99, Population: 0 | Fuzzy match: 17.391304347826086
2025-08-08 14:50:06,932 INFO Comparing database entry: dettingen erms with Dettingen an der Erms returned from geonames.
2025-08-08 14:50:06,932 INFO 📄 Index 0 | Name: Dettingen an der Erms | fcl: P, fcode: PPLA4 | ADM1: Baden-Wurttemberg, ADM2: Tübingen Region, ADM3: Landkreis Reutlingen, ADM4: Dettingen an der Erms | Score: 23.21, Population: 9271 | Fuzzy match: 80.0
2025-08-08 14:50:06,932 INFO Comparing database entry: dettingen erms with Dettingen an der Erms returned from geonames.
2025-08-08 14:50:06,932 INFO 📄 Index 1 | Name: Dettingen an der Erms | fcl: A, fcode: ADM4 | ADM1: Baden-Wurttemberg, ADM2: Tübingen Region, ADM3: Landkreis Reutlingen, ADM4: Dettingen an der Erms | Score: 14.70, Population: 9743 | Fuzzy match: 80.0
2025-08-08 14:50:06,932 INFO Comparing database entry: dettingen erms with Buchhalde returned from geonames.
2025-08-08 14:50:06,932 INFO 📄 Index 2 | Name: Buchhalde | fcl: P, fcode: PPL | ADM1: Baden-Wurttemberg, ADM2: Tübingen Region, ADM3: Landkreis Reutlingen, ADM4: Dettingen an der Erms | Score: 6.99, Population: 0 | Fuzzy match: 17.391304347826086
2025-08-08 14:50:06,932 WARNING ❌ No match found with fuzzy score > 80 for city: dettingen erms
2025-08-08 14:50:06,933 WARNING ❌ Lookup failed for city='dettingen_erms', iso2='DE'
