2025-08-17 16:01:36,491 INFO 🗺️ Starting GeoNames lookup for city='emsland', country='germany'
2025-08-17 16:01:36,492 INFO 📍 Location is present in the following articles: [ObjectId('67fa626f38fb90ab92f8c1d3'), ObjectId('67fa62b838fb90ab92f8c2c8')]
2025-08-17 16:01:36,662 INFO Comparing database entry: emsland with Lingen returned from geonames.
2025-08-17 16:01:36,662 INFO 📄 Index 0 | Name: Lingen | fcl: P, fcode: PPLA4 | ADM1: Lower Saxony, ADM2: , ADM3: Landkreis Emsland, ADM4: Lingen (Ems) | Score: 30.05, Population: 51310 | Fuzzy match: 30.76923076923077
2025-08-17 16:01:36,662 INFO Comparing database entry: emsland with Papenburg returned from geonames.
2025-08-17 16:01:36,662 INFO 📄 Index 1 | Name: Papenburg | fcl: P, fcode: PPL | ADM1: Lower Saxony, ADM2: , ADM3: Landkreis Emsland, ADM4: Papenburg | Score: 30.05, Population: 34117 | Fuzzy match: 25.0
2025-08-17 16:01:36,662 INFO Comparing database entry: emsland with Meppen returned from geonames.
2025-08-17 16:01:36,663 INFO 📄 Index 2 | Name: Meppen | fcl: P, fcode: PPLA3 | ADM1: Lower Saxony, ADM2: , ADM3: Landkreis Emsland, ADM4: Meppen | Score: 24.64, Population: 34198 | Fuzzy match: 30.76923076923077
2025-08-17 16:01:36,663 INFO Comparing database entry: emsland with Haselünne returned from geonames.
2025-08-17 16:01:36,663 INFO 📄 Index 3 | Name: Haselünne | fcl: P, fcode: PPL | ADM1: Lower Saxony, ADM2: , ADM3: Landkreis Emsland, ADM4: Haselünne | Score: 23.64, Population: 12562 | Fuzzy match: 37.5
2025-08-17 16:01:36,839 INFO Comparing database entry: emsland with Lingen returned from geonames.
2025-08-17 16:01:36,839 INFO 📄 Index 0 | Name: Lingen | fcl: P, fcode: PPLA4 | ADM1: Lower Saxony, ADM2: , ADM3: Landkreis Emsland, ADM4: Lingen (Ems) | Score: 30.05, Population: 51310 | Fuzzy match: 30.76923076923077
2025-08-17 16:01:36,839 INFO Comparing database entry: emsland with Papenburg returned from geonames.
2025-08-17 16:01:36,840 INFO 📄 Index 1 | Name: Papenburg | fcl: P, fcode: PPL | ADM1: Lower Saxony, ADM2: , ADM3: Landkreis Emsland, ADM4: Papenburg | Score: 30.05, Population: 34117 | Fuzzy match: 25.0
2025-08-17 16:01:36,840 INFO Comparing database entry: emsland with Meppen returned from geonames.
2025-08-17 16:01:36,840 INFO 📄 Index 2 | Name: Meppen | fcl: P, fcode: PPLA3 | ADM1: Lower Saxony, ADM2: , ADM3: Landkreis Emsland, ADM4: Meppen | Score: 24.64, Population: 34198 | Fuzzy match: 30.76923076923077
2025-08-17 16:01:36,840 INFO Comparing database entry: emsland with Haselünne returned from geonames.
2025-08-17 16:01:36,840 INFO 📄 Index 3 | Name: Haselünne | fcl: P, fcode: PPL | ADM1: Lower Saxony, ADM2: , ADM3: Landkreis Emsland, ADM4: Haselünne | Score: 23.64, Population: 12562 | Fuzzy match: 37.5
2025-08-17 16:01:37,010 INFO Comparing database entry: emsland with Lingen returned from geonames.
2025-08-17 16:01:37,011 INFO 📄 Index 0 | Name: Lingen | fcl: P, fcode: PPLA4 | ADM1: Lower Saxony, ADM2: , ADM3: Landkreis Emsland, ADM4: Lingen (Ems) | Score: 30.05, Population: 51310 | Fuzzy match: 30.76923076923077
2025-08-17 16:01:37,011 INFO Comparing database entry: emsland with Papenburg returned from geonames.
2025-08-17 16:01:37,011 INFO 📄 Index 1 | Name: Papenburg | fcl: P, fcode: PPL | ADM1: Lower Saxony, ADM2: , ADM3: Landkreis Emsland, ADM4: Papenburg | Score: 30.05, Population: 34117 | Fuzzy match: 25.0
2025-08-17 16:01:37,011 INFO Comparing database entry: emsland with Meppen returned from geonames.
2025-08-17 16:01:37,011 INFO 📄 Index 2 | Name: Meppen | fcl: P, fcode: PPLA3 | ADM1: Lower Saxony, ADM2: , ADM3: Landkreis Emsland, ADM4: Meppen | Score: 24.64, Population: 34198 | Fuzzy match: 30.76923076923077
2025-08-17 16:01:37,011 INFO Comparing database entry: emsland with Haselünne returned from geonames.
2025-08-17 16:01:37,011 INFO 📄 Index 3 | Name: Haselünne | fcl: P, fcode: PPL | ADM1: Lower Saxony, ADM2: , ADM3: Landkreis Emsland, ADM4: Haselünne | Score: 23.64, Population: 12562 | Fuzzy match: 37.5
2025-08-17 16:01:37,146 INFO Comparing database entry: emsland with Lingen returned from geonames.
2025-08-17 16:01:37,147 INFO 📄 Index 0 | Name: Lingen | fcl: P, fcode: PPLA4 | ADM1: Lower Saxony, ADM2: , ADM3: Landkreis Emsland, ADM4: Lingen (Ems) | Score: 30.05, Population: 51310 | Fuzzy match: 30.76923076923077
2025-08-17 16:01:37,147 INFO Comparing database entry: emsland with Papenburg returned from geonames.
2025-08-17 16:01:37,147 INFO 📄 Index 1 | Name: Papenburg | fcl: P, fcode: PPL | ADM1: Lower Saxony, ADM2: , ADM3: Landkreis Emsland, ADM4: Papenburg | Score: 30.05, Population: 34117 | Fuzzy match: 25.0
2025-08-17 16:01:37,147 INFO Comparing database entry: emsland with Meppen returned from geonames.
2025-08-17 16:01:37,147 INFO 📄 Index 2 | Name: Meppen | fcl: P, fcode: PPLA3 | ADM1: Lower Saxony, ADM2: , ADM3: Landkreis Emsland, ADM4: Meppen | Score: 24.64, Population: 34198 | Fuzzy match: 30.76923076923077
2025-08-17 16:01:37,147 INFO Comparing database entry: emsland with Haselünne returned from geonames.
2025-08-17 16:01:37,147 INFO 📄 Index 3 | Name: Haselünne | fcl: P, fcode: PPL | ADM1: Lower Saxony, ADM2: , ADM3: Landkreis Emsland, ADM4: Haselünne | Score: 23.64, Population: 12562 | Fuzzy match: 37.5
2025-08-17 16:01:37,291 INFO Comparing database entry: emsland with Lingen returned from geonames.
2025-08-17 16:01:37,292 INFO 📄 Index 0 | Name: Lingen | fcl: P, fcode: PPLA4 | ADM1: Lower Saxony, ADM2: , ADM3: Landkreis Emsland, ADM4: Lingen (Ems) | Score: 30.05, Population: 51310 | Fuzzy match: 30.76923076923077
2025-08-17 16:01:37,292 INFO Comparing database entry: emsland with Papenburg returned from geonames.
2025-08-17 16:01:37,292 INFO 📄 Index 1 | Name: Papenburg | fcl: P, fcode: PPL | ADM1: Lower Saxony, ADM2: , ADM3: Landkreis Emsland, ADM4: Papenburg | Score: 30.05, Population: 34117 | Fuzzy match: 25.0
2025-08-17 16:01:37,292 INFO Comparing database entry: emsland with Meppen returned from geonames.
2025-08-17 16:01:37,292 INFO 📄 Index 2 | Name: Meppen | fcl: P, fcode: PPLA3 | ADM1: Lower Saxony, ADM2: , ADM3: Landkreis Emsland, ADM4: Meppen | Score: 24.64, Population: 34198 | Fuzzy match: 30.76923076923077
2025-08-17 16:01:37,292 INFO Comparing database entry: emsland with Haselünne returned from geonames.
2025-08-17 16:01:37,292 INFO 📄 Index 3 | Name: Haselünne | fcl: P, fcode: PPL | ADM1: Lower Saxony, ADM2: , ADM3: Landkreis Emsland, ADM4: Haselünne | Score: 23.64, Population: 12562 | Fuzzy match: 37.5
2025-08-17 16:01:37,438 INFO Comparing database entry: emsland with Lingen returned from geonames.
2025-08-17 16:01:37,439 INFO 📄 Index 0 | Name: Lingen | fcl: P, fcode: PPLA4 | ADM1: Lower Saxony, ADM2: , ADM3: Landkreis Emsland, ADM4: Lingen (Ems) | Score: 30.05, Population: 51310 | Fuzzy match: 30.76923076923077
2025-08-17 16:01:37,439 INFO Comparing database entry: emsland with Papenburg returned from geonames.
2025-08-17 16:01:37,439 INFO 📄 Index 1 | Name: Papenburg | fcl: P, fcode: PPL | ADM1: Lower Saxony, ADM2: , ADM3: Landkreis Emsland, ADM4: Papenburg | Score: 30.05, Population: 34117 | Fuzzy match: 25.0
2025-08-17 16:01:37,439 INFO Comparing database entry: emsland with Meppen returned from geonames.
2025-08-17 16:01:37,439 INFO 📄 Index 2 | Name: Meppen | fcl: P, fcode: PPLA3 | ADM1: Lower Saxony, ADM2: , ADM3: Landkreis Emsland, ADM4: Meppen | Score: 24.64, Population: 34198 | Fuzzy match: 30.76923076923077
2025-08-17 16:01:37,439 INFO Comparing database entry: emsland with Haselünne returned from geonames.
2025-08-17 16:01:37,439 INFO 📄 Index 3 | Name: Haselünne | fcl: P, fcode: PPL | ADM1: Lower Saxony, ADM2: , ADM3: Landkreis Emsland, ADM4: Haselünne | Score: 23.64, Population: 12562 | Fuzzy match: 37.5
2025-08-17 16:01:37,439 WARNING ❌ No match found with fuzzy score > 80 for city: emsland
2025-08-17 16:01:37,439 WARNING ❌ Lookup failed for city='emsland', iso2='DE'
