2025-08-18 21:05:49,184 INFO 🗺️ Starting GeoNames lookup for city='esslingen', country='germany'
2025-08-18 21:05:49,184 INFO 📍 Location is present in the following articles: [ObjectId('67f52b52981040986eab749d')]
2025-08-18 21:05:49,341 INFO Comparing database entry: esslingen with Esslingen am Neckar returned from geonames.
2025-08-18 21:05:49,341 INFO 📄 Index 0 | Name: Esslingen am Neckar | fcl: P, fcode: PPLA3 | ADM1: Baden-Wurttemberg, ADM2: Regierungsbezirk Stuttgart, ADM3: Landkreis Esslingen, ADM4: Esslingen am Neckar | Latitude: 48.73961, Longitude: 9.30473 | Score: 55.85, Population: 92390 | Fuzzy match: 64.28571428571428
2025-08-18 21:05:49,341 INFO Comparing database entry: esslingen with Nürtingen returned from geonames.
2025-08-18 21:05:49,341 INFO 📄 Index 1 | Name: Nürtingen | fcl: P, fcode: PPL | ADM1: Baden-Wurttemberg, ADM2: Regierungsbezirk Stuttgart, ADM3: Landkreis Esslingen, ADM4: Nürtingen | Latitude: 48.62565, Longitude: 9.34203 | Score: 40.46, Population: 40210 | Fuzzy match: 55.55555555555556
2025-08-18 21:05:49,341 INFO Comparing database entry: esslingen with Kirchheim unter Teck returned from geonames.
2025-08-18 21:05:49,341 INFO 📄 Index 2 | Name: Kirchheim unter Teck | fcl: P, fcode: PPL | ADM1: Baden-Wurttemberg, ADM2: Regierungsbezirk Stuttgart, ADM3: Landkreis Esslingen, ADM4: Kirchheim unter Teck | Latitude: 48.64683, Longitude: 9.45378 | Score: 29.81, Population: 40206 | Fuzzy match: 27.586206896551722
2025-08-18 21:05:49,341 INFO Comparing database entry: esslingen with Leinfelden-Echterdingen returned from geonames.
2025-08-18 21:05:49,341 INFO 📄 Index 3 | Name: Leinfelden-Echterdingen | fcl: P, fcode: PPL | ADM1: Baden-Wurttemberg, ADM2: Regierungsbezirk Stuttgart, ADM3: Landkreis Esslingen, ADM4: Leinfelden-Echterdingen | Latitude: 48.69406, Longitude: 9.16809 | Score: 28.74, Population: 36672 | Fuzzy match: 43.75
2025-08-18 21:05:49,527 INFO Comparing database entry: esslingen with Esslingen am Neckar returned from geonames.
2025-08-18 21:05:49,528 INFO 📄 Index 0 | Name: Esslingen am Neckar | fcl: P, fcode: PPLA3 | ADM1: Baden-Wurttemberg, ADM2: Regierungsbezirk Stuttgart, ADM3: Landkreis Esslingen, ADM4: Esslingen am Neckar | Latitude: 48.73961, Longitude: 9.30473 | Score: 55.85, Population: 92390 | Fuzzy match: 64.28571428571428
2025-08-18 21:05:49,528 INFO Comparing database entry: esslingen with Nürtingen returned from geonames.
2025-08-18 21:05:49,528 INFO 📄 Index 1 | Name: Nürtingen | fcl: P, fcode: PPL | ADM1: Baden-Wurttemberg, ADM2: Regierungsbezirk Stuttgart, ADM3: Landkreis Esslingen, ADM4: Nürtingen | Latitude: 48.62565, Longitude: 9.34203 | Score: 40.46, Population: 40210 | Fuzzy match: 55.55555555555556
2025-08-18 21:05:49,528 INFO Comparing database entry: esslingen with Kirchheim unter Teck returned from geonames.
2025-08-18 21:05:49,528 INFO 📄 Index 2 | Name: Kirchheim unter Teck | fcl: P, fcode: PPL | ADM1: Baden-Wurttemberg, ADM2: Regierungsbezirk Stuttgart, ADM3: Landkreis Esslingen, ADM4: Kirchheim unter Teck | Latitude: 48.64683, Longitude: 9.45378 | Score: 29.81, Population: 40206 | Fuzzy match: 27.586206896551722
2025-08-18 21:05:49,528 INFO Comparing database entry: esslingen with Leinfelden-Echterdingen returned from geonames.
2025-08-18 21:05:49,528 INFO 📄 Index 3 | Name: Leinfelden-Echterdingen | fcl: P, fcode: PPL | ADM1: Baden-Wurttemberg, ADM2: Regierungsbezirk Stuttgart, ADM3: Landkreis Esslingen, ADM4: Leinfelden-Echterdingen | Latitude: 48.69406, Longitude: 9.16809 | Score: 28.74, Population: 36672 | Fuzzy match: 43.75
2025-08-18 21:05:49,712 INFO Comparing database entry: esslingen with Esslingen am Neckar returned from geonames.
2025-08-18 21:05:49,712 INFO 📄 Index 0 | Name: Esslingen am Neckar | fcl: P, fcode: PPLA3 | ADM1: Baden-Wurttemberg, ADM2: Regierungsbezirk Stuttgart, ADM3: Landkreis Esslingen, ADM4: Esslingen am Neckar | Latitude: 48.73961, Longitude: 9.30473 | Score: 55.85, Population: 92390 | Fuzzy match: 64.28571428571428
2025-08-18 21:05:49,712 INFO Comparing database entry: esslingen with Nürtingen returned from geonames.
2025-08-18 21:05:49,712 INFO 📄 Index 1 | Name: Nürtingen | fcl: P, fcode: PPL | ADM1: Baden-Wurttemberg, ADM2: Regierungsbezirk Stuttgart, ADM3: Landkreis Esslingen, ADM4: Nürtingen | Latitude: 48.62565, Longitude: 9.34203 | Score: 40.46, Population: 40210 | Fuzzy match: 55.55555555555556
2025-08-18 21:05:49,712 INFO Comparing database entry: esslingen with Kirchheim unter Teck returned from geonames.
2025-08-18 21:05:49,712 INFO 📄 Index 2 | Name: Kirchheim unter Teck | fcl: P, fcode: PPL | ADM1: Baden-Wurttemberg, ADM2: Regierungsbezirk Stuttgart, ADM3: Landkreis Esslingen, ADM4: Kirchheim unter Teck | Latitude: 48.64683, Longitude: 9.45378 | Score: 29.81, Population: 40206 | Fuzzy match: 27.586206896551722
2025-08-18 21:05:49,712 INFO Comparing database entry: esslingen with Leinfelden-Echterdingen returned from geonames.
2025-08-18 21:05:49,712 INFO 📄 Index 3 | Name: Leinfelden-Echterdingen | fcl: P, fcode: PPL | ADM1: Baden-Wurttemberg, ADM2: Regierungsbezirk Stuttgart, ADM3: Landkreis Esslingen, ADM4: Leinfelden-Echterdingen | Latitude: 48.69406, Longitude: 9.16809 | Score: 28.74, Population: 36672 | Fuzzy match: 43.75
2025-08-18 21:05:49,875 INFO Comparing database entry: esslingen with Esslingen am Neckar returned from geonames.
2025-08-18 21:05:49,875 INFO 📄 Index 0 | Name: Esslingen am Neckar | fcl: P, fcode: PPLA3 | ADM1: Baden-Wurttemberg, ADM2: Regierungsbezirk Stuttgart, ADM3: Landkreis Esslingen, ADM4: Esslingen am Neckar | Latitude: 48.73961, Longitude: 9.30473 | Score: 55.85, Population: 92390 | Fuzzy match: 64.28571428571428
2025-08-18 21:05:49,876 INFO Comparing database entry: esslingen with Nürtingen returned from geonames.
2025-08-18 21:05:49,876 INFO 📄 Index 1 | Name: Nürtingen | fcl: P, fcode: PPL | ADM1: Baden-Wurttemberg, ADM2: Regierungsbezirk Stuttgart, ADM3: Landkreis Esslingen, ADM4: Nürtingen | Latitude: 48.62565, Longitude: 9.34203 | Score: 40.46, Population: 40210 | Fuzzy match: 55.55555555555556
2025-08-18 21:05:49,876 INFO Comparing database entry: esslingen with Kirchheim unter Teck returned from geonames.
2025-08-18 21:05:49,876 INFO 📄 Index 2 | Name: Kirchheim unter Teck | fcl: P, fcode: PPL | ADM1: Baden-Wurttemberg, ADM2: Regierungsbezirk Stuttgart, ADM3: Landkreis Esslingen, ADM4: Kirchheim unter Teck | Latitude: 48.64683, Longitude: 9.45378 | Score: 29.81, Population: 40206 | Fuzzy match: 27.586206896551722
2025-08-18 21:05:49,876 INFO Comparing database entry: esslingen with Leinfelden-Echterdingen returned from geonames.
2025-08-18 21:05:49,876 INFO 📄 Index 3 | Name: Leinfelden-Echterdingen | fcl: P, fcode: PPL | ADM1: Baden-Wurttemberg, ADM2: Regierungsbezirk Stuttgart, ADM3: Landkreis Esslingen, ADM4: Leinfelden-Echterdingen | Latitude: 48.69406, Longitude: 9.16809 | Score: 28.74, Population: 36672 | Fuzzy match: 43.75
2025-08-18 21:05:50,032 INFO Comparing database entry: esslingen with Esslingen am Neckar returned from geonames.
2025-08-18 21:05:50,032 INFO 📄 Index 0 | Name: Esslingen am Neckar | fcl: P, fcode: PPLA3 | ADM1: Baden-Wurttemberg, ADM2: Regierungsbezirk Stuttgart, ADM3: Landkreis Esslingen, ADM4: Esslingen am Neckar | Latitude: 48.73961, Longitude: 9.30473 | Score: 55.85, Population: 92390 | Fuzzy match: 64.28571428571428
2025-08-18 21:05:50,032 INFO Comparing database entry: esslingen with Nürtingen returned from geonames.
2025-08-18 21:05:50,033 INFO 📄 Index 1 | Name: Nürtingen | fcl: P, fcode: PPL | ADM1: Baden-Wurttemberg, ADM2: Regierungsbezirk Stuttgart, ADM3: Landkreis Esslingen, ADM4: Nürtingen | Latitude: 48.62565, Longitude: 9.34203 | Score: 40.46, Population: 40210 | Fuzzy match: 55.55555555555556
2025-08-18 21:05:50,033 INFO Comparing database entry: esslingen with Kirchheim unter Teck returned from geonames.
2025-08-18 21:05:50,033 INFO 📄 Index 2 | Name: Kirchheim unter Teck | fcl: P, fcode: PPL | ADM1: Baden-Wurttemberg, ADM2: Regierungsbezirk Stuttgart, ADM3: Landkreis Esslingen, ADM4: Kirchheim unter Teck | Latitude: 48.64683, Longitude: 9.45378 | Score: 29.81, Population: 40206 | Fuzzy match: 27.586206896551722
2025-08-18 21:05:50,033 INFO Comparing database entry: esslingen with Leinfelden-Echterdingen returned from geonames.
2025-08-18 21:05:50,033 INFO 📄 Index 3 | Name: Leinfelden-Echterdingen | fcl: P, fcode: PPL | ADM1: Baden-Wurttemberg, ADM2: Regierungsbezirk Stuttgart, ADM3: Landkreis Esslingen, ADM4: Leinfelden-Echterdingen | Latitude: 48.69406, Longitude: 9.16809 | Score: 28.74, Population: 36672 | Fuzzy match: 43.75
2025-08-18 21:05:50,199 INFO Comparing database entry: esslingen with Esslingen am Neckar returned from geonames.
2025-08-18 21:05:50,199 INFO 📄 Index 0 | Name: Esslingen am Neckar | fcl: P, fcode: PPLA3 | ADM1: Baden-Wurttemberg, ADM2: Regierungsbezirk Stuttgart, ADM3: Landkreis Esslingen, ADM4: Esslingen am Neckar | Latitude: 48.73961, Longitude: 9.30473 | Score: 55.85, Population: 92390 | Fuzzy match: 64.28571428571428
2025-08-18 21:05:50,199 INFO Comparing database entry: esslingen with Nürtingen returned from geonames.
2025-08-18 21:05:50,199 INFO 📄 Index 1 | Name: Nürtingen | fcl: P, fcode: PPL | ADM1: Baden-Wurttemberg, ADM2: Regierungsbezirk Stuttgart, ADM3: Landkreis Esslingen, ADM4: Nürtingen | Latitude: 48.62565, Longitude: 9.34203 | Score: 40.46, Population: 40210 | Fuzzy match: 55.55555555555556
2025-08-18 21:05:50,199 INFO Comparing database entry: esslingen with Kirchheim unter Teck returned from geonames.
2025-08-18 21:05:50,199 INFO 📄 Index 2 | Name: Kirchheim unter Teck | fcl: P, fcode: PPL | ADM1: Baden-Wurttemberg, ADM2: Regierungsbezirk Stuttgart, ADM3: Landkreis Esslingen, ADM4: Kirchheim unter Teck | Latitude: 48.64683, Longitude: 9.45378 | Score: 29.81, Population: 40206 | Fuzzy match: 27.586206896551722
2025-08-18 21:05:50,199 INFO Comparing database entry: esslingen with Leinfelden-Echterdingen returned from geonames.
2025-08-18 21:05:50,200 INFO 📄 Index 3 | Name: Leinfelden-Echterdingen | fcl: P, fcode: PPL | ADM1: Baden-Wurttemberg, ADM2: Regierungsbezirk Stuttgart, ADM3: Landkreis Esslingen, ADM4: Leinfelden-Echterdingen | Latitude: 48.69406, Longitude: 9.16809 | Score: 28.74, Population: 36672 | Fuzzy match: 43.75
2025-08-18 21:05:50,200 WARNING ❌ No match found with fuzzy score > 80 for city: esslingen
2025-08-18 21:05:50,200 WARNING ❌ Lookup failed for city='esslingen', iso2='DE'
