2025-08-19 17:11:02,028 INFO 🗺️ Starting GeoNames lookup for city='frankfurt oder', country='germany'
2025-08-19 17:11:02,028 INFO 📍 Location is present in the following articles: [ObjectId('67fa74d3eaa4fb525afeacc3'), ObjectId('689227f319278e1655b84a6e')]
2025-08-19 17:11:02,150 INFO Comparing database entry: frankfurt oder with Frankfurt returned from geonames.
2025-08-19 17:11:02,151 INFO 📄 Index 0 | Name: Frankfurt | fcl: P, fcode: PPL | ADM1: Brandenburg, ADM2: , ADM3: Frankfurt (Oder), ADM4: Frankfurt (Oder) | Latitude: 52.34714, Longitude: 14.55062 | Score: 90.13, Population: 57015 | Fuzzy match: 78.26086956521739
2025-08-19 17:11:02,151 INFO Comparing database entry: frankfurt oder with Frankfurt (Oder) returned from geonames.
2025-08-19 17:11:02,151 INFO 📄 Index 1 | Name: Frankfurt (Oder) | fcl: A, fcode: ADM3 | ADM1: Brandenburg, ADM2: , ADM3: Frankfurt (Oder), ADM4:  | Latitude: 52.33694, Longitude: 14.49222 | Score: 26.63, Population: 56679 | Fuzzy match: 60.0
2025-08-19 17:11:02,151 INFO Comparing database entry: frankfurt oder with Frankfurt (Oder) returned from geonames.
2025-08-19 17:11:02,151 INFO 📄 Index 2 | Name: Frankfurt (Oder) | fcl: A, fcode: ADM4 | ADM1: Brandenburg, ADM2: , ADM3: Frankfurt (Oder), ADM4: Frankfurt (Oder) | Latitude: 52.3475, Longitude: 14.5539 | Score: 23.23, Population: 56679 | Fuzzy match: 60.0
2025-08-19 17:11:02,151 INFO Comparing database entry: frankfurt oder with Kliestow returned from geonames.
2025-08-19 17:11:02,151 INFO 📄 Index 3 | Name: Kliestow | fcl: P, fcode: PPLX | ADM1: Brandenburg, ADM2: , ADM3: Frankfurt (Oder), ADM4: Frankfurt (Oder) | Latitude: 52.3701, Longitude: 14.50833 | Score: 21.85, Population: 0 | Fuzzy match: 27.27272727272727
2025-08-19 17:11:02,298 INFO Comparing database entry: frankfurt oder with Frankfurt returned from geonames.
2025-08-19 17:11:02,298 INFO 📄 Index 0 | Name: Frankfurt | fcl: P, fcode: PPL | ADM1: Brandenburg, ADM2: , ADM3: Frankfurt (Oder), ADM4: Frankfurt (Oder) | Latitude: 52.34714, Longitude: 14.55062 | Score: 90.13, Population: 57015 | Fuzzy match: 78.26086956521739
2025-08-19 17:11:02,298 INFO Comparing database entry: frankfurt oder with Frankfurt (Oder) returned from geonames.
2025-08-19 17:11:02,298 INFO 📄 Index 1 | Name: Frankfurt (Oder) | fcl: A, fcode: ADM3 | ADM1: Brandenburg, ADM2: , ADM3: Frankfurt (Oder), ADM4:  | Latitude: 52.33694, Longitude: 14.49222 | Score: 26.63, Population: 56679 | Fuzzy match: 60.0
2025-08-19 17:11:02,299 INFO Comparing database entry: frankfurt oder with Frankfurt (Oder) returned from geonames.
2025-08-19 17:11:02,299 INFO 📄 Index 2 | Name: Frankfurt (Oder) | fcl: A, fcode: ADM4 | ADM1: Brandenburg, ADM2: , ADM3: Frankfurt (Oder), ADM4: Frankfurt (Oder) | Latitude: 52.3475, Longitude: 14.5539 | Score: 23.23, Population: 56679 | Fuzzy match: 60.0
2025-08-19 17:11:02,299 INFO Comparing database entry: frankfurt oder with Kliestow returned from geonames.
2025-08-19 17:11:02,299 INFO 📄 Index 3 | Name: Kliestow | fcl: P, fcode: PPLX | ADM1: Brandenburg, ADM2: , ADM3: Frankfurt (Oder), ADM4: Frankfurt (Oder) | Latitude: 52.3701, Longitude: 14.50833 | Score: 21.85, Population: 0 | Fuzzy match: 27.27272727272727
2025-08-19 17:11:02,459 INFO Comparing database entry: frankfurt oder with Frankfurt returned from geonames.
2025-08-19 17:11:02,459 INFO 📄 Index 0 | Name: Frankfurt | fcl: P, fcode: PPL | ADM1: Brandenburg, ADM2: , ADM3: Frankfurt (Oder), ADM4: Frankfurt (Oder) | Latitude: 52.34714, Longitude: 14.55062 | Score: 90.13, Population: 57015 | Fuzzy match: 78.26086956521739
2025-08-19 17:11:02,460 INFO Comparing database entry: frankfurt oder with Frankfurt (Oder) returned from geonames.
2025-08-19 17:11:02,460 INFO 📄 Index 1 | Name: Frankfurt (Oder) | fcl: A, fcode: ADM3 | ADM1: Brandenburg, ADM2: , ADM3: Frankfurt (Oder), ADM4:  | Latitude: 52.33694, Longitude: 14.49222 | Score: 26.63, Population: 56679 | Fuzzy match: 60.0
2025-08-19 17:11:02,460 INFO Comparing database entry: frankfurt oder with Frankfurt (Oder) returned from geonames.
2025-08-19 17:11:02,460 INFO 📄 Index 2 | Name: Frankfurt (Oder) | fcl: A, fcode: ADM4 | ADM1: Brandenburg, ADM2: , ADM3: Frankfurt (Oder), ADM4: Frankfurt (Oder) | Latitude: 52.3475, Longitude: 14.5539 | Score: 23.23, Population: 56679 | Fuzzy match: 60.0
2025-08-19 17:11:02,460 INFO Comparing database entry: frankfurt oder with Kliestow returned from geonames.
2025-08-19 17:11:02,460 INFO 📄 Index 3 | Name: Kliestow | fcl: P, fcode: PPLX | ADM1: Brandenburg, ADM2: , ADM3: Frankfurt (Oder), ADM4: Frankfurt (Oder) | Latitude: 52.3701, Longitude: 14.50833 | Score: 21.85, Population: 0 | Fuzzy match: 27.27272727272727
2025-08-19 17:11:02,645 INFO Comparing database entry: frankfurt oder with Frankfurt returned from geonames.
2025-08-19 17:11:02,645 INFO 📄 Index 0 | Name: Frankfurt | fcl: P, fcode: PPL | ADM1: Brandenburg, ADM2: , ADM3: Frankfurt (Oder), ADM4: Frankfurt (Oder) | Latitude: 52.34714, Longitude: 14.55062 | Score: 90.13, Population: 57015 | Fuzzy match: 78.26086956521739
2025-08-19 17:11:02,645 INFO Comparing database entry: frankfurt oder with Frankfurt (Oder) returned from geonames.
2025-08-19 17:11:02,645 INFO 📄 Index 1 | Name: Frankfurt (Oder) | fcl: A, fcode: ADM3 | ADM1: Brandenburg, ADM2: , ADM3: Frankfurt (Oder), ADM4:  | Latitude: 52.33694, Longitude: 14.49222 | Score: 26.63, Population: 56679 | Fuzzy match: 60.0
2025-08-19 17:11:02,645 INFO Comparing database entry: frankfurt oder with Frankfurt (Oder) returned from geonames.
2025-08-19 17:11:02,645 INFO 📄 Index 2 | Name: Frankfurt (Oder) | fcl: A, fcode: ADM4 | ADM1: Brandenburg, ADM2: , ADM3: Frankfurt (Oder), ADM4: Frankfurt (Oder) | Latitude: 52.3475, Longitude: 14.5539 | Score: 23.23, Population: 56679 | Fuzzy match: 60.0
2025-08-19 17:11:02,645 INFO Comparing database entry: frankfurt oder with Kliestow returned from geonames.
2025-08-19 17:11:02,645 INFO 📄 Index 3 | Name: Kliestow | fcl: P, fcode: PPLX | ADM1: Brandenburg, ADM2: , ADM3: Frankfurt (Oder), ADM4: Frankfurt (Oder) | Latitude: 52.3701, Longitude: 14.50833 | Score: 21.85, Population: 0 | Fuzzy match: 27.27272727272727
2025-08-19 17:11:02,824 INFO Comparing database entry: frankfurt oder with Frankfurt returned from geonames.
2025-08-19 17:11:02,825 INFO 📄 Index 0 | Name: Frankfurt | fcl: P, fcode: PPL | ADM1: Brandenburg, ADM2: , ADM3: Frankfurt (Oder), ADM4: Frankfurt (Oder) | Latitude: 52.34714, Longitude: 14.55062 | Score: 90.13, Population: 57015 | Fuzzy match: 78.26086956521739
2025-08-19 17:11:02,825 INFO Comparing database entry: frankfurt oder with Frankfurt (Oder) returned from geonames.
2025-08-19 17:11:02,825 INFO 📄 Index 1 | Name: Frankfurt (Oder) | fcl: A, fcode: ADM3 | ADM1: Brandenburg, ADM2: , ADM3: Frankfurt (Oder), ADM4:  | Latitude: 52.33694, Longitude: 14.49222 | Score: 26.63, Population: 56679 | Fuzzy match: 60.0
2025-08-19 17:11:02,825 INFO Comparing database entry: frankfurt oder with Frankfurt (Oder) returned from geonames.
2025-08-19 17:11:02,825 INFO 📄 Index 2 | Name: Frankfurt (Oder) | fcl: A, fcode: ADM4 | ADM1: Brandenburg, ADM2: , ADM3: Frankfurt (Oder), ADM4: Frankfurt (Oder) | Latitude: 52.3475, Longitude: 14.5539 | Score: 23.23, Population: 56679 | Fuzzy match: 60.0
2025-08-19 17:11:02,825 INFO Comparing database entry: frankfurt oder with Kliestow returned from geonames.
2025-08-19 17:11:02,825 INFO 📄 Index 3 | Name: Kliestow | fcl: P, fcode: PPLX | ADM1: Brandenburg, ADM2: , ADM3: Frankfurt (Oder), ADM4: Frankfurt (Oder) | Latitude: 52.3701, Longitude: 14.50833 | Score: 21.85, Population: 0 | Fuzzy match: 27.27272727272727
2025-08-19 17:11:02,961 INFO Comparing database entry: frankfurt oder with Frankfurt returned from geonames.
2025-08-19 17:11:02,961 INFO 📄 Index 0 | Name: Frankfurt | fcl: P, fcode: PPL | ADM1: Brandenburg, ADM2: , ADM3: Frankfurt (Oder), ADM4: Frankfurt (Oder) | Latitude: 52.34714, Longitude: 14.55062 | Score: 90.13, Population: 57015 | Fuzzy match: 78.26086956521739
2025-08-19 17:11:02,962 INFO Comparing database entry: frankfurt oder with Frankfurt (Oder) returned from geonames.
2025-08-19 17:11:02,962 INFO 📄 Index 1 | Name: Frankfurt (Oder) | fcl: A, fcode: ADM3 | ADM1: Brandenburg, ADM2: , ADM3: Frankfurt (Oder), ADM4:  | Latitude: 52.33694, Longitude: 14.49222 | Score: 26.63, Population: 56679 | Fuzzy match: 60.0
2025-08-19 17:11:02,962 INFO Comparing database entry: frankfurt oder with Frankfurt (Oder) returned from geonames.
2025-08-19 17:11:02,962 INFO 📄 Index 2 | Name: Frankfurt (Oder) | fcl: A, fcode: ADM4 | ADM1: Brandenburg, ADM2: , ADM3: Frankfurt (Oder), ADM4: Frankfurt (Oder) | Latitude: 52.3475, Longitude: 14.5539 | Score: 23.23, Population: 56679 | Fuzzy match: 60.0
2025-08-19 17:11:02,962 INFO Comparing database entry: frankfurt oder with Kliestow returned from geonames.
2025-08-19 17:11:02,962 INFO 📄 Index 3 | Name: Kliestow | fcl: P, fcode: PPLX | ADM1: Brandenburg, ADM2: , ADM3: Frankfurt (Oder), ADM4: Frankfurt (Oder) | Latitude: 52.3701, Longitude: 14.50833 | Score: 21.85, Population: 0 | Fuzzy match: 27.27272727272727
2025-08-19 17:11:02,962 WARNING ❌ No match found with fuzzy score > 80 for city: frankfurt oder
2025-08-19 17:11:02,962 WARNING ❌ Lookup failed for city='frankfurt_oder', iso2='DE'
