2025-08-17 15:40:19,418 INFO 🗺️ Starting GeoNames lookup for city='heide schleswig-holstein', country='germany'
2025-08-17 15:40:19,418 INFO 📍 Location is present in the following articles: [ObjectId('67f9231bf431fddd61d5609b')]
2025-08-17 15:40:19,573 INFO Comparing database entry: heide schleswig-holstein with Heide returned from geonames.
2025-08-17 15:40:19,573 INFO 📄 Index 0 | Name: Heide | fcl: P, fcode: PPLA3 | ADM1: Schleswig-Holstein, ADM2: , ADM3: Kreis Dithmarschen, ADM4: Heide | Score: 31.05, Population: 20599 | Fuzzy match: 34.48275862068966
2025-08-17 15:40:19,573 INFO Comparing database entry: heide schleswig-holstein with Heide returned from geonames.
2025-08-17 15:40:19,573 INFO 📄 Index 1 | Name: Heide | fcl: A, fcode: ADM4 | ADM1: Schleswig-Holstein, ADM2: , ADM3: Kreis Dithmarschen, ADM4: Heide | Score: 20.98, Population: 21844 | Fuzzy match: 34.48275862068966
2025-08-17 15:40:19,573 INFO Comparing database entry: heide schleswig-holstein with Heide returned from geonames.
2025-08-17 15:40:19,573 INFO 📄 Index 2 | Name: Heide | fcl: P, fcode: PPL | ADM1: Schleswig-Holstein, ADM2: , ADM3: Kreis Schleswig-Flensburg, ADM4: Kappeln | Score: 11.00, Population: 0 | Fuzzy match: 34.48275862068966
2025-08-17 15:40:19,573 INFO Comparing database entry: heide schleswig-holstein with Krummenorter Heide returned from geonames.
2025-08-17 15:40:19,574 INFO 📄 Index 3 | Name: Krummenorter Heide | fcl: P, fcode: PPL | ADM1: Schleswig-Holstein, ADM2: , ADM3: Kreis Rendsburg-Eckernförde, ADM4: Alt Duvenstedt | Score: 10.56, Population: 0 | Fuzzy match: 47.61904761904761
2025-08-17 15:40:19,751 INFO Comparing database entry: heide schleswig-holstein with Heide returned from geonames.
2025-08-17 15:40:19,752 INFO 📄 Index 0 | Name: Heide | fcl: P, fcode: PPLA3 | ADM1: Schleswig-Holstein, ADM2: , ADM3: Kreis Dithmarschen, ADM4: Heide | Score: 31.05, Population: 20599 | Fuzzy match: 34.48275862068966
2025-08-17 15:40:19,752 INFO Comparing database entry: heide schleswig-holstein with Heide returned from geonames.
2025-08-17 15:40:19,752 INFO 📄 Index 1 | Name: Heide | fcl: A, fcode: ADM4 | ADM1: Schleswig-Holstein, ADM2: , ADM3: Kreis Dithmarschen, ADM4: Heide | Score: 20.98, Population: 21844 | Fuzzy match: 34.48275862068966
2025-08-17 15:40:19,752 INFO Comparing database entry: heide schleswig-holstein with Heide returned from geonames.
2025-08-17 15:40:19,752 INFO 📄 Index 2 | Name: Heide | fcl: P, fcode: PPL | ADM1: Schleswig-Holstein, ADM2: , ADM3: Kreis Schleswig-Flensburg, ADM4: Kappeln | Score: 11.00, Population: 0 | Fuzzy match: 34.48275862068966
2025-08-17 15:40:19,752 INFO Comparing database entry: heide schleswig-holstein with Krummenorter Heide returned from geonames.
2025-08-17 15:40:19,752 INFO 📄 Index 3 | Name: Krummenorter Heide | fcl: P, fcode: PPL | ADM1: Schleswig-Holstein, ADM2: , ADM3: Kreis Rendsburg-Eckernförde, ADM4: Alt Duvenstedt | Score: 10.56, Population: 0 | Fuzzy match: 47.61904761904761
2025-08-17 15:40:19,884 INFO Comparing database entry: heide schleswig-holstein with Heide returned from geonames.
2025-08-17 15:40:19,884 INFO 📄 Index 0 | Name: Heide | fcl: P, fcode: PPLA3 | ADM1: Schleswig-Holstein, ADM2: , ADM3: Kreis Dithmarschen, ADM4: Heide | Score: 31.05, Population: 20599 | Fuzzy match: 34.48275862068966
2025-08-17 15:40:19,884 INFO Comparing database entry: heide schleswig-holstein with Heide returned from geonames.
2025-08-17 15:40:19,884 INFO 📄 Index 1 | Name: Heide | fcl: A, fcode: ADM4 | ADM1: Schleswig-Holstein, ADM2: , ADM3: Kreis Dithmarschen, ADM4: Heide | Score: 20.98, Population: 21844 | Fuzzy match: 34.48275862068966
2025-08-17 15:40:19,884 INFO Comparing database entry: heide schleswig-holstein with Heide returned from geonames.
2025-08-17 15:40:19,884 INFO 📄 Index 2 | Name: Heide | fcl: P, fcode: PPL | ADM1: Schleswig-Holstein, ADM2: , ADM3: Kreis Schleswig-Flensburg, ADM4: Kappeln | Score: 11.00, Population: 0 | Fuzzy match: 34.48275862068966
2025-08-17 15:40:19,884 INFO Comparing database entry: heide schleswig-holstein with Krummenorter Heide returned from geonames.
2025-08-17 15:40:19,884 INFO 📄 Index 3 | Name: Krummenorter Heide | fcl: P, fcode: PPL | ADM1: Schleswig-Holstein, ADM2: , ADM3: Kreis Rendsburg-Eckernförde, ADM4: Alt Duvenstedt | Score: 10.56, Population: 0 | Fuzzy match: 47.61904761904761
2025-08-17 15:40:20,022 INFO Comparing database entry: heide schleswig-holstein with Heide returned from geonames.
2025-08-17 15:40:20,022 INFO 📄 Index 0 | Name: Heide | fcl: P, fcode: PPLA3 | ADM1: Schleswig-Holstein, ADM2: , ADM3: Kreis Dithmarschen, ADM4: Heide | Score: 31.05, Population: 20599 | Fuzzy match: 34.48275862068966
2025-08-17 15:40:20,022 INFO Comparing database entry: heide schleswig-holstein with Heide returned from geonames.
2025-08-17 15:40:20,022 INFO 📄 Index 1 | Name: Heide | fcl: A, fcode: ADM4 | ADM1: Schleswig-Holstein, ADM2: , ADM3: Kreis Dithmarschen, ADM4: Heide | Score: 20.98, Population: 21844 | Fuzzy match: 34.48275862068966
2025-08-17 15:40:20,022 INFO Comparing database entry: heide schleswig-holstein with Heide returned from geonames.
2025-08-17 15:40:20,022 INFO 📄 Index 2 | Name: Heide | fcl: P, fcode: PPL | ADM1: Schleswig-Holstein, ADM2: , ADM3: Kreis Schleswig-Flensburg, ADM4: Kappeln | Score: 11.00, Population: 0 | Fuzzy match: 34.48275862068966
2025-08-17 15:40:20,022 INFO Comparing database entry: heide schleswig-holstein with Krummenorter Heide returned from geonames.
2025-08-17 15:40:20,022 INFO 📄 Index 3 | Name: Krummenorter Heide | fcl: P, fcode: PPL | ADM1: Schleswig-Holstein, ADM2: , ADM3: Kreis Rendsburg-Eckernförde, ADM4: Alt Duvenstedt | Score: 10.56, Population: 0 | Fuzzy match: 47.61904761904761
2025-08-17 15:40:20,157 INFO Comparing database entry: heide schleswig-holstein with Heide returned from geonames.
2025-08-17 15:40:20,157 INFO 📄 Index 0 | Name: Heide | fcl: P, fcode: PPLA3 | ADM1: Schleswig-Holstein, ADM2: , ADM3: Kreis Dithmarschen, ADM4: Heide | Score: 31.05, Population: 20599 | Fuzzy match: 34.48275862068966
2025-08-17 15:40:20,157 INFO Comparing database entry: heide schleswig-holstein with Heide returned from geonames.
2025-08-17 15:40:20,157 INFO 📄 Index 1 | Name: Heide | fcl: A, fcode: ADM4 | ADM1: Schleswig-Holstein, ADM2: , ADM3: Kreis Dithmarschen, ADM4: Heide | Score: 20.98, Population: 21844 | Fuzzy match: 34.48275862068966
2025-08-17 15:40:20,157 INFO Comparing database entry: heide schleswig-holstein with Heide returned from geonames.
2025-08-17 15:40:20,157 INFO 📄 Index 2 | Name: Heide | fcl: P, fcode: PPL | ADM1: Schleswig-Holstein, ADM2: , ADM3: Kreis Schleswig-Flensburg, ADM4: Kappeln | Score: 11.00, Population: 0 | Fuzzy match: 34.48275862068966
2025-08-17 15:40:20,157 INFO Comparing database entry: heide schleswig-holstein with Krummenorter Heide returned from geonames.
2025-08-17 15:40:20,157 INFO 📄 Index 3 | Name: Krummenorter Heide | fcl: P, fcode: PPL | ADM1: Schleswig-Holstein, ADM2: , ADM3: Kreis Rendsburg-Eckernförde, ADM4: Alt Duvenstedt | Score: 10.56, Population: 0 | Fuzzy match: 47.61904761904761
2025-08-17 15:40:20,313 INFO Comparing database entry: heide schleswig-holstein with Heide returned from geonames.
2025-08-17 15:40:20,313 INFO 📄 Index 0 | Name: Heide | fcl: P, fcode: PPLA3 | ADM1: Schleswig-Holstein, ADM2: , ADM3: Kreis Dithmarschen, ADM4: Heide | Score: 31.05, Population: 20599 | Fuzzy match: 34.48275862068966
2025-08-17 15:40:20,313 INFO Comparing database entry: heide schleswig-holstein with Heide returned from geonames.
2025-08-17 15:40:20,313 INFO 📄 Index 1 | Name: Heide | fcl: A, fcode: ADM4 | ADM1: Schleswig-Holstein, ADM2: , ADM3: Kreis Dithmarschen, ADM4: Heide | Score: 20.98, Population: 21844 | Fuzzy match: 34.48275862068966
2025-08-17 15:40:20,313 INFO Comparing database entry: heide schleswig-holstein with Heide returned from geonames.
2025-08-17 15:40:20,313 INFO 📄 Index 2 | Name: Heide | fcl: P, fcode: PPL | ADM1: Schleswig-Holstein, ADM2: , ADM3: Kreis Schleswig-Flensburg, ADM4: Kappeln | Score: 11.00, Population: 0 | Fuzzy match: 34.48275862068966
2025-08-17 15:40:20,314 INFO Comparing database entry: heide schleswig-holstein with Krummenorter Heide returned from geonames.
2025-08-17 15:40:20,314 INFO 📄 Index 3 | Name: Krummenorter Heide | fcl: P, fcode: PPL | ADM1: Schleswig-Holstein, ADM2: , ADM3: Kreis Rendsburg-Eckernförde, ADM4: Alt Duvenstedt | Score: 10.56, Population: 0 | Fuzzy match: 47.61904761904761
2025-08-17 15:40:20,314 WARNING ❌ No match found with fuzzy score > 80 for city: heide schleswig-holstein
2025-08-17 15:40:20,314 WARNING ❌ Lookup failed for city='heide_schleswigholstein', iso2='DE'
