2025-08-22 15:19:34,144 INFO 🗺️ Starting GeoNames lookup for city='hann', country='germany'
2025-08-22 15:19:34,144 INFO 📍 Location is present in the following articles: [ObjectId('68a34e3955f8a4c6a03cb05f')]
2025-08-22 15:19:34,288 INFO Comparing database entry: hann with Hannoversch Münden returned from geonames.
2025-08-22 15:19:34,288 INFO 📄 Index 0 | Name: Hannoversch Münden | fcl: P, fcode: PPL | ADM1: Lower Saxony, ADM2: , ADM3: Landkreis Göttingen, ADM4: Hann. Münden | Latitude: 51.41505, Longitude: 9.65046 | Score: 48.07, Population: 25073 | Fuzzy match: 36.36363636363637
2025-08-22 15:19:34,288 INFO Comparing database entry: hann with Hann. Münden returned from geonames.
2025-08-22 15:19:34,288 INFO 📄 Index 1 | Name: Hann. Münden | fcl: A, fcode: ADM4 | ADM1: Lower Saxony, ADM2: , ADM3: Landkreis Göttingen, ADM4: Hann. Münden | Latitude: 51.41505, Longitude: 9.65046 | Score: 18.20, Population: 23289 | Fuzzy match: 50.0
2025-08-22 15:19:34,288 INFO Comparing database entry: hann with Hemeln returned from geonames.
2025-08-22 15:19:34,288 INFO 📄 Index 2 | Name: Hemeln | fcl: P, fcode: PPL | ADM1: Lower Saxony, ADM2: , ADM3: Landkreis Göttingen, ADM4: Hann. Münden | Latitude: 51.50019, Longitude: 9.60789 | Score: 14.73, Population: 0 | Fuzzy match: 40.0
2025-08-22 15:19:34,288 INFO Comparing database entry: hann with Hedemünden returned from geonames.
2025-08-22 15:19:34,288 INFO 📄 Index 3 | Name: Hedemünden | fcl: P, fcode: PPL | ADM1: Lower Saxony, ADM2: , ADM3: Landkreis Göttingen, ADM4: Hann. Münden | Latitude: 51.38994, Longitude: 9.76296 | Score: 14.73, Population: 0 | Fuzzy match: 42.85714285714286
2025-08-22 15:19:34,432 INFO Comparing database entry: hann with Hannoversch Münden returned from geonames.
2025-08-22 15:19:34,433 INFO 📄 Index 0 | Name: Hannoversch Münden | fcl: P, fcode: PPL | ADM1: Lower Saxony, ADM2: , ADM3: Landkreis Göttingen, ADM4: Hann. Münden | Latitude: 51.41505, Longitude: 9.65046 | Score: 48.07, Population: 25073 | Fuzzy match: 36.36363636363637
2025-08-22 15:19:34,433 INFO Comparing database entry: hann with Hann. Münden returned from geonames.
2025-08-22 15:19:34,433 INFO 📄 Index 1 | Name: Hann. Münden | fcl: A, fcode: ADM4 | ADM1: Lower Saxony, ADM2: , ADM3: Landkreis Göttingen, ADM4: Hann. Münden | Latitude: 51.41505, Longitude: 9.65046 | Score: 18.20, Population: 23289 | Fuzzy match: 50.0
2025-08-22 15:19:34,433 INFO Comparing database entry: hann with Hemeln returned from geonames.
2025-08-22 15:19:34,433 INFO 📄 Index 2 | Name: Hemeln | fcl: P, fcode: PPL | ADM1: Lower Saxony, ADM2: , ADM3: Landkreis Göttingen, ADM4: Hann. Münden | Latitude: 51.50019, Longitude: 9.60789 | Score: 14.73, Population: 0 | Fuzzy match: 40.0
2025-08-22 15:19:34,433 INFO Comparing database entry: hann with Hedemünden returned from geonames.
2025-08-22 15:19:34,433 INFO 📄 Index 3 | Name: Hedemünden | fcl: P, fcode: PPL | ADM1: Lower Saxony, ADM2: , ADM3: Landkreis Göttingen, ADM4: Hann. Münden | Latitude: 51.38994, Longitude: 9.76296 | Score: 14.73, Population: 0 | Fuzzy match: 42.85714285714286
2025-08-22 15:19:34,584 INFO Comparing database entry: hann with Hannoversch Münden returned from geonames.
2025-08-22 15:19:34,584 INFO 📄 Index 0 | Name: Hannoversch Münden | fcl: P, fcode: PPL | ADM1: Lower Saxony, ADM2: , ADM3: Landkreis Göttingen, ADM4: Hann. Münden | Latitude: 51.41505, Longitude: 9.65046 | Score: 48.07, Population: 25073 | Fuzzy match: 36.36363636363637
2025-08-22 15:19:34,584 INFO Comparing database entry: hann with Hann. Münden returned from geonames.
2025-08-22 15:19:34,585 INFO 📄 Index 1 | Name: Hann. Münden | fcl: A, fcode: ADM4 | ADM1: Lower Saxony, ADM2: , ADM3: Landkreis Göttingen, ADM4: Hann. Münden | Latitude: 51.41505, Longitude: 9.65046 | Score: 18.20, Population: 23289 | Fuzzy match: 50.0
2025-08-22 15:19:34,585 INFO Comparing database entry: hann with Hemeln returned from geonames.
2025-08-22 15:19:34,585 INFO 📄 Index 2 | Name: Hemeln | fcl: P, fcode: PPL | ADM1: Lower Saxony, ADM2: , ADM3: Landkreis Göttingen, ADM4: Hann. Münden | Latitude: 51.50019, Longitude: 9.60789 | Score: 14.73, Population: 0 | Fuzzy match: 40.0
2025-08-22 15:19:34,585 INFO Comparing database entry: hann with Hedemünden returned from geonames.
2025-08-22 15:19:34,585 INFO 📄 Index 3 | Name: Hedemünden | fcl: P, fcode: PPL | ADM1: Lower Saxony, ADM2: , ADM3: Landkreis Göttingen, ADM4: Hann. Münden | Latitude: 51.38994, Longitude: 9.76296 | Score: 14.73, Population: 0 | Fuzzy match: 42.85714285714286
2025-08-22 15:19:34,745 INFO Comparing database entry: hann with Hannoversch Münden returned from geonames.
2025-08-22 15:19:34,746 INFO 📄 Index 0 | Name: Hannoversch Münden | fcl: P, fcode: PPL | ADM1: Lower Saxony, ADM2: , ADM3: Landkreis Göttingen, ADM4: Hann. Münden | Latitude: 51.41505, Longitude: 9.65046 | Score: 48.07, Population: 25073 | Fuzzy match: 36.36363636363637
2025-08-22 15:19:34,746 INFO Comparing database entry: hann with Hann. Münden returned from geonames.
2025-08-22 15:19:34,746 INFO 📄 Index 1 | Name: Hann. Münden | fcl: A, fcode: ADM4 | ADM1: Lower Saxony, ADM2: , ADM3: Landkreis Göttingen, ADM4: Hann. Münden | Latitude: 51.41505, Longitude: 9.65046 | Score: 18.20, Population: 23289 | Fuzzy match: 50.0
2025-08-22 15:19:34,746 INFO Comparing database entry: hann with Hemeln returned from geonames.
2025-08-22 15:19:34,746 INFO 📄 Index 2 | Name: Hemeln | fcl: P, fcode: PPL | ADM1: Lower Saxony, ADM2: , ADM3: Landkreis Göttingen, ADM4: Hann. Münden | Latitude: 51.50019, Longitude: 9.60789 | Score: 14.73, Population: 0 | Fuzzy match: 40.0
2025-08-22 15:19:34,746 INFO Comparing database entry: hann with Hedemünden returned from geonames.
2025-08-22 15:19:34,746 INFO 📄 Index 3 | Name: Hedemünden | fcl: P, fcode: PPL | ADM1: Lower Saxony, ADM2: , ADM3: Landkreis Göttingen, ADM4: Hann. Münden | Latitude: 51.38994, Longitude: 9.76296 | Score: 14.73, Population: 0 | Fuzzy match: 42.85714285714286
2025-08-22 15:19:34,878 INFO Comparing database entry: hann with Hannoversch Münden returned from geonames.
2025-08-22 15:19:34,879 INFO 📄 Index 0 | Name: Hannoversch Münden | fcl: P, fcode: PPL | ADM1: Lower Saxony, ADM2: , ADM3: Landkreis Göttingen, ADM4: Hann. Münden | Latitude: 51.41505, Longitude: 9.65046 | Score: 48.07, Population: 25073 | Fuzzy match: 36.36363636363637
2025-08-22 15:19:34,879 INFO Comparing database entry: hann with Hann. Münden returned from geonames.
2025-08-22 15:19:34,879 INFO 📄 Index 1 | Name: Hann. Münden | fcl: A, fcode: ADM4 | ADM1: Lower Saxony, ADM2: , ADM3: Landkreis Göttingen, ADM4: Hann. Münden | Latitude: 51.41505, Longitude: 9.65046 | Score: 18.20, Population: 23289 | Fuzzy match: 50.0
2025-08-22 15:19:34,879 INFO Comparing database entry: hann with Hemeln returned from geonames.
2025-08-22 15:19:34,879 INFO 📄 Index 2 | Name: Hemeln | fcl: P, fcode: PPL | ADM1: Lower Saxony, ADM2: , ADM3: Landkreis Göttingen, ADM4: Hann. Münden | Latitude: 51.50019, Longitude: 9.60789 | Score: 14.73, Population: 0 | Fuzzy match: 40.0
2025-08-22 15:19:34,879 INFO Comparing database entry: hann with Hedemünden returned from geonames.
2025-08-22 15:19:34,879 INFO 📄 Index 3 | Name: Hedemünden | fcl: P, fcode: PPL | ADM1: Lower Saxony, ADM2: , ADM3: Landkreis Göttingen, ADM4: Hann. Münden | Latitude: 51.38994, Longitude: 9.76296 | Score: 14.73, Population: 0 | Fuzzy match: 42.85714285714286
2025-08-22 15:19:35,018 INFO Comparing database entry: hann with Hannoversch Münden returned from geonames.
2025-08-22 15:19:35,018 INFO 📄 Index 0 | Name: Hannoversch Münden | fcl: P, fcode: PPL | ADM1: Lower Saxony, ADM2: , ADM3: Landkreis Göttingen, ADM4: Hann. Münden | Latitude: 51.41505, Longitude: 9.65046 | Score: 48.07, Population: 25073 | Fuzzy match: 36.36363636363637
2025-08-22 15:19:35,018 INFO Comparing database entry: hann with Hann. Münden returned from geonames.
2025-08-22 15:19:35,018 INFO 📄 Index 1 | Name: Hann. Münden | fcl: A, fcode: ADM4 | ADM1: Lower Saxony, ADM2: , ADM3: Landkreis Göttingen, ADM4: Hann. Münden | Latitude: 51.41505, Longitude: 9.65046 | Score: 18.20, Population: 23289 | Fuzzy match: 50.0
2025-08-22 15:19:35,018 INFO Comparing database entry: hann with Hemeln returned from geonames.
2025-08-22 15:19:35,018 INFO 📄 Index 2 | Name: Hemeln | fcl: P, fcode: PPL | ADM1: Lower Saxony, ADM2: , ADM3: Landkreis Göttingen, ADM4: Hann. Münden | Latitude: 51.50019, Longitude: 9.60789 | Score: 14.73, Population: 0 | Fuzzy match: 40.0
2025-08-22 15:19:35,018 INFO Comparing database entry: hann with Hedemünden returned from geonames.
2025-08-22 15:19:35,018 INFO 📄 Index 3 | Name: Hedemünden | fcl: P, fcode: PPL | ADM1: Lower Saxony, ADM2: , ADM3: Landkreis Göttingen, ADM4: Hann. Münden | Latitude: 51.38994, Longitude: 9.76296 | Score: 14.73, Population: 0 | Fuzzy match: 42.85714285714286
2025-08-22 15:19:35,019 WARNING ❌ No match found with fuzzy score > 80 for city: hann
2025-08-22 15:19:35,019 WARNING ❌ Lookup failed for city='hann', iso2='DE'
