2025-08-19 17:11:08,352 INFO 🗺️ Starting GeoNames lookup for city='hallertau', country='germany'
2025-08-19 17:11:08,352 INFO 📍 Location is present in the following articles: [ObjectId('67fa7e17eaa4fb525afebe63')]
2025-08-19 17:11:08,500 INFO Comparing database entry: hallertau with Au in der Hallertau returned from geonames.
2025-08-19 17:11:08,500 INFO 📄 Index 0 | Name: Au in der Hallertau | fcl: P, fcode: PPL | ADM1: Bavaria, ADM2: Upper Bavaria, ADM3: Landkreis Freising, ADM4: Au i.d.Hallertau, Markt | Latitude: 48.55838, Longitude: 11.74138 | Score: 28.02, Population: 5427 | Fuzzy match: 64.28571428571428
2025-08-19 17:11:08,500 INFO Comparing database entry: hallertau with Au i.d.Hallertau, Markt returned from geonames.
2025-08-19 17:11:08,500 INFO 📄 Index 1 | Name: Au i.d.Hallertau, Markt | fcl: A, fcode: ADM4 | ADM1: Bavaria, ADM2: Upper Bavaria, ADM3: Landkreis Freising, ADM4: Au i.d.Hallertau, Markt | Latitude: 48.55, Longitude: 11.75 | Score: 16.75, Population: 6269 | Fuzzy match: 56.25
2025-08-19 17:11:08,500 INFO Comparing database entry: hallertau with Geroldshausen in der Hallertau returned from geonames.
2025-08-19 17:11:08,500 INFO 📄 Index 2 | Name: Geroldshausen in der Hallertau | fcl: P, fcode: PPL | ADM1: Bavaria, ADM2: Upper Bavaria, ADM3: Landkreis Pfaffenhofen an der Ilm, ADM4: Wolnzach, Markt | Latitude: 48.56458, Longitude: 11.62287 | Score: 14.30, Population: 0 | Fuzzy match: 46.15384615384615
2025-08-19 17:11:08,500 INFO Comparing database entry: hallertau with Kranzberg returned from geonames.
2025-08-19 17:11:08,500 INFO 📄 Index 3 | Name: Kranzberg | fcl: P, fcode: PPL | ADM1: Bavaria, ADM2: Upper Bavaria, ADM3: Landkreis Freising, ADM4: Au i.d.Hallertau, Markt | Latitude: 48.54409, Longitude: 11.69304 | Score: 7.85, Population: 0 | Fuzzy match: 33.333333333333336
2025-08-19 17:11:08,686 INFO Comparing database entry: hallertau with Au in der Hallertau returned from geonames.
2025-08-19 17:11:08,687 INFO 📄 Index 0 | Name: Au in der Hallertau | fcl: P, fcode: PPL | ADM1: Bavaria, ADM2: Upper Bavaria, ADM3: Landkreis Freising, ADM4: Au i.d.Hallertau, Markt | Latitude: 48.55838, Longitude: 11.74138 | Score: 28.02, Population: 5427 | Fuzzy match: 64.28571428571428
2025-08-19 17:11:08,687 INFO Comparing database entry: hallertau with Au i.d.Hallertau, Markt returned from geonames.
2025-08-19 17:11:08,687 INFO 📄 Index 1 | Name: Au i.d.Hallertau, Markt | fcl: A, fcode: ADM4 | ADM1: Bavaria, ADM2: Upper Bavaria, ADM3: Landkreis Freising, ADM4: Au i.d.Hallertau, Markt | Latitude: 48.55, Longitude: 11.75 | Score: 16.75, Population: 6269 | Fuzzy match: 56.25
2025-08-19 17:11:08,687 INFO Comparing database entry: hallertau with Geroldshausen in der Hallertau returned from geonames.
2025-08-19 17:11:08,687 INFO 📄 Index 2 | Name: Geroldshausen in der Hallertau | fcl: P, fcode: PPL | ADM1: Bavaria, ADM2: Upper Bavaria, ADM3: Landkreis Pfaffenhofen an der Ilm, ADM4: Wolnzach, Markt | Latitude: 48.56458, Longitude: 11.62287 | Score: 14.30, Population: 0 | Fuzzy match: 46.15384615384615
2025-08-19 17:11:08,687 INFO Comparing database entry: hallertau with Kranzberg returned from geonames.
2025-08-19 17:11:08,687 INFO 📄 Index 3 | Name: Kranzberg | fcl: P, fcode: PPL | ADM1: Bavaria, ADM2: Upper Bavaria, ADM3: Landkreis Freising, ADM4: Au i.d.Hallertau, Markt | Latitude: 48.54409, Longitude: 11.69304 | Score: 7.85, Population: 0 | Fuzzy match: 33.333333333333336
2025-08-19 17:11:08,837 INFO Comparing database entry: hallertau with Au in der Hallertau returned from geonames.
2025-08-19 17:11:08,838 INFO 📄 Index 0 | Name: Au in der Hallertau | fcl: P, fcode: PPL | ADM1: Bavaria, ADM2: Upper Bavaria, ADM3: Landkreis Freising, ADM4: Au i.d.Hallertau, Markt | Latitude: 48.55838, Longitude: 11.74138 | Score: 28.02, Population: 5427 | Fuzzy match: 64.28571428571428
2025-08-19 17:11:08,838 INFO Comparing database entry: hallertau with Au i.d.Hallertau, Markt returned from geonames.
2025-08-19 17:11:08,838 INFO 📄 Index 1 | Name: Au i.d.Hallertau, Markt | fcl: A, fcode: ADM4 | ADM1: Bavaria, ADM2: Upper Bavaria, ADM3: Landkreis Freising, ADM4: Au i.d.Hallertau, Markt | Latitude: 48.55, Longitude: 11.75 | Score: 16.75, Population: 6269 | Fuzzy match: 56.25
2025-08-19 17:11:08,838 INFO Comparing database entry: hallertau with Geroldshausen in der Hallertau returned from geonames.
2025-08-19 17:11:08,838 INFO 📄 Index 2 | Name: Geroldshausen in der Hallertau | fcl: P, fcode: PPL | ADM1: Bavaria, ADM2: Upper Bavaria, ADM3: Landkreis Pfaffenhofen an der Ilm, ADM4: Wolnzach, Markt | Latitude: 48.56458, Longitude: 11.62287 | Score: 14.30, Population: 0 | Fuzzy match: 46.15384615384615
2025-08-19 17:11:08,838 INFO Comparing database entry: hallertau with Kranzberg returned from geonames.
2025-08-19 17:11:08,838 INFO 📄 Index 3 | Name: Kranzberg | fcl: P, fcode: PPL | ADM1: Bavaria, ADM2: Upper Bavaria, ADM3: Landkreis Freising, ADM4: Au i.d.Hallertau, Markt | Latitude: 48.54409, Longitude: 11.69304 | Score: 7.85, Population: 0 | Fuzzy match: 33.333333333333336
2025-08-19 17:11:08,964 INFO Comparing database entry: hallertau with Au in der Hallertau returned from geonames.
2025-08-19 17:11:08,964 INFO 📄 Index 0 | Name: Au in der Hallertau | fcl: P, fcode: PPL | ADM1: Bavaria, ADM2: Upper Bavaria, ADM3: Landkreis Freising, ADM4: Au i.d.Hallertau, Markt | Latitude: 48.55838, Longitude: 11.74138 | Score: 28.02, Population: 5427 | Fuzzy match: 64.28571428571428
2025-08-19 17:11:08,964 INFO Comparing database entry: hallertau with Au i.d.Hallertau, Markt returned from geonames.
2025-08-19 17:11:08,965 INFO 📄 Index 1 | Name: Au i.d.Hallertau, Markt | fcl: A, fcode: ADM4 | ADM1: Bavaria, ADM2: Upper Bavaria, ADM3: Landkreis Freising, ADM4: Au i.d.Hallertau, Markt | Latitude: 48.55, Longitude: 11.75 | Score: 16.75, Population: 6269 | Fuzzy match: 56.25
2025-08-19 17:11:08,965 INFO Comparing database entry: hallertau with Geroldshausen in der Hallertau returned from geonames.
2025-08-19 17:11:08,965 INFO 📄 Index 2 | Name: Geroldshausen in der Hallertau | fcl: P, fcode: PPL | ADM1: Bavaria, ADM2: Upper Bavaria, ADM3: Landkreis Pfaffenhofen an der Ilm, ADM4: Wolnzach, Markt | Latitude: 48.56458, Longitude: 11.62287 | Score: 14.30, Population: 0 | Fuzzy match: 46.15384615384615
2025-08-19 17:11:08,965 INFO Comparing database entry: hallertau with Kranzberg returned from geonames.
2025-08-19 17:11:08,965 INFO 📄 Index 3 | Name: Kranzberg | fcl: P, fcode: PPL | ADM1: Bavaria, ADM2: Upper Bavaria, ADM3: Landkreis Freising, ADM4: Au i.d.Hallertau, Markt | Latitude: 48.54409, Longitude: 11.69304 | Score: 7.85, Population: 0 | Fuzzy match: 33.333333333333336
2025-08-19 17:11:09,111 INFO Comparing database entry: hallertau with Au in der Hallertau returned from geonames.
2025-08-19 17:11:09,111 INFO 📄 Index 0 | Name: Au in der Hallertau | fcl: P, fcode: PPL | ADM1: Bavaria, ADM2: Upper Bavaria, ADM3: Landkreis Freising, ADM4: Au i.d.Hallertau, Markt | Latitude: 48.55838, Longitude: 11.74138 | Score: 28.02, Population: 5427 | Fuzzy match: 64.28571428571428
2025-08-19 17:11:09,111 INFO Comparing database entry: hallertau with Au i.d.Hallertau, Markt returned from geonames.
2025-08-19 17:11:09,111 INFO 📄 Index 1 | Name: Au i.d.Hallertau, Markt | fcl: A, fcode: ADM4 | ADM1: Bavaria, ADM2: Upper Bavaria, ADM3: Landkreis Freising, ADM4: Au i.d.Hallertau, Markt | Latitude: 48.55, Longitude: 11.75 | Score: 16.75, Population: 6269 | Fuzzy match: 56.25
2025-08-19 17:11:09,111 INFO Comparing database entry: hallertau with Geroldshausen in der Hallertau returned from geonames.
2025-08-19 17:11:09,111 INFO 📄 Index 2 | Name: Geroldshausen in der Hallertau | fcl: P, fcode: PPL | ADM1: Bavaria, ADM2: Upper Bavaria, ADM3: Landkreis Pfaffenhofen an der Ilm, ADM4: Wolnzach, Markt | Latitude: 48.56458, Longitude: 11.62287 | Score: 14.30, Population: 0 | Fuzzy match: 46.15384615384615
2025-08-19 17:11:09,111 INFO Comparing database entry: hallertau with Kranzberg returned from geonames.
2025-08-19 17:11:09,111 INFO 📄 Index 3 | Name: Kranzberg | fcl: P, fcode: PPL | ADM1: Bavaria, ADM2: Upper Bavaria, ADM3: Landkreis Freising, ADM4: Au i.d.Hallertau, Markt | Latitude: 48.54409, Longitude: 11.69304 | Score: 7.85, Population: 0 | Fuzzy match: 33.333333333333336
2025-08-19 17:11:09,249 INFO Comparing database entry: hallertau with Au in der Hallertau returned from geonames.
2025-08-19 17:11:09,249 INFO 📄 Index 0 | Name: Au in der Hallertau | fcl: P, fcode: PPL | ADM1: Bavaria, ADM2: Upper Bavaria, ADM3: Landkreis Freising, ADM4: Au i.d.Hallertau, Markt | Latitude: 48.55838, Longitude: 11.74138 | Score: 28.02, Population: 5427 | Fuzzy match: 64.28571428571428
2025-08-19 17:11:09,250 INFO Comparing database entry: hallertau with Au i.d.Hallertau, Markt returned from geonames.
2025-08-19 17:11:09,250 INFO 📄 Index 1 | Name: Au i.d.Hallertau, Markt | fcl: A, fcode: ADM4 | ADM1: Bavaria, ADM2: Upper Bavaria, ADM3: Landkreis Freising, ADM4: Au i.d.Hallertau, Markt | Latitude: 48.55, Longitude: 11.75 | Score: 16.75, Population: 6269 | Fuzzy match: 56.25
2025-08-19 17:11:09,250 INFO Comparing database entry: hallertau with Geroldshausen in der Hallertau returned from geonames.
2025-08-19 17:11:09,250 INFO 📄 Index 2 | Name: Geroldshausen in der Hallertau | fcl: P, fcode: PPL | ADM1: Bavaria, ADM2: Upper Bavaria, ADM3: Landkreis Pfaffenhofen an der Ilm, ADM4: Wolnzach, Markt | Latitude: 48.56458, Longitude: 11.62287 | Score: 14.30, Population: 0 | Fuzzy match: 46.15384615384615
2025-08-19 17:11:09,250 INFO Comparing database entry: hallertau with Kranzberg returned from geonames.
2025-08-19 17:11:09,250 INFO 📄 Index 3 | Name: Kranzberg | fcl: P, fcode: PPL | ADM1: Bavaria, ADM2: Upper Bavaria, ADM3: Landkreis Freising, ADM4: Au i.d.Hallertau, Markt | Latitude: 48.54409, Longitude: 11.69304 | Score: 7.85, Population: 0 | Fuzzy match: 33.333333333333336
2025-08-19 17:11:09,250 WARNING ❌ No match found with fuzzy score > 80 for city: hallertau
2025-08-19 17:11:09,250 WARNING ❌ Lookup failed for city='hallertau', iso2='DE'
