2025-09-17 14:27:40,554 INFO 🗺️ Starting GeoNames lookup for city='hamburg-bergedorf', country='germany'
2025-09-17 14:27:40,555 INFO 📍 Location is present in the following articles: [ObjectId('67f920ccf431fddd61d558f4')]
2025-09-17 14:27:40,624 INFO Comparing database entry: hamburg-bergedorf with Bergedorf returned from geonames.
2025-09-17 14:27:40,624 INFO 📄 Index 0 | Name: Bergedorf | fcl: P, fcode: PPLX | ADM1: Hamburg, ADM2: , ADM3: Hamburg, Freie und Hansestadt, ADM4: Hamburg | Latitude: 53.48462, Longitude: 10.22904 | Score: 70.80, Population: 119665 | Fuzzy match: 69.23076923076923
2025-09-17 14:27:40,624 INFO Comparing database entry: hamburg-bergedorf with Kirchwerder returned from geonames.
2025-09-17 14:27:40,624 INFO 📄 Index 1 | Name: Kirchwerder | fcl: P, fcode: PPLX | ADM1: Hamburg, ADM2: , ADM3: Hamburg, Freie und Hansestadt, ADM4: Hamburg | Latitude: 53.41972, Longitude: 10.20156 | Score: 25.90, Population: 10218 | Fuzzy match: 35.71428571428571
2025-09-17 14:27:40,625 INFO Comparing database entry: hamburg-bergedorf with Bergedorf returned from geonames.
2025-09-17 14:27:40,625 INFO 📄 Index 2 | Name: Bergedorf | fcl: A, fcode: ADMD | ADM1: Hamburg, ADM2: , ADM3: , ADM4:  | Latitude: 53.48333, Longitude: 10.23333 | Score: 22.96, Population: 0 | Fuzzy match: 69.23076923076923
2025-09-17 14:27:40,625 INFO Comparing database entry: hamburg-bergedorf with Ochsenwerder returned from geonames.
2025-09-17 14:27:40,625 INFO 📄 Index 3 | Name: Ochsenwerder | fcl: P, fcode: PPLX | ADM1: Hamburg, ADM2: , ADM3: Hamburg, Freie und Hansestadt, ADM4: Hamburg | Latitude: 53.47565, Longitude: 10.10147 | Score: 22.20, Population: 3000 | Fuzzy match: 34.48275862068966
2025-09-17 14:27:40,690 INFO Comparing database entry: hamburg-bergedorf with Bergedorf returned from geonames.
2025-09-17 14:27:40,690 INFO 📄 Index 0 | Name: Bergedorf | fcl: P, fcode: PPLX | ADM1: Hamburg, ADM2: , ADM3: Hamburg, Freie und Hansestadt, ADM4: Hamburg | Latitude: 53.48462, Longitude: 10.22904 | Score: 70.80, Population: 119665 | Fuzzy match: 69.23076923076923
2025-09-17 14:27:40,690 INFO Comparing database entry: hamburg-bergedorf with Kirchwerder returned from geonames.
2025-09-17 14:27:40,691 INFO 📄 Index 1 | Name: Kirchwerder | fcl: P, fcode: PPLX | ADM1: Hamburg, ADM2: , ADM3: Hamburg, Freie und Hansestadt, ADM4: Hamburg | Latitude: 53.41972, Longitude: 10.20156 | Score: 25.90, Population: 10218 | Fuzzy match: 35.71428571428571
2025-09-17 14:27:40,691 INFO Comparing database entry: hamburg-bergedorf with Bergedorf returned from geonames.
2025-09-17 14:27:40,691 INFO 📄 Index 2 | Name: Bergedorf | fcl: A, fcode: ADMD | ADM1: Hamburg, ADM2: , ADM3: , ADM4:  | Latitude: 53.48333, Longitude: 10.23333 | Score: 22.96, Population: 0 | Fuzzy match: 69.23076923076923
2025-09-17 14:27:40,691 INFO Comparing database entry: hamburg-bergedorf with Ochsenwerder returned from geonames.
2025-09-17 14:27:40,691 INFO 📄 Index 3 | Name: Ochsenwerder | fcl: P, fcode: PPLX | ADM1: Hamburg, ADM2: , ADM3: Hamburg, Freie und Hansestadt, ADM4: Hamburg | Latitude: 53.47565, Longitude: 10.10147 | Score: 22.20, Population: 3000 | Fuzzy match: 34.48275862068966
2025-09-17 14:27:40,734 INFO Comparing database entry: hamburg-bergedorf with Bergedorf returned from geonames.
2025-09-17 14:27:40,734 INFO 📄 Index 0 | Name: Bergedorf | fcl: P, fcode: PPLX | ADM1: Hamburg, ADM2: , ADM3: Hamburg, Freie und Hansestadt, ADM4: Hamburg | Latitude: 53.48462, Longitude: 10.22904 | Score: 70.80, Population: 119665 | Fuzzy match: 69.23076923076923
2025-09-17 14:27:40,734 INFO Comparing database entry: hamburg-bergedorf with Kirchwerder returned from geonames.
2025-09-17 14:27:40,734 INFO 📄 Index 1 | Name: Kirchwerder | fcl: P, fcode: PPLX | ADM1: Hamburg, ADM2: , ADM3: Hamburg, Freie und Hansestadt, ADM4: Hamburg | Latitude: 53.41972, Longitude: 10.20156 | Score: 25.90, Population: 10218 | Fuzzy match: 35.71428571428571
2025-09-17 14:27:40,734 INFO Comparing database entry: hamburg-bergedorf with Bergedorf returned from geonames.
2025-09-17 14:27:40,734 INFO 📄 Index 2 | Name: Bergedorf | fcl: A, fcode: ADMD | ADM1: Hamburg, ADM2: , ADM3: , ADM4:  | Latitude: 53.48333, Longitude: 10.23333 | Score: 22.96, Population: 0 | Fuzzy match: 69.23076923076923
2025-09-17 14:27:40,734 INFO Comparing database entry: hamburg-bergedorf with Ochsenwerder returned from geonames.
2025-09-17 14:27:40,734 INFO 📄 Index 3 | Name: Ochsenwerder | fcl: P, fcode: PPLX | ADM1: Hamburg, ADM2: , ADM3: Hamburg, Freie und Hansestadt, ADM4: Hamburg | Latitude: 53.47565, Longitude: 10.10147 | Score: 22.20, Population: 3000 | Fuzzy match: 34.48275862068966
2025-09-17 14:27:40,779 INFO Comparing database entry: hamburg-bergedorf with Bergedorf returned from geonames.
2025-09-17 14:27:40,779 INFO 📄 Index 0 | Name: Bergedorf | fcl: P, fcode: PPLX | ADM1: Hamburg, ADM2: , ADM3: Hamburg, Freie und Hansestadt, ADM4: Hamburg | Latitude: 53.48462, Longitude: 10.22904 | Score: 70.80, Population: 119665 | Fuzzy match: 69.23076923076923
2025-09-17 14:27:40,779 INFO Comparing database entry: hamburg-bergedorf with Kirchwerder returned from geonames.
2025-09-17 14:27:40,779 INFO 📄 Index 1 | Name: Kirchwerder | fcl: P, fcode: PPLX | ADM1: Hamburg, ADM2: , ADM3: Hamburg, Freie und Hansestadt, ADM4: Hamburg | Latitude: 53.41972, Longitude: 10.20156 | Score: 25.90, Population: 10218 | Fuzzy match: 35.71428571428571
2025-09-17 14:27:40,779 INFO Comparing database entry: hamburg-bergedorf with Bergedorf returned from geonames.
2025-09-17 14:27:40,780 INFO 📄 Index 2 | Name: Bergedorf | fcl: A, fcode: ADMD | ADM1: Hamburg, ADM2: , ADM3: , ADM4:  | Latitude: 53.48333, Longitude: 10.23333 | Score: 22.96, Population: 0 | Fuzzy match: 69.23076923076923
2025-09-17 14:27:40,780 INFO Comparing database entry: hamburg-bergedorf with Ochsenwerder returned from geonames.
2025-09-17 14:27:40,780 INFO 📄 Index 3 | Name: Ochsenwerder | fcl: P, fcode: PPLX | ADM1: Hamburg, ADM2: , ADM3: Hamburg, Freie und Hansestadt, ADM4: Hamburg | Latitude: 53.47565, Longitude: 10.10147 | Score: 22.20, Population: 3000 | Fuzzy match: 34.48275862068966
2025-09-17 14:27:40,825 INFO Comparing database entry: hamburg-bergedorf with Bergedorf returned from geonames.
2025-09-17 14:27:40,825 INFO 📄 Index 0 | Name: Bergedorf | fcl: P, fcode: PPLX | ADM1: Hamburg, ADM2: , ADM3: Hamburg, Freie und Hansestadt, ADM4: Hamburg | Latitude: 53.48462, Longitude: 10.22904 | Score: 70.80, Population: 119665 | Fuzzy match: 69.23076923076923
2025-09-17 14:27:40,826 INFO Comparing database entry: hamburg-bergedorf with Kirchwerder returned from geonames.
2025-09-17 14:27:40,826 INFO 📄 Index 1 | Name: Kirchwerder | fcl: P, fcode: PPLX | ADM1: Hamburg, ADM2: , ADM3: Hamburg, Freie und Hansestadt, ADM4: Hamburg | Latitude: 53.41972, Longitude: 10.20156 | Score: 25.90, Population: 10218 | Fuzzy match: 35.71428571428571
2025-09-17 14:27:40,826 INFO Comparing database entry: hamburg-bergedorf with Bergedorf returned from geonames.
2025-09-17 14:27:40,826 INFO 📄 Index 2 | Name: Bergedorf | fcl: A, fcode: ADMD | ADM1: Hamburg, ADM2: , ADM3: , ADM4:  | Latitude: 53.48333, Longitude: 10.23333 | Score: 22.96, Population: 0 | Fuzzy match: 69.23076923076923
2025-09-17 14:27:40,826 INFO Comparing database entry: hamburg-bergedorf with Ochsenwerder returned from geonames.
2025-09-17 14:27:40,826 INFO 📄 Index 3 | Name: Ochsenwerder | fcl: P, fcode: PPLX | ADM1: Hamburg, ADM2: , ADM3: Hamburg, Freie und Hansestadt, ADM4: Hamburg | Latitude: 53.47565, Longitude: 10.10147 | Score: 22.20, Population: 3000 | Fuzzy match: 34.48275862068966
2025-09-17 14:27:40,898 INFO Comparing database entry: hamburg-bergedorf with Bergedorf returned from geonames.
2025-09-17 14:27:40,898 INFO 📄 Index 0 | Name: Bergedorf | fcl: P, fcode: PPLX | ADM1: Hamburg, ADM2: , ADM3: Hamburg, Freie und Hansestadt, ADM4: Hamburg | Latitude: 53.48462, Longitude: 10.22904 | Score: 70.80, Population: 119665 | Fuzzy match: 69.23076923076923
2025-09-17 14:27:40,898 INFO Comparing database entry: hamburg-bergedorf with Kirchwerder returned from geonames.
2025-09-17 14:27:40,898 INFO 📄 Index 1 | Name: Kirchwerder | fcl: P, fcode: PPLX | ADM1: Hamburg, ADM2: , ADM3: Hamburg, Freie und Hansestadt, ADM4: Hamburg | Latitude: 53.41972, Longitude: 10.20156 | Score: 25.90, Population: 10218 | Fuzzy match: 35.71428571428571
2025-09-17 14:27:40,899 INFO Comparing database entry: hamburg-bergedorf with Bergedorf returned from geonames.
2025-09-17 14:27:40,899 INFO 📄 Index 2 | Name: Bergedorf | fcl: A, fcode: ADMD | ADM1: Hamburg, ADM2: , ADM3: , ADM4:  | Latitude: 53.48333, Longitude: 10.23333 | Score: 22.96, Population: 0 | Fuzzy match: 69.23076923076923
2025-09-17 14:27:40,899 INFO Comparing database entry: hamburg-bergedorf with Ochsenwerder returned from geonames.
2025-09-17 14:27:40,899 INFO 📄 Index 3 | Name: Ochsenwerder | fcl: P, fcode: PPLX | ADM1: Hamburg, ADM2: , ADM3: Hamburg, Freie und Hansestadt, ADM4: Hamburg | Latitude: 53.47565, Longitude: 10.10147 | Score: 22.20, Population: 3000 | Fuzzy match: 34.48275862068966
2025-09-17 14:27:40,899 WARNING ❌ No match found with fuzzy score > 80 for city: hamburg-bergedorf
2025-09-17 14:27:40,899 WARNING ❌ Lookup failed for city='hamburgbergedorf', iso2='DE'
