2025-08-19 17:11:11,185 INFO 🗺️ Starting GeoNames lookup for city='hanover-vahrenwald', country='germany'
2025-08-19 17:11:11,185 INFO 📍 Location is present in the following articles: [ObjectId('68a34e3955f8a4c6a03cb05f')]
2025-08-19 17:11:11,329 INFO Comparing database entry: hanover-vahrenwald with Vahrenwald returned from geonames.
2025-08-19 17:11:11,330 INFO 📄 Index 0 | Name: Vahrenwald | fcl: P, fcode: PPLX | ADM1: Lower Saxony, ADM2: , ADM3: Region Hannover, ADM4: Hanover | Latitude: 52.40053, Longitude: 9.735 | Score: 14.88, Population: 0 | Fuzzy match: 71.42857142857143
2025-08-19 17:11:11,330 INFO Comparing database entry: hanover-vahrenwald with Vahrenwald-List returned from geonames.
2025-08-19 17:11:11,330 INFO 📄 Index 1 | Name: Vahrenwald-List | fcl: A, fcode: ADM5 | ADM1: Lower Saxony, ADM2: , ADM3: Region Hannover, ADM4: Hanover | Latitude: 52.39873, Longitude: 9.74759 | Score: 9.54, Population: 0 | Fuzzy match: 60.60606060606061
2025-08-19 17:11:11,330 INFO Comparing database entry: hanover-vahrenwald with List returned from geonames.
2025-08-19 17:11:11,330 INFO 📄 Index 2 | Name: List | fcl: P, fcode: PPLX | ADM1: Lower Saxony, ADM2: , ADM3: Region Hannover, ADM4: Hanover | Latitude: 52.39666, Longitude: 9.7526 | Score: 4.58, Population: 0 | Fuzzy match: 9.090909090909093
2025-08-19 17:11:11,500 INFO Comparing database entry: hanover-vahrenwald with Vahrenwald returned from geonames.
2025-08-19 17:11:11,500 INFO 📄 Index 0 | Name: Vahrenwald | fcl: P, fcode: PPLX | ADM1: Lower Saxony, ADM2: , ADM3: Region Hannover, ADM4: Hanover | Latitude: 52.40053, Longitude: 9.735 | Score: 14.88, Population: 0 | Fuzzy match: 71.42857142857143
2025-08-19 17:11:11,500 INFO Comparing database entry: hanover-vahrenwald with Vahrenwald-List returned from geonames.
2025-08-19 17:11:11,500 INFO 📄 Index 1 | Name: Vahrenwald-List | fcl: A, fcode: ADM5 | ADM1: Lower Saxony, ADM2: , ADM3: Region Hannover, ADM4: Hanover | Latitude: 52.39873, Longitude: 9.74759 | Score: 9.54, Population: 0 | Fuzzy match: 60.60606060606061
2025-08-19 17:11:11,500 INFO Comparing database entry: hanover-vahrenwald with List returned from geonames.
2025-08-19 17:11:11,500 INFO 📄 Index 2 | Name: List | fcl: P, fcode: PPLX | ADM1: Lower Saxony, ADM2: , ADM3: Region Hannover, ADM4: Hanover | Latitude: 52.39666, Longitude: 9.7526 | Score: 4.58, Population: 0 | Fuzzy match: 9.090909090909093
2025-08-19 17:11:11,633 INFO Comparing database entry: hanover-vahrenwald with Vahrenwald returned from geonames.
2025-08-19 17:11:11,633 INFO 📄 Index 0 | Name: Vahrenwald | fcl: P, fcode: PPLX | ADM1: Lower Saxony, ADM2: , ADM3: Region Hannover, ADM4: Hanover | Latitude: 52.40053, Longitude: 9.735 | Score: 14.88, Population: 0 | Fuzzy match: 71.42857142857143
2025-08-19 17:11:11,634 INFO Comparing database entry: hanover-vahrenwald with Vahrenwald-List returned from geonames.
2025-08-19 17:11:11,634 INFO 📄 Index 1 | Name: Vahrenwald-List | fcl: A, fcode: ADM5 | ADM1: Lower Saxony, ADM2: , ADM3: Region Hannover, ADM4: Hanover | Latitude: 52.39873, Longitude: 9.74759 | Score: 9.54, Population: 0 | Fuzzy match: 60.60606060606061
2025-08-19 17:11:11,634 INFO Comparing database entry: hanover-vahrenwald with List returned from geonames.
2025-08-19 17:11:11,634 INFO 📄 Index 2 | Name: List | fcl: P, fcode: PPLX | ADM1: Lower Saxony, ADM2: , ADM3: Region Hannover, ADM4: Hanover | Latitude: 52.39666, Longitude: 9.7526 | Score: 4.58, Population: 0 | Fuzzy match: 9.090909090909093
2025-08-19 17:11:11,806 INFO Comparing database entry: hanover-vahrenwald with Vahrenwald returned from geonames.
2025-08-19 17:11:11,807 INFO 📄 Index 0 | Name: Vahrenwald | fcl: P, fcode: PPLX | ADM1: Lower Saxony, ADM2: , ADM3: Region Hannover, ADM4: Hanover | Latitude: 52.40053, Longitude: 9.735 | Score: 14.88, Population: 0 | Fuzzy match: 71.42857142857143
2025-08-19 17:11:11,807 INFO Comparing database entry: hanover-vahrenwald with Vahrenwald-List returned from geonames.
2025-08-19 17:11:11,807 INFO 📄 Index 1 | Name: Vahrenwald-List | fcl: A, fcode: ADM5 | ADM1: Lower Saxony, ADM2: , ADM3: Region Hannover, ADM4: Hanover | Latitude: 52.39873, Longitude: 9.74759 | Score: 9.54, Population: 0 | Fuzzy match: 60.60606060606061
2025-08-19 17:11:11,807 INFO Comparing database entry: hanover-vahrenwald with List returned from geonames.
2025-08-19 17:11:11,807 INFO 📄 Index 2 | Name: List | fcl: P, fcode: PPLX | ADM1: Lower Saxony, ADM2: , ADM3: Region Hannover, ADM4: Hanover | Latitude: 52.39666, Longitude: 9.7526 | Score: 4.58, Population: 0 | Fuzzy match: 9.090909090909093
2025-08-19 17:11:11,940 INFO Comparing database entry: hanover-vahrenwald with Vahrenwald returned from geonames.
2025-08-19 17:11:11,940 INFO 📄 Index 0 | Name: Vahrenwald | fcl: P, fcode: PPLX | ADM1: Lower Saxony, ADM2: , ADM3: Region Hannover, ADM4: Hanover | Latitude: 52.40053, Longitude: 9.735 | Score: 14.88, Population: 0 | Fuzzy match: 71.42857142857143
2025-08-19 17:11:11,940 INFO Comparing database entry: hanover-vahrenwald with Vahrenwald-List returned from geonames.
2025-08-19 17:11:11,940 INFO 📄 Index 1 | Name: Vahrenwald-List | fcl: A, fcode: ADM5 | ADM1: Lower Saxony, ADM2: , ADM3: Region Hannover, ADM4: Hanover | Latitude: 52.39873, Longitude: 9.74759 | Score: 9.54, Population: 0 | Fuzzy match: 60.60606060606061
2025-08-19 17:11:11,940 INFO Comparing database entry: hanover-vahrenwald with List returned from geonames.
2025-08-19 17:11:11,940 INFO 📄 Index 2 | Name: List | fcl: P, fcode: PPLX | ADM1: Lower Saxony, ADM2: , ADM3: Region Hannover, ADM4: Hanover | Latitude: 52.39666, Longitude: 9.7526 | Score: 4.58, Population: 0 | Fuzzy match: 9.090909090909093
2025-08-19 17:11:12,090 INFO Comparing database entry: hanover-vahrenwald with Vahrenwald returned from geonames.
2025-08-19 17:11:12,090 INFO 📄 Index 0 | Name: Vahrenwald | fcl: P, fcode: PPLX | ADM1: Lower Saxony, ADM2: , ADM3: Region Hannover, ADM4: Hanover | Latitude: 52.40053, Longitude: 9.735 | Score: 14.88, Population: 0 | Fuzzy match: 71.42857142857143
2025-08-19 17:11:12,091 INFO Comparing database entry: hanover-vahrenwald with Vahrenwald-List returned from geonames.
2025-08-19 17:11:12,091 INFO 📄 Index 1 | Name: Vahrenwald-List | fcl: A, fcode: ADM5 | ADM1: Lower Saxony, ADM2: , ADM3: Region Hannover, ADM4: Hanover | Latitude: 52.39873, Longitude: 9.74759 | Score: 9.54, Population: 0 | Fuzzy match: 60.60606060606061
2025-08-19 17:11:12,091 INFO Comparing database entry: hanover-vahrenwald with List returned from geonames.
2025-08-19 17:11:12,091 INFO 📄 Index 2 | Name: List | fcl: P, fcode: PPLX | ADM1: Lower Saxony, ADM2: , ADM3: Region Hannover, ADM4: Hanover | Latitude: 52.39666, Longitude: 9.7526 | Score: 4.58, Population: 0 | Fuzzy match: 9.090909090909093
2025-08-19 17:11:12,091 WARNING ❌ No match found with fuzzy score > 80 for city: hanover-vahrenwald
2025-08-19 17:11:12,091 WARNING ❌ Lookup failed for city='hanovervahrenwald', iso2='DE'
