2025-09-26 20:54:03,054 INFO 🗺️ Starting GeoNames lookup for city='krefeld-uerdingen', country='germany'
2025-09-26 20:54:03,054 INFO 📍 Location is present in the following articles: [ObjectId('67f922caf431fddd61d55f90')]
2025-09-26 20:54:03,229 INFO Comparing database entry: krefeld-uerdingen with Krefeld returned from geonames.
2025-09-26 20:54:03,229 INFO 📄 Index 0 | Name: Krefeld | fcl: P, fcode: PPLA3 | ADM1: North Rhine-Westphalia, ADM2: Düsseldorf District, ADM3: Kreisfreie Stadt Krefeld, ADM4: Krefeld | Latitude: 51.33645, Longitude: 6.55381 | Score: 47.82, Population: 237984 | Fuzzy match: 58.33333333333333
2025-09-26 20:54:03,230 INFO Comparing database entry: krefeld-uerdingen with Uerdingen returned from geonames.
2025-09-26 20:54:03,230 INFO 📄 Index 1 | Name: Uerdingen | fcl: P, fcode: PPLX | ADM1: North Rhine-Westphalia, ADM2: Düsseldorf District, ADM3: Kreisfreie Stadt Krefeld, ADM4: Krefeld | Latitude: 51.35478, Longitude: 6.63918 | Score: 21.17, Population: 17888 | Fuzzy match: 69.23076923076923
2025-09-26 20:54:03,400 INFO Comparing database entry: krefeld-uerdingen with Krefeld returned from geonames.
2025-09-26 20:54:03,400 INFO 📄 Index 0 | Name: Krefeld | fcl: P, fcode: PPLA3 | ADM1: North Rhine-Westphalia, ADM2: Düsseldorf District, ADM3: Kreisfreie Stadt Krefeld, ADM4: Krefeld | Latitude: 51.33645, Longitude: 6.55381 | Score: 47.82, Population: 237984 | Fuzzy match: 58.33333333333333
2025-09-26 20:54:03,400 INFO Comparing database entry: krefeld-uerdingen with Uerdingen returned from geonames.
2025-09-26 20:54:03,400 INFO 📄 Index 1 | Name: Uerdingen | fcl: P, fcode: PPLX | ADM1: North Rhine-Westphalia, ADM2: Düsseldorf District, ADM3: Kreisfreie Stadt Krefeld, ADM4: Krefeld | Latitude: 51.35478, Longitude: 6.63918 | Score: 21.17, Population: 17888 | Fuzzy match: 69.23076923076923
2025-09-26 20:54:03,560 INFO Comparing database entry: krefeld-uerdingen with Krefeld returned from geonames.
2025-09-26 20:54:03,561 INFO 📄 Index 0 | Name: Krefeld | fcl: P, fcode: PPLA3 | ADM1: North Rhine-Westphalia, ADM2: Düsseldorf District, ADM3: Kreisfreie Stadt Krefeld, ADM4: Krefeld | Latitude: 51.33645, Longitude: 6.55381 | Score: 47.82, Population: 237984 | Fuzzy match: 58.33333333333333
2025-09-26 20:54:03,561 INFO Comparing database entry: krefeld-uerdingen with Uerdingen returned from geonames.
2025-09-26 20:54:03,561 INFO 📄 Index 1 | Name: Uerdingen | fcl: P, fcode: PPLX | ADM1: North Rhine-Westphalia, ADM2: Düsseldorf District, ADM3: Kreisfreie Stadt Krefeld, ADM4: Krefeld | Latitude: 51.35478, Longitude: 6.63918 | Score: 21.17, Population: 17888 | Fuzzy match: 69.23076923076923
2025-09-26 20:54:03,740 INFO Comparing database entry: krefeld-uerdingen with Krefeld returned from geonames.
2025-09-26 20:54:03,740 INFO 📄 Index 0 | Name: Krefeld | fcl: P, fcode: PPLA3 | ADM1: North Rhine-Westphalia, ADM2: Düsseldorf District, ADM3: Kreisfreie Stadt Krefeld, ADM4: Krefeld | Latitude: 51.33645, Longitude: 6.55381 | Score: 47.82, Population: 237984 | Fuzzy match: 58.33333333333333
2025-09-26 20:54:03,740 INFO Comparing database entry: krefeld-uerdingen with Uerdingen returned from geonames.
2025-09-26 20:54:03,740 INFO 📄 Index 1 | Name: Uerdingen | fcl: P, fcode: PPLX | ADM1: North Rhine-Westphalia, ADM2: Düsseldorf District, ADM3: Kreisfreie Stadt Krefeld, ADM4: Krefeld | Latitude: 51.35478, Longitude: 6.63918 | Score: 21.17, Population: 17888 | Fuzzy match: 69.23076923076923
2025-09-26 20:54:03,908 INFO Comparing database entry: krefeld-uerdingen with Krefeld returned from geonames.
2025-09-26 20:54:03,908 INFO 📄 Index 0 | Name: Krefeld | fcl: P, fcode: PPLA3 | ADM1: North Rhine-Westphalia, ADM2: Düsseldorf District, ADM3: Kreisfreie Stadt Krefeld, ADM4: Krefeld | Latitude: 51.33645, Longitude: 6.55381 | Score: 47.82, Population: 237984 | Fuzzy match: 58.33333333333333
2025-09-26 20:54:03,908 INFO Comparing database entry: krefeld-uerdingen with Uerdingen returned from geonames.
2025-09-26 20:54:03,908 INFO 📄 Index 1 | Name: Uerdingen | fcl: P, fcode: PPLX | ADM1: North Rhine-Westphalia, ADM2: Düsseldorf District, ADM3: Kreisfreie Stadt Krefeld, ADM4: Krefeld | Latitude: 51.35478, Longitude: 6.63918 | Score: 21.17, Population: 17888 | Fuzzy match: 69.23076923076923
2025-09-26 20:54:04,068 INFO Comparing database entry: krefeld-uerdingen with Krefeld returned from geonames.
2025-09-26 20:54:04,068 INFO 📄 Index 0 | Name: Krefeld | fcl: P, fcode: PPLA3 | ADM1: North Rhine-Westphalia, ADM2: Düsseldorf District, ADM3: Kreisfreie Stadt Krefeld, ADM4: Krefeld | Latitude: 51.33645, Longitude: 6.55381 | Score: 47.82, Population: 237984 | Fuzzy match: 58.33333333333333
2025-09-26 20:54:04,069 INFO Comparing database entry: krefeld-uerdingen with Uerdingen returned from geonames.
2025-09-26 20:54:04,069 INFO 📄 Index 1 | Name: Uerdingen | fcl: P, fcode: PPLX | ADM1: North Rhine-Westphalia, ADM2: Düsseldorf District, ADM3: Kreisfreie Stadt Krefeld, ADM4: Krefeld | Latitude: 51.35478, Longitude: 6.63918 | Score: 21.17, Population: 17888 | Fuzzy match: 69.23076923076923
2025-09-26 20:54:04,069 WARNING ❌ No match found with fuzzy score > 80 for city: krefeld-uerdingen
2025-09-26 20:54:04,069 WARNING ❌ Lookup failed for city='krefelduerdingen', iso2='DE'
