2025-09-26 20:54:09,818 INFO 🗺️ Starting GeoNames lookup for city='lutherstadt wittenberg', country='germany'
2025-09-26 20:54:09,818 INFO 📍 Location is present in the following articles: [ObjectId('67fa62e138fb90ab92f8c343'), ObjectId('67fa62fa38fb90ab92f8c395'), ObjectId('67fa7f48eaa4fb525afec354'), ObjectId('67fbee9894b7f855cfea65a6'), ObjectId('684ebacffb4b25699262e363')]
2025-09-26 20:54:09,991 INFO Comparing database entry: lutherstadt wittenberg with Wittenberg returned from geonames.
2025-09-26 20:54:09,991 INFO 📄 Index 0 | Name: Wittenberg | fcl: P, fcode: PPLA3 | ADM1: Saxony-Anhalt, ADM2: , ADM3: Landkreis Wittenberg, ADM4: Wittenberg | Latitude: 51.8661, Longitude: 12.64973 | Score: 29.46, Population: 30000 | Fuzzy match: 62.5
2025-09-26 20:54:09,991 INFO Comparing database entry: lutherstadt wittenberg with Abtsdorf returned from geonames.
2025-09-26 20:54:09,991 INFO 📄 Index 1 | Name: Abtsdorf | fcl: P, fcode: PPL | ADM1: Saxony-Anhalt, ADM2: , ADM3: Landkreis Wittenberg, ADM4: Wittenberg | Latitude: 51.88984, Longitude: 12.72526 | Score: 21.87, Population: 1457 | Fuzzy match: 26.66666666666667
2025-09-26 20:54:09,992 INFO Comparing database entry: lutherstadt wittenberg with Kropstädt returned from geonames.
2025-09-26 20:54:09,992 INFO 📄 Index 2 | Name: Kropstädt | fcl: P, fcode: PPL | ADM1: Saxony-Anhalt, ADM2: , ADM3: Landkreis Wittenberg, ADM4: Wittenberg | Latitude: 51.96307, Longitude: 12.7455 | Score: 21.87, Population: 1364 | Fuzzy match: 32.25806451612904
2025-09-26 20:54:09,992 INFO Comparing database entry: lutherstadt wittenberg with Pratau returned from geonames.
2025-09-26 20:54:09,992 INFO 📄 Index 3 | Name: Pratau | fcl: P, fcode: PPL | ADM1: Saxony-Anhalt, ADM2: , ADM3: Landkreis Wittenberg, ADM4: Wittenberg | Latitude: 51.84226, Longitude: 12.64373 | Score: 21.87, Population: 1861 | Fuzzy match: 21.42857142857143
2025-09-26 20:54:10,212 INFO Comparing database entry: lutherstadt wittenberg with Wittenberg returned from geonames.
2025-09-26 20:54:10,212 INFO 📄 Index 0 | Name: Wittenberg | fcl: P, fcode: PPLA3 | ADM1: Saxony-Anhalt, ADM2: , ADM3: Landkreis Wittenberg, ADM4: Wittenberg | Latitude: 51.8661, Longitude: 12.64973 | Score: 29.46, Population: 30000 | Fuzzy match: 62.5
2025-09-26 20:54:10,212 INFO Comparing database entry: lutherstadt wittenberg with Abtsdorf returned from geonames.
2025-09-26 20:54:10,212 INFO 📄 Index 1 | Name: Abtsdorf | fcl: P, fcode: PPL | ADM1: Saxony-Anhalt, ADM2: , ADM3: Landkreis Wittenberg, ADM4: Wittenberg | Latitude: 51.88984, Longitude: 12.72526 | Score: 21.87, Population: 1457 | Fuzzy match: 26.66666666666667
2025-09-26 20:54:10,212 INFO Comparing database entry: lutherstadt wittenberg with Kropstädt returned from geonames.
2025-09-26 20:54:10,213 INFO 📄 Index 2 | Name: Kropstädt | fcl: P, fcode: PPL | ADM1: Saxony-Anhalt, ADM2: , ADM3: Landkreis Wittenberg, ADM4: Wittenberg | Latitude: 51.96307, Longitude: 12.7455 | Score: 21.87, Population: 1364 | Fuzzy match: 32.25806451612904
2025-09-26 20:54:10,213 INFO Comparing database entry: lutherstadt wittenberg with Pratau returned from geonames.
2025-09-26 20:54:10,213 INFO 📄 Index 3 | Name: Pratau | fcl: P, fcode: PPL | ADM1: Saxony-Anhalt, ADM2: , ADM3: Landkreis Wittenberg, ADM4: Wittenberg | Latitude: 51.84226, Longitude: 12.64373 | Score: 21.87, Population: 1861 | Fuzzy match: 21.42857142857143
2025-09-26 20:54:10,370 INFO Comparing database entry: lutherstadt wittenberg with Wittenberg returned from geonames.
2025-09-26 20:54:10,370 INFO 📄 Index 0 | Name: Wittenberg | fcl: P, fcode: PPLA3 | ADM1: Saxony-Anhalt, ADM2: , ADM3: Landkreis Wittenberg, ADM4: Wittenberg | Latitude: 51.8661, Longitude: 12.64973 | Score: 29.46, Population: 30000 | Fuzzy match: 62.5
2025-09-26 20:54:10,370 INFO Comparing database entry: lutherstadt wittenberg with Abtsdorf returned from geonames.
2025-09-26 20:54:10,370 INFO 📄 Index 1 | Name: Abtsdorf | fcl: P, fcode: PPL | ADM1: Saxony-Anhalt, ADM2: , ADM3: Landkreis Wittenberg, ADM4: Wittenberg | Latitude: 51.88984, Longitude: 12.72526 | Score: 21.87, Population: 1457 | Fuzzy match: 26.66666666666667
2025-09-26 20:54:10,371 INFO Comparing database entry: lutherstadt wittenberg with Kropstädt returned from geonames.
2025-09-26 20:54:10,371 INFO 📄 Index 2 | Name: Kropstädt | fcl: P, fcode: PPL | ADM1: Saxony-Anhalt, ADM2: , ADM3: Landkreis Wittenberg, ADM4: Wittenberg | Latitude: 51.96307, Longitude: 12.7455 | Score: 21.87, Population: 1364 | Fuzzy match: 32.25806451612904
2025-09-26 20:54:10,371 INFO Comparing database entry: lutherstadt wittenberg with Pratau returned from geonames.
2025-09-26 20:54:10,371 INFO 📄 Index 3 | Name: Pratau | fcl: P, fcode: PPL | ADM1: Saxony-Anhalt, ADM2: , ADM3: Landkreis Wittenberg, ADM4: Wittenberg | Latitude: 51.84226, Longitude: 12.64373 | Score: 21.87, Population: 1861 | Fuzzy match: 21.42857142857143
2025-09-26 20:54:10,520 INFO Comparing database entry: lutherstadt wittenberg with Wittenberg returned from geonames.
2025-09-26 20:54:10,520 INFO 📄 Index 0 | Name: Wittenberg | fcl: P, fcode: PPLA3 | ADM1: Saxony-Anhalt, ADM2: , ADM3: Landkreis Wittenberg, ADM4: Wittenberg | Latitude: 51.8661, Longitude: 12.64973 | Score: 29.46, Population: 30000 | Fuzzy match: 62.5
2025-09-26 20:54:10,520 INFO Comparing database entry: lutherstadt wittenberg with Abtsdorf returned from geonames.
2025-09-26 20:54:10,520 INFO 📄 Index 1 | Name: Abtsdorf | fcl: P, fcode: PPL | ADM1: Saxony-Anhalt, ADM2: , ADM3: Landkreis Wittenberg, ADM4: Wittenberg | Latitude: 51.88984, Longitude: 12.72526 | Score: 21.87, Population: 1457 | Fuzzy match: 26.66666666666667
2025-09-26 20:54:10,520 INFO Comparing database entry: lutherstadt wittenberg with Kropstädt returned from geonames.
2025-09-26 20:54:10,520 INFO 📄 Index 2 | Name: Kropstädt | fcl: P, fcode: PPL | ADM1: Saxony-Anhalt, ADM2: , ADM3: Landkreis Wittenberg, ADM4: Wittenberg | Latitude: 51.96307, Longitude: 12.7455 | Score: 21.87, Population: 1364 | Fuzzy match: 32.25806451612904
2025-09-26 20:54:10,520 INFO Comparing database entry: lutherstadt wittenberg with Pratau returned from geonames.
2025-09-26 20:54:10,520 INFO 📄 Index 3 | Name: Pratau | fcl: P, fcode: PPL | ADM1: Saxony-Anhalt, ADM2: , ADM3: Landkreis Wittenberg, ADM4: Wittenberg | Latitude: 51.84226, Longitude: 12.64373 | Score: 21.87, Population: 1861 | Fuzzy match: 21.42857142857143
2025-09-26 20:54:10,674 INFO Comparing database entry: lutherstadt wittenberg with Wittenberg returned from geonames.
2025-09-26 20:54:10,674 INFO 📄 Index 0 | Name: Wittenberg | fcl: P, fcode: PPLA3 | ADM1: Saxony-Anhalt, ADM2: , ADM3: Landkreis Wittenberg, ADM4: Wittenberg | Latitude: 51.8661, Longitude: 12.64973 | Score: 29.46, Population: 30000 | Fuzzy match: 62.5
2025-09-26 20:54:10,674 INFO Comparing database entry: lutherstadt wittenberg with Abtsdorf returned from geonames.
2025-09-26 20:54:10,674 INFO 📄 Index 1 | Name: Abtsdorf | fcl: P, fcode: PPL | ADM1: Saxony-Anhalt, ADM2: , ADM3: Landkreis Wittenberg, ADM4: Wittenberg | Latitude: 51.88984, Longitude: 12.72526 | Score: 21.87, Population: 1457 | Fuzzy match: 26.66666666666667
2025-09-26 20:54:10,674 INFO Comparing database entry: lutherstadt wittenberg with Kropstädt returned from geonames.
2025-09-26 20:54:10,674 INFO 📄 Index 2 | Name: Kropstädt | fcl: P, fcode: PPL | ADM1: Saxony-Anhalt, ADM2: , ADM3: Landkreis Wittenberg, ADM4: Wittenberg | Latitude: 51.96307, Longitude: 12.7455 | Score: 21.87, Population: 1364 | Fuzzy match: 32.25806451612904
2025-09-26 20:54:10,674 INFO Comparing database entry: lutherstadt wittenberg with Pratau returned from geonames.
2025-09-26 20:54:10,674 INFO 📄 Index 3 | Name: Pratau | fcl: P, fcode: PPL | ADM1: Saxony-Anhalt, ADM2: , ADM3: Landkreis Wittenberg, ADM4: Wittenberg | Latitude: 51.84226, Longitude: 12.64373 | Score: 21.87, Population: 1861 | Fuzzy match: 21.42857142857143
2025-09-26 20:54:10,823 INFO Comparing database entry: lutherstadt wittenberg with Wittenberg returned from geonames.
2025-09-26 20:54:10,823 INFO 📄 Index 0 | Name: Wittenberg | fcl: P, fcode: PPLA3 | ADM1: Saxony-Anhalt, ADM2: , ADM3: Landkreis Wittenberg, ADM4: Wittenberg | Latitude: 51.8661, Longitude: 12.64973 | Score: 29.46, Population: 30000 | Fuzzy match: 62.5
2025-09-26 20:54:10,824 INFO Comparing database entry: lutherstadt wittenberg with Abtsdorf returned from geonames.
2025-09-26 20:54:10,824 INFO 📄 Index 1 | Name: Abtsdorf | fcl: P, fcode: PPL | ADM1: Saxony-Anhalt, ADM2: , ADM3: Landkreis Wittenberg, ADM4: Wittenberg | Latitude: 51.88984, Longitude: 12.72526 | Score: 21.87, Population: 1457 | Fuzzy match: 26.66666666666667
2025-09-26 20:54:10,824 INFO Comparing database entry: lutherstadt wittenberg with Kropstädt returned from geonames.
2025-09-26 20:54:10,824 INFO 📄 Index 2 | Name: Kropstädt | fcl: P, fcode: PPL | ADM1: Saxony-Anhalt, ADM2: , ADM3: Landkreis Wittenberg, ADM4: Wittenberg | Latitude: 51.96307, Longitude: 12.7455 | Score: 21.87, Population: 1364 | Fuzzy match: 32.25806451612904
2025-09-26 20:54:10,824 INFO Comparing database entry: lutherstadt wittenberg with Pratau returned from geonames.
2025-09-26 20:54:10,824 INFO 📄 Index 3 | Name: Pratau | fcl: P, fcode: PPL | ADM1: Saxony-Anhalt, ADM2: , ADM3: Landkreis Wittenberg, ADM4: Wittenberg | Latitude: 51.84226, Longitude: 12.64373 | Score: 21.87, Population: 1861 | Fuzzy match: 21.42857142857143
2025-09-26 20:54:10,824 WARNING ❌ No match found with fuzzy score > 80 for city: lutherstadt wittenberg
2025-09-26 20:54:10,824 WARNING ❌ Lookup failed for city='lutherstadt_wittenberg', iso2='DE'
