2025-09-26 20:54:08,578 INFO 🗺️ Starting GeoNames lookup for city='ludwigshafen', country='germany'
2025-09-26 20:54:08,578 INFO 📍 Location is present in the following articles: [ObjectId('67f92301f431fddd61d56045'), ObjectId('67fa623538fb90ab92f8c112'), ObjectId('67fa62ab38fb90ab92f8c29c'), ObjectId('67fa62f938fb90ab92f8c391'), ObjectId('67fbeebe94b7f855cfea663f'), ObjectId('67fbeec594b7f855cfea665e'), ObjectId('67fbeed494b7f855cfea669b'), ObjectId('67fbef6394b7f855cfea670a'), ObjectId('6840a1f6c202c40b602d3822'), ObjectId('688b3fa2fbcf7664dfd16b78'), ObjectId('68d3df5b3e609fb288d7c899')]
2025-09-26 20:54:08,751 INFO Comparing database entry: ludwigshafen with Ludwigshafen am Rhein returned from geonames.
2025-09-26 20:54:08,751 INFO 📄 Index 0 | Name: Ludwigshafen am Rhein | fcl: P, fcode: PPLA3 | ADM1: Rheinland-Pfalz, ADM2: , ADM3: Kreisfreie Stadt Ludwigshafen am Rhein, ADM4: Ludwigshafen am Rhein | Latitude: 49.48121, Longitude: 8.44641 | Score: 69.26, Population: 163196 | Fuzzy match: 72.72727272727273
2025-09-26 20:54:08,751 INFO Comparing database entry: ludwigshafen with Böhl-Iggelheim returned from geonames.
2025-09-26 20:54:08,751 INFO 📄 Index 1 | Name: Böhl-Iggelheim | fcl: P, fcode: PPLA4 | ADM1: Rheinland-Pfalz, ADM2: , ADM3: Rhein-Pfalz-Kreis, ADM4: Böhl-Iggelheim | Latitude: 49.38056, Longitude: 8.30389 | Score: 21.75, Population: 10797 | Fuzzy match: 38.46153846153846
2025-09-26 20:54:08,751 INFO Comparing database entry: ludwigshafen with Bobenheim-Roxheim returned from geonames.
2025-09-26 20:54:08,751 INFO 📄 Index 2 | Name: Bobenheim-Roxheim | fcl: P, fcode: PPLA4 | ADM1: Rheinland-Pfalz, ADM2: , ADM3: Rhein-Pfalz-Kreis, ADM4: Bobenheim-Roxheim | Latitude: 49.5875, Longitude: 8.35778 | Score: 21.75, Population: 10106 | Fuzzy match: 20.68965517241379
2025-09-26 20:54:08,751 INFO Comparing database entry: ludwigshafen with Schifferstadt returned from geonames.
2025-09-26 20:54:08,751 INFO 📄 Index 3 | Name: Schifferstadt | fcl: P, fcode: PPL | ADM1: Rheinland-Pfalz, ADM2: , ADM3: Rhein-Pfalz-Kreis, ADM4: Schifferstadt | Latitude: 49.38417, Longitude: 8.3775 | Score: 21.75, Population: 19209 | Fuzzy match: 31.999999999999996
2025-09-26 20:54:08,937 INFO Comparing database entry: ludwigshafen with Ludwigshafen am Rhein returned from geonames.
2025-09-26 20:54:08,937 INFO 📄 Index 0 | Name: Ludwigshafen am Rhein | fcl: P, fcode: PPLA3 | ADM1: Rheinland-Pfalz, ADM2: , ADM3: Kreisfreie Stadt Ludwigshafen am Rhein, ADM4: Ludwigshafen am Rhein | Latitude: 49.48121, Longitude: 8.44641 | Score: 69.26, Population: 163196 | Fuzzy match: 72.72727272727273
2025-09-26 20:54:08,937 INFO Comparing database entry: ludwigshafen with Böhl-Iggelheim returned from geonames.
2025-09-26 20:54:08,937 INFO 📄 Index 1 | Name: Böhl-Iggelheim | fcl: P, fcode: PPLA4 | ADM1: Rheinland-Pfalz, ADM2: , ADM3: Rhein-Pfalz-Kreis, ADM4: Böhl-Iggelheim | Latitude: 49.38056, Longitude: 8.30389 | Score: 21.75, Population: 10797 | Fuzzy match: 38.46153846153846
2025-09-26 20:54:08,937 INFO Comparing database entry: ludwigshafen with Bobenheim-Roxheim returned from geonames.
2025-09-26 20:54:08,937 INFO 📄 Index 2 | Name: Bobenheim-Roxheim | fcl: P, fcode: PPLA4 | ADM1: Rheinland-Pfalz, ADM2: , ADM3: Rhein-Pfalz-Kreis, ADM4: Bobenheim-Roxheim | Latitude: 49.5875, Longitude: 8.35778 | Score: 21.75, Population: 10106 | Fuzzy match: 20.68965517241379
2025-09-26 20:54:08,937 INFO Comparing database entry: ludwigshafen with Schifferstadt returned from geonames.
2025-09-26 20:54:08,937 INFO 📄 Index 3 | Name: Schifferstadt | fcl: P, fcode: PPL | ADM1: Rheinland-Pfalz, ADM2: , ADM3: Rhein-Pfalz-Kreis, ADM4: Schifferstadt | Latitude: 49.38417, Longitude: 8.3775 | Score: 21.75, Population: 19209 | Fuzzy match: 31.999999999999996
2025-09-26 20:54:09,093 INFO Comparing database entry: ludwigshafen with Ludwigshafen am Rhein returned from geonames.
2025-09-26 20:54:09,093 INFO 📄 Index 0 | Name: Ludwigshafen am Rhein | fcl: P, fcode: PPLA3 | ADM1: Rheinland-Pfalz, ADM2: , ADM3: Kreisfreie Stadt Ludwigshafen am Rhein, ADM4: Ludwigshafen am Rhein | Latitude: 49.48121, Longitude: 8.44641 | Score: 69.26, Population: 163196 | Fuzzy match: 72.72727272727273
2025-09-26 20:54:09,093 INFO Comparing database entry: ludwigshafen with Böhl-Iggelheim returned from geonames.
2025-09-26 20:54:09,093 INFO 📄 Index 1 | Name: Böhl-Iggelheim | fcl: P, fcode: PPLA4 | ADM1: Rheinland-Pfalz, ADM2: , ADM3: Rhein-Pfalz-Kreis, ADM4: Böhl-Iggelheim | Latitude: 49.38056, Longitude: 8.30389 | Score: 21.75, Population: 10797 | Fuzzy match: 38.46153846153846
2025-09-26 20:54:09,093 INFO Comparing database entry: ludwigshafen with Bobenheim-Roxheim returned from geonames.
2025-09-26 20:54:09,093 INFO 📄 Index 2 | Name: Bobenheim-Roxheim | fcl: P, fcode: PPLA4 | ADM1: Rheinland-Pfalz, ADM2: , ADM3: Rhein-Pfalz-Kreis, ADM4: Bobenheim-Roxheim | Latitude: 49.5875, Longitude: 8.35778 | Score: 21.75, Population: 10106 | Fuzzy match: 20.68965517241379
2025-09-26 20:54:09,093 INFO Comparing database entry: ludwigshafen with Schifferstadt returned from geonames.
2025-09-26 20:54:09,094 INFO 📄 Index 3 | Name: Schifferstadt | fcl: P, fcode: PPL | ADM1: Rheinland-Pfalz, ADM2: , ADM3: Rhein-Pfalz-Kreis, ADM4: Schifferstadt | Latitude: 49.38417, Longitude: 8.3775 | Score: 21.75, Population: 19209 | Fuzzy match: 31.999999999999996
2025-09-26 20:54:09,249 INFO Comparing database entry: ludwigshafen with Ludwigshafen am Rhein returned from geonames.
2025-09-26 20:54:09,249 INFO 📄 Index 0 | Name: Ludwigshafen am Rhein | fcl: P, fcode: PPLA3 | ADM1: Rheinland-Pfalz, ADM2: , ADM3: Kreisfreie Stadt Ludwigshafen am Rhein, ADM4: Ludwigshafen am Rhein | Latitude: 49.48121, Longitude: 8.44641 | Score: 69.26, Population: 163196 | Fuzzy match: 72.72727272727273
2025-09-26 20:54:09,249 INFO Comparing database entry: ludwigshafen with Böhl-Iggelheim returned from geonames.
2025-09-26 20:54:09,249 INFO 📄 Index 1 | Name: Böhl-Iggelheim | fcl: P, fcode: PPLA4 | ADM1: Rheinland-Pfalz, ADM2: , ADM3: Rhein-Pfalz-Kreis, ADM4: Böhl-Iggelheim | Latitude: 49.38056, Longitude: 8.30389 | Score: 21.75, Population: 10797 | Fuzzy match: 38.46153846153846
2025-09-26 20:54:09,249 INFO Comparing database entry: ludwigshafen with Bobenheim-Roxheim returned from geonames.
2025-09-26 20:54:09,249 INFO 📄 Index 2 | Name: Bobenheim-Roxheim | fcl: P, fcode: PPLA4 | ADM1: Rheinland-Pfalz, ADM2: , ADM3: Rhein-Pfalz-Kreis, ADM4: Bobenheim-Roxheim | Latitude: 49.5875, Longitude: 8.35778 | Score: 21.75, Population: 10106 | Fuzzy match: 20.68965517241379
2025-09-26 20:54:09,249 INFO Comparing database entry: ludwigshafen with Schifferstadt returned from geonames.
2025-09-26 20:54:09,249 INFO 📄 Index 3 | Name: Schifferstadt | fcl: P, fcode: PPL | ADM1: Rheinland-Pfalz, ADM2: , ADM3: Rhein-Pfalz-Kreis, ADM4: Schifferstadt | Latitude: 49.38417, Longitude: 8.3775 | Score: 21.75, Population: 19209 | Fuzzy match: 31.999999999999996
2025-09-26 20:54:09,412 INFO Comparing database entry: ludwigshafen with Ludwigshafen am Rhein returned from geonames.
2025-09-26 20:54:09,412 INFO 📄 Index 0 | Name: Ludwigshafen am Rhein | fcl: P, fcode: PPLA3 | ADM1: Rheinland-Pfalz, ADM2: , ADM3: Kreisfreie Stadt Ludwigshafen am Rhein, ADM4: Ludwigshafen am Rhein | Latitude: 49.48121, Longitude: 8.44641 | Score: 69.26, Population: 163196 | Fuzzy match: 72.72727272727273
2025-09-26 20:54:09,412 INFO Comparing database entry: ludwigshafen with Böhl-Iggelheim returned from geonames.
2025-09-26 20:54:09,412 INFO 📄 Index 1 | Name: Böhl-Iggelheim | fcl: P, fcode: PPLA4 | ADM1: Rheinland-Pfalz, ADM2: , ADM3: Rhein-Pfalz-Kreis, ADM4: Böhl-Iggelheim | Latitude: 49.38056, Longitude: 8.30389 | Score: 21.75, Population: 10797 | Fuzzy match: 38.46153846153846
2025-09-26 20:54:09,412 INFO Comparing database entry: ludwigshafen with Bobenheim-Roxheim returned from geonames.
2025-09-26 20:54:09,413 INFO 📄 Index 2 | Name: Bobenheim-Roxheim | fcl: P, fcode: PPLA4 | ADM1: Rheinland-Pfalz, ADM2: , ADM3: Rhein-Pfalz-Kreis, ADM4: Bobenheim-Roxheim | Latitude: 49.5875, Longitude: 8.35778 | Score: 21.75, Population: 10106 | Fuzzy match: 20.68965517241379
2025-09-26 20:54:09,413 INFO Comparing database entry: ludwigshafen with Schifferstadt returned from geonames.
2025-09-26 20:54:09,413 INFO 📄 Index 3 | Name: Schifferstadt | fcl: P, fcode: PPL | ADM1: Rheinland-Pfalz, ADM2: , ADM3: Rhein-Pfalz-Kreis, ADM4: Schifferstadt | Latitude: 49.38417, Longitude: 8.3775 | Score: 21.75, Population: 19209 | Fuzzy match: 31.999999999999996
2025-09-26 20:54:09,587 INFO Comparing database entry: ludwigshafen with Ludwigshafen am Rhein returned from geonames.
2025-09-26 20:54:09,587 INFO 📄 Index 0 | Name: Ludwigshafen am Rhein | fcl: P, fcode: PPLA3 | ADM1: Rheinland-Pfalz, ADM2: , ADM3: Kreisfreie Stadt Ludwigshafen am Rhein, ADM4: Ludwigshafen am Rhein | Latitude: 49.48121, Longitude: 8.44641 | Score: 69.26, Population: 163196 | Fuzzy match: 72.72727272727273
2025-09-26 20:54:09,587 INFO Comparing database entry: ludwigshafen with Böhl-Iggelheim returned from geonames.
2025-09-26 20:54:09,587 INFO 📄 Index 1 | Name: Böhl-Iggelheim | fcl: P, fcode: PPLA4 | ADM1: Rheinland-Pfalz, ADM2: , ADM3: Rhein-Pfalz-Kreis, ADM4: Böhl-Iggelheim | Latitude: 49.38056, Longitude: 8.30389 | Score: 21.75, Population: 10797 | Fuzzy match: 38.46153846153846
2025-09-26 20:54:09,587 INFO Comparing database entry: ludwigshafen with Bobenheim-Roxheim returned from geonames.
2025-09-26 20:54:09,587 INFO 📄 Index 2 | Name: Bobenheim-Roxheim | fcl: P, fcode: PPLA4 | ADM1: Rheinland-Pfalz, ADM2: , ADM3: Rhein-Pfalz-Kreis, ADM4: Bobenheim-Roxheim | Latitude: 49.5875, Longitude: 8.35778 | Score: 21.75, Population: 10106 | Fuzzy match: 20.68965517241379
2025-09-26 20:54:09,587 INFO Comparing database entry: ludwigshafen with Schifferstadt returned from geonames.
2025-09-26 20:54:09,588 INFO 📄 Index 3 | Name: Schifferstadt | fcl: P, fcode: PPL | ADM1: Rheinland-Pfalz, ADM2: , ADM3: Rhein-Pfalz-Kreis, ADM4: Schifferstadt | Latitude: 49.38417, Longitude: 8.3775 | Score: 21.75, Population: 19209 | Fuzzy match: 31.999999999999996
2025-09-26 20:54:09,588 WARNING ❌ No match found with fuzzy score > 80 for city: ludwigshafen
2025-09-26 20:54:09,588 WARNING ❌ Lookup failed for city='ludwigshafen', iso2='DE'
