2025-09-17 14:27:44,664 INFO 🗺️ Starting GeoNames lookup for city='lower bavaria', country='germany'
2025-09-17 14:27:44,664 INFO 📍 Location is present in the following articles: [ObjectId('67fbf95394b7f855cfea7438')]
2025-09-17 14:27:44,740 INFO Comparing database entry: lower bavaria with Würzburg returned from geonames.
2025-09-17 14:27:44,741 INFO 📄 Index 0 | Name: Würzburg | fcl: P, fcode: PPLA2 | ADM1: Bavaria, ADM2: Lower Franconia, ADM3: Kreisfreie Stadt Würzburg, ADM4: Würzburg | Latitude: 49.79391, Longitude: 9.95121 | Score: 50.51, Population: 133731 | Fuzzy match: 19.047619047619047
2025-09-17 14:27:44,741 INFO Comparing database entry: lower bavaria with Landshut returned from geonames.
2025-09-17 14:27:44,741 INFO 📄 Index 1 | Name: Landshut | fcl: P, fcode: PPLA2 | ADM1: Bavaria, ADM2: Lower Bavaria, ADM3: Kreisfreie Stadt Landshut, ADM4: Landshut | Latitude: 48.52961, Longitude: 12.16179 | Score: 48.53, Population: 60488 | Fuzzy match: 9.523809523809524
2025-09-17 14:27:44,741 INFO Comparing database entry: lower bavaria with Passau returned from geonames.
2025-09-17 14:27:44,741 INFO 📄 Index 2 | Name: Passau | fcl: P, fcode: PPLA3 | ADM1: Bavaria, ADM2: Lower Bavaria, ADM3: Kreisfreie Stadt Passau, ADM4: Passau | Latitude: 48.5665, Longitude: 13.43122 | Score: 46.59, Population: 50560 | Fuzzy match: 21.052631578947366
2025-09-17 14:27:44,741 INFO Comparing database entry: lower bavaria with Schweinfurt returned from geonames.
2025-09-17 14:27:44,741 INFO 📄 Index 3 | Name: Schweinfurt | fcl: P, fcode: PPLA3 | ADM1: Bavaria, ADM2: Lower Franconia, ADM3: Kreisfreie Stadt Schweinfurt, ADM4: Schweinfurt | Latitude: 50.04937, Longitude: 10.22175 | Score: 40.52, Population: 54012 | Fuzzy match: 25.0
2025-09-17 14:27:44,812 INFO Comparing database entry: lower bavaria with Würzburg returned from geonames.
2025-09-17 14:27:44,813 INFO 📄 Index 0 | Name: Würzburg | fcl: P, fcode: PPLA2 | ADM1: Bavaria, ADM2: Lower Franconia, ADM3: Kreisfreie Stadt Würzburg, ADM4: Würzburg | Latitude: 49.79391, Longitude: 9.95121 | Score: 50.51, Population: 133731 | Fuzzy match: 19.047619047619047
2025-09-17 14:27:44,813 INFO Comparing database entry: lower bavaria with Landshut returned from geonames.
2025-09-17 14:27:44,813 INFO 📄 Index 1 | Name: Landshut | fcl: P, fcode: PPLA2 | ADM1: Bavaria, ADM2: Lower Bavaria, ADM3: Kreisfreie Stadt Landshut, ADM4: Landshut | Latitude: 48.52961, Longitude: 12.16179 | Score: 48.53, Population: 60488 | Fuzzy match: 9.523809523809524
2025-09-17 14:27:44,813 INFO Comparing database entry: lower bavaria with Passau returned from geonames.
2025-09-17 14:27:44,813 INFO 📄 Index 2 | Name: Passau | fcl: P, fcode: PPLA3 | ADM1: Bavaria, ADM2: Lower Bavaria, ADM3: Kreisfreie Stadt Passau, ADM4: Passau | Latitude: 48.5665, Longitude: 13.43122 | Score: 46.59, Population: 50560 | Fuzzy match: 21.052631578947366
2025-09-17 14:27:44,813 INFO Comparing database entry: lower bavaria with Schweinfurt returned from geonames.
2025-09-17 14:27:44,813 INFO 📄 Index 3 | Name: Schweinfurt | fcl: P, fcode: PPLA3 | ADM1: Bavaria, ADM2: Lower Franconia, ADM3: Kreisfreie Stadt Schweinfurt, ADM4: Schweinfurt | Latitude: 50.04937, Longitude: 10.22175 | Score: 40.52, Population: 54012 | Fuzzy match: 25.0
2025-09-17 14:27:44,888 INFO Comparing database entry: lower bavaria with Würzburg returned from geonames.
2025-09-17 14:27:44,888 INFO 📄 Index 0 | Name: Würzburg | fcl: P, fcode: PPLA2 | ADM1: Bavaria, ADM2: Lower Franconia, ADM3: Kreisfreie Stadt Würzburg, ADM4: Würzburg | Latitude: 49.79391, Longitude: 9.95121 | Score: 50.51, Population: 133731 | Fuzzy match: 19.047619047619047
2025-09-17 14:27:44,888 INFO Comparing database entry: lower bavaria with Landshut returned from geonames.
2025-09-17 14:27:44,888 INFO 📄 Index 1 | Name: Landshut | fcl: P, fcode: PPLA2 | ADM1: Bavaria, ADM2: Lower Bavaria, ADM3: Kreisfreie Stadt Landshut, ADM4: Landshut | Latitude: 48.52961, Longitude: 12.16179 | Score: 48.53, Population: 60488 | Fuzzy match: 9.523809523809524
2025-09-17 14:27:44,888 INFO Comparing database entry: lower bavaria with Passau returned from geonames.
2025-09-17 14:27:44,888 INFO 📄 Index 2 | Name: Passau | fcl: P, fcode: PPLA3 | ADM1: Bavaria, ADM2: Lower Bavaria, ADM3: Kreisfreie Stadt Passau, ADM4: Passau | Latitude: 48.5665, Longitude: 13.43122 | Score: 46.59, Population: 50560 | Fuzzy match: 21.052631578947366
2025-09-17 14:27:44,888 INFO Comparing database entry: lower bavaria with Schweinfurt returned from geonames.
2025-09-17 14:27:44,888 INFO 📄 Index 3 | Name: Schweinfurt | fcl: P, fcode: PPLA3 | ADM1: Bavaria, ADM2: Lower Franconia, ADM3: Kreisfreie Stadt Schweinfurt, ADM4: Schweinfurt | Latitude: 50.04937, Longitude: 10.22175 | Score: 40.52, Population: 54012 | Fuzzy match: 25.0
2025-09-17 14:27:44,940 INFO Comparing database entry: lower bavaria with Würzburg returned from geonames.
2025-09-17 14:27:44,940 INFO 📄 Index 0 | Name: Würzburg | fcl: P, fcode: PPLA2 | ADM1: Bavaria, ADM2: Lower Franconia, ADM3: Kreisfreie Stadt Würzburg, ADM4: Würzburg | Latitude: 49.79391, Longitude: 9.95121 | Score: 50.51, Population: 133731 | Fuzzy match: 19.047619047619047
2025-09-17 14:27:44,940 INFO Comparing database entry: lower bavaria with Landshut returned from geonames.
2025-09-17 14:27:44,940 INFO 📄 Index 1 | Name: Landshut | fcl: P, fcode: PPLA2 | ADM1: Bavaria, ADM2: Lower Bavaria, ADM3: Kreisfreie Stadt Landshut, ADM4: Landshut | Latitude: 48.52961, Longitude: 12.16179 | Score: 48.53, Population: 60488 | Fuzzy match: 9.523809523809524
2025-09-17 14:27:44,940 INFO Comparing database entry: lower bavaria with Passau returned from geonames.
2025-09-17 14:27:44,940 INFO 📄 Index 2 | Name: Passau | fcl: P, fcode: PPLA3 | ADM1: Bavaria, ADM2: Lower Bavaria, ADM3: Kreisfreie Stadt Passau, ADM4: Passau | Latitude: 48.5665, Longitude: 13.43122 | Score: 46.59, Population: 50560 | Fuzzy match: 21.052631578947366
2025-09-17 14:27:44,940 INFO Comparing database entry: lower bavaria with Schweinfurt returned from geonames.
2025-09-17 14:27:44,940 INFO 📄 Index 3 | Name: Schweinfurt | fcl: P, fcode: PPLA3 | ADM1: Bavaria, ADM2: Lower Franconia, ADM3: Kreisfreie Stadt Schweinfurt, ADM4: Schweinfurt | Latitude: 50.04937, Longitude: 10.22175 | Score: 40.52, Population: 54012 | Fuzzy match: 25.0
2025-09-17 14:27:44,985 INFO Comparing database entry: lower bavaria with Würzburg returned from geonames.
2025-09-17 14:27:44,985 INFO 📄 Index 0 | Name: Würzburg | fcl: P, fcode: PPLA2 | ADM1: Bavaria, ADM2: Lower Franconia, ADM3: Kreisfreie Stadt Würzburg, ADM4: Würzburg | Latitude: 49.79391, Longitude: 9.95121 | Score: 50.51, Population: 133731 | Fuzzy match: 19.047619047619047
2025-09-17 14:27:44,985 INFO Comparing database entry: lower bavaria with Landshut returned from geonames.
2025-09-17 14:27:44,985 INFO 📄 Index 1 | Name: Landshut | fcl: P, fcode: PPLA2 | ADM1: Bavaria, ADM2: Lower Bavaria, ADM3: Kreisfreie Stadt Landshut, ADM4: Landshut | Latitude: 48.52961, Longitude: 12.16179 | Score: 48.53, Population: 60488 | Fuzzy match: 9.523809523809524
2025-09-17 14:27:44,985 INFO Comparing database entry: lower bavaria with Passau returned from geonames.
2025-09-17 14:27:44,985 INFO 📄 Index 2 | Name: Passau | fcl: P, fcode: PPLA3 | ADM1: Bavaria, ADM2: Lower Bavaria, ADM3: Kreisfreie Stadt Passau, ADM4: Passau | Latitude: 48.5665, Longitude: 13.43122 | Score: 46.59, Population: 50560 | Fuzzy match: 21.052631578947366
2025-09-17 14:27:44,985 INFO Comparing database entry: lower bavaria with Schweinfurt returned from geonames.
2025-09-17 14:27:44,985 INFO 📄 Index 3 | Name: Schweinfurt | fcl: P, fcode: PPLA3 | ADM1: Bavaria, ADM2: Lower Franconia, ADM3: Kreisfreie Stadt Schweinfurt, ADM4: Schweinfurt | Latitude: 50.04937, Longitude: 10.22175 | Score: 40.52, Population: 54012 | Fuzzy match: 25.0
2025-09-17 14:27:45,032 INFO Comparing database entry: lower bavaria with Würzburg returned from geonames.
2025-09-17 14:27:45,032 INFO 📄 Index 0 | Name: Würzburg | fcl: P, fcode: PPLA2 | ADM1: Bavaria, ADM2: Lower Franconia, ADM3: Kreisfreie Stadt Würzburg, ADM4: Würzburg | Latitude: 49.79391, Longitude: 9.95121 | Score: 50.51, Population: 133731 | Fuzzy match: 19.047619047619047
2025-09-17 14:27:45,032 INFO Comparing database entry: lower bavaria with Landshut returned from geonames.
2025-09-17 14:27:45,032 INFO 📄 Index 1 | Name: Landshut | fcl: P, fcode: PPLA2 | ADM1: Bavaria, ADM2: Lower Bavaria, ADM3: Kreisfreie Stadt Landshut, ADM4: Landshut | Latitude: 48.52961, Longitude: 12.16179 | Score: 48.53, Population: 60488 | Fuzzy match: 9.523809523809524
2025-09-17 14:27:45,032 INFO Comparing database entry: lower bavaria with Passau returned from geonames.
2025-09-17 14:27:45,032 INFO 📄 Index 2 | Name: Passau | fcl: P, fcode: PPLA3 | ADM1: Bavaria, ADM2: Lower Bavaria, ADM3: Kreisfreie Stadt Passau, ADM4: Passau | Latitude: 48.5665, Longitude: 13.43122 | Score: 46.59, Population: 50560 | Fuzzy match: 21.052631578947366
2025-09-17 14:27:45,032 INFO Comparing database entry: lower bavaria with Schweinfurt returned from geonames.
2025-09-17 14:27:45,032 INFO 📄 Index 3 | Name: Schweinfurt | fcl: P, fcode: PPLA3 | ADM1: Bavaria, ADM2: Lower Franconia, ADM3: Kreisfreie Stadt Schweinfurt, ADM4: Schweinfurt | Latitude: 50.04937, Longitude: 10.22175 | Score: 40.52, Population: 54012 | Fuzzy match: 25.0
2025-09-17 14:27:45,032 WARNING ❌ No match found with fuzzy score > 80 for city: lower bavaria
2025-09-17 14:27:45,032 WARNING ❌ Lookup failed for city='lower_bavaria', iso2='DE'
