2025-08-16 12:15:00,768 INFO 🗺️ Starting GeoNames lookup for city='mecklenburg-western pomerania', country='germany'
2025-08-16 12:15:00,768 INFO 📍 Location is present in the following articles: [ObjectId('67fa8665eaa4fb525afed0c4')]
2025-08-16 12:15:01,032 INFO Comparing database entry: mecklenburg-western pomerania with Schwerin returned from geonames.
2025-08-16 12:15:01,033 INFO 📄 Index 0 | Name: Schwerin | fcl: P, fcode: PPLA | ADM1: Mecklenburg-Vorpommern, ADM2: , ADM3: Kreisfreie Stadt Schwerin, ADM4: Schwerin, Landeshauptstadt | Score: 72.22, Population: 96641 | Fuzzy match: 27.027027027027028
2025-08-16 12:15:01,033 INFO Comparing database entry: mecklenburg-western pomerania with Mecklenburg-Vorpommern returned from geonames.
2025-08-16 12:15:01,033 INFO 📄 Index 1 | Name: Mecklenburg-Vorpommern | fcl: A, fcode: ADM1 | ADM1: Mecklenburg-Vorpommern, ADM2: , ADM3: , ADM4:  | Score: 70.18, Population: 1609675 | Fuzzy match: 74.50980392156863
2025-08-16 12:15:01,033 INFO Comparing database entry: mecklenburg-western pomerania with Rostock returned from geonames.
2025-08-16 12:15:01,033 INFO 📄 Index 2 | Name: Rostock | fcl: P, fcode: PPLA3 | ADM1: Mecklenburg-Vorpommern, ADM2: , ADM3: Kreisfreie Stadt Rostock, ADM4: Rostock | Score: 65.87, Population: 198293 | Fuzzy match: 22.22222222222222
2025-08-16 12:15:01,033 INFO Comparing database entry: mecklenburg-western pomerania with Stralsund returned from geonames.
2025-08-16 12:15:01,033 INFO 📄 Index 3 | Name: Stralsund | fcl: P, fcode: PPLA3 | ADM1: Mecklenburg-Vorpommern, ADM2: , ADM3: Landkreis Vorpommern-Rügen, ADM4: Stralsund, Hansestadt | Score: 55.26, Population: 58976 | Fuzzy match: 26.315789473684216
2025-08-16 12:15:01,223 INFO Comparing database entry: mecklenburg-western pomerania with Schwerin returned from geonames.
2025-08-16 12:15:01,223 INFO 📄 Index 0 | Name: Schwerin | fcl: P, fcode: PPLA | ADM1: Mecklenburg-Vorpommern, ADM2: , ADM3: Kreisfreie Stadt Schwerin, ADM4: Schwerin, Landeshauptstadt | Score: 72.22, Population: 96641 | Fuzzy match: 27.027027027027028
2025-08-16 12:15:01,223 INFO Comparing database entry: mecklenburg-western pomerania with Mecklenburg-Vorpommern returned from geonames.
2025-08-16 12:15:01,223 INFO 📄 Index 1 | Name: Mecklenburg-Vorpommern | fcl: A, fcode: ADM1 | ADM1: Mecklenburg-Vorpommern, ADM2: , ADM3: , ADM4:  | Score: 70.18, Population: 1609675 | Fuzzy match: 74.50980392156863
2025-08-16 12:15:01,223 INFO Comparing database entry: mecklenburg-western pomerania with Rostock returned from geonames.
2025-08-16 12:15:01,223 INFO 📄 Index 2 | Name: Rostock | fcl: P, fcode: PPLA3 | ADM1: Mecklenburg-Vorpommern, ADM2: , ADM3: Kreisfreie Stadt Rostock, ADM4: Rostock | Score: 65.87, Population: 198293 | Fuzzy match: 22.22222222222222
2025-08-16 12:15:01,223 INFO Comparing database entry: mecklenburg-western pomerania with Stralsund returned from geonames.
2025-08-16 12:15:01,223 INFO 📄 Index 3 | Name: Stralsund | fcl: P, fcode: PPLA3 | ADM1: Mecklenburg-Vorpommern, ADM2: , ADM3: Landkreis Vorpommern-Rügen, ADM4: Stralsund, Hansestadt | Score: 55.26, Population: 58976 | Fuzzy match: 26.315789473684216
2025-08-16 12:15:01,442 INFO Comparing database entry: mecklenburg-western pomerania with Schwerin returned from geonames.
2025-08-16 12:15:01,442 INFO 📄 Index 0 | Name: Schwerin | fcl: P, fcode: PPLA | ADM1: Mecklenburg-Vorpommern, ADM2: , ADM3: Kreisfreie Stadt Schwerin, ADM4: Schwerin, Landeshauptstadt | Score: 72.22, Population: 96641 | Fuzzy match: 27.027027027027028
2025-08-16 12:15:01,442 INFO Comparing database entry: mecklenburg-western pomerania with Mecklenburg-Vorpommern returned from geonames.
2025-08-16 12:15:01,442 INFO 📄 Index 1 | Name: Mecklenburg-Vorpommern | fcl: A, fcode: ADM1 | ADM1: Mecklenburg-Vorpommern, ADM2: , ADM3: , ADM4:  | Score: 70.18, Population: 1609675 | Fuzzy match: 74.50980392156863
2025-08-16 12:15:01,442 INFO Comparing database entry: mecklenburg-western pomerania with Rostock returned from geonames.
2025-08-16 12:15:01,442 INFO 📄 Index 2 | Name: Rostock | fcl: P, fcode: PPLA3 | ADM1: Mecklenburg-Vorpommern, ADM2: , ADM3: Kreisfreie Stadt Rostock, ADM4: Rostock | Score: 65.87, Population: 198293 | Fuzzy match: 22.22222222222222
2025-08-16 12:15:01,442 INFO Comparing database entry: mecklenburg-western pomerania with Stralsund returned from geonames.
2025-08-16 12:15:01,442 INFO 📄 Index 3 | Name: Stralsund | fcl: P, fcode: PPLA3 | ADM1: Mecklenburg-Vorpommern, ADM2: , ADM3: Landkreis Vorpommern-Rügen, ADM4: Stralsund, Hansestadt | Score: 55.26, Population: 58976 | Fuzzy match: 26.315789473684216
2025-08-16 12:15:01,666 INFO Comparing database entry: mecklenburg-western pomerania with Schwerin returned from geonames.
2025-08-16 12:15:01,666 INFO 📄 Index 0 | Name: Schwerin | fcl: P, fcode: PPLA | ADM1: Mecklenburg-Vorpommern, ADM2: , ADM3: Kreisfreie Stadt Schwerin, ADM4: Schwerin, Landeshauptstadt | Score: 72.22, Population: 96641 | Fuzzy match: 27.027027027027028
2025-08-16 12:15:01,666 INFO Comparing database entry: mecklenburg-western pomerania with Mecklenburg-Vorpommern returned from geonames.
2025-08-16 12:15:01,666 INFO 📄 Index 1 | Name: Mecklenburg-Vorpommern | fcl: A, fcode: ADM1 | ADM1: Mecklenburg-Vorpommern, ADM2: , ADM3: , ADM4:  | Score: 70.18, Population: 1609675 | Fuzzy match: 74.50980392156863
2025-08-16 12:15:01,666 INFO Comparing database entry: mecklenburg-western pomerania with Rostock returned from geonames.
2025-08-16 12:15:01,666 INFO 📄 Index 2 | Name: Rostock | fcl: P, fcode: PPLA3 | ADM1: Mecklenburg-Vorpommern, ADM2: , ADM3: Kreisfreie Stadt Rostock, ADM4: Rostock | Score: 65.87, Population: 198293 | Fuzzy match: 22.22222222222222
2025-08-16 12:15:01,666 INFO Comparing database entry: mecklenburg-western pomerania with Stralsund returned from geonames.
2025-08-16 12:15:01,667 INFO 📄 Index 3 | Name: Stralsund | fcl: P, fcode: PPLA3 | ADM1: Mecklenburg-Vorpommern, ADM2: , ADM3: Landkreis Vorpommern-Rügen, ADM4: Stralsund, Hansestadt | Score: 55.26, Population: 58976 | Fuzzy match: 26.315789473684216
2025-08-16 12:15:01,865 INFO Comparing database entry: mecklenburg-western pomerania with Schwerin returned from geonames.
2025-08-16 12:15:01,866 INFO 📄 Index 0 | Name: Schwerin | fcl: P, fcode: PPLA | ADM1: Mecklenburg-Vorpommern, ADM2: , ADM3: Kreisfreie Stadt Schwerin, ADM4: Schwerin, Landeshauptstadt | Score: 72.22, Population: 96641 | Fuzzy match: 27.027027027027028
2025-08-16 12:15:01,866 INFO Comparing database entry: mecklenburg-western pomerania with Mecklenburg-Vorpommern returned from geonames.
2025-08-16 12:15:01,866 INFO 📄 Index 1 | Name: Mecklenburg-Vorpommern | fcl: A, fcode: ADM1 | ADM1: Mecklenburg-Vorpommern, ADM2: , ADM3: , ADM4:  | Score: 70.18, Population: 1609675 | Fuzzy match: 74.50980392156863
2025-08-16 12:15:01,866 INFO Comparing database entry: mecklenburg-western pomerania with Rostock returned from geonames.
2025-08-16 12:15:01,866 INFO 📄 Index 2 | Name: Rostock | fcl: P, fcode: PPLA3 | ADM1: Mecklenburg-Vorpommern, ADM2: , ADM3: Kreisfreie Stadt Rostock, ADM4: Rostock | Score: 65.87, Population: 198293 | Fuzzy match: 22.22222222222222
2025-08-16 12:15:01,866 INFO Comparing database entry: mecklenburg-western pomerania with Stralsund returned from geonames.
2025-08-16 12:15:01,866 INFO 📄 Index 3 | Name: Stralsund | fcl: P, fcode: PPLA3 | ADM1: Mecklenburg-Vorpommern, ADM2: , ADM3: Landkreis Vorpommern-Rügen, ADM4: Stralsund, Hansestadt | Score: 55.26, Population: 58976 | Fuzzy match: 26.315789473684216
2025-08-16 12:15:02,096 INFO Comparing database entry: mecklenburg-western pomerania with Schwerin returned from geonames.
2025-08-16 12:15:02,096 INFO 📄 Index 0 | Name: Schwerin | fcl: P, fcode: PPLA | ADM1: Mecklenburg-Vorpommern, ADM2: , ADM3: Kreisfreie Stadt Schwerin, ADM4: Schwerin, Landeshauptstadt | Score: 72.22, Population: 96641 | Fuzzy match: 27.027027027027028
2025-08-16 12:15:02,096 INFO Comparing database entry: mecklenburg-western pomerania with Mecklenburg-Vorpommern returned from geonames.
2025-08-16 12:15:02,096 INFO 📄 Index 1 | Name: Mecklenburg-Vorpommern | fcl: A, fcode: ADM1 | ADM1: Mecklenburg-Vorpommern, ADM2: , ADM3: , ADM4:  | Score: 70.18, Population: 1609675 | Fuzzy match: 74.50980392156863
2025-08-16 12:15:02,096 INFO Comparing database entry: mecklenburg-western pomerania with Rostock returned from geonames.
2025-08-16 12:15:02,096 INFO 📄 Index 2 | Name: Rostock | fcl: P, fcode: PPLA3 | ADM1: Mecklenburg-Vorpommern, ADM2: , ADM3: Kreisfreie Stadt Rostock, ADM4: Rostock | Score: 65.87, Population: 198293 | Fuzzy match: 22.22222222222222
2025-08-16 12:15:02,096 INFO Comparing database entry: mecklenburg-western pomerania with Stralsund returned from geonames.
2025-08-16 12:15:02,096 INFO 📄 Index 3 | Name: Stralsund | fcl: P, fcode: PPLA3 | ADM1: Mecklenburg-Vorpommern, ADM2: , ADM3: Landkreis Vorpommern-Rügen, ADM4: Stralsund, Hansestadt | Score: 55.26, Population: 58976 | Fuzzy match: 26.315789473684216
2025-08-16 12:15:02,097 WARNING ❌ No match found with fuzzy score > 80 for city: mecklenburg-western pomerania
2025-08-16 12:15:02,097 WARNING ❌ Lookup failed for city='mecklenburgwestern_pomerania', iso2='DE'
