2025-09-17 14:27:47,581 INFO 🗺️ Starting GeoNames lookup for city='munich-allach', country='germany'
2025-09-17 14:27:47,581 INFO 📍 Location is present in the following articles: [ObjectId('67fbefcd94b7f855cfea68bc')]
2025-09-17 14:27:47,649 INFO Comparing database entry: munich-allach with Allach returned from geonames.
2025-09-17 14:27:47,649 INFO 📄 Index 0 | Name: Allach | fcl: P, fcode: PPLX | ADM1: Bavaria, ADM2: Upper Bavaria, ADM3: Munich, Urban District, ADM4: Munich | Latitude: 48.19267, Longitude: 11.46235 | Score: 35.30, Population: 0 | Fuzzy match: 63.1578947368421
2025-09-17 14:27:47,649 INFO Comparing database entry: munich-allach with Allach-Untermenzing returned from geonames.
2025-09-17 14:27:47,649 INFO 📄 Index 1 | Name: Allach-Untermenzing | fcl: A, fcode: ADM5 | ADM1: Bavaria, ADM2: Upper Bavaria, ADM3: Munich, Urban District, ADM4: Munich | Latitude: 48.1887, Longitude: 11.4607 | Score: 11.74, Population: 29161 | Fuzzy match: 37.5
2025-09-17 14:27:47,649 INFO Comparing database entry: munich-allach with Untermenzing-Allach returned from geonames.
2025-09-17 14:27:47,649 INFO 📄 Index 2 | Name: Untermenzing-Allach | fcl: P, fcode: PPLX | ADM1: Bavaria, ADM2: Upper Bavaria, ADM3: Munich, Urban District, ADM4: Munich | Latitude: 48.19001, Longitude: 11.45393 | Score: 7.79, Population: 0 | Fuzzy match: 62.5
2025-09-17 14:27:47,649 INFO Comparing database entry: munich-allach with Untermenzing returned from geonames.
2025-09-17 14:27:47,649 INFO 📄 Index 3 | Name: Untermenzing | fcl: P, fcode: PPLX | ADM1: Bavaria, ADM2: Upper Bavaria, ADM3: Munich, Urban District, ADM4: Munich | Latitude: 48.18303, Longitude: 11.44587 | Score: 6.07, Population: 0 | Fuzzy match: 24.0
2025-09-17 14:27:47,691 INFO Comparing database entry: munich-allach with Allach returned from geonames.
2025-09-17 14:27:47,691 INFO 📄 Index 0 | Name: Allach | fcl: P, fcode: PPLX | ADM1: Bavaria, ADM2: Upper Bavaria, ADM3: Munich, Urban District, ADM4: Munich | Latitude: 48.19267, Longitude: 11.46235 | Score: 35.30, Population: 0 | Fuzzy match: 63.1578947368421
2025-09-17 14:27:47,691 INFO Comparing database entry: munich-allach with Allach-Untermenzing returned from geonames.
2025-09-17 14:27:47,691 INFO 📄 Index 1 | Name: Allach-Untermenzing | fcl: A, fcode: ADM5 | ADM1: Bavaria, ADM2: Upper Bavaria, ADM3: Munich, Urban District, ADM4: Munich | Latitude: 48.1887, Longitude: 11.4607 | Score: 11.74, Population: 29161 | Fuzzy match: 37.5
2025-09-17 14:27:47,691 INFO Comparing database entry: munich-allach with Untermenzing-Allach returned from geonames.
2025-09-17 14:27:47,691 INFO 📄 Index 2 | Name: Untermenzing-Allach | fcl: P, fcode: PPLX | ADM1: Bavaria, ADM2: Upper Bavaria, ADM3: Munich, Urban District, ADM4: Munich | Latitude: 48.19001, Longitude: 11.45393 | Score: 7.79, Population: 0 | Fuzzy match: 62.5
2025-09-17 14:27:47,692 INFO Comparing database entry: munich-allach with Untermenzing returned from geonames.
2025-09-17 14:27:47,692 INFO 📄 Index 3 | Name: Untermenzing | fcl: P, fcode: PPLX | ADM1: Bavaria, ADM2: Upper Bavaria, ADM3: Munich, Urban District, ADM4: Munich | Latitude: 48.18303, Longitude: 11.44587 | Score: 6.07, Population: 0 | Fuzzy match: 24.0
2025-09-17 14:27:47,756 INFO Comparing database entry: munich-allach with Allach returned from geonames.
2025-09-17 14:27:47,757 INFO 📄 Index 0 | Name: Allach | fcl: P, fcode: PPLX | ADM1: Bavaria, ADM2: Upper Bavaria, ADM3: Munich, Urban District, ADM4: Munich | Latitude: 48.19267, Longitude: 11.46235 | Score: 35.30, Population: 0 | Fuzzy match: 63.1578947368421
2025-09-17 14:27:47,757 INFO Comparing database entry: munich-allach with Allach-Untermenzing returned from geonames.
2025-09-17 14:27:47,757 INFO 📄 Index 1 | Name: Allach-Untermenzing | fcl: A, fcode: ADM5 | ADM1: Bavaria, ADM2: Upper Bavaria, ADM3: Munich, Urban District, ADM4: Munich | Latitude: 48.1887, Longitude: 11.4607 | Score: 11.74, Population: 29161 | Fuzzy match: 37.5
2025-09-17 14:27:47,757 INFO Comparing database entry: munich-allach with Untermenzing-Allach returned from geonames.
2025-09-17 14:27:47,757 INFO 📄 Index 2 | Name: Untermenzing-Allach | fcl: P, fcode: PPLX | ADM1: Bavaria, ADM2: Upper Bavaria, ADM3: Munich, Urban District, ADM4: Munich | Latitude: 48.19001, Longitude: 11.45393 | Score: 7.79, Population: 0 | Fuzzy match: 62.5
2025-09-17 14:27:47,757 INFO Comparing database entry: munich-allach with Untermenzing returned from geonames.
2025-09-17 14:27:47,757 INFO 📄 Index 3 | Name: Untermenzing | fcl: P, fcode: PPLX | ADM1: Bavaria, ADM2: Upper Bavaria, ADM3: Munich, Urban District, ADM4: Munich | Latitude: 48.18303, Longitude: 11.44587 | Score: 6.07, Population: 0 | Fuzzy match: 24.0
2025-09-17 14:27:47,801 INFO Comparing database entry: munich-allach with Allach returned from geonames.
2025-09-17 14:27:47,801 INFO 📄 Index 0 | Name: Allach | fcl: P, fcode: PPLX | ADM1: Bavaria, ADM2: Upper Bavaria, ADM3: Munich, Urban District, ADM4: Munich | Latitude: 48.19267, Longitude: 11.46235 | Score: 35.30, Population: 0 | Fuzzy match: 63.1578947368421
2025-09-17 14:27:47,801 INFO Comparing database entry: munich-allach with Allach-Untermenzing returned from geonames.
2025-09-17 14:27:47,801 INFO 📄 Index 1 | Name: Allach-Untermenzing | fcl: A, fcode: ADM5 | ADM1: Bavaria, ADM2: Upper Bavaria, ADM3: Munich, Urban District, ADM4: Munich | Latitude: 48.1887, Longitude: 11.4607 | Score: 11.74, Population: 29161 | Fuzzy match: 37.5
2025-09-17 14:27:47,801 INFO Comparing database entry: munich-allach with Untermenzing-Allach returned from geonames.
2025-09-17 14:27:47,801 INFO 📄 Index 2 | Name: Untermenzing-Allach | fcl: P, fcode: PPLX | ADM1: Bavaria, ADM2: Upper Bavaria, ADM3: Munich, Urban District, ADM4: Munich | Latitude: 48.19001, Longitude: 11.45393 | Score: 7.79, Population: 0 | Fuzzy match: 62.5
2025-09-17 14:27:47,801 INFO Comparing database entry: munich-allach with Untermenzing returned from geonames.
2025-09-17 14:27:47,802 INFO 📄 Index 3 | Name: Untermenzing | fcl: P, fcode: PPLX | ADM1: Bavaria, ADM2: Upper Bavaria, ADM3: Munich, Urban District, ADM4: Munich | Latitude: 48.18303, Longitude: 11.44587 | Score: 6.07, Population: 0 | Fuzzy match: 24.0
2025-09-17 14:27:47,868 INFO Comparing database entry: munich-allach with Allach returned from geonames.
2025-09-17 14:27:47,868 INFO 📄 Index 0 | Name: Allach | fcl: P, fcode: PPLX | ADM1: Bavaria, ADM2: Upper Bavaria, ADM3: Munich, Urban District, ADM4: Munich | Latitude: 48.19267, Longitude: 11.46235 | Score: 35.30, Population: 0 | Fuzzy match: 63.1578947368421
2025-09-17 14:27:47,868 INFO Comparing database entry: munich-allach with Allach-Untermenzing returned from geonames.
2025-09-17 14:27:47,868 INFO 📄 Index 1 | Name: Allach-Untermenzing | fcl: A, fcode: ADM5 | ADM1: Bavaria, ADM2: Upper Bavaria, ADM3: Munich, Urban District, ADM4: Munich | Latitude: 48.1887, Longitude: 11.4607 | Score: 11.74, Population: 29161 | Fuzzy match: 37.5
2025-09-17 14:27:47,868 INFO Comparing database entry: munich-allach with Untermenzing-Allach returned from geonames.
2025-09-17 14:27:47,868 INFO 📄 Index 2 | Name: Untermenzing-Allach | fcl: P, fcode: PPLX | ADM1: Bavaria, ADM2: Upper Bavaria, ADM3: Munich, Urban District, ADM4: Munich | Latitude: 48.19001, Longitude: 11.45393 | Score: 7.79, Population: 0 | Fuzzy match: 62.5
2025-09-17 14:27:47,868 INFO Comparing database entry: munich-allach with Untermenzing returned from geonames.
2025-09-17 14:27:47,868 INFO 📄 Index 3 | Name: Untermenzing | fcl: P, fcode: PPLX | ADM1: Bavaria, ADM2: Upper Bavaria, ADM3: Munich, Urban District, ADM4: Munich | Latitude: 48.18303, Longitude: 11.44587 | Score: 6.07, Population: 0 | Fuzzy match: 24.0
2025-09-17 14:27:47,912 INFO Comparing database entry: munich-allach with Allach returned from geonames.
2025-09-17 14:27:47,912 INFO 📄 Index 0 | Name: Allach | fcl: P, fcode: PPLX | ADM1: Bavaria, ADM2: Upper Bavaria, ADM3: Munich, Urban District, ADM4: Munich | Latitude: 48.19267, Longitude: 11.46235 | Score: 35.30, Population: 0 | Fuzzy match: 63.1578947368421
2025-09-17 14:27:47,912 INFO Comparing database entry: munich-allach with Allach-Untermenzing returned from geonames.
2025-09-17 14:27:47,912 INFO 📄 Index 1 | Name: Allach-Untermenzing | fcl: A, fcode: ADM5 | ADM1: Bavaria, ADM2: Upper Bavaria, ADM3: Munich, Urban District, ADM4: Munich | Latitude: 48.1887, Longitude: 11.4607 | Score: 11.74, Population: 29161 | Fuzzy match: 37.5
2025-09-17 14:27:47,912 INFO Comparing database entry: munich-allach with Untermenzing-Allach returned from geonames.
2025-09-17 14:27:47,912 INFO 📄 Index 2 | Name: Untermenzing-Allach | fcl: P, fcode: PPLX | ADM1: Bavaria, ADM2: Upper Bavaria, ADM3: Munich, Urban District, ADM4: Munich | Latitude: 48.19001, Longitude: 11.45393 | Score: 7.79, Population: 0 | Fuzzy match: 62.5
2025-09-17 14:27:47,912 INFO Comparing database entry: munich-allach with Untermenzing returned from geonames.
2025-09-17 14:27:47,912 INFO 📄 Index 3 | Name: Untermenzing | fcl: P, fcode: PPLX | ADM1: Bavaria, ADM2: Upper Bavaria, ADM3: Munich, Urban District, ADM4: Munich | Latitude: 48.18303, Longitude: 11.44587 | Score: 6.07, Population: 0 | Fuzzy match: 24.0
2025-09-17 14:27:47,913 WARNING ❌ No match found with fuzzy score > 80 for city: munich-allach
2025-09-17 14:27:47,913 WARNING ❌ Lookup failed for city='munichallach', iso2='DE'
