2025-08-18 17:45:55,266 INFO 🗺️ Starting GeoNames lookup for city='north', country='germany'
2025-08-18 17:45:55,266 INFO 📍 Location is present in the following articles: [ObjectId('67fbf7e294b7f855cfea727b')]
2025-08-18 17:45:55,574 INFO Comparing database entry: north with Cologne returned from geonames.
2025-08-18 17:45:55,575 INFO 📄 Index 0 | Name: Cologne | fcl: P, fcode: PPLA2 | ADM1: North Rhine-Westphalia, ADM2: Cologne District, ADM3: Cologne, Urban District, ADM4: Cologne | Score: 126.43, Population: 963395 | Fuzzy match: 16.666666666666664
2025-08-18 17:45:55,575 INFO Comparing database entry: north with Düsseldorf returned from geonames.
2025-08-18 17:45:55,575 INFO 📄 Index 1 | Name: Düsseldorf | fcl: P, fcode: PPLA | ADM1: North Rhine-Westphalia, ADM2: Düsseldorf District, ADM3: Kreisfreie Stadt Düsseldorf, ADM4: Düsseldorf | Score: 110.78, Population: 620523 | Fuzzy match: 26.66666666666667
2025-08-18 17:45:55,575 INFO Comparing database entry: north with Essen returned from geonames.
2025-08-18 17:45:55,575 INFO 📄 Index 2 | Name: Essen | fcl: P, fcode: PPLA3 | ADM1: North Rhine-Westphalia, ADM2: Düsseldorf District, ADM3: Kreisfreie Stadt Essen, ADM4: Essen | Score: 94.98, Population: 593085 | Fuzzy match: 19.999999999999996
2025-08-18 17:45:55,575 INFO Comparing database entry: north with Mülheim returned from geonames.
2025-08-18 17:45:55,575 INFO 📄 Index 3 | Name: Mülheim | fcl: P, fcode: PPL | ADM1: North Rhine-Westphalia, ADM2: Düsseldorf District, ADM3: Kreisfreie Stadt Mülheim an der Ruhr, ADM4: Mülheim | Score: 79.02, Population: 170921 | Fuzzy match: 16.666666666666664
2025-08-18 17:45:55,826 INFO Comparing database entry: north with Cologne returned from geonames.
2025-08-18 17:45:55,826 INFO 📄 Index 0 | Name: Cologne | fcl: P, fcode: PPLA2 | ADM1: North Rhine-Westphalia, ADM2: Cologne District, ADM3: Cologne, Urban District, ADM4: Cologne | Score: 126.43, Population: 963395 | Fuzzy match: 16.666666666666664
2025-08-18 17:45:55,826 INFO Comparing database entry: north with Düsseldorf returned from geonames.
2025-08-18 17:45:55,826 INFO 📄 Index 1 | Name: Düsseldorf | fcl: P, fcode: PPLA | ADM1: North Rhine-Westphalia, ADM2: Düsseldorf District, ADM3: Kreisfreie Stadt Düsseldorf, ADM4: Düsseldorf | Score: 110.78, Population: 620523 | Fuzzy match: 26.66666666666667
2025-08-18 17:45:55,826 INFO Comparing database entry: north with Essen returned from geonames.
2025-08-18 17:45:55,827 INFO 📄 Index 2 | Name: Essen | fcl: P, fcode: PPLA3 | ADM1: North Rhine-Westphalia, ADM2: Düsseldorf District, ADM3: Kreisfreie Stadt Essen, ADM4: Essen | Score: 94.98, Population: 593085 | Fuzzy match: 19.999999999999996
2025-08-18 17:45:55,827 INFO Comparing database entry: north with Mülheim returned from geonames.
2025-08-18 17:45:55,827 INFO 📄 Index 3 | Name: Mülheim | fcl: P, fcode: PPL | ADM1: North Rhine-Westphalia, ADM2: Düsseldorf District, ADM3: Kreisfreie Stadt Mülheim an der Ruhr, ADM4: Mülheim | Score: 79.02, Population: 170921 | Fuzzy match: 16.666666666666664
2025-08-18 17:45:56,064 INFO Comparing database entry: north with Cologne returned from geonames.
2025-08-18 17:45:56,064 INFO 📄 Index 0 | Name: Cologne | fcl: P, fcode: PPLA2 | ADM1: North Rhine-Westphalia, ADM2: Cologne District, ADM3: Cologne, Urban District, ADM4: Cologne | Score: 126.43, Population: 963395 | Fuzzy match: 16.666666666666664
2025-08-18 17:45:56,064 INFO Comparing database entry: north with Düsseldorf returned from geonames.
2025-08-18 17:45:56,064 INFO 📄 Index 1 | Name: Düsseldorf | fcl: P, fcode: PPLA | ADM1: North Rhine-Westphalia, ADM2: Düsseldorf District, ADM3: Kreisfreie Stadt Düsseldorf, ADM4: Düsseldorf | Score: 110.78, Population: 620523 | Fuzzy match: 26.66666666666667
2025-08-18 17:45:56,064 INFO Comparing database entry: north with Essen returned from geonames.
2025-08-18 17:45:56,064 INFO 📄 Index 2 | Name: Essen | fcl: P, fcode: PPLA3 | ADM1: North Rhine-Westphalia, ADM2: Düsseldorf District, ADM3: Kreisfreie Stadt Essen, ADM4: Essen | Score: 94.98, Population: 593085 | Fuzzy match: 19.999999999999996
2025-08-18 17:45:56,064 INFO Comparing database entry: north with Mülheim returned from geonames.
2025-08-18 17:45:56,064 INFO 📄 Index 3 | Name: Mülheim | fcl: P, fcode: PPL | ADM1: North Rhine-Westphalia, ADM2: Düsseldorf District, ADM3: Kreisfreie Stadt Mülheim an der Ruhr, ADM4: Mülheim | Score: 79.02, Population: 170921 | Fuzzy match: 16.666666666666664
2025-08-18 17:45:56,395 INFO Comparing database entry: north with Cologne returned from geonames.
2025-08-18 17:45:56,395 INFO 📄 Index 0 | Name: Cologne | fcl: P, fcode: PPLA2 | ADM1: North Rhine-Westphalia, ADM2: Cologne District, ADM3: Cologne, Urban District, ADM4: Cologne | Score: 126.43, Population: 963395 | Fuzzy match: 16.666666666666664
2025-08-18 17:45:56,395 INFO Comparing database entry: north with Düsseldorf returned from geonames.
2025-08-18 17:45:56,396 INFO 📄 Index 1 | Name: Düsseldorf | fcl: P, fcode: PPLA | ADM1: North Rhine-Westphalia, ADM2: Düsseldorf District, ADM3: Kreisfreie Stadt Düsseldorf, ADM4: Düsseldorf | Score: 110.78, Population: 620523 | Fuzzy match: 26.66666666666667
2025-08-18 17:45:56,396 INFO Comparing database entry: north with Essen returned from geonames.
2025-08-18 17:45:56,396 INFO 📄 Index 2 | Name: Essen | fcl: P, fcode: PPLA3 | ADM1: North Rhine-Westphalia, ADM2: Düsseldorf District, ADM3: Kreisfreie Stadt Essen, ADM4: Essen | Score: 94.98, Population: 593085 | Fuzzy match: 19.999999999999996
2025-08-18 17:45:56,396 INFO Comparing database entry: north with Mülheim returned from geonames.
2025-08-18 17:45:56,396 INFO 📄 Index 3 | Name: Mülheim | fcl: P, fcode: PPL | ADM1: North Rhine-Westphalia, ADM2: Düsseldorf District, ADM3: Kreisfreie Stadt Mülheim an der Ruhr, ADM4: Mülheim | Score: 79.02, Population: 170921 | Fuzzy match: 16.666666666666664
2025-08-18 17:45:56,717 INFO Comparing database entry: north with Cologne returned from geonames.
2025-08-18 17:45:56,718 INFO 📄 Index 0 | Name: Cologne | fcl: P, fcode: PPLA2 | ADM1: North Rhine-Westphalia, ADM2: Cologne District, ADM3: Cologne, Urban District, ADM4: Cologne | Score: 126.43, Population: 963395 | Fuzzy match: 16.666666666666664
2025-08-18 17:45:56,718 INFO Comparing database entry: north with Düsseldorf returned from geonames.
2025-08-18 17:45:56,718 INFO 📄 Index 1 | Name: Düsseldorf | fcl: P, fcode: PPLA | ADM1: North Rhine-Westphalia, ADM2: Düsseldorf District, ADM3: Kreisfreie Stadt Düsseldorf, ADM4: Düsseldorf | Score: 110.78, Population: 620523 | Fuzzy match: 26.66666666666667
2025-08-18 17:45:56,718 INFO Comparing database entry: north with Essen returned from geonames.
2025-08-18 17:45:56,718 INFO 📄 Index 2 | Name: Essen | fcl: P, fcode: PPLA3 | ADM1: North Rhine-Westphalia, ADM2: Düsseldorf District, ADM3: Kreisfreie Stadt Essen, ADM4: Essen | Score: 94.98, Population: 593085 | Fuzzy match: 19.999999999999996
2025-08-18 17:45:56,718 INFO Comparing database entry: north with Mülheim returned from geonames.
2025-08-18 17:45:56,718 INFO 📄 Index 3 | Name: Mülheim | fcl: P, fcode: PPL | ADM1: North Rhine-Westphalia, ADM2: Düsseldorf District, ADM3: Kreisfreie Stadt Mülheim an der Ruhr, ADM4: Mülheim | Score: 79.02, Population: 170921 | Fuzzy match: 16.666666666666664
2025-08-18 17:45:56,931 INFO Comparing database entry: north with Cologne returned from geonames.
2025-08-18 17:45:56,932 INFO 📄 Index 0 | Name: Cologne | fcl: P, fcode: PPLA2 | ADM1: North Rhine-Westphalia, ADM2: Cologne District, ADM3: Cologne, Urban District, ADM4: Cologne | Score: 126.43, Population: 963395 | Fuzzy match: 16.666666666666664
2025-08-18 17:45:56,932 INFO Comparing database entry: north with Düsseldorf returned from geonames.
2025-08-18 17:45:56,932 INFO 📄 Index 1 | Name: Düsseldorf | fcl: P, fcode: PPLA | ADM1: North Rhine-Westphalia, ADM2: Düsseldorf District, ADM3: Kreisfreie Stadt Düsseldorf, ADM4: Düsseldorf | Score: 110.78, Population: 620523 | Fuzzy match: 26.66666666666667
2025-08-18 17:45:56,932 INFO Comparing database entry: north with Essen returned from geonames.
2025-08-18 17:45:56,932 INFO 📄 Index 2 | Name: Essen | fcl: P, fcode: PPLA3 | ADM1: North Rhine-Westphalia, ADM2: Düsseldorf District, ADM3: Kreisfreie Stadt Essen, ADM4: Essen | Score: 94.98, Population: 593085 | Fuzzy match: 19.999999999999996
2025-08-18 17:45:56,932 INFO Comparing database entry: north with Mülheim returned from geonames.
2025-08-18 17:45:56,932 INFO 📄 Index 3 | Name: Mülheim | fcl: P, fcode: PPL | ADM1: North Rhine-Westphalia, ADM2: Düsseldorf District, ADM3: Kreisfreie Stadt Mülheim an der Ruhr, ADM4: Mülheim | Score: 79.02, Population: 170921 | Fuzzy match: 16.666666666666664
2025-08-18 17:45:56,932 WARNING ❌ No match found with fuzzy score > 80 for city: north
2025-08-18 17:45:56,932 WARNING ❌ Lookup failed for city='north', iso2='DE'
