2025-08-08 14:47:31,595 INFO 🗺️ Starting GeoNames lookup for city='nrw', country='germany'
2025-08-08 14:47:31,595 INFO 📍 Location is present in the following articles: [ObjectId('67f920d8f431fddd61d5591c')]
2025-08-08 14:47:31,814 INFO Comparing database entry: nrw with Cologne returned from geonames.
2025-08-08 14:47:31,815 INFO 📄 Index 0 | Name: Cologne | fcl: P, fcode: PPLA2 | ADM1: North Rhine-Westphalia, ADM2: Cologne District, ADM3: Cologne, Urban District, ADM4: Cologne | Score: 95.52, Population: 963395 | Fuzzy match: 19.999999999999996
2025-08-08 14:47:31,815 INFO Comparing database entry: nrw with Düsseldorf returned from geonames.
2025-08-08 14:47:31,815 INFO 📄 Index 1 | Name: Düsseldorf | fcl: P, fcode: PPLA | ADM1: North Rhine-Westphalia, ADM2: Düsseldorf District, ADM3: Kreisfreie Stadt Düsseldorf, ADM4: Düsseldorf | Score: 84.25, Population: 620523 | Fuzzy match: 15.384615384615385
2025-08-08 14:47:31,815 INFO Comparing database entry: nrw with Essen returned from geonames.
2025-08-08 14:47:31,816 INFO 📄 Index 2 | Name: Essen | fcl: P, fcode: PPLA3 | ADM1: North Rhine-Westphalia, ADM2: Düsseldorf District, ADM3: Kreisfreie Stadt Essen, ADM4: Essen | Score: 72.31, Population: 593085 | Fuzzy match: 25.0
2025-08-08 14:47:31,816 INFO Comparing database entry: nrw with Mülheim returned from geonames.
2025-08-08 14:47:31,816 INFO 📄 Index 3 | Name: Mülheim | fcl: P, fcode: PPL | ADM1: North Rhine-Westphalia, ADM2: Düsseldorf District, ADM3: Kreisfreie Stadt Mülheim an der Ruhr, ADM4: Mülheim | Score: 59.70, Population: 170921 | Fuzzy match: 0.0
2025-08-08 14:47:32,089 INFO Comparing database entry: nrw with Cologne returned from geonames.
2025-08-08 14:47:32,089 INFO 📄 Index 0 | Name: Cologne | fcl: P, fcode: PPLA2 | ADM1: North Rhine-Westphalia, ADM2: Cologne District, ADM3: Cologne, Urban District, ADM4: Cologne | Score: 95.52, Population: 963395 | Fuzzy match: 19.999999999999996
2025-08-08 14:47:32,089 INFO Comparing database entry: nrw with Düsseldorf returned from geonames.
2025-08-08 14:47:32,089 INFO 📄 Index 1 | Name: Düsseldorf | fcl: P, fcode: PPLA | ADM1: North Rhine-Westphalia, ADM2: Düsseldorf District, ADM3: Kreisfreie Stadt Düsseldorf, ADM4: Düsseldorf | Score: 84.25, Population: 620523 | Fuzzy match: 15.384615384615385
2025-08-08 14:47:32,089 INFO Comparing database entry: nrw with Essen returned from geonames.
2025-08-08 14:47:32,089 INFO 📄 Index 2 | Name: Essen | fcl: P, fcode: PPLA3 | ADM1: North Rhine-Westphalia, ADM2: Düsseldorf District, ADM3: Kreisfreie Stadt Essen, ADM4: Essen | Score: 72.31, Population: 593085 | Fuzzy match: 25.0
2025-08-08 14:47:32,089 INFO Comparing database entry: nrw with Mülheim returned from geonames.
2025-08-08 14:47:32,089 INFO 📄 Index 3 | Name: Mülheim | fcl: P, fcode: PPL | ADM1: North Rhine-Westphalia, ADM2: Düsseldorf District, ADM3: Kreisfreie Stadt Mülheim an der Ruhr, ADM4: Mülheim | Score: 59.70, Population: 170921 | Fuzzy match: 0.0
2025-08-08 14:47:32,324 INFO Comparing database entry: nrw with Cologne returned from geonames.
2025-08-08 14:47:32,324 INFO 📄 Index 0 | Name: Cologne | fcl: P, fcode: PPLA2 | ADM1: North Rhine-Westphalia, ADM2: Cologne District, ADM3: Cologne, Urban District, ADM4: Cologne | Score: 95.52, Population: 963395 | Fuzzy match: 19.999999999999996
2025-08-08 14:47:32,325 INFO Comparing database entry: nrw with Düsseldorf returned from geonames.
2025-08-08 14:47:32,325 INFO 📄 Index 1 | Name: Düsseldorf | fcl: P, fcode: PPLA | ADM1: North Rhine-Westphalia, ADM2: Düsseldorf District, ADM3: Kreisfreie Stadt Düsseldorf, ADM4: Düsseldorf | Score: 84.25, Population: 620523 | Fuzzy match: 15.384615384615385
2025-08-08 14:47:32,325 INFO Comparing database entry: nrw with Essen returned from geonames.
2025-08-08 14:47:32,325 INFO 📄 Index 2 | Name: Essen | fcl: P, fcode: PPLA3 | ADM1: North Rhine-Westphalia, ADM2: Düsseldorf District, ADM3: Kreisfreie Stadt Essen, ADM4: Essen | Score: 72.31, Population: 593085 | Fuzzy match: 25.0
2025-08-08 14:47:32,325 INFO Comparing database entry: nrw with Mülheim returned from geonames.
2025-08-08 14:47:32,325 INFO 📄 Index 3 | Name: Mülheim | fcl: P, fcode: PPL | ADM1: North Rhine-Westphalia, ADM2: Düsseldorf District, ADM3: Kreisfreie Stadt Mülheim an der Ruhr, ADM4: Mülheim | Score: 59.70, Population: 170921 | Fuzzy match: 0.0
2025-08-08 14:47:32,548 INFO Comparing database entry: nrw with Cologne returned from geonames.
2025-08-08 14:47:32,548 INFO 📄 Index 0 | Name: Cologne | fcl: P, fcode: PPLA2 | ADM1: North Rhine-Westphalia, ADM2: Cologne District, ADM3: Cologne, Urban District, ADM4: Cologne | Score: 95.52, Population: 963395 | Fuzzy match: 19.999999999999996
2025-08-08 14:47:32,548 INFO Comparing database entry: nrw with Düsseldorf returned from geonames.
2025-08-08 14:47:32,548 INFO 📄 Index 1 | Name: Düsseldorf | fcl: P, fcode: PPLA | ADM1: North Rhine-Westphalia, ADM2: Düsseldorf District, ADM3: Kreisfreie Stadt Düsseldorf, ADM4: Düsseldorf | Score: 84.25, Population: 620523 | Fuzzy match: 15.384615384615385
2025-08-08 14:47:32,548 INFO Comparing database entry: nrw with Essen returned from geonames.
2025-08-08 14:47:32,548 INFO 📄 Index 2 | Name: Essen | fcl: P, fcode: PPLA3 | ADM1: North Rhine-Westphalia, ADM2: Düsseldorf District, ADM3: Kreisfreie Stadt Essen, ADM4: Essen | Score: 72.31, Population: 593085 | Fuzzy match: 25.0
2025-08-08 14:47:32,548 INFO Comparing database entry: nrw with Mülheim returned from geonames.
2025-08-08 14:47:32,549 INFO 📄 Index 3 | Name: Mülheim | fcl: P, fcode: PPL | ADM1: North Rhine-Westphalia, ADM2: Düsseldorf District, ADM3: Kreisfreie Stadt Mülheim an der Ruhr, ADM4: Mülheim | Score: 59.70, Population: 170921 | Fuzzy match: 0.0
2025-08-08 14:47:32,769 INFO Comparing database entry: nrw with Cologne returned from geonames.
2025-08-08 14:47:32,770 INFO 📄 Index 0 | Name: Cologne | fcl: P, fcode: PPLA2 | ADM1: North Rhine-Westphalia, ADM2: Cologne District, ADM3: Cologne, Urban District, ADM4: Cologne | Score: 95.52, Population: 963395 | Fuzzy match: 19.999999999999996
2025-08-08 14:47:32,770 INFO Comparing database entry: nrw with Düsseldorf returned from geonames.
2025-08-08 14:47:32,770 INFO 📄 Index 1 | Name: Düsseldorf | fcl: P, fcode: PPLA | ADM1: North Rhine-Westphalia, ADM2: Düsseldorf District, ADM3: Kreisfreie Stadt Düsseldorf, ADM4: Düsseldorf | Score: 84.25, Population: 620523 | Fuzzy match: 15.384615384615385
2025-08-08 14:47:32,770 INFO Comparing database entry: nrw with Essen returned from geonames.
2025-08-08 14:47:32,770 INFO 📄 Index 2 | Name: Essen | fcl: P, fcode: PPLA3 | ADM1: North Rhine-Westphalia, ADM2: Düsseldorf District, ADM3: Kreisfreie Stadt Essen, ADM4: Essen | Score: 72.31, Population: 593085 | Fuzzy match: 25.0
2025-08-08 14:47:32,770 INFO Comparing database entry: nrw with Mülheim returned from geonames.
2025-08-08 14:47:32,770 INFO 📄 Index 3 | Name: Mülheim | fcl: P, fcode: PPL | ADM1: North Rhine-Westphalia, ADM2: Düsseldorf District, ADM3: Kreisfreie Stadt Mülheim an der Ruhr, ADM4: Mülheim | Score: 59.70, Population: 170921 | Fuzzy match: 0.0
2025-08-08 14:47:32,951 INFO Comparing database entry: nrw with Cologne returned from geonames.
2025-08-08 14:47:32,951 INFO 📄 Index 0 | Name: Cologne | fcl: P, fcode: PPLA2 | ADM1: North Rhine-Westphalia, ADM2: Cologne District, ADM3: Cologne, Urban District, ADM4: Cologne | Score: 95.52, Population: 963395 | Fuzzy match: 19.999999999999996
2025-08-08 14:47:32,952 INFO Comparing database entry: nrw with Düsseldorf returned from geonames.
2025-08-08 14:47:32,952 INFO 📄 Index 1 | Name: Düsseldorf | fcl: P, fcode: PPLA | ADM1: North Rhine-Westphalia, ADM2: Düsseldorf District, ADM3: Kreisfreie Stadt Düsseldorf, ADM4: Düsseldorf | Score: 84.25, Population: 620523 | Fuzzy match: 15.384615384615385
2025-08-08 14:47:32,952 INFO Comparing database entry: nrw with Essen returned from geonames.
2025-08-08 14:47:32,952 INFO 📄 Index 2 | Name: Essen | fcl: P, fcode: PPLA3 | ADM1: North Rhine-Westphalia, ADM2: Düsseldorf District, ADM3: Kreisfreie Stadt Essen, ADM4: Essen | Score: 72.31, Population: 593085 | Fuzzy match: 25.0
2025-08-08 14:47:32,952 INFO Comparing database entry: nrw with Mülheim returned from geonames.
2025-08-08 14:47:32,952 INFO 📄 Index 3 | Name: Mülheim | fcl: P, fcode: PPL | ADM1: North Rhine-Westphalia, ADM2: Düsseldorf District, ADM3: Kreisfreie Stadt Mülheim an der Ruhr, ADM4: Mülheim | Score: 59.70, Population: 170921 | Fuzzy match: 0.0
2025-08-08 14:47:32,952 WARNING ❌ No match found with fuzzy score > 80 for city: nrw
2025-08-08 14:47:32,952 WARNING ❌ Lookup failed for city='nrw', iso2='DE'
