2025-09-26 20:54:20,718 INFO 🗺️ Starting GeoNames lookup for city='nuernberg', country='germany'
2025-09-26 20:54:20,718 INFO 📍 Location is present in the following articles: [ObjectId('67f9231bf431fddd61d5609c')]
2025-09-26 20:54:20,905 INFO Comparing database entry: nuernberg with Nuremberg returned from geonames.
2025-09-26 20:54:20,906 INFO 📄 Index 0 | Name: Nuremberg | fcl: P, fcode: PPLA3 | ADM1: Bavaria, ADM2: Middle Franconia, ADM3: Nuremberg, ADM4: Nuremberg | Latitude: 49.45421, Longitude: 11.07752 | Score: 94.60, Population: 515543 | Fuzzy match: 77.77777777777779
2025-09-26 20:54:20,906 INFO Comparing database entry: nuernberg with Katzwang returned from geonames.
2025-09-26 20:54:20,906 INFO 📄 Index 1 | Name: Katzwang | fcl: P, fcode: PPL | ADM1: Bavaria, ADM2: Middle Franconia, ADM3: Nuremberg, ADM4: Nuremberg | Latitude: 49.35174, Longitude: 11.05954 | Score: 35.15, Population: 0 | Fuzzy match: 23.529411764705888
2025-09-26 20:54:20,906 INFO Comparing database entry: nuernberg with Roth returned from geonames.
2025-09-26 20:54:20,906 INFO 📄 Index 2 | Name: Roth | fcl: P, fcode: PPLA3 | ADM1: Bavaria, ADM2: Middle Franconia, ADM3: Landkreis Roth, ADM4: Roth | Latitude: 49.24762, Longitude: 11.09111 | Score: 34.24, Population: 25083 | Fuzzy match: 15.384615384615385
2025-09-26 20:54:20,906 INFO Comparing database entry: nuernberg with Altdorf bei Nürnberg returned from geonames.
2025-09-26 20:54:20,906 INFO 📄 Index 3 | Name: Altdorf bei Nürnberg | fcl: P, fcode: PPL | ADM1: Bavaria, ADM2: Middle Franconia, ADM3: Nürnberger Land, ADM4: Altdorf b.Nürnberg | Latitude: 49.3856, Longitude: 11.3573 | Score: 30.91, Population: 15312 | Fuzzy match: 48.275862068965516
2025-09-26 20:54:21,093 INFO Comparing database entry: nuernberg with Nuremberg returned from geonames.
2025-09-26 20:54:21,094 INFO 📄 Index 0 | Name: Nuremberg | fcl: P, fcode: PPLA3 | ADM1: Bavaria, ADM2: Middle Franconia, ADM3: Nuremberg, ADM4: Nuremberg | Latitude: 49.45421, Longitude: 11.07752 | Score: 94.60, Population: 515543 | Fuzzy match: 77.77777777777779
2025-09-26 20:54:21,094 INFO Comparing database entry: nuernberg with Katzwang returned from geonames.
2025-09-26 20:54:21,094 INFO 📄 Index 1 | Name: Katzwang | fcl: P, fcode: PPL | ADM1: Bavaria, ADM2: Middle Franconia, ADM3: Nuremberg, ADM4: Nuremberg | Latitude: 49.35174, Longitude: 11.05954 | Score: 35.15, Population: 0 | Fuzzy match: 23.529411764705888
2025-09-26 20:54:21,094 INFO Comparing database entry: nuernberg with Roth returned from geonames.
2025-09-26 20:54:21,094 INFO 📄 Index 2 | Name: Roth | fcl: P, fcode: PPLA3 | ADM1: Bavaria, ADM2: Middle Franconia, ADM3: Landkreis Roth, ADM4: Roth | Latitude: 49.24762, Longitude: 11.09111 | Score: 34.24, Population: 25083 | Fuzzy match: 15.384615384615385
2025-09-26 20:54:21,094 INFO Comparing database entry: nuernberg with Altdorf bei Nürnberg returned from geonames.
2025-09-26 20:54:21,094 INFO 📄 Index 3 | Name: Altdorf bei Nürnberg | fcl: P, fcode: PPL | ADM1: Bavaria, ADM2: Middle Franconia, ADM3: Nürnberger Land, ADM4: Altdorf b.Nürnberg | Latitude: 49.3856, Longitude: 11.3573 | Score: 30.91, Population: 15312 | Fuzzy match: 48.275862068965516
2025-09-26 20:54:21,269 INFO Comparing database entry: nuernberg with Nuremberg returned from geonames.
2025-09-26 20:54:21,269 INFO 📄 Index 0 | Name: Nuremberg | fcl: P, fcode: PPLA3 | ADM1: Bavaria, ADM2: Middle Franconia, ADM3: Nuremberg, ADM4: Nuremberg | Latitude: 49.45421, Longitude: 11.07752 | Score: 94.60, Population: 515543 | Fuzzy match: 77.77777777777779
2025-09-26 20:54:21,269 INFO Comparing database entry: nuernberg with Katzwang returned from geonames.
2025-09-26 20:54:21,269 INFO 📄 Index 1 | Name: Katzwang | fcl: P, fcode: PPL | ADM1: Bavaria, ADM2: Middle Franconia, ADM3: Nuremberg, ADM4: Nuremberg | Latitude: 49.35174, Longitude: 11.05954 | Score: 35.15, Population: 0 | Fuzzy match: 23.529411764705888
2025-09-26 20:54:21,269 INFO Comparing database entry: nuernberg with Roth returned from geonames.
2025-09-26 20:54:21,269 INFO 📄 Index 2 | Name: Roth | fcl: P, fcode: PPLA3 | ADM1: Bavaria, ADM2: Middle Franconia, ADM3: Landkreis Roth, ADM4: Roth | Latitude: 49.24762, Longitude: 11.09111 | Score: 34.24, Population: 25083 | Fuzzy match: 15.384615384615385
2025-09-26 20:54:21,269 INFO Comparing database entry: nuernberg with Altdorf bei Nürnberg returned from geonames.
2025-09-26 20:54:21,270 INFO 📄 Index 3 | Name: Altdorf bei Nürnberg | fcl: P, fcode: PPL | ADM1: Bavaria, ADM2: Middle Franconia, ADM3: Nürnberger Land, ADM4: Altdorf b.Nürnberg | Latitude: 49.3856, Longitude: 11.3573 | Score: 30.91, Population: 15312 | Fuzzy match: 48.275862068965516
2025-09-26 20:54:21,442 INFO Comparing database entry: nuernberg with Nuremberg returned from geonames.
2025-09-26 20:54:21,442 INFO 📄 Index 0 | Name: Nuremberg | fcl: P, fcode: PPLA3 | ADM1: Bavaria, ADM2: Middle Franconia, ADM3: Nuremberg, ADM4: Nuremberg | Latitude: 49.45421, Longitude: 11.07752 | Score: 94.60, Population: 515543 | Fuzzy match: 77.77777777777779
2025-09-26 20:54:21,442 INFO Comparing database entry: nuernberg with Katzwang returned from geonames.
2025-09-26 20:54:21,442 INFO 📄 Index 1 | Name: Katzwang | fcl: P, fcode: PPL | ADM1: Bavaria, ADM2: Middle Franconia, ADM3: Nuremberg, ADM4: Nuremberg | Latitude: 49.35174, Longitude: 11.05954 | Score: 35.15, Population: 0 | Fuzzy match: 23.529411764705888
2025-09-26 20:54:21,442 INFO Comparing database entry: nuernberg with Roth returned from geonames.
2025-09-26 20:54:21,442 INFO 📄 Index 2 | Name: Roth | fcl: P, fcode: PPLA3 | ADM1: Bavaria, ADM2: Middle Franconia, ADM3: Landkreis Roth, ADM4: Roth | Latitude: 49.24762, Longitude: 11.09111 | Score: 34.24, Population: 25083 | Fuzzy match: 15.384615384615385
2025-09-26 20:54:21,442 INFO Comparing database entry: nuernberg with Altdorf bei Nürnberg returned from geonames.
2025-09-26 20:54:21,442 INFO 📄 Index 3 | Name: Altdorf bei Nürnberg | fcl: P, fcode: PPL | ADM1: Bavaria, ADM2: Middle Franconia, ADM3: Nürnberger Land, ADM4: Altdorf b.Nürnberg | Latitude: 49.3856, Longitude: 11.3573 | Score: 30.91, Population: 15312 | Fuzzy match: 48.275862068965516
2025-09-26 20:54:21,606 INFO Comparing database entry: nuernberg with Nuremberg returned from geonames.
2025-09-26 20:54:21,606 INFO 📄 Index 0 | Name: Nuremberg | fcl: P, fcode: PPLA3 | ADM1: Bavaria, ADM2: Middle Franconia, ADM3: Nuremberg, ADM4: Nuremberg | Latitude: 49.45421, Longitude: 11.07752 | Score: 94.60, Population: 515543 | Fuzzy match: 77.77777777777779
2025-09-26 20:54:21,606 INFO Comparing database entry: nuernberg with Katzwang returned from geonames.
2025-09-26 20:54:21,606 INFO 📄 Index 1 | Name: Katzwang | fcl: P, fcode: PPL | ADM1: Bavaria, ADM2: Middle Franconia, ADM3: Nuremberg, ADM4: Nuremberg | Latitude: 49.35174, Longitude: 11.05954 | Score: 35.15, Population: 0 | Fuzzy match: 23.529411764705888
2025-09-26 20:54:21,606 INFO Comparing database entry: nuernberg with Roth returned from geonames.
2025-09-26 20:54:21,607 INFO 📄 Index 2 | Name: Roth | fcl: P, fcode: PPLA3 | ADM1: Bavaria, ADM2: Middle Franconia, ADM3: Landkreis Roth, ADM4: Roth | Latitude: 49.24762, Longitude: 11.09111 | Score: 34.24, Population: 25083 | Fuzzy match: 15.384615384615385
2025-09-26 20:54:21,607 INFO Comparing database entry: nuernberg with Altdorf bei Nürnberg returned from geonames.
2025-09-26 20:54:21,607 INFO 📄 Index 3 | Name: Altdorf bei Nürnberg | fcl: P, fcode: PPL | ADM1: Bavaria, ADM2: Middle Franconia, ADM3: Nürnberger Land, ADM4: Altdorf b.Nürnberg | Latitude: 49.3856, Longitude: 11.3573 | Score: 30.91, Population: 15312 | Fuzzy match: 48.275862068965516
2025-09-26 20:54:21,780 INFO Comparing database entry: nuernberg with Nuremberg returned from geonames.
2025-09-26 20:54:21,780 INFO 📄 Index 0 | Name: Nuremberg | fcl: P, fcode: PPLA3 | ADM1: Bavaria, ADM2: Middle Franconia, ADM3: Nuremberg, ADM4: Nuremberg | Latitude: 49.45421, Longitude: 11.07752 | Score: 94.60, Population: 515543 | Fuzzy match: 77.77777777777779
2025-09-26 20:54:21,780 INFO Comparing database entry: nuernberg with Katzwang returned from geonames.
2025-09-26 20:54:21,780 INFO 📄 Index 1 | Name: Katzwang | fcl: P, fcode: PPL | ADM1: Bavaria, ADM2: Middle Franconia, ADM3: Nuremberg, ADM4: Nuremberg | Latitude: 49.35174, Longitude: 11.05954 | Score: 35.15, Population: 0 | Fuzzy match: 23.529411764705888
2025-09-26 20:54:21,780 INFO Comparing database entry: nuernberg with Roth returned from geonames.
2025-09-26 20:54:21,780 INFO 📄 Index 2 | Name: Roth | fcl: P, fcode: PPLA3 | ADM1: Bavaria, ADM2: Middle Franconia, ADM3: Landkreis Roth, ADM4: Roth | Latitude: 49.24762, Longitude: 11.09111 | Score: 34.24, Population: 25083 | Fuzzy match: 15.384615384615385
2025-09-26 20:54:21,780 INFO Comparing database entry: nuernberg with Altdorf bei Nürnberg returned from geonames.
2025-09-26 20:54:21,780 INFO 📄 Index 3 | Name: Altdorf bei Nürnberg | fcl: P, fcode: PPL | ADM1: Bavaria, ADM2: Middle Franconia, ADM3: Nürnberger Land, ADM4: Altdorf b.Nürnberg | Latitude: 49.3856, Longitude: 11.3573 | Score: 30.91, Population: 15312 | Fuzzy match: 48.275862068965516
2025-09-26 20:54:21,780 WARNING ❌ No match found with fuzzy score > 80 for city: nuernberg
2025-09-26 20:54:21,781 WARNING ❌ Lookup failed for city='nuernberg', iso2='DE'
