2025-08-08 14:47:33,116 INFO 🗺️ Starting GeoNames lookup for city='oberlausitz', country='germany'
2025-08-08 14:47:33,116 INFO 📍 Location is present in the following articles: [ObjectId('67f920c6f431fddd61d558df')]
2025-08-08 14:47:33,304 INFO Comparing database entry: oberlausitz with Weißwasser returned from geonames.
2025-08-08 14:47:33,305 INFO 📄 Index 0 | Name: Weißwasser | fcl: P, fcode: PPL | ADM1: Saxony, ADM2: , ADM3: Landkreis Görlitz, ADM4: Weißwasser/O.L. | Score: 37.73, Population: 22099 | Fuzzy match: 28.57142857142857
2025-08-08 14:47:33,305 INFO Comparing database entry: oberlausitz with Budestecy returned from geonames.
2025-08-08 14:47:33,305 INFO 📄 Index 1 | Name: Budestecy | fcl: P, fcode: PPL | ADM1: Saxony, ADM2: , ADM3: Landkreis Bautzen, ADM4: Großpostwitz/O.L. | Score: 23.45, Population: 3116 | Fuzzy match: 40.0
2025-08-08 14:47:33,305 INFO Comparing database entry: oberlausitz with Boxberg returned from geonames.
2025-08-08 14:47:33,305 INFO 📄 Index 2 | Name: Boxberg | fcl: P, fcode: PPL | ADM1: Saxony, ADM2: , ADM3: Landkreis Görlitz, ADM4: Boxberg/O.L. | Score: 20.67, Population: 3093 | Fuzzy match: 44.44444444444444
2025-08-08 14:47:33,305 INFO Comparing database entry: oberlausitz with Reichenbach returned from geonames.
2025-08-08 14:47:33,305 INFO 📄 Index 3 | Name: Reichenbach | fcl: P, fcode: PPL | ADM1: Saxony, ADM2: , ADM3: Landkreis Görlitz, ADM4: Reichenbach/O.L. | Score: 19.34, Population: 4422 | Fuzzy match: 18.181818181818176
2025-08-08 14:47:33,448 INFO Comparing database entry: oberlausitz with Weißwasser returned from geonames.
2025-08-08 14:47:33,449 INFO 📄 Index 0 | Name: Weißwasser | fcl: P, fcode: PPL | ADM1: Saxony, ADM2: , ADM3: Landkreis Görlitz, ADM4: Weißwasser/O.L. | Score: 37.73, Population: 22099 | Fuzzy match: 28.57142857142857
2025-08-08 14:47:33,449 INFO Comparing database entry: oberlausitz with Budestecy returned from geonames.
2025-08-08 14:47:33,449 INFO 📄 Index 1 | Name: Budestecy | fcl: P, fcode: PPL | ADM1: Saxony, ADM2: , ADM3: Landkreis Bautzen, ADM4: Großpostwitz/O.L. | Score: 23.45, Population: 3116 | Fuzzy match: 40.0
2025-08-08 14:47:33,449 INFO Comparing database entry: oberlausitz with Boxberg returned from geonames.
2025-08-08 14:47:33,449 INFO 📄 Index 2 | Name: Boxberg | fcl: P, fcode: PPL | ADM1: Saxony, ADM2: , ADM3: Landkreis Görlitz, ADM4: Boxberg/O.L. | Score: 20.67, Population: 3093 | Fuzzy match: 44.44444444444444
2025-08-08 14:47:33,449 INFO Comparing database entry: oberlausitz with Reichenbach returned from geonames.
2025-08-08 14:47:33,449 INFO 📄 Index 3 | Name: Reichenbach | fcl: P, fcode: PPL | ADM1: Saxony, ADM2: , ADM3: Landkreis Görlitz, ADM4: Reichenbach/O.L. | Score: 19.34, Population: 4422 | Fuzzy match: 18.181818181818176
2025-08-08 14:47:33,604 INFO Comparing database entry: oberlausitz with Weißwasser returned from geonames.
2025-08-08 14:47:33,604 INFO 📄 Index 0 | Name: Weißwasser | fcl: P, fcode: PPL | ADM1: Saxony, ADM2: , ADM3: Landkreis Görlitz, ADM4: Weißwasser/O.L. | Score: 37.73, Population: 22099 | Fuzzy match: 28.57142857142857
2025-08-08 14:47:33,604 INFO Comparing database entry: oberlausitz with Budestecy returned from geonames.
2025-08-08 14:47:33,604 INFO 📄 Index 1 | Name: Budestecy | fcl: P, fcode: PPL | ADM1: Saxony, ADM2: , ADM3: Landkreis Bautzen, ADM4: Großpostwitz/O.L. | Score: 23.45, Population: 3116 | Fuzzy match: 40.0
2025-08-08 14:47:33,604 INFO Comparing database entry: oberlausitz with Boxberg returned from geonames.
2025-08-08 14:47:33,605 INFO 📄 Index 2 | Name: Boxberg | fcl: P, fcode: PPL | ADM1: Saxony, ADM2: , ADM3: Landkreis Görlitz, ADM4: Boxberg/O.L. | Score: 20.67, Population: 3093 | Fuzzy match: 44.44444444444444
2025-08-08 14:47:33,605 INFO Comparing database entry: oberlausitz with Reichenbach returned from geonames.
2025-08-08 14:47:33,605 INFO 📄 Index 3 | Name: Reichenbach | fcl: P, fcode: PPL | ADM1: Saxony, ADM2: , ADM3: Landkreis Görlitz, ADM4: Reichenbach/O.L. | Score: 19.34, Population: 4422 | Fuzzy match: 18.181818181818176
2025-08-08 14:47:33,746 INFO Comparing database entry: oberlausitz with Weißwasser returned from geonames.
2025-08-08 14:47:33,746 INFO 📄 Index 0 | Name: Weißwasser | fcl: P, fcode: PPL | ADM1: Saxony, ADM2: , ADM3: Landkreis Görlitz, ADM4: Weißwasser/O.L. | Score: 37.73, Population: 22099 | Fuzzy match: 28.57142857142857
2025-08-08 14:47:33,747 INFO Comparing database entry: oberlausitz with Budestecy returned from geonames.
2025-08-08 14:47:33,747 INFO 📄 Index 1 | Name: Budestecy | fcl: P, fcode: PPL | ADM1: Saxony, ADM2: , ADM3: Landkreis Bautzen, ADM4: Großpostwitz/O.L. | Score: 23.45, Population: 3116 | Fuzzy match: 40.0
2025-08-08 14:47:33,747 INFO Comparing database entry: oberlausitz with Boxberg returned from geonames.
2025-08-08 14:47:33,747 INFO 📄 Index 2 | Name: Boxberg | fcl: P, fcode: PPL | ADM1: Saxony, ADM2: , ADM3: Landkreis Görlitz, ADM4: Boxberg/O.L. | Score: 20.67, Population: 3093 | Fuzzy match: 44.44444444444444
2025-08-08 14:47:33,747 INFO Comparing database entry: oberlausitz with Reichenbach returned from geonames.
2025-08-08 14:47:33,747 INFO 📄 Index 3 | Name: Reichenbach | fcl: P, fcode: PPL | ADM1: Saxony, ADM2: , ADM3: Landkreis Görlitz, ADM4: Reichenbach/O.L. | Score: 19.34, Population: 4422 | Fuzzy match: 18.181818181818176
2025-08-08 14:47:33,881 INFO Comparing database entry: oberlausitz with Weißwasser returned from geonames.
2025-08-08 14:47:33,881 INFO 📄 Index 0 | Name: Weißwasser | fcl: P, fcode: PPL | ADM1: Saxony, ADM2: , ADM3: Landkreis Görlitz, ADM4: Weißwasser/O.L. | Score: 37.73, Population: 22099 | Fuzzy match: 28.57142857142857
2025-08-08 14:47:33,882 INFO Comparing database entry: oberlausitz with Budestecy returned from geonames.
2025-08-08 14:47:33,882 INFO 📄 Index 1 | Name: Budestecy | fcl: P, fcode: PPL | ADM1: Saxony, ADM2: , ADM3: Landkreis Bautzen, ADM4: Großpostwitz/O.L. | Score: 23.45, Population: 3116 | Fuzzy match: 40.0
2025-08-08 14:47:33,882 INFO Comparing database entry: oberlausitz with Boxberg returned from geonames.
2025-08-08 14:47:33,882 INFO 📄 Index 2 | Name: Boxberg | fcl: P, fcode: PPL | ADM1: Saxony, ADM2: , ADM3: Landkreis Görlitz, ADM4: Boxberg/O.L. | Score: 20.67, Population: 3093 | Fuzzy match: 44.44444444444444
2025-08-08 14:47:33,882 INFO Comparing database entry: oberlausitz with Reichenbach returned from geonames.
2025-08-08 14:47:33,882 INFO 📄 Index 3 | Name: Reichenbach | fcl: P, fcode: PPL | ADM1: Saxony, ADM2: , ADM3: Landkreis Görlitz, ADM4: Reichenbach/O.L. | Score: 19.34, Population: 4422 | Fuzzy match: 18.181818181818176
2025-08-08 14:47:34,017 INFO Comparing database entry: oberlausitz with Weißwasser returned from geonames.
2025-08-08 14:47:34,017 INFO 📄 Index 0 | Name: Weißwasser | fcl: P, fcode: PPL | ADM1: Saxony, ADM2: , ADM3: Landkreis Görlitz, ADM4: Weißwasser/O.L. | Score: 37.73, Population: 22099 | Fuzzy match: 28.57142857142857
2025-08-08 14:47:34,017 INFO Comparing database entry: oberlausitz with Budestecy returned from geonames.
2025-08-08 14:47:34,017 INFO 📄 Index 1 | Name: Budestecy | fcl: P, fcode: PPL | ADM1: Saxony, ADM2: , ADM3: Landkreis Bautzen, ADM4: Großpostwitz/O.L. | Score: 23.45, Population: 3116 | Fuzzy match: 40.0
2025-08-08 14:47:34,017 INFO Comparing database entry: oberlausitz with Boxberg returned from geonames.
2025-08-08 14:47:34,017 INFO 📄 Index 2 | Name: Boxberg | fcl: P, fcode: PPL | ADM1: Saxony, ADM2: , ADM3: Landkreis Görlitz, ADM4: Boxberg/O.L. | Score: 20.67, Population: 3093 | Fuzzy match: 44.44444444444444
2025-08-08 14:47:34,017 INFO Comparing database entry: oberlausitz with Reichenbach returned from geonames.
2025-08-08 14:47:34,017 INFO 📄 Index 3 | Name: Reichenbach | fcl: P, fcode: PPL | ADM1: Saxony, ADM2: , ADM3: Landkreis Görlitz, ADM4: Reichenbach/O.L. | Score: 19.34, Population: 4422 | Fuzzy match: 18.181818181818176
2025-08-08 14:47:34,018 WARNING ❌ No match found with fuzzy score > 80 for city: oberlausitz
2025-08-08 14:47:34,018 WARNING ❌ Lookup failed for city='oberlausitz', iso2='DE'
