2025-08-08 14:52:22,619 INFO 🗺️ Starting GeoNames lookup for city='oberspreewald-lausitz', country='germany'
2025-08-08 14:52:22,619 INFO 📍 Location is present in the following articles: [ObjectId('67f922edf431fddd61d56005')]
2025-08-08 14:52:22,784 INFO Comparing database entry: oberspreewald-lausitz with Lubnjow returned from geonames.
2025-08-08 14:52:22,784 INFO 📄 Index 0 | Name: Lubnjow | fcl: P, fcode: PPL | ADM1: Brandenburg, ADM2: , ADM3: Landkreis Oberspreewald-Lausitz, ADM4: Lübbenau/Spreewald | Score: 35.59, Population: 17461 | Fuzzy match: 14.28571428571429
2025-08-08 14:52:22,784 INFO Comparing database entry: oberspreewald-lausitz with Senftenberg returned from geonames.
2025-08-08 14:52:22,784 INFO 📄 Index 1 | Name: Senftenberg | fcl: P, fcode: PPLA3 | ADM1: Brandenburg, ADM2: , ADM3: Landkreis Oberspreewald-Lausitz, ADM4: Senftenberg | Score: 32.37, Population: 28988 | Fuzzy match: 18.75
2025-08-08 14:52:22,784 INFO Comparing database entry: oberspreewald-lausitz with Lauchhammer returned from geonames.
2025-08-08 14:52:22,785 INFO 📄 Index 2 | Name: Lauchhammer | fcl: P, fcode: PPL | ADM1: Brandenburg, ADM2: , ADM3: Landkreis Oberspreewald-Lausitz, ADM4: Lauchhammer | Score: 32.37, Population: 18990 | Fuzzy match: 18.75
2025-08-08 14:52:22,785 INFO Comparing database entry: oberspreewald-lausitz with Großräschen returned from geonames.
2025-08-08 14:52:22,785 INFO 📄 Index 3 | Name: Großräschen | fcl: P, fcode: PPL | ADM1: Brandenburg, ADM2: , ADM3: Landkreis Oberspreewald-Lausitz, ADM4: Großräschen | Score: 32.37, Population: 11523 | Fuzzy match: 25.0
2025-08-08 14:52:22,934 INFO Comparing database entry: oberspreewald-lausitz with Lubnjow returned from geonames.
2025-08-08 14:52:22,935 INFO 📄 Index 0 | Name: Lubnjow | fcl: P, fcode: PPL | ADM1: Brandenburg, ADM2: , ADM3: Landkreis Oberspreewald-Lausitz, ADM4: Lübbenau/Spreewald | Score: 35.59, Population: 17461 | Fuzzy match: 14.28571428571429
2025-08-08 14:52:22,935 INFO Comparing database entry: oberspreewald-lausitz with Senftenberg returned from geonames.
2025-08-08 14:52:22,935 INFO 📄 Index 1 | Name: Senftenberg | fcl: P, fcode: PPLA3 | ADM1: Brandenburg, ADM2: , ADM3: Landkreis Oberspreewald-Lausitz, ADM4: Senftenberg | Score: 32.37, Population: 28988 | Fuzzy match: 18.75
2025-08-08 14:52:22,935 INFO Comparing database entry: oberspreewald-lausitz with Lauchhammer returned from geonames.
2025-08-08 14:52:22,935 INFO 📄 Index 2 | Name: Lauchhammer | fcl: P, fcode: PPL | ADM1: Brandenburg, ADM2: , ADM3: Landkreis Oberspreewald-Lausitz, ADM4: Lauchhammer | Score: 32.37, Population: 18990 | Fuzzy match: 18.75
2025-08-08 14:52:22,935 INFO Comparing database entry: oberspreewald-lausitz with Großräschen returned from geonames.
2025-08-08 14:52:22,935 INFO 📄 Index 3 | Name: Großräschen | fcl: P, fcode: PPL | ADM1: Brandenburg, ADM2: , ADM3: Landkreis Oberspreewald-Lausitz, ADM4: Großräschen | Score: 32.37, Population: 11523 | Fuzzy match: 25.0
2025-08-08 14:52:23,064 INFO Comparing database entry: oberspreewald-lausitz with Lubnjow returned from geonames.
2025-08-08 14:52:23,064 INFO 📄 Index 0 | Name: Lubnjow | fcl: P, fcode: PPL | ADM1: Brandenburg, ADM2: , ADM3: Landkreis Oberspreewald-Lausitz, ADM4: Lübbenau/Spreewald | Score: 35.59, Population: 17461 | Fuzzy match: 14.28571428571429
2025-08-08 14:52:23,065 INFO Comparing database entry: oberspreewald-lausitz with Senftenberg returned from geonames.
2025-08-08 14:52:23,065 INFO 📄 Index 1 | Name: Senftenberg | fcl: P, fcode: PPLA3 | ADM1: Brandenburg, ADM2: , ADM3: Landkreis Oberspreewald-Lausitz, ADM4: Senftenberg | Score: 32.37, Population: 28988 | Fuzzy match: 18.75
2025-08-08 14:52:23,065 INFO Comparing database entry: oberspreewald-lausitz with Lauchhammer returned from geonames.
2025-08-08 14:52:23,065 INFO 📄 Index 2 | Name: Lauchhammer | fcl: P, fcode: PPL | ADM1: Brandenburg, ADM2: , ADM3: Landkreis Oberspreewald-Lausitz, ADM4: Lauchhammer | Score: 32.37, Population: 18990 | Fuzzy match: 18.75
2025-08-08 14:52:23,065 INFO Comparing database entry: oberspreewald-lausitz with Großräschen returned from geonames.
2025-08-08 14:52:23,065 INFO 📄 Index 3 | Name: Großräschen | fcl: P, fcode: PPL | ADM1: Brandenburg, ADM2: , ADM3: Landkreis Oberspreewald-Lausitz, ADM4: Großräschen | Score: 32.37, Population: 11523 | Fuzzy match: 25.0
2025-08-08 14:52:23,202 INFO Comparing database entry: oberspreewald-lausitz with Lubnjow returned from geonames.
2025-08-08 14:52:23,202 INFO 📄 Index 0 | Name: Lubnjow | fcl: P, fcode: PPL | ADM1: Brandenburg, ADM2: , ADM3: Landkreis Oberspreewald-Lausitz, ADM4: Lübbenau/Spreewald | Score: 35.59, Population: 17461 | Fuzzy match: 14.28571428571429
2025-08-08 14:52:23,202 INFO Comparing database entry: oberspreewald-lausitz with Senftenberg returned from geonames.
2025-08-08 14:52:23,202 INFO 📄 Index 1 | Name: Senftenberg | fcl: P, fcode: PPLA3 | ADM1: Brandenburg, ADM2: , ADM3: Landkreis Oberspreewald-Lausitz, ADM4: Senftenberg | Score: 32.37, Population: 28988 | Fuzzy match: 18.75
2025-08-08 14:52:23,202 INFO Comparing database entry: oberspreewald-lausitz with Lauchhammer returned from geonames.
2025-08-08 14:52:23,203 INFO 📄 Index 2 | Name: Lauchhammer | fcl: P, fcode: PPL | ADM1: Brandenburg, ADM2: , ADM3: Landkreis Oberspreewald-Lausitz, ADM4: Lauchhammer | Score: 32.37, Population: 18990 | Fuzzy match: 18.75
2025-08-08 14:52:23,203 INFO Comparing database entry: oberspreewald-lausitz with Großräschen returned from geonames.
2025-08-08 14:52:23,203 INFO 📄 Index 3 | Name: Großräschen | fcl: P, fcode: PPL | ADM1: Brandenburg, ADM2: , ADM3: Landkreis Oberspreewald-Lausitz, ADM4: Großräschen | Score: 32.37, Population: 11523 | Fuzzy match: 25.0
2025-08-08 14:52:23,339 INFO Comparing database entry: oberspreewald-lausitz with Lubnjow returned from geonames.
2025-08-08 14:52:23,339 INFO 📄 Index 0 | Name: Lubnjow | fcl: P, fcode: PPL | ADM1: Brandenburg, ADM2: , ADM3: Landkreis Oberspreewald-Lausitz, ADM4: Lübbenau/Spreewald | Score: 35.59, Population: 17461 | Fuzzy match: 14.28571428571429
2025-08-08 14:52:23,339 INFO Comparing database entry: oberspreewald-lausitz with Senftenberg returned from geonames.
2025-08-08 14:52:23,339 INFO 📄 Index 1 | Name: Senftenberg | fcl: P, fcode: PPLA3 | ADM1: Brandenburg, ADM2: , ADM3: Landkreis Oberspreewald-Lausitz, ADM4: Senftenberg | Score: 32.37, Population: 28988 | Fuzzy match: 18.75
2025-08-08 14:52:23,339 INFO Comparing database entry: oberspreewald-lausitz with Lauchhammer returned from geonames.
2025-08-08 14:52:23,339 INFO 📄 Index 2 | Name: Lauchhammer | fcl: P, fcode: PPL | ADM1: Brandenburg, ADM2: , ADM3: Landkreis Oberspreewald-Lausitz, ADM4: Lauchhammer | Score: 32.37, Population: 18990 | Fuzzy match: 18.75
2025-08-08 14:52:23,339 INFO Comparing database entry: oberspreewald-lausitz with Großräschen returned from geonames.
2025-08-08 14:52:23,339 INFO 📄 Index 3 | Name: Großräschen | fcl: P, fcode: PPL | ADM1: Brandenburg, ADM2: , ADM3: Landkreis Oberspreewald-Lausitz, ADM4: Großräschen | Score: 32.37, Population: 11523 | Fuzzy match: 25.0
2025-08-08 14:52:23,463 INFO Comparing database entry: oberspreewald-lausitz with Lubnjow returned from geonames.
2025-08-08 14:52:23,463 INFO 📄 Index 0 | Name: Lubnjow | fcl: P, fcode: PPL | ADM1: Brandenburg, ADM2: , ADM3: Landkreis Oberspreewald-Lausitz, ADM4: Lübbenau/Spreewald | Score: 35.59, Population: 17461 | Fuzzy match: 14.28571428571429
2025-08-08 14:52:23,463 INFO Comparing database entry: oberspreewald-lausitz with Senftenberg returned from geonames.
2025-08-08 14:52:23,463 INFO 📄 Index 1 | Name: Senftenberg | fcl: P, fcode: PPLA3 | ADM1: Brandenburg, ADM2: , ADM3: Landkreis Oberspreewald-Lausitz, ADM4: Senftenberg | Score: 32.37, Population: 28988 | Fuzzy match: 18.75
2025-08-08 14:52:23,463 INFO Comparing database entry: oberspreewald-lausitz with Lauchhammer returned from geonames.
2025-08-08 14:52:23,463 INFO 📄 Index 2 | Name: Lauchhammer | fcl: P, fcode: PPL | ADM1: Brandenburg, ADM2: , ADM3: Landkreis Oberspreewald-Lausitz, ADM4: Lauchhammer | Score: 32.37, Population: 18990 | Fuzzy match: 18.75
2025-08-08 14:52:23,463 INFO Comparing database entry: oberspreewald-lausitz with Großräschen returned from geonames.
2025-08-08 14:52:23,463 INFO 📄 Index 3 | Name: Großräschen | fcl: P, fcode: PPL | ADM1: Brandenburg, ADM2: , ADM3: Landkreis Oberspreewald-Lausitz, ADM4: Großräschen | Score: 32.37, Population: 11523 | Fuzzy match: 25.0
2025-08-08 14:52:23,463 WARNING ❌ No match found with fuzzy score > 80 for city: oberspreewald-lausitz
2025-08-08 14:52:23,463 WARNING ❌ Lookup failed for city='oberspreewaldlausitz', iso2='DE'
