2025-09-17 14:27:50,622 INFO 🗺️ Starting GeoNames lookup for city='rendsburg-eckernförde', country='germany'
2025-09-17 14:27:50,622 INFO 📍 Location is present in the following articles: [ObjectId('684ebafbfb4b25699262e376')]
2025-09-17 14:27:50,697 INFO Comparing database entry: rendsburg-eckernförde with Eckernförde returned from geonames.
2025-09-17 14:27:50,697 INFO 📄 Index 0 | Name: Eckernförde | fcl: P, fcode: PPL | ADM1: Schleswig-Holstein, ADM2: , ADM3: Kreis Rendsburg-Eckernförde, ADM4: Eckernförde | Latitude: 54.46854, Longitude: 9.83824 | Score: 40.01, Population: 23383 | Fuzzy match: 68.75
2025-09-17 14:27:50,697 INFO Comparing database entry: rendsburg-eckernförde with Rendsburg returned from geonames.
2025-09-17 14:27:50,697 INFO 📄 Index 1 | Name: Rendsburg | fcl: P, fcode: PPLA3 | ADM1: Schleswig-Holstein, ADM2: , ADM3: Kreis Rendsburg-Eckernförde, ADM4: Rendsburg | Latitude: 54.30182, Longitude: 9.67175 | Score: 38.09, Population: 28323 | Fuzzy match: 60.0
2025-09-17 14:27:50,697 INFO Comparing database entry: rendsburg-eckernförde with Buedelsdorf returned from geonames.
2025-09-17 14:27:50,697 INFO 📄 Index 2 | Name: Buedelsdorf | fcl: P, fcode: PPLA4 | ADM1: Schleswig-Holstein, ADM2: , ADM3: Kreis Rendsburg-Eckernförde, ADM4: Büdelsdorf | Latitude: 54.31824, Longitude: 9.67301 | Score: 24.59, Population: 10144 | Fuzzy match: 37.5
2025-09-17 14:27:50,697 INFO Comparing database entry: rendsburg-eckernförde with Kronshagen returned from geonames.
2025-09-17 14:27:50,697 INFO 📄 Index 3 | Name: Kronshagen | fcl: P, fcode: PPLA4 | ADM1: Schleswig-Holstein, ADM2: , ADM3: Kreis Rendsburg-Eckernförde, ADM4: Kronshagen | Latitude: 54.33734, Longitude: 10.08214 | Score: 24.59, Population: 11856 | Fuzzy match: 38.70967741935484
2025-09-17 14:27:50,763 INFO Comparing database entry: rendsburg-eckernförde with Eckernförde returned from geonames.
2025-09-17 14:27:50,763 INFO 📄 Index 0 | Name: Eckernförde | fcl: P, fcode: PPL | ADM1: Schleswig-Holstein, ADM2: , ADM3: Kreis Rendsburg-Eckernförde, ADM4: Eckernförde | Latitude: 54.46854, Longitude: 9.83824 | Score: 40.01, Population: 23383 | Fuzzy match: 68.75
2025-09-17 14:27:50,763 INFO Comparing database entry: rendsburg-eckernförde with Rendsburg returned from geonames.
2025-09-17 14:27:50,763 INFO 📄 Index 1 | Name: Rendsburg | fcl: P, fcode: PPLA3 | ADM1: Schleswig-Holstein, ADM2: , ADM3: Kreis Rendsburg-Eckernförde, ADM4: Rendsburg | Latitude: 54.30182, Longitude: 9.67175 | Score: 38.09, Population: 28323 | Fuzzy match: 60.0
2025-09-17 14:27:50,763 INFO Comparing database entry: rendsburg-eckernförde with Buedelsdorf returned from geonames.
2025-09-17 14:27:50,763 INFO 📄 Index 2 | Name: Buedelsdorf | fcl: P, fcode: PPLA4 | ADM1: Schleswig-Holstein, ADM2: , ADM3: Kreis Rendsburg-Eckernförde, ADM4: Büdelsdorf | Latitude: 54.31824, Longitude: 9.67301 | Score: 24.59, Population: 10144 | Fuzzy match: 37.5
2025-09-17 14:27:50,763 INFO Comparing database entry: rendsburg-eckernförde with Kronshagen returned from geonames.
2025-09-17 14:27:50,763 INFO 📄 Index 3 | Name: Kronshagen | fcl: P, fcode: PPLA4 | ADM1: Schleswig-Holstein, ADM2: , ADM3: Kreis Rendsburg-Eckernförde, ADM4: Kronshagen | Latitude: 54.33734, Longitude: 10.08214 | Score: 24.59, Population: 11856 | Fuzzy match: 38.70967741935484
2025-09-17 14:27:50,808 INFO Comparing database entry: rendsburg-eckernförde with Eckernförde returned from geonames.
2025-09-17 14:27:50,808 INFO 📄 Index 0 | Name: Eckernförde | fcl: P, fcode: PPL | ADM1: Schleswig-Holstein, ADM2: , ADM3: Kreis Rendsburg-Eckernförde, ADM4: Eckernförde | Latitude: 54.46854, Longitude: 9.83824 | Score: 40.01, Population: 23383 | Fuzzy match: 68.75
2025-09-17 14:27:50,809 INFO Comparing database entry: rendsburg-eckernförde with Rendsburg returned from geonames.
2025-09-17 14:27:50,809 INFO 📄 Index 1 | Name: Rendsburg | fcl: P, fcode: PPLA3 | ADM1: Schleswig-Holstein, ADM2: , ADM3: Kreis Rendsburg-Eckernförde, ADM4: Rendsburg | Latitude: 54.30182, Longitude: 9.67175 | Score: 38.09, Population: 28323 | Fuzzy match: 60.0
2025-09-17 14:27:50,809 INFO Comparing database entry: rendsburg-eckernförde with Buedelsdorf returned from geonames.
2025-09-17 14:27:50,809 INFO 📄 Index 2 | Name: Buedelsdorf | fcl: P, fcode: PPLA4 | ADM1: Schleswig-Holstein, ADM2: , ADM3: Kreis Rendsburg-Eckernförde, ADM4: Büdelsdorf | Latitude: 54.31824, Longitude: 9.67301 | Score: 24.59, Population: 10144 | Fuzzy match: 37.5
2025-09-17 14:27:50,809 INFO Comparing database entry: rendsburg-eckernförde with Kronshagen returned from geonames.
2025-09-17 14:27:50,809 INFO 📄 Index 3 | Name: Kronshagen | fcl: P, fcode: PPLA4 | ADM1: Schleswig-Holstein, ADM2: , ADM3: Kreis Rendsburg-Eckernförde, ADM4: Kronshagen | Latitude: 54.33734, Longitude: 10.08214 | Score: 24.59, Population: 11856 | Fuzzy match: 38.70967741935484
2025-09-17 14:27:50,854 INFO Comparing database entry: rendsburg-eckernförde with Eckernförde returned from geonames.
2025-09-17 14:27:50,854 INFO 📄 Index 0 | Name: Eckernförde | fcl: P, fcode: PPL | ADM1: Schleswig-Holstein, ADM2: , ADM3: Kreis Rendsburg-Eckernförde, ADM4: Eckernförde | Latitude: 54.46854, Longitude: 9.83824 | Score: 40.01, Population: 23383 | Fuzzy match: 68.75
2025-09-17 14:27:50,854 INFO Comparing database entry: rendsburg-eckernförde with Rendsburg returned from geonames.
2025-09-17 14:27:50,854 INFO 📄 Index 1 | Name: Rendsburg | fcl: P, fcode: PPLA3 | ADM1: Schleswig-Holstein, ADM2: , ADM3: Kreis Rendsburg-Eckernförde, ADM4: Rendsburg | Latitude: 54.30182, Longitude: 9.67175 | Score: 38.09, Population: 28323 | Fuzzy match: 60.0
2025-09-17 14:27:50,854 INFO Comparing database entry: rendsburg-eckernförde with Buedelsdorf returned from geonames.
2025-09-17 14:27:50,854 INFO 📄 Index 2 | Name: Buedelsdorf | fcl: P, fcode: PPLA4 | ADM1: Schleswig-Holstein, ADM2: , ADM3: Kreis Rendsburg-Eckernförde, ADM4: Büdelsdorf | Latitude: 54.31824, Longitude: 9.67301 | Score: 24.59, Population: 10144 | Fuzzy match: 37.5
2025-09-17 14:27:50,854 INFO Comparing database entry: rendsburg-eckernförde with Kronshagen returned from geonames.
2025-09-17 14:27:50,854 INFO 📄 Index 3 | Name: Kronshagen | fcl: P, fcode: PPLA4 | ADM1: Schleswig-Holstein, ADM2: , ADM3: Kreis Rendsburg-Eckernförde, ADM4: Kronshagen | Latitude: 54.33734, Longitude: 10.08214 | Score: 24.59, Population: 11856 | Fuzzy match: 38.70967741935484
2025-09-17 14:27:50,921 INFO Comparing database entry: rendsburg-eckernförde with Eckernförde returned from geonames.
2025-09-17 14:27:50,921 INFO 📄 Index 0 | Name: Eckernförde | fcl: P, fcode: PPL | ADM1: Schleswig-Holstein, ADM2: , ADM3: Kreis Rendsburg-Eckernförde, ADM4: Eckernförde | Latitude: 54.46854, Longitude: 9.83824 | Score: 40.01, Population: 23383 | Fuzzy match: 68.75
2025-09-17 14:27:50,921 INFO Comparing database entry: rendsburg-eckernförde with Rendsburg returned from geonames.
2025-09-17 14:27:50,921 INFO 📄 Index 1 | Name: Rendsburg | fcl: P, fcode: PPLA3 | ADM1: Schleswig-Holstein, ADM2: , ADM3: Kreis Rendsburg-Eckernförde, ADM4: Rendsburg | Latitude: 54.30182, Longitude: 9.67175 | Score: 38.09, Population: 28323 | Fuzzy match: 60.0
2025-09-17 14:27:50,921 INFO Comparing database entry: rendsburg-eckernförde with Buedelsdorf returned from geonames.
2025-09-17 14:27:50,922 INFO 📄 Index 2 | Name: Buedelsdorf | fcl: P, fcode: PPLA4 | ADM1: Schleswig-Holstein, ADM2: , ADM3: Kreis Rendsburg-Eckernförde, ADM4: Büdelsdorf | Latitude: 54.31824, Longitude: 9.67301 | Score: 24.59, Population: 10144 | Fuzzy match: 37.5
2025-09-17 14:27:50,922 INFO Comparing database entry: rendsburg-eckernförde with Kronshagen returned from geonames.
2025-09-17 14:27:50,922 INFO 📄 Index 3 | Name: Kronshagen | fcl: P, fcode: PPLA4 | ADM1: Schleswig-Holstein, ADM2: , ADM3: Kreis Rendsburg-Eckernförde, ADM4: Kronshagen | Latitude: 54.33734, Longitude: 10.08214 | Score: 24.59, Population: 11856 | Fuzzy match: 38.70967741935484
2025-09-17 14:27:50,966 INFO Comparing database entry: rendsburg-eckernförde with Eckernförde returned from geonames.
2025-09-17 14:27:50,966 INFO 📄 Index 0 | Name: Eckernförde | fcl: P, fcode: PPL | ADM1: Schleswig-Holstein, ADM2: , ADM3: Kreis Rendsburg-Eckernförde, ADM4: Eckernförde | Latitude: 54.46854, Longitude: 9.83824 | Score: 40.01, Population: 23383 | Fuzzy match: 68.75
2025-09-17 14:27:50,966 INFO Comparing database entry: rendsburg-eckernförde with Rendsburg returned from geonames.
2025-09-17 14:27:50,967 INFO 📄 Index 1 | Name: Rendsburg | fcl: P, fcode: PPLA3 | ADM1: Schleswig-Holstein, ADM2: , ADM3: Kreis Rendsburg-Eckernförde, ADM4: Rendsburg | Latitude: 54.30182, Longitude: 9.67175 | Score: 38.09, Population: 28323 | Fuzzy match: 60.0
2025-09-17 14:27:50,967 INFO Comparing database entry: rendsburg-eckernförde with Buedelsdorf returned from geonames.
2025-09-17 14:27:50,967 INFO 📄 Index 2 | Name: Buedelsdorf | fcl: P, fcode: PPLA4 | ADM1: Schleswig-Holstein, ADM2: , ADM3: Kreis Rendsburg-Eckernförde, ADM4: Büdelsdorf | Latitude: 54.31824, Longitude: 9.67301 | Score: 24.59, Population: 10144 | Fuzzy match: 37.5
2025-09-17 14:27:50,967 INFO Comparing database entry: rendsburg-eckernförde with Kronshagen returned from geonames.
2025-09-17 14:27:50,967 INFO 📄 Index 3 | Name: Kronshagen | fcl: P, fcode: PPLA4 | ADM1: Schleswig-Holstein, ADM2: , ADM3: Kreis Rendsburg-Eckernförde, ADM4: Kronshagen | Latitude: 54.33734, Longitude: 10.08214 | Score: 24.59, Population: 11856 | Fuzzy match: 38.70967741935484
2025-09-17 14:27:50,967 WARNING ❌ No match found with fuzzy score > 80 for city: rendsburg-eckernförde
2025-09-17 14:27:50,967 WARNING ❌ Lookup failed for city='rendsburgeckernförde', iso2='DE'
