2025-08-16 12:15:03,724 INFO 🗺️ Starting GeoNames lookup for city='rhineland-palatinate', country='germany'
2025-08-16 12:15:03,724 INFO 📍 Location is present in the following articles: [ObjectId('67fa849aeaa4fb525afec94a')]
2025-08-16 12:15:03,948 INFO Comparing database entry: rhineland-palatinate with Mainz returned from geonames.
2025-08-16 12:15:03,948 INFO 📄 Index 0 | Name: Mainz | fcl: P, fcode: PPLA | ADM1: Rheinland-Pfalz, ADM2: , ADM3: Kreisfreie Stadt Mainz, ADM4: Mainz | Score: 52.02, Population: 217123 | Fuzzy match: 24.0
2025-08-16 12:15:03,948 INFO Comparing database entry: rhineland-palatinate with Rheinland-Pfalz returned from geonames.
2025-08-16 12:15:03,948 INFO 📄 Index 1 | Name: Rheinland-Pfalz | fcl: A, fcode: ADM1 | ADM1: Rheinland-Pfalz, ADM2: , ADM3: , ADM4:  | Score: 43.51, Population: 4093903 | Fuzzy match: 68.57142857142857
2025-08-16 12:15:03,948 INFO Comparing database entry: rhineland-palatinate with Koblenz returned from geonames.
2025-08-16 12:15:03,948 INFO 📄 Index 2 | Name: Koblenz | fcl: P, fcode: PPLA3 | ADM1: Rheinland-Pfalz, ADM2: , ADM3: Kreisfreie Stadt Koblenz, ADM4: Koblenz | Score: 42.08, Population: 107319 | Fuzzy match: 14.814814814814813
2025-08-16 12:15:03,948 INFO Comparing database entry: rhineland-palatinate with Trier returned from geonames.
2025-08-16 12:15:03,948 INFO 📄 Index 3 | Name: Trier | fcl: P, fcode: PPLA4 | ADM1: Rheinland-Pfalz, ADM2: , ADM3: Kreisfreie Stadt Trier, ADM4: Trier | Score: 40.91, Population: 100129 | Fuzzy match: 24.0
2025-08-16 12:15:04,161 INFO Comparing database entry: rhineland-palatinate with Mainz returned from geonames.
2025-08-16 12:15:04,161 INFO 📄 Index 0 | Name: Mainz | fcl: P, fcode: PPLA | ADM1: Rheinland-Pfalz, ADM2: , ADM3: Kreisfreie Stadt Mainz, ADM4: Mainz | Score: 52.02, Population: 217123 | Fuzzy match: 24.0
2025-08-16 12:15:04,161 INFO Comparing database entry: rhineland-palatinate with Rheinland-Pfalz returned from geonames.
2025-08-16 12:15:04,161 INFO 📄 Index 1 | Name: Rheinland-Pfalz | fcl: A, fcode: ADM1 | ADM1: Rheinland-Pfalz, ADM2: , ADM3: , ADM4:  | Score: 43.51, Population: 4093903 | Fuzzy match: 68.57142857142857
2025-08-16 12:15:04,161 INFO Comparing database entry: rhineland-palatinate with Koblenz returned from geonames.
2025-08-16 12:15:04,161 INFO 📄 Index 2 | Name: Koblenz | fcl: P, fcode: PPLA3 | ADM1: Rheinland-Pfalz, ADM2: , ADM3: Kreisfreie Stadt Koblenz, ADM4: Koblenz | Score: 42.08, Population: 107319 | Fuzzy match: 14.814814814814813
2025-08-16 12:15:04,161 INFO Comparing database entry: rhineland-palatinate with Trier returned from geonames.
2025-08-16 12:15:04,161 INFO 📄 Index 3 | Name: Trier | fcl: P, fcode: PPLA4 | ADM1: Rheinland-Pfalz, ADM2: , ADM3: Kreisfreie Stadt Trier, ADM4: Trier | Score: 40.91, Population: 100129 | Fuzzy match: 24.0
2025-08-16 12:15:04,402 INFO Comparing database entry: rhineland-palatinate with Mainz returned from geonames.
2025-08-16 12:15:04,402 INFO 📄 Index 0 | Name: Mainz | fcl: P, fcode: PPLA | ADM1: Rheinland-Pfalz, ADM2: , ADM3: Kreisfreie Stadt Mainz, ADM4: Mainz | Score: 52.02, Population: 217123 | Fuzzy match: 24.0
2025-08-16 12:15:04,402 INFO Comparing database entry: rhineland-palatinate with Rheinland-Pfalz returned from geonames.
2025-08-16 12:15:04,402 INFO 📄 Index 1 | Name: Rheinland-Pfalz | fcl: A, fcode: ADM1 | ADM1: Rheinland-Pfalz, ADM2: , ADM3: , ADM4:  | Score: 43.51, Population: 4093903 | Fuzzy match: 68.57142857142857
2025-08-16 12:15:04,402 INFO Comparing database entry: rhineland-palatinate with Koblenz returned from geonames.
2025-08-16 12:15:04,403 INFO 📄 Index 2 | Name: Koblenz | fcl: P, fcode: PPLA3 | ADM1: Rheinland-Pfalz, ADM2: , ADM3: Kreisfreie Stadt Koblenz, ADM4: Koblenz | Score: 42.08, Population: 107319 | Fuzzy match: 14.814814814814813
2025-08-16 12:15:04,403 INFO Comparing database entry: rhineland-palatinate with Trier returned from geonames.
2025-08-16 12:15:04,403 INFO 📄 Index 3 | Name: Trier | fcl: P, fcode: PPLA4 | ADM1: Rheinland-Pfalz, ADM2: , ADM3: Kreisfreie Stadt Trier, ADM4: Trier | Score: 40.91, Population: 100129 | Fuzzy match: 24.0
2025-08-16 12:15:04,606 INFO Comparing database entry: rhineland-palatinate with Mainz returned from geonames.
2025-08-16 12:15:04,606 INFO 📄 Index 0 | Name: Mainz | fcl: P, fcode: PPLA | ADM1: Rheinland-Pfalz, ADM2: , ADM3: Kreisfreie Stadt Mainz, ADM4: Mainz | Score: 52.02, Population: 217123 | Fuzzy match: 24.0
2025-08-16 12:15:04,606 INFO Comparing database entry: rhineland-palatinate with Rheinland-Pfalz returned from geonames.
2025-08-16 12:15:04,606 INFO 📄 Index 1 | Name: Rheinland-Pfalz | fcl: A, fcode: ADM1 | ADM1: Rheinland-Pfalz, ADM2: , ADM3: , ADM4:  | Score: 43.51, Population: 4093903 | Fuzzy match: 68.57142857142857
2025-08-16 12:15:04,606 INFO Comparing database entry: rhineland-palatinate with Koblenz returned from geonames.
2025-08-16 12:15:04,607 INFO 📄 Index 2 | Name: Koblenz | fcl: P, fcode: PPLA3 | ADM1: Rheinland-Pfalz, ADM2: , ADM3: Kreisfreie Stadt Koblenz, ADM4: Koblenz | Score: 42.08, Population: 107319 | Fuzzy match: 14.814814814814813
2025-08-16 12:15:04,607 INFO Comparing database entry: rhineland-palatinate with Trier returned from geonames.
2025-08-16 12:15:04,607 INFO 📄 Index 3 | Name: Trier | fcl: P, fcode: PPLA4 | ADM1: Rheinland-Pfalz, ADM2: , ADM3: Kreisfreie Stadt Trier, ADM4: Trier | Score: 40.91, Population: 100129 | Fuzzy match: 24.0
2025-08-16 12:15:04,795 INFO Comparing database entry: rhineland-palatinate with Mainz returned from geonames.
2025-08-16 12:15:04,795 INFO 📄 Index 0 | Name: Mainz | fcl: P, fcode: PPLA | ADM1: Rheinland-Pfalz, ADM2: , ADM3: Kreisfreie Stadt Mainz, ADM4: Mainz | Score: 52.02, Population: 217123 | Fuzzy match: 24.0
2025-08-16 12:15:04,795 INFO Comparing database entry: rhineland-palatinate with Rheinland-Pfalz returned from geonames.
2025-08-16 12:15:04,796 INFO 📄 Index 1 | Name: Rheinland-Pfalz | fcl: A, fcode: ADM1 | ADM1: Rheinland-Pfalz, ADM2: , ADM3: , ADM4:  | Score: 43.51, Population: 4093903 | Fuzzy match: 68.57142857142857
2025-08-16 12:15:04,796 INFO Comparing database entry: rhineland-palatinate with Koblenz returned from geonames.
2025-08-16 12:15:04,796 INFO 📄 Index 2 | Name: Koblenz | fcl: P, fcode: PPLA3 | ADM1: Rheinland-Pfalz, ADM2: , ADM3: Kreisfreie Stadt Koblenz, ADM4: Koblenz | Score: 42.08, Population: 107319 | Fuzzy match: 14.814814814814813
2025-08-16 12:15:04,796 INFO Comparing database entry: rhineland-palatinate with Trier returned from geonames.
2025-08-16 12:15:04,796 INFO 📄 Index 3 | Name: Trier | fcl: P, fcode: PPLA4 | ADM1: Rheinland-Pfalz, ADM2: , ADM3: Kreisfreie Stadt Trier, ADM4: Trier | Score: 40.91, Population: 100129 | Fuzzy match: 24.0
2025-08-16 12:15:05,021 INFO Comparing database entry: rhineland-palatinate with Mainz returned from geonames.
2025-08-16 12:15:05,022 INFO 📄 Index 0 | Name: Mainz | fcl: P, fcode: PPLA | ADM1: Rheinland-Pfalz, ADM2: , ADM3: Kreisfreie Stadt Mainz, ADM4: Mainz | Score: 52.02, Population: 217123 | Fuzzy match: 24.0
2025-08-16 12:15:05,022 INFO Comparing database entry: rhineland-palatinate with Rheinland-Pfalz returned from geonames.
2025-08-16 12:15:05,022 INFO 📄 Index 1 | Name: Rheinland-Pfalz | fcl: A, fcode: ADM1 | ADM1: Rheinland-Pfalz, ADM2: , ADM3: , ADM4:  | Score: 43.51, Population: 4093903 | Fuzzy match: 68.57142857142857
2025-08-16 12:15:05,022 INFO Comparing database entry: rhineland-palatinate with Koblenz returned from geonames.
2025-08-16 12:15:05,022 INFO 📄 Index 2 | Name: Koblenz | fcl: P, fcode: PPLA3 | ADM1: Rheinland-Pfalz, ADM2: , ADM3: Kreisfreie Stadt Koblenz, ADM4: Koblenz | Score: 42.08, Population: 107319 | Fuzzy match: 14.814814814814813
2025-08-16 12:15:05,022 INFO Comparing database entry: rhineland-palatinate with Trier returned from geonames.
2025-08-16 12:15:05,022 INFO 📄 Index 3 | Name: Trier | fcl: P, fcode: PPLA4 | ADM1: Rheinland-Pfalz, ADM2: , ADM3: Kreisfreie Stadt Trier, ADM4: Trier | Score: 40.91, Population: 100129 | Fuzzy match: 24.0
2025-08-16 12:15:05,022 WARNING ❌ No match found with fuzzy score > 80 for city: rhineland-palatinate
2025-08-16 12:15:05,022 WARNING ❌ Lookup failed for city='rhinelandpalatinate', iso2='DE'
