2025-08-21 14:41:17,372 INFO 🗺️ Starting GeoNames lookup for city='stuttgart zuffenhausen', country='germany'
2025-08-21 14:41:17,372 INFO 📍 Location is present in the following articles: [ObjectId('67f52b05981040986eab736a')]
2025-08-21 14:41:17,572 INFO Comparing database entry: stuttgart zuffenhausen with Zuffenhausen returned from geonames.
2025-08-21 14:41:17,573 INFO 📄 Index 0 | Name: Zuffenhausen | fcl: P, fcode: PPLX | ADM1: Baden-Wurttemberg, ADM2: Regierungsbezirk Stuttgart, ADM3: Stadtkreis Stuttgart, ADM4: Stuttgart | Latitude: 48.83224, Longitude: 9.17024 | Score: 19.32, Population: 0 | Fuzzy match: 70.58823529411764
2025-08-21 14:41:17,573 INFO Comparing database entry: stuttgart zuffenhausen with Zazenhausen returned from geonames.
2025-08-21 14:41:17,573 INFO 📄 Index 1 | Name: Zazenhausen | fcl: P, fcode: PPLX | ADM1: Baden-Wurttemberg, ADM2: Regierungsbezirk Stuttgart, ADM3: Stadtkreis Stuttgart, ADM4: Stuttgart | Latitude: 48.84074, Longitude: 9.19813 | Score: 15.51, Population: 0 | Fuzzy match: 60.60606060606061
2025-08-21 14:41:17,573 INFO Comparing database entry: stuttgart zuffenhausen with Zuffenhausen returned from geonames.
2025-08-21 14:41:17,573 INFO 📄 Index 2 | Name: Zuffenhausen | fcl: A, fcode: ADM5 | ADM1: Baden-Wurttemberg, ADM2: Regierungsbezirk Stuttgart, ADM3: Stadtkreis Stuttgart, ADM4: Stuttgart | Latitude: 48.83542, Longitude: 9.1743 | Score: 11.36, Population: 0 | Fuzzy match: 70.58823529411764
2025-08-21 14:41:17,573 INFO Comparing database entry: stuttgart zuffenhausen with Zuffenhausen-Schützenbühl returned from geonames.
2025-08-21 14:41:17,573 INFO 📄 Index 3 | Name: Zuffenhausen-Schützenbühl | fcl: P, fcode: PPLX | ADM1: Baden-Wurttemberg, ADM2: Regierungsbezirk Stuttgart, ADM3: Stadtkreis Stuttgart, ADM4: Stuttgart | Latitude: 48.83499, Longitude: 9.15355 | Score: 7.45, Population: 0 | Fuzzy match: 51.06382978723405
2025-08-21 14:41:17,703 INFO Comparing database entry: stuttgart zuffenhausen with Zuffenhausen returned from geonames.
2025-08-21 14:41:17,703 INFO 📄 Index 0 | Name: Zuffenhausen | fcl: P, fcode: PPLX | ADM1: Baden-Wurttemberg, ADM2: Regierungsbezirk Stuttgart, ADM3: Stadtkreis Stuttgart, ADM4: Stuttgart | Latitude: 48.83224, Longitude: 9.17024 | Score: 19.32, Population: 0 | Fuzzy match: 70.58823529411764
2025-08-21 14:41:17,704 INFO Comparing database entry: stuttgart zuffenhausen with Zazenhausen returned from geonames.
2025-08-21 14:41:17,704 INFO 📄 Index 1 | Name: Zazenhausen | fcl: P, fcode: PPLX | ADM1: Baden-Wurttemberg, ADM2: Regierungsbezirk Stuttgart, ADM3: Stadtkreis Stuttgart, ADM4: Stuttgart | Latitude: 48.84074, Longitude: 9.19813 | Score: 15.51, Population: 0 | Fuzzy match: 60.60606060606061
2025-08-21 14:41:17,704 INFO Comparing database entry: stuttgart zuffenhausen with Zuffenhausen returned from geonames.
2025-08-21 14:41:17,704 INFO 📄 Index 2 | Name: Zuffenhausen | fcl: A, fcode: ADM5 | ADM1: Baden-Wurttemberg, ADM2: Regierungsbezirk Stuttgart, ADM3: Stadtkreis Stuttgart, ADM4: Stuttgart | Latitude: 48.83542, Longitude: 9.1743 | Score: 11.36, Population: 0 | Fuzzy match: 70.58823529411764
2025-08-21 14:41:17,704 INFO Comparing database entry: stuttgart zuffenhausen with Zuffenhausen-Schützenbühl returned from geonames.
2025-08-21 14:41:17,704 INFO 📄 Index 3 | Name: Zuffenhausen-Schützenbühl | fcl: P, fcode: PPLX | ADM1: Baden-Wurttemberg, ADM2: Regierungsbezirk Stuttgart, ADM3: Stadtkreis Stuttgart, ADM4: Stuttgart | Latitude: 48.83499, Longitude: 9.15355 | Score: 7.45, Population: 0 | Fuzzy match: 51.06382978723405
2025-08-21 14:41:17,866 INFO Comparing database entry: stuttgart zuffenhausen with Zuffenhausen returned from geonames.
2025-08-21 14:41:17,867 INFO 📄 Index 0 | Name: Zuffenhausen | fcl: P, fcode: PPLX | ADM1: Baden-Wurttemberg, ADM2: Regierungsbezirk Stuttgart, ADM3: Stadtkreis Stuttgart, ADM4: Stuttgart | Latitude: 48.83224, Longitude: 9.17024 | Score: 19.32, Population: 0 | Fuzzy match: 70.58823529411764
2025-08-21 14:41:17,867 INFO Comparing database entry: stuttgart zuffenhausen with Zazenhausen returned from geonames.
2025-08-21 14:41:17,867 INFO 📄 Index 1 | Name: Zazenhausen | fcl: P, fcode: PPLX | ADM1: Baden-Wurttemberg, ADM2: Regierungsbezirk Stuttgart, ADM3: Stadtkreis Stuttgart, ADM4: Stuttgart | Latitude: 48.84074, Longitude: 9.19813 | Score: 15.51, Population: 0 | Fuzzy match: 60.60606060606061
2025-08-21 14:41:17,867 INFO Comparing database entry: stuttgart zuffenhausen with Zuffenhausen returned from geonames.
2025-08-21 14:41:17,867 INFO 📄 Index 2 | Name: Zuffenhausen | fcl: A, fcode: ADM5 | ADM1: Baden-Wurttemberg, ADM2: Regierungsbezirk Stuttgart, ADM3: Stadtkreis Stuttgart, ADM4: Stuttgart | Latitude: 48.83542, Longitude: 9.1743 | Score: 11.36, Population: 0 | Fuzzy match: 70.58823529411764
2025-08-21 14:41:17,867 INFO Comparing database entry: stuttgart zuffenhausen with Zuffenhausen-Schützenbühl returned from geonames.
2025-08-21 14:41:17,867 INFO 📄 Index 3 | Name: Zuffenhausen-Schützenbühl | fcl: P, fcode: PPLX | ADM1: Baden-Wurttemberg, ADM2: Regierungsbezirk Stuttgart, ADM3: Stadtkreis Stuttgart, ADM4: Stuttgart | Latitude: 48.83499, Longitude: 9.15355 | Score: 7.45, Population: 0 | Fuzzy match: 51.06382978723405
2025-08-21 14:41:18,044 INFO Comparing database entry: stuttgart zuffenhausen with Zuffenhausen returned from geonames.
2025-08-21 14:41:18,045 INFO 📄 Index 0 | Name: Zuffenhausen | fcl: P, fcode: PPLX | ADM1: Baden-Wurttemberg, ADM2: Regierungsbezirk Stuttgart, ADM3: Stadtkreis Stuttgart, ADM4: Stuttgart | Latitude: 48.83224, Longitude: 9.17024 | Score: 19.32, Population: 0 | Fuzzy match: 70.58823529411764
2025-08-21 14:41:18,045 INFO Comparing database entry: stuttgart zuffenhausen with Zazenhausen returned from geonames.
2025-08-21 14:41:18,045 INFO 📄 Index 1 | Name: Zazenhausen | fcl: P, fcode: PPLX | ADM1: Baden-Wurttemberg, ADM2: Regierungsbezirk Stuttgart, ADM3: Stadtkreis Stuttgart, ADM4: Stuttgart | Latitude: 48.84074, Longitude: 9.19813 | Score: 15.51, Population: 0 | Fuzzy match: 60.60606060606061
2025-08-21 14:41:18,045 INFO Comparing database entry: stuttgart zuffenhausen with Zuffenhausen returned from geonames.
2025-08-21 14:41:18,045 INFO 📄 Index 2 | Name: Zuffenhausen | fcl: A, fcode: ADM5 | ADM1: Baden-Wurttemberg, ADM2: Regierungsbezirk Stuttgart, ADM3: Stadtkreis Stuttgart, ADM4: Stuttgart | Latitude: 48.83542, Longitude: 9.1743 | Score: 11.36, Population: 0 | Fuzzy match: 70.58823529411764
2025-08-21 14:41:18,045 INFO Comparing database entry: stuttgart zuffenhausen with Zuffenhausen-Schützenbühl returned from geonames.
2025-08-21 14:41:18,045 INFO 📄 Index 3 | Name: Zuffenhausen-Schützenbühl | fcl: P, fcode: PPLX | ADM1: Baden-Wurttemberg, ADM2: Regierungsbezirk Stuttgart, ADM3: Stadtkreis Stuttgart, ADM4: Stuttgart | Latitude: 48.83499, Longitude: 9.15355 | Score: 7.45, Population: 0 | Fuzzy match: 51.06382978723405
2025-08-21 14:41:18,217 INFO Comparing database entry: stuttgart zuffenhausen with Zuffenhausen returned from geonames.
2025-08-21 14:41:18,217 INFO 📄 Index 0 | Name: Zuffenhausen | fcl: P, fcode: PPLX | ADM1: Baden-Wurttemberg, ADM2: Regierungsbezirk Stuttgart, ADM3: Stadtkreis Stuttgart, ADM4: Stuttgart | Latitude: 48.83224, Longitude: 9.17024 | Score: 19.32, Population: 0 | Fuzzy match: 70.58823529411764
2025-08-21 14:41:18,218 INFO Comparing database entry: stuttgart zuffenhausen with Zazenhausen returned from geonames.
2025-08-21 14:41:18,218 INFO 📄 Index 1 | Name: Zazenhausen | fcl: P, fcode: PPLX | ADM1: Baden-Wurttemberg, ADM2: Regierungsbezirk Stuttgart, ADM3: Stadtkreis Stuttgart, ADM4: Stuttgart | Latitude: 48.84074, Longitude: 9.19813 | Score: 15.51, Population: 0 | Fuzzy match: 60.60606060606061
2025-08-21 14:41:18,218 INFO Comparing database entry: stuttgart zuffenhausen with Zuffenhausen returned from geonames.
2025-08-21 14:41:18,218 INFO 📄 Index 2 | Name: Zuffenhausen | fcl: A, fcode: ADM5 | ADM1: Baden-Wurttemberg, ADM2: Regierungsbezirk Stuttgart, ADM3: Stadtkreis Stuttgart, ADM4: Stuttgart | Latitude: 48.83542, Longitude: 9.1743 | Score: 11.36, Population: 0 | Fuzzy match: 70.58823529411764
2025-08-21 14:41:18,218 INFO Comparing database entry: stuttgart zuffenhausen with Zuffenhausen-Schützenbühl returned from geonames.
2025-08-21 14:41:18,218 INFO 📄 Index 3 | Name: Zuffenhausen-Schützenbühl | fcl: P, fcode: PPLX | ADM1: Baden-Wurttemberg, ADM2: Regierungsbezirk Stuttgart, ADM3: Stadtkreis Stuttgart, ADM4: Stuttgart | Latitude: 48.83499, Longitude: 9.15355 | Score: 7.45, Population: 0 | Fuzzy match: 51.06382978723405
2025-08-21 14:41:18,368 INFO Comparing database entry: stuttgart zuffenhausen with Zuffenhausen returned from geonames.
2025-08-21 14:41:18,368 INFO 📄 Index 0 | Name: Zuffenhausen | fcl: P, fcode: PPLX | ADM1: Baden-Wurttemberg, ADM2: Regierungsbezirk Stuttgart, ADM3: Stadtkreis Stuttgart, ADM4: Stuttgart | Latitude: 48.83224, Longitude: 9.17024 | Score: 19.32, Population: 0 | Fuzzy match: 70.58823529411764
2025-08-21 14:41:18,368 INFO Comparing database entry: stuttgart zuffenhausen with Zazenhausen returned from geonames.
2025-08-21 14:41:18,368 INFO 📄 Index 1 | Name: Zazenhausen | fcl: P, fcode: PPLX | ADM1: Baden-Wurttemberg, ADM2: Regierungsbezirk Stuttgart, ADM3: Stadtkreis Stuttgart, ADM4: Stuttgart | Latitude: 48.84074, Longitude: 9.19813 | Score: 15.51, Population: 0 | Fuzzy match: 60.60606060606061
2025-08-21 14:41:18,368 INFO Comparing database entry: stuttgart zuffenhausen with Zuffenhausen returned from geonames.
2025-08-21 14:41:18,368 INFO 📄 Index 2 | Name: Zuffenhausen | fcl: A, fcode: ADM5 | ADM1: Baden-Wurttemberg, ADM2: Regierungsbezirk Stuttgart, ADM3: Stadtkreis Stuttgart, ADM4: Stuttgart | Latitude: 48.83542, Longitude: 9.1743 | Score: 11.36, Population: 0 | Fuzzy match: 70.58823529411764
2025-08-21 14:41:18,368 INFO Comparing database entry: stuttgart zuffenhausen with Zuffenhausen-Schützenbühl returned from geonames.
2025-08-21 14:41:18,368 INFO 📄 Index 3 | Name: Zuffenhausen-Schützenbühl | fcl: P, fcode: PPLX | ADM1: Baden-Wurttemberg, ADM2: Regierungsbezirk Stuttgart, ADM3: Stadtkreis Stuttgart, ADM4: Stuttgart | Latitude: 48.83499, Longitude: 9.15355 | Score: 7.45, Population: 0 | Fuzzy match: 51.06382978723405
2025-08-21 14:41:18,368 WARNING ❌ No match found with fuzzy score > 80 for city: stuttgart zuffenhausen
2025-08-21 14:41:18,369 WARNING ❌ Lookup failed for city='stuttgart_zuffenhausen', iso2='DE'
