2025-08-23 18:50:35,953 INFO 🗺️ Starting GeoNames lookup for city='saxonia', country='germany'
2025-08-23 18:50:35,953 INFO 📍 Location is present in the following articles: [ObjectId('67f52a83981040986eab7166'), ObjectId('67f52aa4981040986eab71ea')]
2025-08-23 18:50:36,102 INFO Comparing database entry: saxonia with Hanover returned from geonames.
2025-08-23 18:50:36,103 INFO 📄 Index 0 | Name: Hanover | fcl: P, fcode: PPLA | ADM1: Lower Saxony, ADM2: , ADM3: Region Hannover, ADM4: Hanover | Latitude: 52.37052, Longitude: 9.73322 | Score: 75.94, Population: 515140 | Fuzzy match: 28.57142857142857
2025-08-23 18:50:36,103 INFO Comparing database entry: saxonia with Kleinzschocher returned from geonames.
2025-08-23 18:50:36,103 INFO 📄 Index 1 | Name: Kleinzschocher | fcl: P, fcode: PPLX | ADM1: Saxony, ADM2: , ADM3: Kreisfreie Stadt Leipzig, ADM4: Leipzig | Latitude: 51.31568, Longitude: 12.31979 | Score: 72.01, Population: 597493 | Fuzzy match: 19.047619047619047
2025-08-23 18:50:36,103 INFO Comparing database entry: saxonia with Magdeburg returned from geonames.
2025-08-23 18:50:36,103 INFO 📄 Index 2 | Name: Magdeburg | fcl: P, fcode: PPLA | ADM1: Saxony-Anhalt, ADM2: , ADM3: Landeshauptstadt Magdeburg, ADM4: Magdeburg, Landeshauptstadt | Latitude: 52.12773, Longitude: 11.62916 | Score: 70.34, Population: 235775 | Fuzzy match: 12.5
2025-08-23 18:50:36,103 INFO Comparing database entry: saxonia with Leipzig returned from geonames.
2025-08-23 18:50:36,103 INFO 📄 Index 3 | Name: Leipzig | fcl: P, fcode: PPLA3 | ADM1: Saxony, ADM2: , ADM3: Kreisfreie Stadt Leipzig, ADM4: Leipzig | Latitude: 51.33962, Longitude: 12.37129 | Score: 69.31, Population: 504971 | Fuzzy match: 14.28571428571429
2025-08-23 18:50:36,256 INFO Comparing database entry: saxonia with Hanover returned from geonames.
2025-08-23 18:50:36,256 INFO 📄 Index 0 | Name: Hanover | fcl: P, fcode: PPLA | ADM1: Lower Saxony, ADM2: , ADM3: Region Hannover, ADM4: Hanover | Latitude: 52.37052, Longitude: 9.73322 | Score: 75.94, Population: 515140 | Fuzzy match: 28.57142857142857
2025-08-23 18:50:36,256 INFO Comparing database entry: saxonia with Kleinzschocher returned from geonames.
2025-08-23 18:50:36,256 INFO 📄 Index 1 | Name: Kleinzschocher | fcl: P, fcode: PPLX | ADM1: Saxony, ADM2: , ADM3: Kreisfreie Stadt Leipzig, ADM4: Leipzig | Latitude: 51.31568, Longitude: 12.31979 | Score: 72.01, Population: 597493 | Fuzzy match: 19.047619047619047
2025-08-23 18:50:36,256 INFO Comparing database entry: saxonia with Magdeburg returned from geonames.
2025-08-23 18:50:36,256 INFO 📄 Index 2 | Name: Magdeburg | fcl: P, fcode: PPLA | ADM1: Saxony-Anhalt, ADM2: , ADM3: Landeshauptstadt Magdeburg, ADM4: Magdeburg, Landeshauptstadt | Latitude: 52.12773, Longitude: 11.62916 | Score: 70.34, Population: 235775 | Fuzzy match: 12.5
2025-08-23 18:50:36,256 INFO Comparing database entry: saxonia with Leipzig returned from geonames.
2025-08-23 18:50:36,256 INFO 📄 Index 3 | Name: Leipzig | fcl: P, fcode: PPLA3 | ADM1: Saxony, ADM2: , ADM3: Kreisfreie Stadt Leipzig, ADM4: Leipzig | Latitude: 51.33962, Longitude: 12.37129 | Score: 69.31, Population: 504971 | Fuzzy match: 14.28571428571429
2025-08-23 18:50:36,412 INFO Comparing database entry: saxonia with Hanover returned from geonames.
2025-08-23 18:50:36,412 INFO 📄 Index 0 | Name: Hanover | fcl: P, fcode: PPLA | ADM1: Lower Saxony, ADM2: , ADM3: Region Hannover, ADM4: Hanover | Latitude: 52.37052, Longitude: 9.73322 | Score: 75.94, Population: 515140 | Fuzzy match: 28.57142857142857
2025-08-23 18:50:36,412 INFO Comparing database entry: saxonia with Kleinzschocher returned from geonames.
2025-08-23 18:50:36,413 INFO 📄 Index 1 | Name: Kleinzschocher | fcl: P, fcode: PPLX | ADM1: Saxony, ADM2: , ADM3: Kreisfreie Stadt Leipzig, ADM4: Leipzig | Latitude: 51.31568, Longitude: 12.31979 | Score: 72.01, Population: 597493 | Fuzzy match: 19.047619047619047
2025-08-23 18:50:36,413 INFO Comparing database entry: saxonia with Magdeburg returned from geonames.
2025-08-23 18:50:36,413 INFO 📄 Index 2 | Name: Magdeburg | fcl: P, fcode: PPLA | ADM1: Saxony-Anhalt, ADM2: , ADM3: Landeshauptstadt Magdeburg, ADM4: Magdeburg, Landeshauptstadt | Latitude: 52.12773, Longitude: 11.62916 | Score: 70.34, Population: 235775 | Fuzzy match: 12.5
2025-08-23 18:50:36,413 INFO Comparing database entry: saxonia with Leipzig returned from geonames.
2025-08-23 18:50:36,413 INFO 📄 Index 3 | Name: Leipzig | fcl: P, fcode: PPLA3 | ADM1: Saxony, ADM2: , ADM3: Kreisfreie Stadt Leipzig, ADM4: Leipzig | Latitude: 51.33962, Longitude: 12.37129 | Score: 69.31, Population: 504971 | Fuzzy match: 14.28571428571429
2025-08-23 18:50:36,567 INFO Comparing database entry: saxonia with Hanover returned from geonames.
2025-08-23 18:50:36,568 INFO 📄 Index 0 | Name: Hanover | fcl: P, fcode: PPLA | ADM1: Lower Saxony, ADM2: , ADM3: Region Hannover, ADM4: Hanover | Latitude: 52.37052, Longitude: 9.73322 | Score: 75.94, Population: 515140 | Fuzzy match: 28.57142857142857
2025-08-23 18:50:36,568 INFO Comparing database entry: saxonia with Kleinzschocher returned from geonames.
2025-08-23 18:50:36,568 INFO 📄 Index 1 | Name: Kleinzschocher | fcl: P, fcode: PPLX | ADM1: Saxony, ADM2: , ADM3: Kreisfreie Stadt Leipzig, ADM4: Leipzig | Latitude: 51.31568, Longitude: 12.31979 | Score: 72.01, Population: 597493 | Fuzzy match: 19.047619047619047
2025-08-23 18:50:36,568 INFO Comparing database entry: saxonia with Magdeburg returned from geonames.
2025-08-23 18:50:36,568 INFO 📄 Index 2 | Name: Magdeburg | fcl: P, fcode: PPLA | ADM1: Saxony-Anhalt, ADM2: , ADM3: Landeshauptstadt Magdeburg, ADM4: Magdeburg, Landeshauptstadt | Latitude: 52.12773, Longitude: 11.62916 | Score: 70.34, Population: 235775 | Fuzzy match: 12.5
2025-08-23 18:50:36,568 INFO Comparing database entry: saxonia with Leipzig returned from geonames.
2025-08-23 18:50:36,568 INFO 📄 Index 3 | Name: Leipzig | fcl: P, fcode: PPLA3 | ADM1: Saxony, ADM2: , ADM3: Kreisfreie Stadt Leipzig, ADM4: Leipzig | Latitude: 51.33962, Longitude: 12.37129 | Score: 69.31, Population: 504971 | Fuzzy match: 14.28571428571429
2025-08-23 18:50:36,728 INFO Comparing database entry: saxonia with Hanover returned from geonames.
2025-08-23 18:50:36,728 INFO 📄 Index 0 | Name: Hanover | fcl: P, fcode: PPLA | ADM1: Lower Saxony, ADM2: , ADM3: Region Hannover, ADM4: Hanover | Latitude: 52.37052, Longitude: 9.73322 | Score: 75.94, Population: 515140 | Fuzzy match: 28.57142857142857
2025-08-23 18:50:36,728 INFO Comparing database entry: saxonia with Kleinzschocher returned from geonames.
2025-08-23 18:50:36,728 INFO 📄 Index 1 | Name: Kleinzschocher | fcl: P, fcode: PPLX | ADM1: Saxony, ADM2: , ADM3: Kreisfreie Stadt Leipzig, ADM4: Leipzig | Latitude: 51.31568, Longitude: 12.31979 | Score: 72.01, Population: 597493 | Fuzzy match: 19.047619047619047
2025-08-23 18:50:36,728 INFO Comparing database entry: saxonia with Magdeburg returned from geonames.
2025-08-23 18:50:36,729 INFO 📄 Index 2 | Name: Magdeburg | fcl: P, fcode: PPLA | ADM1: Saxony-Anhalt, ADM2: , ADM3: Landeshauptstadt Magdeburg, ADM4: Magdeburg, Landeshauptstadt | Latitude: 52.12773, Longitude: 11.62916 | Score: 70.34, Population: 235775 | Fuzzy match: 12.5
2025-08-23 18:50:36,729 INFO Comparing database entry: saxonia with Leipzig returned from geonames.
2025-08-23 18:50:36,729 INFO 📄 Index 3 | Name: Leipzig | fcl: P, fcode: PPLA3 | ADM1: Saxony, ADM2: , ADM3: Kreisfreie Stadt Leipzig, ADM4: Leipzig | Latitude: 51.33962, Longitude: 12.37129 | Score: 69.31, Population: 504971 | Fuzzy match: 14.28571428571429
2025-08-23 18:50:36,905 INFO Comparing database entry: saxonia with Hanover returned from geonames.
2025-08-23 18:50:36,906 INFO 📄 Index 0 | Name: Hanover | fcl: P, fcode: PPLA | ADM1: Lower Saxony, ADM2: , ADM3: Region Hannover, ADM4: Hanover | Latitude: 52.37052, Longitude: 9.73322 | Score: 75.94, Population: 515140 | Fuzzy match: 28.57142857142857
2025-08-23 18:50:36,906 INFO Comparing database entry: saxonia with Kleinzschocher returned from geonames.
2025-08-23 18:50:36,906 INFO 📄 Index 1 | Name: Kleinzschocher | fcl: P, fcode: PPLX | ADM1: Saxony, ADM2: , ADM3: Kreisfreie Stadt Leipzig, ADM4: Leipzig | Latitude: 51.31568, Longitude: 12.31979 | Score: 72.01, Population: 597493 | Fuzzy match: 19.047619047619047
2025-08-23 18:50:36,906 INFO Comparing database entry: saxonia with Magdeburg returned from geonames.
2025-08-23 18:50:36,906 INFO 📄 Index 2 | Name: Magdeburg | fcl: P, fcode: PPLA | ADM1: Saxony-Anhalt, ADM2: , ADM3: Landeshauptstadt Magdeburg, ADM4: Magdeburg, Landeshauptstadt | Latitude: 52.12773, Longitude: 11.62916 | Score: 70.34, Population: 235775 | Fuzzy match: 12.5
2025-08-23 18:50:36,906 INFO Comparing database entry: saxonia with Leipzig returned from geonames.
2025-08-23 18:50:36,906 INFO 📄 Index 3 | Name: Leipzig | fcl: P, fcode: PPLA3 | ADM1: Saxony, ADM2: , ADM3: Kreisfreie Stadt Leipzig, ADM4: Leipzig | Latitude: 51.33962, Longitude: 12.37129 | Score: 69.31, Population: 504971 | Fuzzy match: 14.28571428571429
2025-08-23 18:50:36,906 WARNING ❌ No match found with fuzzy score > 80 for city: saxonia
2025-08-23 18:50:36,906 WARNING ❌ Lookup failed for city='saxonia', iso2='DE'
