2025-08-08 14:38:01,929 INFO 🗺️ Starting GeoNames lookup for city='stuttgart-untertürkheim', country='germany'
2025-08-08 14:38:01,929 INFO 📍 Location is present in the following articles: [ObjectId('67f52b30981040986eab7414'), ObjectId('67f52b52981040986eab749d')]
2025-08-08 14:38:02,136 INFO Comparing database entry: stuttgart-untertürkheim with Rotenberg returned from geonames.
2025-08-08 14:38:02,137 INFO 📄 Index 0 | Name: Rotenberg | fcl: P, fcode: PPL | ADM1: Baden-Wurttemberg, ADM2: Regierungsbezirk Stuttgart, ADM3: Stadtkreis Stuttgart, ADM4: Stuttgart | Score: 15.05, Population: 0 | Fuzzy match: 31.25
2025-08-08 14:38:02,137 INFO Comparing database entry: stuttgart-untertürkheim with Untertürkheim returned from geonames.
2025-08-08 14:38:02,137 INFO 📄 Index 1 | Name: Untertürkheim | fcl: A, fcode: ADM5 | ADM1: Baden-Wurttemberg, ADM2: Regierungsbezirk Stuttgart, ADM3: Stadtkreis Stuttgart, ADM4: Stuttgart | Score: 11.33, Population: 0 | Fuzzy match: 72.22222222222221
2025-08-08 14:38:02,137 INFO Comparing database entry: stuttgart-untertürkheim with Untertürkheim returned from geonames.
2025-08-08 14:38:02,137 INFO 📄 Index 2 | Name: Untertürkheim | fcl: P, fcode: PPLX | ADM1: Baden-Wurttemberg, ADM2: Regierungsbezirk Stuttgart, ADM3: Stadtkreis Stuttgart, ADM4: Stuttgart | Score: 10.44, Population: 0 | Fuzzy match: 72.22222222222221
2025-08-08 14:38:02,137 INFO Comparing database entry: stuttgart-untertürkheim with Luginsland returned from geonames.
2025-08-08 14:38:02,137 INFO 📄 Index 3 | Name: Luginsland | fcl: P, fcode: PPL | ADM1: Baden-Wurttemberg, ADM2: Regierungsbezirk Stuttgart, ADM3: Stadtkreis Stuttgart, ADM4: Stuttgart | Score: 5.80, Population: 0 | Fuzzy match: 24.242424242424242
2025-08-08 14:38:02,380 INFO Comparing database entry: stuttgart-untertürkheim with Rotenberg returned from geonames.
2025-08-08 14:38:02,381 INFO 📄 Index 0 | Name: Rotenberg | fcl: P, fcode: PPL | ADM1: Baden-Wurttemberg, ADM2: Regierungsbezirk Stuttgart, ADM3: Stadtkreis Stuttgart, ADM4: Stuttgart | Score: 15.05, Population: 0 | Fuzzy match: 31.25
2025-08-08 14:38:02,381 INFO Comparing database entry: stuttgart-untertürkheim with Untertürkheim returned from geonames.
2025-08-08 14:38:02,381 INFO 📄 Index 1 | Name: Untertürkheim | fcl: A, fcode: ADM5 | ADM1: Baden-Wurttemberg, ADM2: Regierungsbezirk Stuttgart, ADM3: Stadtkreis Stuttgart, ADM4: Stuttgart | Score: 11.33, Population: 0 | Fuzzy match: 72.22222222222221
2025-08-08 14:38:02,381 INFO Comparing database entry: stuttgart-untertürkheim with Untertürkheim returned from geonames.
2025-08-08 14:38:02,381 INFO 📄 Index 2 | Name: Untertürkheim | fcl: P, fcode: PPLX | ADM1: Baden-Wurttemberg, ADM2: Regierungsbezirk Stuttgart, ADM3: Stadtkreis Stuttgart, ADM4: Stuttgart | Score: 10.44, Population: 0 | Fuzzy match: 72.22222222222221
2025-08-08 14:38:02,381 INFO Comparing database entry: stuttgart-untertürkheim with Luginsland returned from geonames.
2025-08-08 14:38:02,381 INFO 📄 Index 3 | Name: Luginsland | fcl: P, fcode: PPL | ADM1: Baden-Wurttemberg, ADM2: Regierungsbezirk Stuttgart, ADM3: Stadtkreis Stuttgart, ADM4: Stuttgart | Score: 5.80, Population: 0 | Fuzzy match: 24.242424242424242
2025-08-08 14:38:02,575 INFO Comparing database entry: stuttgart-untertürkheim with Rotenberg returned from geonames.
2025-08-08 14:38:02,575 INFO 📄 Index 0 | Name: Rotenberg | fcl: P, fcode: PPL | ADM1: Baden-Wurttemberg, ADM2: Regierungsbezirk Stuttgart, ADM3: Stadtkreis Stuttgart, ADM4: Stuttgart | Score: 15.05, Population: 0 | Fuzzy match: 31.25
2025-08-08 14:38:02,575 INFO Comparing database entry: stuttgart-untertürkheim with Untertürkheim returned from geonames.
2025-08-08 14:38:02,575 INFO 📄 Index 1 | Name: Untertürkheim | fcl: A, fcode: ADM5 | ADM1: Baden-Wurttemberg, ADM2: Regierungsbezirk Stuttgart, ADM3: Stadtkreis Stuttgart, ADM4: Stuttgart | Score: 11.33, Population: 0 | Fuzzy match: 72.22222222222221
2025-08-08 14:38:02,575 INFO Comparing database entry: stuttgart-untertürkheim with Untertürkheim returned from geonames.
2025-08-08 14:38:02,575 INFO 📄 Index 2 | Name: Untertürkheim | fcl: P, fcode: PPLX | ADM1: Baden-Wurttemberg, ADM2: Regierungsbezirk Stuttgart, ADM3: Stadtkreis Stuttgart, ADM4: Stuttgart | Score: 10.44, Population: 0 | Fuzzy match: 72.22222222222221
2025-08-08 14:38:02,575 INFO Comparing database entry: stuttgart-untertürkheim with Luginsland returned from geonames.
2025-08-08 14:38:02,575 INFO 📄 Index 3 | Name: Luginsland | fcl: P, fcode: PPL | ADM1: Baden-Wurttemberg, ADM2: Regierungsbezirk Stuttgart, ADM3: Stadtkreis Stuttgart, ADM4: Stuttgart | Score: 5.80, Population: 0 | Fuzzy match: 24.242424242424242
2025-08-08 14:38:02,852 INFO Comparing database entry: stuttgart-untertürkheim with Rotenberg returned from geonames.
2025-08-08 14:38:02,852 INFO 📄 Index 0 | Name: Rotenberg | fcl: P, fcode: PPL | ADM1: Baden-Wurttemberg, ADM2: Regierungsbezirk Stuttgart, ADM3: Stadtkreis Stuttgart, ADM4: Stuttgart | Score: 15.05, Population: 0 | Fuzzy match: 31.25
2025-08-08 14:38:02,852 INFO Comparing database entry: stuttgart-untertürkheim with Untertürkheim returned from geonames.
2025-08-08 14:38:02,853 INFO 📄 Index 1 | Name: Untertürkheim | fcl: A, fcode: ADM5 | ADM1: Baden-Wurttemberg, ADM2: Regierungsbezirk Stuttgart, ADM3: Stadtkreis Stuttgart, ADM4: Stuttgart | Score: 11.33, Population: 0 | Fuzzy match: 72.22222222222221
2025-08-08 14:38:02,853 INFO Comparing database entry: stuttgart-untertürkheim with Untertürkheim returned from geonames.
2025-08-08 14:38:02,853 INFO 📄 Index 2 | Name: Untertürkheim | fcl: P, fcode: PPLX | ADM1: Baden-Wurttemberg, ADM2: Regierungsbezirk Stuttgart, ADM3: Stadtkreis Stuttgart, ADM4: Stuttgart | Score: 10.44, Population: 0 | Fuzzy match: 72.22222222222221
2025-08-08 14:38:02,853 INFO Comparing database entry: stuttgart-untertürkheim with Luginsland returned from geonames.
2025-08-08 14:38:02,853 INFO 📄 Index 3 | Name: Luginsland | fcl: P, fcode: PPL | ADM1: Baden-Wurttemberg, ADM2: Regierungsbezirk Stuttgart, ADM3: Stadtkreis Stuttgart, ADM4: Stuttgart | Score: 5.80, Population: 0 | Fuzzy match: 24.242424242424242
2025-08-08 14:38:03,335 INFO Comparing database entry: stuttgart-untertürkheim with Rotenberg returned from geonames.
2025-08-08 14:38:03,335 INFO 📄 Index 0 | Name: Rotenberg | fcl: P, fcode: PPL | ADM1: Baden-Wurttemberg, ADM2: Regierungsbezirk Stuttgart, ADM3: Stadtkreis Stuttgart, ADM4: Stuttgart | Score: 15.05, Population: 0 | Fuzzy match: 31.25
2025-08-08 14:38:03,335 INFO Comparing database entry: stuttgart-untertürkheim with Untertürkheim returned from geonames.
2025-08-08 14:38:03,335 INFO 📄 Index 1 | Name: Untertürkheim | fcl: A, fcode: ADM5 | ADM1: Baden-Wurttemberg, ADM2: Regierungsbezirk Stuttgart, ADM3: Stadtkreis Stuttgart, ADM4: Stuttgart | Score: 11.33, Population: 0 | Fuzzy match: 72.22222222222221
2025-08-08 14:38:03,335 INFO Comparing database entry: stuttgart-untertürkheim with Untertürkheim returned from geonames.
2025-08-08 14:38:03,335 INFO 📄 Index 2 | Name: Untertürkheim | fcl: P, fcode: PPLX | ADM1: Baden-Wurttemberg, ADM2: Regierungsbezirk Stuttgart, ADM3: Stadtkreis Stuttgart, ADM4: Stuttgart | Score: 10.44, Population: 0 | Fuzzy match: 72.22222222222221
2025-08-08 14:38:03,335 INFO Comparing database entry: stuttgart-untertürkheim with Luginsland returned from geonames.
2025-08-08 14:38:03,335 INFO 📄 Index 3 | Name: Luginsland | fcl: P, fcode: PPL | ADM1: Baden-Wurttemberg, ADM2: Regierungsbezirk Stuttgart, ADM3: Stadtkreis Stuttgart, ADM4: Stuttgart | Score: 5.80, Population: 0 | Fuzzy match: 24.242424242424242
2025-08-08 14:38:03,509 INFO Comparing database entry: stuttgart-untertürkheim with Rotenberg returned from geonames.
2025-08-08 14:38:03,510 INFO 📄 Index 0 | Name: Rotenberg | fcl: P, fcode: PPL | ADM1: Baden-Wurttemberg, ADM2: Regierungsbezirk Stuttgart, ADM3: Stadtkreis Stuttgart, ADM4: Stuttgart | Score: 15.05, Population: 0 | Fuzzy match: 31.25
2025-08-08 14:38:03,510 INFO Comparing database entry: stuttgart-untertürkheim with Untertürkheim returned from geonames.
2025-08-08 14:38:03,510 INFO 📄 Index 1 | Name: Untertürkheim | fcl: A, fcode: ADM5 | ADM1: Baden-Wurttemberg, ADM2: Regierungsbezirk Stuttgart, ADM3: Stadtkreis Stuttgart, ADM4: Stuttgart | Score: 11.33, Population: 0 | Fuzzy match: 72.22222222222221
2025-08-08 14:38:03,510 INFO Comparing database entry: stuttgart-untertürkheim with Untertürkheim returned from geonames.
2025-08-08 14:38:03,510 INFO 📄 Index 2 | Name: Untertürkheim | fcl: P, fcode: PPLX | ADM1: Baden-Wurttemberg, ADM2: Regierungsbezirk Stuttgart, ADM3: Stadtkreis Stuttgart, ADM4: Stuttgart | Score: 10.44, Population: 0 | Fuzzy match: 72.22222222222221
2025-08-08 14:38:03,510 INFO Comparing database entry: stuttgart-untertürkheim with Luginsland returned from geonames.
2025-08-08 14:38:03,510 INFO 📄 Index 3 | Name: Luginsland | fcl: P, fcode: PPL | ADM1: Baden-Wurttemberg, ADM2: Regierungsbezirk Stuttgart, ADM3: Stadtkreis Stuttgart, ADM4: Stuttgart | Score: 5.80, Population: 0 | Fuzzy match: 24.242424242424242
2025-08-08 14:38:03,510 WARNING ❌ No match found with fuzzy score > 80 for city: stuttgart-untertürkheim
2025-08-08 14:38:03,510 WARNING ❌ Lookup failed for city='stuttgartuntertürkheim', iso2='DE'
