2025-08-19 17:01:10,655 INFO 🗺️ Starting GeoNames lookup for city='stuttgart-münster', country='germany'
2025-08-19 17:01:10,655 INFO 📍 Location is present in the following articles: [ObjectId('68409e79c202c40b602d36bf'), ObjectId('68409ed6c202c40b602d36f7')]
2025-08-19 17:01:10,817 INFO Comparing database entry: stuttgart-münster with Münster returned from geonames.
2025-08-19 17:01:10,817 INFO 📄 Index 0 | Name: Münster | fcl: A, fcode: ADM5 | ADM1: Baden-Wurttemberg, ADM2: Regierungsbezirk Stuttgart, ADM3: Stadtkreis Stuttgart, ADM4: Stuttgart | Latitude: 48.82488, Longitude: 9.21054 | Score: 11.48, Population: 0 | Fuzzy match: 58.33333333333333
2025-08-19 17:01:10,817 INFO Comparing database entry: stuttgart-münster with Münster returned from geonames.
2025-08-19 17:01:10,817 INFO 📄 Index 1 | Name: Münster | fcl: P, fcode: PPLX | ADM1: Baden-Wurttemberg, ADM2: Regierungsbezirk Stuttgart, ADM3: Stadtkreis Stuttgart, ADM4: Stuttgart | Latitude: 48.82115, Longitude: 9.21667 | Score: 6.96, Population: 0 | Fuzzy match: 58.33333333333333
2025-08-19 17:01:10,817 INFO Comparing database entry: stuttgart-münster with Münster returned from geonames.
2025-08-19 17:01:10,817 INFO 📄 Index 2 | Name: Münster | fcl: P, fcode: PPL | ADM1: Baden-Wurttemberg, ADM2: Regierungsbezirk Stuttgart, ADM3: Main-Tauber-Kreis, ADM4: Creglingen | Latitude: 49.44216, Longitude: 10.03748 | Score: 6.65, Population: 0 | Fuzzy match: 58.33333333333333
2025-08-19 17:01:10,817 INFO Comparing database entry: stuttgart-münster with Münster returned from geonames.
2025-08-19 17:01:10,817 INFO 📄 Index 3 | Name: Münster | fcl: P, fcode: PPL | ADM1: Baden-Wurttemberg, ADM2: Regierungsbezirk Stuttgart, ADM3: Landkreis Schwäbisch Hall, ADM4: Gaildorf | Latitude: 48.9972, Longitude: 9.78491 | Score: 6.65, Population: 0 | Fuzzy match: 58.33333333333333
2025-08-19 17:01:10,945 INFO Comparing database entry: stuttgart-münster with Münster returned from geonames.
2025-08-19 17:01:10,945 INFO 📄 Index 0 | Name: Münster | fcl: A, fcode: ADM5 | ADM1: Baden-Wurttemberg, ADM2: Regierungsbezirk Stuttgart, ADM3: Stadtkreis Stuttgart, ADM4: Stuttgart | Latitude: 48.82488, Longitude: 9.21054 | Score: 11.48, Population: 0 | Fuzzy match: 58.33333333333333
2025-08-19 17:01:10,945 INFO Comparing database entry: stuttgart-münster with Münster returned from geonames.
2025-08-19 17:01:10,945 INFO 📄 Index 1 | Name: Münster | fcl: P, fcode: PPLX | ADM1: Baden-Wurttemberg, ADM2: Regierungsbezirk Stuttgart, ADM3: Stadtkreis Stuttgart, ADM4: Stuttgart | Latitude: 48.82115, Longitude: 9.21667 | Score: 6.96, Population: 0 | Fuzzy match: 58.33333333333333
2025-08-19 17:01:10,945 INFO Comparing database entry: stuttgart-münster with Münster returned from geonames.
2025-08-19 17:01:10,945 INFO 📄 Index 2 | Name: Münster | fcl: P, fcode: PPL | ADM1: Baden-Wurttemberg, ADM2: Regierungsbezirk Stuttgart, ADM3: Main-Tauber-Kreis, ADM4: Creglingen | Latitude: 49.44216, Longitude: 10.03748 | Score: 6.65, Population: 0 | Fuzzy match: 58.33333333333333
2025-08-19 17:01:10,945 INFO Comparing database entry: stuttgart-münster with Münster returned from geonames.
2025-08-19 17:01:10,945 INFO 📄 Index 3 | Name: Münster | fcl: P, fcode: PPL | ADM1: Baden-Wurttemberg, ADM2: Regierungsbezirk Stuttgart, ADM3: Landkreis Schwäbisch Hall, ADM4: Gaildorf | Latitude: 48.9972, Longitude: 9.78491 | Score: 6.65, Population: 0 | Fuzzy match: 58.33333333333333
2025-08-19 17:01:11,103 INFO Comparing database entry: stuttgart-münster with Münster returned from geonames.
2025-08-19 17:01:11,103 INFO 📄 Index 0 | Name: Münster | fcl: A, fcode: ADM5 | ADM1: Baden-Wurttemberg, ADM2: Regierungsbezirk Stuttgart, ADM3: Stadtkreis Stuttgart, ADM4: Stuttgart | Latitude: 48.82488, Longitude: 9.21054 | Score: 11.48, Population: 0 | Fuzzy match: 58.33333333333333
2025-08-19 17:01:11,103 INFO Comparing database entry: stuttgart-münster with Münster returned from geonames.
2025-08-19 17:01:11,103 INFO 📄 Index 1 | Name: Münster | fcl: P, fcode: PPLX | ADM1: Baden-Wurttemberg, ADM2: Regierungsbezirk Stuttgart, ADM3: Stadtkreis Stuttgart, ADM4: Stuttgart | Latitude: 48.82115, Longitude: 9.21667 | Score: 6.96, Population: 0 | Fuzzy match: 58.33333333333333
2025-08-19 17:01:11,103 INFO Comparing database entry: stuttgart-münster with Münster returned from geonames.
2025-08-19 17:01:11,103 INFO 📄 Index 2 | Name: Münster | fcl: P, fcode: PPL | ADM1: Baden-Wurttemberg, ADM2: Regierungsbezirk Stuttgart, ADM3: Main-Tauber-Kreis, ADM4: Creglingen | Latitude: 49.44216, Longitude: 10.03748 | Score: 6.65, Population: 0 | Fuzzy match: 58.33333333333333
2025-08-19 17:01:11,103 INFO Comparing database entry: stuttgart-münster with Münster returned from geonames.
2025-08-19 17:01:11,103 INFO 📄 Index 3 | Name: Münster | fcl: P, fcode: PPL | ADM1: Baden-Wurttemberg, ADM2: Regierungsbezirk Stuttgart, ADM3: Landkreis Schwäbisch Hall, ADM4: Gaildorf | Latitude: 48.9972, Longitude: 9.78491 | Score: 6.65, Population: 0 | Fuzzy match: 58.33333333333333
2025-08-19 17:01:11,259 INFO Comparing database entry: stuttgart-münster with Münster returned from geonames.
2025-08-19 17:01:11,259 INFO 📄 Index 0 | Name: Münster | fcl: A, fcode: ADM5 | ADM1: Baden-Wurttemberg, ADM2: Regierungsbezirk Stuttgart, ADM3: Stadtkreis Stuttgart, ADM4: Stuttgart | Latitude: 48.82488, Longitude: 9.21054 | Score: 11.48, Population: 0 | Fuzzy match: 58.33333333333333
2025-08-19 17:01:11,259 INFO Comparing database entry: stuttgart-münster with Münster returned from geonames.
2025-08-19 17:01:11,259 INFO 📄 Index 1 | Name: Münster | fcl: P, fcode: PPLX | ADM1: Baden-Wurttemberg, ADM2: Regierungsbezirk Stuttgart, ADM3: Stadtkreis Stuttgart, ADM4: Stuttgart | Latitude: 48.82115, Longitude: 9.21667 | Score: 6.96, Population: 0 | Fuzzy match: 58.33333333333333
2025-08-19 17:01:11,259 INFO Comparing database entry: stuttgart-münster with Münster returned from geonames.
2025-08-19 17:01:11,259 INFO 📄 Index 2 | Name: Münster | fcl: P, fcode: PPL | ADM1: Baden-Wurttemberg, ADM2: Regierungsbezirk Stuttgart, ADM3: Main-Tauber-Kreis, ADM4: Creglingen | Latitude: 49.44216, Longitude: 10.03748 | Score: 6.65, Population: 0 | Fuzzy match: 58.33333333333333
2025-08-19 17:01:11,259 INFO Comparing database entry: stuttgart-münster with Münster returned from geonames.
2025-08-19 17:01:11,259 INFO 📄 Index 3 | Name: Münster | fcl: P, fcode: PPL | ADM1: Baden-Wurttemberg, ADM2: Regierungsbezirk Stuttgart, ADM3: Landkreis Schwäbisch Hall, ADM4: Gaildorf | Latitude: 48.9972, Longitude: 9.78491 | Score: 6.65, Population: 0 | Fuzzy match: 58.33333333333333
2025-08-19 17:01:11,430 INFO Comparing database entry: stuttgart-münster with Münster returned from geonames.
2025-08-19 17:01:11,430 INFO 📄 Index 0 | Name: Münster | fcl: A, fcode: ADM5 | ADM1: Baden-Wurttemberg, ADM2: Regierungsbezirk Stuttgart, ADM3: Stadtkreis Stuttgart, ADM4: Stuttgart | Latitude: 48.82488, Longitude: 9.21054 | Score: 11.48, Population: 0 | Fuzzy match: 58.33333333333333
2025-08-19 17:01:11,430 INFO Comparing database entry: stuttgart-münster with Münster returned from geonames.
2025-08-19 17:01:11,430 INFO 📄 Index 1 | Name: Münster | fcl: P, fcode: PPLX | ADM1: Baden-Wurttemberg, ADM2: Regierungsbezirk Stuttgart, ADM3: Stadtkreis Stuttgart, ADM4: Stuttgart | Latitude: 48.82115, Longitude: 9.21667 | Score: 6.96, Population: 0 | Fuzzy match: 58.33333333333333
2025-08-19 17:01:11,430 INFO Comparing database entry: stuttgart-münster with Münster returned from geonames.
2025-08-19 17:01:11,430 INFO 📄 Index 2 | Name: Münster | fcl: P, fcode: PPL | ADM1: Baden-Wurttemberg, ADM2: Regierungsbezirk Stuttgart, ADM3: Main-Tauber-Kreis, ADM4: Creglingen | Latitude: 49.44216, Longitude: 10.03748 | Score: 6.65, Population: 0 | Fuzzy match: 58.33333333333333
2025-08-19 17:01:11,430 INFO Comparing database entry: stuttgart-münster with Münster returned from geonames.
2025-08-19 17:01:11,430 INFO 📄 Index 3 | Name: Münster | fcl: P, fcode: PPL | ADM1: Baden-Wurttemberg, ADM2: Regierungsbezirk Stuttgart, ADM3: Landkreis Schwäbisch Hall, ADM4: Gaildorf | Latitude: 48.9972, Longitude: 9.78491 | Score: 6.65, Population: 0 | Fuzzy match: 58.33333333333333
2025-08-19 17:01:11,602 INFO Comparing database entry: stuttgart-münster with Münster returned from geonames.
2025-08-19 17:01:11,602 INFO 📄 Index 0 | Name: Münster | fcl: A, fcode: ADM5 | ADM1: Baden-Wurttemberg, ADM2: Regierungsbezirk Stuttgart, ADM3: Stadtkreis Stuttgart, ADM4: Stuttgart | Latitude: 48.82488, Longitude: 9.21054 | Score: 11.48, Population: 0 | Fuzzy match: 58.33333333333333
2025-08-19 17:01:11,603 INFO Comparing database entry: stuttgart-münster with Münster returned from geonames.
2025-08-19 17:01:11,603 INFO 📄 Index 1 | Name: Münster | fcl: P, fcode: PPLX | ADM1: Baden-Wurttemberg, ADM2: Regierungsbezirk Stuttgart, ADM3: Stadtkreis Stuttgart, ADM4: Stuttgart | Latitude: 48.82115, Longitude: 9.21667 | Score: 6.96, Population: 0 | Fuzzy match: 58.33333333333333
2025-08-19 17:01:11,603 INFO Comparing database entry: stuttgart-münster with Münster returned from geonames.
2025-08-19 17:01:11,603 INFO 📄 Index 2 | Name: Münster | fcl: P, fcode: PPL | ADM1: Baden-Wurttemberg, ADM2: Regierungsbezirk Stuttgart, ADM3: Main-Tauber-Kreis, ADM4: Creglingen | Latitude: 49.44216, Longitude: 10.03748 | Score: 6.65, Population: 0 | Fuzzy match: 58.33333333333333
2025-08-19 17:01:11,603 INFO Comparing database entry: stuttgart-münster with Münster returned from geonames.
2025-08-19 17:01:11,603 INFO 📄 Index 3 | Name: Münster | fcl: P, fcode: PPL | ADM1: Baden-Wurttemberg, ADM2: Regierungsbezirk Stuttgart, ADM3: Landkreis Schwäbisch Hall, ADM4: Gaildorf | Latitude: 48.9972, Longitude: 9.78491 | Score: 6.65, Population: 0 | Fuzzy match: 58.33333333333333
2025-08-19 17:01:11,603 WARNING ❌ No match found with fuzzy score > 80 for city: stuttgart-münster
2025-08-19 17:01:11,603 WARNING ❌ Lookup failed for city='stuttgartmünster', iso2='DE'
