2025-08-08 14:11:58,830 INFO 🗺️ Starting GeoNames lookup for city='stuttgart-zuffenhausen', country='germany'
2025-08-08 14:11:58,830 INFO 📍 Location is present in the following articles: [ObjectId('67f52a5b981040986eab70c7')]
2025-08-08 14:11:58,983 INFO Comparing database entry: stuttgart-zuffenhausen with Zuffenhausen returned from geonames.
2025-08-08 14:11:58,983 INFO 📄 Index 0 | Name: Zuffenhausen | fcl: P, fcode: PPLX | ADM1: Baden-Wurttemberg, ADM2: Regierungsbezirk Stuttgart, ADM3: Stadtkreis Stuttgart, ADM4: Stuttgart | Score: 19.32, Population: 0 | Fuzzy match: 70.58823529411764
2025-08-08 14:11:58,983 INFO Comparing database entry: stuttgart-zuffenhausen with Zazenhausen returned from geonames.
2025-08-08 14:11:58,983 INFO 📄 Index 1 | Name: Zazenhausen | fcl: P, fcode: PPLX | ADM1: Baden-Wurttemberg, ADM2: Regierungsbezirk Stuttgart, ADM3: Stadtkreis Stuttgart, ADM4: Stuttgart | Score: 15.51, Population: 0 | Fuzzy match: 60.60606060606061
2025-08-08 14:11:58,983 INFO Comparing database entry: stuttgart-zuffenhausen with Zuffenhausen returned from geonames.
2025-08-08 14:11:58,983 INFO 📄 Index 2 | Name: Zuffenhausen | fcl: A, fcode: ADM5 | ADM1: Baden-Wurttemberg, ADM2: Regierungsbezirk Stuttgart, ADM3: Stadtkreis Stuttgart, ADM4: Stuttgart | Score: 11.36, Population: 0 | Fuzzy match: 70.58823529411764
2025-08-08 14:11:58,983 INFO Comparing database entry: stuttgart-zuffenhausen with Zuffenhausen-Schützenbühl returned from geonames.
2025-08-08 14:11:58,984 INFO 📄 Index 3 | Name: Zuffenhausen-Schützenbühl | fcl: P, fcode: PPLX | ADM1: Baden-Wurttemberg, ADM2: Regierungsbezirk Stuttgart, ADM3: Stadtkreis Stuttgart, ADM4: Stuttgart | Score: 7.45, Population: 0 | Fuzzy match: 51.06382978723405
2025-08-08 14:11:59,181 INFO Comparing database entry: stuttgart-zuffenhausen with Zuffenhausen returned from geonames.
2025-08-08 14:11:59,182 INFO 📄 Index 0 | Name: Zuffenhausen | fcl: P, fcode: PPLX | ADM1: Baden-Wurttemberg, ADM2: Regierungsbezirk Stuttgart, ADM3: Stadtkreis Stuttgart, ADM4: Stuttgart | Score: 19.32, Population: 0 | Fuzzy match: 70.58823529411764
2025-08-08 14:11:59,182 INFO Comparing database entry: stuttgart-zuffenhausen with Zazenhausen returned from geonames.
2025-08-08 14:11:59,182 INFO 📄 Index 1 | Name: Zazenhausen | fcl: P, fcode: PPLX | ADM1: Baden-Wurttemberg, ADM2: Regierungsbezirk Stuttgart, ADM3: Stadtkreis Stuttgart, ADM4: Stuttgart | Score: 15.51, Population: 0 | Fuzzy match: 60.60606060606061
2025-08-08 14:11:59,182 INFO Comparing database entry: stuttgart-zuffenhausen with Zuffenhausen returned from geonames.
2025-08-08 14:11:59,182 INFO 📄 Index 2 | Name: Zuffenhausen | fcl: A, fcode: ADM5 | ADM1: Baden-Wurttemberg, ADM2: Regierungsbezirk Stuttgart, ADM3: Stadtkreis Stuttgart, ADM4: Stuttgart | Score: 11.36, Population: 0 | Fuzzy match: 70.58823529411764
2025-08-08 14:11:59,182 INFO Comparing database entry: stuttgart-zuffenhausen with Zuffenhausen-Schützenbühl returned from geonames.
2025-08-08 14:11:59,182 INFO 📄 Index 3 | Name: Zuffenhausen-Schützenbühl | fcl: P, fcode: PPLX | ADM1: Baden-Wurttemberg, ADM2: Regierungsbezirk Stuttgart, ADM3: Stadtkreis Stuttgart, ADM4: Stuttgart | Score: 7.45, Population: 0 | Fuzzy match: 51.06382978723405
2025-08-08 14:11:59,360 INFO Comparing database entry: stuttgart-zuffenhausen with Zuffenhausen returned from geonames.
2025-08-08 14:11:59,360 INFO 📄 Index 0 | Name: Zuffenhausen | fcl: P, fcode: PPLX | ADM1: Baden-Wurttemberg, ADM2: Regierungsbezirk Stuttgart, ADM3: Stadtkreis Stuttgart, ADM4: Stuttgart | Score: 19.32, Population: 0 | Fuzzy match: 70.58823529411764
2025-08-08 14:11:59,360 INFO Comparing database entry: stuttgart-zuffenhausen with Zazenhausen returned from geonames.
2025-08-08 14:11:59,361 INFO 📄 Index 1 | Name: Zazenhausen | fcl: P, fcode: PPLX | ADM1: Baden-Wurttemberg, ADM2: Regierungsbezirk Stuttgart, ADM3: Stadtkreis Stuttgart, ADM4: Stuttgart | Score: 15.51, Population: 0 | Fuzzy match: 60.60606060606061
2025-08-08 14:11:59,361 INFO Comparing database entry: stuttgart-zuffenhausen with Zuffenhausen returned from geonames.
2025-08-08 14:11:59,361 INFO 📄 Index 2 | Name: Zuffenhausen | fcl: A, fcode: ADM5 | ADM1: Baden-Wurttemberg, ADM2: Regierungsbezirk Stuttgart, ADM3: Stadtkreis Stuttgart, ADM4: Stuttgart | Score: 11.36, Population: 0 | Fuzzy match: 70.58823529411764
2025-08-08 14:11:59,361 INFO Comparing database entry: stuttgart-zuffenhausen with Zuffenhausen-Schützenbühl returned from geonames.
2025-08-08 14:11:59,361 INFO 📄 Index 3 | Name: Zuffenhausen-Schützenbühl | fcl: P, fcode: PPLX | ADM1: Baden-Wurttemberg, ADM2: Regierungsbezirk Stuttgart, ADM3: Stadtkreis Stuttgart, ADM4: Stuttgart | Score: 7.45, Population: 0 | Fuzzy match: 51.06382978723405
2025-08-08 14:11:59,538 INFO Comparing database entry: stuttgart-zuffenhausen with Zuffenhausen returned from geonames.
2025-08-08 14:11:59,538 INFO 📄 Index 0 | Name: Zuffenhausen | fcl: P, fcode: PPLX | ADM1: Baden-Wurttemberg, ADM2: Regierungsbezirk Stuttgart, ADM3: Stadtkreis Stuttgart, ADM4: Stuttgart | Score: 19.32, Population: 0 | Fuzzy match: 70.58823529411764
2025-08-08 14:11:59,538 INFO Comparing database entry: stuttgart-zuffenhausen with Zazenhausen returned from geonames.
2025-08-08 14:11:59,538 INFO 📄 Index 1 | Name: Zazenhausen | fcl: P, fcode: PPLX | ADM1: Baden-Wurttemberg, ADM2: Regierungsbezirk Stuttgart, ADM3: Stadtkreis Stuttgart, ADM4: Stuttgart | Score: 15.51, Population: 0 | Fuzzy match: 60.60606060606061
2025-08-08 14:11:59,538 INFO Comparing database entry: stuttgart-zuffenhausen with Zuffenhausen returned from geonames.
2025-08-08 14:11:59,538 INFO 📄 Index 2 | Name: Zuffenhausen | fcl: A, fcode: ADM5 | ADM1: Baden-Wurttemberg, ADM2: Regierungsbezirk Stuttgart, ADM3: Stadtkreis Stuttgart, ADM4: Stuttgart | Score: 11.36, Population: 0 | Fuzzy match: 70.58823529411764
2025-08-08 14:11:59,538 INFO Comparing database entry: stuttgart-zuffenhausen with Zuffenhausen-Schützenbühl returned from geonames.
2025-08-08 14:11:59,538 INFO 📄 Index 3 | Name: Zuffenhausen-Schützenbühl | fcl: P, fcode: PPLX | ADM1: Baden-Wurttemberg, ADM2: Regierungsbezirk Stuttgart, ADM3: Stadtkreis Stuttgart, ADM4: Stuttgart | Score: 7.45, Population: 0 | Fuzzy match: 51.06382978723405
2025-08-08 14:11:59,699 INFO Comparing database entry: stuttgart-zuffenhausen with Zuffenhausen returned from geonames.
2025-08-08 14:11:59,699 INFO 📄 Index 0 | Name: Zuffenhausen | fcl: P, fcode: PPLX | ADM1: Baden-Wurttemberg, ADM2: Regierungsbezirk Stuttgart, ADM3: Stadtkreis Stuttgart, ADM4: Stuttgart | Score: 19.32, Population: 0 | Fuzzy match: 70.58823529411764
2025-08-08 14:11:59,699 INFO Comparing database entry: stuttgart-zuffenhausen with Zazenhausen returned from geonames.
2025-08-08 14:11:59,699 INFO 📄 Index 1 | Name: Zazenhausen | fcl: P, fcode: PPLX | ADM1: Baden-Wurttemberg, ADM2: Regierungsbezirk Stuttgart, ADM3: Stadtkreis Stuttgart, ADM4: Stuttgart | Score: 15.51, Population: 0 | Fuzzy match: 60.60606060606061
2025-08-08 14:11:59,699 INFO Comparing database entry: stuttgart-zuffenhausen with Zuffenhausen returned from geonames.
2025-08-08 14:11:59,699 INFO 📄 Index 2 | Name: Zuffenhausen | fcl: A, fcode: ADM5 | ADM1: Baden-Wurttemberg, ADM2: Regierungsbezirk Stuttgart, ADM3: Stadtkreis Stuttgart, ADM4: Stuttgart | Score: 11.36, Population: 0 | Fuzzy match: 70.58823529411764
2025-08-08 14:11:59,699 INFO Comparing database entry: stuttgart-zuffenhausen with Zuffenhausen-Schützenbühl returned from geonames.
2025-08-08 14:11:59,699 INFO 📄 Index 3 | Name: Zuffenhausen-Schützenbühl | fcl: P, fcode: PPLX | ADM1: Baden-Wurttemberg, ADM2: Regierungsbezirk Stuttgart, ADM3: Stadtkreis Stuttgart, ADM4: Stuttgart | Score: 7.45, Population: 0 | Fuzzy match: 51.06382978723405
2025-08-08 14:11:59,864 INFO Comparing database entry: stuttgart-zuffenhausen with Zuffenhausen returned from geonames.
2025-08-08 14:11:59,864 INFO 📄 Index 0 | Name: Zuffenhausen | fcl: P, fcode: PPLX | ADM1: Baden-Wurttemberg, ADM2: Regierungsbezirk Stuttgart, ADM3: Stadtkreis Stuttgart, ADM4: Stuttgart | Score: 19.32, Population: 0 | Fuzzy match: 70.58823529411764
2025-08-08 14:11:59,864 INFO Comparing database entry: stuttgart-zuffenhausen with Zazenhausen returned from geonames.
2025-08-08 14:11:59,864 INFO 📄 Index 1 | Name: Zazenhausen | fcl: P, fcode: PPLX | ADM1: Baden-Wurttemberg, ADM2: Regierungsbezirk Stuttgart, ADM3: Stadtkreis Stuttgart, ADM4: Stuttgart | Score: 15.51, Population: 0 | Fuzzy match: 60.60606060606061
2025-08-08 14:11:59,864 INFO Comparing database entry: stuttgart-zuffenhausen with Zuffenhausen returned from geonames.
2025-08-08 14:11:59,865 INFO 📄 Index 2 | Name: Zuffenhausen | fcl: A, fcode: ADM5 | ADM1: Baden-Wurttemberg, ADM2: Regierungsbezirk Stuttgart, ADM3: Stadtkreis Stuttgart, ADM4: Stuttgart | Score: 11.36, Population: 0 | Fuzzy match: 70.58823529411764
2025-08-08 14:11:59,865 INFO Comparing database entry: stuttgart-zuffenhausen with Zuffenhausen-Schützenbühl returned from geonames.
2025-08-08 14:11:59,865 INFO 📄 Index 3 | Name: Zuffenhausen-Schützenbühl | fcl: P, fcode: PPLX | ADM1: Baden-Wurttemberg, ADM2: Regierungsbezirk Stuttgart, ADM3: Stadtkreis Stuttgart, ADM4: Stuttgart | Score: 7.45, Population: 0 | Fuzzy match: 51.06382978723405
2025-08-08 14:11:59,865 WARNING ❌ No match found with fuzzy score > 80 for city: stuttgart-zuffenhausen
2025-08-08 14:11:59,865 WARNING ❌ Lookup failed for city='stuttgartzuffenhausen', iso2='DE'
