2025-08-17 15:40:28,014 INFO 🗺️ Starting GeoNames lookup for city='stuttgart-feuerbach', country='germany'
2025-08-17 15:40:28,014 INFO 📍 Location is present in the following articles: [ObjectId('67f922b0f431fddd61d55f3d')]
2025-08-17 15:40:28,181 INFO Comparing database entry: stuttgart-feuerbach with Stuttgart Feuerbach returned from geonames.
2025-08-17 15:40:28,182 INFO 📄 Index 0 | Name: Stuttgart Feuerbach | fcl: P, fcode: PPLX | ADM1: Baden-Wurttemberg, ADM2: Regierungsbezirk Stuttgart, ADM3: Stadtkreis Stuttgart, ADM4: Stuttgart | Score: 21.43, Population: 28046 | Fuzzy match: 47.36842105263158
2025-08-17 15:40:28,182 INFO Comparing database entry: stuttgart-feuerbach with Feuerbach returned from geonames.
2025-08-17 15:40:28,182 INFO 📄 Index 1 | Name: Feuerbach | fcl: A, fcode: ADM5 | ADM1: Baden-Wurttemberg, ADM2: Regierungsbezirk Stuttgart, ADM3: Stadtkreis Stuttgart, ADM4: Stuttgart | Score: 11.68, Population: 0 | Fuzzy match: 64.28571428571428
2025-08-17 15:40:28,182 INFO Comparing database entry: stuttgart-feuerbach with Feuerbach-Ost returned from geonames.
2025-08-17 15:40:28,182 INFO 📄 Index 2 | Name: Feuerbach-Ost | fcl: P, fcode: PPLX | ADM1: Baden-Wurttemberg, ADM2: Regierungsbezirk Stuttgart, ADM3: Stadtkreis Stuttgart, ADM4: Stuttgart | Score: 7.25, Population: 0 | Fuzzy match: 56.25
2025-08-17 15:40:28,182 INFO Comparing database entry: stuttgart-feuerbach with Feuerbach-Mitte returned from geonames.
2025-08-17 15:40:28,182 INFO 📄 Index 3 | Name: Feuerbach-Mitte | fcl: P, fcode: PPLX | ADM1: Baden-Wurttemberg, ADM2: Regierungsbezirk Stuttgart, ADM3: Stadtkreis Stuttgart, ADM4: Stuttgart | Score: 7.25, Population: 0 | Fuzzy match: 52.94117647058824
2025-08-17 15:40:28,318 INFO Comparing database entry: stuttgart-feuerbach with Stuttgart Feuerbach returned from geonames.
2025-08-17 15:40:28,318 INFO 📄 Index 0 | Name: Stuttgart Feuerbach | fcl: P, fcode: PPLX | ADM1: Baden-Wurttemberg, ADM2: Regierungsbezirk Stuttgart, ADM3: Stadtkreis Stuttgart, ADM4: Stuttgart | Score: 21.43, Population: 28046 | Fuzzy match: 47.36842105263158
2025-08-17 15:40:28,318 INFO Comparing database entry: stuttgart-feuerbach with Feuerbach returned from geonames.
2025-08-17 15:40:28,318 INFO 📄 Index 1 | Name: Feuerbach | fcl: A, fcode: ADM5 | ADM1: Baden-Wurttemberg, ADM2: Regierungsbezirk Stuttgart, ADM3: Stadtkreis Stuttgart, ADM4: Stuttgart | Score: 11.68, Population: 0 | Fuzzy match: 64.28571428571428
2025-08-17 15:40:28,318 INFO Comparing database entry: stuttgart-feuerbach with Feuerbach-Ost returned from geonames.
2025-08-17 15:40:28,318 INFO 📄 Index 2 | Name: Feuerbach-Ost | fcl: P, fcode: PPLX | ADM1: Baden-Wurttemberg, ADM2: Regierungsbezirk Stuttgart, ADM3: Stadtkreis Stuttgart, ADM4: Stuttgart | Score: 7.25, Population: 0 | Fuzzy match: 56.25
2025-08-17 15:40:28,318 INFO Comparing database entry: stuttgart-feuerbach with Feuerbach-Mitte returned from geonames.
2025-08-17 15:40:28,318 INFO 📄 Index 3 | Name: Feuerbach-Mitte | fcl: P, fcode: PPLX | ADM1: Baden-Wurttemberg, ADM2: Regierungsbezirk Stuttgart, ADM3: Stadtkreis Stuttgart, ADM4: Stuttgart | Score: 7.25, Population: 0 | Fuzzy match: 52.94117647058824
2025-08-17 15:40:28,460 INFO Comparing database entry: stuttgart-feuerbach with Stuttgart Feuerbach returned from geonames.
2025-08-17 15:40:28,460 INFO 📄 Index 0 | Name: Stuttgart Feuerbach | fcl: P, fcode: PPLX | ADM1: Baden-Wurttemberg, ADM2: Regierungsbezirk Stuttgart, ADM3: Stadtkreis Stuttgart, ADM4: Stuttgart | Score: 21.43, Population: 28046 | Fuzzy match: 47.36842105263158
2025-08-17 15:40:28,460 INFO Comparing database entry: stuttgart-feuerbach with Feuerbach returned from geonames.
2025-08-17 15:40:28,460 INFO 📄 Index 1 | Name: Feuerbach | fcl: A, fcode: ADM5 | ADM1: Baden-Wurttemberg, ADM2: Regierungsbezirk Stuttgart, ADM3: Stadtkreis Stuttgart, ADM4: Stuttgart | Score: 11.68, Population: 0 | Fuzzy match: 64.28571428571428
2025-08-17 15:40:28,460 INFO Comparing database entry: stuttgart-feuerbach with Feuerbach-Ost returned from geonames.
2025-08-17 15:40:28,460 INFO 📄 Index 2 | Name: Feuerbach-Ost | fcl: P, fcode: PPLX | ADM1: Baden-Wurttemberg, ADM2: Regierungsbezirk Stuttgart, ADM3: Stadtkreis Stuttgart, ADM4: Stuttgart | Score: 7.25, Population: 0 | Fuzzy match: 56.25
2025-08-17 15:40:28,460 INFO Comparing database entry: stuttgart-feuerbach with Feuerbach-Mitte returned from geonames.
2025-08-17 15:40:28,460 INFO 📄 Index 3 | Name: Feuerbach-Mitte | fcl: P, fcode: PPLX | ADM1: Baden-Wurttemberg, ADM2: Regierungsbezirk Stuttgart, ADM3: Stadtkreis Stuttgart, ADM4: Stuttgart | Score: 7.25, Population: 0 | Fuzzy match: 52.94117647058824
2025-08-17 15:40:28,622 INFO Comparing database entry: stuttgart-feuerbach with Stuttgart Feuerbach returned from geonames.
2025-08-17 15:40:28,622 INFO 📄 Index 0 | Name: Stuttgart Feuerbach | fcl: P, fcode: PPLX | ADM1: Baden-Wurttemberg, ADM2: Regierungsbezirk Stuttgart, ADM3: Stadtkreis Stuttgart, ADM4: Stuttgart | Score: 21.43, Population: 28046 | Fuzzy match: 47.36842105263158
2025-08-17 15:40:28,622 INFO Comparing database entry: stuttgart-feuerbach with Feuerbach returned from geonames.
2025-08-17 15:40:28,622 INFO 📄 Index 1 | Name: Feuerbach | fcl: A, fcode: ADM5 | ADM1: Baden-Wurttemberg, ADM2: Regierungsbezirk Stuttgart, ADM3: Stadtkreis Stuttgart, ADM4: Stuttgart | Score: 11.68, Population: 0 | Fuzzy match: 64.28571428571428
2025-08-17 15:40:28,622 INFO Comparing database entry: stuttgart-feuerbach with Feuerbach-Ost returned from geonames.
2025-08-17 15:40:28,622 INFO 📄 Index 2 | Name: Feuerbach-Ost | fcl: P, fcode: PPLX | ADM1: Baden-Wurttemberg, ADM2: Regierungsbezirk Stuttgart, ADM3: Stadtkreis Stuttgart, ADM4: Stuttgart | Score: 7.25, Population: 0 | Fuzzy match: 56.25
2025-08-17 15:40:28,622 INFO Comparing database entry: stuttgart-feuerbach with Feuerbach-Mitte returned from geonames.
2025-08-17 15:40:28,622 INFO 📄 Index 3 | Name: Feuerbach-Mitte | fcl: P, fcode: PPLX | ADM1: Baden-Wurttemberg, ADM2: Regierungsbezirk Stuttgart, ADM3: Stadtkreis Stuttgart, ADM4: Stuttgart | Score: 7.25, Population: 0 | Fuzzy match: 52.94117647058824
2025-08-17 15:40:28,750 INFO Comparing database entry: stuttgart-feuerbach with Stuttgart Feuerbach returned from geonames.
2025-08-17 15:40:28,750 INFO 📄 Index 0 | Name: Stuttgart Feuerbach | fcl: P, fcode: PPLX | ADM1: Baden-Wurttemberg, ADM2: Regierungsbezirk Stuttgart, ADM3: Stadtkreis Stuttgart, ADM4: Stuttgart | Score: 21.43, Population: 28046 | Fuzzy match: 47.36842105263158
2025-08-17 15:40:28,750 INFO Comparing database entry: stuttgart-feuerbach with Feuerbach returned from geonames.
2025-08-17 15:40:28,750 INFO 📄 Index 1 | Name: Feuerbach | fcl: A, fcode: ADM5 | ADM1: Baden-Wurttemberg, ADM2: Regierungsbezirk Stuttgart, ADM3: Stadtkreis Stuttgart, ADM4: Stuttgart | Score: 11.68, Population: 0 | Fuzzy match: 64.28571428571428
2025-08-17 15:40:28,750 INFO Comparing database entry: stuttgart-feuerbach with Feuerbach-Ost returned from geonames.
2025-08-17 15:40:28,750 INFO 📄 Index 2 | Name: Feuerbach-Ost | fcl: P, fcode: PPLX | ADM1: Baden-Wurttemberg, ADM2: Regierungsbezirk Stuttgart, ADM3: Stadtkreis Stuttgart, ADM4: Stuttgart | Score: 7.25, Population: 0 | Fuzzy match: 56.25
2025-08-17 15:40:28,750 INFO Comparing database entry: stuttgart-feuerbach with Feuerbach-Mitte returned from geonames.
2025-08-17 15:40:28,750 INFO 📄 Index 3 | Name: Feuerbach-Mitte | fcl: P, fcode: PPLX | ADM1: Baden-Wurttemberg, ADM2: Regierungsbezirk Stuttgart, ADM3: Stadtkreis Stuttgart, ADM4: Stuttgart | Score: 7.25, Population: 0 | Fuzzy match: 52.94117647058824
2025-08-17 15:40:28,893 INFO Comparing database entry: stuttgart-feuerbach with Stuttgart Feuerbach returned from geonames.
2025-08-17 15:40:28,893 INFO 📄 Index 0 | Name: Stuttgart Feuerbach | fcl: P, fcode: PPLX | ADM1: Baden-Wurttemberg, ADM2: Regierungsbezirk Stuttgart, ADM3: Stadtkreis Stuttgart, ADM4: Stuttgart | Score: 21.43, Population: 28046 | Fuzzy match: 47.36842105263158
2025-08-17 15:40:28,893 INFO Comparing database entry: stuttgart-feuerbach with Feuerbach returned from geonames.
2025-08-17 15:40:28,893 INFO 📄 Index 1 | Name: Feuerbach | fcl: A, fcode: ADM5 | ADM1: Baden-Wurttemberg, ADM2: Regierungsbezirk Stuttgart, ADM3: Stadtkreis Stuttgart, ADM4: Stuttgart | Score: 11.68, Population: 0 | Fuzzy match: 64.28571428571428
2025-08-17 15:40:28,893 INFO Comparing database entry: stuttgart-feuerbach with Feuerbach-Ost returned from geonames.
2025-08-17 15:40:28,893 INFO 📄 Index 2 | Name: Feuerbach-Ost | fcl: P, fcode: PPLX | ADM1: Baden-Wurttemberg, ADM2: Regierungsbezirk Stuttgart, ADM3: Stadtkreis Stuttgart, ADM4: Stuttgart | Score: 7.25, Population: 0 | Fuzzy match: 56.25
2025-08-17 15:40:28,893 INFO Comparing database entry: stuttgart-feuerbach with Feuerbach-Mitte returned from geonames.
2025-08-17 15:40:28,893 INFO 📄 Index 3 | Name: Feuerbach-Mitte | fcl: P, fcode: PPLX | ADM1: Baden-Wurttemberg, ADM2: Regierungsbezirk Stuttgart, ADM3: Stadtkreis Stuttgart, ADM4: Stuttgart | Score: 7.25, Population: 0 | Fuzzy match: 52.94117647058824
2025-08-17 15:40:28,893 WARNING ❌ No match found with fuzzy score > 80 for city: stuttgart-feuerbach
2025-08-17 15:40:28,894 WARNING ❌ Lookup failed for city='stuttgartfeuerbach', iso2='DE'
