2025-08-17 13:59:53,322 INFO 🗺️ Starting GeoNames lookup for city='stuttgart-hedelfingen', country='germany'
2025-08-17 13:59:53,322 INFO 📍 Location is present in the following articles: [ObjectId('67f52b64981040986eab74e5')]
2025-08-17 13:59:53,641 INFO Comparing database entry: stuttgart-hedelfingen with Hedelfingen returned from geonames.
2025-08-17 13:59:53,641 INFO 📄 Index 0 | Name: Hedelfingen | fcl: A, fcode: ADM5 | ADM1: Baden-Wurttemberg, ADM2: Regierungsbezirk Stuttgart, ADM3: Stadtkreis Stuttgart, ADM4: Stuttgart | Score: 11.25, Population: 0 | Fuzzy match: 68.75
2025-08-17 13:59:53,641 INFO Comparing database entry: stuttgart-hedelfingen with Hedelfingen returned from geonames.
2025-08-17 13:59:53,641 INFO 📄 Index 1 | Name: Hedelfingen | fcl: P, fcode: PPLX | ADM1: Baden-Wurttemberg, ADM2: Regierungsbezirk Stuttgart, ADM3: Stadtkreis Stuttgart, ADM4: Stuttgart | Score: 10.48, Population: 0 | Fuzzy match: 68.75
2025-08-17 13:59:53,641 INFO Comparing database entry: stuttgart-hedelfingen with Frauenkopf returned from geonames.
2025-08-17 13:59:53,641 INFO 📄 Index 2 | Name: Frauenkopf | fcl: P, fcode: PPLX | ADM1: Baden-Wurttemberg, ADM2: Regierungsbezirk Stuttgart, ADM3: Stadtkreis Stuttgart, ADM4: Stuttgart | Score: 5.84, Population: 0 | Fuzzy match: 19.354838709677423
2025-08-17 13:59:53,641 INFO Comparing database entry: stuttgart-hedelfingen with Rohracker returned from geonames.
2025-08-17 13:59:53,641 INFO 📄 Index 3 | Name: Rohracker | fcl: P, fcode: PPLX | ADM1: Baden-Wurttemberg, ADM2: Regierungsbezirk Stuttgart, ADM3: Stadtkreis Stuttgart, ADM4: Stuttgart | Score: 5.80, Population: 0 | Fuzzy match: 19.999999999999996
2025-08-17 13:59:53,782 INFO Comparing database entry: stuttgart-hedelfingen with Hedelfingen returned from geonames.
2025-08-17 13:59:53,782 INFO 📄 Index 0 | Name: Hedelfingen | fcl: A, fcode: ADM5 | ADM1: Baden-Wurttemberg, ADM2: Regierungsbezirk Stuttgart, ADM3: Stadtkreis Stuttgart, ADM4: Stuttgart | Score: 11.25, Population: 0 | Fuzzy match: 68.75
2025-08-17 13:59:53,783 INFO Comparing database entry: stuttgart-hedelfingen with Hedelfingen returned from geonames.
2025-08-17 13:59:53,783 INFO 📄 Index 1 | Name: Hedelfingen | fcl: P, fcode: PPLX | ADM1: Baden-Wurttemberg, ADM2: Regierungsbezirk Stuttgart, ADM3: Stadtkreis Stuttgart, ADM4: Stuttgart | Score: 10.48, Population: 0 | Fuzzy match: 68.75
2025-08-17 13:59:53,783 INFO Comparing database entry: stuttgart-hedelfingen with Frauenkopf returned from geonames.
2025-08-17 13:59:53,783 INFO 📄 Index 2 | Name: Frauenkopf | fcl: P, fcode: PPLX | ADM1: Baden-Wurttemberg, ADM2: Regierungsbezirk Stuttgart, ADM3: Stadtkreis Stuttgart, ADM4: Stuttgart | Score: 5.84, Population: 0 | Fuzzy match: 19.354838709677423
2025-08-17 13:59:53,783 INFO Comparing database entry: stuttgart-hedelfingen with Rohracker returned from geonames.
2025-08-17 13:59:53,783 INFO 📄 Index 3 | Name: Rohracker | fcl: P, fcode: PPLX | ADM1: Baden-Wurttemberg, ADM2: Regierungsbezirk Stuttgart, ADM3: Stadtkreis Stuttgart, ADM4: Stuttgart | Score: 5.80, Population: 0 | Fuzzy match: 19.999999999999996
2025-08-17 13:59:53,929 INFO Comparing database entry: stuttgart-hedelfingen with Hedelfingen returned from geonames.
2025-08-17 13:59:53,930 INFO 📄 Index 0 | Name: Hedelfingen | fcl: A, fcode: ADM5 | ADM1: Baden-Wurttemberg, ADM2: Regierungsbezirk Stuttgart, ADM3: Stadtkreis Stuttgart, ADM4: Stuttgart | Score: 11.25, Population: 0 | Fuzzy match: 68.75
2025-08-17 13:59:53,930 INFO Comparing database entry: stuttgart-hedelfingen with Hedelfingen returned from geonames.
2025-08-17 13:59:53,930 INFO 📄 Index 1 | Name: Hedelfingen | fcl: P, fcode: PPLX | ADM1: Baden-Wurttemberg, ADM2: Regierungsbezirk Stuttgart, ADM3: Stadtkreis Stuttgart, ADM4: Stuttgart | Score: 10.48, Population: 0 | Fuzzy match: 68.75
2025-08-17 13:59:53,930 INFO Comparing database entry: stuttgart-hedelfingen with Frauenkopf returned from geonames.
2025-08-17 13:59:53,930 INFO 📄 Index 2 | Name: Frauenkopf | fcl: P, fcode: PPLX | ADM1: Baden-Wurttemberg, ADM2: Regierungsbezirk Stuttgart, ADM3: Stadtkreis Stuttgart, ADM4: Stuttgart | Score: 5.84, Population: 0 | Fuzzy match: 19.354838709677423
2025-08-17 13:59:53,930 INFO Comparing database entry: stuttgart-hedelfingen with Rohracker returned from geonames.
2025-08-17 13:59:53,930 INFO 📄 Index 3 | Name: Rohracker | fcl: P, fcode: PPLX | ADM1: Baden-Wurttemberg, ADM2: Regierungsbezirk Stuttgart, ADM3: Stadtkreis Stuttgart, ADM4: Stuttgart | Score: 5.80, Population: 0 | Fuzzy match: 19.999999999999996
2025-08-17 13:59:54,080 INFO Comparing database entry: stuttgart-hedelfingen with Hedelfingen returned from geonames.
2025-08-17 13:59:54,080 INFO 📄 Index 0 | Name: Hedelfingen | fcl: A, fcode: ADM5 | ADM1: Baden-Wurttemberg, ADM2: Regierungsbezirk Stuttgart, ADM3: Stadtkreis Stuttgart, ADM4: Stuttgart | Score: 11.25, Population: 0 | Fuzzy match: 68.75
2025-08-17 13:59:54,080 INFO Comparing database entry: stuttgart-hedelfingen with Hedelfingen returned from geonames.
2025-08-17 13:59:54,081 INFO 📄 Index 1 | Name: Hedelfingen | fcl: P, fcode: PPLX | ADM1: Baden-Wurttemberg, ADM2: Regierungsbezirk Stuttgart, ADM3: Stadtkreis Stuttgart, ADM4: Stuttgart | Score: 10.48, Population: 0 | Fuzzy match: 68.75
2025-08-17 13:59:54,081 INFO Comparing database entry: stuttgart-hedelfingen with Frauenkopf returned from geonames.
2025-08-17 13:59:54,081 INFO 📄 Index 2 | Name: Frauenkopf | fcl: P, fcode: PPLX | ADM1: Baden-Wurttemberg, ADM2: Regierungsbezirk Stuttgart, ADM3: Stadtkreis Stuttgart, ADM4: Stuttgart | Score: 5.84, Population: 0 | Fuzzy match: 19.354838709677423
2025-08-17 13:59:54,081 INFO Comparing database entry: stuttgart-hedelfingen with Rohracker returned from geonames.
2025-08-17 13:59:54,081 INFO 📄 Index 3 | Name: Rohracker | fcl: P, fcode: PPLX | ADM1: Baden-Wurttemberg, ADM2: Regierungsbezirk Stuttgart, ADM3: Stadtkreis Stuttgart, ADM4: Stuttgart | Score: 5.80, Population: 0 | Fuzzy match: 19.999999999999996
2025-08-17 13:59:54,225 INFO Comparing database entry: stuttgart-hedelfingen with Hedelfingen returned from geonames.
2025-08-17 13:59:54,226 INFO 📄 Index 0 | Name: Hedelfingen | fcl: A, fcode: ADM5 | ADM1: Baden-Wurttemberg, ADM2: Regierungsbezirk Stuttgart, ADM3: Stadtkreis Stuttgart, ADM4: Stuttgart | Score: 11.25, Population: 0 | Fuzzy match: 68.75
2025-08-17 13:59:54,226 INFO Comparing database entry: stuttgart-hedelfingen with Hedelfingen returned from geonames.
2025-08-17 13:59:54,226 INFO 📄 Index 1 | Name: Hedelfingen | fcl: P, fcode: PPLX | ADM1: Baden-Wurttemberg, ADM2: Regierungsbezirk Stuttgart, ADM3: Stadtkreis Stuttgart, ADM4: Stuttgart | Score: 10.48, Population: 0 | Fuzzy match: 68.75
2025-08-17 13:59:54,226 INFO Comparing database entry: stuttgart-hedelfingen with Frauenkopf returned from geonames.
2025-08-17 13:59:54,226 INFO 📄 Index 2 | Name: Frauenkopf | fcl: P, fcode: PPLX | ADM1: Baden-Wurttemberg, ADM2: Regierungsbezirk Stuttgart, ADM3: Stadtkreis Stuttgart, ADM4: Stuttgart | Score: 5.84, Population: 0 | Fuzzy match: 19.354838709677423
2025-08-17 13:59:54,226 INFO Comparing database entry: stuttgart-hedelfingen with Rohracker returned from geonames.
2025-08-17 13:59:54,226 INFO 📄 Index 3 | Name: Rohracker | fcl: P, fcode: PPLX | ADM1: Baden-Wurttemberg, ADM2: Regierungsbezirk Stuttgart, ADM3: Stadtkreis Stuttgart, ADM4: Stuttgart | Score: 5.80, Population: 0 | Fuzzy match: 19.999999999999996
2025-08-17 13:59:54,384 INFO Comparing database entry: stuttgart-hedelfingen with Hedelfingen returned from geonames.
2025-08-17 13:59:54,384 INFO 📄 Index 0 | Name: Hedelfingen | fcl: A, fcode: ADM5 | ADM1: Baden-Wurttemberg, ADM2: Regierungsbezirk Stuttgart, ADM3: Stadtkreis Stuttgart, ADM4: Stuttgart | Score: 11.25, Population: 0 | Fuzzy match: 68.75
2025-08-17 13:59:54,384 INFO Comparing database entry: stuttgart-hedelfingen with Hedelfingen returned from geonames.
2025-08-17 13:59:54,384 INFO 📄 Index 1 | Name: Hedelfingen | fcl: P, fcode: PPLX | ADM1: Baden-Wurttemberg, ADM2: Regierungsbezirk Stuttgart, ADM3: Stadtkreis Stuttgart, ADM4: Stuttgart | Score: 10.48, Population: 0 | Fuzzy match: 68.75
2025-08-17 13:59:54,384 INFO Comparing database entry: stuttgart-hedelfingen with Frauenkopf returned from geonames.
2025-08-17 13:59:54,385 INFO 📄 Index 2 | Name: Frauenkopf | fcl: P, fcode: PPLX | ADM1: Baden-Wurttemberg, ADM2: Regierungsbezirk Stuttgart, ADM3: Stadtkreis Stuttgart, ADM4: Stuttgart | Score: 5.84, Population: 0 | Fuzzy match: 19.354838709677423
2025-08-17 13:59:54,385 INFO Comparing database entry: stuttgart-hedelfingen with Rohracker returned from geonames.
2025-08-17 13:59:54,385 INFO 📄 Index 3 | Name: Rohracker | fcl: P, fcode: PPLX | ADM1: Baden-Wurttemberg, ADM2: Regierungsbezirk Stuttgart, ADM3: Stadtkreis Stuttgart, ADM4: Stuttgart | Score: 5.80, Population: 0 | Fuzzy match: 19.999999999999996
2025-08-17 13:59:54,385 WARNING ❌ No match found with fuzzy score > 80 for city: stuttgart-hedelfingen
2025-08-17 13:59:54,385 WARNING ❌ Lookup failed for city='stuttgarthedelfingen', iso2='DE'
