2025-08-17 15:15:47,892 INFO 🗺️ Starting GeoNames lookup for city='untertürkheim, stuttgart', country='germany'
2025-08-17 15:15:47,893 INFO 📍 Location is present in the following articles: [ObjectId('67f920f5f431fddd61d5597c')]
2025-08-17 15:15:48,090 INFO Comparing database entry: untertürkheim, stuttgart with Rotenberg returned from geonames.
2025-08-17 15:15:48,090 INFO 📄 Index 0 | Name: Rotenberg | fcl: P, fcode: PPL | ADM1: Baden-Wurttemberg, ADM2: Regierungsbezirk Stuttgart, ADM3: Stadtkreis Stuttgart, ADM4: Stuttgart | Score: 15.05, Population: 0 | Fuzzy match: 30.303030303030297
2025-08-17 15:15:48,090 INFO Comparing database entry: untertürkheim, stuttgart with Untertürkheim returned from geonames.
2025-08-17 15:15:48,090 INFO 📄 Index 1 | Name: Untertürkheim | fcl: A, fcode: ADM5 | ADM1: Baden-Wurttemberg, ADM2: Regierungsbezirk Stuttgart, ADM3: Stadtkreis Stuttgart, ADM4: Stuttgart | Score: 11.33, Population: 0 | Fuzzy match: 70.27027027027026
2025-08-17 15:15:48,090 INFO Comparing database entry: untertürkheim, stuttgart with Untertürkheim returned from geonames.
2025-08-17 15:15:48,090 INFO 📄 Index 2 | Name: Untertürkheim | fcl: P, fcode: PPLX | ADM1: Baden-Wurttemberg, ADM2: Regierungsbezirk Stuttgart, ADM3: Stadtkreis Stuttgart, ADM4: Stuttgart | Score: 10.44, Population: 0 | Fuzzy match: 70.27027027027026
2025-08-17 15:15:48,090 INFO Comparing database entry: untertürkheim, stuttgart with Luginsland returned from geonames.
2025-08-17 15:15:48,090 INFO 📄 Index 3 | Name: Luginsland | fcl: P, fcode: PPL | ADM1: Baden-Wurttemberg, ADM2: Regierungsbezirk Stuttgart, ADM3: Stadtkreis Stuttgart, ADM4: Stuttgart | Score: 5.80, Population: 0 | Fuzzy match: 23.529411764705888
2025-08-17 15:15:48,251 INFO Comparing database entry: untertürkheim, stuttgart with Rotenberg returned from geonames.
2025-08-17 15:15:48,252 INFO 📄 Index 0 | Name: Rotenberg | fcl: P, fcode: PPL | ADM1: Baden-Wurttemberg, ADM2: Regierungsbezirk Stuttgart, ADM3: Stadtkreis Stuttgart, ADM4: Stuttgart | Score: 15.05, Population: 0 | Fuzzy match: 30.303030303030297
2025-08-17 15:15:48,252 INFO Comparing database entry: untertürkheim, stuttgart with Untertürkheim returned from geonames.
2025-08-17 15:15:48,252 INFO 📄 Index 1 | Name: Untertürkheim | fcl: A, fcode: ADM5 | ADM1: Baden-Wurttemberg, ADM2: Regierungsbezirk Stuttgart, ADM3: Stadtkreis Stuttgart, ADM4: Stuttgart | Score: 11.33, Population: 0 | Fuzzy match: 70.27027027027026
2025-08-17 15:15:48,252 INFO Comparing database entry: untertürkheim, stuttgart with Untertürkheim returned from geonames.
2025-08-17 15:15:48,252 INFO 📄 Index 2 | Name: Untertürkheim | fcl: P, fcode: PPLX | ADM1: Baden-Wurttemberg, ADM2: Regierungsbezirk Stuttgart, ADM3: Stadtkreis Stuttgart, ADM4: Stuttgart | Score: 10.44, Population: 0 | Fuzzy match: 70.27027027027026
2025-08-17 15:15:48,252 INFO Comparing database entry: untertürkheim, stuttgart with Luginsland returned from geonames.
2025-08-17 15:15:48,252 INFO 📄 Index 3 | Name: Luginsland | fcl: P, fcode: PPL | ADM1: Baden-Wurttemberg, ADM2: Regierungsbezirk Stuttgart, ADM3: Stadtkreis Stuttgart, ADM4: Stuttgart | Score: 5.80, Population: 0 | Fuzzy match: 23.529411764705888
2025-08-17 15:15:48,427 INFO Comparing database entry: untertürkheim, stuttgart with Rotenberg returned from geonames.
2025-08-17 15:15:48,427 INFO 📄 Index 0 | Name: Rotenberg | fcl: P, fcode: PPL | ADM1: Baden-Wurttemberg, ADM2: Regierungsbezirk Stuttgart, ADM3: Stadtkreis Stuttgart, ADM4: Stuttgart | Score: 15.05, Population: 0 | Fuzzy match: 30.303030303030297
2025-08-17 15:15:48,427 INFO Comparing database entry: untertürkheim, stuttgart with Untertürkheim returned from geonames.
2025-08-17 15:15:48,427 INFO 📄 Index 1 | Name: Untertürkheim | fcl: A, fcode: ADM5 | ADM1: Baden-Wurttemberg, ADM2: Regierungsbezirk Stuttgart, ADM3: Stadtkreis Stuttgart, ADM4: Stuttgart | Score: 11.33, Population: 0 | Fuzzy match: 70.27027027027026
2025-08-17 15:15:48,427 INFO Comparing database entry: untertürkheim, stuttgart with Untertürkheim returned from geonames.
2025-08-17 15:15:48,427 INFO 📄 Index 2 | Name: Untertürkheim | fcl: P, fcode: PPLX | ADM1: Baden-Wurttemberg, ADM2: Regierungsbezirk Stuttgart, ADM3: Stadtkreis Stuttgart, ADM4: Stuttgart | Score: 10.44, Population: 0 | Fuzzy match: 70.27027027027026
2025-08-17 15:15:48,427 INFO Comparing database entry: untertürkheim, stuttgart with Luginsland returned from geonames.
2025-08-17 15:15:48,427 INFO 📄 Index 3 | Name: Luginsland | fcl: P, fcode: PPL | ADM1: Baden-Wurttemberg, ADM2: Regierungsbezirk Stuttgart, ADM3: Stadtkreis Stuttgart, ADM4: Stuttgart | Score: 5.80, Population: 0 | Fuzzy match: 23.529411764705888
2025-08-17 15:15:48,594 INFO Comparing database entry: untertürkheim, stuttgart with Rotenberg returned from geonames.
2025-08-17 15:15:48,594 INFO 📄 Index 0 | Name: Rotenberg | fcl: P, fcode: PPL | ADM1: Baden-Wurttemberg, ADM2: Regierungsbezirk Stuttgart, ADM3: Stadtkreis Stuttgart, ADM4: Stuttgart | Score: 15.05, Population: 0 | Fuzzy match: 30.303030303030297
2025-08-17 15:15:48,594 INFO Comparing database entry: untertürkheim, stuttgart with Untertürkheim returned from geonames.
2025-08-17 15:15:48,594 INFO 📄 Index 1 | Name: Untertürkheim | fcl: A, fcode: ADM5 | ADM1: Baden-Wurttemberg, ADM2: Regierungsbezirk Stuttgart, ADM3: Stadtkreis Stuttgart, ADM4: Stuttgart | Score: 11.33, Population: 0 | Fuzzy match: 70.27027027027026
2025-08-17 15:15:48,595 INFO Comparing database entry: untertürkheim, stuttgart with Untertürkheim returned from geonames.
2025-08-17 15:15:48,595 INFO 📄 Index 2 | Name: Untertürkheim | fcl: P, fcode: PPLX | ADM1: Baden-Wurttemberg, ADM2: Regierungsbezirk Stuttgart, ADM3: Stadtkreis Stuttgart, ADM4: Stuttgart | Score: 10.44, Population: 0 | Fuzzy match: 70.27027027027026
2025-08-17 15:15:48,595 INFO Comparing database entry: untertürkheim, stuttgart with Luginsland returned from geonames.
2025-08-17 15:15:48,595 INFO 📄 Index 3 | Name: Luginsland | fcl: P, fcode: PPL | ADM1: Baden-Wurttemberg, ADM2: Regierungsbezirk Stuttgart, ADM3: Stadtkreis Stuttgart, ADM4: Stuttgart | Score: 5.80, Population: 0 | Fuzzy match: 23.529411764705888
2025-08-17 15:15:48,776 INFO Comparing database entry: untertürkheim, stuttgart with Rotenberg returned from geonames.
2025-08-17 15:15:48,776 INFO 📄 Index 0 | Name: Rotenberg | fcl: P, fcode: PPL | ADM1: Baden-Wurttemberg, ADM2: Regierungsbezirk Stuttgart, ADM3: Stadtkreis Stuttgart, ADM4: Stuttgart | Score: 15.05, Population: 0 | Fuzzy match: 30.303030303030297
2025-08-17 15:15:48,776 INFO Comparing database entry: untertürkheim, stuttgart with Untertürkheim returned from geonames.
2025-08-17 15:15:48,776 INFO 📄 Index 1 | Name: Untertürkheim | fcl: A, fcode: ADM5 | ADM1: Baden-Wurttemberg, ADM2: Regierungsbezirk Stuttgart, ADM3: Stadtkreis Stuttgart, ADM4: Stuttgart | Score: 11.33, Population: 0 | Fuzzy match: 70.27027027027026
2025-08-17 15:15:48,776 INFO Comparing database entry: untertürkheim, stuttgart with Untertürkheim returned from geonames.
2025-08-17 15:15:48,776 INFO 📄 Index 2 | Name: Untertürkheim | fcl: P, fcode: PPLX | ADM1: Baden-Wurttemberg, ADM2: Regierungsbezirk Stuttgart, ADM3: Stadtkreis Stuttgart, ADM4: Stuttgart | Score: 10.44, Population: 0 | Fuzzy match: 70.27027027027026
2025-08-17 15:15:48,776 INFO Comparing database entry: untertürkheim, stuttgart with Luginsland returned from geonames.
2025-08-17 15:15:48,776 INFO 📄 Index 3 | Name: Luginsland | fcl: P, fcode: PPL | ADM1: Baden-Wurttemberg, ADM2: Regierungsbezirk Stuttgart, ADM3: Stadtkreis Stuttgart, ADM4: Stuttgart | Score: 5.80, Population: 0 | Fuzzy match: 23.529411764705888
2025-08-17 15:15:48,953 INFO Comparing database entry: untertürkheim, stuttgart with Rotenberg returned from geonames.
2025-08-17 15:15:48,953 INFO 📄 Index 0 | Name: Rotenberg | fcl: P, fcode: PPL | ADM1: Baden-Wurttemberg, ADM2: Regierungsbezirk Stuttgart, ADM3: Stadtkreis Stuttgart, ADM4: Stuttgart | Score: 15.05, Population: 0 | Fuzzy match: 30.303030303030297
2025-08-17 15:15:48,953 INFO Comparing database entry: untertürkheim, stuttgart with Untertürkheim returned from geonames.
2025-08-17 15:15:48,953 INFO 📄 Index 1 | Name: Untertürkheim | fcl: A, fcode: ADM5 | ADM1: Baden-Wurttemberg, ADM2: Regierungsbezirk Stuttgart, ADM3: Stadtkreis Stuttgart, ADM4: Stuttgart | Score: 11.33, Population: 0 | Fuzzy match: 70.27027027027026
2025-08-17 15:15:48,953 INFO Comparing database entry: untertürkheim, stuttgart with Untertürkheim returned from geonames.
2025-08-17 15:15:48,953 INFO 📄 Index 2 | Name: Untertürkheim | fcl: P, fcode: PPLX | ADM1: Baden-Wurttemberg, ADM2: Regierungsbezirk Stuttgart, ADM3: Stadtkreis Stuttgart, ADM4: Stuttgart | Score: 10.44, Population: 0 | Fuzzy match: 70.27027027027026
2025-08-17 15:15:48,954 INFO Comparing database entry: untertürkheim, stuttgart with Luginsland returned from geonames.
2025-08-17 15:15:48,954 INFO 📄 Index 3 | Name: Luginsland | fcl: P, fcode: PPL | ADM1: Baden-Wurttemberg, ADM2: Regierungsbezirk Stuttgart, ADM3: Stadtkreis Stuttgart, ADM4: Stuttgart | Score: 5.80, Population: 0 | Fuzzy match: 23.529411764705888
2025-08-17 15:15:48,954 WARNING ❌ No match found with fuzzy score > 80 for city: untertürkheim, stuttgart
2025-08-17 15:15:48,954 WARNING ❌ Lookup failed for city='untertürkheim_stuttgart', iso2='DE'
