2025-08-18 21:21:50,074 INFO 🗺️ Starting GeoNames lookup for city='uckermark', country='germany'
2025-08-18 21:21:50,074 INFO 📍 Location is present in the following articles: [ObjectId('67fa621438fb90ab92f8c0a2')]
2025-08-18 21:21:50,410 INFO Comparing database entry: uckermark with Angermünde returned from geonames.
2025-08-18 21:21:50,410 INFO 📄 Index 0 | Name: Angermünde | fcl: P, fcode: PPL | ADM1: Brandenburg, ADM2: , ADM3: Landkreis Uckermark, ADM4: Angermünde | Latitude: 53.01499, Longitude: 13.99924 | Score: 35.82, Population: 15453 | Fuzzy match: 31.57894736842105
2025-08-18 21:21:50,410 INFO Comparing database entry: uckermark with Eberswalde returned from geonames.
2025-08-18 21:21:50,410 INFO 📄 Index 1 | Name: Eberswalde | fcl: P, fcode: PPLA3 | ADM1: Brandenburg, ADM2: , ADM3: Landkreis Barnim, ADM4: Eberswalde | Latitude: 52.83492, Longitude: 13.81951 | Score: 33.93, Population: 41980 | Fuzzy match: 31.57894736842105
2025-08-18 21:21:50,410 INFO Comparing database entry: uckermark with Schwedt returned from geonames.
2025-08-18 21:21:50,411 INFO 📄 Index 2 | Name: Schwedt | fcl: P, fcode: PPL | ADM1: Brandenburg, ADM2: , ADM3: Landkreis Uckermark, ADM4: Schwedt/Oder | Latitude: 53.05963, Longitude: 14.28154 | Score: 33.66, Population: 30189 | Fuzzy match: 25.0
2025-08-18 21:21:50,411 INFO Comparing database entry: uckermark with Bernau bei Berlin returned from geonames.
2025-08-18 21:21:50,411 INFO 📄 Index 3 | Name: Bernau bei Berlin | fcl: P, fcode: PPL | ADM1: Brandenburg, ADM2: , ADM3: Landkreis Barnim, ADM4: Bernau bei Berlin | Latitude: 52.67982, Longitude: 13.58708 | Score: 28.27, Population: 34866 | Fuzzy match: 23.076923076923073
2025-08-18 21:21:50,572 INFO Comparing database entry: uckermark with Angermünde returned from geonames.
2025-08-18 21:21:50,572 INFO 📄 Index 0 | Name: Angermünde | fcl: P, fcode: PPL | ADM1: Brandenburg, ADM2: , ADM3: Landkreis Uckermark, ADM4: Angermünde | Latitude: 53.01499, Longitude: 13.99924 | Score: 35.82, Population: 15453 | Fuzzy match: 31.57894736842105
2025-08-18 21:21:50,572 INFO Comparing database entry: uckermark with Eberswalde returned from geonames.
2025-08-18 21:21:50,572 INFO 📄 Index 1 | Name: Eberswalde | fcl: P, fcode: PPLA3 | ADM1: Brandenburg, ADM2: , ADM3: Landkreis Barnim, ADM4: Eberswalde | Latitude: 52.83492, Longitude: 13.81951 | Score: 33.93, Population: 41980 | Fuzzy match: 31.57894736842105
2025-08-18 21:21:50,572 INFO Comparing database entry: uckermark with Schwedt returned from geonames.
2025-08-18 21:21:50,572 INFO 📄 Index 2 | Name: Schwedt | fcl: P, fcode: PPL | ADM1: Brandenburg, ADM2: , ADM3: Landkreis Uckermark, ADM4: Schwedt/Oder | Latitude: 53.05963, Longitude: 14.28154 | Score: 33.66, Population: 30189 | Fuzzy match: 25.0
2025-08-18 21:21:50,572 INFO Comparing database entry: uckermark with Bernau bei Berlin returned from geonames.
2025-08-18 21:21:50,572 INFO 📄 Index 3 | Name: Bernau bei Berlin | fcl: P, fcode: PPL | ADM1: Brandenburg, ADM2: , ADM3: Landkreis Barnim, ADM4: Bernau bei Berlin | Latitude: 52.67982, Longitude: 13.58708 | Score: 28.27, Population: 34866 | Fuzzy match: 23.076923076923073
2025-08-18 21:21:50,823 INFO Comparing database entry: uckermark with Angermünde returned from geonames.
2025-08-18 21:21:50,823 INFO 📄 Index 0 | Name: Angermünde | fcl: P, fcode: PPL | ADM1: Brandenburg, ADM2: , ADM3: Landkreis Uckermark, ADM4: Angermünde | Latitude: 53.01499, Longitude: 13.99924 | Score: 35.82, Population: 15453 | Fuzzy match: 31.57894736842105
2025-08-18 21:21:50,823 INFO Comparing database entry: uckermark with Eberswalde returned from geonames.
2025-08-18 21:21:50,823 INFO 📄 Index 1 | Name: Eberswalde | fcl: P, fcode: PPLA3 | ADM1: Brandenburg, ADM2: , ADM3: Landkreis Barnim, ADM4: Eberswalde | Latitude: 52.83492, Longitude: 13.81951 | Score: 33.93, Population: 41980 | Fuzzy match: 31.57894736842105
2025-08-18 21:21:50,823 INFO Comparing database entry: uckermark with Schwedt returned from geonames.
2025-08-18 21:21:50,823 INFO 📄 Index 2 | Name: Schwedt | fcl: P, fcode: PPL | ADM1: Brandenburg, ADM2: , ADM3: Landkreis Uckermark, ADM4: Schwedt/Oder | Latitude: 53.05963, Longitude: 14.28154 | Score: 33.66, Population: 30189 | Fuzzy match: 25.0
2025-08-18 21:21:50,824 INFO Comparing database entry: uckermark with Bernau bei Berlin returned from geonames.
2025-08-18 21:21:50,824 INFO 📄 Index 3 | Name: Bernau bei Berlin | fcl: P, fcode: PPL | ADM1: Brandenburg, ADM2: , ADM3: Landkreis Barnim, ADM4: Bernau bei Berlin | Latitude: 52.67982, Longitude: 13.58708 | Score: 28.27, Population: 34866 | Fuzzy match: 23.076923076923073
2025-08-18 21:21:50,978 INFO Comparing database entry: uckermark with Angermünde returned from geonames.
2025-08-18 21:21:50,978 INFO 📄 Index 0 | Name: Angermünde | fcl: P, fcode: PPL | ADM1: Brandenburg, ADM2: , ADM3: Landkreis Uckermark, ADM4: Angermünde | Latitude: 53.01499, Longitude: 13.99924 | Score: 35.82, Population: 15453 | Fuzzy match: 31.57894736842105
2025-08-18 21:21:50,978 INFO Comparing database entry: uckermark with Eberswalde returned from geonames.
2025-08-18 21:21:50,978 INFO 📄 Index 1 | Name: Eberswalde | fcl: P, fcode: PPLA3 | ADM1: Brandenburg, ADM2: , ADM3: Landkreis Barnim, ADM4: Eberswalde | Latitude: 52.83492, Longitude: 13.81951 | Score: 33.93, Population: 41980 | Fuzzy match: 31.57894736842105
2025-08-18 21:21:50,978 INFO Comparing database entry: uckermark with Schwedt returned from geonames.
2025-08-18 21:21:50,978 INFO 📄 Index 2 | Name: Schwedt | fcl: P, fcode: PPL | ADM1: Brandenburg, ADM2: , ADM3: Landkreis Uckermark, ADM4: Schwedt/Oder | Latitude: 53.05963, Longitude: 14.28154 | Score: 33.66, Population: 30189 | Fuzzy match: 25.0
2025-08-18 21:21:50,978 INFO Comparing database entry: uckermark with Bernau bei Berlin returned from geonames.
2025-08-18 21:21:50,978 INFO 📄 Index 3 | Name: Bernau bei Berlin | fcl: P, fcode: PPL | ADM1: Brandenburg, ADM2: , ADM3: Landkreis Barnim, ADM4: Bernau bei Berlin | Latitude: 52.67982, Longitude: 13.58708 | Score: 28.27, Population: 34866 | Fuzzy match: 23.076923076923073
2025-08-18 21:21:51,114 INFO Comparing database entry: uckermark with Angermünde returned from geonames.
2025-08-18 21:21:51,114 INFO 📄 Index 0 | Name: Angermünde | fcl: P, fcode: PPL | ADM1: Brandenburg, ADM2: , ADM3: Landkreis Uckermark, ADM4: Angermünde | Latitude: 53.01499, Longitude: 13.99924 | Score: 35.82, Population: 15453 | Fuzzy match: 31.57894736842105
2025-08-18 21:21:51,114 INFO Comparing database entry: uckermark with Eberswalde returned from geonames.
2025-08-18 21:21:51,114 INFO 📄 Index 1 | Name: Eberswalde | fcl: P, fcode: PPLA3 | ADM1: Brandenburg, ADM2: , ADM3: Landkreis Barnim, ADM4: Eberswalde | Latitude: 52.83492, Longitude: 13.81951 | Score: 33.93, Population: 41980 | Fuzzy match: 31.57894736842105
2025-08-18 21:21:51,114 INFO Comparing database entry: uckermark with Schwedt returned from geonames.
2025-08-18 21:21:51,115 INFO 📄 Index 2 | Name: Schwedt | fcl: P, fcode: PPL | ADM1: Brandenburg, ADM2: , ADM3: Landkreis Uckermark, ADM4: Schwedt/Oder | Latitude: 53.05963, Longitude: 14.28154 | Score: 33.66, Population: 30189 | Fuzzy match: 25.0
2025-08-18 21:21:51,115 INFO Comparing database entry: uckermark with Bernau bei Berlin returned from geonames.
2025-08-18 21:21:51,115 INFO 📄 Index 3 | Name: Bernau bei Berlin | fcl: P, fcode: PPL | ADM1: Brandenburg, ADM2: , ADM3: Landkreis Barnim, ADM4: Bernau bei Berlin | Latitude: 52.67982, Longitude: 13.58708 | Score: 28.27, Population: 34866 | Fuzzy match: 23.076923076923073
2025-08-18 21:21:51,254 INFO Comparing database entry: uckermark with Angermünde returned from geonames.
2025-08-18 21:21:51,254 INFO 📄 Index 0 | Name: Angermünde | fcl: P, fcode: PPL | ADM1: Brandenburg, ADM2: , ADM3: Landkreis Uckermark, ADM4: Angermünde | Latitude: 53.01499, Longitude: 13.99924 | Score: 35.82, Population: 15453 | Fuzzy match: 31.57894736842105
2025-08-18 21:21:51,254 INFO Comparing database entry: uckermark with Eberswalde returned from geonames.
2025-08-18 21:21:51,254 INFO 📄 Index 1 | Name: Eberswalde | fcl: P, fcode: PPLA3 | ADM1: Brandenburg, ADM2: , ADM3: Landkreis Barnim, ADM4: Eberswalde | Latitude: 52.83492, Longitude: 13.81951 | Score: 33.93, Population: 41980 | Fuzzy match: 31.57894736842105
2025-08-18 21:21:51,254 INFO Comparing database entry: uckermark with Schwedt returned from geonames.
2025-08-18 21:21:51,254 INFO 📄 Index 2 | Name: Schwedt | fcl: P, fcode: PPL | ADM1: Brandenburg, ADM2: , ADM3: Landkreis Uckermark, ADM4: Schwedt/Oder | Latitude: 53.05963, Longitude: 14.28154 | Score: 33.66, Population: 30189 | Fuzzy match: 25.0
2025-08-18 21:21:51,254 INFO Comparing database entry: uckermark with Bernau bei Berlin returned from geonames.
2025-08-18 21:21:51,255 INFO 📄 Index 3 | Name: Bernau bei Berlin | fcl: P, fcode: PPL | ADM1: Brandenburg, ADM2: , ADM3: Landkreis Barnim, ADM4: Bernau bei Berlin | Latitude: 52.67982, Longitude: 13.58708 | Score: 28.27, Population: 34866 | Fuzzy match: 23.076923076923073
2025-08-18 21:21:51,255 WARNING ❌ No match found with fuzzy score > 80 for city: uckermark
2025-08-18 21:21:51,255 WARNING ❌ Lookup failed for city='uckermark', iso2='DE'
