2025-08-22 15:19:55,907 INFO 🗺️ Starting GeoNames lookup for city='unterweser', country='germany'
2025-08-22 15:19:55,908 INFO 📍 Location is present in the following articles: [ObjectId('67fbf80094b7f855cfea72f6')]
2025-08-22 15:19:56,079 INFO Comparing database entry: unterweser with Brake (Unterweser) returned from geonames.
2025-08-22 15:19:56,079 INFO 📄 Index 0 | Name: Brake (Unterweser) | fcl: P, fcode: PPLA3 | ADM1: Lower Saxony, ADM2: , ADM3: Landkreis Wesermarsch, ADM4: Brake (Unterweser) | Latitude: 53.33333, Longitude: 8.48333 | Score: 15.87, Population: 16150 | Fuzzy match: 71.42857142857143
2025-08-22 15:19:56,080 INFO Comparing database entry: unterweser with Brake (Unterweser) returned from geonames.
2025-08-22 15:19:56,080 INFO 📄 Index 1 | Name: Brake (Unterweser) | fcl: A, fcode: ADM4 | ADM1: Lower Saxony, ADM2: , ADM3: Landkreis Wesermarsch, ADM4: Brake (Unterweser) | Latitude: 53.32525, Longitude: 8.465 | Score: 15.75, Population: 14884 | Fuzzy match: 71.42857142857143
2025-08-22 15:19:56,080 INFO Comparing database entry: unterweser with Schnappe returned from geonames.
2025-08-22 15:19:56,080 INFO 📄 Index 2 | Name: Schnappe | fcl: P, fcode: PPL | ADM1: Lower Saxony, ADM2: , ADM3: Landkreis Wesermarsch, ADM4: Brake (Unterweser) | Latitude: 53.35357, Longitude: 8.47053 | Score: 7.69, Population: 0 | Fuzzy match: 22.22222222222222
2025-08-22 15:19:56,080 INFO Comparing database entry: unterweser with Schmalenfletherwurp returned from geonames.
2025-08-22 15:19:56,080 INFO 📄 Index 3 | Name: Schmalenfletherwurp | fcl: P, fcode: PPL | ADM1: Lower Saxony, ADM2: , ADM3: Landkreis Wesermarsch, ADM4: Brake (Unterweser) | Latitude: 53.36761, Longitude: 8.44342 | Score: 7.69, Population: 0 | Fuzzy match: 41.379310344827594
2025-08-22 15:19:56,228 INFO Comparing database entry: unterweser with Brake (Unterweser) returned from geonames.
2025-08-22 15:19:56,228 INFO 📄 Index 0 | Name: Brake (Unterweser) | fcl: P, fcode: PPLA3 | ADM1: Lower Saxony, ADM2: , ADM3: Landkreis Wesermarsch, ADM4: Brake (Unterweser) | Latitude: 53.33333, Longitude: 8.48333 | Score: 15.87, Population: 16150 | Fuzzy match: 71.42857142857143
2025-08-22 15:19:56,228 INFO Comparing database entry: unterweser with Brake (Unterweser) returned from geonames.
2025-08-22 15:19:56,228 INFO 📄 Index 1 | Name: Brake (Unterweser) | fcl: A, fcode: ADM4 | ADM1: Lower Saxony, ADM2: , ADM3: Landkreis Wesermarsch, ADM4: Brake (Unterweser) | Latitude: 53.32525, Longitude: 8.465 | Score: 15.75, Population: 14884 | Fuzzy match: 71.42857142857143
2025-08-22 15:19:56,228 INFO Comparing database entry: unterweser with Schnappe returned from geonames.
2025-08-22 15:19:56,228 INFO 📄 Index 2 | Name: Schnappe | fcl: P, fcode: PPL | ADM1: Lower Saxony, ADM2: , ADM3: Landkreis Wesermarsch, ADM4: Brake (Unterweser) | Latitude: 53.35357, Longitude: 8.47053 | Score: 7.69, Population: 0 | Fuzzy match: 22.22222222222222
2025-08-22 15:19:56,228 INFO Comparing database entry: unterweser with Schmalenfletherwurp returned from geonames.
2025-08-22 15:19:56,228 INFO 📄 Index 3 | Name: Schmalenfletherwurp | fcl: P, fcode: PPL | ADM1: Lower Saxony, ADM2: , ADM3: Landkreis Wesermarsch, ADM4: Brake (Unterweser) | Latitude: 53.36761, Longitude: 8.44342 | Score: 7.69, Population: 0 | Fuzzy match: 41.379310344827594
2025-08-22 15:19:56,390 INFO Comparing database entry: unterweser with Brake (Unterweser) returned from geonames.
2025-08-22 15:19:56,390 INFO 📄 Index 0 | Name: Brake (Unterweser) | fcl: P, fcode: PPLA3 | ADM1: Lower Saxony, ADM2: , ADM3: Landkreis Wesermarsch, ADM4: Brake (Unterweser) | Latitude: 53.33333, Longitude: 8.48333 | Score: 15.87, Population: 16150 | Fuzzy match: 71.42857142857143
2025-08-22 15:19:56,390 INFO Comparing database entry: unterweser with Brake (Unterweser) returned from geonames.
2025-08-22 15:19:56,390 INFO 📄 Index 1 | Name: Brake (Unterweser) | fcl: A, fcode: ADM4 | ADM1: Lower Saxony, ADM2: , ADM3: Landkreis Wesermarsch, ADM4: Brake (Unterweser) | Latitude: 53.32525, Longitude: 8.465 | Score: 15.75, Population: 14884 | Fuzzy match: 71.42857142857143
2025-08-22 15:19:56,390 INFO Comparing database entry: unterweser with Schnappe returned from geonames.
2025-08-22 15:19:56,391 INFO 📄 Index 2 | Name: Schnappe | fcl: P, fcode: PPL | ADM1: Lower Saxony, ADM2: , ADM3: Landkreis Wesermarsch, ADM4: Brake (Unterweser) | Latitude: 53.35357, Longitude: 8.47053 | Score: 7.69, Population: 0 | Fuzzy match: 22.22222222222222
2025-08-22 15:19:56,391 INFO Comparing database entry: unterweser with Schmalenfletherwurp returned from geonames.
2025-08-22 15:19:56,391 INFO 📄 Index 3 | Name: Schmalenfletherwurp | fcl: P, fcode: PPL | ADM1: Lower Saxony, ADM2: , ADM3: Landkreis Wesermarsch, ADM4: Brake (Unterweser) | Latitude: 53.36761, Longitude: 8.44342 | Score: 7.69, Population: 0 | Fuzzy match: 41.379310344827594
2025-08-22 15:19:56,541 INFO Comparing database entry: unterweser with Brake (Unterweser) returned from geonames.
2025-08-22 15:19:56,542 INFO 📄 Index 0 | Name: Brake (Unterweser) | fcl: P, fcode: PPLA3 | ADM1: Lower Saxony, ADM2: , ADM3: Landkreis Wesermarsch, ADM4: Brake (Unterweser) | Latitude: 53.33333, Longitude: 8.48333 | Score: 15.87, Population: 16150 | Fuzzy match: 71.42857142857143
2025-08-22 15:19:56,542 INFO Comparing database entry: unterweser with Brake (Unterweser) returned from geonames.
2025-08-22 15:19:56,542 INFO 📄 Index 1 | Name: Brake (Unterweser) | fcl: A, fcode: ADM4 | ADM1: Lower Saxony, ADM2: , ADM3: Landkreis Wesermarsch, ADM4: Brake (Unterweser) | Latitude: 53.32525, Longitude: 8.465 | Score: 15.75, Population: 14884 | Fuzzy match: 71.42857142857143
2025-08-22 15:19:56,542 INFO Comparing database entry: unterweser with Schnappe returned from geonames.
2025-08-22 15:19:56,542 INFO 📄 Index 2 | Name: Schnappe | fcl: P, fcode: PPL | ADM1: Lower Saxony, ADM2: , ADM3: Landkreis Wesermarsch, ADM4: Brake (Unterweser) | Latitude: 53.35357, Longitude: 8.47053 | Score: 7.69, Population: 0 | Fuzzy match: 22.22222222222222
2025-08-22 15:19:56,542 INFO Comparing database entry: unterweser with Schmalenfletherwurp returned from geonames.
2025-08-22 15:19:56,542 INFO 📄 Index 3 | Name: Schmalenfletherwurp | fcl: P, fcode: PPL | ADM1: Lower Saxony, ADM2: , ADM3: Landkreis Wesermarsch, ADM4: Brake (Unterweser) | Latitude: 53.36761, Longitude: 8.44342 | Score: 7.69, Population: 0 | Fuzzy match: 41.379310344827594
2025-08-22 15:19:56,685 INFO Comparing database entry: unterweser with Brake (Unterweser) returned from geonames.
2025-08-22 15:19:56,686 INFO 📄 Index 0 | Name: Brake (Unterweser) | fcl: P, fcode: PPLA3 | ADM1: Lower Saxony, ADM2: , ADM3: Landkreis Wesermarsch, ADM4: Brake (Unterweser) | Latitude: 53.33333, Longitude: 8.48333 | Score: 15.87, Population: 16150 | Fuzzy match: 71.42857142857143
2025-08-22 15:19:56,686 INFO Comparing database entry: unterweser with Brake (Unterweser) returned from geonames.
2025-08-22 15:19:56,686 INFO 📄 Index 1 | Name: Brake (Unterweser) | fcl: A, fcode: ADM4 | ADM1: Lower Saxony, ADM2: , ADM3: Landkreis Wesermarsch, ADM4: Brake (Unterweser) | Latitude: 53.32525, Longitude: 8.465 | Score: 15.75, Population: 14884 | Fuzzy match: 71.42857142857143
2025-08-22 15:19:56,686 INFO Comparing database entry: unterweser with Schnappe returned from geonames.
2025-08-22 15:19:56,686 INFO 📄 Index 2 | Name: Schnappe | fcl: P, fcode: PPL | ADM1: Lower Saxony, ADM2: , ADM3: Landkreis Wesermarsch, ADM4: Brake (Unterweser) | Latitude: 53.35357, Longitude: 8.47053 | Score: 7.69, Population: 0 | Fuzzy match: 22.22222222222222
2025-08-22 15:19:56,686 INFO Comparing database entry: unterweser with Schmalenfletherwurp returned from geonames.
2025-08-22 15:19:56,686 INFO 📄 Index 3 | Name: Schmalenfletherwurp | fcl: P, fcode: PPL | ADM1: Lower Saxony, ADM2: , ADM3: Landkreis Wesermarsch, ADM4: Brake (Unterweser) | Latitude: 53.36761, Longitude: 8.44342 | Score: 7.69, Population: 0 | Fuzzy match: 41.379310344827594
2025-08-22 15:19:56,822 INFO Comparing database entry: unterweser with Brake (Unterweser) returned from geonames.
2025-08-22 15:19:56,823 INFO 📄 Index 0 | Name: Brake (Unterweser) | fcl: P, fcode: PPLA3 | ADM1: Lower Saxony, ADM2: , ADM3: Landkreis Wesermarsch, ADM4: Brake (Unterweser) | Latitude: 53.33333, Longitude: 8.48333 | Score: 15.87, Population: 16150 | Fuzzy match: 71.42857142857143
2025-08-22 15:19:56,823 INFO Comparing database entry: unterweser with Brake (Unterweser) returned from geonames.
2025-08-22 15:19:56,823 INFO 📄 Index 1 | Name: Brake (Unterweser) | fcl: A, fcode: ADM4 | ADM1: Lower Saxony, ADM2: , ADM3: Landkreis Wesermarsch, ADM4: Brake (Unterweser) | Latitude: 53.32525, Longitude: 8.465 | Score: 15.75, Population: 14884 | Fuzzy match: 71.42857142857143
2025-08-22 15:19:56,823 INFO Comparing database entry: unterweser with Schnappe returned from geonames.
2025-08-22 15:19:56,823 INFO 📄 Index 2 | Name: Schnappe | fcl: P, fcode: PPL | ADM1: Lower Saxony, ADM2: , ADM3: Landkreis Wesermarsch, ADM4: Brake (Unterweser) | Latitude: 53.35357, Longitude: 8.47053 | Score: 7.69, Population: 0 | Fuzzy match: 22.22222222222222
2025-08-22 15:19:56,823 INFO Comparing database entry: unterweser with Schmalenfletherwurp returned from geonames.
2025-08-22 15:19:56,823 INFO 📄 Index 3 | Name: Schmalenfletherwurp | fcl: P, fcode: PPL | ADM1: Lower Saxony, ADM2: , ADM3: Landkreis Wesermarsch, ADM4: Brake (Unterweser) | Latitude: 53.36761, Longitude: 8.44342 | Score: 7.69, Population: 0 | Fuzzy match: 41.379310344827594
2025-08-22 15:19:56,823 WARNING ❌ No match found with fuzzy score > 80 for city: unterweser
2025-08-22 15:19:56,823 WARNING ❌ Lookup failed for city='unterweser', iso2='DE'
