2025-08-19 17:04:08,833 INFO 🗺️ Starting GeoNames lookup for city='uelzen-suderburg', country='germany'
2025-08-19 17:04:08,833 INFO 📍 Location is present in the following articles: [ObjectId('684ebb5ef52f96b4e9dd75f1')]
2025-08-19 17:04:08,975 INFO Comparing database entry: uelzen-suderburg with Suderburg returned from geonames.
2025-08-19 17:04:08,975 INFO 📄 Index 0 | Name: Suderburg | fcl: A, fcode: ADM4 | ADM1: Lower Saxony, ADM2: , ADM3: Landkreis Uelzen, ADM4: Suderburg | Latitude: 52.9, Longitude: 10.4667 | Score: 18.03, Population: 4625 | Fuzzy match: 72.0
2025-08-19 17:04:08,975 INFO Comparing database entry: uelzen-suderburg with Suderburg returned from geonames.
2025-08-19 17:04:08,975 INFO 📄 Index 1 | Name: Suderburg | fcl: P, fcode: PPLA4 | ADM1: Lower Saxony, ADM2: , ADM3: Landkreis Uelzen, ADM4: Suderburg | Latitude: 52.89586, Longitude: 10.45141 | Score: 14.94, Population: 4778 | Fuzzy match: 72.0
2025-08-19 17:04:08,975 INFO Comparing database entry: uelzen-suderburg with Böddenstedt returned from geonames.
2025-08-19 17:04:08,975 INFO 📄 Index 2 | Name: Böddenstedt | fcl: P, fcode: PPL | ADM1: Lower Saxony, ADM2: , ADM3: Landkreis Uelzen, ADM4: Suderburg | Latitude: 52.93095, Longitude: 10.44233 | Score: 13.78, Population: 0 | Fuzzy match: 29.629629629629626
2025-08-19 17:04:08,975 INFO Comparing database entry: uelzen-suderburg with Hösseringen returned from geonames.
2025-08-19 17:04:08,975 INFO 📄 Index 3 | Name: Hösseringen | fcl: P, fcode: PPL | ADM1: Lower Saxony, ADM2: , ADM3: Landkreis Uelzen, ADM4: Suderburg | Latitude: 52.85908, Longitude: 10.41658 | Score: 12.10, Population: 0 | Fuzzy match: 29.629629629629626
2025-08-19 17:04:09,110 INFO Comparing database entry: uelzen-suderburg with Suderburg returned from geonames.
2025-08-19 17:04:09,110 INFO 📄 Index 0 | Name: Suderburg | fcl: A, fcode: ADM4 | ADM1: Lower Saxony, ADM2: , ADM3: Landkreis Uelzen, ADM4: Suderburg | Latitude: 52.9, Longitude: 10.4667 | Score: 18.03, Population: 4625 | Fuzzy match: 72.0
2025-08-19 17:04:09,110 INFO Comparing database entry: uelzen-suderburg with Suderburg returned from geonames.
2025-08-19 17:04:09,110 INFO 📄 Index 1 | Name: Suderburg | fcl: P, fcode: PPLA4 | ADM1: Lower Saxony, ADM2: , ADM3: Landkreis Uelzen, ADM4: Suderburg | Latitude: 52.89586, Longitude: 10.45141 | Score: 14.94, Population: 4778 | Fuzzy match: 72.0
2025-08-19 17:04:09,110 INFO Comparing database entry: uelzen-suderburg with Böddenstedt returned from geonames.
2025-08-19 17:04:09,110 INFO 📄 Index 2 | Name: Böddenstedt | fcl: P, fcode: PPL | ADM1: Lower Saxony, ADM2: , ADM3: Landkreis Uelzen, ADM4: Suderburg | Latitude: 52.93095, Longitude: 10.44233 | Score: 13.78, Population: 0 | Fuzzy match: 29.629629629629626
2025-08-19 17:04:09,110 INFO Comparing database entry: uelzen-suderburg with Hösseringen returned from geonames.
2025-08-19 17:04:09,110 INFO 📄 Index 3 | Name: Hösseringen | fcl: P, fcode: PPL | ADM1: Lower Saxony, ADM2: , ADM3: Landkreis Uelzen, ADM4: Suderburg | Latitude: 52.85908, Longitude: 10.41658 | Score: 12.10, Population: 0 | Fuzzy match: 29.629629629629626
2025-08-19 17:04:09,237 INFO Comparing database entry: uelzen-suderburg with Suderburg returned from geonames.
2025-08-19 17:04:09,237 INFO 📄 Index 0 | Name: Suderburg | fcl: A, fcode: ADM4 | ADM1: Lower Saxony, ADM2: , ADM3: Landkreis Uelzen, ADM4: Suderburg | Latitude: 52.9, Longitude: 10.4667 | Score: 18.03, Population: 4625 | Fuzzy match: 72.0
2025-08-19 17:04:09,237 INFO Comparing database entry: uelzen-suderburg with Suderburg returned from geonames.
2025-08-19 17:04:09,237 INFO 📄 Index 1 | Name: Suderburg | fcl: P, fcode: PPLA4 | ADM1: Lower Saxony, ADM2: , ADM3: Landkreis Uelzen, ADM4: Suderburg | Latitude: 52.89586, Longitude: 10.45141 | Score: 14.94, Population: 4778 | Fuzzy match: 72.0
2025-08-19 17:04:09,237 INFO Comparing database entry: uelzen-suderburg with Böddenstedt returned from geonames.
2025-08-19 17:04:09,237 INFO 📄 Index 2 | Name: Böddenstedt | fcl: P, fcode: PPL | ADM1: Lower Saxony, ADM2: , ADM3: Landkreis Uelzen, ADM4: Suderburg | Latitude: 52.93095, Longitude: 10.44233 | Score: 13.78, Population: 0 | Fuzzy match: 29.629629629629626
2025-08-19 17:04:09,237 INFO Comparing database entry: uelzen-suderburg with Hösseringen returned from geonames.
2025-08-19 17:04:09,237 INFO 📄 Index 3 | Name: Hösseringen | fcl: P, fcode: PPL | ADM1: Lower Saxony, ADM2: , ADM3: Landkreis Uelzen, ADM4: Suderburg | Latitude: 52.85908, Longitude: 10.41658 | Score: 12.10, Population: 0 | Fuzzy match: 29.629629629629626
2025-08-19 17:04:09,398 INFO Comparing database entry: uelzen-suderburg with Suderburg returned from geonames.
2025-08-19 17:04:09,398 INFO 📄 Index 0 | Name: Suderburg | fcl: A, fcode: ADM4 | ADM1: Lower Saxony, ADM2: , ADM3: Landkreis Uelzen, ADM4: Suderburg | Latitude: 52.9, Longitude: 10.4667 | Score: 18.03, Population: 4625 | Fuzzy match: 72.0
2025-08-19 17:04:09,398 INFO Comparing database entry: uelzen-suderburg with Suderburg returned from geonames.
2025-08-19 17:04:09,398 INFO 📄 Index 1 | Name: Suderburg | fcl: P, fcode: PPLA4 | ADM1: Lower Saxony, ADM2: , ADM3: Landkreis Uelzen, ADM4: Suderburg | Latitude: 52.89586, Longitude: 10.45141 | Score: 14.94, Population: 4778 | Fuzzy match: 72.0
2025-08-19 17:04:09,398 INFO Comparing database entry: uelzen-suderburg with Böddenstedt returned from geonames.
2025-08-19 17:04:09,398 INFO 📄 Index 2 | Name: Böddenstedt | fcl: P, fcode: PPL | ADM1: Lower Saxony, ADM2: , ADM3: Landkreis Uelzen, ADM4: Suderburg | Latitude: 52.93095, Longitude: 10.44233 | Score: 13.78, Population: 0 | Fuzzy match: 29.629629629629626
2025-08-19 17:04:09,398 INFO Comparing database entry: uelzen-suderburg with Hösseringen returned from geonames.
2025-08-19 17:04:09,398 INFO 📄 Index 3 | Name: Hösseringen | fcl: P, fcode: PPL | ADM1: Lower Saxony, ADM2: , ADM3: Landkreis Uelzen, ADM4: Suderburg | Latitude: 52.85908, Longitude: 10.41658 | Score: 12.10, Population: 0 | Fuzzy match: 29.629629629629626
2025-08-19 17:04:09,539 INFO Comparing database entry: uelzen-suderburg with Suderburg returned from geonames.
2025-08-19 17:04:09,539 INFO 📄 Index 0 | Name: Suderburg | fcl: A, fcode: ADM4 | ADM1: Lower Saxony, ADM2: , ADM3: Landkreis Uelzen, ADM4: Suderburg | Latitude: 52.9, Longitude: 10.4667 | Score: 18.03, Population: 4625 | Fuzzy match: 72.0
2025-08-19 17:04:09,539 INFO Comparing database entry: uelzen-suderburg with Suderburg returned from geonames.
2025-08-19 17:04:09,539 INFO 📄 Index 1 | Name: Suderburg | fcl: P, fcode: PPLA4 | ADM1: Lower Saxony, ADM2: , ADM3: Landkreis Uelzen, ADM4: Suderburg | Latitude: 52.89586, Longitude: 10.45141 | Score: 14.94, Population: 4778 | Fuzzy match: 72.0
2025-08-19 17:04:09,539 INFO Comparing database entry: uelzen-suderburg with Böddenstedt returned from geonames.
2025-08-19 17:04:09,540 INFO 📄 Index 2 | Name: Böddenstedt | fcl: P, fcode: PPL | ADM1: Lower Saxony, ADM2: , ADM3: Landkreis Uelzen, ADM4: Suderburg | Latitude: 52.93095, Longitude: 10.44233 | Score: 13.78, Population: 0 | Fuzzy match: 29.629629629629626
2025-08-19 17:04:09,540 INFO Comparing database entry: uelzen-suderburg with Hösseringen returned from geonames.
2025-08-19 17:04:09,540 INFO 📄 Index 3 | Name: Hösseringen | fcl: P, fcode: PPL | ADM1: Lower Saxony, ADM2: , ADM3: Landkreis Uelzen, ADM4: Suderburg | Latitude: 52.85908, Longitude: 10.41658 | Score: 12.10, Population: 0 | Fuzzy match: 29.629629629629626
2025-08-19 17:04:09,707 INFO Comparing database entry: uelzen-suderburg with Suderburg returned from geonames.
2025-08-19 17:04:09,707 INFO 📄 Index 0 | Name: Suderburg | fcl: A, fcode: ADM4 | ADM1: Lower Saxony, ADM2: , ADM3: Landkreis Uelzen, ADM4: Suderburg | Latitude: 52.9, Longitude: 10.4667 | Score: 18.03, Population: 4625 | Fuzzy match: 72.0
2025-08-19 17:04:09,707 INFO Comparing database entry: uelzen-suderburg with Suderburg returned from geonames.
2025-08-19 17:04:09,707 INFO 📄 Index 1 | Name: Suderburg | fcl: P, fcode: PPLA4 | ADM1: Lower Saxony, ADM2: , ADM3: Landkreis Uelzen, ADM4: Suderburg | Latitude: 52.89586, Longitude: 10.45141 | Score: 14.94, Population: 4778 | Fuzzy match: 72.0
2025-08-19 17:04:09,707 INFO Comparing database entry: uelzen-suderburg with Böddenstedt returned from geonames.
2025-08-19 17:04:09,707 INFO 📄 Index 2 | Name: Böddenstedt | fcl: P, fcode: PPL | ADM1: Lower Saxony, ADM2: , ADM3: Landkreis Uelzen, ADM4: Suderburg | Latitude: 52.93095, Longitude: 10.44233 | Score: 13.78, Population: 0 | Fuzzy match: 29.629629629629626
2025-08-19 17:04:09,707 INFO Comparing database entry: uelzen-suderburg with Hösseringen returned from geonames.
2025-08-19 17:04:09,707 INFO 📄 Index 3 | Name: Hösseringen | fcl: P, fcode: PPL | ADM1: Lower Saxony, ADM2: , ADM3: Landkreis Uelzen, ADM4: Suderburg | Latitude: 52.85908, Longitude: 10.41658 | Score: 12.10, Population: 0 | Fuzzy match: 29.629629629629626
2025-08-19 17:04:09,708 WARNING ❌ No match found with fuzzy score > 80 for city: uelzen-suderburg
2025-08-19 17:04:09,708 WARNING ❌ Lookup failed for city='uelzensuderburg', iso2='DE'
