2025-08-19 17:11:41,107 INFO 🗺️ Starting GeoNames lookup for city='vaihingen-enz', country='germany'
2025-08-19 17:11:41,107 INFO 📍 Location is present in the following articles: [ObjectId('68a34d2355f8a4c6a03cb009')]
2025-08-19 17:11:41,279 INFO Comparing database entry: vaihingen-enz with Vaihingen an der Enz returned from geonames.
2025-08-19 17:11:41,280 INFO 📄 Index 0 | Name: Vaihingen an der Enz | fcl: P, fcode: PPL | ADM1: Baden-Wurttemberg, ADM2: Regierungsbezirk Stuttgart, ADM3: Landkreis Ludwigsburg, ADM4: Vaihingen an der Enz | Latitude: 48.93563, Longitude: 8.96045 | Score: 39.12, Population: 28867 | Fuzzy match: 54.54545454545454
2025-08-19 17:11:41,280 INFO Comparing database entry: vaihingen-enz with Vaihingen an der Enz returned from geonames.
2025-08-19 17:11:41,280 INFO 📄 Index 1 | Name: Vaihingen an der Enz | fcl: A, fcode: ADM4 | ADM1: Baden-Wurttemberg, ADM2: Regierungsbezirk Stuttgart, ADM3: Landkreis Ludwigsburg, ADM4: Vaihingen an der Enz | Latitude: 48.9354, Longitude: 8.9606 | Score: 16.44, Population: 29154 | Fuzzy match: 54.54545454545454
2025-08-19 17:11:41,280 INFO Comparing database entry: vaihingen-enz with Enzweihingen returned from geonames.
2025-08-19 17:11:41,280 INFO 📄 Index 2 | Name: Enzweihingen | fcl: P, fcode: PPL | ADM1: Baden-Wurttemberg, ADM2: Regierungsbezirk Stuttgart, ADM3: Landkreis Ludwigsburg, ADM4: Vaihingen an der Enz | Latitude: 48.91696, Longitude: 8.98338 | Score: 13.36, Population: 0 | Fuzzy match: 56.00000000000001
2025-08-19 17:11:41,280 INFO Comparing database entry: vaihingen-enz with Riet returned from geonames.
2025-08-19 17:11:41,280 INFO 📄 Index 3 | Name: Riet | fcl: P, fcode: PPL | ADM1: Baden-Wurttemberg, ADM2: Regierungsbezirk Stuttgart, ADM3: Landkreis Ludwigsburg, ADM4: Vaihingen an der Enz | Latitude: 48.89204, Longitude: 8.9718 | Score: 13.36, Population: 0 | Fuzzy match: 23.529411764705888
2025-08-19 17:11:41,468 INFO Comparing database entry: vaihingen-enz with Vaihingen an der Enz returned from geonames.
2025-08-19 17:11:41,468 INFO 📄 Index 0 | Name: Vaihingen an der Enz | fcl: P, fcode: PPL | ADM1: Baden-Wurttemberg, ADM2: Regierungsbezirk Stuttgart, ADM3: Landkreis Ludwigsburg, ADM4: Vaihingen an der Enz | Latitude: 48.93563, Longitude: 8.96045 | Score: 39.12, Population: 28867 | Fuzzy match: 54.54545454545454
2025-08-19 17:11:41,469 INFO Comparing database entry: vaihingen-enz with Vaihingen an der Enz returned from geonames.
2025-08-19 17:11:41,469 INFO 📄 Index 1 | Name: Vaihingen an der Enz | fcl: A, fcode: ADM4 | ADM1: Baden-Wurttemberg, ADM2: Regierungsbezirk Stuttgart, ADM3: Landkreis Ludwigsburg, ADM4: Vaihingen an der Enz | Latitude: 48.9354, Longitude: 8.9606 | Score: 16.44, Population: 29154 | Fuzzy match: 54.54545454545454
2025-08-19 17:11:41,469 INFO Comparing database entry: vaihingen-enz with Enzweihingen returned from geonames.
2025-08-19 17:11:41,469 INFO 📄 Index 2 | Name: Enzweihingen | fcl: P, fcode: PPL | ADM1: Baden-Wurttemberg, ADM2: Regierungsbezirk Stuttgart, ADM3: Landkreis Ludwigsburg, ADM4: Vaihingen an der Enz | Latitude: 48.91696, Longitude: 8.98338 | Score: 13.36, Population: 0 | Fuzzy match: 56.00000000000001
2025-08-19 17:11:41,469 INFO Comparing database entry: vaihingen-enz with Riet returned from geonames.
2025-08-19 17:11:41,469 INFO 📄 Index 3 | Name: Riet | fcl: P, fcode: PPL | ADM1: Baden-Wurttemberg, ADM2: Regierungsbezirk Stuttgart, ADM3: Landkreis Ludwigsburg, ADM4: Vaihingen an der Enz | Latitude: 48.89204, Longitude: 8.9718 | Score: 13.36, Population: 0 | Fuzzy match: 23.529411764705888
2025-08-19 17:11:41,621 INFO Comparing database entry: vaihingen-enz with Vaihingen an der Enz returned from geonames.
2025-08-19 17:11:41,621 INFO 📄 Index 0 | Name: Vaihingen an der Enz | fcl: P, fcode: PPL | ADM1: Baden-Wurttemberg, ADM2: Regierungsbezirk Stuttgart, ADM3: Landkreis Ludwigsburg, ADM4: Vaihingen an der Enz | Latitude: 48.93563, Longitude: 8.96045 | Score: 39.12, Population: 28867 | Fuzzy match: 54.54545454545454
2025-08-19 17:11:41,621 INFO Comparing database entry: vaihingen-enz with Vaihingen an der Enz returned from geonames.
2025-08-19 17:11:41,621 INFO 📄 Index 1 | Name: Vaihingen an der Enz | fcl: A, fcode: ADM4 | ADM1: Baden-Wurttemberg, ADM2: Regierungsbezirk Stuttgart, ADM3: Landkreis Ludwigsburg, ADM4: Vaihingen an der Enz | Latitude: 48.9354, Longitude: 8.9606 | Score: 16.44, Population: 29154 | Fuzzy match: 54.54545454545454
2025-08-19 17:11:41,621 INFO Comparing database entry: vaihingen-enz with Enzweihingen returned from geonames.
2025-08-19 17:11:41,621 INFO 📄 Index 2 | Name: Enzweihingen | fcl: P, fcode: PPL | ADM1: Baden-Wurttemberg, ADM2: Regierungsbezirk Stuttgart, ADM3: Landkreis Ludwigsburg, ADM4: Vaihingen an der Enz | Latitude: 48.91696, Longitude: 8.98338 | Score: 13.36, Population: 0 | Fuzzy match: 56.00000000000001
2025-08-19 17:11:41,621 INFO Comparing database entry: vaihingen-enz with Riet returned from geonames.
2025-08-19 17:11:41,621 INFO 📄 Index 3 | Name: Riet | fcl: P, fcode: PPL | ADM1: Baden-Wurttemberg, ADM2: Regierungsbezirk Stuttgart, ADM3: Landkreis Ludwigsburg, ADM4: Vaihingen an der Enz | Latitude: 48.89204, Longitude: 8.9718 | Score: 13.36, Population: 0 | Fuzzy match: 23.529411764705888
2025-08-19 17:11:41,769 INFO Comparing database entry: vaihingen-enz with Vaihingen an der Enz returned from geonames.
2025-08-19 17:11:41,769 INFO 📄 Index 0 | Name: Vaihingen an der Enz | fcl: P, fcode: PPL | ADM1: Baden-Wurttemberg, ADM2: Regierungsbezirk Stuttgart, ADM3: Landkreis Ludwigsburg, ADM4: Vaihingen an der Enz | Latitude: 48.93563, Longitude: 8.96045 | Score: 39.12, Population: 28867 | Fuzzy match: 54.54545454545454
2025-08-19 17:11:41,769 INFO Comparing database entry: vaihingen-enz with Vaihingen an der Enz returned from geonames.
2025-08-19 17:11:41,769 INFO 📄 Index 1 | Name: Vaihingen an der Enz | fcl: A, fcode: ADM4 | ADM1: Baden-Wurttemberg, ADM2: Regierungsbezirk Stuttgart, ADM3: Landkreis Ludwigsburg, ADM4: Vaihingen an der Enz | Latitude: 48.9354, Longitude: 8.9606 | Score: 16.44, Population: 29154 | Fuzzy match: 54.54545454545454
2025-08-19 17:11:41,769 INFO Comparing database entry: vaihingen-enz with Enzweihingen returned from geonames.
2025-08-19 17:11:41,770 INFO 📄 Index 2 | Name: Enzweihingen | fcl: P, fcode: PPL | ADM1: Baden-Wurttemberg, ADM2: Regierungsbezirk Stuttgart, ADM3: Landkreis Ludwigsburg, ADM4: Vaihingen an der Enz | Latitude: 48.91696, Longitude: 8.98338 | Score: 13.36, Population: 0 | Fuzzy match: 56.00000000000001
2025-08-19 17:11:41,770 INFO Comparing database entry: vaihingen-enz with Riet returned from geonames.
2025-08-19 17:11:41,770 INFO 📄 Index 3 | Name: Riet | fcl: P, fcode: PPL | ADM1: Baden-Wurttemberg, ADM2: Regierungsbezirk Stuttgart, ADM3: Landkreis Ludwigsburg, ADM4: Vaihingen an der Enz | Latitude: 48.89204, Longitude: 8.9718 | Score: 13.36, Population: 0 | Fuzzy match: 23.529411764705888
2025-08-19 17:11:41,919 INFO Comparing database entry: vaihingen-enz with Vaihingen an der Enz returned from geonames.
2025-08-19 17:11:41,920 INFO 📄 Index 0 | Name: Vaihingen an der Enz | fcl: P, fcode: PPL | ADM1: Baden-Wurttemberg, ADM2: Regierungsbezirk Stuttgart, ADM3: Landkreis Ludwigsburg, ADM4: Vaihingen an der Enz | Latitude: 48.93563, Longitude: 8.96045 | Score: 39.12, Population: 28867 | Fuzzy match: 54.54545454545454
2025-08-19 17:11:41,920 INFO Comparing database entry: vaihingen-enz with Vaihingen an der Enz returned from geonames.
2025-08-19 17:11:41,920 INFO 📄 Index 1 | Name: Vaihingen an der Enz | fcl: A, fcode: ADM4 | ADM1: Baden-Wurttemberg, ADM2: Regierungsbezirk Stuttgart, ADM3: Landkreis Ludwigsburg, ADM4: Vaihingen an der Enz | Latitude: 48.9354, Longitude: 8.9606 | Score: 16.44, Population: 29154 | Fuzzy match: 54.54545454545454
2025-08-19 17:11:41,920 INFO Comparing database entry: vaihingen-enz with Enzweihingen returned from geonames.
2025-08-19 17:11:41,920 INFO 📄 Index 2 | Name: Enzweihingen | fcl: P, fcode: PPL | ADM1: Baden-Wurttemberg, ADM2: Regierungsbezirk Stuttgart, ADM3: Landkreis Ludwigsburg, ADM4: Vaihingen an der Enz | Latitude: 48.91696, Longitude: 8.98338 | Score: 13.36, Population: 0 | Fuzzy match: 56.00000000000001
2025-08-19 17:11:41,920 INFO Comparing database entry: vaihingen-enz with Riet returned from geonames.
2025-08-19 17:11:41,920 INFO 📄 Index 3 | Name: Riet | fcl: P, fcode: PPL | ADM1: Baden-Wurttemberg, ADM2: Regierungsbezirk Stuttgart, ADM3: Landkreis Ludwigsburg, ADM4: Vaihingen an der Enz | Latitude: 48.89204, Longitude: 8.9718 | Score: 13.36, Population: 0 | Fuzzy match: 23.529411764705888
2025-08-19 17:11:42,077 INFO Comparing database entry: vaihingen-enz with Vaihingen an der Enz returned from geonames.
2025-08-19 17:11:42,077 INFO 📄 Index 0 | Name: Vaihingen an der Enz | fcl: P, fcode: PPL | ADM1: Baden-Wurttemberg, ADM2: Regierungsbezirk Stuttgart, ADM3: Landkreis Ludwigsburg, ADM4: Vaihingen an der Enz | Latitude: 48.93563, Longitude: 8.96045 | Score: 39.12, Population: 28867 | Fuzzy match: 54.54545454545454
2025-08-19 17:11:42,077 INFO Comparing database entry: vaihingen-enz with Vaihingen an der Enz returned from geonames.
2025-08-19 17:11:42,077 INFO 📄 Index 1 | Name: Vaihingen an der Enz | fcl: A, fcode: ADM4 | ADM1: Baden-Wurttemberg, ADM2: Regierungsbezirk Stuttgart, ADM3: Landkreis Ludwigsburg, ADM4: Vaihingen an der Enz | Latitude: 48.9354, Longitude: 8.9606 | Score: 16.44, Population: 29154 | Fuzzy match: 54.54545454545454
2025-08-19 17:11:42,077 INFO Comparing database entry: vaihingen-enz with Enzweihingen returned from geonames.
2025-08-19 17:11:42,077 INFO 📄 Index 2 | Name: Enzweihingen | fcl: P, fcode: PPL | ADM1: Baden-Wurttemberg, ADM2: Regierungsbezirk Stuttgart, ADM3: Landkreis Ludwigsburg, ADM4: Vaihingen an der Enz | Latitude: 48.91696, Longitude: 8.98338 | Score: 13.36, Population: 0 | Fuzzy match: 56.00000000000001
2025-08-19 17:11:42,077 INFO Comparing database entry: vaihingen-enz with Riet returned from geonames.
2025-08-19 17:11:42,077 INFO 📄 Index 3 | Name: Riet | fcl: P, fcode: PPL | ADM1: Baden-Wurttemberg, ADM2: Regierungsbezirk Stuttgart, ADM3: Landkreis Ludwigsburg, ADM4: Vaihingen an der Enz | Latitude: 48.89204, Longitude: 8.9718 | Score: 13.36, Population: 0 | Fuzzy match: 23.529411764705888
2025-08-19 17:11:42,077 WARNING ❌ No match found with fuzzy score > 80 for city: vaihingen-enz
2025-08-19 17:11:42,077 WARNING ❌ Lookup failed for city='vaihingenenz', iso2='DE'
