2025-08-23 18:50:44,228 INFO 🗺️ Starting GeoNames lookup for city='waldshut', country='germany'
2025-08-23 18:50:44,228 INFO 📍 Location is present in the following articles: [ObjectId('67fa625c38fb90ab92f8c195')]
2025-08-23 18:50:44,397 INFO Comparing database entry: waldshut with Waldshut-Tiengen returned from geonames.
2025-08-23 18:50:44,397 INFO 📄 Index 0 | Name: Waldshut-Tiengen | fcl: P, fcode: PPLA3 | ADM1: Baden-Wurttemberg, ADM2: Freiburg Region, ADM3: Landkreis Waldshut, ADM4: Waldshut-Tiengen | Latitude: 47.62323, Longitude: 8.21717 | Score: 28.61, Population: 22404 | Fuzzy match: 66.66666666666667
2025-08-23 18:50:44,397 INFO Comparing database entry: waldshut with Bad Säckingen returned from geonames.
2025-08-23 18:50:44,397 INFO 📄 Index 1 | Name: Bad Säckingen | fcl: P, fcode: PPL | ADM1: Baden-Wurttemberg, ADM2: Freiburg Region, ADM3: Landkreis Waldshut, ADM4: Bad Säckingen | Latitude: 47.55371, Longitude: 7.94612 | Score: 24.61, Population: 16549 | Fuzzy match: 28.57142857142857
2025-08-23 18:50:44,397 INFO Comparing database entry: waldshut with Saint Blasien returned from geonames.
2025-08-23 18:50:44,397 INFO 📄 Index 2 | Name: Saint Blasien | fcl: P, fcode: PPL | ADM1: Baden-Wurttemberg, ADM2: Freiburg Region, ADM3: Landkreis Waldshut, ADM4: St. Blasien | Latitude: 47.76252, Longitude: 8.12714 | Score: 23.60, Population: 4111 | Fuzzy match: 28.57142857142857
2025-08-23 18:50:44,397 INFO Comparing database entry: waldshut with Stühlingen returned from geonames.
2025-08-23 18:50:44,397 INFO 📄 Index 3 | Name: Stühlingen | fcl: P, fcode: PPL | ADM1: Baden-Wurttemberg, ADM2: Freiburg Region, ADM3: Landkreis Waldshut, ADM4: Stühlingen | Latitude: 47.7458, Longitude: 8.44813 | Score: 23.60, Population: 5297 | Fuzzy match: 22.22222222222222
2025-08-23 18:50:44,542 INFO Comparing database entry: waldshut with Waldshut-Tiengen returned from geonames.
2025-08-23 18:50:44,543 INFO 📄 Index 0 | Name: Waldshut-Tiengen | fcl: P, fcode: PPLA3 | ADM1: Baden-Wurttemberg, ADM2: Freiburg Region, ADM3: Landkreis Waldshut, ADM4: Waldshut-Tiengen | Latitude: 47.62323, Longitude: 8.21717 | Score: 28.61, Population: 22404 | Fuzzy match: 66.66666666666667
2025-08-23 18:50:44,543 INFO Comparing database entry: waldshut with Bad Säckingen returned from geonames.
2025-08-23 18:50:44,544 INFO 📄 Index 1 | Name: Bad Säckingen | fcl: P, fcode: PPL | ADM1: Baden-Wurttemberg, ADM2: Freiburg Region, ADM3: Landkreis Waldshut, ADM4: Bad Säckingen | Latitude: 47.55371, Longitude: 7.94612 | Score: 24.61, Population: 16549 | Fuzzy match: 28.57142857142857
2025-08-23 18:50:44,544 INFO Comparing database entry: waldshut with Saint Blasien returned from geonames.
2025-08-23 18:50:44,544 INFO 📄 Index 2 | Name: Saint Blasien | fcl: P, fcode: PPL | ADM1: Baden-Wurttemberg, ADM2: Freiburg Region, ADM3: Landkreis Waldshut, ADM4: St. Blasien | Latitude: 47.76252, Longitude: 8.12714 | Score: 23.60, Population: 4111 | Fuzzy match: 28.57142857142857
2025-08-23 18:50:44,545 INFO Comparing database entry: waldshut with Stühlingen returned from geonames.
2025-08-23 18:50:44,545 INFO 📄 Index 3 | Name: Stühlingen | fcl: P, fcode: PPL | ADM1: Baden-Wurttemberg, ADM2: Freiburg Region, ADM3: Landkreis Waldshut, ADM4: Stühlingen | Latitude: 47.7458, Longitude: 8.44813 | Score: 23.60, Population: 5297 | Fuzzy match: 22.22222222222222
2025-08-23 18:50:44,701 INFO Comparing database entry: waldshut with Waldshut-Tiengen returned from geonames.
2025-08-23 18:50:44,701 INFO 📄 Index 0 | Name: Waldshut-Tiengen | fcl: P, fcode: PPLA3 | ADM1: Baden-Wurttemberg, ADM2: Freiburg Region, ADM3: Landkreis Waldshut, ADM4: Waldshut-Tiengen | Latitude: 47.62323, Longitude: 8.21717 | Score: 28.61, Population: 22404 | Fuzzy match: 66.66666666666667
2025-08-23 18:50:44,701 INFO Comparing database entry: waldshut with Bad Säckingen returned from geonames.
2025-08-23 18:50:44,701 INFO 📄 Index 1 | Name: Bad Säckingen | fcl: P, fcode: PPL | ADM1: Baden-Wurttemberg, ADM2: Freiburg Region, ADM3: Landkreis Waldshut, ADM4: Bad Säckingen | Latitude: 47.55371, Longitude: 7.94612 | Score: 24.61, Population: 16549 | Fuzzy match: 28.57142857142857
2025-08-23 18:50:44,701 INFO Comparing database entry: waldshut with Saint Blasien returned from geonames.
2025-08-23 18:50:44,701 INFO 📄 Index 2 | Name: Saint Blasien | fcl: P, fcode: PPL | ADM1: Baden-Wurttemberg, ADM2: Freiburg Region, ADM3: Landkreis Waldshut, ADM4: St. Blasien | Latitude: 47.76252, Longitude: 8.12714 | Score: 23.60, Population: 4111 | Fuzzy match: 28.57142857142857
2025-08-23 18:50:44,701 INFO Comparing database entry: waldshut with Stühlingen returned from geonames.
2025-08-23 18:50:44,701 INFO 📄 Index 3 | Name: Stühlingen | fcl: P, fcode: PPL | ADM1: Baden-Wurttemberg, ADM2: Freiburg Region, ADM3: Landkreis Waldshut, ADM4: Stühlingen | Latitude: 47.7458, Longitude: 8.44813 | Score: 23.60, Population: 5297 | Fuzzy match: 22.22222222222222
2025-08-23 18:50:44,848 INFO Comparing database entry: waldshut with Waldshut-Tiengen returned from geonames.
2025-08-23 18:50:44,848 INFO 📄 Index 0 | Name: Waldshut-Tiengen | fcl: P, fcode: PPLA3 | ADM1: Baden-Wurttemberg, ADM2: Freiburg Region, ADM3: Landkreis Waldshut, ADM4: Waldshut-Tiengen | Latitude: 47.62323, Longitude: 8.21717 | Score: 28.61, Population: 22404 | Fuzzy match: 66.66666666666667
2025-08-23 18:50:44,849 INFO Comparing database entry: waldshut with Bad Säckingen returned from geonames.
2025-08-23 18:50:44,849 INFO 📄 Index 1 | Name: Bad Säckingen | fcl: P, fcode: PPL | ADM1: Baden-Wurttemberg, ADM2: Freiburg Region, ADM3: Landkreis Waldshut, ADM4: Bad Säckingen | Latitude: 47.55371, Longitude: 7.94612 | Score: 24.61, Population: 16549 | Fuzzy match: 28.57142857142857
2025-08-23 18:50:44,849 INFO Comparing database entry: waldshut with Saint Blasien returned from geonames.
2025-08-23 18:50:44,849 INFO 📄 Index 2 | Name: Saint Blasien | fcl: P, fcode: PPL | ADM1: Baden-Wurttemberg, ADM2: Freiburg Region, ADM3: Landkreis Waldshut, ADM4: St. Blasien | Latitude: 47.76252, Longitude: 8.12714 | Score: 23.60, Population: 4111 | Fuzzy match: 28.57142857142857
2025-08-23 18:50:44,849 INFO Comparing database entry: waldshut with Stühlingen returned from geonames.
2025-08-23 18:50:44,849 INFO 📄 Index 3 | Name: Stühlingen | fcl: P, fcode: PPL | ADM1: Baden-Wurttemberg, ADM2: Freiburg Region, ADM3: Landkreis Waldshut, ADM4: Stühlingen | Latitude: 47.7458, Longitude: 8.44813 | Score: 23.60, Population: 5297 | Fuzzy match: 22.22222222222222
2025-08-23 18:50:44,996 INFO Comparing database entry: waldshut with Waldshut-Tiengen returned from geonames.
2025-08-23 18:50:44,996 INFO 📄 Index 0 | Name: Waldshut-Tiengen | fcl: P, fcode: PPLA3 | ADM1: Baden-Wurttemberg, ADM2: Freiburg Region, ADM3: Landkreis Waldshut, ADM4: Waldshut-Tiengen | Latitude: 47.62323, Longitude: 8.21717 | Score: 28.61, Population: 22404 | Fuzzy match: 66.66666666666667
2025-08-23 18:50:44,996 INFO Comparing database entry: waldshut with Bad Säckingen returned from geonames.
2025-08-23 18:50:44,996 INFO 📄 Index 1 | Name: Bad Säckingen | fcl: P, fcode: PPL | ADM1: Baden-Wurttemberg, ADM2: Freiburg Region, ADM3: Landkreis Waldshut, ADM4: Bad Säckingen | Latitude: 47.55371, Longitude: 7.94612 | Score: 24.61, Population: 16549 | Fuzzy match: 28.57142857142857
2025-08-23 18:50:44,996 INFO Comparing database entry: waldshut with Saint Blasien returned from geonames.
2025-08-23 18:50:44,996 INFO 📄 Index 2 | Name: Saint Blasien | fcl: P, fcode: PPL | ADM1: Baden-Wurttemberg, ADM2: Freiburg Region, ADM3: Landkreis Waldshut, ADM4: St. Blasien | Latitude: 47.76252, Longitude: 8.12714 | Score: 23.60, Population: 4111 | Fuzzy match: 28.57142857142857
2025-08-23 18:50:44,996 INFO Comparing database entry: waldshut with Stühlingen returned from geonames.
2025-08-23 18:50:44,996 INFO 📄 Index 3 | Name: Stühlingen | fcl: P, fcode: PPL | ADM1: Baden-Wurttemberg, ADM2: Freiburg Region, ADM3: Landkreis Waldshut, ADM4: Stühlingen | Latitude: 47.7458, Longitude: 8.44813 | Score: 23.60, Population: 5297 | Fuzzy match: 22.22222222222222
2025-08-23 18:50:45,138 INFO Comparing database entry: waldshut with Waldshut-Tiengen returned from geonames.
2025-08-23 18:50:45,138 INFO 📄 Index 0 | Name: Waldshut-Tiengen | fcl: P, fcode: PPLA3 | ADM1: Baden-Wurttemberg, ADM2: Freiburg Region, ADM3: Landkreis Waldshut, ADM4: Waldshut-Tiengen | Latitude: 47.62323, Longitude: 8.21717 | Score: 28.61, Population: 22404 | Fuzzy match: 66.66666666666667
2025-08-23 18:50:45,139 INFO Comparing database entry: waldshut with Bad Säckingen returned from geonames.
2025-08-23 18:50:45,139 INFO 📄 Index 1 | Name: Bad Säckingen | fcl: P, fcode: PPL | ADM1: Baden-Wurttemberg, ADM2: Freiburg Region, ADM3: Landkreis Waldshut, ADM4: Bad Säckingen | Latitude: 47.55371, Longitude: 7.94612 | Score: 24.61, Population: 16549 | Fuzzy match: 28.57142857142857
2025-08-23 18:50:45,139 INFO Comparing database entry: waldshut with Saint Blasien returned from geonames.
2025-08-23 18:50:45,139 INFO 📄 Index 2 | Name: Saint Blasien | fcl: P, fcode: PPL | ADM1: Baden-Wurttemberg, ADM2: Freiburg Region, ADM3: Landkreis Waldshut, ADM4: St. Blasien | Latitude: 47.76252, Longitude: 8.12714 | Score: 23.60, Population: 4111 | Fuzzy match: 28.57142857142857
2025-08-23 18:50:45,139 INFO Comparing database entry: waldshut with Stühlingen returned from geonames.
2025-08-23 18:50:45,139 INFO 📄 Index 3 | Name: Stühlingen | fcl: P, fcode: PPL | ADM1: Baden-Wurttemberg, ADM2: Freiburg Region, ADM3: Landkreis Waldshut, ADM4: Stühlingen | Latitude: 47.7458, Longitude: 8.44813 | Score: 23.60, Population: 5297 | Fuzzy match: 22.22222222222222
2025-08-23 18:50:45,139 WARNING ❌ No match found with fuzzy score > 80 for city: waldshut
2025-08-23 18:50:45,139 WARNING ❌ Lookup failed for city='waldshut', iso2='DE'
