2025-09-17 14:27:05,612 INFO 🗺️ Starting GeoNames lookup for city='jutland', country='denmark'
2025-09-17 14:27:05,612 INFO 📍 Location is present in the following articles: [ObjectId('68409d64c202c40b602d3662')]
2025-09-17 14:27:05,685 INFO Comparing database entry: jutland with Aalborg returned from geonames.
2025-09-17 14:27:05,685 INFO 📄 Index 0 | Name: Aalborg | fcl: P, fcode: PPLA | ADM1: North Denmark, ADM2: Ålborg Kommune, ADM3: , ADM4:  | Latitude: 57.048, Longitude: 9.9187 | Score: 167.70, Population: 142937 | Fuzzy match: 14.28571428571429
2025-09-17 14:27:05,685 INFO Comparing database entry: jutland with Aarhus returned from geonames.
2025-09-17 14:27:05,685 INFO 📄 Index 1 | Name: Aarhus | fcl: P, fcode: PPLA2 | ADM1: Central Jutland, ADM2: Aarhus Kommune, ADM3: , ADM4:  | Latitude: 56.15674, Longitude: 10.21076 | Score: 165.21, Population: 285273 | Fuzzy match: 15.384615384615385
2025-09-17 14:27:05,685 INFO Comparing database entry: jutland with Randers returned from geonames.
2025-09-17 14:27:05,685 INFO 📄 Index 2 | Name: Randers | fcl: P, fcode: PPLA2 | ADM1: Central Jutland, ADM2: Randers Kommune, ADM3: , ADM4:  | Latitude: 56.4607, Longitude: 10.03639 | Score: 120.24, Population: 62802 | Fuzzy match: 42.85714285714286
2025-09-17 14:27:05,685 INFO Comparing database entry: jutland with Horsens returned from geonames.
2025-09-17 14:27:05,685 INFO 📄 Index 3 | Name: Horsens | fcl: P, fcode: PPLA2 | ADM1: Central Jutland, ADM2: Horsens Kommune, ADM3: , ADM4:  | Latitude: 55.86066, Longitude: 9.85034 | Score: 97.75, Population: 61074 | Fuzzy match: 14.28571428571429
2025-09-17 14:27:05,727 INFO Comparing database entry: jutland with Aalborg returned from geonames.
2025-09-17 14:27:05,728 INFO 📄 Index 0 | Name: Aalborg | fcl: P, fcode: PPLA | ADM1: North Denmark, ADM2: Ålborg Kommune, ADM3: , ADM4:  | Latitude: 57.048, Longitude: 9.9187 | Score: 167.70, Population: 142937 | Fuzzy match: 14.28571428571429
2025-09-17 14:27:05,728 INFO Comparing database entry: jutland with Aarhus returned from geonames.
2025-09-17 14:27:05,728 INFO 📄 Index 1 | Name: Aarhus | fcl: P, fcode: PPLA2 | ADM1: Central Jutland, ADM2: Aarhus Kommune, ADM3: , ADM4:  | Latitude: 56.15674, Longitude: 10.21076 | Score: 165.21, Population: 285273 | Fuzzy match: 15.384615384615385
2025-09-17 14:27:05,728 INFO Comparing database entry: jutland with Randers returned from geonames.
2025-09-17 14:27:05,728 INFO 📄 Index 2 | Name: Randers | fcl: P, fcode: PPLA2 | ADM1: Central Jutland, ADM2: Randers Kommune, ADM3: , ADM4:  | Latitude: 56.4607, Longitude: 10.03639 | Score: 120.24, Population: 62802 | Fuzzy match: 42.85714285714286
2025-09-17 14:27:05,728 INFO Comparing database entry: jutland with Horsens returned from geonames.
2025-09-17 14:27:05,728 INFO 📄 Index 3 | Name: Horsens | fcl: P, fcode: PPLA2 | ADM1: Central Jutland, ADM2: Horsens Kommune, ADM3: , ADM4:  | Latitude: 55.86066, Longitude: 9.85034 | Score: 97.75, Population: 61074 | Fuzzy match: 14.28571428571429
2025-09-17 14:27:05,771 INFO Comparing database entry: jutland with Aalborg returned from geonames.
2025-09-17 14:27:05,771 INFO 📄 Index 0 | Name: Aalborg | fcl: P, fcode: PPLA | ADM1: North Denmark, ADM2: Ålborg Kommune, ADM3: , ADM4:  | Latitude: 57.048, Longitude: 9.9187 | Score: 167.70, Population: 142937 | Fuzzy match: 14.28571428571429
2025-09-17 14:27:05,771 INFO Comparing database entry: jutland with Aarhus returned from geonames.
2025-09-17 14:27:05,771 INFO 📄 Index 1 | Name: Aarhus | fcl: P, fcode: PPLA2 | ADM1: Central Jutland, ADM2: Aarhus Kommune, ADM3: , ADM4:  | Latitude: 56.15674, Longitude: 10.21076 | Score: 165.21, Population: 285273 | Fuzzy match: 15.384615384615385
2025-09-17 14:27:05,771 INFO Comparing database entry: jutland with Randers returned from geonames.
2025-09-17 14:27:05,771 INFO 📄 Index 2 | Name: Randers | fcl: P, fcode: PPLA2 | ADM1: Central Jutland, ADM2: Randers Kommune, ADM3: , ADM4:  | Latitude: 56.4607, Longitude: 10.03639 | Score: 120.24, Population: 62802 | Fuzzy match: 42.85714285714286
2025-09-17 14:27:05,771 INFO Comparing database entry: jutland with Horsens returned from geonames.
2025-09-17 14:27:05,771 INFO 📄 Index 3 | Name: Horsens | fcl: P, fcode: PPLA2 | ADM1: Central Jutland, ADM2: Horsens Kommune, ADM3: , ADM4:  | Latitude: 55.86066, Longitude: 9.85034 | Score: 97.75, Population: 61074 | Fuzzy match: 14.28571428571429
2025-09-17 14:27:05,816 INFO Comparing database entry: jutland with Aalborg returned from geonames.
2025-09-17 14:27:05,816 INFO 📄 Index 0 | Name: Aalborg | fcl: P, fcode: PPLA | ADM1: North Denmark, ADM2: Ålborg Kommune, ADM3: , ADM4:  | Latitude: 57.048, Longitude: 9.9187 | Score: 167.70, Population: 142937 | Fuzzy match: 14.28571428571429
2025-09-17 14:27:05,816 INFO Comparing database entry: jutland with Aarhus returned from geonames.
2025-09-17 14:27:05,816 INFO 📄 Index 1 | Name: Aarhus | fcl: P, fcode: PPLA2 | ADM1: Central Jutland, ADM2: Aarhus Kommune, ADM3: , ADM4:  | Latitude: 56.15674, Longitude: 10.21076 | Score: 165.21, Population: 285273 | Fuzzy match: 15.384615384615385
2025-09-17 14:27:05,817 INFO Comparing database entry: jutland with Randers returned from geonames.
2025-09-17 14:27:05,817 INFO 📄 Index 2 | Name: Randers | fcl: P, fcode: PPLA2 | ADM1: Central Jutland, ADM2: Randers Kommune, ADM3: , ADM4:  | Latitude: 56.4607, Longitude: 10.03639 | Score: 120.24, Population: 62802 | Fuzzy match: 42.85714285714286
2025-09-17 14:27:05,817 INFO Comparing database entry: jutland with Horsens returned from geonames.
2025-09-17 14:27:05,817 INFO 📄 Index 3 | Name: Horsens | fcl: P, fcode: PPLA2 | ADM1: Central Jutland, ADM2: Horsens Kommune, ADM3: , ADM4:  | Latitude: 55.86066, Longitude: 9.85034 | Score: 97.75, Population: 61074 | Fuzzy match: 14.28571428571429
2025-09-17 14:27:05,861 INFO Comparing database entry: jutland with Aalborg returned from geonames.
2025-09-17 14:27:05,861 INFO 📄 Index 0 | Name: Aalborg | fcl: P, fcode: PPLA | ADM1: North Denmark, ADM2: Ålborg Kommune, ADM3: , ADM4:  | Latitude: 57.048, Longitude: 9.9187 | Score: 167.70, Population: 142937 | Fuzzy match: 14.28571428571429
2025-09-17 14:27:05,861 INFO Comparing database entry: jutland with Aarhus returned from geonames.
2025-09-17 14:27:05,861 INFO 📄 Index 1 | Name: Aarhus | fcl: P, fcode: PPLA2 | ADM1: Central Jutland, ADM2: Aarhus Kommune, ADM3: , ADM4:  | Latitude: 56.15674, Longitude: 10.21076 | Score: 165.21, Population: 285273 | Fuzzy match: 15.384615384615385
2025-09-17 14:27:05,861 INFO Comparing database entry: jutland with Randers returned from geonames.
2025-09-17 14:27:05,861 INFO 📄 Index 2 | Name: Randers | fcl: P, fcode: PPLA2 | ADM1: Central Jutland, ADM2: Randers Kommune, ADM3: , ADM4:  | Latitude: 56.4607, Longitude: 10.03639 | Score: 120.24, Population: 62802 | Fuzzy match: 42.85714285714286
2025-09-17 14:27:05,861 INFO Comparing database entry: jutland with Horsens returned from geonames.
2025-09-17 14:27:05,861 INFO 📄 Index 3 | Name: Horsens | fcl: P, fcode: PPLA2 | ADM1: Central Jutland, ADM2: Horsens Kommune, ADM3: , ADM4:  | Latitude: 55.86066, Longitude: 9.85034 | Score: 97.75, Population: 61074 | Fuzzy match: 14.28571428571429
2025-09-17 14:27:05,907 INFO Comparing database entry: jutland with Aalborg returned from geonames.
2025-09-17 14:27:05,907 INFO 📄 Index 0 | Name: Aalborg | fcl: P, fcode: PPLA | ADM1: North Denmark, ADM2: Ålborg Kommune, ADM3: , ADM4:  | Latitude: 57.048, Longitude: 9.9187 | Score: 167.70, Population: 142937 | Fuzzy match: 14.28571428571429
2025-09-17 14:27:05,907 INFO Comparing database entry: jutland with Aarhus returned from geonames.
2025-09-17 14:27:05,907 INFO 📄 Index 1 | Name: Aarhus | fcl: P, fcode: PPLA2 | ADM1: Central Jutland, ADM2: Aarhus Kommune, ADM3: , ADM4:  | Latitude: 56.15674, Longitude: 10.21076 | Score: 165.21, Population: 285273 | Fuzzy match: 15.384615384615385
2025-09-17 14:27:05,907 INFO Comparing database entry: jutland with Randers returned from geonames.
2025-09-17 14:27:05,907 INFO 📄 Index 2 | Name: Randers | fcl: P, fcode: PPLA2 | ADM1: Central Jutland, ADM2: Randers Kommune, ADM3: , ADM4:  | Latitude: 56.4607, Longitude: 10.03639 | Score: 120.24, Population: 62802 | Fuzzy match: 42.85714285714286
2025-09-17 14:27:05,907 INFO Comparing database entry: jutland with Horsens returned from geonames.
2025-09-17 14:27:05,907 INFO 📄 Index 3 | Name: Horsens | fcl: P, fcode: PPLA2 | ADM1: Central Jutland, ADM2: Horsens Kommune, ADM3: , ADM4:  | Latitude: 55.86066, Longitude: 9.85034 | Score: 97.75, Population: 61074 | Fuzzy match: 14.28571428571429
2025-09-17 14:27:05,907 WARNING ❌ No match found with fuzzy score > 80 for city: jutland
2025-09-17 14:27:05,907 WARNING ❌ Lookup failed for city='jutland', iso2='DK'
