2025-08-19 17:09:51,552 INFO 🗺️ Starting GeoNames lookup for city='lolland', country='denmark'
2025-08-19 17:09:51,552 INFO 📍 Location is present in the following articles: [ObjectId('68719e983a890264658cfe6c')]
2025-08-19 17:09:51,690 INFO Comparing database entry: lolland with Nakskov returned from geonames.
2025-08-19 17:09:51,691 INFO 📄 Index 0 | Name: Nakskov | fcl: P, fcode: PPL | ADM1: Zealand, ADM2: Lolland Kommune, ADM3: , ADM4:  | Latitude: 54.83038, Longitude: 11.13567 | Score: 62.93, Population: 12495 | Fuzzy match: 14.28571428571429
2025-08-19 17:09:51,691 INFO Comparing database entry: lolland with Rødby returned from geonames.
2025-08-19 17:09:51,691 INFO 📄 Index 1 | Name: Rødby | fcl: P, fcode: PPL | ADM1: Zealand, ADM2: Lolland Kommune, ADM3: , ADM4:  | Latitude: 54.69495, Longitude: 11.38885 | Score: 53.93, Population: 1983 | Fuzzy match: 16.666666666666664
2025-08-19 17:09:51,691 INFO Comparing database entry: lolland with Holeby returned from geonames.
2025-08-19 17:09:51,691 INFO 📄 Index 2 | Name: Holeby | fcl: P, fcode: PPL | ADM1: Zealand, ADM2: Lolland Kommune, ADM3: , ADM4:  | Latitude: 54.71148, Longitude: 11.46416 | Score: 52.44, Population: 1400 | Fuzzy match: 30.76923076923077
2025-08-19 17:09:51,691 INFO Comparing database entry: lolland with Lolland Kommune returned from geonames.
2025-08-19 17:09:51,691 INFO 📄 Index 3 | Name: Lolland Kommune | fcl: A, fcode: ADM2 | ADM1: Zealand, ADM2: Lolland Kommune, ADM3: , ADM4:  | Latitude: 54.80238, Longitude: 11.29524 | Score: 50.67, Population: 40107 | Fuzzy match: 63.63636363636363
2025-08-19 17:09:51,834 INFO Comparing database entry: lolland with Nakskov returned from geonames.
2025-08-19 17:09:51,834 INFO 📄 Index 0 | Name: Nakskov | fcl: P, fcode: PPL | ADM1: Zealand, ADM2: Lolland Kommune, ADM3: , ADM4:  | Latitude: 54.83038, Longitude: 11.13567 | Score: 62.93, Population: 12495 | Fuzzy match: 14.28571428571429
2025-08-19 17:09:51,834 INFO Comparing database entry: lolland with Rødby returned from geonames.
2025-08-19 17:09:51,835 INFO 📄 Index 1 | Name: Rødby | fcl: P, fcode: PPL | ADM1: Zealand, ADM2: Lolland Kommune, ADM3: , ADM4:  | Latitude: 54.69495, Longitude: 11.38885 | Score: 53.93, Population: 1983 | Fuzzy match: 16.666666666666664
2025-08-19 17:09:51,835 INFO Comparing database entry: lolland with Holeby returned from geonames.
2025-08-19 17:09:51,835 INFO 📄 Index 2 | Name: Holeby | fcl: P, fcode: PPL | ADM1: Zealand, ADM2: Lolland Kommune, ADM3: , ADM4:  | Latitude: 54.71148, Longitude: 11.46416 | Score: 52.44, Population: 1400 | Fuzzy match: 30.76923076923077
2025-08-19 17:09:51,835 INFO Comparing database entry: lolland with Lolland Kommune returned from geonames.
2025-08-19 17:09:51,835 INFO 📄 Index 3 | Name: Lolland Kommune | fcl: A, fcode: ADM2 | ADM1: Zealand, ADM2: Lolland Kommune, ADM3: , ADM4:  | Latitude: 54.80238, Longitude: 11.29524 | Score: 50.67, Population: 40107 | Fuzzy match: 63.63636363636363
2025-08-19 17:09:51,961 INFO Comparing database entry: lolland with Nakskov returned from geonames.
2025-08-19 17:09:51,962 INFO 📄 Index 0 | Name: Nakskov | fcl: P, fcode: PPL | ADM1: Zealand, ADM2: Lolland Kommune, ADM3: , ADM4:  | Latitude: 54.83038, Longitude: 11.13567 | Score: 62.93, Population: 12495 | Fuzzy match: 14.28571428571429
2025-08-19 17:09:51,962 INFO Comparing database entry: lolland with Rødby returned from geonames.
2025-08-19 17:09:51,962 INFO 📄 Index 1 | Name: Rødby | fcl: P, fcode: PPL | ADM1: Zealand, ADM2: Lolland Kommune, ADM3: , ADM4:  | Latitude: 54.69495, Longitude: 11.38885 | Score: 53.93, Population: 1983 | Fuzzy match: 16.666666666666664
2025-08-19 17:09:51,962 INFO Comparing database entry: lolland with Holeby returned from geonames.
2025-08-19 17:09:51,962 INFO 📄 Index 2 | Name: Holeby | fcl: P, fcode: PPL | ADM1: Zealand, ADM2: Lolland Kommune, ADM3: , ADM4:  | Latitude: 54.71148, Longitude: 11.46416 | Score: 52.44, Population: 1400 | Fuzzy match: 30.76923076923077
2025-08-19 17:09:51,962 INFO Comparing database entry: lolland with Lolland Kommune returned from geonames.
2025-08-19 17:09:51,962 INFO 📄 Index 3 | Name: Lolland Kommune | fcl: A, fcode: ADM2 | ADM1: Zealand, ADM2: Lolland Kommune, ADM3: , ADM4:  | Latitude: 54.80238, Longitude: 11.29524 | Score: 50.67, Population: 40107 | Fuzzy match: 63.63636363636363
2025-08-19 17:09:52,107 INFO Comparing database entry: lolland with Nakskov returned from geonames.
2025-08-19 17:09:52,107 INFO 📄 Index 0 | Name: Nakskov | fcl: P, fcode: PPL | ADM1: Zealand, ADM2: Lolland Kommune, ADM3: , ADM4:  | Latitude: 54.83038, Longitude: 11.13567 | Score: 62.93, Population: 12495 | Fuzzy match: 14.28571428571429
2025-08-19 17:09:52,108 INFO Comparing database entry: lolland with Rødby returned from geonames.
2025-08-19 17:09:52,108 INFO 📄 Index 1 | Name: Rødby | fcl: P, fcode: PPL | ADM1: Zealand, ADM2: Lolland Kommune, ADM3: , ADM4:  | Latitude: 54.69495, Longitude: 11.38885 | Score: 53.93, Population: 1983 | Fuzzy match: 16.666666666666664
2025-08-19 17:09:52,108 INFO Comparing database entry: lolland with Holeby returned from geonames.
2025-08-19 17:09:52,108 INFO 📄 Index 2 | Name: Holeby | fcl: P, fcode: PPL | ADM1: Zealand, ADM2: Lolland Kommune, ADM3: , ADM4:  | Latitude: 54.71148, Longitude: 11.46416 | Score: 52.44, Population: 1400 | Fuzzy match: 30.76923076923077
2025-08-19 17:09:52,108 INFO Comparing database entry: lolland with Lolland Kommune returned from geonames.
2025-08-19 17:09:52,108 INFO 📄 Index 3 | Name: Lolland Kommune | fcl: A, fcode: ADM2 | ADM1: Zealand, ADM2: Lolland Kommune, ADM3: , ADM4:  | Latitude: 54.80238, Longitude: 11.29524 | Score: 50.67, Population: 40107 | Fuzzy match: 63.63636363636363
2025-08-19 17:09:52,259 INFO Comparing database entry: lolland with Nakskov returned from geonames.
2025-08-19 17:09:52,259 INFO 📄 Index 0 | Name: Nakskov | fcl: P, fcode: PPL | ADM1: Zealand, ADM2: Lolland Kommune, ADM3: , ADM4:  | Latitude: 54.83038, Longitude: 11.13567 | Score: 62.93, Population: 12495 | Fuzzy match: 14.28571428571429
2025-08-19 17:09:52,259 INFO Comparing database entry: lolland with Rødby returned from geonames.
2025-08-19 17:09:52,259 INFO 📄 Index 1 | Name: Rødby | fcl: P, fcode: PPL | ADM1: Zealand, ADM2: Lolland Kommune, ADM3: , ADM4:  | Latitude: 54.69495, Longitude: 11.38885 | Score: 53.93, Population: 1983 | Fuzzy match: 16.666666666666664
2025-08-19 17:09:52,259 INFO Comparing database entry: lolland with Holeby returned from geonames.
2025-08-19 17:09:52,259 INFO 📄 Index 2 | Name: Holeby | fcl: P, fcode: PPL | ADM1: Zealand, ADM2: Lolland Kommune, ADM3: , ADM4:  | Latitude: 54.71148, Longitude: 11.46416 | Score: 52.44, Population: 1400 | Fuzzy match: 30.76923076923077
2025-08-19 17:09:52,259 INFO Comparing database entry: lolland with Lolland Kommune returned from geonames.
2025-08-19 17:09:52,259 INFO 📄 Index 3 | Name: Lolland Kommune | fcl: A, fcode: ADM2 | ADM1: Zealand, ADM2: Lolland Kommune, ADM3: , ADM4:  | Latitude: 54.80238, Longitude: 11.29524 | Score: 50.67, Population: 40107 | Fuzzy match: 63.63636363636363
2025-08-19 17:09:52,422 INFO Comparing database entry: lolland with Nakskov returned from geonames.
2025-08-19 17:09:52,422 INFO 📄 Index 0 | Name: Nakskov | fcl: P, fcode: PPL | ADM1: Zealand, ADM2: Lolland Kommune, ADM3: , ADM4:  | Latitude: 54.83038, Longitude: 11.13567 | Score: 62.93, Population: 12495 | Fuzzy match: 14.28571428571429
2025-08-19 17:09:52,422 INFO Comparing database entry: lolland with Rødby returned from geonames.
2025-08-19 17:09:52,422 INFO 📄 Index 1 | Name: Rødby | fcl: P, fcode: PPL | ADM1: Zealand, ADM2: Lolland Kommune, ADM3: , ADM4:  | Latitude: 54.69495, Longitude: 11.38885 | Score: 53.93, Population: 1983 | Fuzzy match: 16.666666666666664
2025-08-19 17:09:52,422 INFO Comparing database entry: lolland with Holeby returned from geonames.
2025-08-19 17:09:52,422 INFO 📄 Index 2 | Name: Holeby | fcl: P, fcode: PPL | ADM1: Zealand, ADM2: Lolland Kommune, ADM3: , ADM4:  | Latitude: 54.71148, Longitude: 11.46416 | Score: 52.44, Population: 1400 | Fuzzy match: 30.76923076923077
2025-08-19 17:09:52,422 INFO Comparing database entry: lolland with Lolland Kommune returned from geonames.
2025-08-19 17:09:52,422 INFO 📄 Index 3 | Name: Lolland Kommune | fcl: A, fcode: ADM2 | ADM1: Zealand, ADM2: Lolland Kommune, ADM3: , ADM4:  | Latitude: 54.80238, Longitude: 11.29524 | Score: 50.67, Population: 40107 | Fuzzy match: 63.63636363636363
2025-08-19 17:09:52,423 WARNING ❌ No match found with fuzzy score > 80 for city: lolland
2025-08-19 17:09:52,423 WARNING ❌ Lookup failed for city='lolland', iso2='DK'
