2025-08-17 15:39:56,259 INFO 🗺️ Starting GeoNames lookup for city='vesthimmerland', country='denmark'
2025-08-17 15:39:56,259 INFO 📍 Location is present in the following articles: [ObjectId('67fa61f638fb90ab92f8c03e')]
2025-08-17 15:39:56,434 INFO Comparing database entry: vesthimmerland with Løgstør returned from geonames.
2025-08-17 15:39:56,434 INFO 📄 Index 0 | Name: Løgstør | fcl: P, fcode: PPL | ADM1: North Denmark, ADM2: Vesthimmerland Kommune, ADM3: , ADM4:  | Score: 47.93, Population: 3967 | Fuzzy match: 28.57142857142857
2025-08-17 15:39:56,434 INFO Comparing database entry: vesthimmerland with Farsø returned from geonames.
2025-08-17 15:39:56,434 INFO 📄 Index 1 | Name: Farsø | fcl: P, fcode: PPL | ADM1: North Denmark, ADM2: Vesthimmerland Kommune, ADM3: , ADM4:  | Score: 47.93, Population: 3349 | Fuzzy match: 10.526315789473683
2025-08-17 15:39:56,434 INFO Comparing database entry: vesthimmerland with Vesthimmerland Kommune returned from geonames.
2025-08-17 15:39:56,435 INFO 📄 Index 2 | Name: Vesthimmerland Kommune | fcl: A, fcode: ADM2 | ADM1: North Denmark, ADM2: Vesthimmerland Kommune, ADM3: , ADM4:  | Score: 46.96, Population: 37285 | Fuzzy match: 77.77777777777779
2025-08-17 15:39:56,435 INFO Comparing database entry: vesthimmerland with Aars returned from geonames.
2025-08-17 15:39:56,435 INFO 📄 Index 3 | Name: Aars | fcl: P, fcode: PPLA2 | ADM1: North Denmark, ADM2: Vesthimmerland Kommune, ADM3: , ADM4:  | Score: 38.86, Population: 8474 | Fuzzy match: 11.111111111111116
2025-08-17 15:39:56,588 INFO Comparing database entry: vesthimmerland with Løgstør returned from geonames.
2025-08-17 15:39:56,589 INFO 📄 Index 0 | Name: Løgstør | fcl: P, fcode: PPL | ADM1: North Denmark, ADM2: Vesthimmerland Kommune, ADM3: , ADM4:  | Score: 47.93, Population: 3967 | Fuzzy match: 28.57142857142857
2025-08-17 15:39:56,589 INFO Comparing database entry: vesthimmerland with Farsø returned from geonames.
2025-08-17 15:39:56,589 INFO 📄 Index 1 | Name: Farsø | fcl: P, fcode: PPL | ADM1: North Denmark, ADM2: Vesthimmerland Kommune, ADM3: , ADM4:  | Score: 47.93, Population: 3349 | Fuzzy match: 10.526315789473683
2025-08-17 15:39:56,589 INFO Comparing database entry: vesthimmerland with Vesthimmerland Kommune returned from geonames.
2025-08-17 15:39:56,589 INFO 📄 Index 2 | Name: Vesthimmerland Kommune | fcl: A, fcode: ADM2 | ADM1: North Denmark, ADM2: Vesthimmerland Kommune, ADM3: , ADM4:  | Score: 46.96, Population: 37285 | Fuzzy match: 77.77777777777779
2025-08-17 15:39:56,589 INFO Comparing database entry: vesthimmerland with Aars returned from geonames.
2025-08-17 15:39:56,589 INFO 📄 Index 3 | Name: Aars | fcl: P, fcode: PPLA2 | ADM1: North Denmark, ADM2: Vesthimmerland Kommune, ADM3: , ADM4:  | Score: 38.86, Population: 8474 | Fuzzy match: 11.111111111111116
2025-08-17 15:39:56,718 INFO Comparing database entry: vesthimmerland with Løgstør returned from geonames.
2025-08-17 15:39:56,718 INFO 📄 Index 0 | Name: Løgstør | fcl: P, fcode: PPL | ADM1: North Denmark, ADM2: Vesthimmerland Kommune, ADM3: , ADM4:  | Score: 47.93, Population: 3967 | Fuzzy match: 28.57142857142857
2025-08-17 15:39:56,718 INFO Comparing database entry: vesthimmerland with Farsø returned from geonames.
2025-08-17 15:39:56,718 INFO 📄 Index 1 | Name: Farsø | fcl: P, fcode: PPL | ADM1: North Denmark, ADM2: Vesthimmerland Kommune, ADM3: , ADM4:  | Score: 47.93, Population: 3349 | Fuzzy match: 10.526315789473683
2025-08-17 15:39:56,718 INFO Comparing database entry: vesthimmerland with Vesthimmerland Kommune returned from geonames.
2025-08-17 15:39:56,718 INFO 📄 Index 2 | Name: Vesthimmerland Kommune | fcl: A, fcode: ADM2 | ADM1: North Denmark, ADM2: Vesthimmerland Kommune, ADM3: , ADM4:  | Score: 46.96, Population: 37285 | Fuzzy match: 77.77777777777779
2025-08-17 15:39:56,718 INFO Comparing database entry: vesthimmerland with Aars returned from geonames.
2025-08-17 15:39:56,718 INFO 📄 Index 3 | Name: Aars | fcl: P, fcode: PPLA2 | ADM1: North Denmark, ADM2: Vesthimmerland Kommune, ADM3: , ADM4:  | Score: 38.86, Population: 8474 | Fuzzy match: 11.111111111111116
2025-08-17 15:39:56,866 INFO Comparing database entry: vesthimmerland with Løgstør returned from geonames.
2025-08-17 15:39:56,867 INFO 📄 Index 0 | Name: Løgstør | fcl: P, fcode: PPL | ADM1: North Denmark, ADM2: Vesthimmerland Kommune, ADM3: , ADM4:  | Score: 47.93, Population: 3967 | Fuzzy match: 28.57142857142857
2025-08-17 15:39:56,867 INFO Comparing database entry: vesthimmerland with Farsø returned from geonames.
2025-08-17 15:39:56,867 INFO 📄 Index 1 | Name: Farsø | fcl: P, fcode: PPL | ADM1: North Denmark, ADM2: Vesthimmerland Kommune, ADM3: , ADM4:  | Score: 47.93, Population: 3349 | Fuzzy match: 10.526315789473683
2025-08-17 15:39:56,867 INFO Comparing database entry: vesthimmerland with Vesthimmerland Kommune returned from geonames.
2025-08-17 15:39:56,867 INFO 📄 Index 2 | Name: Vesthimmerland Kommune | fcl: A, fcode: ADM2 | ADM1: North Denmark, ADM2: Vesthimmerland Kommune, ADM3: , ADM4:  | Score: 46.96, Population: 37285 | Fuzzy match: 77.77777777777779
2025-08-17 15:39:56,867 INFO Comparing database entry: vesthimmerland with Aars returned from geonames.
2025-08-17 15:39:56,867 INFO 📄 Index 3 | Name: Aars | fcl: P, fcode: PPLA2 | ADM1: North Denmark, ADM2: Vesthimmerland Kommune, ADM3: , ADM4:  | Score: 38.86, Population: 8474 | Fuzzy match: 11.111111111111116
2025-08-17 15:39:57,008 INFO Comparing database entry: vesthimmerland with Løgstør returned from geonames.
2025-08-17 15:39:57,009 INFO 📄 Index 0 | Name: Løgstør | fcl: P, fcode: PPL | ADM1: North Denmark, ADM2: Vesthimmerland Kommune, ADM3: , ADM4:  | Score: 47.93, Population: 3967 | Fuzzy match: 28.57142857142857
2025-08-17 15:39:57,009 INFO Comparing database entry: vesthimmerland with Farsø returned from geonames.
2025-08-17 15:39:57,009 INFO 📄 Index 1 | Name: Farsø | fcl: P, fcode: PPL | ADM1: North Denmark, ADM2: Vesthimmerland Kommune, ADM3: , ADM4:  | Score: 47.93, Population: 3349 | Fuzzy match: 10.526315789473683
2025-08-17 15:39:57,009 INFO Comparing database entry: vesthimmerland with Vesthimmerland Kommune returned from geonames.
2025-08-17 15:39:57,009 INFO 📄 Index 2 | Name: Vesthimmerland Kommune | fcl: A, fcode: ADM2 | ADM1: North Denmark, ADM2: Vesthimmerland Kommune, ADM3: , ADM4:  | Score: 46.96, Population: 37285 | Fuzzy match: 77.77777777777779
2025-08-17 15:39:57,009 INFO Comparing database entry: vesthimmerland with Aars returned from geonames.
2025-08-17 15:39:57,009 INFO 📄 Index 3 | Name: Aars | fcl: P, fcode: PPLA2 | ADM1: North Denmark, ADM2: Vesthimmerland Kommune, ADM3: , ADM4:  | Score: 38.86, Population: 8474 | Fuzzy match: 11.111111111111116
2025-08-17 15:39:57,138 INFO Comparing database entry: vesthimmerland with Løgstør returned from geonames.
2025-08-17 15:39:57,138 INFO 📄 Index 0 | Name: Løgstør | fcl: P, fcode: PPL | ADM1: North Denmark, ADM2: Vesthimmerland Kommune, ADM3: , ADM4:  | Score: 47.93, Population: 3967 | Fuzzy match: 28.57142857142857
2025-08-17 15:39:57,138 INFO Comparing database entry: vesthimmerland with Farsø returned from geonames.
2025-08-17 15:39:57,139 INFO 📄 Index 1 | Name: Farsø | fcl: P, fcode: PPL | ADM1: North Denmark, ADM2: Vesthimmerland Kommune, ADM3: , ADM4:  | Score: 47.93, Population: 3349 | Fuzzy match: 10.526315789473683
2025-08-17 15:39:57,139 INFO Comparing database entry: vesthimmerland with Vesthimmerland Kommune returned from geonames.
2025-08-17 15:39:57,139 INFO 📄 Index 2 | Name: Vesthimmerland Kommune | fcl: A, fcode: ADM2 | ADM1: North Denmark, ADM2: Vesthimmerland Kommune, ADM3: , ADM4:  | Score: 46.96, Population: 37285 | Fuzzy match: 77.77777777777779
2025-08-17 15:39:57,139 INFO Comparing database entry: vesthimmerland with Aars returned from geonames.
2025-08-17 15:39:57,139 INFO 📄 Index 3 | Name: Aars | fcl: P, fcode: PPLA2 | ADM1: North Denmark, ADM2: Vesthimmerland Kommune, ADM3: , ADM4:  | Score: 38.86, Population: 8474 | Fuzzy match: 11.111111111111116
2025-08-17 15:39:57,139 WARNING ❌ No match found with fuzzy score > 80 for city: vesthimmerland
2025-08-17 15:39:57,139 WARNING ❌ Lookup failed for city='vesthimmerland', iso2='DK'
