2025-08-18 17:45:30,035 INFO 🗺️ Starting GeoNames lookup for city='saaremaa', country='estonia'
2025-08-18 17:45:30,035 INFO 📍 Location is present in the following articles: [ObjectId('68409dcbc202c40b602d3681')]
2025-08-18 17:45:30,288 INFO Comparing database entry: saaremaa with Kuressaare returned from geonames.
2025-08-18 17:45:30,289 INFO 📄 Index 0 | Name: Kuressaare | fcl: P, fcode: PPLA | ADM1: Saare, ADM2: Saaremaa vald, ADM3: Kuressaare linn, ADM4:  | Score: 102.58, Population: 12698 | Fuzzy match: 55.55555555555556
2025-08-18 17:45:30,289 INFO Comparing database entry: saaremaa with Saare returned from geonames.
2025-08-18 17:45:30,289 INFO 📄 Index 1 | Name: Saare | fcl: A, fcode: ADM1 | ADM1: Saare, ADM2: , ADM3: , ADM4:  | Score: 91.01, Population: 34041 | Fuzzy match: 76.92307692307692
2025-08-18 17:45:30,289 INFO Comparing database entry: saaremaa with Saaremaa vald returned from geonames.
2025-08-18 17:45:30,289 INFO 📄 Index 2 | Name: Saaremaa vald | fcl: A, fcode: ADM2 | ADM1: Saare, ADM2: Saaremaa vald, ADM3: , ADM4:  | Score: 58.48, Population: 31413 | Fuzzy match: 76.19047619047619
2025-08-18 17:45:30,289 INFO Comparing database entry: saaremaa with Kaarma vald returned from geonames.
2025-08-18 17:45:30,289 INFO 📄 Index 3 | Name: Kaarma vald | fcl: A, fcode: ADM2H | ADM1: Saare, ADM2: Kaarma vald, ADM3: , ADM4:  | Score: 56.41, Population: 0 | Fuzzy match: 63.1578947368421
2025-08-18 17:45:30,456 INFO Comparing database entry: saaremaa with Kuressaare returned from geonames.
2025-08-18 17:45:30,456 INFO 📄 Index 0 | Name: Kuressaare | fcl: P, fcode: PPLA | ADM1: Saare, ADM2: Saaremaa vald, ADM3: Kuressaare linn, ADM4:  | Score: 102.58, Population: 12698 | Fuzzy match: 55.55555555555556
2025-08-18 17:45:30,456 INFO Comparing database entry: saaremaa with Saare returned from geonames.
2025-08-18 17:45:30,457 INFO 📄 Index 1 | Name: Saare | fcl: A, fcode: ADM1 | ADM1: Saare, ADM2: , ADM3: , ADM4:  | Score: 91.01, Population: 34041 | Fuzzy match: 76.92307692307692
2025-08-18 17:45:30,457 INFO Comparing database entry: saaremaa with Saaremaa vald returned from geonames.
2025-08-18 17:45:30,457 INFO 📄 Index 2 | Name: Saaremaa vald | fcl: A, fcode: ADM2 | ADM1: Saare, ADM2: Saaremaa vald, ADM3: , ADM4:  | Score: 58.48, Population: 31413 | Fuzzy match: 76.19047619047619
2025-08-18 17:45:30,457 INFO Comparing database entry: saaremaa with Kaarma vald returned from geonames.
2025-08-18 17:45:30,457 INFO 📄 Index 3 | Name: Kaarma vald | fcl: A, fcode: ADM2H | ADM1: Saare, ADM2: Kaarma vald, ADM3: , ADM4:  | Score: 56.41, Population: 0 | Fuzzy match: 63.1578947368421
2025-08-18 17:45:30,589 INFO Comparing database entry: saaremaa with Kuressaare returned from geonames.
2025-08-18 17:45:30,589 INFO 📄 Index 0 | Name: Kuressaare | fcl: P, fcode: PPLA | ADM1: Saare, ADM2: Saaremaa vald, ADM3: Kuressaare linn, ADM4:  | Score: 102.58, Population: 12698 | Fuzzy match: 55.55555555555556
2025-08-18 17:45:30,589 INFO Comparing database entry: saaremaa with Saare returned from geonames.
2025-08-18 17:45:30,589 INFO 📄 Index 1 | Name: Saare | fcl: A, fcode: ADM1 | ADM1: Saare, ADM2: , ADM3: , ADM4:  | Score: 91.01, Population: 34041 | Fuzzy match: 76.92307692307692
2025-08-18 17:45:30,590 INFO Comparing database entry: saaremaa with Saaremaa vald returned from geonames.
2025-08-18 17:45:30,590 INFO 📄 Index 2 | Name: Saaremaa vald | fcl: A, fcode: ADM2 | ADM1: Saare, ADM2: Saaremaa vald, ADM3: , ADM4:  | Score: 58.48, Population: 31413 | Fuzzy match: 76.19047619047619
2025-08-18 17:45:30,590 INFO Comparing database entry: saaremaa with Kaarma vald returned from geonames.
2025-08-18 17:45:30,590 INFO 📄 Index 3 | Name: Kaarma vald | fcl: A, fcode: ADM2H | ADM1: Saare, ADM2: Kaarma vald, ADM3: , ADM4:  | Score: 56.41, Population: 0 | Fuzzy match: 63.1578947368421
2025-08-18 17:45:30,748 INFO Comparing database entry: saaremaa with Kuressaare returned from geonames.
2025-08-18 17:45:30,748 INFO 📄 Index 0 | Name: Kuressaare | fcl: P, fcode: PPLA | ADM1: Saare, ADM2: Saaremaa vald, ADM3: Kuressaare linn, ADM4:  | Score: 102.58, Population: 12698 | Fuzzy match: 55.55555555555556
2025-08-18 17:45:30,748 INFO Comparing database entry: saaremaa with Saare returned from geonames.
2025-08-18 17:45:30,748 INFO 📄 Index 1 | Name: Saare | fcl: A, fcode: ADM1 | ADM1: Saare, ADM2: , ADM3: , ADM4:  | Score: 91.01, Population: 34041 | Fuzzy match: 76.92307692307692
2025-08-18 17:45:30,748 INFO Comparing database entry: saaremaa with Saaremaa vald returned from geonames.
2025-08-18 17:45:30,748 INFO 📄 Index 2 | Name: Saaremaa vald | fcl: A, fcode: ADM2 | ADM1: Saare, ADM2: Saaremaa vald, ADM3: , ADM4:  | Score: 58.48, Population: 31413 | Fuzzy match: 76.19047619047619
2025-08-18 17:45:30,748 INFO Comparing database entry: saaremaa with Kaarma vald returned from geonames.
2025-08-18 17:45:30,748 INFO 📄 Index 3 | Name: Kaarma vald | fcl: A, fcode: ADM2H | ADM1: Saare, ADM2: Kaarma vald, ADM3: , ADM4:  | Score: 56.41, Population: 0 | Fuzzy match: 63.1578947368421
2025-08-18 17:45:30,900 INFO Comparing database entry: saaremaa with Kuressaare returned from geonames.
2025-08-18 17:45:30,900 INFO 📄 Index 0 | Name: Kuressaare | fcl: P, fcode: PPLA | ADM1: Saare, ADM2: Saaremaa vald, ADM3: Kuressaare linn, ADM4:  | Score: 102.58, Population: 12698 | Fuzzy match: 55.55555555555556
2025-08-18 17:45:30,900 INFO Comparing database entry: saaremaa with Saare returned from geonames.
2025-08-18 17:45:30,900 INFO 📄 Index 1 | Name: Saare | fcl: A, fcode: ADM1 | ADM1: Saare, ADM2: , ADM3: , ADM4:  | Score: 91.01, Population: 34041 | Fuzzy match: 76.92307692307692
2025-08-18 17:45:30,900 INFO Comparing database entry: saaremaa with Saaremaa vald returned from geonames.
2025-08-18 17:45:30,900 INFO 📄 Index 2 | Name: Saaremaa vald | fcl: A, fcode: ADM2 | ADM1: Saare, ADM2: Saaremaa vald, ADM3: , ADM4:  | Score: 58.48, Population: 31413 | Fuzzy match: 76.19047619047619
2025-08-18 17:45:30,900 INFO Comparing database entry: saaremaa with Kaarma vald returned from geonames.
2025-08-18 17:45:30,900 INFO 📄 Index 3 | Name: Kaarma vald | fcl: A, fcode: ADM2H | ADM1: Saare, ADM2: Kaarma vald, ADM3: , ADM4:  | Score: 56.41, Population: 0 | Fuzzy match: 63.1578947368421
2025-08-18 17:45:31,051 INFO Comparing database entry: saaremaa with Kuressaare returned from geonames.
2025-08-18 17:45:31,051 INFO 📄 Index 0 | Name: Kuressaare | fcl: P, fcode: PPLA | ADM1: Saare, ADM2: Saaremaa vald, ADM3: Kuressaare linn, ADM4:  | Score: 102.58, Population: 12698 | Fuzzy match: 55.55555555555556
2025-08-18 17:45:31,051 INFO Comparing database entry: saaremaa with Saare returned from geonames.
2025-08-18 17:45:31,051 INFO 📄 Index 1 | Name: Saare | fcl: A, fcode: ADM1 | ADM1: Saare, ADM2: , ADM3: , ADM4:  | Score: 91.01, Population: 34041 | Fuzzy match: 76.92307692307692
2025-08-18 17:45:31,051 INFO Comparing database entry: saaremaa with Saaremaa vald returned from geonames.
2025-08-18 17:45:31,052 INFO 📄 Index 2 | Name: Saaremaa vald | fcl: A, fcode: ADM2 | ADM1: Saare, ADM2: Saaremaa vald, ADM3: , ADM4:  | Score: 58.48, Population: 31413 | Fuzzy match: 76.19047619047619
2025-08-18 17:45:31,052 INFO Comparing database entry: saaremaa with Kaarma vald returned from geonames.
2025-08-18 17:45:31,052 INFO 📄 Index 3 | Name: Kaarma vald | fcl: A, fcode: ADM2H | ADM1: Saare, ADM2: Kaarma vald, ADM3: , ADM4:  | Score: 56.41, Population: 0 | Fuzzy match: 63.1578947368421
2025-08-18 17:45:31,052 WARNING ❌ No match found with fuzzy score > 80 for city: saaremaa
2025-08-18 17:45:31,052 WARNING ❌ Lookup failed for city='saaremaa', iso2='EE'
