2025-08-19 16:01:09,995 INFO 🗺️ Starting GeoNames lookup for city='andévalo', country='spain'
2025-08-19 16:01:09,995 INFO 📍 Location is present in the following articles: [ObjectId('67fa801eeaa4fb525afec6c8'), ObjectId('67fa87b4eaa4fb525afed639')]
2025-08-19 16:01:10,161 INFO Comparing database entry: andévalo with El Cerro de Andévalo returned from geonames.
2025-08-19 16:01:10,161 INFO 📄 Index 0 | Name: El Cerro de Andévalo | fcl: P, fcode: PPL | ADM1: Andalusia, ADM2: Huelva, ADM3: Cerro de Andévalo, El, ADM4:  | Latitude: 37.73537, Longitude: -6.93692 | Score: 38.23, Population: 2639 | Fuzzy match: 57.14285714285714
2025-08-19 16:01:10,162 INFO Comparing database entry: andévalo with Cerro de Andévalo, El returned from geonames.
2025-08-19 16:01:10,162 INFO 📄 Index 1 | Name: Cerro de Andévalo, El | fcl: A, fcode: ADM3 | ADM1: Andalusia, ADM2: Huelva, ADM3: Cerro de Andévalo, El, ADM4:  | Latitude: 37.71606, Longitude: -7.02102 | Score: 24.48, Population: 2417 | Fuzzy match: 55.172413793103445
2025-08-19 16:01:10,162 INFO Comparing database entry: andévalo with Montes de San Benito returned from geonames.
2025-08-19 16:01:10,162 INFO 📄 Index 2 | Name: Montes de San Benito | fcl: P, fcode: PPL | ADM1: Andalusia, ADM2: Huelva, ADM3: Cerro de Andévalo, El, ADM4:  | Latitude: 37.68104, Longitude: -7.07158 | Score: 18.59, Population: 0 | Fuzzy match: 21.42857142857143
2025-08-19 16:01:10,162 INFO Comparing database entry: andévalo with Tamujoso returned from geonames.
2025-08-19 16:01:10,162 INFO 📄 Index 3 | Name: Tamujoso | fcl: P, fcode: PPL | ADM1: Andalusia, ADM2: Huelva, ADM3: Cerro de Andévalo, El, ADM4:  | Latitude: 37.72644, Longitude: -6.90624 | Score: 14.87, Population: 0 | Fuzzy match: 25.0
2025-08-19 16:01:10,306 INFO Comparing database entry: andévalo with El Cerro de Andévalo returned from geonames.
2025-08-19 16:01:10,306 INFO 📄 Index 0 | Name: El Cerro de Andévalo | fcl: P, fcode: PPL | ADM1: Andalusia, ADM2: Huelva, ADM3: Cerro de Andévalo, El, ADM4:  | Latitude: 37.73537, Longitude: -6.93692 | Score: 38.23, Population: 2639 | Fuzzy match: 57.14285714285714
2025-08-19 16:01:10,306 INFO Comparing database entry: andévalo with Cerro de Andévalo, El returned from geonames.
2025-08-19 16:01:10,306 INFO 📄 Index 1 | Name: Cerro de Andévalo, El | fcl: A, fcode: ADM3 | ADM1: Andalusia, ADM2: Huelva, ADM3: Cerro de Andévalo, El, ADM4:  | Latitude: 37.71606, Longitude: -7.02102 | Score: 24.48, Population: 2417 | Fuzzy match: 55.172413793103445
2025-08-19 16:01:10,306 INFO Comparing database entry: andévalo with Montes de San Benito returned from geonames.
2025-08-19 16:01:10,306 INFO 📄 Index 2 | Name: Montes de San Benito | fcl: P, fcode: PPL | ADM1: Andalusia, ADM2: Huelva, ADM3: Cerro de Andévalo, El, ADM4:  | Latitude: 37.68104, Longitude: -7.07158 | Score: 18.59, Population: 0 | Fuzzy match: 21.42857142857143
2025-08-19 16:01:10,306 INFO Comparing database entry: andévalo with Tamujoso returned from geonames.
2025-08-19 16:01:10,306 INFO 📄 Index 3 | Name: Tamujoso | fcl: P, fcode: PPL | ADM1: Andalusia, ADM2: Huelva, ADM3: Cerro de Andévalo, El, ADM4:  | Latitude: 37.72644, Longitude: -6.90624 | Score: 14.87, Population: 0 | Fuzzy match: 25.0
2025-08-19 16:01:10,485 INFO Comparing database entry: andévalo with El Cerro de Andévalo returned from geonames.
2025-08-19 16:01:10,486 INFO 📄 Index 0 | Name: El Cerro de Andévalo | fcl: P, fcode: PPL | ADM1: Andalusia, ADM2: Huelva, ADM3: Cerro de Andévalo, El, ADM4:  | Latitude: 37.73537, Longitude: -6.93692 | Score: 38.23, Population: 2639 | Fuzzy match: 57.14285714285714
2025-08-19 16:01:10,486 INFO Comparing database entry: andévalo with Cerro de Andévalo, El returned from geonames.
2025-08-19 16:01:10,486 INFO 📄 Index 1 | Name: Cerro de Andévalo, El | fcl: A, fcode: ADM3 | ADM1: Andalusia, ADM2: Huelva, ADM3: Cerro de Andévalo, El, ADM4:  | Latitude: 37.71606, Longitude: -7.02102 | Score: 24.48, Population: 2417 | Fuzzy match: 55.172413793103445
2025-08-19 16:01:10,486 INFO Comparing database entry: andévalo with Montes de San Benito returned from geonames.
2025-08-19 16:01:10,486 INFO 📄 Index 2 | Name: Montes de San Benito | fcl: P, fcode: PPL | ADM1: Andalusia, ADM2: Huelva, ADM3: Cerro de Andévalo, El, ADM4:  | Latitude: 37.68104, Longitude: -7.07158 | Score: 18.59, Population: 0 | Fuzzy match: 21.42857142857143
2025-08-19 16:01:10,486 INFO Comparing database entry: andévalo with Tamujoso returned from geonames.
2025-08-19 16:01:10,486 INFO 📄 Index 3 | Name: Tamujoso | fcl: P, fcode: PPL | ADM1: Andalusia, ADM2: Huelva, ADM3: Cerro de Andévalo, El, ADM4:  | Latitude: 37.72644, Longitude: -6.90624 | Score: 14.87, Population: 0 | Fuzzy match: 25.0
2025-08-19 16:01:10,652 INFO Comparing database entry: andévalo with El Cerro de Andévalo returned from geonames.
2025-08-19 16:01:10,653 INFO 📄 Index 0 | Name: El Cerro de Andévalo | fcl: P, fcode: PPL | ADM1: Andalusia, ADM2: Huelva, ADM3: Cerro de Andévalo, El, ADM4:  | Latitude: 37.73537, Longitude: -6.93692 | Score: 38.23, Population: 2639 | Fuzzy match: 57.14285714285714
2025-08-19 16:01:10,653 INFO Comparing database entry: andévalo with Cerro de Andévalo, El returned from geonames.
2025-08-19 16:01:10,653 INFO 📄 Index 1 | Name: Cerro de Andévalo, El | fcl: A, fcode: ADM3 | ADM1: Andalusia, ADM2: Huelva, ADM3: Cerro de Andévalo, El, ADM4:  | Latitude: 37.71606, Longitude: -7.02102 | Score: 24.48, Population: 2417 | Fuzzy match: 55.172413793103445
2025-08-19 16:01:10,653 INFO Comparing database entry: andévalo with Montes de San Benito returned from geonames.
2025-08-19 16:01:10,653 INFO 📄 Index 2 | Name: Montes de San Benito | fcl: P, fcode: PPL | ADM1: Andalusia, ADM2: Huelva, ADM3: Cerro de Andévalo, El, ADM4:  | Latitude: 37.68104, Longitude: -7.07158 | Score: 18.59, Population: 0 | Fuzzy match: 21.42857142857143
2025-08-19 16:01:10,653 INFO Comparing database entry: andévalo with Tamujoso returned from geonames.
2025-08-19 16:01:10,653 INFO 📄 Index 3 | Name: Tamujoso | fcl: P, fcode: PPL | ADM1: Andalusia, ADM2: Huelva, ADM3: Cerro de Andévalo, El, ADM4:  | Latitude: 37.72644, Longitude: -6.90624 | Score: 14.87, Population: 0 | Fuzzy match: 25.0
2025-08-19 16:01:10,835 INFO Comparing database entry: andévalo with El Cerro de Andévalo returned from geonames.
2025-08-19 16:01:10,835 INFO 📄 Index 0 | Name: El Cerro de Andévalo | fcl: P, fcode: PPL | ADM1: Andalusia, ADM2: Huelva, ADM3: Cerro de Andévalo, El, ADM4:  | Latitude: 37.73537, Longitude: -6.93692 | Score: 38.23, Population: 2639 | Fuzzy match: 57.14285714285714
2025-08-19 16:01:10,836 INFO Comparing database entry: andévalo with Cerro de Andévalo, El returned from geonames.
2025-08-19 16:01:10,836 INFO 📄 Index 1 | Name: Cerro de Andévalo, El | fcl: A, fcode: ADM3 | ADM1: Andalusia, ADM2: Huelva, ADM3: Cerro de Andévalo, El, ADM4:  | Latitude: 37.71606, Longitude: -7.02102 | Score: 24.48, Population: 2417 | Fuzzy match: 55.172413793103445
2025-08-19 16:01:10,836 INFO Comparing database entry: andévalo with Montes de San Benito returned from geonames.
2025-08-19 16:01:10,836 INFO 📄 Index 2 | Name: Montes de San Benito | fcl: P, fcode: PPL | ADM1: Andalusia, ADM2: Huelva, ADM3: Cerro de Andévalo, El, ADM4:  | Latitude: 37.68104, Longitude: -7.07158 | Score: 18.59, Population: 0 | Fuzzy match: 21.42857142857143
2025-08-19 16:01:10,836 INFO Comparing database entry: andévalo with Tamujoso returned from geonames.
2025-08-19 16:01:10,836 INFO 📄 Index 3 | Name: Tamujoso | fcl: P, fcode: PPL | ADM1: Andalusia, ADM2: Huelva, ADM3: Cerro de Andévalo, El, ADM4:  | Latitude: 37.72644, Longitude: -6.90624 | Score: 14.87, Population: 0 | Fuzzy match: 25.0
2025-08-19 16:01:10,982 INFO Comparing database entry: andévalo with El Cerro de Andévalo returned from geonames.
2025-08-19 16:01:10,982 INFO 📄 Index 0 | Name: El Cerro de Andévalo | fcl: P, fcode: PPL | ADM1: Andalusia, ADM2: Huelva, ADM3: Cerro de Andévalo, El, ADM4:  | Latitude: 37.73537, Longitude: -6.93692 | Score: 38.23, Population: 2639 | Fuzzy match: 57.14285714285714
2025-08-19 16:01:10,982 INFO Comparing database entry: andévalo with Cerro de Andévalo, El returned from geonames.
2025-08-19 16:01:10,982 INFO 📄 Index 1 | Name: Cerro de Andévalo, El | fcl: A, fcode: ADM3 | ADM1: Andalusia, ADM2: Huelva, ADM3: Cerro de Andévalo, El, ADM4:  | Latitude: 37.71606, Longitude: -7.02102 | Score: 24.48, Population: 2417 | Fuzzy match: 55.172413793103445
2025-08-19 16:01:10,983 INFO Comparing database entry: andévalo with Montes de San Benito returned from geonames.
2025-08-19 16:01:10,983 INFO 📄 Index 2 | Name: Montes de San Benito | fcl: P, fcode: PPL | ADM1: Andalusia, ADM2: Huelva, ADM3: Cerro de Andévalo, El, ADM4:  | Latitude: 37.68104, Longitude: -7.07158 | Score: 18.59, Population: 0 | Fuzzy match: 21.42857142857143
2025-08-19 16:01:10,983 INFO Comparing database entry: andévalo with Tamujoso returned from geonames.
2025-08-19 16:01:10,983 INFO 📄 Index 3 | Name: Tamujoso | fcl: P, fcode: PPL | ADM1: Andalusia, ADM2: Huelva, ADM3: Cerro de Andévalo, El, ADM4:  | Latitude: 37.72644, Longitude: -6.90624 | Score: 14.87, Population: 0 | Fuzzy match: 25.0
2025-08-19 16:01:10,983 WARNING ❌ No match found with fuzzy score > 80 for city: andévalo
2025-08-19 16:01:10,983 WARNING ❌ Lookup failed for city='andévalo', iso2='ES'
