2025-08-18 21:22:18,725 INFO 🗺️ Starting GeoNames lookup for city='asturias', country='spain'
2025-08-18 21:22:18,725 INFO 📍 Location is present in the following articles: [ObjectId('67fa5f0638fb90ab92f8b9ff'), ObjectId('67fa620738fb90ab92f8c076'), ObjectId('67fa621f38fb90ab92f8c0c7')]
2025-08-18 21:22:18,989 INFO Comparing database entry: asturias with Oviedo returned from geonames.
2025-08-18 21:22:18,989 INFO 📄 Index 0 | Name: Oviedo | fcl: P, fcode: PPLA | ADM1: Asturias, ADM2: Asturias, ADM3: Oviedo, ADM4:  | Latitude: 43.36029, Longitude: -5.84476 | Score: 108.52, Population: 220020 | Fuzzy match: 14.28571428571429
2025-08-18 21:22:18,990 INFO Comparing database entry: asturias with Gijón returned from geonames.
2025-08-18 21:22:18,990 INFO 📄 Index 1 | Name: Gijón | fcl: P, fcode: PPLA3 | ADM1: Asturias, ADM2: Asturias, ADM3: Gijón Municipality, ADM4:  | Latitude: 43.53573, Longitude: -5.66152 | Score: 95.58, Population: 277554 | Fuzzy match: 15.384615384615385
2025-08-18 21:22:18,990 INFO Comparing database entry: asturias with Avilés returned from geonames.
2025-08-18 21:22:18,990 INFO 📄 Index 2 | Name: Avilés | fcl: P, fcode: PPL | ADM1: Asturias, ADM2: Asturias, ADM3: Avilés, ADM4:  | Latitude: 43.55473, Longitude: -5.92483 | Score: 95.58, Population: 78715 | Fuzzy match: 42.85714285714286
2025-08-18 21:22:18,990 INFO Comparing database entry: asturias with Langreo returned from geonames.
2025-08-18 21:22:18,990 INFO 📄 Index 3 | Name: Langreo | fcl: P, fcode: PPL | ADM1: Asturias, ADM2: Asturias, ADM3: Langreo Municipality, ADM4:  | Latitude: 43.29568, Longitude: -5.68416 | Score: 82.63, Population: 39984 | Fuzzy match: 26.66666666666667
2025-08-18 21:22:19,147 INFO Comparing database entry: asturias with Oviedo returned from geonames.
2025-08-18 21:22:19,148 INFO 📄 Index 0 | Name: Oviedo | fcl: P, fcode: PPLA | ADM1: Asturias, ADM2: Asturias, ADM3: Oviedo, ADM4:  | Latitude: 43.36029, Longitude: -5.84476 | Score: 108.52, Population: 220020 | Fuzzy match: 14.28571428571429
2025-08-18 21:22:19,148 INFO Comparing database entry: asturias with Gijón returned from geonames.
2025-08-18 21:22:19,148 INFO 📄 Index 1 | Name: Gijón | fcl: P, fcode: PPLA3 | ADM1: Asturias, ADM2: Asturias, ADM3: Gijón Municipality, ADM4:  | Latitude: 43.53573, Longitude: -5.66152 | Score: 95.58, Population: 277554 | Fuzzy match: 15.384615384615385
2025-08-18 21:22:19,148 INFO Comparing database entry: asturias with Avilés returned from geonames.
2025-08-18 21:22:19,148 INFO 📄 Index 2 | Name: Avilés | fcl: P, fcode: PPL | ADM1: Asturias, ADM2: Asturias, ADM3: Avilés, ADM4:  | Latitude: 43.55473, Longitude: -5.92483 | Score: 95.58, Population: 78715 | Fuzzy match: 42.85714285714286
2025-08-18 21:22:19,148 INFO Comparing database entry: asturias with Langreo returned from geonames.
2025-08-18 21:22:19,148 INFO 📄 Index 3 | Name: Langreo | fcl: P, fcode: PPL | ADM1: Asturias, ADM2: Asturias, ADM3: Langreo Municipality, ADM4:  | Latitude: 43.29568, Longitude: -5.68416 | Score: 82.63, Population: 39984 | Fuzzy match: 26.66666666666667
2025-08-18 21:22:19,330 INFO Comparing database entry: asturias with Oviedo returned from geonames.
2025-08-18 21:22:19,330 INFO 📄 Index 0 | Name: Oviedo | fcl: P, fcode: PPLA | ADM1: Asturias, ADM2: Asturias, ADM3: Oviedo, ADM4:  | Latitude: 43.36029, Longitude: -5.84476 | Score: 108.52, Population: 220020 | Fuzzy match: 14.28571428571429
2025-08-18 21:22:19,331 INFO Comparing database entry: asturias with Gijón returned from geonames.
2025-08-18 21:22:19,331 INFO 📄 Index 1 | Name: Gijón | fcl: P, fcode: PPLA3 | ADM1: Asturias, ADM2: Asturias, ADM3: Gijón Municipality, ADM4:  | Latitude: 43.53573, Longitude: -5.66152 | Score: 95.58, Population: 277554 | Fuzzy match: 15.384615384615385
2025-08-18 21:22:19,331 INFO Comparing database entry: asturias with Avilés returned from geonames.
2025-08-18 21:22:19,331 INFO 📄 Index 2 | Name: Avilés | fcl: P, fcode: PPL | ADM1: Asturias, ADM2: Asturias, ADM3: Avilés, ADM4:  | Latitude: 43.55473, Longitude: -5.92483 | Score: 95.58, Population: 78715 | Fuzzy match: 42.85714285714286
2025-08-18 21:22:19,331 INFO Comparing database entry: asturias with Langreo returned from geonames.
2025-08-18 21:22:19,331 INFO 📄 Index 3 | Name: Langreo | fcl: P, fcode: PPL | ADM1: Asturias, ADM2: Asturias, ADM3: Langreo Municipality, ADM4:  | Latitude: 43.29568, Longitude: -5.68416 | Score: 82.63, Population: 39984 | Fuzzy match: 26.66666666666667
2025-08-18 21:22:19,494 INFO Comparing database entry: asturias with Oviedo returned from geonames.
2025-08-18 21:22:19,495 INFO 📄 Index 0 | Name: Oviedo | fcl: P, fcode: PPLA | ADM1: Asturias, ADM2: Asturias, ADM3: Oviedo, ADM4:  | Latitude: 43.36029, Longitude: -5.84476 | Score: 108.52, Population: 220020 | Fuzzy match: 14.28571428571429
2025-08-18 21:22:19,495 INFO Comparing database entry: asturias with Gijón returned from geonames.
2025-08-18 21:22:19,495 INFO 📄 Index 1 | Name: Gijón | fcl: P, fcode: PPLA3 | ADM1: Asturias, ADM2: Asturias, ADM3: Gijón Municipality, ADM4:  | Latitude: 43.53573, Longitude: -5.66152 | Score: 95.58, Population: 277554 | Fuzzy match: 15.384615384615385
2025-08-18 21:22:19,495 INFO Comparing database entry: asturias with Avilés returned from geonames.
2025-08-18 21:22:19,495 INFO 📄 Index 2 | Name: Avilés | fcl: P, fcode: PPL | ADM1: Asturias, ADM2: Asturias, ADM3: Avilés, ADM4:  | Latitude: 43.55473, Longitude: -5.92483 | Score: 95.58, Population: 78715 | Fuzzy match: 42.85714285714286
2025-08-18 21:22:19,495 INFO Comparing database entry: asturias with Langreo returned from geonames.
2025-08-18 21:22:19,495 INFO 📄 Index 3 | Name: Langreo | fcl: P, fcode: PPL | ADM1: Asturias, ADM2: Asturias, ADM3: Langreo Municipality, ADM4:  | Latitude: 43.29568, Longitude: -5.68416 | Score: 82.63, Population: 39984 | Fuzzy match: 26.66666666666667
2025-08-18 21:22:19,667 INFO Comparing database entry: asturias with Oviedo returned from geonames.
2025-08-18 21:22:19,667 INFO 📄 Index 0 | Name: Oviedo | fcl: P, fcode: PPLA | ADM1: Asturias, ADM2: Asturias, ADM3: Oviedo, ADM4:  | Latitude: 43.36029, Longitude: -5.84476 | Score: 108.52, Population: 220020 | Fuzzy match: 14.28571428571429
2025-08-18 21:22:19,667 INFO Comparing database entry: asturias with Gijón returned from geonames.
2025-08-18 21:22:19,667 INFO 📄 Index 1 | Name: Gijón | fcl: P, fcode: PPLA3 | ADM1: Asturias, ADM2: Asturias, ADM3: Gijón Municipality, ADM4:  | Latitude: 43.53573, Longitude: -5.66152 | Score: 95.58, Population: 277554 | Fuzzy match: 15.384615384615385
2025-08-18 21:22:19,667 INFO Comparing database entry: asturias with Avilés returned from geonames.
2025-08-18 21:22:19,667 INFO 📄 Index 2 | Name: Avilés | fcl: P, fcode: PPL | ADM1: Asturias, ADM2: Asturias, ADM3: Avilés, ADM4:  | Latitude: 43.55473, Longitude: -5.92483 | Score: 95.58, Population: 78715 | Fuzzy match: 42.85714285714286
2025-08-18 21:22:19,667 INFO Comparing database entry: asturias with Langreo returned from geonames.
2025-08-18 21:22:19,667 INFO 📄 Index 3 | Name: Langreo | fcl: P, fcode: PPL | ADM1: Asturias, ADM2: Asturias, ADM3: Langreo Municipality, ADM4:  | Latitude: 43.29568, Longitude: -5.68416 | Score: 82.63, Population: 39984 | Fuzzy match: 26.66666666666667
2025-08-18 21:22:19,832 INFO Comparing database entry: asturias with Oviedo returned from geonames.
2025-08-18 21:22:19,833 INFO 📄 Index 0 | Name: Oviedo | fcl: P, fcode: PPLA | ADM1: Asturias, ADM2: Asturias, ADM3: Oviedo, ADM4:  | Latitude: 43.36029, Longitude: -5.84476 | Score: 108.52, Population: 220020 | Fuzzy match: 14.28571428571429
2025-08-18 21:22:19,833 INFO Comparing database entry: asturias with Gijón returned from geonames.
2025-08-18 21:22:19,833 INFO 📄 Index 1 | Name: Gijón | fcl: P, fcode: PPLA3 | ADM1: Asturias, ADM2: Asturias, ADM3: Gijón Municipality, ADM4:  | Latitude: 43.53573, Longitude: -5.66152 | Score: 95.58, Population: 277554 | Fuzzy match: 15.384615384615385
2025-08-18 21:22:19,833 INFO Comparing database entry: asturias with Avilés returned from geonames.
2025-08-18 21:22:19,833 INFO 📄 Index 2 | Name: Avilés | fcl: P, fcode: PPL | ADM1: Asturias, ADM2: Asturias, ADM3: Avilés, ADM4:  | Latitude: 43.55473, Longitude: -5.92483 | Score: 95.58, Population: 78715 | Fuzzy match: 42.85714285714286
2025-08-18 21:22:19,833 INFO Comparing database entry: asturias with Langreo returned from geonames.
2025-08-18 21:22:19,833 INFO 📄 Index 3 | Name: Langreo | fcl: P, fcode: PPL | ADM1: Asturias, ADM2: Asturias, ADM3: Langreo Municipality, ADM4:  | Latitude: 43.29568, Longitude: -5.68416 | Score: 82.63, Population: 39984 | Fuzzy match: 26.66666666666667
2025-08-18 21:22:19,833 WARNING ❌ No match found with fuzzy score > 80 for city: asturias
2025-08-18 21:22:19,834 WARNING ❌ Lookup failed for city='asturias', iso2='ES'
