2025-08-12 12:47:00,093 INFO 🗺️ Starting GeoNames lookup for city='andalusia', country='spain'
2025-08-12 12:47:00,093 INFO 📍 Location is present in the following articles: [ObjectId('68719e973a890264658cfe6b')]
2025-08-12 12:47:00,267 INFO Comparing database entry: andalusia with Seville returned from geonames.
2025-08-12 12:47:00,268 INFO 📄 Index 0 | Name: Seville | fcl: P, fcode: PPLA | ADM1: Andalusia, ADM2: Seville, ADM3: Seville, ADM4:  | Score: 143.52, Population: 684234 | Fuzzy match: 25.0
2025-08-12 12:47:00,268 INFO Comparing database entry: andalusia with Málaga returned from geonames.
2025-08-12 12:47:00,268 INFO 📄 Index 1 | Name: Málaga | fcl: P, fcode: PPLA2 | ADM1: Andalusia, ADM2: Malaga, ADM3: Málaga, ADM4:  | Score: 139.43, Population: 578460 | Fuzzy match: 26.66666666666667
2025-08-12 12:47:00,268 INFO Comparing database entry: andalusia with Jaén returned from geonames.
2025-08-12 12:47:00,268 INFO 📄 Index 2 | Name: Jaén | fcl: P, fcode: PPLA2 | ADM1: Andalusia, ADM2: Jaen, ADM3: Jaén, ADM4:  | Score: 85.61, Population: 113457 | Fuzzy match: 30.76923076923077
2025-08-12 12:47:00,268 INFO Comparing database entry: andalusia with Huelva returned from geonames.
2025-08-12 12:47:00,268 INFO 📄 Index 3 | Name: Huelva | fcl: P, fcode: PPLA2 | ADM1: Andalusia, ADM2: Huelva, ADM3: Huelva, ADM4:  | Score: 85.61, Population: 144258 | Fuzzy match: 26.66666666666667
2025-08-12 12:47:00,422 INFO Comparing database entry: andalusia with Seville returned from geonames.
2025-08-12 12:47:00,422 INFO 📄 Index 0 | Name: Seville | fcl: P, fcode: PPLA | ADM1: Andalusia, ADM2: Seville, ADM3: Seville, ADM4:  | Score: 143.52, Population: 684234 | Fuzzy match: 25.0
2025-08-12 12:47:00,422 INFO Comparing database entry: andalusia with Málaga returned from geonames.
2025-08-12 12:47:00,422 INFO 📄 Index 1 | Name: Málaga | fcl: P, fcode: PPLA2 | ADM1: Andalusia, ADM2: Malaga, ADM3: Málaga, ADM4:  | Score: 139.43, Population: 578460 | Fuzzy match: 26.66666666666667
2025-08-12 12:47:00,422 INFO Comparing database entry: andalusia with Jaén returned from geonames.
2025-08-12 12:47:00,422 INFO 📄 Index 2 | Name: Jaén | fcl: P, fcode: PPLA2 | ADM1: Andalusia, ADM2: Jaen, ADM3: Jaén, ADM4:  | Score: 85.61, Population: 113457 | Fuzzy match: 30.76923076923077
2025-08-12 12:47:00,422 INFO Comparing database entry: andalusia with Huelva returned from geonames.
2025-08-12 12:47:00,422 INFO 📄 Index 3 | Name: Huelva | fcl: P, fcode: PPLA2 | ADM1: Andalusia, ADM2: Huelva, ADM3: Huelva, ADM4:  | Score: 85.61, Population: 144258 | Fuzzy match: 26.66666666666667
2025-08-12 12:47:00,574 INFO Comparing database entry: andalusia with Seville returned from geonames.
2025-08-12 12:47:00,574 INFO 📄 Index 0 | Name: Seville | fcl: P, fcode: PPLA | ADM1: Andalusia, ADM2: Seville, ADM3: Seville, ADM4:  | Score: 143.52, Population: 684234 | Fuzzy match: 25.0
2025-08-12 12:47:00,574 INFO Comparing database entry: andalusia with Málaga returned from geonames.
2025-08-12 12:47:00,574 INFO 📄 Index 1 | Name: Málaga | fcl: P, fcode: PPLA2 | ADM1: Andalusia, ADM2: Malaga, ADM3: Málaga, ADM4:  | Score: 139.43, Population: 578460 | Fuzzy match: 26.66666666666667
2025-08-12 12:47:00,574 INFO Comparing database entry: andalusia with Jaén returned from geonames.
2025-08-12 12:47:00,574 INFO 📄 Index 2 | Name: Jaén | fcl: P, fcode: PPLA2 | ADM1: Andalusia, ADM2: Jaen, ADM3: Jaén, ADM4:  | Score: 85.61, Population: 113457 | Fuzzy match: 30.76923076923077
2025-08-12 12:47:00,574 INFO Comparing database entry: andalusia with Huelva returned from geonames.
2025-08-12 12:47:00,574 INFO 📄 Index 3 | Name: Huelva | fcl: P, fcode: PPLA2 | ADM1: Andalusia, ADM2: Huelva, ADM3: Huelva, ADM4:  | Score: 85.61, Population: 144258 | Fuzzy match: 26.66666666666667
2025-08-12 12:47:00,712 INFO Comparing database entry: andalusia with Seville returned from geonames.
2025-08-12 12:47:00,712 INFO 📄 Index 0 | Name: Seville | fcl: P, fcode: PPLA | ADM1: Andalusia, ADM2: Seville, ADM3: Seville, ADM4:  | Score: 143.52, Population: 684234 | Fuzzy match: 25.0
2025-08-12 12:47:00,712 INFO Comparing database entry: andalusia with Málaga returned from geonames.
2025-08-12 12:47:00,712 INFO 📄 Index 1 | Name: Málaga | fcl: P, fcode: PPLA2 | ADM1: Andalusia, ADM2: Malaga, ADM3: Málaga, ADM4:  | Score: 139.43, Population: 578460 | Fuzzy match: 26.66666666666667
2025-08-12 12:47:00,713 INFO Comparing database entry: andalusia with Jaén returned from geonames.
2025-08-12 12:47:00,713 INFO 📄 Index 2 | Name: Jaén | fcl: P, fcode: PPLA2 | ADM1: Andalusia, ADM2: Jaen, ADM3: Jaén, ADM4:  | Score: 85.61, Population: 113457 | Fuzzy match: 30.76923076923077
2025-08-12 12:47:00,713 INFO Comparing database entry: andalusia with Huelva returned from geonames.
2025-08-12 12:47:00,713 INFO 📄 Index 3 | Name: Huelva | fcl: P, fcode: PPLA2 | ADM1: Andalusia, ADM2: Huelva, ADM3: Huelva, ADM4:  | Score: 85.61, Population: 144258 | Fuzzy match: 26.66666666666667
2025-08-12 12:47:00,889 INFO Comparing database entry: andalusia with Seville returned from geonames.
2025-08-12 12:47:00,889 INFO 📄 Index 0 | Name: Seville | fcl: P, fcode: PPLA | ADM1: Andalusia, ADM2: Seville, ADM3: Seville, ADM4:  | Score: 143.52, Population: 684234 | Fuzzy match: 25.0
2025-08-12 12:47:00,889 INFO Comparing database entry: andalusia with Málaga returned from geonames.
2025-08-12 12:47:00,889 INFO 📄 Index 1 | Name: Málaga | fcl: P, fcode: PPLA2 | ADM1: Andalusia, ADM2: Malaga, ADM3: Málaga, ADM4:  | Score: 139.43, Population: 578460 | Fuzzy match: 26.66666666666667
2025-08-12 12:47:00,889 INFO Comparing database entry: andalusia with Jaén returned from geonames.
2025-08-12 12:47:00,890 INFO 📄 Index 2 | Name: Jaén | fcl: P, fcode: PPLA2 | ADM1: Andalusia, ADM2: Jaen, ADM3: Jaén, ADM4:  | Score: 85.61, Population: 113457 | Fuzzy match: 30.76923076923077
2025-08-12 12:47:00,890 INFO Comparing database entry: andalusia with Huelva returned from geonames.
2025-08-12 12:47:00,890 INFO 📄 Index 3 | Name: Huelva | fcl: P, fcode: PPLA2 | ADM1: Andalusia, ADM2: Huelva, ADM3: Huelva, ADM4:  | Score: 85.61, Population: 144258 | Fuzzy match: 26.66666666666667
2025-08-12 12:47:01,052 INFO Comparing database entry: andalusia with Seville returned from geonames.
2025-08-12 12:47:01,052 INFO 📄 Index 0 | Name: Seville | fcl: P, fcode: PPLA | ADM1: Andalusia, ADM2: Seville, ADM3: Seville, ADM4:  | Score: 143.52, Population: 684234 | Fuzzy match: 25.0
2025-08-12 12:47:01,052 INFO Comparing database entry: andalusia with Málaga returned from geonames.
2025-08-12 12:47:01,052 INFO 📄 Index 1 | Name: Málaga | fcl: P, fcode: PPLA2 | ADM1: Andalusia, ADM2: Malaga, ADM3: Málaga, ADM4:  | Score: 139.43, Population: 578460 | Fuzzy match: 26.66666666666667
2025-08-12 12:47:01,052 INFO Comparing database entry: andalusia with Jaén returned from geonames.
2025-08-12 12:47:01,053 INFO 📄 Index 2 | Name: Jaén | fcl: P, fcode: PPLA2 | ADM1: Andalusia, ADM2: Jaen, ADM3: Jaén, ADM4:  | Score: 85.61, Population: 113457 | Fuzzy match: 30.76923076923077
2025-08-12 12:47:01,053 INFO Comparing database entry: andalusia with Huelva returned from geonames.
2025-08-12 12:47:01,053 INFO 📄 Index 3 | Name: Huelva | fcl: P, fcode: PPLA2 | ADM1: Andalusia, ADM2: Huelva, ADM3: Huelva, ADM4:  | Score: 85.61, Population: 144258 | Fuzzy match: 26.66666666666667
2025-08-12 12:47:01,053 WARNING ❌ No match found with fuzzy score > 80 for city: andalusia
2025-08-12 12:47:01,053 WARNING ❌ Lookup failed for city='andalusia', iso2='ES'
