2025-08-16 12:15:43,899 INFO 🗺️ Starting GeoNames lookup for city='andalucia', country='spain'
2025-08-16 12:15:43,899 INFO 📍 Location is present in the following articles: [ObjectId('67fa848feaa4fb525afec91d'), ObjectId('67fa84a0eaa4fb525afec964')]
2025-08-16 12:15:44,063 INFO Comparing database entry: andalucia with Seville returned from geonames.
2025-08-16 12:15:44,063 INFO 📄 Index 0 | Name: Seville | fcl: P, fcode: PPLA | ADM1: Andalusia, ADM2: Seville, ADM3: Seville, ADM4:  | Score: 133.94, Population: 684234 | Fuzzy match: 12.5
2025-08-16 12:15:44,063 INFO Comparing database entry: andalucia with Málaga returned from geonames.
2025-08-16 12:15:44,064 INFO 📄 Index 1 | Name: Málaga | fcl: P, fcode: PPLA2 | ADM1: Andalusia, ADM2: Malaga, ADM3: Málaga, ADM4:  | Score: 131.04, Population: 578460 | Fuzzy match: 26.66666666666667
2025-08-16 12:15:44,064 INFO Comparing database entry: andalucia with Jaén returned from geonames.
2025-08-16 12:15:44,064 INFO 📄 Index 2 | Name: Jaén | fcl: P, fcode: PPLA2 | ADM1: Andalusia, ADM2: Jaen, ADM3: Jaén, ADM4:  | Score: 80.82, Population: 113457 | Fuzzy match: 30.76923076923077
2025-08-16 12:15:44,064 INFO Comparing database entry: andalucia with Huelva returned from geonames.
2025-08-16 12:15:44,064 INFO 📄 Index 3 | Name: Huelva | fcl: P, fcode: PPLA2 | ADM1: Andalusia, ADM2: Huelva, ADM3: Huelva, ADM4:  | Score: 80.82, Population: 144258 | Fuzzy match: 26.66666666666667
2025-08-16 12:15:44,205 INFO Comparing database entry: andalucia with Seville returned from geonames.
2025-08-16 12:15:44,205 INFO 📄 Index 0 | Name: Seville | fcl: P, fcode: PPLA | ADM1: Andalusia, ADM2: Seville, ADM3: Seville, ADM4:  | Score: 133.94, Population: 684234 | Fuzzy match: 12.5
2025-08-16 12:15:44,205 INFO Comparing database entry: andalucia with Málaga returned from geonames.
2025-08-16 12:15:44,205 INFO 📄 Index 1 | Name: Málaga | fcl: P, fcode: PPLA2 | ADM1: Andalusia, ADM2: Malaga, ADM3: Málaga, ADM4:  | Score: 131.04, Population: 578460 | Fuzzy match: 26.66666666666667
2025-08-16 12:15:44,205 INFO Comparing database entry: andalucia with Jaén returned from geonames.
2025-08-16 12:15:44,205 INFO 📄 Index 2 | Name: Jaén | fcl: P, fcode: PPLA2 | ADM1: Andalusia, ADM2: Jaen, ADM3: Jaén, ADM4:  | Score: 80.82, Population: 113457 | Fuzzy match: 30.76923076923077
2025-08-16 12:15:44,205 INFO Comparing database entry: andalucia with Huelva returned from geonames.
2025-08-16 12:15:44,205 INFO 📄 Index 3 | Name: Huelva | fcl: P, fcode: PPLA2 | ADM1: Andalusia, ADM2: Huelva, ADM3: Huelva, ADM4:  | Score: 80.82, Population: 144258 | Fuzzy match: 26.66666666666667
2025-08-16 12:15:44,333 INFO Comparing database entry: andalucia with Seville returned from geonames.
2025-08-16 12:15:44,333 INFO 📄 Index 0 | Name: Seville | fcl: P, fcode: PPLA | ADM1: Andalusia, ADM2: Seville, ADM3: Seville, ADM4:  | Score: 133.94, Population: 684234 | Fuzzy match: 12.5
2025-08-16 12:15:44,333 INFO Comparing database entry: andalucia with Málaga returned from geonames.
2025-08-16 12:15:44,333 INFO 📄 Index 1 | Name: Málaga | fcl: P, fcode: PPLA2 | ADM1: Andalusia, ADM2: Malaga, ADM3: Málaga, ADM4:  | Score: 131.04, Population: 578460 | Fuzzy match: 26.66666666666667
2025-08-16 12:15:44,333 INFO Comparing database entry: andalucia with Jaén returned from geonames.
2025-08-16 12:15:44,334 INFO 📄 Index 2 | Name: Jaén | fcl: P, fcode: PPLA2 | ADM1: Andalusia, ADM2: Jaen, ADM3: Jaén, ADM4:  | Score: 80.82, Population: 113457 | Fuzzy match: 30.76923076923077
2025-08-16 12:15:44,334 INFO Comparing database entry: andalucia with Huelva returned from geonames.
2025-08-16 12:15:44,334 INFO 📄 Index 3 | Name: Huelva | fcl: P, fcode: PPLA2 | ADM1: Andalusia, ADM2: Huelva, ADM3: Huelva, ADM4:  | Score: 80.82, Population: 144258 | Fuzzy match: 26.66666666666667
2025-08-16 12:15:44,477 INFO Comparing database entry: andalucia with Seville returned from geonames.
2025-08-16 12:15:44,478 INFO 📄 Index 0 | Name: Seville | fcl: P, fcode: PPLA | ADM1: Andalusia, ADM2: Seville, ADM3: Seville, ADM4:  | Score: 133.94, Population: 684234 | Fuzzy match: 12.5
2025-08-16 12:15:44,478 INFO Comparing database entry: andalucia with Málaga returned from geonames.
2025-08-16 12:15:44,478 INFO 📄 Index 1 | Name: Málaga | fcl: P, fcode: PPLA2 | ADM1: Andalusia, ADM2: Malaga, ADM3: Málaga, ADM4:  | Score: 131.04, Population: 578460 | Fuzzy match: 26.66666666666667
2025-08-16 12:15:44,478 INFO Comparing database entry: andalucia with Jaén returned from geonames.
2025-08-16 12:15:44,478 INFO 📄 Index 2 | Name: Jaén | fcl: P, fcode: PPLA2 | ADM1: Andalusia, ADM2: Jaen, ADM3: Jaén, ADM4:  | Score: 80.82, Population: 113457 | Fuzzy match: 30.76923076923077
2025-08-16 12:15:44,478 INFO Comparing database entry: andalucia with Huelva returned from geonames.
2025-08-16 12:15:44,478 INFO 📄 Index 3 | Name: Huelva | fcl: P, fcode: PPLA2 | ADM1: Andalusia, ADM2: Huelva, ADM3: Huelva, ADM4:  | Score: 80.82, Population: 144258 | Fuzzy match: 26.66666666666667
2025-08-16 12:15:44,638 INFO Comparing database entry: andalucia with Seville returned from geonames.
2025-08-16 12:15:44,638 INFO 📄 Index 0 | Name: Seville | fcl: P, fcode: PPLA | ADM1: Andalusia, ADM2: Seville, ADM3: Seville, ADM4:  | Score: 133.94, Population: 684234 | Fuzzy match: 12.5
2025-08-16 12:15:44,638 INFO Comparing database entry: andalucia with Málaga returned from geonames.
2025-08-16 12:15:44,638 INFO 📄 Index 1 | Name: Málaga | fcl: P, fcode: PPLA2 | ADM1: Andalusia, ADM2: Malaga, ADM3: Málaga, ADM4:  | Score: 131.04, Population: 578460 | Fuzzy match: 26.66666666666667
2025-08-16 12:15:44,638 INFO Comparing database entry: andalucia with Jaén returned from geonames.
2025-08-16 12:15:44,639 INFO 📄 Index 2 | Name: Jaén | fcl: P, fcode: PPLA2 | ADM1: Andalusia, ADM2: Jaen, ADM3: Jaén, ADM4:  | Score: 80.82, Population: 113457 | Fuzzy match: 30.76923076923077
2025-08-16 12:15:44,639 INFO Comparing database entry: andalucia with Huelva returned from geonames.
2025-08-16 12:15:44,639 INFO 📄 Index 3 | Name: Huelva | fcl: P, fcode: PPLA2 | ADM1: Andalusia, ADM2: Huelva, ADM3: Huelva, ADM4:  | Score: 80.82, Population: 144258 | Fuzzy match: 26.66666666666667
2025-08-16 12:15:44,788 INFO Comparing database entry: andalucia with Seville returned from geonames.
2025-08-16 12:15:44,788 INFO 📄 Index 0 | Name: Seville | fcl: P, fcode: PPLA | ADM1: Andalusia, ADM2: Seville, ADM3: Seville, ADM4:  | Score: 133.94, Population: 684234 | Fuzzy match: 12.5
2025-08-16 12:15:44,788 INFO Comparing database entry: andalucia with Málaga returned from geonames.
2025-08-16 12:15:44,788 INFO 📄 Index 1 | Name: Málaga | fcl: P, fcode: PPLA2 | ADM1: Andalusia, ADM2: Malaga, ADM3: Málaga, ADM4:  | Score: 131.04, Population: 578460 | Fuzzy match: 26.66666666666667
2025-08-16 12:15:44,788 INFO Comparing database entry: andalucia with Jaén returned from geonames.
2025-08-16 12:15:44,789 INFO 📄 Index 2 | Name: Jaén | fcl: P, fcode: PPLA2 | ADM1: Andalusia, ADM2: Jaen, ADM3: Jaén, ADM4:  | Score: 80.82, Population: 113457 | Fuzzy match: 30.76923076923077
2025-08-16 12:15:44,789 INFO Comparing database entry: andalucia with Huelva returned from geonames.
2025-08-16 12:15:44,789 INFO 📄 Index 3 | Name: Huelva | fcl: P, fcode: PPLA2 | ADM1: Andalusia, ADM2: Huelva, ADM3: Huelva, ADM4:  | Score: 80.82, Population: 144258 | Fuzzy match: 26.66666666666667
2025-08-16 12:15:44,789 WARNING ❌ No match found with fuzzy score > 80 for city: andalucia
2025-08-16 12:15:44,789 WARNING ❌ Lookup failed for city='andalucia', iso2='ES'
