2025-08-16 12:15:42,708 INFO 🗺️ Starting GeoNames lookup for city='alcántara (cáceres)', country='spain'
2025-08-16 12:15:42,708 INFO 📍 Location is present in the following articles: [ObjectId('67fa8aeeeaa4fb525afee3a3')]
2025-08-16 12:15:42,871 INFO Comparing database entry: alcántara (cáceres) with Alcántara returned from geonames.
2025-08-16 12:15:42,872 INFO 📄 Index 0 | Name: Alcántara | fcl: P, fcode: PPLA3 | ADM1: Extremadura, ADM2: Caceres, ADM3: Alcántara, ADM4:  | Score: 44.29, Population: 1713 | Fuzzy match: 64.28571428571428
2025-08-16 12:15:42,872 INFO Comparing database entry: alcántara (cáceres) with Valencia de Alcántara returned from geonames.
2025-08-16 12:15:42,872 INFO 📄 Index 1 | Name: Valencia de Alcántara | fcl: P, fcode: PPLA3 | ADM1: Extremadura, ADM2: Caceres, ADM3: Valencia de Alcántara, ADM4:  | Score: 39.70, Population: 6129 | Fuzzy match: 44.99999999999999
2025-08-16 12:15:42,872 INFO Comparing database entry: alcántara (cáceres) with Herrera de Alcántara returned from geonames.
2025-08-16 12:15:42,872 INFO 📄 Index 2 | Name: Herrera de Alcántara | fcl: P, fcode: PPLA3 | ADM1: Extremadura, ADM2: Caceres, ADM3: Herrera de Alcántara, ADM4:  | Score: 28.83, Population: 281 | Fuzzy match: 46.15384615384615
2025-08-16 12:15:42,872 INFO Comparing database entry: alcántara (cáceres) with Mata de Alcántara returned from geonames.
2025-08-16 12:15:42,872 INFO 📄 Index 3 | Name: Mata de Alcántara | fcl: P, fcode: PPLA3 | ADM1: Extremadura, ADM2: Caceres, ADM3: Mata de Alcántara, ADM4:  | Score: 28.83, Population: 315 | Fuzzy match: 50.0
2025-08-16 12:15:43,001 INFO Comparing database entry: alcántara (cáceres) with Alcántara returned from geonames.
2025-08-16 12:15:43,002 INFO 📄 Index 0 | Name: Alcántara | fcl: P, fcode: PPLA3 | ADM1: Extremadura, ADM2: Caceres, ADM3: Alcántara, ADM4:  | Score: 44.29, Population: 1713 | Fuzzy match: 64.28571428571428
2025-08-16 12:15:43,002 INFO Comparing database entry: alcántara (cáceres) with Valencia de Alcántara returned from geonames.
2025-08-16 12:15:43,002 INFO 📄 Index 1 | Name: Valencia de Alcántara | fcl: P, fcode: PPLA3 | ADM1: Extremadura, ADM2: Caceres, ADM3: Valencia de Alcántara, ADM4:  | Score: 39.70, Population: 6129 | Fuzzy match: 44.99999999999999
2025-08-16 12:15:43,002 INFO Comparing database entry: alcántara (cáceres) with Herrera de Alcántara returned from geonames.
2025-08-16 12:15:43,002 INFO 📄 Index 2 | Name: Herrera de Alcántara | fcl: P, fcode: PPLA3 | ADM1: Extremadura, ADM2: Caceres, ADM3: Herrera de Alcántara, ADM4:  | Score: 28.83, Population: 281 | Fuzzy match: 46.15384615384615
2025-08-16 12:15:43,002 INFO Comparing database entry: alcántara (cáceres) with Mata de Alcántara returned from geonames.
2025-08-16 12:15:43,002 INFO 📄 Index 3 | Name: Mata de Alcántara | fcl: P, fcode: PPLA3 | ADM1: Extremadura, ADM2: Caceres, ADM3: Mata de Alcántara, ADM4:  | Score: 28.83, Population: 315 | Fuzzy match: 50.0
2025-08-16 12:15:43,141 INFO Comparing database entry: alcántara (cáceres) with Alcántara returned from geonames.
2025-08-16 12:15:43,141 INFO 📄 Index 0 | Name: Alcántara | fcl: P, fcode: PPLA3 | ADM1: Extremadura, ADM2: Caceres, ADM3: Alcántara, ADM4:  | Score: 44.29, Population: 1713 | Fuzzy match: 64.28571428571428
2025-08-16 12:15:43,141 INFO Comparing database entry: alcántara (cáceres) with Valencia de Alcántara returned from geonames.
2025-08-16 12:15:43,141 INFO 📄 Index 1 | Name: Valencia de Alcántara | fcl: P, fcode: PPLA3 | ADM1: Extremadura, ADM2: Caceres, ADM3: Valencia de Alcántara, ADM4:  | Score: 39.70, Population: 6129 | Fuzzy match: 44.99999999999999
2025-08-16 12:15:43,141 INFO Comparing database entry: alcántara (cáceres) with Herrera de Alcántara returned from geonames.
2025-08-16 12:15:43,141 INFO 📄 Index 2 | Name: Herrera de Alcántara | fcl: P, fcode: PPLA3 | ADM1: Extremadura, ADM2: Caceres, ADM3: Herrera de Alcántara, ADM4:  | Score: 28.83, Population: 281 | Fuzzy match: 46.15384615384615
2025-08-16 12:15:43,141 INFO Comparing database entry: alcántara (cáceres) with Mata de Alcántara returned from geonames.
2025-08-16 12:15:43,141 INFO 📄 Index 3 | Name: Mata de Alcántara | fcl: P, fcode: PPLA3 | ADM1: Extremadura, ADM2: Caceres, ADM3: Mata de Alcántara, ADM4:  | Score: 28.83, Population: 315 | Fuzzy match: 50.0
2025-08-16 12:15:43,283 INFO Comparing database entry: alcántara (cáceres) with Alcántara returned from geonames.
2025-08-16 12:15:43,283 INFO 📄 Index 0 | Name: Alcántara | fcl: P, fcode: PPLA3 | ADM1: Extremadura, ADM2: Caceres, ADM3: Alcántara, ADM4:  | Score: 44.29, Population: 1713 | Fuzzy match: 64.28571428571428
2025-08-16 12:15:43,283 INFO Comparing database entry: alcántara (cáceres) with Valencia de Alcántara returned from geonames.
2025-08-16 12:15:43,283 INFO 📄 Index 1 | Name: Valencia de Alcántara | fcl: P, fcode: PPLA3 | ADM1: Extremadura, ADM2: Caceres, ADM3: Valencia de Alcántara, ADM4:  | Score: 39.70, Population: 6129 | Fuzzy match: 44.99999999999999
2025-08-16 12:15:43,283 INFO Comparing database entry: alcántara (cáceres) with Herrera de Alcántara returned from geonames.
2025-08-16 12:15:43,283 INFO 📄 Index 2 | Name: Herrera de Alcántara | fcl: P, fcode: PPLA3 | ADM1: Extremadura, ADM2: Caceres, ADM3: Herrera de Alcántara, ADM4:  | Score: 28.83, Population: 281 | Fuzzy match: 46.15384615384615
2025-08-16 12:15:43,283 INFO Comparing database entry: alcántara (cáceres) with Mata de Alcántara returned from geonames.
2025-08-16 12:15:43,283 INFO 📄 Index 3 | Name: Mata de Alcántara | fcl: P, fcode: PPLA3 | ADM1: Extremadura, ADM2: Caceres, ADM3: Mata de Alcántara, ADM4:  | Score: 28.83, Population: 315 | Fuzzy match: 50.0
2025-08-16 12:15:43,434 INFO Comparing database entry: alcántara (cáceres) with Alcántara returned from geonames.
2025-08-16 12:15:43,434 INFO 📄 Index 0 | Name: Alcántara | fcl: P, fcode: PPLA3 | ADM1: Extremadura, ADM2: Caceres, ADM3: Alcántara, ADM4:  | Score: 44.29, Population: 1713 | Fuzzy match: 64.28571428571428
2025-08-16 12:15:43,434 INFO Comparing database entry: alcántara (cáceres) with Valencia de Alcántara returned from geonames.
2025-08-16 12:15:43,435 INFO 📄 Index 1 | Name: Valencia de Alcántara | fcl: P, fcode: PPLA3 | ADM1: Extremadura, ADM2: Caceres, ADM3: Valencia de Alcántara, ADM4:  | Score: 39.70, Population: 6129 | Fuzzy match: 44.99999999999999
2025-08-16 12:15:43,435 INFO Comparing database entry: alcántara (cáceres) with Herrera de Alcántara returned from geonames.
2025-08-16 12:15:43,435 INFO 📄 Index 2 | Name: Herrera de Alcántara | fcl: P, fcode: PPLA3 | ADM1: Extremadura, ADM2: Caceres, ADM3: Herrera de Alcántara, ADM4:  | Score: 28.83, Population: 281 | Fuzzy match: 46.15384615384615
2025-08-16 12:15:43,435 INFO Comparing database entry: alcántara (cáceres) with Mata de Alcántara returned from geonames.
2025-08-16 12:15:43,435 INFO 📄 Index 3 | Name: Mata de Alcántara | fcl: P, fcode: PPLA3 | ADM1: Extremadura, ADM2: Caceres, ADM3: Mata de Alcántara, ADM4:  | Score: 28.83, Population: 315 | Fuzzy match: 50.0
2025-08-16 12:15:43,581 INFO Comparing database entry: alcántara (cáceres) with Alcántara returned from geonames.
2025-08-16 12:15:43,582 INFO 📄 Index 0 | Name: Alcántara | fcl: P, fcode: PPLA3 | ADM1: Extremadura, ADM2: Caceres, ADM3: Alcántara, ADM4:  | Score: 44.29, Population: 1713 | Fuzzy match: 64.28571428571428
2025-08-16 12:15:43,582 INFO Comparing database entry: alcántara (cáceres) with Valencia de Alcántara returned from geonames.
2025-08-16 12:15:43,582 INFO 📄 Index 1 | Name: Valencia de Alcántara | fcl: P, fcode: PPLA3 | ADM1: Extremadura, ADM2: Caceres, ADM3: Valencia de Alcántara, ADM4:  | Score: 39.70, Population: 6129 | Fuzzy match: 44.99999999999999
2025-08-16 12:15:43,582 INFO Comparing database entry: alcántara (cáceres) with Herrera de Alcántara returned from geonames.
2025-08-16 12:15:43,582 INFO 📄 Index 2 | Name: Herrera de Alcántara | fcl: P, fcode: PPLA3 | ADM1: Extremadura, ADM2: Caceres, ADM3: Herrera de Alcántara, ADM4:  | Score: 28.83, Population: 281 | Fuzzy match: 46.15384615384615
2025-08-16 12:15:43,582 INFO Comparing database entry: alcántara (cáceres) with Mata de Alcántara returned from geonames.
2025-08-16 12:15:43,582 INFO 📄 Index 3 | Name: Mata de Alcántara | fcl: P, fcode: PPLA3 | ADM1: Extremadura, ADM2: Caceres, ADM3: Mata de Alcántara, ADM4:  | Score: 28.83, Population: 315 | Fuzzy match: 50.0
2025-08-16 12:15:43,582 WARNING ❌ No match found with fuzzy score > 80 for city: alcántara (cáceres)
2025-08-16 12:15:43,582 WARNING ❌ Lookup failed for city='alcántara_cáceres', iso2='ES'
