2025-08-19 16:04:10,650 INFO 🗺️ Starting GeoNames lookup for city='basque country', country='spain'
2025-08-19 16:04:10,650 INFO 📍 Location is present in the following articles: [ObjectId('67fa8b0aeaa4fb525afee417')]
2025-08-19 16:04:10,832 INFO Comparing database entry: basque country with Bilbao returned from geonames.
2025-08-19 16:04:10,832 INFO 📄 Index 0 | Name: Bilbao | fcl: P, fcode: PPLA2 | ADM1: Basque Country, ADM2: Biscay, ADM3: Bilbao, ADM4:  | Latitude: 43.26271, Longitude: -2.92528 | Score: 85.19, Population: 345821 | Fuzzy match: 30.000000000000004
2025-08-19 16:04:10,832 INFO Comparing database entry: basque country with Vitoria-Gasteiz returned from geonames.
2025-08-19 16:04:10,832 INFO 📄 Index 1 | Name: Vitoria-Gasteiz | fcl: P, fcode: PPLA | ADM1: Basque Country, ADM2: Araba / Álava, ADM3: Vitoria-Gasteiz, ADM4:  | Latitude: 42.84998, Longitude: -2.67268 | Score: 78.35, Population: 249176 | Fuzzy match: 20.68965517241379
2025-08-19 16:04:10,832 INFO Comparing database entry: basque country with Donostia / San Sebastian returned from geonames.
2025-08-19 16:04:10,832 INFO 📄 Index 2 | Name: Donostia / San Sebastian | fcl: P, fcode: PPLA2 | ADM1: Basque Country, ADM2: Gipuzkoa, ADM3: Donostia / San Sebastian, ADM4:  | Latitude: 43.31283, Longitude: -1.97499 | Score: 70.32, Population: 185357 | Fuzzy match: 21.052631578947366
2025-08-19 16:04:10,832 INFO Comparing database entry: basque country with Barakaldo returned from geonames.
2025-08-19 16:04:10,832 INFO 📄 Index 3 | Name: Barakaldo | fcl: P, fcode: PPLA3 | ADM1: Basque Country, ADM2: Biscay, ADM3: Barakaldo, ADM4:  | Latitude: 43.29639, Longitude: -2.98813 | Score: 59.47, Population: 98460 | Fuzzy match: 26.086956521739136
2025-08-19 16:04:11,011 INFO Comparing database entry: basque country with Bilbao returned from geonames.
2025-08-19 16:04:11,011 INFO 📄 Index 0 | Name: Bilbao | fcl: P, fcode: PPLA2 | ADM1: Basque Country, ADM2: Biscay, ADM3: Bilbao, ADM4:  | Latitude: 43.26271, Longitude: -2.92528 | Score: 85.19, Population: 345821 | Fuzzy match: 30.000000000000004
2025-08-19 16:04:11,011 INFO Comparing database entry: basque country with Vitoria-Gasteiz returned from geonames.
2025-08-19 16:04:11,011 INFO 📄 Index 1 | Name: Vitoria-Gasteiz | fcl: P, fcode: PPLA | ADM1: Basque Country, ADM2: Araba / Álava, ADM3: Vitoria-Gasteiz, ADM4:  | Latitude: 42.84998, Longitude: -2.67268 | Score: 78.35, Population: 249176 | Fuzzy match: 20.68965517241379
2025-08-19 16:04:11,011 INFO Comparing database entry: basque country with Donostia / San Sebastian returned from geonames.
2025-08-19 16:04:11,011 INFO 📄 Index 2 | Name: Donostia / San Sebastian | fcl: P, fcode: PPLA2 | ADM1: Basque Country, ADM2: Gipuzkoa, ADM3: Donostia / San Sebastian, ADM4:  | Latitude: 43.31283, Longitude: -1.97499 | Score: 70.32, Population: 185357 | Fuzzy match: 21.052631578947366
2025-08-19 16:04:11,011 INFO Comparing database entry: basque country with Barakaldo returned from geonames.
2025-08-19 16:04:11,011 INFO 📄 Index 3 | Name: Barakaldo | fcl: P, fcode: PPLA3 | ADM1: Basque Country, ADM2: Biscay, ADM3: Barakaldo, ADM4:  | Latitude: 43.29639, Longitude: -2.98813 | Score: 59.47, Population: 98460 | Fuzzy match: 26.086956521739136
2025-08-19 16:04:11,154 INFO Comparing database entry: basque country with Bilbao returned from geonames.
2025-08-19 16:04:11,154 INFO 📄 Index 0 | Name: Bilbao | fcl: P, fcode: PPLA2 | ADM1: Basque Country, ADM2: Biscay, ADM3: Bilbao, ADM4:  | Latitude: 43.26271, Longitude: -2.92528 | Score: 85.19, Population: 345821 | Fuzzy match: 30.000000000000004
2025-08-19 16:04:11,155 INFO Comparing database entry: basque country with Vitoria-Gasteiz returned from geonames.
2025-08-19 16:04:11,155 INFO 📄 Index 1 | Name: Vitoria-Gasteiz | fcl: P, fcode: PPLA | ADM1: Basque Country, ADM2: Araba / Álava, ADM3: Vitoria-Gasteiz, ADM4:  | Latitude: 42.84998, Longitude: -2.67268 | Score: 78.35, Population: 249176 | Fuzzy match: 20.68965517241379
2025-08-19 16:04:11,155 INFO Comparing database entry: basque country with Donostia / San Sebastian returned from geonames.
2025-08-19 16:04:11,155 INFO 📄 Index 2 | Name: Donostia / San Sebastian | fcl: P, fcode: PPLA2 | ADM1: Basque Country, ADM2: Gipuzkoa, ADM3: Donostia / San Sebastian, ADM4:  | Latitude: 43.31283, Longitude: -1.97499 | Score: 70.32, Population: 185357 | Fuzzy match: 21.052631578947366
2025-08-19 16:04:11,155 INFO Comparing database entry: basque country with Barakaldo returned from geonames.
2025-08-19 16:04:11,155 INFO 📄 Index 3 | Name: Barakaldo | fcl: P, fcode: PPLA3 | ADM1: Basque Country, ADM2: Biscay, ADM3: Barakaldo, ADM4:  | Latitude: 43.29639, Longitude: -2.98813 | Score: 59.47, Population: 98460 | Fuzzy match: 26.086956521739136
2025-08-19 16:04:11,278 INFO Comparing database entry: basque country with Bilbao returned from geonames.
2025-08-19 16:04:11,278 INFO 📄 Index 0 | Name: Bilbao | fcl: P, fcode: PPLA2 | ADM1: Basque Country, ADM2: Biscay, ADM3: Bilbao, ADM4:  | Latitude: 43.26271, Longitude: -2.92528 | Score: 85.19, Population: 345821 | Fuzzy match: 30.000000000000004
2025-08-19 16:04:11,278 INFO Comparing database entry: basque country with Vitoria-Gasteiz returned from geonames.
2025-08-19 16:04:11,279 INFO 📄 Index 1 | Name: Vitoria-Gasteiz | fcl: P, fcode: PPLA | ADM1: Basque Country, ADM2: Araba / Álava, ADM3: Vitoria-Gasteiz, ADM4:  | Latitude: 42.84998, Longitude: -2.67268 | Score: 78.35, Population: 249176 | Fuzzy match: 20.68965517241379
2025-08-19 16:04:11,279 INFO Comparing database entry: basque country with Donostia / San Sebastian returned from geonames.
2025-08-19 16:04:11,279 INFO 📄 Index 2 | Name: Donostia / San Sebastian | fcl: P, fcode: PPLA2 | ADM1: Basque Country, ADM2: Gipuzkoa, ADM3: Donostia / San Sebastian, ADM4:  | Latitude: 43.31283, Longitude: -1.97499 | Score: 70.32, Population: 185357 | Fuzzy match: 21.052631578947366
2025-08-19 16:04:11,279 INFO Comparing database entry: basque country with Barakaldo returned from geonames.
2025-08-19 16:04:11,279 INFO 📄 Index 3 | Name: Barakaldo | fcl: P, fcode: PPLA3 | ADM1: Basque Country, ADM2: Biscay, ADM3: Barakaldo, ADM4:  | Latitude: 43.29639, Longitude: -2.98813 | Score: 59.47, Population: 98460 | Fuzzy match: 26.086956521739136
2025-08-19 16:04:11,428 INFO Comparing database entry: basque country with Bilbao returned from geonames.
2025-08-19 16:04:11,429 INFO 📄 Index 0 | Name: Bilbao | fcl: P, fcode: PPLA2 | ADM1: Basque Country, ADM2: Biscay, ADM3: Bilbao, ADM4:  | Latitude: 43.26271, Longitude: -2.92528 | Score: 85.19, Population: 345821 | Fuzzy match: 30.000000000000004
2025-08-19 16:04:11,429 INFO Comparing database entry: basque country with Vitoria-Gasteiz returned from geonames.
2025-08-19 16:04:11,429 INFO 📄 Index 1 | Name: Vitoria-Gasteiz | fcl: P, fcode: PPLA | ADM1: Basque Country, ADM2: Araba / Álava, ADM3: Vitoria-Gasteiz, ADM4:  | Latitude: 42.84998, Longitude: -2.67268 | Score: 78.35, Population: 249176 | Fuzzy match: 20.68965517241379
2025-08-19 16:04:11,429 INFO Comparing database entry: basque country with Donostia / San Sebastian returned from geonames.
2025-08-19 16:04:11,429 INFO 📄 Index 2 | Name: Donostia / San Sebastian | fcl: P, fcode: PPLA2 | ADM1: Basque Country, ADM2: Gipuzkoa, ADM3: Donostia / San Sebastian, ADM4:  | Latitude: 43.31283, Longitude: -1.97499 | Score: 70.32, Population: 185357 | Fuzzy match: 21.052631578947366
2025-08-19 16:04:11,429 INFO Comparing database entry: basque country with Barakaldo returned from geonames.
2025-08-19 16:04:11,429 INFO 📄 Index 3 | Name: Barakaldo | fcl: P, fcode: PPLA3 | ADM1: Basque Country, ADM2: Biscay, ADM3: Barakaldo, ADM4:  | Latitude: 43.29639, Longitude: -2.98813 | Score: 59.47, Population: 98460 | Fuzzy match: 26.086956521739136
2025-08-19 16:04:11,583 INFO Comparing database entry: basque country with Bilbao returned from geonames.
2025-08-19 16:04:11,583 INFO 📄 Index 0 | Name: Bilbao | fcl: P, fcode: PPLA2 | ADM1: Basque Country, ADM2: Biscay, ADM3: Bilbao, ADM4:  | Latitude: 43.26271, Longitude: -2.92528 | Score: 85.19, Population: 345821 | Fuzzy match: 30.000000000000004
2025-08-19 16:04:11,583 INFO Comparing database entry: basque country with Vitoria-Gasteiz returned from geonames.
2025-08-19 16:04:11,583 INFO 📄 Index 1 | Name: Vitoria-Gasteiz | fcl: P, fcode: PPLA | ADM1: Basque Country, ADM2: Araba / Álava, ADM3: Vitoria-Gasteiz, ADM4:  | Latitude: 42.84998, Longitude: -2.67268 | Score: 78.35, Population: 249176 | Fuzzy match: 20.68965517241379
2025-08-19 16:04:11,583 INFO Comparing database entry: basque country with Donostia / San Sebastian returned from geonames.
2025-08-19 16:04:11,583 INFO 📄 Index 2 | Name: Donostia / San Sebastian | fcl: P, fcode: PPLA2 | ADM1: Basque Country, ADM2: Gipuzkoa, ADM3: Donostia / San Sebastian, ADM4:  | Latitude: 43.31283, Longitude: -1.97499 | Score: 70.32, Population: 185357 | Fuzzy match: 21.052631578947366
2025-08-19 16:04:11,584 INFO Comparing database entry: basque country with Barakaldo returned from geonames.
2025-08-19 16:04:11,584 INFO 📄 Index 3 | Name: Barakaldo | fcl: P, fcode: PPLA3 | ADM1: Basque Country, ADM2: Biscay, ADM3: Barakaldo, ADM4:  | Latitude: 43.29639, Longitude: -2.98813 | Score: 59.47, Population: 98460 | Fuzzy match: 26.086956521739136
2025-08-19 16:04:11,584 WARNING ❌ No match found with fuzzy score > 80 for city: basque country
2025-08-19 16:04:11,584 WARNING ❌ Lookup failed for city='basque_country', iso2='ES'
