2025-08-21 15:51:03,632 INFO 🗺️ Starting GeoNames lookup for city='castilla-leon', country='spain'
2025-08-21 15:51:03,632 INFO 📍 Location is present in the following articles: [ObjectId('67f921d0f431fddd61d55c58')]
2025-08-21 15:51:03,812 INFO Comparing database entry: castilla-leon with Valladolid returned from geonames.
2025-08-21 15:51:03,812 INFO 📄 Index 0 | Name: Valladolid | fcl: P, fcode: PPLA | ADM1: Castille and León, ADM2: Valladolid, ADM3: Valladolid, ADM4:  | Latitude: 41.65518, Longitude: -4.72372 | Score: 116.07, Population: 299265 | Fuzzy match: 43.47826086956522
2025-08-21 15:51:03,812 INFO Comparing database entry: castilla-leon with León returned from geonames.
2025-08-21 15:51:03,813 INFO 📄 Index 1 | Name: León | fcl: P, fcode: PPLA2 | ADM1: Castille and León, ADM2: Leon, ADM3: León, ADM4:  | Latitude: 42.60003, Longitude: -5.57032 | Score: 108.40, Population: 134305 | Fuzzy match: 35.29411764705882
2025-08-21 15:51:03,813 INFO Comparing database entry: castilla-leon with Salamanca returned from geonames.
2025-08-21 15:51:03,813 INFO 📄 Index 2 | Name: Salamanca | fcl: P, fcode: PPLA2 | ADM1: Castille and León, ADM2: Salamanca, ADM3: Salamanca, ADM4:  | Latitude: 40.96882, Longitude: -5.66388 | Score: 104.12, Population: 155619 | Fuzzy match: 36.36363636363637
2025-08-21 15:51:03,813 INFO Comparing database entry: castilla-leon with Burgos returned from geonames.
2025-08-21 15:51:03,813 INFO 📄 Index 3 | Name: Burgos | fcl: P, fcode: PPLA2 | ADM1: Castille and León, ADM2: Burgos, ADM3: Burgos, ADM4:  | Latitude: 42.34106, Longitude: -3.70184 | Score: 104.12, Population: 178966 | Fuzzy match: 10.526315789473683
2025-08-21 15:51:03,951 INFO Comparing database entry: castilla-leon with Valladolid returned from geonames.
2025-08-21 15:51:03,951 INFO 📄 Index 0 | Name: Valladolid | fcl: P, fcode: PPLA | ADM1: Castille and León, ADM2: Valladolid, ADM3: Valladolid, ADM4:  | Latitude: 41.65518, Longitude: -4.72372 | Score: 116.07, Population: 299265 | Fuzzy match: 43.47826086956522
2025-08-21 15:51:03,951 INFO Comparing database entry: castilla-leon with León returned from geonames.
2025-08-21 15:51:03,951 INFO 📄 Index 1 | Name: León | fcl: P, fcode: PPLA2 | ADM1: Castille and León, ADM2: Leon, ADM3: León, ADM4:  | Latitude: 42.60003, Longitude: -5.57032 | Score: 108.40, Population: 134305 | Fuzzy match: 35.29411764705882
2025-08-21 15:51:03,951 INFO Comparing database entry: castilla-leon with Salamanca returned from geonames.
2025-08-21 15:51:03,951 INFO 📄 Index 2 | Name: Salamanca | fcl: P, fcode: PPLA2 | ADM1: Castille and León, ADM2: Salamanca, ADM3: Salamanca, ADM4:  | Latitude: 40.96882, Longitude: -5.66388 | Score: 104.12, Population: 155619 | Fuzzy match: 36.36363636363637
2025-08-21 15:51:03,951 INFO Comparing database entry: castilla-leon with Burgos returned from geonames.
2025-08-21 15:51:03,951 INFO 📄 Index 3 | Name: Burgos | fcl: P, fcode: PPLA2 | ADM1: Castille and León, ADM2: Burgos, ADM3: Burgos, ADM4:  | Latitude: 42.34106, Longitude: -3.70184 | Score: 104.12, Population: 178966 | Fuzzy match: 10.526315789473683
2025-08-21 15:51:04,104 INFO Comparing database entry: castilla-leon with Valladolid returned from geonames.
2025-08-21 15:51:04,104 INFO 📄 Index 0 | Name: Valladolid | fcl: P, fcode: PPLA | ADM1: Castille and León, ADM2: Valladolid, ADM3: Valladolid, ADM4:  | Latitude: 41.65518, Longitude: -4.72372 | Score: 116.07, Population: 299265 | Fuzzy match: 43.47826086956522
2025-08-21 15:51:04,104 INFO Comparing database entry: castilla-leon with León returned from geonames.
2025-08-21 15:51:04,104 INFO 📄 Index 1 | Name: León | fcl: P, fcode: PPLA2 | ADM1: Castille and León, ADM2: Leon, ADM3: León, ADM4:  | Latitude: 42.60003, Longitude: -5.57032 | Score: 108.40, Population: 134305 | Fuzzy match: 35.29411764705882
2025-08-21 15:51:04,104 INFO Comparing database entry: castilla-leon with Salamanca returned from geonames.
2025-08-21 15:51:04,104 INFO 📄 Index 2 | Name: Salamanca | fcl: P, fcode: PPLA2 | ADM1: Castille and León, ADM2: Salamanca, ADM3: Salamanca, ADM4:  | Latitude: 40.96882, Longitude: -5.66388 | Score: 104.12, Population: 155619 | Fuzzy match: 36.36363636363637
2025-08-21 15:51:04,104 INFO Comparing database entry: castilla-leon with Burgos returned from geonames.
2025-08-21 15:51:04,104 INFO 📄 Index 3 | Name: Burgos | fcl: P, fcode: PPLA2 | ADM1: Castille and León, ADM2: Burgos, ADM3: Burgos, ADM4:  | Latitude: 42.34106, Longitude: -3.70184 | Score: 104.12, Population: 178966 | Fuzzy match: 10.526315789473683
2025-08-21 15:51:04,266 INFO Comparing database entry: castilla-leon with Valladolid returned from geonames.
2025-08-21 15:51:04,266 INFO 📄 Index 0 | Name: Valladolid | fcl: P, fcode: PPLA | ADM1: Castille and León, ADM2: Valladolid, ADM3: Valladolid, ADM4:  | Latitude: 41.65518, Longitude: -4.72372 | Score: 116.07, Population: 299265 | Fuzzy match: 43.47826086956522
2025-08-21 15:51:04,266 INFO Comparing database entry: castilla-leon with León returned from geonames.
2025-08-21 15:51:04,266 INFO 📄 Index 1 | Name: León | fcl: P, fcode: PPLA2 | ADM1: Castille and León, ADM2: Leon, ADM3: León, ADM4:  | Latitude: 42.60003, Longitude: -5.57032 | Score: 108.40, Population: 134305 | Fuzzy match: 35.29411764705882
2025-08-21 15:51:04,266 INFO Comparing database entry: castilla-leon with Salamanca returned from geonames.
2025-08-21 15:51:04,266 INFO 📄 Index 2 | Name: Salamanca | fcl: P, fcode: PPLA2 | ADM1: Castille and León, ADM2: Salamanca, ADM3: Salamanca, ADM4:  | Latitude: 40.96882, Longitude: -5.66388 | Score: 104.12, Population: 155619 | Fuzzy match: 36.36363636363637
2025-08-21 15:51:04,266 INFO Comparing database entry: castilla-leon with Burgos returned from geonames.
2025-08-21 15:51:04,266 INFO 📄 Index 3 | Name: Burgos | fcl: P, fcode: PPLA2 | ADM1: Castille and León, ADM2: Burgos, ADM3: Burgos, ADM4:  | Latitude: 42.34106, Longitude: -3.70184 | Score: 104.12, Population: 178966 | Fuzzy match: 10.526315789473683
2025-08-21 15:51:04,426 INFO Comparing database entry: castilla-leon with Valladolid returned from geonames.
2025-08-21 15:51:04,427 INFO 📄 Index 0 | Name: Valladolid | fcl: P, fcode: PPLA | ADM1: Castille and León, ADM2: Valladolid, ADM3: Valladolid, ADM4:  | Latitude: 41.65518, Longitude: -4.72372 | Score: 116.07, Population: 299265 | Fuzzy match: 43.47826086956522
2025-08-21 15:51:04,427 INFO Comparing database entry: castilla-leon with León returned from geonames.
2025-08-21 15:51:04,427 INFO 📄 Index 1 | Name: León | fcl: P, fcode: PPLA2 | ADM1: Castille and León, ADM2: Leon, ADM3: León, ADM4:  | Latitude: 42.60003, Longitude: -5.57032 | Score: 108.40, Population: 134305 | Fuzzy match: 35.29411764705882
2025-08-21 15:51:04,427 INFO Comparing database entry: castilla-leon with Salamanca returned from geonames.
2025-08-21 15:51:04,427 INFO 📄 Index 2 | Name: Salamanca | fcl: P, fcode: PPLA2 | ADM1: Castille and León, ADM2: Salamanca, ADM3: Salamanca, ADM4:  | Latitude: 40.96882, Longitude: -5.66388 | Score: 104.12, Population: 155619 | Fuzzy match: 36.36363636363637
2025-08-21 15:51:04,427 INFO Comparing database entry: castilla-leon with Burgos returned from geonames.
2025-08-21 15:51:04,427 INFO 📄 Index 3 | Name: Burgos | fcl: P, fcode: PPLA2 | ADM1: Castille and León, ADM2: Burgos, ADM3: Burgos, ADM4:  | Latitude: 42.34106, Longitude: -3.70184 | Score: 104.12, Population: 178966 | Fuzzy match: 10.526315789473683
2025-08-21 15:51:04,613 INFO Comparing database entry: castilla-leon with Valladolid returned from geonames.
2025-08-21 15:51:04,613 INFO 📄 Index 0 | Name: Valladolid | fcl: P, fcode: PPLA | ADM1: Castille and León, ADM2: Valladolid, ADM3: Valladolid, ADM4:  | Latitude: 41.65518, Longitude: -4.72372 | Score: 116.07, Population: 299265 | Fuzzy match: 43.47826086956522
2025-08-21 15:51:04,613 INFO Comparing database entry: castilla-leon with León returned from geonames.
2025-08-21 15:51:04,613 INFO 📄 Index 1 | Name: León | fcl: P, fcode: PPLA2 | ADM1: Castille and León, ADM2: Leon, ADM3: León, ADM4:  | Latitude: 42.60003, Longitude: -5.57032 | Score: 108.40, Population: 134305 | Fuzzy match: 35.29411764705882
2025-08-21 15:51:04,613 INFO Comparing database entry: castilla-leon with Salamanca returned from geonames.
2025-08-21 15:51:04,613 INFO 📄 Index 2 | Name: Salamanca | fcl: P, fcode: PPLA2 | ADM1: Castille and León, ADM2: Salamanca, ADM3: Salamanca, ADM4:  | Latitude: 40.96882, Longitude: -5.66388 | Score: 104.12, Population: 155619 | Fuzzy match: 36.36363636363637
2025-08-21 15:51:04,613 INFO Comparing database entry: castilla-leon with Burgos returned from geonames.
2025-08-21 15:51:04,613 INFO 📄 Index 3 | Name: Burgos | fcl: P, fcode: PPLA2 | ADM1: Castille and León, ADM2: Burgos, ADM3: Burgos, ADM4:  | Latitude: 42.34106, Longitude: -3.70184 | Score: 104.12, Population: 178966 | Fuzzy match: 10.526315789473683
2025-08-21 15:51:04,613 WARNING ❌ No match found with fuzzy score > 80 for city: castilla-leon
2025-08-21 15:51:04,614 WARNING ❌ Lookup failed for city='castillaleon', iso2='ES'
