2025-08-19 16:04:16,712 INFO 🗺️ Starting GeoNames lookup for city='cortes', country='spain'
2025-08-19 16:04:16,712 INFO 📍 Location is present in the following articles: [ObjectId('67fbed6a94b7f855cfea6447')]
2025-08-19 16:04:16,878 INFO Comparing database entry: cortes with Cortes de la Frontera returned from geonames.
2025-08-19 16:04:16,878 INFO 📄 Index 0 | Name: Cortes de la Frontera | fcl: P, fcode: PPLA3 | ADM1: Andalusia, ADM2: Malaga, ADM3: Cortes de la Frontera, ADM4:  | Latitude: 36.6171, Longitude: -5.34266 | Score: 33.45, Population: 3579 | Fuzzy match: 44.44444444444444
2025-08-19 16:04:16,878 INFO Comparing database entry: cortes with Cortes de Aragón returned from geonames.
2025-08-19 16:04:16,878 INFO 📄 Index 1 | Name: Cortes de Aragón | fcl: P, fcode: PPLA3 | ADM1: Aragon, ADM2: Teruel, ADM3: Cortes de Aragón Municipality, ADM4:  | Latitude: 40.97366, Longitude: -0.83575 | Score: 31.64, Population: 107 | Fuzzy match: 54.54545454545454
2025-08-19 16:04:16,878 INFO Comparing database entry: cortes with Cortes de Baza returned from geonames.
2025-08-19 16:04:16,878 INFO 📄 Index 2 | Name: Cortes de Baza | fcl: P, fcode: PPLA3 | ADM1: Andalusia, ADM2: Granada, ADM3: Cortes de Baza, ADM4:  | Latitude: 37.65514, Longitude: -2.77167 | Score: 30.47, Population: 2354 | Fuzzy match: 60.0
2025-08-19 16:04:16,878 INFO Comparing database entry: cortes with Cortes de Baza returned from geonames.
2025-08-19 16:04:16,878 INFO 📄 Index 3 | Name: Cortes de Baza | fcl: A, fcode: ADM3 | ADM1: Andalusia, ADM2: Granada, ADM3: Cortes de Baza, ADM4:  | Latitude: 37.67876, Longitude: -2.80267 | Score: 30.40, Population: 2219 | Fuzzy match: 60.0
2025-08-19 16:04:17,042 INFO Comparing database entry: cortes with Cortes de la Frontera returned from geonames.
2025-08-19 16:04:17,042 INFO 📄 Index 0 | Name: Cortes de la Frontera | fcl: P, fcode: PPLA3 | ADM1: Andalusia, ADM2: Malaga, ADM3: Cortes de la Frontera, ADM4:  | Latitude: 36.6171, Longitude: -5.34266 | Score: 33.45, Population: 3579 | Fuzzy match: 44.44444444444444
2025-08-19 16:04:17,042 INFO Comparing database entry: cortes with Cortes de Aragón returned from geonames.
2025-08-19 16:04:17,042 INFO 📄 Index 1 | Name: Cortes de Aragón | fcl: P, fcode: PPLA3 | ADM1: Aragon, ADM2: Teruel, ADM3: Cortes de Aragón Municipality, ADM4:  | Latitude: 40.97366, Longitude: -0.83575 | Score: 31.64, Population: 107 | Fuzzy match: 54.54545454545454
2025-08-19 16:04:17,042 INFO Comparing database entry: cortes with Cortes de Baza returned from geonames.
2025-08-19 16:04:17,042 INFO 📄 Index 2 | Name: Cortes de Baza | fcl: P, fcode: PPLA3 | ADM1: Andalusia, ADM2: Granada, ADM3: Cortes de Baza, ADM4:  | Latitude: 37.65514, Longitude: -2.77167 | Score: 30.47, Population: 2354 | Fuzzy match: 60.0
2025-08-19 16:04:17,042 INFO Comparing database entry: cortes with Cortes de Baza returned from geonames.
2025-08-19 16:04:17,042 INFO 📄 Index 3 | Name: Cortes de Baza | fcl: A, fcode: ADM3 | ADM1: Andalusia, ADM2: Granada, ADM3: Cortes de Baza, ADM4:  | Latitude: 37.67876, Longitude: -2.80267 | Score: 30.40, Population: 2219 | Fuzzy match: 60.0
2025-08-19 16:04:17,217 INFO Comparing database entry: cortes with Cortes de la Frontera returned from geonames.
2025-08-19 16:04:17,217 INFO 📄 Index 0 | Name: Cortes de la Frontera | fcl: P, fcode: PPLA3 | ADM1: Andalusia, ADM2: Malaga, ADM3: Cortes de la Frontera, ADM4:  | Latitude: 36.6171, Longitude: -5.34266 | Score: 33.45, Population: 3579 | Fuzzy match: 44.44444444444444
2025-08-19 16:04:17,217 INFO Comparing database entry: cortes with Cortes de Aragón returned from geonames.
2025-08-19 16:04:17,218 INFO 📄 Index 1 | Name: Cortes de Aragón | fcl: P, fcode: PPLA3 | ADM1: Aragon, ADM2: Teruel, ADM3: Cortes de Aragón Municipality, ADM4:  | Latitude: 40.97366, Longitude: -0.83575 | Score: 31.64, Population: 107 | Fuzzy match: 54.54545454545454
2025-08-19 16:04:17,218 INFO Comparing database entry: cortes with Cortes de Baza returned from geonames.
2025-08-19 16:04:17,218 INFO 📄 Index 2 | Name: Cortes de Baza | fcl: P, fcode: PPLA3 | ADM1: Andalusia, ADM2: Granada, ADM3: Cortes de Baza, ADM4:  | Latitude: 37.65514, Longitude: -2.77167 | Score: 30.47, Population: 2354 | Fuzzy match: 60.0
2025-08-19 16:04:17,218 INFO Comparing database entry: cortes with Cortes de Baza returned from geonames.
2025-08-19 16:04:17,218 INFO 📄 Index 3 | Name: Cortes de Baza | fcl: A, fcode: ADM3 | ADM1: Andalusia, ADM2: Granada, ADM3: Cortes de Baza, ADM4:  | Latitude: 37.67876, Longitude: -2.80267 | Score: 30.40, Population: 2219 | Fuzzy match: 60.0
2025-08-19 16:04:17,392 INFO Comparing database entry: cortes with Cortes de la Frontera returned from geonames.
2025-08-19 16:04:17,392 INFO 📄 Index 0 | Name: Cortes de la Frontera | fcl: P, fcode: PPLA3 | ADM1: Andalusia, ADM2: Malaga, ADM3: Cortes de la Frontera, ADM4:  | Latitude: 36.6171, Longitude: -5.34266 | Score: 33.45, Population: 3579 | Fuzzy match: 44.44444444444444
2025-08-19 16:04:17,392 INFO Comparing database entry: cortes with Cortes de Aragón returned from geonames.
2025-08-19 16:04:17,393 INFO 📄 Index 1 | Name: Cortes de Aragón | fcl: P, fcode: PPLA3 | ADM1: Aragon, ADM2: Teruel, ADM3: Cortes de Aragón Municipality, ADM4:  | Latitude: 40.97366, Longitude: -0.83575 | Score: 31.64, Population: 107 | Fuzzy match: 54.54545454545454
2025-08-19 16:04:17,393 INFO Comparing database entry: cortes with Cortes de Baza returned from geonames.
2025-08-19 16:04:17,393 INFO 📄 Index 2 | Name: Cortes de Baza | fcl: P, fcode: PPLA3 | ADM1: Andalusia, ADM2: Granada, ADM3: Cortes de Baza, ADM4:  | Latitude: 37.65514, Longitude: -2.77167 | Score: 30.47, Population: 2354 | Fuzzy match: 60.0
2025-08-19 16:04:17,393 INFO Comparing database entry: cortes with Cortes de Baza returned from geonames.
2025-08-19 16:04:17,393 INFO 📄 Index 3 | Name: Cortes de Baza | fcl: A, fcode: ADM3 | ADM1: Andalusia, ADM2: Granada, ADM3: Cortes de Baza, ADM4:  | Latitude: 37.67876, Longitude: -2.80267 | Score: 30.40, Population: 2219 | Fuzzy match: 60.0
2025-08-19 16:04:17,568 INFO Comparing database entry: cortes with Cortes de la Frontera returned from geonames.
2025-08-19 16:04:17,568 INFO 📄 Index 0 | Name: Cortes de la Frontera | fcl: P, fcode: PPLA3 | ADM1: Andalusia, ADM2: Malaga, ADM3: Cortes de la Frontera, ADM4:  | Latitude: 36.6171, Longitude: -5.34266 | Score: 33.45, Population: 3579 | Fuzzy match: 44.44444444444444
2025-08-19 16:04:17,568 INFO Comparing database entry: cortes with Cortes de Aragón returned from geonames.
2025-08-19 16:04:17,568 INFO 📄 Index 1 | Name: Cortes de Aragón | fcl: P, fcode: PPLA3 | ADM1: Aragon, ADM2: Teruel, ADM3: Cortes de Aragón Municipality, ADM4:  | Latitude: 40.97366, Longitude: -0.83575 | Score: 31.64, Population: 107 | Fuzzy match: 54.54545454545454
2025-08-19 16:04:17,568 INFO Comparing database entry: cortes with Cortes de Baza returned from geonames.
2025-08-19 16:04:17,568 INFO 📄 Index 2 | Name: Cortes de Baza | fcl: P, fcode: PPLA3 | ADM1: Andalusia, ADM2: Granada, ADM3: Cortes de Baza, ADM4:  | Latitude: 37.65514, Longitude: -2.77167 | Score: 30.47, Population: 2354 | Fuzzy match: 60.0
2025-08-19 16:04:17,568 INFO Comparing database entry: cortes with Cortes de Baza returned from geonames.
2025-08-19 16:04:17,569 INFO 📄 Index 3 | Name: Cortes de Baza | fcl: A, fcode: ADM3 | ADM1: Andalusia, ADM2: Granada, ADM3: Cortes de Baza, ADM4:  | Latitude: 37.67876, Longitude: -2.80267 | Score: 30.40, Population: 2219 | Fuzzy match: 60.0
2025-08-19 16:04:17,757 INFO Comparing database entry: cortes with Cortes de la Frontera returned from geonames.
2025-08-19 16:04:17,758 INFO 📄 Index 0 | Name: Cortes de la Frontera | fcl: P, fcode: PPLA3 | ADM1: Andalusia, ADM2: Malaga, ADM3: Cortes de la Frontera, ADM4:  | Latitude: 36.6171, Longitude: -5.34266 | Score: 33.45, Population: 3579 | Fuzzy match: 44.44444444444444
2025-08-19 16:04:17,758 INFO Comparing database entry: cortes with Cortes de Aragón returned from geonames.
2025-08-19 16:04:17,758 INFO 📄 Index 1 | Name: Cortes de Aragón | fcl: P, fcode: PPLA3 | ADM1: Aragon, ADM2: Teruel, ADM3: Cortes de Aragón Municipality, ADM4:  | Latitude: 40.97366, Longitude: -0.83575 | Score: 31.64, Population: 107 | Fuzzy match: 54.54545454545454
2025-08-19 16:04:17,758 INFO Comparing database entry: cortes with Cortes de Baza returned from geonames.
2025-08-19 16:04:17,758 INFO 📄 Index 2 | Name: Cortes de Baza | fcl: P, fcode: PPLA3 | ADM1: Andalusia, ADM2: Granada, ADM3: Cortes de Baza, ADM4:  | Latitude: 37.65514, Longitude: -2.77167 | Score: 30.47, Population: 2354 | Fuzzy match: 60.0
2025-08-19 16:04:17,758 INFO Comparing database entry: cortes with Cortes de Baza returned from geonames.
2025-08-19 16:04:17,758 INFO 📄 Index 3 | Name: Cortes de Baza | fcl: A, fcode: ADM3 | ADM1: Andalusia, ADM2: Granada, ADM3: Cortes de Baza, ADM4:  | Latitude: 37.67876, Longitude: -2.80267 | Score: 30.40, Population: 2219 | Fuzzy match: 60.0
2025-08-19 16:04:17,758 WARNING ❌ No match found with fuzzy score > 80 for city: cortes
2025-08-19 16:04:17,758 WARNING ❌ Lookup failed for city='cortes', iso2='ES'
