2025-08-19 17:01:36,258 INFO 🗺️ Starting GeoNames lookup for city='cádiz', country='spain'
2025-08-19 17:01:36,258 INFO 📍 Location is present in the following articles: [ObjectId('68409ea6c202c40b602d36d5')]
2025-08-19 17:01:36,433 INFO Comparing database entry: cádiz with Cadiz returned from geonames.
2025-08-19 17:01:36,433 INFO 📄 Index 0 | Name: Cadiz | fcl: P, fcode: PPLA2 | ADM1: Andalusia, ADM2: Cadiz, ADM3: Cadiz, ADM4:  | Latitude: 36.52672, Longitude: -6.2891 | Score: 104.23, Population: 126766 | Fuzzy match: 80.0
2025-08-19 17:01:36,433 INFO Comparing database entry: cádiz with Algeciras returned from geonames.
2025-08-19 17:01:36,433 INFO 📄 Index 1 | Name: Algeciras | fcl: P, fcode: PPLA3 | ADM1: Andalusia, ADM2: Cadiz, ADM3: Algeciras, ADM4:  | Latitude: 36.13326, Longitude: -5.45051 | Score: 81.92, Population: 116209 | Fuzzy match: 28.57142857142857
2025-08-19 17:01:36,433 INFO Comparing database entry: cádiz with Jerez de la Frontera returned from geonames.
2025-08-19 17:01:36,433 INFO 📄 Index 2 | Name: Jerez de la Frontera | fcl: P, fcode: PPLA3 | ADM1: Andalusia, ADM2: Cadiz, ADM3: Jerez de la Frontera, ADM4:  | Latitude: 36.68645, Longitude: -6.13606 | Score: 76.71, Population: 207532 | Fuzzy match: 16.000000000000004
2025-08-19 17:01:36,433 INFO Comparing database entry: cádiz with El Puerto de Santa María returned from geonames.
2025-08-19 17:01:36,433 INFO 📄 Index 3 | Name: El Puerto de Santa María | fcl: P, fcode: PPL | ADM1: Andalusia, ADM2: Cadiz, ADM3: Puerto de Santa María, El, ADM4:  | Latitude: 36.59389, Longitude: -6.23298 | Score: 58.39, Population: 88364 | Fuzzy match: 6.896551724137934
2025-08-19 17:01:36,622 INFO Comparing database entry: cádiz with Cadiz returned from geonames.
2025-08-19 17:01:36,622 INFO 📄 Index 0 | Name: Cadiz | fcl: P, fcode: PPLA2 | ADM1: Andalusia, ADM2: Cadiz, ADM3: Cadiz, ADM4:  | Latitude: 36.52672, Longitude: -6.2891 | Score: 104.23, Population: 126766 | Fuzzy match: 80.0
2025-08-19 17:01:36,622 INFO Comparing database entry: cádiz with Algeciras returned from geonames.
2025-08-19 17:01:36,622 INFO 📄 Index 1 | Name: Algeciras | fcl: P, fcode: PPLA3 | ADM1: Andalusia, ADM2: Cadiz, ADM3: Algeciras, ADM4:  | Latitude: 36.13326, Longitude: -5.45051 | Score: 81.92, Population: 116209 | Fuzzy match: 28.57142857142857
2025-08-19 17:01:36,622 INFO Comparing database entry: cádiz with Jerez de la Frontera returned from geonames.
2025-08-19 17:01:36,622 INFO 📄 Index 2 | Name: Jerez de la Frontera | fcl: P, fcode: PPLA3 | ADM1: Andalusia, ADM2: Cadiz, ADM3: Jerez de la Frontera, ADM4:  | Latitude: 36.68645, Longitude: -6.13606 | Score: 76.71, Population: 207532 | Fuzzy match: 16.000000000000004
2025-08-19 17:01:36,622 INFO Comparing database entry: cádiz with El Puerto de Santa María returned from geonames.
2025-08-19 17:01:36,622 INFO 📄 Index 3 | Name: El Puerto de Santa María | fcl: P, fcode: PPL | ADM1: Andalusia, ADM2: Cadiz, ADM3: Puerto de Santa María, El, ADM4:  | Latitude: 36.59389, Longitude: -6.23298 | Score: 58.39, Population: 88364 | Fuzzy match: 6.896551724137934
2025-08-19 17:01:36,801 INFO Comparing database entry: cádiz with Cadiz returned from geonames.
2025-08-19 17:01:36,801 INFO 📄 Index 0 | Name: Cadiz | fcl: P, fcode: PPLA2 | ADM1: Andalusia, ADM2: Cadiz, ADM3: Cadiz, ADM4:  | Latitude: 36.52672, Longitude: -6.2891 | Score: 104.23, Population: 126766 | Fuzzy match: 80.0
2025-08-19 17:01:36,801 INFO Comparing database entry: cádiz with Algeciras returned from geonames.
2025-08-19 17:01:36,801 INFO 📄 Index 1 | Name: Algeciras | fcl: P, fcode: PPLA3 | ADM1: Andalusia, ADM2: Cadiz, ADM3: Algeciras, ADM4:  | Latitude: 36.13326, Longitude: -5.45051 | Score: 81.92, Population: 116209 | Fuzzy match: 28.57142857142857
2025-08-19 17:01:36,801 INFO Comparing database entry: cádiz with Jerez de la Frontera returned from geonames.
2025-08-19 17:01:36,801 INFO 📄 Index 2 | Name: Jerez de la Frontera | fcl: P, fcode: PPLA3 | ADM1: Andalusia, ADM2: Cadiz, ADM3: Jerez de la Frontera, ADM4:  | Latitude: 36.68645, Longitude: -6.13606 | Score: 76.71, Population: 207532 | Fuzzy match: 16.000000000000004
2025-08-19 17:01:36,801 INFO Comparing database entry: cádiz with El Puerto de Santa María returned from geonames.
2025-08-19 17:01:36,801 INFO 📄 Index 3 | Name: El Puerto de Santa María | fcl: P, fcode: PPL | ADM1: Andalusia, ADM2: Cadiz, ADM3: Puerto de Santa María, El, ADM4:  | Latitude: 36.59389, Longitude: -6.23298 | Score: 58.39, Population: 88364 | Fuzzy match: 6.896551724137934
2025-08-19 17:01:36,975 INFO Comparing database entry: cádiz with Cadiz returned from geonames.
2025-08-19 17:01:36,975 INFO 📄 Index 0 | Name: Cadiz | fcl: P, fcode: PPLA2 | ADM1: Andalusia, ADM2: Cadiz, ADM3: Cadiz, ADM4:  | Latitude: 36.52672, Longitude: -6.2891 | Score: 104.23, Population: 126766 | Fuzzy match: 80.0
2025-08-19 17:01:36,975 INFO Comparing database entry: cádiz with Algeciras returned from geonames.
2025-08-19 17:01:36,975 INFO 📄 Index 1 | Name: Algeciras | fcl: P, fcode: PPLA3 | ADM1: Andalusia, ADM2: Cadiz, ADM3: Algeciras, ADM4:  | Latitude: 36.13326, Longitude: -5.45051 | Score: 81.92, Population: 116209 | Fuzzy match: 28.57142857142857
2025-08-19 17:01:36,975 INFO Comparing database entry: cádiz with Jerez de la Frontera returned from geonames.
2025-08-19 17:01:36,975 INFO 📄 Index 2 | Name: Jerez de la Frontera | fcl: P, fcode: PPLA3 | ADM1: Andalusia, ADM2: Cadiz, ADM3: Jerez de la Frontera, ADM4:  | Latitude: 36.68645, Longitude: -6.13606 | Score: 76.71, Population: 207532 | Fuzzy match: 16.000000000000004
2025-08-19 17:01:36,975 INFO Comparing database entry: cádiz with El Puerto de Santa María returned from geonames.
2025-08-19 17:01:36,975 INFO 📄 Index 3 | Name: El Puerto de Santa María | fcl: P, fcode: PPL | ADM1: Andalusia, ADM2: Cadiz, ADM3: Puerto de Santa María, El, ADM4:  | Latitude: 36.59389, Longitude: -6.23298 | Score: 58.39, Population: 88364 | Fuzzy match: 6.896551724137934
2025-08-19 17:01:37,159 INFO Comparing database entry: cádiz with Cadiz returned from geonames.
2025-08-19 17:01:37,159 INFO 📄 Index 0 | Name: Cadiz | fcl: P, fcode: PPLA2 | ADM1: Andalusia, ADM2: Cadiz, ADM3: Cadiz, ADM4:  | Latitude: 36.52672, Longitude: -6.2891 | Score: 104.23, Population: 126766 | Fuzzy match: 80.0
2025-08-19 17:01:37,159 INFO Comparing database entry: cádiz with Algeciras returned from geonames.
2025-08-19 17:01:37,159 INFO 📄 Index 1 | Name: Algeciras | fcl: P, fcode: PPLA3 | ADM1: Andalusia, ADM2: Cadiz, ADM3: Algeciras, ADM4:  | Latitude: 36.13326, Longitude: -5.45051 | Score: 81.92, Population: 116209 | Fuzzy match: 28.57142857142857
2025-08-19 17:01:37,159 INFO Comparing database entry: cádiz with Jerez de la Frontera returned from geonames.
2025-08-19 17:01:37,159 INFO 📄 Index 2 | Name: Jerez de la Frontera | fcl: P, fcode: PPLA3 | ADM1: Andalusia, ADM2: Cadiz, ADM3: Jerez de la Frontera, ADM4:  | Latitude: 36.68645, Longitude: -6.13606 | Score: 76.71, Population: 207532 | Fuzzy match: 16.000000000000004
2025-08-19 17:01:37,159 INFO Comparing database entry: cádiz with El Puerto de Santa María returned from geonames.
2025-08-19 17:01:37,159 INFO 📄 Index 3 | Name: El Puerto de Santa María | fcl: P, fcode: PPL | ADM1: Andalusia, ADM2: Cadiz, ADM3: Puerto de Santa María, El, ADM4:  | Latitude: 36.59389, Longitude: -6.23298 | Score: 58.39, Population: 88364 | Fuzzy match: 6.896551724137934
2025-08-19 17:01:37,332 INFO Comparing database entry: cádiz with Cadiz returned from geonames.
2025-08-19 17:01:37,332 INFO 📄 Index 0 | Name: Cadiz | fcl: P, fcode: PPLA2 | ADM1: Andalusia, ADM2: Cadiz, ADM3: Cadiz, ADM4:  | Latitude: 36.52672, Longitude: -6.2891 | Score: 104.23, Population: 126766 | Fuzzy match: 80.0
2025-08-19 17:01:37,333 INFO Comparing database entry: cádiz with Algeciras returned from geonames.
2025-08-19 17:01:37,333 INFO 📄 Index 1 | Name: Algeciras | fcl: P, fcode: PPLA3 | ADM1: Andalusia, ADM2: Cadiz, ADM3: Algeciras, ADM4:  | Latitude: 36.13326, Longitude: -5.45051 | Score: 81.92, Population: 116209 | Fuzzy match: 28.57142857142857
2025-08-19 17:01:37,333 INFO Comparing database entry: cádiz with Jerez de la Frontera returned from geonames.
2025-08-19 17:01:37,333 INFO 📄 Index 2 | Name: Jerez de la Frontera | fcl: P, fcode: PPLA3 | ADM1: Andalusia, ADM2: Cadiz, ADM3: Jerez de la Frontera, ADM4:  | Latitude: 36.68645, Longitude: -6.13606 | Score: 76.71, Population: 207532 | Fuzzy match: 16.000000000000004
2025-08-19 17:01:37,333 INFO Comparing database entry: cádiz with El Puerto de Santa María returned from geonames.
2025-08-19 17:01:37,333 INFO 📄 Index 3 | Name: El Puerto de Santa María | fcl: P, fcode: PPL | ADM1: Andalusia, ADM2: Cadiz, ADM3: Puerto de Santa María, El, ADM4:  | Latitude: 36.59389, Longitude: -6.23298 | Score: 58.39, Population: 88364 | Fuzzy match: 6.896551724137934
2025-08-19 17:01:37,333 WARNING ❌ No match found with fuzzy score > 80 for city: cádiz
2025-08-19 17:01:37,333 WARNING ❌ Lookup failed for city='cádiz', iso2='ES'
