2025-08-18 21:05:00,905 INFO 🗺️ Starting GeoNames lookup for city='catalonia', country='spain'
2025-08-18 21:05:00,906 INFO 📍 Location is present in the following articles: [ObjectId('67f52a89981040986eab717f')]
2025-08-18 21:05:01,073 INFO Comparing database entry: catalonia with Barcelona returned from geonames.
2025-08-18 21:05:01,073 INFO 📄 Index 0 | Name: Barcelona | fcl: P, fcode: PPLA | ADM1: Catalonia, ADM2: Barcelona, ADM3: Barcelona, ADM4:  | Latitude: 41.38879, Longitude: 2.15899 | Score: 108.47, Population: 1620343 | Fuzzy match: 55.55555555555556
2025-08-18 21:05:01,074 INFO Comparing database entry: catalonia with Terrassa returned from geonames.
2025-08-18 21:05:01,074 INFO 📄 Index 1 | Name: Terrassa | fcl: P, fcode: PPL | ADM1: Catalonia, ADM2: Barcelona, ADM3: Terrassa, ADM4:  | Latitude: 41.56667, Longitude: 2.01667 | Score: 78.99, Population: 218535 | Fuzzy match: 35.29411764705882
2025-08-18 21:05:01,074 INFO Comparing database entry: catalonia with Tarragona returned from geonames.
2025-08-18 21:05:01,074 INFO 📄 Index 2 | Name: Tarragona | fcl: P, fcode: PPLA2 | ADM1: Catalonia, ADM2: Tarragona, ADM3: Tarragona Municipality, ADM4:  | Latitude: 41.11905, Longitude: 1.24544 | Score: 78.99, Population: 132299 | Fuzzy match: 55.55555555555556
2025-08-18 21:05:01,074 INFO Comparing database entry: catalonia with Lleida returned from geonames.
2025-08-18 21:05:01,074 INFO 📄 Index 3 | Name: Lleida | fcl: P, fcode: PPLA2 | ADM1: Catalonia, ADM2: Lleida, ADM3: Lleida, ADM4:  | Latitude: 41.61674, Longitude: 0.62218 | Score: 78.99, Population: 137856 | Fuzzy match: 40.0
2025-08-18 21:05:01,238 INFO Comparing database entry: catalonia with Barcelona returned from geonames.
2025-08-18 21:05:01,238 INFO 📄 Index 0 | Name: Barcelona | fcl: P, fcode: PPLA | ADM1: Catalonia, ADM2: Barcelona, ADM3: Barcelona, ADM4:  | Latitude: 41.38879, Longitude: 2.15899 | Score: 108.47, Population: 1620343 | Fuzzy match: 55.55555555555556
2025-08-18 21:05:01,238 INFO Comparing database entry: catalonia with Terrassa returned from geonames.
2025-08-18 21:05:01,238 INFO 📄 Index 1 | Name: Terrassa | fcl: P, fcode: PPL | ADM1: Catalonia, ADM2: Barcelona, ADM3: Terrassa, ADM4:  | Latitude: 41.56667, Longitude: 2.01667 | Score: 78.99, Population: 218535 | Fuzzy match: 35.29411764705882
2025-08-18 21:05:01,238 INFO Comparing database entry: catalonia with Tarragona returned from geonames.
2025-08-18 21:05:01,238 INFO 📄 Index 2 | Name: Tarragona | fcl: P, fcode: PPLA2 | ADM1: Catalonia, ADM2: Tarragona, ADM3: Tarragona Municipality, ADM4:  | Latitude: 41.11905, Longitude: 1.24544 | Score: 78.99, Population: 132299 | Fuzzy match: 55.55555555555556
2025-08-18 21:05:01,238 INFO Comparing database entry: catalonia with Lleida returned from geonames.
2025-08-18 21:05:01,238 INFO 📄 Index 3 | Name: Lleida | fcl: P, fcode: PPLA2 | ADM1: Catalonia, ADM2: Lleida, ADM3: Lleida, ADM4:  | Latitude: 41.61674, Longitude: 0.62218 | Score: 78.99, Population: 137856 | Fuzzy match: 40.0
2025-08-18 21:05:01,412 INFO Comparing database entry: catalonia with Barcelona returned from geonames.
2025-08-18 21:05:01,412 INFO 📄 Index 0 | Name: Barcelona | fcl: P, fcode: PPLA | ADM1: Catalonia, ADM2: Barcelona, ADM3: Barcelona, ADM4:  | Latitude: 41.38879, Longitude: 2.15899 | Score: 108.47, Population: 1620343 | Fuzzy match: 55.55555555555556
2025-08-18 21:05:01,412 INFO Comparing database entry: catalonia with Terrassa returned from geonames.
2025-08-18 21:05:01,412 INFO 📄 Index 1 | Name: Terrassa | fcl: P, fcode: PPL | ADM1: Catalonia, ADM2: Barcelona, ADM3: Terrassa, ADM4:  | Latitude: 41.56667, Longitude: 2.01667 | Score: 78.99, Population: 218535 | Fuzzy match: 35.29411764705882
2025-08-18 21:05:01,413 INFO Comparing database entry: catalonia with Tarragona returned from geonames.
2025-08-18 21:05:01,413 INFO 📄 Index 2 | Name: Tarragona | fcl: P, fcode: PPLA2 | ADM1: Catalonia, ADM2: Tarragona, ADM3: Tarragona Municipality, ADM4:  | Latitude: 41.11905, Longitude: 1.24544 | Score: 78.99, Population: 132299 | Fuzzy match: 55.55555555555556
2025-08-18 21:05:01,413 INFO Comparing database entry: catalonia with Lleida returned from geonames.
2025-08-18 21:05:01,413 INFO 📄 Index 3 | Name: Lleida | fcl: P, fcode: PPLA2 | ADM1: Catalonia, ADM2: Lleida, ADM3: Lleida, ADM4:  | Latitude: 41.61674, Longitude: 0.62218 | Score: 78.99, Population: 137856 | Fuzzy match: 40.0
2025-08-18 21:05:01,558 INFO Comparing database entry: catalonia with Barcelona returned from geonames.
2025-08-18 21:05:01,558 INFO 📄 Index 0 | Name: Barcelona | fcl: P, fcode: PPLA | ADM1: Catalonia, ADM2: Barcelona, ADM3: Barcelona, ADM4:  | Latitude: 41.38879, Longitude: 2.15899 | Score: 108.47, Population: 1620343 | Fuzzy match: 55.55555555555556
2025-08-18 21:05:01,558 INFO Comparing database entry: catalonia with Terrassa returned from geonames.
2025-08-18 21:05:01,558 INFO 📄 Index 1 | Name: Terrassa | fcl: P, fcode: PPL | ADM1: Catalonia, ADM2: Barcelona, ADM3: Terrassa, ADM4:  | Latitude: 41.56667, Longitude: 2.01667 | Score: 78.99, Population: 218535 | Fuzzy match: 35.29411764705882
2025-08-18 21:05:01,558 INFO Comparing database entry: catalonia with Tarragona returned from geonames.
2025-08-18 21:05:01,558 INFO 📄 Index 2 | Name: Tarragona | fcl: P, fcode: PPLA2 | ADM1: Catalonia, ADM2: Tarragona, ADM3: Tarragona Municipality, ADM4:  | Latitude: 41.11905, Longitude: 1.24544 | Score: 78.99, Population: 132299 | Fuzzy match: 55.55555555555556
2025-08-18 21:05:01,558 INFO Comparing database entry: catalonia with Lleida returned from geonames.
2025-08-18 21:05:01,558 INFO 📄 Index 3 | Name: Lleida | fcl: P, fcode: PPLA2 | ADM1: Catalonia, ADM2: Lleida, ADM3: Lleida, ADM4:  | Latitude: 41.61674, Longitude: 0.62218 | Score: 78.99, Population: 137856 | Fuzzy match: 40.0
2025-08-18 21:05:01,727 INFO Comparing database entry: catalonia with Barcelona returned from geonames.
2025-08-18 21:05:01,727 INFO 📄 Index 0 | Name: Barcelona | fcl: P, fcode: PPLA | ADM1: Catalonia, ADM2: Barcelona, ADM3: Barcelona, ADM4:  | Latitude: 41.38879, Longitude: 2.15899 | Score: 108.47, Population: 1620343 | Fuzzy match: 55.55555555555556
2025-08-18 21:05:01,727 INFO Comparing database entry: catalonia with Terrassa returned from geonames.
2025-08-18 21:05:01,727 INFO 📄 Index 1 | Name: Terrassa | fcl: P, fcode: PPL | ADM1: Catalonia, ADM2: Barcelona, ADM3: Terrassa, ADM4:  | Latitude: 41.56667, Longitude: 2.01667 | Score: 78.99, Population: 218535 | Fuzzy match: 35.29411764705882
2025-08-18 21:05:01,727 INFO Comparing database entry: catalonia with Tarragona returned from geonames.
2025-08-18 21:05:01,727 INFO 📄 Index 2 | Name: Tarragona | fcl: P, fcode: PPLA2 | ADM1: Catalonia, ADM2: Tarragona, ADM3: Tarragona Municipality, ADM4:  | Latitude: 41.11905, Longitude: 1.24544 | Score: 78.99, Population: 132299 | Fuzzy match: 55.55555555555556
2025-08-18 21:05:01,727 INFO Comparing database entry: catalonia with Lleida returned from geonames.
2025-08-18 21:05:01,727 INFO 📄 Index 3 | Name: Lleida | fcl: P, fcode: PPLA2 | ADM1: Catalonia, ADM2: Lleida, ADM3: Lleida, ADM4:  | Latitude: 41.61674, Longitude: 0.62218 | Score: 78.99, Population: 137856 | Fuzzy match: 40.0
2025-08-18 21:05:01,903 INFO Comparing database entry: catalonia with Barcelona returned from geonames.
2025-08-18 21:05:01,904 INFO 📄 Index 0 | Name: Barcelona | fcl: P, fcode: PPLA | ADM1: Catalonia, ADM2: Barcelona, ADM3: Barcelona, ADM4:  | Latitude: 41.38879, Longitude: 2.15899 | Score: 108.47, Population: 1620343 | Fuzzy match: 55.55555555555556
2025-08-18 21:05:01,904 INFO Comparing database entry: catalonia with Terrassa returned from geonames.
2025-08-18 21:05:01,904 INFO 📄 Index 1 | Name: Terrassa | fcl: P, fcode: PPL | ADM1: Catalonia, ADM2: Barcelona, ADM3: Terrassa, ADM4:  | Latitude: 41.56667, Longitude: 2.01667 | Score: 78.99, Population: 218535 | Fuzzy match: 35.29411764705882
2025-08-18 21:05:01,904 INFO Comparing database entry: catalonia with Tarragona returned from geonames.
2025-08-18 21:05:01,904 INFO 📄 Index 2 | Name: Tarragona | fcl: P, fcode: PPLA2 | ADM1: Catalonia, ADM2: Tarragona, ADM3: Tarragona Municipality, ADM4:  | Latitude: 41.11905, Longitude: 1.24544 | Score: 78.99, Population: 132299 | Fuzzy match: 55.55555555555556
2025-08-18 21:05:01,904 INFO Comparing database entry: catalonia with Lleida returned from geonames.
2025-08-18 21:05:01,904 INFO 📄 Index 3 | Name: Lleida | fcl: P, fcode: PPLA2 | ADM1: Catalonia, ADM2: Lleida, ADM3: Lleida, ADM4:  | Latitude: 41.61674, Longitude: 0.62218 | Score: 78.99, Population: 137856 | Fuzzy match: 40.0
2025-08-18 21:05:01,904 WARNING ❌ No match found with fuzzy score > 80 for city: catalonia
2025-08-18 21:05:01,904 WARNING ❌ Lookup failed for city='catalonia', iso2='ES'
