2025-08-19 17:01:35,328 INFO 🗺️ Starting GeoNames lookup for city='castilla-la mancha', country='spain'
2025-08-19 17:01:35,328 INFO 📍 Location is present in the following articles: [ObjectId('6840a080c202c40b602d37b7')]
2025-08-19 17:01:35,481 INFO Comparing database entry: castilla-la mancha with Toledo returned from geonames.
2025-08-19 17:01:35,481 INFO 📄 Index 0 | Name: Toledo | fcl: P, fcode: PPLA | ADM1: Castille-La Mancha, ADM2: Toledo, ADM3: Toledo, ADM4:  | Latitude: 39.8581, Longitude: -4.02263 | Score: 100.43, Population: 84282 | Fuzzy match: 16.666666666666664
2025-08-19 17:01:35,481 INFO Comparing database entry: castilla-la mancha with Albacete returned from geonames.
2025-08-19 17:01:35,481 INFO 📄 Index 1 | Name: Albacete | fcl: P, fcode: PPLA2 | ADM1: Castille-La Mancha, ADM2: Albacete, ADM3: Albacete, ADM4:  | Latitude: 38.99424, Longitude: -1.85643 | Score: 93.90, Population: 169716 | Fuzzy match: 30.76923076923077
2025-08-19 17:01:35,481 INFO Comparing database entry: castilla-la mancha with Guadalajara returned from geonames.
2025-08-19 17:01:35,481 INFO 📄 Index 2 | Name: Guadalajara | fcl: P, fcode: PPLA2 | ADM1: Castille-La Mancha, ADM2: Guadalajara, ADM3: Guadalajara, ADM4:  | Latitude: 40.62862, Longitude: -3.16185 | Score: 83.31, Population: 83039 | Fuzzy match: 41.379310344827594
2025-08-19 17:01:35,481 INFO Comparing database entry: castilla-la mancha with Cuenca returned from geonames.
2025-08-19 17:01:35,481 INFO 📄 Index 3 | Name: Cuenca | fcl: P, fcode: PPLA2 | ADM1: Castille-La Mancha, ADM2: Cuenca, ADM3: Cuenca, ADM4:  | Latitude: 40.06667, Longitude: -2.13333 | Score: 82.96, Population: 55866 | Fuzzy match: 33.333333333333336
2025-08-19 17:01:35,634 INFO Comparing database entry: castilla-la mancha with Toledo returned from geonames.
2025-08-19 17:01:35,635 INFO 📄 Index 0 | Name: Toledo | fcl: P, fcode: PPLA | ADM1: Castille-La Mancha, ADM2: Toledo, ADM3: Toledo, ADM4:  | Latitude: 39.8581, Longitude: -4.02263 | Score: 100.43, Population: 84282 | Fuzzy match: 16.666666666666664
2025-08-19 17:01:35,635 INFO Comparing database entry: castilla-la mancha with Albacete returned from geonames.
2025-08-19 17:01:35,635 INFO 📄 Index 1 | Name: Albacete | fcl: P, fcode: PPLA2 | ADM1: Castille-La Mancha, ADM2: Albacete, ADM3: Albacete, ADM4:  | Latitude: 38.99424, Longitude: -1.85643 | Score: 93.90, Population: 169716 | Fuzzy match: 30.76923076923077
2025-08-19 17:01:35,635 INFO Comparing database entry: castilla-la mancha with Guadalajara returned from geonames.
2025-08-19 17:01:35,635 INFO 📄 Index 2 | Name: Guadalajara | fcl: P, fcode: PPLA2 | ADM1: Castille-La Mancha, ADM2: Guadalajara, ADM3: Guadalajara, ADM4:  | Latitude: 40.62862, Longitude: -3.16185 | Score: 83.31, Population: 83039 | Fuzzy match: 41.379310344827594
2025-08-19 17:01:35,635 INFO Comparing database entry: castilla-la mancha with Cuenca returned from geonames.
2025-08-19 17:01:35,635 INFO 📄 Index 3 | Name: Cuenca | fcl: P, fcode: PPLA2 | ADM1: Castille-La Mancha, ADM2: Cuenca, ADM3: Cuenca, ADM4:  | Latitude: 40.06667, Longitude: -2.13333 | Score: 82.96, Population: 55866 | Fuzzy match: 33.333333333333336
2025-08-19 17:01:35,792 INFO Comparing database entry: castilla-la mancha with Toledo returned from geonames.
2025-08-19 17:01:35,792 INFO 📄 Index 0 | Name: Toledo | fcl: P, fcode: PPLA | ADM1: Castille-La Mancha, ADM2: Toledo, ADM3: Toledo, ADM4:  | Latitude: 39.8581, Longitude: -4.02263 | Score: 100.43, Population: 84282 | Fuzzy match: 16.666666666666664
2025-08-19 17:01:35,792 INFO Comparing database entry: castilla-la mancha with Albacete returned from geonames.
2025-08-19 17:01:35,792 INFO 📄 Index 1 | Name: Albacete | fcl: P, fcode: PPLA2 | ADM1: Castille-La Mancha, ADM2: Albacete, ADM3: Albacete, ADM4:  | Latitude: 38.99424, Longitude: -1.85643 | Score: 93.90, Population: 169716 | Fuzzy match: 30.76923076923077
2025-08-19 17:01:35,792 INFO Comparing database entry: castilla-la mancha with Guadalajara returned from geonames.
2025-08-19 17:01:35,793 INFO 📄 Index 2 | Name: Guadalajara | fcl: P, fcode: PPLA2 | ADM1: Castille-La Mancha, ADM2: Guadalajara, ADM3: Guadalajara, ADM4:  | Latitude: 40.62862, Longitude: -3.16185 | Score: 83.31, Population: 83039 | Fuzzy match: 41.379310344827594
2025-08-19 17:01:35,793 INFO Comparing database entry: castilla-la mancha with Cuenca returned from geonames.
2025-08-19 17:01:35,793 INFO 📄 Index 3 | Name: Cuenca | fcl: P, fcode: PPLA2 | ADM1: Castille-La Mancha, ADM2: Cuenca, ADM3: Cuenca, ADM4:  | Latitude: 40.06667, Longitude: -2.13333 | Score: 82.96, Population: 55866 | Fuzzy match: 33.333333333333336
2025-08-19 17:01:35,943 INFO Comparing database entry: castilla-la mancha with Toledo returned from geonames.
2025-08-19 17:01:35,943 INFO 📄 Index 0 | Name: Toledo | fcl: P, fcode: PPLA | ADM1: Castille-La Mancha, ADM2: Toledo, ADM3: Toledo, ADM4:  | Latitude: 39.8581, Longitude: -4.02263 | Score: 100.43, Population: 84282 | Fuzzy match: 16.666666666666664
2025-08-19 17:01:35,943 INFO Comparing database entry: castilla-la mancha with Albacete returned from geonames.
2025-08-19 17:01:35,943 INFO 📄 Index 1 | Name: Albacete | fcl: P, fcode: PPLA2 | ADM1: Castille-La Mancha, ADM2: Albacete, ADM3: Albacete, ADM4:  | Latitude: 38.99424, Longitude: -1.85643 | Score: 93.90, Population: 169716 | Fuzzy match: 30.76923076923077
2025-08-19 17:01:35,943 INFO Comparing database entry: castilla-la mancha with Guadalajara returned from geonames.
2025-08-19 17:01:35,943 INFO 📄 Index 2 | Name: Guadalajara | fcl: P, fcode: PPLA2 | ADM1: Castille-La Mancha, ADM2: Guadalajara, ADM3: Guadalajara, ADM4:  | Latitude: 40.62862, Longitude: -3.16185 | Score: 83.31, Population: 83039 | Fuzzy match: 41.379310344827594
2025-08-19 17:01:35,943 INFO Comparing database entry: castilla-la mancha with Cuenca returned from geonames.
2025-08-19 17:01:35,943 INFO 📄 Index 3 | Name: Cuenca | fcl: P, fcode: PPLA2 | ADM1: Castille-La Mancha, ADM2: Cuenca, ADM3: Cuenca, ADM4:  | Latitude: 40.06667, Longitude: -2.13333 | Score: 82.96, Population: 55866 | Fuzzy match: 33.333333333333336
2025-08-19 17:01:36,105 INFO Comparing database entry: castilla-la mancha with Toledo returned from geonames.
2025-08-19 17:01:36,106 INFO 📄 Index 0 | Name: Toledo | fcl: P, fcode: PPLA | ADM1: Castille-La Mancha, ADM2: Toledo, ADM3: Toledo, ADM4:  | Latitude: 39.8581, Longitude: -4.02263 | Score: 100.43, Population: 84282 | Fuzzy match: 16.666666666666664
2025-08-19 17:01:36,106 INFO Comparing database entry: castilla-la mancha with Albacete returned from geonames.
2025-08-19 17:01:36,106 INFO 📄 Index 1 | Name: Albacete | fcl: P, fcode: PPLA2 | ADM1: Castille-La Mancha, ADM2: Albacete, ADM3: Albacete, ADM4:  | Latitude: 38.99424, Longitude: -1.85643 | Score: 93.90, Population: 169716 | Fuzzy match: 30.76923076923077
2025-08-19 17:01:36,106 INFO Comparing database entry: castilla-la mancha with Guadalajara returned from geonames.
2025-08-19 17:01:36,106 INFO 📄 Index 2 | Name: Guadalajara | fcl: P, fcode: PPLA2 | ADM1: Castille-La Mancha, ADM2: Guadalajara, ADM3: Guadalajara, ADM4:  | Latitude: 40.62862, Longitude: -3.16185 | Score: 83.31, Population: 83039 | Fuzzy match: 41.379310344827594
2025-08-19 17:01:36,106 INFO Comparing database entry: castilla-la mancha with Cuenca returned from geonames.
2025-08-19 17:01:36,106 INFO 📄 Index 3 | Name: Cuenca | fcl: P, fcode: PPLA2 | ADM1: Castille-La Mancha, ADM2: Cuenca, ADM3: Cuenca, ADM4:  | Latitude: 40.06667, Longitude: -2.13333 | Score: 82.96, Population: 55866 | Fuzzy match: 33.333333333333336
2025-08-19 17:01:36,257 INFO Comparing database entry: castilla-la mancha with Toledo returned from geonames.
2025-08-19 17:01:36,257 INFO 📄 Index 0 | Name: Toledo | fcl: P, fcode: PPLA | ADM1: Castille-La Mancha, ADM2: Toledo, ADM3: Toledo, ADM4:  | Latitude: 39.8581, Longitude: -4.02263 | Score: 100.43, Population: 84282 | Fuzzy match: 16.666666666666664
2025-08-19 17:01:36,257 INFO Comparing database entry: castilla-la mancha with Albacete returned from geonames.
2025-08-19 17:01:36,257 INFO 📄 Index 1 | Name: Albacete | fcl: P, fcode: PPLA2 | ADM1: Castille-La Mancha, ADM2: Albacete, ADM3: Albacete, ADM4:  | Latitude: 38.99424, Longitude: -1.85643 | Score: 93.90, Population: 169716 | Fuzzy match: 30.76923076923077
2025-08-19 17:01:36,257 INFO Comparing database entry: castilla-la mancha with Guadalajara returned from geonames.
2025-08-19 17:01:36,257 INFO 📄 Index 2 | Name: Guadalajara | fcl: P, fcode: PPLA2 | ADM1: Castille-La Mancha, ADM2: Guadalajara, ADM3: Guadalajara, ADM4:  | Latitude: 40.62862, Longitude: -3.16185 | Score: 83.31, Population: 83039 | Fuzzy match: 41.379310344827594
2025-08-19 17:01:36,257 INFO Comparing database entry: castilla-la mancha with Cuenca returned from geonames.
2025-08-19 17:01:36,257 INFO 📄 Index 3 | Name: Cuenca | fcl: P, fcode: PPLA2 | ADM1: Castille-La Mancha, ADM2: Cuenca, ADM3: Cuenca, ADM4:  | Latitude: 40.06667, Longitude: -2.13333 | Score: 82.96, Population: 55866 | Fuzzy match: 33.333333333333336
2025-08-19 17:01:36,257 WARNING ❌ No match found with fuzzy score > 80 for city: castilla-la mancha
2025-08-19 17:01:36,257 WARNING ❌ Lookup failed for city='castillala_mancha', iso2='ES'
