2025-08-19 16:01:17,455 INFO 🗺️ Starting GeoNames lookup for city='central spain', country='spain'
2025-08-19 16:01:17,455 INFO 📍 Location is present in the following articles: [ObjectId('67fa849feaa4fb525afec960')]
2025-08-19 16:01:17,649 INFO Comparing database entry: central spain with Los Escuderos returned from geonames.
2025-08-19 16:01:17,650 INFO 📄 Index 0 | Name: Los Escuderos | fcl: P, fcode: PPL | ADM1: Andalusia, ADM2: Jaen, ADM3: Rus, ADM4:  | Latitude: 38.11235, Longitude: -3.45438 | Score: 16.34, Population: 0 | Fuzzy match: 38.46153846153846
2025-08-19 16:01:17,650 INFO Comparing database entry: central spain with Navallar returned from geonames.
2025-08-19 16:01:17,650 INFO 📄 Index 1 | Name: Navallar | fcl: P, fcode: PPL | ADM1: Madrid, ADM2: Madrid, ADM3: Colmenar Viejo, ADM4:  | Latitude: 40.65, Longitude: -3.8 | Score: 16.08, Population: 0 | Fuzzy match: 38.095238095238095
2025-08-19 16:01:17,650 INFO Comparing database entry: central spain with Central returned from geonames.
2025-08-19 16:01:17,650 INFO 📄 Index 2 | Name: Central | fcl: P, fcode: PPL | ADM1: Catalonia, ADM2: Lleida, ADM3: la Torre de Cabdella, ADM4:  | Latitude: 42.46721, Longitude: 0.99117 | Score: 12.68, Population: 0 | Fuzzy match: 70.0
2025-08-19 16:01:17,831 INFO Comparing database entry: central spain with Los Escuderos returned from geonames.
2025-08-19 16:01:17,831 INFO 📄 Index 0 | Name: Los Escuderos | fcl: P, fcode: PPL | ADM1: Andalusia, ADM2: Jaen, ADM3: Rus, ADM4:  | Latitude: 38.11235, Longitude: -3.45438 | Score: 16.34, Population: 0 | Fuzzy match: 38.46153846153846
2025-08-19 16:01:17,831 INFO Comparing database entry: central spain with Navallar returned from geonames.
2025-08-19 16:01:17,831 INFO 📄 Index 1 | Name: Navallar | fcl: P, fcode: PPL | ADM1: Madrid, ADM2: Madrid, ADM3: Colmenar Viejo, ADM4:  | Latitude: 40.65, Longitude: -3.8 | Score: 16.08, Population: 0 | Fuzzy match: 38.095238095238095
2025-08-19 16:01:17,831 INFO Comparing database entry: central spain with Central returned from geonames.
2025-08-19 16:01:17,831 INFO 📄 Index 2 | Name: Central | fcl: P, fcode: PPL | ADM1: Catalonia, ADM2: Lleida, ADM3: la Torre de Cabdella, ADM4:  | Latitude: 42.46721, Longitude: 0.99117 | Score: 12.68, Population: 0 | Fuzzy match: 70.0
2025-08-19 16:01:17,969 INFO Comparing database entry: central spain with Los Escuderos returned from geonames.
2025-08-19 16:01:17,969 INFO 📄 Index 0 | Name: Los Escuderos | fcl: P, fcode: PPL | ADM1: Andalusia, ADM2: Jaen, ADM3: Rus, ADM4:  | Latitude: 38.11235, Longitude: -3.45438 | Score: 16.34, Population: 0 | Fuzzy match: 38.46153846153846
2025-08-19 16:01:17,969 INFO Comparing database entry: central spain with Navallar returned from geonames.
2025-08-19 16:01:17,969 INFO 📄 Index 1 | Name: Navallar | fcl: P, fcode: PPL | ADM1: Madrid, ADM2: Madrid, ADM3: Colmenar Viejo, ADM4:  | Latitude: 40.65, Longitude: -3.8 | Score: 16.08, Population: 0 | Fuzzy match: 38.095238095238095
2025-08-19 16:01:17,969 INFO Comparing database entry: central spain with Central returned from geonames.
2025-08-19 16:01:17,969 INFO 📄 Index 2 | Name: Central | fcl: P, fcode: PPL | ADM1: Catalonia, ADM2: Lleida, ADM3: la Torre de Cabdella, ADM4:  | Latitude: 42.46721, Longitude: 0.99117 | Score: 12.68, Population: 0 | Fuzzy match: 70.0
2025-08-19 16:01:18,108 INFO Comparing database entry: central spain with Los Escuderos returned from geonames.
2025-08-19 16:01:18,108 INFO 📄 Index 0 | Name: Los Escuderos | fcl: P, fcode: PPL | ADM1: Andalusia, ADM2: Jaen, ADM3: Rus, ADM4:  | Latitude: 38.11235, Longitude: -3.45438 | Score: 16.34, Population: 0 | Fuzzy match: 38.46153846153846
2025-08-19 16:01:18,109 INFO Comparing database entry: central spain with Navallar returned from geonames.
2025-08-19 16:01:18,109 INFO 📄 Index 1 | Name: Navallar | fcl: P, fcode: PPL | ADM1: Madrid, ADM2: Madrid, ADM3: Colmenar Viejo, ADM4:  | Latitude: 40.65, Longitude: -3.8 | Score: 16.08, Population: 0 | Fuzzy match: 38.095238095238095
2025-08-19 16:01:18,109 INFO Comparing database entry: central spain with Central returned from geonames.
2025-08-19 16:01:18,109 INFO 📄 Index 2 | Name: Central | fcl: P, fcode: PPL | ADM1: Catalonia, ADM2: Lleida, ADM3: la Torre de Cabdella, ADM4:  | Latitude: 42.46721, Longitude: 0.99117 | Score: 12.68, Population: 0 | Fuzzy match: 70.0
2025-08-19 16:01:18,241 INFO Comparing database entry: central spain with Los Escuderos returned from geonames.
2025-08-19 16:01:18,241 INFO 📄 Index 0 | Name: Los Escuderos | fcl: P, fcode: PPL | ADM1: Andalusia, ADM2: Jaen, ADM3: Rus, ADM4:  | Latitude: 38.11235, Longitude: -3.45438 | Score: 16.34, Population: 0 | Fuzzy match: 38.46153846153846
2025-08-19 16:01:18,241 INFO Comparing database entry: central spain with Navallar returned from geonames.
2025-08-19 16:01:18,241 INFO 📄 Index 1 | Name: Navallar | fcl: P, fcode: PPL | ADM1: Madrid, ADM2: Madrid, ADM3: Colmenar Viejo, ADM4:  | Latitude: 40.65, Longitude: -3.8 | Score: 16.08, Population: 0 | Fuzzy match: 38.095238095238095
2025-08-19 16:01:18,241 INFO Comparing database entry: central spain with Central returned from geonames.
2025-08-19 16:01:18,241 INFO 📄 Index 2 | Name: Central | fcl: P, fcode: PPL | ADM1: Catalonia, ADM2: Lleida, ADM3: la Torre de Cabdella, ADM4:  | Latitude: 42.46721, Longitude: 0.99117 | Score: 12.68, Population: 0 | Fuzzy match: 70.0
2025-08-19 16:01:18,380 INFO Comparing database entry: central spain with Los Escuderos returned from geonames.
2025-08-19 16:01:18,381 INFO 📄 Index 0 | Name: Los Escuderos | fcl: P, fcode: PPL | ADM1: Andalusia, ADM2: Jaen, ADM3: Rus, ADM4:  | Latitude: 38.11235, Longitude: -3.45438 | Score: 16.34, Population: 0 | Fuzzy match: 38.46153846153846
2025-08-19 16:01:18,381 INFO Comparing database entry: central spain with Navallar returned from geonames.
2025-08-19 16:01:18,381 INFO 📄 Index 1 | Name: Navallar | fcl: P, fcode: PPL | ADM1: Madrid, ADM2: Madrid, ADM3: Colmenar Viejo, ADM4:  | Latitude: 40.65, Longitude: -3.8 | Score: 16.08, Population: 0 | Fuzzy match: 38.095238095238095
2025-08-19 16:01:18,381 INFO Comparing database entry: central spain with Central returned from geonames.
2025-08-19 16:01:18,381 INFO 📄 Index 2 | Name: Central | fcl: P, fcode: PPL | ADM1: Catalonia, ADM2: Lleida, ADM3: la Torre de Cabdella, ADM4:  | Latitude: 42.46721, Longitude: 0.99117 | Score: 12.68, Population: 0 | Fuzzy match: 70.0
2025-08-19 16:01:18,381 WARNING ❌ No match found with fuzzy score > 80 for city: central spain
2025-08-19 16:01:18,381 WARNING ❌ Lookup failed for city='central_spain', iso2='ES'
