2025-08-17 16:02:12,912 INFO 🗺️ Starting GeoNames lookup for city='cerceda (a coruña)', country='spain'
2025-08-17 16:02:12,912 INFO 📍 Location is present in the following articles: [ObjectId('67fa627a38fb90ab92f8c1fa'), ObjectId('67fa62dd38fb90ab92f8c337')]
2025-08-17 16:02:13,062 INFO Comparing database entry: cerceda (a coruña) with Cerceda returned from geonames.
2025-08-17 16:02:13,062 INFO 📄 Index 0 | Name: Cerceda | fcl: P, fcode: PPLA3 | ADM1: Galicia, ADM2: A Coruña, ADM3: Cerceda, ADM4:  | Score: 30.48, Population: 0 | Fuzzy match: 56.00000000000001
2025-08-17 16:02:13,062 INFO Comparing database entry: cerceda (a coruña) with Meirama returned from geonames.
2025-08-17 16:02:13,062 INFO 📄 Index 1 | Name: Meirama | fcl: P, fcode: PPL | ADM1: Galicia, ADM2: A Coruña, ADM3: Cerceda, ADM4:  | Score: 28.76, Population: 278 | Fuzzy match: 31.999999999999996
2025-08-17 16:02:13,062 INFO Comparing database entry: cerceda (a coruña) with Cerceda returned from geonames.
2025-08-17 16:02:13,062 INFO 📄 Index 2 | Name: Cerceda | fcl: A, fcode: ADM3 | ADM1: Galicia, ADM2: A Coruña, ADM3: Cerceda, ADM4:  | Score: 25.91, Population: 5318 | Fuzzy match: 56.00000000000001
2025-08-17 16:02:13,062 INFO Comparing database entry: cerceda (a coruña) with Campo-Xesteda returned from geonames.
2025-08-17 16:02:13,062 INFO 📄 Index 3 | Name: Campo-Xesteda | fcl: P, fcode: PPL | ADM1: Galicia, ADM2: A Coruña, ADM3: Cerceda, ADM4:  | Score: 24.65, Population: 0 | Fuzzy match: 32.25806451612904
2025-08-17 16:02:13,215 INFO Comparing database entry: cerceda (a coruña) with Cerceda returned from geonames.
2025-08-17 16:02:13,215 INFO 📄 Index 0 | Name: Cerceda | fcl: P, fcode: PPLA3 | ADM1: Galicia, ADM2: A Coruña, ADM3: Cerceda, ADM4:  | Score: 30.48, Population: 0 | Fuzzy match: 56.00000000000001
2025-08-17 16:02:13,215 INFO Comparing database entry: cerceda (a coruña) with Meirama returned from geonames.
2025-08-17 16:02:13,215 INFO 📄 Index 1 | Name: Meirama | fcl: P, fcode: PPL | ADM1: Galicia, ADM2: A Coruña, ADM3: Cerceda, ADM4:  | Score: 28.76, Population: 278 | Fuzzy match: 31.999999999999996
2025-08-17 16:02:13,215 INFO Comparing database entry: cerceda (a coruña) with Cerceda returned from geonames.
2025-08-17 16:02:13,215 INFO 📄 Index 2 | Name: Cerceda | fcl: A, fcode: ADM3 | ADM1: Galicia, ADM2: A Coruña, ADM3: Cerceda, ADM4:  | Score: 25.91, Population: 5318 | Fuzzy match: 56.00000000000001
2025-08-17 16:02:13,215 INFO Comparing database entry: cerceda (a coruña) with Campo-Xesteda returned from geonames.
2025-08-17 16:02:13,215 INFO 📄 Index 3 | Name: Campo-Xesteda | fcl: P, fcode: PPL | ADM1: Galicia, ADM2: A Coruña, ADM3: Cerceda, ADM4:  | Score: 24.65, Population: 0 | Fuzzy match: 32.25806451612904
2025-08-17 16:02:13,373 INFO Comparing database entry: cerceda (a coruña) with Cerceda returned from geonames.
2025-08-17 16:02:13,373 INFO 📄 Index 0 | Name: Cerceda | fcl: P, fcode: PPLA3 | ADM1: Galicia, ADM2: A Coruña, ADM3: Cerceda, ADM4:  | Score: 30.48, Population: 0 | Fuzzy match: 56.00000000000001
2025-08-17 16:02:13,374 INFO Comparing database entry: cerceda (a coruña) with Meirama returned from geonames.
2025-08-17 16:02:13,374 INFO 📄 Index 1 | Name: Meirama | fcl: P, fcode: PPL | ADM1: Galicia, ADM2: A Coruña, ADM3: Cerceda, ADM4:  | Score: 28.76, Population: 278 | Fuzzy match: 31.999999999999996
2025-08-17 16:02:13,374 INFO Comparing database entry: cerceda (a coruña) with Cerceda returned from geonames.
2025-08-17 16:02:13,374 INFO 📄 Index 2 | Name: Cerceda | fcl: A, fcode: ADM3 | ADM1: Galicia, ADM2: A Coruña, ADM3: Cerceda, ADM4:  | Score: 25.91, Population: 5318 | Fuzzy match: 56.00000000000001
2025-08-17 16:02:13,374 INFO Comparing database entry: cerceda (a coruña) with Campo-Xesteda returned from geonames.
2025-08-17 16:02:13,374 INFO 📄 Index 3 | Name: Campo-Xesteda | fcl: P, fcode: PPL | ADM1: Galicia, ADM2: A Coruña, ADM3: Cerceda, ADM4:  | Score: 24.65, Population: 0 | Fuzzy match: 32.25806451612904
2025-08-17 16:02:13,522 INFO Comparing database entry: cerceda (a coruña) with Cerceda returned from geonames.
2025-08-17 16:02:13,523 INFO 📄 Index 0 | Name: Cerceda | fcl: P, fcode: PPLA3 | ADM1: Galicia, ADM2: A Coruña, ADM3: Cerceda, ADM4:  | Score: 30.48, Population: 0 | Fuzzy match: 56.00000000000001
2025-08-17 16:02:13,523 INFO Comparing database entry: cerceda (a coruña) with Meirama returned from geonames.
2025-08-17 16:02:13,523 INFO 📄 Index 1 | Name: Meirama | fcl: P, fcode: PPL | ADM1: Galicia, ADM2: A Coruña, ADM3: Cerceda, ADM4:  | Score: 28.76, Population: 278 | Fuzzy match: 31.999999999999996
2025-08-17 16:02:13,523 INFO Comparing database entry: cerceda (a coruña) with Cerceda returned from geonames.
2025-08-17 16:02:13,523 INFO 📄 Index 2 | Name: Cerceda | fcl: A, fcode: ADM3 | ADM1: Galicia, ADM2: A Coruña, ADM3: Cerceda, ADM4:  | Score: 25.91, Population: 5318 | Fuzzy match: 56.00000000000001
2025-08-17 16:02:13,523 INFO Comparing database entry: cerceda (a coruña) with Campo-Xesteda returned from geonames.
2025-08-17 16:02:13,523 INFO 📄 Index 3 | Name: Campo-Xesteda | fcl: P, fcode: PPL | ADM1: Galicia, ADM2: A Coruña, ADM3: Cerceda, ADM4:  | Score: 24.65, Population: 0 | Fuzzy match: 32.25806451612904
2025-08-17 16:02:13,682 INFO Comparing database entry: cerceda (a coruña) with Cerceda returned from geonames.
2025-08-17 16:02:13,682 INFO 📄 Index 0 | Name: Cerceda | fcl: P, fcode: PPLA3 | ADM1: Galicia, ADM2: A Coruña, ADM3: Cerceda, ADM4:  | Score: 30.48, Population: 0 | Fuzzy match: 56.00000000000001
2025-08-17 16:02:13,682 INFO Comparing database entry: cerceda (a coruña) with Meirama returned from geonames.
2025-08-17 16:02:13,683 INFO 📄 Index 1 | Name: Meirama | fcl: P, fcode: PPL | ADM1: Galicia, ADM2: A Coruña, ADM3: Cerceda, ADM4:  | Score: 28.76, Population: 278 | Fuzzy match: 31.999999999999996
2025-08-17 16:02:13,683 INFO Comparing database entry: cerceda (a coruña) with Cerceda returned from geonames.
2025-08-17 16:02:13,683 INFO 📄 Index 2 | Name: Cerceda | fcl: A, fcode: ADM3 | ADM1: Galicia, ADM2: A Coruña, ADM3: Cerceda, ADM4:  | Score: 25.91, Population: 5318 | Fuzzy match: 56.00000000000001
2025-08-17 16:02:13,683 INFO Comparing database entry: cerceda (a coruña) with Campo-Xesteda returned from geonames.
2025-08-17 16:02:13,683 INFO 📄 Index 3 | Name: Campo-Xesteda | fcl: P, fcode: PPL | ADM1: Galicia, ADM2: A Coruña, ADM3: Cerceda, ADM4:  | Score: 24.65, Population: 0 | Fuzzy match: 32.25806451612904
2025-08-17 16:02:13,838 INFO Comparing database entry: cerceda (a coruña) with Cerceda returned from geonames.
2025-08-17 16:02:13,838 INFO 📄 Index 0 | Name: Cerceda | fcl: P, fcode: PPLA3 | ADM1: Galicia, ADM2: A Coruña, ADM3: Cerceda, ADM4:  | Score: 30.48, Population: 0 | Fuzzy match: 56.00000000000001
2025-08-17 16:02:13,838 INFO Comparing database entry: cerceda (a coruña) with Meirama returned from geonames.
2025-08-17 16:02:13,838 INFO 📄 Index 1 | Name: Meirama | fcl: P, fcode: PPL | ADM1: Galicia, ADM2: A Coruña, ADM3: Cerceda, ADM4:  | Score: 28.76, Population: 278 | Fuzzy match: 31.999999999999996
2025-08-17 16:02:13,838 INFO Comparing database entry: cerceda (a coruña) with Cerceda returned from geonames.
2025-08-17 16:02:13,838 INFO 📄 Index 2 | Name: Cerceda | fcl: A, fcode: ADM3 | ADM1: Galicia, ADM2: A Coruña, ADM3: Cerceda, ADM4:  | Score: 25.91, Population: 5318 | Fuzzy match: 56.00000000000001
2025-08-17 16:02:13,838 INFO Comparing database entry: cerceda (a coruña) with Campo-Xesteda returned from geonames.
2025-08-17 16:02:13,838 INFO 📄 Index 3 | Name: Campo-Xesteda | fcl: P, fcode: PPL | ADM1: Galicia, ADM2: A Coruña, ADM3: Cerceda, ADM4:  | Score: 24.65, Population: 0 | Fuzzy match: 32.25806451612904
2025-08-17 16:02:13,838 WARNING ❌ No match found with fuzzy score > 80 for city: cerceda (a coruña)
2025-08-17 16:02:13,839 WARNING ❌ Lookup failed for city='cerceda_a_coruña', iso2='ES'
