2025-08-08 14:50:13,373 INFO 🗺️ Starting GeoNames lookup for city='castilla y león', country='spain'
2025-08-08 14:50:13,374 INFO 📍 Location is present in the following articles: [ObjectId('67f921a3f431fddd61d55bc4')]
2025-08-08 14:50:13,516 INFO Comparing database entry: castilla y león with Valladolid returned from geonames.
2025-08-08 14:50:13,516 INFO 📄 Index 0 | Name: Valladolid | fcl: P, fcode: PPLA | ADM1: Castille and León, ADM2: Valladolid, ADM3: Valladolid, ADM4:  | Score: 113.07, Population: 299265 | Fuzzy match: 40.0
2025-08-08 14:50:13,516 INFO Comparing database entry: castilla y león with León returned from geonames.
2025-08-08 14:50:13,516 INFO 📄 Index 1 | Name: León | fcl: P, fcode: PPLA2 | ADM1: Castille and León, ADM2: Leon, ADM3: León, ADM4:  | Score: 105.92, Population: 134305 | Fuzzy match: 42.10526315789473
2025-08-08 14:50:13,516 INFO Comparing database entry: castilla y león with Salamanca returned from geonames.
2025-08-08 14:50:13,516 INFO 📄 Index 2 | Name: Salamanca | fcl: P, fcode: PPLA2 | ADM1: Castille and León, ADM2: Salamanca, ADM3: Salamanca, ADM4:  | Score: 101.93, Population: 155619 | Fuzzy match: 33.333333333333336
2025-08-08 14:50:13,516 INFO Comparing database entry: castilla y león with Burgos returned from geonames.
2025-08-08 14:50:13,516 INFO 📄 Index 3 | Name: Burgos | fcl: P, fcode: PPLA2 | ADM1: Castille and León, ADM2: Burgos, ADM3: Burgos, ADM4:  | Score: 101.93, Population: 178966 | Fuzzy match: 9.523809523809524
2025-08-08 14:50:13,688 INFO Comparing database entry: castilla y león with Valladolid returned from geonames.
2025-08-08 14:50:13,688 INFO 📄 Index 0 | Name: Valladolid | fcl: P, fcode: PPLA | ADM1: Castille and León, ADM2: Valladolid, ADM3: Valladolid, ADM4:  | Score: 113.07, Population: 299265 | Fuzzy match: 40.0
2025-08-08 14:50:13,688 INFO Comparing database entry: castilla y león with León returned from geonames.
2025-08-08 14:50:13,689 INFO 📄 Index 1 | Name: León | fcl: P, fcode: PPLA2 | ADM1: Castille and León, ADM2: Leon, ADM3: León, ADM4:  | Score: 105.92, Population: 134305 | Fuzzy match: 42.10526315789473
2025-08-08 14:50:13,689 INFO Comparing database entry: castilla y león with Salamanca returned from geonames.
2025-08-08 14:50:13,689 INFO 📄 Index 2 | Name: Salamanca | fcl: P, fcode: PPLA2 | ADM1: Castille and León, ADM2: Salamanca, ADM3: Salamanca, ADM4:  | Score: 101.93, Population: 155619 | Fuzzy match: 33.333333333333336
2025-08-08 14:50:13,689 INFO Comparing database entry: castilla y león with Burgos returned from geonames.
2025-08-08 14:50:13,689 INFO 📄 Index 3 | Name: Burgos | fcl: P, fcode: PPLA2 | ADM1: Castille and León, ADM2: Burgos, ADM3: Burgos, ADM4:  | Score: 101.93, Population: 178966 | Fuzzy match: 9.523809523809524
2025-08-08 14:50:13,875 INFO Comparing database entry: castilla y león with Valladolid returned from geonames.
2025-08-08 14:50:13,875 INFO 📄 Index 0 | Name: Valladolid | fcl: P, fcode: PPLA | ADM1: Castille and León, ADM2: Valladolid, ADM3: Valladolid, ADM4:  | Score: 113.07, Population: 299265 | Fuzzy match: 40.0
2025-08-08 14:50:13,875 INFO Comparing database entry: castilla y león with León returned from geonames.
2025-08-08 14:50:13,875 INFO 📄 Index 1 | Name: León | fcl: P, fcode: PPLA2 | ADM1: Castille and León, ADM2: Leon, ADM3: León, ADM4:  | Score: 105.92, Population: 134305 | Fuzzy match: 42.10526315789473
2025-08-08 14:50:13,875 INFO Comparing database entry: castilla y león with Salamanca returned from geonames.
2025-08-08 14:50:13,875 INFO 📄 Index 2 | Name: Salamanca | fcl: P, fcode: PPLA2 | ADM1: Castille and León, ADM2: Salamanca, ADM3: Salamanca, ADM4:  | Score: 101.93, Population: 155619 | Fuzzy match: 33.333333333333336
2025-08-08 14:50:13,875 INFO Comparing database entry: castilla y león with Burgos returned from geonames.
2025-08-08 14:50:13,875 INFO 📄 Index 3 | Name: Burgos | fcl: P, fcode: PPLA2 | ADM1: Castille and León, ADM2: Burgos, ADM3: Burgos, ADM4:  | Score: 101.93, Population: 178966 | Fuzzy match: 9.523809523809524
2025-08-08 14:50:14,018 INFO Comparing database entry: castilla y león with Valladolid returned from geonames.
2025-08-08 14:50:14,018 INFO 📄 Index 0 | Name: Valladolid | fcl: P, fcode: PPLA | ADM1: Castille and León, ADM2: Valladolid, ADM3: Valladolid, ADM4:  | Score: 113.07, Population: 299265 | Fuzzy match: 40.0
2025-08-08 14:50:14,018 INFO Comparing database entry: castilla y león with León returned from geonames.
2025-08-08 14:50:14,019 INFO 📄 Index 1 | Name: León | fcl: P, fcode: PPLA2 | ADM1: Castille and León, ADM2: Leon, ADM3: León, ADM4:  | Score: 105.92, Population: 134305 | Fuzzy match: 42.10526315789473
2025-08-08 14:50:14,019 INFO Comparing database entry: castilla y león with Salamanca returned from geonames.
2025-08-08 14:50:14,019 INFO 📄 Index 2 | Name: Salamanca | fcl: P, fcode: PPLA2 | ADM1: Castille and León, ADM2: Salamanca, ADM3: Salamanca, ADM4:  | Score: 101.93, Population: 155619 | Fuzzy match: 33.333333333333336
2025-08-08 14:50:14,019 INFO Comparing database entry: castilla y león with Burgos returned from geonames.
2025-08-08 14:50:14,019 INFO 📄 Index 3 | Name: Burgos | fcl: P, fcode: PPLA2 | ADM1: Castille and León, ADM2: Burgos, ADM3: Burgos, ADM4:  | Score: 101.93, Population: 178966 | Fuzzy match: 9.523809523809524
2025-08-08 14:50:14,171 INFO Comparing database entry: castilla y león with Valladolid returned from geonames.
2025-08-08 14:50:14,171 INFO 📄 Index 0 | Name: Valladolid | fcl: P, fcode: PPLA | ADM1: Castille and León, ADM2: Valladolid, ADM3: Valladolid, ADM4:  | Score: 113.07, Population: 299265 | Fuzzy match: 40.0
2025-08-08 14:50:14,171 INFO Comparing database entry: castilla y león with León returned from geonames.
2025-08-08 14:50:14,171 INFO 📄 Index 1 | Name: León | fcl: P, fcode: PPLA2 | ADM1: Castille and León, ADM2: Leon, ADM3: León, ADM4:  | Score: 105.92, Population: 134305 | Fuzzy match: 42.10526315789473
2025-08-08 14:50:14,171 INFO Comparing database entry: castilla y león with Salamanca returned from geonames.
2025-08-08 14:50:14,171 INFO 📄 Index 2 | Name: Salamanca | fcl: P, fcode: PPLA2 | ADM1: Castille and León, ADM2: Salamanca, ADM3: Salamanca, ADM4:  | Score: 101.93, Population: 155619 | Fuzzy match: 33.333333333333336
2025-08-08 14:50:14,171 INFO Comparing database entry: castilla y león with Burgos returned from geonames.
2025-08-08 14:50:14,171 INFO 📄 Index 3 | Name: Burgos | fcl: P, fcode: PPLA2 | ADM1: Castille and León, ADM2: Burgos, ADM3: Burgos, ADM4:  | Score: 101.93, Population: 178966 | Fuzzy match: 9.523809523809524
2025-08-08 14:50:14,314 INFO Comparing database entry: castilla y león with Valladolid returned from geonames.
2025-08-08 14:50:14,315 INFO 📄 Index 0 | Name: Valladolid | fcl: P, fcode: PPLA | ADM1: Castille and León, ADM2: Valladolid, ADM3: Valladolid, ADM4:  | Score: 113.07, Population: 299265 | Fuzzy match: 40.0
2025-08-08 14:50:14,315 INFO Comparing database entry: castilla y león with León returned from geonames.
2025-08-08 14:50:14,315 INFO 📄 Index 1 | Name: León | fcl: P, fcode: PPLA2 | ADM1: Castille and León, ADM2: Leon, ADM3: León, ADM4:  | Score: 105.92, Population: 134305 | Fuzzy match: 42.10526315789473
2025-08-08 14:50:14,315 INFO Comparing database entry: castilla y león with Salamanca returned from geonames.
2025-08-08 14:50:14,315 INFO 📄 Index 2 | Name: Salamanca | fcl: P, fcode: PPLA2 | ADM1: Castille and León, ADM2: Salamanca, ADM3: Salamanca, ADM4:  | Score: 101.93, Population: 155619 | Fuzzy match: 33.333333333333336
2025-08-08 14:50:14,315 INFO Comparing database entry: castilla y león with Burgos returned from geonames.
2025-08-08 14:50:14,315 INFO 📄 Index 3 | Name: Burgos | fcl: P, fcode: PPLA2 | ADM1: Castille and León, ADM2: Burgos, ADM3: Burgos, ADM4:  | Score: 101.93, Population: 178966 | Fuzzy match: 9.523809523809524
2025-08-08 14:50:14,315 WARNING ❌ No match found with fuzzy score > 80 for city: castilla y león
2025-08-08 14:50:14,315 WARNING ❌ Lookup failed for city='castilla_y_león', iso2='ES'
