2025-08-16 12:15:52,510 INFO 🗺️ Starting GeoNames lookup for city='castilla y léon', country='spain'
2025-08-16 12:15:52,510 INFO 📍 Location is present in the following articles: [ObjectId('67fa870feaa4fb525afed387')]
2025-08-16 12:15:52,669 INFO Comparing database entry: castilla y léon with Valladolid returned from geonames.
2025-08-16 12:15:52,670 INFO 📄 Index 0 | Name: Valladolid | fcl: P, fcode: PPLA | ADM1: Castille and León, ADM2: Valladolid, ADM3: Valladolid, ADM4:  | Score: 113.07, Population: 299265 | Fuzzy match: 40.0
2025-08-16 12:15:52,670 INFO Comparing database entry: castilla y léon with León returned from geonames.
2025-08-16 12:15:52,670 INFO 📄 Index 1 | Name: León | fcl: P, fcode: PPLA2 | ADM1: Castille and León, ADM2: Leon, ADM3: León, ADM4:  | Score: 105.92, Population: 134305 | Fuzzy match: 21.052631578947366
2025-08-16 12:15:52,670 INFO Comparing database entry: castilla y léon with Salamanca returned from geonames.
2025-08-16 12:15:52,670 INFO 📄 Index 2 | Name: Salamanca | fcl: P, fcode: PPLA2 | ADM1: Castille and León, ADM2: Salamanca, ADM3: Salamanca, ADM4:  | Score: 101.93, Population: 155619 | Fuzzy match: 33.333333333333336
2025-08-16 12:15:52,670 INFO Comparing database entry: castilla y léon with Burgos returned from geonames.
2025-08-16 12:15:52,670 INFO 📄 Index 3 | Name: Burgos | fcl: P, fcode: PPLA2 | ADM1: Castille and León, ADM2: Burgos, ADM3: Burgos, ADM4:  | Score: 101.93, Population: 178966 | Fuzzy match: 9.523809523809524
2025-08-16 12:15:52,821 INFO Comparing database entry: castilla y léon with Valladolid returned from geonames.
2025-08-16 12:15:52,821 INFO 📄 Index 0 | Name: Valladolid | fcl: P, fcode: PPLA | ADM1: Castille and León, ADM2: Valladolid, ADM3: Valladolid, ADM4:  | Score: 113.07, Population: 299265 | Fuzzy match: 40.0
2025-08-16 12:15:52,821 INFO Comparing database entry: castilla y léon with León returned from geonames.
2025-08-16 12:15:52,822 INFO 📄 Index 1 | Name: León | fcl: P, fcode: PPLA2 | ADM1: Castille and León, ADM2: Leon, ADM3: León, ADM4:  | Score: 105.92, Population: 134305 | Fuzzy match: 21.052631578947366
2025-08-16 12:15:52,822 INFO Comparing database entry: castilla y léon with Salamanca returned from geonames.
2025-08-16 12:15:52,822 INFO 📄 Index 2 | Name: Salamanca | fcl: P, fcode: PPLA2 | ADM1: Castille and León, ADM2: Salamanca, ADM3: Salamanca, ADM4:  | Score: 101.93, Population: 155619 | Fuzzy match: 33.333333333333336
2025-08-16 12:15:52,822 INFO Comparing database entry: castilla y léon with Burgos returned from geonames.
2025-08-16 12:15:52,822 INFO 📄 Index 3 | Name: Burgos | fcl: P, fcode: PPLA2 | ADM1: Castille and León, ADM2: Burgos, ADM3: Burgos, ADM4:  | Score: 101.93, Population: 178966 | Fuzzy match: 9.523809523809524
2025-08-16 12:15:52,990 INFO Comparing database entry: castilla y léon with Valladolid returned from geonames.
2025-08-16 12:15:52,991 INFO 📄 Index 0 | Name: Valladolid | fcl: P, fcode: PPLA | ADM1: Castille and León, ADM2: Valladolid, ADM3: Valladolid, ADM4:  | Score: 113.07, Population: 299265 | Fuzzy match: 40.0
2025-08-16 12:15:52,991 INFO Comparing database entry: castilla y léon with León returned from geonames.
2025-08-16 12:15:52,991 INFO 📄 Index 1 | Name: León | fcl: P, fcode: PPLA2 | ADM1: Castille and León, ADM2: Leon, ADM3: León, ADM4:  | Score: 105.92, Population: 134305 | Fuzzy match: 21.052631578947366
2025-08-16 12:15:52,991 INFO Comparing database entry: castilla y léon with Salamanca returned from geonames.
2025-08-16 12:15:52,991 INFO 📄 Index 2 | Name: Salamanca | fcl: P, fcode: PPLA2 | ADM1: Castille and León, ADM2: Salamanca, ADM3: Salamanca, ADM4:  | Score: 101.93, Population: 155619 | Fuzzy match: 33.333333333333336
2025-08-16 12:15:52,991 INFO Comparing database entry: castilla y léon with Burgos returned from geonames.
2025-08-16 12:15:52,991 INFO 📄 Index 3 | Name: Burgos | fcl: P, fcode: PPLA2 | ADM1: Castille and León, ADM2: Burgos, ADM3: Burgos, ADM4:  | Score: 101.93, Population: 178966 | Fuzzy match: 9.523809523809524
2025-08-16 12:15:53,159 INFO Comparing database entry: castilla y léon with Valladolid returned from geonames.
2025-08-16 12:15:53,160 INFO 📄 Index 0 | Name: Valladolid | fcl: P, fcode: PPLA | ADM1: Castille and León, ADM2: Valladolid, ADM3: Valladolid, ADM4:  | Score: 113.07, Population: 299265 | Fuzzy match: 40.0
2025-08-16 12:15:53,160 INFO Comparing database entry: castilla y léon with León returned from geonames.
2025-08-16 12:15:53,160 INFO 📄 Index 1 | Name: León | fcl: P, fcode: PPLA2 | ADM1: Castille and León, ADM2: Leon, ADM3: León, ADM4:  | Score: 105.92, Population: 134305 | Fuzzy match: 21.052631578947366
2025-08-16 12:15:53,160 INFO Comparing database entry: castilla y léon with Salamanca returned from geonames.
2025-08-16 12:15:53,160 INFO 📄 Index 2 | Name: Salamanca | fcl: P, fcode: PPLA2 | ADM1: Castille and León, ADM2: Salamanca, ADM3: Salamanca, ADM4:  | Score: 101.93, Population: 155619 | Fuzzy match: 33.333333333333336
2025-08-16 12:15:53,160 INFO Comparing database entry: castilla y léon with Burgos returned from geonames.
2025-08-16 12:15:53,160 INFO 📄 Index 3 | Name: Burgos | fcl: P, fcode: PPLA2 | ADM1: Castille and León, ADM2: Burgos, ADM3: Burgos, ADM4:  | Score: 101.93, Population: 178966 | Fuzzy match: 9.523809523809524
2025-08-16 12:15:53,323 INFO Comparing database entry: castilla y léon with Valladolid returned from geonames.
2025-08-16 12:15:53,323 INFO 📄 Index 0 | Name: Valladolid | fcl: P, fcode: PPLA | ADM1: Castille and León, ADM2: Valladolid, ADM3: Valladolid, ADM4:  | Score: 113.07, Population: 299265 | Fuzzy match: 40.0
2025-08-16 12:15:53,323 INFO Comparing database entry: castilla y léon with León returned from geonames.
2025-08-16 12:15:53,323 INFO 📄 Index 1 | Name: León | fcl: P, fcode: PPLA2 | ADM1: Castille and León, ADM2: Leon, ADM3: León, ADM4:  | Score: 105.92, Population: 134305 | Fuzzy match: 21.052631578947366
2025-08-16 12:15:53,324 INFO Comparing database entry: castilla y léon with Salamanca returned from geonames.
2025-08-16 12:15:53,324 INFO 📄 Index 2 | Name: Salamanca | fcl: P, fcode: PPLA2 | ADM1: Castille and León, ADM2: Salamanca, ADM3: Salamanca, ADM4:  | Score: 101.93, Population: 155619 | Fuzzy match: 33.333333333333336
2025-08-16 12:15:53,324 INFO Comparing database entry: castilla y léon with Burgos returned from geonames.
2025-08-16 12:15:53,324 INFO 📄 Index 3 | Name: Burgos | fcl: P, fcode: PPLA2 | ADM1: Castille and León, ADM2: Burgos, ADM3: Burgos, ADM4:  | Score: 101.93, Population: 178966 | Fuzzy match: 9.523809523809524
2025-08-16 12:15:53,482 INFO Comparing database entry: castilla y léon with Valladolid returned from geonames.
2025-08-16 12:15:53,482 INFO 📄 Index 0 | Name: Valladolid | fcl: P, fcode: PPLA | ADM1: Castille and León, ADM2: Valladolid, ADM3: Valladolid, ADM4:  | Score: 113.07, Population: 299265 | Fuzzy match: 40.0
2025-08-16 12:15:53,482 INFO Comparing database entry: castilla y léon with León returned from geonames.
2025-08-16 12:15:53,482 INFO 📄 Index 1 | Name: León | fcl: P, fcode: PPLA2 | ADM1: Castille and León, ADM2: Leon, ADM3: León, ADM4:  | Score: 105.92, Population: 134305 | Fuzzy match: 21.052631578947366
2025-08-16 12:15:53,482 INFO Comparing database entry: castilla y léon with Salamanca returned from geonames.
2025-08-16 12:15:53,482 INFO 📄 Index 2 | Name: Salamanca | fcl: P, fcode: PPLA2 | ADM1: Castille and León, ADM2: Salamanca, ADM3: Salamanca, ADM4:  | Score: 101.93, Population: 155619 | Fuzzy match: 33.333333333333336
2025-08-16 12:15:53,482 INFO Comparing database entry: castilla y léon with Burgos returned from geonames.
2025-08-16 12:15:53,482 INFO 📄 Index 3 | Name: Burgos | fcl: P, fcode: PPLA2 | ADM1: Castille and León, ADM2: Burgos, ADM3: Burgos, ADM4:  | Score: 101.93, Population: 178966 | Fuzzy match: 9.523809523809524
2025-08-16 12:15:53,482 WARNING ❌ No match found with fuzzy score > 80 for city: castilla y léon
2025-08-16 12:15:53,483 WARNING ❌ Lookup failed for city='castilla_y_léon', iso2='ES'
