2025-08-19 16:04:11,724 INFO 🗺️ Starting GeoNames lookup for city='canary islands', country='spain'
2025-08-19 16:04:11,724 INFO 📍 Location is present in the following articles: [ObjectId('67fa8aa8eaa4fb525afee280'), ObjectId('67fbeee194b7f855cfea66d1')]
2025-08-19 16:04:11,903 INFO Comparing database entry: canary islands with Las Palmas de Gran Canaria returned from geonames.
2025-08-19 16:04:11,903 INFO 📄 Index 0 | Name: Las Palmas de Gran Canaria | fcl: P, fcode: PPLA | ADM1: Canary Islands, ADM2: Las Palmas, ADM3: Las Palmas, ADM4:  | Latitude: 28.09973, Longitude: -15.41343 | Score: 98.06, Population: 378517 | Fuzzy match: 50.0
2025-08-19 16:04:11,904 INFO Comparing database entry: canary islands with Tenerife returned from geonames.
2025-08-19 16:04:11,904 INFO 📄 Index 1 | Name: Tenerife | fcl: P, fcode: PPLA | ADM1: Canary Islands, ADM2: Santa Cruz de Tenerife, ADM3: Santa Cruz de Tenerife, ADM4:  | Latitude: 28.46824, Longitude: -16.25462 | Score: 84.33, Population: 204856 | Fuzzy match: 27.27272727272727
2025-08-19 16:04:11,904 INFO Comparing database entry: canary islands with San Cristóbal de La Laguna returned from geonames.
2025-08-19 16:04:11,904 INFO 📄 Index 2 | Name: San Cristóbal de La Laguna | fcl: P, fcode: PPL | ADM1: Canary Islands, ADM2: Santa Cruz de Tenerife, ADM3: San Cristóbal de La Laguna, ADM4:  | Latitude: 28.4853, Longitude: -16.32014 | Score: 72.53, Population: 150661 | Fuzzy match: 40.0
2025-08-19 16:04:11,904 INFO Comparing database entry: canary islands with Telde returned from geonames.
2025-08-19 16:04:11,904 INFO 📄 Index 3 | Name: Telde | fcl: P, fcode: PPLA3 | ADM1: Canary Islands, ADM2: Las Palmas, ADM3: Telde, ADM4:  | Latitude: 27.99243, Longitude: -15.41915 | Score: 60.73, Population: 100015 | Fuzzy match: 21.052631578947366
2025-08-19 16:04:12,098 INFO Comparing database entry: canary islands with Las Palmas de Gran Canaria returned from geonames.
2025-08-19 16:04:12,098 INFO 📄 Index 0 | Name: Las Palmas de Gran Canaria | fcl: P, fcode: PPLA | ADM1: Canary Islands, ADM2: Las Palmas, ADM3: Las Palmas, ADM4:  | Latitude: 28.09973, Longitude: -15.41343 | Score: 98.06, Population: 378517 | Fuzzy match: 50.0
2025-08-19 16:04:12,098 INFO Comparing database entry: canary islands with Tenerife returned from geonames.
2025-08-19 16:04:12,098 INFO 📄 Index 1 | Name: Tenerife | fcl: P, fcode: PPLA | ADM1: Canary Islands, ADM2: Santa Cruz de Tenerife, ADM3: Santa Cruz de Tenerife, ADM4:  | Latitude: 28.46824, Longitude: -16.25462 | Score: 84.33, Population: 204856 | Fuzzy match: 27.27272727272727
2025-08-19 16:04:12,098 INFO Comparing database entry: canary islands with San Cristóbal de La Laguna returned from geonames.
2025-08-19 16:04:12,098 INFO 📄 Index 2 | Name: San Cristóbal de La Laguna | fcl: P, fcode: PPL | ADM1: Canary Islands, ADM2: Santa Cruz de Tenerife, ADM3: San Cristóbal de La Laguna, ADM4:  | Latitude: 28.4853, Longitude: -16.32014 | Score: 72.53, Population: 150661 | Fuzzy match: 40.0
2025-08-19 16:04:12,099 INFO Comparing database entry: canary islands with Telde returned from geonames.
2025-08-19 16:04:12,099 INFO 📄 Index 3 | Name: Telde | fcl: P, fcode: PPLA3 | ADM1: Canary Islands, ADM2: Las Palmas, ADM3: Telde, ADM4:  | Latitude: 27.99243, Longitude: -15.41915 | Score: 60.73, Population: 100015 | Fuzzy match: 21.052631578947366
2025-08-19 16:04:12,269 INFO Comparing database entry: canary islands with Las Palmas de Gran Canaria returned from geonames.
2025-08-19 16:04:12,269 INFO 📄 Index 0 | Name: Las Palmas de Gran Canaria | fcl: P, fcode: PPLA | ADM1: Canary Islands, ADM2: Las Palmas, ADM3: Las Palmas, ADM4:  | Latitude: 28.09973, Longitude: -15.41343 | Score: 98.06, Population: 378517 | Fuzzy match: 50.0
2025-08-19 16:04:12,269 INFO Comparing database entry: canary islands with Tenerife returned from geonames.
2025-08-19 16:04:12,269 INFO 📄 Index 1 | Name: Tenerife | fcl: P, fcode: PPLA | ADM1: Canary Islands, ADM2: Santa Cruz de Tenerife, ADM3: Santa Cruz de Tenerife, ADM4:  | Latitude: 28.46824, Longitude: -16.25462 | Score: 84.33, Population: 204856 | Fuzzy match: 27.27272727272727
2025-08-19 16:04:12,269 INFO Comparing database entry: canary islands with San Cristóbal de La Laguna returned from geonames.
2025-08-19 16:04:12,269 INFO 📄 Index 2 | Name: San Cristóbal de La Laguna | fcl: P, fcode: PPL | ADM1: Canary Islands, ADM2: Santa Cruz de Tenerife, ADM3: San Cristóbal de La Laguna, ADM4:  | Latitude: 28.4853, Longitude: -16.32014 | Score: 72.53, Population: 150661 | Fuzzy match: 40.0
2025-08-19 16:04:12,270 INFO Comparing database entry: canary islands with Telde returned from geonames.
2025-08-19 16:04:12,270 INFO 📄 Index 3 | Name: Telde | fcl: P, fcode: PPLA3 | ADM1: Canary Islands, ADM2: Las Palmas, ADM3: Telde, ADM4:  | Latitude: 27.99243, Longitude: -15.41915 | Score: 60.73, Population: 100015 | Fuzzy match: 21.052631578947366
2025-08-19 16:04:12,451 INFO Comparing database entry: canary islands with Las Palmas de Gran Canaria returned from geonames.
2025-08-19 16:04:12,452 INFO 📄 Index 0 | Name: Las Palmas de Gran Canaria | fcl: P, fcode: PPLA | ADM1: Canary Islands, ADM2: Las Palmas, ADM3: Las Palmas, ADM4:  | Latitude: 28.09973, Longitude: -15.41343 | Score: 98.06, Population: 378517 | Fuzzy match: 50.0
2025-08-19 16:04:12,452 INFO Comparing database entry: canary islands with Tenerife returned from geonames.
2025-08-19 16:04:12,452 INFO 📄 Index 1 | Name: Tenerife | fcl: P, fcode: PPLA | ADM1: Canary Islands, ADM2: Santa Cruz de Tenerife, ADM3: Santa Cruz de Tenerife, ADM4:  | Latitude: 28.46824, Longitude: -16.25462 | Score: 84.33, Population: 204856 | Fuzzy match: 27.27272727272727
2025-08-19 16:04:12,452 INFO Comparing database entry: canary islands with San Cristóbal de La Laguna returned from geonames.
2025-08-19 16:04:12,452 INFO 📄 Index 2 | Name: San Cristóbal de La Laguna | fcl: P, fcode: PPL | ADM1: Canary Islands, ADM2: Santa Cruz de Tenerife, ADM3: San Cristóbal de La Laguna, ADM4:  | Latitude: 28.4853, Longitude: -16.32014 | Score: 72.53, Population: 150661 | Fuzzy match: 40.0
2025-08-19 16:04:12,452 INFO Comparing database entry: canary islands with Telde returned from geonames.
2025-08-19 16:04:12,452 INFO 📄 Index 3 | Name: Telde | fcl: P, fcode: PPLA3 | ADM1: Canary Islands, ADM2: Las Palmas, ADM3: Telde, ADM4:  | Latitude: 27.99243, Longitude: -15.41915 | Score: 60.73, Population: 100015 | Fuzzy match: 21.052631578947366
2025-08-19 16:04:12,620 INFO Comparing database entry: canary islands with Las Palmas de Gran Canaria returned from geonames.
2025-08-19 16:04:12,620 INFO 📄 Index 0 | Name: Las Palmas de Gran Canaria | fcl: P, fcode: PPLA | ADM1: Canary Islands, ADM2: Las Palmas, ADM3: Las Palmas, ADM4:  | Latitude: 28.09973, Longitude: -15.41343 | Score: 98.06, Population: 378517 | Fuzzy match: 50.0
2025-08-19 16:04:12,620 INFO Comparing database entry: canary islands with Tenerife returned from geonames.
2025-08-19 16:04:12,621 INFO 📄 Index 1 | Name: Tenerife | fcl: P, fcode: PPLA | ADM1: Canary Islands, ADM2: Santa Cruz de Tenerife, ADM3: Santa Cruz de Tenerife, ADM4:  | Latitude: 28.46824, Longitude: -16.25462 | Score: 84.33, Population: 204856 | Fuzzy match: 27.27272727272727
2025-08-19 16:04:12,621 INFO Comparing database entry: canary islands with San Cristóbal de La Laguna returned from geonames.
2025-08-19 16:04:12,621 INFO 📄 Index 2 | Name: San Cristóbal de La Laguna | fcl: P, fcode: PPL | ADM1: Canary Islands, ADM2: Santa Cruz de Tenerife, ADM3: San Cristóbal de La Laguna, ADM4:  | Latitude: 28.4853, Longitude: -16.32014 | Score: 72.53, Population: 150661 | Fuzzy match: 40.0
2025-08-19 16:04:12,621 INFO Comparing database entry: canary islands with Telde returned from geonames.
2025-08-19 16:04:12,621 INFO 📄 Index 3 | Name: Telde | fcl: P, fcode: PPLA3 | ADM1: Canary Islands, ADM2: Las Palmas, ADM3: Telde, ADM4:  | Latitude: 27.99243, Longitude: -15.41915 | Score: 60.73, Population: 100015 | Fuzzy match: 21.052631578947366
2025-08-19 16:04:12,777 INFO Comparing database entry: canary islands with Las Palmas de Gran Canaria returned from geonames.
2025-08-19 16:04:12,777 INFO 📄 Index 0 | Name: Las Palmas de Gran Canaria | fcl: P, fcode: PPLA | ADM1: Canary Islands, ADM2: Las Palmas, ADM3: Las Palmas, ADM4:  | Latitude: 28.09973, Longitude: -15.41343 | Score: 98.06, Population: 378517 | Fuzzy match: 50.0
2025-08-19 16:04:12,777 INFO Comparing database entry: canary islands with Tenerife returned from geonames.
2025-08-19 16:04:12,777 INFO 📄 Index 1 | Name: Tenerife | fcl: P, fcode: PPLA | ADM1: Canary Islands, ADM2: Santa Cruz de Tenerife, ADM3: Santa Cruz de Tenerife, ADM4:  | Latitude: 28.46824, Longitude: -16.25462 | Score: 84.33, Population: 204856 | Fuzzy match: 27.27272727272727
2025-08-19 16:04:12,777 INFO Comparing database entry: canary islands with San Cristóbal de La Laguna returned from geonames.
2025-08-19 16:04:12,778 INFO 📄 Index 2 | Name: San Cristóbal de La Laguna | fcl: P, fcode: PPL | ADM1: Canary Islands, ADM2: Santa Cruz de Tenerife, ADM3: San Cristóbal de La Laguna, ADM4:  | Latitude: 28.4853, Longitude: -16.32014 | Score: 72.53, Population: 150661 | Fuzzy match: 40.0
2025-08-19 16:04:12,778 INFO Comparing database entry: canary islands with Telde returned from geonames.
2025-08-19 16:04:12,778 INFO 📄 Index 3 | Name: Telde | fcl: P, fcode: PPLA3 | ADM1: Canary Islands, ADM2: Las Palmas, ADM3: Telde, ADM4:  | Latitude: 27.99243, Longitude: -15.41915 | Score: 60.73, Population: 100015 | Fuzzy match: 21.052631578947366
2025-08-19 16:04:12,778 WARNING ❌ No match found with fuzzy score > 80 for city: canary islands
2025-08-19 16:04:12,778 WARNING ❌ Lookup failed for city='canary_islands', iso2='ES'
