2025-08-08 16:50:00,493 INFO 🗺️ Starting GeoNames lookup for city='castilla la mancha', country='spain'
2025-08-08 16:50:00,493 INFO 📍 Location is present in the following articles: [ObjectId('67fa8b1eeaa4fb525afee46a')]
2025-08-08 16:50:00,642 INFO Comparing database entry: castilla la mancha with Toledo returned from geonames.
2025-08-08 16:50:00,643 INFO 📄 Index 0 | Name: Toledo | fcl: P, fcode: PPLA | ADM1: Castille-La Mancha, ADM2: Toledo, ADM3: Toledo, ADM4:  | Score: 100.43, Population: 84282 | Fuzzy match: 16.666666666666664
2025-08-08 16:50:00,643 INFO Comparing database entry: castilla la mancha with Albacete returned from geonames.
2025-08-08 16:50:00,643 INFO 📄 Index 1 | Name: Albacete | fcl: P, fcode: PPLA2 | ADM1: Castille-La Mancha, ADM2: Albacete, ADM3: Albacete, ADM4:  | Score: 93.90, Population: 169716 | Fuzzy match: 30.76923076923077
2025-08-08 16:50:00,643 INFO Comparing database entry: castilla la mancha with Guadalajara returned from geonames.
2025-08-08 16:50:00,643 INFO 📄 Index 2 | Name: Guadalajara | fcl: P, fcode: PPLA2 | ADM1: Castille-La Mancha, ADM2: Guadalajara, ADM3: Guadalajara, ADM4:  | Score: 83.31, Population: 83039 | Fuzzy match: 41.379310344827594
2025-08-08 16:50:00,643 INFO Comparing database entry: castilla la mancha with Cuenca returned from geonames.
2025-08-08 16:50:00,643 INFO 📄 Index 3 | Name: Cuenca | fcl: P, fcode: PPLA2 | ADM1: Castille-La Mancha, ADM2: Cuenca, ADM3: Cuenca, ADM4:  | Score: 82.96, Population: 55866 | Fuzzy match: 33.333333333333336
2025-08-08 16:50:00,785 INFO Comparing database entry: castilla la mancha with Toledo returned from geonames.
2025-08-08 16:50:00,785 INFO 📄 Index 0 | Name: Toledo | fcl: P, fcode: PPLA | ADM1: Castille-La Mancha, ADM2: Toledo, ADM3: Toledo, ADM4:  | Score: 100.43, Population: 84282 | Fuzzy match: 16.666666666666664
2025-08-08 16:50:00,785 INFO Comparing database entry: castilla la mancha with Albacete returned from geonames.
2025-08-08 16:50:00,785 INFO 📄 Index 1 | Name: Albacete | fcl: P, fcode: PPLA2 | ADM1: Castille-La Mancha, ADM2: Albacete, ADM3: Albacete, ADM4:  | Score: 93.90, Population: 169716 | Fuzzy match: 30.76923076923077
2025-08-08 16:50:00,785 INFO Comparing database entry: castilla la mancha with Guadalajara returned from geonames.
2025-08-08 16:50:00,785 INFO 📄 Index 2 | Name: Guadalajara | fcl: P, fcode: PPLA2 | ADM1: Castille-La Mancha, ADM2: Guadalajara, ADM3: Guadalajara, ADM4:  | Score: 83.31, Population: 83039 | Fuzzy match: 41.379310344827594
2025-08-08 16:50:00,785 INFO Comparing database entry: castilla la mancha with Cuenca returned from geonames.
2025-08-08 16:50:00,785 INFO 📄 Index 3 | Name: Cuenca | fcl: P, fcode: PPLA2 | ADM1: Castille-La Mancha, ADM2: Cuenca, ADM3: Cuenca, ADM4:  | Score: 82.96, Population: 55866 | Fuzzy match: 33.333333333333336
2025-08-08 16:50:00,951 INFO Comparing database entry: castilla la mancha with Toledo returned from geonames.
2025-08-08 16:50:00,952 INFO 📄 Index 0 | Name: Toledo | fcl: P, fcode: PPLA | ADM1: Castille-La Mancha, ADM2: Toledo, ADM3: Toledo, ADM4:  | Score: 100.43, Population: 84282 | Fuzzy match: 16.666666666666664
2025-08-08 16:50:00,952 INFO Comparing database entry: castilla la mancha with Albacete returned from geonames.
2025-08-08 16:50:00,952 INFO 📄 Index 1 | Name: Albacete | fcl: P, fcode: PPLA2 | ADM1: Castille-La Mancha, ADM2: Albacete, ADM3: Albacete, ADM4:  | Score: 93.90, Population: 169716 | Fuzzy match: 30.76923076923077
2025-08-08 16:50:00,952 INFO Comparing database entry: castilla la mancha with Guadalajara returned from geonames.
2025-08-08 16:50:00,952 INFO 📄 Index 2 | Name: Guadalajara | fcl: P, fcode: PPLA2 | ADM1: Castille-La Mancha, ADM2: Guadalajara, ADM3: Guadalajara, ADM4:  | Score: 83.31, Population: 83039 | Fuzzy match: 41.379310344827594
2025-08-08 16:50:00,952 INFO Comparing database entry: castilla la mancha with Cuenca returned from geonames.
2025-08-08 16:50:00,952 INFO 📄 Index 3 | Name: Cuenca | fcl: P, fcode: PPLA2 | ADM1: Castille-La Mancha, ADM2: Cuenca, ADM3: Cuenca, ADM4:  | Score: 82.96, Population: 55866 | Fuzzy match: 33.333333333333336
2025-08-08 16:50:01,126 INFO Comparing database entry: castilla la mancha with Toledo returned from geonames.
2025-08-08 16:50:01,126 INFO 📄 Index 0 | Name: Toledo | fcl: P, fcode: PPLA | ADM1: Castille-La Mancha, ADM2: Toledo, ADM3: Toledo, ADM4:  | Score: 100.43, Population: 84282 | Fuzzy match: 16.666666666666664
2025-08-08 16:50:01,126 INFO Comparing database entry: castilla la mancha with Albacete returned from geonames.
2025-08-08 16:50:01,127 INFO 📄 Index 1 | Name: Albacete | fcl: P, fcode: PPLA2 | ADM1: Castille-La Mancha, ADM2: Albacete, ADM3: Albacete, ADM4:  | Score: 93.90, Population: 169716 | Fuzzy match: 30.76923076923077
2025-08-08 16:50:01,127 INFO Comparing database entry: castilla la mancha with Guadalajara returned from geonames.
2025-08-08 16:50:01,127 INFO 📄 Index 2 | Name: Guadalajara | fcl: P, fcode: PPLA2 | ADM1: Castille-La Mancha, ADM2: Guadalajara, ADM3: Guadalajara, ADM4:  | Score: 83.31, Population: 83039 | Fuzzy match: 41.379310344827594
2025-08-08 16:50:01,127 INFO Comparing database entry: castilla la mancha with Cuenca returned from geonames.
2025-08-08 16:50:01,127 INFO 📄 Index 3 | Name: Cuenca | fcl: P, fcode: PPLA2 | ADM1: Castille-La Mancha, ADM2: Cuenca, ADM3: Cuenca, ADM4:  | Score: 82.96, Population: 55866 | Fuzzy match: 33.333333333333336
2025-08-08 16:50:01,292 INFO Comparing database entry: castilla la mancha with Toledo returned from geonames.
2025-08-08 16:50:01,292 INFO 📄 Index 0 | Name: Toledo | fcl: P, fcode: PPLA | ADM1: Castille-La Mancha, ADM2: Toledo, ADM3: Toledo, ADM4:  | Score: 100.43, Population: 84282 | Fuzzy match: 16.666666666666664
2025-08-08 16:50:01,292 INFO Comparing database entry: castilla la mancha with Albacete returned from geonames.
2025-08-08 16:50:01,292 INFO 📄 Index 1 | Name: Albacete | fcl: P, fcode: PPLA2 | ADM1: Castille-La Mancha, ADM2: Albacete, ADM3: Albacete, ADM4:  | Score: 93.90, Population: 169716 | Fuzzy match: 30.76923076923077
2025-08-08 16:50:01,292 INFO Comparing database entry: castilla la mancha with Guadalajara returned from geonames.
2025-08-08 16:50:01,292 INFO 📄 Index 2 | Name: Guadalajara | fcl: P, fcode: PPLA2 | ADM1: Castille-La Mancha, ADM2: Guadalajara, ADM3: Guadalajara, ADM4:  | Score: 83.31, Population: 83039 | Fuzzy match: 41.379310344827594
2025-08-08 16:50:01,292 INFO Comparing database entry: castilla la mancha with Cuenca returned from geonames.
2025-08-08 16:50:01,292 INFO 📄 Index 3 | Name: Cuenca | fcl: P, fcode: PPLA2 | ADM1: Castille-La Mancha, ADM2: Cuenca, ADM3: Cuenca, ADM4:  | Score: 82.96, Population: 55866 | Fuzzy match: 33.333333333333336
2025-08-08 16:50:01,460 INFO Comparing database entry: castilla la mancha with Toledo returned from geonames.
2025-08-08 16:50:01,460 INFO 📄 Index 0 | Name: Toledo | fcl: P, fcode: PPLA | ADM1: Castille-La Mancha, ADM2: Toledo, ADM3: Toledo, ADM4:  | Score: 100.43, Population: 84282 | Fuzzy match: 16.666666666666664
2025-08-08 16:50:01,460 INFO Comparing database entry: castilla la mancha with Albacete returned from geonames.
2025-08-08 16:50:01,461 INFO 📄 Index 1 | Name: Albacete | fcl: P, fcode: PPLA2 | ADM1: Castille-La Mancha, ADM2: Albacete, ADM3: Albacete, ADM4:  | Score: 93.90, Population: 169716 | Fuzzy match: 30.76923076923077
2025-08-08 16:50:01,461 INFO Comparing database entry: castilla la mancha with Guadalajara returned from geonames.
2025-08-08 16:50:01,461 INFO 📄 Index 2 | Name: Guadalajara | fcl: P, fcode: PPLA2 | ADM1: Castille-La Mancha, ADM2: Guadalajara, ADM3: Guadalajara, ADM4:  | Score: 83.31, Population: 83039 | Fuzzy match: 41.379310344827594
2025-08-08 16:50:01,461 INFO Comparing database entry: castilla la mancha with Cuenca returned from geonames.
2025-08-08 16:50:01,461 INFO 📄 Index 3 | Name: Cuenca | fcl: P, fcode: PPLA2 | ADM1: Castille-La Mancha, ADM2: Cuenca, ADM3: Cuenca, ADM4:  | Score: 82.96, Population: 55866 | Fuzzy match: 33.333333333333336
2025-08-08 16:50:01,461 WARNING ❌ No match found with fuzzy score > 80 for city: castilla la mancha
2025-08-08 16:50:01,461 WARNING ❌ Lookup failed for city='castilla_la_mancha', iso2='ES'
