2025-08-19 16:04:18,745 INFO 🗺️ Starting GeoNames lookup for city='fuerteventura', country='spain'
2025-08-19 16:04:18,745 INFO 📍 Location is present in the following articles: [ObjectId('67fa8916eaa4fb525afedbfb')]
2025-08-19 16:04:18,920 INFO Comparing database entry: fuerteventura with La Oliva returned from geonames.
2025-08-19 16:04:18,920 INFO 📄 Index 0 | Name: La Oliva | fcl: P, fcode: PPL | ADM1: Canary Islands, ADM2: Las Palmas, ADM3: Oliva, La, ADM4:  | Latitude: 28.61052, Longitude: -13.92912 | Score: 46.02, Population: 25884 | Fuzzy match: 19.047619047619047
2025-08-19 16:04:18,921 INFO Comparing database entry: fuerteventura with Puerto del Rosario returned from geonames.
2025-08-19 16:04:18,921 INFO 📄 Index 1 | Name: Puerto del Rosario | fcl: P, fcode: PPLA3 | ADM1: Canary Islands, ADM2: Las Palmas, ADM3: Puerto del Rosario, ADM4:  | Latitude: 28.50038, Longitude: -13.86272 | Score: 40.23, Population: 35667 | Fuzzy match: 38.70967741935484
2025-08-19 16:04:18,921 INFO Comparing database entry: fuerteventura with Corralejo returned from geonames.
2025-08-19 16:04:18,921 INFO 📄 Index 2 | Name: Corralejo | fcl: P, fcode: PPL | ADM1: Canary Islands, ADM2: Las Palmas, ADM3: Oliva, La, ADM4:  | Latitude: 28.73079, Longitude: -13.86749 | Score: 32.79, Population: 13618 | Fuzzy match: 27.27272727272727
2025-08-19 16:04:18,921 INFO Comparing database entry: fuerteventura with Antigua returned from geonames.
2025-08-19 16:04:18,921 INFO 📄 Index 3 | Name: Antigua | fcl: P, fcode: PPLA3 | ADM1: Canary Islands, ADM2: Las Palmas, ADM3: Antigua, ADM4:  | Latitude: 28.42307, Longitude: -14.01379 | Score: 32.79, Population: 10371 | Fuzzy match: 40.0
2025-08-19 16:04:19,088 INFO Comparing database entry: fuerteventura with La Oliva returned from geonames.
2025-08-19 16:04:19,089 INFO 📄 Index 0 | Name: La Oliva | fcl: P, fcode: PPL | ADM1: Canary Islands, ADM2: Las Palmas, ADM3: Oliva, La, ADM4:  | Latitude: 28.61052, Longitude: -13.92912 | Score: 46.02, Population: 25884 | Fuzzy match: 19.047619047619047
2025-08-19 16:04:19,089 INFO Comparing database entry: fuerteventura with Puerto del Rosario returned from geonames.
2025-08-19 16:04:19,089 INFO 📄 Index 1 | Name: Puerto del Rosario | fcl: P, fcode: PPLA3 | ADM1: Canary Islands, ADM2: Las Palmas, ADM3: Puerto del Rosario, ADM4:  | Latitude: 28.50038, Longitude: -13.86272 | Score: 40.23, Population: 35667 | Fuzzy match: 38.70967741935484
2025-08-19 16:04:19,089 INFO Comparing database entry: fuerteventura with Corralejo returned from geonames.
2025-08-19 16:04:19,089 INFO 📄 Index 2 | Name: Corralejo | fcl: P, fcode: PPL | ADM1: Canary Islands, ADM2: Las Palmas, ADM3: Oliva, La, ADM4:  | Latitude: 28.73079, Longitude: -13.86749 | Score: 32.79, Population: 13618 | Fuzzy match: 27.27272727272727
2025-08-19 16:04:19,089 INFO Comparing database entry: fuerteventura with Antigua returned from geonames.
2025-08-19 16:04:19,089 INFO 📄 Index 3 | Name: Antigua | fcl: P, fcode: PPLA3 | ADM1: Canary Islands, ADM2: Las Palmas, ADM3: Antigua, ADM4:  | Latitude: 28.42307, Longitude: -14.01379 | Score: 32.79, Population: 10371 | Fuzzy match: 40.0
2025-08-19 16:04:19,236 INFO Comparing database entry: fuerteventura with La Oliva returned from geonames.
2025-08-19 16:04:19,236 INFO 📄 Index 0 | Name: La Oliva | fcl: P, fcode: PPL | ADM1: Canary Islands, ADM2: Las Palmas, ADM3: Oliva, La, ADM4:  | Latitude: 28.61052, Longitude: -13.92912 | Score: 46.02, Population: 25884 | Fuzzy match: 19.047619047619047
2025-08-19 16:04:19,236 INFO Comparing database entry: fuerteventura with Puerto del Rosario returned from geonames.
2025-08-19 16:04:19,236 INFO 📄 Index 1 | Name: Puerto del Rosario | fcl: P, fcode: PPLA3 | ADM1: Canary Islands, ADM2: Las Palmas, ADM3: Puerto del Rosario, ADM4:  | Latitude: 28.50038, Longitude: -13.86272 | Score: 40.23, Population: 35667 | Fuzzy match: 38.70967741935484
2025-08-19 16:04:19,236 INFO Comparing database entry: fuerteventura with Corralejo returned from geonames.
2025-08-19 16:04:19,236 INFO 📄 Index 2 | Name: Corralejo | fcl: P, fcode: PPL | ADM1: Canary Islands, ADM2: Las Palmas, ADM3: Oliva, La, ADM4:  | Latitude: 28.73079, Longitude: -13.86749 | Score: 32.79, Population: 13618 | Fuzzy match: 27.27272727272727
2025-08-19 16:04:19,236 INFO Comparing database entry: fuerteventura with Antigua returned from geonames.
2025-08-19 16:04:19,236 INFO 📄 Index 3 | Name: Antigua | fcl: P, fcode: PPLA3 | ADM1: Canary Islands, ADM2: Las Palmas, ADM3: Antigua, ADM4:  | Latitude: 28.42307, Longitude: -14.01379 | Score: 32.79, Population: 10371 | Fuzzy match: 40.0
2025-08-19 16:04:19,380 INFO Comparing database entry: fuerteventura with La Oliva returned from geonames.
2025-08-19 16:04:19,381 INFO 📄 Index 0 | Name: La Oliva | fcl: P, fcode: PPL | ADM1: Canary Islands, ADM2: Las Palmas, ADM3: Oliva, La, ADM4:  | Latitude: 28.61052, Longitude: -13.92912 | Score: 46.02, Population: 25884 | Fuzzy match: 19.047619047619047
2025-08-19 16:04:19,381 INFO Comparing database entry: fuerteventura with Puerto del Rosario returned from geonames.
2025-08-19 16:04:19,381 INFO 📄 Index 1 | Name: Puerto del Rosario | fcl: P, fcode: PPLA3 | ADM1: Canary Islands, ADM2: Las Palmas, ADM3: Puerto del Rosario, ADM4:  | Latitude: 28.50038, Longitude: -13.86272 | Score: 40.23, Population: 35667 | Fuzzy match: 38.70967741935484
2025-08-19 16:04:19,381 INFO Comparing database entry: fuerteventura with Corralejo returned from geonames.
2025-08-19 16:04:19,381 INFO 📄 Index 2 | Name: Corralejo | fcl: P, fcode: PPL | ADM1: Canary Islands, ADM2: Las Palmas, ADM3: Oliva, La, ADM4:  | Latitude: 28.73079, Longitude: -13.86749 | Score: 32.79, Population: 13618 | Fuzzy match: 27.27272727272727
2025-08-19 16:04:19,381 INFO Comparing database entry: fuerteventura with Antigua returned from geonames.
2025-08-19 16:04:19,381 INFO 📄 Index 3 | Name: Antigua | fcl: P, fcode: PPLA3 | ADM1: Canary Islands, ADM2: Las Palmas, ADM3: Antigua, ADM4:  | Latitude: 28.42307, Longitude: -14.01379 | Score: 32.79, Population: 10371 | Fuzzy match: 40.0
2025-08-19 16:04:19,529 INFO Comparing database entry: fuerteventura with La Oliva returned from geonames.
2025-08-19 16:04:19,529 INFO 📄 Index 0 | Name: La Oliva | fcl: P, fcode: PPL | ADM1: Canary Islands, ADM2: Las Palmas, ADM3: Oliva, La, ADM4:  | Latitude: 28.61052, Longitude: -13.92912 | Score: 46.02, Population: 25884 | Fuzzy match: 19.047619047619047
2025-08-19 16:04:19,529 INFO Comparing database entry: fuerteventura with Puerto del Rosario returned from geonames.
2025-08-19 16:04:19,529 INFO 📄 Index 1 | Name: Puerto del Rosario | fcl: P, fcode: PPLA3 | ADM1: Canary Islands, ADM2: Las Palmas, ADM3: Puerto del Rosario, ADM4:  | Latitude: 28.50038, Longitude: -13.86272 | Score: 40.23, Population: 35667 | Fuzzy match: 38.70967741935484
2025-08-19 16:04:19,529 INFO Comparing database entry: fuerteventura with Corralejo returned from geonames.
2025-08-19 16:04:19,529 INFO 📄 Index 2 | Name: Corralejo | fcl: P, fcode: PPL | ADM1: Canary Islands, ADM2: Las Palmas, ADM3: Oliva, La, ADM4:  | Latitude: 28.73079, Longitude: -13.86749 | Score: 32.79, Population: 13618 | Fuzzy match: 27.27272727272727
2025-08-19 16:04:19,530 INFO Comparing database entry: fuerteventura with Antigua returned from geonames.
2025-08-19 16:04:19,530 INFO 📄 Index 3 | Name: Antigua | fcl: P, fcode: PPLA3 | ADM1: Canary Islands, ADM2: Las Palmas, ADM3: Antigua, ADM4:  | Latitude: 28.42307, Longitude: -14.01379 | Score: 32.79, Population: 10371 | Fuzzy match: 40.0
2025-08-19 16:04:19,673 INFO Comparing database entry: fuerteventura with La Oliva returned from geonames.
2025-08-19 16:04:19,674 INFO 📄 Index 0 | Name: La Oliva | fcl: P, fcode: PPL | ADM1: Canary Islands, ADM2: Las Palmas, ADM3: Oliva, La, ADM4:  | Latitude: 28.61052, Longitude: -13.92912 | Score: 46.02, Population: 25884 | Fuzzy match: 19.047619047619047
2025-08-19 16:04:19,674 INFO Comparing database entry: fuerteventura with Puerto del Rosario returned from geonames.
2025-08-19 16:04:19,674 INFO 📄 Index 1 | Name: Puerto del Rosario | fcl: P, fcode: PPLA3 | ADM1: Canary Islands, ADM2: Las Palmas, ADM3: Puerto del Rosario, ADM4:  | Latitude: 28.50038, Longitude: -13.86272 | Score: 40.23, Population: 35667 | Fuzzy match: 38.70967741935484
2025-08-19 16:04:19,674 INFO Comparing database entry: fuerteventura with Corralejo returned from geonames.
2025-08-19 16:04:19,674 INFO 📄 Index 2 | Name: Corralejo | fcl: P, fcode: PPL | ADM1: Canary Islands, ADM2: Las Palmas, ADM3: Oliva, La, ADM4:  | Latitude: 28.73079, Longitude: -13.86749 | Score: 32.79, Population: 13618 | Fuzzy match: 27.27272727272727
2025-08-19 16:04:19,674 INFO Comparing database entry: fuerteventura with Antigua returned from geonames.
2025-08-19 16:04:19,674 INFO 📄 Index 3 | Name: Antigua | fcl: P, fcode: PPLA3 | ADM1: Canary Islands, ADM2: Las Palmas, ADM3: Antigua, ADM4:  | Latitude: 28.42307, Longitude: -14.01379 | Score: 32.79, Population: 10371 | Fuzzy match: 40.0
2025-08-19 16:04:19,674 WARNING ❌ No match found with fuzzy score > 80 for city: fuerteventura
2025-08-19 16:04:19,674 WARNING ❌ Lookup failed for city='fuerteventura', iso2='ES'
