2025-08-18 21:22:23,039 INFO 🗺️ Starting GeoNames lookup for city='galicia', country='spain'
2025-08-18 21:22:23,039 INFO 📍 Location is present in the following articles: [ObjectId('67fa621738fb90ab92f8c0ab')]
2025-08-18 21:22:23,272 INFO Comparing database entry: galicia with Santiago de Compostela returned from geonames.
2025-08-18 21:22:23,272 INFO 📄 Index 0 | Name: Santiago de Compostela | fcl: P, fcode: PPLA | ADM1: Galicia, ADM2: A Coruña, ADM3: Santiago de Compostela, ADM4:  | Latitude: 42.88052, Longitude: -8.54569 | Score: 98.37, Population: 97849 | Fuzzy match: 20.68965517241379
2025-08-18 21:22:23,272 INFO Comparing database entry: galicia with Vigo returned from geonames.
2025-08-18 21:22:23,272 INFO 📄 Index 1 | Name: Vigo | fcl: P, fcode: PPLA3 | ADM1: Galicia, ADM2: Pontevedra, ADM3: Vigo, ADM4:  | Latitude: 42.23282, Longitude: -8.72264 | Score: 88.19, Population: 297332 | Fuzzy match: 18.181818181818176
2025-08-18 21:22:23,272 INFO Comparing database entry: galicia with A Coruña returned from geonames.
2025-08-18 21:22:23,272 INFO 📄 Index 2 | Name: A Coruña | fcl: P, fcode: PPLA3 | ADM1: Galicia, ADM2: A Coruña, ADM3: A Coruña, ADM4:  | Latitude: 43.37135, Longitude: -8.396 | Score: 88.19, Population: 246056 | Fuzzy match: 40.0
2025-08-18 21:22:23,272 INFO Comparing database entry: galicia with Ourense returned from geonames.
2025-08-18 21:22:23,272 INFO 📄 Index 3 | Name: Ourense | fcl: P, fcode: PPLA2 | ADM1: Galicia, ADM2: Ourense, ADM3: Ourense, ADM4:  | Latitude: 42.33669, Longitude: -7.86407 | Score: 86.12, Population: 105233 | Fuzzy match: 0.0
2025-08-18 21:22:23,452 INFO Comparing database entry: galicia with Santiago de Compostela returned from geonames.
2025-08-18 21:22:23,453 INFO 📄 Index 0 | Name: Santiago de Compostela | fcl: P, fcode: PPLA | ADM1: Galicia, ADM2: A Coruña, ADM3: Santiago de Compostela, ADM4:  | Latitude: 42.88052, Longitude: -8.54569 | Score: 98.37, Population: 97849 | Fuzzy match: 20.68965517241379
2025-08-18 21:22:23,453 INFO Comparing database entry: galicia with Vigo returned from geonames.
2025-08-18 21:22:23,453 INFO 📄 Index 1 | Name: Vigo | fcl: P, fcode: PPLA3 | ADM1: Galicia, ADM2: Pontevedra, ADM3: Vigo, ADM4:  | Latitude: 42.23282, Longitude: -8.72264 | Score: 88.19, Population: 297332 | Fuzzy match: 18.181818181818176
2025-08-18 21:22:23,453 INFO Comparing database entry: galicia with A Coruña returned from geonames.
2025-08-18 21:22:23,453 INFO 📄 Index 2 | Name: A Coruña | fcl: P, fcode: PPLA3 | ADM1: Galicia, ADM2: A Coruña, ADM3: A Coruña, ADM4:  | Latitude: 43.37135, Longitude: -8.396 | Score: 88.19, Population: 246056 | Fuzzy match: 40.0
2025-08-18 21:22:23,453 INFO Comparing database entry: galicia with Ourense returned from geonames.
2025-08-18 21:22:23,453 INFO 📄 Index 3 | Name: Ourense | fcl: P, fcode: PPLA2 | ADM1: Galicia, ADM2: Ourense, ADM3: Ourense, ADM4:  | Latitude: 42.33669, Longitude: -7.86407 | Score: 86.12, Population: 105233 | Fuzzy match: 0.0
2025-08-18 21:22:23,625 INFO Comparing database entry: galicia with Santiago de Compostela returned from geonames.
2025-08-18 21:22:23,625 INFO 📄 Index 0 | Name: Santiago de Compostela | fcl: P, fcode: PPLA | ADM1: Galicia, ADM2: A Coruña, ADM3: Santiago de Compostela, ADM4:  | Latitude: 42.88052, Longitude: -8.54569 | Score: 98.37, Population: 97849 | Fuzzy match: 20.68965517241379
2025-08-18 21:22:23,626 INFO Comparing database entry: galicia with Vigo returned from geonames.
2025-08-18 21:22:23,626 INFO 📄 Index 1 | Name: Vigo | fcl: P, fcode: PPLA3 | ADM1: Galicia, ADM2: Pontevedra, ADM3: Vigo, ADM4:  | Latitude: 42.23282, Longitude: -8.72264 | Score: 88.19, Population: 297332 | Fuzzy match: 18.181818181818176
2025-08-18 21:22:23,626 INFO Comparing database entry: galicia with A Coruña returned from geonames.
2025-08-18 21:22:23,626 INFO 📄 Index 2 | Name: A Coruña | fcl: P, fcode: PPLA3 | ADM1: Galicia, ADM2: A Coruña, ADM3: A Coruña, ADM4:  | Latitude: 43.37135, Longitude: -8.396 | Score: 88.19, Population: 246056 | Fuzzy match: 40.0
2025-08-18 21:22:23,626 INFO Comparing database entry: galicia with Ourense returned from geonames.
2025-08-18 21:22:23,626 INFO 📄 Index 3 | Name: Ourense | fcl: P, fcode: PPLA2 | ADM1: Galicia, ADM2: Ourense, ADM3: Ourense, ADM4:  | Latitude: 42.33669, Longitude: -7.86407 | Score: 86.12, Population: 105233 | Fuzzy match: 0.0
2025-08-18 21:22:23,773 INFO Comparing database entry: galicia with Santiago de Compostela returned from geonames.
2025-08-18 21:22:23,774 INFO 📄 Index 0 | Name: Santiago de Compostela | fcl: P, fcode: PPLA | ADM1: Galicia, ADM2: A Coruña, ADM3: Santiago de Compostela, ADM4:  | Latitude: 42.88052, Longitude: -8.54569 | Score: 98.37, Population: 97849 | Fuzzy match: 20.68965517241379
2025-08-18 21:22:23,774 INFO Comparing database entry: galicia with Vigo returned from geonames.
2025-08-18 21:22:23,774 INFO 📄 Index 1 | Name: Vigo | fcl: P, fcode: PPLA3 | ADM1: Galicia, ADM2: Pontevedra, ADM3: Vigo, ADM4:  | Latitude: 42.23282, Longitude: -8.72264 | Score: 88.19, Population: 297332 | Fuzzy match: 18.181818181818176
2025-08-18 21:22:23,774 INFO Comparing database entry: galicia with A Coruña returned from geonames.
2025-08-18 21:22:23,774 INFO 📄 Index 2 | Name: A Coruña | fcl: P, fcode: PPLA3 | ADM1: Galicia, ADM2: A Coruña, ADM3: A Coruña, ADM4:  | Latitude: 43.37135, Longitude: -8.396 | Score: 88.19, Population: 246056 | Fuzzy match: 40.0
2025-08-18 21:22:23,774 INFO Comparing database entry: galicia with Ourense returned from geonames.
2025-08-18 21:22:23,774 INFO 📄 Index 3 | Name: Ourense | fcl: P, fcode: PPLA2 | ADM1: Galicia, ADM2: Ourense, ADM3: Ourense, ADM4:  | Latitude: 42.33669, Longitude: -7.86407 | Score: 86.12, Population: 105233 | Fuzzy match: 0.0
2025-08-18 21:22:23,945 INFO Comparing database entry: galicia with Santiago de Compostela returned from geonames.
2025-08-18 21:22:23,945 INFO 📄 Index 0 | Name: Santiago de Compostela | fcl: P, fcode: PPLA | ADM1: Galicia, ADM2: A Coruña, ADM3: Santiago de Compostela, ADM4:  | Latitude: 42.88052, Longitude: -8.54569 | Score: 98.37, Population: 97849 | Fuzzy match: 20.68965517241379
2025-08-18 21:22:23,946 INFO Comparing database entry: galicia with Vigo returned from geonames.
2025-08-18 21:22:23,946 INFO 📄 Index 1 | Name: Vigo | fcl: P, fcode: PPLA3 | ADM1: Galicia, ADM2: Pontevedra, ADM3: Vigo, ADM4:  | Latitude: 42.23282, Longitude: -8.72264 | Score: 88.19, Population: 297332 | Fuzzy match: 18.181818181818176
2025-08-18 21:22:23,946 INFO Comparing database entry: galicia with A Coruña returned from geonames.
2025-08-18 21:22:23,946 INFO 📄 Index 2 | Name: A Coruña | fcl: P, fcode: PPLA3 | ADM1: Galicia, ADM2: A Coruña, ADM3: A Coruña, ADM4:  | Latitude: 43.37135, Longitude: -8.396 | Score: 88.19, Population: 246056 | Fuzzy match: 40.0
2025-08-18 21:22:23,946 INFO Comparing database entry: galicia with Ourense returned from geonames.
2025-08-18 21:22:23,946 INFO 📄 Index 3 | Name: Ourense | fcl: P, fcode: PPLA2 | ADM1: Galicia, ADM2: Ourense, ADM3: Ourense, ADM4:  | Latitude: 42.33669, Longitude: -7.86407 | Score: 86.12, Population: 105233 | Fuzzy match: 0.0
2025-08-18 21:22:24,117 INFO Comparing database entry: galicia with Santiago de Compostela returned from geonames.
2025-08-18 21:22:24,117 INFO 📄 Index 0 | Name: Santiago de Compostela | fcl: P, fcode: PPLA | ADM1: Galicia, ADM2: A Coruña, ADM3: Santiago de Compostela, ADM4:  | Latitude: 42.88052, Longitude: -8.54569 | Score: 98.37, Population: 97849 | Fuzzy match: 20.68965517241379
2025-08-18 21:22:24,117 INFO Comparing database entry: galicia with Vigo returned from geonames.
2025-08-18 21:22:24,117 INFO 📄 Index 1 | Name: Vigo | fcl: P, fcode: PPLA3 | ADM1: Galicia, ADM2: Pontevedra, ADM3: Vigo, ADM4:  | Latitude: 42.23282, Longitude: -8.72264 | Score: 88.19, Population: 297332 | Fuzzy match: 18.181818181818176
2025-08-18 21:22:24,117 INFO Comparing database entry: galicia with A Coruña returned from geonames.
2025-08-18 21:22:24,117 INFO 📄 Index 2 | Name: A Coruña | fcl: P, fcode: PPLA3 | ADM1: Galicia, ADM2: A Coruña, ADM3: A Coruña, ADM4:  | Latitude: 43.37135, Longitude: -8.396 | Score: 88.19, Population: 246056 | Fuzzy match: 40.0
2025-08-18 21:22:24,117 INFO Comparing database entry: galicia with Ourense returned from geonames.
2025-08-18 21:22:24,117 INFO 📄 Index 3 | Name: Ourense | fcl: P, fcode: PPLA2 | ADM1: Galicia, ADM2: Ourense, ADM3: Ourense, ADM4:  | Latitude: 42.33669, Longitude: -7.86407 | Score: 86.12, Population: 105233 | Fuzzy match: 0.0
2025-08-18 21:22:24,117 WARNING ❌ No match found with fuzzy score > 80 for city: galicia
2025-08-18 21:22:24,117 WARNING ❌ Lookup failed for city='galicia', iso2='ES'
