2025-08-19 16:04:21,757 INFO 🗺️ Starting GeoNames lookup for city='lanzarote', country='spain'
2025-08-19 16:04:21,757 INFO 📍 Location is present in the following articles: [ObjectId('67fa8916eaa4fb525afedbfb')]
2025-08-19 16:04:21,908 INFO Comparing database entry: lanzarote with Arrecife returned from geonames.
2025-08-19 16:04:21,908 INFO 📄 Index 0 | Name: Arrecife | fcl: P, fcode: PPLA3 | ADM1: Canary Islands, ADM2: Las Palmas, ADM3: Arrecife, ADM4:  | Latitude: 28.96302, Longitude: -13.54769 | Score: 39.29, Population: 59127 | Fuzzy match: 35.29411764705882
2025-08-19 16:04:21,908 INFO Comparing database entry: lanzarote with Yaiza returned from geonames.
2025-08-19 16:04:21,908 INFO 📄 Index 1 | Name: Yaiza | fcl: P, fcode: PPLA3 | ADM1: Canary Islands, ADM2: Las Palmas, ADM3: Yaiza, ADM4:  | Latitude: 28.95678, Longitude: -13.76535 | Score: 33.47, Population: 8777 | Fuzzy match: 42.85714285714286
2025-08-19 16:04:21,908 INFO Comparing database entry: lanzarote with Puerto del Carmen returned from geonames.
2025-08-19 16:04:21,908 INFO 📄 Index 2 | Name: Puerto del Carmen | fcl: P, fcode: PPL | ADM1: Canary Islands, ADM2: Las Palmas, ADM3: Tías, ADM4:  | Latitude: 28.92313, Longitude: -13.66579 | Score: 32.92, Population: 30000 | Fuzzy match: 30.76923076923077
2025-08-19 16:04:21,908 INFO Comparing database entry: lanzarote with Tinajo returned from geonames.
2025-08-19 16:04:21,908 INFO 📄 Index 3 | Name: Tinajo | fcl: P, fcode: PPLA3 | ADM1: Canary Islands, ADM2: Las Palmas, ADM3: Tinajo, ADM4:  | Latitude: 29.06326, Longitude: -13.67647 | Score: 27.10, Population: 5228 | Fuzzy match: 40.0
2025-08-19 16:04:22,063 INFO Comparing database entry: lanzarote with Arrecife returned from geonames.
2025-08-19 16:04:22,064 INFO 📄 Index 0 | Name: Arrecife | fcl: P, fcode: PPLA3 | ADM1: Canary Islands, ADM2: Las Palmas, ADM3: Arrecife, ADM4:  | Latitude: 28.96302, Longitude: -13.54769 | Score: 39.29, Population: 59127 | Fuzzy match: 35.29411764705882
2025-08-19 16:04:22,064 INFO Comparing database entry: lanzarote with Yaiza returned from geonames.
2025-08-19 16:04:22,064 INFO 📄 Index 1 | Name: Yaiza | fcl: P, fcode: PPLA3 | ADM1: Canary Islands, ADM2: Las Palmas, ADM3: Yaiza, ADM4:  | Latitude: 28.95678, Longitude: -13.76535 | Score: 33.47, Population: 8777 | Fuzzy match: 42.85714285714286
2025-08-19 16:04:22,064 INFO Comparing database entry: lanzarote with Puerto del Carmen returned from geonames.
2025-08-19 16:04:22,064 INFO 📄 Index 2 | Name: Puerto del Carmen | fcl: P, fcode: PPL | ADM1: Canary Islands, ADM2: Las Palmas, ADM3: Tías, ADM4:  | Latitude: 28.92313, Longitude: -13.66579 | Score: 32.92, Population: 30000 | Fuzzy match: 30.76923076923077
2025-08-19 16:04:22,064 INFO Comparing database entry: lanzarote with Tinajo returned from geonames.
2025-08-19 16:04:22,064 INFO 📄 Index 3 | Name: Tinajo | fcl: P, fcode: PPLA3 | ADM1: Canary Islands, ADM2: Las Palmas, ADM3: Tinajo, ADM4:  | Latitude: 29.06326, Longitude: -13.67647 | Score: 27.10, Population: 5228 | Fuzzy match: 40.0
2025-08-19 16:04:22,206 INFO Comparing database entry: lanzarote with Arrecife returned from geonames.
2025-08-19 16:04:22,206 INFO 📄 Index 0 | Name: Arrecife | fcl: P, fcode: PPLA3 | ADM1: Canary Islands, ADM2: Las Palmas, ADM3: Arrecife, ADM4:  | Latitude: 28.96302, Longitude: -13.54769 | Score: 39.29, Population: 59127 | Fuzzy match: 35.29411764705882
2025-08-19 16:04:22,206 INFO Comparing database entry: lanzarote with Yaiza returned from geonames.
2025-08-19 16:04:22,206 INFO 📄 Index 1 | Name: Yaiza | fcl: P, fcode: PPLA3 | ADM1: Canary Islands, ADM2: Las Palmas, ADM3: Yaiza, ADM4:  | Latitude: 28.95678, Longitude: -13.76535 | Score: 33.47, Population: 8777 | Fuzzy match: 42.85714285714286
2025-08-19 16:04:22,206 INFO Comparing database entry: lanzarote with Puerto del Carmen returned from geonames.
2025-08-19 16:04:22,207 INFO 📄 Index 2 | Name: Puerto del Carmen | fcl: P, fcode: PPL | ADM1: Canary Islands, ADM2: Las Palmas, ADM3: Tías, ADM4:  | Latitude: 28.92313, Longitude: -13.66579 | Score: 32.92, Population: 30000 | Fuzzy match: 30.76923076923077
2025-08-19 16:04:22,207 INFO Comparing database entry: lanzarote with Tinajo returned from geonames.
2025-08-19 16:04:22,207 INFO 📄 Index 3 | Name: Tinajo | fcl: P, fcode: PPLA3 | ADM1: Canary Islands, ADM2: Las Palmas, ADM3: Tinajo, ADM4:  | Latitude: 29.06326, Longitude: -13.67647 | Score: 27.10, Population: 5228 | Fuzzy match: 40.0
2025-08-19 16:04:22,342 INFO Comparing database entry: lanzarote with Arrecife returned from geonames.
2025-08-19 16:04:22,342 INFO 📄 Index 0 | Name: Arrecife | fcl: P, fcode: PPLA3 | ADM1: Canary Islands, ADM2: Las Palmas, ADM3: Arrecife, ADM4:  | Latitude: 28.96302, Longitude: -13.54769 | Score: 39.29, Population: 59127 | Fuzzy match: 35.29411764705882
2025-08-19 16:04:22,342 INFO Comparing database entry: lanzarote with Yaiza returned from geonames.
2025-08-19 16:04:22,342 INFO 📄 Index 1 | Name: Yaiza | fcl: P, fcode: PPLA3 | ADM1: Canary Islands, ADM2: Las Palmas, ADM3: Yaiza, ADM4:  | Latitude: 28.95678, Longitude: -13.76535 | Score: 33.47, Population: 8777 | Fuzzy match: 42.85714285714286
2025-08-19 16:04:22,342 INFO Comparing database entry: lanzarote with Puerto del Carmen returned from geonames.
2025-08-19 16:04:22,342 INFO 📄 Index 2 | Name: Puerto del Carmen | fcl: P, fcode: PPL | ADM1: Canary Islands, ADM2: Las Palmas, ADM3: Tías, ADM4:  | Latitude: 28.92313, Longitude: -13.66579 | Score: 32.92, Population: 30000 | Fuzzy match: 30.76923076923077
2025-08-19 16:04:22,342 INFO Comparing database entry: lanzarote with Tinajo returned from geonames.
2025-08-19 16:04:22,342 INFO 📄 Index 3 | Name: Tinajo | fcl: P, fcode: PPLA3 | ADM1: Canary Islands, ADM2: Las Palmas, ADM3: Tinajo, ADM4:  | Latitude: 29.06326, Longitude: -13.67647 | Score: 27.10, Population: 5228 | Fuzzy match: 40.0
2025-08-19 16:04:22,471 INFO Comparing database entry: lanzarote with Arrecife returned from geonames.
2025-08-19 16:04:22,471 INFO 📄 Index 0 | Name: Arrecife | fcl: P, fcode: PPLA3 | ADM1: Canary Islands, ADM2: Las Palmas, ADM3: Arrecife, ADM4:  | Latitude: 28.96302, Longitude: -13.54769 | Score: 39.29, Population: 59127 | Fuzzy match: 35.29411764705882
2025-08-19 16:04:22,471 INFO Comparing database entry: lanzarote with Yaiza returned from geonames.
2025-08-19 16:04:22,471 INFO 📄 Index 1 | Name: Yaiza | fcl: P, fcode: PPLA3 | ADM1: Canary Islands, ADM2: Las Palmas, ADM3: Yaiza, ADM4:  | Latitude: 28.95678, Longitude: -13.76535 | Score: 33.47, Population: 8777 | Fuzzy match: 42.85714285714286
2025-08-19 16:04:22,471 INFO Comparing database entry: lanzarote with Puerto del Carmen returned from geonames.
2025-08-19 16:04:22,471 INFO 📄 Index 2 | Name: Puerto del Carmen | fcl: P, fcode: PPL | ADM1: Canary Islands, ADM2: Las Palmas, ADM3: Tías, ADM4:  | Latitude: 28.92313, Longitude: -13.66579 | Score: 32.92, Population: 30000 | Fuzzy match: 30.76923076923077
2025-08-19 16:04:22,471 INFO Comparing database entry: lanzarote with Tinajo returned from geonames.
2025-08-19 16:04:22,471 INFO 📄 Index 3 | Name: Tinajo | fcl: P, fcode: PPLA3 | ADM1: Canary Islands, ADM2: Las Palmas, ADM3: Tinajo, ADM4:  | Latitude: 29.06326, Longitude: -13.67647 | Score: 27.10, Population: 5228 | Fuzzy match: 40.0
2025-08-19 16:04:22,625 INFO Comparing database entry: lanzarote with Arrecife returned from geonames.
2025-08-19 16:04:22,626 INFO 📄 Index 0 | Name: Arrecife | fcl: P, fcode: PPLA3 | ADM1: Canary Islands, ADM2: Las Palmas, ADM3: Arrecife, ADM4:  | Latitude: 28.96302, Longitude: -13.54769 | Score: 39.29, Population: 59127 | Fuzzy match: 35.29411764705882
2025-08-19 16:04:22,626 INFO Comparing database entry: lanzarote with Yaiza returned from geonames.
2025-08-19 16:04:22,626 INFO 📄 Index 1 | Name: Yaiza | fcl: P, fcode: PPLA3 | ADM1: Canary Islands, ADM2: Las Palmas, ADM3: Yaiza, ADM4:  | Latitude: 28.95678, Longitude: -13.76535 | Score: 33.47, Population: 8777 | Fuzzy match: 42.85714285714286
2025-08-19 16:04:22,626 INFO Comparing database entry: lanzarote with Puerto del Carmen returned from geonames.
2025-08-19 16:04:22,626 INFO 📄 Index 2 | Name: Puerto del Carmen | fcl: P, fcode: PPL | ADM1: Canary Islands, ADM2: Las Palmas, ADM3: Tías, ADM4:  | Latitude: 28.92313, Longitude: -13.66579 | Score: 32.92, Population: 30000 | Fuzzy match: 30.76923076923077
2025-08-19 16:04:22,626 INFO Comparing database entry: lanzarote with Tinajo returned from geonames.
2025-08-19 16:04:22,626 INFO 📄 Index 3 | Name: Tinajo | fcl: P, fcode: PPLA3 | ADM1: Canary Islands, ADM2: Las Palmas, ADM3: Tinajo, ADM4:  | Latitude: 29.06326, Longitude: -13.67647 | Score: 27.10, Population: 5228 | Fuzzy match: 40.0
2025-08-19 16:04:22,626 WARNING ❌ No match found with fuzzy score > 80 for city: lanzarote
2025-08-19 16:04:22,627 WARNING ❌ Lookup failed for city='lanzarote', iso2='ES'
