2025-08-19 17:04:29,915 INFO 🗺️ Starting GeoNames lookup for city='navarra pamplona', country='spain'
2025-08-19 17:04:29,915 INFO 📍 Location is present in the following articles: [ObjectId('68a350d855f8a4c6a03cb127')]
2025-08-19 17:04:30,061 INFO Comparing database entry: navarra pamplona with Pamplona returned from geonames.
2025-08-19 17:04:30,061 INFO 📄 Index 0 | Name: Pamplona | fcl: P, fcode: PPLA | ADM1: Navarre, ADM2: Navarre, ADM3: Pamplona, ADM4:  | Latitude: 42.81687, Longitude: -1.64323 | Score: 133.15, Population: 209672 | Fuzzy match: 66.66666666666667
2025-08-19 17:04:30,061 INFO Comparing database entry: navarra pamplona with Salinas de Pamplona returned from geonames.
2025-08-19 17:04:30,061 INFO 📄 Index 1 | Name: Salinas de Pamplona | fcl: P, fcode: PPL | ADM1: Navarre, ADM2: Navarre, ADM3: Galar, ADM4:  | Latitude: 42.75342, Longitude: -1.65024 | Score: 31.14, Population: 0 | Fuzzy match: 51.42857142857142
2025-08-19 17:04:30,061 INFO Comparing database entry: navarra pamplona with Pamplona returned from geonames.
2025-08-19 17:04:30,061 INFO 📄 Index 2 | Name: Pamplona | fcl: A, fcode: ADM3 | ADM1: Navarre, ADM2: Navarre, ADM3: Pamplona, ADM4:  | Latitude: 42.81276, Longitude: -1.64432 | Score: 27.32, Population: 197604 | Fuzzy match: 66.66666666666667
2025-08-19 17:04:30,061 INFO Comparing database entry: navarra pamplona with Partido Judicial de Pamplona returned from geonames.
2025-08-19 17:04:30,061 INFO 📄 Index 3 | Name: Partido Judicial de Pamplona | fcl: A, fcode: ADMD | ADM1: Navarre, ADM2: Navarre, ADM3: Basaburua, ADM4:  | Latitude: 42.96667, Longitude: -1.75 | Score: 25.22, Population: 0 | Fuzzy match: 45.45454545454546
2025-08-19 17:04:30,207 INFO Comparing database entry: navarra pamplona with Pamplona returned from geonames.
2025-08-19 17:04:30,207 INFO 📄 Index 0 | Name: Pamplona | fcl: P, fcode: PPLA | ADM1: Navarre, ADM2: Navarre, ADM3: Pamplona, ADM4:  | Latitude: 42.81687, Longitude: -1.64323 | Score: 133.15, Population: 209672 | Fuzzy match: 66.66666666666667
2025-08-19 17:04:30,207 INFO Comparing database entry: navarra pamplona with Salinas de Pamplona returned from geonames.
2025-08-19 17:04:30,207 INFO 📄 Index 1 | Name: Salinas de Pamplona | fcl: P, fcode: PPL | ADM1: Navarre, ADM2: Navarre, ADM3: Galar, ADM4:  | Latitude: 42.75342, Longitude: -1.65024 | Score: 31.14, Population: 0 | Fuzzy match: 51.42857142857142
2025-08-19 17:04:30,207 INFO Comparing database entry: navarra pamplona with Pamplona returned from geonames.
2025-08-19 17:04:30,207 INFO 📄 Index 2 | Name: Pamplona | fcl: A, fcode: ADM3 | ADM1: Navarre, ADM2: Navarre, ADM3: Pamplona, ADM4:  | Latitude: 42.81276, Longitude: -1.64432 | Score: 27.32, Population: 197604 | Fuzzy match: 66.66666666666667
2025-08-19 17:04:30,207 INFO Comparing database entry: navarra pamplona with Partido Judicial de Pamplona returned from geonames.
2025-08-19 17:04:30,208 INFO 📄 Index 3 | Name: Partido Judicial de Pamplona | fcl: A, fcode: ADMD | ADM1: Navarre, ADM2: Navarre, ADM3: Basaburua, ADM4:  | Latitude: 42.96667, Longitude: -1.75 | Score: 25.22, Population: 0 | Fuzzy match: 45.45454545454546
2025-08-19 17:04:30,376 INFO Comparing database entry: navarra pamplona with Pamplona returned from geonames.
2025-08-19 17:04:30,376 INFO 📄 Index 0 | Name: Pamplona | fcl: P, fcode: PPLA | ADM1: Navarre, ADM2: Navarre, ADM3: Pamplona, ADM4:  | Latitude: 42.81687, Longitude: -1.64323 | Score: 133.15, Population: 209672 | Fuzzy match: 66.66666666666667
2025-08-19 17:04:30,376 INFO Comparing database entry: navarra pamplona with Salinas de Pamplona returned from geonames.
2025-08-19 17:04:30,376 INFO 📄 Index 1 | Name: Salinas de Pamplona | fcl: P, fcode: PPL | ADM1: Navarre, ADM2: Navarre, ADM3: Galar, ADM4:  | Latitude: 42.75342, Longitude: -1.65024 | Score: 31.14, Population: 0 | Fuzzy match: 51.42857142857142
2025-08-19 17:04:30,376 INFO Comparing database entry: navarra pamplona with Pamplona returned from geonames.
2025-08-19 17:04:30,376 INFO 📄 Index 2 | Name: Pamplona | fcl: A, fcode: ADM3 | ADM1: Navarre, ADM2: Navarre, ADM3: Pamplona, ADM4:  | Latitude: 42.81276, Longitude: -1.64432 | Score: 27.32, Population: 197604 | Fuzzy match: 66.66666666666667
2025-08-19 17:04:30,377 INFO Comparing database entry: navarra pamplona with Partido Judicial de Pamplona returned from geonames.
2025-08-19 17:04:30,377 INFO 📄 Index 3 | Name: Partido Judicial de Pamplona | fcl: A, fcode: ADMD | ADM1: Navarre, ADM2: Navarre, ADM3: Basaburua, ADM4:  | Latitude: 42.96667, Longitude: -1.75 | Score: 25.22, Population: 0 | Fuzzy match: 45.45454545454546
2025-08-19 17:04:30,531 INFO Comparing database entry: navarra pamplona with Pamplona returned from geonames.
2025-08-19 17:04:30,531 INFO 📄 Index 0 | Name: Pamplona | fcl: P, fcode: PPLA | ADM1: Navarre, ADM2: Navarre, ADM3: Pamplona, ADM4:  | Latitude: 42.81687, Longitude: -1.64323 | Score: 133.15, Population: 209672 | Fuzzy match: 66.66666666666667
2025-08-19 17:04:30,531 INFO Comparing database entry: navarra pamplona with Salinas de Pamplona returned from geonames.
2025-08-19 17:04:30,531 INFO 📄 Index 1 | Name: Salinas de Pamplona | fcl: P, fcode: PPL | ADM1: Navarre, ADM2: Navarre, ADM3: Galar, ADM4:  | Latitude: 42.75342, Longitude: -1.65024 | Score: 31.14, Population: 0 | Fuzzy match: 51.42857142857142
2025-08-19 17:04:30,531 INFO Comparing database entry: navarra pamplona with Pamplona returned from geonames.
2025-08-19 17:04:30,531 INFO 📄 Index 2 | Name: Pamplona | fcl: A, fcode: ADM3 | ADM1: Navarre, ADM2: Navarre, ADM3: Pamplona, ADM4:  | Latitude: 42.81276, Longitude: -1.64432 | Score: 27.32, Population: 197604 | Fuzzy match: 66.66666666666667
2025-08-19 17:04:30,531 INFO Comparing database entry: navarra pamplona with Partido Judicial de Pamplona returned from geonames.
2025-08-19 17:04:30,531 INFO 📄 Index 3 | Name: Partido Judicial de Pamplona | fcl: A, fcode: ADMD | ADM1: Navarre, ADM2: Navarre, ADM3: Basaburua, ADM4:  | Latitude: 42.96667, Longitude: -1.75 | Score: 25.22, Population: 0 | Fuzzy match: 45.45454545454546
2025-08-19 17:04:30,705 INFO Comparing database entry: navarra pamplona with Pamplona returned from geonames.
2025-08-19 17:04:30,705 INFO 📄 Index 0 | Name: Pamplona | fcl: P, fcode: PPLA | ADM1: Navarre, ADM2: Navarre, ADM3: Pamplona, ADM4:  | Latitude: 42.81687, Longitude: -1.64323 | Score: 133.15, Population: 209672 | Fuzzy match: 66.66666666666667
2025-08-19 17:04:30,705 INFO Comparing database entry: navarra pamplona with Salinas de Pamplona returned from geonames.
2025-08-19 17:04:30,705 INFO 📄 Index 1 | Name: Salinas de Pamplona | fcl: P, fcode: PPL | ADM1: Navarre, ADM2: Navarre, ADM3: Galar, ADM4:  | Latitude: 42.75342, Longitude: -1.65024 | Score: 31.14, Population: 0 | Fuzzy match: 51.42857142857142
2025-08-19 17:04:30,706 INFO Comparing database entry: navarra pamplona with Pamplona returned from geonames.
2025-08-19 17:04:30,706 INFO 📄 Index 2 | Name: Pamplona | fcl: A, fcode: ADM3 | ADM1: Navarre, ADM2: Navarre, ADM3: Pamplona, ADM4:  | Latitude: 42.81276, Longitude: -1.64432 | Score: 27.32, Population: 197604 | Fuzzy match: 66.66666666666667
2025-08-19 17:04:30,706 INFO Comparing database entry: navarra pamplona with Partido Judicial de Pamplona returned from geonames.
2025-08-19 17:04:30,706 INFO 📄 Index 3 | Name: Partido Judicial de Pamplona | fcl: A, fcode: ADMD | ADM1: Navarre, ADM2: Navarre, ADM3: Basaburua, ADM4:  | Latitude: 42.96667, Longitude: -1.75 | Score: 25.22, Population: 0 | Fuzzy match: 45.45454545454546
2025-08-19 17:04:30,856 INFO Comparing database entry: navarra pamplona with Pamplona returned from geonames.
2025-08-19 17:04:30,857 INFO 📄 Index 0 | Name: Pamplona | fcl: P, fcode: PPLA | ADM1: Navarre, ADM2: Navarre, ADM3: Pamplona, ADM4:  | Latitude: 42.81687, Longitude: -1.64323 | Score: 133.15, Population: 209672 | Fuzzy match: 66.66666666666667
2025-08-19 17:04:30,857 INFO Comparing database entry: navarra pamplona with Salinas de Pamplona returned from geonames.
2025-08-19 17:04:30,857 INFO 📄 Index 1 | Name: Salinas de Pamplona | fcl: P, fcode: PPL | ADM1: Navarre, ADM2: Navarre, ADM3: Galar, ADM4:  | Latitude: 42.75342, Longitude: -1.65024 | Score: 31.14, Population: 0 | Fuzzy match: 51.42857142857142
2025-08-19 17:04:30,857 INFO Comparing database entry: navarra pamplona with Pamplona returned from geonames.
2025-08-19 17:04:30,857 INFO 📄 Index 2 | Name: Pamplona | fcl: A, fcode: ADM3 | ADM1: Navarre, ADM2: Navarre, ADM3: Pamplona, ADM4:  | Latitude: 42.81276, Longitude: -1.64432 | Score: 27.32, Population: 197604 | Fuzzy match: 66.66666666666667
2025-08-19 17:04:30,857 INFO Comparing database entry: navarra pamplona with Partido Judicial de Pamplona returned from geonames.
2025-08-19 17:04:30,857 INFO 📄 Index 3 | Name: Partido Judicial de Pamplona | fcl: A, fcode: ADMD | ADM1: Navarre, ADM2: Navarre, ADM3: Basaburua, ADM4:  | Latitude: 42.96667, Longitude: -1.75 | Score: 25.22, Population: 0 | Fuzzy match: 45.45454545454546
2025-08-19 17:04:30,857 WARNING ❌ No match found with fuzzy score > 80 for city: navarra pamplona
2025-08-19 17:04:30,858 WARNING ❌ Lookup failed for city='navarra_pamplona', iso2='ES'
