2025-08-16 12:16:02,762 INFO 🗺️ Starting GeoNames lookup for city='southern spain', country='spain'
2025-08-16 12:16:02,762 INFO 📍 Location is present in the following articles: [ObjectId('67fa84a0eaa4fb525afec964'), ObjectId('67fa8b4ceaa4fb525afee52b')]
2025-08-16 12:16:02,942 INFO Comparing database entry: southern spain with Spain returned from geonames.
2025-08-16 12:16:02,943 INFO 📄 Index 0 | Name: Spain | fcl: A, fcode: PCLI | ADM1: , ADM2: , ADM3: , ADM4:  | Score: 205.87, Population: 46723749 | Fuzzy match: 52.63157894736843
2025-08-16 12:16:02,943 INFO Comparing database entry: southern spain with Madrid returned from geonames.
2025-08-16 12:16:02,943 INFO 📄 Index 1 | Name: Madrid | fcl: P, fcode: PPLC | ADM1: Madrid, ADM2: Madrid, ADM3: Madrid, ADM4:  | Score: 190.93, Population: 3255944 | Fuzzy match: 19.999999999999996
2025-08-16 12:16:02,943 INFO Comparing database entry: southern spain with Seville returned from geonames.
2025-08-16 12:16:02,943 INFO 📄 Index 2 | Name: Seville | fcl: P, fcode: PPLA | ADM1: Andalusia, ADM2: Seville, ADM3: Seville, ADM4:  | Score: 130.16, Population: 684234 | Fuzzy match: 28.57142857142857
2025-08-16 12:16:02,943 INFO Comparing database entry: southern spain with Zaragoza returned from geonames.
2025-08-16 12:16:02,943 INFO 📄 Index 3 | Name: Zaragoza | fcl: P, fcode: PPLA | ADM1: Aragon, ADM2: Saragossa, ADM3: Zaragoza Municipality, ADM4:  | Score: 130.16, Population: 675301 | Fuzzy match: 18.181818181818176
2025-08-16 12:16:03,133 INFO Comparing database entry: southern spain with Spain returned from geonames.
2025-08-16 12:16:03,133 INFO 📄 Index 0 | Name: Spain | fcl: A, fcode: PCLI | ADM1: , ADM2: , ADM3: , ADM4:  | Score: 205.87, Population: 46723749 | Fuzzy match: 52.63157894736843
2025-08-16 12:16:03,133 INFO Comparing database entry: southern spain with Madrid returned from geonames.
2025-08-16 12:16:03,134 INFO 📄 Index 1 | Name: Madrid | fcl: P, fcode: PPLC | ADM1: Madrid, ADM2: Madrid, ADM3: Madrid, ADM4:  | Score: 190.93, Population: 3255944 | Fuzzy match: 19.999999999999996
2025-08-16 12:16:03,134 INFO Comparing database entry: southern spain with Seville returned from geonames.
2025-08-16 12:16:03,134 INFO 📄 Index 2 | Name: Seville | fcl: P, fcode: PPLA | ADM1: Andalusia, ADM2: Seville, ADM3: Seville, ADM4:  | Score: 130.16, Population: 684234 | Fuzzy match: 28.57142857142857
2025-08-16 12:16:03,134 INFO Comparing database entry: southern spain with Zaragoza returned from geonames.
2025-08-16 12:16:03,134 INFO 📄 Index 3 | Name: Zaragoza | fcl: P, fcode: PPLA | ADM1: Aragon, ADM2: Saragossa, ADM3: Zaragoza Municipality, ADM4:  | Score: 130.16, Population: 675301 | Fuzzy match: 18.181818181818176
2025-08-16 12:16:03,311 INFO Comparing database entry: southern spain with Spain returned from geonames.
2025-08-16 12:16:03,311 INFO 📄 Index 0 | Name: Spain | fcl: A, fcode: PCLI | ADM1: , ADM2: , ADM3: , ADM4:  | Score: 205.87, Population: 46723749 | Fuzzy match: 52.63157894736843
2025-08-16 12:16:03,311 INFO Comparing database entry: southern spain with Madrid returned from geonames.
2025-08-16 12:16:03,311 INFO 📄 Index 1 | Name: Madrid | fcl: P, fcode: PPLC | ADM1: Madrid, ADM2: Madrid, ADM3: Madrid, ADM4:  | Score: 190.93, Population: 3255944 | Fuzzy match: 19.999999999999996
2025-08-16 12:16:03,311 INFO Comparing database entry: southern spain with Seville returned from geonames.
2025-08-16 12:16:03,311 INFO 📄 Index 2 | Name: Seville | fcl: P, fcode: PPLA | ADM1: Andalusia, ADM2: Seville, ADM3: Seville, ADM4:  | Score: 130.16, Population: 684234 | Fuzzy match: 28.57142857142857
2025-08-16 12:16:03,312 INFO Comparing database entry: southern spain with Zaragoza returned from geonames.
2025-08-16 12:16:03,312 INFO 📄 Index 3 | Name: Zaragoza | fcl: P, fcode: PPLA | ADM1: Aragon, ADM2: Saragossa, ADM3: Zaragoza Municipality, ADM4:  | Score: 130.16, Population: 675301 | Fuzzy match: 18.181818181818176
2025-08-16 12:16:03,489 INFO Comparing database entry: southern spain with Spain returned from geonames.
2025-08-16 12:16:03,489 INFO 📄 Index 0 | Name: Spain | fcl: A, fcode: PCLI | ADM1: , ADM2: , ADM3: , ADM4:  | Score: 205.87, Population: 46723749 | Fuzzy match: 52.63157894736843
2025-08-16 12:16:03,490 INFO Comparing database entry: southern spain with Madrid returned from geonames.
2025-08-16 12:16:03,490 INFO 📄 Index 1 | Name: Madrid | fcl: P, fcode: PPLC | ADM1: Madrid, ADM2: Madrid, ADM3: Madrid, ADM4:  | Score: 190.93, Population: 3255944 | Fuzzy match: 19.999999999999996
2025-08-16 12:16:03,490 INFO Comparing database entry: southern spain with Seville returned from geonames.
2025-08-16 12:16:03,490 INFO 📄 Index 2 | Name: Seville | fcl: P, fcode: PPLA | ADM1: Andalusia, ADM2: Seville, ADM3: Seville, ADM4:  | Score: 130.16, Population: 684234 | Fuzzy match: 28.57142857142857
2025-08-16 12:16:03,490 INFO Comparing database entry: southern spain with Zaragoza returned from geonames.
2025-08-16 12:16:03,490 INFO 📄 Index 3 | Name: Zaragoza | fcl: P, fcode: PPLA | ADM1: Aragon, ADM2: Saragossa, ADM3: Zaragoza Municipality, ADM4:  | Score: 130.16, Population: 675301 | Fuzzy match: 18.181818181818176
2025-08-16 12:16:03,710 INFO Comparing database entry: southern spain with Spain returned from geonames.
2025-08-16 12:16:03,711 INFO 📄 Index 0 | Name: Spain | fcl: A, fcode: PCLI | ADM1: , ADM2: , ADM3: , ADM4:  | Score: 205.87, Population: 46723749 | Fuzzy match: 52.63157894736843
2025-08-16 12:16:03,711 INFO Comparing database entry: southern spain with Madrid returned from geonames.
2025-08-16 12:16:03,711 INFO 📄 Index 1 | Name: Madrid | fcl: P, fcode: PPLC | ADM1: Madrid, ADM2: Madrid, ADM3: Madrid, ADM4:  | Score: 190.93, Population: 3255944 | Fuzzy match: 19.999999999999996
2025-08-16 12:16:03,711 INFO Comparing database entry: southern spain with Seville returned from geonames.
2025-08-16 12:16:03,711 INFO 📄 Index 2 | Name: Seville | fcl: P, fcode: PPLA | ADM1: Andalusia, ADM2: Seville, ADM3: Seville, ADM4:  | Score: 130.16, Population: 684234 | Fuzzy match: 28.57142857142857
2025-08-16 12:16:03,711 INFO Comparing database entry: southern spain with Zaragoza returned from geonames.
2025-08-16 12:16:03,711 INFO 📄 Index 3 | Name: Zaragoza | fcl: P, fcode: PPLA | ADM1: Aragon, ADM2: Saragossa, ADM3: Zaragoza Municipality, ADM4:  | Score: 130.16, Population: 675301 | Fuzzy match: 18.181818181818176
2025-08-16 12:16:03,965 INFO Comparing database entry: southern spain with Spain returned from geonames.
2025-08-16 12:16:03,965 INFO 📄 Index 0 | Name: Spain | fcl: A, fcode: PCLI | ADM1: , ADM2: , ADM3: , ADM4:  | Score: 205.87, Population: 46723749 | Fuzzy match: 52.63157894736843
2025-08-16 12:16:03,965 INFO Comparing database entry: southern spain with Madrid returned from geonames.
2025-08-16 12:16:03,966 INFO 📄 Index 1 | Name: Madrid | fcl: P, fcode: PPLC | ADM1: Madrid, ADM2: Madrid, ADM3: Madrid, ADM4:  | Score: 190.93, Population: 3255944 | Fuzzy match: 19.999999999999996
2025-08-16 12:16:03,966 INFO Comparing database entry: southern spain with Seville returned from geonames.
2025-08-16 12:16:03,966 INFO 📄 Index 2 | Name: Seville | fcl: P, fcode: PPLA | ADM1: Andalusia, ADM2: Seville, ADM3: Seville, ADM4:  | Score: 130.16, Population: 684234 | Fuzzy match: 28.57142857142857
2025-08-16 12:16:03,966 INFO Comparing database entry: southern spain with Zaragoza returned from geonames.
2025-08-16 12:16:03,966 INFO 📄 Index 3 | Name: Zaragoza | fcl: P, fcode: PPLA | ADM1: Aragon, ADM2: Saragossa, ADM3: Zaragoza Municipality, ADM4:  | Score: 130.16, Population: 675301 | Fuzzy match: 18.181818181818176
2025-08-16 12:16:03,966 WARNING ❌ No match found with fuzzy score > 80 for city: southern spain
2025-08-16 12:16:03,966 WARNING ❌ Lookup failed for city='southern_spain', iso2='ES'
