2025-08-16 12:16:04,130 INFO 🗺️ Starting GeoNames lookup for city='teba, malaga', country='spain'
2025-08-16 12:16:04,131 INFO 📍 Location is present in the following articles: [ObjectId('67fa86c6eaa4fb525afed255')]
2025-08-16 12:16:04,286 INFO Comparing database entry: teba, malaga with Teba returned from geonames.
2025-08-16 12:16:04,286 INFO 📄 Index 0 | Name: Teba | fcl: P, fcode: PPLA3 | ADM1: Andalusia, ADM2: Malaga, ADM3: Teba, ADM4:  | Score: 42.79, Population: 4304 | Fuzzy match: 50.0
2025-08-16 12:16:04,286 INFO Comparing database entry: teba, malaga with Teba returned from geonames.
2025-08-16 12:16:04,286 INFO 📄 Index 1 | Name: Teba | fcl: A, fcode: ADM3 | ADM1: Andalusia, ADM2: Malaga, ADM3: Teba, ADM4:  | Score: 33.72, Population: 4128 | Fuzzy match: 50.0
2025-08-16 12:16:04,439 INFO Comparing database entry: teba, malaga with Teba returned from geonames.
2025-08-16 12:16:04,439 INFO 📄 Index 0 | Name: Teba | fcl: P, fcode: PPLA3 | ADM1: Andalusia, ADM2: Malaga, ADM3: Teba, ADM4:  | Score: 42.79, Population: 4304 | Fuzzy match: 50.0
2025-08-16 12:16:04,439 INFO Comparing database entry: teba, malaga with Teba returned from geonames.
2025-08-16 12:16:04,439 INFO 📄 Index 1 | Name: Teba | fcl: A, fcode: ADM3 | ADM1: Andalusia, ADM2: Malaga, ADM3: Teba, ADM4:  | Score: 33.72, Population: 4128 | Fuzzy match: 50.0
2025-08-16 12:16:04,603 INFO Comparing database entry: teba, malaga with Teba returned from geonames.
2025-08-16 12:16:04,603 INFO 📄 Index 0 | Name: Teba | fcl: P, fcode: PPLA3 | ADM1: Andalusia, ADM2: Malaga, ADM3: Teba, ADM4:  | Score: 42.79, Population: 4304 | Fuzzy match: 50.0
2025-08-16 12:16:04,603 INFO Comparing database entry: teba, malaga with Teba returned from geonames.
2025-08-16 12:16:04,603 INFO 📄 Index 1 | Name: Teba | fcl: A, fcode: ADM3 | ADM1: Andalusia, ADM2: Malaga, ADM3: Teba, ADM4:  | Score: 33.72, Population: 4128 | Fuzzy match: 50.0
2025-08-16 12:16:04,752 INFO Comparing database entry: teba, malaga with Teba returned from geonames.
2025-08-16 12:16:04,753 INFO 📄 Index 0 | Name: Teba | fcl: P, fcode: PPLA3 | ADM1: Andalusia, ADM2: Malaga, ADM3: Teba, ADM4:  | Score: 42.79, Population: 4304 | Fuzzy match: 50.0
2025-08-16 12:16:04,753 INFO Comparing database entry: teba, malaga with Teba returned from geonames.
2025-08-16 12:16:04,753 INFO 📄 Index 1 | Name: Teba | fcl: A, fcode: ADM3 | ADM1: Andalusia, ADM2: Malaga, ADM3: Teba, ADM4:  | Score: 33.72, Population: 4128 | Fuzzy match: 50.0
2025-08-16 12:16:04,897 INFO Comparing database entry: teba, malaga with Teba returned from geonames.
2025-08-16 12:16:04,897 INFO 📄 Index 0 | Name: Teba | fcl: P, fcode: PPLA3 | ADM1: Andalusia, ADM2: Malaga, ADM3: Teba, ADM4:  | Score: 42.79, Population: 4304 | Fuzzy match: 50.0
2025-08-16 12:16:04,898 INFO Comparing database entry: teba, malaga with Teba returned from geonames.
2025-08-16 12:16:04,898 INFO 📄 Index 1 | Name: Teba | fcl: A, fcode: ADM3 | ADM1: Andalusia, ADM2: Malaga, ADM3: Teba, ADM4:  | Score: 33.72, Population: 4128 | Fuzzy match: 50.0
2025-08-16 12:16:05,045 INFO Comparing database entry: teba, malaga with Teba returned from geonames.
2025-08-16 12:16:05,045 INFO 📄 Index 0 | Name: Teba | fcl: P, fcode: PPLA3 | ADM1: Andalusia, ADM2: Malaga, ADM3: Teba, ADM4:  | Score: 42.79, Population: 4304 | Fuzzy match: 50.0
2025-08-16 12:16:05,045 INFO Comparing database entry: teba, malaga with Teba returned from geonames.
2025-08-16 12:16:05,045 INFO 📄 Index 1 | Name: Teba | fcl: A, fcode: ADM3 | ADM1: Andalusia, ADM2: Malaga, ADM3: Teba, ADM4:  | Score: 33.72, Population: 4128 | Fuzzy match: 50.0
2025-08-16 12:16:05,046 WARNING ❌ No match found with fuzzy score > 80 for city: teba, malaga
2025-08-16 12:16:05,046 WARNING ❌ Lookup failed for city='teba_malaga', iso2='ES'
