2025-08-19 15:58:57,336 INFO 🗺️ Starting GeoNames lookup for city='tudela, navarra', country='spain'
2025-08-19 15:58:57,336 INFO 📍 Location is present in the following articles: [ObjectId('67fa7c64eaa4fb525afeb757')]
2025-08-19 15:58:57,651 INFO Comparing database entry: tudela, navarra with Tudela returned from geonames.
2025-08-19 15:58:57,651 INFO 📄 Index 0 | Name: Tudela | fcl: P, fcode: PPLA3 | ADM1: Navarre, ADM2: Navarre, ADM3: Tudela, ADM4:  | Latitude: 42.06166, Longitude: -1.60452 | Score: 42.38, Population: 34717 | Fuzzy match: 57.14285714285714
2025-08-19 15:58:57,651 INFO Comparing database entry: tudela, navarra with Tudela returned from geonames.
2025-08-19 15:58:57,651 INFO 📄 Index 1 | Name: Tudela | fcl: A, fcode: ADM3 | ADM1: Navarre, ADM2: Navarre, ADM3: Tudela, ADM4:  | Latitude: 42.0744, Longitude: -1.63728 | Score: 29.68, Population: 35358 | Fuzzy match: 57.14285714285714
2025-08-19 15:58:57,651 INFO Comparing database entry: tudela, navarra with Tulebras returned from geonames.
2025-08-19 15:58:57,651 INFO 📄 Index 2 | Name: Tulebras | fcl: A, fcode: ADM3 | ADM1: Navarre, ADM2: Navarre, ADM3: Tulebras, ADM4:  | Latitude: 41.98509, Longitude: -1.68325 | Score: 24.20, Population: 127 | Fuzzy match: 34.78260869565217
2025-08-19 15:58:57,651 INFO Comparing database entry: tudela, navarra with Murillo de las Limas returned from geonames.
2025-08-19 15:58:57,651 INFO 📄 Index 3 | Name: Murillo de las Limas | fcl: P, fcode: PPL | ADM1: Navarre, ADM2: Navarre, ADM3: Tudela, ADM4:  | Latitude: 42.12865, Longitude: -1.58153 | Score: 15.16, Population: 0 | Fuzzy match: 28.57142857142857
2025-08-19 15:58:57,814 INFO Comparing database entry: tudela, navarra with Tudela returned from geonames.
2025-08-19 15:58:57,815 INFO 📄 Index 0 | Name: Tudela | fcl: P, fcode: PPLA3 | ADM1: Navarre, ADM2: Navarre, ADM3: Tudela, ADM4:  | Latitude: 42.06166, Longitude: -1.60452 | Score: 42.38, Population: 34717 | Fuzzy match: 57.14285714285714
2025-08-19 15:58:57,815 INFO Comparing database entry: tudela, navarra with Tudela returned from geonames.
2025-08-19 15:58:57,815 INFO 📄 Index 1 | Name: Tudela | fcl: A, fcode: ADM3 | ADM1: Navarre, ADM2: Navarre, ADM3: Tudela, ADM4:  | Latitude: 42.0744, Longitude: -1.63728 | Score: 29.68, Population: 35358 | Fuzzy match: 57.14285714285714
2025-08-19 15:58:57,815 INFO Comparing database entry: tudela, navarra with Tulebras returned from geonames.
2025-08-19 15:58:57,815 INFO 📄 Index 2 | Name: Tulebras | fcl: A, fcode: ADM3 | ADM1: Navarre, ADM2: Navarre, ADM3: Tulebras, ADM4:  | Latitude: 41.98509, Longitude: -1.68325 | Score: 24.20, Population: 127 | Fuzzy match: 34.78260869565217
2025-08-19 15:58:57,815 INFO Comparing database entry: tudela, navarra with Murillo de las Limas returned from geonames.
2025-08-19 15:58:57,815 INFO 📄 Index 3 | Name: Murillo de las Limas | fcl: P, fcode: PPL | ADM1: Navarre, ADM2: Navarre, ADM3: Tudela, ADM4:  | Latitude: 42.12865, Longitude: -1.58153 | Score: 15.16, Population: 0 | Fuzzy match: 28.57142857142857
2025-08-19 15:58:57,966 INFO Comparing database entry: tudela, navarra with Tudela returned from geonames.
2025-08-19 15:58:57,966 INFO 📄 Index 0 | Name: Tudela | fcl: P, fcode: PPLA3 | ADM1: Navarre, ADM2: Navarre, ADM3: Tudela, ADM4:  | Latitude: 42.06166, Longitude: -1.60452 | Score: 42.38, Population: 34717 | Fuzzy match: 57.14285714285714
2025-08-19 15:58:57,967 INFO Comparing database entry: tudela, navarra with Tudela returned from geonames.
2025-08-19 15:58:57,967 INFO 📄 Index 1 | Name: Tudela | fcl: A, fcode: ADM3 | ADM1: Navarre, ADM2: Navarre, ADM3: Tudela, ADM4:  | Latitude: 42.0744, Longitude: -1.63728 | Score: 29.68, Population: 35358 | Fuzzy match: 57.14285714285714
2025-08-19 15:58:57,967 INFO Comparing database entry: tudela, navarra with Tulebras returned from geonames.
2025-08-19 15:58:57,967 INFO 📄 Index 2 | Name: Tulebras | fcl: A, fcode: ADM3 | ADM1: Navarre, ADM2: Navarre, ADM3: Tulebras, ADM4:  | Latitude: 41.98509, Longitude: -1.68325 | Score: 24.20, Population: 127 | Fuzzy match: 34.78260869565217
2025-08-19 15:58:57,967 INFO Comparing database entry: tudela, navarra with Murillo de las Limas returned from geonames.
2025-08-19 15:58:57,967 INFO 📄 Index 3 | Name: Murillo de las Limas | fcl: P, fcode: PPL | ADM1: Navarre, ADM2: Navarre, ADM3: Tudela, ADM4:  | Latitude: 42.12865, Longitude: -1.58153 | Score: 15.16, Population: 0 | Fuzzy match: 28.57142857142857
2025-08-19 15:58:58,140 INFO Comparing database entry: tudela, navarra with Tudela returned from geonames.
2025-08-19 15:58:58,140 INFO 📄 Index 0 | Name: Tudela | fcl: P, fcode: PPLA3 | ADM1: Navarre, ADM2: Navarre, ADM3: Tudela, ADM4:  | Latitude: 42.06166, Longitude: -1.60452 | Score: 42.38, Population: 34717 | Fuzzy match: 57.14285714285714
2025-08-19 15:58:58,140 INFO Comparing database entry: tudela, navarra with Tudela returned from geonames.
2025-08-19 15:58:58,140 INFO 📄 Index 1 | Name: Tudela | fcl: A, fcode: ADM3 | ADM1: Navarre, ADM2: Navarre, ADM3: Tudela, ADM4:  | Latitude: 42.0744, Longitude: -1.63728 | Score: 29.68, Population: 35358 | Fuzzy match: 57.14285714285714
2025-08-19 15:58:58,140 INFO Comparing database entry: tudela, navarra with Tulebras returned from geonames.
2025-08-19 15:58:58,140 INFO 📄 Index 2 | Name: Tulebras | fcl: A, fcode: ADM3 | ADM1: Navarre, ADM2: Navarre, ADM3: Tulebras, ADM4:  | Latitude: 41.98509, Longitude: -1.68325 | Score: 24.20, Population: 127 | Fuzzy match: 34.78260869565217
2025-08-19 15:58:58,140 INFO Comparing database entry: tudela, navarra with Murillo de las Limas returned from geonames.
2025-08-19 15:58:58,140 INFO 📄 Index 3 | Name: Murillo de las Limas | fcl: P, fcode: PPL | ADM1: Navarre, ADM2: Navarre, ADM3: Tudela, ADM4:  | Latitude: 42.12865, Longitude: -1.58153 | Score: 15.16, Population: 0 | Fuzzy match: 28.57142857142857
2025-08-19 15:58:58,269 INFO Comparing database entry: tudela, navarra with Tudela returned from geonames.
2025-08-19 15:58:58,269 INFO 📄 Index 0 | Name: Tudela | fcl: P, fcode: PPLA3 | ADM1: Navarre, ADM2: Navarre, ADM3: Tudela, ADM4:  | Latitude: 42.06166, Longitude: -1.60452 | Score: 42.38, Population: 34717 | Fuzzy match: 57.14285714285714
2025-08-19 15:58:58,270 INFO Comparing database entry: tudela, navarra with Tudela returned from geonames.
2025-08-19 15:58:58,270 INFO 📄 Index 1 | Name: Tudela | fcl: A, fcode: ADM3 | ADM1: Navarre, ADM2: Navarre, ADM3: Tudela, ADM4:  | Latitude: 42.0744, Longitude: -1.63728 | Score: 29.68, Population: 35358 | Fuzzy match: 57.14285714285714
2025-08-19 15:58:58,270 INFO Comparing database entry: tudela, navarra with Tulebras returned from geonames.
2025-08-19 15:58:58,270 INFO 📄 Index 2 | Name: Tulebras | fcl: A, fcode: ADM3 | ADM1: Navarre, ADM2: Navarre, ADM3: Tulebras, ADM4:  | Latitude: 41.98509, Longitude: -1.68325 | Score: 24.20, Population: 127 | Fuzzy match: 34.78260869565217
2025-08-19 15:58:58,270 INFO Comparing database entry: tudela, navarra with Murillo de las Limas returned from geonames.
2025-08-19 15:58:58,270 INFO 📄 Index 3 | Name: Murillo de las Limas | fcl: P, fcode: PPL | ADM1: Navarre, ADM2: Navarre, ADM3: Tudela, ADM4:  | Latitude: 42.12865, Longitude: -1.58153 | Score: 15.16, Population: 0 | Fuzzy match: 28.57142857142857
2025-08-19 15:58:58,421 INFO Comparing database entry: tudela, navarra with Tudela returned from geonames.
2025-08-19 15:58:58,421 INFO 📄 Index 0 | Name: Tudela | fcl: P, fcode: PPLA3 | ADM1: Navarre, ADM2: Navarre, ADM3: Tudela, ADM4:  | Latitude: 42.06166, Longitude: -1.60452 | Score: 42.38, Population: 34717 | Fuzzy match: 57.14285714285714
2025-08-19 15:58:58,422 INFO Comparing database entry: tudela, navarra with Tudela returned from geonames.
2025-08-19 15:58:58,422 INFO 📄 Index 1 | Name: Tudela | fcl: A, fcode: ADM3 | ADM1: Navarre, ADM2: Navarre, ADM3: Tudela, ADM4:  | Latitude: 42.0744, Longitude: -1.63728 | Score: 29.68, Population: 35358 | Fuzzy match: 57.14285714285714
2025-08-19 15:58:58,422 INFO Comparing database entry: tudela, navarra with Tulebras returned from geonames.
2025-08-19 15:58:58,422 INFO 📄 Index 2 | Name: Tulebras | fcl: A, fcode: ADM3 | ADM1: Navarre, ADM2: Navarre, ADM3: Tulebras, ADM4:  | Latitude: 41.98509, Longitude: -1.68325 | Score: 24.20, Population: 127 | Fuzzy match: 34.78260869565217
2025-08-19 15:58:58,422 INFO Comparing database entry: tudela, navarra with Murillo de las Limas returned from geonames.
2025-08-19 15:58:58,422 INFO 📄 Index 3 | Name: Murillo de las Limas | fcl: P, fcode: PPL | ADM1: Navarre, ADM2: Navarre, ADM3: Tudela, ADM4:  | Latitude: 42.12865, Longitude: -1.58153 | Score: 15.16, Population: 0 | Fuzzy match: 28.57142857142857
2025-08-19 15:58:58,422 WARNING ❌ No match found with fuzzy score > 80 for city: tudela, navarra
2025-08-19 15:58:58,422 WARNING ❌ Lookup failed for city='tudela_navarra', iso2='ES'
