2025-08-18 21:06:01,908 INFO 🗺️ Starting GeoNames lookup for city='vitoria', country='spain'
2025-08-18 21:06:01,908 INFO 📍 Location is present in the following articles: [ObjectId('67f52b3b981040986eab7442'), ObjectId('67f52b45981040986eab7469')]
2025-08-18 21:06:02,071 INFO Comparing database entry: vitoria with Vitoria-Gasteiz returned from geonames.
2025-08-18 21:06:02,071 INFO 📄 Index 0 | Name: Vitoria-Gasteiz | fcl: P, fcode: PPLA | ADM1: Basque Country, ADM2: Araba / Álava, ADM3: Vitoria-Gasteiz, ADM4:  | Latitude: 42.84998, Longitude: -2.67268 | Score: 115.68, Population: 249176 | Fuzzy match: 63.63636363636363
2025-08-18 21:06:02,071 INFO Comparing database entry: vitoria with Zuhatzu / Zuazo de Vitoria returned from geonames.
2025-08-18 21:06:02,071 INFO 📄 Index 1 | Name: Zuhatzu / Zuazo de Vitoria | fcl: P, fcode: PPL | ADM1: Basque Country, ADM2: Araba / Álava, ADM3: Vitoria-Gasteiz, ADM4:  | Latitude: 42.8398, Longitude: -2.72207 | Score: 32.92, Population: 0 | Fuzzy match: 42.42424242424242
2025-08-18 21:06:02,071 INFO Comparing database entry: vitoria with Erretana returned from geonames.
2025-08-18 21:06:02,071 INFO 📄 Index 2 | Name: Erretana | fcl: P, fcode: PPL | ADM1: Basque Country, ADM2: Araba / Álava, ADM3: Vitoria-Gasteiz, ADM4:  | Latitude: 42.90304, Longitude: -2.64382 | Score: 30.27, Population: 0 | Fuzzy match: 26.66666666666667
2025-08-18 21:06:02,071 INFO Comparing database entry: vitoria with Villafranca returned from geonames.
2025-08-18 21:06:02,071 INFO 📄 Index 3 | Name: Villafranca | fcl: P, fcode: PPL | ADM1: Basque Country, ADM2: Araba / Álava, ADM3: Vitoria-Gasteiz, ADM4:  | Latitude: 42.83741, Longitude: -2.56932 | Score: 30.27, Population: 0 | Fuzzy match: 44.44444444444444
2025-08-18 21:06:02,237 INFO Comparing database entry: vitoria with Vitoria-Gasteiz returned from geonames.
2025-08-18 21:06:02,237 INFO 📄 Index 0 | Name: Vitoria-Gasteiz | fcl: P, fcode: PPLA | ADM1: Basque Country, ADM2: Araba / Álava, ADM3: Vitoria-Gasteiz, ADM4:  | Latitude: 42.84998, Longitude: -2.67268 | Score: 115.68, Population: 249176 | Fuzzy match: 63.63636363636363
2025-08-18 21:06:02,237 INFO Comparing database entry: vitoria with Zuhatzu / Zuazo de Vitoria returned from geonames.
2025-08-18 21:06:02,237 INFO 📄 Index 1 | Name: Zuhatzu / Zuazo de Vitoria | fcl: P, fcode: PPL | ADM1: Basque Country, ADM2: Araba / Álava, ADM3: Vitoria-Gasteiz, ADM4:  | Latitude: 42.8398, Longitude: -2.72207 | Score: 32.92, Population: 0 | Fuzzy match: 42.42424242424242
2025-08-18 21:06:02,237 INFO Comparing database entry: vitoria with Erretana returned from geonames.
2025-08-18 21:06:02,237 INFO 📄 Index 2 | Name: Erretana | fcl: P, fcode: PPL | ADM1: Basque Country, ADM2: Araba / Álava, ADM3: Vitoria-Gasteiz, ADM4:  | Latitude: 42.90304, Longitude: -2.64382 | Score: 30.27, Population: 0 | Fuzzy match: 26.66666666666667
2025-08-18 21:06:02,237 INFO Comparing database entry: vitoria with Villafranca returned from geonames.
2025-08-18 21:06:02,237 INFO 📄 Index 3 | Name: Villafranca | fcl: P, fcode: PPL | ADM1: Basque Country, ADM2: Araba / Álava, ADM3: Vitoria-Gasteiz, ADM4:  | Latitude: 42.83741, Longitude: -2.56932 | Score: 30.27, Population: 0 | Fuzzy match: 44.44444444444444
2025-08-18 21:06:02,391 INFO Comparing database entry: vitoria with Vitoria-Gasteiz returned from geonames.
2025-08-18 21:06:02,391 INFO 📄 Index 0 | Name: Vitoria-Gasteiz | fcl: P, fcode: PPLA | ADM1: Basque Country, ADM2: Araba / Álava, ADM3: Vitoria-Gasteiz, ADM4:  | Latitude: 42.84998, Longitude: -2.67268 | Score: 115.68, Population: 249176 | Fuzzy match: 63.63636363636363
2025-08-18 21:06:02,391 INFO Comparing database entry: vitoria with Zuhatzu / Zuazo de Vitoria returned from geonames.
2025-08-18 21:06:02,391 INFO 📄 Index 1 | Name: Zuhatzu / Zuazo de Vitoria | fcl: P, fcode: PPL | ADM1: Basque Country, ADM2: Araba / Álava, ADM3: Vitoria-Gasteiz, ADM4:  | Latitude: 42.8398, Longitude: -2.72207 | Score: 32.92, Population: 0 | Fuzzy match: 42.42424242424242
2025-08-18 21:06:02,391 INFO Comparing database entry: vitoria with Erretana returned from geonames.
2025-08-18 21:06:02,391 INFO 📄 Index 2 | Name: Erretana | fcl: P, fcode: PPL | ADM1: Basque Country, ADM2: Araba / Álava, ADM3: Vitoria-Gasteiz, ADM4:  | Latitude: 42.90304, Longitude: -2.64382 | Score: 30.27, Population: 0 | Fuzzy match: 26.66666666666667
2025-08-18 21:06:02,392 INFO Comparing database entry: vitoria with Villafranca returned from geonames.
2025-08-18 21:06:02,392 INFO 📄 Index 3 | Name: Villafranca | fcl: P, fcode: PPL | ADM1: Basque Country, ADM2: Araba / Álava, ADM3: Vitoria-Gasteiz, ADM4:  | Latitude: 42.83741, Longitude: -2.56932 | Score: 30.27, Population: 0 | Fuzzy match: 44.44444444444444
2025-08-18 21:06:02,572 INFO Comparing database entry: vitoria with Vitoria-Gasteiz returned from geonames.
2025-08-18 21:06:02,572 INFO 📄 Index 0 | Name: Vitoria-Gasteiz | fcl: P, fcode: PPLA | ADM1: Basque Country, ADM2: Araba / Álava, ADM3: Vitoria-Gasteiz, ADM4:  | Latitude: 42.84998, Longitude: -2.67268 | Score: 115.68, Population: 249176 | Fuzzy match: 63.63636363636363
2025-08-18 21:06:02,572 INFO Comparing database entry: vitoria with Zuhatzu / Zuazo de Vitoria returned from geonames.
2025-08-18 21:06:02,572 INFO 📄 Index 1 | Name: Zuhatzu / Zuazo de Vitoria | fcl: P, fcode: PPL | ADM1: Basque Country, ADM2: Araba / Álava, ADM3: Vitoria-Gasteiz, ADM4:  | Latitude: 42.8398, Longitude: -2.72207 | Score: 32.92, Population: 0 | Fuzzy match: 42.42424242424242
2025-08-18 21:06:02,572 INFO Comparing database entry: vitoria with Erretana returned from geonames.
2025-08-18 21:06:02,572 INFO 📄 Index 2 | Name: Erretana | fcl: P, fcode: PPL | ADM1: Basque Country, ADM2: Araba / Álava, ADM3: Vitoria-Gasteiz, ADM4:  | Latitude: 42.90304, Longitude: -2.64382 | Score: 30.27, Population: 0 | Fuzzy match: 26.66666666666667
2025-08-18 21:06:02,572 INFO Comparing database entry: vitoria with Villafranca returned from geonames.
2025-08-18 21:06:02,572 INFO 📄 Index 3 | Name: Villafranca | fcl: P, fcode: PPL | ADM1: Basque Country, ADM2: Araba / Álava, ADM3: Vitoria-Gasteiz, ADM4:  | Latitude: 42.83741, Longitude: -2.56932 | Score: 30.27, Population: 0 | Fuzzy match: 44.44444444444444
2025-08-18 21:06:02,731 INFO Comparing database entry: vitoria with Vitoria-Gasteiz returned from geonames.
2025-08-18 21:06:02,731 INFO 📄 Index 0 | Name: Vitoria-Gasteiz | fcl: P, fcode: PPLA | ADM1: Basque Country, ADM2: Araba / Álava, ADM3: Vitoria-Gasteiz, ADM4:  | Latitude: 42.84998, Longitude: -2.67268 | Score: 115.68, Population: 249176 | Fuzzy match: 63.63636363636363
2025-08-18 21:06:02,731 INFO Comparing database entry: vitoria with Zuhatzu / Zuazo de Vitoria returned from geonames.
2025-08-18 21:06:02,731 INFO 📄 Index 1 | Name: Zuhatzu / Zuazo de Vitoria | fcl: P, fcode: PPL | ADM1: Basque Country, ADM2: Araba / Álava, ADM3: Vitoria-Gasteiz, ADM4:  | Latitude: 42.8398, Longitude: -2.72207 | Score: 32.92, Population: 0 | Fuzzy match: 42.42424242424242
2025-08-18 21:06:02,731 INFO Comparing database entry: vitoria with Erretana returned from geonames.
2025-08-18 21:06:02,731 INFO 📄 Index 2 | Name: Erretana | fcl: P, fcode: PPL | ADM1: Basque Country, ADM2: Araba / Álava, ADM3: Vitoria-Gasteiz, ADM4:  | Latitude: 42.90304, Longitude: -2.64382 | Score: 30.27, Population: 0 | Fuzzy match: 26.66666666666667
2025-08-18 21:06:02,731 INFO Comparing database entry: vitoria with Villafranca returned from geonames.
2025-08-18 21:06:02,731 INFO 📄 Index 3 | Name: Villafranca | fcl: P, fcode: PPL | ADM1: Basque Country, ADM2: Araba / Álava, ADM3: Vitoria-Gasteiz, ADM4:  | Latitude: 42.83741, Longitude: -2.56932 | Score: 30.27, Population: 0 | Fuzzy match: 44.44444444444444
2025-08-18 21:06:02,873 INFO Comparing database entry: vitoria with Vitoria-Gasteiz returned from geonames.
2025-08-18 21:06:02,873 INFO 📄 Index 0 | Name: Vitoria-Gasteiz | fcl: P, fcode: PPLA | ADM1: Basque Country, ADM2: Araba / Álava, ADM3: Vitoria-Gasteiz, ADM4:  | Latitude: 42.84998, Longitude: -2.67268 | Score: 115.68, Population: 249176 | Fuzzy match: 63.63636363636363
2025-08-18 21:06:02,873 INFO Comparing database entry: vitoria with Zuhatzu / Zuazo de Vitoria returned from geonames.
2025-08-18 21:06:02,873 INFO 📄 Index 1 | Name: Zuhatzu / Zuazo de Vitoria | fcl: P, fcode: PPL | ADM1: Basque Country, ADM2: Araba / Álava, ADM3: Vitoria-Gasteiz, ADM4:  | Latitude: 42.8398, Longitude: -2.72207 | Score: 32.92, Population: 0 | Fuzzy match: 42.42424242424242
2025-08-18 21:06:02,873 INFO Comparing database entry: vitoria with Erretana returned from geonames.
2025-08-18 21:06:02,873 INFO 📄 Index 2 | Name: Erretana | fcl: P, fcode: PPL | ADM1: Basque Country, ADM2: Araba / Álava, ADM3: Vitoria-Gasteiz, ADM4:  | Latitude: 42.90304, Longitude: -2.64382 | Score: 30.27, Population: 0 | Fuzzy match: 26.66666666666667
2025-08-18 21:06:02,874 INFO Comparing database entry: vitoria with Villafranca returned from geonames.
2025-08-18 21:06:02,874 INFO 📄 Index 3 | Name: Villafranca | fcl: P, fcode: PPL | ADM1: Basque Country, ADM2: Araba / Álava, ADM3: Vitoria-Gasteiz, ADM4:  | Latitude: 42.83741, Longitude: -2.56932 | Score: 30.27, Population: 0 | Fuzzy match: 44.44444444444444
2025-08-18 21:06:02,874 WARNING ❌ No match found with fuzzy score > 80 for city: vitoria
2025-08-18 21:06:02,874 WARNING ❌ Lookup failed for city='vitoria', iso2='ES'
