2025-09-17 14:27:09,355 INFO 🗺️ Starting GeoNames lookup for city='ain', country='france'
2025-09-17 14:27:09,355 INFO 📍 Location is present in the following articles: [ObjectId('67fa620f38fb90ab92f8c092'), ObjectId('67fa766aeaa4fb525afeb33c')]
2025-09-17 14:27:09,430 INFO Comparing database entry: ain with Oyonnax returned from geonames.
2025-09-17 14:27:09,430 INFO 📄 Index 0 | Name: Oyonnax | fcl: P, fcode: PPL | ADM1: Auvergne-Rhône-Alpes, ADM2: Ain, ADM3: Arrondissement of Nantua, ADM4: Oyonnax | Latitude: 46.25917, Longitude: 5.65727 | Score: 62.58, Population: 25697 | Fuzzy match: 19.999999999999996
2025-09-17 14:27:09,430 INFO Comparing database entry: ain with Bourg-en-Bresse returned from geonames.
2025-09-17 14:27:09,431 INFO 📄 Index 1 | Name: Bourg-en-Bresse | fcl: P, fcode: PPLA2 | ADM1: Auvergne-Rhône-Alpes, ADM2: Ain, ADM3: Bourg-en-Bresse, ADM4: Bourg-en-Bresse | Latitude: 46.20574, Longitude: 5.2258 | Score: 60.57, Population: 45340 | Fuzzy match: 11.111111111111116
2025-09-17 14:27:09,431 INFO Comparing database entry: ain with Ambérieu-en-Bugey returned from geonames.
2025-09-17 14:27:09,431 INFO 📄 Index 2 | Name: Ambérieu-en-Bugey | fcl: P, fcode: PPL | ADM1: Auvergne-Rhône-Alpes, ADM2: Ain, ADM3: Arrondissement of Belley, ADM4: Ambérieu-en-Bugey | Latitude: 45.95932, Longitude: 5.3516 | Score: 60.14, Population: 13260 | Fuzzy match: 30.000000000000004
2025-09-17 14:27:09,431 INFO Comparing database entry: ain with Lagnieu returned from geonames.
2025-09-17 14:27:09,431 INFO 📄 Index 3 | Name: Lagnieu | fcl: P, fcode: PPL | ADM1: Auvergne-Rhône-Alpes, ADM2: Ain, ADM3: Arrondissement of Belley, ADM4: Lagnieu | Latitude: 45.90237, Longitude: 5.34399 | Score: 54.15, Population: 6454 | Fuzzy match: 40.0
2025-09-17 14:27:09,477 INFO Comparing database entry: ain with Oyonnax returned from geonames.
2025-09-17 14:27:09,477 INFO 📄 Index 0 | Name: Oyonnax | fcl: P, fcode: PPL | ADM1: Auvergne-Rhône-Alpes, ADM2: Ain, ADM3: Arrondissement of Nantua, ADM4: Oyonnax | Latitude: 46.25917, Longitude: 5.65727 | Score: 62.58, Population: 25697 | Fuzzy match: 19.999999999999996
2025-09-17 14:27:09,477 INFO Comparing database entry: ain with Bourg-en-Bresse returned from geonames.
2025-09-17 14:27:09,477 INFO 📄 Index 1 | Name: Bourg-en-Bresse | fcl: P, fcode: PPLA2 | ADM1: Auvergne-Rhône-Alpes, ADM2: Ain, ADM3: Bourg-en-Bresse, ADM4: Bourg-en-Bresse | Latitude: 46.20574, Longitude: 5.2258 | Score: 60.57, Population: 45340 | Fuzzy match: 11.111111111111116
2025-09-17 14:27:09,477 INFO Comparing database entry: ain with Ambérieu-en-Bugey returned from geonames.
2025-09-17 14:27:09,477 INFO 📄 Index 2 | Name: Ambérieu-en-Bugey | fcl: P, fcode: PPL | ADM1: Auvergne-Rhône-Alpes, ADM2: Ain, ADM3: Arrondissement of Belley, ADM4: Ambérieu-en-Bugey | Latitude: 45.95932, Longitude: 5.3516 | Score: 60.14, Population: 13260 | Fuzzy match: 30.000000000000004
2025-09-17 14:27:09,477 INFO Comparing database entry: ain with Lagnieu returned from geonames.
2025-09-17 14:27:09,477 INFO 📄 Index 3 | Name: Lagnieu | fcl: P, fcode: PPL | ADM1: Auvergne-Rhône-Alpes, ADM2: Ain, ADM3: Arrondissement of Belley, ADM4: Lagnieu | Latitude: 45.90237, Longitude: 5.34399 | Score: 54.15, Population: 6454 | Fuzzy match: 40.0
2025-09-17 14:27:09,521 INFO Comparing database entry: ain with Oyonnax returned from geonames.
2025-09-17 14:27:09,522 INFO 📄 Index 0 | Name: Oyonnax | fcl: P, fcode: PPL | ADM1: Auvergne-Rhône-Alpes, ADM2: Ain, ADM3: Arrondissement of Nantua, ADM4: Oyonnax | Latitude: 46.25917, Longitude: 5.65727 | Score: 62.58, Population: 25697 | Fuzzy match: 19.999999999999996
2025-09-17 14:27:09,522 INFO Comparing database entry: ain with Bourg-en-Bresse returned from geonames.
2025-09-17 14:27:09,522 INFO 📄 Index 1 | Name: Bourg-en-Bresse | fcl: P, fcode: PPLA2 | ADM1: Auvergne-Rhône-Alpes, ADM2: Ain, ADM3: Bourg-en-Bresse, ADM4: Bourg-en-Bresse | Latitude: 46.20574, Longitude: 5.2258 | Score: 60.57, Population: 45340 | Fuzzy match: 11.111111111111116
2025-09-17 14:27:09,522 INFO Comparing database entry: ain with Ambérieu-en-Bugey returned from geonames.
2025-09-17 14:27:09,522 INFO 📄 Index 2 | Name: Ambérieu-en-Bugey | fcl: P, fcode: PPL | ADM1: Auvergne-Rhône-Alpes, ADM2: Ain, ADM3: Arrondissement of Belley, ADM4: Ambérieu-en-Bugey | Latitude: 45.95932, Longitude: 5.3516 | Score: 60.14, Population: 13260 | Fuzzy match: 30.000000000000004
2025-09-17 14:27:09,522 INFO Comparing database entry: ain with Lagnieu returned from geonames.
2025-09-17 14:27:09,522 INFO 📄 Index 3 | Name: Lagnieu | fcl: P, fcode: PPL | ADM1: Auvergne-Rhône-Alpes, ADM2: Ain, ADM3: Arrondissement of Belley, ADM4: Lagnieu | Latitude: 45.90237, Longitude: 5.34399 | Score: 54.15, Population: 6454 | Fuzzy match: 40.0
2025-09-17 14:27:09,571 INFO Comparing database entry: ain with Oyonnax returned from geonames.
2025-09-17 14:27:09,571 INFO 📄 Index 0 | Name: Oyonnax | fcl: P, fcode: PPL | ADM1: Auvergne-Rhône-Alpes, ADM2: Ain, ADM3: Arrondissement of Nantua, ADM4: Oyonnax | Latitude: 46.25917, Longitude: 5.65727 | Score: 62.58, Population: 25697 | Fuzzy match: 19.999999999999996
2025-09-17 14:27:09,572 INFO Comparing database entry: ain with Bourg-en-Bresse returned from geonames.
2025-09-17 14:27:09,572 INFO 📄 Index 1 | Name: Bourg-en-Bresse | fcl: P, fcode: PPLA2 | ADM1: Auvergne-Rhône-Alpes, ADM2: Ain, ADM3: Bourg-en-Bresse, ADM4: Bourg-en-Bresse | Latitude: 46.20574, Longitude: 5.2258 | Score: 60.57, Population: 45340 | Fuzzy match: 11.111111111111116
2025-09-17 14:27:09,572 INFO Comparing database entry: ain with Ambérieu-en-Bugey returned from geonames.
2025-09-17 14:27:09,572 INFO 📄 Index 2 | Name: Ambérieu-en-Bugey | fcl: P, fcode: PPL | ADM1: Auvergne-Rhône-Alpes, ADM2: Ain, ADM3: Arrondissement of Belley, ADM4: Ambérieu-en-Bugey | Latitude: 45.95932, Longitude: 5.3516 | Score: 60.14, Population: 13260 | Fuzzy match: 30.000000000000004
2025-09-17 14:27:09,572 INFO Comparing database entry: ain with Lagnieu returned from geonames.
2025-09-17 14:27:09,572 INFO 📄 Index 3 | Name: Lagnieu | fcl: P, fcode: PPL | ADM1: Auvergne-Rhône-Alpes, ADM2: Ain, ADM3: Arrondissement of Belley, ADM4: Lagnieu | Latitude: 45.90237, Longitude: 5.34399 | Score: 54.15, Population: 6454 | Fuzzy match: 40.0
2025-09-17 14:27:09,617 INFO Comparing database entry: ain with Oyonnax returned from geonames.
2025-09-17 14:27:09,618 INFO 📄 Index 0 | Name: Oyonnax | fcl: P, fcode: PPL | ADM1: Auvergne-Rhône-Alpes, ADM2: Ain, ADM3: Arrondissement of Nantua, ADM4: Oyonnax | Latitude: 46.25917, Longitude: 5.65727 | Score: 62.58, Population: 25697 | Fuzzy match: 19.999999999999996
2025-09-17 14:27:09,618 INFO Comparing database entry: ain with Bourg-en-Bresse returned from geonames.
2025-09-17 14:27:09,618 INFO 📄 Index 1 | Name: Bourg-en-Bresse | fcl: P, fcode: PPLA2 | ADM1: Auvergne-Rhône-Alpes, ADM2: Ain, ADM3: Bourg-en-Bresse, ADM4: Bourg-en-Bresse | Latitude: 46.20574, Longitude: 5.2258 | Score: 60.57, Population: 45340 | Fuzzy match: 11.111111111111116
2025-09-17 14:27:09,618 INFO Comparing database entry: ain with Ambérieu-en-Bugey returned from geonames.
2025-09-17 14:27:09,618 INFO 📄 Index 2 | Name: Ambérieu-en-Bugey | fcl: P, fcode: PPL | ADM1: Auvergne-Rhône-Alpes, ADM2: Ain, ADM3: Arrondissement of Belley, ADM4: Ambérieu-en-Bugey | Latitude: 45.95932, Longitude: 5.3516 | Score: 60.14, Population: 13260 | Fuzzy match: 30.000000000000004
2025-09-17 14:27:09,618 INFO Comparing database entry: ain with Lagnieu returned from geonames.
2025-09-17 14:27:09,618 INFO 📄 Index 3 | Name: Lagnieu | fcl: P, fcode: PPL | ADM1: Auvergne-Rhône-Alpes, ADM2: Ain, ADM3: Arrondissement of Belley, ADM4: Lagnieu | Latitude: 45.90237, Longitude: 5.34399 | Score: 54.15, Population: 6454 | Fuzzy match: 40.0
2025-09-17 14:27:09,665 INFO Comparing database entry: ain with Oyonnax returned from geonames.
2025-09-17 14:27:09,665 INFO 📄 Index 0 | Name: Oyonnax | fcl: P, fcode: PPL | ADM1: Auvergne-Rhône-Alpes, ADM2: Ain, ADM3: Arrondissement of Nantua, ADM4: Oyonnax | Latitude: 46.25917, Longitude: 5.65727 | Score: 62.58, Population: 25697 | Fuzzy match: 19.999999999999996
2025-09-17 14:27:09,665 INFO Comparing database entry: ain with Bourg-en-Bresse returned from geonames.
2025-09-17 14:27:09,666 INFO 📄 Index 1 | Name: Bourg-en-Bresse | fcl: P, fcode: PPLA2 | ADM1: Auvergne-Rhône-Alpes, ADM2: Ain, ADM3: Bourg-en-Bresse, ADM4: Bourg-en-Bresse | Latitude: 46.20574, Longitude: 5.2258 | Score: 60.57, Population: 45340 | Fuzzy match: 11.111111111111116
2025-09-17 14:27:09,666 INFO Comparing database entry: ain with Ambérieu-en-Bugey returned from geonames.
2025-09-17 14:27:09,666 INFO 📄 Index 2 | Name: Ambérieu-en-Bugey | fcl: P, fcode: PPL | ADM1: Auvergne-Rhône-Alpes, ADM2: Ain, ADM3: Arrondissement of Belley, ADM4: Ambérieu-en-Bugey | Latitude: 45.95932, Longitude: 5.3516 | Score: 60.14, Population: 13260 | Fuzzy match: 30.000000000000004
2025-09-17 14:27:09,666 INFO Comparing database entry: ain with Lagnieu returned from geonames.
2025-09-17 14:27:09,666 INFO 📄 Index 3 | Name: Lagnieu | fcl: P, fcode: PPL | ADM1: Auvergne-Rhône-Alpes, ADM2: Ain, ADM3: Arrondissement of Belley, ADM4: Lagnieu | Latitude: 45.90237, Longitude: 5.34399 | Score: 54.15, Population: 6454 | Fuzzy match: 40.0
2025-09-17 14:27:09,666 WARNING ❌ No match found with fuzzy score > 80 for city: ain
2025-09-17 14:27:09,666 WARNING ❌ Lookup failed for city='ain', iso2='FR'
