2025-08-17 16:43:19,862 INFO 🗺️ Starting GeoNames lookup for city='allier', country='france'
2025-08-17 16:43:19,862 INFO 📍 Location is present in the following articles: [ObjectId('67fa7fa3eaa4fb525afec4cd')]
2025-08-17 16:43:20,043 INFO Comparing database entry: allier with Vichy returned from geonames.
2025-08-17 16:43:20,043 INFO 📄 Index 0 | Name: Vichy | fcl: P, fcode: PPLA3 | ADM1: Auvergne-Rhône-Alpes, ADM2: Allier, ADM3: Vichy, ADM4: Vichy | Score: 56.65, Population: 27019 | Fuzzy match: 18.181818181818176
2025-08-17 16:43:20,043 INFO Comparing database entry: allier with Cusset returned from geonames.
2025-08-17 16:43:20,043 INFO 📄 Index 1 | Name: Cusset | fcl: P, fcode: PPL | ADM1: Auvergne-Rhône-Alpes, ADM2: Allier, ADM3: Vichy, ADM4: Cusset | Score: 56.65, Population: 14562 | Fuzzy match: 16.666666666666664
2025-08-17 16:43:20,044 INFO Comparing database entry: allier with Montluçon returned from geonames.
2025-08-17 16:43:20,044 INFO 📄 Index 2 | Name: Montluçon | fcl: P, fcode: PPLA3 | ADM1: Auvergne-Rhône-Alpes, ADM2: Allier, ADM3: Arrondissement of Montluçon, ADM4: Montluçon | Score: 56.65, Population: 44960 | Fuzzy match: 13.33333333333333
2025-08-17 16:43:20,044 INFO Comparing database entry: allier with Yzeure returned from geonames.
2025-08-17 16:43:20,044 INFO 📄 Index 3 | Name: Yzeure | fcl: P, fcode: PPL | ADM1: Auvergne-Rhône-Alpes, ADM2: Allier, ADM3: Arrondissement of Moulins, ADM4: Yzeure | Score: 51.61, Population: 13435 | Fuzzy match: 33.333333333333336
2025-08-17 16:43:20,200 INFO Comparing database entry: allier with Vichy returned from geonames.
2025-08-17 16:43:20,201 INFO 📄 Index 0 | Name: Vichy | fcl: P, fcode: PPLA3 | ADM1: Auvergne-Rhône-Alpes, ADM2: Allier, ADM3: Vichy, ADM4: Vichy | Score: 56.65, Population: 27019 | Fuzzy match: 18.181818181818176
2025-08-17 16:43:20,201 INFO Comparing database entry: allier with Cusset returned from geonames.
2025-08-17 16:43:20,201 INFO 📄 Index 1 | Name: Cusset | fcl: P, fcode: PPL | ADM1: Auvergne-Rhône-Alpes, ADM2: Allier, ADM3: Vichy, ADM4: Cusset | Score: 56.65, Population: 14562 | Fuzzy match: 16.666666666666664
2025-08-17 16:43:20,201 INFO Comparing database entry: allier with Montluçon returned from geonames.
2025-08-17 16:43:20,201 INFO 📄 Index 2 | Name: Montluçon | fcl: P, fcode: PPLA3 | ADM1: Auvergne-Rhône-Alpes, ADM2: Allier, ADM3: Arrondissement of Montluçon, ADM4: Montluçon | Score: 56.65, Population: 44960 | Fuzzy match: 13.33333333333333
2025-08-17 16:43:20,201 INFO Comparing database entry: allier with Yzeure returned from geonames.
2025-08-17 16:43:20,201 INFO 📄 Index 3 | Name: Yzeure | fcl: P, fcode: PPL | ADM1: Auvergne-Rhône-Alpes, ADM2: Allier, ADM3: Arrondissement of Moulins, ADM4: Yzeure | Score: 51.61, Population: 13435 | Fuzzy match: 33.333333333333336
2025-08-17 16:43:20,374 INFO Comparing database entry: allier with Vichy returned from geonames.
2025-08-17 16:43:20,375 INFO 📄 Index 0 | Name: Vichy | fcl: P, fcode: PPLA3 | ADM1: Auvergne-Rhône-Alpes, ADM2: Allier, ADM3: Vichy, ADM4: Vichy | Score: 56.65, Population: 27019 | Fuzzy match: 18.181818181818176
2025-08-17 16:43:20,375 INFO Comparing database entry: allier with Cusset returned from geonames.
2025-08-17 16:43:20,375 INFO 📄 Index 1 | Name: Cusset | fcl: P, fcode: PPL | ADM1: Auvergne-Rhône-Alpes, ADM2: Allier, ADM3: Vichy, ADM4: Cusset | Score: 56.65, Population: 14562 | Fuzzy match: 16.666666666666664
2025-08-17 16:43:20,375 INFO Comparing database entry: allier with Montluçon returned from geonames.
2025-08-17 16:43:20,375 INFO 📄 Index 2 | Name: Montluçon | fcl: P, fcode: PPLA3 | ADM1: Auvergne-Rhône-Alpes, ADM2: Allier, ADM3: Arrondissement of Montluçon, ADM4: Montluçon | Score: 56.65, Population: 44960 | Fuzzy match: 13.33333333333333
2025-08-17 16:43:20,375 INFO Comparing database entry: allier with Yzeure returned from geonames.
2025-08-17 16:43:20,375 INFO 📄 Index 3 | Name: Yzeure | fcl: P, fcode: PPL | ADM1: Auvergne-Rhône-Alpes, ADM2: Allier, ADM3: Arrondissement of Moulins, ADM4: Yzeure | Score: 51.61, Population: 13435 | Fuzzy match: 33.333333333333336
2025-08-17 16:43:20,522 INFO Comparing database entry: allier with Vichy returned from geonames.
2025-08-17 16:43:20,522 INFO 📄 Index 0 | Name: Vichy | fcl: P, fcode: PPLA3 | ADM1: Auvergne-Rhône-Alpes, ADM2: Allier, ADM3: Vichy, ADM4: Vichy | Score: 56.65, Population: 27019 | Fuzzy match: 18.181818181818176
2025-08-17 16:43:20,522 INFO Comparing database entry: allier with Cusset returned from geonames.
2025-08-17 16:43:20,522 INFO 📄 Index 1 | Name: Cusset | fcl: P, fcode: PPL | ADM1: Auvergne-Rhône-Alpes, ADM2: Allier, ADM3: Vichy, ADM4: Cusset | Score: 56.65, Population: 14562 | Fuzzy match: 16.666666666666664
2025-08-17 16:43:20,522 INFO Comparing database entry: allier with Montluçon returned from geonames.
2025-08-17 16:43:20,522 INFO 📄 Index 2 | Name: Montluçon | fcl: P, fcode: PPLA3 | ADM1: Auvergne-Rhône-Alpes, ADM2: Allier, ADM3: Arrondissement of Montluçon, ADM4: Montluçon | Score: 56.65, Population: 44960 | Fuzzy match: 13.33333333333333
2025-08-17 16:43:20,522 INFO Comparing database entry: allier with Yzeure returned from geonames.
2025-08-17 16:43:20,522 INFO 📄 Index 3 | Name: Yzeure | fcl: P, fcode: PPL | ADM1: Auvergne-Rhône-Alpes, ADM2: Allier, ADM3: Arrondissement of Moulins, ADM4: Yzeure | Score: 51.61, Population: 13435 | Fuzzy match: 33.333333333333336
2025-08-17 16:43:20,679 INFO Comparing database entry: allier with Vichy returned from geonames.
2025-08-17 16:43:20,679 INFO 📄 Index 0 | Name: Vichy | fcl: P, fcode: PPLA3 | ADM1: Auvergne-Rhône-Alpes, ADM2: Allier, ADM3: Vichy, ADM4: Vichy | Score: 56.65, Population: 27019 | Fuzzy match: 18.181818181818176
2025-08-17 16:43:20,679 INFO Comparing database entry: allier with Cusset returned from geonames.
2025-08-17 16:43:20,679 INFO 📄 Index 1 | Name: Cusset | fcl: P, fcode: PPL | ADM1: Auvergne-Rhône-Alpes, ADM2: Allier, ADM3: Vichy, ADM4: Cusset | Score: 56.65, Population: 14562 | Fuzzy match: 16.666666666666664
2025-08-17 16:43:20,679 INFO Comparing database entry: allier with Montluçon returned from geonames.
2025-08-17 16:43:20,679 INFO 📄 Index 2 | Name: Montluçon | fcl: P, fcode: PPLA3 | ADM1: Auvergne-Rhône-Alpes, ADM2: Allier, ADM3: Arrondissement of Montluçon, ADM4: Montluçon | Score: 56.65, Population: 44960 | Fuzzy match: 13.33333333333333
2025-08-17 16:43:20,679 INFO Comparing database entry: allier with Yzeure returned from geonames.
2025-08-17 16:43:20,679 INFO 📄 Index 3 | Name: Yzeure | fcl: P, fcode: PPL | ADM1: Auvergne-Rhône-Alpes, ADM2: Allier, ADM3: Arrondissement of Moulins, ADM4: Yzeure | Score: 51.61, Population: 13435 | Fuzzy match: 33.333333333333336
2025-08-17 16:43:20,828 INFO Comparing database entry: allier with Vichy returned from geonames.
2025-08-17 16:43:20,828 INFO 📄 Index 0 | Name: Vichy | fcl: P, fcode: PPLA3 | ADM1: Auvergne-Rhône-Alpes, ADM2: Allier, ADM3: Vichy, ADM4: Vichy | Score: 56.65, Population: 27019 | Fuzzy match: 18.181818181818176
2025-08-17 16:43:20,828 INFO Comparing database entry: allier with Cusset returned from geonames.
2025-08-17 16:43:20,828 INFO 📄 Index 1 | Name: Cusset | fcl: P, fcode: PPL | ADM1: Auvergne-Rhône-Alpes, ADM2: Allier, ADM3: Vichy, ADM4: Cusset | Score: 56.65, Population: 14562 | Fuzzy match: 16.666666666666664
2025-08-17 16:43:20,828 INFO Comparing database entry: allier with Montluçon returned from geonames.
2025-08-17 16:43:20,828 INFO 📄 Index 2 | Name: Montluçon | fcl: P, fcode: PPLA3 | ADM1: Auvergne-Rhône-Alpes, ADM2: Allier, ADM3: Arrondissement of Montluçon, ADM4: Montluçon | Score: 56.65, Population: 44960 | Fuzzy match: 13.33333333333333
2025-08-17 16:43:20,828 INFO Comparing database entry: allier with Yzeure returned from geonames.
2025-08-17 16:43:20,828 INFO 📄 Index 3 | Name: Yzeure | fcl: P, fcode: PPL | ADM1: Auvergne-Rhône-Alpes, ADM2: Allier, ADM3: Arrondissement of Moulins, ADM4: Yzeure | Score: 51.61, Population: 13435 | Fuzzy match: 33.333333333333336
2025-08-17 16:43:20,828 WARNING ❌ No match found with fuzzy score > 80 for city: allier
2025-08-17 16:43:20,829 WARNING ❌ Lookup failed for city='allier', iso2='FR'
