2025-10-02 14:03:11,493 INFO 🗺️ Starting GeoNames lookup for city='blainville', country='france'
2025-10-02 14:03:11,493 INFO 📍 Location is present in the following articles: [ObjectId('68b5d97ecde3be93e243f884')]
2025-10-02 14:03:11,672 INFO Comparing database entry: blainville with Blainville-sur-Orne returned from geonames.
2025-10-02 14:03:11,672 INFO 📄 Index 0 | Name: Blainville-sur-Orne | fcl: P, fcode: PPL | ADM1: Normandy, ADM2: Calvados, ADM3: Arrondissement of Caen, ADM4: Blainville-sur-Orne | Latitude: 49.22913, Longitude: -0.30061 | Score: 43.46, Population: 4598 | Fuzzy match: 68.96551724137932
2025-10-02 14:03:11,672 INFO Comparing database entry: blainville with Blainville-Crevon returned from geonames.
2025-10-02 14:03:11,672 INFO 📄 Index 1 | Name: Blainville-Crevon | fcl: P, fcode: PPL | ADM1: Normandy, ADM2: Seine-Maritime, ADM3: Rouen, ADM4: Blainville-Crevon | Latitude: 49.50395, Longitude: 1.29952 | Score: 41.98, Population: 1143 | Fuzzy match: 74.07407407407408
2025-10-02 14:03:11,672 INFO Comparing database entry: blainville with Blainville-sur-Mer returned from geonames.
2025-10-02 14:03:11,672 INFO 📄 Index 2 | Name: Blainville-sur-Mer | fcl: P, fcode: PPL | ADM1: Normandy, ADM2: Manche, ADM3: Arrondissement of Coutances, ADM4: Blainville-sur-Mer | Latitude: 49.06599, Longitude: -1.5834 | Score: 31.58, Population: 1350 | Fuzzy match: 71.42857142857143
2025-10-02 14:03:11,672 INFO Comparing database entry: blainville with Blainville-sur-l'Eau returned from geonames.
2025-10-02 14:03:11,672 INFO 📄 Index 3 | Name: Blainville-sur-l'Eau | fcl: P, fcode: PPL | ADM1: Grand Est, ADM2: Meurthe et Moselle, ADM3: Arrondissement of Lunéville, ADM4: Blainville-sur-l'Eau | Latitude: 48.55689, Longitude: 6.40389 | Score: 20.90, Population: 0 | Fuzzy match: 66.66666666666667
2025-10-02 14:03:11,867 INFO Comparing database entry: blainville with Blainville-sur-Orne returned from geonames.
2025-10-02 14:03:11,867 INFO 📄 Index 0 | Name: Blainville-sur-Orne | fcl: P, fcode: PPL | ADM1: Normandy, ADM2: Calvados, ADM3: Arrondissement of Caen, ADM4: Blainville-sur-Orne | Latitude: 49.22913, Longitude: -0.30061 | Score: 43.46, Population: 4598 | Fuzzy match: 68.96551724137932
2025-10-02 14:03:11,867 INFO Comparing database entry: blainville with Blainville-Crevon returned from geonames.
2025-10-02 14:03:11,867 INFO 📄 Index 1 | Name: Blainville-Crevon | fcl: P, fcode: PPL | ADM1: Normandy, ADM2: Seine-Maritime, ADM3: Rouen, ADM4: Blainville-Crevon | Latitude: 49.50395, Longitude: 1.29952 | Score: 41.98, Population: 1143 | Fuzzy match: 74.07407407407408
2025-10-02 14:03:11,867 INFO Comparing database entry: blainville with Blainville-sur-Mer returned from geonames.
2025-10-02 14:03:11,867 INFO 📄 Index 2 | Name: Blainville-sur-Mer | fcl: P, fcode: PPL | ADM1: Normandy, ADM2: Manche, ADM3: Arrondissement of Coutances, ADM4: Blainville-sur-Mer | Latitude: 49.06599, Longitude: -1.5834 | Score: 31.58, Population: 1350 | Fuzzy match: 71.42857142857143
2025-10-02 14:03:11,867 INFO Comparing database entry: blainville with Blainville-sur-l'Eau returned from geonames.
2025-10-02 14:03:11,867 INFO 📄 Index 3 | Name: Blainville-sur-l'Eau | fcl: P, fcode: PPL | ADM1: Grand Est, ADM2: Meurthe et Moselle, ADM3: Arrondissement of Lunéville, ADM4: Blainville-sur-l'Eau | Latitude: 48.55689, Longitude: 6.40389 | Score: 20.90, Population: 0 | Fuzzy match: 66.66666666666667
2025-10-02 14:03:12,042 INFO Comparing database entry: blainville with Blainville-sur-Orne returned from geonames.
2025-10-02 14:03:12,042 INFO 📄 Index 0 | Name: Blainville-sur-Orne | fcl: P, fcode: PPL | ADM1: Normandy, ADM2: Calvados, ADM3: Arrondissement of Caen, ADM4: Blainville-sur-Orne | Latitude: 49.22913, Longitude: -0.30061 | Score: 43.46, Population: 4598 | Fuzzy match: 68.96551724137932
2025-10-02 14:03:12,042 INFO Comparing database entry: blainville with Blainville-Crevon returned from geonames.
2025-10-02 14:03:12,042 INFO 📄 Index 1 | Name: Blainville-Crevon | fcl: P, fcode: PPL | ADM1: Normandy, ADM2: Seine-Maritime, ADM3: Rouen, ADM4: Blainville-Crevon | Latitude: 49.50395, Longitude: 1.29952 | Score: 41.98, Population: 1143 | Fuzzy match: 74.07407407407408
2025-10-02 14:03:12,042 INFO Comparing database entry: blainville with Blainville-sur-Mer returned from geonames.
2025-10-02 14:03:12,042 INFO 📄 Index 2 | Name: Blainville-sur-Mer | fcl: P, fcode: PPL | ADM1: Normandy, ADM2: Manche, ADM3: Arrondissement of Coutances, ADM4: Blainville-sur-Mer | Latitude: 49.06599, Longitude: -1.5834 | Score: 31.58, Population: 1350 | Fuzzy match: 71.42857142857143
2025-10-02 14:03:12,042 INFO Comparing database entry: blainville with Blainville-sur-l'Eau returned from geonames.
2025-10-02 14:03:12,042 INFO 📄 Index 3 | Name: Blainville-sur-l'Eau | fcl: P, fcode: PPL | ADM1: Grand Est, ADM2: Meurthe et Moselle, ADM3: Arrondissement of Lunéville, ADM4: Blainville-sur-l'Eau | Latitude: 48.55689, Longitude: 6.40389 | Score: 20.90, Population: 0 | Fuzzy match: 66.66666666666667
2025-10-02 14:03:12,208 INFO Comparing database entry: blainville with Blainville-sur-Orne returned from geonames.
2025-10-02 14:03:12,208 INFO 📄 Index 0 | Name: Blainville-sur-Orne | fcl: P, fcode: PPL | ADM1: Normandy, ADM2: Calvados, ADM3: Arrondissement of Caen, ADM4: Blainville-sur-Orne | Latitude: 49.22913, Longitude: -0.30061 | Score: 43.46, Population: 4598 | Fuzzy match: 68.96551724137932
2025-10-02 14:03:12,208 INFO Comparing database entry: blainville with Blainville-Crevon returned from geonames.
2025-10-02 14:03:12,209 INFO 📄 Index 1 | Name: Blainville-Crevon | fcl: P, fcode: PPL | ADM1: Normandy, ADM2: Seine-Maritime, ADM3: Rouen, ADM4: Blainville-Crevon | Latitude: 49.50395, Longitude: 1.29952 | Score: 41.98, Population: 1143 | Fuzzy match: 74.07407407407408
2025-10-02 14:03:12,209 INFO Comparing database entry: blainville with Blainville-sur-Mer returned from geonames.
2025-10-02 14:03:12,209 INFO 📄 Index 2 | Name: Blainville-sur-Mer | fcl: P, fcode: PPL | ADM1: Normandy, ADM2: Manche, ADM3: Arrondissement of Coutances, ADM4: Blainville-sur-Mer | Latitude: 49.06599, Longitude: -1.5834 | Score: 31.58, Population: 1350 | Fuzzy match: 71.42857142857143
2025-10-02 14:03:12,209 INFO Comparing database entry: blainville with Blainville-sur-l'Eau returned from geonames.
2025-10-02 14:03:12,209 INFO 📄 Index 3 | Name: Blainville-sur-l'Eau | fcl: P, fcode: PPL | ADM1: Grand Est, ADM2: Meurthe et Moselle, ADM3: Arrondissement of Lunéville, ADM4: Blainville-sur-l'Eau | Latitude: 48.55689, Longitude: 6.40389 | Score: 20.90, Population: 0 | Fuzzy match: 66.66666666666667
2025-10-02 14:03:12,364 INFO Comparing database entry: blainville with Blainville-sur-Orne returned from geonames.
2025-10-02 14:03:12,364 INFO 📄 Index 0 | Name: Blainville-sur-Orne | fcl: P, fcode: PPL | ADM1: Normandy, ADM2: Calvados, ADM3: Arrondissement of Caen, ADM4: Blainville-sur-Orne | Latitude: 49.22913, Longitude: -0.30061 | Score: 43.46, Population: 4598 | Fuzzy match: 68.96551724137932
2025-10-02 14:03:12,364 INFO Comparing database entry: blainville with Blainville-Crevon returned from geonames.
2025-10-02 14:03:12,364 INFO 📄 Index 1 | Name: Blainville-Crevon | fcl: P, fcode: PPL | ADM1: Normandy, ADM2: Seine-Maritime, ADM3: Rouen, ADM4: Blainville-Crevon | Latitude: 49.50395, Longitude: 1.29952 | Score: 41.98, Population: 1143 | Fuzzy match: 74.07407407407408
2025-10-02 14:03:12,364 INFO Comparing database entry: blainville with Blainville-sur-Mer returned from geonames.
2025-10-02 14:03:12,364 INFO 📄 Index 2 | Name: Blainville-sur-Mer | fcl: P, fcode: PPL | ADM1: Normandy, ADM2: Manche, ADM3: Arrondissement of Coutances, ADM4: Blainville-sur-Mer | Latitude: 49.06599, Longitude: -1.5834 | Score: 31.58, Population: 1350 | Fuzzy match: 71.42857142857143
2025-10-02 14:03:12,364 INFO Comparing database entry: blainville with Blainville-sur-l'Eau returned from geonames.
2025-10-02 14:03:12,364 INFO 📄 Index 3 | Name: Blainville-sur-l'Eau | fcl: P, fcode: PPL | ADM1: Grand Est, ADM2: Meurthe et Moselle, ADM3: Arrondissement of Lunéville, ADM4: Blainville-sur-l'Eau | Latitude: 48.55689, Longitude: 6.40389 | Score: 20.90, Population: 0 | Fuzzy match: 66.66666666666667
2025-10-02 14:03:12,545 INFO Comparing database entry: blainville with Blainville-sur-Orne returned from geonames.
2025-10-02 14:03:12,545 INFO 📄 Index 0 | Name: Blainville-sur-Orne | fcl: P, fcode: PPL | ADM1: Normandy, ADM2: Calvados, ADM3: Arrondissement of Caen, ADM4: Blainville-sur-Orne | Latitude: 49.22913, Longitude: -0.30061 | Score: 43.46, Population: 4598 | Fuzzy match: 68.96551724137932
2025-10-02 14:03:12,545 INFO Comparing database entry: blainville with Blainville-Crevon returned from geonames.
2025-10-02 14:03:12,546 INFO 📄 Index 1 | Name: Blainville-Crevon | fcl: P, fcode: PPL | ADM1: Normandy, ADM2: Seine-Maritime, ADM3: Rouen, ADM4: Blainville-Crevon | Latitude: 49.50395, Longitude: 1.29952 | Score: 41.98, Population: 1143 | Fuzzy match: 74.07407407407408
2025-10-02 14:03:12,546 INFO Comparing database entry: blainville with Blainville-sur-Mer returned from geonames.
2025-10-02 14:03:12,546 INFO 📄 Index 2 | Name: Blainville-sur-Mer | fcl: P, fcode: PPL | ADM1: Normandy, ADM2: Manche, ADM3: Arrondissement of Coutances, ADM4: Blainville-sur-Mer | Latitude: 49.06599, Longitude: -1.5834 | Score: 31.58, Population: 1350 | Fuzzy match: 71.42857142857143
2025-10-02 14:03:12,546 INFO Comparing database entry: blainville with Blainville-sur-l'Eau returned from geonames.
2025-10-02 14:03:12,546 INFO 📄 Index 3 | Name: Blainville-sur-l'Eau | fcl: P, fcode: PPL | ADM1: Grand Est, ADM2: Meurthe et Moselle, ADM3: Arrondissement of Lunéville, ADM4: Blainville-sur-l'Eau | Latitude: 48.55689, Longitude: 6.40389 | Score: 20.90, Population: 0 | Fuzzy match: 66.66666666666667
2025-10-02 14:03:12,546 WARNING ❌ No match found with fuzzy score > 80 for city: blainville
2025-10-02 14:03:12,546 WARNING ❌ Lookup failed for city='blainville', iso2='FR'
