2025-09-26 20:52:22,520 INFO 🗺️ Starting GeoNames lookup for city='bugey', country='france'
2025-09-26 20:52:22,521 INFO 📍 Location is present in the following articles: [ObjectId('67fbf68594b7f855cfea6ccf'), ObjectId('67fbf76d94b7f855cfea7098'), ObjectId('67fbf7d294b7f855cfea7238'), ObjectId('67fbf80a94b7f855cfea731d')]
2025-09-26 20:52:22,711 INFO Comparing database entry: bugey with Ambérieu-en-Bugey returned from geonames.
2025-09-26 20:52:22,711 INFO 📄 Index 0 | Name: Ambérieu-en-Bugey | fcl: P, fcode: PPL | ADM1: Auvergne-Rhône-Alpes, ADM2: Ain, ADM3: Arrondissement of Belley, ADM4: Ambérieu-en-Bugey | Latitude: 45.95932, Longitude: 5.3516 | Score: 59.89, Population: 13260 | Fuzzy match: 45.45454545454546
2025-09-26 20:52:22,711 INFO Comparing database entry: bugey with Saint-Rambert-en-Bugey returned from geonames.
2025-09-26 20:52:22,711 INFO 📄 Index 1 | Name: Saint-Rambert-en-Bugey | fcl: P, fcode: PPL | ADM1: Auvergne-Rhône-Alpes, ADM2: Ain, ADM3: Arrondissement of Belley, ADM4: Saint-Rambert-en-Bugey | Latitude: 45.94734, Longitude: 5.4363 | Score: 26.94, Population: 2191 | Fuzzy match: 37.03703703703704
2025-09-26 20:52:22,711 INFO Comparing database entry: bugey with Vaux-en-Bugey returned from geonames.
2025-09-26 20:52:22,711 INFO 📄 Index 2 | Name: Vaux-en-Bugey | fcl: P, fcode: PPL | ADM1: Auvergne-Rhône-Alpes, ADM2: Ain, ADM3: Arrondissement of Belley, ADM4: Vaux-en-Bugey | Latitude: 45.92671, Longitude: 5.35141 | Score: 26.94, Population: 1105 | Fuzzy match: 55.55555555555556
2025-09-26 20:52:22,711 INFO Comparing database entry: bugey with Saint-Denis-en-Bugey returned from geonames.
2025-09-26 20:52:22,711 INFO 📄 Index 3 | Name: Saint-Denis-en-Bugey | fcl: P, fcode: PPL | ADM1: Auvergne-Rhône-Alpes, ADM2: Ain, ADM3: Arrondissement of Belley, ADM4: Saint-Denis-en-Bugey | Latitude: 45.94963, Longitude: 5.32773 | Score: 25.11, Population: 2132 | Fuzzy match: 40.0
2025-09-26 20:52:22,873 INFO Comparing database entry: bugey with Ambérieu-en-Bugey returned from geonames.
2025-09-26 20:52:22,873 INFO 📄 Index 0 | Name: Ambérieu-en-Bugey | fcl: P, fcode: PPL | ADM1: Auvergne-Rhône-Alpes, ADM2: Ain, ADM3: Arrondissement of Belley, ADM4: Ambérieu-en-Bugey | Latitude: 45.95932, Longitude: 5.3516 | Score: 59.89, Population: 13260 | Fuzzy match: 45.45454545454546
2025-09-26 20:52:22,873 INFO Comparing database entry: bugey with Saint-Rambert-en-Bugey returned from geonames.
2025-09-26 20:52:22,874 INFO 📄 Index 1 | Name: Saint-Rambert-en-Bugey | fcl: P, fcode: PPL | ADM1: Auvergne-Rhône-Alpes, ADM2: Ain, ADM3: Arrondissement of Belley, ADM4: Saint-Rambert-en-Bugey | Latitude: 45.94734, Longitude: 5.4363 | Score: 26.94, Population: 2191 | Fuzzy match: 37.03703703703704
2025-09-26 20:52:22,874 INFO Comparing database entry: bugey with Vaux-en-Bugey returned from geonames.
2025-09-26 20:52:22,874 INFO 📄 Index 2 | Name: Vaux-en-Bugey | fcl: P, fcode: PPL | ADM1: Auvergne-Rhône-Alpes, ADM2: Ain, ADM3: Arrondissement of Belley, ADM4: Vaux-en-Bugey | Latitude: 45.92671, Longitude: 5.35141 | Score: 26.94, Population: 1105 | Fuzzy match: 55.55555555555556
2025-09-26 20:52:22,874 INFO Comparing database entry: bugey with Saint-Denis-en-Bugey returned from geonames.
2025-09-26 20:52:22,874 INFO 📄 Index 3 | Name: Saint-Denis-en-Bugey | fcl: P, fcode: PPL | ADM1: Auvergne-Rhône-Alpes, ADM2: Ain, ADM3: Arrondissement of Belley, ADM4: Saint-Denis-en-Bugey | Latitude: 45.94963, Longitude: 5.32773 | Score: 25.11, Population: 2132 | Fuzzy match: 40.0
2025-09-26 20:52:23,024 INFO Comparing database entry: bugey with Ambérieu-en-Bugey returned from geonames.
2025-09-26 20:52:23,024 INFO 📄 Index 0 | Name: Ambérieu-en-Bugey | fcl: P, fcode: PPL | ADM1: Auvergne-Rhône-Alpes, ADM2: Ain, ADM3: Arrondissement of Belley, ADM4: Ambérieu-en-Bugey | Latitude: 45.95932, Longitude: 5.3516 | Score: 59.89, Population: 13260 | Fuzzy match: 45.45454545454546
2025-09-26 20:52:23,024 INFO Comparing database entry: bugey with Saint-Rambert-en-Bugey returned from geonames.
2025-09-26 20:52:23,024 INFO 📄 Index 1 | Name: Saint-Rambert-en-Bugey | fcl: P, fcode: PPL | ADM1: Auvergne-Rhône-Alpes, ADM2: Ain, ADM3: Arrondissement of Belley, ADM4: Saint-Rambert-en-Bugey | Latitude: 45.94734, Longitude: 5.4363 | Score: 26.94, Population: 2191 | Fuzzy match: 37.03703703703704
2025-09-26 20:52:23,025 INFO Comparing database entry: bugey with Vaux-en-Bugey returned from geonames.
2025-09-26 20:52:23,025 INFO 📄 Index 2 | Name: Vaux-en-Bugey | fcl: P, fcode: PPL | ADM1: Auvergne-Rhône-Alpes, ADM2: Ain, ADM3: Arrondissement of Belley, ADM4: Vaux-en-Bugey | Latitude: 45.92671, Longitude: 5.35141 | Score: 26.94, Population: 1105 | Fuzzy match: 55.55555555555556
2025-09-26 20:52:23,025 INFO Comparing database entry: bugey with Saint-Denis-en-Bugey returned from geonames.
2025-09-26 20:52:23,025 INFO 📄 Index 3 | Name: Saint-Denis-en-Bugey | fcl: P, fcode: PPL | ADM1: Auvergne-Rhône-Alpes, ADM2: Ain, ADM3: Arrondissement of Belley, ADM4: Saint-Denis-en-Bugey | Latitude: 45.94963, Longitude: 5.32773 | Score: 25.11, Population: 2132 | Fuzzy match: 40.0
2025-09-26 20:52:23,181 INFO Comparing database entry: bugey with Ambérieu-en-Bugey returned from geonames.
2025-09-26 20:52:23,181 INFO 📄 Index 0 | Name: Ambérieu-en-Bugey | fcl: P, fcode: PPL | ADM1: Auvergne-Rhône-Alpes, ADM2: Ain, ADM3: Arrondissement of Belley, ADM4: Ambérieu-en-Bugey | Latitude: 45.95932, Longitude: 5.3516 | Score: 59.89, Population: 13260 | Fuzzy match: 45.45454545454546
2025-09-26 20:52:23,182 INFO Comparing database entry: bugey with Saint-Rambert-en-Bugey returned from geonames.
2025-09-26 20:52:23,182 INFO 📄 Index 1 | Name: Saint-Rambert-en-Bugey | fcl: P, fcode: PPL | ADM1: Auvergne-Rhône-Alpes, ADM2: Ain, ADM3: Arrondissement of Belley, ADM4: Saint-Rambert-en-Bugey | Latitude: 45.94734, Longitude: 5.4363 | Score: 26.94, Population: 2191 | Fuzzy match: 37.03703703703704
2025-09-26 20:52:23,182 INFO Comparing database entry: bugey with Vaux-en-Bugey returned from geonames.
2025-09-26 20:52:23,182 INFO 📄 Index 2 | Name: Vaux-en-Bugey | fcl: P, fcode: PPL | ADM1: Auvergne-Rhône-Alpes, ADM2: Ain, ADM3: Arrondissement of Belley, ADM4: Vaux-en-Bugey | Latitude: 45.92671, Longitude: 5.35141 | Score: 26.94, Population: 1105 | Fuzzy match: 55.55555555555556
2025-09-26 20:52:23,182 INFO Comparing database entry: bugey with Saint-Denis-en-Bugey returned from geonames.
2025-09-26 20:52:23,182 INFO 📄 Index 3 | Name: Saint-Denis-en-Bugey | fcl: P, fcode: PPL | ADM1: Auvergne-Rhône-Alpes, ADM2: Ain, ADM3: Arrondissement of Belley, ADM4: Saint-Denis-en-Bugey | Latitude: 45.94963, Longitude: 5.32773 | Score: 25.11, Population: 2132 | Fuzzy match: 40.0
2025-09-26 20:52:23,358 INFO Comparing database entry: bugey with Ambérieu-en-Bugey returned from geonames.
2025-09-26 20:52:23,358 INFO 📄 Index 0 | Name: Ambérieu-en-Bugey | fcl: P, fcode: PPL | ADM1: Auvergne-Rhône-Alpes, ADM2: Ain, ADM3: Arrondissement of Belley, ADM4: Ambérieu-en-Bugey | Latitude: 45.95932, Longitude: 5.3516 | Score: 59.89, Population: 13260 | Fuzzy match: 45.45454545454546
2025-09-26 20:52:23,358 INFO Comparing database entry: bugey with Saint-Rambert-en-Bugey returned from geonames.
2025-09-26 20:52:23,359 INFO 📄 Index 1 | Name: Saint-Rambert-en-Bugey | fcl: P, fcode: PPL | ADM1: Auvergne-Rhône-Alpes, ADM2: Ain, ADM3: Arrondissement of Belley, ADM4: Saint-Rambert-en-Bugey | Latitude: 45.94734, Longitude: 5.4363 | Score: 26.94, Population: 2191 | Fuzzy match: 37.03703703703704
2025-09-26 20:52:23,359 INFO Comparing database entry: bugey with Vaux-en-Bugey returned from geonames.
2025-09-26 20:52:23,359 INFO 📄 Index 2 | Name: Vaux-en-Bugey | fcl: P, fcode: PPL | ADM1: Auvergne-Rhône-Alpes, ADM2: Ain, ADM3: Arrondissement of Belley, ADM4: Vaux-en-Bugey | Latitude: 45.92671, Longitude: 5.35141 | Score: 26.94, Population: 1105 | Fuzzy match: 55.55555555555556
2025-09-26 20:52:23,359 INFO Comparing database entry: bugey with Saint-Denis-en-Bugey returned from geonames.
2025-09-26 20:52:23,359 INFO 📄 Index 3 | Name: Saint-Denis-en-Bugey | fcl: P, fcode: PPL | ADM1: Auvergne-Rhône-Alpes, ADM2: Ain, ADM3: Arrondissement of Belley, ADM4: Saint-Denis-en-Bugey | Latitude: 45.94963, Longitude: 5.32773 | Score: 25.11, Population: 2132 | Fuzzy match: 40.0
2025-09-26 20:52:23,531 INFO Comparing database entry: bugey with Ambérieu-en-Bugey returned from geonames.
2025-09-26 20:52:23,531 INFO 📄 Index 0 | Name: Ambérieu-en-Bugey | fcl: P, fcode: PPL | ADM1: Auvergne-Rhône-Alpes, ADM2: Ain, ADM3: Arrondissement of Belley, ADM4: Ambérieu-en-Bugey | Latitude: 45.95932, Longitude: 5.3516 | Score: 59.89, Population: 13260 | Fuzzy match: 45.45454545454546
2025-09-26 20:52:23,531 INFO Comparing database entry: bugey with Saint-Rambert-en-Bugey returned from geonames.
2025-09-26 20:52:23,532 INFO 📄 Index 1 | Name: Saint-Rambert-en-Bugey | fcl: P, fcode: PPL | ADM1: Auvergne-Rhône-Alpes, ADM2: Ain, ADM3: Arrondissement of Belley, ADM4: Saint-Rambert-en-Bugey | Latitude: 45.94734, Longitude: 5.4363 | Score: 26.94, Population: 2191 | Fuzzy match: 37.03703703703704
2025-09-26 20:52:23,532 INFO Comparing database entry: bugey with Vaux-en-Bugey returned from geonames.
2025-09-26 20:52:23,532 INFO 📄 Index 2 | Name: Vaux-en-Bugey | fcl: P, fcode: PPL | ADM1: Auvergne-Rhône-Alpes, ADM2: Ain, ADM3: Arrondissement of Belley, ADM4: Vaux-en-Bugey | Latitude: 45.92671, Longitude: 5.35141 | Score: 26.94, Population: 1105 | Fuzzy match: 55.55555555555556
2025-09-26 20:52:23,532 INFO Comparing database entry: bugey with Saint-Denis-en-Bugey returned from geonames.
2025-09-26 20:52:23,532 INFO 📄 Index 3 | Name: Saint-Denis-en-Bugey | fcl: P, fcode: PPL | ADM1: Auvergne-Rhône-Alpes, ADM2: Ain, ADM3: Arrondissement of Belley, ADM4: Saint-Denis-en-Bugey | Latitude: 45.94963, Longitude: 5.32773 | Score: 25.11, Population: 2132 | Fuzzy match: 40.0
2025-09-26 20:52:23,532 WARNING ❌ No match found with fuzzy score > 80 for city: bugey
2025-09-26 20:52:23,532 WARNING ❌ Lookup failed for city='bugey', iso2='FR'
