2025-08-17 16:43:21,094 INFO 🗺️ Starting GeoNames lookup for city='bas-rhin', country='france'
2025-08-17 16:43:21,094 INFO 📍 Location is present in the following articles: [ObjectId('67fa7e59eaa4fb525afebf73')]
2025-08-17 16:43:21,339 INFO Comparing database entry: bas-rhin with Strasbourg returned from geonames.
2025-08-17 16:43:21,339 INFO 📄 Index 0 | Name: Strasbourg | fcl: P, fcode: PPLA | ADM1: Grand Est, ADM2: Bas-Rhin, ADM3: Strasbourg, ADM4: Strasbourg | Score: 102.40, Population: 274845 | Fuzzy match: 33.333333333333336
2025-08-17 16:43:21,339 INFO Comparing database entry: bas-rhin with Schiltigheim returned from geonames.
2025-08-17 16:43:21,339 INFO 📄 Index 1 | Name: Schiltigheim | fcl: P, fcode: PPL | ADM1: Grand Est, ADM2: Bas-Rhin, ADM3: Strasbourg, ADM4: Schiltigheim | Score: 58.95, Population: 32289 | Fuzzy match: 30.000000000000004
2025-08-17 16:43:21,340 INFO Comparing database entry: bas-rhin with Saverne returned from geonames.
2025-08-17 16:43:21,340 INFO 📄 Index 2 | Name: Saverne | fcl: P, fcode: PPLA3 | ADM1: Grand Est, ADM2: Bas-Rhin, ADM3: Arrondissement of Saverne, ADM4: Saverne | Score: 58.95, Population: 12439 | Fuzzy match: 40.0
2025-08-17 16:43:21,340 INFO Comparing database entry: bas-rhin with Haguenau returned from geonames.
2025-08-17 16:43:21,340 INFO 📄 Index 3 | Name: Haguenau | fcl: P, fcode: PPLA3 | ADM1: Grand Est, ADM2: Bas-Rhin, ADM3: Arrondissement of Haguenau, ADM4: Haguenau | Score: 58.95, Population: 38721 | Fuzzy match: 25.0
2025-08-17 16:43:21,493 INFO Comparing database entry: bas-rhin with Strasbourg returned from geonames.
2025-08-17 16:43:21,493 INFO 📄 Index 0 | Name: Strasbourg | fcl: P, fcode: PPLA | ADM1: Grand Est, ADM2: Bas-Rhin, ADM3: Strasbourg, ADM4: Strasbourg | Score: 102.40, Population: 274845 | Fuzzy match: 33.333333333333336
2025-08-17 16:43:21,493 INFO Comparing database entry: bas-rhin with Schiltigheim returned from geonames.
2025-08-17 16:43:21,493 INFO 📄 Index 1 | Name: Schiltigheim | fcl: P, fcode: PPL | ADM1: Grand Est, ADM2: Bas-Rhin, ADM3: Strasbourg, ADM4: Schiltigheim | Score: 58.95, Population: 32289 | Fuzzy match: 30.000000000000004
2025-08-17 16:43:21,493 INFO Comparing database entry: bas-rhin with Saverne returned from geonames.
2025-08-17 16:43:21,493 INFO 📄 Index 2 | Name: Saverne | fcl: P, fcode: PPLA3 | ADM1: Grand Est, ADM2: Bas-Rhin, ADM3: Arrondissement of Saverne, ADM4: Saverne | Score: 58.95, Population: 12439 | Fuzzy match: 40.0
2025-08-17 16:43:21,493 INFO Comparing database entry: bas-rhin with Haguenau returned from geonames.
2025-08-17 16:43:21,493 INFO 📄 Index 3 | Name: Haguenau | fcl: P, fcode: PPLA3 | ADM1: Grand Est, ADM2: Bas-Rhin, ADM3: Arrondissement of Haguenau, ADM4: Haguenau | Score: 58.95, Population: 38721 | Fuzzy match: 25.0
2025-08-17 16:43:21,694 INFO Comparing database entry: bas-rhin with Strasbourg returned from geonames.
2025-08-17 16:43:21,694 INFO 📄 Index 0 | Name: Strasbourg | fcl: P, fcode: PPLA | ADM1: Grand Est, ADM2: Bas-Rhin, ADM3: Strasbourg, ADM4: Strasbourg | Score: 102.40, Population: 274845 | Fuzzy match: 33.333333333333336
2025-08-17 16:43:21,694 INFO Comparing database entry: bas-rhin with Schiltigheim returned from geonames.
2025-08-17 16:43:21,694 INFO 📄 Index 1 | Name: Schiltigheim | fcl: P, fcode: PPL | ADM1: Grand Est, ADM2: Bas-Rhin, ADM3: Strasbourg, ADM4: Schiltigheim | Score: 58.95, Population: 32289 | Fuzzy match: 30.000000000000004
2025-08-17 16:43:21,694 INFO Comparing database entry: bas-rhin with Saverne returned from geonames.
2025-08-17 16:43:21,695 INFO 📄 Index 2 | Name: Saverne | fcl: P, fcode: PPLA3 | ADM1: Grand Est, ADM2: Bas-Rhin, ADM3: Arrondissement of Saverne, ADM4: Saverne | Score: 58.95, Population: 12439 | Fuzzy match: 40.0
2025-08-17 16:43:21,695 INFO Comparing database entry: bas-rhin with Haguenau returned from geonames.
2025-08-17 16:43:21,695 INFO 📄 Index 3 | Name: Haguenau | fcl: P, fcode: PPLA3 | ADM1: Grand Est, ADM2: Bas-Rhin, ADM3: Arrondissement of Haguenau, ADM4: Haguenau | Score: 58.95, Population: 38721 | Fuzzy match: 25.0
2025-08-17 16:43:21,880 INFO Comparing database entry: bas-rhin with Strasbourg returned from geonames.
2025-08-17 16:43:21,880 INFO 📄 Index 0 | Name: Strasbourg | fcl: P, fcode: PPLA | ADM1: Grand Est, ADM2: Bas-Rhin, ADM3: Strasbourg, ADM4: Strasbourg | Score: 102.40, Population: 274845 | Fuzzy match: 33.333333333333336
2025-08-17 16:43:21,880 INFO Comparing database entry: bas-rhin with Schiltigheim returned from geonames.
2025-08-17 16:43:21,880 INFO 📄 Index 1 | Name: Schiltigheim | fcl: P, fcode: PPL | ADM1: Grand Est, ADM2: Bas-Rhin, ADM3: Strasbourg, ADM4: Schiltigheim | Score: 58.95, Population: 32289 | Fuzzy match: 30.000000000000004
2025-08-17 16:43:21,880 INFO Comparing database entry: bas-rhin with Saverne returned from geonames.
2025-08-17 16:43:21,880 INFO 📄 Index 2 | Name: Saverne | fcl: P, fcode: PPLA3 | ADM1: Grand Est, ADM2: Bas-Rhin, ADM3: Arrondissement of Saverne, ADM4: Saverne | Score: 58.95, Population: 12439 | Fuzzy match: 40.0
2025-08-17 16:43:21,881 INFO Comparing database entry: bas-rhin with Haguenau returned from geonames.
2025-08-17 16:43:21,881 INFO 📄 Index 3 | Name: Haguenau | fcl: P, fcode: PPLA3 | ADM1: Grand Est, ADM2: Bas-Rhin, ADM3: Arrondissement of Haguenau, ADM4: Haguenau | Score: 58.95, Population: 38721 | Fuzzy match: 25.0
2025-08-17 16:43:22,030 INFO Comparing database entry: bas-rhin with Strasbourg returned from geonames.
2025-08-17 16:43:22,030 INFO 📄 Index 0 | Name: Strasbourg | fcl: P, fcode: PPLA | ADM1: Grand Est, ADM2: Bas-Rhin, ADM3: Strasbourg, ADM4: Strasbourg | Score: 102.40, Population: 274845 | Fuzzy match: 33.333333333333336
2025-08-17 16:43:22,030 INFO Comparing database entry: bas-rhin with Schiltigheim returned from geonames.
2025-08-17 16:43:22,030 INFO 📄 Index 1 | Name: Schiltigheim | fcl: P, fcode: PPL | ADM1: Grand Est, ADM2: Bas-Rhin, ADM3: Strasbourg, ADM4: Schiltigheim | Score: 58.95, Population: 32289 | Fuzzy match: 30.000000000000004
2025-08-17 16:43:22,031 INFO Comparing database entry: bas-rhin with Saverne returned from geonames.
2025-08-17 16:43:22,031 INFO 📄 Index 2 | Name: Saverne | fcl: P, fcode: PPLA3 | ADM1: Grand Est, ADM2: Bas-Rhin, ADM3: Arrondissement of Saverne, ADM4: Saverne | Score: 58.95, Population: 12439 | Fuzzy match: 40.0
2025-08-17 16:43:22,031 INFO Comparing database entry: bas-rhin with Haguenau returned from geonames.
2025-08-17 16:43:22,031 INFO 📄 Index 3 | Name: Haguenau | fcl: P, fcode: PPLA3 | ADM1: Grand Est, ADM2: Bas-Rhin, ADM3: Arrondissement of Haguenau, ADM4: Haguenau | Score: 58.95, Population: 38721 | Fuzzy match: 25.0
2025-08-17 16:43:22,179 INFO Comparing database entry: bas-rhin with Strasbourg returned from geonames.
2025-08-17 16:43:22,180 INFO 📄 Index 0 | Name: Strasbourg | fcl: P, fcode: PPLA | ADM1: Grand Est, ADM2: Bas-Rhin, ADM3: Strasbourg, ADM4: Strasbourg | Score: 102.40, Population: 274845 | Fuzzy match: 33.333333333333336
2025-08-17 16:43:22,180 INFO Comparing database entry: bas-rhin with Schiltigheim returned from geonames.
2025-08-17 16:43:22,180 INFO 📄 Index 1 | Name: Schiltigheim | fcl: P, fcode: PPL | ADM1: Grand Est, ADM2: Bas-Rhin, ADM3: Strasbourg, ADM4: Schiltigheim | Score: 58.95, Population: 32289 | Fuzzy match: 30.000000000000004
2025-08-17 16:43:22,180 INFO Comparing database entry: bas-rhin with Saverne returned from geonames.
2025-08-17 16:43:22,180 INFO 📄 Index 2 | Name: Saverne | fcl: P, fcode: PPLA3 | ADM1: Grand Est, ADM2: Bas-Rhin, ADM3: Arrondissement of Saverne, ADM4: Saverne | Score: 58.95, Population: 12439 | Fuzzy match: 40.0
2025-08-17 16:43:22,180 INFO Comparing database entry: bas-rhin with Haguenau returned from geonames.
2025-08-17 16:43:22,180 INFO 📄 Index 3 | Name: Haguenau | fcl: P, fcode: PPLA3 | ADM1: Grand Est, ADM2: Bas-Rhin, ADM3: Arrondissement of Haguenau, ADM4: Haguenau | Score: 58.95, Population: 38721 | Fuzzy match: 25.0
2025-08-17 16:43:22,180 WARNING ❌ No match found with fuzzy score > 80 for city: bas-rhin
2025-08-17 16:43:22,180 WARNING ❌ Lookup failed for city='basrhin', iso2='FR'
