2025-08-07 18:24:26,875 INFO 🗺️ Starting GeoNames lookup for city='burgundy', country='france'
2025-08-07 18:24:26,876 INFO 📍 Location is present in the following articles: [ObjectId('67fbeeac94b7f855cfea65f8')]
2025-08-07 18:24:27,026 INFO Comparing database entry: burgundy with Bourgogne returned from geonames.
2025-08-07 18:24:27,027 INFO 📄 Index 0 | Name: Bourgogne | fcl: A, fcode: ADM1H | ADM1: Bourgogne, ADM2: , ADM3: , ADM4:  | Score: 58.24, Population: 1633891 | Fuzzy match: 58.82352941176471
2025-08-07 18:24:27,027 INFO Comparing database entry: burgundy with Kingdom of Burgundy returned from geonames.
2025-08-07 18:24:27,027 INFO 📄 Index 1 | Name: Kingdom of Burgundy | fcl: P, fcode: PPLH | ADM1: Auvergne-Rhône-Alpes, ADM2: Isère, ADM3: Arrondissement of La Tour-du-Pin, ADM4: Saint-Baudille-de-la-Tour | Score: 5.82, Population: 0 | Fuzzy match: 59.25925925925925
2025-08-07 18:24:27,154 INFO Comparing database entry: burgundy with Bourgogne returned from geonames.
2025-08-07 18:24:27,154 INFO 📄 Index 0 | Name: Bourgogne | fcl: A, fcode: ADM1H | ADM1: Bourgogne, ADM2: , ADM3: , ADM4:  | Score: 58.24, Population: 1633891 | Fuzzy match: 58.82352941176471
2025-08-07 18:24:27,154 INFO Comparing database entry: burgundy with Kingdom of Burgundy returned from geonames.
2025-08-07 18:24:27,154 INFO 📄 Index 1 | Name: Kingdom of Burgundy | fcl: P, fcode: PPLH | ADM1: Auvergne-Rhône-Alpes, ADM2: Isère, ADM3: Arrondissement of La Tour-du-Pin, ADM4: Saint-Baudille-de-la-Tour | Score: 5.82, Population: 0 | Fuzzy match: 59.25925925925925
2025-08-07 18:24:27,300 INFO Comparing database entry: burgundy with Bourgogne returned from geonames.
2025-08-07 18:24:27,301 INFO 📄 Index 0 | Name: Bourgogne | fcl: A, fcode: ADM1H | ADM1: Bourgogne, ADM2: , ADM3: , ADM4:  | Score: 58.24, Population: 1633891 | Fuzzy match: 58.82352941176471
2025-08-07 18:24:27,301 INFO Comparing database entry: burgundy with Kingdom of Burgundy returned from geonames.
2025-08-07 18:24:27,301 INFO 📄 Index 1 | Name: Kingdom of Burgundy | fcl: P, fcode: PPLH | ADM1: Auvergne-Rhône-Alpes, ADM2: Isère, ADM3: Arrondissement of La Tour-du-Pin, ADM4: Saint-Baudille-de-la-Tour | Score: 5.82, Population: 0 | Fuzzy match: 59.25925925925925
2025-08-07 18:24:27,458 INFO Comparing database entry: burgundy with Bourgogne returned from geonames.
2025-08-07 18:24:27,458 INFO 📄 Index 0 | Name: Bourgogne | fcl: A, fcode: ADM1H | ADM1: Bourgogne, ADM2: , ADM3: , ADM4:  | Score: 58.24, Population: 1633891 | Fuzzy match: 58.82352941176471
2025-08-07 18:24:27,458 INFO Comparing database entry: burgundy with Kingdom of Burgundy returned from geonames.
2025-08-07 18:24:27,458 INFO 📄 Index 1 | Name: Kingdom of Burgundy | fcl: P, fcode: PPLH | ADM1: Auvergne-Rhône-Alpes, ADM2: Isère, ADM3: Arrondissement of La Tour-du-Pin, ADM4: Saint-Baudille-de-la-Tour | Score: 5.82, Population: 0 | Fuzzy match: 59.25925925925925
2025-08-07 18:24:27,614 INFO Comparing database entry: burgundy with Bourgogne returned from geonames.
2025-08-07 18:24:27,614 INFO 📄 Index 0 | Name: Bourgogne | fcl: A, fcode: ADM1H | ADM1: Bourgogne, ADM2: , ADM3: , ADM4:  | Score: 58.24, Population: 1633891 | Fuzzy match: 58.82352941176471
2025-08-07 18:24:27,614 INFO Comparing database entry: burgundy with Kingdom of Burgundy returned from geonames.
2025-08-07 18:24:27,614 INFO 📄 Index 1 | Name: Kingdom of Burgundy | fcl: P, fcode: PPLH | ADM1: Auvergne-Rhône-Alpes, ADM2: Isère, ADM3: Arrondissement of La Tour-du-Pin, ADM4: Saint-Baudille-de-la-Tour | Score: 5.82, Population: 0 | Fuzzy match: 59.25925925925925
2025-08-07 18:24:27,789 INFO Comparing database entry: burgundy with Bourgogne returned from geonames.
2025-08-07 18:24:27,789 INFO 📄 Index 0 | Name: Bourgogne | fcl: A, fcode: ADM1H | ADM1: Bourgogne, ADM2: , ADM3: , ADM4:  | Score: 58.24, Population: 1633891 | Fuzzy match: 58.82352941176471
2025-08-07 18:24:27,789 INFO Comparing database entry: burgundy with Kingdom of Burgundy returned from geonames.
2025-08-07 18:24:27,789 INFO 📄 Index 1 | Name: Kingdom of Burgundy | fcl: P, fcode: PPLH | ADM1: Auvergne-Rhône-Alpes, ADM2: Isère, ADM3: Arrondissement of La Tour-du-Pin, ADM4: Saint-Baudille-de-la-Tour | Score: 5.82, Population: 0 | Fuzzy match: 59.25925925925925
2025-08-07 18:24:27,789 WARNING ❌ No match found with fuzzy score > 80 for city: burgundy
2025-08-07 18:24:27,790 WARNING ❌ Lookup failed for city='burgundy', iso2='FR'
