2025-08-17 16:01:12,324 INFO 🗺️ Starting GeoNames lookup for city='bretagne', country='france'
2025-08-17 16:01:12,324 INFO 📍 Location is present in the following articles: [ObjectId('67fa62fe38fb90ab92f8c3a3')]
2025-08-17 16:01:12,514 INFO Comparing database entry: bretagne with Rennes returned from geonames.
2025-08-17 16:01:12,514 INFO 📄 Index 0 | Name: Rennes | fcl: P, fcode: PPLA | ADM1: Brittany, ADM2: Ille-et-Vilaine, ADM3: Arrondissement of Rennes, ADM4: Rennes | Score: 78.87, Population: 220488 | Fuzzy match: 57.14285714285714
2025-08-17 16:01:12,514 INFO Comparing database entry: bretagne with Brittany returned from geonames.
2025-08-17 16:01:12,514 INFO 📄 Index 1 | Name: Brittany | fcl: A, fcode: ADM1 | ADM1: Brittany, ADM2: , ADM3: , ADM4:  | Score: 74.49, Population: 3120288 | Fuzzy match: 62.5
2025-08-17 16:01:12,514 INFO Comparing database entry: bretagne with Brest returned from geonames.
2025-08-17 16:01:12,514 INFO 📄 Index 2 | Name: Brest | fcl: P, fcode: PPLA3 | ADM1: Brittany, ADM2: Finistère, ADM3: Brest, ADM4: Brest | Score: 67.45, Population: 144899 | Fuzzy match: 61.53846153846154
2025-08-17 16:01:12,515 INFO Comparing database entry: bretagne with Vannes returned from geonames.
2025-08-17 16:01:12,515 INFO 📄 Index 3 | Name: Vannes | fcl: P, fcode: PPLA2 | ADM1: Brittany, ADM2: Morbihan, ADM3: Arrondissement of Vannes, ADM4: Vannes | Score: 56.03, Population: 54020 | Fuzzy match: 42.85714285714286
2025-08-17 16:01:12,700 INFO Comparing database entry: bretagne with Rennes returned from geonames.
2025-08-17 16:01:12,701 INFO 📄 Index 0 | Name: Rennes | fcl: P, fcode: PPLA | ADM1: Brittany, ADM2: Ille-et-Vilaine, ADM3: Arrondissement of Rennes, ADM4: Rennes | Score: 78.87, Population: 220488 | Fuzzy match: 57.14285714285714
2025-08-17 16:01:12,701 INFO Comparing database entry: bretagne with Brittany returned from geonames.
2025-08-17 16:01:12,701 INFO 📄 Index 1 | Name: Brittany | fcl: A, fcode: ADM1 | ADM1: Brittany, ADM2: , ADM3: , ADM4:  | Score: 74.49, Population: 3120288 | Fuzzy match: 62.5
2025-08-17 16:01:12,701 INFO Comparing database entry: bretagne with Brest returned from geonames.
2025-08-17 16:01:12,701 INFO 📄 Index 2 | Name: Brest | fcl: P, fcode: PPLA3 | ADM1: Brittany, ADM2: Finistère, ADM3: Brest, ADM4: Brest | Score: 67.45, Population: 144899 | Fuzzy match: 61.53846153846154
2025-08-17 16:01:12,701 INFO Comparing database entry: bretagne with Vannes returned from geonames.
2025-08-17 16:01:12,701 INFO 📄 Index 3 | Name: Vannes | fcl: P, fcode: PPLA2 | ADM1: Brittany, ADM2: Morbihan, ADM3: Arrondissement of Vannes, ADM4: Vannes | Score: 56.03, Population: 54020 | Fuzzy match: 42.85714285714286
2025-08-17 16:01:12,910 INFO Comparing database entry: bretagne with Rennes returned from geonames.
2025-08-17 16:01:12,911 INFO 📄 Index 0 | Name: Rennes | fcl: P, fcode: PPLA | ADM1: Brittany, ADM2: Ille-et-Vilaine, ADM3: Arrondissement of Rennes, ADM4: Rennes | Score: 78.87, Population: 220488 | Fuzzy match: 57.14285714285714
2025-08-17 16:01:12,911 INFO Comparing database entry: bretagne with Brittany returned from geonames.
2025-08-17 16:01:12,911 INFO 📄 Index 1 | Name: Brittany | fcl: A, fcode: ADM1 | ADM1: Brittany, ADM2: , ADM3: , ADM4:  | Score: 74.49, Population: 3120288 | Fuzzy match: 62.5
2025-08-17 16:01:12,911 INFO Comparing database entry: bretagne with Brest returned from geonames.
2025-08-17 16:01:12,911 INFO 📄 Index 2 | Name: Brest | fcl: P, fcode: PPLA3 | ADM1: Brittany, ADM2: Finistère, ADM3: Brest, ADM4: Brest | Score: 67.45, Population: 144899 | Fuzzy match: 61.53846153846154
2025-08-17 16:01:12,911 INFO Comparing database entry: bretagne with Vannes returned from geonames.
2025-08-17 16:01:12,911 INFO 📄 Index 3 | Name: Vannes | fcl: P, fcode: PPLA2 | ADM1: Brittany, ADM2: Morbihan, ADM3: Arrondissement of Vannes, ADM4: Vannes | Score: 56.03, Population: 54020 | Fuzzy match: 42.85714285714286
2025-08-17 16:01:13,100 INFO Comparing database entry: bretagne with Rennes returned from geonames.
2025-08-17 16:01:13,100 INFO 📄 Index 0 | Name: Rennes | fcl: P, fcode: PPLA | ADM1: Brittany, ADM2: Ille-et-Vilaine, ADM3: Arrondissement of Rennes, ADM4: Rennes | Score: 78.87, Population: 220488 | Fuzzy match: 57.14285714285714
2025-08-17 16:01:13,100 INFO Comparing database entry: bretagne with Brittany returned from geonames.
2025-08-17 16:01:13,100 INFO 📄 Index 1 | Name: Brittany | fcl: A, fcode: ADM1 | ADM1: Brittany, ADM2: , ADM3: , ADM4:  | Score: 74.49, Population: 3120288 | Fuzzy match: 62.5
2025-08-17 16:01:13,100 INFO Comparing database entry: bretagne with Brest returned from geonames.
2025-08-17 16:01:13,100 INFO 📄 Index 2 | Name: Brest | fcl: P, fcode: PPLA3 | ADM1: Brittany, ADM2: Finistère, ADM3: Brest, ADM4: Brest | Score: 67.45, Population: 144899 | Fuzzy match: 61.53846153846154
2025-08-17 16:01:13,100 INFO Comparing database entry: bretagne with Vannes returned from geonames.
2025-08-17 16:01:13,100 INFO 📄 Index 3 | Name: Vannes | fcl: P, fcode: PPLA2 | ADM1: Brittany, ADM2: Morbihan, ADM3: Arrondissement of Vannes, ADM4: Vannes | Score: 56.03, Population: 54020 | Fuzzy match: 42.85714285714286
2025-08-17 16:01:13,278 INFO Comparing database entry: bretagne with Rennes returned from geonames.
2025-08-17 16:01:13,279 INFO 📄 Index 0 | Name: Rennes | fcl: P, fcode: PPLA | ADM1: Brittany, ADM2: Ille-et-Vilaine, ADM3: Arrondissement of Rennes, ADM4: Rennes | Score: 78.87, Population: 220488 | Fuzzy match: 57.14285714285714
2025-08-17 16:01:13,279 INFO Comparing database entry: bretagne with Brittany returned from geonames.
2025-08-17 16:01:13,279 INFO 📄 Index 1 | Name: Brittany | fcl: A, fcode: ADM1 | ADM1: Brittany, ADM2: , ADM3: , ADM4:  | Score: 74.49, Population: 3120288 | Fuzzy match: 62.5
2025-08-17 16:01:13,279 INFO Comparing database entry: bretagne with Brest returned from geonames.
2025-08-17 16:01:13,279 INFO 📄 Index 2 | Name: Brest | fcl: P, fcode: PPLA3 | ADM1: Brittany, ADM2: Finistère, ADM3: Brest, ADM4: Brest | Score: 67.45, Population: 144899 | Fuzzy match: 61.53846153846154
2025-08-17 16:01:13,279 INFO Comparing database entry: bretagne with Vannes returned from geonames.
2025-08-17 16:01:13,279 INFO 📄 Index 3 | Name: Vannes | fcl: P, fcode: PPLA2 | ADM1: Brittany, ADM2: Morbihan, ADM3: Arrondissement of Vannes, ADM4: Vannes | Score: 56.03, Population: 54020 | Fuzzy match: 42.85714285714286
2025-08-17 16:01:13,469 INFO Comparing database entry: bretagne with Rennes returned from geonames.
2025-08-17 16:01:13,469 INFO 📄 Index 0 | Name: Rennes | fcl: P, fcode: PPLA | ADM1: Brittany, ADM2: Ille-et-Vilaine, ADM3: Arrondissement of Rennes, ADM4: Rennes | Score: 78.87, Population: 220488 | Fuzzy match: 57.14285714285714
2025-08-17 16:01:13,469 INFO Comparing database entry: bretagne with Brittany returned from geonames.
2025-08-17 16:01:13,469 INFO 📄 Index 1 | Name: Brittany | fcl: A, fcode: ADM1 | ADM1: Brittany, ADM2: , ADM3: , ADM4:  | Score: 74.49, Population: 3120288 | Fuzzy match: 62.5
2025-08-17 16:01:13,469 INFO Comparing database entry: bretagne with Brest returned from geonames.
2025-08-17 16:01:13,469 INFO 📄 Index 2 | Name: Brest | fcl: P, fcode: PPLA3 | ADM1: Brittany, ADM2: Finistère, ADM3: Brest, ADM4: Brest | Score: 67.45, Population: 144899 | Fuzzy match: 61.53846153846154
2025-08-17 16:01:13,469 INFO Comparing database entry: bretagne with Vannes returned from geonames.
2025-08-17 16:01:13,469 INFO 📄 Index 3 | Name: Vannes | fcl: P, fcode: PPLA2 | ADM1: Brittany, ADM2: Morbihan, ADM3: Arrondissement of Vannes, ADM4: Vannes | Score: 56.03, Population: 54020 | Fuzzy match: 42.85714285714286
2025-08-17 16:01:13,469 WARNING ❌ No match found with fuzzy score > 80 for city: bretagne
2025-08-17 16:01:13,469 WARNING ❌ Lookup failed for city='bretagne', iso2='FR'
