2025-08-17 16:43:23,575 INFO 🗺️ Starting GeoNames lookup for city='charente-maritime', country='france'
2025-08-17 16:43:23,575 INFO 📍 Location is present in the following articles: [ObjectId('67fa7e59eaa4fb525afebf73')]
2025-08-17 16:43:23,762 INFO Comparing database entry: charente-maritime with La Rochelle returned from geonames.
2025-08-17 16:43:23,762 INFO 📄 Index 0 | Name: La Rochelle | fcl: P, fcode: PPLA2 | ADM1: Nouvelle-Aquitaine, ADM2: Charente-Maritime, ADM3: Arrondissement of La Rochelle, ADM4: La Rochelle | Score: 71.87, Population: 76810 | Fuzzy match: 28.57142857142857
2025-08-17 16:43:23,762 INFO Comparing database entry: charente-maritime with Royan returned from geonames.
2025-08-17 16:43:23,762 INFO 📄 Index 1 | Name: Royan | fcl: P, fcode: PPL | ADM1: Nouvelle-Aquitaine, ADM2: Charente-Maritime, ADM3: Arrondissement of Rochefort, ADM4: Royan | Score: 67.19, Population: 19017 | Fuzzy match: 18.181818181818176
2025-08-17 16:43:23,763 INFO Comparing database entry: charente-maritime with Rochefort returned from geonames.
2025-08-17 16:43:23,763 INFO 📄 Index 2 | Name: Rochefort | fcl: P, fcode: PPLA3 | ADM1: Nouvelle-Aquitaine, ADM2: Charente-Maritime, ADM3: Arrondissement of Rochefort, ADM4: Rochefort | Score: 65.98, Population: 29427 | Fuzzy match: 38.46153846153846
2025-08-17 16:43:23,763 INFO Comparing database entry: charente-maritime with Saintes returned from geonames.
2025-08-17 16:43:23,763 INFO 📄 Index 3 | Name: Saintes | fcl: P, fcode: PPLA3 | ADM1: Nouvelle-Aquitaine, ADM2: Charente-Maritime, ADM3: Arrondissement of Saintes, ADM4: Saintes | Score: 63.15, Population: 29512 | Fuzzy match: 33.333333333333336
2025-08-17 16:43:23,912 INFO Comparing database entry: charente-maritime with La Rochelle returned from geonames.
2025-08-17 16:43:23,912 INFO 📄 Index 0 | Name: La Rochelle | fcl: P, fcode: PPLA2 | ADM1: Nouvelle-Aquitaine, ADM2: Charente-Maritime, ADM3: Arrondissement of La Rochelle, ADM4: La Rochelle | Score: 71.87, Population: 76810 | Fuzzy match: 28.57142857142857
2025-08-17 16:43:23,912 INFO Comparing database entry: charente-maritime with Royan returned from geonames.
2025-08-17 16:43:23,912 INFO 📄 Index 1 | Name: Royan | fcl: P, fcode: PPL | ADM1: Nouvelle-Aquitaine, ADM2: Charente-Maritime, ADM3: Arrondissement of Rochefort, ADM4: Royan | Score: 67.19, Population: 19017 | Fuzzy match: 18.181818181818176
2025-08-17 16:43:23,913 INFO Comparing database entry: charente-maritime with Rochefort returned from geonames.
2025-08-17 16:43:23,913 INFO 📄 Index 2 | Name: Rochefort | fcl: P, fcode: PPLA3 | ADM1: Nouvelle-Aquitaine, ADM2: Charente-Maritime, ADM3: Arrondissement of Rochefort, ADM4: Rochefort | Score: 65.98, Population: 29427 | Fuzzy match: 38.46153846153846
2025-08-17 16:43:23,913 INFO Comparing database entry: charente-maritime with Saintes returned from geonames.
2025-08-17 16:43:23,913 INFO 📄 Index 3 | Name: Saintes | fcl: P, fcode: PPLA3 | ADM1: Nouvelle-Aquitaine, ADM2: Charente-Maritime, ADM3: Arrondissement of Saintes, ADM4: Saintes | Score: 63.15, Population: 29512 | Fuzzy match: 33.333333333333336
2025-08-17 16:43:24,067 INFO Comparing database entry: charente-maritime with La Rochelle returned from geonames.
2025-08-17 16:43:24,067 INFO 📄 Index 0 | Name: La Rochelle | fcl: P, fcode: PPLA2 | ADM1: Nouvelle-Aquitaine, ADM2: Charente-Maritime, ADM3: Arrondissement of La Rochelle, ADM4: La Rochelle | Score: 71.87, Population: 76810 | Fuzzy match: 28.57142857142857
2025-08-17 16:43:24,067 INFO Comparing database entry: charente-maritime with Royan returned from geonames.
2025-08-17 16:43:24,068 INFO 📄 Index 1 | Name: Royan | fcl: P, fcode: PPL | ADM1: Nouvelle-Aquitaine, ADM2: Charente-Maritime, ADM3: Arrondissement of Rochefort, ADM4: Royan | Score: 67.19, Population: 19017 | Fuzzy match: 18.181818181818176
2025-08-17 16:43:24,068 INFO Comparing database entry: charente-maritime with Rochefort returned from geonames.
2025-08-17 16:43:24,068 INFO 📄 Index 2 | Name: Rochefort | fcl: P, fcode: PPLA3 | ADM1: Nouvelle-Aquitaine, ADM2: Charente-Maritime, ADM3: Arrondissement of Rochefort, ADM4: Rochefort | Score: 65.98, Population: 29427 | Fuzzy match: 38.46153846153846
2025-08-17 16:43:24,068 INFO Comparing database entry: charente-maritime with Saintes returned from geonames.
2025-08-17 16:43:24,068 INFO 📄 Index 3 | Name: Saintes | fcl: P, fcode: PPLA3 | ADM1: Nouvelle-Aquitaine, ADM2: Charente-Maritime, ADM3: Arrondissement of Saintes, ADM4: Saintes | Score: 63.15, Population: 29512 | Fuzzy match: 33.333333333333336
2025-08-17 16:43:24,226 INFO Comparing database entry: charente-maritime with La Rochelle returned from geonames.
2025-08-17 16:43:24,227 INFO 📄 Index 0 | Name: La Rochelle | fcl: P, fcode: PPLA2 | ADM1: Nouvelle-Aquitaine, ADM2: Charente-Maritime, ADM3: Arrondissement of La Rochelle, ADM4: La Rochelle | Score: 71.87, Population: 76810 | Fuzzy match: 28.57142857142857
2025-08-17 16:43:24,227 INFO Comparing database entry: charente-maritime with Royan returned from geonames.
2025-08-17 16:43:24,227 INFO 📄 Index 1 | Name: Royan | fcl: P, fcode: PPL | ADM1: Nouvelle-Aquitaine, ADM2: Charente-Maritime, ADM3: Arrondissement of Rochefort, ADM4: Royan | Score: 67.19, Population: 19017 | Fuzzy match: 18.181818181818176
2025-08-17 16:43:24,227 INFO Comparing database entry: charente-maritime with Rochefort returned from geonames.
2025-08-17 16:43:24,227 INFO 📄 Index 2 | Name: Rochefort | fcl: P, fcode: PPLA3 | ADM1: Nouvelle-Aquitaine, ADM2: Charente-Maritime, ADM3: Arrondissement of Rochefort, ADM4: Rochefort | Score: 65.98, Population: 29427 | Fuzzy match: 38.46153846153846
2025-08-17 16:43:24,227 INFO Comparing database entry: charente-maritime with Saintes returned from geonames.
2025-08-17 16:43:24,227 INFO 📄 Index 3 | Name: Saintes | fcl: P, fcode: PPLA3 | ADM1: Nouvelle-Aquitaine, ADM2: Charente-Maritime, ADM3: Arrondissement of Saintes, ADM4: Saintes | Score: 63.15, Population: 29512 | Fuzzy match: 33.333333333333336
2025-08-17 16:43:24,384 INFO Comparing database entry: charente-maritime with La Rochelle returned from geonames.
2025-08-17 16:43:24,384 INFO 📄 Index 0 | Name: La Rochelle | fcl: P, fcode: PPLA2 | ADM1: Nouvelle-Aquitaine, ADM2: Charente-Maritime, ADM3: Arrondissement of La Rochelle, ADM4: La Rochelle | Score: 71.87, Population: 76810 | Fuzzy match: 28.57142857142857
2025-08-17 16:43:24,384 INFO Comparing database entry: charente-maritime with Royan returned from geonames.
2025-08-17 16:43:24,384 INFO 📄 Index 1 | Name: Royan | fcl: P, fcode: PPL | ADM1: Nouvelle-Aquitaine, ADM2: Charente-Maritime, ADM3: Arrondissement of Rochefort, ADM4: Royan | Score: 67.19, Population: 19017 | Fuzzy match: 18.181818181818176
2025-08-17 16:43:24,384 INFO Comparing database entry: charente-maritime with Rochefort returned from geonames.
2025-08-17 16:43:24,384 INFO 📄 Index 2 | Name: Rochefort | fcl: P, fcode: PPLA3 | ADM1: Nouvelle-Aquitaine, ADM2: Charente-Maritime, ADM3: Arrondissement of Rochefort, ADM4: Rochefort | Score: 65.98, Population: 29427 | Fuzzy match: 38.46153846153846
2025-08-17 16:43:24,384 INFO Comparing database entry: charente-maritime with Saintes returned from geonames.
2025-08-17 16:43:24,384 INFO 📄 Index 3 | Name: Saintes | fcl: P, fcode: PPLA3 | ADM1: Nouvelle-Aquitaine, ADM2: Charente-Maritime, ADM3: Arrondissement of Saintes, ADM4: Saintes | Score: 63.15, Population: 29512 | Fuzzy match: 33.333333333333336
2025-08-17 16:43:24,550 INFO Comparing database entry: charente-maritime with La Rochelle returned from geonames.
2025-08-17 16:43:24,551 INFO 📄 Index 0 | Name: La Rochelle | fcl: P, fcode: PPLA2 | ADM1: Nouvelle-Aquitaine, ADM2: Charente-Maritime, ADM3: Arrondissement of La Rochelle, ADM4: La Rochelle | Score: 71.87, Population: 76810 | Fuzzy match: 28.57142857142857
2025-08-17 16:43:24,551 INFO Comparing database entry: charente-maritime with Royan returned from geonames.
2025-08-17 16:43:24,551 INFO 📄 Index 1 | Name: Royan | fcl: P, fcode: PPL | ADM1: Nouvelle-Aquitaine, ADM2: Charente-Maritime, ADM3: Arrondissement of Rochefort, ADM4: Royan | Score: 67.19, Population: 19017 | Fuzzy match: 18.181818181818176
2025-08-17 16:43:24,551 INFO Comparing database entry: charente-maritime with Rochefort returned from geonames.
2025-08-17 16:43:24,551 INFO 📄 Index 2 | Name: Rochefort | fcl: P, fcode: PPLA3 | ADM1: Nouvelle-Aquitaine, ADM2: Charente-Maritime, ADM3: Arrondissement of Rochefort, ADM4: Rochefort | Score: 65.98, Population: 29427 | Fuzzy match: 38.46153846153846
2025-08-17 16:43:24,551 INFO Comparing database entry: charente-maritime with Saintes returned from geonames.
2025-08-17 16:43:24,551 INFO 📄 Index 3 | Name: Saintes | fcl: P, fcode: PPLA3 | ADM1: Nouvelle-Aquitaine, ADM2: Charente-Maritime, ADM3: Arrondissement of Saintes, ADM4: Saintes | Score: 63.15, Population: 29512 | Fuzzy match: 33.333333333333336
2025-08-17 16:43:24,551 WARNING ❌ No match found with fuzzy score > 80 for city: charente-maritime
2025-08-17 16:43:24,551 WARNING ❌ Lookup failed for city='charentemaritime', iso2='FR'
