2025-09-26 20:52:27,986 INFO 🗺️ Starting GeoNames lookup for city='cleon', country='france'
2025-09-26 20:52:27,986 INFO 📍 Location is present in the following articles: [ObjectId('68aa2f84ddf056965260de32'), ObjectId('68d3cdd53e609fb288d7c7d5')]
2025-09-26 20:52:28,182 INFO Comparing database entry: cleon with Cléon returned from geonames.
2025-09-26 20:52:28,182 INFO 📄 Index 0 | Name: Cléon | fcl: P, fcode: PPL | ADM1: Normandy, ADM2: Seine-Maritime, ADM3: Rouen, ADM4: Cléon | Latitude: 49.31235, Longitude: 1.0295 | Score: 31.86, Population: 6164 | Fuzzy match: 80.0
2025-09-26 20:52:28,182 INFO Comparing database entry: cleon with Cléon-d'Andran returned from geonames.
2025-09-26 20:52:28,182 INFO 📄 Index 1 | Name: Cléon-d'Andran | fcl: P, fcode: PPL | ADM1: Auvergne-Rhône-Alpes, ADM2: Drôme, ADM3: Arrondissement of Nyons, ADM4: Cléon-d'Andran | Latitude: 44.61112, Longitude: 4.93525 | Score: 22.43, Population: 892 | Fuzzy match: 42.10526315789473
2025-09-26 20:52:28,182 INFO Comparing database entry: cleon with Cléon returned from geonames.
2025-09-26 20:52:28,182 INFO 📄 Index 2 | Name: Cléon | fcl: A, fcode: ADM4 | ADM1: Normandy, ADM2: Seine-Maritime, ADM3: Rouen, ADM4: Cléon | Latitude: 49.315, Longitude: 1.03556 | Score: 17.71, Population: 5046 | Fuzzy match: 80.0
2025-09-26 20:52:28,182 INFO Comparing database entry: cleon with Cléon-d'Andran returned from geonames.
2025-09-26 20:52:28,182 INFO 📄 Index 3 | Name: Cléon-d'Andran | fcl: A, fcode: ADM4 | ADM1: Auvergne-Rhône-Alpes, ADM2: Drôme, ADM3: Arrondissement of Nyons, ADM4: Cléon-d'Andran | Latitude: 44.61111, Longitude: 4.93583 | Score: 16.28, Population: 845 | Fuzzy match: 42.10526315789473
2025-09-26 20:52:28,328 INFO Comparing database entry: cleon with Cléon returned from geonames.
2025-09-26 20:52:28,328 INFO 📄 Index 0 | Name: Cléon | fcl: P, fcode: PPL | ADM1: Normandy, ADM2: Seine-Maritime, ADM3: Rouen, ADM4: Cléon | Latitude: 49.31235, Longitude: 1.0295 | Score: 31.86, Population: 6164 | Fuzzy match: 80.0
2025-09-26 20:52:28,328 INFO Comparing database entry: cleon with Cléon-d'Andran returned from geonames.
2025-09-26 20:52:28,329 INFO 📄 Index 1 | Name: Cléon-d'Andran | fcl: P, fcode: PPL | ADM1: Auvergne-Rhône-Alpes, ADM2: Drôme, ADM3: Arrondissement of Nyons, ADM4: Cléon-d'Andran | Latitude: 44.61112, Longitude: 4.93525 | Score: 22.43, Population: 892 | Fuzzy match: 42.10526315789473
2025-09-26 20:52:28,329 INFO Comparing database entry: cleon with Cléon returned from geonames.
2025-09-26 20:52:28,329 INFO 📄 Index 2 | Name: Cléon | fcl: A, fcode: ADM4 | ADM1: Normandy, ADM2: Seine-Maritime, ADM3: Rouen, ADM4: Cléon | Latitude: 49.315, Longitude: 1.03556 | Score: 17.71, Population: 5046 | Fuzzy match: 80.0
2025-09-26 20:52:28,329 INFO Comparing database entry: cleon with Cléon-d'Andran returned from geonames.
2025-09-26 20:52:28,329 INFO 📄 Index 3 | Name: Cléon-d'Andran | fcl: A, fcode: ADM4 | ADM1: Auvergne-Rhône-Alpes, ADM2: Drôme, ADM3: Arrondissement of Nyons, ADM4: Cléon-d'Andran | Latitude: 44.61111, Longitude: 4.93583 | Score: 16.28, Population: 845 | Fuzzy match: 42.10526315789473
2025-09-26 20:52:28,486 INFO Comparing database entry: cleon with Cléon returned from geonames.
2025-09-26 20:52:28,487 INFO 📄 Index 0 | Name: Cléon | fcl: P, fcode: PPL | ADM1: Normandy, ADM2: Seine-Maritime, ADM3: Rouen, ADM4: Cléon | Latitude: 49.31235, Longitude: 1.0295 | Score: 31.86, Population: 6164 | Fuzzy match: 80.0
2025-09-26 20:52:28,487 INFO Comparing database entry: cleon with Cléon-d'Andran returned from geonames.
2025-09-26 20:52:28,487 INFO 📄 Index 1 | Name: Cléon-d'Andran | fcl: P, fcode: PPL | ADM1: Auvergne-Rhône-Alpes, ADM2: Drôme, ADM3: Arrondissement of Nyons, ADM4: Cléon-d'Andran | Latitude: 44.61112, Longitude: 4.93525 | Score: 22.43, Population: 892 | Fuzzy match: 42.10526315789473
2025-09-26 20:52:28,487 INFO Comparing database entry: cleon with Cléon returned from geonames.
2025-09-26 20:52:28,487 INFO 📄 Index 2 | Name: Cléon | fcl: A, fcode: ADM4 | ADM1: Normandy, ADM2: Seine-Maritime, ADM3: Rouen, ADM4: Cléon | Latitude: 49.315, Longitude: 1.03556 | Score: 17.71, Population: 5046 | Fuzzy match: 80.0
2025-09-26 20:52:28,487 INFO Comparing database entry: cleon with Cléon-d'Andran returned from geonames.
2025-09-26 20:52:28,487 INFO 📄 Index 3 | Name: Cléon-d'Andran | fcl: A, fcode: ADM4 | ADM1: Auvergne-Rhône-Alpes, ADM2: Drôme, ADM3: Arrondissement of Nyons, ADM4: Cléon-d'Andran | Latitude: 44.61111, Longitude: 4.93583 | Score: 16.28, Population: 845 | Fuzzy match: 42.10526315789473
2025-09-26 20:52:28,654 INFO Comparing database entry: cleon with Cléon returned from geonames.
2025-09-26 20:52:28,655 INFO 📄 Index 0 | Name: Cléon | fcl: P, fcode: PPL | ADM1: Normandy, ADM2: Seine-Maritime, ADM3: Rouen, ADM4: Cléon | Latitude: 49.31235, Longitude: 1.0295 | Score: 31.86, Population: 6164 | Fuzzy match: 80.0
2025-09-26 20:52:28,655 INFO Comparing database entry: cleon with Cléon-d'Andran returned from geonames.
2025-09-26 20:52:28,655 INFO 📄 Index 1 | Name: Cléon-d'Andran | fcl: P, fcode: PPL | ADM1: Auvergne-Rhône-Alpes, ADM2: Drôme, ADM3: Arrondissement of Nyons, ADM4: Cléon-d'Andran | Latitude: 44.61112, Longitude: 4.93525 | Score: 22.43, Population: 892 | Fuzzy match: 42.10526315789473
2025-09-26 20:52:28,655 INFO Comparing database entry: cleon with Cléon returned from geonames.
2025-09-26 20:52:28,655 INFO 📄 Index 2 | Name: Cléon | fcl: A, fcode: ADM4 | ADM1: Normandy, ADM2: Seine-Maritime, ADM3: Rouen, ADM4: Cléon | Latitude: 49.315, Longitude: 1.03556 | Score: 17.71, Population: 5046 | Fuzzy match: 80.0
2025-09-26 20:52:28,655 INFO Comparing database entry: cleon with Cléon-d'Andran returned from geonames.
2025-09-26 20:52:28,655 INFO 📄 Index 3 | Name: Cléon-d'Andran | fcl: A, fcode: ADM4 | ADM1: Auvergne-Rhône-Alpes, ADM2: Drôme, ADM3: Arrondissement of Nyons, ADM4: Cléon-d'Andran | Latitude: 44.61111, Longitude: 4.93583 | Score: 16.28, Population: 845 | Fuzzy match: 42.10526315789473
2025-09-26 20:52:28,807 INFO Comparing database entry: cleon with Cléon returned from geonames.
2025-09-26 20:52:28,807 INFO 📄 Index 0 | Name: Cléon | fcl: P, fcode: PPL | ADM1: Normandy, ADM2: Seine-Maritime, ADM3: Rouen, ADM4: Cléon | Latitude: 49.31235, Longitude: 1.0295 | Score: 31.86, Population: 6164 | Fuzzy match: 80.0
2025-09-26 20:52:28,807 INFO Comparing database entry: cleon with Cléon-d'Andran returned from geonames.
2025-09-26 20:52:28,807 INFO 📄 Index 1 | Name: Cléon-d'Andran | fcl: P, fcode: PPL | ADM1: Auvergne-Rhône-Alpes, ADM2: Drôme, ADM3: Arrondissement of Nyons, ADM4: Cléon-d'Andran | Latitude: 44.61112, Longitude: 4.93525 | Score: 22.43, Population: 892 | Fuzzy match: 42.10526315789473
2025-09-26 20:52:28,807 INFO Comparing database entry: cleon with Cléon returned from geonames.
2025-09-26 20:52:28,807 INFO 📄 Index 2 | Name: Cléon | fcl: A, fcode: ADM4 | ADM1: Normandy, ADM2: Seine-Maritime, ADM3: Rouen, ADM4: Cléon | Latitude: 49.315, Longitude: 1.03556 | Score: 17.71, Population: 5046 | Fuzzy match: 80.0
2025-09-26 20:52:28,808 INFO Comparing database entry: cleon with Cléon-d'Andran returned from geonames.
2025-09-26 20:52:28,808 INFO 📄 Index 3 | Name: Cléon-d'Andran | fcl: A, fcode: ADM4 | ADM1: Auvergne-Rhône-Alpes, ADM2: Drôme, ADM3: Arrondissement of Nyons, ADM4: Cléon-d'Andran | Latitude: 44.61111, Longitude: 4.93583 | Score: 16.28, Population: 845 | Fuzzy match: 42.10526315789473
2025-09-26 20:52:28,963 INFO Comparing database entry: cleon with Cléon returned from geonames.
2025-09-26 20:52:28,963 INFO 📄 Index 0 | Name: Cléon | fcl: P, fcode: PPL | ADM1: Normandy, ADM2: Seine-Maritime, ADM3: Rouen, ADM4: Cléon | Latitude: 49.31235, Longitude: 1.0295 | Score: 31.86, Population: 6164 | Fuzzy match: 80.0
2025-09-26 20:52:28,963 INFO Comparing database entry: cleon with Cléon-d'Andran returned from geonames.
2025-09-26 20:52:28,963 INFO 📄 Index 1 | Name: Cléon-d'Andran | fcl: P, fcode: PPL | ADM1: Auvergne-Rhône-Alpes, ADM2: Drôme, ADM3: Arrondissement of Nyons, ADM4: Cléon-d'Andran | Latitude: 44.61112, Longitude: 4.93525 | Score: 22.43, Population: 892 | Fuzzy match: 42.10526315789473
2025-09-26 20:52:28,963 INFO Comparing database entry: cleon with Cléon returned from geonames.
2025-09-26 20:52:28,963 INFO 📄 Index 2 | Name: Cléon | fcl: A, fcode: ADM4 | ADM1: Normandy, ADM2: Seine-Maritime, ADM3: Rouen, ADM4: Cléon | Latitude: 49.315, Longitude: 1.03556 | Score: 17.71, Population: 5046 | Fuzzy match: 80.0
2025-09-26 20:52:28,964 INFO Comparing database entry: cleon with Cléon-d'Andran returned from geonames.
2025-09-26 20:52:28,964 INFO 📄 Index 3 | Name: Cléon-d'Andran | fcl: A, fcode: ADM4 | ADM1: Auvergne-Rhône-Alpes, ADM2: Drôme, ADM3: Arrondissement of Nyons, ADM4: Cléon-d'Andran | Latitude: 44.61111, Longitude: 4.93583 | Score: 16.28, Population: 845 | Fuzzy match: 42.10526315789473
2025-09-26 20:52:28,964 WARNING ❌ No match found with fuzzy score > 80 for city: cleon
2025-09-26 20:52:28,964 WARNING ❌ Lookup failed for city='cleon', iso2='FR'
