2025-09-17 14:27:13,782 INFO 🗺️ Starting GeoNames lookup for city='charleville', country='france'
2025-09-17 14:27:13,782 INFO 📍 Location is present in the following articles: [ObjectId('68b1e3aef6d812dae022a03d'), ObjectId('68b58cd04f54b334171fe4a9')]
2025-09-17 14:27:13,850 INFO Comparing database entry: charleville with Charleville-Mézières returned from geonames.
2025-09-17 14:27:13,850 INFO 📄 Index 0 | Name: Charleville-Mézières | fcl: P, fcode: PPLA2 | ADM1: Grand Est, ADM2: Ardennes, ADM3: Arrondissement of Charleville-Mézières, ADM4: Charleville-Mézières | Latitude: 49.7685, Longitude: 4.72487 | Score: 76.97, Population: 52415 | Fuzzy match: 70.96774193548387
2025-09-17 14:27:13,850 INFO Comparing database entry: charleville with Aiglemont returned from geonames.
2025-09-17 14:27:13,850 INFO 📄 Index 1 | Name: Aiglemont | fcl: P, fcode: PPL | ADM1: Grand Est, ADM2: Ardennes, ADM3: Arrondissement of Charleville-Mézières, ADM4: Aiglemont | Latitude: 49.78031, Longitude: 4.76483 | Score: 35.48, Population: 1725 | Fuzzy match: 40.0
2025-09-17 14:27:13,850 INFO Comparing database entry: charleville with Givet returned from geonames.
2025-09-17 14:27:13,850 INFO 📄 Index 2 | Name: Givet | fcl: P, fcode: PPL | ADM1: Grand Est, ADM2: Ardennes, ADM3: Arrondissement of Charleville-Mézières, ADM4: Givet | Latitude: 50.13796, Longitude: 4.82545 | Score: 35.48, Population: 7448 | Fuzzy match: 25.0
2025-09-17 14:27:13,850 INFO Comparing database entry: charleville with Fumay returned from geonames.
2025-09-17 14:27:13,850 INFO 📄 Index 3 | Name: Fumay | fcl: P, fcode: PPL | ADM1: Grand Est, ADM2: Ardennes, ADM3: Arrondissement of Charleville-Mézières, ADM4: Fumay | Latitude: 49.99132, Longitude: 4.70771 | Score: 35.48, Population: 4650 | Fuzzy match: 12.5
2025-09-17 14:27:13,892 INFO Comparing database entry: charleville with Charleville-Mézières returned from geonames.
2025-09-17 14:27:13,892 INFO 📄 Index 0 | Name: Charleville-Mézières | fcl: P, fcode: PPLA2 | ADM1: Grand Est, ADM2: Ardennes, ADM3: Arrondissement of Charleville-Mézières, ADM4: Charleville-Mézières | Latitude: 49.7685, Longitude: 4.72487 | Score: 76.97, Population: 52415 | Fuzzy match: 70.96774193548387
2025-09-17 14:27:13,892 INFO Comparing database entry: charleville with Aiglemont returned from geonames.
2025-09-17 14:27:13,892 INFO 📄 Index 1 | Name: Aiglemont | fcl: P, fcode: PPL | ADM1: Grand Est, ADM2: Ardennes, ADM3: Arrondissement of Charleville-Mézières, ADM4: Aiglemont | Latitude: 49.78031, Longitude: 4.76483 | Score: 35.48, Population: 1725 | Fuzzy match: 40.0
2025-09-17 14:27:13,892 INFO Comparing database entry: charleville with Givet returned from geonames.
2025-09-17 14:27:13,892 INFO 📄 Index 2 | Name: Givet | fcl: P, fcode: PPL | ADM1: Grand Est, ADM2: Ardennes, ADM3: Arrondissement of Charleville-Mézières, ADM4: Givet | Latitude: 50.13796, Longitude: 4.82545 | Score: 35.48, Population: 7448 | Fuzzy match: 25.0
2025-09-17 14:27:13,892 INFO Comparing database entry: charleville with Fumay returned from geonames.
2025-09-17 14:27:13,892 INFO 📄 Index 3 | Name: Fumay | fcl: P, fcode: PPL | ADM1: Grand Est, ADM2: Ardennes, ADM3: Arrondissement of Charleville-Mézières, ADM4: Fumay | Latitude: 49.99132, Longitude: 4.70771 | Score: 35.48, Population: 4650 | Fuzzy match: 12.5
2025-09-17 14:27:13,935 INFO Comparing database entry: charleville with Charleville-Mézières returned from geonames.
2025-09-17 14:27:13,936 INFO 📄 Index 0 | Name: Charleville-Mézières | fcl: P, fcode: PPLA2 | ADM1: Grand Est, ADM2: Ardennes, ADM3: Arrondissement of Charleville-Mézières, ADM4: Charleville-Mézières | Latitude: 49.7685, Longitude: 4.72487 | Score: 76.97, Population: 52415 | Fuzzy match: 70.96774193548387
2025-09-17 14:27:13,936 INFO Comparing database entry: charleville with Aiglemont returned from geonames.
2025-09-17 14:27:13,936 INFO 📄 Index 1 | Name: Aiglemont | fcl: P, fcode: PPL | ADM1: Grand Est, ADM2: Ardennes, ADM3: Arrondissement of Charleville-Mézières, ADM4: Aiglemont | Latitude: 49.78031, Longitude: 4.76483 | Score: 35.48, Population: 1725 | Fuzzy match: 40.0
2025-09-17 14:27:13,936 INFO Comparing database entry: charleville with Givet returned from geonames.
2025-09-17 14:27:13,936 INFO 📄 Index 2 | Name: Givet | fcl: P, fcode: PPL | ADM1: Grand Est, ADM2: Ardennes, ADM3: Arrondissement of Charleville-Mézières, ADM4: Givet | Latitude: 50.13796, Longitude: 4.82545 | Score: 35.48, Population: 7448 | Fuzzy match: 25.0
2025-09-17 14:27:13,936 INFO Comparing database entry: charleville with Fumay returned from geonames.
2025-09-17 14:27:13,936 INFO 📄 Index 3 | Name: Fumay | fcl: P, fcode: PPL | ADM1: Grand Est, ADM2: Ardennes, ADM3: Arrondissement of Charleville-Mézières, ADM4: Fumay | Latitude: 49.99132, Longitude: 4.70771 | Score: 35.48, Population: 4650 | Fuzzy match: 12.5
2025-09-17 14:27:13,982 INFO Comparing database entry: charleville with Charleville-Mézières returned from geonames.
2025-09-17 14:27:13,982 INFO 📄 Index 0 | Name: Charleville-Mézières | fcl: P, fcode: PPLA2 | ADM1: Grand Est, ADM2: Ardennes, ADM3: Arrondissement of Charleville-Mézières, ADM4: Charleville-Mézières | Latitude: 49.7685, Longitude: 4.72487 | Score: 76.97, Population: 52415 | Fuzzy match: 70.96774193548387
2025-09-17 14:27:13,982 INFO Comparing database entry: charleville with Aiglemont returned from geonames.
2025-09-17 14:27:13,982 INFO 📄 Index 1 | Name: Aiglemont | fcl: P, fcode: PPL | ADM1: Grand Est, ADM2: Ardennes, ADM3: Arrondissement of Charleville-Mézières, ADM4: Aiglemont | Latitude: 49.78031, Longitude: 4.76483 | Score: 35.48, Population: 1725 | Fuzzy match: 40.0
2025-09-17 14:27:13,983 INFO Comparing database entry: charleville with Givet returned from geonames.
2025-09-17 14:27:13,983 INFO 📄 Index 2 | Name: Givet | fcl: P, fcode: PPL | ADM1: Grand Est, ADM2: Ardennes, ADM3: Arrondissement of Charleville-Mézières, ADM4: Givet | Latitude: 50.13796, Longitude: 4.82545 | Score: 35.48, Population: 7448 | Fuzzy match: 25.0
2025-09-17 14:27:13,983 INFO Comparing database entry: charleville with Fumay returned from geonames.
2025-09-17 14:27:13,983 INFO 📄 Index 3 | Name: Fumay | fcl: P, fcode: PPL | ADM1: Grand Est, ADM2: Ardennes, ADM3: Arrondissement of Charleville-Mézières, ADM4: Fumay | Latitude: 49.99132, Longitude: 4.70771 | Score: 35.48, Population: 4650 | Fuzzy match: 12.5
2025-09-17 14:27:14,027 INFO Comparing database entry: charleville with Charleville-Mézières returned from geonames.
2025-09-17 14:27:14,027 INFO 📄 Index 0 | Name: Charleville-Mézières | fcl: P, fcode: PPLA2 | ADM1: Grand Est, ADM2: Ardennes, ADM3: Arrondissement of Charleville-Mézières, ADM4: Charleville-Mézières | Latitude: 49.7685, Longitude: 4.72487 | Score: 76.97, Population: 52415 | Fuzzy match: 70.96774193548387
2025-09-17 14:27:14,027 INFO Comparing database entry: charleville with Aiglemont returned from geonames.
2025-09-17 14:27:14,027 INFO 📄 Index 1 | Name: Aiglemont | fcl: P, fcode: PPL | ADM1: Grand Est, ADM2: Ardennes, ADM3: Arrondissement of Charleville-Mézières, ADM4: Aiglemont | Latitude: 49.78031, Longitude: 4.76483 | Score: 35.48, Population: 1725 | Fuzzy match: 40.0
2025-09-17 14:27:14,027 INFO Comparing database entry: charleville with Givet returned from geonames.
2025-09-17 14:27:14,027 INFO 📄 Index 2 | Name: Givet | fcl: P, fcode: PPL | ADM1: Grand Est, ADM2: Ardennes, ADM3: Arrondissement of Charleville-Mézières, ADM4: Givet | Latitude: 50.13796, Longitude: 4.82545 | Score: 35.48, Population: 7448 | Fuzzy match: 25.0
2025-09-17 14:27:14,027 INFO Comparing database entry: charleville with Fumay returned from geonames.
2025-09-17 14:27:14,027 INFO 📄 Index 3 | Name: Fumay | fcl: P, fcode: PPL | ADM1: Grand Est, ADM2: Ardennes, ADM3: Arrondissement of Charleville-Mézières, ADM4: Fumay | Latitude: 49.99132, Longitude: 4.70771 | Score: 35.48, Population: 4650 | Fuzzy match: 12.5
2025-09-17 14:27:14,071 INFO Comparing database entry: charleville with Charleville-Mézières returned from geonames.
2025-09-17 14:27:14,071 INFO 📄 Index 0 | Name: Charleville-Mézières | fcl: P, fcode: PPLA2 | ADM1: Grand Est, ADM2: Ardennes, ADM3: Arrondissement of Charleville-Mézières, ADM4: Charleville-Mézières | Latitude: 49.7685, Longitude: 4.72487 | Score: 76.97, Population: 52415 | Fuzzy match: 70.96774193548387
2025-09-17 14:27:14,071 INFO Comparing database entry: charleville with Aiglemont returned from geonames.
2025-09-17 14:27:14,071 INFO 📄 Index 1 | Name: Aiglemont | fcl: P, fcode: PPL | ADM1: Grand Est, ADM2: Ardennes, ADM3: Arrondissement of Charleville-Mézières, ADM4: Aiglemont | Latitude: 49.78031, Longitude: 4.76483 | Score: 35.48, Population: 1725 | Fuzzy match: 40.0
2025-09-17 14:27:14,072 INFO Comparing database entry: charleville with Givet returned from geonames.
2025-09-17 14:27:14,072 INFO 📄 Index 2 | Name: Givet | fcl: P, fcode: PPL | ADM1: Grand Est, ADM2: Ardennes, ADM3: Arrondissement of Charleville-Mézières, ADM4: Givet | Latitude: 50.13796, Longitude: 4.82545 | Score: 35.48, Population: 7448 | Fuzzy match: 25.0
2025-09-17 14:27:14,072 INFO Comparing database entry: charleville with Fumay returned from geonames.
2025-09-17 14:27:14,072 INFO 📄 Index 3 | Name: Fumay | fcl: P, fcode: PPL | ADM1: Grand Est, ADM2: Ardennes, ADM3: Arrondissement of Charleville-Mézières, ADM4: Fumay | Latitude: 49.99132, Longitude: 4.70771 | Score: 35.48, Population: 4650 | Fuzzy match: 12.5
2025-09-17 14:27:14,072 WARNING ❌ No match found with fuzzy score > 80 for city: charleville
2025-09-17 14:27:14,072 WARNING ❌ Lookup failed for city='charleville', iso2='FR'
