2025-08-24 16:17:10,042 INFO 🗺️ Starting GeoNames lookup for city='dampierre', country='france'
2025-08-24 16:17:10,042 INFO 📍 Location is present in the following articles: [ObjectId('67fbf80a94b7f855cfea731d')]
2025-08-24 16:17:10,270 INFO Comparing database entry: dampierre with Dampierre-sur-Boutonne returned from geonames.
2025-08-24 16:17:10,270 INFO 📄 Index 0 | Name: Dampierre-sur-Boutonne | fcl: P, fcode: PPL | ADM1: Nouvelle-Aquitaine, ADM2: Charente-Maritime, ADM3: Arrondissement of Saint-Jean-d'Angély, ADM4: Dampierre-sur-Boutonne | Latitude: 46.06713, Longitude: -0.41311 | Score: 31.35, Population: 315 | Fuzzy match: 58.06451612903225
2025-08-24 16:17:10,270 INFO Comparing database entry: dampierre with Dampierre-le-Château returned from geonames.
2025-08-24 16:17:10,270 INFO 📄 Index 1 | Name: Dampierre-le-Château | fcl: P, fcode: PPL | ADM1: Grand Est, ADM2: Marne, ADM3: Arrondissement of Châlons-en-Champagne, ADM4: Dampierre-le-Château | Latitude: 49.00917, Longitude: 4.79493 | Score: 28.38, Population: 106 | Fuzzy match: 62.06896551724138
2025-08-24 16:17:10,270 INFO Comparing database entry: dampierre with Dampierre-en-Burly returned from geonames.
2025-08-24 16:17:10,270 INFO 📄 Index 2 | Name: Dampierre-en-Burly | fcl: P, fcode: PPL | ADM1: Centre-Val de Loire, ADM2: Loiret, ADM3: Arrondissement of Orléans, ADM4: Dampierre-en-Burly | Latitude: 47.76143, Longitude: 2.51962 | Score: 27.69, Population: 1173 | Fuzzy match: 66.66666666666667
2025-08-24 16:17:10,270 INFO Comparing database entry: dampierre with Dampierre-en-Yvelines returned from geonames.
2025-08-24 16:17:10,270 INFO 📄 Index 3 | Name: Dampierre-en-Yvelines | fcl: P, fcode: PPL | ADM1: Île-de-France, ADM2: Yvelines, ADM3: Arrondissement of Rambouillet, ADM4: Dampierre-en-Yvelines | Latitude: 48.7, Longitude: 1.98333 | Score: 26.00, Population: 1145 | Fuzzy match: 60.0
2025-08-24 16:17:10,402 INFO Comparing database entry: dampierre with Dampierre-sur-Boutonne returned from geonames.
2025-08-24 16:17:10,402 INFO 📄 Index 0 | Name: Dampierre-sur-Boutonne | fcl: P, fcode: PPL | ADM1: Nouvelle-Aquitaine, ADM2: Charente-Maritime, ADM3: Arrondissement of Saint-Jean-d'Angély, ADM4: Dampierre-sur-Boutonne | Latitude: 46.06713, Longitude: -0.41311 | Score: 31.35, Population: 315 | Fuzzy match: 58.06451612903225
2025-08-24 16:17:10,402 INFO Comparing database entry: dampierre with Dampierre-le-Château returned from geonames.
2025-08-24 16:17:10,402 INFO 📄 Index 1 | Name: Dampierre-le-Château | fcl: P, fcode: PPL | ADM1: Grand Est, ADM2: Marne, ADM3: Arrondissement of Châlons-en-Champagne, ADM4: Dampierre-le-Château | Latitude: 49.00917, Longitude: 4.79493 | Score: 28.38, Population: 106 | Fuzzy match: 62.06896551724138
2025-08-24 16:17:10,402 INFO Comparing database entry: dampierre with Dampierre-en-Burly returned from geonames.
2025-08-24 16:17:10,402 INFO 📄 Index 2 | Name: Dampierre-en-Burly | fcl: P, fcode: PPL | ADM1: Centre-Val de Loire, ADM2: Loiret, ADM3: Arrondissement of Orléans, ADM4: Dampierre-en-Burly | Latitude: 47.76143, Longitude: 2.51962 | Score: 27.69, Population: 1173 | Fuzzy match: 66.66666666666667
2025-08-24 16:17:10,402 INFO Comparing database entry: dampierre with Dampierre-en-Yvelines returned from geonames.
2025-08-24 16:17:10,402 INFO 📄 Index 3 | Name: Dampierre-en-Yvelines | fcl: P, fcode: PPL | ADM1: Île-de-France, ADM2: Yvelines, ADM3: Arrondissement of Rambouillet, ADM4: Dampierre-en-Yvelines | Latitude: 48.7, Longitude: 1.98333 | Score: 26.00, Population: 1145 | Fuzzy match: 60.0
2025-08-24 16:17:10,525 INFO Comparing database entry: dampierre with Dampierre-sur-Boutonne returned from geonames.
2025-08-24 16:17:10,525 INFO 📄 Index 0 | Name: Dampierre-sur-Boutonne | fcl: P, fcode: PPL | ADM1: Nouvelle-Aquitaine, ADM2: Charente-Maritime, ADM3: Arrondissement of Saint-Jean-d'Angély, ADM4: Dampierre-sur-Boutonne | Latitude: 46.06713, Longitude: -0.41311 | Score: 31.35, Population: 315 | Fuzzy match: 58.06451612903225
2025-08-24 16:17:10,525 INFO Comparing database entry: dampierre with Dampierre-le-Château returned from geonames.
2025-08-24 16:17:10,525 INFO 📄 Index 1 | Name: Dampierre-le-Château | fcl: P, fcode: PPL | ADM1: Grand Est, ADM2: Marne, ADM3: Arrondissement of Châlons-en-Champagne, ADM4: Dampierre-le-Château | Latitude: 49.00917, Longitude: 4.79493 | Score: 28.38, Population: 106 | Fuzzy match: 62.06896551724138
2025-08-24 16:17:10,525 INFO Comparing database entry: dampierre with Dampierre-en-Burly returned from geonames.
2025-08-24 16:17:10,525 INFO 📄 Index 2 | Name: Dampierre-en-Burly | fcl: P, fcode: PPL | ADM1: Centre-Val de Loire, ADM2: Loiret, ADM3: Arrondissement of Orléans, ADM4: Dampierre-en-Burly | Latitude: 47.76143, Longitude: 2.51962 | Score: 27.69, Population: 1173 | Fuzzy match: 66.66666666666667
2025-08-24 16:17:10,525 INFO Comparing database entry: dampierre with Dampierre-en-Yvelines returned from geonames.
2025-08-24 16:17:10,525 INFO 📄 Index 3 | Name: Dampierre-en-Yvelines | fcl: P, fcode: PPL | ADM1: Île-de-France, ADM2: Yvelines, ADM3: Arrondissement of Rambouillet, ADM4: Dampierre-en-Yvelines | Latitude: 48.7, Longitude: 1.98333 | Score: 26.00, Population: 1145 | Fuzzy match: 60.0
2025-08-24 16:17:10,665 INFO Comparing database entry: dampierre with Dampierre-sur-Boutonne returned from geonames.
2025-08-24 16:17:10,665 INFO 📄 Index 0 | Name: Dampierre-sur-Boutonne | fcl: P, fcode: PPL | ADM1: Nouvelle-Aquitaine, ADM2: Charente-Maritime, ADM3: Arrondissement of Saint-Jean-d'Angély, ADM4: Dampierre-sur-Boutonne | Latitude: 46.06713, Longitude: -0.41311 | Score: 31.35, Population: 315 | Fuzzy match: 58.06451612903225
2025-08-24 16:17:10,666 INFO Comparing database entry: dampierre with Dampierre-le-Château returned from geonames.
2025-08-24 16:17:10,666 INFO 📄 Index 1 | Name: Dampierre-le-Château | fcl: P, fcode: PPL | ADM1: Grand Est, ADM2: Marne, ADM3: Arrondissement of Châlons-en-Champagne, ADM4: Dampierre-le-Château | Latitude: 49.00917, Longitude: 4.79493 | Score: 28.38, Population: 106 | Fuzzy match: 62.06896551724138
2025-08-24 16:17:10,666 INFO Comparing database entry: dampierre with Dampierre-en-Burly returned from geonames.
2025-08-24 16:17:10,666 INFO 📄 Index 2 | Name: Dampierre-en-Burly | fcl: P, fcode: PPL | ADM1: Centre-Val de Loire, ADM2: Loiret, ADM3: Arrondissement of Orléans, ADM4: Dampierre-en-Burly | Latitude: 47.76143, Longitude: 2.51962 | Score: 27.69, Population: 1173 | Fuzzy match: 66.66666666666667
2025-08-24 16:17:10,666 INFO Comparing database entry: dampierre with Dampierre-en-Yvelines returned from geonames.
2025-08-24 16:17:10,666 INFO 📄 Index 3 | Name: Dampierre-en-Yvelines | fcl: P, fcode: PPL | ADM1: Île-de-France, ADM2: Yvelines, ADM3: Arrondissement of Rambouillet, ADM4: Dampierre-en-Yvelines | Latitude: 48.7, Longitude: 1.98333 | Score: 26.00, Population: 1145 | Fuzzy match: 60.0
2025-08-24 16:17:10,828 INFO Comparing database entry: dampierre with Dampierre-sur-Boutonne returned from geonames.
2025-08-24 16:17:10,829 INFO 📄 Index 0 | Name: Dampierre-sur-Boutonne | fcl: P, fcode: PPL | ADM1: Nouvelle-Aquitaine, ADM2: Charente-Maritime, ADM3: Arrondissement of Saint-Jean-d'Angély, ADM4: Dampierre-sur-Boutonne | Latitude: 46.06713, Longitude: -0.41311 | Score: 31.35, Population: 315 | Fuzzy match: 58.06451612903225
2025-08-24 16:17:10,829 INFO Comparing database entry: dampierre with Dampierre-le-Château returned from geonames.
2025-08-24 16:17:10,829 INFO 📄 Index 1 | Name: Dampierre-le-Château | fcl: P, fcode: PPL | ADM1: Grand Est, ADM2: Marne, ADM3: Arrondissement of Châlons-en-Champagne, ADM4: Dampierre-le-Château | Latitude: 49.00917, Longitude: 4.79493 | Score: 28.38, Population: 106 | Fuzzy match: 62.06896551724138
2025-08-24 16:17:10,829 INFO Comparing database entry: dampierre with Dampierre-en-Burly returned from geonames.
2025-08-24 16:17:10,829 INFO 📄 Index 2 | Name: Dampierre-en-Burly | fcl: P, fcode: PPL | ADM1: Centre-Val de Loire, ADM2: Loiret, ADM3: Arrondissement of Orléans, ADM4: Dampierre-en-Burly | Latitude: 47.76143, Longitude: 2.51962 | Score: 27.69, Population: 1173 | Fuzzy match: 66.66666666666667
2025-08-24 16:17:10,829 INFO Comparing database entry: dampierre with Dampierre-en-Yvelines returned from geonames.
2025-08-24 16:17:10,829 INFO 📄 Index 3 | Name: Dampierre-en-Yvelines | fcl: P, fcode: PPL | ADM1: Île-de-France, ADM2: Yvelines, ADM3: Arrondissement of Rambouillet, ADM4: Dampierre-en-Yvelines | Latitude: 48.7, Longitude: 1.98333 | Score: 26.00, Population: 1145 | Fuzzy match: 60.0
2025-08-24 16:17:10,960 INFO Comparing database entry: dampierre with Dampierre-sur-Boutonne returned from geonames.
2025-08-24 16:17:10,961 INFO 📄 Index 0 | Name: Dampierre-sur-Boutonne | fcl: P, fcode: PPL | ADM1: Nouvelle-Aquitaine, ADM2: Charente-Maritime, ADM3: Arrondissement of Saint-Jean-d'Angély, ADM4: Dampierre-sur-Boutonne | Latitude: 46.06713, Longitude: -0.41311 | Score: 31.35, Population: 315 | Fuzzy match: 58.06451612903225
2025-08-24 16:17:10,961 INFO Comparing database entry: dampierre with Dampierre-le-Château returned from geonames.
2025-08-24 16:17:10,961 INFO 📄 Index 1 | Name: Dampierre-le-Château | fcl: P, fcode: PPL | ADM1: Grand Est, ADM2: Marne, ADM3: Arrondissement of Châlons-en-Champagne, ADM4: Dampierre-le-Château | Latitude: 49.00917, Longitude: 4.79493 | Score: 28.38, Population: 106 | Fuzzy match: 62.06896551724138
2025-08-24 16:17:10,961 INFO Comparing database entry: dampierre with Dampierre-en-Burly returned from geonames.
2025-08-24 16:17:10,961 INFO 📄 Index 2 | Name: Dampierre-en-Burly | fcl: P, fcode: PPL | ADM1: Centre-Val de Loire, ADM2: Loiret, ADM3: Arrondissement of Orléans, ADM4: Dampierre-en-Burly | Latitude: 47.76143, Longitude: 2.51962 | Score: 27.69, Population: 1173 | Fuzzy match: 66.66666666666667
2025-08-24 16:17:10,961 INFO Comparing database entry: dampierre with Dampierre-en-Yvelines returned from geonames.
2025-08-24 16:17:10,961 INFO 📄 Index 3 | Name: Dampierre-en-Yvelines | fcl: P, fcode: PPL | ADM1: Île-de-France, ADM2: Yvelines, ADM3: Arrondissement of Rambouillet, ADM4: Dampierre-en-Yvelines | Latitude: 48.7, Longitude: 1.98333 | Score: 26.00, Population: 1145 | Fuzzy match: 60.0
2025-08-24 16:17:10,961 WARNING ❌ No match found with fuzzy score > 80 for city: dampierre
2025-08-24 16:17:10,961 WARNING ❌ Lookup failed for city='dampierre', iso2='FR'
