2025-08-08 12:21:50,949 INFO 🗺️ Starting GeoNames lookup for city='dunkerque', country='france'
2025-08-08 12:21:50,949 INFO 📍 Location is present in the following articles: [ObjectId('67f92291f431fddd61d55ed6')]
2025-08-08 12:21:51,127 INFO Comparing database entry: dunkerque with Dunkirk returned from geonames.
2025-08-08 12:21:51,127 INFO 📄 Index 0 | Name: Dunkirk | fcl: P, fcode: PPLA3 | ADM1: Hauts-de-France, ADM2: North, ADM3: Dunkirk, ADM4: Dunkerque | Score: 69.36, Population: 71287 | Fuzzy match: 62.5
2025-08-08 12:21:51,127 INFO Comparing database entry: dunkerque with Hazebrouck returned from geonames.
2025-08-08 12:21:51,127 INFO 📄 Index 1 | Name: Hazebrouck | fcl: P, fcode: PPL | ADM1: Hauts-de-France, ADM2: North, ADM3: Dunkirk, ADM4: Hazebrouck | Score: 46.53, Population: 23307 | Fuzzy match: 31.57894736842105
2025-08-08 12:21:51,127 INFO Comparing database entry: dunkerque with Coudekerque-Branche returned from geonames.
2025-08-08 12:21:51,127 INFO 📄 Index 2 | Name: Coudekerque-Branche | fcl: P, fcode: PPL | ADM1: Hauts-de-France, ADM2: North, ADM3: Dunkirk, ADM4: Coudekerque-Branche | Score: 40.29, Population: 25201 | Fuzzy match: 50.0
2025-08-08 12:21:51,127 INFO Comparing database entry: dunkerque with Grande-Synthe returned from geonames.
2025-08-08 12:21:51,127 INFO 📄 Index 3 | Name: Grande-Synthe | fcl: P, fcode: PPL | ADM1: Hauts-de-France, ADM2: North, ADM3: Dunkirk, ADM4: Grande-Synthe | Score: 35.75, Population: 23213 | Fuzzy match: 27.27272727272727
2025-08-08 12:21:51,262 INFO Comparing database entry: dunkerque with Dunkirk returned from geonames.
2025-08-08 12:21:51,262 INFO 📄 Index 0 | Name: Dunkirk | fcl: P, fcode: PPLA3 | ADM1: Hauts-de-France, ADM2: North, ADM3: Dunkirk, ADM4: Dunkerque | Score: 69.36, Population: 71287 | Fuzzy match: 62.5
2025-08-08 12:21:51,262 INFO Comparing database entry: dunkerque with Hazebrouck returned from geonames.
2025-08-08 12:21:51,262 INFO 📄 Index 1 | Name: Hazebrouck | fcl: P, fcode: PPL | ADM1: Hauts-de-France, ADM2: North, ADM3: Dunkirk, ADM4: Hazebrouck | Score: 46.53, Population: 23307 | Fuzzy match: 31.57894736842105
2025-08-08 12:21:51,262 INFO Comparing database entry: dunkerque with Coudekerque-Branche returned from geonames.
2025-08-08 12:21:51,262 INFO 📄 Index 2 | Name: Coudekerque-Branche | fcl: P, fcode: PPL | ADM1: Hauts-de-France, ADM2: North, ADM3: Dunkirk, ADM4: Coudekerque-Branche | Score: 40.29, Population: 25201 | Fuzzy match: 50.0
2025-08-08 12:21:51,262 INFO Comparing database entry: dunkerque with Grande-Synthe returned from geonames.
2025-08-08 12:21:51,262 INFO 📄 Index 3 | Name: Grande-Synthe | fcl: P, fcode: PPL | ADM1: Hauts-de-France, ADM2: North, ADM3: Dunkirk, ADM4: Grande-Synthe | Score: 35.75, Population: 23213 | Fuzzy match: 27.27272727272727
2025-08-08 12:21:51,393 INFO Comparing database entry: dunkerque with Dunkirk returned from geonames.
2025-08-08 12:21:51,393 INFO 📄 Index 0 | Name: Dunkirk | fcl: P, fcode: PPLA3 | ADM1: Hauts-de-France, ADM2: North, ADM3: Dunkirk, ADM4: Dunkerque | Score: 69.36, Population: 71287 | Fuzzy match: 62.5
2025-08-08 12:21:51,393 INFO Comparing database entry: dunkerque with Hazebrouck returned from geonames.
2025-08-08 12:21:51,393 INFO 📄 Index 1 | Name: Hazebrouck | fcl: P, fcode: PPL | ADM1: Hauts-de-France, ADM2: North, ADM3: Dunkirk, ADM4: Hazebrouck | Score: 46.53, Population: 23307 | Fuzzy match: 31.57894736842105
2025-08-08 12:21:51,393 INFO Comparing database entry: dunkerque with Coudekerque-Branche returned from geonames.
2025-08-08 12:21:51,393 INFO 📄 Index 2 | Name: Coudekerque-Branche | fcl: P, fcode: PPL | ADM1: Hauts-de-France, ADM2: North, ADM3: Dunkirk, ADM4: Coudekerque-Branche | Score: 40.29, Population: 25201 | Fuzzy match: 50.0
2025-08-08 12:21:51,393 INFO Comparing database entry: dunkerque with Grande-Synthe returned from geonames.
2025-08-08 12:21:51,393 INFO 📄 Index 3 | Name: Grande-Synthe | fcl: P, fcode: PPL | ADM1: Hauts-de-France, ADM2: North, ADM3: Dunkirk, ADM4: Grande-Synthe | Score: 35.75, Population: 23213 | Fuzzy match: 27.27272727272727
2025-08-08 12:21:51,543 INFO Comparing database entry: dunkerque with Dunkirk returned from geonames.
2025-08-08 12:21:51,543 INFO 📄 Index 0 | Name: Dunkirk | fcl: P, fcode: PPLA3 | ADM1: Hauts-de-France, ADM2: North, ADM3: Dunkirk, ADM4: Dunkerque | Score: 69.36, Population: 71287 | Fuzzy match: 62.5
2025-08-08 12:21:51,543 INFO Comparing database entry: dunkerque with Hazebrouck returned from geonames.
2025-08-08 12:21:51,543 INFO 📄 Index 1 | Name: Hazebrouck | fcl: P, fcode: PPL | ADM1: Hauts-de-France, ADM2: North, ADM3: Dunkirk, ADM4: Hazebrouck | Score: 46.53, Population: 23307 | Fuzzy match: 31.57894736842105
2025-08-08 12:21:51,543 INFO Comparing database entry: dunkerque with Coudekerque-Branche returned from geonames.
2025-08-08 12:21:51,543 INFO 📄 Index 2 | Name: Coudekerque-Branche | fcl: P, fcode: PPL | ADM1: Hauts-de-France, ADM2: North, ADM3: Dunkirk, ADM4: Coudekerque-Branche | Score: 40.29, Population: 25201 | Fuzzy match: 50.0
2025-08-08 12:21:51,543 INFO Comparing database entry: dunkerque with Grande-Synthe returned from geonames.
2025-08-08 12:21:51,543 INFO 📄 Index 3 | Name: Grande-Synthe | fcl: P, fcode: PPL | ADM1: Hauts-de-France, ADM2: North, ADM3: Dunkirk, ADM4: Grande-Synthe | Score: 35.75, Population: 23213 | Fuzzy match: 27.27272727272727
2025-08-08 12:21:51,708 INFO Comparing database entry: dunkerque with Dunkirk returned from geonames.
2025-08-08 12:21:51,708 INFO 📄 Index 0 | Name: Dunkirk | fcl: P, fcode: PPLA3 | ADM1: Hauts-de-France, ADM2: North, ADM3: Dunkirk, ADM4: Dunkerque | Score: 69.36, Population: 71287 | Fuzzy match: 62.5
2025-08-08 12:21:51,708 INFO Comparing database entry: dunkerque with Hazebrouck returned from geonames.
2025-08-08 12:21:51,708 INFO 📄 Index 1 | Name: Hazebrouck | fcl: P, fcode: PPL | ADM1: Hauts-de-France, ADM2: North, ADM3: Dunkirk, ADM4: Hazebrouck | Score: 46.53, Population: 23307 | Fuzzy match: 31.57894736842105
2025-08-08 12:21:51,708 INFO Comparing database entry: dunkerque with Coudekerque-Branche returned from geonames.
2025-08-08 12:21:51,708 INFO 📄 Index 2 | Name: Coudekerque-Branche | fcl: P, fcode: PPL | ADM1: Hauts-de-France, ADM2: North, ADM3: Dunkirk, ADM4: Coudekerque-Branche | Score: 40.29, Population: 25201 | Fuzzy match: 50.0
2025-08-08 12:21:51,708 INFO Comparing database entry: dunkerque with Grande-Synthe returned from geonames.
2025-08-08 12:21:51,708 INFO 📄 Index 3 | Name: Grande-Synthe | fcl: P, fcode: PPL | ADM1: Hauts-de-France, ADM2: North, ADM3: Dunkirk, ADM4: Grande-Synthe | Score: 35.75, Population: 23213 | Fuzzy match: 27.27272727272727
2025-08-08 12:21:51,890 INFO Comparing database entry: dunkerque with Dunkirk returned from geonames.
2025-08-08 12:21:51,890 INFO 📄 Index 0 | Name: Dunkirk | fcl: P, fcode: PPLA3 | ADM1: Hauts-de-France, ADM2: North, ADM3: Dunkirk, ADM4: Dunkerque | Score: 69.36, Population: 71287 | Fuzzy match: 62.5
2025-08-08 12:21:51,890 INFO Comparing database entry: dunkerque with Hazebrouck returned from geonames.
2025-08-08 12:21:51,891 INFO 📄 Index 1 | Name: Hazebrouck | fcl: P, fcode: PPL | ADM1: Hauts-de-France, ADM2: North, ADM3: Dunkirk, ADM4: Hazebrouck | Score: 46.53, Population: 23307 | Fuzzy match: 31.57894736842105
2025-08-08 12:21:51,891 INFO Comparing database entry: dunkerque with Coudekerque-Branche returned from geonames.
2025-08-08 12:21:51,891 INFO 📄 Index 2 | Name: Coudekerque-Branche | fcl: P, fcode: PPL | ADM1: Hauts-de-France, ADM2: North, ADM3: Dunkirk, ADM4: Coudekerque-Branche | Score: 40.29, Population: 25201 | Fuzzy match: 50.0
2025-08-08 12:21:51,891 INFO Comparing database entry: dunkerque with Grande-Synthe returned from geonames.
2025-08-08 12:21:51,891 INFO 📄 Index 3 | Name: Grande-Synthe | fcl: P, fcode: PPL | ADM1: Hauts-de-France, ADM2: North, ADM3: Dunkirk, ADM4: Grande-Synthe | Score: 35.75, Population: 23213 | Fuzzy match: 27.27272727272727
2025-08-08 12:21:51,891 WARNING ❌ No match found with fuzzy score > 80 for city: dunkerque
2025-08-08 12:21:51,891 WARNING ❌ Lookup failed for city='dunkerque', iso2='FR'
