2025-09-26 20:52:32,034 INFO 🗺️ Starting GeoNames lookup for city='eastern france', country='france'
2025-09-26 20:52:32,034 INFO 📍 Location is present in the following articles: [ObjectId('689ca5f1e22fc7c4f13457a3')]
2025-09-26 20:52:32,243 INFO Comparing database entry: eastern france with French Southern Territories returned from geonames.
2025-09-26 20:52:32,243 INFO 📄 Index 0 | Name: French Southern Territories | fcl: A, fcode: PCLIX | ADM1: , ADM2: , ADM3: , ADM4:  | Latitude: -43, Longitude: 67 | Score: 72.63, Population: 140 | Fuzzy match: 43.90243902439024
2025-09-26 20:52:32,243 INFO Comparing database entry: eastern france with Port-aux-Français returned from geonames.
2025-09-26 20:52:32,243 INFO 📄 Index 1 | Name: Port-aux-Français | fcl: P, fcode: PPLC | ADM1: Kerguelen, ADM2: , ADM3: , ADM4:  | Latitude: -49.34916, Longitude: 70.21937 | Score: 62.61, Population: 45 | Fuzzy match: 32.25806451612904
2025-09-26 20:52:32,243 INFO Comparing database entry: eastern france with Mayotte returned from geonames.
2025-09-26 20:52:32,243 INFO 📄 Index 2 | Name: Mayotte | fcl: A, fcode: PCLD | ADM1: , ADM2: , ADM3: , ADM4:  | Latitude: -12.83333, Longitude: 45.16667 | Score: 50.83, Population: 279471 | Fuzzy match: 28.57142857142857
2025-09-26 20:52:32,243 INFO Comparing database entry: eastern france with Réunion returned from geonames.
2025-09-26 20:52:32,243 INFO 📄 Index 3 | Name: Réunion | fcl: A, fcode: PCLD | ADM1: , ADM2: , ADM3: , ADM4:  | Latitude: -21.1, Longitude: 55.6 | Score: 48.43, Population: 776948 | Fuzzy match: 28.57142857142857
2025-09-26 20:52:32,457 INFO Comparing database entry: eastern france with French Southern Territories returned from geonames.
2025-09-26 20:52:32,457 INFO 📄 Index 0 | Name: French Southern Territories | fcl: A, fcode: PCLIX | ADM1: , ADM2: , ADM3: , ADM4:  | Latitude: -43, Longitude: 67 | Score: 72.63, Population: 140 | Fuzzy match: 43.90243902439024
2025-09-26 20:52:32,457 INFO Comparing database entry: eastern france with Port-aux-Français returned from geonames.
2025-09-26 20:52:32,457 INFO 📄 Index 1 | Name: Port-aux-Français | fcl: P, fcode: PPLC | ADM1: Kerguelen, ADM2: , ADM3: , ADM4:  | Latitude: -49.34916, Longitude: 70.21937 | Score: 62.61, Population: 45 | Fuzzy match: 32.25806451612904
2025-09-26 20:52:32,457 INFO Comparing database entry: eastern france with Mayotte returned from geonames.
2025-09-26 20:52:32,457 INFO 📄 Index 2 | Name: Mayotte | fcl: A, fcode: PCLD | ADM1: , ADM2: , ADM3: , ADM4:  | Latitude: -12.83333, Longitude: 45.16667 | Score: 50.83, Population: 279471 | Fuzzy match: 28.57142857142857
2025-09-26 20:52:32,457 INFO Comparing database entry: eastern france with Réunion returned from geonames.
2025-09-26 20:52:32,457 INFO 📄 Index 3 | Name: Réunion | fcl: A, fcode: PCLD | ADM1: , ADM2: , ADM3: , ADM4:  | Latitude: -21.1, Longitude: 55.6 | Score: 48.43, Population: 776948 | Fuzzy match: 28.57142857142857
2025-09-26 20:52:32,705 INFO Comparing database entry: eastern france with French Southern Territories returned from geonames.
2025-09-26 20:52:32,705 INFO 📄 Index 0 | Name: French Southern Territories | fcl: A, fcode: PCLIX | ADM1: , ADM2: , ADM3: , ADM4:  | Latitude: -43, Longitude: 67 | Score: 72.63, Population: 140 | Fuzzy match: 43.90243902439024
2025-09-26 20:52:32,705 INFO Comparing database entry: eastern france with Port-aux-Français returned from geonames.
2025-09-26 20:52:32,705 INFO 📄 Index 1 | Name: Port-aux-Français | fcl: P, fcode: PPLC | ADM1: Kerguelen, ADM2: , ADM3: , ADM4:  | Latitude: -49.34916, Longitude: 70.21937 | Score: 62.61, Population: 45 | Fuzzy match: 32.25806451612904
2025-09-26 20:52:32,705 INFO Comparing database entry: eastern france with Mayotte returned from geonames.
2025-09-26 20:52:32,705 INFO 📄 Index 2 | Name: Mayotte | fcl: A, fcode: PCLD | ADM1: , ADM2: , ADM3: , ADM4:  | Latitude: -12.83333, Longitude: 45.16667 | Score: 50.83, Population: 279471 | Fuzzy match: 28.57142857142857
2025-09-26 20:52:32,705 INFO Comparing database entry: eastern france with Réunion returned from geonames.
2025-09-26 20:52:32,705 INFO 📄 Index 3 | Name: Réunion | fcl: A, fcode: PCLD | ADM1: , ADM2: , ADM3: , ADM4:  | Latitude: -21.1, Longitude: 55.6 | Score: 48.43, Population: 776948 | Fuzzy match: 28.57142857142857
2025-09-26 20:52:32,938 INFO Comparing database entry: eastern france with French Southern Territories returned from geonames.
2025-09-26 20:52:32,938 INFO 📄 Index 0 | Name: French Southern Territories | fcl: A, fcode: PCLIX | ADM1: , ADM2: , ADM3: , ADM4:  | Latitude: -43, Longitude: 67 | Score: 72.63, Population: 140 | Fuzzy match: 43.90243902439024
2025-09-26 20:52:32,938 INFO Comparing database entry: eastern france with Port-aux-Français returned from geonames.
2025-09-26 20:52:32,938 INFO 📄 Index 1 | Name: Port-aux-Français | fcl: P, fcode: PPLC | ADM1: Kerguelen, ADM2: , ADM3: , ADM4:  | Latitude: -49.34916, Longitude: 70.21937 | Score: 62.61, Population: 45 | Fuzzy match: 32.25806451612904
2025-09-26 20:52:32,938 INFO Comparing database entry: eastern france with Mayotte returned from geonames.
2025-09-26 20:52:32,939 INFO 📄 Index 2 | Name: Mayotte | fcl: A, fcode: PCLD | ADM1: , ADM2: , ADM3: , ADM4:  | Latitude: -12.83333, Longitude: 45.16667 | Score: 50.83, Population: 279471 | Fuzzy match: 28.57142857142857
2025-09-26 20:52:32,939 INFO Comparing database entry: eastern france with Réunion returned from geonames.
2025-09-26 20:52:32,939 INFO 📄 Index 3 | Name: Réunion | fcl: A, fcode: PCLD | ADM1: , ADM2: , ADM3: , ADM4:  | Latitude: -21.1, Longitude: 55.6 | Score: 48.43, Population: 776948 | Fuzzy match: 28.57142857142857
2025-09-26 20:52:33,179 INFO Comparing database entry: eastern france with French Southern Territories returned from geonames.
2025-09-26 20:52:33,179 INFO 📄 Index 0 | Name: French Southern Territories | fcl: A, fcode: PCLIX | ADM1: , ADM2: , ADM3: , ADM4:  | Latitude: -43, Longitude: 67 | Score: 72.63, Population: 140 | Fuzzy match: 43.90243902439024
2025-09-26 20:52:33,179 INFO Comparing database entry: eastern france with Port-aux-Français returned from geonames.
2025-09-26 20:52:33,179 INFO 📄 Index 1 | Name: Port-aux-Français | fcl: P, fcode: PPLC | ADM1: Kerguelen, ADM2: , ADM3: , ADM4:  | Latitude: -49.34916, Longitude: 70.21937 | Score: 62.61, Population: 45 | Fuzzy match: 32.25806451612904
2025-09-26 20:52:33,179 INFO Comparing database entry: eastern france with Mayotte returned from geonames.
2025-09-26 20:52:33,179 INFO 📄 Index 2 | Name: Mayotte | fcl: A, fcode: PCLD | ADM1: , ADM2: , ADM3: , ADM4:  | Latitude: -12.83333, Longitude: 45.16667 | Score: 50.83, Population: 279471 | Fuzzy match: 28.57142857142857
2025-09-26 20:52:33,179 INFO Comparing database entry: eastern france with Réunion returned from geonames.
2025-09-26 20:52:33,179 INFO 📄 Index 3 | Name: Réunion | fcl: A, fcode: PCLD | ADM1: , ADM2: , ADM3: , ADM4:  | Latitude: -21.1, Longitude: 55.6 | Score: 48.43, Population: 776948 | Fuzzy match: 28.57142857142857
2025-09-26 20:52:33,391 INFO Comparing database entry: eastern france with French Southern Territories returned from geonames.
2025-09-26 20:52:33,392 INFO 📄 Index 0 | Name: French Southern Territories | fcl: A, fcode: PCLIX | ADM1: , ADM2: , ADM3: , ADM4:  | Latitude: -43, Longitude: 67 | Score: 72.63, Population: 140 | Fuzzy match: 43.90243902439024
2025-09-26 20:52:33,392 INFO Comparing database entry: eastern france with Port-aux-Français returned from geonames.
2025-09-26 20:52:33,392 INFO 📄 Index 1 | Name: Port-aux-Français | fcl: P, fcode: PPLC | ADM1: Kerguelen, ADM2: , ADM3: , ADM4:  | Latitude: -49.34916, Longitude: 70.21937 | Score: 62.61, Population: 45 | Fuzzy match: 32.25806451612904
2025-09-26 20:52:33,392 INFO Comparing database entry: eastern france with Mayotte returned from geonames.
2025-09-26 20:52:33,392 INFO 📄 Index 2 | Name: Mayotte | fcl: A, fcode: PCLD | ADM1: , ADM2: , ADM3: , ADM4:  | Latitude: -12.83333, Longitude: 45.16667 | Score: 50.83, Population: 279471 | Fuzzy match: 28.57142857142857
2025-09-26 20:52:33,392 INFO Comparing database entry: eastern france with Réunion returned from geonames.
2025-09-26 20:52:33,392 INFO 📄 Index 3 | Name: Réunion | fcl: A, fcode: PCLD | ADM1: , ADM2: , ADM3: , ADM4:  | Latitude: -21.1, Longitude: 55.6 | Score: 48.43, Population: 776948 | Fuzzy match: 28.57142857142857
2025-09-26 20:52:33,392 WARNING ❌ No match found with fuzzy score > 80 for city: eastern france
2025-09-26 20:52:33,392 WARNING ❌ Lookup failed for city='eastern_france', iso2='FR'
