2025-08-17 12:50:51,155 INFO 🗺️ Starting GeoNames lookup for city='flins', country='france'
2025-08-17 12:50:51,155 INFO 📍 Location is present in the following articles: [ObjectId('67f52a5f981040986eab70d6'), ObjectId('67f52ac7981040986eab7275'), ObjectId('67f52ae7981040986eab72f5'), ObjectId('67f52b38981040986eab7437')]
2025-08-17 12:50:51,309 INFO Comparing database entry: flins with Flins-sur-Seine returned from geonames.
2025-08-17 12:50:51,309 INFO 📄 Index 0 | Name: Flins-sur-Seine | fcl: P, fcode: PPL | ADM1: Île-de-France, ADM2: Yvelines, ADM3: Arrondissement of Mantes-la-Jolie, ADM4: Flins-sur-Seine | Score: 29.13, Population: 2328 | Fuzzy match: 50.0
2025-08-17 12:50:51,310 INFO Comparing database entry: flins with Flins-Neuve-Église returned from geonames.
2025-08-17 12:50:51,310 INFO 📄 Index 1 | Name: Flins-Neuve-Église | fcl: P, fcode: PPL | ADM1: Île-de-France, ADM2: Yvelines, ADM3: Arrondissement of Mantes-la-Jolie, ADM4: Flins-Neuve-Église | Score: 21.21, Population: 162 | Fuzzy match: 43.47826086956522
2025-08-17 12:50:51,310 INFO Comparing database entry: flins with Flins-Neuve-Église returned from geonames.
2025-08-17 12:50:51,310 INFO 📄 Index 2 | Name: Flins-Neuve-Église | fcl: A, fcode: ADM4 | ADM1: Île-de-France, ADM2: Yvelines, ADM3: Arrondissement of Mantes-la-Jolie, ADM4: Flins-Neuve-Église | Score: 17.08, Population: 156 | Fuzzy match: 43.47826086956522
2025-08-17 12:50:51,310 INFO Comparing database entry: flins with Flins-sur-Seine returned from geonames.
2025-08-17 12:50:51,310 INFO 📄 Index 3 | Name: Flins-sur-Seine | fcl: A, fcode: ADM4 | ADM1: Île-de-France, ADM2: Yvelines, ADM3: Arrondissement of Mantes-la-Jolie, ADM4: Flins-sur-Seine | Score: 16.21, Population: 2381 | Fuzzy match: 50.0
2025-08-17 12:50:51,482 INFO Comparing database entry: flins with Flins-sur-Seine returned from geonames.
2025-08-17 12:50:51,482 INFO 📄 Index 0 | Name: Flins-sur-Seine | fcl: P, fcode: PPL | ADM1: Île-de-France, ADM2: Yvelines, ADM3: Arrondissement of Mantes-la-Jolie, ADM4: Flins-sur-Seine | Score: 29.13, Population: 2328 | Fuzzy match: 50.0
2025-08-17 12:50:51,482 INFO Comparing database entry: flins with Flins-Neuve-Église returned from geonames.
2025-08-17 12:50:51,482 INFO 📄 Index 1 | Name: Flins-Neuve-Église | fcl: P, fcode: PPL | ADM1: Île-de-France, ADM2: Yvelines, ADM3: Arrondissement of Mantes-la-Jolie, ADM4: Flins-Neuve-Église | Score: 21.21, Population: 162 | Fuzzy match: 43.47826086956522
2025-08-17 12:50:51,482 INFO Comparing database entry: flins with Flins-Neuve-Église returned from geonames.
2025-08-17 12:50:51,482 INFO 📄 Index 2 | Name: Flins-Neuve-Église | fcl: A, fcode: ADM4 | ADM1: Île-de-France, ADM2: Yvelines, ADM3: Arrondissement of Mantes-la-Jolie, ADM4: Flins-Neuve-Église | Score: 17.08, Population: 156 | Fuzzy match: 43.47826086956522
2025-08-17 12:50:51,482 INFO Comparing database entry: flins with Flins-sur-Seine returned from geonames.
2025-08-17 12:50:51,482 INFO 📄 Index 3 | Name: Flins-sur-Seine | fcl: A, fcode: ADM4 | ADM1: Île-de-France, ADM2: Yvelines, ADM3: Arrondissement of Mantes-la-Jolie, ADM4: Flins-sur-Seine | Score: 16.21, Population: 2381 | Fuzzy match: 50.0
2025-08-17 12:50:51,616 INFO Comparing database entry: flins with Flins-sur-Seine returned from geonames.
2025-08-17 12:50:51,616 INFO 📄 Index 0 | Name: Flins-sur-Seine | fcl: P, fcode: PPL | ADM1: Île-de-France, ADM2: Yvelines, ADM3: Arrondissement of Mantes-la-Jolie, ADM4: Flins-sur-Seine | Score: 29.13, Population: 2328 | Fuzzy match: 50.0
2025-08-17 12:50:51,616 INFO Comparing database entry: flins with Flins-Neuve-Église returned from geonames.
2025-08-17 12:50:51,616 INFO 📄 Index 1 | Name: Flins-Neuve-Église | fcl: P, fcode: PPL | ADM1: Île-de-France, ADM2: Yvelines, ADM3: Arrondissement of Mantes-la-Jolie, ADM4: Flins-Neuve-Église | Score: 21.21, Population: 162 | Fuzzy match: 43.47826086956522
2025-08-17 12:50:51,616 INFO Comparing database entry: flins with Flins-Neuve-Église returned from geonames.
2025-08-17 12:50:51,617 INFO 📄 Index 2 | Name: Flins-Neuve-Église | fcl: A, fcode: ADM4 | ADM1: Île-de-France, ADM2: Yvelines, ADM3: Arrondissement of Mantes-la-Jolie, ADM4: Flins-Neuve-Église | Score: 17.08, Population: 156 | Fuzzy match: 43.47826086956522
2025-08-17 12:50:51,617 INFO Comparing database entry: flins with Flins-sur-Seine returned from geonames.
2025-08-17 12:50:51,617 INFO 📄 Index 3 | Name: Flins-sur-Seine | fcl: A, fcode: ADM4 | ADM1: Île-de-France, ADM2: Yvelines, ADM3: Arrondissement of Mantes-la-Jolie, ADM4: Flins-sur-Seine | Score: 16.21, Population: 2381 | Fuzzy match: 50.0
2025-08-17 12:50:51,775 INFO Comparing database entry: flins with Flins-sur-Seine returned from geonames.
2025-08-17 12:50:51,775 INFO 📄 Index 0 | Name: Flins-sur-Seine | fcl: P, fcode: PPL | ADM1: Île-de-France, ADM2: Yvelines, ADM3: Arrondissement of Mantes-la-Jolie, ADM4: Flins-sur-Seine | Score: 29.13, Population: 2328 | Fuzzy match: 50.0
2025-08-17 12:50:51,776 INFO Comparing database entry: flins with Flins-Neuve-Église returned from geonames.
2025-08-17 12:50:51,776 INFO 📄 Index 1 | Name: Flins-Neuve-Église | fcl: P, fcode: PPL | ADM1: Île-de-France, ADM2: Yvelines, ADM3: Arrondissement of Mantes-la-Jolie, ADM4: Flins-Neuve-Église | Score: 21.21, Population: 162 | Fuzzy match: 43.47826086956522
2025-08-17 12:50:51,776 INFO Comparing database entry: flins with Flins-Neuve-Église returned from geonames.
2025-08-17 12:50:51,776 INFO 📄 Index 2 | Name: Flins-Neuve-Église | fcl: A, fcode: ADM4 | ADM1: Île-de-France, ADM2: Yvelines, ADM3: Arrondissement of Mantes-la-Jolie, ADM4: Flins-Neuve-Église | Score: 17.08, Population: 156 | Fuzzy match: 43.47826086956522
2025-08-17 12:50:51,776 INFO Comparing database entry: flins with Flins-sur-Seine returned from geonames.
2025-08-17 12:50:51,776 INFO 📄 Index 3 | Name: Flins-sur-Seine | fcl: A, fcode: ADM4 | ADM1: Île-de-France, ADM2: Yvelines, ADM3: Arrondissement of Mantes-la-Jolie, ADM4: Flins-sur-Seine | Score: 16.21, Population: 2381 | Fuzzy match: 50.0
2025-08-17 12:50:51,960 INFO Comparing database entry: flins with Flins-sur-Seine returned from geonames.
2025-08-17 12:50:51,961 INFO 📄 Index 0 | Name: Flins-sur-Seine | fcl: P, fcode: PPL | ADM1: Île-de-France, ADM2: Yvelines, ADM3: Arrondissement of Mantes-la-Jolie, ADM4: Flins-sur-Seine | Score: 29.13, Population: 2328 | Fuzzy match: 50.0
2025-08-17 12:50:51,961 INFO Comparing database entry: flins with Flins-Neuve-Église returned from geonames.
2025-08-17 12:50:51,961 INFO 📄 Index 1 | Name: Flins-Neuve-Église | fcl: P, fcode: PPL | ADM1: Île-de-France, ADM2: Yvelines, ADM3: Arrondissement of Mantes-la-Jolie, ADM4: Flins-Neuve-Église | Score: 21.21, Population: 162 | Fuzzy match: 43.47826086956522
2025-08-17 12:50:51,961 INFO Comparing database entry: flins with Flins-Neuve-Église returned from geonames.
2025-08-17 12:50:51,961 INFO 📄 Index 2 | Name: Flins-Neuve-Église | fcl: A, fcode: ADM4 | ADM1: Île-de-France, ADM2: Yvelines, ADM3: Arrondissement of Mantes-la-Jolie, ADM4: Flins-Neuve-Église | Score: 17.08, Population: 156 | Fuzzy match: 43.47826086956522
2025-08-17 12:50:51,961 INFO Comparing database entry: flins with Flins-sur-Seine returned from geonames.
2025-08-17 12:50:51,961 INFO 📄 Index 3 | Name: Flins-sur-Seine | fcl: A, fcode: ADM4 | ADM1: Île-de-France, ADM2: Yvelines, ADM3: Arrondissement of Mantes-la-Jolie, ADM4: Flins-sur-Seine | Score: 16.21, Population: 2381 | Fuzzy match: 50.0
2025-08-17 12:50:52,119 INFO Comparing database entry: flins with Flins-sur-Seine returned from geonames.
2025-08-17 12:50:52,119 INFO 📄 Index 0 | Name: Flins-sur-Seine | fcl: P, fcode: PPL | ADM1: Île-de-France, ADM2: Yvelines, ADM3: Arrondissement of Mantes-la-Jolie, ADM4: Flins-sur-Seine | Score: 29.13, Population: 2328 | Fuzzy match: 50.0
2025-08-17 12:50:52,119 INFO Comparing database entry: flins with Flins-Neuve-Église returned from geonames.
2025-08-17 12:50:52,119 INFO 📄 Index 1 | Name: Flins-Neuve-Église | fcl: P, fcode: PPL | ADM1: Île-de-France, ADM2: Yvelines, ADM3: Arrondissement of Mantes-la-Jolie, ADM4: Flins-Neuve-Église | Score: 21.21, Population: 162 | Fuzzy match: 43.47826086956522
2025-08-17 12:50:52,120 INFO Comparing database entry: flins with Flins-Neuve-Église returned from geonames.
2025-08-17 12:50:52,120 INFO 📄 Index 2 | Name: Flins-Neuve-Église | fcl: A, fcode: ADM4 | ADM1: Île-de-France, ADM2: Yvelines, ADM3: Arrondissement of Mantes-la-Jolie, ADM4: Flins-Neuve-Église | Score: 17.08, Population: 156 | Fuzzy match: 43.47826086956522
2025-08-17 12:50:52,120 INFO Comparing database entry: flins with Flins-sur-Seine returned from geonames.
2025-08-17 12:50:52,120 INFO 📄 Index 3 | Name: Flins-sur-Seine | fcl: A, fcode: ADM4 | ADM1: Île-de-France, ADM2: Yvelines, ADM3: Arrondissement of Mantes-la-Jolie, ADM4: Flins-sur-Seine | Score: 16.21, Population: 2381 | Fuzzy match: 50.0
2025-08-17 12:50:52,120 WARNING ❌ No match found with fuzzy score > 80 for city: flins
2025-08-17 12:50:52,120 WARNING ❌ Lookup failed for city='flins', iso2='FR'
