2025-09-17 14:27:15,501 INFO 🗺️ Starting GeoNames lookup for city='gironde', country='france'
2025-09-17 14:27:15,501 INFO 📍 Location is present in the following articles: [ObjectId('67fa7e5feaa4fb525afebf8c'), ObjectId('67fa7fa3eaa4fb525afec4cd')]
2025-09-17 14:27:15,622 INFO Comparing database entry: gironde with Bordeaux returned from geonames.
2025-09-17 14:27:15,623 INFO 📄 Index 0 | Name: Bordeaux | fcl: P, fcode: PPLA | ADM1: Nouvelle-Aquitaine, ADM2: Gironde, ADM3: Arrondissement of Bordeaux, ADM4: Bordeaux | Latitude: 44.84044, Longitude: -0.5805 | Score: 105.14, Population: 260958 | Fuzzy match: 40.0
2025-09-17 14:27:15,623 INFO Comparing database entry: gironde with Pessac returned from geonames.
2025-09-17 14:27:15,623 INFO 📄 Index 1 | Name: Pessac | fcl: P, fcode: PPL | ADM1: Nouvelle-Aquitaine, ADM2: Gironde, ADM3: Arrondissement of Bordeaux, ADM4: Pessac | Latitude: 44.80565, Longitude: -0.6324 | Score: 63.90, Population: 57944 | Fuzzy match: 15.384615384615385
2025-09-17 14:27:15,623 INFO Comparing database entry: gironde with Bègles returned from geonames.
2025-09-17 14:27:15,623 INFO 📄 Index 2 | Name: Bègles | fcl: P, fcode: PPL | ADM1: Nouvelle-Aquitaine, ADM2: Gironde, ADM3: Arrondissement of Bordeaux, ADM4: Bègles | Latitude: 44.80759, Longitude: -0.55144 | Score: 60.12, Population: 23504 | Fuzzy match: 30.76923076923077
2025-09-17 14:27:15,623 INFO Comparing database entry: gironde with Libourne returned from geonames.
2025-09-17 14:27:15,623 INFO 📄 Index 3 | Name: Libourne | fcl: P, fcode: PPLA3 | ADM1: Nouvelle-Aquitaine, ADM2: Gironde, ADM3: Arrondissement of Libourne, ADM4: Libourne | Latitude: 44.91449, Longitude: -0.24186 | Score: 60.12, Population: 24240 | Fuzzy match: 53.333333333333336
2025-09-17 14:27:15,666 INFO Comparing database entry: gironde with Bordeaux returned from geonames.
2025-09-17 14:27:15,666 INFO 📄 Index 0 | Name: Bordeaux | fcl: P, fcode: PPLA | ADM1: Nouvelle-Aquitaine, ADM2: Gironde, ADM3: Arrondissement of Bordeaux, ADM4: Bordeaux | Latitude: 44.84044, Longitude: -0.5805 | Score: 105.14, Population: 260958 | Fuzzy match: 40.0
2025-09-17 14:27:15,666 INFO Comparing database entry: gironde with Pessac returned from geonames.
2025-09-17 14:27:15,666 INFO 📄 Index 1 | Name: Pessac | fcl: P, fcode: PPL | ADM1: Nouvelle-Aquitaine, ADM2: Gironde, ADM3: Arrondissement of Bordeaux, ADM4: Pessac | Latitude: 44.80565, Longitude: -0.6324 | Score: 63.90, Population: 57944 | Fuzzy match: 15.384615384615385
2025-09-17 14:27:15,666 INFO Comparing database entry: gironde with Bègles returned from geonames.
2025-09-17 14:27:15,666 INFO 📄 Index 2 | Name: Bègles | fcl: P, fcode: PPL | ADM1: Nouvelle-Aquitaine, ADM2: Gironde, ADM3: Arrondissement of Bordeaux, ADM4: Bègles | Latitude: 44.80759, Longitude: -0.55144 | Score: 60.12, Population: 23504 | Fuzzy match: 30.76923076923077
2025-09-17 14:27:15,666 INFO Comparing database entry: gironde with Libourne returned from geonames.
2025-09-17 14:27:15,666 INFO 📄 Index 3 | Name: Libourne | fcl: P, fcode: PPLA3 | ADM1: Nouvelle-Aquitaine, ADM2: Gironde, ADM3: Arrondissement of Libourne, ADM4: Libourne | Latitude: 44.91449, Longitude: -0.24186 | Score: 60.12, Population: 24240 | Fuzzy match: 53.333333333333336
2025-09-17 14:27:15,710 INFO Comparing database entry: gironde with Bordeaux returned from geonames.
2025-09-17 14:27:15,710 INFO 📄 Index 0 | Name: Bordeaux | fcl: P, fcode: PPLA | ADM1: Nouvelle-Aquitaine, ADM2: Gironde, ADM3: Arrondissement of Bordeaux, ADM4: Bordeaux | Latitude: 44.84044, Longitude: -0.5805 | Score: 105.14, Population: 260958 | Fuzzy match: 40.0
2025-09-17 14:27:15,710 INFO Comparing database entry: gironde with Pessac returned from geonames.
2025-09-17 14:27:15,710 INFO 📄 Index 1 | Name: Pessac | fcl: P, fcode: PPL | ADM1: Nouvelle-Aquitaine, ADM2: Gironde, ADM3: Arrondissement of Bordeaux, ADM4: Pessac | Latitude: 44.80565, Longitude: -0.6324 | Score: 63.90, Population: 57944 | Fuzzy match: 15.384615384615385
2025-09-17 14:27:15,711 INFO Comparing database entry: gironde with Bègles returned from geonames.
2025-09-17 14:27:15,711 INFO 📄 Index 2 | Name: Bègles | fcl: P, fcode: PPL | ADM1: Nouvelle-Aquitaine, ADM2: Gironde, ADM3: Arrondissement of Bordeaux, ADM4: Bègles | Latitude: 44.80759, Longitude: -0.55144 | Score: 60.12, Population: 23504 | Fuzzy match: 30.76923076923077
2025-09-17 14:27:15,711 INFO Comparing database entry: gironde with Libourne returned from geonames.
2025-09-17 14:27:15,711 INFO 📄 Index 3 | Name: Libourne | fcl: P, fcode: PPLA3 | ADM1: Nouvelle-Aquitaine, ADM2: Gironde, ADM3: Arrondissement of Libourne, ADM4: Libourne | Latitude: 44.91449, Longitude: -0.24186 | Score: 60.12, Population: 24240 | Fuzzy match: 53.333333333333336
2025-09-17 14:27:15,757 INFO Comparing database entry: gironde with Bordeaux returned from geonames.
2025-09-17 14:27:15,758 INFO 📄 Index 0 | Name: Bordeaux | fcl: P, fcode: PPLA | ADM1: Nouvelle-Aquitaine, ADM2: Gironde, ADM3: Arrondissement of Bordeaux, ADM4: Bordeaux | Latitude: 44.84044, Longitude: -0.5805 | Score: 105.14, Population: 260958 | Fuzzy match: 40.0
2025-09-17 14:27:15,758 INFO Comparing database entry: gironde with Pessac returned from geonames.
2025-09-17 14:27:15,758 INFO 📄 Index 1 | Name: Pessac | fcl: P, fcode: PPL | ADM1: Nouvelle-Aquitaine, ADM2: Gironde, ADM3: Arrondissement of Bordeaux, ADM4: Pessac | Latitude: 44.80565, Longitude: -0.6324 | Score: 63.90, Population: 57944 | Fuzzy match: 15.384615384615385
2025-09-17 14:27:15,758 INFO Comparing database entry: gironde with Bègles returned from geonames.
2025-09-17 14:27:15,758 INFO 📄 Index 2 | Name: Bègles | fcl: P, fcode: PPL | ADM1: Nouvelle-Aquitaine, ADM2: Gironde, ADM3: Arrondissement of Bordeaux, ADM4: Bègles | Latitude: 44.80759, Longitude: -0.55144 | Score: 60.12, Population: 23504 | Fuzzy match: 30.76923076923077
2025-09-17 14:27:15,758 INFO Comparing database entry: gironde with Libourne returned from geonames.
2025-09-17 14:27:15,758 INFO 📄 Index 3 | Name: Libourne | fcl: P, fcode: PPLA3 | ADM1: Nouvelle-Aquitaine, ADM2: Gironde, ADM3: Arrondissement of Libourne, ADM4: Libourne | Latitude: 44.91449, Longitude: -0.24186 | Score: 60.12, Population: 24240 | Fuzzy match: 53.333333333333336
2025-09-17 14:27:15,804 INFO Comparing database entry: gironde with Bordeaux returned from geonames.
2025-09-17 14:27:15,804 INFO 📄 Index 0 | Name: Bordeaux | fcl: P, fcode: PPLA | ADM1: Nouvelle-Aquitaine, ADM2: Gironde, ADM3: Arrondissement of Bordeaux, ADM4: Bordeaux | Latitude: 44.84044, Longitude: -0.5805 | Score: 105.14, Population: 260958 | Fuzzy match: 40.0
2025-09-17 14:27:15,804 INFO Comparing database entry: gironde with Pessac returned from geonames.
2025-09-17 14:27:15,804 INFO 📄 Index 1 | Name: Pessac | fcl: P, fcode: PPL | ADM1: Nouvelle-Aquitaine, ADM2: Gironde, ADM3: Arrondissement of Bordeaux, ADM4: Pessac | Latitude: 44.80565, Longitude: -0.6324 | Score: 63.90, Population: 57944 | Fuzzy match: 15.384615384615385
2025-09-17 14:27:15,804 INFO Comparing database entry: gironde with Bègles returned from geonames.
2025-09-17 14:27:15,804 INFO 📄 Index 2 | Name: Bègles | fcl: P, fcode: PPL | ADM1: Nouvelle-Aquitaine, ADM2: Gironde, ADM3: Arrondissement of Bordeaux, ADM4: Bègles | Latitude: 44.80759, Longitude: -0.55144 | Score: 60.12, Population: 23504 | Fuzzy match: 30.76923076923077
2025-09-17 14:27:15,804 INFO Comparing database entry: gironde with Libourne returned from geonames.
2025-09-17 14:27:15,804 INFO 📄 Index 3 | Name: Libourne | fcl: P, fcode: PPLA3 | ADM1: Nouvelle-Aquitaine, ADM2: Gironde, ADM3: Arrondissement of Libourne, ADM4: Libourne | Latitude: 44.91449, Longitude: -0.24186 | Score: 60.12, Population: 24240 | Fuzzy match: 53.333333333333336
2025-09-17 14:27:15,850 INFO Comparing database entry: gironde with Bordeaux returned from geonames.
2025-09-17 14:27:15,850 INFO 📄 Index 0 | Name: Bordeaux | fcl: P, fcode: PPLA | ADM1: Nouvelle-Aquitaine, ADM2: Gironde, ADM3: Arrondissement of Bordeaux, ADM4: Bordeaux | Latitude: 44.84044, Longitude: -0.5805 | Score: 105.14, Population: 260958 | Fuzzy match: 40.0
2025-09-17 14:27:15,850 INFO Comparing database entry: gironde with Pessac returned from geonames.
2025-09-17 14:27:15,850 INFO 📄 Index 1 | Name: Pessac | fcl: P, fcode: PPL | ADM1: Nouvelle-Aquitaine, ADM2: Gironde, ADM3: Arrondissement of Bordeaux, ADM4: Pessac | Latitude: 44.80565, Longitude: -0.6324 | Score: 63.90, Population: 57944 | Fuzzy match: 15.384615384615385
2025-09-17 14:27:15,850 INFO Comparing database entry: gironde with Bègles returned from geonames.
2025-09-17 14:27:15,850 INFO 📄 Index 2 | Name: Bègles | fcl: P, fcode: PPL | ADM1: Nouvelle-Aquitaine, ADM2: Gironde, ADM3: Arrondissement of Bordeaux, ADM4: Bègles | Latitude: 44.80759, Longitude: -0.55144 | Score: 60.12, Population: 23504 | Fuzzy match: 30.76923076923077
2025-09-17 14:27:15,850 INFO Comparing database entry: gironde with Libourne returned from geonames.
2025-09-17 14:27:15,850 INFO 📄 Index 3 | Name: Libourne | fcl: P, fcode: PPLA3 | ADM1: Nouvelle-Aquitaine, ADM2: Gironde, ADM3: Arrondissement of Libourne, ADM4: Libourne | Latitude: 44.91449, Longitude: -0.24186 | Score: 60.12, Population: 24240 | Fuzzy match: 53.333333333333336
2025-09-17 14:27:15,850 WARNING ❌ No match found with fuzzy score > 80 for city: gironde
2025-09-17 14:27:15,850 WARNING ❌ Lookup failed for city='gironde', iso2='FR'
