2025-09-26 20:52:34,512 INFO 🔁 Override: 'grand poitiers' → 'Grand-Pont' for FR
2025-09-26 20:52:34,513 INFO 🗺️ Starting GeoNames lookup for city='Grand-Pont', country='france'
2025-09-26 20:52:34,513 INFO 📍 Location is present in the following articles: [ObjectId('67f920cef431fddd61d558f9')]
2025-09-26 20:52:34,658 INFO Comparing database entry: Grand-Pont with Pont-à-Mousson returned from geonames.
2025-09-26 20:52:34,658 INFO 📄 Index 0 | Name: Pont-à-Mousson | fcl: P, fcode: PPL | ADM1: Grand Est, ADM2: Meurthe et Moselle, ADM3: Arrondissement of Nancy, ADM4: Pont-à-Mousson | Latitude: 48.90702, Longitude: 6.05635 | Score: 61.29, Population: 15411 | Fuzzy match: 33.333333333333336
2025-09-26 20:52:34,658 INFO Comparing database entry: Grand-Pont with Charenton-le-Pont returned from geonames.
2025-09-26 20:52:34,658 INFO 📄 Index 1 | Name: Charenton-le-Pont | fcl: P, fcode: PPL | ADM1: Île-de-France, ADM2: Val-de-Marne, ADM3: Nogent-sur-Marne, ADM4: Charenton-le-Pont | Latitude: 48.82209, Longitude: 2.41217 | Score: 54.25, Population: 30910 | Fuzzy match: 51.85185185185186
2025-09-26 20:52:34,658 INFO Comparing database entry: Grand-Pont with Pont-Sainte-Marie returned from geonames.
2025-09-26 20:52:34,658 INFO 📄 Index 2 | Name: Pont-Sainte-Marie | fcl: P, fcode: PPL | ADM1: Grand Est, ADM2: Aube, ADM3: Arrondissement of Troyes, ADM4: Pont-Sainte-Marie | Latitude: 48.31848, Longitude: 4.09447 | Score: 48.17, Population: 5161 | Fuzzy match: 29.629629629629626
2025-09-26 20:52:34,658 INFO Comparing database entry: Grand-Pont with Saint-Cloud returned from geonames.
2025-09-26 20:52:34,658 INFO 📄 Index 3 | Name: Saint-Cloud | fcl: P, fcode: PPL | ADM1: Île-de-France, ADM2: Hauts-de-Seine, ADM3: Arrondissement of Nanterre, ADM4: Saint-Cloud | Latitude: 48.84598, Longitude: 2.20289 | Score: 42.65, Population: 28839 | Fuzzy match: 38.095238095238095
2025-09-26 20:52:34,830 INFO Comparing database entry: Grand-Pont with Pont-à-Mousson returned from geonames.
2025-09-26 20:52:34,830 INFO 📄 Index 0 | Name: Pont-à-Mousson | fcl: P, fcode: PPL | ADM1: Grand Est, ADM2: Meurthe et Moselle, ADM3: Arrondissement of Nancy, ADM4: Pont-à-Mousson | Latitude: 48.90702, Longitude: 6.05635 | Score: 61.29, Population: 15411 | Fuzzy match: 33.333333333333336
2025-09-26 20:52:34,830 INFO Comparing database entry: Grand-Pont with Charenton-le-Pont returned from geonames.
2025-09-26 20:52:34,830 INFO 📄 Index 1 | Name: Charenton-le-Pont | fcl: P, fcode: PPL | ADM1: Île-de-France, ADM2: Val-de-Marne, ADM3: Nogent-sur-Marne, ADM4: Charenton-le-Pont | Latitude: 48.82209, Longitude: 2.41217 | Score: 54.25, Population: 30910 | Fuzzy match: 51.85185185185186
2025-09-26 20:52:34,830 INFO Comparing database entry: Grand-Pont with Pont-Sainte-Marie returned from geonames.
2025-09-26 20:52:34,830 INFO 📄 Index 2 | Name: Pont-Sainte-Marie | fcl: P, fcode: PPL | ADM1: Grand Est, ADM2: Aube, ADM3: Arrondissement of Troyes, ADM4: Pont-Sainte-Marie | Latitude: 48.31848, Longitude: 4.09447 | Score: 48.17, Population: 5161 | Fuzzy match: 29.629629629629626
2025-09-26 20:52:34,830 INFO Comparing database entry: Grand-Pont with Saint-Cloud returned from geonames.
2025-09-26 20:52:34,830 INFO 📄 Index 3 | Name: Saint-Cloud | fcl: P, fcode: PPL | ADM1: Île-de-France, ADM2: Hauts-de-Seine, ADM3: Arrondissement of Nanterre, ADM4: Saint-Cloud | Latitude: 48.84598, Longitude: 2.20289 | Score: 42.65, Population: 28839 | Fuzzy match: 38.095238095238095
2025-09-26 20:52:34,989 INFO Comparing database entry: Grand-Pont with Pont-à-Mousson returned from geonames.
2025-09-26 20:52:34,989 INFO 📄 Index 0 | Name: Pont-à-Mousson | fcl: P, fcode: PPL | ADM1: Grand Est, ADM2: Meurthe et Moselle, ADM3: Arrondissement of Nancy, ADM4: Pont-à-Mousson | Latitude: 48.90702, Longitude: 6.05635 | Score: 61.29, Population: 15411 | Fuzzy match: 33.333333333333336
2025-09-26 20:52:34,990 INFO Comparing database entry: Grand-Pont with Charenton-le-Pont returned from geonames.
2025-09-26 20:52:34,990 INFO 📄 Index 1 | Name: Charenton-le-Pont | fcl: P, fcode: PPL | ADM1: Île-de-France, ADM2: Val-de-Marne, ADM3: Nogent-sur-Marne, ADM4: Charenton-le-Pont | Latitude: 48.82209, Longitude: 2.41217 | Score: 54.25, Population: 30910 | Fuzzy match: 51.85185185185186
2025-09-26 20:52:34,990 INFO Comparing database entry: Grand-Pont with Pont-Sainte-Marie returned from geonames.
2025-09-26 20:52:34,990 INFO 📄 Index 2 | Name: Pont-Sainte-Marie | fcl: P, fcode: PPL | ADM1: Grand Est, ADM2: Aube, ADM3: Arrondissement of Troyes, ADM4: Pont-Sainte-Marie | Latitude: 48.31848, Longitude: 4.09447 | Score: 48.17, Population: 5161 | Fuzzy match: 29.629629629629626
2025-09-26 20:52:34,990 INFO Comparing database entry: Grand-Pont with Saint-Cloud returned from geonames.
2025-09-26 20:52:34,990 INFO 📄 Index 3 | Name: Saint-Cloud | fcl: P, fcode: PPL | ADM1: Île-de-France, ADM2: Hauts-de-Seine, ADM3: Arrondissement of Nanterre, ADM4: Saint-Cloud | Latitude: 48.84598, Longitude: 2.20289 | Score: 42.65, Population: 28839 | Fuzzy match: 38.095238095238095
2025-09-26 20:52:35,155 INFO Comparing database entry: Grand-Pont with Pont-à-Mousson returned from geonames.
2025-09-26 20:52:35,156 INFO 📄 Index 0 | Name: Pont-à-Mousson | fcl: P, fcode: PPL | ADM1: Grand Est, ADM2: Meurthe et Moselle, ADM3: Arrondissement of Nancy, ADM4: Pont-à-Mousson | Latitude: 48.90702, Longitude: 6.05635 | Score: 61.29, Population: 15411 | Fuzzy match: 33.333333333333336
2025-09-26 20:52:35,156 INFO Comparing database entry: Grand-Pont with Charenton-le-Pont returned from geonames.
2025-09-26 20:52:35,156 INFO 📄 Index 1 | Name: Charenton-le-Pont | fcl: P, fcode: PPL | ADM1: Île-de-France, ADM2: Val-de-Marne, ADM3: Nogent-sur-Marne, ADM4: Charenton-le-Pont | Latitude: 48.82209, Longitude: 2.41217 | Score: 54.25, Population: 30910 | Fuzzy match: 51.85185185185186
2025-09-26 20:52:35,156 INFO Comparing database entry: Grand-Pont with Pont-Sainte-Marie returned from geonames.
2025-09-26 20:52:35,156 INFO 📄 Index 2 | Name: Pont-Sainte-Marie | fcl: P, fcode: PPL | ADM1: Grand Est, ADM2: Aube, ADM3: Arrondissement of Troyes, ADM4: Pont-Sainte-Marie | Latitude: 48.31848, Longitude: 4.09447 | Score: 48.17, Population: 5161 | Fuzzy match: 29.629629629629626
2025-09-26 20:52:35,156 INFO Comparing database entry: Grand-Pont with Saint-Cloud returned from geonames.
2025-09-26 20:52:35,156 INFO 📄 Index 3 | Name: Saint-Cloud | fcl: P, fcode: PPL | ADM1: Île-de-France, ADM2: Hauts-de-Seine, ADM3: Arrondissement of Nanterre, ADM4: Saint-Cloud | Latitude: 48.84598, Longitude: 2.20289 | Score: 42.65, Population: 28839 | Fuzzy match: 38.095238095238095
2025-09-26 20:52:35,321 INFO Comparing database entry: Grand-Pont with Pont-à-Mousson returned from geonames.
2025-09-26 20:52:35,322 INFO 📄 Index 0 | Name: Pont-à-Mousson | fcl: P, fcode: PPL | ADM1: Grand Est, ADM2: Meurthe et Moselle, ADM3: Arrondissement of Nancy, ADM4: Pont-à-Mousson | Latitude: 48.90702, Longitude: 6.05635 | Score: 61.29, Population: 15411 | Fuzzy match: 33.333333333333336
2025-09-26 20:52:35,322 INFO Comparing database entry: Grand-Pont with Charenton-le-Pont returned from geonames.
2025-09-26 20:52:35,322 INFO 📄 Index 1 | Name: Charenton-le-Pont | fcl: P, fcode: PPL | ADM1: Île-de-France, ADM2: Val-de-Marne, ADM3: Nogent-sur-Marne, ADM4: Charenton-le-Pont | Latitude: 48.82209, Longitude: 2.41217 | Score: 54.25, Population: 30910 | Fuzzy match: 51.85185185185186
2025-09-26 20:52:35,322 INFO Comparing database entry: Grand-Pont with Pont-Sainte-Marie returned from geonames.
2025-09-26 20:52:35,322 INFO 📄 Index 2 | Name: Pont-Sainte-Marie | fcl: P, fcode: PPL | ADM1: Grand Est, ADM2: Aube, ADM3: Arrondissement of Troyes, ADM4: Pont-Sainte-Marie | Latitude: 48.31848, Longitude: 4.09447 | Score: 48.17, Population: 5161 | Fuzzy match: 29.629629629629626
2025-09-26 20:52:35,322 INFO Comparing database entry: Grand-Pont with Saint-Cloud returned from geonames.
2025-09-26 20:52:35,322 INFO 📄 Index 3 | Name: Saint-Cloud | fcl: P, fcode: PPL | ADM1: Île-de-France, ADM2: Hauts-de-Seine, ADM3: Arrondissement of Nanterre, ADM4: Saint-Cloud | Latitude: 48.84598, Longitude: 2.20289 | Score: 42.65, Population: 28839 | Fuzzy match: 38.095238095238095
2025-09-26 20:52:35,499 INFO Comparing database entry: Grand-Pont with Pont-à-Mousson returned from geonames.
2025-09-26 20:52:35,499 INFO 📄 Index 0 | Name: Pont-à-Mousson | fcl: P, fcode: PPL | ADM1: Grand Est, ADM2: Meurthe et Moselle, ADM3: Arrondissement of Nancy, ADM4: Pont-à-Mousson | Latitude: 48.90702, Longitude: 6.05635 | Score: 61.29, Population: 15411 | Fuzzy match: 33.333333333333336
2025-09-26 20:52:35,499 INFO Comparing database entry: Grand-Pont with Charenton-le-Pont returned from geonames.
2025-09-26 20:52:35,500 INFO 📄 Index 1 | Name: Charenton-le-Pont | fcl: P, fcode: PPL | ADM1: Île-de-France, ADM2: Val-de-Marne, ADM3: Nogent-sur-Marne, ADM4: Charenton-le-Pont | Latitude: 48.82209, Longitude: 2.41217 | Score: 54.25, Population: 30910 | Fuzzy match: 51.85185185185186
2025-09-26 20:52:35,500 INFO Comparing database entry: Grand-Pont with Pont-Sainte-Marie returned from geonames.
2025-09-26 20:52:35,500 INFO 📄 Index 2 | Name: Pont-Sainte-Marie | fcl: P, fcode: PPL | ADM1: Grand Est, ADM2: Aube, ADM3: Arrondissement of Troyes, ADM4: Pont-Sainte-Marie | Latitude: 48.31848, Longitude: 4.09447 | Score: 48.17, Population: 5161 | Fuzzy match: 29.629629629629626
2025-09-26 20:52:35,500 INFO Comparing database entry: Grand-Pont with Saint-Cloud returned from geonames.
2025-09-26 20:52:35,500 INFO 📄 Index 3 | Name: Saint-Cloud | fcl: P, fcode: PPL | ADM1: Île-de-France, ADM2: Hauts-de-Seine, ADM3: Arrondissement of Nanterre, ADM4: Saint-Cloud | Latitude: 48.84598, Longitude: 2.20289 | Score: 42.65, Population: 28839 | Fuzzy match: 38.095238095238095
2025-09-26 20:52:35,500 WARNING ❌ No match found with fuzzy score > 80 for city: Grand-Pont
2025-09-26 20:52:35,500 WARNING ❌ Lookup failed for city='grand_poitiers', iso2='FR'
