2025-09-17 14:27:16,513 INFO 🗺️ Starting GeoNames lookup for city='haute-garonne', country='france'
2025-09-17 14:27:16,514 INFO 📍 Location is present in the following articles: [ObjectId('67fa7e5feaa4fb525afebf8c')]
2025-09-17 14:27:16,588 INFO Comparing database entry: haute-garonne with Toulouse returned from geonames.
2025-09-17 14:27:16,588 INFO 📄 Index 0 | Name: Toulouse | fcl: P, fcode: PPLA | ADM1: Occitanie, ADM2: Upper Garonne, ADM3: Arrondissement of Toulouse, ADM4: Toulouse | Latitude: 43.60426, Longitude: 1.44367 | Score: 101.54, Population: 493465 | Fuzzy match: 28.57142857142857
2025-09-17 14:27:16,588 INFO Comparing database entry: haute-garonne with Blagnac returned from geonames.
2025-09-17 14:27:16,588 INFO 📄 Index 1 | Name: Blagnac | fcl: P, fcode: PPL | ADM1: Occitanie, ADM2: Upper Garonne, ADM3: Arrondissement of Toulouse, ADM4: Blagnac | Latitude: 43.63675, Longitude: 1.38971 | Score: 63.85, Population: 24263 | Fuzzy match: 30.000000000000004
2025-09-17 14:27:16,588 INFO Comparing database entry: haute-garonne with Balma returned from geonames.
2025-09-17 14:27:16,588 INFO 📄 Index 2 | Name: Balma | fcl: P, fcode: PPL | ADM1: Occitanie, ADM2: Upper Garonne, ADM3: Arrondissement of Toulouse, ADM4: Balma | Latitude: 43.61111, Longitude: 1.49944 | Score: 63.85, Population: 15553 | Fuzzy match: 22.22222222222222
2025-09-17 14:27:16,588 INFO Comparing database entry: haute-garonne with Colomiers returned from geonames.
2025-09-17 14:27:16,588 INFO 📄 Index 3 | Name: Colomiers | fcl: P, fcode: PPL | ADM1: Occitanie, ADM2: Upper Garonne, ADM3: Arrondissement of Toulouse, ADM4: Colomiers | Latitude: 43.61058, Longitude: 1.33467 | Score: 63.85, Population: 31363 | Fuzzy match: 18.181818181818176
2025-09-17 14:27:16,702 INFO Comparing database entry: haute-garonne with Toulouse returned from geonames.
2025-09-17 14:27:16,702 INFO 📄 Index 0 | Name: Toulouse | fcl: P, fcode: PPLA | ADM1: Occitanie, ADM2: Upper Garonne, ADM3: Arrondissement of Toulouse, ADM4: Toulouse | Latitude: 43.60426, Longitude: 1.44367 | Score: 101.54, Population: 493465 | Fuzzy match: 28.57142857142857
2025-09-17 14:27:16,703 INFO Comparing database entry: haute-garonne with Blagnac returned from geonames.
2025-09-17 14:27:16,703 INFO 📄 Index 1 | Name: Blagnac | fcl: P, fcode: PPL | ADM1: Occitanie, ADM2: Upper Garonne, ADM3: Arrondissement of Toulouse, ADM4: Blagnac | Latitude: 43.63675, Longitude: 1.38971 | Score: 63.85, Population: 24263 | Fuzzy match: 30.000000000000004
2025-09-17 14:27:16,703 INFO Comparing database entry: haute-garonne with Balma returned from geonames.
2025-09-17 14:27:16,703 INFO 📄 Index 2 | Name: Balma | fcl: P, fcode: PPL | ADM1: Occitanie, ADM2: Upper Garonne, ADM3: Arrondissement of Toulouse, ADM4: Balma | Latitude: 43.61111, Longitude: 1.49944 | Score: 63.85, Population: 15553 | Fuzzy match: 22.22222222222222
2025-09-17 14:27:16,703 INFO Comparing database entry: haute-garonne with Colomiers returned from geonames.
2025-09-17 14:27:16,703 INFO 📄 Index 3 | Name: Colomiers | fcl: P, fcode: PPL | ADM1: Occitanie, ADM2: Upper Garonne, ADM3: Arrondissement of Toulouse, ADM4: Colomiers | Latitude: 43.61058, Longitude: 1.33467 | Score: 63.85, Population: 31363 | Fuzzy match: 18.181818181818176
2025-09-17 14:27:16,751 INFO Comparing database entry: haute-garonne with Toulouse returned from geonames.
2025-09-17 14:27:16,751 INFO 📄 Index 0 | Name: Toulouse | fcl: P, fcode: PPLA | ADM1: Occitanie, ADM2: Upper Garonne, ADM3: Arrondissement of Toulouse, ADM4: Toulouse | Latitude: 43.60426, Longitude: 1.44367 | Score: 101.54, Population: 493465 | Fuzzy match: 28.57142857142857
2025-09-17 14:27:16,751 INFO Comparing database entry: haute-garonne with Blagnac returned from geonames.
2025-09-17 14:27:16,751 INFO 📄 Index 1 | Name: Blagnac | fcl: P, fcode: PPL | ADM1: Occitanie, ADM2: Upper Garonne, ADM3: Arrondissement of Toulouse, ADM4: Blagnac | Latitude: 43.63675, Longitude: 1.38971 | Score: 63.85, Population: 24263 | Fuzzy match: 30.000000000000004
2025-09-17 14:27:16,751 INFO Comparing database entry: haute-garonne with Balma returned from geonames.
2025-09-17 14:27:16,751 INFO 📄 Index 2 | Name: Balma | fcl: P, fcode: PPL | ADM1: Occitanie, ADM2: Upper Garonne, ADM3: Arrondissement of Toulouse, ADM4: Balma | Latitude: 43.61111, Longitude: 1.49944 | Score: 63.85, Population: 15553 | Fuzzy match: 22.22222222222222
2025-09-17 14:27:16,751 INFO Comparing database entry: haute-garonne with Colomiers returned from geonames.
2025-09-17 14:27:16,751 INFO 📄 Index 3 | Name: Colomiers | fcl: P, fcode: PPL | ADM1: Occitanie, ADM2: Upper Garonne, ADM3: Arrondissement of Toulouse, ADM4: Colomiers | Latitude: 43.61058, Longitude: 1.33467 | Score: 63.85, Population: 31363 | Fuzzy match: 18.181818181818176
2025-09-17 14:27:16,829 INFO Comparing database entry: haute-garonne with Toulouse returned from geonames.
2025-09-17 14:27:16,830 INFO 📄 Index 0 | Name: Toulouse | fcl: P, fcode: PPLA | ADM1: Occitanie, ADM2: Upper Garonne, ADM3: Arrondissement of Toulouse, ADM4: Toulouse | Latitude: 43.60426, Longitude: 1.44367 | Score: 101.54, Population: 493465 | Fuzzy match: 28.57142857142857
2025-09-17 14:27:16,830 INFO Comparing database entry: haute-garonne with Blagnac returned from geonames.
2025-09-17 14:27:16,830 INFO 📄 Index 1 | Name: Blagnac | fcl: P, fcode: PPL | ADM1: Occitanie, ADM2: Upper Garonne, ADM3: Arrondissement of Toulouse, ADM4: Blagnac | Latitude: 43.63675, Longitude: 1.38971 | Score: 63.85, Population: 24263 | Fuzzy match: 30.000000000000004
2025-09-17 14:27:16,830 INFO Comparing database entry: haute-garonne with Balma returned from geonames.
2025-09-17 14:27:16,830 INFO 📄 Index 2 | Name: Balma | fcl: P, fcode: PPL | ADM1: Occitanie, ADM2: Upper Garonne, ADM3: Arrondissement of Toulouse, ADM4: Balma | Latitude: 43.61111, Longitude: 1.49944 | Score: 63.85, Population: 15553 | Fuzzy match: 22.22222222222222
2025-09-17 14:27:16,830 INFO Comparing database entry: haute-garonne with Colomiers returned from geonames.
2025-09-17 14:27:16,830 INFO 📄 Index 3 | Name: Colomiers | fcl: P, fcode: PPL | ADM1: Occitanie, ADM2: Upper Garonne, ADM3: Arrondissement of Toulouse, ADM4: Colomiers | Latitude: 43.61058, Longitude: 1.33467 | Score: 63.85, Population: 31363 | Fuzzy match: 18.181818181818176
2025-09-17 14:27:16,877 INFO Comparing database entry: haute-garonne with Toulouse returned from geonames.
2025-09-17 14:27:16,877 INFO 📄 Index 0 | Name: Toulouse | fcl: P, fcode: PPLA | ADM1: Occitanie, ADM2: Upper Garonne, ADM3: Arrondissement of Toulouse, ADM4: Toulouse | Latitude: 43.60426, Longitude: 1.44367 | Score: 101.54, Population: 493465 | Fuzzy match: 28.57142857142857
2025-09-17 14:27:16,878 INFO Comparing database entry: haute-garonne with Blagnac returned from geonames.
2025-09-17 14:27:16,878 INFO 📄 Index 1 | Name: Blagnac | fcl: P, fcode: PPL | ADM1: Occitanie, ADM2: Upper Garonne, ADM3: Arrondissement of Toulouse, ADM4: Blagnac | Latitude: 43.63675, Longitude: 1.38971 | Score: 63.85, Population: 24263 | Fuzzy match: 30.000000000000004
2025-09-17 14:27:16,878 INFO Comparing database entry: haute-garonne with Balma returned from geonames.
2025-09-17 14:27:16,878 INFO 📄 Index 2 | Name: Balma | fcl: P, fcode: PPL | ADM1: Occitanie, ADM2: Upper Garonne, ADM3: Arrondissement of Toulouse, ADM4: Balma | Latitude: 43.61111, Longitude: 1.49944 | Score: 63.85, Population: 15553 | Fuzzy match: 22.22222222222222
2025-09-17 14:27:16,878 INFO Comparing database entry: haute-garonne with Colomiers returned from geonames.
2025-09-17 14:27:16,878 INFO 📄 Index 3 | Name: Colomiers | fcl: P, fcode: PPL | ADM1: Occitanie, ADM2: Upper Garonne, ADM3: Arrondissement of Toulouse, ADM4: Colomiers | Latitude: 43.61058, Longitude: 1.33467 | Score: 63.85, Population: 31363 | Fuzzy match: 18.181818181818176
2025-09-17 14:27:16,948 INFO Comparing database entry: haute-garonne with Toulouse returned from geonames.
2025-09-17 14:27:16,949 INFO 📄 Index 0 | Name: Toulouse | fcl: P, fcode: PPLA | ADM1: Occitanie, ADM2: Upper Garonne, ADM3: Arrondissement of Toulouse, ADM4: Toulouse | Latitude: 43.60426, Longitude: 1.44367 | Score: 101.54, Population: 493465 | Fuzzy match: 28.57142857142857
2025-09-17 14:27:16,949 INFO Comparing database entry: haute-garonne with Blagnac returned from geonames.
2025-09-17 14:27:16,949 INFO 📄 Index 1 | Name: Blagnac | fcl: P, fcode: PPL | ADM1: Occitanie, ADM2: Upper Garonne, ADM3: Arrondissement of Toulouse, ADM4: Blagnac | Latitude: 43.63675, Longitude: 1.38971 | Score: 63.85, Population: 24263 | Fuzzy match: 30.000000000000004
2025-09-17 14:27:16,949 INFO Comparing database entry: haute-garonne with Balma returned from geonames.
2025-09-17 14:27:16,949 INFO 📄 Index 2 | Name: Balma | fcl: P, fcode: PPL | ADM1: Occitanie, ADM2: Upper Garonne, ADM3: Arrondissement of Toulouse, ADM4: Balma | Latitude: 43.61111, Longitude: 1.49944 | Score: 63.85, Population: 15553 | Fuzzy match: 22.22222222222222
2025-09-17 14:27:16,949 INFO Comparing database entry: haute-garonne with Colomiers returned from geonames.
2025-09-17 14:27:16,949 INFO 📄 Index 3 | Name: Colomiers | fcl: P, fcode: PPL | ADM1: Occitanie, ADM2: Upper Garonne, ADM3: Arrondissement of Toulouse, ADM4: Colomiers | Latitude: 43.61058, Longitude: 1.33467 | Score: 63.85, Population: 31363 | Fuzzy match: 18.181818181818176
2025-09-17 14:27:16,949 WARNING ❌ No match found with fuzzy score > 80 for city: haute-garonne
2025-09-17 14:27:16,949 WARNING ❌ Lookup failed for city='hautegaronne', iso2='FR'
