2025-09-17 14:27:18,434 INFO 🗺️ Starting GeoNames lookup for city='lot-et-garonne', country='france'
2025-09-17 14:27:18,434 INFO 📍 Location is present in the following articles: [ObjectId('67fa7619eaa4fb525afeb1e8'), ObjectId('67fa7c5deaa4fb525afeb739'), ObjectId('67fa7e83eaa4fb525afec025')]
2025-09-17 14:27:18,520 INFO Comparing database entry: lot-et-garonne with Villeneuve-sur-Lot returned from geonames.
2025-09-17 14:27:18,520 INFO 📄 Index 0 | Name: Villeneuve-sur-Lot | fcl: P, fcode: PPLA3 | ADM1: Nouvelle-Aquitaine, ADM2: Lot-et-Garonne, ADM3: Arrondissement of Villeneuve-sur-Lot, ADM4: Villeneuve-sur-Lot | Latitude: 44.40854, Longitude: 0.70415 | Score: 70.07, Population: 25869 | Fuzzy match: 31.25
2025-09-17 14:27:18,520 INFO Comparing database entry: lot-et-garonne with Boé returned from geonames.
2025-09-17 14:27:18,520 INFO 📄 Index 1 | Name: Boé | fcl: P, fcode: PPL | ADM1: Nouvelle-Aquitaine, ADM2: Lot-et-Garonne, ADM3: Arrondissement of Agen, ADM4: Boé | Latitude: 44.1602, Longitude: 0.6281 | Score: 51.84, Population: 4746 | Fuzzy match: 11.764705882352944
2025-09-17 14:27:18,520 INFO Comparing database entry: lot-et-garonne with Marmande returned from geonames.
2025-09-17 14:27:18,520 INFO 📄 Index 2 | Name: Marmande | fcl: P, fcode: PPLA3 | ADM1: Nouvelle-Aquitaine, ADM2: Lot-et-Garonne, ADM3: Arrondissement of Marmande, ADM4: Marmande | Latitude: 44.50361, Longitude: 0.16546 | Score: 51.84, Population: 19069 | Fuzzy match: 36.36363636363637
2025-09-17 14:27:18,520 INFO Comparing database entry: lot-et-garonne with Agen returned from geonames.
2025-09-17 14:27:18,520 INFO 📄 Index 3 | Name: Agen | fcl: P, fcode: PPLA2 | ADM1: Nouvelle-Aquitaine, ADM2: Lot-et-Garonne, ADM3: Arrondissement of Agen, ADM4: Agen | Latitude: 44.20199, Longitude: 0.62055 | Score: 50.93, Population: 34367 | Fuzzy match: 22.22222222222222
2025-09-17 14:27:18,594 INFO Comparing database entry: lot-et-garonne with Villeneuve-sur-Lot returned from geonames.
2025-09-17 14:27:18,594 INFO 📄 Index 0 | Name: Villeneuve-sur-Lot | fcl: P, fcode: PPLA3 | ADM1: Nouvelle-Aquitaine, ADM2: Lot-et-Garonne, ADM3: Arrondissement of Villeneuve-sur-Lot, ADM4: Villeneuve-sur-Lot | Latitude: 44.40854, Longitude: 0.70415 | Score: 70.07, Population: 25869 | Fuzzy match: 31.25
2025-09-17 14:27:18,594 INFO Comparing database entry: lot-et-garonne with Boé returned from geonames.
2025-09-17 14:27:18,594 INFO 📄 Index 1 | Name: Boé | fcl: P, fcode: PPL | ADM1: Nouvelle-Aquitaine, ADM2: Lot-et-Garonne, ADM3: Arrondissement of Agen, ADM4: Boé | Latitude: 44.1602, Longitude: 0.6281 | Score: 51.84, Population: 4746 | Fuzzy match: 11.764705882352944
2025-09-17 14:27:18,594 INFO Comparing database entry: lot-et-garonne with Marmande returned from geonames.
2025-09-17 14:27:18,594 INFO 📄 Index 2 | Name: Marmande | fcl: P, fcode: PPLA3 | ADM1: Nouvelle-Aquitaine, ADM2: Lot-et-Garonne, ADM3: Arrondissement of Marmande, ADM4: Marmande | Latitude: 44.50361, Longitude: 0.16546 | Score: 51.84, Population: 19069 | Fuzzy match: 36.36363636363637
2025-09-17 14:27:18,594 INFO Comparing database entry: lot-et-garonne with Agen returned from geonames.
2025-09-17 14:27:18,595 INFO 📄 Index 3 | Name: Agen | fcl: P, fcode: PPLA2 | ADM1: Nouvelle-Aquitaine, ADM2: Lot-et-Garonne, ADM3: Arrondissement of Agen, ADM4: Agen | Latitude: 44.20199, Longitude: 0.62055 | Score: 50.93, Population: 34367 | Fuzzy match: 22.22222222222222
2025-09-17 14:27:18,641 INFO Comparing database entry: lot-et-garonne with Villeneuve-sur-Lot returned from geonames.
2025-09-17 14:27:18,641 INFO 📄 Index 0 | Name: Villeneuve-sur-Lot | fcl: P, fcode: PPLA3 | ADM1: Nouvelle-Aquitaine, ADM2: Lot-et-Garonne, ADM3: Arrondissement of Villeneuve-sur-Lot, ADM4: Villeneuve-sur-Lot | Latitude: 44.40854, Longitude: 0.70415 | Score: 70.07, Population: 25869 | Fuzzy match: 31.25
2025-09-17 14:27:18,641 INFO Comparing database entry: lot-et-garonne with Boé returned from geonames.
2025-09-17 14:27:18,642 INFO 📄 Index 1 | Name: Boé | fcl: P, fcode: PPL | ADM1: Nouvelle-Aquitaine, ADM2: Lot-et-Garonne, ADM3: Arrondissement of Agen, ADM4: Boé | Latitude: 44.1602, Longitude: 0.6281 | Score: 51.84, Population: 4746 | Fuzzy match: 11.764705882352944
2025-09-17 14:27:18,642 INFO Comparing database entry: lot-et-garonne with Marmande returned from geonames.
2025-09-17 14:27:18,642 INFO 📄 Index 2 | Name: Marmande | fcl: P, fcode: PPLA3 | ADM1: Nouvelle-Aquitaine, ADM2: Lot-et-Garonne, ADM3: Arrondissement of Marmande, ADM4: Marmande | Latitude: 44.50361, Longitude: 0.16546 | Score: 51.84, Population: 19069 | Fuzzy match: 36.36363636363637
2025-09-17 14:27:18,642 INFO Comparing database entry: lot-et-garonne with Agen returned from geonames.
2025-09-17 14:27:18,642 INFO 📄 Index 3 | Name: Agen | fcl: P, fcode: PPLA2 | ADM1: Nouvelle-Aquitaine, ADM2: Lot-et-Garonne, ADM3: Arrondissement of Agen, ADM4: Agen | Latitude: 44.20199, Longitude: 0.62055 | Score: 50.93, Population: 34367 | Fuzzy match: 22.22222222222222
2025-09-17 14:27:18,689 INFO Comparing database entry: lot-et-garonne with Villeneuve-sur-Lot returned from geonames.
2025-09-17 14:27:18,689 INFO 📄 Index 0 | Name: Villeneuve-sur-Lot | fcl: P, fcode: PPLA3 | ADM1: Nouvelle-Aquitaine, ADM2: Lot-et-Garonne, ADM3: Arrondissement of Villeneuve-sur-Lot, ADM4: Villeneuve-sur-Lot | Latitude: 44.40854, Longitude: 0.70415 | Score: 70.07, Population: 25869 | Fuzzy match: 31.25
2025-09-17 14:27:18,689 INFO Comparing database entry: lot-et-garonne with Boé returned from geonames.
2025-09-17 14:27:18,689 INFO 📄 Index 1 | Name: Boé | fcl: P, fcode: PPL | ADM1: Nouvelle-Aquitaine, ADM2: Lot-et-Garonne, ADM3: Arrondissement of Agen, ADM4: Boé | Latitude: 44.1602, Longitude: 0.6281 | Score: 51.84, Population: 4746 | Fuzzy match: 11.764705882352944
2025-09-17 14:27:18,689 INFO Comparing database entry: lot-et-garonne with Marmande returned from geonames.
2025-09-17 14:27:18,689 INFO 📄 Index 2 | Name: Marmande | fcl: P, fcode: PPLA3 | ADM1: Nouvelle-Aquitaine, ADM2: Lot-et-Garonne, ADM3: Arrondissement of Marmande, ADM4: Marmande | Latitude: 44.50361, Longitude: 0.16546 | Score: 51.84, Population: 19069 | Fuzzy match: 36.36363636363637
2025-09-17 14:27:18,689 INFO Comparing database entry: lot-et-garonne with Agen returned from geonames.
2025-09-17 14:27:18,689 INFO 📄 Index 3 | Name: Agen | fcl: P, fcode: PPLA2 | ADM1: Nouvelle-Aquitaine, ADM2: Lot-et-Garonne, ADM3: Arrondissement of Agen, ADM4: Agen | Latitude: 44.20199, Longitude: 0.62055 | Score: 50.93, Population: 34367 | Fuzzy match: 22.22222222222222
2025-09-17 14:27:18,735 INFO Comparing database entry: lot-et-garonne with Villeneuve-sur-Lot returned from geonames.
2025-09-17 14:27:18,736 INFO 📄 Index 0 | Name: Villeneuve-sur-Lot | fcl: P, fcode: PPLA3 | ADM1: Nouvelle-Aquitaine, ADM2: Lot-et-Garonne, ADM3: Arrondissement of Villeneuve-sur-Lot, ADM4: Villeneuve-sur-Lot | Latitude: 44.40854, Longitude: 0.70415 | Score: 70.07, Population: 25869 | Fuzzy match: 31.25
2025-09-17 14:27:18,736 INFO Comparing database entry: lot-et-garonne with Boé returned from geonames.
2025-09-17 14:27:18,736 INFO 📄 Index 1 | Name: Boé | fcl: P, fcode: PPL | ADM1: Nouvelle-Aquitaine, ADM2: Lot-et-Garonne, ADM3: Arrondissement of Agen, ADM4: Boé | Latitude: 44.1602, Longitude: 0.6281 | Score: 51.84, Population: 4746 | Fuzzy match: 11.764705882352944
2025-09-17 14:27:18,736 INFO Comparing database entry: lot-et-garonne with Marmande returned from geonames.
2025-09-17 14:27:18,736 INFO 📄 Index 2 | Name: Marmande | fcl: P, fcode: PPLA3 | ADM1: Nouvelle-Aquitaine, ADM2: Lot-et-Garonne, ADM3: Arrondissement of Marmande, ADM4: Marmande | Latitude: 44.50361, Longitude: 0.16546 | Score: 51.84, Population: 19069 | Fuzzy match: 36.36363636363637
2025-09-17 14:27:18,736 INFO Comparing database entry: lot-et-garonne with Agen returned from geonames.
2025-09-17 14:27:18,736 INFO 📄 Index 3 | Name: Agen | fcl: P, fcode: PPLA2 | ADM1: Nouvelle-Aquitaine, ADM2: Lot-et-Garonne, ADM3: Arrondissement of Agen, ADM4: Agen | Latitude: 44.20199, Longitude: 0.62055 | Score: 50.93, Population: 34367 | Fuzzy match: 22.22222222222222
2025-09-17 14:27:18,781 INFO Comparing database entry: lot-et-garonne with Villeneuve-sur-Lot returned from geonames.
2025-09-17 14:27:18,781 INFO 📄 Index 0 | Name: Villeneuve-sur-Lot | fcl: P, fcode: PPLA3 | ADM1: Nouvelle-Aquitaine, ADM2: Lot-et-Garonne, ADM3: Arrondissement of Villeneuve-sur-Lot, ADM4: Villeneuve-sur-Lot | Latitude: 44.40854, Longitude: 0.70415 | Score: 70.07, Population: 25869 | Fuzzy match: 31.25
2025-09-17 14:27:18,781 INFO Comparing database entry: lot-et-garonne with Boé returned from geonames.
2025-09-17 14:27:18,781 INFO 📄 Index 1 | Name: Boé | fcl: P, fcode: PPL | ADM1: Nouvelle-Aquitaine, ADM2: Lot-et-Garonne, ADM3: Arrondissement of Agen, ADM4: Boé | Latitude: 44.1602, Longitude: 0.6281 | Score: 51.84, Population: 4746 | Fuzzy match: 11.764705882352944
2025-09-17 14:27:18,781 INFO Comparing database entry: lot-et-garonne with Marmande returned from geonames.
2025-09-17 14:27:18,781 INFO 📄 Index 2 | Name: Marmande | fcl: P, fcode: PPLA3 | ADM1: Nouvelle-Aquitaine, ADM2: Lot-et-Garonne, ADM3: Arrondissement of Marmande, ADM4: Marmande | Latitude: 44.50361, Longitude: 0.16546 | Score: 51.84, Population: 19069 | Fuzzy match: 36.36363636363637
2025-09-17 14:27:18,781 INFO Comparing database entry: lot-et-garonne with Agen returned from geonames.
2025-09-17 14:27:18,782 INFO 📄 Index 3 | Name: Agen | fcl: P, fcode: PPLA2 | ADM1: Nouvelle-Aquitaine, ADM2: Lot-et-Garonne, ADM3: Arrondissement of Agen, ADM4: Agen | Latitude: 44.20199, Longitude: 0.62055 | Score: 50.93, Population: 34367 | Fuzzy match: 22.22222222222222
2025-09-17 14:27:18,782 WARNING ❌ No match found with fuzzy score > 80 for city: lot-et-garonne
2025-09-17 14:27:18,782 WARNING ❌ Lookup failed for city='lotetgaronne', iso2='FR'
