2025-08-19 17:00:51,624 INFO 🗺️ Starting GeoNames lookup for city='la hague', country='france'
2025-08-19 17:00:51,625 INFO 📍 Location is present in the following articles: [ObjectId('67fbf6ec94b7f855cfea6e7f'), ObjectId('67fbf7ad94b7f855cfea71a4'), ObjectId('67fbf7b194b7f855cfea71b3')]
2025-08-19 17:00:51,767 INFO Comparing database entry: la hague with Beaumont-Hague returned from geonames.
2025-08-19 17:00:51,768 INFO 📄 Index 0 | Name: Beaumont-Hague | fcl: P, fcode: PPL | ADM1: Normandy, ADM2: Manche, ADM3: Arrondissement of Cherbourg, ADM4: La Hague | Latitude: 49.66387, Longitude: -1.83822 | Score: 54.12, Population: 1413 | Fuzzy match: 45.45454545454546
2025-08-19 17:00:51,768 INFO Comparing database entry: la hague with Teurthéville-Hague returned from geonames.
2025-08-19 17:00:51,768 INFO 📄 Index 1 | Name: Teurthéville-Hague | fcl: P, fcode: PPL | ADM1: Normandy, ADM2: Manche, ADM3: Arrondissement of Cherbourg, ADM4: Teurthéville-Hague | Latitude: 49.58262, Longitude: -1.72857 | Score: 29.25, Population: 770 | Fuzzy match: 38.46153846153846
2025-08-19 17:00:51,768 INFO Comparing database entry: la hague with Gréville-Hague returned from geonames.
2025-08-19 17:00:51,768 INFO 📄 Index 2 | Name: Gréville-Hague | fcl: P, fcode: PPL | ADM1: Normandy, ADM2: Manche, ADM3: Arrondissement of Cherbourg, ADM4: La Hague | Latitude: 49.67428, Longitude: -1.80107 | Score: 27.06, Population: 736 | Fuzzy match: 45.45454545454546
2025-08-19 17:00:51,768 INFO Comparing database entry: la hague with Urville-Nacqueville returned from geonames.
2025-08-19 17:00:51,768 INFO 📄 Index 3 | Name: Urville-Nacqueville | fcl: P, fcode: PPL | ADM1: Normandy, ADM2: Manche, ADM3: Arrondissement of Cherbourg, ADM4: La Hague | Latitude: 49.67444, Longitude: -1.73664 | Score: 24.74, Population: 2307 | Fuzzy match: 29.629629629629626
2025-08-19 17:00:51,917 INFO Comparing database entry: la hague with Beaumont-Hague returned from geonames.
2025-08-19 17:00:51,917 INFO 📄 Index 0 | Name: Beaumont-Hague | fcl: P, fcode: PPL | ADM1: Normandy, ADM2: Manche, ADM3: Arrondissement of Cherbourg, ADM4: La Hague | Latitude: 49.66387, Longitude: -1.83822 | Score: 54.12, Population: 1413 | Fuzzy match: 45.45454545454546
2025-08-19 17:00:51,918 INFO Comparing database entry: la hague with Teurthéville-Hague returned from geonames.
2025-08-19 17:00:51,918 INFO 📄 Index 1 | Name: Teurthéville-Hague | fcl: P, fcode: PPL | ADM1: Normandy, ADM2: Manche, ADM3: Arrondissement of Cherbourg, ADM4: Teurthéville-Hague | Latitude: 49.58262, Longitude: -1.72857 | Score: 29.25, Population: 770 | Fuzzy match: 38.46153846153846
2025-08-19 17:00:51,918 INFO Comparing database entry: la hague with Gréville-Hague returned from geonames.
2025-08-19 17:00:51,918 INFO 📄 Index 2 | Name: Gréville-Hague | fcl: P, fcode: PPL | ADM1: Normandy, ADM2: Manche, ADM3: Arrondissement of Cherbourg, ADM4: La Hague | Latitude: 49.67428, Longitude: -1.80107 | Score: 27.06, Population: 736 | Fuzzy match: 45.45454545454546
2025-08-19 17:00:51,918 INFO Comparing database entry: la hague with Urville-Nacqueville returned from geonames.
2025-08-19 17:00:51,918 INFO 📄 Index 3 | Name: Urville-Nacqueville | fcl: P, fcode: PPL | ADM1: Normandy, ADM2: Manche, ADM3: Arrondissement of Cherbourg, ADM4: La Hague | Latitude: 49.67444, Longitude: -1.73664 | Score: 24.74, Population: 2307 | Fuzzy match: 29.629629629629626
2025-08-19 17:00:52,069 INFO Comparing database entry: la hague with Beaumont-Hague returned from geonames.
2025-08-19 17:00:52,070 INFO 📄 Index 0 | Name: Beaumont-Hague | fcl: P, fcode: PPL | ADM1: Normandy, ADM2: Manche, ADM3: Arrondissement of Cherbourg, ADM4: La Hague | Latitude: 49.66387, Longitude: -1.83822 | Score: 54.12, Population: 1413 | Fuzzy match: 45.45454545454546
2025-08-19 17:00:52,070 INFO Comparing database entry: la hague with Teurthéville-Hague returned from geonames.
2025-08-19 17:00:52,070 INFO 📄 Index 1 | Name: Teurthéville-Hague | fcl: P, fcode: PPL | ADM1: Normandy, ADM2: Manche, ADM3: Arrondissement of Cherbourg, ADM4: Teurthéville-Hague | Latitude: 49.58262, Longitude: -1.72857 | Score: 29.25, Population: 770 | Fuzzy match: 38.46153846153846
2025-08-19 17:00:52,070 INFO Comparing database entry: la hague with Gréville-Hague returned from geonames.
2025-08-19 17:00:52,070 INFO 📄 Index 2 | Name: Gréville-Hague | fcl: P, fcode: PPL | ADM1: Normandy, ADM2: Manche, ADM3: Arrondissement of Cherbourg, ADM4: La Hague | Latitude: 49.67428, Longitude: -1.80107 | Score: 27.06, Population: 736 | Fuzzy match: 45.45454545454546
2025-08-19 17:00:52,070 INFO Comparing database entry: la hague with Urville-Nacqueville returned from geonames.
2025-08-19 17:00:52,070 INFO 📄 Index 3 | Name: Urville-Nacqueville | fcl: P, fcode: PPL | ADM1: Normandy, ADM2: Manche, ADM3: Arrondissement of Cherbourg, ADM4: La Hague | Latitude: 49.67444, Longitude: -1.73664 | Score: 24.74, Population: 2307 | Fuzzy match: 29.629629629629626
2025-08-19 17:00:52,210 INFO Comparing database entry: la hague with Beaumont-Hague returned from geonames.
2025-08-19 17:00:52,210 INFO 📄 Index 0 | Name: Beaumont-Hague | fcl: P, fcode: PPL | ADM1: Normandy, ADM2: Manche, ADM3: Arrondissement of Cherbourg, ADM4: La Hague | Latitude: 49.66387, Longitude: -1.83822 | Score: 54.12, Population: 1413 | Fuzzy match: 45.45454545454546
2025-08-19 17:00:52,210 INFO Comparing database entry: la hague with Teurthéville-Hague returned from geonames.
2025-08-19 17:00:52,210 INFO 📄 Index 1 | Name: Teurthéville-Hague | fcl: P, fcode: PPL | ADM1: Normandy, ADM2: Manche, ADM3: Arrondissement of Cherbourg, ADM4: Teurthéville-Hague | Latitude: 49.58262, Longitude: -1.72857 | Score: 29.25, Population: 770 | Fuzzy match: 38.46153846153846
2025-08-19 17:00:52,210 INFO Comparing database entry: la hague with Gréville-Hague returned from geonames.
2025-08-19 17:00:52,210 INFO 📄 Index 2 | Name: Gréville-Hague | fcl: P, fcode: PPL | ADM1: Normandy, ADM2: Manche, ADM3: Arrondissement of Cherbourg, ADM4: La Hague | Latitude: 49.67428, Longitude: -1.80107 | Score: 27.06, Population: 736 | Fuzzy match: 45.45454545454546
2025-08-19 17:00:52,210 INFO Comparing database entry: la hague with Urville-Nacqueville returned from geonames.
2025-08-19 17:00:52,211 INFO 📄 Index 3 | Name: Urville-Nacqueville | fcl: P, fcode: PPL | ADM1: Normandy, ADM2: Manche, ADM3: Arrondissement of Cherbourg, ADM4: La Hague | Latitude: 49.67444, Longitude: -1.73664 | Score: 24.74, Population: 2307 | Fuzzy match: 29.629629629629626
2025-08-19 17:00:52,354 INFO Comparing database entry: la hague with Beaumont-Hague returned from geonames.
2025-08-19 17:00:52,354 INFO 📄 Index 0 | Name: Beaumont-Hague | fcl: P, fcode: PPL | ADM1: Normandy, ADM2: Manche, ADM3: Arrondissement of Cherbourg, ADM4: La Hague | Latitude: 49.66387, Longitude: -1.83822 | Score: 54.12, Population: 1413 | Fuzzy match: 45.45454545454546
2025-08-19 17:00:52,354 INFO Comparing database entry: la hague with Teurthéville-Hague returned from geonames.
2025-08-19 17:00:52,354 INFO 📄 Index 1 | Name: Teurthéville-Hague | fcl: P, fcode: PPL | ADM1: Normandy, ADM2: Manche, ADM3: Arrondissement of Cherbourg, ADM4: Teurthéville-Hague | Latitude: 49.58262, Longitude: -1.72857 | Score: 29.25, Population: 770 | Fuzzy match: 38.46153846153846
2025-08-19 17:00:52,354 INFO Comparing database entry: la hague with Gréville-Hague returned from geonames.
2025-08-19 17:00:52,354 INFO 📄 Index 2 | Name: Gréville-Hague | fcl: P, fcode: PPL | ADM1: Normandy, ADM2: Manche, ADM3: Arrondissement of Cherbourg, ADM4: La Hague | Latitude: 49.67428, Longitude: -1.80107 | Score: 27.06, Population: 736 | Fuzzy match: 45.45454545454546
2025-08-19 17:00:52,354 INFO Comparing database entry: la hague with Urville-Nacqueville returned from geonames.
2025-08-19 17:00:52,354 INFO 📄 Index 3 | Name: Urville-Nacqueville | fcl: P, fcode: PPL | ADM1: Normandy, ADM2: Manche, ADM3: Arrondissement of Cherbourg, ADM4: La Hague | Latitude: 49.67444, Longitude: -1.73664 | Score: 24.74, Population: 2307 | Fuzzy match: 29.629629629629626
2025-08-19 17:00:52,494 INFO Comparing database entry: la hague with Beaumont-Hague returned from geonames.
2025-08-19 17:00:52,495 INFO 📄 Index 0 | Name: Beaumont-Hague | fcl: P, fcode: PPL | ADM1: Normandy, ADM2: Manche, ADM3: Arrondissement of Cherbourg, ADM4: La Hague | Latitude: 49.66387, Longitude: -1.83822 | Score: 54.12, Population: 1413 | Fuzzy match: 45.45454545454546
2025-08-19 17:00:52,495 INFO Comparing database entry: la hague with Teurthéville-Hague returned from geonames.
2025-08-19 17:00:52,495 INFO 📄 Index 1 | Name: Teurthéville-Hague | fcl: P, fcode: PPL | ADM1: Normandy, ADM2: Manche, ADM3: Arrondissement of Cherbourg, ADM4: Teurthéville-Hague | Latitude: 49.58262, Longitude: -1.72857 | Score: 29.25, Population: 770 | Fuzzy match: 38.46153846153846
2025-08-19 17:00:52,495 INFO Comparing database entry: la hague with Gréville-Hague returned from geonames.
2025-08-19 17:00:52,495 INFO 📄 Index 2 | Name: Gréville-Hague | fcl: P, fcode: PPL | ADM1: Normandy, ADM2: Manche, ADM3: Arrondissement of Cherbourg, ADM4: La Hague | Latitude: 49.67428, Longitude: -1.80107 | Score: 27.06, Population: 736 | Fuzzy match: 45.45454545454546
2025-08-19 17:00:52,495 INFO Comparing database entry: la hague with Urville-Nacqueville returned from geonames.
2025-08-19 17:00:52,495 INFO 📄 Index 3 | Name: Urville-Nacqueville | fcl: P, fcode: PPL | ADM1: Normandy, ADM2: Manche, ADM3: Arrondissement of Cherbourg, ADM4: La Hague | Latitude: 49.67444, Longitude: -1.73664 | Score: 24.74, Population: 2307 | Fuzzy match: 29.629629629629626
2025-08-19 17:00:52,495 WARNING ❌ No match found with fuzzy score > 80 for city: la hague
2025-08-19 17:00:52,495 WARNING ❌ Lookup failed for city='la_hague', iso2='FR'
