2025-08-22 15:18:58,478 INFO 🗺️ Starting GeoNames lookup for city='laqueuille, puy-de-dôme', country='france'
2025-08-22 15:18:58,478 INFO 📍 Location is present in the following articles: [ObjectId('67fa8020eaa4fb525afec6d3')]
2025-08-22 15:18:58,617 INFO Comparing database entry: laqueuille, puy-de-dôme with Laqueuille returned from geonames.
2025-08-22 15:18:58,617 INFO 📄 Index 0 | Name: Laqueuille | fcl: P, fcode: PPL | ADM1: Auvergne-Rhône-Alpes, ADM2: Puy-de-Dôme, ADM3: Arrondissement of Issoire, ADM4: Laqueuille | Latitude: 45.65014, Longitude: 2.73255 | Score: 21.67, Population: 406 | Fuzzy match: 60.60606060606061
2025-08-22 15:18:58,618 INFO Comparing database entry: laqueuille, puy-de-dôme with Laqueuille returned from geonames.
2025-08-22 15:18:58,618 INFO 📄 Index 1 | Name: Laqueuille | fcl: A, fcode: ADM4 | ADM1: Auvergne-Rhône-Alpes, ADM2: Puy-de-Dôme, ADM3: Arrondissement of Issoire, ADM4: Laqueuille | Latitude: 45.65, Longitude: 2.73333 | Score: 17.04, Population: 366 | Fuzzy match: 60.60606060606061
2025-08-22 15:18:58,618 INFO Comparing database entry: laqueuille, puy-de-dôme with La Chabanne returned from geonames.
2025-08-22 15:18:58,618 INFO 📄 Index 2 | Name: La Chabanne | fcl: P, fcode: PPL | ADM1: Auvergne-Rhône-Alpes, ADM2: Puy-de-Dôme, ADM3: Arrondissement of Issoire, ADM4: Laqueuille | Latitude: 45.66195, Longitude: 2.75842 | Score: 9.08, Population: 0 | Fuzzy match: 17.647058823529417
2025-08-22 15:18:58,618 INFO Comparing database entry: laqueuille, puy-de-dôme with Villevialle returned from geonames.
2025-08-22 15:18:58,618 INFO 📄 Index 3 | Name: Villevialle | fcl: P, fcode: PPL | ADM1: Auvergne-Rhône-Alpes, ADM2: Puy-de-Dôme, ADM3: Arrondissement of Issoire, ADM4: Laqueuille | Latitude: 45.66777, Longitude: 2.74748 | Score: 9.08, Population: 0 | Fuzzy match: 35.29411764705882
2025-08-22 15:18:58,780 INFO Comparing database entry: laqueuille, puy-de-dôme with Laqueuille returned from geonames.
2025-08-22 15:18:58,781 INFO 📄 Index 0 | Name: Laqueuille | fcl: P, fcode: PPL | ADM1: Auvergne-Rhône-Alpes, ADM2: Puy-de-Dôme, ADM3: Arrondissement of Issoire, ADM4: Laqueuille | Latitude: 45.65014, Longitude: 2.73255 | Score: 21.67, Population: 406 | Fuzzy match: 60.60606060606061
2025-08-22 15:18:58,781 INFO Comparing database entry: laqueuille, puy-de-dôme with Laqueuille returned from geonames.
2025-08-22 15:18:58,781 INFO 📄 Index 1 | Name: Laqueuille | fcl: A, fcode: ADM4 | ADM1: Auvergne-Rhône-Alpes, ADM2: Puy-de-Dôme, ADM3: Arrondissement of Issoire, ADM4: Laqueuille | Latitude: 45.65, Longitude: 2.73333 | Score: 17.04, Population: 366 | Fuzzy match: 60.60606060606061
2025-08-22 15:18:58,781 INFO Comparing database entry: laqueuille, puy-de-dôme with La Chabanne returned from geonames.
2025-08-22 15:18:58,781 INFO 📄 Index 2 | Name: La Chabanne | fcl: P, fcode: PPL | ADM1: Auvergne-Rhône-Alpes, ADM2: Puy-de-Dôme, ADM3: Arrondissement of Issoire, ADM4: Laqueuille | Latitude: 45.66195, Longitude: 2.75842 | Score: 9.08, Population: 0 | Fuzzy match: 17.647058823529417
2025-08-22 15:18:58,781 INFO Comparing database entry: laqueuille, puy-de-dôme with Villevialle returned from geonames.
2025-08-22 15:18:58,781 INFO 📄 Index 3 | Name: Villevialle | fcl: P, fcode: PPL | ADM1: Auvergne-Rhône-Alpes, ADM2: Puy-de-Dôme, ADM3: Arrondissement of Issoire, ADM4: Laqueuille | Latitude: 45.66777, Longitude: 2.74748 | Score: 9.08, Population: 0 | Fuzzy match: 35.29411764705882
2025-08-22 15:18:58,943 INFO Comparing database entry: laqueuille, puy-de-dôme with Laqueuille returned from geonames.
2025-08-22 15:18:58,943 INFO 📄 Index 0 | Name: Laqueuille | fcl: P, fcode: PPL | ADM1: Auvergne-Rhône-Alpes, ADM2: Puy-de-Dôme, ADM3: Arrondissement of Issoire, ADM4: Laqueuille | Latitude: 45.65014, Longitude: 2.73255 | Score: 21.67, Population: 406 | Fuzzy match: 60.60606060606061
2025-08-22 15:18:58,943 INFO Comparing database entry: laqueuille, puy-de-dôme with Laqueuille returned from geonames.
2025-08-22 15:18:58,943 INFO 📄 Index 1 | Name: Laqueuille | fcl: A, fcode: ADM4 | ADM1: Auvergne-Rhône-Alpes, ADM2: Puy-de-Dôme, ADM3: Arrondissement of Issoire, ADM4: Laqueuille | Latitude: 45.65, Longitude: 2.73333 | Score: 17.04, Population: 366 | Fuzzy match: 60.60606060606061
2025-08-22 15:18:58,944 INFO Comparing database entry: laqueuille, puy-de-dôme with La Chabanne returned from geonames.
2025-08-22 15:18:58,944 INFO 📄 Index 2 | Name: La Chabanne | fcl: P, fcode: PPL | ADM1: Auvergne-Rhône-Alpes, ADM2: Puy-de-Dôme, ADM3: Arrondissement of Issoire, ADM4: Laqueuille | Latitude: 45.66195, Longitude: 2.75842 | Score: 9.08, Population: 0 | Fuzzy match: 17.647058823529417
2025-08-22 15:18:58,944 INFO Comparing database entry: laqueuille, puy-de-dôme with Villevialle returned from geonames.
2025-08-22 15:18:58,944 INFO 📄 Index 3 | Name: Villevialle | fcl: P, fcode: PPL | ADM1: Auvergne-Rhône-Alpes, ADM2: Puy-de-Dôme, ADM3: Arrondissement of Issoire, ADM4: Laqueuille | Latitude: 45.66777, Longitude: 2.74748 | Score: 9.08, Population: 0 | Fuzzy match: 35.29411764705882
2025-08-22 15:18:59,091 INFO Comparing database entry: laqueuille, puy-de-dôme with Laqueuille returned from geonames.
2025-08-22 15:18:59,091 INFO 📄 Index 0 | Name: Laqueuille | fcl: P, fcode: PPL | ADM1: Auvergne-Rhône-Alpes, ADM2: Puy-de-Dôme, ADM3: Arrondissement of Issoire, ADM4: Laqueuille | Latitude: 45.65014, Longitude: 2.73255 | Score: 21.67, Population: 406 | Fuzzy match: 60.60606060606061
2025-08-22 15:18:59,091 INFO Comparing database entry: laqueuille, puy-de-dôme with Laqueuille returned from geonames.
2025-08-22 15:18:59,091 INFO 📄 Index 1 | Name: Laqueuille | fcl: A, fcode: ADM4 | ADM1: Auvergne-Rhône-Alpes, ADM2: Puy-de-Dôme, ADM3: Arrondissement of Issoire, ADM4: Laqueuille | Latitude: 45.65, Longitude: 2.73333 | Score: 17.04, Population: 366 | Fuzzy match: 60.60606060606061
2025-08-22 15:18:59,091 INFO Comparing database entry: laqueuille, puy-de-dôme with La Chabanne returned from geonames.
2025-08-22 15:18:59,091 INFO 📄 Index 2 | Name: La Chabanne | fcl: P, fcode: PPL | ADM1: Auvergne-Rhône-Alpes, ADM2: Puy-de-Dôme, ADM3: Arrondissement of Issoire, ADM4: Laqueuille | Latitude: 45.66195, Longitude: 2.75842 | Score: 9.08, Population: 0 | Fuzzy match: 17.647058823529417
2025-08-22 15:18:59,091 INFO Comparing database entry: laqueuille, puy-de-dôme with Villevialle returned from geonames.
2025-08-22 15:18:59,091 INFO 📄 Index 3 | Name: Villevialle | fcl: P, fcode: PPL | ADM1: Auvergne-Rhône-Alpes, ADM2: Puy-de-Dôme, ADM3: Arrondissement of Issoire, ADM4: Laqueuille | Latitude: 45.66777, Longitude: 2.74748 | Score: 9.08, Population: 0 | Fuzzy match: 35.29411764705882
2025-08-22 15:18:59,266 INFO Comparing database entry: laqueuille, puy-de-dôme with Laqueuille returned from geonames.
2025-08-22 15:18:59,267 INFO 📄 Index 0 | Name: Laqueuille | fcl: P, fcode: PPL | ADM1: Auvergne-Rhône-Alpes, ADM2: Puy-de-Dôme, ADM3: Arrondissement of Issoire, ADM4: Laqueuille | Latitude: 45.65014, Longitude: 2.73255 | Score: 21.67, Population: 406 | Fuzzy match: 60.60606060606061
2025-08-22 15:18:59,267 INFO Comparing database entry: laqueuille, puy-de-dôme with Laqueuille returned from geonames.
2025-08-22 15:18:59,267 INFO 📄 Index 1 | Name: Laqueuille | fcl: A, fcode: ADM4 | ADM1: Auvergne-Rhône-Alpes, ADM2: Puy-de-Dôme, ADM3: Arrondissement of Issoire, ADM4: Laqueuille | Latitude: 45.65, Longitude: 2.73333 | Score: 17.04, Population: 366 | Fuzzy match: 60.60606060606061
2025-08-22 15:18:59,267 INFO Comparing database entry: laqueuille, puy-de-dôme with La Chabanne returned from geonames.
2025-08-22 15:18:59,267 INFO 📄 Index 2 | Name: La Chabanne | fcl: P, fcode: PPL | ADM1: Auvergne-Rhône-Alpes, ADM2: Puy-de-Dôme, ADM3: Arrondissement of Issoire, ADM4: Laqueuille | Latitude: 45.66195, Longitude: 2.75842 | Score: 9.08, Population: 0 | Fuzzy match: 17.647058823529417
2025-08-22 15:18:59,267 INFO Comparing database entry: laqueuille, puy-de-dôme with Villevialle returned from geonames.
2025-08-22 15:18:59,267 INFO 📄 Index 3 | Name: Villevialle | fcl: P, fcode: PPL | ADM1: Auvergne-Rhône-Alpes, ADM2: Puy-de-Dôme, ADM3: Arrondissement of Issoire, ADM4: Laqueuille | Latitude: 45.66777, Longitude: 2.74748 | Score: 9.08, Population: 0 | Fuzzy match: 35.29411764705882
2025-08-22 15:18:59,398 INFO Comparing database entry: laqueuille, puy-de-dôme with Laqueuille returned from geonames.
2025-08-22 15:18:59,398 INFO 📄 Index 0 | Name: Laqueuille | fcl: P, fcode: PPL | ADM1: Auvergne-Rhône-Alpes, ADM2: Puy-de-Dôme, ADM3: Arrondissement of Issoire, ADM4: Laqueuille | Latitude: 45.65014, Longitude: 2.73255 | Score: 21.67, Population: 406 | Fuzzy match: 60.60606060606061
2025-08-22 15:18:59,399 INFO Comparing database entry: laqueuille, puy-de-dôme with Laqueuille returned from geonames.
2025-08-22 15:18:59,399 INFO 📄 Index 1 | Name: Laqueuille | fcl: A, fcode: ADM4 | ADM1: Auvergne-Rhône-Alpes, ADM2: Puy-de-Dôme, ADM3: Arrondissement of Issoire, ADM4: Laqueuille | Latitude: 45.65, Longitude: 2.73333 | Score: 17.04, Population: 366 | Fuzzy match: 60.60606060606061
2025-08-22 15:18:59,399 INFO Comparing database entry: laqueuille, puy-de-dôme with La Chabanne returned from geonames.
2025-08-22 15:18:59,399 INFO 📄 Index 2 | Name: La Chabanne | fcl: P, fcode: PPL | ADM1: Auvergne-Rhône-Alpes, ADM2: Puy-de-Dôme, ADM3: Arrondissement of Issoire, ADM4: Laqueuille | Latitude: 45.66195, Longitude: 2.75842 | Score: 9.08, Population: 0 | Fuzzy match: 17.647058823529417
2025-08-22 15:18:59,399 INFO Comparing database entry: laqueuille, puy-de-dôme with Villevialle returned from geonames.
2025-08-22 15:18:59,399 INFO 📄 Index 3 | Name: Villevialle | fcl: P, fcode: PPL | ADM1: Auvergne-Rhône-Alpes, ADM2: Puy-de-Dôme, ADM3: Arrondissement of Issoire, ADM4: Laqueuille | Latitude: 45.66777, Longitude: 2.74748 | Score: 9.08, Population: 0 | Fuzzy match: 35.29411764705882
2025-08-22 15:18:59,399 WARNING ❌ No match found with fuzzy score > 80 for city: laqueuille, puy-de-dôme
2025-08-22 15:18:59,399 WARNING ❌ Lookup failed for city='laqueuille_puydedôme', iso2='FR'
