2025-09-17 14:27:20,402 INFO 🗺️ Starting GeoNames lookup for city='moselle', country='france'
2025-09-17 14:27:20,402 INFO 📍 Location is present in the following articles: [ObjectId('67fa7537eaa4fb525afeae48'), ObjectId('67fa7e59eaa4fb525afebf73')]
2025-09-17 14:27:20,480 INFO Comparing database entry: moselle with Nancy returned from geonames.
2025-09-17 14:27:20,481 INFO 📄 Index 0 | Name: Nancy | fcl: P, fcode: PPLA2 | ADM1: Grand Est, ADM2: Meurthe et Moselle, ADM3: Arrondissement of Nancy, ADM4: Nancy | Latitude: 48.68439, Longitude: 6.18496 | Score: 73.63, Population: 105058 | Fuzzy match: 0.0
2025-09-17 14:27:20,481 INFO Comparing database entry: moselle with Metz returned from geonames.
2025-09-17 14:27:20,481 INFO 📄 Index 1 | Name: Metz | fcl: P, fcode: PPLA2 | ADM1: Grand Est, ADM2: Moselle, ADM3: Arrondissement of Metz-Ville, ADM4: Metz | Latitude: 49.11911, Longitude: 6.17269 | Score: 71.62, Population: 123914 | Fuzzy match: 36.36363636363637
2025-09-17 14:27:20,481 INFO Comparing database entry: moselle with Saint-Avold returned from geonames.
2025-09-17 14:27:20,481 INFO 📄 Index 2 | Name: Saint-Avold | fcl: P, fcode: PPL | ADM1: Grand Est, ADM2: Moselle, ADM3: Forbach-Boulay-Moselle, ADM4: Saint-Avold | Latitude: 49.10465, Longitude: 6.70402 | Score: 63.98, Population: 18281 | Fuzzy match: 22.22222222222222
2025-09-17 14:27:20,481 INFO Comparing database entry: moselle with Hayange returned from geonames.
2025-09-17 14:27:20,481 INFO 📄 Index 3 | Name: Hayange | fcl: P, fcode: PPL | ADM1: Grand Est, ADM2: Moselle, ADM3: Thionville, ADM4: Hayange | Latitude: 49.32881, Longitude: 6.06278 | Score: 61.06, Population: 15501 | Fuzzy match: 14.28571428571429
2025-09-17 14:27:20,526 INFO Comparing database entry: moselle with Nancy returned from geonames.
2025-09-17 14:27:20,526 INFO 📄 Index 0 | Name: Nancy | fcl: P, fcode: PPLA2 | ADM1: Grand Est, ADM2: Meurthe et Moselle, ADM3: Arrondissement of Nancy, ADM4: Nancy | Latitude: 48.68439, Longitude: 6.18496 | Score: 73.63, Population: 105058 | Fuzzy match: 0.0
2025-09-17 14:27:20,526 INFO Comparing database entry: moselle with Metz returned from geonames.
2025-09-17 14:27:20,526 INFO 📄 Index 1 | Name: Metz | fcl: P, fcode: PPLA2 | ADM1: Grand Est, ADM2: Moselle, ADM3: Arrondissement of Metz-Ville, ADM4: Metz | Latitude: 49.11911, Longitude: 6.17269 | Score: 71.62, Population: 123914 | Fuzzy match: 36.36363636363637
2025-09-17 14:27:20,527 INFO Comparing database entry: moselle with Saint-Avold returned from geonames.
2025-09-17 14:27:20,527 INFO 📄 Index 2 | Name: Saint-Avold | fcl: P, fcode: PPL | ADM1: Grand Est, ADM2: Moselle, ADM3: Forbach-Boulay-Moselle, ADM4: Saint-Avold | Latitude: 49.10465, Longitude: 6.70402 | Score: 63.98, Population: 18281 | Fuzzy match: 22.22222222222222
2025-09-17 14:27:20,527 INFO Comparing database entry: moselle with Hayange returned from geonames.
2025-09-17 14:27:20,527 INFO 📄 Index 3 | Name: Hayange | fcl: P, fcode: PPL | ADM1: Grand Est, ADM2: Moselle, ADM3: Thionville, ADM4: Hayange | Latitude: 49.32881, Longitude: 6.06278 | Score: 61.06, Population: 15501 | Fuzzy match: 14.28571428571429
2025-09-17 14:27:20,576 INFO Comparing database entry: moselle with Nancy returned from geonames.
2025-09-17 14:27:20,576 INFO 📄 Index 0 | Name: Nancy | fcl: P, fcode: PPLA2 | ADM1: Grand Est, ADM2: Meurthe et Moselle, ADM3: Arrondissement of Nancy, ADM4: Nancy | Latitude: 48.68439, Longitude: 6.18496 | Score: 73.63, Population: 105058 | Fuzzy match: 0.0
2025-09-17 14:27:20,576 INFO Comparing database entry: moselle with Metz returned from geonames.
2025-09-17 14:27:20,576 INFO 📄 Index 1 | Name: Metz | fcl: P, fcode: PPLA2 | ADM1: Grand Est, ADM2: Moselle, ADM3: Arrondissement of Metz-Ville, ADM4: Metz | Latitude: 49.11911, Longitude: 6.17269 | Score: 71.62, Population: 123914 | Fuzzy match: 36.36363636363637
2025-09-17 14:27:20,576 INFO Comparing database entry: moselle with Saint-Avold returned from geonames.
2025-09-17 14:27:20,576 INFO 📄 Index 2 | Name: Saint-Avold | fcl: P, fcode: PPL | ADM1: Grand Est, ADM2: Moselle, ADM3: Forbach-Boulay-Moselle, ADM4: Saint-Avold | Latitude: 49.10465, Longitude: 6.70402 | Score: 63.98, Population: 18281 | Fuzzy match: 22.22222222222222
2025-09-17 14:27:20,576 INFO Comparing database entry: moselle with Hayange returned from geonames.
2025-09-17 14:27:20,576 INFO 📄 Index 3 | Name: Hayange | fcl: P, fcode: PPL | ADM1: Grand Est, ADM2: Moselle, ADM3: Thionville, ADM4: Hayange | Latitude: 49.32881, Longitude: 6.06278 | Score: 61.06, Population: 15501 | Fuzzy match: 14.28571428571429
2025-09-17 14:27:20,622 INFO Comparing database entry: moselle with Nancy returned from geonames.
2025-09-17 14:27:20,622 INFO 📄 Index 0 | Name: Nancy | fcl: P, fcode: PPLA2 | ADM1: Grand Est, ADM2: Meurthe et Moselle, ADM3: Arrondissement of Nancy, ADM4: Nancy | Latitude: 48.68439, Longitude: 6.18496 | Score: 73.63, Population: 105058 | Fuzzy match: 0.0
2025-09-17 14:27:20,622 INFO Comparing database entry: moselle with Metz returned from geonames.
2025-09-17 14:27:20,622 INFO 📄 Index 1 | Name: Metz | fcl: P, fcode: PPLA2 | ADM1: Grand Est, ADM2: Moselle, ADM3: Arrondissement of Metz-Ville, ADM4: Metz | Latitude: 49.11911, Longitude: 6.17269 | Score: 71.62, Population: 123914 | Fuzzy match: 36.36363636363637
2025-09-17 14:27:20,622 INFO Comparing database entry: moselle with Saint-Avold returned from geonames.
2025-09-17 14:27:20,623 INFO 📄 Index 2 | Name: Saint-Avold | fcl: P, fcode: PPL | ADM1: Grand Est, ADM2: Moselle, ADM3: Forbach-Boulay-Moselle, ADM4: Saint-Avold | Latitude: 49.10465, Longitude: 6.70402 | Score: 63.98, Population: 18281 | Fuzzy match: 22.22222222222222
2025-09-17 14:27:20,623 INFO Comparing database entry: moselle with Hayange returned from geonames.
2025-09-17 14:27:20,623 INFO 📄 Index 3 | Name: Hayange | fcl: P, fcode: PPL | ADM1: Grand Est, ADM2: Moselle, ADM3: Thionville, ADM4: Hayange | Latitude: 49.32881, Longitude: 6.06278 | Score: 61.06, Population: 15501 | Fuzzy match: 14.28571428571429
2025-09-17 14:27:20,668 INFO Comparing database entry: moselle with Nancy returned from geonames.
2025-09-17 14:27:20,669 INFO 📄 Index 0 | Name: Nancy | fcl: P, fcode: PPLA2 | ADM1: Grand Est, ADM2: Meurthe et Moselle, ADM3: Arrondissement of Nancy, ADM4: Nancy | Latitude: 48.68439, Longitude: 6.18496 | Score: 73.63, Population: 105058 | Fuzzy match: 0.0
2025-09-17 14:27:20,669 INFO Comparing database entry: moselle with Metz returned from geonames.
2025-09-17 14:27:20,669 INFO 📄 Index 1 | Name: Metz | fcl: P, fcode: PPLA2 | ADM1: Grand Est, ADM2: Moselle, ADM3: Arrondissement of Metz-Ville, ADM4: Metz | Latitude: 49.11911, Longitude: 6.17269 | Score: 71.62, Population: 123914 | Fuzzy match: 36.36363636363637
2025-09-17 14:27:20,669 INFO Comparing database entry: moselle with Saint-Avold returned from geonames.
2025-09-17 14:27:20,669 INFO 📄 Index 2 | Name: Saint-Avold | fcl: P, fcode: PPL | ADM1: Grand Est, ADM2: Moselle, ADM3: Forbach-Boulay-Moselle, ADM4: Saint-Avold | Latitude: 49.10465, Longitude: 6.70402 | Score: 63.98, Population: 18281 | Fuzzy match: 22.22222222222222
2025-09-17 14:27:20,669 INFO Comparing database entry: moselle with Hayange returned from geonames.
2025-09-17 14:27:20,669 INFO 📄 Index 3 | Name: Hayange | fcl: P, fcode: PPL | ADM1: Grand Est, ADM2: Moselle, ADM3: Thionville, ADM4: Hayange | Latitude: 49.32881, Longitude: 6.06278 | Score: 61.06, Population: 15501 | Fuzzy match: 14.28571428571429
2025-09-17 14:27:20,716 INFO Comparing database entry: moselle with Nancy returned from geonames.
2025-09-17 14:27:20,716 INFO 📄 Index 0 | Name: Nancy | fcl: P, fcode: PPLA2 | ADM1: Grand Est, ADM2: Meurthe et Moselle, ADM3: Arrondissement of Nancy, ADM4: Nancy | Latitude: 48.68439, Longitude: 6.18496 | Score: 73.63, Population: 105058 | Fuzzy match: 0.0
2025-09-17 14:27:20,716 INFO Comparing database entry: moselle with Metz returned from geonames.
2025-09-17 14:27:20,716 INFO 📄 Index 1 | Name: Metz | fcl: P, fcode: PPLA2 | ADM1: Grand Est, ADM2: Moselle, ADM3: Arrondissement of Metz-Ville, ADM4: Metz | Latitude: 49.11911, Longitude: 6.17269 | Score: 71.62, Population: 123914 | Fuzzy match: 36.36363636363637
2025-09-17 14:27:20,716 INFO Comparing database entry: moselle with Saint-Avold returned from geonames.
2025-09-17 14:27:20,716 INFO 📄 Index 2 | Name: Saint-Avold | fcl: P, fcode: PPL | ADM1: Grand Est, ADM2: Moselle, ADM3: Forbach-Boulay-Moselle, ADM4: Saint-Avold | Latitude: 49.10465, Longitude: 6.70402 | Score: 63.98, Population: 18281 | Fuzzy match: 22.22222222222222
2025-09-17 14:27:20,716 INFO Comparing database entry: moselle with Hayange returned from geonames.
2025-09-17 14:27:20,716 INFO 📄 Index 3 | Name: Hayange | fcl: P, fcode: PPL | ADM1: Grand Est, ADM2: Moselle, ADM3: Thionville, ADM4: Hayange | Latitude: 49.32881, Longitude: 6.06278 | Score: 61.06, Population: 15501 | Fuzzy match: 14.28571428571429
2025-09-17 14:27:20,716 WARNING ❌ No match found with fuzzy score > 80 for city: moselle
2025-09-17 14:27:20,717 WARNING ❌ Lookup failed for city='moselle', iso2='FR'
