2025-08-23 18:50:02,675 INFO 🗺️ Starting GeoNames lookup for city='morbihan', country='france'
2025-08-23 18:50:02,675 INFO 📍 Location is present in the following articles: [ObjectId('67fa625238fb90ab92f8c174'), ObjectId('67fa627538fb90ab92f8c1e7'), ObjectId('67fa62c038fb90ab92f8c2dd'), ObjectId('67fa62e438fb90ab92f8c34f')]
2025-08-23 18:50:02,817 INFO Comparing database entry: morbihan with Vannes returned from geonames.
2025-08-23 18:50:02,817 INFO 📄 Index 0 | Name: Vannes | fcl: P, fcode: PPLA2 | ADM1: Brittany, ADM2: Morbihan, ADM3: Arrondissement of Vannes, ADM4: Vannes | Latitude: 47.65688, Longitude: -2.76205 | Score: 65.21, Population: 54020 | Fuzzy match: 28.57142857142857
2025-08-23 18:50:02,818 INFO Comparing database entry: morbihan with Lanester returned from geonames.
2025-08-23 18:50:02,818 INFO 📄 Index 1 | Name: Lanester | fcl: P, fcode: PPL | ADM1: Brittany, ADM2: Morbihan, ADM3: Arrondissement of Lorient, ADM4: Lanester | Latitude: 47.76316, Longitude: -3.3393 | Score: 65.21, Population: 24352 | Fuzzy match: 25.0
2025-08-23 18:50:02,818 INFO Comparing database entry: morbihan with Hennebont returned from geonames.
2025-08-23 18:50:02,818 INFO 📄 Index 2 | Name: Hennebont | fcl: P, fcode: PPL | ADM1: Brittany, ADM2: Morbihan, ADM3: Arrondissement of Lorient, ADM4: Hennebont | Latitude: 47.80479, Longitude: -3.27812 | Score: 65.21, Population: 14288 | Fuzzy match: 23.529411764705888
2025-08-23 18:50:02,818 INFO Comparing database entry: morbihan with Ploemeur returned from geonames.
2025-08-23 18:50:02,818 INFO 📄 Index 3 | Name: Ploemeur | fcl: P, fcode: PPL | ADM1: Brittany, ADM2: Morbihan, ADM3: Arrondissement of Lorient, ADM4: Ploemeur | Latitude: 47.73512, Longitude: -3.42952 | Score: 65.21, Population: 20652 | Fuzzy match: 25.0
2025-08-23 18:50:02,970 INFO Comparing database entry: morbihan with Vannes returned from geonames.
2025-08-23 18:50:02,970 INFO 📄 Index 0 | Name: Vannes | fcl: P, fcode: PPLA2 | ADM1: Brittany, ADM2: Morbihan, ADM3: Arrondissement of Vannes, ADM4: Vannes | Latitude: 47.65688, Longitude: -2.76205 | Score: 65.21, Population: 54020 | Fuzzy match: 28.57142857142857
2025-08-23 18:50:02,971 INFO Comparing database entry: morbihan with Lanester returned from geonames.
2025-08-23 18:50:02,971 INFO 📄 Index 1 | Name: Lanester | fcl: P, fcode: PPL | ADM1: Brittany, ADM2: Morbihan, ADM3: Arrondissement of Lorient, ADM4: Lanester | Latitude: 47.76316, Longitude: -3.3393 | Score: 65.21, Population: 24352 | Fuzzy match: 25.0
2025-08-23 18:50:02,971 INFO Comparing database entry: morbihan with Hennebont returned from geonames.
2025-08-23 18:50:02,971 INFO 📄 Index 2 | Name: Hennebont | fcl: P, fcode: PPL | ADM1: Brittany, ADM2: Morbihan, ADM3: Arrondissement of Lorient, ADM4: Hennebont | Latitude: 47.80479, Longitude: -3.27812 | Score: 65.21, Population: 14288 | Fuzzy match: 23.529411764705888
2025-08-23 18:50:02,971 INFO Comparing database entry: morbihan with Ploemeur returned from geonames.
2025-08-23 18:50:02,971 INFO 📄 Index 3 | Name: Ploemeur | fcl: P, fcode: PPL | ADM1: Brittany, ADM2: Morbihan, ADM3: Arrondissement of Lorient, ADM4: Ploemeur | Latitude: 47.73512, Longitude: -3.42952 | Score: 65.21, Population: 20652 | Fuzzy match: 25.0
2025-08-23 18:50:03,117 INFO Comparing database entry: morbihan with Vannes returned from geonames.
2025-08-23 18:50:03,117 INFO 📄 Index 0 | Name: Vannes | fcl: P, fcode: PPLA2 | ADM1: Brittany, ADM2: Morbihan, ADM3: Arrondissement of Vannes, ADM4: Vannes | Latitude: 47.65688, Longitude: -2.76205 | Score: 65.21, Population: 54020 | Fuzzy match: 28.57142857142857
2025-08-23 18:50:03,117 INFO Comparing database entry: morbihan with Lanester returned from geonames.
2025-08-23 18:50:03,117 INFO 📄 Index 1 | Name: Lanester | fcl: P, fcode: PPL | ADM1: Brittany, ADM2: Morbihan, ADM3: Arrondissement of Lorient, ADM4: Lanester | Latitude: 47.76316, Longitude: -3.3393 | Score: 65.21, Population: 24352 | Fuzzy match: 25.0
2025-08-23 18:50:03,117 INFO Comparing database entry: morbihan with Hennebont returned from geonames.
2025-08-23 18:50:03,117 INFO 📄 Index 2 | Name: Hennebont | fcl: P, fcode: PPL | ADM1: Brittany, ADM2: Morbihan, ADM3: Arrondissement of Lorient, ADM4: Hennebont | Latitude: 47.80479, Longitude: -3.27812 | Score: 65.21, Population: 14288 | Fuzzy match: 23.529411764705888
2025-08-23 18:50:03,117 INFO Comparing database entry: morbihan with Ploemeur returned from geonames.
2025-08-23 18:50:03,117 INFO 📄 Index 3 | Name: Ploemeur | fcl: P, fcode: PPL | ADM1: Brittany, ADM2: Morbihan, ADM3: Arrondissement of Lorient, ADM4: Ploemeur | Latitude: 47.73512, Longitude: -3.42952 | Score: 65.21, Population: 20652 | Fuzzy match: 25.0
2025-08-23 18:50:03,262 INFO Comparing database entry: morbihan with Vannes returned from geonames.
2025-08-23 18:50:03,262 INFO 📄 Index 0 | Name: Vannes | fcl: P, fcode: PPLA2 | ADM1: Brittany, ADM2: Morbihan, ADM3: Arrondissement of Vannes, ADM4: Vannes | Latitude: 47.65688, Longitude: -2.76205 | Score: 65.21, Population: 54020 | Fuzzy match: 28.57142857142857
2025-08-23 18:50:03,262 INFO Comparing database entry: morbihan with Lanester returned from geonames.
2025-08-23 18:50:03,262 INFO 📄 Index 1 | Name: Lanester | fcl: P, fcode: PPL | ADM1: Brittany, ADM2: Morbihan, ADM3: Arrondissement of Lorient, ADM4: Lanester | Latitude: 47.76316, Longitude: -3.3393 | Score: 65.21, Population: 24352 | Fuzzy match: 25.0
2025-08-23 18:50:03,262 INFO Comparing database entry: morbihan with Hennebont returned from geonames.
2025-08-23 18:50:03,262 INFO 📄 Index 2 | Name: Hennebont | fcl: P, fcode: PPL | ADM1: Brittany, ADM2: Morbihan, ADM3: Arrondissement of Lorient, ADM4: Hennebont | Latitude: 47.80479, Longitude: -3.27812 | Score: 65.21, Population: 14288 | Fuzzy match: 23.529411764705888
2025-08-23 18:50:03,262 INFO Comparing database entry: morbihan with Ploemeur returned from geonames.
2025-08-23 18:50:03,263 INFO 📄 Index 3 | Name: Ploemeur | fcl: P, fcode: PPL | ADM1: Brittany, ADM2: Morbihan, ADM3: Arrondissement of Lorient, ADM4: Ploemeur | Latitude: 47.73512, Longitude: -3.42952 | Score: 65.21, Population: 20652 | Fuzzy match: 25.0
2025-08-23 18:50:03,408 INFO Comparing database entry: morbihan with Vannes returned from geonames.
2025-08-23 18:50:03,409 INFO 📄 Index 0 | Name: Vannes | fcl: P, fcode: PPLA2 | ADM1: Brittany, ADM2: Morbihan, ADM3: Arrondissement of Vannes, ADM4: Vannes | Latitude: 47.65688, Longitude: -2.76205 | Score: 65.21, Population: 54020 | Fuzzy match: 28.57142857142857
2025-08-23 18:50:03,409 INFO Comparing database entry: morbihan with Lanester returned from geonames.
2025-08-23 18:50:03,409 INFO 📄 Index 1 | Name: Lanester | fcl: P, fcode: PPL | ADM1: Brittany, ADM2: Morbihan, ADM3: Arrondissement of Lorient, ADM4: Lanester | Latitude: 47.76316, Longitude: -3.3393 | Score: 65.21, Population: 24352 | Fuzzy match: 25.0
2025-08-23 18:50:03,409 INFO Comparing database entry: morbihan with Hennebont returned from geonames.
2025-08-23 18:50:03,409 INFO 📄 Index 2 | Name: Hennebont | fcl: P, fcode: PPL | ADM1: Brittany, ADM2: Morbihan, ADM3: Arrondissement of Lorient, ADM4: Hennebont | Latitude: 47.80479, Longitude: -3.27812 | Score: 65.21, Population: 14288 | Fuzzy match: 23.529411764705888
2025-08-23 18:50:03,409 INFO Comparing database entry: morbihan with Ploemeur returned from geonames.
2025-08-23 18:50:03,409 INFO 📄 Index 3 | Name: Ploemeur | fcl: P, fcode: PPL | ADM1: Brittany, ADM2: Morbihan, ADM3: Arrondissement of Lorient, ADM4: Ploemeur | Latitude: 47.73512, Longitude: -3.42952 | Score: 65.21, Population: 20652 | Fuzzy match: 25.0
2025-08-23 18:50:03,558 INFO Comparing database entry: morbihan with Vannes returned from geonames.
2025-08-23 18:50:03,558 INFO 📄 Index 0 | Name: Vannes | fcl: P, fcode: PPLA2 | ADM1: Brittany, ADM2: Morbihan, ADM3: Arrondissement of Vannes, ADM4: Vannes | Latitude: 47.65688, Longitude: -2.76205 | Score: 65.21, Population: 54020 | Fuzzy match: 28.57142857142857
2025-08-23 18:50:03,558 INFO Comparing database entry: morbihan with Lanester returned from geonames.
2025-08-23 18:50:03,558 INFO 📄 Index 1 | Name: Lanester | fcl: P, fcode: PPL | ADM1: Brittany, ADM2: Morbihan, ADM3: Arrondissement of Lorient, ADM4: Lanester | Latitude: 47.76316, Longitude: -3.3393 | Score: 65.21, Population: 24352 | Fuzzy match: 25.0
2025-08-23 18:50:03,558 INFO Comparing database entry: morbihan with Hennebont returned from geonames.
2025-08-23 18:50:03,558 INFO 📄 Index 2 | Name: Hennebont | fcl: P, fcode: PPL | ADM1: Brittany, ADM2: Morbihan, ADM3: Arrondissement of Lorient, ADM4: Hennebont | Latitude: 47.80479, Longitude: -3.27812 | Score: 65.21, Population: 14288 | Fuzzy match: 23.529411764705888
2025-08-23 18:50:03,558 INFO Comparing database entry: morbihan with Ploemeur returned from geonames.
2025-08-23 18:50:03,558 INFO 📄 Index 3 | Name: Ploemeur | fcl: P, fcode: PPL | ADM1: Brittany, ADM2: Morbihan, ADM3: Arrondissement of Lorient, ADM4: Ploemeur | Latitude: 47.73512, Longitude: -3.42952 | Score: 65.21, Population: 20652 | Fuzzy match: 25.0
2025-08-23 18:50:03,558 WARNING ❌ No match found with fuzzy score > 80 for city: morbihan
2025-08-23 18:50:03,559 WARNING ❌ Lookup failed for city='morbihan', iso2='FR'
