2025-08-17 16:01:21,269 INFO 🗺️ Starting GeoNames lookup for city='mandelieu', country='france'
2025-08-17 16:01:21,269 INFO 📍 Location is present in the following articles: [ObjectId('67fa7556eaa4fb525afeaec8')]
2025-08-17 16:01:21,407 INFO Comparing database entry: mandelieu with Mandelieu-la-Napoule returned from geonames.
2025-08-17 16:01:21,408 INFO 📄 Index 0 | Name: Mandelieu-la-Napoule | fcl: P, fcode: PPL | ADM1: Provence-Alpes-Côte d'Azur, ADM2: Alpes-Maritimes, ADM3: Arrondissement of Grasse, ADM4: Mandelieu-la-Napoule | Score: 40.43, Population: 19292 | Fuzzy match: 62.06896551724138
2025-08-17 16:01:21,408 INFO Comparing database entry: mandelieu with Mandelieu-la-Napoule returned from geonames.
2025-08-17 16:01:21,408 INFO 📄 Index 1 | Name: Mandelieu-la-Napoule | fcl: A, fcode: ADM4 | ADM1: Provence-Alpes-Côte d'Azur, ADM2: Alpes-Maritimes, ADM3: Arrondissement of Grasse, ADM4: Mandelieu-la-Napoule | Score: 14.00, Population: 22168 | Fuzzy match: 62.06896551724138
2025-08-17 16:01:21,408 INFO Comparing database entry: mandelieu with La Napoule returned from geonames.
2025-08-17 16:01:21,408 INFO 📄 Index 2 | Name: La Napoule | fcl: P, fcode: PPL | ADM1: Provence-Alpes-Côte d'Azur, ADM2: Alpes-Maritimes, ADM3: Arrondissement of Grasse, ADM4: Mandelieu-la-Napoule | Score: 9.44, Population: 0 | Fuzzy match: 42.10526315789473
2025-08-17 16:01:21,408 INFO Comparing database entry: mandelieu with Les Termes returned from geonames.
2025-08-17 16:01:21,408 INFO 📄 Index 3 | Name: Les Termes | fcl: P, fcode: PPL | ADM1: Provence-Alpes-Côte d'Azur, ADM2: Alpes-Maritimes, ADM3: Arrondissement of Grasse, ADM4: Mandelieu-la-Napoule | Score: 7.27, Population: 0 | Fuzzy match: 21.052631578947366
2025-08-17 16:01:21,549 INFO Comparing database entry: mandelieu with Mandelieu-la-Napoule returned from geonames.
2025-08-17 16:01:21,550 INFO 📄 Index 0 | Name: Mandelieu-la-Napoule | fcl: P, fcode: PPL | ADM1: Provence-Alpes-Côte d'Azur, ADM2: Alpes-Maritimes, ADM3: Arrondissement of Grasse, ADM4: Mandelieu-la-Napoule | Score: 40.43, Population: 19292 | Fuzzy match: 62.06896551724138
2025-08-17 16:01:21,550 INFO Comparing database entry: mandelieu with Mandelieu-la-Napoule returned from geonames.
2025-08-17 16:01:21,550 INFO 📄 Index 1 | Name: Mandelieu-la-Napoule | fcl: A, fcode: ADM4 | ADM1: Provence-Alpes-Côte d'Azur, ADM2: Alpes-Maritimes, ADM3: Arrondissement of Grasse, ADM4: Mandelieu-la-Napoule | Score: 14.00, Population: 22168 | Fuzzy match: 62.06896551724138
2025-08-17 16:01:21,550 INFO Comparing database entry: mandelieu with La Napoule returned from geonames.
2025-08-17 16:01:21,550 INFO 📄 Index 2 | Name: La Napoule | fcl: P, fcode: PPL | ADM1: Provence-Alpes-Côte d'Azur, ADM2: Alpes-Maritimes, ADM3: Arrondissement of Grasse, ADM4: Mandelieu-la-Napoule | Score: 9.44, Population: 0 | Fuzzy match: 42.10526315789473
2025-08-17 16:01:21,550 INFO Comparing database entry: mandelieu with Les Termes returned from geonames.
2025-08-17 16:01:21,550 INFO 📄 Index 3 | Name: Les Termes | fcl: P, fcode: PPL | ADM1: Provence-Alpes-Côte d'Azur, ADM2: Alpes-Maritimes, ADM3: Arrondissement of Grasse, ADM4: Mandelieu-la-Napoule | Score: 7.27, Population: 0 | Fuzzy match: 21.052631578947366
2025-08-17 16:01:21,690 INFO Comparing database entry: mandelieu with Mandelieu-la-Napoule returned from geonames.
2025-08-17 16:01:21,691 INFO 📄 Index 0 | Name: Mandelieu-la-Napoule | fcl: P, fcode: PPL | ADM1: Provence-Alpes-Côte d'Azur, ADM2: Alpes-Maritimes, ADM3: Arrondissement of Grasse, ADM4: Mandelieu-la-Napoule | Score: 40.43, Population: 19292 | Fuzzy match: 62.06896551724138
2025-08-17 16:01:21,691 INFO Comparing database entry: mandelieu with Mandelieu-la-Napoule returned from geonames.
2025-08-17 16:01:21,691 INFO 📄 Index 1 | Name: Mandelieu-la-Napoule | fcl: A, fcode: ADM4 | ADM1: Provence-Alpes-Côte d'Azur, ADM2: Alpes-Maritimes, ADM3: Arrondissement of Grasse, ADM4: Mandelieu-la-Napoule | Score: 14.00, Population: 22168 | Fuzzy match: 62.06896551724138
2025-08-17 16:01:21,691 INFO Comparing database entry: mandelieu with La Napoule returned from geonames.
2025-08-17 16:01:21,691 INFO 📄 Index 2 | Name: La Napoule | fcl: P, fcode: PPL | ADM1: Provence-Alpes-Côte d'Azur, ADM2: Alpes-Maritimes, ADM3: Arrondissement of Grasse, ADM4: Mandelieu-la-Napoule | Score: 9.44, Population: 0 | Fuzzy match: 42.10526315789473
2025-08-17 16:01:21,691 INFO Comparing database entry: mandelieu with Les Termes returned from geonames.
2025-08-17 16:01:21,691 INFO 📄 Index 3 | Name: Les Termes | fcl: P, fcode: PPL | ADM1: Provence-Alpes-Côte d'Azur, ADM2: Alpes-Maritimes, ADM3: Arrondissement of Grasse, ADM4: Mandelieu-la-Napoule | Score: 7.27, Population: 0 | Fuzzy match: 21.052631578947366
2025-08-17 16:01:21,841 INFO Comparing database entry: mandelieu with Mandelieu-la-Napoule returned from geonames.
2025-08-17 16:01:21,841 INFO 📄 Index 0 | Name: Mandelieu-la-Napoule | fcl: P, fcode: PPL | ADM1: Provence-Alpes-Côte d'Azur, ADM2: Alpes-Maritimes, ADM3: Arrondissement of Grasse, ADM4: Mandelieu-la-Napoule | Score: 40.43, Population: 19292 | Fuzzy match: 62.06896551724138
2025-08-17 16:01:21,841 INFO Comparing database entry: mandelieu with Mandelieu-la-Napoule returned from geonames.
2025-08-17 16:01:21,841 INFO 📄 Index 1 | Name: Mandelieu-la-Napoule | fcl: A, fcode: ADM4 | ADM1: Provence-Alpes-Côte d'Azur, ADM2: Alpes-Maritimes, ADM3: Arrondissement of Grasse, ADM4: Mandelieu-la-Napoule | Score: 14.00, Population: 22168 | Fuzzy match: 62.06896551724138
2025-08-17 16:01:21,841 INFO Comparing database entry: mandelieu with La Napoule returned from geonames.
2025-08-17 16:01:21,841 INFO 📄 Index 2 | Name: La Napoule | fcl: P, fcode: PPL | ADM1: Provence-Alpes-Côte d'Azur, ADM2: Alpes-Maritimes, ADM3: Arrondissement of Grasse, ADM4: Mandelieu-la-Napoule | Score: 9.44, Population: 0 | Fuzzy match: 42.10526315789473
2025-08-17 16:01:21,841 INFO Comparing database entry: mandelieu with Les Termes returned from geonames.
2025-08-17 16:01:21,841 INFO 📄 Index 3 | Name: Les Termes | fcl: P, fcode: PPL | ADM1: Provence-Alpes-Côte d'Azur, ADM2: Alpes-Maritimes, ADM3: Arrondissement of Grasse, ADM4: Mandelieu-la-Napoule | Score: 7.27, Population: 0 | Fuzzy match: 21.052631578947366
2025-08-17 16:01:21,996 INFO Comparing database entry: mandelieu with Mandelieu-la-Napoule returned from geonames.
2025-08-17 16:01:21,996 INFO 📄 Index 0 | Name: Mandelieu-la-Napoule | fcl: P, fcode: PPL | ADM1: Provence-Alpes-Côte d'Azur, ADM2: Alpes-Maritimes, ADM3: Arrondissement of Grasse, ADM4: Mandelieu-la-Napoule | Score: 40.43, Population: 19292 | Fuzzy match: 62.06896551724138
2025-08-17 16:01:21,996 INFO Comparing database entry: mandelieu with Mandelieu-la-Napoule returned from geonames.
2025-08-17 16:01:21,997 INFO 📄 Index 1 | Name: Mandelieu-la-Napoule | fcl: A, fcode: ADM4 | ADM1: Provence-Alpes-Côte d'Azur, ADM2: Alpes-Maritimes, ADM3: Arrondissement of Grasse, ADM4: Mandelieu-la-Napoule | Score: 14.00, Population: 22168 | Fuzzy match: 62.06896551724138
2025-08-17 16:01:21,997 INFO Comparing database entry: mandelieu with La Napoule returned from geonames.
2025-08-17 16:01:21,997 INFO 📄 Index 2 | Name: La Napoule | fcl: P, fcode: PPL | ADM1: Provence-Alpes-Côte d'Azur, ADM2: Alpes-Maritimes, ADM3: Arrondissement of Grasse, ADM4: Mandelieu-la-Napoule | Score: 9.44, Population: 0 | Fuzzy match: 42.10526315789473
2025-08-17 16:01:21,997 INFO Comparing database entry: mandelieu with Les Termes returned from geonames.
2025-08-17 16:01:21,997 INFO 📄 Index 3 | Name: Les Termes | fcl: P, fcode: PPL | ADM1: Provence-Alpes-Côte d'Azur, ADM2: Alpes-Maritimes, ADM3: Arrondissement of Grasse, ADM4: Mandelieu-la-Napoule | Score: 7.27, Population: 0 | Fuzzy match: 21.052631578947366
2025-08-17 16:01:22,163 INFO Comparing database entry: mandelieu with Mandelieu-la-Napoule returned from geonames.
2025-08-17 16:01:22,163 INFO 📄 Index 0 | Name: Mandelieu-la-Napoule | fcl: P, fcode: PPL | ADM1: Provence-Alpes-Côte d'Azur, ADM2: Alpes-Maritimes, ADM3: Arrondissement of Grasse, ADM4: Mandelieu-la-Napoule | Score: 40.43, Population: 19292 | Fuzzy match: 62.06896551724138
2025-08-17 16:01:22,163 INFO Comparing database entry: mandelieu with Mandelieu-la-Napoule returned from geonames.
2025-08-17 16:01:22,164 INFO 📄 Index 1 | Name: Mandelieu-la-Napoule | fcl: A, fcode: ADM4 | ADM1: Provence-Alpes-Côte d'Azur, ADM2: Alpes-Maritimes, ADM3: Arrondissement of Grasse, ADM4: Mandelieu-la-Napoule | Score: 14.00, Population: 22168 | Fuzzy match: 62.06896551724138
2025-08-17 16:01:22,164 INFO Comparing database entry: mandelieu with La Napoule returned from geonames.
2025-08-17 16:01:22,164 INFO 📄 Index 2 | Name: La Napoule | fcl: P, fcode: PPL | ADM1: Provence-Alpes-Côte d'Azur, ADM2: Alpes-Maritimes, ADM3: Arrondissement of Grasse, ADM4: Mandelieu-la-Napoule | Score: 9.44, Population: 0 | Fuzzy match: 42.10526315789473
2025-08-17 16:01:22,164 INFO Comparing database entry: mandelieu with Les Termes returned from geonames.
2025-08-17 16:01:22,164 INFO 📄 Index 3 | Name: Les Termes | fcl: P, fcode: PPL | ADM1: Provence-Alpes-Côte d'Azur, ADM2: Alpes-Maritimes, ADM3: Arrondissement of Grasse, ADM4: Mandelieu-la-Napoule | Score: 7.27, Population: 0 | Fuzzy match: 21.052631578947366
2025-08-17 16:01:22,164 WARNING ❌ No match found with fuzzy score > 80 for city: mandelieu
2025-08-17 16:01:22,164 WARNING ❌ Lookup failed for city='mandelieu', iso2='FR'
