2025-08-24 16:17:23,349 INFO 🗺️ Starting GeoNames lookup for city='nièvre', country='france'
2025-08-24 16:17:23,349 INFO 📍 Location is present in the following articles: [ObjectId('67fa7ec0eaa4fb525afec122')]
2025-08-24 16:17:23,702 INFO Comparing database entry: nièvre with Nevers returned from geonames.
2025-08-24 16:17:23,702 INFO 📄 Index 0 | Name: Nevers | fcl: P, fcode: PPLA2 | ADM1: Bourgogne-Franche-Comté, ADM2: Nièvre, ADM3: Arrondissement of Nevers, ADM4: Nevers | Latitude: 46.98956, Longitude: 3.159 | Score: 62.46, Population: 43988 | Fuzzy match: 50.0
2025-08-24 16:17:23,702 INFO Comparing database entry: nièvre with Varennes-Vauzelles returned from geonames.
2025-08-24 16:17:23,703 INFO 📄 Index 1 | Name: Varennes-Vauzelles | fcl: P, fcode: PPL | ADM1: Bourgogne-Franche-Comté, ADM2: Nièvre, ADM3: Arrondissement of Nevers, ADM4: Varennes-Vauzelles | Latitude: 47.01678, Longitude: 3.14037 | Score: 53.72, Population: 10464 | Fuzzy match: 25.0
2025-08-24 16:17:23,703 INFO Comparing database entry: nièvre with La Charité-sur-Loire returned from geonames.
2025-08-24 16:17:23,703 INFO 📄 Index 2 | Name: La Charité-sur-Loire | fcl: P, fcode: PPL | ADM1: Bourgogne-Franche-Comté, ADM2: Nièvre, ADM3: Cosne-Cours-sur-Loire, ADM4: La Charité-sur-Loire | Latitude: 47.18333, Longitude: 3.01667 | Score: 49.99, Population: 5460 | Fuzzy match: 23.076923076923073
2025-08-24 16:17:23,703 INFO Comparing database entry: nièvre with Cosne-Cours-sur-Loire returned from geonames.
2025-08-24 16:17:23,703 INFO 📄 Index 3 | Name: Cosne-Cours-sur-Loire | fcl: P, fcode: PPLA3 | ADM1: Bourgogne-Franche-Comté, ADM2: Nièvre, ADM3: Cosne-Cours-sur-Loire, ADM4: Cosne-Cours-sur-Loire | Latitude: 47.41101, Longitude: 2.92528 | Score: 49.99, Population: 11613 | Fuzzy match: 29.629629629629626
2025-08-24 16:17:24,059 INFO Comparing database entry: nièvre with Nevers returned from geonames.
2025-08-24 16:17:24,059 INFO 📄 Index 0 | Name: Nevers | fcl: P, fcode: PPLA2 | ADM1: Bourgogne-Franche-Comté, ADM2: Nièvre, ADM3: Arrondissement of Nevers, ADM4: Nevers | Latitude: 46.98956, Longitude: 3.159 | Score: 62.46, Population: 43988 | Fuzzy match: 50.0
2025-08-24 16:17:24,059 INFO Comparing database entry: nièvre with Varennes-Vauzelles returned from geonames.
2025-08-24 16:17:24,059 INFO 📄 Index 1 | Name: Varennes-Vauzelles | fcl: P, fcode: PPL | ADM1: Bourgogne-Franche-Comté, ADM2: Nièvre, ADM3: Arrondissement of Nevers, ADM4: Varennes-Vauzelles | Latitude: 47.01678, Longitude: 3.14037 | Score: 53.72, Population: 10464 | Fuzzy match: 25.0
2025-08-24 16:17:24,060 INFO Comparing database entry: nièvre with La Charité-sur-Loire returned from geonames.
2025-08-24 16:17:24,060 INFO 📄 Index 2 | Name: La Charité-sur-Loire | fcl: P, fcode: PPL | ADM1: Bourgogne-Franche-Comté, ADM2: Nièvre, ADM3: Cosne-Cours-sur-Loire, ADM4: La Charité-sur-Loire | Latitude: 47.18333, Longitude: 3.01667 | Score: 49.99, Population: 5460 | Fuzzy match: 23.076923076923073
2025-08-24 16:17:24,060 INFO Comparing database entry: nièvre with Cosne-Cours-sur-Loire returned from geonames.
2025-08-24 16:17:24,060 INFO 📄 Index 3 | Name: Cosne-Cours-sur-Loire | fcl: P, fcode: PPLA3 | ADM1: Bourgogne-Franche-Comté, ADM2: Nièvre, ADM3: Cosne-Cours-sur-Loire, ADM4: Cosne-Cours-sur-Loire | Latitude: 47.41101, Longitude: 2.92528 | Score: 49.99, Population: 11613 | Fuzzy match: 29.629629629629626
2025-08-24 16:17:24,412 INFO Comparing database entry: nièvre with Nevers returned from geonames.
2025-08-24 16:17:24,412 INFO 📄 Index 0 | Name: Nevers | fcl: P, fcode: PPLA2 | ADM1: Bourgogne-Franche-Comté, ADM2: Nièvre, ADM3: Arrondissement of Nevers, ADM4: Nevers | Latitude: 46.98956, Longitude: 3.159 | Score: 62.46, Population: 43988 | Fuzzy match: 50.0
2025-08-24 16:17:24,412 INFO Comparing database entry: nièvre with Varennes-Vauzelles returned from geonames.
2025-08-24 16:17:24,412 INFO 📄 Index 1 | Name: Varennes-Vauzelles | fcl: P, fcode: PPL | ADM1: Bourgogne-Franche-Comté, ADM2: Nièvre, ADM3: Arrondissement of Nevers, ADM4: Varennes-Vauzelles | Latitude: 47.01678, Longitude: 3.14037 | Score: 53.72, Population: 10464 | Fuzzy match: 25.0
2025-08-24 16:17:24,412 INFO Comparing database entry: nièvre with La Charité-sur-Loire returned from geonames.
2025-08-24 16:17:24,412 INFO 📄 Index 2 | Name: La Charité-sur-Loire | fcl: P, fcode: PPL | ADM1: Bourgogne-Franche-Comté, ADM2: Nièvre, ADM3: Cosne-Cours-sur-Loire, ADM4: La Charité-sur-Loire | Latitude: 47.18333, Longitude: 3.01667 | Score: 49.99, Population: 5460 | Fuzzy match: 23.076923076923073
2025-08-24 16:17:24,412 INFO Comparing database entry: nièvre with Cosne-Cours-sur-Loire returned from geonames.
2025-08-24 16:17:24,412 INFO 📄 Index 3 | Name: Cosne-Cours-sur-Loire | fcl: P, fcode: PPLA3 | ADM1: Bourgogne-Franche-Comté, ADM2: Nièvre, ADM3: Cosne-Cours-sur-Loire, ADM4: Cosne-Cours-sur-Loire | Latitude: 47.41101, Longitude: 2.92528 | Score: 49.99, Population: 11613 | Fuzzy match: 29.629629629629626
2025-08-24 16:17:24,767 INFO Comparing database entry: nièvre with Nevers returned from geonames.
2025-08-24 16:17:24,767 INFO 📄 Index 0 | Name: Nevers | fcl: P, fcode: PPLA2 | ADM1: Bourgogne-Franche-Comté, ADM2: Nièvre, ADM3: Arrondissement of Nevers, ADM4: Nevers | Latitude: 46.98956, Longitude: 3.159 | Score: 62.46, Population: 43988 | Fuzzy match: 50.0
2025-08-24 16:17:24,767 INFO Comparing database entry: nièvre with Varennes-Vauzelles returned from geonames.
2025-08-24 16:17:24,767 INFO 📄 Index 1 | Name: Varennes-Vauzelles | fcl: P, fcode: PPL | ADM1: Bourgogne-Franche-Comté, ADM2: Nièvre, ADM3: Arrondissement of Nevers, ADM4: Varennes-Vauzelles | Latitude: 47.01678, Longitude: 3.14037 | Score: 53.72, Population: 10464 | Fuzzy match: 25.0
2025-08-24 16:17:24,767 INFO Comparing database entry: nièvre with La Charité-sur-Loire returned from geonames.
2025-08-24 16:17:24,767 INFO 📄 Index 2 | Name: La Charité-sur-Loire | fcl: P, fcode: PPL | ADM1: Bourgogne-Franche-Comté, ADM2: Nièvre, ADM3: Cosne-Cours-sur-Loire, ADM4: La Charité-sur-Loire | Latitude: 47.18333, Longitude: 3.01667 | Score: 49.99, Population: 5460 | Fuzzy match: 23.076923076923073
2025-08-24 16:17:24,767 INFO Comparing database entry: nièvre with Cosne-Cours-sur-Loire returned from geonames.
2025-08-24 16:17:24,768 INFO 📄 Index 3 | Name: Cosne-Cours-sur-Loire | fcl: P, fcode: PPLA3 | ADM1: Bourgogne-Franche-Comté, ADM2: Nièvre, ADM3: Cosne-Cours-sur-Loire, ADM4: Cosne-Cours-sur-Loire | Latitude: 47.41101, Longitude: 2.92528 | Score: 49.99, Population: 11613 | Fuzzy match: 29.629629629629626
2025-08-24 16:17:25,123 INFO Comparing database entry: nièvre with Nevers returned from geonames.
2025-08-24 16:17:25,123 INFO 📄 Index 0 | Name: Nevers | fcl: P, fcode: PPLA2 | ADM1: Bourgogne-Franche-Comté, ADM2: Nièvre, ADM3: Arrondissement of Nevers, ADM4: Nevers | Latitude: 46.98956, Longitude: 3.159 | Score: 62.46, Population: 43988 | Fuzzy match: 50.0
2025-08-24 16:17:25,123 INFO Comparing database entry: nièvre with Varennes-Vauzelles returned from geonames.
2025-08-24 16:17:25,123 INFO 📄 Index 1 | Name: Varennes-Vauzelles | fcl: P, fcode: PPL | ADM1: Bourgogne-Franche-Comté, ADM2: Nièvre, ADM3: Arrondissement of Nevers, ADM4: Varennes-Vauzelles | Latitude: 47.01678, Longitude: 3.14037 | Score: 53.72, Population: 10464 | Fuzzy match: 25.0
2025-08-24 16:17:25,123 INFO Comparing database entry: nièvre with La Charité-sur-Loire returned from geonames.
2025-08-24 16:17:25,123 INFO 📄 Index 2 | Name: La Charité-sur-Loire | fcl: P, fcode: PPL | ADM1: Bourgogne-Franche-Comté, ADM2: Nièvre, ADM3: Cosne-Cours-sur-Loire, ADM4: La Charité-sur-Loire | Latitude: 47.18333, Longitude: 3.01667 | Score: 49.99, Population: 5460 | Fuzzy match: 23.076923076923073
2025-08-24 16:17:25,123 INFO Comparing database entry: nièvre with Cosne-Cours-sur-Loire returned from geonames.
2025-08-24 16:17:25,123 INFO 📄 Index 3 | Name: Cosne-Cours-sur-Loire | fcl: P, fcode: PPLA3 | ADM1: Bourgogne-Franche-Comté, ADM2: Nièvre, ADM3: Cosne-Cours-sur-Loire, ADM4: Cosne-Cours-sur-Loire | Latitude: 47.41101, Longitude: 2.92528 | Score: 49.99, Population: 11613 | Fuzzy match: 29.629629629629626
2025-08-24 16:17:25,476 INFO Comparing database entry: nièvre with Nevers returned from geonames.
2025-08-24 16:17:25,477 INFO 📄 Index 0 | Name: Nevers | fcl: P, fcode: PPLA2 | ADM1: Bourgogne-Franche-Comté, ADM2: Nièvre, ADM3: Arrondissement of Nevers, ADM4: Nevers | Latitude: 46.98956, Longitude: 3.159 | Score: 62.46, Population: 43988 | Fuzzy match: 50.0
2025-08-24 16:17:25,477 INFO Comparing database entry: nièvre with Varennes-Vauzelles returned from geonames.
2025-08-24 16:17:25,477 INFO 📄 Index 1 | Name: Varennes-Vauzelles | fcl: P, fcode: PPL | ADM1: Bourgogne-Franche-Comté, ADM2: Nièvre, ADM3: Arrondissement of Nevers, ADM4: Varennes-Vauzelles | Latitude: 47.01678, Longitude: 3.14037 | Score: 53.72, Population: 10464 | Fuzzy match: 25.0
2025-08-24 16:17:25,477 INFO Comparing database entry: nièvre with La Charité-sur-Loire returned from geonames.
2025-08-24 16:17:25,477 INFO 📄 Index 2 | Name: La Charité-sur-Loire | fcl: P, fcode: PPL | ADM1: Bourgogne-Franche-Comté, ADM2: Nièvre, ADM3: Cosne-Cours-sur-Loire, ADM4: La Charité-sur-Loire | Latitude: 47.18333, Longitude: 3.01667 | Score: 49.99, Population: 5460 | Fuzzy match: 23.076923076923073
2025-08-24 16:17:25,477 INFO Comparing database entry: nièvre with Cosne-Cours-sur-Loire returned from geonames.
2025-08-24 16:17:25,477 INFO 📄 Index 3 | Name: Cosne-Cours-sur-Loire | fcl: P, fcode: PPLA3 | ADM1: Bourgogne-Franche-Comté, ADM2: Nièvre, ADM3: Cosne-Cours-sur-Loire, ADM4: Cosne-Cours-sur-Loire | Latitude: 47.41101, Longitude: 2.92528 | Score: 49.99, Population: 11613 | Fuzzy match: 29.629629629629626
2025-08-24 16:17:25,477 WARNING ❌ No match found with fuzzy score > 80 for city: nièvre
2025-08-24 16:17:25,477 WARNING ❌ Lookup failed for city='nièvre', iso2='FR'
