2025-08-24 16:17:25,654 INFO 🗺️ Starting GeoNames lookup for city='northern france', country='france'
2025-08-24 16:17:25,654 INFO 📍 Location is present in the following articles: [ObjectId('67f52b68981040986eab74f2'), ObjectId('67f92130f431fddd61d55a42'), ObjectId('67f92276f431fddd61d55e7b'), ObjectId('67fa8b17eaa4fb525afee44b')]
2025-08-24 16:17:25,992 INFO Comparing database entry: northern france with Saint Pierre and Miquelon returned from geonames.
2025-08-24 16:17:25,992 INFO 📄 Index 0 | Name: Saint Pierre and Miquelon | fcl: A, fcode: PCLD | ADM1: , ADM2: , ADM3: , ADM4:  | Latitude: 46.83333, Longitude: -56.33333 | Score: 47.81, Population: 7012 | Fuzzy match: 35.0
2025-08-24 16:17:25,992 INFO Comparing database entry: northern france with Antarctica returned from geonames.
2025-08-24 16:17:25,992 INFO 📄 Index 1 | Name: Antarctica | fcl: A, fcode: TERR | ADM1: , ADM2: , ADM3: , ADM4:  | Latitude: -82.67628, Longitude: 8.78906 | Score: 11.57, Population: 0 | Fuzzy match: 31.999999999999996
2025-08-24 16:17:26,184 INFO Comparing database entry: northern france with Saint Pierre and Miquelon returned from geonames.
2025-08-24 16:17:26,184 INFO 📄 Index 0 | Name: Saint Pierre and Miquelon | fcl: A, fcode: PCLD | ADM1: , ADM2: , ADM3: , ADM4:  | Latitude: 46.83333, Longitude: -56.33333 | Score: 47.81, Population: 7012 | Fuzzy match: 35.0
2025-08-24 16:17:26,184 INFO Comparing database entry: northern france with Antarctica returned from geonames.
2025-08-24 16:17:26,184 INFO 📄 Index 1 | Name: Antarctica | fcl: A, fcode: TERR | ADM1: , ADM2: , ADM3: , ADM4:  | Latitude: -82.67628, Longitude: 8.78906 | Score: 11.57, Population: 0 | Fuzzy match: 31.999999999999996
2025-08-24 16:17:26,407 INFO Comparing database entry: northern france with Saint Pierre and Miquelon returned from geonames.
2025-08-24 16:17:26,408 INFO 📄 Index 0 | Name: Saint Pierre and Miquelon | fcl: A, fcode: PCLD | ADM1: , ADM2: , ADM3: , ADM4:  | Latitude: 46.83333, Longitude: -56.33333 | Score: 47.81, Population: 7012 | Fuzzy match: 35.0
2025-08-24 16:17:26,408 INFO Comparing database entry: northern france with Antarctica returned from geonames.
2025-08-24 16:17:26,408 INFO 📄 Index 1 | Name: Antarctica | fcl: A, fcode: TERR | ADM1: , ADM2: , ADM3: , ADM4:  | Latitude: -82.67628, Longitude: 8.78906 | Score: 11.57, Population: 0 | Fuzzy match: 31.999999999999996
2025-08-24 16:17:26,588 INFO Comparing database entry: northern france with Saint Pierre and Miquelon returned from geonames.
2025-08-24 16:17:26,589 INFO 📄 Index 0 | Name: Saint Pierre and Miquelon | fcl: A, fcode: PCLD | ADM1: , ADM2: , ADM3: , ADM4:  | Latitude: 46.83333, Longitude: -56.33333 | Score: 47.81, Population: 7012 | Fuzzy match: 35.0
2025-08-24 16:17:26,589 INFO Comparing database entry: northern france with Antarctica returned from geonames.
2025-08-24 16:17:26,589 INFO 📄 Index 1 | Name: Antarctica | fcl: A, fcode: TERR | ADM1: , ADM2: , ADM3: , ADM4:  | Latitude: -82.67628, Longitude: 8.78906 | Score: 11.57, Population: 0 | Fuzzy match: 31.999999999999996
2025-08-24 16:17:26,786 INFO Comparing database entry: northern france with Saint Pierre and Miquelon returned from geonames.
2025-08-24 16:17:26,787 INFO 📄 Index 0 | Name: Saint Pierre and Miquelon | fcl: A, fcode: PCLD | ADM1: , ADM2: , ADM3: , ADM4:  | Latitude: 46.83333, Longitude: -56.33333 | Score: 47.81, Population: 7012 | Fuzzy match: 35.0
2025-08-24 16:17:26,787 INFO Comparing database entry: northern france with Antarctica returned from geonames.
2025-08-24 16:17:26,787 INFO 📄 Index 1 | Name: Antarctica | fcl: A, fcode: TERR | ADM1: , ADM2: , ADM3: , ADM4:  | Latitude: -82.67628, Longitude: 8.78906 | Score: 11.57, Population: 0 | Fuzzy match: 31.999999999999996
2025-08-24 16:17:26,993 INFO Comparing database entry: northern france with Saint Pierre and Miquelon returned from geonames.
2025-08-24 16:17:26,993 INFO 📄 Index 0 | Name: Saint Pierre and Miquelon | fcl: A, fcode: PCLD | ADM1: , ADM2: , ADM3: , ADM4:  | Latitude: 46.83333, Longitude: -56.33333 | Score: 47.81, Population: 7012 | Fuzzy match: 35.0
2025-08-24 16:17:26,993 INFO Comparing database entry: northern france with Antarctica returned from geonames.
2025-08-24 16:17:26,993 INFO 📄 Index 1 | Name: Antarctica | fcl: A, fcode: TERR | ADM1: , ADM2: , ADM3: , ADM4:  | Latitude: -82.67628, Longitude: 8.78906 | Score: 11.57, Population: 0 | Fuzzy match: 31.999999999999996
2025-08-24 16:17:26,993 WARNING ❌ No match found with fuzzy score > 80 for city: northern france
2025-08-24 16:17:26,994 WARNING ❌ Lookup failed for city='northern_france', iso2='FR'
