2025-10-02 14:03:43,452 INFO 🗺️ Starting GeoNames lookup for city='orléans-saran', country='france'
2025-10-02 14:03:43,452 INFO 📍 Location is present in the following articles: [ObjectId('67f92228f431fddd61d55d79')]
2025-10-02 14:03:43,635 INFO Comparing database entry: orléans-saran with Saran returned from geonames.
2025-10-02 14:03:43,636 INFO 📄 Index 0 | Name: Saran | fcl: P, fcode: PPL | ADM1: Centre-Val de Loire, ADM2: Loiret, ADM3: Arrondissement of Orléans, ADM4: Saran | Latitude: 47.95013, Longitude: 1.87601 | Score: 40.93, Population: 16243 | Fuzzy match: 55.55555555555556
2025-10-02 14:03:43,636 INFO Comparing database entry: orléans-saran with Saran returned from geonames.
2025-10-02 14:03:43,636 INFO 📄 Index 1 | Name: Saran | fcl: A, fcode: ADM4 | ADM1: Centre-Val de Loire, ADM2: Loiret, ADM3: Arrondissement of Orléans, ADM4: Saran | Latitude: 47.95139, Longitude: 1.88028 | Score: 17.13, Population: 16379 | Fuzzy match: 55.55555555555556
2025-10-02 14:03:43,817 INFO Comparing database entry: orléans-saran with Saran returned from geonames.
2025-10-02 14:03:43,817 INFO 📄 Index 0 | Name: Saran | fcl: P, fcode: PPL | ADM1: Centre-Val de Loire, ADM2: Loiret, ADM3: Arrondissement of Orléans, ADM4: Saran | Latitude: 47.95013, Longitude: 1.87601 | Score: 40.93, Population: 16243 | Fuzzy match: 55.55555555555556
2025-10-02 14:03:43,817 INFO Comparing database entry: orléans-saran with Saran returned from geonames.
2025-10-02 14:03:43,817 INFO 📄 Index 1 | Name: Saran | fcl: A, fcode: ADM4 | ADM1: Centre-Val de Loire, ADM2: Loiret, ADM3: Arrondissement of Orléans, ADM4: Saran | Latitude: 47.95139, Longitude: 1.88028 | Score: 17.13, Population: 16379 | Fuzzy match: 55.55555555555556
2025-10-02 14:03:43,985 INFO Comparing database entry: orléans-saran with Saran returned from geonames.
2025-10-02 14:03:43,986 INFO 📄 Index 0 | Name: Saran | fcl: P, fcode: PPL | ADM1: Centre-Val de Loire, ADM2: Loiret, ADM3: Arrondissement of Orléans, ADM4: Saran | Latitude: 47.95013, Longitude: 1.87601 | Score: 40.93, Population: 16243 | Fuzzy match: 55.55555555555556
2025-10-02 14:03:43,986 INFO Comparing database entry: orléans-saran with Saran returned from geonames.
2025-10-02 14:03:43,986 INFO 📄 Index 1 | Name: Saran | fcl: A, fcode: ADM4 | ADM1: Centre-Val de Loire, ADM2: Loiret, ADM3: Arrondissement of Orléans, ADM4: Saran | Latitude: 47.95139, Longitude: 1.88028 | Score: 17.13, Population: 16379 | Fuzzy match: 55.55555555555556
2025-10-02 14:03:44,157 INFO Comparing database entry: orléans-saran with Saran returned from geonames.
2025-10-02 14:03:44,158 INFO 📄 Index 0 | Name: Saran | fcl: P, fcode: PPL | ADM1: Centre-Val de Loire, ADM2: Loiret, ADM3: Arrondissement of Orléans, ADM4: Saran | Latitude: 47.95013, Longitude: 1.87601 | Score: 40.93, Population: 16243 | Fuzzy match: 55.55555555555556
2025-10-02 14:03:44,158 INFO Comparing database entry: orléans-saran with Saran returned from geonames.
2025-10-02 14:03:44,158 INFO 📄 Index 1 | Name: Saran | fcl: A, fcode: ADM4 | ADM1: Centre-Val de Loire, ADM2: Loiret, ADM3: Arrondissement of Orléans, ADM4: Saran | Latitude: 47.95139, Longitude: 1.88028 | Score: 17.13, Population: 16379 | Fuzzy match: 55.55555555555556
2025-10-02 14:03:44,324 INFO Comparing database entry: orléans-saran with Saran returned from geonames.
2025-10-02 14:03:44,325 INFO 📄 Index 0 | Name: Saran | fcl: P, fcode: PPL | ADM1: Centre-Val de Loire, ADM2: Loiret, ADM3: Arrondissement of Orléans, ADM4: Saran | Latitude: 47.95013, Longitude: 1.87601 | Score: 40.93, Population: 16243 | Fuzzy match: 55.55555555555556
2025-10-02 14:03:44,325 INFO Comparing database entry: orléans-saran with Saran returned from geonames.
2025-10-02 14:03:44,325 INFO 📄 Index 1 | Name: Saran | fcl: A, fcode: ADM4 | ADM1: Centre-Val de Loire, ADM2: Loiret, ADM3: Arrondissement of Orléans, ADM4: Saran | Latitude: 47.95139, Longitude: 1.88028 | Score: 17.13, Population: 16379 | Fuzzy match: 55.55555555555556
2025-10-02 14:03:44,481 INFO Comparing database entry: orléans-saran with Saran returned from geonames.
2025-10-02 14:03:44,481 INFO 📄 Index 0 | Name: Saran | fcl: P, fcode: PPL | ADM1: Centre-Val de Loire, ADM2: Loiret, ADM3: Arrondissement of Orléans, ADM4: Saran | Latitude: 47.95013, Longitude: 1.87601 | Score: 40.93, Population: 16243 | Fuzzy match: 55.55555555555556
2025-10-02 14:03:44,481 INFO Comparing database entry: orléans-saran with Saran returned from geonames.
2025-10-02 14:03:44,481 INFO 📄 Index 1 | Name: Saran | fcl: A, fcode: ADM4 | ADM1: Centre-Val de Loire, ADM2: Loiret, ADM3: Arrondissement of Orléans, ADM4: Saran | Latitude: 47.95139, Longitude: 1.88028 | Score: 17.13, Population: 16379 | Fuzzy match: 55.55555555555556
2025-10-02 14:03:44,481 WARNING ❌ No match found with fuzzy score > 80 for city: orléans-saran
2025-10-02 14:03:44,482 WARNING ❌ Lookup failed for city='orléanssaran', iso2='FR'
