2025-08-24 16:17:27,328 INFO 🗺️ Starting GeoNames lookup for city='puy-de-dôme', country='france'
2025-08-24 16:17:27,328 INFO 📍 Location is present in the following articles: [ObjectId('67fa7cf4eaa4fb525afeb9b2')]
2025-08-24 16:17:27,485 INFO Comparing database entry: puy-de-dôme with Clermont-Ferrand returned from geonames.
2025-08-24 16:17:27,485 INFO 📄 Index 0 | Name: Clermont-Ferrand | fcl: P, fcode: PPLA2 | ADM1: Auvergne-Rhône-Alpes, ADM2: Puy-de-Dôme, ADM3: Arrondissement of Clermont-Ferrand, ADM4: Clermont-Ferrand | Latitude: 45.77969, Longitude: 3.08682 | Score: 70.94, Population: 147865 | Fuzzy match: 22.22222222222222
2025-08-24 16:17:27,485 INFO Comparing database entry: puy-de-dôme with Chamalières returned from geonames.
2025-08-24 16:17:27,485 INFO 📄 Index 1 | Name: Chamalières | fcl: P, fcode: PPL | ADM1: Auvergne-Rhône-Alpes, ADM2: Puy-de-Dôme, ADM3: Arrondissement of Clermont-Ferrand, ADM4: Chamalières | Latitude: 45.77364, Longitude: 3.06703 | Score: 62.68, Population: 20298 | Fuzzy match: 18.181818181818176
2025-08-24 16:17:27,485 INFO Comparing database entry: puy-de-dôme with Riom returned from geonames.
2025-08-24 16:17:27,485 INFO 📄 Index 2 | Name: Riom | fcl: P, fcode: PPLA3 | ADM1: Auvergne-Rhône-Alpes, ADM2: Puy-de-Dôme, ADM3: Arrondissement of Riom, ADM4: Riom | Latitude: 45.89362, Longitude: 3.11264 | Score: 52.62, Population: 20142 | Fuzzy match: 13.33333333333333
2025-08-24 16:17:27,485 INFO Comparing database entry: puy-de-dôme with Thiers returned from geonames.
2025-08-24 16:17:27,485 INFO 📄 Index 3 | Name: Thiers | fcl: P, fcode: PPLA3 | ADM1: Auvergne-Rhône-Alpes, ADM2: Puy-de-Dôme, ADM3: Arrondissement of Thiers, ADM4: Thiers | Latitude: 45.85654, Longitude: 3.54758 | Score: 52.62, Population: 13739 | Fuzzy match: 11.764705882352944
2025-08-24 16:17:27,630 INFO Comparing database entry: puy-de-dôme with Clermont-Ferrand returned from geonames.
2025-08-24 16:17:27,630 INFO 📄 Index 0 | Name: Clermont-Ferrand | fcl: P, fcode: PPLA2 | ADM1: Auvergne-Rhône-Alpes, ADM2: Puy-de-Dôme, ADM3: Arrondissement of Clermont-Ferrand, ADM4: Clermont-Ferrand | Latitude: 45.77969, Longitude: 3.08682 | Score: 70.94, Population: 147865 | Fuzzy match: 22.22222222222222
2025-08-24 16:17:27,630 INFO Comparing database entry: puy-de-dôme with Chamalières returned from geonames.
2025-08-24 16:17:27,630 INFO 📄 Index 1 | Name: Chamalières | fcl: P, fcode: PPL | ADM1: Auvergne-Rhône-Alpes, ADM2: Puy-de-Dôme, ADM3: Arrondissement of Clermont-Ferrand, ADM4: Chamalières | Latitude: 45.77364, Longitude: 3.06703 | Score: 62.68, Population: 20298 | Fuzzy match: 18.181818181818176
2025-08-24 16:17:27,630 INFO Comparing database entry: puy-de-dôme with Riom returned from geonames.
2025-08-24 16:17:27,630 INFO 📄 Index 2 | Name: Riom | fcl: P, fcode: PPLA3 | ADM1: Auvergne-Rhône-Alpes, ADM2: Puy-de-Dôme, ADM3: Arrondissement of Riom, ADM4: Riom | Latitude: 45.89362, Longitude: 3.11264 | Score: 52.62, Population: 20142 | Fuzzy match: 13.33333333333333
2025-08-24 16:17:27,630 INFO Comparing database entry: puy-de-dôme with Thiers returned from geonames.
2025-08-24 16:17:27,630 INFO 📄 Index 3 | Name: Thiers | fcl: P, fcode: PPLA3 | ADM1: Auvergne-Rhône-Alpes, ADM2: Puy-de-Dôme, ADM3: Arrondissement of Thiers, ADM4: Thiers | Latitude: 45.85654, Longitude: 3.54758 | Score: 52.62, Population: 13739 | Fuzzy match: 11.764705882352944
2025-08-24 16:17:27,787 INFO Comparing database entry: puy-de-dôme with Clermont-Ferrand returned from geonames.
2025-08-24 16:17:27,787 INFO 📄 Index 0 | Name: Clermont-Ferrand | fcl: P, fcode: PPLA2 | ADM1: Auvergne-Rhône-Alpes, ADM2: Puy-de-Dôme, ADM3: Arrondissement of Clermont-Ferrand, ADM4: Clermont-Ferrand | Latitude: 45.77969, Longitude: 3.08682 | Score: 70.94, Population: 147865 | Fuzzy match: 22.22222222222222
2025-08-24 16:17:27,787 INFO Comparing database entry: puy-de-dôme with Chamalières returned from geonames.
2025-08-24 16:17:27,787 INFO 📄 Index 1 | Name: Chamalières | fcl: P, fcode: PPL | ADM1: Auvergne-Rhône-Alpes, ADM2: Puy-de-Dôme, ADM3: Arrondissement of Clermont-Ferrand, ADM4: Chamalières | Latitude: 45.77364, Longitude: 3.06703 | Score: 62.68, Population: 20298 | Fuzzy match: 18.181818181818176
2025-08-24 16:17:27,787 INFO Comparing database entry: puy-de-dôme with Riom returned from geonames.
2025-08-24 16:17:27,787 INFO 📄 Index 2 | Name: Riom | fcl: P, fcode: PPLA3 | ADM1: Auvergne-Rhône-Alpes, ADM2: Puy-de-Dôme, ADM3: Arrondissement of Riom, ADM4: Riom | Latitude: 45.89362, Longitude: 3.11264 | Score: 52.62, Population: 20142 | Fuzzy match: 13.33333333333333
2025-08-24 16:17:27,787 INFO Comparing database entry: puy-de-dôme with Thiers returned from geonames.
2025-08-24 16:17:27,787 INFO 📄 Index 3 | Name: Thiers | fcl: P, fcode: PPLA3 | ADM1: Auvergne-Rhône-Alpes, ADM2: Puy-de-Dôme, ADM3: Arrondissement of Thiers, ADM4: Thiers | Latitude: 45.85654, Longitude: 3.54758 | Score: 52.62, Population: 13739 | Fuzzy match: 11.764705882352944
2025-08-24 16:17:27,931 INFO Comparing database entry: puy-de-dôme with Clermont-Ferrand returned from geonames.
2025-08-24 16:17:27,932 INFO 📄 Index 0 | Name: Clermont-Ferrand | fcl: P, fcode: PPLA2 | ADM1: Auvergne-Rhône-Alpes, ADM2: Puy-de-Dôme, ADM3: Arrondissement of Clermont-Ferrand, ADM4: Clermont-Ferrand | Latitude: 45.77969, Longitude: 3.08682 | Score: 70.94, Population: 147865 | Fuzzy match: 22.22222222222222
2025-08-24 16:17:27,932 INFO Comparing database entry: puy-de-dôme with Chamalières returned from geonames.
2025-08-24 16:17:27,932 INFO 📄 Index 1 | Name: Chamalières | fcl: P, fcode: PPL | ADM1: Auvergne-Rhône-Alpes, ADM2: Puy-de-Dôme, ADM3: Arrondissement of Clermont-Ferrand, ADM4: Chamalières | Latitude: 45.77364, Longitude: 3.06703 | Score: 62.68, Population: 20298 | Fuzzy match: 18.181818181818176
2025-08-24 16:17:27,932 INFO Comparing database entry: puy-de-dôme with Riom returned from geonames.
2025-08-24 16:17:27,932 INFO 📄 Index 2 | Name: Riom | fcl: P, fcode: PPLA3 | ADM1: Auvergne-Rhône-Alpes, ADM2: Puy-de-Dôme, ADM3: Arrondissement of Riom, ADM4: Riom | Latitude: 45.89362, Longitude: 3.11264 | Score: 52.62, Population: 20142 | Fuzzy match: 13.33333333333333
2025-08-24 16:17:27,932 INFO Comparing database entry: puy-de-dôme with Thiers returned from geonames.
2025-08-24 16:17:27,932 INFO 📄 Index 3 | Name: Thiers | fcl: P, fcode: PPLA3 | ADM1: Auvergne-Rhône-Alpes, ADM2: Puy-de-Dôme, ADM3: Arrondissement of Thiers, ADM4: Thiers | Latitude: 45.85654, Longitude: 3.54758 | Score: 52.62, Population: 13739 | Fuzzy match: 11.764705882352944
2025-08-24 16:17:28,089 INFO Comparing database entry: puy-de-dôme with Clermont-Ferrand returned from geonames.
2025-08-24 16:17:28,089 INFO 📄 Index 0 | Name: Clermont-Ferrand | fcl: P, fcode: PPLA2 | ADM1: Auvergne-Rhône-Alpes, ADM2: Puy-de-Dôme, ADM3: Arrondissement of Clermont-Ferrand, ADM4: Clermont-Ferrand | Latitude: 45.77969, Longitude: 3.08682 | Score: 70.94, Population: 147865 | Fuzzy match: 22.22222222222222
2025-08-24 16:17:28,089 INFO Comparing database entry: puy-de-dôme with Chamalières returned from geonames.
2025-08-24 16:17:28,089 INFO 📄 Index 1 | Name: Chamalières | fcl: P, fcode: PPL | ADM1: Auvergne-Rhône-Alpes, ADM2: Puy-de-Dôme, ADM3: Arrondissement of Clermont-Ferrand, ADM4: Chamalières | Latitude: 45.77364, Longitude: 3.06703 | Score: 62.68, Population: 20298 | Fuzzy match: 18.181818181818176
2025-08-24 16:17:28,089 INFO Comparing database entry: puy-de-dôme with Riom returned from geonames.
2025-08-24 16:17:28,089 INFO 📄 Index 2 | Name: Riom | fcl: P, fcode: PPLA3 | ADM1: Auvergne-Rhône-Alpes, ADM2: Puy-de-Dôme, ADM3: Arrondissement of Riom, ADM4: Riom | Latitude: 45.89362, Longitude: 3.11264 | Score: 52.62, Population: 20142 | Fuzzy match: 13.33333333333333
2025-08-24 16:17:28,089 INFO Comparing database entry: puy-de-dôme with Thiers returned from geonames.
2025-08-24 16:17:28,089 INFO 📄 Index 3 | Name: Thiers | fcl: P, fcode: PPLA3 | ADM1: Auvergne-Rhône-Alpes, ADM2: Puy-de-Dôme, ADM3: Arrondissement of Thiers, ADM4: Thiers | Latitude: 45.85654, Longitude: 3.54758 | Score: 52.62, Population: 13739 | Fuzzy match: 11.764705882352944
2025-08-24 16:17:28,249 INFO Comparing database entry: puy-de-dôme with Clermont-Ferrand returned from geonames.
2025-08-24 16:17:28,249 INFO 📄 Index 0 | Name: Clermont-Ferrand | fcl: P, fcode: PPLA2 | ADM1: Auvergne-Rhône-Alpes, ADM2: Puy-de-Dôme, ADM3: Arrondissement of Clermont-Ferrand, ADM4: Clermont-Ferrand | Latitude: 45.77969, Longitude: 3.08682 | Score: 70.94, Population: 147865 | Fuzzy match: 22.22222222222222
2025-08-24 16:17:28,249 INFO Comparing database entry: puy-de-dôme with Chamalières returned from geonames.
2025-08-24 16:17:28,249 INFO 📄 Index 1 | Name: Chamalières | fcl: P, fcode: PPL | ADM1: Auvergne-Rhône-Alpes, ADM2: Puy-de-Dôme, ADM3: Arrondissement of Clermont-Ferrand, ADM4: Chamalières | Latitude: 45.77364, Longitude: 3.06703 | Score: 62.68, Population: 20298 | Fuzzy match: 18.181818181818176
2025-08-24 16:17:28,249 INFO Comparing database entry: puy-de-dôme with Riom returned from geonames.
2025-08-24 16:17:28,249 INFO 📄 Index 2 | Name: Riom | fcl: P, fcode: PPLA3 | ADM1: Auvergne-Rhône-Alpes, ADM2: Puy-de-Dôme, ADM3: Arrondissement of Riom, ADM4: Riom | Latitude: 45.89362, Longitude: 3.11264 | Score: 52.62, Population: 20142 | Fuzzy match: 13.33333333333333
2025-08-24 16:17:28,249 INFO Comparing database entry: puy-de-dôme with Thiers returned from geonames.
2025-08-24 16:17:28,249 INFO 📄 Index 3 | Name: Thiers | fcl: P, fcode: PPLA3 | ADM1: Auvergne-Rhône-Alpes, ADM2: Puy-de-Dôme, ADM3: Arrondissement of Thiers, ADM4: Thiers | Latitude: 45.85654, Longitude: 3.54758 | Score: 52.62, Population: 13739 | Fuzzy match: 11.764705882352944
2025-08-24 16:17:28,249 WARNING ❌ No match found with fuzzy score > 80 for city: puy-de-dôme
2025-08-24 16:17:28,250 WARNING ❌ Lookup failed for city='puydedôme', iso2='FR'
