2025-08-17 16:43:34,742 INFO 🗺️ Starting GeoNames lookup for city='romilly', country='france'
2025-08-17 16:43:34,743 INFO 📍 Location is present in the following articles: [ObjectId('67fa7e59eaa4fb525afebf73')]
2025-08-17 16:43:34,943 INFO Comparing database entry: romilly with Romilly-sur-Seine returned from geonames.
2025-08-17 16:43:34,944 INFO 📄 Index 0 | Name: Romilly-sur-Seine | fcl: P, fcode: PPL | ADM1: Grand Est, ADM2: Aube, ADM3: Arrondissement of Nogent-sur-Seine, ADM4: Romilly-sur-Seine | Score: 54.98, Population: 14566 | Fuzzy match: 58.33333333333333
2025-08-17 16:43:34,944 INFO Comparing database entry: romilly with Romilly-sur-Andelle returned from geonames.
2025-08-17 16:43:34,944 INFO 📄 Index 1 | Name: Romilly-sur-Andelle | fcl: P, fcode: PPL | ADM1: Normandy, ADM2: Eure, ADM3: Arrondissement of Les Andelys, ADM4: Romilly-sur-Andelle | Score: 31.87, Population: 2789 | Fuzzy match: 53.84615384615385
2025-08-17 16:43:34,944 INFO Comparing database entry: romilly with Romilly-la-Puthenaye returned from geonames.
2025-08-17 16:43:34,944 INFO 📄 Index 2 | Name: Romilly-la-Puthenaye | fcl: P, fcode: PPL | ADM1: Normandy, ADM2: Eure, ADM3: Arrondissement of Bernay, ADM4: Romilly-la-Puthenaye | Score: 25.53, Population: 277 | Fuzzy match: 51.85185185185186
2025-08-17 16:43:34,944 INFO Comparing database entry: romilly with Saint-Hilaire-sous-Romilly returned from geonames.
2025-08-17 16:43:34,944 INFO 📄 Index 3 | Name: Saint-Hilaire-sous-Romilly | fcl: P, fcode: PPL | ADM1: Grand Est, ADM2: Aube, ADM3: Arrondissement of Nogent-sur-Seine, ADM4: Saint-Hilaire-sous-Romilly | Score: 24.96, Population: 344 | Fuzzy match: 42.42424242424242
2025-08-17 16:43:35,088 INFO Comparing database entry: romilly with Romilly-sur-Seine returned from geonames.
2025-08-17 16:43:35,088 INFO 📄 Index 0 | Name: Romilly-sur-Seine | fcl: P, fcode: PPL | ADM1: Grand Est, ADM2: Aube, ADM3: Arrondissement of Nogent-sur-Seine, ADM4: Romilly-sur-Seine | Score: 54.98, Population: 14566 | Fuzzy match: 58.33333333333333
2025-08-17 16:43:35,088 INFO Comparing database entry: romilly with Romilly-sur-Andelle returned from geonames.
2025-08-17 16:43:35,088 INFO 📄 Index 1 | Name: Romilly-sur-Andelle | fcl: P, fcode: PPL | ADM1: Normandy, ADM2: Eure, ADM3: Arrondissement of Les Andelys, ADM4: Romilly-sur-Andelle | Score: 31.87, Population: 2789 | Fuzzy match: 53.84615384615385
2025-08-17 16:43:35,088 INFO Comparing database entry: romilly with Romilly-la-Puthenaye returned from geonames.
2025-08-17 16:43:35,088 INFO 📄 Index 2 | Name: Romilly-la-Puthenaye | fcl: P, fcode: PPL | ADM1: Normandy, ADM2: Eure, ADM3: Arrondissement of Bernay, ADM4: Romilly-la-Puthenaye | Score: 25.53, Population: 277 | Fuzzy match: 51.85185185185186
2025-08-17 16:43:35,089 INFO Comparing database entry: romilly with Saint-Hilaire-sous-Romilly returned from geonames.
2025-08-17 16:43:35,089 INFO 📄 Index 3 | Name: Saint-Hilaire-sous-Romilly | fcl: P, fcode: PPL | ADM1: Grand Est, ADM2: Aube, ADM3: Arrondissement of Nogent-sur-Seine, ADM4: Saint-Hilaire-sous-Romilly | Score: 24.96, Population: 344 | Fuzzy match: 42.42424242424242
2025-08-17 16:43:35,214 INFO Comparing database entry: romilly with Romilly-sur-Seine returned from geonames.
2025-08-17 16:43:35,214 INFO 📄 Index 0 | Name: Romilly-sur-Seine | fcl: P, fcode: PPL | ADM1: Grand Est, ADM2: Aube, ADM3: Arrondissement of Nogent-sur-Seine, ADM4: Romilly-sur-Seine | Score: 54.98, Population: 14566 | Fuzzy match: 58.33333333333333
2025-08-17 16:43:35,214 INFO Comparing database entry: romilly with Romilly-sur-Andelle returned from geonames.
2025-08-17 16:43:35,214 INFO 📄 Index 1 | Name: Romilly-sur-Andelle | fcl: P, fcode: PPL | ADM1: Normandy, ADM2: Eure, ADM3: Arrondissement of Les Andelys, ADM4: Romilly-sur-Andelle | Score: 31.87, Population: 2789 | Fuzzy match: 53.84615384615385
2025-08-17 16:43:35,214 INFO Comparing database entry: romilly with Romilly-la-Puthenaye returned from geonames.
2025-08-17 16:43:35,214 INFO 📄 Index 2 | Name: Romilly-la-Puthenaye | fcl: P, fcode: PPL | ADM1: Normandy, ADM2: Eure, ADM3: Arrondissement of Bernay, ADM4: Romilly-la-Puthenaye | Score: 25.53, Population: 277 | Fuzzy match: 51.85185185185186
2025-08-17 16:43:35,214 INFO Comparing database entry: romilly with Saint-Hilaire-sous-Romilly returned from geonames.
2025-08-17 16:43:35,214 INFO 📄 Index 3 | Name: Saint-Hilaire-sous-Romilly | fcl: P, fcode: PPL | ADM1: Grand Est, ADM2: Aube, ADM3: Arrondissement of Nogent-sur-Seine, ADM4: Saint-Hilaire-sous-Romilly | Score: 24.96, Population: 344 | Fuzzy match: 42.42424242424242
2025-08-17 16:43:35,358 INFO Comparing database entry: romilly with Romilly-sur-Seine returned from geonames.
2025-08-17 16:43:35,358 INFO 📄 Index 0 | Name: Romilly-sur-Seine | fcl: P, fcode: PPL | ADM1: Grand Est, ADM2: Aube, ADM3: Arrondissement of Nogent-sur-Seine, ADM4: Romilly-sur-Seine | Score: 54.98, Population: 14566 | Fuzzy match: 58.33333333333333
2025-08-17 16:43:35,358 INFO Comparing database entry: romilly with Romilly-sur-Andelle returned from geonames.
2025-08-17 16:43:35,358 INFO 📄 Index 1 | Name: Romilly-sur-Andelle | fcl: P, fcode: PPL | ADM1: Normandy, ADM2: Eure, ADM3: Arrondissement of Les Andelys, ADM4: Romilly-sur-Andelle | Score: 31.87, Population: 2789 | Fuzzy match: 53.84615384615385
2025-08-17 16:43:35,358 INFO Comparing database entry: romilly with Romilly-la-Puthenaye returned from geonames.
2025-08-17 16:43:35,358 INFO 📄 Index 2 | Name: Romilly-la-Puthenaye | fcl: P, fcode: PPL | ADM1: Normandy, ADM2: Eure, ADM3: Arrondissement of Bernay, ADM4: Romilly-la-Puthenaye | Score: 25.53, Population: 277 | Fuzzy match: 51.85185185185186
2025-08-17 16:43:35,359 INFO Comparing database entry: romilly with Saint-Hilaire-sous-Romilly returned from geonames.
2025-08-17 16:43:35,359 INFO 📄 Index 3 | Name: Saint-Hilaire-sous-Romilly | fcl: P, fcode: PPL | ADM1: Grand Est, ADM2: Aube, ADM3: Arrondissement of Nogent-sur-Seine, ADM4: Saint-Hilaire-sous-Romilly | Score: 24.96, Population: 344 | Fuzzy match: 42.42424242424242
2025-08-17 16:43:35,498 INFO Comparing database entry: romilly with Romilly-sur-Seine returned from geonames.
2025-08-17 16:43:35,498 INFO 📄 Index 0 | Name: Romilly-sur-Seine | fcl: P, fcode: PPL | ADM1: Grand Est, ADM2: Aube, ADM3: Arrondissement of Nogent-sur-Seine, ADM4: Romilly-sur-Seine | Score: 54.98, Population: 14566 | Fuzzy match: 58.33333333333333
2025-08-17 16:43:35,498 INFO Comparing database entry: romilly with Romilly-sur-Andelle returned from geonames.
2025-08-17 16:43:35,498 INFO 📄 Index 1 | Name: Romilly-sur-Andelle | fcl: P, fcode: PPL | ADM1: Normandy, ADM2: Eure, ADM3: Arrondissement of Les Andelys, ADM4: Romilly-sur-Andelle | Score: 31.87, Population: 2789 | Fuzzy match: 53.84615384615385
2025-08-17 16:43:35,498 INFO Comparing database entry: romilly with Romilly-la-Puthenaye returned from geonames.
2025-08-17 16:43:35,498 INFO 📄 Index 2 | Name: Romilly-la-Puthenaye | fcl: P, fcode: PPL | ADM1: Normandy, ADM2: Eure, ADM3: Arrondissement of Bernay, ADM4: Romilly-la-Puthenaye | Score: 25.53, Population: 277 | Fuzzy match: 51.85185185185186
2025-08-17 16:43:35,498 INFO Comparing database entry: romilly with Saint-Hilaire-sous-Romilly returned from geonames.
2025-08-17 16:43:35,498 INFO 📄 Index 3 | Name: Saint-Hilaire-sous-Romilly | fcl: P, fcode: PPL | ADM1: Grand Est, ADM2: Aube, ADM3: Arrondissement of Nogent-sur-Seine, ADM4: Saint-Hilaire-sous-Romilly | Score: 24.96, Population: 344 | Fuzzy match: 42.42424242424242
2025-08-17 16:43:35,750 INFO Comparing database entry: romilly with Romilly-sur-Seine returned from geonames.
2025-08-17 16:43:35,750 INFO 📄 Index 0 | Name: Romilly-sur-Seine | fcl: P, fcode: PPL | ADM1: Grand Est, ADM2: Aube, ADM3: Arrondissement of Nogent-sur-Seine, ADM4: Romilly-sur-Seine | Score: 54.98, Population: 14566 | Fuzzy match: 58.33333333333333
2025-08-17 16:43:35,750 INFO Comparing database entry: romilly with Romilly-sur-Andelle returned from geonames.
2025-08-17 16:43:35,750 INFO 📄 Index 1 | Name: Romilly-sur-Andelle | fcl: P, fcode: PPL | ADM1: Normandy, ADM2: Eure, ADM3: Arrondissement of Les Andelys, ADM4: Romilly-sur-Andelle | Score: 31.87, Population: 2789 | Fuzzy match: 53.84615384615385
2025-08-17 16:43:35,750 INFO Comparing database entry: romilly with Romilly-la-Puthenaye returned from geonames.
2025-08-17 16:43:35,750 INFO 📄 Index 2 | Name: Romilly-la-Puthenaye | fcl: P, fcode: PPL | ADM1: Normandy, ADM2: Eure, ADM3: Arrondissement of Bernay, ADM4: Romilly-la-Puthenaye | Score: 25.53, Population: 277 | Fuzzy match: 51.85185185185186
2025-08-17 16:43:35,750 INFO Comparing database entry: romilly with Saint-Hilaire-sous-Romilly returned from geonames.
2025-08-17 16:43:35,750 INFO 📄 Index 3 | Name: Saint-Hilaire-sous-Romilly | fcl: P, fcode: PPL | ADM1: Grand Est, ADM2: Aube, ADM3: Arrondissement of Nogent-sur-Seine, ADM4: Saint-Hilaire-sous-Romilly | Score: 24.96, Population: 344 | Fuzzy match: 42.42424242424242
2025-08-17 16:43:35,750 WARNING ❌ No match found with fuzzy score > 80 for city: romilly
2025-08-17 16:43:35,751 WARNING ❌ Lookup failed for city='romilly', iso2='FR'
