2025-08-19 17:10:30,771 INFO 🗺️ Starting GeoNames lookup for city='roquefort, lot-et-garonne', country='france'
2025-08-19 17:10:30,771 INFO 📍 Location is present in the following articles: [ObjectId('67fa76b3eaa4fb525afeb46e')]
2025-08-19 17:10:30,963 INFO Comparing database entry: roquefort, lot-et-garonne with Roquefort returned from geonames.
2025-08-19 17:10:30,963 INFO 📄 Index 0 | Name: Roquefort | fcl: P, fcode: PPL | ADM1: Nouvelle-Aquitaine, ADM2: Lot-et-Garonne, ADM3: Arrondissement of Agen, ADM4: Roquefort | Latitude: 44.17412, Longitude: 0.55871 | Score: 33.15, Population: 1261 | Fuzzy match: 52.94117647058824
2025-08-19 17:10:30,963 INFO Comparing database entry: roquefort, lot-et-garonne with Roquefort returned from geonames.
2025-08-19 17:10:30,963 INFO 📄 Index 1 | Name: Roquefort | fcl: A, fcode: ADM4 | ADM1: Nouvelle-Aquitaine, ADM2: Lot-et-Garonne, ADM3: Arrondissement of Agen, ADM4: Roquefort | Latitude: 44.17417, Longitude: 0.55972 | Score: 22.20, Population: 1845 | Fuzzy match: 52.94117647058824
2025-08-19 17:10:31,098 INFO Comparing database entry: roquefort, lot-et-garonne with Roquefort returned from geonames.
2025-08-19 17:10:31,098 INFO 📄 Index 0 | Name: Roquefort | fcl: P, fcode: PPL | ADM1: Nouvelle-Aquitaine, ADM2: Lot-et-Garonne, ADM3: Arrondissement of Agen, ADM4: Roquefort | Latitude: 44.17412, Longitude: 0.55871 | Score: 33.15, Population: 1261 | Fuzzy match: 52.94117647058824
2025-08-19 17:10:31,098 INFO Comparing database entry: roquefort, lot-et-garonne with Roquefort returned from geonames.
2025-08-19 17:10:31,098 INFO 📄 Index 1 | Name: Roquefort | fcl: A, fcode: ADM4 | ADM1: Nouvelle-Aquitaine, ADM2: Lot-et-Garonne, ADM3: Arrondissement of Agen, ADM4: Roquefort | Latitude: 44.17417, Longitude: 0.55972 | Score: 22.20, Population: 1845 | Fuzzy match: 52.94117647058824
2025-08-19 17:10:31,230 INFO Comparing database entry: roquefort, lot-et-garonne with Roquefort returned from geonames.
2025-08-19 17:10:31,230 INFO 📄 Index 0 | Name: Roquefort | fcl: P, fcode: PPL | ADM1: Nouvelle-Aquitaine, ADM2: Lot-et-Garonne, ADM3: Arrondissement of Agen, ADM4: Roquefort | Latitude: 44.17412, Longitude: 0.55871 | Score: 33.15, Population: 1261 | Fuzzy match: 52.94117647058824
2025-08-19 17:10:31,230 INFO Comparing database entry: roquefort, lot-et-garonne with Roquefort returned from geonames.
2025-08-19 17:10:31,230 INFO 📄 Index 1 | Name: Roquefort | fcl: A, fcode: ADM4 | ADM1: Nouvelle-Aquitaine, ADM2: Lot-et-Garonne, ADM3: Arrondissement of Agen, ADM4: Roquefort | Latitude: 44.17417, Longitude: 0.55972 | Score: 22.20, Population: 1845 | Fuzzy match: 52.94117647058824
2025-08-19 17:10:31,394 INFO Comparing database entry: roquefort, lot-et-garonne with Roquefort returned from geonames.
2025-08-19 17:10:31,394 INFO 📄 Index 0 | Name: Roquefort | fcl: P, fcode: PPL | ADM1: Nouvelle-Aquitaine, ADM2: Lot-et-Garonne, ADM3: Arrondissement of Agen, ADM4: Roquefort | Latitude: 44.17412, Longitude: 0.55871 | Score: 33.15, Population: 1261 | Fuzzy match: 52.94117647058824
2025-08-19 17:10:31,394 INFO Comparing database entry: roquefort, lot-et-garonne with Roquefort returned from geonames.
2025-08-19 17:10:31,394 INFO 📄 Index 1 | Name: Roquefort | fcl: A, fcode: ADM4 | ADM1: Nouvelle-Aquitaine, ADM2: Lot-et-Garonne, ADM3: Arrondissement of Agen, ADM4: Roquefort | Latitude: 44.17417, Longitude: 0.55972 | Score: 22.20, Population: 1845 | Fuzzy match: 52.94117647058824
2025-08-19 17:10:31,550 INFO Comparing database entry: roquefort, lot-et-garonne with Roquefort returned from geonames.
2025-08-19 17:10:31,550 INFO 📄 Index 0 | Name: Roquefort | fcl: P, fcode: PPL | ADM1: Nouvelle-Aquitaine, ADM2: Lot-et-Garonne, ADM3: Arrondissement of Agen, ADM4: Roquefort | Latitude: 44.17412, Longitude: 0.55871 | Score: 33.15, Population: 1261 | Fuzzy match: 52.94117647058824
2025-08-19 17:10:31,550 INFO Comparing database entry: roquefort, lot-et-garonne with Roquefort returned from geonames.
2025-08-19 17:10:31,550 INFO 📄 Index 1 | Name: Roquefort | fcl: A, fcode: ADM4 | ADM1: Nouvelle-Aquitaine, ADM2: Lot-et-Garonne, ADM3: Arrondissement of Agen, ADM4: Roquefort | Latitude: 44.17417, Longitude: 0.55972 | Score: 22.20, Population: 1845 | Fuzzy match: 52.94117647058824
2025-08-19 17:10:31,713 INFO Comparing database entry: roquefort, lot-et-garonne with Roquefort returned from geonames.
2025-08-19 17:10:31,713 INFO 📄 Index 0 | Name: Roquefort | fcl: P, fcode: PPL | ADM1: Nouvelle-Aquitaine, ADM2: Lot-et-Garonne, ADM3: Arrondissement of Agen, ADM4: Roquefort | Latitude: 44.17412, Longitude: 0.55871 | Score: 33.15, Population: 1261 | Fuzzy match: 52.94117647058824
2025-08-19 17:10:31,713 INFO Comparing database entry: roquefort, lot-et-garonne with Roquefort returned from geonames.
2025-08-19 17:10:31,713 INFO 📄 Index 1 | Name: Roquefort | fcl: A, fcode: ADM4 | ADM1: Nouvelle-Aquitaine, ADM2: Lot-et-Garonne, ADM3: Arrondissement of Agen, ADM4: Roquefort | Latitude: 44.17417, Longitude: 0.55972 | Score: 22.20, Population: 1845 | Fuzzy match: 52.94117647058824
2025-08-19 17:10:31,713 WARNING ❌ No match found with fuzzy score > 80 for city: roquefort, lot-et-garonne
2025-08-19 17:10:31,713 WARNING ❌ Lookup failed for city='roquefort_lotetgaronne', iso2='FR'
