2025-09-26 20:52:59,190 INFO 🗺️ Starting GeoNames lookup for city='romorantin', country='france'
2025-09-26 20:52:59,190 INFO 📍 Location is present in the following articles: [ObjectId('67fbee1394b7f855cfea64c6')]
2025-09-26 20:52:59,369 INFO Comparing database entry: romorantin with Romorantin-Lanthenay returned from geonames.
2025-09-26 20:52:59,369 INFO 📄 Index 0 | Name: Romorantin-Lanthenay | fcl: P, fcode: PPLA3 | ADM1: Centre-Val de Loire, ADM2: Loir-et-Cher, ADM3: Romorantin-Lanthenay, ADM4: Romorantin-Lanthenay | Latitude: 47.36667, Longitude: 1.75 | Score: 46.22, Population: 19953 | Fuzzy match: 66.66666666666667
2025-09-26 20:52:59,369 INFO Comparing database entry: romorantin with Montrichard returned from geonames.
2025-09-26 20:52:59,369 INFO 📄 Index 1 | Name: Montrichard | fcl: P, fcode: PPL | ADM1: Centre-Val de Loire, ADM2: Loir-et-Cher, ADM3: Romorantin-Lanthenay, ADM4: Montrichard Val de Cher | Latitude: 47.3431, Longitude: 1.18653 | Score: 34.45, Population: 3745 | Fuzzy match: 47.61904761904761
2025-09-26 20:52:59,369 INFO Comparing database entry: romorantin with Saint-Georges-sur-Cher returned from geonames.
2025-09-26 20:52:59,369 INFO 📄 Index 2 | Name: Saint-Georges-sur-Cher | fcl: P, fcode: PPL | ADM1: Centre-Val de Loire, ADM2: Loir-et-Cher, ADM3: Romorantin-Lanthenay, ADM4: Saint Georges sur Cher | Latitude: 47.32996, Longitude: 1.13261 | Score: 23.32, Population: 2243 | Fuzzy match: 18.75
2025-09-26 20:52:59,369 INFO Comparing database entry: romorantin with Saint-Aignan returned from geonames.
2025-09-26 20:52:59,369 INFO 📄 Index 3 | Name: Saint-Aignan | fcl: P, fcode: PPL | ADM1: Centre-Val de Loire, ADM2: Loir-et-Cher, ADM3: Romorantin-Lanthenay, ADM4: Saint-Aignan | Latitude: 47.26892, Longitude: 1.37614 | Score: 23.32, Population: 3752 | Fuzzy match: 45.45454545454546
2025-09-26 20:52:59,560 INFO Comparing database entry: romorantin with Romorantin-Lanthenay returned from geonames.
2025-09-26 20:52:59,560 INFO 📄 Index 0 | Name: Romorantin-Lanthenay | fcl: P, fcode: PPLA3 | ADM1: Centre-Val de Loire, ADM2: Loir-et-Cher, ADM3: Romorantin-Lanthenay, ADM4: Romorantin-Lanthenay | Latitude: 47.36667, Longitude: 1.75 | Score: 46.22, Population: 19953 | Fuzzy match: 66.66666666666667
2025-09-26 20:52:59,560 INFO Comparing database entry: romorantin with Montrichard returned from geonames.
2025-09-26 20:52:59,560 INFO 📄 Index 1 | Name: Montrichard | fcl: P, fcode: PPL | ADM1: Centre-Val de Loire, ADM2: Loir-et-Cher, ADM3: Romorantin-Lanthenay, ADM4: Montrichard Val de Cher | Latitude: 47.3431, Longitude: 1.18653 | Score: 34.45, Population: 3745 | Fuzzy match: 47.61904761904761
2025-09-26 20:52:59,561 INFO Comparing database entry: romorantin with Saint-Georges-sur-Cher returned from geonames.
2025-09-26 20:52:59,561 INFO 📄 Index 2 | Name: Saint-Georges-sur-Cher | fcl: P, fcode: PPL | ADM1: Centre-Val de Loire, ADM2: Loir-et-Cher, ADM3: Romorantin-Lanthenay, ADM4: Saint Georges sur Cher | Latitude: 47.32996, Longitude: 1.13261 | Score: 23.32, Population: 2243 | Fuzzy match: 18.75
2025-09-26 20:52:59,561 INFO Comparing database entry: romorantin with Saint-Aignan returned from geonames.
2025-09-26 20:52:59,561 INFO 📄 Index 3 | Name: Saint-Aignan | fcl: P, fcode: PPL | ADM1: Centre-Val de Loire, ADM2: Loir-et-Cher, ADM3: Romorantin-Lanthenay, ADM4: Saint-Aignan | Latitude: 47.26892, Longitude: 1.37614 | Score: 23.32, Population: 3752 | Fuzzy match: 45.45454545454546
2025-09-26 20:52:59,710 INFO Comparing database entry: romorantin with Romorantin-Lanthenay returned from geonames.
2025-09-26 20:52:59,711 INFO 📄 Index 0 | Name: Romorantin-Lanthenay | fcl: P, fcode: PPLA3 | ADM1: Centre-Val de Loire, ADM2: Loir-et-Cher, ADM3: Romorantin-Lanthenay, ADM4: Romorantin-Lanthenay | Latitude: 47.36667, Longitude: 1.75 | Score: 46.22, Population: 19953 | Fuzzy match: 66.66666666666667
2025-09-26 20:52:59,711 INFO Comparing database entry: romorantin with Montrichard returned from geonames.
2025-09-26 20:52:59,711 INFO 📄 Index 1 | Name: Montrichard | fcl: P, fcode: PPL | ADM1: Centre-Val de Loire, ADM2: Loir-et-Cher, ADM3: Romorantin-Lanthenay, ADM4: Montrichard Val de Cher | Latitude: 47.3431, Longitude: 1.18653 | Score: 34.45, Population: 3745 | Fuzzy match: 47.61904761904761
2025-09-26 20:52:59,711 INFO Comparing database entry: romorantin with Saint-Georges-sur-Cher returned from geonames.
2025-09-26 20:52:59,711 INFO 📄 Index 2 | Name: Saint-Georges-sur-Cher | fcl: P, fcode: PPL | ADM1: Centre-Val de Loire, ADM2: Loir-et-Cher, ADM3: Romorantin-Lanthenay, ADM4: Saint Georges sur Cher | Latitude: 47.32996, Longitude: 1.13261 | Score: 23.32, Population: 2243 | Fuzzy match: 18.75
2025-09-26 20:52:59,711 INFO Comparing database entry: romorantin with Saint-Aignan returned from geonames.
2025-09-26 20:52:59,711 INFO 📄 Index 3 | Name: Saint-Aignan | fcl: P, fcode: PPL | ADM1: Centre-Val de Loire, ADM2: Loir-et-Cher, ADM3: Romorantin-Lanthenay, ADM4: Saint-Aignan | Latitude: 47.26892, Longitude: 1.37614 | Score: 23.32, Population: 3752 | Fuzzy match: 45.45454545454546
2025-09-26 20:52:59,862 INFO Comparing database entry: romorantin with Romorantin-Lanthenay returned from geonames.
2025-09-26 20:52:59,862 INFO 📄 Index 0 | Name: Romorantin-Lanthenay | fcl: P, fcode: PPLA3 | ADM1: Centre-Val de Loire, ADM2: Loir-et-Cher, ADM3: Romorantin-Lanthenay, ADM4: Romorantin-Lanthenay | Latitude: 47.36667, Longitude: 1.75 | Score: 46.22, Population: 19953 | Fuzzy match: 66.66666666666667
2025-09-26 20:52:59,862 INFO Comparing database entry: romorantin with Montrichard returned from geonames.
2025-09-26 20:52:59,862 INFO 📄 Index 1 | Name: Montrichard | fcl: P, fcode: PPL | ADM1: Centre-Val de Loire, ADM2: Loir-et-Cher, ADM3: Romorantin-Lanthenay, ADM4: Montrichard Val de Cher | Latitude: 47.3431, Longitude: 1.18653 | Score: 34.45, Population: 3745 | Fuzzy match: 47.61904761904761
2025-09-26 20:52:59,862 INFO Comparing database entry: romorantin with Saint-Georges-sur-Cher returned from geonames.
2025-09-26 20:52:59,862 INFO 📄 Index 2 | Name: Saint-Georges-sur-Cher | fcl: P, fcode: PPL | ADM1: Centre-Val de Loire, ADM2: Loir-et-Cher, ADM3: Romorantin-Lanthenay, ADM4: Saint Georges sur Cher | Latitude: 47.32996, Longitude: 1.13261 | Score: 23.32, Population: 2243 | Fuzzy match: 18.75
2025-09-26 20:52:59,862 INFO Comparing database entry: romorantin with Saint-Aignan returned from geonames.
2025-09-26 20:52:59,862 INFO 📄 Index 3 | Name: Saint-Aignan | fcl: P, fcode: PPL | ADM1: Centre-Val de Loire, ADM2: Loir-et-Cher, ADM3: Romorantin-Lanthenay, ADM4: Saint-Aignan | Latitude: 47.26892, Longitude: 1.37614 | Score: 23.32, Population: 3752 | Fuzzy match: 45.45454545454546
2025-09-26 20:53:00,016 INFO Comparing database entry: romorantin with Romorantin-Lanthenay returned from geonames.
2025-09-26 20:53:00,016 INFO 📄 Index 0 | Name: Romorantin-Lanthenay | fcl: P, fcode: PPLA3 | ADM1: Centre-Val de Loire, ADM2: Loir-et-Cher, ADM3: Romorantin-Lanthenay, ADM4: Romorantin-Lanthenay | Latitude: 47.36667, Longitude: 1.75 | Score: 46.22, Population: 19953 | Fuzzy match: 66.66666666666667
2025-09-26 20:53:00,016 INFO Comparing database entry: romorantin with Montrichard returned from geonames.
2025-09-26 20:53:00,016 INFO 📄 Index 1 | Name: Montrichard | fcl: P, fcode: PPL | ADM1: Centre-Val de Loire, ADM2: Loir-et-Cher, ADM3: Romorantin-Lanthenay, ADM4: Montrichard Val de Cher | Latitude: 47.3431, Longitude: 1.18653 | Score: 34.45, Population: 3745 | Fuzzy match: 47.61904761904761
2025-09-26 20:53:00,017 INFO Comparing database entry: romorantin with Saint-Georges-sur-Cher returned from geonames.
2025-09-26 20:53:00,017 INFO 📄 Index 2 | Name: Saint-Georges-sur-Cher | fcl: P, fcode: PPL | ADM1: Centre-Val de Loire, ADM2: Loir-et-Cher, ADM3: Romorantin-Lanthenay, ADM4: Saint Georges sur Cher | Latitude: 47.32996, Longitude: 1.13261 | Score: 23.32, Population: 2243 | Fuzzy match: 18.75
2025-09-26 20:53:00,017 INFO Comparing database entry: romorantin with Saint-Aignan returned from geonames.
2025-09-26 20:53:00,017 INFO 📄 Index 3 | Name: Saint-Aignan | fcl: P, fcode: PPL | ADM1: Centre-Val de Loire, ADM2: Loir-et-Cher, ADM3: Romorantin-Lanthenay, ADM4: Saint-Aignan | Latitude: 47.26892, Longitude: 1.37614 | Score: 23.32, Population: 3752 | Fuzzy match: 45.45454545454546
2025-09-26 20:53:00,188 INFO Comparing database entry: romorantin with Romorantin-Lanthenay returned from geonames.
2025-09-26 20:53:00,188 INFO 📄 Index 0 | Name: Romorantin-Lanthenay | fcl: P, fcode: PPLA3 | ADM1: Centre-Val de Loire, ADM2: Loir-et-Cher, ADM3: Romorantin-Lanthenay, ADM4: Romorantin-Lanthenay | Latitude: 47.36667, Longitude: 1.75 | Score: 46.22, Population: 19953 | Fuzzy match: 66.66666666666667
2025-09-26 20:53:00,188 INFO Comparing database entry: romorantin with Montrichard returned from geonames.
2025-09-26 20:53:00,188 INFO 📄 Index 1 | Name: Montrichard | fcl: P, fcode: PPL | ADM1: Centre-Val de Loire, ADM2: Loir-et-Cher, ADM3: Romorantin-Lanthenay, ADM4: Montrichard Val de Cher | Latitude: 47.3431, Longitude: 1.18653 | Score: 34.45, Population: 3745 | Fuzzy match: 47.61904761904761
2025-09-26 20:53:00,188 INFO Comparing database entry: romorantin with Saint-Georges-sur-Cher returned from geonames.
2025-09-26 20:53:00,188 INFO 📄 Index 2 | Name: Saint-Georges-sur-Cher | fcl: P, fcode: PPL | ADM1: Centre-Val de Loire, ADM2: Loir-et-Cher, ADM3: Romorantin-Lanthenay, ADM4: Saint Georges sur Cher | Latitude: 47.32996, Longitude: 1.13261 | Score: 23.32, Population: 2243 | Fuzzy match: 18.75
2025-09-26 20:53:00,188 INFO Comparing database entry: romorantin with Saint-Aignan returned from geonames.
2025-09-26 20:53:00,188 INFO 📄 Index 3 | Name: Saint-Aignan | fcl: P, fcode: PPL | ADM1: Centre-Val de Loire, ADM2: Loir-et-Cher, ADM3: Romorantin-Lanthenay, ADM4: Saint-Aignan | Latitude: 47.26892, Longitude: 1.37614 | Score: 23.32, Population: 3752 | Fuzzy match: 45.45454545454546
2025-09-26 20:53:00,189 WARNING ❌ No match found with fuzzy score > 80 for city: romorantin
2025-09-26 20:53:00,189 WARNING ❌ Lookup failed for city='romorantin', iso2='FR'
