2025-08-18 17:45:43,408 INFO 🗺️ Starting GeoNames lookup for city='st. marcel', country='france'
2025-08-18 17:45:43,408 INFO 📍 Location is present in the following articles: [ObjectId('67fbf73594b7f855cfea6fae')]
2025-08-18 17:45:43,566 INFO Comparing database entry: st. marcel with Saint-Marcel-du-Périgord returned from geonames.
2025-08-18 17:45:43,567 INFO 📄 Index 0 | Name: Saint-Marcel-du-Périgord | fcl: P, fcode: PPL | ADM1: Nouvelle-Aquitaine, ADM2: Dordogne, ADM3: Arrondissement of Bergerac, ADM4: Saint-Marcel-du-Périgord | Score: 40.50, Population: 148 | Fuzzy match: 35.29411764705882
2025-08-18 17:45:43,567 INFO Comparing database entry: st. marcel with Saint-Marcel-de-Careiret returned from geonames.
2025-08-18 17:45:43,567 INFO 📄 Index 1 | Name: Saint-Marcel-de-Careiret | fcl: P, fcode: PPL | ADM1: Occitanie, ADM2: Gard, ADM3: Arrondissement of Nîmes, ADM4: Saint-Marcel-de-Careiret | Score: 35.47, Population: 675 | Fuzzy match: 41.17647058823529
2025-08-18 17:45:43,567 INFO Comparing database entry: st. marcel with Saint-Marcel-dArdèche returned from geonames.
2025-08-18 17:45:43,567 INFO 📄 Index 2 | Name: Saint-Marcel-dArdèche | fcl: P, fcode: PPL | ADM1: Auvergne-Rhône-Alpes, ADM2: Ardèche, ADM3: Arrondissement of Privas, ADM4: Saint-Marcel-d'Ardèche | Score: 33.47, Population: 2393 | Fuzzy match: 38.70967741935484
2025-08-18 17:45:43,567 INFO Comparing database entry: st. marcel with Saint-Marcel-lès-Annonay returned from geonames.
2025-08-18 17:45:43,567 INFO 📄 Index 3 | Name: Saint-Marcel-lès-Annonay | fcl: P, fcode: PPL | ADM1: Auvergne-Rhône-Alpes, ADM2: Ardèche, ADM3: Tournon-sur-Rhône, ADM4: Saint-Marcel-lès-Annonay | Score: 31.40, Population: 1231 | Fuzzy match: 41.17647058823529
2025-08-18 17:45:43,711 INFO Comparing database entry: st. marcel with Saint-Marcel-du-Périgord returned from geonames.
2025-08-18 17:45:43,714 INFO 📄 Index 0 | Name: Saint-Marcel-du-Périgord | fcl: P, fcode: PPL | ADM1: Nouvelle-Aquitaine, ADM2: Dordogne, ADM3: Arrondissement of Bergerac, ADM4: Saint-Marcel-du-Périgord | Score: 40.50, Population: 148 | Fuzzy match: 35.29411764705882
2025-08-18 17:45:43,714 INFO Comparing database entry: st. marcel with Saint-Marcel-de-Careiret returned from geonames.
2025-08-18 17:45:43,714 INFO 📄 Index 1 | Name: Saint-Marcel-de-Careiret | fcl: P, fcode: PPL | ADM1: Occitanie, ADM2: Gard, ADM3: Arrondissement of Nîmes, ADM4: Saint-Marcel-de-Careiret | Score: 35.47, Population: 675 | Fuzzy match: 41.17647058823529
2025-08-18 17:45:43,714 INFO Comparing database entry: st. marcel with Saint-Marcel-dArdèche returned from geonames.
2025-08-18 17:45:43,714 INFO 📄 Index 2 | Name: Saint-Marcel-dArdèche | fcl: P, fcode: PPL | ADM1: Auvergne-Rhône-Alpes, ADM2: Ardèche, ADM3: Arrondissement of Privas, ADM4: Saint-Marcel-d'Ardèche | Score: 33.47, Population: 2393 | Fuzzy match: 38.70967741935484
2025-08-18 17:45:43,715 INFO Comparing database entry: st. marcel with Saint-Marcel-lès-Annonay returned from geonames.
2025-08-18 17:45:43,715 INFO 📄 Index 3 | Name: Saint-Marcel-lès-Annonay | fcl: P, fcode: PPL | ADM1: Auvergne-Rhône-Alpes, ADM2: Ardèche, ADM3: Tournon-sur-Rhône, ADM4: Saint-Marcel-lès-Annonay | Score: 31.40, Population: 1231 | Fuzzy match: 41.17647058823529
2025-08-18 17:45:43,850 INFO Comparing database entry: st. marcel with Saint-Marcel-du-Périgord returned from geonames.
2025-08-18 17:45:43,850 INFO 📄 Index 0 | Name: Saint-Marcel-du-Périgord | fcl: P, fcode: PPL | ADM1: Nouvelle-Aquitaine, ADM2: Dordogne, ADM3: Arrondissement of Bergerac, ADM4: Saint-Marcel-du-Périgord | Score: 40.50, Population: 148 | Fuzzy match: 35.29411764705882
2025-08-18 17:45:43,850 INFO Comparing database entry: st. marcel with Saint-Marcel-de-Careiret returned from geonames.
2025-08-18 17:45:43,850 INFO 📄 Index 1 | Name: Saint-Marcel-de-Careiret | fcl: P, fcode: PPL | ADM1: Occitanie, ADM2: Gard, ADM3: Arrondissement of Nîmes, ADM4: Saint-Marcel-de-Careiret | Score: 35.47, Population: 675 | Fuzzy match: 41.17647058823529
2025-08-18 17:45:43,850 INFO Comparing database entry: st. marcel with Saint-Marcel-dArdèche returned from geonames.
2025-08-18 17:45:43,851 INFO 📄 Index 2 | Name: Saint-Marcel-dArdèche | fcl: P, fcode: PPL | ADM1: Auvergne-Rhône-Alpes, ADM2: Ardèche, ADM3: Arrondissement of Privas, ADM4: Saint-Marcel-d'Ardèche | Score: 33.47, Population: 2393 | Fuzzy match: 38.70967741935484
2025-08-18 17:45:43,851 INFO Comparing database entry: st. marcel with Saint-Marcel-lès-Annonay returned from geonames.
2025-08-18 17:45:43,851 INFO 📄 Index 3 | Name: Saint-Marcel-lès-Annonay | fcl: P, fcode: PPL | ADM1: Auvergne-Rhône-Alpes, ADM2: Ardèche, ADM3: Tournon-sur-Rhône, ADM4: Saint-Marcel-lès-Annonay | Score: 31.40, Population: 1231 | Fuzzy match: 41.17647058823529
2025-08-18 17:45:44,023 INFO Comparing database entry: st. marcel with Saint-Marcel-du-Périgord returned from geonames.
2025-08-18 17:45:44,023 INFO 📄 Index 0 | Name: Saint-Marcel-du-Périgord | fcl: P, fcode: PPL | ADM1: Nouvelle-Aquitaine, ADM2: Dordogne, ADM3: Arrondissement of Bergerac, ADM4: Saint-Marcel-du-Périgord | Score: 40.50, Population: 148 | Fuzzy match: 35.29411764705882
2025-08-18 17:45:44,023 INFO Comparing database entry: st. marcel with Saint-Marcel-de-Careiret returned from geonames.
2025-08-18 17:45:44,024 INFO 📄 Index 1 | Name: Saint-Marcel-de-Careiret | fcl: P, fcode: PPL | ADM1: Occitanie, ADM2: Gard, ADM3: Arrondissement of Nîmes, ADM4: Saint-Marcel-de-Careiret | Score: 35.47, Population: 675 | Fuzzy match: 41.17647058823529
2025-08-18 17:45:44,024 INFO Comparing database entry: st. marcel with Saint-Marcel-dArdèche returned from geonames.
2025-08-18 17:45:44,024 INFO 📄 Index 2 | Name: Saint-Marcel-dArdèche | fcl: P, fcode: PPL | ADM1: Auvergne-Rhône-Alpes, ADM2: Ardèche, ADM3: Arrondissement of Privas, ADM4: Saint-Marcel-d'Ardèche | Score: 33.47, Population: 2393 | Fuzzy match: 38.70967741935484
2025-08-18 17:45:44,024 INFO Comparing database entry: st. marcel with Saint-Marcel-lès-Annonay returned from geonames.
2025-08-18 17:45:44,024 INFO 📄 Index 3 | Name: Saint-Marcel-lès-Annonay | fcl: P, fcode: PPL | ADM1: Auvergne-Rhône-Alpes, ADM2: Ardèche, ADM3: Tournon-sur-Rhône, ADM4: Saint-Marcel-lès-Annonay | Score: 31.40, Population: 1231 | Fuzzy match: 41.17647058823529
2025-08-18 17:45:44,159 INFO Comparing database entry: st. marcel with Saint-Marcel-du-Périgord returned from geonames.
2025-08-18 17:45:44,159 INFO 📄 Index 0 | Name: Saint-Marcel-du-Périgord | fcl: P, fcode: PPL | ADM1: Nouvelle-Aquitaine, ADM2: Dordogne, ADM3: Arrondissement of Bergerac, ADM4: Saint-Marcel-du-Périgord | Score: 40.50, Population: 148 | Fuzzy match: 35.29411764705882
2025-08-18 17:45:44,159 INFO Comparing database entry: st. marcel with Saint-Marcel-de-Careiret returned from geonames.
2025-08-18 17:45:44,159 INFO 📄 Index 1 | Name: Saint-Marcel-de-Careiret | fcl: P, fcode: PPL | ADM1: Occitanie, ADM2: Gard, ADM3: Arrondissement of Nîmes, ADM4: Saint-Marcel-de-Careiret | Score: 35.47, Population: 675 | Fuzzy match: 41.17647058823529
2025-08-18 17:45:44,159 INFO Comparing database entry: st. marcel with Saint-Marcel-dArdèche returned from geonames.
2025-08-18 17:45:44,159 INFO 📄 Index 2 | Name: Saint-Marcel-dArdèche | fcl: P, fcode: PPL | ADM1: Auvergne-Rhône-Alpes, ADM2: Ardèche, ADM3: Arrondissement of Privas, ADM4: Saint-Marcel-d'Ardèche | Score: 33.47, Population: 2393 | Fuzzy match: 38.70967741935484
2025-08-18 17:45:44,159 INFO Comparing database entry: st. marcel with Saint-Marcel-lès-Annonay returned from geonames.
2025-08-18 17:45:44,159 INFO 📄 Index 3 | Name: Saint-Marcel-lès-Annonay | fcl: P, fcode: PPL | ADM1: Auvergne-Rhône-Alpes, ADM2: Ardèche, ADM3: Tournon-sur-Rhône, ADM4: Saint-Marcel-lès-Annonay | Score: 31.40, Population: 1231 | Fuzzy match: 41.17647058823529
2025-08-18 17:45:44,297 INFO Comparing database entry: st. marcel with Saint-Marcel-du-Périgord returned from geonames.
2025-08-18 17:45:44,297 INFO 📄 Index 0 | Name: Saint-Marcel-du-Périgord | fcl: P, fcode: PPL | ADM1: Nouvelle-Aquitaine, ADM2: Dordogne, ADM3: Arrondissement of Bergerac, ADM4: Saint-Marcel-du-Périgord | Score: 40.50, Population: 148 | Fuzzy match: 35.29411764705882
2025-08-18 17:45:44,297 INFO Comparing database entry: st. marcel with Saint-Marcel-de-Careiret returned from geonames.
2025-08-18 17:45:44,297 INFO 📄 Index 1 | Name: Saint-Marcel-de-Careiret | fcl: P, fcode: PPL | ADM1: Occitanie, ADM2: Gard, ADM3: Arrondissement of Nîmes, ADM4: Saint-Marcel-de-Careiret | Score: 35.47, Population: 675 | Fuzzy match: 41.17647058823529
2025-08-18 17:45:44,297 INFO Comparing database entry: st. marcel with Saint-Marcel-dArdèche returned from geonames.
2025-08-18 17:45:44,297 INFO 📄 Index 2 | Name: Saint-Marcel-dArdèche | fcl: P, fcode: PPL | ADM1: Auvergne-Rhône-Alpes, ADM2: Ardèche, ADM3: Arrondissement of Privas, ADM4: Saint-Marcel-d'Ardèche | Score: 33.47, Population: 2393 | Fuzzy match: 38.70967741935484
2025-08-18 17:45:44,298 INFO Comparing database entry: st. marcel with Saint-Marcel-lès-Annonay returned from geonames.
2025-08-18 17:45:44,298 INFO 📄 Index 3 | Name: Saint-Marcel-lès-Annonay | fcl: P, fcode: PPL | ADM1: Auvergne-Rhône-Alpes, ADM2: Ardèche, ADM3: Tournon-sur-Rhône, ADM4: Saint-Marcel-lès-Annonay | Score: 31.40, Population: 1231 | Fuzzy match: 41.17647058823529
2025-08-18 17:45:44,298 WARNING ❌ No match found with fuzzy score > 80 for city: st. marcel
2025-08-18 17:45:44,298 WARNING ❌ Lookup failed for city='st_marcel', iso2='FR'
