2025-08-21 15:50:14,344 INFO 🗺️ Starting GeoNames lookup for city='saint nazaire', country='france'
2025-08-21 15:50:14,345 INFO 📍 Location is present in the following articles: [ObjectId('67fa626238fb90ab92f8c1a8'), ObjectId('67fa62b638fb90ab92f8c2c0')]
2025-08-21 15:50:14,473 INFO Comparing database entry: saint nazaire with Saint-Nazaire returned from geonames.
2025-08-21 15:50:14,473 INFO 📄 Index 0 | Name: Saint-Nazaire | fcl: P, fcode: PPLA3 | ADM1: Pays de la Loire, ADM2: Loire-Atlantique, ADM3: Arrondissement of Saint-Nazaire, ADM4: Saint-Nazaire | Latitude: 47.27506, Longitude: -2.2179 | Score: 63.71, Population: 67054 | Fuzzy match: 53.84615384615385
2025-08-21 15:50:14,474 INFO Comparing database entry: saint nazaire with La Baule-Escoublac returned from geonames.
2025-08-21 15:50:14,474 INFO 📄 Index 1 | Name: La Baule-Escoublac | fcl: P, fcode: PPL | ADM1: Pays de la Loire, ADM2: Loire-Atlantique, ADM3: Arrondissement of Saint-Nazaire, ADM4: La Baule-Escoublac | Latitude: 47.29221, Longitude: -2.36395 | Score: 45.20, Population: 17775 | Fuzzy match: 25.806451612903224
2025-08-21 15:50:14,474 INFO Comparing database entry: saint nazaire with Guérande returned from geonames.
2025-08-21 15:50:14,474 INFO 📄 Index 2 | Name: Guérande | fcl: P, fcode: PPL | ADM1: Pays de la Loire, ADM2: Loire-Atlantique, ADM3: Arrondissement of Saint-Nazaire, ADM4: Guérande | Latitude: 47.32829, Longitude: -2.42934 | Score: 40.84, Population: 16523 | Fuzzy match: 28.57142857142857
2025-08-21 15:50:14,474 INFO Comparing database entry: saint nazaire with Pornic returned from geonames.
2025-08-21 15:50:14,474 INFO 📄 Index 3 | Name: Pornic | fcl: P, fcode: PPL | ADM1: Pays de la Loire, ADM2: Loire-Atlantique, ADM3: Arrondissement of Saint-Nazaire, ADM4: Pornic | Latitude: 47.11581, Longitude: -2.10331 | Score: 40.84, Population: 12897 | Fuzzy match: 21.052631578947366
2025-08-21 15:50:14,601 INFO Comparing database entry: saint nazaire with Saint-Nazaire returned from geonames.
2025-08-21 15:50:14,602 INFO 📄 Index 0 | Name: Saint-Nazaire | fcl: P, fcode: PPLA3 | ADM1: Pays de la Loire, ADM2: Loire-Atlantique, ADM3: Arrondissement of Saint-Nazaire, ADM4: Saint-Nazaire | Latitude: 47.27506, Longitude: -2.2179 | Score: 63.71, Population: 67054 | Fuzzy match: 53.84615384615385
2025-08-21 15:50:14,602 INFO Comparing database entry: saint nazaire with La Baule-Escoublac returned from geonames.
2025-08-21 15:50:14,602 INFO 📄 Index 1 | Name: La Baule-Escoublac | fcl: P, fcode: PPL | ADM1: Pays de la Loire, ADM2: Loire-Atlantique, ADM3: Arrondissement of Saint-Nazaire, ADM4: La Baule-Escoublac | Latitude: 47.29221, Longitude: -2.36395 | Score: 45.20, Population: 17775 | Fuzzy match: 25.806451612903224
2025-08-21 15:50:14,602 INFO Comparing database entry: saint nazaire with Guérande returned from geonames.
2025-08-21 15:50:14,602 INFO 📄 Index 2 | Name: Guérande | fcl: P, fcode: PPL | ADM1: Pays de la Loire, ADM2: Loire-Atlantique, ADM3: Arrondissement of Saint-Nazaire, ADM4: Guérande | Latitude: 47.32829, Longitude: -2.42934 | Score: 40.84, Population: 16523 | Fuzzy match: 28.57142857142857
2025-08-21 15:50:14,602 INFO Comparing database entry: saint nazaire with Pornic returned from geonames.
2025-08-21 15:50:14,602 INFO 📄 Index 3 | Name: Pornic | fcl: P, fcode: PPL | ADM1: Pays de la Loire, ADM2: Loire-Atlantique, ADM3: Arrondissement of Saint-Nazaire, ADM4: Pornic | Latitude: 47.11581, Longitude: -2.10331 | Score: 40.84, Population: 12897 | Fuzzy match: 21.052631578947366
2025-08-21 15:50:14,743 INFO Comparing database entry: saint nazaire with Saint-Nazaire returned from geonames.
2025-08-21 15:50:14,743 INFO 📄 Index 0 | Name: Saint-Nazaire | fcl: P, fcode: PPLA3 | ADM1: Pays de la Loire, ADM2: Loire-Atlantique, ADM3: Arrondissement of Saint-Nazaire, ADM4: Saint-Nazaire | Latitude: 47.27506, Longitude: -2.2179 | Score: 63.71, Population: 67054 | Fuzzy match: 53.84615384615385
2025-08-21 15:50:14,743 INFO Comparing database entry: saint nazaire with La Baule-Escoublac returned from geonames.
2025-08-21 15:50:14,744 INFO 📄 Index 1 | Name: La Baule-Escoublac | fcl: P, fcode: PPL | ADM1: Pays de la Loire, ADM2: Loire-Atlantique, ADM3: Arrondissement of Saint-Nazaire, ADM4: La Baule-Escoublac | Latitude: 47.29221, Longitude: -2.36395 | Score: 45.20, Population: 17775 | Fuzzy match: 25.806451612903224
2025-08-21 15:50:14,744 INFO Comparing database entry: saint nazaire with Guérande returned from geonames.
2025-08-21 15:50:14,744 INFO 📄 Index 2 | Name: Guérande | fcl: P, fcode: PPL | ADM1: Pays de la Loire, ADM2: Loire-Atlantique, ADM3: Arrondissement of Saint-Nazaire, ADM4: Guérande | Latitude: 47.32829, Longitude: -2.42934 | Score: 40.84, Population: 16523 | Fuzzy match: 28.57142857142857
2025-08-21 15:50:14,744 INFO Comparing database entry: saint nazaire with Pornic returned from geonames.
2025-08-21 15:50:14,744 INFO 📄 Index 3 | Name: Pornic | fcl: P, fcode: PPL | ADM1: Pays de la Loire, ADM2: Loire-Atlantique, ADM3: Arrondissement of Saint-Nazaire, ADM4: Pornic | Latitude: 47.11581, Longitude: -2.10331 | Score: 40.84, Population: 12897 | Fuzzy match: 21.052631578947366
2025-08-21 15:50:14,897 INFO Comparing database entry: saint nazaire with Saint-Nazaire returned from geonames.
2025-08-21 15:50:14,898 INFO 📄 Index 0 | Name: Saint-Nazaire | fcl: P, fcode: PPLA3 | ADM1: Pays de la Loire, ADM2: Loire-Atlantique, ADM3: Arrondissement of Saint-Nazaire, ADM4: Saint-Nazaire | Latitude: 47.27506, Longitude: -2.2179 | Score: 63.71, Population: 67054 | Fuzzy match: 53.84615384615385
2025-08-21 15:50:14,898 INFO Comparing database entry: saint nazaire with La Baule-Escoublac returned from geonames.
2025-08-21 15:50:14,898 INFO 📄 Index 1 | Name: La Baule-Escoublac | fcl: P, fcode: PPL | ADM1: Pays de la Loire, ADM2: Loire-Atlantique, ADM3: Arrondissement of Saint-Nazaire, ADM4: La Baule-Escoublac | Latitude: 47.29221, Longitude: -2.36395 | Score: 45.20, Population: 17775 | Fuzzy match: 25.806451612903224
2025-08-21 15:50:14,898 INFO Comparing database entry: saint nazaire with Guérande returned from geonames.
2025-08-21 15:50:14,898 INFO 📄 Index 2 | Name: Guérande | fcl: P, fcode: PPL | ADM1: Pays de la Loire, ADM2: Loire-Atlantique, ADM3: Arrondissement of Saint-Nazaire, ADM4: Guérande | Latitude: 47.32829, Longitude: -2.42934 | Score: 40.84, Population: 16523 | Fuzzy match: 28.57142857142857
2025-08-21 15:50:14,898 INFO Comparing database entry: saint nazaire with Pornic returned from geonames.
2025-08-21 15:50:14,898 INFO 📄 Index 3 | Name: Pornic | fcl: P, fcode: PPL | ADM1: Pays de la Loire, ADM2: Loire-Atlantique, ADM3: Arrondissement of Saint-Nazaire, ADM4: Pornic | Latitude: 47.11581, Longitude: -2.10331 | Score: 40.84, Population: 12897 | Fuzzy match: 21.052631578947366
2025-08-21 15:50:15,033 INFO Comparing database entry: saint nazaire with Saint-Nazaire returned from geonames.
2025-08-21 15:50:15,033 INFO 📄 Index 0 | Name: Saint-Nazaire | fcl: P, fcode: PPLA3 | ADM1: Pays de la Loire, ADM2: Loire-Atlantique, ADM3: Arrondissement of Saint-Nazaire, ADM4: Saint-Nazaire | Latitude: 47.27506, Longitude: -2.2179 | Score: 63.71, Population: 67054 | Fuzzy match: 53.84615384615385
2025-08-21 15:50:15,033 INFO Comparing database entry: saint nazaire with La Baule-Escoublac returned from geonames.
2025-08-21 15:50:15,033 INFO 📄 Index 1 | Name: La Baule-Escoublac | fcl: P, fcode: PPL | ADM1: Pays de la Loire, ADM2: Loire-Atlantique, ADM3: Arrondissement of Saint-Nazaire, ADM4: La Baule-Escoublac | Latitude: 47.29221, Longitude: -2.36395 | Score: 45.20, Population: 17775 | Fuzzy match: 25.806451612903224
2025-08-21 15:50:15,033 INFO Comparing database entry: saint nazaire with Guérande returned from geonames.
2025-08-21 15:50:15,033 INFO 📄 Index 2 | Name: Guérande | fcl: P, fcode: PPL | ADM1: Pays de la Loire, ADM2: Loire-Atlantique, ADM3: Arrondissement of Saint-Nazaire, ADM4: Guérande | Latitude: 47.32829, Longitude: -2.42934 | Score: 40.84, Population: 16523 | Fuzzy match: 28.57142857142857
2025-08-21 15:50:15,033 INFO Comparing database entry: saint nazaire with Pornic returned from geonames.
2025-08-21 15:50:15,033 INFO 📄 Index 3 | Name: Pornic | fcl: P, fcode: PPL | ADM1: Pays de la Loire, ADM2: Loire-Atlantique, ADM3: Arrondissement of Saint-Nazaire, ADM4: Pornic | Latitude: 47.11581, Longitude: -2.10331 | Score: 40.84, Population: 12897 | Fuzzy match: 21.052631578947366
2025-08-21 15:50:15,184 INFO Comparing database entry: saint nazaire with Saint-Nazaire returned from geonames.
2025-08-21 15:50:15,184 INFO 📄 Index 0 | Name: Saint-Nazaire | fcl: P, fcode: PPLA3 | ADM1: Pays de la Loire, ADM2: Loire-Atlantique, ADM3: Arrondissement of Saint-Nazaire, ADM4: Saint-Nazaire | Latitude: 47.27506, Longitude: -2.2179 | Score: 63.71, Population: 67054 | Fuzzy match: 53.84615384615385
2025-08-21 15:50:15,184 INFO Comparing database entry: saint nazaire with La Baule-Escoublac returned from geonames.
2025-08-21 15:50:15,184 INFO 📄 Index 1 | Name: La Baule-Escoublac | fcl: P, fcode: PPL | ADM1: Pays de la Loire, ADM2: Loire-Atlantique, ADM3: Arrondissement of Saint-Nazaire, ADM4: La Baule-Escoublac | Latitude: 47.29221, Longitude: -2.36395 | Score: 45.20, Population: 17775 | Fuzzy match: 25.806451612903224
2025-08-21 15:50:15,184 INFO Comparing database entry: saint nazaire with Guérande returned from geonames.
2025-08-21 15:50:15,184 INFO 📄 Index 2 | Name: Guérande | fcl: P, fcode: PPL | ADM1: Pays de la Loire, ADM2: Loire-Atlantique, ADM3: Arrondissement of Saint-Nazaire, ADM4: Guérande | Latitude: 47.32829, Longitude: -2.42934 | Score: 40.84, Population: 16523 | Fuzzy match: 28.57142857142857
2025-08-21 15:50:15,184 INFO Comparing database entry: saint nazaire with Pornic returned from geonames.
2025-08-21 15:50:15,184 INFO 📄 Index 3 | Name: Pornic | fcl: P, fcode: PPL | ADM1: Pays de la Loire, ADM2: Loire-Atlantique, ADM3: Arrondissement of Saint-Nazaire, ADM4: Pornic | Latitude: 47.11581, Longitude: -2.10331 | Score: 40.84, Population: 12897 | Fuzzy match: 21.052631578947366
2025-08-21 15:50:15,184 WARNING ❌ No match found with fuzzy score > 80 for city: saint nazaire
2025-08-21 15:50:15,184 WARNING ❌ Lookup failed for city='saint_nazaire', iso2='FR'
