2025-08-18 17:45:42,279 INFO 🗺️ Starting GeoNames lookup for city='sant alban', country='france'
2025-08-18 17:45:42,279 INFO 📍 Location is present in the following articles: [ObjectId('67fbf7d294b7f855cfea7238')]
2025-08-18 17:45:42,638 INFO Comparing database entry: sant alban with Saint-Alban returned from geonames.
2025-08-18 17:45:42,638 INFO 📄 Index 0 | Name: Saint-Alban | fcl: P, fcode: PPL | ADM1: Occitanie, ADM2: Upper Garonne, ADM3: Arrondissement of Toulouse, ADM4: Saint-Alban | Score: 38.19, Population: 5379 | Fuzzy match: 47.61904761904761
2025-08-18 17:45:42,639 INFO Comparing database entry: sant alban with Saint-Alban-Auriolles returned from geonames.
2025-08-18 17:45:42,639 INFO 📄 Index 1 | Name: Saint-Alban-Auriolles | fcl: P, fcode: PPL | ADM1: Auvergne-Rhône-Alpes, ADM2: Ardèche, ADM3: Arrondissement of Largentière, ADM4: Saint-Alban-Auriolles | Score: 27.16, Population: 0 | Fuzzy match: 38.70967741935484
2025-08-18 17:45:42,639 INFO Comparing database entry: sant alban with Saint-Alban returned from geonames.
2025-08-18 17:45:42,639 INFO 📄 Index 2 | Name: Saint-Alban | fcl: P, fcode: PPL | ADM1: Brittany, ADM2: Côtes-d'Armor, ADM3: Arrondissement of Saint-Brieuc, ADM4: Saint-Alban | Score: 25.71, Population: 1635 | Fuzzy match: 47.61904761904761
2025-08-18 17:45:42,639 INFO Comparing database entry: sant alban with Saint-Julien-en-Saint-Alban returned from geonames.
2025-08-18 17:45:42,639 INFO 📄 Index 3 | Name: Saint-Julien-en-Saint-Alban | fcl: P, fcode: PPL | ADM1: Auvergne-Rhône-Alpes, ADM2: Ardèche, ADM3: Arrondissement of Privas, ADM4: Saint-Julien-en-Saint-Alban | Score: 22.31, Population: 1078 | Fuzzy match: 37.83783783783784
2025-08-18 17:45:42,779 INFO Comparing database entry: sant alban with Saint-Alban returned from geonames.
2025-08-18 17:45:42,779 INFO 📄 Index 0 | Name: Saint-Alban | fcl: P, fcode: PPL | ADM1: Occitanie, ADM2: Upper Garonne, ADM3: Arrondissement of Toulouse, ADM4: Saint-Alban | Score: 38.19, Population: 5379 | Fuzzy match: 47.61904761904761
2025-08-18 17:45:42,779 INFO Comparing database entry: sant alban with Saint-Alban-Auriolles returned from geonames.
2025-08-18 17:45:42,780 INFO 📄 Index 1 | Name: Saint-Alban-Auriolles | fcl: P, fcode: PPL | ADM1: Auvergne-Rhône-Alpes, ADM2: Ardèche, ADM3: Arrondissement of Largentière, ADM4: Saint-Alban-Auriolles | Score: 27.16, Population: 0 | Fuzzy match: 38.70967741935484
2025-08-18 17:45:42,780 INFO Comparing database entry: sant alban with Saint-Alban returned from geonames.
2025-08-18 17:45:42,780 INFO 📄 Index 2 | Name: Saint-Alban | fcl: P, fcode: PPL | ADM1: Brittany, ADM2: Côtes-d'Armor, ADM3: Arrondissement of Saint-Brieuc, ADM4: Saint-Alban | Score: 25.71, Population: 1635 | Fuzzy match: 47.61904761904761
2025-08-18 17:45:42,780 INFO Comparing database entry: sant alban with Saint-Julien-en-Saint-Alban returned from geonames.
2025-08-18 17:45:42,780 INFO 📄 Index 3 | Name: Saint-Julien-en-Saint-Alban | fcl: P, fcode: PPL | ADM1: Auvergne-Rhône-Alpes, ADM2: Ardèche, ADM3: Arrondissement of Privas, ADM4: Saint-Julien-en-Saint-Alban | Score: 22.31, Population: 1078 | Fuzzy match: 37.83783783783784
2025-08-18 17:45:42,926 INFO Comparing database entry: sant alban with Saint-Alban returned from geonames.
2025-08-18 17:45:42,926 INFO 📄 Index 0 | Name: Saint-Alban | fcl: P, fcode: PPL | ADM1: Occitanie, ADM2: Upper Garonne, ADM3: Arrondissement of Toulouse, ADM4: Saint-Alban | Score: 38.19, Population: 5379 | Fuzzy match: 47.61904761904761
2025-08-18 17:45:42,927 INFO Comparing database entry: sant alban with Saint-Alban-Auriolles returned from geonames.
2025-08-18 17:45:42,927 INFO 📄 Index 1 | Name: Saint-Alban-Auriolles | fcl: P, fcode: PPL | ADM1: Auvergne-Rhône-Alpes, ADM2: Ardèche, ADM3: Arrondissement of Largentière, ADM4: Saint-Alban-Auriolles | Score: 27.16, Population: 0 | Fuzzy match: 38.70967741935484
2025-08-18 17:45:42,927 INFO Comparing database entry: sant alban with Saint-Alban returned from geonames.
2025-08-18 17:45:42,927 INFO 📄 Index 2 | Name: Saint-Alban | fcl: P, fcode: PPL | ADM1: Brittany, ADM2: Côtes-d'Armor, ADM3: Arrondissement of Saint-Brieuc, ADM4: Saint-Alban | Score: 25.71, Population: 1635 | Fuzzy match: 47.61904761904761
2025-08-18 17:45:42,927 INFO Comparing database entry: sant alban with Saint-Julien-en-Saint-Alban returned from geonames.
2025-08-18 17:45:42,927 INFO 📄 Index 3 | Name: Saint-Julien-en-Saint-Alban | fcl: P, fcode: PPL | ADM1: Auvergne-Rhône-Alpes, ADM2: Ardèche, ADM3: Arrondissement of Privas, ADM4: Saint-Julien-en-Saint-Alban | Score: 22.31, Population: 1078 | Fuzzy match: 37.83783783783784
2025-08-18 17:45:43,095 INFO Comparing database entry: sant alban with Saint-Alban returned from geonames.
2025-08-18 17:45:43,096 INFO 📄 Index 0 | Name: Saint-Alban | fcl: P, fcode: PPL | ADM1: Occitanie, ADM2: Upper Garonne, ADM3: Arrondissement of Toulouse, ADM4: Saint-Alban | Score: 38.19, Population: 5379 | Fuzzy match: 47.61904761904761
2025-08-18 17:45:43,096 INFO Comparing database entry: sant alban with Saint-Alban-Auriolles returned from geonames.
2025-08-18 17:45:43,096 INFO 📄 Index 1 | Name: Saint-Alban-Auriolles | fcl: P, fcode: PPL | ADM1: Auvergne-Rhône-Alpes, ADM2: Ardèche, ADM3: Arrondissement of Largentière, ADM4: Saint-Alban-Auriolles | Score: 27.16, Population: 0 | Fuzzy match: 38.70967741935484
2025-08-18 17:45:43,096 INFO Comparing database entry: sant alban with Saint-Alban returned from geonames.
2025-08-18 17:45:43,096 INFO 📄 Index 2 | Name: Saint-Alban | fcl: P, fcode: PPL | ADM1: Brittany, ADM2: Côtes-d'Armor, ADM3: Arrondissement of Saint-Brieuc, ADM4: Saint-Alban | Score: 25.71, Population: 1635 | Fuzzy match: 47.61904761904761
2025-08-18 17:45:43,096 INFO Comparing database entry: sant alban with Saint-Julien-en-Saint-Alban returned from geonames.
2025-08-18 17:45:43,096 INFO 📄 Index 3 | Name: Saint-Julien-en-Saint-Alban | fcl: P, fcode: PPL | ADM1: Auvergne-Rhône-Alpes, ADM2: Ardèche, ADM3: Arrondissement of Privas, ADM4: Saint-Julien-en-Saint-Alban | Score: 22.31, Population: 1078 | Fuzzy match: 37.83783783783784
2025-08-18 17:45:43,255 INFO Comparing database entry: sant alban with Saint-Alban returned from geonames.
2025-08-18 17:45:43,255 INFO 📄 Index 0 | Name: Saint-Alban | fcl: P, fcode: PPL | ADM1: Occitanie, ADM2: Upper Garonne, ADM3: Arrondissement of Toulouse, ADM4: Saint-Alban | Score: 38.19, Population: 5379 | Fuzzy match: 47.61904761904761
2025-08-18 17:45:43,255 INFO Comparing database entry: sant alban with Saint-Alban-Auriolles returned from geonames.
2025-08-18 17:45:43,255 INFO 📄 Index 1 | Name: Saint-Alban-Auriolles | fcl: P, fcode: PPL | ADM1: Auvergne-Rhône-Alpes, ADM2: Ardèche, ADM3: Arrondissement of Largentière, ADM4: Saint-Alban-Auriolles | Score: 27.16, Population: 0 | Fuzzy match: 38.70967741935484
2025-08-18 17:45:43,255 INFO Comparing database entry: sant alban with Saint-Alban returned from geonames.
2025-08-18 17:45:43,255 INFO 📄 Index 2 | Name: Saint-Alban | fcl: P, fcode: PPL | ADM1: Brittany, ADM2: Côtes-d'Armor, ADM3: Arrondissement of Saint-Brieuc, ADM4: Saint-Alban | Score: 25.71, Population: 1635 | Fuzzy match: 47.61904761904761
2025-08-18 17:45:43,255 INFO Comparing database entry: sant alban with Saint-Julien-en-Saint-Alban returned from geonames.
2025-08-18 17:45:43,255 INFO 📄 Index 3 | Name: Saint-Julien-en-Saint-Alban | fcl: P, fcode: PPL | ADM1: Auvergne-Rhône-Alpes, ADM2: Ardèche, ADM3: Arrondissement of Privas, ADM4: Saint-Julien-en-Saint-Alban | Score: 22.31, Population: 1078 | Fuzzy match: 37.83783783783784
2025-08-18 17:45:43,406 INFO Comparing database entry: sant alban with Saint-Alban returned from geonames.
2025-08-18 17:45:43,406 INFO 📄 Index 0 | Name: Saint-Alban | fcl: P, fcode: PPL | ADM1: Occitanie, ADM2: Upper Garonne, ADM3: Arrondissement of Toulouse, ADM4: Saint-Alban | Score: 38.19, Population: 5379 | Fuzzy match: 47.61904761904761
2025-08-18 17:45:43,406 INFO Comparing database entry: sant alban with Saint-Alban-Auriolles returned from geonames.
2025-08-18 17:45:43,406 INFO 📄 Index 1 | Name: Saint-Alban-Auriolles | fcl: P, fcode: PPL | ADM1: Auvergne-Rhône-Alpes, ADM2: Ardèche, ADM3: Arrondissement of Largentière, ADM4: Saint-Alban-Auriolles | Score: 27.16, Population: 0 | Fuzzy match: 38.70967741935484
2025-08-18 17:45:43,406 INFO Comparing database entry: sant alban with Saint-Alban returned from geonames.
2025-08-18 17:45:43,406 INFO 📄 Index 2 | Name: Saint-Alban | fcl: P, fcode: PPL | ADM1: Brittany, ADM2: Côtes-d'Armor, ADM3: Arrondissement of Saint-Brieuc, ADM4: Saint-Alban | Score: 25.71, Population: 1635 | Fuzzy match: 47.61904761904761
2025-08-18 17:45:43,406 INFO Comparing database entry: sant alban with Saint-Julien-en-Saint-Alban returned from geonames.
2025-08-18 17:45:43,406 INFO 📄 Index 3 | Name: Saint-Julien-en-Saint-Alban | fcl: P, fcode: PPL | ADM1: Auvergne-Rhône-Alpes, ADM2: Ardèche, ADM3: Arrondissement of Privas, ADM4: Saint-Julien-en-Saint-Alban | Score: 22.31, Population: 1078 | Fuzzy match: 37.83783783783784
2025-08-18 17:45:43,406 WARNING ❌ No match found with fuzzy score > 80 for city: sant alban
2025-08-18 17:45:43,407 WARNING ❌ Lookup failed for city='sant_alban', iso2='FR'
