2025-08-24 16:17:34,467 INFO 🗺️ Starting GeoNames lookup for city='sarlat', country='france'
2025-08-24 16:17:34,467 INFO 📍 Location is present in the following articles: [ObjectId('67fa61f638fb90ab92f8c03f'), ObjectId('67fa7d6deaa4fb525afebba5')]
2025-08-24 16:17:34,654 INFO Comparing database entry: sarlat with Sarlat-la-Canéda returned from geonames.
2025-08-24 16:17:34,654 INFO 📄 Index 0 | Name: Sarlat-la-Canéda | fcl: P, fcode: PPLA3 | ADM1: Nouvelle-Aquitaine, ADM2: Dordogne, ADM3: Arrondissement of Sarlat-la-Canéda, ADM4: Sarlat-la-Canéda | Latitude: 44.88902, Longitude: 1.21656 | Score: 85.02, Population: 11126 | Fuzzy match: 54.54545454545454
2025-08-24 16:17:34,654 INFO Comparing database entry: sarlat with Terrasson-Lavilledieu returned from geonames.
2025-08-24 16:17:34,655 INFO 📄 Index 1 | Name: Terrasson-Lavilledieu | fcl: P, fcode: PPL | ADM1: Nouvelle-Aquitaine, ADM2: Dordogne, ADM3: Arrondissement of Sarlat-la-Canéda, ADM4: Terrasson-Lavilledieu | Latitude: 45.13011, Longitude: 1.30136 | Score: 45.72, Population: 6371 | Fuzzy match: 22.22222222222222
2025-08-24 16:17:34,655 INFO Comparing database entry: sarlat with Hautefort returned from geonames.
2025-08-24 16:17:34,655 INFO 📄 Index 2 | Name: Hautefort | fcl: P, fcode: PPL | ADM1: Nouvelle-Aquitaine, ADM2: Dordogne, ADM3: Arrondissement of Sarlat-la-Canéda, ADM4: Hautefort | Latitude: 45.25915, Longitude: 1.14839 | Score: 45.72, Population: 1244 | Fuzzy match: 40.0
2025-08-24 16:17:34,655 INFO Comparing database entry: sarlat with Belvès returned from geonames.
2025-08-24 16:17:34,655 INFO 📄 Index 3 | Name: Belvès | fcl: P, fcode: PPL | ADM1: Nouvelle-Aquitaine, ADM2: Dordogne, ADM3: Arrondissement of Sarlat-la-Canéda, ADM4: Pays de Belvès | Latitude: 44.77635, Longitude: 1.00721 | Score: 45.72, Population: 1494 | Fuzzy match: 16.666666666666664
2025-08-24 16:17:34,792 INFO Comparing database entry: sarlat with Sarlat-la-Canéda returned from geonames.
2025-08-24 16:17:34,793 INFO 📄 Index 0 | Name: Sarlat-la-Canéda | fcl: P, fcode: PPLA3 | ADM1: Nouvelle-Aquitaine, ADM2: Dordogne, ADM3: Arrondissement of Sarlat-la-Canéda, ADM4: Sarlat-la-Canéda | Latitude: 44.88902, Longitude: 1.21656 | Score: 85.02, Population: 11126 | Fuzzy match: 54.54545454545454
2025-08-24 16:17:34,793 INFO Comparing database entry: sarlat with Terrasson-Lavilledieu returned from geonames.
2025-08-24 16:17:34,793 INFO 📄 Index 1 | Name: Terrasson-Lavilledieu | fcl: P, fcode: PPL | ADM1: Nouvelle-Aquitaine, ADM2: Dordogne, ADM3: Arrondissement of Sarlat-la-Canéda, ADM4: Terrasson-Lavilledieu | Latitude: 45.13011, Longitude: 1.30136 | Score: 45.72, Population: 6371 | Fuzzy match: 22.22222222222222
2025-08-24 16:17:34,793 INFO Comparing database entry: sarlat with Hautefort returned from geonames.
2025-08-24 16:17:34,793 INFO 📄 Index 2 | Name: Hautefort | fcl: P, fcode: PPL | ADM1: Nouvelle-Aquitaine, ADM2: Dordogne, ADM3: Arrondissement of Sarlat-la-Canéda, ADM4: Hautefort | Latitude: 45.25915, Longitude: 1.14839 | Score: 45.72, Population: 1244 | Fuzzy match: 40.0
2025-08-24 16:17:34,793 INFO Comparing database entry: sarlat with Belvès returned from geonames.
2025-08-24 16:17:34,793 INFO 📄 Index 3 | Name: Belvès | fcl: P, fcode: PPL | ADM1: Nouvelle-Aquitaine, ADM2: Dordogne, ADM3: Arrondissement of Sarlat-la-Canéda, ADM4: Pays de Belvès | Latitude: 44.77635, Longitude: 1.00721 | Score: 45.72, Population: 1494 | Fuzzy match: 16.666666666666664
2025-08-24 16:17:34,931 INFO Comparing database entry: sarlat with Sarlat-la-Canéda returned from geonames.
2025-08-24 16:17:34,931 INFO 📄 Index 0 | Name: Sarlat-la-Canéda | fcl: P, fcode: PPLA3 | ADM1: Nouvelle-Aquitaine, ADM2: Dordogne, ADM3: Arrondissement of Sarlat-la-Canéda, ADM4: Sarlat-la-Canéda | Latitude: 44.88902, Longitude: 1.21656 | Score: 85.02, Population: 11126 | Fuzzy match: 54.54545454545454
2025-08-24 16:17:34,931 INFO Comparing database entry: sarlat with Terrasson-Lavilledieu returned from geonames.
2025-08-24 16:17:34,931 INFO 📄 Index 1 | Name: Terrasson-Lavilledieu | fcl: P, fcode: PPL | ADM1: Nouvelle-Aquitaine, ADM2: Dordogne, ADM3: Arrondissement of Sarlat-la-Canéda, ADM4: Terrasson-Lavilledieu | Latitude: 45.13011, Longitude: 1.30136 | Score: 45.72, Population: 6371 | Fuzzy match: 22.22222222222222
2025-08-24 16:17:34,932 INFO Comparing database entry: sarlat with Hautefort returned from geonames.
2025-08-24 16:17:34,932 INFO 📄 Index 2 | Name: Hautefort | fcl: P, fcode: PPL | ADM1: Nouvelle-Aquitaine, ADM2: Dordogne, ADM3: Arrondissement of Sarlat-la-Canéda, ADM4: Hautefort | Latitude: 45.25915, Longitude: 1.14839 | Score: 45.72, Population: 1244 | Fuzzy match: 40.0
2025-08-24 16:17:34,932 INFO Comparing database entry: sarlat with Belvès returned from geonames.
2025-08-24 16:17:34,932 INFO 📄 Index 3 | Name: Belvès | fcl: P, fcode: PPL | ADM1: Nouvelle-Aquitaine, ADM2: Dordogne, ADM3: Arrondissement of Sarlat-la-Canéda, ADM4: Pays de Belvès | Latitude: 44.77635, Longitude: 1.00721 | Score: 45.72, Population: 1494 | Fuzzy match: 16.666666666666664
2025-08-24 16:17:35,094 INFO Comparing database entry: sarlat with Sarlat-la-Canéda returned from geonames.
2025-08-24 16:17:35,095 INFO 📄 Index 0 | Name: Sarlat-la-Canéda | fcl: P, fcode: PPLA3 | ADM1: Nouvelle-Aquitaine, ADM2: Dordogne, ADM3: Arrondissement of Sarlat-la-Canéda, ADM4: Sarlat-la-Canéda | Latitude: 44.88902, Longitude: 1.21656 | Score: 85.02, Population: 11126 | Fuzzy match: 54.54545454545454
2025-08-24 16:17:35,095 INFO Comparing database entry: sarlat with Terrasson-Lavilledieu returned from geonames.
2025-08-24 16:17:35,095 INFO 📄 Index 1 | Name: Terrasson-Lavilledieu | fcl: P, fcode: PPL | ADM1: Nouvelle-Aquitaine, ADM2: Dordogne, ADM3: Arrondissement of Sarlat-la-Canéda, ADM4: Terrasson-Lavilledieu | Latitude: 45.13011, Longitude: 1.30136 | Score: 45.72, Population: 6371 | Fuzzy match: 22.22222222222222
2025-08-24 16:17:35,095 INFO Comparing database entry: sarlat with Hautefort returned from geonames.
2025-08-24 16:17:35,095 INFO 📄 Index 2 | Name: Hautefort | fcl: P, fcode: PPL | ADM1: Nouvelle-Aquitaine, ADM2: Dordogne, ADM3: Arrondissement of Sarlat-la-Canéda, ADM4: Hautefort | Latitude: 45.25915, Longitude: 1.14839 | Score: 45.72, Population: 1244 | Fuzzy match: 40.0
2025-08-24 16:17:35,095 INFO Comparing database entry: sarlat with Belvès returned from geonames.
2025-08-24 16:17:35,095 INFO 📄 Index 3 | Name: Belvès | fcl: P, fcode: PPL | ADM1: Nouvelle-Aquitaine, ADM2: Dordogne, ADM3: Arrondissement of Sarlat-la-Canéda, ADM4: Pays de Belvès | Latitude: 44.77635, Longitude: 1.00721 | Score: 45.72, Population: 1494 | Fuzzy match: 16.666666666666664
2025-08-24 16:17:35,265 INFO Comparing database entry: sarlat with Sarlat-la-Canéda returned from geonames.
2025-08-24 16:17:35,265 INFO 📄 Index 0 | Name: Sarlat-la-Canéda | fcl: P, fcode: PPLA3 | ADM1: Nouvelle-Aquitaine, ADM2: Dordogne, ADM3: Arrondissement of Sarlat-la-Canéda, ADM4: Sarlat-la-Canéda | Latitude: 44.88902, Longitude: 1.21656 | Score: 85.02, Population: 11126 | Fuzzy match: 54.54545454545454
2025-08-24 16:17:35,265 INFO Comparing database entry: sarlat with Terrasson-Lavilledieu returned from geonames.
2025-08-24 16:17:35,265 INFO 📄 Index 1 | Name: Terrasson-Lavilledieu | fcl: P, fcode: PPL | ADM1: Nouvelle-Aquitaine, ADM2: Dordogne, ADM3: Arrondissement of Sarlat-la-Canéda, ADM4: Terrasson-Lavilledieu | Latitude: 45.13011, Longitude: 1.30136 | Score: 45.72, Population: 6371 | Fuzzy match: 22.22222222222222
2025-08-24 16:17:35,265 INFO Comparing database entry: sarlat with Hautefort returned from geonames.
2025-08-24 16:17:35,266 INFO 📄 Index 2 | Name: Hautefort | fcl: P, fcode: PPL | ADM1: Nouvelle-Aquitaine, ADM2: Dordogne, ADM3: Arrondissement of Sarlat-la-Canéda, ADM4: Hautefort | Latitude: 45.25915, Longitude: 1.14839 | Score: 45.72, Population: 1244 | Fuzzy match: 40.0
2025-08-24 16:17:35,266 INFO Comparing database entry: sarlat with Belvès returned from geonames.
2025-08-24 16:17:35,266 INFO 📄 Index 3 | Name: Belvès | fcl: P, fcode: PPL | ADM1: Nouvelle-Aquitaine, ADM2: Dordogne, ADM3: Arrondissement of Sarlat-la-Canéda, ADM4: Pays de Belvès | Latitude: 44.77635, Longitude: 1.00721 | Score: 45.72, Population: 1494 | Fuzzy match: 16.666666666666664
2025-08-24 16:17:35,445 INFO Comparing database entry: sarlat with Sarlat-la-Canéda returned from geonames.
2025-08-24 16:17:35,445 INFO 📄 Index 0 | Name: Sarlat-la-Canéda | fcl: P, fcode: PPLA3 | ADM1: Nouvelle-Aquitaine, ADM2: Dordogne, ADM3: Arrondissement of Sarlat-la-Canéda, ADM4: Sarlat-la-Canéda | Latitude: 44.88902, Longitude: 1.21656 | Score: 85.02, Population: 11126 | Fuzzy match: 54.54545454545454
2025-08-24 16:17:35,445 INFO Comparing database entry: sarlat with Terrasson-Lavilledieu returned from geonames.
2025-08-24 16:17:35,445 INFO 📄 Index 1 | Name: Terrasson-Lavilledieu | fcl: P, fcode: PPL | ADM1: Nouvelle-Aquitaine, ADM2: Dordogne, ADM3: Arrondissement of Sarlat-la-Canéda, ADM4: Terrasson-Lavilledieu | Latitude: 45.13011, Longitude: 1.30136 | Score: 45.72, Population: 6371 | Fuzzy match: 22.22222222222222
2025-08-24 16:17:35,445 INFO Comparing database entry: sarlat with Hautefort returned from geonames.
2025-08-24 16:17:35,445 INFO 📄 Index 2 | Name: Hautefort | fcl: P, fcode: PPL | ADM1: Nouvelle-Aquitaine, ADM2: Dordogne, ADM3: Arrondissement of Sarlat-la-Canéda, ADM4: Hautefort | Latitude: 45.25915, Longitude: 1.14839 | Score: 45.72, Population: 1244 | Fuzzy match: 40.0
2025-08-24 16:17:35,445 INFO Comparing database entry: sarlat with Belvès returned from geonames.
2025-08-24 16:17:35,446 INFO 📄 Index 3 | Name: Belvès | fcl: P, fcode: PPL | ADM1: Nouvelle-Aquitaine, ADM2: Dordogne, ADM3: Arrondissement of Sarlat-la-Canéda, ADM4: Pays de Belvès | Latitude: 44.77635, Longitude: 1.00721 | Score: 45.72, Population: 1494 | Fuzzy match: 16.666666666666664
2025-08-24 16:17:35,446 WARNING ❌ No match found with fuzzy score > 80 for city: sarlat
2025-08-24 16:17:35,446 WARNING ❌ Lookup failed for city='sarlat', iso2='FR'
