2025-09-26 20:53:08,703 INFO 🗺️ Starting GeoNames lookup for city='south france', country='france'
2025-09-26 20:53:08,703 INFO 📍 Location is present in the following articles: [ObjectId('67fa7f70eaa4fb525afec3f8'), ObjectId('67fa8b17eaa4fb525afee44b')]
2025-09-26 20:53:08,908 INFO Comparing database entry: south france with Ajaccio returned from geonames.
2025-09-26 20:53:08,908 INFO 📄 Index 0 | Name: Ajaccio | fcl: P, fcode: PPLA | ADM1: Corsica, ADM2: South Corsica, ADM3: Arrondissement of Ajaccio, ADM4: Ajaccio | Latitude: 41.91886, Longitude: 8.73812 | Score: 70.55, Population: 54364 | Fuzzy match: 31.57894736842105
2025-09-26 20:53:08,909 INFO Comparing database entry: south france with French Guiana returned from geonames.
2025-09-26 20:53:08,909 INFO 📄 Index 1 | Name: French Guiana | fcl: A, fcode: PCLD | ADM1: , ADM2: , ADM3: , ADM4:  | Latitude: 4, Longitude: -53 | Score: 64.39, Population: 195506 | Fuzzy match: 48.0
2025-09-26 20:53:08,909 INFO Comparing database entry: south france with Porto-Vecchio returned from geonames.
2025-09-26 20:53:08,909 INFO 📄 Index 2 | Name: Porto-Vecchio | fcl: P, fcode: PPL | ADM1: Corsica, ADM2: South Corsica, ADM3: Arrondissement of Sartène, ADM4: Porto-Vecchio | Latitude: 41.59101, Longitude: 9.27947 | Score: 49.43, Population: 11820 | Fuzzy match: 24.0
2025-09-26 20:53:08,909 INFO Comparing database entry: south france with Guyane returned from geonames.
2025-09-26 20:53:08,909 INFO 📄 Index 3 | Name: Guyane | fcl: A, fcode: ADM1 | ADM1: Guyane, ADM2: , ADM3: , ADM4:  | Latitude: 3.99929, Longitude: -52.99856 | Score: 35.64, Population: 301099 | Fuzzy match: 33.333333333333336
2025-09-26 20:53:09,120 INFO Comparing database entry: south france with Ajaccio returned from geonames.
2025-09-26 20:53:09,120 INFO 📄 Index 0 | Name: Ajaccio | fcl: P, fcode: PPLA | ADM1: Corsica, ADM2: South Corsica, ADM3: Arrondissement of Ajaccio, ADM4: Ajaccio | Latitude: 41.91886, Longitude: 8.73812 | Score: 70.55, Population: 54364 | Fuzzy match: 31.57894736842105
2025-09-26 20:53:09,120 INFO Comparing database entry: south france with French Guiana returned from geonames.
2025-09-26 20:53:09,120 INFO 📄 Index 1 | Name: French Guiana | fcl: A, fcode: PCLD | ADM1: , ADM2: , ADM3: , ADM4:  | Latitude: 4, Longitude: -53 | Score: 64.39, Population: 195506 | Fuzzy match: 48.0
2025-09-26 20:53:09,120 INFO Comparing database entry: south france with Porto-Vecchio returned from geonames.
2025-09-26 20:53:09,120 INFO 📄 Index 2 | Name: Porto-Vecchio | fcl: P, fcode: PPL | ADM1: Corsica, ADM2: South Corsica, ADM3: Arrondissement of Sartène, ADM4: Porto-Vecchio | Latitude: 41.59101, Longitude: 9.27947 | Score: 49.43, Population: 11820 | Fuzzy match: 24.0
2025-09-26 20:53:09,120 INFO Comparing database entry: south france with Guyane returned from geonames.
2025-09-26 20:53:09,120 INFO 📄 Index 3 | Name: Guyane | fcl: A, fcode: ADM1 | ADM1: Guyane, ADM2: , ADM3: , ADM4:  | Latitude: 3.99929, Longitude: -52.99856 | Score: 35.64, Population: 301099 | Fuzzy match: 33.333333333333336
2025-09-26 20:53:09,330 INFO Comparing database entry: south france with Ajaccio returned from geonames.
2025-09-26 20:53:09,330 INFO 📄 Index 0 | Name: Ajaccio | fcl: P, fcode: PPLA | ADM1: Corsica, ADM2: South Corsica, ADM3: Arrondissement of Ajaccio, ADM4: Ajaccio | Latitude: 41.91886, Longitude: 8.73812 | Score: 70.55, Population: 54364 | Fuzzy match: 31.57894736842105
2025-09-26 20:53:09,331 INFO Comparing database entry: south france with French Guiana returned from geonames.
2025-09-26 20:53:09,331 INFO 📄 Index 1 | Name: French Guiana | fcl: A, fcode: PCLD | ADM1: , ADM2: , ADM3: , ADM4:  | Latitude: 4, Longitude: -53 | Score: 64.39, Population: 195506 | Fuzzy match: 48.0
2025-09-26 20:53:09,331 INFO Comparing database entry: south france with Porto-Vecchio returned from geonames.
2025-09-26 20:53:09,331 INFO 📄 Index 2 | Name: Porto-Vecchio | fcl: P, fcode: PPL | ADM1: Corsica, ADM2: South Corsica, ADM3: Arrondissement of Sartène, ADM4: Porto-Vecchio | Latitude: 41.59101, Longitude: 9.27947 | Score: 49.43, Population: 11820 | Fuzzy match: 24.0
2025-09-26 20:53:09,331 INFO Comparing database entry: south france with Guyane returned from geonames.
2025-09-26 20:53:09,331 INFO 📄 Index 3 | Name: Guyane | fcl: A, fcode: ADM1 | ADM1: Guyane, ADM2: , ADM3: , ADM4:  | Latitude: 3.99929, Longitude: -52.99856 | Score: 35.64, Population: 301099 | Fuzzy match: 33.333333333333336
2025-09-26 20:53:09,556 INFO Comparing database entry: south france with Ajaccio returned from geonames.
2025-09-26 20:53:09,556 INFO 📄 Index 0 | Name: Ajaccio | fcl: P, fcode: PPLA | ADM1: Corsica, ADM2: South Corsica, ADM3: Arrondissement of Ajaccio, ADM4: Ajaccio | Latitude: 41.91886, Longitude: 8.73812 | Score: 70.55, Population: 54364 | Fuzzy match: 31.57894736842105
2025-09-26 20:53:09,556 INFO Comparing database entry: south france with French Guiana returned from geonames.
2025-09-26 20:53:09,556 INFO 📄 Index 1 | Name: French Guiana | fcl: A, fcode: PCLD | ADM1: , ADM2: , ADM3: , ADM4:  | Latitude: 4, Longitude: -53 | Score: 64.39, Population: 195506 | Fuzzy match: 48.0
2025-09-26 20:53:09,556 INFO Comparing database entry: south france with Porto-Vecchio returned from geonames.
2025-09-26 20:53:09,556 INFO 📄 Index 2 | Name: Porto-Vecchio | fcl: P, fcode: PPL | ADM1: Corsica, ADM2: South Corsica, ADM3: Arrondissement of Sartène, ADM4: Porto-Vecchio | Latitude: 41.59101, Longitude: 9.27947 | Score: 49.43, Population: 11820 | Fuzzy match: 24.0
2025-09-26 20:53:09,556 INFO Comparing database entry: south france with Guyane returned from geonames.
2025-09-26 20:53:09,557 INFO 📄 Index 3 | Name: Guyane | fcl: A, fcode: ADM1 | ADM1: Guyane, ADM2: , ADM3: , ADM4:  | Latitude: 3.99929, Longitude: -52.99856 | Score: 35.64, Population: 301099 | Fuzzy match: 33.333333333333336
2025-09-26 20:53:09,778 INFO Comparing database entry: south france with Ajaccio returned from geonames.
2025-09-26 20:53:09,778 INFO 📄 Index 0 | Name: Ajaccio | fcl: P, fcode: PPLA | ADM1: Corsica, ADM2: South Corsica, ADM3: Arrondissement of Ajaccio, ADM4: Ajaccio | Latitude: 41.91886, Longitude: 8.73812 | Score: 70.55, Population: 54364 | Fuzzy match: 31.57894736842105
2025-09-26 20:53:09,778 INFO Comparing database entry: south france with French Guiana returned from geonames.
2025-09-26 20:53:09,778 INFO 📄 Index 1 | Name: French Guiana | fcl: A, fcode: PCLD | ADM1: , ADM2: , ADM3: , ADM4:  | Latitude: 4, Longitude: -53 | Score: 64.39, Population: 195506 | Fuzzy match: 48.0
2025-09-26 20:53:09,778 INFO Comparing database entry: south france with Porto-Vecchio returned from geonames.
2025-09-26 20:53:09,778 INFO 📄 Index 2 | Name: Porto-Vecchio | fcl: P, fcode: PPL | ADM1: Corsica, ADM2: South Corsica, ADM3: Arrondissement of Sartène, ADM4: Porto-Vecchio | Latitude: 41.59101, Longitude: 9.27947 | Score: 49.43, Population: 11820 | Fuzzy match: 24.0
2025-09-26 20:53:09,778 INFO Comparing database entry: south france with Guyane returned from geonames.
2025-09-26 20:53:09,778 INFO 📄 Index 3 | Name: Guyane | fcl: A, fcode: ADM1 | ADM1: Guyane, ADM2: , ADM3: , ADM4:  | Latitude: 3.99929, Longitude: -52.99856 | Score: 35.64, Population: 301099 | Fuzzy match: 33.333333333333336
2025-09-26 20:53:09,978 INFO Comparing database entry: south france with Ajaccio returned from geonames.
2025-09-26 20:53:09,978 INFO 📄 Index 0 | Name: Ajaccio | fcl: P, fcode: PPLA | ADM1: Corsica, ADM2: South Corsica, ADM3: Arrondissement of Ajaccio, ADM4: Ajaccio | Latitude: 41.91886, Longitude: 8.73812 | Score: 70.55, Population: 54364 | Fuzzy match: 31.57894736842105
2025-09-26 20:53:09,978 INFO Comparing database entry: south france with French Guiana returned from geonames.
2025-09-26 20:53:09,978 INFO 📄 Index 1 | Name: French Guiana | fcl: A, fcode: PCLD | ADM1: , ADM2: , ADM3: , ADM4:  | Latitude: 4, Longitude: -53 | Score: 64.39, Population: 195506 | Fuzzy match: 48.0
2025-09-26 20:53:09,978 INFO Comparing database entry: south france with Porto-Vecchio returned from geonames.
2025-09-26 20:53:09,978 INFO 📄 Index 2 | Name: Porto-Vecchio | fcl: P, fcode: PPL | ADM1: Corsica, ADM2: South Corsica, ADM3: Arrondissement of Sartène, ADM4: Porto-Vecchio | Latitude: 41.59101, Longitude: 9.27947 | Score: 49.43, Population: 11820 | Fuzzy match: 24.0
2025-09-26 20:53:09,979 INFO Comparing database entry: south france with Guyane returned from geonames.
2025-09-26 20:53:09,979 INFO 📄 Index 3 | Name: Guyane | fcl: A, fcode: ADM1 | ADM1: Guyane, ADM2: , ADM3: , ADM4:  | Latitude: 3.99929, Longitude: -52.99856 | Score: 35.64, Population: 301099 | Fuzzy match: 33.333333333333336
2025-09-26 20:53:09,979 WARNING ❌ No match found with fuzzy score > 80 for city: south france
2025-09-26 20:53:09,979 WARNING ❌ Lookup failed for city='south_france', iso2='FR'
