2025-08-19 17:10:35,781 INFO 🗺️ Starting GeoNames lookup for city='saône-et-loire', country='france'
2025-08-19 17:10:35,781 INFO 📍 Location is present in the following articles: [ObjectId('67fa75a3eaa4fb525afeb002'), ObjectId('67fa7d7aeaa4fb525afebbda')]
2025-08-19 17:10:35,933 INFO Comparing database entry: saône-et-loire with Chalon-sur-Saône returned from geonames.
2025-08-19 17:10:35,933 INFO 📄 Index 0 | Name: Chalon-sur-Saône | fcl: P, fcode: PPLA3 | ADM1: Bourgogne-Franche-Comté, ADM2: Saône-et-Loire, ADM3: Arrondissement of Chalon-sur-Saône, ADM4: Chalon-sur-Saône | Latitude: 46.78112, Longitude: 4.85372 | Score: 63.15, Population: 47251 | Fuzzy match: 33.333333333333336
2025-08-19 17:10:35,933 INFO Comparing database entry: saône-et-loire with Le Creusot returned from geonames.
2025-08-19 17:10:35,934 INFO 📄 Index 1 | Name: Le Creusot | fcl: P, fcode: PPL | ADM1: Bourgogne-Franche-Comté, ADM2: Saône-et-Loire, ADM3: Arrondissement of Autun, ADM4: Le Creusot | Latitude: 46.80714, Longitude: 4.41632 | Score: 61.26, Population: 25590 | Fuzzy match: 33.333333333333336
2025-08-19 17:10:35,934 INFO Comparing database entry: saône-et-loire with Mâcon returned from geonames.
2025-08-19 17:10:35,934 INFO 📄 Index 2 | Name: Mâcon | fcl: P, fcode: PPLA2 | ADM1: Bourgogne-Franche-Comté, ADM2: Saône-et-Loire, ADM3: Arrondissement of Mâcon, ADM4: Mâcon | Latitude: 46.31407, Longitude: 4.82823 | Score: 61.26, Population: 35484 | Fuzzy match: 10.526315789473683
2025-08-19 17:10:35,934 INFO Comparing database entry: saône-et-loire with Montceau-les-Mines returned from geonames.
2025-08-19 17:10:35,934 INFO 📄 Index 3 | Name: Montceau-les-Mines | fcl: P, fcode: PPL | ADM1: Bourgogne-Franche-Comté, ADM2: Saône-et-Loire, ADM3: Arrondissement of Autun, ADM4: Montceau-les-Mines | Latitude: 46.66667, Longitude: 4.36667 | Score: 55.73, Population: 20221 | Fuzzy match: 43.75
2025-08-19 17:10:36,113 INFO Comparing database entry: saône-et-loire with Chalon-sur-Saône returned from geonames.
2025-08-19 17:10:36,113 INFO 📄 Index 0 | Name: Chalon-sur-Saône | fcl: P, fcode: PPLA3 | ADM1: Bourgogne-Franche-Comté, ADM2: Saône-et-Loire, ADM3: Arrondissement of Chalon-sur-Saône, ADM4: Chalon-sur-Saône | Latitude: 46.78112, Longitude: 4.85372 | Score: 63.15, Population: 47251 | Fuzzy match: 33.333333333333336
2025-08-19 17:10:36,113 INFO Comparing database entry: saône-et-loire with Le Creusot returned from geonames.
2025-08-19 17:10:36,113 INFO 📄 Index 1 | Name: Le Creusot | fcl: P, fcode: PPL | ADM1: Bourgogne-Franche-Comté, ADM2: Saône-et-Loire, ADM3: Arrondissement of Autun, ADM4: Le Creusot | Latitude: 46.80714, Longitude: 4.41632 | Score: 61.26, Population: 25590 | Fuzzy match: 33.333333333333336
2025-08-19 17:10:36,113 INFO Comparing database entry: saône-et-loire with Mâcon returned from geonames.
2025-08-19 17:10:36,113 INFO 📄 Index 2 | Name: Mâcon | fcl: P, fcode: PPLA2 | ADM1: Bourgogne-Franche-Comté, ADM2: Saône-et-Loire, ADM3: Arrondissement of Mâcon, ADM4: Mâcon | Latitude: 46.31407, Longitude: 4.82823 | Score: 61.26, Population: 35484 | Fuzzy match: 10.526315789473683
2025-08-19 17:10:36,113 INFO Comparing database entry: saône-et-loire with Montceau-les-Mines returned from geonames.
2025-08-19 17:10:36,113 INFO 📄 Index 3 | Name: Montceau-les-Mines | fcl: P, fcode: PPL | ADM1: Bourgogne-Franche-Comté, ADM2: Saône-et-Loire, ADM3: Arrondissement of Autun, ADM4: Montceau-les-Mines | Latitude: 46.66667, Longitude: 4.36667 | Score: 55.73, Population: 20221 | Fuzzy match: 43.75
2025-08-19 17:10:36,281 INFO Comparing database entry: saône-et-loire with Chalon-sur-Saône returned from geonames.
2025-08-19 17:10:36,281 INFO 📄 Index 0 | Name: Chalon-sur-Saône | fcl: P, fcode: PPLA3 | ADM1: Bourgogne-Franche-Comté, ADM2: Saône-et-Loire, ADM3: Arrondissement of Chalon-sur-Saône, ADM4: Chalon-sur-Saône | Latitude: 46.78112, Longitude: 4.85372 | Score: 63.15, Population: 47251 | Fuzzy match: 33.333333333333336
2025-08-19 17:10:36,281 INFO Comparing database entry: saône-et-loire with Le Creusot returned from geonames.
2025-08-19 17:10:36,281 INFO 📄 Index 1 | Name: Le Creusot | fcl: P, fcode: PPL | ADM1: Bourgogne-Franche-Comté, ADM2: Saône-et-Loire, ADM3: Arrondissement of Autun, ADM4: Le Creusot | Latitude: 46.80714, Longitude: 4.41632 | Score: 61.26, Population: 25590 | Fuzzy match: 33.333333333333336
2025-08-19 17:10:36,281 INFO Comparing database entry: saône-et-loire with Mâcon returned from geonames.
2025-08-19 17:10:36,281 INFO 📄 Index 2 | Name: Mâcon | fcl: P, fcode: PPLA2 | ADM1: Bourgogne-Franche-Comté, ADM2: Saône-et-Loire, ADM3: Arrondissement of Mâcon, ADM4: Mâcon | Latitude: 46.31407, Longitude: 4.82823 | Score: 61.26, Population: 35484 | Fuzzy match: 10.526315789473683
2025-08-19 17:10:36,282 INFO Comparing database entry: saône-et-loire with Montceau-les-Mines returned from geonames.
2025-08-19 17:10:36,282 INFO 📄 Index 3 | Name: Montceau-les-Mines | fcl: P, fcode: PPL | ADM1: Bourgogne-Franche-Comté, ADM2: Saône-et-Loire, ADM3: Arrondissement of Autun, ADM4: Montceau-les-Mines | Latitude: 46.66667, Longitude: 4.36667 | Score: 55.73, Population: 20221 | Fuzzy match: 43.75
2025-08-19 17:10:36,454 INFO Comparing database entry: saône-et-loire with Chalon-sur-Saône returned from geonames.
2025-08-19 17:10:36,454 INFO 📄 Index 0 | Name: Chalon-sur-Saône | fcl: P, fcode: PPLA3 | ADM1: Bourgogne-Franche-Comté, ADM2: Saône-et-Loire, ADM3: Arrondissement of Chalon-sur-Saône, ADM4: Chalon-sur-Saône | Latitude: 46.78112, Longitude: 4.85372 | Score: 63.15, Population: 47251 | Fuzzy match: 33.333333333333336
2025-08-19 17:10:36,454 INFO Comparing database entry: saône-et-loire with Le Creusot returned from geonames.
2025-08-19 17:10:36,454 INFO 📄 Index 1 | Name: Le Creusot | fcl: P, fcode: PPL | ADM1: Bourgogne-Franche-Comté, ADM2: Saône-et-Loire, ADM3: Arrondissement of Autun, ADM4: Le Creusot | Latitude: 46.80714, Longitude: 4.41632 | Score: 61.26, Population: 25590 | Fuzzy match: 33.333333333333336
2025-08-19 17:10:36,454 INFO Comparing database entry: saône-et-loire with Mâcon returned from geonames.
2025-08-19 17:10:36,454 INFO 📄 Index 2 | Name: Mâcon | fcl: P, fcode: PPLA2 | ADM1: Bourgogne-Franche-Comté, ADM2: Saône-et-Loire, ADM3: Arrondissement of Mâcon, ADM4: Mâcon | Latitude: 46.31407, Longitude: 4.82823 | Score: 61.26, Population: 35484 | Fuzzy match: 10.526315789473683
2025-08-19 17:10:36,454 INFO Comparing database entry: saône-et-loire with Montceau-les-Mines returned from geonames.
2025-08-19 17:10:36,454 INFO 📄 Index 3 | Name: Montceau-les-Mines | fcl: P, fcode: PPL | ADM1: Bourgogne-Franche-Comté, ADM2: Saône-et-Loire, ADM3: Arrondissement of Autun, ADM4: Montceau-les-Mines | Latitude: 46.66667, Longitude: 4.36667 | Score: 55.73, Population: 20221 | Fuzzy match: 43.75
2025-08-19 17:10:36,620 INFO Comparing database entry: saône-et-loire with Chalon-sur-Saône returned from geonames.
2025-08-19 17:10:36,620 INFO 📄 Index 0 | Name: Chalon-sur-Saône | fcl: P, fcode: PPLA3 | ADM1: Bourgogne-Franche-Comté, ADM2: Saône-et-Loire, ADM3: Arrondissement of Chalon-sur-Saône, ADM4: Chalon-sur-Saône | Latitude: 46.78112, Longitude: 4.85372 | Score: 63.15, Population: 47251 | Fuzzy match: 33.333333333333336
2025-08-19 17:10:36,620 INFO Comparing database entry: saône-et-loire with Le Creusot returned from geonames.
2025-08-19 17:10:36,621 INFO 📄 Index 1 | Name: Le Creusot | fcl: P, fcode: PPL | ADM1: Bourgogne-Franche-Comté, ADM2: Saône-et-Loire, ADM3: Arrondissement of Autun, ADM4: Le Creusot | Latitude: 46.80714, Longitude: 4.41632 | Score: 61.26, Population: 25590 | Fuzzy match: 33.333333333333336
2025-08-19 17:10:36,621 INFO Comparing database entry: saône-et-loire with Mâcon returned from geonames.
2025-08-19 17:10:36,621 INFO 📄 Index 2 | Name: Mâcon | fcl: P, fcode: PPLA2 | ADM1: Bourgogne-Franche-Comté, ADM2: Saône-et-Loire, ADM3: Arrondissement of Mâcon, ADM4: Mâcon | Latitude: 46.31407, Longitude: 4.82823 | Score: 61.26, Population: 35484 | Fuzzy match: 10.526315789473683
2025-08-19 17:10:36,621 INFO Comparing database entry: saône-et-loire with Montceau-les-Mines returned from geonames.
2025-08-19 17:10:36,621 INFO 📄 Index 3 | Name: Montceau-les-Mines | fcl: P, fcode: PPL | ADM1: Bourgogne-Franche-Comté, ADM2: Saône-et-Loire, ADM3: Arrondissement of Autun, ADM4: Montceau-les-Mines | Latitude: 46.66667, Longitude: 4.36667 | Score: 55.73, Population: 20221 | Fuzzy match: 43.75
2025-08-19 17:10:36,752 INFO Comparing database entry: saône-et-loire with Chalon-sur-Saône returned from geonames.
2025-08-19 17:10:36,752 INFO 📄 Index 0 | Name: Chalon-sur-Saône | fcl: P, fcode: PPLA3 | ADM1: Bourgogne-Franche-Comté, ADM2: Saône-et-Loire, ADM3: Arrondissement of Chalon-sur-Saône, ADM4: Chalon-sur-Saône | Latitude: 46.78112, Longitude: 4.85372 | Score: 63.15, Population: 47251 | Fuzzy match: 33.333333333333336
2025-08-19 17:10:36,752 INFO Comparing database entry: saône-et-loire with Le Creusot returned from geonames.
2025-08-19 17:10:36,752 INFO 📄 Index 1 | Name: Le Creusot | fcl: P, fcode: PPL | ADM1: Bourgogne-Franche-Comté, ADM2: Saône-et-Loire, ADM3: Arrondissement of Autun, ADM4: Le Creusot | Latitude: 46.80714, Longitude: 4.41632 | Score: 61.26, Population: 25590 | Fuzzy match: 33.333333333333336
2025-08-19 17:10:36,752 INFO Comparing database entry: saône-et-loire with Mâcon returned from geonames.
2025-08-19 17:10:36,752 INFO 📄 Index 2 | Name: Mâcon | fcl: P, fcode: PPLA2 | ADM1: Bourgogne-Franche-Comté, ADM2: Saône-et-Loire, ADM3: Arrondissement of Mâcon, ADM4: Mâcon | Latitude: 46.31407, Longitude: 4.82823 | Score: 61.26, Population: 35484 | Fuzzy match: 10.526315789473683
2025-08-19 17:10:36,752 INFO Comparing database entry: saône-et-loire with Montceau-les-Mines returned from geonames.
2025-08-19 17:10:36,752 INFO 📄 Index 3 | Name: Montceau-les-Mines | fcl: P, fcode: PPL | ADM1: Bourgogne-Franche-Comté, ADM2: Saône-et-Loire, ADM3: Arrondissement of Autun, ADM4: Montceau-les-Mines | Latitude: 46.66667, Longitude: 4.36667 | Score: 55.73, Population: 20221 | Fuzzy match: 43.75
2025-08-19 17:10:36,753 WARNING ❌ No match found with fuzzy score > 80 for city: saône-et-loire
2025-08-19 17:10:36,753 WARNING ❌ Lookup failed for city='saôneetloire', iso2='FR'
