2025-08-21 15:50:16,099 INFO 🗺️ Starting GeoNames lookup for city='tremery-metz', country='france'
2025-08-21 15:50:16,099 INFO 📍 Location is present in the following articles: [ObjectId('67f52cb2981040986eab7a18')]
2025-08-21 15:50:16,239 INFO Comparing database entry: tremery-metz with Trémery returned from geonames.
2025-08-21 15:50:16,240 INFO 📄 Index 0 | Name: Trémery | fcl: P, fcode: PPL | ADM1: Grand Est, ADM2: Moselle, ADM3: Arrondissement of Metz-Ville, ADM4: Trémery | Latitude: 49.2461, Longitude: 6.22369 | Score: 27.98, Population: 1172 | Fuzzy match: 63.1578947368421
2025-08-21 15:50:16,240 INFO Comparing database entry: tremery-metz with Trémery returned from geonames.
2025-08-21 15:50:16,240 INFO 📄 Index 1 | Name: Trémery | fcl: A, fcode: ADM4 | ADM1: Grand Est, ADM2: Moselle, ADM3: Arrondissement of Metz-Ville, ADM4: Trémery | Latitude: 49.24639, Longitude: 6.22444 | Score: 18.01, Population: 1060 | Fuzzy match: 63.1578947368421
2025-08-21 15:50:16,392 INFO Comparing database entry: tremery-metz with Trémery returned from geonames.
2025-08-21 15:50:16,392 INFO 📄 Index 0 | Name: Trémery | fcl: P, fcode: PPL | ADM1: Grand Est, ADM2: Moselle, ADM3: Arrondissement of Metz-Ville, ADM4: Trémery | Latitude: 49.2461, Longitude: 6.22369 | Score: 27.98, Population: 1172 | Fuzzy match: 63.1578947368421
2025-08-21 15:50:16,392 INFO Comparing database entry: tremery-metz with Trémery returned from geonames.
2025-08-21 15:50:16,392 INFO 📄 Index 1 | Name: Trémery | fcl: A, fcode: ADM4 | ADM1: Grand Est, ADM2: Moselle, ADM3: Arrondissement of Metz-Ville, ADM4: Trémery | Latitude: 49.24639, Longitude: 6.22444 | Score: 18.01, Population: 1060 | Fuzzy match: 63.1578947368421
2025-08-21 15:50:16,535 INFO Comparing database entry: tremery-metz with Trémery returned from geonames.
2025-08-21 15:50:16,536 INFO 📄 Index 0 | Name: Trémery | fcl: P, fcode: PPL | ADM1: Grand Est, ADM2: Moselle, ADM3: Arrondissement of Metz-Ville, ADM4: Trémery | Latitude: 49.2461, Longitude: 6.22369 | Score: 27.98, Population: 1172 | Fuzzy match: 63.1578947368421
2025-08-21 15:50:16,536 INFO Comparing database entry: tremery-metz with Trémery returned from geonames.
2025-08-21 15:50:16,536 INFO 📄 Index 1 | Name: Trémery | fcl: A, fcode: ADM4 | ADM1: Grand Est, ADM2: Moselle, ADM3: Arrondissement of Metz-Ville, ADM4: Trémery | Latitude: 49.24639, Longitude: 6.22444 | Score: 18.01, Population: 1060 | Fuzzy match: 63.1578947368421
2025-08-21 15:50:16,695 INFO Comparing database entry: tremery-metz with Trémery returned from geonames.
2025-08-21 15:50:16,695 INFO 📄 Index 0 | Name: Trémery | fcl: P, fcode: PPL | ADM1: Grand Est, ADM2: Moselle, ADM3: Arrondissement of Metz-Ville, ADM4: Trémery | Latitude: 49.2461, Longitude: 6.22369 | Score: 27.98, Population: 1172 | Fuzzy match: 63.1578947368421
2025-08-21 15:50:16,695 INFO Comparing database entry: tremery-metz with Trémery returned from geonames.
2025-08-21 15:50:16,695 INFO 📄 Index 1 | Name: Trémery | fcl: A, fcode: ADM4 | ADM1: Grand Est, ADM2: Moselle, ADM3: Arrondissement of Metz-Ville, ADM4: Trémery | Latitude: 49.24639, Longitude: 6.22444 | Score: 18.01, Population: 1060 | Fuzzy match: 63.1578947368421
2025-08-21 15:50:16,866 INFO Comparing database entry: tremery-metz with Trémery returned from geonames.
2025-08-21 15:50:16,867 INFO 📄 Index 0 | Name: Trémery | fcl: P, fcode: PPL | ADM1: Grand Est, ADM2: Moselle, ADM3: Arrondissement of Metz-Ville, ADM4: Trémery | Latitude: 49.2461, Longitude: 6.22369 | Score: 27.98, Population: 1172 | Fuzzy match: 63.1578947368421
2025-08-21 15:50:16,867 INFO Comparing database entry: tremery-metz with Trémery returned from geonames.
2025-08-21 15:50:16,867 INFO 📄 Index 1 | Name: Trémery | fcl: A, fcode: ADM4 | ADM1: Grand Est, ADM2: Moselle, ADM3: Arrondissement of Metz-Ville, ADM4: Trémery | Latitude: 49.24639, Longitude: 6.22444 | Score: 18.01, Population: 1060 | Fuzzy match: 63.1578947368421
2025-08-21 15:50:17,035 INFO Comparing database entry: tremery-metz with Trémery returned from geonames.
2025-08-21 15:50:17,036 INFO 📄 Index 0 | Name: Trémery | fcl: P, fcode: PPL | ADM1: Grand Est, ADM2: Moselle, ADM3: Arrondissement of Metz-Ville, ADM4: Trémery | Latitude: 49.2461, Longitude: 6.22369 | Score: 27.98, Population: 1172 | Fuzzy match: 63.1578947368421
2025-08-21 15:50:17,036 INFO Comparing database entry: tremery-metz with Trémery returned from geonames.
2025-08-21 15:50:17,036 INFO 📄 Index 1 | Name: Trémery | fcl: A, fcode: ADM4 | ADM1: Grand Est, ADM2: Moselle, ADM3: Arrondissement of Metz-Ville, ADM4: Trémery | Latitude: 49.24639, Longitude: 6.22444 | Score: 18.01, Population: 1060 | Fuzzy match: 63.1578947368421
2025-08-21 15:50:17,036 WARNING ❌ No match found with fuzzy score > 80 for city: tremery-metz
2025-08-21 15:50:17,036 WARNING ❌ Lookup failed for city='tremerymetz', iso2='FR'
