2025-08-18 15:59:37,771 INFO 🗺️ Starting GeoNames lookup for city='tricastin', country='france'
2025-08-18 15:59:37,771 INFO 📍 Location is present in the following articles: [ObjectId('67fbf6cc94b7f855cfea6dfa')]
2025-08-18 15:59:37,955 INFO Comparing database entry: tricastin with Saint-Paul-Trois-Châteaux returned from geonames.
2025-08-18 15:59:37,955 INFO 📄 Index 0 | Name: Saint-Paul-Trois-Châteaux | fcl: P, fcode: PPL | ADM1: Auvergne-Rhône-Alpes, ADM2: Drôme, ADM3: Arrondissement of Nyons, ADM4: Saint-Paul-Trois-Châteaux | Score: 23.48, Population: 8028 | Fuzzy match: 29.411764705882348
2025-08-18 15:59:37,955 INFO Comparing database entry: tricastin with Saint-Paul-Trois-Châteaux returned from geonames.
2025-08-18 15:59:37,955 INFO 📄 Index 1 | Name: Saint-Paul-Trois-Châteaux | fcl: A, fcode: ADM4 | ADM1: Auvergne-Rhône-Alpes, ADM2: Drôme, ADM3: Arrondissement of Nyons, ADM4: Saint-Paul-Trois-Châteaux | Score: 12.73, Population: 9026 | Fuzzy match: 29.411764705882348
2025-08-18 15:59:38,126 INFO Comparing database entry: tricastin with Saint-Paul-Trois-Châteaux returned from geonames.
2025-08-18 15:59:38,127 INFO 📄 Index 0 | Name: Saint-Paul-Trois-Châteaux | fcl: P, fcode: PPL | ADM1: Auvergne-Rhône-Alpes, ADM2: Drôme, ADM3: Arrondissement of Nyons, ADM4: Saint-Paul-Trois-Châteaux | Score: 23.48, Population: 8028 | Fuzzy match: 29.411764705882348
2025-08-18 15:59:38,127 INFO Comparing database entry: tricastin with Saint-Paul-Trois-Châteaux returned from geonames.
2025-08-18 15:59:38,127 INFO 📄 Index 1 | Name: Saint-Paul-Trois-Châteaux | fcl: A, fcode: ADM4 | ADM1: Auvergne-Rhône-Alpes, ADM2: Drôme, ADM3: Arrondissement of Nyons, ADM4: Saint-Paul-Trois-Châteaux | Score: 12.73, Population: 9026 | Fuzzy match: 29.411764705882348
2025-08-18 15:59:38,310 INFO Comparing database entry: tricastin with Saint-Paul-Trois-Châteaux returned from geonames.
2025-08-18 15:59:38,311 INFO 📄 Index 0 | Name: Saint-Paul-Trois-Châteaux | fcl: P, fcode: PPL | ADM1: Auvergne-Rhône-Alpes, ADM2: Drôme, ADM3: Arrondissement of Nyons, ADM4: Saint-Paul-Trois-Châteaux | Score: 23.48, Population: 8028 | Fuzzy match: 29.411764705882348
2025-08-18 15:59:38,311 INFO Comparing database entry: tricastin with Saint-Paul-Trois-Châteaux returned from geonames.
2025-08-18 15:59:38,311 INFO 📄 Index 1 | Name: Saint-Paul-Trois-Châteaux | fcl: A, fcode: ADM4 | ADM1: Auvergne-Rhône-Alpes, ADM2: Drôme, ADM3: Arrondissement of Nyons, ADM4: Saint-Paul-Trois-Châteaux | Score: 12.73, Population: 9026 | Fuzzy match: 29.411764705882348
2025-08-18 15:59:38,457 INFO Comparing database entry: tricastin with Saint-Paul-Trois-Châteaux returned from geonames.
2025-08-18 15:59:38,457 INFO 📄 Index 0 | Name: Saint-Paul-Trois-Châteaux | fcl: P, fcode: PPL | ADM1: Auvergne-Rhône-Alpes, ADM2: Drôme, ADM3: Arrondissement of Nyons, ADM4: Saint-Paul-Trois-Châteaux | Score: 23.48, Population: 8028 | Fuzzy match: 29.411764705882348
2025-08-18 15:59:38,457 INFO Comparing database entry: tricastin with Saint-Paul-Trois-Châteaux returned from geonames.
2025-08-18 15:59:38,457 INFO 📄 Index 1 | Name: Saint-Paul-Trois-Châteaux | fcl: A, fcode: ADM4 | ADM1: Auvergne-Rhône-Alpes, ADM2: Drôme, ADM3: Arrondissement of Nyons, ADM4: Saint-Paul-Trois-Châteaux | Score: 12.73, Population: 9026 | Fuzzy match: 29.411764705882348
2025-08-18 15:59:38,644 INFO Comparing database entry: tricastin with Saint-Paul-Trois-Châteaux returned from geonames.
2025-08-18 15:59:38,644 INFO 📄 Index 0 | Name: Saint-Paul-Trois-Châteaux | fcl: P, fcode: PPL | ADM1: Auvergne-Rhône-Alpes, ADM2: Drôme, ADM3: Arrondissement of Nyons, ADM4: Saint-Paul-Trois-Châteaux | Score: 23.48, Population: 8028 | Fuzzy match: 29.411764705882348
2025-08-18 15:59:38,644 INFO Comparing database entry: tricastin with Saint-Paul-Trois-Châteaux returned from geonames.
2025-08-18 15:59:38,644 INFO 📄 Index 1 | Name: Saint-Paul-Trois-Châteaux | fcl: A, fcode: ADM4 | ADM1: Auvergne-Rhône-Alpes, ADM2: Drôme, ADM3: Arrondissement of Nyons, ADM4: Saint-Paul-Trois-Châteaux | Score: 12.73, Population: 9026 | Fuzzy match: 29.411764705882348
2025-08-18 15:59:38,802 INFO Comparing database entry: tricastin with Saint-Paul-Trois-Châteaux returned from geonames.
2025-08-18 15:59:38,803 INFO 📄 Index 0 | Name: Saint-Paul-Trois-Châteaux | fcl: P, fcode: PPL | ADM1: Auvergne-Rhône-Alpes, ADM2: Drôme, ADM3: Arrondissement of Nyons, ADM4: Saint-Paul-Trois-Châteaux | Score: 23.48, Population: 8028 | Fuzzy match: 29.411764705882348
2025-08-18 15:59:38,803 INFO Comparing database entry: tricastin with Saint-Paul-Trois-Châteaux returned from geonames.
2025-08-18 15:59:38,803 INFO 📄 Index 1 | Name: Saint-Paul-Trois-Châteaux | fcl: A, fcode: ADM4 | ADM1: Auvergne-Rhône-Alpes, ADM2: Drôme, ADM3: Arrondissement of Nyons, ADM4: Saint-Paul-Trois-Châteaux | Score: 12.73, Population: 9026 | Fuzzy match: 29.411764705882348
2025-08-18 15:59:38,803 WARNING ❌ No match found with fuzzy score > 80 for city: tricastin
2025-08-18 15:59:38,803 WARNING ❌ Lookup failed for city='tricastin', iso2='FR'
