2025-08-17 16:01:32,461 INFO 🗺️ Starting GeoNames lookup for city='vendée', country='france'
2025-08-17 16:01:32,462 INFO 📍 Location is present in the following articles: [ObjectId('67fa626738fb90ab92f8c1b9'), ObjectId('67fa62b538fb90ab92f8c2be')]
2025-08-17 16:01:32,610 INFO Comparing database entry: vendée with La Roche-sur-Yon returned from geonames.
2025-08-17 16:01:32,611 INFO 📄 Index 0 | Name: La Roche-sur-Yon | fcl: P, fcode: PPLA2 | ADM1: Pays de la Loire, ADM2: Vendée, ADM3: Arrondissement of La Roche-sur-Yon, ADM4: La Roche-sur-Yon | Score: 55.68, Population: 59410 | Fuzzy match: 18.181818181818176
2025-08-17 16:01:32,611 INFO Comparing database entry: vendée with Challans returned from geonames.
2025-08-17 16:01:32,611 INFO 📄 Index 1 | Name: Challans | fcl: P, fcode: PPL | ADM1: Pays de la Loire, ADM2: Vendée, ADM3: Arrondissement of Les Sables-d'Olonne, ADM4: Challans | Score: 55.68, Population: 18947 | Fuzzy match: 14.28571428571429
2025-08-17 16:01:32,611 INFO Comparing database entry: vendée with Les Herbiers returned from geonames.
2025-08-17 16:01:32,611 INFO 📄 Index 2 | Name: Les Herbiers | fcl: P, fcode: PPL | ADM1: Pays de la Loire, ADM2: Vendée, ADM3: Arrondissement of La Roche-sur-Yon, ADM4: Les Herbiers | Score: 50.78, Population: 15664 | Fuzzy match: 22.22222222222222
2025-08-17 16:01:32,611 INFO Comparing database entry: vendée with Luçon returned from geonames.
2025-08-17 16:01:32,611 INFO 📄 Index 3 | Name: Luçon | fcl: P, fcode: PPL | ADM1: Pays de la Loire, ADM2: Vendée, ADM3: Arrondissement of Fontenay-le-Comte, ADM4: Luçon | Score: 50.78, Population: 10140 | Fuzzy match: 18.181818181818176
2025-08-17 16:01:32,772 INFO Comparing database entry: vendée with La Roche-sur-Yon returned from geonames.
2025-08-17 16:01:32,772 INFO 📄 Index 0 | Name: La Roche-sur-Yon | fcl: P, fcode: PPLA2 | ADM1: Pays de la Loire, ADM2: Vendée, ADM3: Arrondissement of La Roche-sur-Yon, ADM4: La Roche-sur-Yon | Score: 55.68, Population: 59410 | Fuzzy match: 18.181818181818176
2025-08-17 16:01:32,772 INFO Comparing database entry: vendée with Challans returned from geonames.
2025-08-17 16:01:32,772 INFO 📄 Index 1 | Name: Challans | fcl: P, fcode: PPL | ADM1: Pays de la Loire, ADM2: Vendée, ADM3: Arrondissement of Les Sables-d'Olonne, ADM4: Challans | Score: 55.68, Population: 18947 | Fuzzy match: 14.28571428571429
2025-08-17 16:01:32,772 INFO Comparing database entry: vendée with Les Herbiers returned from geonames.
2025-08-17 16:01:32,772 INFO 📄 Index 2 | Name: Les Herbiers | fcl: P, fcode: PPL | ADM1: Pays de la Loire, ADM2: Vendée, ADM3: Arrondissement of La Roche-sur-Yon, ADM4: Les Herbiers | Score: 50.78, Population: 15664 | Fuzzy match: 22.22222222222222
2025-08-17 16:01:32,773 INFO Comparing database entry: vendée with Luçon returned from geonames.
2025-08-17 16:01:32,773 INFO 📄 Index 3 | Name: Luçon | fcl: P, fcode: PPL | ADM1: Pays de la Loire, ADM2: Vendée, ADM3: Arrondissement of Fontenay-le-Comte, ADM4: Luçon | Score: 50.78, Population: 10140 | Fuzzy match: 18.181818181818176
2025-08-17 16:01:32,948 INFO Comparing database entry: vendée with La Roche-sur-Yon returned from geonames.
2025-08-17 16:01:32,948 INFO 📄 Index 0 | Name: La Roche-sur-Yon | fcl: P, fcode: PPLA2 | ADM1: Pays de la Loire, ADM2: Vendée, ADM3: Arrondissement of La Roche-sur-Yon, ADM4: La Roche-sur-Yon | Score: 55.68, Population: 59410 | Fuzzy match: 18.181818181818176
2025-08-17 16:01:32,948 INFO Comparing database entry: vendée with Challans returned from geonames.
2025-08-17 16:01:32,948 INFO 📄 Index 1 | Name: Challans | fcl: P, fcode: PPL | ADM1: Pays de la Loire, ADM2: Vendée, ADM3: Arrondissement of Les Sables-d'Olonne, ADM4: Challans | Score: 55.68, Population: 18947 | Fuzzy match: 14.28571428571429
2025-08-17 16:01:32,948 INFO Comparing database entry: vendée with Les Herbiers returned from geonames.
2025-08-17 16:01:32,948 INFO 📄 Index 2 | Name: Les Herbiers | fcl: P, fcode: PPL | ADM1: Pays de la Loire, ADM2: Vendée, ADM3: Arrondissement of La Roche-sur-Yon, ADM4: Les Herbiers | Score: 50.78, Population: 15664 | Fuzzy match: 22.22222222222222
2025-08-17 16:01:32,948 INFO Comparing database entry: vendée with Luçon returned from geonames.
2025-08-17 16:01:32,948 INFO 📄 Index 3 | Name: Luçon | fcl: P, fcode: PPL | ADM1: Pays de la Loire, ADM2: Vendée, ADM3: Arrondissement of Fontenay-le-Comte, ADM4: Luçon | Score: 50.78, Population: 10140 | Fuzzy match: 18.181818181818176
2025-08-17 16:01:33,111 INFO Comparing database entry: vendée with La Roche-sur-Yon returned from geonames.
2025-08-17 16:01:33,111 INFO 📄 Index 0 | Name: La Roche-sur-Yon | fcl: P, fcode: PPLA2 | ADM1: Pays de la Loire, ADM2: Vendée, ADM3: Arrondissement of La Roche-sur-Yon, ADM4: La Roche-sur-Yon | Score: 55.68, Population: 59410 | Fuzzy match: 18.181818181818176
2025-08-17 16:01:33,111 INFO Comparing database entry: vendée with Challans returned from geonames.
2025-08-17 16:01:33,111 INFO 📄 Index 1 | Name: Challans | fcl: P, fcode: PPL | ADM1: Pays de la Loire, ADM2: Vendée, ADM3: Arrondissement of Les Sables-d'Olonne, ADM4: Challans | Score: 55.68, Population: 18947 | Fuzzy match: 14.28571428571429
2025-08-17 16:01:33,111 INFO Comparing database entry: vendée with Les Herbiers returned from geonames.
2025-08-17 16:01:33,111 INFO 📄 Index 2 | Name: Les Herbiers | fcl: P, fcode: PPL | ADM1: Pays de la Loire, ADM2: Vendée, ADM3: Arrondissement of La Roche-sur-Yon, ADM4: Les Herbiers | Score: 50.78, Population: 15664 | Fuzzy match: 22.22222222222222
2025-08-17 16:01:33,111 INFO Comparing database entry: vendée with Luçon returned from geonames.
2025-08-17 16:01:33,111 INFO 📄 Index 3 | Name: Luçon | fcl: P, fcode: PPL | ADM1: Pays de la Loire, ADM2: Vendée, ADM3: Arrondissement of Fontenay-le-Comte, ADM4: Luçon | Score: 50.78, Population: 10140 | Fuzzy match: 18.181818181818176
2025-08-17 16:01:33,271 INFO Comparing database entry: vendée with La Roche-sur-Yon returned from geonames.
2025-08-17 16:01:33,271 INFO 📄 Index 0 | Name: La Roche-sur-Yon | fcl: P, fcode: PPLA2 | ADM1: Pays de la Loire, ADM2: Vendée, ADM3: Arrondissement of La Roche-sur-Yon, ADM4: La Roche-sur-Yon | Score: 55.68, Population: 59410 | Fuzzy match: 18.181818181818176
2025-08-17 16:01:33,271 INFO Comparing database entry: vendée with Challans returned from geonames.
2025-08-17 16:01:33,271 INFO 📄 Index 1 | Name: Challans | fcl: P, fcode: PPL | ADM1: Pays de la Loire, ADM2: Vendée, ADM3: Arrondissement of Les Sables-d'Olonne, ADM4: Challans | Score: 55.68, Population: 18947 | Fuzzy match: 14.28571428571429
2025-08-17 16:01:33,271 INFO Comparing database entry: vendée with Les Herbiers returned from geonames.
2025-08-17 16:01:33,271 INFO 📄 Index 2 | Name: Les Herbiers | fcl: P, fcode: PPL | ADM1: Pays de la Loire, ADM2: Vendée, ADM3: Arrondissement of La Roche-sur-Yon, ADM4: Les Herbiers | Score: 50.78, Population: 15664 | Fuzzy match: 22.22222222222222
2025-08-17 16:01:33,271 INFO Comparing database entry: vendée with Luçon returned from geonames.
2025-08-17 16:01:33,271 INFO 📄 Index 3 | Name: Luçon | fcl: P, fcode: PPL | ADM1: Pays de la Loire, ADM2: Vendée, ADM3: Arrondissement of Fontenay-le-Comte, ADM4: Luçon | Score: 50.78, Population: 10140 | Fuzzy match: 18.181818181818176
2025-08-17 16:01:33,393 INFO Comparing database entry: vendée with La Roche-sur-Yon returned from geonames.
2025-08-17 16:01:33,394 INFO 📄 Index 0 | Name: La Roche-sur-Yon | fcl: P, fcode: PPLA2 | ADM1: Pays de la Loire, ADM2: Vendée, ADM3: Arrondissement of La Roche-sur-Yon, ADM4: La Roche-sur-Yon | Score: 55.68, Population: 59410 | Fuzzy match: 18.181818181818176
2025-08-17 16:01:33,394 INFO Comparing database entry: vendée with Challans returned from geonames.
2025-08-17 16:01:33,394 INFO 📄 Index 1 | Name: Challans | fcl: P, fcode: PPL | ADM1: Pays de la Loire, ADM2: Vendée, ADM3: Arrondissement of Les Sables-d'Olonne, ADM4: Challans | Score: 55.68, Population: 18947 | Fuzzy match: 14.28571428571429
2025-08-17 16:01:33,394 INFO Comparing database entry: vendée with Les Herbiers returned from geonames.
2025-08-17 16:01:33,394 INFO 📄 Index 2 | Name: Les Herbiers | fcl: P, fcode: PPL | ADM1: Pays de la Loire, ADM2: Vendée, ADM3: Arrondissement of La Roche-sur-Yon, ADM4: Les Herbiers | Score: 50.78, Population: 15664 | Fuzzy match: 22.22222222222222
2025-08-17 16:01:33,394 INFO Comparing database entry: vendée with Luçon returned from geonames.
2025-08-17 16:01:33,394 INFO 📄 Index 3 | Name: Luçon | fcl: P, fcode: PPL | ADM1: Pays de la Loire, ADM2: Vendée, ADM3: Arrondissement of Fontenay-le-Comte, ADM4: Luçon | Score: 50.78, Population: 10140 | Fuzzy match: 18.181818181818176
2025-08-17 16:01:33,394 WARNING ❌ No match found with fuzzy score > 80 for city: vendée
2025-08-17 16:01:33,394 WARNING ❌ Lookup failed for city='vendée', iso2='FR'
