2025-08-23 18:50:11,048 INFO 🗺️ Starting GeoNames lookup for city='valpuiseaux, essonne', country='france'
2025-08-23 18:50:11,048 INFO 📍 Location is present in the following articles: [ObjectId('67fa7595eaa4fb525afeafcb')]
2025-08-23 18:50:11,206 INFO Comparing database entry: valpuiseaux, essonne with Valpuiseaux returned from geonames.
2025-08-23 18:50:11,206 INFO 📄 Index 0 | Name: Valpuiseaux | fcl: P, fcode: PPL | ADM1: Île-de-France, ADM2: Essonne, ADM3: Arrondissement of Étampes, ADM4: Valpuiseaux | Latitude: 48.39316, Longitude: 2.30362 | Score: 24.42, Population: 541 | Fuzzy match: 70.96774193548387
2025-08-23 18:50:11,206 INFO Comparing database entry: valpuiseaux, essonne with Valpuiseaux returned from geonames.
2025-08-23 18:50:11,206 INFO 📄 Index 1 | Name: Valpuiseaux | fcl: A, fcode: ADM4 | ADM1: Île-de-France, ADM2: Essonne, ADM3: Arrondissement of Étampes, ADM4: Valpuiseaux | Latitude: 48.3939, Longitude: 2.3048 | Score: 15.73, Population: 610 | Fuzzy match: 70.96774193548387
2025-08-23 18:50:11,206 INFO Comparing database entry: valpuiseaux, essonne with Le Petit Frenneville returned from geonames.
2025-08-23 18:50:11,206 INFO 📄 Index 2 | Name: Le Petit Frenneville | fcl: P, fcode: PPL | ADM1: Île-de-France, ADM2: Essonne, ADM3: Arrondissement of Étampes, ADM4: Valpuiseaux | Latitude: 48.40687, Longitude: 2.30215 | Score: 11.01, Population: 0 | Fuzzy match: 40.0
2025-08-23 18:50:11,206 INFO Comparing database entry: valpuiseaux, essonne with Le Poty returned from geonames.
2025-08-23 18:50:11,206 INFO 📄 Index 3 | Name: Le Poty | fcl: P, fcode: PPL | ADM1: Île-de-France, ADM2: Essonne, ADM3: Arrondissement of Étampes, ADM4: Valpuiseaux | Latitude: 48.38726, Longitude: 2.30066 | Score: 7.84, Population: 0 | Fuzzy match: 22.22222222222222
2025-08-23 18:50:11,366 INFO Comparing database entry: valpuiseaux, essonne with Valpuiseaux returned from geonames.
2025-08-23 18:50:11,366 INFO 📄 Index 0 | Name: Valpuiseaux | fcl: P, fcode: PPL | ADM1: Île-de-France, ADM2: Essonne, ADM3: Arrondissement of Étampes, ADM4: Valpuiseaux | Latitude: 48.39316, Longitude: 2.30362 | Score: 24.42, Population: 541 | Fuzzy match: 70.96774193548387
2025-08-23 18:50:11,366 INFO Comparing database entry: valpuiseaux, essonne with Valpuiseaux returned from geonames.
2025-08-23 18:50:11,367 INFO 📄 Index 1 | Name: Valpuiseaux | fcl: A, fcode: ADM4 | ADM1: Île-de-France, ADM2: Essonne, ADM3: Arrondissement of Étampes, ADM4: Valpuiseaux | Latitude: 48.3939, Longitude: 2.3048 | Score: 15.73, Population: 610 | Fuzzy match: 70.96774193548387
2025-08-23 18:50:11,367 INFO Comparing database entry: valpuiseaux, essonne with Le Petit Frenneville returned from geonames.
2025-08-23 18:50:11,367 INFO 📄 Index 2 | Name: Le Petit Frenneville | fcl: P, fcode: PPL | ADM1: Île-de-France, ADM2: Essonne, ADM3: Arrondissement of Étampes, ADM4: Valpuiseaux | Latitude: 48.40687, Longitude: 2.30215 | Score: 11.01, Population: 0 | Fuzzy match: 40.0
2025-08-23 18:50:11,367 INFO Comparing database entry: valpuiseaux, essonne with Le Poty returned from geonames.
2025-08-23 18:50:11,367 INFO 📄 Index 3 | Name: Le Poty | fcl: P, fcode: PPL | ADM1: Île-de-France, ADM2: Essonne, ADM3: Arrondissement of Étampes, ADM4: Valpuiseaux | Latitude: 48.38726, Longitude: 2.30066 | Score: 7.84, Population: 0 | Fuzzy match: 22.22222222222222
2025-08-23 18:50:11,511 INFO Comparing database entry: valpuiseaux, essonne with Valpuiseaux returned from geonames.
2025-08-23 18:50:11,512 INFO 📄 Index 0 | Name: Valpuiseaux | fcl: P, fcode: PPL | ADM1: Île-de-France, ADM2: Essonne, ADM3: Arrondissement of Étampes, ADM4: Valpuiseaux | Latitude: 48.39316, Longitude: 2.30362 | Score: 24.42, Population: 541 | Fuzzy match: 70.96774193548387
2025-08-23 18:50:11,512 INFO Comparing database entry: valpuiseaux, essonne with Valpuiseaux returned from geonames.
2025-08-23 18:50:11,512 INFO 📄 Index 1 | Name: Valpuiseaux | fcl: A, fcode: ADM4 | ADM1: Île-de-France, ADM2: Essonne, ADM3: Arrondissement of Étampes, ADM4: Valpuiseaux | Latitude: 48.3939, Longitude: 2.3048 | Score: 15.73, Population: 610 | Fuzzy match: 70.96774193548387
2025-08-23 18:50:11,512 INFO Comparing database entry: valpuiseaux, essonne with Le Petit Frenneville returned from geonames.
2025-08-23 18:50:11,512 INFO 📄 Index 2 | Name: Le Petit Frenneville | fcl: P, fcode: PPL | ADM1: Île-de-France, ADM2: Essonne, ADM3: Arrondissement of Étampes, ADM4: Valpuiseaux | Latitude: 48.40687, Longitude: 2.30215 | Score: 11.01, Population: 0 | Fuzzy match: 40.0
2025-08-23 18:50:11,512 INFO Comparing database entry: valpuiseaux, essonne with Le Poty returned from geonames.
2025-08-23 18:50:11,512 INFO 📄 Index 3 | Name: Le Poty | fcl: P, fcode: PPL | ADM1: Île-de-France, ADM2: Essonne, ADM3: Arrondissement of Étampes, ADM4: Valpuiseaux | Latitude: 48.38726, Longitude: 2.30066 | Score: 7.84, Population: 0 | Fuzzy match: 22.22222222222222
2025-08-23 18:50:11,642 INFO Comparing database entry: valpuiseaux, essonne with Valpuiseaux returned from geonames.
2025-08-23 18:50:11,643 INFO 📄 Index 0 | Name: Valpuiseaux | fcl: P, fcode: PPL | ADM1: Île-de-France, ADM2: Essonne, ADM3: Arrondissement of Étampes, ADM4: Valpuiseaux | Latitude: 48.39316, Longitude: 2.30362 | Score: 24.42, Population: 541 | Fuzzy match: 70.96774193548387
2025-08-23 18:50:11,643 INFO Comparing database entry: valpuiseaux, essonne with Valpuiseaux returned from geonames.
2025-08-23 18:50:11,643 INFO 📄 Index 1 | Name: Valpuiseaux | fcl: A, fcode: ADM4 | ADM1: Île-de-France, ADM2: Essonne, ADM3: Arrondissement of Étampes, ADM4: Valpuiseaux | Latitude: 48.3939, Longitude: 2.3048 | Score: 15.73, Population: 610 | Fuzzy match: 70.96774193548387
2025-08-23 18:50:11,643 INFO Comparing database entry: valpuiseaux, essonne with Le Petit Frenneville returned from geonames.
2025-08-23 18:50:11,643 INFO 📄 Index 2 | Name: Le Petit Frenneville | fcl: P, fcode: PPL | ADM1: Île-de-France, ADM2: Essonne, ADM3: Arrondissement of Étampes, ADM4: Valpuiseaux | Latitude: 48.40687, Longitude: 2.30215 | Score: 11.01, Population: 0 | Fuzzy match: 40.0
2025-08-23 18:50:11,643 INFO Comparing database entry: valpuiseaux, essonne with Le Poty returned from geonames.
2025-08-23 18:50:11,643 INFO 📄 Index 3 | Name: Le Poty | fcl: P, fcode: PPL | ADM1: Île-de-France, ADM2: Essonne, ADM3: Arrondissement of Étampes, ADM4: Valpuiseaux | Latitude: 48.38726, Longitude: 2.30066 | Score: 7.84, Population: 0 | Fuzzy match: 22.22222222222222
2025-08-23 18:50:11,801 INFO Comparing database entry: valpuiseaux, essonne with Valpuiseaux returned from geonames.
2025-08-23 18:50:11,801 INFO 📄 Index 0 | Name: Valpuiseaux | fcl: P, fcode: PPL | ADM1: Île-de-France, ADM2: Essonne, ADM3: Arrondissement of Étampes, ADM4: Valpuiseaux | Latitude: 48.39316, Longitude: 2.30362 | Score: 24.42, Population: 541 | Fuzzy match: 70.96774193548387
2025-08-23 18:50:11,801 INFO Comparing database entry: valpuiseaux, essonne with Valpuiseaux returned from geonames.
2025-08-23 18:50:11,801 INFO 📄 Index 1 | Name: Valpuiseaux | fcl: A, fcode: ADM4 | ADM1: Île-de-France, ADM2: Essonne, ADM3: Arrondissement of Étampes, ADM4: Valpuiseaux | Latitude: 48.3939, Longitude: 2.3048 | Score: 15.73, Population: 610 | Fuzzy match: 70.96774193548387
2025-08-23 18:50:11,801 INFO Comparing database entry: valpuiseaux, essonne with Le Petit Frenneville returned from geonames.
2025-08-23 18:50:11,801 INFO 📄 Index 2 | Name: Le Petit Frenneville | fcl: P, fcode: PPL | ADM1: Île-de-France, ADM2: Essonne, ADM3: Arrondissement of Étampes, ADM4: Valpuiseaux | Latitude: 48.40687, Longitude: 2.30215 | Score: 11.01, Population: 0 | Fuzzy match: 40.0
2025-08-23 18:50:11,801 INFO Comparing database entry: valpuiseaux, essonne with Le Poty returned from geonames.
2025-08-23 18:50:11,801 INFO 📄 Index 3 | Name: Le Poty | fcl: P, fcode: PPL | ADM1: Île-de-France, ADM2: Essonne, ADM3: Arrondissement of Étampes, ADM4: Valpuiseaux | Latitude: 48.38726, Longitude: 2.30066 | Score: 7.84, Population: 0 | Fuzzy match: 22.22222222222222
2025-08-23 18:50:11,946 INFO Comparing database entry: valpuiseaux, essonne with Valpuiseaux returned from geonames.
2025-08-23 18:50:11,946 INFO 📄 Index 0 | Name: Valpuiseaux | fcl: P, fcode: PPL | ADM1: Île-de-France, ADM2: Essonne, ADM3: Arrondissement of Étampes, ADM4: Valpuiseaux | Latitude: 48.39316, Longitude: 2.30362 | Score: 24.42, Population: 541 | Fuzzy match: 70.96774193548387
2025-08-23 18:50:11,947 INFO Comparing database entry: valpuiseaux, essonne with Valpuiseaux returned from geonames.
2025-08-23 18:50:11,947 INFO 📄 Index 1 | Name: Valpuiseaux | fcl: A, fcode: ADM4 | ADM1: Île-de-France, ADM2: Essonne, ADM3: Arrondissement of Étampes, ADM4: Valpuiseaux | Latitude: 48.3939, Longitude: 2.3048 | Score: 15.73, Population: 610 | Fuzzy match: 70.96774193548387
2025-08-23 18:50:11,947 INFO Comparing database entry: valpuiseaux, essonne with Le Petit Frenneville returned from geonames.
2025-08-23 18:50:11,947 INFO 📄 Index 2 | Name: Le Petit Frenneville | fcl: P, fcode: PPL | ADM1: Île-de-France, ADM2: Essonne, ADM3: Arrondissement of Étampes, ADM4: Valpuiseaux | Latitude: 48.40687, Longitude: 2.30215 | Score: 11.01, Population: 0 | Fuzzy match: 40.0
2025-08-23 18:50:11,947 INFO Comparing database entry: valpuiseaux, essonne with Le Poty returned from geonames.
2025-08-23 18:50:11,947 INFO 📄 Index 3 | Name: Le Poty | fcl: P, fcode: PPL | ADM1: Île-de-France, ADM2: Essonne, ADM3: Arrondissement of Étampes, ADM4: Valpuiseaux | Latitude: 48.38726, Longitude: 2.30066 | Score: 7.84, Population: 0 | Fuzzy match: 22.22222222222222
2025-08-23 18:50:11,947 WARNING ❌ No match found with fuzzy score > 80 for city: valpuiseaux, essonne
2025-08-23 18:50:11,947 WARNING ❌ Lookup failed for city='valpuiseaux_essonne', iso2='FR'
