2025-08-17 16:43:37,794 INFO 🗺️ Starting GeoNames lookup for city='var', country='france'
2025-08-17 16:43:37,794 INFO 📍 Location is present in the following articles: [ObjectId('67fa7c5deaa4fb525afeb739')]
2025-08-17 16:43:37,937 INFO Comparing database entry: var with Toulon returned from geonames.
2025-08-17 16:43:37,938 INFO 📄 Index 0 | Name: Toulon | fcl: P, fcode: PPLA2 | ADM1: Provence-Alpes-Côte d'Azur, ADM2: Var, ADM3: Arrondissement of Toulon, ADM4: Toulon | Score: 77.48, Population: 168701 | Fuzzy match: 0.0
2025-08-17 16:43:37,938 INFO Comparing database entry: var with Fréjus returned from geonames.
2025-08-17 16:43:37,938 INFO 📄 Index 1 | Name: Fréjus | fcl: P, fcode: PPL | ADM1: Provence-Alpes-Côte d'Azur, ADM2: Var, ADM3: Arrondissement of Draguignan, ADM4: Fréjus | Score: 67.38, Population: 53098 | Fuzzy match: 22.22222222222222
2025-08-17 16:43:37,938 INFO Comparing database entry: var with Hyères returned from geonames.
2025-08-17 16:43:37,938 INFO 📄 Index 2 | Name: Hyères | fcl: P, fcode: PPL | ADM1: Provence-Alpes-Côte d'Azur, ADM2: Var, ADM3: Arrondissement of Toulon, ADM4: Hyères | Score: 67.38, Population: 50487 | Fuzzy match: 22.22222222222222
2025-08-17 16:43:37,938 INFO Comparing database entry: var with La Valette-du-Var returned from geonames.
2025-08-17 16:43:37,938 INFO 📄 Index 3 | Name: La Valette-du-Var | fcl: P, fcode: PPL | ADM1: Provence-Alpes-Côte d'Azur, ADM2: Var, ADM3: Arrondissement of Toulon, ADM4: La Valette-du-Var | Score: 66.14, Population: 23134 | Fuzzy match: 30.000000000000004
2025-08-17 16:43:38,106 INFO Comparing database entry: var with Toulon returned from geonames.
2025-08-17 16:43:38,106 INFO 📄 Index 0 | Name: Toulon | fcl: P, fcode: PPLA2 | ADM1: Provence-Alpes-Côte d'Azur, ADM2: Var, ADM3: Arrondissement of Toulon, ADM4: Toulon | Score: 77.48, Population: 168701 | Fuzzy match: 0.0
2025-08-17 16:43:38,106 INFO Comparing database entry: var with Fréjus returned from geonames.
2025-08-17 16:43:38,106 INFO 📄 Index 1 | Name: Fréjus | fcl: P, fcode: PPL | ADM1: Provence-Alpes-Côte d'Azur, ADM2: Var, ADM3: Arrondissement of Draguignan, ADM4: Fréjus | Score: 67.38, Population: 53098 | Fuzzy match: 22.22222222222222
2025-08-17 16:43:38,106 INFO Comparing database entry: var with Hyères returned from geonames.
2025-08-17 16:43:38,106 INFO 📄 Index 2 | Name: Hyères | fcl: P, fcode: PPL | ADM1: Provence-Alpes-Côte d'Azur, ADM2: Var, ADM3: Arrondissement of Toulon, ADM4: Hyères | Score: 67.38, Population: 50487 | Fuzzy match: 22.22222222222222
2025-08-17 16:43:38,106 INFO Comparing database entry: var with La Valette-du-Var returned from geonames.
2025-08-17 16:43:38,107 INFO 📄 Index 3 | Name: La Valette-du-Var | fcl: P, fcode: PPL | ADM1: Provence-Alpes-Côte d'Azur, ADM2: Var, ADM3: Arrondissement of Toulon, ADM4: La Valette-du-Var | Score: 66.14, Population: 23134 | Fuzzy match: 30.000000000000004
2025-08-17 16:43:38,258 INFO Comparing database entry: var with Toulon returned from geonames.
2025-08-17 16:43:38,258 INFO 📄 Index 0 | Name: Toulon | fcl: P, fcode: PPLA2 | ADM1: Provence-Alpes-Côte d'Azur, ADM2: Var, ADM3: Arrondissement of Toulon, ADM4: Toulon | Score: 77.48, Population: 168701 | Fuzzy match: 0.0
2025-08-17 16:43:38,259 INFO Comparing database entry: var with Fréjus returned from geonames.
2025-08-17 16:43:38,259 INFO 📄 Index 1 | Name: Fréjus | fcl: P, fcode: PPL | ADM1: Provence-Alpes-Côte d'Azur, ADM2: Var, ADM3: Arrondissement of Draguignan, ADM4: Fréjus | Score: 67.38, Population: 53098 | Fuzzy match: 22.22222222222222
2025-08-17 16:43:38,259 INFO Comparing database entry: var with Hyères returned from geonames.
2025-08-17 16:43:38,259 INFO 📄 Index 2 | Name: Hyères | fcl: P, fcode: PPL | ADM1: Provence-Alpes-Côte d'Azur, ADM2: Var, ADM3: Arrondissement of Toulon, ADM4: Hyères | Score: 67.38, Population: 50487 | Fuzzy match: 22.22222222222222
2025-08-17 16:43:38,259 INFO Comparing database entry: var with La Valette-du-Var returned from geonames.
2025-08-17 16:43:38,259 INFO 📄 Index 3 | Name: La Valette-du-Var | fcl: P, fcode: PPL | ADM1: Provence-Alpes-Côte d'Azur, ADM2: Var, ADM3: Arrondissement of Toulon, ADM4: La Valette-du-Var | Score: 66.14, Population: 23134 | Fuzzy match: 30.000000000000004
2025-08-17 16:43:38,414 INFO Comparing database entry: var with Toulon returned from geonames.
2025-08-17 16:43:38,414 INFO 📄 Index 0 | Name: Toulon | fcl: P, fcode: PPLA2 | ADM1: Provence-Alpes-Côte d'Azur, ADM2: Var, ADM3: Arrondissement of Toulon, ADM4: Toulon | Score: 77.48, Population: 168701 | Fuzzy match: 0.0
2025-08-17 16:43:38,414 INFO Comparing database entry: var with Fréjus returned from geonames.
2025-08-17 16:43:38,415 INFO 📄 Index 1 | Name: Fréjus | fcl: P, fcode: PPL | ADM1: Provence-Alpes-Côte d'Azur, ADM2: Var, ADM3: Arrondissement of Draguignan, ADM4: Fréjus | Score: 67.38, Population: 53098 | Fuzzy match: 22.22222222222222
2025-08-17 16:43:38,415 INFO Comparing database entry: var with Hyères returned from geonames.
2025-08-17 16:43:38,415 INFO 📄 Index 2 | Name: Hyères | fcl: P, fcode: PPL | ADM1: Provence-Alpes-Côte d'Azur, ADM2: Var, ADM3: Arrondissement of Toulon, ADM4: Hyères | Score: 67.38, Population: 50487 | Fuzzy match: 22.22222222222222
2025-08-17 16:43:38,415 INFO Comparing database entry: var with La Valette-du-Var returned from geonames.
2025-08-17 16:43:38,415 INFO 📄 Index 3 | Name: La Valette-du-Var | fcl: P, fcode: PPL | ADM1: Provence-Alpes-Côte d'Azur, ADM2: Var, ADM3: Arrondissement of Toulon, ADM4: La Valette-du-Var | Score: 66.14, Population: 23134 | Fuzzy match: 30.000000000000004
2025-08-17 16:43:38,550 INFO Comparing database entry: var with Toulon returned from geonames.
2025-08-17 16:43:38,550 INFO 📄 Index 0 | Name: Toulon | fcl: P, fcode: PPLA2 | ADM1: Provence-Alpes-Côte d'Azur, ADM2: Var, ADM3: Arrondissement of Toulon, ADM4: Toulon | Score: 77.48, Population: 168701 | Fuzzy match: 0.0
2025-08-17 16:43:38,550 INFO Comparing database entry: var with Fréjus returned from geonames.
2025-08-17 16:43:38,550 INFO 📄 Index 1 | Name: Fréjus | fcl: P, fcode: PPL | ADM1: Provence-Alpes-Côte d'Azur, ADM2: Var, ADM3: Arrondissement of Draguignan, ADM4: Fréjus | Score: 67.38, Population: 53098 | Fuzzy match: 22.22222222222222
2025-08-17 16:43:38,550 INFO Comparing database entry: var with Hyères returned from geonames.
2025-08-17 16:43:38,550 INFO 📄 Index 2 | Name: Hyères | fcl: P, fcode: PPL | ADM1: Provence-Alpes-Côte d'Azur, ADM2: Var, ADM3: Arrondissement of Toulon, ADM4: Hyères | Score: 67.38, Population: 50487 | Fuzzy match: 22.22222222222222
2025-08-17 16:43:38,550 INFO Comparing database entry: var with La Valette-du-Var returned from geonames.
2025-08-17 16:43:38,550 INFO 📄 Index 3 | Name: La Valette-du-Var | fcl: P, fcode: PPL | ADM1: Provence-Alpes-Côte d'Azur, ADM2: Var, ADM3: Arrondissement of Toulon, ADM4: La Valette-du-Var | Score: 66.14, Population: 23134 | Fuzzy match: 30.000000000000004
2025-08-17 16:43:38,712 INFO Comparing database entry: var with Toulon returned from geonames.
2025-08-17 16:43:38,712 INFO 📄 Index 0 | Name: Toulon | fcl: P, fcode: PPLA2 | ADM1: Provence-Alpes-Côte d'Azur, ADM2: Var, ADM3: Arrondissement of Toulon, ADM4: Toulon | Score: 77.48, Population: 168701 | Fuzzy match: 0.0
2025-08-17 16:43:38,712 INFO Comparing database entry: var with Fréjus returned from geonames.
2025-08-17 16:43:38,712 INFO 📄 Index 1 | Name: Fréjus | fcl: P, fcode: PPL | ADM1: Provence-Alpes-Côte d'Azur, ADM2: Var, ADM3: Arrondissement of Draguignan, ADM4: Fréjus | Score: 67.38, Population: 53098 | Fuzzy match: 22.22222222222222
2025-08-17 16:43:38,712 INFO Comparing database entry: var with Hyères returned from geonames.
2025-08-17 16:43:38,712 INFO 📄 Index 2 | Name: Hyères | fcl: P, fcode: PPL | ADM1: Provence-Alpes-Côte d'Azur, ADM2: Var, ADM3: Arrondissement of Toulon, ADM4: Hyères | Score: 67.38, Population: 50487 | Fuzzy match: 22.22222222222222
2025-08-17 16:43:38,712 INFO Comparing database entry: var with La Valette-du-Var returned from geonames.
2025-08-17 16:43:38,712 INFO 📄 Index 3 | Name: La Valette-du-Var | fcl: P, fcode: PPL | ADM1: Provence-Alpes-Côte d'Azur, ADM2: Var, ADM3: Arrondissement of Toulon, ADM4: La Valette-du-Var | Score: 66.14, Population: 23134 | Fuzzy match: 30.000000000000004
2025-08-17 16:43:38,713 WARNING ❌ No match found with fuzzy score > 80 for city: var
2025-08-17 16:43:38,713 WARNING ❌ Lookup failed for city='var', iso2='FR'
