2025-08-17 16:44:49,470 INFO 🗺️ Starting GeoNames lookup for city='alverdiscott, devon', country='uk'
2025-08-17 16:44:49,470 INFO 📍 Location is present in the following articles: [ObjectId('67fa7e09eaa4fb525afebe27')]
2025-08-17 16:44:49,625 INFO Comparing database entry: alverdiscott, devon with Alverdiscott returned from geonames.
2025-08-17 16:44:49,626 INFO 📄 Index 0 | Name: Alverdiscott | fcl: A, fcode: ADM4 | ADM1: England, ADM2: Devon, ADM3: Torridge District, ADM4: Alverdiscott | Score: 17.23, Population: 0 | Fuzzy match: 77.41935483870968
2025-08-17 16:44:49,626 INFO Comparing database entry: alverdiscott, devon with Alverdiscott returned from geonames.
2025-08-17 16:44:49,626 INFO 📄 Index 1 | Name: Alverdiscott | fcl: P, fcode: PPL | ADM1: England, ADM2: Devon, ADM3: Torridge District, ADM4: Alverdiscott | Score: 11.56, Population: 0 | Fuzzy match: 77.41935483870968
2025-08-17 16:44:49,626 INFO Comparing database entry: alverdiscott, devon with Woodtown returned from geonames.
2025-08-17 16:44:49,626 INFO 📄 Index 2 | Name: Woodtown | fcl: P, fcode: PPL | ADM1: England, ADM2: Devon, ADM3: Torridge District, ADM4: Alverdiscott | Score: 8.70, Population: 0 | Fuzzy match: 29.629629629629626
2025-08-17 16:44:49,626 INFO Comparing database entry: alverdiscott, devon with Stony Cross returned from geonames.
2025-08-17 16:44:49,626 INFO 📄 Index 3 | Name: Stony Cross | fcl: P, fcode: PPL | ADM1: England, ADM2: Devon, ADM3: Torridge District, ADM4: Alverdiscott | Score: 8.70, Population: 0 | Fuzzy match: 33.333333333333336
2025-08-17 16:44:49,759 INFO Comparing database entry: alverdiscott, devon with Alverdiscott returned from geonames.
2025-08-17 16:44:49,759 INFO 📄 Index 0 | Name: Alverdiscott | fcl: A, fcode: ADM4 | ADM1: England, ADM2: Devon, ADM3: Torridge District, ADM4: Alverdiscott | Score: 17.23, Population: 0 | Fuzzy match: 77.41935483870968
2025-08-17 16:44:49,759 INFO Comparing database entry: alverdiscott, devon with Alverdiscott returned from geonames.
2025-08-17 16:44:49,759 INFO 📄 Index 1 | Name: Alverdiscott | fcl: P, fcode: PPL | ADM1: England, ADM2: Devon, ADM3: Torridge District, ADM4: Alverdiscott | Score: 11.56, Population: 0 | Fuzzy match: 77.41935483870968
2025-08-17 16:44:49,759 INFO Comparing database entry: alverdiscott, devon with Woodtown returned from geonames.
2025-08-17 16:44:49,759 INFO 📄 Index 2 | Name: Woodtown | fcl: P, fcode: PPL | ADM1: England, ADM2: Devon, ADM3: Torridge District, ADM4: Alverdiscott | Score: 8.70, Population: 0 | Fuzzy match: 29.629629629629626
2025-08-17 16:44:49,759 INFO Comparing database entry: alverdiscott, devon with Stony Cross returned from geonames.
2025-08-17 16:44:49,759 INFO 📄 Index 3 | Name: Stony Cross | fcl: P, fcode: PPL | ADM1: England, ADM2: Devon, ADM3: Torridge District, ADM4: Alverdiscott | Score: 8.70, Population: 0 | Fuzzy match: 33.333333333333336
2025-08-17 16:44:49,924 INFO Comparing database entry: alverdiscott, devon with Alverdiscott returned from geonames.
2025-08-17 16:44:49,925 INFO 📄 Index 0 | Name: Alverdiscott | fcl: A, fcode: ADM4 | ADM1: England, ADM2: Devon, ADM3: Torridge District, ADM4: Alverdiscott | Score: 17.23, Population: 0 | Fuzzy match: 77.41935483870968
2025-08-17 16:44:49,925 INFO Comparing database entry: alverdiscott, devon with Alverdiscott returned from geonames.
2025-08-17 16:44:49,925 INFO 📄 Index 1 | Name: Alverdiscott | fcl: P, fcode: PPL | ADM1: England, ADM2: Devon, ADM3: Torridge District, ADM4: Alverdiscott | Score: 11.56, Population: 0 | Fuzzy match: 77.41935483870968
2025-08-17 16:44:49,925 INFO Comparing database entry: alverdiscott, devon with Woodtown returned from geonames.
2025-08-17 16:44:49,925 INFO 📄 Index 2 | Name: Woodtown | fcl: P, fcode: PPL | ADM1: England, ADM2: Devon, ADM3: Torridge District, ADM4: Alverdiscott | Score: 8.70, Population: 0 | Fuzzy match: 29.629629629629626
2025-08-17 16:44:49,925 INFO Comparing database entry: alverdiscott, devon with Stony Cross returned from geonames.
2025-08-17 16:44:49,925 INFO 📄 Index 3 | Name: Stony Cross | fcl: P, fcode: PPL | ADM1: England, ADM2: Devon, ADM3: Torridge District, ADM4: Alverdiscott | Score: 8.70, Population: 0 | Fuzzy match: 33.333333333333336
2025-08-17 16:44:50,083 INFO Comparing database entry: alverdiscott, devon with Alverdiscott returned from geonames.
2025-08-17 16:44:50,083 INFO 📄 Index 0 | Name: Alverdiscott | fcl: A, fcode: ADM4 | ADM1: England, ADM2: Devon, ADM3: Torridge District, ADM4: Alverdiscott | Score: 17.23, Population: 0 | Fuzzy match: 77.41935483870968
2025-08-17 16:44:50,083 INFO Comparing database entry: alverdiscott, devon with Alverdiscott returned from geonames.
2025-08-17 16:44:50,083 INFO 📄 Index 1 | Name: Alverdiscott | fcl: P, fcode: PPL | ADM1: England, ADM2: Devon, ADM3: Torridge District, ADM4: Alverdiscott | Score: 11.56, Population: 0 | Fuzzy match: 77.41935483870968
2025-08-17 16:44:50,083 INFO Comparing database entry: alverdiscott, devon with Woodtown returned from geonames.
2025-08-17 16:44:50,084 INFO 📄 Index 2 | Name: Woodtown | fcl: P, fcode: PPL | ADM1: England, ADM2: Devon, ADM3: Torridge District, ADM4: Alverdiscott | Score: 8.70, Population: 0 | Fuzzy match: 29.629629629629626
2025-08-17 16:44:50,084 INFO Comparing database entry: alverdiscott, devon with Stony Cross returned from geonames.
2025-08-17 16:44:50,084 INFO 📄 Index 3 | Name: Stony Cross | fcl: P, fcode: PPL | ADM1: England, ADM2: Devon, ADM3: Torridge District, ADM4: Alverdiscott | Score: 8.70, Population: 0 | Fuzzy match: 33.333333333333336
2025-08-17 16:44:50,238 INFO Comparing database entry: alverdiscott, devon with Alverdiscott returned from geonames.
2025-08-17 16:44:50,238 INFO 📄 Index 0 | Name: Alverdiscott | fcl: A, fcode: ADM4 | ADM1: England, ADM2: Devon, ADM3: Torridge District, ADM4: Alverdiscott | Score: 17.23, Population: 0 | Fuzzy match: 77.41935483870968
2025-08-17 16:44:50,238 INFO Comparing database entry: alverdiscott, devon with Alverdiscott returned from geonames.
2025-08-17 16:44:50,239 INFO 📄 Index 1 | Name: Alverdiscott | fcl: P, fcode: PPL | ADM1: England, ADM2: Devon, ADM3: Torridge District, ADM4: Alverdiscott | Score: 11.56, Population: 0 | Fuzzy match: 77.41935483870968
2025-08-17 16:44:50,239 INFO Comparing database entry: alverdiscott, devon with Woodtown returned from geonames.
2025-08-17 16:44:50,239 INFO 📄 Index 2 | Name: Woodtown | fcl: P, fcode: PPL | ADM1: England, ADM2: Devon, ADM3: Torridge District, ADM4: Alverdiscott | Score: 8.70, Population: 0 | Fuzzy match: 29.629629629629626
2025-08-17 16:44:50,239 INFO Comparing database entry: alverdiscott, devon with Stony Cross returned from geonames.
2025-08-17 16:44:50,239 INFO 📄 Index 3 | Name: Stony Cross | fcl: P, fcode: PPL | ADM1: England, ADM2: Devon, ADM3: Torridge District, ADM4: Alverdiscott | Score: 8.70, Population: 0 | Fuzzy match: 33.333333333333336
2025-08-17 16:44:50,395 INFO Comparing database entry: alverdiscott, devon with Alverdiscott returned from geonames.
2025-08-17 16:44:50,395 INFO 📄 Index 0 | Name: Alverdiscott | fcl: A, fcode: ADM4 | ADM1: England, ADM2: Devon, ADM3: Torridge District, ADM4: Alverdiscott | Score: 17.23, Population: 0 | Fuzzy match: 77.41935483870968
2025-08-17 16:44:50,395 INFO Comparing database entry: alverdiscott, devon with Alverdiscott returned from geonames.
2025-08-17 16:44:50,396 INFO 📄 Index 1 | Name: Alverdiscott | fcl: P, fcode: PPL | ADM1: England, ADM2: Devon, ADM3: Torridge District, ADM4: Alverdiscott | Score: 11.56, Population: 0 | Fuzzy match: 77.41935483870968
2025-08-17 16:44:50,396 INFO Comparing database entry: alverdiscott, devon with Woodtown returned from geonames.
2025-08-17 16:44:50,396 INFO 📄 Index 2 | Name: Woodtown | fcl: P, fcode: PPL | ADM1: England, ADM2: Devon, ADM3: Torridge District, ADM4: Alverdiscott | Score: 8.70, Population: 0 | Fuzzy match: 29.629629629629626
2025-08-17 16:44:50,396 INFO Comparing database entry: alverdiscott, devon with Stony Cross returned from geonames.
2025-08-17 16:44:50,396 INFO 📄 Index 3 | Name: Stony Cross | fcl: P, fcode: PPL | ADM1: England, ADM2: Devon, ADM3: Torridge District, ADM4: Alverdiscott | Score: 8.70, Population: 0 | Fuzzy match: 33.333333333333336
2025-08-17 16:44:50,396 WARNING ❌ No match found with fuzzy score > 80 for city: alverdiscott, devon
2025-08-17 16:44:50,396 WARNING ❌ Lookup failed for city='alverdiscott_devon', iso2='GB'
