2025-08-18 16:00:14,282 INFO 🗺️ Starting GeoNames lookup for city='argyll', country='scotland'
2025-08-18 16:00:14,282 INFO 📍 Location is present in the following articles: [ObjectId('67fbf27994b7f855cfea6ade'), ObjectId('67fbf2da94b7f855cfea6c76')]
2025-08-18 16:00:14,753 INFO Comparing database entry: argyll with Islay returned from geonames.
2025-08-18 16:00:14,753 INFO 📄 Index 0 | Name: Islay | fcl: P, fcode: PPLL | ADM1: Scotland, ADM2: Argyll and Bute, ADM3: , ADM4:  | Score: 43.31, Population: 3457 | Fuzzy match: 36.36363636363637
2025-08-18 16:00:14,753 INFO Comparing database entry: argyll with Argyll and Bute returned from geonames.
2025-08-18 16:00:14,753 INFO 📄 Index 1 | Name: Argyll and Bute | fcl: A, fcode: ADM2 | ADM1: Scotland, ADM2: Argyll and Bute, ADM3: , ADM4:  | Score: 36.20, Population: 86220 | Fuzzy match: 57.14285714285714
2025-08-18 16:00:14,753 INFO Comparing database entry: argyll with Helensburgh returned from geonames.
2025-08-18 16:00:14,753 INFO 📄 Index 2 | Name: Helensburgh | fcl: P, fcode: PPL | ADM1: Scotland, ADM2: Argyll and Bute, ADM3: , ADM4:  | Score: 36.09, Population: 13720 | Fuzzy match: 23.529411764705888
2025-08-18 16:00:14,753 INFO Comparing database entry: argyll with Oban returned from geonames.
2025-08-18 16:00:14,753 INFO 📄 Index 3 | Name: Oban | fcl: P, fcode: PPL | ADM1: Scotland, ADM2: Argyll and Bute, ADM3: , ADM4:  | Score: 36.09, Population: 8540 | Fuzzy match: 19.999999999999996
2025-08-18 16:00:14,944 INFO Comparing database entry: argyll with Islay returned from geonames.
2025-08-18 16:00:14,944 INFO 📄 Index 0 | Name: Islay | fcl: P, fcode: PPLL | ADM1: Scotland, ADM2: Argyll and Bute, ADM3: , ADM4:  | Score: 43.31, Population: 3457 | Fuzzy match: 36.36363636363637
2025-08-18 16:00:14,944 INFO Comparing database entry: argyll with Argyll and Bute returned from geonames.
2025-08-18 16:00:14,944 INFO 📄 Index 1 | Name: Argyll and Bute | fcl: A, fcode: ADM2 | ADM1: Scotland, ADM2: Argyll and Bute, ADM3: , ADM4:  | Score: 36.20, Population: 86220 | Fuzzy match: 57.14285714285714
2025-08-18 16:00:14,944 INFO Comparing database entry: argyll with Helensburgh returned from geonames.
2025-08-18 16:00:14,944 INFO 📄 Index 2 | Name: Helensburgh | fcl: P, fcode: PPL | ADM1: Scotland, ADM2: Argyll and Bute, ADM3: , ADM4:  | Score: 36.09, Population: 13720 | Fuzzy match: 23.529411764705888
2025-08-18 16:00:14,944 INFO Comparing database entry: argyll with Oban returned from geonames.
2025-08-18 16:00:14,944 INFO 📄 Index 3 | Name: Oban | fcl: P, fcode: PPL | ADM1: Scotland, ADM2: Argyll and Bute, ADM3: , ADM4:  | Score: 36.09, Population: 8540 | Fuzzy match: 19.999999999999996
2025-08-18 16:00:15,086 INFO Comparing database entry: argyll with Islay returned from geonames.
2025-08-18 16:00:15,086 INFO 📄 Index 0 | Name: Islay | fcl: P, fcode: PPLL | ADM1: Scotland, ADM2: Argyll and Bute, ADM3: , ADM4:  | Score: 43.31, Population: 3457 | Fuzzy match: 36.36363636363637
2025-08-18 16:00:15,086 INFO Comparing database entry: argyll with Argyll and Bute returned from geonames.
2025-08-18 16:00:15,086 INFO 📄 Index 1 | Name: Argyll and Bute | fcl: A, fcode: ADM2 | ADM1: Scotland, ADM2: Argyll and Bute, ADM3: , ADM4:  | Score: 36.20, Population: 86220 | Fuzzy match: 57.14285714285714
2025-08-18 16:00:15,087 INFO Comparing database entry: argyll with Helensburgh returned from geonames.
2025-08-18 16:00:15,087 INFO 📄 Index 2 | Name: Helensburgh | fcl: P, fcode: PPL | ADM1: Scotland, ADM2: Argyll and Bute, ADM3: , ADM4:  | Score: 36.09, Population: 13720 | Fuzzy match: 23.529411764705888
2025-08-18 16:00:15,087 INFO Comparing database entry: argyll with Oban returned from geonames.
2025-08-18 16:00:15,087 INFO 📄 Index 3 | Name: Oban | fcl: P, fcode: PPL | ADM1: Scotland, ADM2: Argyll and Bute, ADM3: , ADM4:  | Score: 36.09, Population: 8540 | Fuzzy match: 19.999999999999996
2025-08-18 16:00:15,239 INFO Comparing database entry: argyll with Islay returned from geonames.
2025-08-18 16:00:15,239 INFO 📄 Index 0 | Name: Islay | fcl: P, fcode: PPLL | ADM1: Scotland, ADM2: Argyll and Bute, ADM3: , ADM4:  | Score: 43.31, Population: 3457 | Fuzzy match: 36.36363636363637
2025-08-18 16:00:15,239 INFO Comparing database entry: argyll with Argyll and Bute returned from geonames.
2025-08-18 16:00:15,239 INFO 📄 Index 1 | Name: Argyll and Bute | fcl: A, fcode: ADM2 | ADM1: Scotland, ADM2: Argyll and Bute, ADM3: , ADM4:  | Score: 36.20, Population: 86220 | Fuzzy match: 57.14285714285714
2025-08-18 16:00:15,239 INFO Comparing database entry: argyll with Helensburgh returned from geonames.
2025-08-18 16:00:15,239 INFO 📄 Index 2 | Name: Helensburgh | fcl: P, fcode: PPL | ADM1: Scotland, ADM2: Argyll and Bute, ADM3: , ADM4:  | Score: 36.09, Population: 13720 | Fuzzy match: 23.529411764705888
2025-08-18 16:00:15,239 INFO Comparing database entry: argyll with Oban returned from geonames.
2025-08-18 16:00:15,239 INFO 📄 Index 3 | Name: Oban | fcl: P, fcode: PPL | ADM1: Scotland, ADM2: Argyll and Bute, ADM3: , ADM4:  | Score: 36.09, Population: 8540 | Fuzzy match: 19.999999999999996
2025-08-18 16:00:15,397 INFO Comparing database entry: argyll with Islay returned from geonames.
2025-08-18 16:00:15,398 INFO 📄 Index 0 | Name: Islay | fcl: P, fcode: PPLL | ADM1: Scotland, ADM2: Argyll and Bute, ADM3: , ADM4:  | Score: 43.31, Population: 3457 | Fuzzy match: 36.36363636363637
2025-08-18 16:00:15,398 INFO Comparing database entry: argyll with Argyll and Bute returned from geonames.
2025-08-18 16:00:15,398 INFO 📄 Index 1 | Name: Argyll and Bute | fcl: A, fcode: ADM2 | ADM1: Scotland, ADM2: Argyll and Bute, ADM3: , ADM4:  | Score: 36.20, Population: 86220 | Fuzzy match: 57.14285714285714
2025-08-18 16:00:15,398 INFO Comparing database entry: argyll with Helensburgh returned from geonames.
2025-08-18 16:00:15,398 INFO 📄 Index 2 | Name: Helensburgh | fcl: P, fcode: PPL | ADM1: Scotland, ADM2: Argyll and Bute, ADM3: , ADM4:  | Score: 36.09, Population: 13720 | Fuzzy match: 23.529411764705888
2025-08-18 16:00:15,398 INFO Comparing database entry: argyll with Oban returned from geonames.
2025-08-18 16:00:15,398 INFO 📄 Index 3 | Name: Oban | fcl: P, fcode: PPL | ADM1: Scotland, ADM2: Argyll and Bute, ADM3: , ADM4:  | Score: 36.09, Population: 8540 | Fuzzy match: 19.999999999999996
2025-08-18 16:00:15,571 INFO Comparing database entry: argyll with Islay returned from geonames.
2025-08-18 16:00:15,572 INFO 📄 Index 0 | Name: Islay | fcl: P, fcode: PPLL | ADM1: Scotland, ADM2: Argyll and Bute, ADM3: , ADM4:  | Score: 43.31, Population: 3457 | Fuzzy match: 36.36363636363637
2025-08-18 16:00:15,572 INFO Comparing database entry: argyll with Argyll and Bute returned from geonames.
2025-08-18 16:00:15,572 INFO 📄 Index 1 | Name: Argyll and Bute | fcl: A, fcode: ADM2 | ADM1: Scotland, ADM2: Argyll and Bute, ADM3: , ADM4:  | Score: 36.20, Population: 86220 | Fuzzy match: 57.14285714285714
2025-08-18 16:00:15,572 INFO Comparing database entry: argyll with Helensburgh returned from geonames.
2025-08-18 16:00:15,572 INFO 📄 Index 2 | Name: Helensburgh | fcl: P, fcode: PPL | ADM1: Scotland, ADM2: Argyll and Bute, ADM3: , ADM4:  | Score: 36.09, Population: 13720 | Fuzzy match: 23.529411764705888
2025-08-18 16:00:15,572 INFO Comparing database entry: argyll with Oban returned from geonames.
2025-08-18 16:00:15,572 INFO 📄 Index 3 | Name: Oban | fcl: P, fcode: PPL | ADM1: Scotland, ADM2: Argyll and Bute, ADM3: , ADM4:  | Score: 36.09, Population: 8540 | Fuzzy match: 19.999999999999996
2025-08-18 16:00:15,572 WARNING ❌ No match found with fuzzy score > 80 for city: argyll
2025-08-18 16:00:15,572 WARNING ❌ Lookup failed for city='argyll', iso2='GB'
