2025-08-23 18:51:16,216 INFO 🗺️ Starting GeoNames lookup for city='blyth, northumberland', country='united kingdom'
2025-08-23 18:51:16,216 INFO 📍 Location is present in the following articles: [ObjectId('67f921d6f431fddd61d55c6c')]
2025-08-23 18:51:16,463 INFO Comparing database entry: blyth, northumberland with Blyth returned from geonames.
2025-08-23 18:51:16,464 INFO 📄 Index 0 | Name: Blyth | fcl: P, fcode: PPLA3 | ADM1: England, ADM2: Northumberland, ADM3: Blyth, ADM4:  | Latitude: 55.12708, Longitude: -1.50856 | Score: 33.22, Population: 37339 | Fuzzy match: 38.46153846153846
2025-08-23 18:51:16,464 INFO Comparing database entry: blyth, northumberland with Cowpen returned from geonames.
2025-08-23 18:51:16,464 INFO 📄 Index 1 | Name: Cowpen | fcl: P, fcode: PPL | ADM1: England, ADM2: Northumberland, ADM3: Blyth, ADM4:  | Latitude: 55.12728, Longitude: -1.54033 | Score: 23.25, Population: 4466 | Fuzzy match: 22.22222222222222
2025-08-23 18:51:16,464 INFO Comparing database entry: blyth, northumberland with Blyth returned from geonames.
2025-08-23 18:51:16,464 INFO 📄 Index 2 | Name: Blyth | fcl: A, fcode: ADM3 | ADM1: England, ADM2: Northumberland, ADM3: Blyth, ADM4:  | Latitude: 55.11775, Longitude: -1.53835 | Score: 21.09, Population: 0 | Fuzzy match: 38.46153846153846
2025-08-23 18:51:16,464 INFO Comparing database entry: blyth, northumberland with Bebside returned from geonames.
2025-08-23 18:51:16,464 INFO 📄 Index 3 | Name: Bebside | fcl: P, fcode: PPL | ADM1: England, ADM2: Northumberland, ADM3: Blyth, ADM4:  | Latitude: 55.12943, Longitude: -1.55783 | Score: 19.71, Population: 0 | Fuzzy match: 21.42857142857143
2025-08-23 18:51:16,593 INFO Comparing database entry: blyth, northumberland with Blyth returned from geonames.
2025-08-23 18:51:16,594 INFO 📄 Index 0 | Name: Blyth | fcl: P, fcode: PPLA3 | ADM1: England, ADM2: Northumberland, ADM3: Blyth, ADM4:  | Latitude: 55.12708, Longitude: -1.50856 | Score: 33.22, Population: 37339 | Fuzzy match: 38.46153846153846
2025-08-23 18:51:16,594 INFO Comparing database entry: blyth, northumberland with Cowpen returned from geonames.
2025-08-23 18:51:16,594 INFO 📄 Index 1 | Name: Cowpen | fcl: P, fcode: PPL | ADM1: England, ADM2: Northumberland, ADM3: Blyth, ADM4:  | Latitude: 55.12728, Longitude: -1.54033 | Score: 23.25, Population: 4466 | Fuzzy match: 22.22222222222222
2025-08-23 18:51:16,594 INFO Comparing database entry: blyth, northumberland with Blyth returned from geonames.
2025-08-23 18:51:16,594 INFO 📄 Index 2 | Name: Blyth | fcl: A, fcode: ADM3 | ADM1: England, ADM2: Northumberland, ADM3: Blyth, ADM4:  | Latitude: 55.11775, Longitude: -1.53835 | Score: 21.09, Population: 0 | Fuzzy match: 38.46153846153846
2025-08-23 18:51:16,594 INFO Comparing database entry: blyth, northumberland with Bebside returned from geonames.
2025-08-23 18:51:16,594 INFO 📄 Index 3 | Name: Bebside | fcl: P, fcode: PPL | ADM1: England, ADM2: Northumberland, ADM3: Blyth, ADM4:  | Latitude: 55.12943, Longitude: -1.55783 | Score: 19.71, Population: 0 | Fuzzy match: 21.42857142857143
2025-08-23 18:51:16,765 INFO Comparing database entry: blyth, northumberland with Blyth returned from geonames.
2025-08-23 18:51:16,765 INFO 📄 Index 0 | Name: Blyth | fcl: P, fcode: PPLA3 | ADM1: England, ADM2: Northumberland, ADM3: Blyth, ADM4:  | Latitude: 55.12708, Longitude: -1.50856 | Score: 33.22, Population: 37339 | Fuzzy match: 38.46153846153846
2025-08-23 18:51:16,765 INFO Comparing database entry: blyth, northumberland with Cowpen returned from geonames.
2025-08-23 18:51:16,765 INFO 📄 Index 1 | Name: Cowpen | fcl: P, fcode: PPL | ADM1: England, ADM2: Northumberland, ADM3: Blyth, ADM4:  | Latitude: 55.12728, Longitude: -1.54033 | Score: 23.25, Population: 4466 | Fuzzy match: 22.22222222222222
2025-08-23 18:51:16,765 INFO Comparing database entry: blyth, northumberland with Blyth returned from geonames.
2025-08-23 18:51:16,765 INFO 📄 Index 2 | Name: Blyth | fcl: A, fcode: ADM3 | ADM1: England, ADM2: Northumberland, ADM3: Blyth, ADM4:  | Latitude: 55.11775, Longitude: -1.53835 | Score: 21.09, Population: 0 | Fuzzy match: 38.46153846153846
2025-08-23 18:51:16,765 INFO Comparing database entry: blyth, northumberland with Bebside returned from geonames.
2025-08-23 18:51:16,765 INFO 📄 Index 3 | Name: Bebside | fcl: P, fcode: PPL | ADM1: England, ADM2: Northumberland, ADM3: Blyth, ADM4:  | Latitude: 55.12943, Longitude: -1.55783 | Score: 19.71, Population: 0 | Fuzzy match: 21.42857142857143
2025-08-23 18:51:16,929 INFO Comparing database entry: blyth, northumberland with Blyth returned from geonames.
2025-08-23 18:51:16,929 INFO 📄 Index 0 | Name: Blyth | fcl: P, fcode: PPLA3 | ADM1: England, ADM2: Northumberland, ADM3: Blyth, ADM4:  | Latitude: 55.12708, Longitude: -1.50856 | Score: 33.22, Population: 37339 | Fuzzy match: 38.46153846153846
2025-08-23 18:51:16,929 INFO Comparing database entry: blyth, northumberland with Cowpen returned from geonames.
2025-08-23 18:51:16,930 INFO 📄 Index 1 | Name: Cowpen | fcl: P, fcode: PPL | ADM1: England, ADM2: Northumberland, ADM3: Blyth, ADM4:  | Latitude: 55.12728, Longitude: -1.54033 | Score: 23.25, Population: 4466 | Fuzzy match: 22.22222222222222
2025-08-23 18:51:16,930 INFO Comparing database entry: blyth, northumberland with Blyth returned from geonames.
2025-08-23 18:51:16,930 INFO 📄 Index 2 | Name: Blyth | fcl: A, fcode: ADM3 | ADM1: England, ADM2: Northumberland, ADM3: Blyth, ADM4:  | Latitude: 55.11775, Longitude: -1.53835 | Score: 21.09, Population: 0 | Fuzzy match: 38.46153846153846
2025-08-23 18:51:16,930 INFO Comparing database entry: blyth, northumberland with Bebside returned from geonames.
2025-08-23 18:51:16,930 INFO 📄 Index 3 | Name: Bebside | fcl: P, fcode: PPL | ADM1: England, ADM2: Northumberland, ADM3: Blyth, ADM4:  | Latitude: 55.12943, Longitude: -1.55783 | Score: 19.71, Population: 0 | Fuzzy match: 21.42857142857143
2025-08-23 18:51:17,085 INFO Comparing database entry: blyth, northumberland with Blyth returned from geonames.
2025-08-23 18:51:17,085 INFO 📄 Index 0 | Name: Blyth | fcl: P, fcode: PPLA3 | ADM1: England, ADM2: Northumberland, ADM3: Blyth, ADM4:  | Latitude: 55.12708, Longitude: -1.50856 | Score: 33.22, Population: 37339 | Fuzzy match: 38.46153846153846
2025-08-23 18:51:17,085 INFO Comparing database entry: blyth, northumberland with Cowpen returned from geonames.
2025-08-23 18:51:17,085 INFO 📄 Index 1 | Name: Cowpen | fcl: P, fcode: PPL | ADM1: England, ADM2: Northumberland, ADM3: Blyth, ADM4:  | Latitude: 55.12728, Longitude: -1.54033 | Score: 23.25, Population: 4466 | Fuzzy match: 22.22222222222222
2025-08-23 18:51:17,085 INFO Comparing database entry: blyth, northumberland with Blyth returned from geonames.
2025-08-23 18:51:17,085 INFO 📄 Index 2 | Name: Blyth | fcl: A, fcode: ADM3 | ADM1: England, ADM2: Northumberland, ADM3: Blyth, ADM4:  | Latitude: 55.11775, Longitude: -1.53835 | Score: 21.09, Population: 0 | Fuzzy match: 38.46153846153846
2025-08-23 18:51:17,085 INFO Comparing database entry: blyth, northumberland with Bebside returned from geonames.
2025-08-23 18:51:17,086 INFO 📄 Index 3 | Name: Bebside | fcl: P, fcode: PPL | ADM1: England, ADM2: Northumberland, ADM3: Blyth, ADM4:  | Latitude: 55.12943, Longitude: -1.55783 | Score: 19.71, Population: 0 | Fuzzy match: 21.42857142857143
2025-08-23 18:51:17,283 INFO Comparing database entry: blyth, northumberland with Blyth returned from geonames.
2025-08-23 18:51:17,283 INFO 📄 Index 0 | Name: Blyth | fcl: P, fcode: PPLA3 | ADM1: England, ADM2: Northumberland, ADM3: Blyth, ADM4:  | Latitude: 55.12708, Longitude: -1.50856 | Score: 33.22, Population: 37339 | Fuzzy match: 38.46153846153846
2025-08-23 18:51:17,283 INFO Comparing database entry: blyth, northumberland with Cowpen returned from geonames.
2025-08-23 18:51:17,283 INFO 📄 Index 1 | Name: Cowpen | fcl: P, fcode: PPL | ADM1: England, ADM2: Northumberland, ADM3: Blyth, ADM4:  | Latitude: 55.12728, Longitude: -1.54033 | Score: 23.25, Population: 4466 | Fuzzy match: 22.22222222222222
2025-08-23 18:51:17,283 INFO Comparing database entry: blyth, northumberland with Blyth returned from geonames.
2025-08-23 18:51:17,283 INFO 📄 Index 2 | Name: Blyth | fcl: A, fcode: ADM3 | ADM1: England, ADM2: Northumberland, ADM3: Blyth, ADM4:  | Latitude: 55.11775, Longitude: -1.53835 | Score: 21.09, Population: 0 | Fuzzy match: 38.46153846153846
2025-08-23 18:51:17,283 INFO Comparing database entry: blyth, northumberland with Bebside returned from geonames.
2025-08-23 18:51:17,283 INFO 📄 Index 3 | Name: Bebside | fcl: P, fcode: PPL | ADM1: England, ADM2: Northumberland, ADM3: Blyth, ADM4:  | Latitude: 55.12943, Longitude: -1.55783 | Score: 19.71, Population: 0 | Fuzzy match: 21.42857142857143
2025-08-23 18:51:17,283 WARNING ❌ No match found with fuzzy score > 80 for city: blyth, northumberland
2025-08-23 18:51:17,284 WARNING ❌ Lookup failed for city='blyth_northumberland', iso2='GB'
