2025-08-18 21:22:39,085 INFO 🗺️ Starting GeoNames lookup for city='cheshire', country='united kingdom'
2025-08-18 21:22:39,085 INFO 📍 Location is present in the following articles: [ObjectId('67fa620138fb90ab92f8c064'), ObjectId('67fa625838fb90ab92f8c188')]
2025-08-18 21:22:39,558 INFO Comparing database entry: cheshire with Chester returned from geonames.
2025-08-18 21:22:39,558 INFO 📄 Index 0 | Name: Chester | fcl: P, fcode: PPLA2 | ADM1: England, ADM2: Cheshire, ADM3: , ADM4:  | Latitude: 53.1905, Longitude: -2.89189 | Score: 58.18, Population: 90524 | Fuzzy match: 66.66666666666667
2025-08-18 21:22:39,559 INFO Comparing database entry: cheshire with Crewe returned from geonames.
2025-08-18 21:22:39,559 INFO 📄 Index 1 | Name: Crewe | fcl: P, fcode: PPL | ADM1: England, ADM2: Cheshire East, ADM3: Shavington cum Gresty, ADM4:  | Latitude: 53.09787, Longitude: -2.44161 | Score: 49.20, Population: 75556 | Fuzzy match: 46.15384615384615
2025-08-18 21:22:39,559 INFO Comparing database entry: cheshire with Warrington returned from geonames.
2025-08-18 21:22:39,559 INFO 📄 Index 2 | Name: Warrington | fcl: P, fcode: PPLA2 | ADM1: England, ADM2: Warrington, ADM3: , ADM4:  | Latitude: 53.39254, Longitude: -2.58024 | Score: 46.72, Population: 172330 | Fuzzy match: 11.111111111111116
2025-08-18 21:22:39,559 INFO Comparing database entry: cheshire with Macclesfield returned from geonames.
2025-08-18 21:22:39,559 INFO 📄 Index 3 | Name: Macclesfield | fcl: P, fcode: PPL | ADM1: England, ADM2: Cheshire East, ADM3: Sutton, ADM4:  | Latitude: 53.26023, Longitude: -2.12564 | Score: 43.32, Population: 63954 | Fuzzy match: 50.0
2025-08-18 21:22:39,996 INFO Comparing database entry: cheshire with Chester returned from geonames.
2025-08-18 21:22:39,996 INFO 📄 Index 0 | Name: Chester | fcl: P, fcode: PPLA2 | ADM1: England, ADM2: Cheshire, ADM3: , ADM4:  | Latitude: 53.1905, Longitude: -2.89189 | Score: 58.18, Population: 90524 | Fuzzy match: 66.66666666666667
2025-08-18 21:22:39,996 INFO Comparing database entry: cheshire with Crewe returned from geonames.
2025-08-18 21:22:39,996 INFO 📄 Index 1 | Name: Crewe | fcl: P, fcode: PPL | ADM1: England, ADM2: Cheshire East, ADM3: Shavington cum Gresty, ADM4:  | Latitude: 53.09787, Longitude: -2.44161 | Score: 49.20, Population: 75556 | Fuzzy match: 46.15384615384615
2025-08-18 21:22:39,996 INFO Comparing database entry: cheshire with Warrington returned from geonames.
2025-08-18 21:22:39,996 INFO 📄 Index 2 | Name: Warrington | fcl: P, fcode: PPLA2 | ADM1: England, ADM2: Warrington, ADM3: , ADM4:  | Latitude: 53.39254, Longitude: -2.58024 | Score: 46.72, Population: 172330 | Fuzzy match: 11.111111111111116
2025-08-18 21:22:39,996 INFO Comparing database entry: cheshire with Macclesfield returned from geonames.
2025-08-18 21:22:39,996 INFO 📄 Index 3 | Name: Macclesfield | fcl: P, fcode: PPL | ADM1: England, ADM2: Cheshire East, ADM3: Sutton, ADM4:  | Latitude: 53.26023, Longitude: -2.12564 | Score: 43.32, Population: 63954 | Fuzzy match: 50.0
2025-08-18 21:22:40,416 INFO Comparing database entry: cheshire with Chester returned from geonames.
2025-08-18 21:22:40,416 INFO 📄 Index 0 | Name: Chester | fcl: P, fcode: PPLA2 | ADM1: England, ADM2: Cheshire, ADM3: , ADM4:  | Latitude: 53.1905, Longitude: -2.89189 | Score: 58.18, Population: 90524 | Fuzzy match: 66.66666666666667
2025-08-18 21:22:40,416 INFO Comparing database entry: cheshire with Crewe returned from geonames.
2025-08-18 21:22:40,416 INFO 📄 Index 1 | Name: Crewe | fcl: P, fcode: PPL | ADM1: England, ADM2: Cheshire East, ADM3: Shavington cum Gresty, ADM4:  | Latitude: 53.09787, Longitude: -2.44161 | Score: 49.20, Population: 75556 | Fuzzy match: 46.15384615384615
2025-08-18 21:22:40,416 INFO Comparing database entry: cheshire with Warrington returned from geonames.
2025-08-18 21:22:40,416 INFO 📄 Index 2 | Name: Warrington | fcl: P, fcode: PPLA2 | ADM1: England, ADM2: Warrington, ADM3: , ADM4:  | Latitude: 53.39254, Longitude: -2.58024 | Score: 46.72, Population: 172330 | Fuzzy match: 11.111111111111116
2025-08-18 21:22:40,416 INFO Comparing database entry: cheshire with Macclesfield returned from geonames.
2025-08-18 21:22:40,416 INFO 📄 Index 3 | Name: Macclesfield | fcl: P, fcode: PPL | ADM1: England, ADM2: Cheshire East, ADM3: Sutton, ADM4:  | Latitude: 53.26023, Longitude: -2.12564 | Score: 43.32, Population: 63954 | Fuzzy match: 50.0
2025-08-18 21:22:40,813 INFO Comparing database entry: cheshire with Chester returned from geonames.
2025-08-18 21:22:40,813 INFO 📄 Index 0 | Name: Chester | fcl: P, fcode: PPLA2 | ADM1: England, ADM2: Cheshire, ADM3: , ADM4:  | Latitude: 53.1905, Longitude: -2.89189 | Score: 58.18, Population: 90524 | Fuzzy match: 66.66666666666667
2025-08-18 21:22:40,813 INFO Comparing database entry: cheshire with Crewe returned from geonames.
2025-08-18 21:22:40,813 INFO 📄 Index 1 | Name: Crewe | fcl: P, fcode: PPL | ADM1: England, ADM2: Cheshire East, ADM3: Shavington cum Gresty, ADM4:  | Latitude: 53.09787, Longitude: -2.44161 | Score: 49.20, Population: 75556 | Fuzzy match: 46.15384615384615
2025-08-18 21:22:40,813 INFO Comparing database entry: cheshire with Warrington returned from geonames.
2025-08-18 21:22:40,813 INFO 📄 Index 2 | Name: Warrington | fcl: P, fcode: PPLA2 | ADM1: England, ADM2: Warrington, ADM3: , ADM4:  | Latitude: 53.39254, Longitude: -2.58024 | Score: 46.72, Population: 172330 | Fuzzy match: 11.111111111111116
2025-08-18 21:22:40,813 INFO Comparing database entry: cheshire with Macclesfield returned from geonames.
2025-08-18 21:22:40,813 INFO 📄 Index 3 | Name: Macclesfield | fcl: P, fcode: PPL | ADM1: England, ADM2: Cheshire East, ADM3: Sutton, ADM4:  | Latitude: 53.26023, Longitude: -2.12564 | Score: 43.32, Population: 63954 | Fuzzy match: 50.0
2025-08-18 21:22:41,250 INFO Comparing database entry: cheshire with Chester returned from geonames.
2025-08-18 21:22:41,250 INFO 📄 Index 0 | Name: Chester | fcl: P, fcode: PPLA2 | ADM1: England, ADM2: Cheshire, ADM3: , ADM4:  | Latitude: 53.1905, Longitude: -2.89189 | Score: 58.18, Population: 90524 | Fuzzy match: 66.66666666666667
2025-08-18 21:22:41,250 INFO Comparing database entry: cheshire with Crewe returned from geonames.
2025-08-18 21:22:41,250 INFO 📄 Index 1 | Name: Crewe | fcl: P, fcode: PPL | ADM1: England, ADM2: Cheshire East, ADM3: Shavington cum Gresty, ADM4:  | Latitude: 53.09787, Longitude: -2.44161 | Score: 49.20, Population: 75556 | Fuzzy match: 46.15384615384615
2025-08-18 21:22:41,250 INFO Comparing database entry: cheshire with Warrington returned from geonames.
2025-08-18 21:22:41,250 INFO 📄 Index 2 | Name: Warrington | fcl: P, fcode: PPLA2 | ADM1: England, ADM2: Warrington, ADM3: , ADM4:  | Latitude: 53.39254, Longitude: -2.58024 | Score: 46.72, Population: 172330 | Fuzzy match: 11.111111111111116
2025-08-18 21:22:41,250 INFO Comparing database entry: cheshire with Macclesfield returned from geonames.
2025-08-18 21:22:41,250 INFO 📄 Index 3 | Name: Macclesfield | fcl: P, fcode: PPL | ADM1: England, ADM2: Cheshire East, ADM3: Sutton, ADM4:  | Latitude: 53.26023, Longitude: -2.12564 | Score: 43.32, Population: 63954 | Fuzzy match: 50.0
2025-08-18 21:22:41,750 INFO Comparing database entry: cheshire with Chester returned from geonames.
2025-08-18 21:22:41,751 INFO 📄 Index 0 | Name: Chester | fcl: P, fcode: PPLA2 | ADM1: England, ADM2: Cheshire, ADM3: , ADM4:  | Latitude: 53.1905, Longitude: -2.89189 | Score: 58.18, Population: 90524 | Fuzzy match: 66.66666666666667
2025-08-18 21:22:41,751 INFO Comparing database entry: cheshire with Crewe returned from geonames.
2025-08-18 21:22:41,751 INFO 📄 Index 1 | Name: Crewe | fcl: P, fcode: PPL | ADM1: England, ADM2: Cheshire East, ADM3: Shavington cum Gresty, ADM4:  | Latitude: 53.09787, Longitude: -2.44161 | Score: 49.20, Population: 75556 | Fuzzy match: 46.15384615384615
2025-08-18 21:22:41,751 INFO Comparing database entry: cheshire with Warrington returned from geonames.
2025-08-18 21:22:41,751 INFO 📄 Index 2 | Name: Warrington | fcl: P, fcode: PPLA2 | ADM1: England, ADM2: Warrington, ADM3: , ADM4:  | Latitude: 53.39254, Longitude: -2.58024 | Score: 46.72, Population: 172330 | Fuzzy match: 11.111111111111116
2025-08-18 21:22:41,751 INFO Comparing database entry: cheshire with Macclesfield returned from geonames.
2025-08-18 21:22:41,751 INFO 📄 Index 3 | Name: Macclesfield | fcl: P, fcode: PPL | ADM1: England, ADM2: Cheshire East, ADM3: Sutton, ADM4:  | Latitude: 53.26023, Longitude: -2.12564 | Score: 43.32, Population: 63954 | Fuzzy match: 50.0
2025-08-18 21:22:41,751 WARNING ❌ No match found with fuzzy score > 80 for city: cheshire
2025-08-18 21:22:41,751 WARNING ❌ Lookup failed for city='cheshire', iso2='GB'
