2025-08-17 16:02:23,502 INFO 🗺️ Starting GeoNames lookup for city='county durham', country='united kingdom'
2025-08-17 16:02:23,502 INFO 📍 Location is present in the following articles: [ObjectId('67fa753feaa4fb525afeae6a')]
2025-08-17 16:02:23,795 INFO Comparing database entry: county durham with Durham returned from geonames.
2025-08-17 16:02:23,795 INFO 📄 Index 0 | Name: Durham | fcl: P, fcode: PPLA2 | ADM1: England, ADM2: Durham, ADM3: , ADM4:  | Score: 53.84, Population: 47785 | Fuzzy match: 63.1578947368421
2025-08-17 16:02:23,795 INFO Comparing database entry: county durham with Durham returned from geonames.
2025-08-17 16:02:23,795 INFO 📄 Index 1 | Name: Durham | fcl: A, fcode: ADM2 | ADM1: England, ADM2: Durham, ADM3: , ADM4:  | Score: 38.25, Population: 872075 | Fuzzy match: 63.1578947368421
2025-08-17 16:02:23,795 INFO Comparing database entry: county durham with Consett returned from geonames.
2025-08-17 16:02:23,796 INFO 📄 Index 2 | Name: Consett | fcl: P, fcode: PPL | ADM1: England, ADM2: Durham, ADM3: Healeyfield, ADM4:  | Score: 30.72, Population: 29137 | Fuzzy match: 40.0
2025-08-17 16:02:23,796 INFO Comparing database entry: county durham with Annfield Plain returned from geonames.
2025-08-17 16:02:23,796 INFO 📄 Index 3 | Name: Annfield Plain | fcl: P, fcode: PPL | ADM1: England, ADM2: Durham, ADM3: Stanley, ADM4:  | Score: 29.84, Population: 10406 | Fuzzy match: 22.22222222222222
2025-08-17 16:02:23,956 INFO Comparing database entry: county durham with Durham returned from geonames.
2025-08-17 16:02:23,956 INFO 📄 Index 0 | Name: Durham | fcl: P, fcode: PPLA2 | ADM1: England, ADM2: Durham, ADM3: , ADM4:  | Score: 53.84, Population: 47785 | Fuzzy match: 63.1578947368421
2025-08-17 16:02:23,956 INFO Comparing database entry: county durham with Durham returned from geonames.
2025-08-17 16:02:23,956 INFO 📄 Index 1 | Name: Durham | fcl: A, fcode: ADM2 | ADM1: England, ADM2: Durham, ADM3: , ADM4:  | Score: 38.25, Population: 872075 | Fuzzy match: 63.1578947368421
2025-08-17 16:02:23,956 INFO Comparing database entry: county durham with Consett returned from geonames.
2025-08-17 16:02:23,956 INFO 📄 Index 2 | Name: Consett | fcl: P, fcode: PPL | ADM1: England, ADM2: Durham, ADM3: Healeyfield, ADM4:  | Score: 30.72, Population: 29137 | Fuzzy match: 40.0
2025-08-17 16:02:23,956 INFO Comparing database entry: county durham with Annfield Plain returned from geonames.
2025-08-17 16:02:23,956 INFO 📄 Index 3 | Name: Annfield Plain | fcl: P, fcode: PPL | ADM1: England, ADM2: Durham, ADM3: Stanley, ADM4:  | Score: 29.84, Population: 10406 | Fuzzy match: 22.22222222222222
2025-08-17 16:02:24,136 INFO Comparing database entry: county durham with Durham returned from geonames.
2025-08-17 16:02:24,136 INFO 📄 Index 0 | Name: Durham | fcl: P, fcode: PPLA2 | ADM1: England, ADM2: Durham, ADM3: , ADM4:  | Score: 53.84, Population: 47785 | Fuzzy match: 63.1578947368421
2025-08-17 16:02:24,137 INFO Comparing database entry: county durham with Durham returned from geonames.
2025-08-17 16:02:24,137 INFO 📄 Index 1 | Name: Durham | fcl: A, fcode: ADM2 | ADM1: England, ADM2: Durham, ADM3: , ADM4:  | Score: 38.25, Population: 872075 | Fuzzy match: 63.1578947368421
2025-08-17 16:02:24,137 INFO Comparing database entry: county durham with Consett returned from geonames.
2025-08-17 16:02:24,137 INFO 📄 Index 2 | Name: Consett | fcl: P, fcode: PPL | ADM1: England, ADM2: Durham, ADM3: Healeyfield, ADM4:  | Score: 30.72, Population: 29137 | Fuzzy match: 40.0
2025-08-17 16:02:24,137 INFO Comparing database entry: county durham with Annfield Plain returned from geonames.
2025-08-17 16:02:24,137 INFO 📄 Index 3 | Name: Annfield Plain | fcl: P, fcode: PPL | ADM1: England, ADM2: Durham, ADM3: Stanley, ADM4:  | Score: 29.84, Population: 10406 | Fuzzy match: 22.22222222222222
2025-08-17 16:02:24,297 INFO Comparing database entry: county durham with Durham returned from geonames.
2025-08-17 16:02:24,297 INFO 📄 Index 0 | Name: Durham | fcl: P, fcode: PPLA2 | ADM1: England, ADM2: Durham, ADM3: , ADM4:  | Score: 53.84, Population: 47785 | Fuzzy match: 63.1578947368421
2025-08-17 16:02:24,297 INFO Comparing database entry: county durham with Durham returned from geonames.
2025-08-17 16:02:24,297 INFO 📄 Index 1 | Name: Durham | fcl: A, fcode: ADM2 | ADM1: England, ADM2: Durham, ADM3: , ADM4:  | Score: 38.25, Population: 872075 | Fuzzy match: 63.1578947368421
2025-08-17 16:02:24,297 INFO Comparing database entry: county durham with Consett returned from geonames.
2025-08-17 16:02:24,297 INFO 📄 Index 2 | Name: Consett | fcl: P, fcode: PPL | ADM1: England, ADM2: Durham, ADM3: Healeyfield, ADM4:  | Score: 30.72, Population: 29137 | Fuzzy match: 40.0
2025-08-17 16:02:24,298 INFO Comparing database entry: county durham with Annfield Plain returned from geonames.
2025-08-17 16:02:24,298 INFO 📄 Index 3 | Name: Annfield Plain | fcl: P, fcode: PPL | ADM1: England, ADM2: Durham, ADM3: Stanley, ADM4:  | Score: 29.84, Population: 10406 | Fuzzy match: 22.22222222222222
2025-08-17 16:02:24,484 INFO Comparing database entry: county durham with Durham returned from geonames.
2025-08-17 16:02:24,485 INFO 📄 Index 0 | Name: Durham | fcl: P, fcode: PPLA2 | ADM1: England, ADM2: Durham, ADM3: , ADM4:  | Score: 53.84, Population: 47785 | Fuzzy match: 63.1578947368421
2025-08-17 16:02:24,485 INFO Comparing database entry: county durham with Durham returned from geonames.
2025-08-17 16:02:24,485 INFO 📄 Index 1 | Name: Durham | fcl: A, fcode: ADM2 | ADM1: England, ADM2: Durham, ADM3: , ADM4:  | Score: 38.25, Population: 872075 | Fuzzy match: 63.1578947368421
2025-08-17 16:02:24,485 INFO Comparing database entry: county durham with Consett returned from geonames.
2025-08-17 16:02:24,485 INFO 📄 Index 2 | Name: Consett | fcl: P, fcode: PPL | ADM1: England, ADM2: Durham, ADM3: Healeyfield, ADM4:  | Score: 30.72, Population: 29137 | Fuzzy match: 40.0
2025-08-17 16:02:24,485 INFO Comparing database entry: county durham with Annfield Plain returned from geonames.
2025-08-17 16:02:24,485 INFO 📄 Index 3 | Name: Annfield Plain | fcl: P, fcode: PPL | ADM1: England, ADM2: Durham, ADM3: Stanley, ADM4:  | Score: 29.84, Population: 10406 | Fuzzy match: 22.22222222222222
2025-08-17 16:02:24,664 INFO Comparing database entry: county durham with Durham returned from geonames.
2025-08-17 16:02:24,665 INFO 📄 Index 0 | Name: Durham | fcl: P, fcode: PPLA2 | ADM1: England, ADM2: Durham, ADM3: , ADM4:  | Score: 53.84, Population: 47785 | Fuzzy match: 63.1578947368421
2025-08-17 16:02:24,665 INFO Comparing database entry: county durham with Durham returned from geonames.
2025-08-17 16:02:24,665 INFO 📄 Index 1 | Name: Durham | fcl: A, fcode: ADM2 | ADM1: England, ADM2: Durham, ADM3: , ADM4:  | Score: 38.25, Population: 872075 | Fuzzy match: 63.1578947368421
2025-08-17 16:02:24,665 INFO Comparing database entry: county durham with Consett returned from geonames.
2025-08-17 16:02:24,665 INFO 📄 Index 2 | Name: Consett | fcl: P, fcode: PPL | ADM1: England, ADM2: Durham, ADM3: Healeyfield, ADM4:  | Score: 30.72, Population: 29137 | Fuzzy match: 40.0
2025-08-17 16:02:24,665 INFO Comparing database entry: county durham with Annfield Plain returned from geonames.
2025-08-17 16:02:24,665 INFO 📄 Index 3 | Name: Annfield Plain | fcl: P, fcode: PPL | ADM1: England, ADM2: Durham, ADM3: Stanley, ADM4:  | Score: 29.84, Population: 10406 | Fuzzy match: 22.22222222222222
2025-08-17 16:02:24,665 WARNING ❌ No match found with fuzzy score > 80 for city: county durham
2025-08-17 16:02:24,665 WARNING ❌ Lookup failed for city='county_durham', iso2='GB'
