2025-08-23 18:51:20,371 INFO 🗺️ Starting GeoNames lookup for city='england', country='united kingdom'
2025-08-23 18:51:20,371 INFO 📍 Location is present in the following articles: [ObjectId('67fa622d38fb90ab92f8c0f6')]
2025-08-23 18:51:20,621 INFO Comparing database entry: england with London returned from geonames.
2025-08-23 18:51:20,621 INFO 📄 Index 0 | Name: London | fcl: P, fcode: PPLC | ADM1: England, ADM2: Greater London, ADM3: , ADM4:  | Latitude: 51.50853, Longitude: -0.12574 | Score: 162.79, Population: 8961989 | Fuzzy match: 46.15384615384615
2025-08-23 18:51:20,621 INFO Comparing database entry: england with Birmingham returned from geonames.
2025-08-23 18:51:20,621 INFO 📄 Index 1 | Name: Birmingham | fcl: P, fcode: PPLA2 | ADM1: England, ADM2: Birmingham, ADM3: , ADM4:  | Latitude: 52.48142, Longitude: -1.89983 | Score: 130.67, Population: 1144919 | Fuzzy match: 35.29411764705882
2025-08-23 18:51:20,621 INFO Comparing database entry: england with Liverpool returned from geonames.
2025-08-23 18:51:20,621 INFO 📄 Index 2 | Name: Liverpool | fcl: P, fcode: PPLA2 | ADM1: England, ADM2: Liverpool, ADM3: , ADM4:  | Latitude: 53.41058, Longitude: -2.97794 | Score: 114.06, Population: 864122 | Fuzzy match: 25.0
2025-08-23 18:51:20,621 INFO Comparing database entry: england with Sheffield returned from geonames.
2025-08-23 18:51:20,621 INFO 📄 Index 3 | Name: Sheffield | fcl: P, fcode: PPLA2 | ADM1: England, ADM2: Sheffield, ADM3: , ADM4:  | Latitude: 53.38297, Longitude: -1.4659 | Score: 114.06, Population: 556500 | Fuzzy match: 37.5
2025-08-23 18:51:20,824 INFO Comparing database entry: england with London returned from geonames.
2025-08-23 18:51:20,824 INFO 📄 Index 0 | Name: London | fcl: P, fcode: PPLC | ADM1: England, ADM2: Greater London, ADM3: , ADM4:  | Latitude: 51.50853, Longitude: -0.12574 | Score: 162.79, Population: 8961989 | Fuzzy match: 46.15384615384615
2025-08-23 18:51:20,824 INFO Comparing database entry: england with Birmingham returned from geonames.
2025-08-23 18:51:20,824 INFO 📄 Index 1 | Name: Birmingham | fcl: P, fcode: PPLA2 | ADM1: England, ADM2: Birmingham, ADM3: , ADM4:  | Latitude: 52.48142, Longitude: -1.89983 | Score: 130.67, Population: 1144919 | Fuzzy match: 35.29411764705882
2025-08-23 18:51:20,825 INFO Comparing database entry: england with Liverpool returned from geonames.
2025-08-23 18:51:20,825 INFO 📄 Index 2 | Name: Liverpool | fcl: P, fcode: PPLA2 | ADM1: England, ADM2: Liverpool, ADM3: , ADM4:  | Latitude: 53.41058, Longitude: -2.97794 | Score: 114.06, Population: 864122 | Fuzzy match: 25.0
2025-08-23 18:51:20,825 INFO Comparing database entry: england with Sheffield returned from geonames.
2025-08-23 18:51:20,825 INFO 📄 Index 3 | Name: Sheffield | fcl: P, fcode: PPLA2 | ADM1: England, ADM2: Sheffield, ADM3: , ADM4:  | Latitude: 53.38297, Longitude: -1.4659 | Score: 114.06, Population: 556500 | Fuzzy match: 37.5
2025-08-23 18:51:21,056 INFO Comparing database entry: england with London returned from geonames.
2025-08-23 18:51:21,057 INFO 📄 Index 0 | Name: London | fcl: P, fcode: PPLC | ADM1: England, ADM2: Greater London, ADM3: , ADM4:  | Latitude: 51.50853, Longitude: -0.12574 | Score: 162.79, Population: 8961989 | Fuzzy match: 46.15384615384615
2025-08-23 18:51:21,057 INFO Comparing database entry: england with Birmingham returned from geonames.
2025-08-23 18:51:21,057 INFO 📄 Index 1 | Name: Birmingham | fcl: P, fcode: PPLA2 | ADM1: England, ADM2: Birmingham, ADM3: , ADM4:  | Latitude: 52.48142, Longitude: -1.89983 | Score: 130.67, Population: 1144919 | Fuzzy match: 35.29411764705882
2025-08-23 18:51:21,057 INFO Comparing database entry: england with Liverpool returned from geonames.
2025-08-23 18:51:21,057 INFO 📄 Index 2 | Name: Liverpool | fcl: P, fcode: PPLA2 | ADM1: England, ADM2: Liverpool, ADM3: , ADM4:  | Latitude: 53.41058, Longitude: -2.97794 | Score: 114.06, Population: 864122 | Fuzzy match: 25.0
2025-08-23 18:51:21,057 INFO Comparing database entry: england with Sheffield returned from geonames.
2025-08-23 18:51:21,057 INFO 📄 Index 3 | Name: Sheffield | fcl: P, fcode: PPLA2 | ADM1: England, ADM2: Sheffield, ADM3: , ADM4:  | Latitude: 53.38297, Longitude: -1.4659 | Score: 114.06, Population: 556500 | Fuzzy match: 37.5
2025-08-23 18:51:21,310 INFO Comparing database entry: england with London returned from geonames.
2025-08-23 18:51:21,311 INFO 📄 Index 0 | Name: London | fcl: P, fcode: PPLC | ADM1: England, ADM2: Greater London, ADM3: , ADM4:  | Latitude: 51.50853, Longitude: -0.12574 | Score: 162.79, Population: 8961989 | Fuzzy match: 46.15384615384615
2025-08-23 18:51:21,311 INFO Comparing database entry: england with Birmingham returned from geonames.
2025-08-23 18:51:21,311 INFO 📄 Index 1 | Name: Birmingham | fcl: P, fcode: PPLA2 | ADM1: England, ADM2: Birmingham, ADM3: , ADM4:  | Latitude: 52.48142, Longitude: -1.89983 | Score: 130.67, Population: 1144919 | Fuzzy match: 35.29411764705882
2025-08-23 18:51:21,311 INFO Comparing database entry: england with Liverpool returned from geonames.
2025-08-23 18:51:21,311 INFO 📄 Index 2 | Name: Liverpool | fcl: P, fcode: PPLA2 | ADM1: England, ADM2: Liverpool, ADM3: , ADM4:  | Latitude: 53.41058, Longitude: -2.97794 | Score: 114.06, Population: 864122 | Fuzzy match: 25.0
2025-08-23 18:51:21,311 INFO Comparing database entry: england with Sheffield returned from geonames.
2025-08-23 18:51:21,311 INFO 📄 Index 3 | Name: Sheffield | fcl: P, fcode: PPLA2 | ADM1: England, ADM2: Sheffield, ADM3: , ADM4:  | Latitude: 53.38297, Longitude: -1.4659 | Score: 114.06, Population: 556500 | Fuzzy match: 37.5
2025-08-23 18:51:21,523 INFO Comparing database entry: england with London returned from geonames.
2025-08-23 18:51:21,524 INFO 📄 Index 0 | Name: London | fcl: P, fcode: PPLC | ADM1: England, ADM2: Greater London, ADM3: , ADM4:  | Latitude: 51.50853, Longitude: -0.12574 | Score: 162.79, Population: 8961989 | Fuzzy match: 46.15384615384615
2025-08-23 18:51:21,524 INFO Comparing database entry: england with Birmingham returned from geonames.
2025-08-23 18:51:21,524 INFO 📄 Index 1 | Name: Birmingham | fcl: P, fcode: PPLA2 | ADM1: England, ADM2: Birmingham, ADM3: , ADM4:  | Latitude: 52.48142, Longitude: -1.89983 | Score: 130.67, Population: 1144919 | Fuzzy match: 35.29411764705882
2025-08-23 18:51:21,524 INFO Comparing database entry: england with Liverpool returned from geonames.
2025-08-23 18:51:21,524 INFO 📄 Index 2 | Name: Liverpool | fcl: P, fcode: PPLA2 | ADM1: England, ADM2: Liverpool, ADM3: , ADM4:  | Latitude: 53.41058, Longitude: -2.97794 | Score: 114.06, Population: 864122 | Fuzzy match: 25.0
2025-08-23 18:51:21,524 INFO Comparing database entry: england with Sheffield returned from geonames.
2025-08-23 18:51:21,524 INFO 📄 Index 3 | Name: Sheffield | fcl: P, fcode: PPLA2 | ADM1: England, ADM2: Sheffield, ADM3: , ADM4:  | Latitude: 53.38297, Longitude: -1.4659 | Score: 114.06, Population: 556500 | Fuzzy match: 37.5
2025-08-23 18:51:21,730 INFO Comparing database entry: england with London returned from geonames.
2025-08-23 18:51:21,731 INFO 📄 Index 0 | Name: London | fcl: P, fcode: PPLC | ADM1: England, ADM2: Greater London, ADM3: , ADM4:  | Latitude: 51.50853, Longitude: -0.12574 | Score: 162.79, Population: 8961989 | Fuzzy match: 46.15384615384615
2025-08-23 18:51:21,731 INFO Comparing database entry: england with Birmingham returned from geonames.
2025-08-23 18:51:21,731 INFO 📄 Index 1 | Name: Birmingham | fcl: P, fcode: PPLA2 | ADM1: England, ADM2: Birmingham, ADM3: , ADM4:  | Latitude: 52.48142, Longitude: -1.89983 | Score: 130.67, Population: 1144919 | Fuzzy match: 35.29411764705882
2025-08-23 18:51:21,731 INFO Comparing database entry: england with Liverpool returned from geonames.
2025-08-23 18:51:21,731 INFO 📄 Index 2 | Name: Liverpool | fcl: P, fcode: PPLA2 | ADM1: England, ADM2: Liverpool, ADM3: , ADM4:  | Latitude: 53.41058, Longitude: -2.97794 | Score: 114.06, Population: 864122 | Fuzzy match: 25.0
2025-08-23 18:51:21,731 INFO Comparing database entry: england with Sheffield returned from geonames.
2025-08-23 18:51:21,731 INFO 📄 Index 3 | Name: Sheffield | fcl: P, fcode: PPLA2 | ADM1: England, ADM2: Sheffield, ADM3: , ADM4:  | Latitude: 53.38297, Longitude: -1.4659 | Score: 114.06, Population: 556500 | Fuzzy match: 37.5
2025-08-23 18:51:21,731 WARNING ❌ No match found with fuzzy score > 80 for city: england
2025-08-23 18:51:21,731 WARNING ❌ Lookup failed for city='england', iso2='GB'
