2025-08-19 16:01:32,878 INFO 🗺️ Starting GeoNames lookup for city='east sussex', country='uk'
2025-08-19 16:01:32,878 INFO 📍 Location is present in the following articles: [ObjectId('67fa7ee1eaa4fb525afec1a9')]
2025-08-19 16:01:33,590 INFO Comparing database entry: east sussex with Eastbourne returned from geonames.
2025-08-19 16:01:33,591 INFO 📄 Index 0 | Name: Eastbourne | fcl: P, fcode: PPL | ADM1: England, ADM2: East Sussex, ADM3: Eastbourne District, ADM4:  | Latitude: 50.76871, Longitude: 0.28453 | Score: 58.40, Population: 118219 | Fuzzy match: 57.14285714285714
2025-08-19 16:01:33,591 INFO Comparing database entry: east sussex with Hastings returned from geonames.
2025-08-19 16:01:33,591 INFO 📄 Index 1 | Name: Hastings | fcl: P, fcode: PPL | ADM1: England, ADM2: East Sussex, ADM3: Hastings District, ADM4:  | Latitude: 50.85568, Longitude: 0.58009 | Score: 58.40, Population: 133422 | Fuzzy match: 42.10526315789473
2025-08-19 16:01:33,591 INFO Comparing database entry: east sussex with Brighton returned from geonames.
2025-08-19 16:01:33,591 INFO 📄 Index 2 | Name: Brighton | fcl: P, fcode: PPLA2 | ADM1: England, ADM2: Brighton and Hove, ADM3: , ADM4:  | Latitude: 50.82838, Longitude: -0.13947 | Score: 52.93, Population: 277103 | Fuzzy match: 10.526315789473683
2025-08-19 16:01:33,591 INFO Comparing database entry: east sussex with Hove returned from geonames.
2025-08-19 16:01:33,591 INFO 📄 Index 3 | Name: Hove | fcl: P, fcode: PPL | ADM1: England, ADM2: Brighton and Hove, ADM3: , ADM4:  | Latitude: 50.83088, Longitude: -0.1672 | Score: 40.16, Population: 75174 | Fuzzy match: 13.33333333333333
2025-08-19 16:01:33,943 INFO Comparing database entry: east sussex with Eastbourne returned from geonames.
2025-08-19 16:01:33,943 INFO 📄 Index 0 | Name: Eastbourne | fcl: P, fcode: PPL | ADM1: England, ADM2: East Sussex, ADM3: Eastbourne District, ADM4:  | Latitude: 50.76871, Longitude: 0.28453 | Score: 58.40, Population: 118219 | Fuzzy match: 57.14285714285714
2025-08-19 16:01:33,943 INFO Comparing database entry: east sussex with Hastings returned from geonames.
2025-08-19 16:01:33,943 INFO 📄 Index 1 | Name: Hastings | fcl: P, fcode: PPL | ADM1: England, ADM2: East Sussex, ADM3: Hastings District, ADM4:  | Latitude: 50.85568, Longitude: 0.58009 | Score: 58.40, Population: 133422 | Fuzzy match: 42.10526315789473
2025-08-19 16:01:33,943 INFO Comparing database entry: east sussex with Brighton returned from geonames.
2025-08-19 16:01:33,943 INFO 📄 Index 2 | Name: Brighton | fcl: P, fcode: PPLA2 | ADM1: England, ADM2: Brighton and Hove, ADM3: , ADM4:  | Latitude: 50.82838, Longitude: -0.13947 | Score: 52.93, Population: 277103 | Fuzzy match: 10.526315789473683
2025-08-19 16:01:33,943 INFO Comparing database entry: east sussex with Hove returned from geonames.
2025-08-19 16:01:33,943 INFO 📄 Index 3 | Name: Hove | fcl: P, fcode: PPL | ADM1: England, ADM2: Brighton and Hove, ADM3: , ADM4:  | Latitude: 50.83088, Longitude: -0.1672 | Score: 40.16, Population: 75174 | Fuzzy match: 13.33333333333333
2025-08-19 16:01:34,082 INFO Comparing database entry: east sussex with Eastbourne returned from geonames.
2025-08-19 16:01:34,082 INFO 📄 Index 0 | Name: Eastbourne | fcl: P, fcode: PPL | ADM1: England, ADM2: East Sussex, ADM3: Eastbourne District, ADM4:  | Latitude: 50.76871, Longitude: 0.28453 | Score: 58.40, Population: 118219 | Fuzzy match: 57.14285714285714
2025-08-19 16:01:34,082 INFO Comparing database entry: east sussex with Hastings returned from geonames.
2025-08-19 16:01:34,082 INFO 📄 Index 1 | Name: Hastings | fcl: P, fcode: PPL | ADM1: England, ADM2: East Sussex, ADM3: Hastings District, ADM4:  | Latitude: 50.85568, Longitude: 0.58009 | Score: 58.40, Population: 133422 | Fuzzy match: 42.10526315789473
2025-08-19 16:01:34,082 INFO Comparing database entry: east sussex with Brighton returned from geonames.
2025-08-19 16:01:34,082 INFO 📄 Index 2 | Name: Brighton | fcl: P, fcode: PPLA2 | ADM1: England, ADM2: Brighton and Hove, ADM3: , ADM4:  | Latitude: 50.82838, Longitude: -0.13947 | Score: 52.93, Population: 277103 | Fuzzy match: 10.526315789473683
2025-08-19 16:01:34,082 INFO Comparing database entry: east sussex with Hove returned from geonames.
2025-08-19 16:01:34,082 INFO 📄 Index 3 | Name: Hove | fcl: P, fcode: PPL | ADM1: England, ADM2: Brighton and Hove, ADM3: , ADM4:  | Latitude: 50.83088, Longitude: -0.1672 | Score: 40.16, Population: 75174 | Fuzzy match: 13.33333333333333
2025-08-19 16:01:34,262 INFO Comparing database entry: east sussex with Eastbourne returned from geonames.
2025-08-19 16:01:34,263 INFO 📄 Index 0 | Name: Eastbourne | fcl: P, fcode: PPL | ADM1: England, ADM2: East Sussex, ADM3: Eastbourne District, ADM4:  | Latitude: 50.76871, Longitude: 0.28453 | Score: 58.40, Population: 118219 | Fuzzy match: 57.14285714285714
2025-08-19 16:01:34,263 INFO Comparing database entry: east sussex with Hastings returned from geonames.
2025-08-19 16:01:34,263 INFO 📄 Index 1 | Name: Hastings | fcl: P, fcode: PPL | ADM1: England, ADM2: East Sussex, ADM3: Hastings District, ADM4:  | Latitude: 50.85568, Longitude: 0.58009 | Score: 58.40, Population: 133422 | Fuzzy match: 42.10526315789473
2025-08-19 16:01:34,263 INFO Comparing database entry: east sussex with Brighton returned from geonames.
2025-08-19 16:01:34,263 INFO 📄 Index 2 | Name: Brighton | fcl: P, fcode: PPLA2 | ADM1: England, ADM2: Brighton and Hove, ADM3: , ADM4:  | Latitude: 50.82838, Longitude: -0.13947 | Score: 52.93, Population: 277103 | Fuzzy match: 10.526315789473683
2025-08-19 16:01:34,263 INFO Comparing database entry: east sussex with Hove returned from geonames.
2025-08-19 16:01:34,263 INFO 📄 Index 3 | Name: Hove | fcl: P, fcode: PPL | ADM1: England, ADM2: Brighton and Hove, ADM3: , ADM4:  | Latitude: 50.83088, Longitude: -0.1672 | Score: 40.16, Population: 75174 | Fuzzy match: 13.33333333333333
2025-08-19 16:01:34,425 INFO Comparing database entry: east sussex with Eastbourne returned from geonames.
2025-08-19 16:01:34,425 INFO 📄 Index 0 | Name: Eastbourne | fcl: P, fcode: PPL | ADM1: England, ADM2: East Sussex, ADM3: Eastbourne District, ADM4:  | Latitude: 50.76871, Longitude: 0.28453 | Score: 58.40, Population: 118219 | Fuzzy match: 57.14285714285714
2025-08-19 16:01:34,425 INFO Comparing database entry: east sussex with Hastings returned from geonames.
2025-08-19 16:01:34,425 INFO 📄 Index 1 | Name: Hastings | fcl: P, fcode: PPL | ADM1: England, ADM2: East Sussex, ADM3: Hastings District, ADM4:  | Latitude: 50.85568, Longitude: 0.58009 | Score: 58.40, Population: 133422 | Fuzzy match: 42.10526315789473
2025-08-19 16:01:34,425 INFO Comparing database entry: east sussex with Brighton returned from geonames.
2025-08-19 16:01:34,425 INFO 📄 Index 2 | Name: Brighton | fcl: P, fcode: PPLA2 | ADM1: England, ADM2: Brighton and Hove, ADM3: , ADM4:  | Latitude: 50.82838, Longitude: -0.13947 | Score: 52.93, Population: 277103 | Fuzzy match: 10.526315789473683
2025-08-19 16:01:34,425 INFO Comparing database entry: east sussex with Hove returned from geonames.
2025-08-19 16:01:34,425 INFO 📄 Index 3 | Name: Hove | fcl: P, fcode: PPL | ADM1: England, ADM2: Brighton and Hove, ADM3: , ADM4:  | Latitude: 50.83088, Longitude: -0.1672 | Score: 40.16, Population: 75174 | Fuzzy match: 13.33333333333333
2025-08-19 16:01:34,607 INFO Comparing database entry: east sussex with Eastbourne returned from geonames.
2025-08-19 16:01:34,607 INFO 📄 Index 0 | Name: Eastbourne | fcl: P, fcode: PPL | ADM1: England, ADM2: East Sussex, ADM3: Eastbourne District, ADM4:  | Latitude: 50.76871, Longitude: 0.28453 | Score: 58.40, Population: 118219 | Fuzzy match: 57.14285714285714
2025-08-19 16:01:34,607 INFO Comparing database entry: east sussex with Hastings returned from geonames.
2025-08-19 16:01:34,607 INFO 📄 Index 1 | Name: Hastings | fcl: P, fcode: PPL | ADM1: England, ADM2: East Sussex, ADM3: Hastings District, ADM4:  | Latitude: 50.85568, Longitude: 0.58009 | Score: 58.40, Population: 133422 | Fuzzy match: 42.10526315789473
2025-08-19 16:01:34,607 INFO Comparing database entry: east sussex with Brighton returned from geonames.
2025-08-19 16:01:34,607 INFO 📄 Index 2 | Name: Brighton | fcl: P, fcode: PPLA2 | ADM1: England, ADM2: Brighton and Hove, ADM3: , ADM4:  | Latitude: 50.82838, Longitude: -0.13947 | Score: 52.93, Population: 277103 | Fuzzy match: 10.526315789473683
2025-08-19 16:01:34,607 INFO Comparing database entry: east sussex with Hove returned from geonames.
2025-08-19 16:01:34,607 INFO 📄 Index 3 | Name: Hove | fcl: P, fcode: PPL | ADM1: England, ADM2: Brighton and Hove, ADM3: , ADM4:  | Latitude: 50.83088, Longitude: -0.1672 | Score: 40.16, Population: 75174 | Fuzzy match: 13.33333333333333
2025-08-19 16:01:34,608 WARNING ❌ No match found with fuzzy score > 80 for city: east sussex
2025-08-19 16:01:34,608 WARNING ❌ Lookup failed for city='east_sussex', iso2='GB'
