2025-08-18 21:22:53,521 INFO 🗺️ Starting GeoNames lookup for city='humber', country='uk'
2025-08-18 21:22:53,521 INFO 📍 Location is present in the following articles: [ObjectId('67fa5f0338fb90ab92f8b9f6')]
2025-08-18 21:22:53,692 INFO Comparing database entry: humber with Barrow upon Humber returned from geonames.
2025-08-18 21:22:53,692 INFO 📄 Index 0 | Name: Barrow upon Humber | fcl: P, fcode: PPL | ADM1: England, ADM2: North Lincolnshire, ADM3: Barrow upon Humber, ADM4:  | Latitude: 53.6755, Longitude: -0.38062 | Score: 28.54, Population: 2820 | Fuzzy match: 50.0
2025-08-18 21:22:53,692 INFO Comparing database entry: humber with Barton upon Humber returned from geonames.
2025-08-18 21:22:53,692 INFO 📄 Index 1 | Name: Barton upon Humber | fcl: P, fcode: PPL | ADM1: England, ADM2: North Lincolnshire, ADM3: Barton-upon-Humber, ADM4:  | Latitude: 53.68915, Longitude: -0.44377 | Score: 27.75, Population: 11066 | Fuzzy match: 50.0
2025-08-18 21:22:53,692 INFO Comparing database entry: humber with Irby upon Humber returned from geonames.
2025-08-18 21:22:53,692 INFO 📄 Index 2 | Name: Irby upon Humber | fcl: P, fcode: PPL | ADM1: England, ADM2: North East Lincolnshire, ADM3: Irby, ADM4:  | Latitude: 53.52523, Longitude: -0.19461 | Score: 22.04, Population: 0 | Fuzzy match: 54.54545454545454
2025-08-18 21:22:53,692 INFO Comparing database entry: humber with Barton-upon-Humber returned from geonames.
2025-08-18 21:22:53,692 INFO 📄 Index 3 | Name: Barton-upon-Humber | fcl: A, fcode: ADM3 | ADM1: England, ADM2: North Lincolnshire, ADM3: Barton-upon-Humber, ADM4:  | Latitude: 53.67358, Longitude: -0.45 | Score: 21.57, Population: 0 | Fuzzy match: 50.0
2025-08-18 21:22:53,875 INFO Comparing database entry: humber with Barrow upon Humber returned from geonames.
2025-08-18 21:22:53,875 INFO 📄 Index 0 | Name: Barrow upon Humber | fcl: P, fcode: PPL | ADM1: England, ADM2: North Lincolnshire, ADM3: Barrow upon Humber, ADM4:  | Latitude: 53.6755, Longitude: -0.38062 | Score: 28.54, Population: 2820 | Fuzzy match: 50.0
2025-08-18 21:22:53,875 INFO Comparing database entry: humber with Barton upon Humber returned from geonames.
2025-08-18 21:22:53,875 INFO 📄 Index 1 | Name: Barton upon Humber | fcl: P, fcode: PPL | ADM1: England, ADM2: North Lincolnshire, ADM3: Barton-upon-Humber, ADM4:  | Latitude: 53.68915, Longitude: -0.44377 | Score: 27.75, Population: 11066 | Fuzzy match: 50.0
2025-08-18 21:22:53,875 INFO Comparing database entry: humber with Irby upon Humber returned from geonames.
2025-08-18 21:22:53,875 INFO 📄 Index 2 | Name: Irby upon Humber | fcl: P, fcode: PPL | ADM1: England, ADM2: North East Lincolnshire, ADM3: Irby, ADM4:  | Latitude: 53.52523, Longitude: -0.19461 | Score: 22.04, Population: 0 | Fuzzy match: 54.54545454545454
2025-08-18 21:22:53,875 INFO Comparing database entry: humber with Barton-upon-Humber returned from geonames.
2025-08-18 21:22:53,875 INFO 📄 Index 3 | Name: Barton-upon-Humber | fcl: A, fcode: ADM3 | ADM1: England, ADM2: North Lincolnshire, ADM3: Barton-upon-Humber, ADM4:  | Latitude: 53.67358, Longitude: -0.45 | Score: 21.57, Population: 0 | Fuzzy match: 50.0
2025-08-18 21:22:54,048 INFO Comparing database entry: humber with Barrow upon Humber returned from geonames.
2025-08-18 21:22:54,048 INFO 📄 Index 0 | Name: Barrow upon Humber | fcl: P, fcode: PPL | ADM1: England, ADM2: North Lincolnshire, ADM3: Barrow upon Humber, ADM4:  | Latitude: 53.6755, Longitude: -0.38062 | Score: 28.54, Population: 2820 | Fuzzy match: 50.0
2025-08-18 21:22:54,048 INFO Comparing database entry: humber with Barton upon Humber returned from geonames.
2025-08-18 21:22:54,048 INFO 📄 Index 1 | Name: Barton upon Humber | fcl: P, fcode: PPL | ADM1: England, ADM2: North Lincolnshire, ADM3: Barton-upon-Humber, ADM4:  | Latitude: 53.68915, Longitude: -0.44377 | Score: 27.75, Population: 11066 | Fuzzy match: 50.0
2025-08-18 21:22:54,048 INFO Comparing database entry: humber with Irby upon Humber returned from geonames.
2025-08-18 21:22:54,048 INFO 📄 Index 2 | Name: Irby upon Humber | fcl: P, fcode: PPL | ADM1: England, ADM2: North East Lincolnshire, ADM3: Irby, ADM4:  | Latitude: 53.52523, Longitude: -0.19461 | Score: 22.04, Population: 0 | Fuzzy match: 54.54545454545454
2025-08-18 21:22:54,048 INFO Comparing database entry: humber with Barton-upon-Humber returned from geonames.
2025-08-18 21:22:54,048 INFO 📄 Index 3 | Name: Barton-upon-Humber | fcl: A, fcode: ADM3 | ADM1: England, ADM2: North Lincolnshire, ADM3: Barton-upon-Humber, ADM4:  | Latitude: 53.67358, Longitude: -0.45 | Score: 21.57, Population: 0 | Fuzzy match: 50.0
2025-08-18 21:22:54,199 INFO Comparing database entry: humber with Barrow upon Humber returned from geonames.
2025-08-18 21:22:54,199 INFO 📄 Index 0 | Name: Barrow upon Humber | fcl: P, fcode: PPL | ADM1: England, ADM2: North Lincolnshire, ADM3: Barrow upon Humber, ADM4:  | Latitude: 53.6755, Longitude: -0.38062 | Score: 28.54, Population: 2820 | Fuzzy match: 50.0
2025-08-18 21:22:54,199 INFO Comparing database entry: humber with Barton upon Humber returned from geonames.
2025-08-18 21:22:54,199 INFO 📄 Index 1 | Name: Barton upon Humber | fcl: P, fcode: PPL | ADM1: England, ADM2: North Lincolnshire, ADM3: Barton-upon-Humber, ADM4:  | Latitude: 53.68915, Longitude: -0.44377 | Score: 27.75, Population: 11066 | Fuzzy match: 50.0
2025-08-18 21:22:54,200 INFO Comparing database entry: humber with Irby upon Humber returned from geonames.
2025-08-18 21:22:54,200 INFO 📄 Index 2 | Name: Irby upon Humber | fcl: P, fcode: PPL | ADM1: England, ADM2: North East Lincolnshire, ADM3: Irby, ADM4:  | Latitude: 53.52523, Longitude: -0.19461 | Score: 22.04, Population: 0 | Fuzzy match: 54.54545454545454
2025-08-18 21:22:54,200 INFO Comparing database entry: humber with Barton-upon-Humber returned from geonames.
2025-08-18 21:22:54,200 INFO 📄 Index 3 | Name: Barton-upon-Humber | fcl: A, fcode: ADM3 | ADM1: England, ADM2: North Lincolnshire, ADM3: Barton-upon-Humber, ADM4:  | Latitude: 53.67358, Longitude: -0.45 | Score: 21.57, Population: 0 | Fuzzy match: 50.0
2025-08-18 21:22:54,365 INFO Comparing database entry: humber with Barrow upon Humber returned from geonames.
2025-08-18 21:22:54,365 INFO 📄 Index 0 | Name: Barrow upon Humber | fcl: P, fcode: PPL | ADM1: England, ADM2: North Lincolnshire, ADM3: Barrow upon Humber, ADM4:  | Latitude: 53.6755, Longitude: -0.38062 | Score: 28.54, Population: 2820 | Fuzzy match: 50.0
2025-08-18 21:22:54,366 INFO Comparing database entry: humber with Barton upon Humber returned from geonames.
2025-08-18 21:22:54,366 INFO 📄 Index 1 | Name: Barton upon Humber | fcl: P, fcode: PPL | ADM1: England, ADM2: North Lincolnshire, ADM3: Barton-upon-Humber, ADM4:  | Latitude: 53.68915, Longitude: -0.44377 | Score: 27.75, Population: 11066 | Fuzzy match: 50.0
2025-08-18 21:22:54,366 INFO Comparing database entry: humber with Irby upon Humber returned from geonames.
2025-08-18 21:22:54,366 INFO 📄 Index 2 | Name: Irby upon Humber | fcl: P, fcode: PPL | ADM1: England, ADM2: North East Lincolnshire, ADM3: Irby, ADM4:  | Latitude: 53.52523, Longitude: -0.19461 | Score: 22.04, Population: 0 | Fuzzy match: 54.54545454545454
2025-08-18 21:22:54,366 INFO Comparing database entry: humber with Barton-upon-Humber returned from geonames.
2025-08-18 21:22:54,366 INFO 📄 Index 3 | Name: Barton-upon-Humber | fcl: A, fcode: ADM3 | ADM1: England, ADM2: North Lincolnshire, ADM3: Barton-upon-Humber, ADM4:  | Latitude: 53.67358, Longitude: -0.45 | Score: 21.57, Population: 0 | Fuzzy match: 50.0
2025-08-18 21:22:54,517 INFO Comparing database entry: humber with Barrow upon Humber returned from geonames.
2025-08-18 21:22:54,518 INFO 📄 Index 0 | Name: Barrow upon Humber | fcl: P, fcode: PPL | ADM1: England, ADM2: North Lincolnshire, ADM3: Barrow upon Humber, ADM4:  | Latitude: 53.6755, Longitude: -0.38062 | Score: 28.54, Population: 2820 | Fuzzy match: 50.0
2025-08-18 21:22:54,518 INFO Comparing database entry: humber with Barton upon Humber returned from geonames.
2025-08-18 21:22:54,518 INFO 📄 Index 1 | Name: Barton upon Humber | fcl: P, fcode: PPL | ADM1: England, ADM2: North Lincolnshire, ADM3: Barton-upon-Humber, ADM4:  | Latitude: 53.68915, Longitude: -0.44377 | Score: 27.75, Population: 11066 | Fuzzy match: 50.0
2025-08-18 21:22:54,518 INFO Comparing database entry: humber with Irby upon Humber returned from geonames.
2025-08-18 21:22:54,518 INFO 📄 Index 2 | Name: Irby upon Humber | fcl: P, fcode: PPL | ADM1: England, ADM2: North East Lincolnshire, ADM3: Irby, ADM4:  | Latitude: 53.52523, Longitude: -0.19461 | Score: 22.04, Population: 0 | Fuzzy match: 54.54545454545454
2025-08-18 21:22:54,518 INFO Comparing database entry: humber with Barton-upon-Humber returned from geonames.
2025-08-18 21:22:54,518 INFO 📄 Index 3 | Name: Barton-upon-Humber | fcl: A, fcode: ADM3 | ADM1: England, ADM2: North Lincolnshire, ADM3: Barton-upon-Humber, ADM4:  | Latitude: 53.67358, Longitude: -0.45 | Score: 21.57, Population: 0 | Fuzzy match: 50.0
2025-08-18 21:22:54,518 WARNING ❌ No match found with fuzzy score > 80 for city: humber
2025-08-18 21:22:54,519 WARNING ❌ Lookup failed for city='humber', iso2='GB'
