2025-08-16 12:16:10,554 INFO 🗺️ Starting GeoNames lookup for city='hampshire', country='england'
2025-08-16 12:16:10,554 INFO 📍 Location is present in the following articles: [ObjectId('67fa86cdeaa4fb525afed273')]
2025-08-16 12:16:10,698 INFO Comparing database entry: hampshire with Portsmouth returned from geonames.
2025-08-16 12:16:10,698 INFO 📄 Index 0 | Name: Portsmouth | fcl: P, fcode: PPLA2 | ADM1: England, ADM2: Portsmouth, ADM3: , ADM4:  | Score: 57.32, Population: 208100 | Fuzzy match: 31.57894736842105
2025-08-16 12:16:10,698 INFO Comparing database entry: hampshire with Southampton returned from geonames.
2025-08-16 12:16:10,698 INFO 📄 Index 1 | Name: Southampton | fcl: P, fcode: PPLA2 | ADM1: England, ADM2: Southampton, ADM3: , ADM4:  | Score: 57.32, Population: 269781 | Fuzzy match: 40.0
2025-08-16 12:16:10,699 INFO Comparing database entry: hampshire with Basingstoke returned from geonames.
2025-08-16 12:16:10,699 INFO 📄 Index 2 | Name: Basingstoke | fcl: P, fcode: PPL | ADM1: England, ADM2: Hampshire, ADM3: Basingstoke and Deane District, ADM4:  | Score: 54.19, Population: 107642 | Fuzzy match: 40.0
2025-08-16 12:16:10,699 INFO Comparing database entry: hampshire with Farnborough returned from geonames.
2025-08-16 12:16:10,699 INFO 📄 Index 3 | Name: Farnborough | fcl: P, fcode: PPL | ADM1: England, ADM2: Hampshire, ADM3: Rushmoor District, ADM4:  | Score: 48.26, Population: 59902 | Fuzzy match: 19.999999999999996
2025-08-16 12:16:10,868 INFO Comparing database entry: hampshire with Portsmouth returned from geonames.
2025-08-16 12:16:10,868 INFO 📄 Index 0 | Name: Portsmouth | fcl: P, fcode: PPLA2 | ADM1: England, ADM2: Portsmouth, ADM3: , ADM4:  | Score: 57.32, Population: 208100 | Fuzzy match: 31.57894736842105
2025-08-16 12:16:10,868 INFO Comparing database entry: hampshire with Southampton returned from geonames.
2025-08-16 12:16:10,868 INFO 📄 Index 1 | Name: Southampton | fcl: P, fcode: PPLA2 | ADM1: England, ADM2: Southampton, ADM3: , ADM4:  | Score: 57.32, Population: 269781 | Fuzzy match: 40.0
2025-08-16 12:16:10,868 INFO Comparing database entry: hampshire with Basingstoke returned from geonames.
2025-08-16 12:16:10,868 INFO 📄 Index 2 | Name: Basingstoke | fcl: P, fcode: PPL | ADM1: England, ADM2: Hampshire, ADM3: Basingstoke and Deane District, ADM4:  | Score: 54.19, Population: 107642 | Fuzzy match: 40.0
2025-08-16 12:16:10,868 INFO Comparing database entry: hampshire with Farnborough returned from geonames.
2025-08-16 12:16:10,868 INFO 📄 Index 3 | Name: Farnborough | fcl: P, fcode: PPL | ADM1: England, ADM2: Hampshire, ADM3: Rushmoor District, ADM4:  | Score: 48.26, Population: 59902 | Fuzzy match: 19.999999999999996
2025-08-16 12:16:11,017 INFO Comparing database entry: hampshire with Portsmouth returned from geonames.
2025-08-16 12:16:11,017 INFO 📄 Index 0 | Name: Portsmouth | fcl: P, fcode: PPLA2 | ADM1: England, ADM2: Portsmouth, ADM3: , ADM4:  | Score: 57.32, Population: 208100 | Fuzzy match: 31.57894736842105
2025-08-16 12:16:11,018 INFO Comparing database entry: hampshire with Southampton returned from geonames.
2025-08-16 12:16:11,018 INFO 📄 Index 1 | Name: Southampton | fcl: P, fcode: PPLA2 | ADM1: England, ADM2: Southampton, ADM3: , ADM4:  | Score: 57.32, Population: 269781 | Fuzzy match: 40.0
2025-08-16 12:16:11,018 INFO Comparing database entry: hampshire with Basingstoke returned from geonames.
2025-08-16 12:16:11,018 INFO 📄 Index 2 | Name: Basingstoke | fcl: P, fcode: PPL | ADM1: England, ADM2: Hampshire, ADM3: Basingstoke and Deane District, ADM4:  | Score: 54.19, Population: 107642 | Fuzzy match: 40.0
2025-08-16 12:16:11,018 INFO Comparing database entry: hampshire with Farnborough returned from geonames.
2025-08-16 12:16:11,018 INFO 📄 Index 3 | Name: Farnborough | fcl: P, fcode: PPL | ADM1: England, ADM2: Hampshire, ADM3: Rushmoor District, ADM4:  | Score: 48.26, Population: 59902 | Fuzzy match: 19.999999999999996
2025-08-16 12:16:11,187 INFO Comparing database entry: hampshire with Portsmouth returned from geonames.
2025-08-16 12:16:11,187 INFO 📄 Index 0 | Name: Portsmouth | fcl: P, fcode: PPLA2 | ADM1: England, ADM2: Portsmouth, ADM3: , ADM4:  | Score: 57.32, Population: 208100 | Fuzzy match: 31.57894736842105
2025-08-16 12:16:11,187 INFO Comparing database entry: hampshire with Southampton returned from geonames.
2025-08-16 12:16:11,187 INFO 📄 Index 1 | Name: Southampton | fcl: P, fcode: PPLA2 | ADM1: England, ADM2: Southampton, ADM3: , ADM4:  | Score: 57.32, Population: 269781 | Fuzzy match: 40.0
2025-08-16 12:16:11,187 INFO Comparing database entry: hampshire with Basingstoke returned from geonames.
2025-08-16 12:16:11,187 INFO 📄 Index 2 | Name: Basingstoke | fcl: P, fcode: PPL | ADM1: England, ADM2: Hampshire, ADM3: Basingstoke and Deane District, ADM4:  | Score: 54.19, Population: 107642 | Fuzzy match: 40.0
2025-08-16 12:16:11,187 INFO Comparing database entry: hampshire with Farnborough returned from geonames.
2025-08-16 12:16:11,188 INFO 📄 Index 3 | Name: Farnborough | fcl: P, fcode: PPL | ADM1: England, ADM2: Hampshire, ADM3: Rushmoor District, ADM4:  | Score: 48.26, Population: 59902 | Fuzzy match: 19.999999999999996
2025-08-16 12:16:11,350 INFO Comparing database entry: hampshire with Portsmouth returned from geonames.
2025-08-16 12:16:11,350 INFO 📄 Index 0 | Name: Portsmouth | fcl: P, fcode: PPLA2 | ADM1: England, ADM2: Portsmouth, ADM3: , ADM4:  | Score: 57.32, Population: 208100 | Fuzzy match: 31.57894736842105
2025-08-16 12:16:11,351 INFO Comparing database entry: hampshire with Southampton returned from geonames.
2025-08-16 12:16:11,351 INFO 📄 Index 1 | Name: Southampton | fcl: P, fcode: PPLA2 | ADM1: England, ADM2: Southampton, ADM3: , ADM4:  | Score: 57.32, Population: 269781 | Fuzzy match: 40.0
2025-08-16 12:16:11,351 INFO Comparing database entry: hampshire with Basingstoke returned from geonames.
2025-08-16 12:16:11,351 INFO 📄 Index 2 | Name: Basingstoke | fcl: P, fcode: PPL | ADM1: England, ADM2: Hampshire, ADM3: Basingstoke and Deane District, ADM4:  | Score: 54.19, Population: 107642 | Fuzzy match: 40.0
2025-08-16 12:16:11,351 INFO Comparing database entry: hampshire with Farnborough returned from geonames.
2025-08-16 12:16:11,351 INFO 📄 Index 3 | Name: Farnborough | fcl: P, fcode: PPL | ADM1: England, ADM2: Hampshire, ADM3: Rushmoor District, ADM4:  | Score: 48.26, Population: 59902 | Fuzzy match: 19.999999999999996
2025-08-16 12:16:11,526 INFO Comparing database entry: hampshire with Portsmouth returned from geonames.
2025-08-16 12:16:11,526 INFO 📄 Index 0 | Name: Portsmouth | fcl: P, fcode: PPLA2 | ADM1: England, ADM2: Portsmouth, ADM3: , ADM4:  | Score: 57.32, Population: 208100 | Fuzzy match: 31.57894736842105
2025-08-16 12:16:11,526 INFO Comparing database entry: hampshire with Southampton returned from geonames.
2025-08-16 12:16:11,526 INFO 📄 Index 1 | Name: Southampton | fcl: P, fcode: PPLA2 | ADM1: England, ADM2: Southampton, ADM3: , ADM4:  | Score: 57.32, Population: 269781 | Fuzzy match: 40.0
2025-08-16 12:16:11,526 INFO Comparing database entry: hampshire with Basingstoke returned from geonames.
2025-08-16 12:16:11,527 INFO 📄 Index 2 | Name: Basingstoke | fcl: P, fcode: PPL | ADM1: England, ADM2: Hampshire, ADM3: Basingstoke and Deane District, ADM4:  | Score: 54.19, Population: 107642 | Fuzzy match: 40.0
2025-08-16 12:16:11,527 INFO Comparing database entry: hampshire with Farnborough returned from geonames.
2025-08-16 12:16:11,527 INFO 📄 Index 3 | Name: Farnborough | fcl: P, fcode: PPL | ADM1: England, ADM2: Hampshire, ADM3: Rushmoor District, ADM4:  | Score: 48.26, Population: 59902 | Fuzzy match: 19.999999999999996
2025-08-16 12:16:11,527 WARNING ❌ No match found with fuzzy score > 80 for city: hampshire
2025-08-16 12:16:11,527 WARNING ❌ Lookup failed for city='hampshire', iso2='GB'
