2025-08-23 18:51:23,151 INFO 🗺️ Starting GeoNames lookup for city='isles', country='united kingdom'
2025-08-23 18:51:23,151 INFO 📍 Location is present in the following articles: [ObjectId('67f52a7c981040986eab714b')]
2025-08-23 18:51:23,354 INFO Comparing database entry: isles with Isles of Scilly returned from geonames.
2025-08-23 18:51:23,354 INFO 📄 Index 0 | Name: Isles of Scilly | fcl: P, fcode: PPLL | ADM1: England, ADM2: Isles of Scilly, ADM3: St. Mary's, ADM4:  | Latitude: 49.92515, Longitude: -6.29894 | Score: 46.75, Population: 2224 | Fuzzy match: 50.0
2025-08-23 18:51:23,354 INFO Comparing database entry: isles with Cayman Islands returned from geonames.
2025-08-23 18:51:23,354 INFO 📄 Index 1 | Name: Cayman Islands | fcl: A, fcode: PCLD | ADM1: , ADM2: , ADM3: , ADM4:  | Latitude: 19.5, Longitude: -80.66667 | Score: 44.83, Population: 64174 | Fuzzy match: 42.10526315789473
2025-08-23 18:51:23,354 INFO Comparing database entry: isles with British Virgin Islands returned from geonames.
2025-08-23 18:51:23,354 INFO 📄 Index 2 | Name: British Virgin Islands | fcl: A, fcode: PCLD | ADM1: , ADM2: , ADM3: , ADM4:  | Latitude: 18.5, Longitude: -64.5 | Score: 44.83, Population: 29802 | Fuzzy match: 29.629629629629626
2025-08-23 18:51:23,354 INFO Comparing database entry: isles with Isles of Scilly returned from geonames.
2025-08-23 18:51:23,354 INFO 📄 Index 3 | Name: Isles of Scilly | fcl: A, fcode: ADM2 | ADM1: England, ADM2: Isles of Scilly, ADM3: , ADM4:  | Latitude: 49.92117, Longitude: -6.29431 | Score: 38.02, Population: 2308 | Fuzzy match: 50.0
2025-08-23 18:51:23,535 INFO Comparing database entry: isles with Isles of Scilly returned from geonames.
2025-08-23 18:51:23,535 INFO 📄 Index 0 | Name: Isles of Scilly | fcl: P, fcode: PPLL | ADM1: England, ADM2: Isles of Scilly, ADM3: St. Mary's, ADM4:  | Latitude: 49.92515, Longitude: -6.29894 | Score: 46.75, Population: 2224 | Fuzzy match: 50.0
2025-08-23 18:51:23,535 INFO Comparing database entry: isles with Cayman Islands returned from geonames.
2025-08-23 18:51:23,535 INFO 📄 Index 1 | Name: Cayman Islands | fcl: A, fcode: PCLD | ADM1: , ADM2: , ADM3: , ADM4:  | Latitude: 19.5, Longitude: -80.66667 | Score: 44.83, Population: 64174 | Fuzzy match: 42.10526315789473
2025-08-23 18:51:23,535 INFO Comparing database entry: isles with British Virgin Islands returned from geonames.
2025-08-23 18:51:23,536 INFO 📄 Index 2 | Name: British Virgin Islands | fcl: A, fcode: PCLD | ADM1: , ADM2: , ADM3: , ADM4:  | Latitude: 18.5, Longitude: -64.5 | Score: 44.83, Population: 29802 | Fuzzy match: 29.629629629629626
2025-08-23 18:51:23,536 INFO Comparing database entry: isles with Isles of Scilly returned from geonames.
2025-08-23 18:51:23,536 INFO 📄 Index 3 | Name: Isles of Scilly | fcl: A, fcode: ADM2 | ADM1: England, ADM2: Isles of Scilly, ADM3: , ADM4:  | Latitude: 49.92117, Longitude: -6.29431 | Score: 38.02, Population: 2308 | Fuzzy match: 50.0
2025-08-23 18:51:23,761 INFO Comparing database entry: isles with Isles of Scilly returned from geonames.
2025-08-23 18:51:23,761 INFO 📄 Index 0 | Name: Isles of Scilly | fcl: P, fcode: PPLL | ADM1: England, ADM2: Isles of Scilly, ADM3: St. Mary's, ADM4:  | Latitude: 49.92515, Longitude: -6.29894 | Score: 46.75, Population: 2224 | Fuzzy match: 50.0
2025-08-23 18:51:23,761 INFO Comparing database entry: isles with Cayman Islands returned from geonames.
2025-08-23 18:51:23,761 INFO 📄 Index 1 | Name: Cayman Islands | fcl: A, fcode: PCLD | ADM1: , ADM2: , ADM3: , ADM4:  | Latitude: 19.5, Longitude: -80.66667 | Score: 44.83, Population: 64174 | Fuzzy match: 42.10526315789473
2025-08-23 18:51:23,761 INFO Comparing database entry: isles with British Virgin Islands returned from geonames.
2025-08-23 18:51:23,761 INFO 📄 Index 2 | Name: British Virgin Islands | fcl: A, fcode: PCLD | ADM1: , ADM2: , ADM3: , ADM4:  | Latitude: 18.5, Longitude: -64.5 | Score: 44.83, Population: 29802 | Fuzzy match: 29.629629629629626
2025-08-23 18:51:23,761 INFO Comparing database entry: isles with Isles of Scilly returned from geonames.
2025-08-23 18:51:23,762 INFO 📄 Index 3 | Name: Isles of Scilly | fcl: A, fcode: ADM2 | ADM1: England, ADM2: Isles of Scilly, ADM3: , ADM4:  | Latitude: 49.92117, Longitude: -6.29431 | Score: 38.02, Population: 2308 | Fuzzy match: 50.0
2025-08-23 18:51:23,958 INFO Comparing database entry: isles with Isles of Scilly returned from geonames.
2025-08-23 18:51:23,958 INFO 📄 Index 0 | Name: Isles of Scilly | fcl: P, fcode: PPLL | ADM1: England, ADM2: Isles of Scilly, ADM3: St. Mary's, ADM4:  | Latitude: 49.92515, Longitude: -6.29894 | Score: 46.75, Population: 2224 | Fuzzy match: 50.0
2025-08-23 18:51:23,958 INFO Comparing database entry: isles with Cayman Islands returned from geonames.
2025-08-23 18:51:23,958 INFO 📄 Index 1 | Name: Cayman Islands | fcl: A, fcode: PCLD | ADM1: , ADM2: , ADM3: , ADM4:  | Latitude: 19.5, Longitude: -80.66667 | Score: 44.83, Population: 64174 | Fuzzy match: 42.10526315789473
2025-08-23 18:51:23,958 INFO Comparing database entry: isles with British Virgin Islands returned from geonames.
2025-08-23 18:51:23,958 INFO 📄 Index 2 | Name: British Virgin Islands | fcl: A, fcode: PCLD | ADM1: , ADM2: , ADM3: , ADM4:  | Latitude: 18.5, Longitude: -64.5 | Score: 44.83, Population: 29802 | Fuzzy match: 29.629629629629626
2025-08-23 18:51:23,958 INFO Comparing database entry: isles with Isles of Scilly returned from geonames.
2025-08-23 18:51:23,959 INFO 📄 Index 3 | Name: Isles of Scilly | fcl: A, fcode: ADM2 | ADM1: England, ADM2: Isles of Scilly, ADM3: , ADM4:  | Latitude: 49.92117, Longitude: -6.29431 | Score: 38.02, Population: 2308 | Fuzzy match: 50.0
2025-08-23 18:51:24,195 INFO Comparing database entry: isles with Isles of Scilly returned from geonames.
2025-08-23 18:51:24,196 INFO 📄 Index 0 | Name: Isles of Scilly | fcl: P, fcode: PPLL | ADM1: England, ADM2: Isles of Scilly, ADM3: St. Mary's, ADM4:  | Latitude: 49.92515, Longitude: -6.29894 | Score: 46.75, Population: 2224 | Fuzzy match: 50.0
2025-08-23 18:51:24,196 INFO Comparing database entry: isles with Cayman Islands returned from geonames.
2025-08-23 18:51:24,196 INFO 📄 Index 1 | Name: Cayman Islands | fcl: A, fcode: PCLD | ADM1: , ADM2: , ADM3: , ADM4:  | Latitude: 19.5, Longitude: -80.66667 | Score: 44.83, Population: 64174 | Fuzzy match: 42.10526315789473
2025-08-23 18:51:24,196 INFO Comparing database entry: isles with British Virgin Islands returned from geonames.
2025-08-23 18:51:24,196 INFO 📄 Index 2 | Name: British Virgin Islands | fcl: A, fcode: PCLD | ADM1: , ADM2: , ADM3: , ADM4:  | Latitude: 18.5, Longitude: -64.5 | Score: 44.83, Population: 29802 | Fuzzy match: 29.629629629629626
2025-08-23 18:51:24,196 INFO Comparing database entry: isles with Isles of Scilly returned from geonames.
2025-08-23 18:51:24,196 INFO 📄 Index 3 | Name: Isles of Scilly | fcl: A, fcode: ADM2 | ADM1: England, ADM2: Isles of Scilly, ADM3: , ADM4:  | Latitude: 49.92117, Longitude: -6.29431 | Score: 38.02, Population: 2308 | Fuzzy match: 50.0
2025-08-23 18:51:24,453 INFO Comparing database entry: isles with Isles of Scilly returned from geonames.
2025-08-23 18:51:24,453 INFO 📄 Index 0 | Name: Isles of Scilly | fcl: P, fcode: PPLL | ADM1: England, ADM2: Isles of Scilly, ADM3: St. Mary's, ADM4:  | Latitude: 49.92515, Longitude: -6.29894 | Score: 46.75, Population: 2224 | Fuzzy match: 50.0
2025-08-23 18:51:24,453 INFO Comparing database entry: isles with Cayman Islands returned from geonames.
2025-08-23 18:51:24,453 INFO 📄 Index 1 | Name: Cayman Islands | fcl: A, fcode: PCLD | ADM1: , ADM2: , ADM3: , ADM4:  | Latitude: 19.5, Longitude: -80.66667 | Score: 44.83, Population: 64174 | Fuzzy match: 42.10526315789473
2025-08-23 18:51:24,453 INFO Comparing database entry: isles with British Virgin Islands returned from geonames.
2025-08-23 18:51:24,453 INFO 📄 Index 2 | Name: British Virgin Islands | fcl: A, fcode: PCLD | ADM1: , ADM2: , ADM3: , ADM4:  | Latitude: 18.5, Longitude: -64.5 | Score: 44.83, Population: 29802 | Fuzzy match: 29.629629629629626
2025-08-23 18:51:24,453 INFO Comparing database entry: isles with Isles of Scilly returned from geonames.
2025-08-23 18:51:24,454 INFO 📄 Index 3 | Name: Isles of Scilly | fcl: A, fcode: ADM2 | ADM1: England, ADM2: Isles of Scilly, ADM3: , ADM4:  | Latitude: 49.92117, Longitude: -6.29431 | Score: 38.02, Population: 2308 | Fuzzy match: 50.0
2025-08-23 18:51:24,454 WARNING ❌ No match found with fuzzy score > 80 for city: isles
2025-08-23 18:51:24,454 WARNING ❌ Lookup failed for city='isles', iso2='GB'
