2025-08-21 15:51:16,115 INFO 🗺️ Starting GeoNames lookup for city='killingholme', country='united kingdom'
2025-08-21 15:51:16,115 INFO 📍 Location is present in the following articles: [ObjectId('67fa62b038fb90ab92f8c2ab')]
2025-08-21 15:51:16,404 INFO Comparing database entry: killingholme with North Killingholme returned from geonames.
2025-08-21 15:51:16,404 INFO 📄 Index 0 | Name: North Killingholme | fcl: P, fcode: PPL | ADM1: England, ADM2: Lincolnshire, ADM3: West Lindsey District, ADM4:  | Latitude: 53.63815, Longitude: -0.28704 | Score: 23.85, Population: 0 | Fuzzy match: 80.0
2025-08-21 15:51:16,404 INFO Comparing database entry: killingholme with South Killingholme returned from geonames.
2025-08-21 15:51:16,404 INFO 📄 Index 1 | Name: South Killingholme | fcl: A, fcode: ADM3 | ADM1: England, ADM2: North Lincolnshire, ADM3: South Killingholme, ADM4:  | Latitude: 53.63238, Longitude: -0.25172 | Score: 20.86, Population: 0 | Fuzzy match: 80.0
2025-08-21 15:51:16,404 INFO Comparing database entry: killingholme with North Killingholme returned from geonames.
2025-08-21 15:51:16,404 INFO 📄 Index 2 | Name: North Killingholme | fcl: A, fcode: ADM3 | ADM1: England, ADM2: North Lincolnshire, ADM3: North Killingholme, ADM4:  | Latitude: 53.64862, Longitude: -0.26359 | Score: 20.86, Population: 0 | Fuzzy match: 80.0
2025-08-21 15:51:16,404 INFO Comparing database entry: killingholme with South Killingholme returned from geonames.
2025-08-21 15:51:16,404 INFO 📄 Index 3 | Name: South Killingholme | fcl: P, fcode: PPL | ADM1: England, ADM2: Lincolnshire, ADM3: West Lindsey District, ADM4: Keelby | Latitude: 53.56667, Longitude: -0.23333 | Score: 14.08, Population: 0 | Fuzzy match: 80.0
2025-08-21 15:51:16,585 INFO Comparing database entry: killingholme with North Killingholme returned from geonames.
2025-08-21 15:51:16,585 INFO 📄 Index 0 | Name: North Killingholme | fcl: P, fcode: PPL | ADM1: England, ADM2: Lincolnshire, ADM3: West Lindsey District, ADM4:  | Latitude: 53.63815, Longitude: -0.28704 | Score: 23.85, Population: 0 | Fuzzy match: 80.0
2025-08-21 15:51:16,585 INFO Comparing database entry: killingholme with South Killingholme returned from geonames.
2025-08-21 15:51:16,585 INFO 📄 Index 1 | Name: South Killingholme | fcl: A, fcode: ADM3 | ADM1: England, ADM2: North Lincolnshire, ADM3: South Killingholme, ADM4:  | Latitude: 53.63238, Longitude: -0.25172 | Score: 20.86, Population: 0 | Fuzzy match: 80.0
2025-08-21 15:51:16,585 INFO Comparing database entry: killingholme with North Killingholme returned from geonames.
2025-08-21 15:51:16,586 INFO 📄 Index 2 | Name: North Killingholme | fcl: A, fcode: ADM3 | ADM1: England, ADM2: North Lincolnshire, ADM3: North Killingholme, ADM4:  | Latitude: 53.64862, Longitude: -0.26359 | Score: 20.86, Population: 0 | Fuzzy match: 80.0
2025-08-21 15:51:16,586 INFO Comparing database entry: killingholme with South Killingholme returned from geonames.
2025-08-21 15:51:16,586 INFO 📄 Index 3 | Name: South Killingholme | fcl: P, fcode: PPL | ADM1: England, ADM2: Lincolnshire, ADM3: West Lindsey District, ADM4: Keelby | Latitude: 53.56667, Longitude: -0.23333 | Score: 14.08, Population: 0 | Fuzzy match: 80.0
2025-08-21 15:51:16,749 INFO Comparing database entry: killingholme with North Killingholme returned from geonames.
2025-08-21 15:51:16,749 INFO 📄 Index 0 | Name: North Killingholme | fcl: P, fcode: PPL | ADM1: England, ADM2: Lincolnshire, ADM3: West Lindsey District, ADM4:  | Latitude: 53.63815, Longitude: -0.28704 | Score: 23.85, Population: 0 | Fuzzy match: 80.0
2025-08-21 15:51:16,749 INFO Comparing database entry: killingholme with South Killingholme returned from geonames.
2025-08-21 15:51:16,749 INFO 📄 Index 1 | Name: South Killingholme | fcl: A, fcode: ADM3 | ADM1: England, ADM2: North Lincolnshire, ADM3: South Killingholme, ADM4:  | Latitude: 53.63238, Longitude: -0.25172 | Score: 20.86, Population: 0 | Fuzzy match: 80.0
2025-08-21 15:51:16,749 INFO Comparing database entry: killingholme with North Killingholme returned from geonames.
2025-08-21 15:51:16,749 INFO 📄 Index 2 | Name: North Killingholme | fcl: A, fcode: ADM3 | ADM1: England, ADM2: North Lincolnshire, ADM3: North Killingholme, ADM4:  | Latitude: 53.64862, Longitude: -0.26359 | Score: 20.86, Population: 0 | Fuzzy match: 80.0
2025-08-21 15:51:16,749 INFO Comparing database entry: killingholme with South Killingholme returned from geonames.
2025-08-21 15:51:16,749 INFO 📄 Index 3 | Name: South Killingholme | fcl: P, fcode: PPL | ADM1: England, ADM2: Lincolnshire, ADM3: West Lindsey District, ADM4: Keelby | Latitude: 53.56667, Longitude: -0.23333 | Score: 14.08, Population: 0 | Fuzzy match: 80.0
2025-08-21 15:51:16,910 INFO Comparing database entry: killingholme with North Killingholme returned from geonames.
2025-08-21 15:51:16,910 INFO 📄 Index 0 | Name: North Killingholme | fcl: P, fcode: PPL | ADM1: England, ADM2: Lincolnshire, ADM3: West Lindsey District, ADM4:  | Latitude: 53.63815, Longitude: -0.28704 | Score: 23.85, Population: 0 | Fuzzy match: 80.0
2025-08-21 15:51:16,910 INFO Comparing database entry: killingholme with South Killingholme returned from geonames.
2025-08-21 15:51:16,910 INFO 📄 Index 1 | Name: South Killingholme | fcl: A, fcode: ADM3 | ADM1: England, ADM2: North Lincolnshire, ADM3: South Killingholme, ADM4:  | Latitude: 53.63238, Longitude: -0.25172 | Score: 20.86, Population: 0 | Fuzzy match: 80.0
2025-08-21 15:51:16,910 INFO Comparing database entry: killingholme with North Killingholme returned from geonames.
2025-08-21 15:51:16,910 INFO 📄 Index 2 | Name: North Killingholme | fcl: A, fcode: ADM3 | ADM1: England, ADM2: North Lincolnshire, ADM3: North Killingholme, ADM4:  | Latitude: 53.64862, Longitude: -0.26359 | Score: 20.86, Population: 0 | Fuzzy match: 80.0
2025-08-21 15:51:16,910 INFO Comparing database entry: killingholme with South Killingholme returned from geonames.
2025-08-21 15:51:16,910 INFO 📄 Index 3 | Name: South Killingholme | fcl: P, fcode: PPL | ADM1: England, ADM2: Lincolnshire, ADM3: West Lindsey District, ADM4: Keelby | Latitude: 53.56667, Longitude: -0.23333 | Score: 14.08, Population: 0 | Fuzzy match: 80.0
2025-08-21 15:51:17,072 INFO Comparing database entry: killingholme with North Killingholme returned from geonames.
2025-08-21 15:51:17,072 INFO 📄 Index 0 | Name: North Killingholme | fcl: P, fcode: PPL | ADM1: England, ADM2: Lincolnshire, ADM3: West Lindsey District, ADM4:  | Latitude: 53.63815, Longitude: -0.28704 | Score: 23.85, Population: 0 | Fuzzy match: 80.0
2025-08-21 15:51:17,072 INFO Comparing database entry: killingholme with South Killingholme returned from geonames.
2025-08-21 15:51:17,072 INFO 📄 Index 1 | Name: South Killingholme | fcl: A, fcode: ADM3 | ADM1: England, ADM2: North Lincolnshire, ADM3: South Killingholme, ADM4:  | Latitude: 53.63238, Longitude: -0.25172 | Score: 20.86, Population: 0 | Fuzzy match: 80.0
2025-08-21 15:51:17,072 INFO Comparing database entry: killingholme with North Killingholme returned from geonames.
2025-08-21 15:51:17,072 INFO 📄 Index 2 | Name: North Killingholme | fcl: A, fcode: ADM3 | ADM1: England, ADM2: North Lincolnshire, ADM3: North Killingholme, ADM4:  | Latitude: 53.64862, Longitude: -0.26359 | Score: 20.86, Population: 0 | Fuzzy match: 80.0
2025-08-21 15:51:17,072 INFO Comparing database entry: killingholme with South Killingholme returned from geonames.
2025-08-21 15:51:17,072 INFO 📄 Index 3 | Name: South Killingholme | fcl: P, fcode: PPL | ADM1: England, ADM2: Lincolnshire, ADM3: West Lindsey District, ADM4: Keelby | Latitude: 53.56667, Longitude: -0.23333 | Score: 14.08, Population: 0 | Fuzzy match: 80.0
2025-08-21 15:51:17,226 INFO Comparing database entry: killingholme with North Killingholme returned from geonames.
2025-08-21 15:51:17,226 INFO 📄 Index 0 | Name: North Killingholme | fcl: P, fcode: PPL | ADM1: England, ADM2: Lincolnshire, ADM3: West Lindsey District, ADM4:  | Latitude: 53.63815, Longitude: -0.28704 | Score: 23.85, Population: 0 | Fuzzy match: 80.0
2025-08-21 15:51:17,226 INFO Comparing database entry: killingholme with South Killingholme returned from geonames.
2025-08-21 15:51:17,226 INFO 📄 Index 1 | Name: South Killingholme | fcl: A, fcode: ADM3 | ADM1: England, ADM2: North Lincolnshire, ADM3: South Killingholme, ADM4:  | Latitude: 53.63238, Longitude: -0.25172 | Score: 20.86, Population: 0 | Fuzzy match: 80.0
2025-08-21 15:51:17,226 INFO Comparing database entry: killingholme with North Killingholme returned from geonames.
2025-08-21 15:51:17,227 INFO 📄 Index 2 | Name: North Killingholme | fcl: A, fcode: ADM3 | ADM1: England, ADM2: North Lincolnshire, ADM3: North Killingholme, ADM4:  | Latitude: 53.64862, Longitude: -0.26359 | Score: 20.86, Population: 0 | Fuzzy match: 80.0
2025-08-21 15:51:17,227 INFO Comparing database entry: killingholme with South Killingholme returned from geonames.
2025-08-21 15:51:17,227 INFO 📄 Index 3 | Name: South Killingholme | fcl: P, fcode: PPL | ADM1: England, ADM2: Lincolnshire, ADM3: West Lindsey District, ADM4: Keelby | Latitude: 53.56667, Longitude: -0.23333 | Score: 14.08, Population: 0 | Fuzzy match: 80.0
2025-08-21 15:51:17,227 WARNING ❌ No match found with fuzzy score > 80 for city: killingholme
2025-08-21 15:51:17,227 WARNING ❌ Lookup failed for city='killingholme', iso2='GB'
