2025-08-16 12:16:11,528 INFO 🗺️ Starting GeoNames lookup for city='lincolnshire', country='england'
2025-08-16 12:16:11,529 INFO 📍 Location is present in the following articles: [ObjectId('67fa86cdeaa4fb525afed273')]
2025-08-16 12:16:11,666 INFO Comparing database entry: lincolnshire with Lincoln returned from geonames.
2025-08-16 12:16:11,666 INFO 📄 Index 0 | Name: Lincoln | fcl: P, fcode: PPLA2 | ADM1: England, ADM2: Lincolnshire, ADM3: Lincoln District, ADM4:  | Score: 57.69, Population: 103813 | Fuzzy match: 73.6842105263158
2025-08-16 12:16:11,666 INFO Comparing database entry: lincolnshire with Grimsby returned from geonames.
2025-08-16 12:16:11,666 INFO 📄 Index 1 | Name: Grimsby | fcl: P, fcode: PPLA2 | ADM1: England, ADM2: North East Lincolnshire, ADM3: Bradley, ADM4:  | Score: 47.41, Population: 86138 | Fuzzy match: 21.052631578947366
2025-08-16 12:16:11,666 INFO Comparing database entry: lincolnshire with Scunthorpe returned from geonames.
2025-08-16 12:16:11,666 INFO 📄 Index 2 | Name: Scunthorpe | fcl: P, fcode: PPLA2 | ADM1: England, ADM2: North Lincolnshire, ADM3: , ADM4:  | Score: 47.41, Population: 81576 | Fuzzy match: 45.45454545454546
2025-08-16 12:16:11,666 INFO Comparing database entry: lincolnshire with Boston returned from geonames.
2025-08-16 12:16:11,666 INFO 📄 Index 3 | Name: Boston | fcl: P, fcode: PPL | ADM1: England, ADM2: Lincolnshire, ADM3: Boston District, ADM4:  | Score: 42.29, Population: 41340 | Fuzzy match: 22.22222222222222
2025-08-16 12:16:11,819 INFO Comparing database entry: lincolnshire with Lincoln returned from geonames.
2025-08-16 12:16:11,819 INFO 📄 Index 0 | Name: Lincoln | fcl: P, fcode: PPLA2 | ADM1: England, ADM2: Lincolnshire, ADM3: Lincoln District, ADM4:  | Score: 57.69, Population: 103813 | Fuzzy match: 73.6842105263158
2025-08-16 12:16:11,819 INFO Comparing database entry: lincolnshire with Grimsby returned from geonames.
2025-08-16 12:16:11,819 INFO 📄 Index 1 | Name: Grimsby | fcl: P, fcode: PPLA2 | ADM1: England, ADM2: North East Lincolnshire, ADM3: Bradley, ADM4:  | Score: 47.41, Population: 86138 | Fuzzy match: 21.052631578947366
2025-08-16 12:16:11,819 INFO Comparing database entry: lincolnshire with Scunthorpe returned from geonames.
2025-08-16 12:16:11,819 INFO 📄 Index 2 | Name: Scunthorpe | fcl: P, fcode: PPLA2 | ADM1: England, ADM2: North Lincolnshire, ADM3: , ADM4:  | Score: 47.41, Population: 81576 | Fuzzy match: 45.45454545454546
2025-08-16 12:16:11,819 INFO Comparing database entry: lincolnshire with Boston returned from geonames.
2025-08-16 12:16:11,820 INFO 📄 Index 3 | Name: Boston | fcl: P, fcode: PPL | ADM1: England, ADM2: Lincolnshire, ADM3: Boston District, ADM4:  | Score: 42.29, Population: 41340 | Fuzzy match: 22.22222222222222
2025-08-16 12:16:11,956 INFO Comparing database entry: lincolnshire with Lincoln returned from geonames.
2025-08-16 12:16:11,956 INFO 📄 Index 0 | Name: Lincoln | fcl: P, fcode: PPLA2 | ADM1: England, ADM2: Lincolnshire, ADM3: Lincoln District, ADM4:  | Score: 57.69, Population: 103813 | Fuzzy match: 73.6842105263158
2025-08-16 12:16:11,956 INFO Comparing database entry: lincolnshire with Grimsby returned from geonames.
2025-08-16 12:16:11,956 INFO 📄 Index 1 | Name: Grimsby | fcl: P, fcode: PPLA2 | ADM1: England, ADM2: North East Lincolnshire, ADM3: Bradley, ADM4:  | Score: 47.41, Population: 86138 | Fuzzy match: 21.052631578947366
2025-08-16 12:16:11,956 INFO Comparing database entry: lincolnshire with Scunthorpe returned from geonames.
2025-08-16 12:16:11,956 INFO 📄 Index 2 | Name: Scunthorpe | fcl: P, fcode: PPLA2 | ADM1: England, ADM2: North Lincolnshire, ADM3: , ADM4:  | Score: 47.41, Population: 81576 | Fuzzy match: 45.45454545454546
2025-08-16 12:16:11,956 INFO Comparing database entry: lincolnshire with Boston returned from geonames.
2025-08-16 12:16:11,956 INFO 📄 Index 3 | Name: Boston | fcl: P, fcode: PPL | ADM1: England, ADM2: Lincolnshire, ADM3: Boston District, ADM4:  | Score: 42.29, Population: 41340 | Fuzzy match: 22.22222222222222
2025-08-16 12:16:12,134 INFO Comparing database entry: lincolnshire with Lincoln returned from geonames.
2025-08-16 12:16:12,135 INFO 📄 Index 0 | Name: Lincoln | fcl: P, fcode: PPLA2 | ADM1: England, ADM2: Lincolnshire, ADM3: Lincoln District, ADM4:  | Score: 57.69, Population: 103813 | Fuzzy match: 73.6842105263158
2025-08-16 12:16:12,135 INFO Comparing database entry: lincolnshire with Grimsby returned from geonames.
2025-08-16 12:16:12,135 INFO 📄 Index 1 | Name: Grimsby | fcl: P, fcode: PPLA2 | ADM1: England, ADM2: North East Lincolnshire, ADM3: Bradley, ADM4:  | Score: 47.41, Population: 86138 | Fuzzy match: 21.052631578947366
2025-08-16 12:16:12,135 INFO Comparing database entry: lincolnshire with Scunthorpe returned from geonames.
2025-08-16 12:16:12,135 INFO 📄 Index 2 | Name: Scunthorpe | fcl: P, fcode: PPLA2 | ADM1: England, ADM2: North Lincolnshire, ADM3: , ADM4:  | Score: 47.41, Population: 81576 | Fuzzy match: 45.45454545454546
2025-08-16 12:16:12,135 INFO Comparing database entry: lincolnshire with Boston returned from geonames.
2025-08-16 12:16:12,135 INFO 📄 Index 3 | Name: Boston | fcl: P, fcode: PPL | ADM1: England, ADM2: Lincolnshire, ADM3: Boston District, ADM4:  | Score: 42.29, Population: 41340 | Fuzzy match: 22.22222222222222
2025-08-16 12:16:12,286 INFO Comparing database entry: lincolnshire with Lincoln returned from geonames.
2025-08-16 12:16:12,286 INFO 📄 Index 0 | Name: Lincoln | fcl: P, fcode: PPLA2 | ADM1: England, ADM2: Lincolnshire, ADM3: Lincoln District, ADM4:  | Score: 57.69, Population: 103813 | Fuzzy match: 73.6842105263158
2025-08-16 12:16:12,286 INFO Comparing database entry: lincolnshire with Grimsby returned from geonames.
2025-08-16 12:16:12,286 INFO 📄 Index 1 | Name: Grimsby | fcl: P, fcode: PPLA2 | ADM1: England, ADM2: North East Lincolnshire, ADM3: Bradley, ADM4:  | Score: 47.41, Population: 86138 | Fuzzy match: 21.052631578947366
2025-08-16 12:16:12,286 INFO Comparing database entry: lincolnshire with Scunthorpe returned from geonames.
2025-08-16 12:16:12,286 INFO 📄 Index 2 | Name: Scunthorpe | fcl: P, fcode: PPLA2 | ADM1: England, ADM2: North Lincolnshire, ADM3: , ADM4:  | Score: 47.41, Population: 81576 | Fuzzy match: 45.45454545454546
2025-08-16 12:16:12,286 INFO Comparing database entry: lincolnshire with Boston returned from geonames.
2025-08-16 12:16:12,286 INFO 📄 Index 3 | Name: Boston | fcl: P, fcode: PPL | ADM1: England, ADM2: Lincolnshire, ADM3: Boston District, ADM4:  | Score: 42.29, Population: 41340 | Fuzzy match: 22.22222222222222
2025-08-16 12:16:12,426 INFO Comparing database entry: lincolnshire with Lincoln returned from geonames.
2025-08-16 12:16:12,427 INFO 📄 Index 0 | Name: Lincoln | fcl: P, fcode: PPLA2 | ADM1: England, ADM2: Lincolnshire, ADM3: Lincoln District, ADM4:  | Score: 57.69, Population: 103813 | Fuzzy match: 73.6842105263158
2025-08-16 12:16:12,427 INFO Comparing database entry: lincolnshire with Grimsby returned from geonames.
2025-08-16 12:16:12,427 INFO 📄 Index 1 | Name: Grimsby | fcl: P, fcode: PPLA2 | ADM1: England, ADM2: North East Lincolnshire, ADM3: Bradley, ADM4:  | Score: 47.41, Population: 86138 | Fuzzy match: 21.052631578947366
2025-08-16 12:16:12,427 INFO Comparing database entry: lincolnshire with Scunthorpe returned from geonames.
2025-08-16 12:16:12,427 INFO 📄 Index 2 | Name: Scunthorpe | fcl: P, fcode: PPLA2 | ADM1: England, ADM2: North Lincolnshire, ADM3: , ADM4:  | Score: 47.41, Population: 81576 | Fuzzy match: 45.45454545454546
2025-08-16 12:16:12,427 INFO Comparing database entry: lincolnshire with Boston returned from geonames.
2025-08-16 12:16:12,427 INFO 📄 Index 3 | Name: Boston | fcl: P, fcode: PPL | ADM1: England, ADM2: Lincolnshire, ADM3: Boston District, ADM4:  | Score: 42.29, Population: 41340 | Fuzzy match: 22.22222222222222
2025-08-16 12:16:12,427 WARNING ❌ No match found with fuzzy score > 80 for city: lincolnshire
2025-08-16 12:16:12,427 WARNING ❌ Lookup failed for city='lincolnshire', iso2='GB'
