2025-08-19 17:02:00,432 INFO 🗺️ Starting GeoNames lookup for city='merseyside', country='uk'
2025-08-19 17:02:00,432 INFO 📍 Location is present in the following articles: [ObjectId('67fbf93094b7f855cfea73a5'), ObjectId('67fbf93a94b7f855cfea73d2'), ObjectId('67fbf9b694b7f855cfea75d7')]
2025-08-19 17:02:00,595 INFO Comparing database entry: merseyside with Liverpool returned from geonames.
2025-08-19 17:02:00,596 INFO 📄 Index 0 | Name: Liverpool | fcl: P, fcode: PPLA2 | ADM1: England, ADM2: Liverpool, ADM3: , ADM4:  | Latitude: 53.41058, Longitude: -2.97794 | Score: 86.26, Population: 864122 | Fuzzy match: 21.052631578947366
2025-08-19 17:02:00,596 INFO Comparing database entry: merseyside with Birkenhead returned from geonames.
2025-08-19 17:02:00,596 INFO 📄 Index 1 | Name: Birkenhead | fcl: P, fcode: PPL | ADM1: England, ADM2: Wirral, ADM3: , ADM4:  | Latitude: 53.39337, Longitude: -3.01479 | Score: 50.74, Population: 325264 | Fuzzy match: 30.000000000000004
2025-08-19 17:02:00,596 INFO Comparing database entry: merseyside with St Helens returned from geonames.
2025-08-19 17:02:00,596 INFO 📄 Index 2 | Name: St Helens | fcl: P, fcode: PPLA2 | ADM1: England, ADM2: St. Helens, ADM3: , ADM4:  | Latitude: 53.45, Longitude: -2.73333 | Score: 44.26, Population: 183200 | Fuzzy match: 31.57894736842105
2025-08-19 17:02:00,596 INFO Comparing database entry: merseyside with Southport returned from geonames.
2025-08-19 17:02:00,596 INFO 📄 Index 3 | Name: Southport | fcl: P, fcode: PPLA2 | ADM1: England, ADM2: Sefton, ADM3: , ADM4:  | Latitude: 53.64581, Longitude: -3.01008 | Score: 37.78, Population: 91703 | Fuzzy match: 10.526315789473683
2025-08-19 17:02:00,752 INFO Comparing database entry: merseyside with Liverpool returned from geonames.
2025-08-19 17:02:00,752 INFO 📄 Index 0 | Name: Liverpool | fcl: P, fcode: PPLA2 | ADM1: England, ADM2: Liverpool, ADM3: , ADM4:  | Latitude: 53.41058, Longitude: -2.97794 | Score: 86.26, Population: 864122 | Fuzzy match: 21.052631578947366
2025-08-19 17:02:00,752 INFO Comparing database entry: merseyside with Birkenhead returned from geonames.
2025-08-19 17:02:00,752 INFO 📄 Index 1 | Name: Birkenhead | fcl: P, fcode: PPL | ADM1: England, ADM2: Wirral, ADM3: , ADM4:  | Latitude: 53.39337, Longitude: -3.01479 | Score: 50.74, Population: 325264 | Fuzzy match: 30.000000000000004
2025-08-19 17:02:00,752 INFO Comparing database entry: merseyside with St Helens returned from geonames.
2025-08-19 17:02:00,752 INFO 📄 Index 2 | Name: St Helens | fcl: P, fcode: PPLA2 | ADM1: England, ADM2: St. Helens, ADM3: , ADM4:  | Latitude: 53.45, Longitude: -2.73333 | Score: 44.26, Population: 183200 | Fuzzy match: 31.57894736842105
2025-08-19 17:02:00,752 INFO Comparing database entry: merseyside with Southport returned from geonames.
2025-08-19 17:02:00,752 INFO 📄 Index 3 | Name: Southport | fcl: P, fcode: PPLA2 | ADM1: England, ADM2: Sefton, ADM3: , ADM4:  | Latitude: 53.64581, Longitude: -3.01008 | Score: 37.78, Population: 91703 | Fuzzy match: 10.526315789473683
2025-08-19 17:02:00,911 INFO Comparing database entry: merseyside with Liverpool returned from geonames.
2025-08-19 17:02:00,912 INFO 📄 Index 0 | Name: Liverpool | fcl: P, fcode: PPLA2 | ADM1: England, ADM2: Liverpool, ADM3: , ADM4:  | Latitude: 53.41058, Longitude: -2.97794 | Score: 86.26, Population: 864122 | Fuzzy match: 21.052631578947366
2025-08-19 17:02:00,912 INFO Comparing database entry: merseyside with Birkenhead returned from geonames.
2025-08-19 17:02:00,912 INFO 📄 Index 1 | Name: Birkenhead | fcl: P, fcode: PPL | ADM1: England, ADM2: Wirral, ADM3: , ADM4:  | Latitude: 53.39337, Longitude: -3.01479 | Score: 50.74, Population: 325264 | Fuzzy match: 30.000000000000004
2025-08-19 17:02:00,912 INFO Comparing database entry: merseyside with St Helens returned from geonames.
2025-08-19 17:02:00,912 INFO 📄 Index 2 | Name: St Helens | fcl: P, fcode: PPLA2 | ADM1: England, ADM2: St. Helens, ADM3: , ADM4:  | Latitude: 53.45, Longitude: -2.73333 | Score: 44.26, Population: 183200 | Fuzzy match: 31.57894736842105
2025-08-19 17:02:00,912 INFO Comparing database entry: merseyside with Southport returned from geonames.
2025-08-19 17:02:00,912 INFO 📄 Index 3 | Name: Southport | fcl: P, fcode: PPLA2 | ADM1: England, ADM2: Sefton, ADM3: , ADM4:  | Latitude: 53.64581, Longitude: -3.01008 | Score: 37.78, Population: 91703 | Fuzzy match: 10.526315789473683
2025-08-19 17:02:01,058 INFO Comparing database entry: merseyside with Liverpool returned from geonames.
2025-08-19 17:02:01,059 INFO 📄 Index 0 | Name: Liverpool | fcl: P, fcode: PPLA2 | ADM1: England, ADM2: Liverpool, ADM3: , ADM4:  | Latitude: 53.41058, Longitude: -2.97794 | Score: 86.26, Population: 864122 | Fuzzy match: 21.052631578947366
2025-08-19 17:02:01,059 INFO Comparing database entry: merseyside with Birkenhead returned from geonames.
2025-08-19 17:02:01,059 INFO 📄 Index 1 | Name: Birkenhead | fcl: P, fcode: PPL | ADM1: England, ADM2: Wirral, ADM3: , ADM4:  | Latitude: 53.39337, Longitude: -3.01479 | Score: 50.74, Population: 325264 | Fuzzy match: 30.000000000000004
2025-08-19 17:02:01,059 INFO Comparing database entry: merseyside with St Helens returned from geonames.
2025-08-19 17:02:01,059 INFO 📄 Index 2 | Name: St Helens | fcl: P, fcode: PPLA2 | ADM1: England, ADM2: St. Helens, ADM3: , ADM4:  | Latitude: 53.45, Longitude: -2.73333 | Score: 44.26, Population: 183200 | Fuzzy match: 31.57894736842105
2025-08-19 17:02:01,059 INFO Comparing database entry: merseyside with Southport returned from geonames.
2025-08-19 17:02:01,059 INFO 📄 Index 3 | Name: Southport | fcl: P, fcode: PPLA2 | ADM1: England, ADM2: Sefton, ADM3: , ADM4:  | Latitude: 53.64581, Longitude: -3.01008 | Score: 37.78, Population: 91703 | Fuzzy match: 10.526315789473683
2025-08-19 17:02:01,216 INFO Comparing database entry: merseyside with Liverpool returned from geonames.
2025-08-19 17:02:01,216 INFO 📄 Index 0 | Name: Liverpool | fcl: P, fcode: PPLA2 | ADM1: England, ADM2: Liverpool, ADM3: , ADM4:  | Latitude: 53.41058, Longitude: -2.97794 | Score: 86.26, Population: 864122 | Fuzzy match: 21.052631578947366
2025-08-19 17:02:01,216 INFO Comparing database entry: merseyside with Birkenhead returned from geonames.
2025-08-19 17:02:01,216 INFO 📄 Index 1 | Name: Birkenhead | fcl: P, fcode: PPL | ADM1: England, ADM2: Wirral, ADM3: , ADM4:  | Latitude: 53.39337, Longitude: -3.01479 | Score: 50.74, Population: 325264 | Fuzzy match: 30.000000000000004
2025-08-19 17:02:01,216 INFO Comparing database entry: merseyside with St Helens returned from geonames.
2025-08-19 17:02:01,216 INFO 📄 Index 2 | Name: St Helens | fcl: P, fcode: PPLA2 | ADM1: England, ADM2: St. Helens, ADM3: , ADM4:  | Latitude: 53.45, Longitude: -2.73333 | Score: 44.26, Population: 183200 | Fuzzy match: 31.57894736842105
2025-08-19 17:02:01,216 INFO Comparing database entry: merseyside with Southport returned from geonames.
2025-08-19 17:02:01,216 INFO 📄 Index 3 | Name: Southport | fcl: P, fcode: PPLA2 | ADM1: England, ADM2: Sefton, ADM3: , ADM4:  | Latitude: 53.64581, Longitude: -3.01008 | Score: 37.78, Population: 91703 | Fuzzy match: 10.526315789473683
2025-08-19 17:02:01,378 INFO Comparing database entry: merseyside with Liverpool returned from geonames.
2025-08-19 17:02:01,378 INFO 📄 Index 0 | Name: Liverpool | fcl: P, fcode: PPLA2 | ADM1: England, ADM2: Liverpool, ADM3: , ADM4:  | Latitude: 53.41058, Longitude: -2.97794 | Score: 86.26, Population: 864122 | Fuzzy match: 21.052631578947366
2025-08-19 17:02:01,378 INFO Comparing database entry: merseyside with Birkenhead returned from geonames.
2025-08-19 17:02:01,378 INFO 📄 Index 1 | Name: Birkenhead | fcl: P, fcode: PPL | ADM1: England, ADM2: Wirral, ADM3: , ADM4:  | Latitude: 53.39337, Longitude: -3.01479 | Score: 50.74, Population: 325264 | Fuzzy match: 30.000000000000004
2025-08-19 17:02:01,378 INFO Comparing database entry: merseyside with St Helens returned from geonames.
2025-08-19 17:02:01,378 INFO 📄 Index 2 | Name: St Helens | fcl: P, fcode: PPLA2 | ADM1: England, ADM2: St. Helens, ADM3: , ADM4:  | Latitude: 53.45, Longitude: -2.73333 | Score: 44.26, Population: 183200 | Fuzzy match: 31.57894736842105
2025-08-19 17:02:01,379 INFO Comparing database entry: merseyside with Southport returned from geonames.
2025-08-19 17:02:01,379 INFO 📄 Index 3 | Name: Southport | fcl: P, fcode: PPLA2 | ADM1: England, ADM2: Sefton, ADM3: , ADM4:  | Latitude: 53.64581, Longitude: -3.01008 | Score: 37.78, Population: 91703 | Fuzzy match: 10.526315789473683
2025-08-19 17:02:01,379 WARNING ❌ No match found with fuzzy score > 80 for city: merseyside
2025-08-19 17:02:01,379 WARNING ❌ Lookup failed for city='merseyside', iso2='GB'
