2025-08-17 15:41:09,406 INFO 🗺️ Starting GeoNames lookup for city='mid wales', country='united kingdom'
2025-08-17 15:41:09,406 INFO 📍 Location is present in the following articles: [ObjectId('67fa622238fb90ab92f8c0d0')]
2025-08-17 15:41:09,671 INFO Comparing database entry: mid wales with Aberdare returned from geonames.
2025-08-17 15:41:09,672 INFO 📄 Index 0 | Name: Aberdare | fcl: P, fcode: PPL | ADM1: Wales, ADM2: Rhondda Cynon Taf, ADM3: Aberdare, ADM4:  | Score: 45.07, Population: 31135 | Fuzzy match: 35.29411764705882
2025-08-17 15:41:09,672 INFO Comparing database entry: mid wales with Merthyr Tydfil returned from geonames.
2025-08-17 15:41:09,672 INFO 📄 Index 1 | Name: Merthyr Tydfil | fcl: P, fcode: PPLA2 | ADM1: Wales, ADM2: Merthyr Tydfil, ADM3: Town, ADM4:  | Score: 44.14, Population: 43820 | Fuzzy match: 26.086956521739136
2025-08-17 15:41:09,672 INFO Comparing database entry: mid wales with Rhondda returned from geonames.
2025-08-17 15:41:09,672 INFO 📄 Index 2 | Name: Rhondda | fcl: P, fcode: PPL | ADM1: Wales, ADM2: Rhondda Cynon Taf, ADM3: Ferndale, ADM4:  | Score: 38.65, Population: 59450 | Fuzzy match: 25.0
2025-08-17 15:41:09,672 INFO Comparing database entry: mid wales with Tonypandy returned from geonames.
2025-08-17 15:41:09,672 INFO 📄 Index 3 | Name: Tonypandy | fcl: P, fcode: PPL | ADM1: Wales, ADM2: Rhondda Cynon Taf, ADM3: Tonypandy, ADM4:  | Score: 37.72, Population: 62545 | Fuzzy match: 11.111111111111116
2025-08-17 15:41:10,078 INFO Comparing database entry: mid wales with Aberdare returned from geonames.
2025-08-17 15:41:10,078 INFO 📄 Index 0 | Name: Aberdare | fcl: P, fcode: PPL | ADM1: Wales, ADM2: Rhondda Cynon Taf, ADM3: Aberdare, ADM4:  | Score: 45.07, Population: 31135 | Fuzzy match: 35.29411764705882
2025-08-17 15:41:10,079 INFO Comparing database entry: mid wales with Merthyr Tydfil returned from geonames.
2025-08-17 15:41:10,079 INFO 📄 Index 1 | Name: Merthyr Tydfil | fcl: P, fcode: PPLA2 | ADM1: Wales, ADM2: Merthyr Tydfil, ADM3: Town, ADM4:  | Score: 44.14, Population: 43820 | Fuzzy match: 26.086956521739136
2025-08-17 15:41:10,079 INFO Comparing database entry: mid wales with Rhondda returned from geonames.
2025-08-17 15:41:10,079 INFO 📄 Index 2 | Name: Rhondda | fcl: P, fcode: PPL | ADM1: Wales, ADM2: Rhondda Cynon Taf, ADM3: Ferndale, ADM4:  | Score: 38.65, Population: 59450 | Fuzzy match: 25.0
2025-08-17 15:41:10,079 INFO Comparing database entry: mid wales with Tonypandy returned from geonames.
2025-08-17 15:41:10,079 INFO 📄 Index 3 | Name: Tonypandy | fcl: P, fcode: PPL | ADM1: Wales, ADM2: Rhondda Cynon Taf, ADM3: Tonypandy, ADM4:  | Score: 37.72, Population: 62545 | Fuzzy match: 11.111111111111116
2025-08-17 15:41:10,251 INFO Comparing database entry: mid wales with Aberdare returned from geonames.
2025-08-17 15:41:10,252 INFO 📄 Index 0 | Name: Aberdare | fcl: P, fcode: PPL | ADM1: Wales, ADM2: Rhondda Cynon Taf, ADM3: Aberdare, ADM4:  | Score: 45.07, Population: 31135 | Fuzzy match: 35.29411764705882
2025-08-17 15:41:10,252 INFO Comparing database entry: mid wales with Merthyr Tydfil returned from geonames.
2025-08-17 15:41:10,252 INFO 📄 Index 1 | Name: Merthyr Tydfil | fcl: P, fcode: PPLA2 | ADM1: Wales, ADM2: Merthyr Tydfil, ADM3: Town, ADM4:  | Score: 44.14, Population: 43820 | Fuzzy match: 26.086956521739136
2025-08-17 15:41:10,252 INFO Comparing database entry: mid wales with Rhondda returned from geonames.
2025-08-17 15:41:10,252 INFO 📄 Index 2 | Name: Rhondda | fcl: P, fcode: PPL | ADM1: Wales, ADM2: Rhondda Cynon Taf, ADM3: Ferndale, ADM4:  | Score: 38.65, Population: 59450 | Fuzzy match: 25.0
2025-08-17 15:41:10,252 INFO Comparing database entry: mid wales with Tonypandy returned from geonames.
2025-08-17 15:41:10,252 INFO 📄 Index 3 | Name: Tonypandy | fcl: P, fcode: PPL | ADM1: Wales, ADM2: Rhondda Cynon Taf, ADM3: Tonypandy, ADM4:  | Score: 37.72, Population: 62545 | Fuzzy match: 11.111111111111116
2025-08-17 15:41:10,402 INFO Comparing database entry: mid wales with Aberdare returned from geonames.
2025-08-17 15:41:10,402 INFO 📄 Index 0 | Name: Aberdare | fcl: P, fcode: PPL | ADM1: Wales, ADM2: Rhondda Cynon Taf, ADM3: Aberdare, ADM4:  | Score: 45.07, Population: 31135 | Fuzzy match: 35.29411764705882
2025-08-17 15:41:10,402 INFO Comparing database entry: mid wales with Merthyr Tydfil returned from geonames.
2025-08-17 15:41:10,402 INFO 📄 Index 1 | Name: Merthyr Tydfil | fcl: P, fcode: PPLA2 | ADM1: Wales, ADM2: Merthyr Tydfil, ADM3: Town, ADM4:  | Score: 44.14, Population: 43820 | Fuzzy match: 26.086956521739136
2025-08-17 15:41:10,403 INFO Comparing database entry: mid wales with Rhondda returned from geonames.
2025-08-17 15:41:10,403 INFO 📄 Index 2 | Name: Rhondda | fcl: P, fcode: PPL | ADM1: Wales, ADM2: Rhondda Cynon Taf, ADM3: Ferndale, ADM4:  | Score: 38.65, Population: 59450 | Fuzzy match: 25.0
2025-08-17 15:41:10,403 INFO Comparing database entry: mid wales with Tonypandy returned from geonames.
2025-08-17 15:41:10,403 INFO 📄 Index 3 | Name: Tonypandy | fcl: P, fcode: PPL | ADM1: Wales, ADM2: Rhondda Cynon Taf, ADM3: Tonypandy, ADM4:  | Score: 37.72, Population: 62545 | Fuzzy match: 11.111111111111116
2025-08-17 15:41:10,575 INFO Comparing database entry: mid wales with Aberdare returned from geonames.
2025-08-17 15:41:10,575 INFO 📄 Index 0 | Name: Aberdare | fcl: P, fcode: PPL | ADM1: Wales, ADM2: Rhondda Cynon Taf, ADM3: Aberdare, ADM4:  | Score: 45.07, Population: 31135 | Fuzzy match: 35.29411764705882
2025-08-17 15:41:10,575 INFO Comparing database entry: mid wales with Merthyr Tydfil returned from geonames.
2025-08-17 15:41:10,575 INFO 📄 Index 1 | Name: Merthyr Tydfil | fcl: P, fcode: PPLA2 | ADM1: Wales, ADM2: Merthyr Tydfil, ADM3: Town, ADM4:  | Score: 44.14, Population: 43820 | Fuzzy match: 26.086956521739136
2025-08-17 15:41:10,575 INFO Comparing database entry: mid wales with Rhondda returned from geonames.
2025-08-17 15:41:10,575 INFO 📄 Index 2 | Name: Rhondda | fcl: P, fcode: PPL | ADM1: Wales, ADM2: Rhondda Cynon Taf, ADM3: Ferndale, ADM4:  | Score: 38.65, Population: 59450 | Fuzzy match: 25.0
2025-08-17 15:41:10,575 INFO Comparing database entry: mid wales with Tonypandy returned from geonames.
2025-08-17 15:41:10,575 INFO 📄 Index 3 | Name: Tonypandy | fcl: P, fcode: PPL | ADM1: Wales, ADM2: Rhondda Cynon Taf, ADM3: Tonypandy, ADM4:  | Score: 37.72, Population: 62545 | Fuzzy match: 11.111111111111116
2025-08-17 15:41:10,709 INFO Comparing database entry: mid wales with Aberdare returned from geonames.
2025-08-17 15:41:10,710 INFO 📄 Index 0 | Name: Aberdare | fcl: P, fcode: PPL | ADM1: Wales, ADM2: Rhondda Cynon Taf, ADM3: Aberdare, ADM4:  | Score: 45.07, Population: 31135 | Fuzzy match: 35.29411764705882
2025-08-17 15:41:10,710 INFO Comparing database entry: mid wales with Merthyr Tydfil returned from geonames.
2025-08-17 15:41:10,710 INFO 📄 Index 1 | Name: Merthyr Tydfil | fcl: P, fcode: PPLA2 | ADM1: Wales, ADM2: Merthyr Tydfil, ADM3: Town, ADM4:  | Score: 44.14, Population: 43820 | Fuzzy match: 26.086956521739136
2025-08-17 15:41:10,710 INFO Comparing database entry: mid wales with Rhondda returned from geonames.
2025-08-17 15:41:10,710 INFO 📄 Index 2 | Name: Rhondda | fcl: P, fcode: PPL | ADM1: Wales, ADM2: Rhondda Cynon Taf, ADM3: Ferndale, ADM4:  | Score: 38.65, Population: 59450 | Fuzzy match: 25.0
2025-08-17 15:41:10,710 INFO Comparing database entry: mid wales with Tonypandy returned from geonames.
2025-08-17 15:41:10,710 INFO 📄 Index 3 | Name: Tonypandy | fcl: P, fcode: PPL | ADM1: Wales, ADM2: Rhondda Cynon Taf, ADM3: Tonypandy, ADM4:  | Score: 37.72, Population: 62545 | Fuzzy match: 11.111111111111116
2025-08-17 15:41:10,710 WARNING ❌ No match found with fuzzy score > 80 for city: mid wales
2025-08-17 15:41:10,710 WARNING ❌ Lookup failed for city='mid_wales', iso2='GB'
