2025-08-08 12:00:32,757 INFO 🗺️ Starting GeoNames lookup for city='north_of_england', country='united kingdom'
2025-08-08 12:00:32,757 INFO 📍 Location is present in the following articles: [ObjectId('67f921e6f431fddd61d55ca3')]
2025-08-08 12:00:32,900 INFO Comparing database entry: north of england with York returned from geonames.
2025-08-08 12:00:32,900 INFO 📄 Index 0 | Name: York | fcl: P, fcode: PPLA2 | ADM1: England, ADM2: York, ADM3: , ADM4:  | Score: 63.95, Population: 156135 | Fuzzy match: 19.999999999999996
2025-08-08 12:00:32,900 INFO Comparing database entry: north of england with Bath returned from geonames.
2025-08-08 12:00:32,900 INFO 📄 Index 1 | Name: Bath | fcl: P, fcode: PPLA2 | ADM1: England, ADM2: Bath and North East Somerset, ADM3: , ADM4:  | Score: 63.35, Population: 101557 | Fuzzy match: 30.000000000000004
2025-08-08 12:00:32,900 INFO Comparing database entry: north of england with Middlesbrough returned from geonames.
2025-08-08 12:00:32,900 INFO 📄 Index 2 | Name: Middlesbrough | fcl: P, fcode: PPLA2 | ADM1: England, ADM2: Middlesbrough, ADM3: , ADM4:  | Score: 63.18, Population: 142707 | Fuzzy match: 20.68965517241379
2025-08-08 12:00:32,900 INFO Comparing database entry: north of england with Harrogate returned from geonames.
2025-08-08 12:00:32,900 INFO 📄 Index 3 | Name: Harrogate | fcl: P, fcode: PPL | ADM1: England, ADM2: North Yorkshire, ADM3: Harrogate District, ADM4:  | Score: 56.17, Population: 89060 | Fuzzy match: 24.0
2025-08-08 12:00:33,071 INFO Comparing database entry: north of england with York returned from geonames.
2025-08-08 12:00:33,072 INFO 📄 Index 0 | Name: York | fcl: P, fcode: PPLA2 | ADM1: England, ADM2: York, ADM3: , ADM4:  | Score: 63.95, Population: 156135 | Fuzzy match: 19.999999999999996
2025-08-08 12:00:33,072 INFO Comparing database entry: north of england with Bath returned from geonames.
2025-08-08 12:00:33,072 INFO 📄 Index 1 | Name: Bath | fcl: P, fcode: PPLA2 | ADM1: England, ADM2: Bath and North East Somerset, ADM3: , ADM4:  | Score: 63.35, Population: 101557 | Fuzzy match: 30.000000000000004
2025-08-08 12:00:33,072 INFO Comparing database entry: north of england with Middlesbrough returned from geonames.
2025-08-08 12:00:33,072 INFO 📄 Index 2 | Name: Middlesbrough | fcl: P, fcode: PPLA2 | ADM1: England, ADM2: Middlesbrough, ADM3: , ADM4:  | Score: 63.18, Population: 142707 | Fuzzy match: 20.68965517241379
2025-08-08 12:00:33,072 INFO Comparing database entry: north of england with Harrogate returned from geonames.
2025-08-08 12:00:33,072 INFO 📄 Index 3 | Name: Harrogate | fcl: P, fcode: PPL | ADM1: England, ADM2: North Yorkshire, ADM3: Harrogate District, ADM4:  | Score: 56.17, Population: 89060 | Fuzzy match: 24.0
2025-08-08 12:00:33,228 INFO Comparing database entry: north of england with York returned from geonames.
2025-08-08 12:00:33,228 INFO 📄 Index 0 | Name: York | fcl: P, fcode: PPLA2 | ADM1: England, ADM2: York, ADM3: , ADM4:  | Score: 63.95, Population: 156135 | Fuzzy match: 19.999999999999996
2025-08-08 12:00:33,228 INFO Comparing database entry: north of england with Bath returned from geonames.
2025-08-08 12:00:33,228 INFO 📄 Index 1 | Name: Bath | fcl: P, fcode: PPLA2 | ADM1: England, ADM2: Bath and North East Somerset, ADM3: , ADM4:  | Score: 63.35, Population: 101557 | Fuzzy match: 30.000000000000004
2025-08-08 12:00:33,229 INFO Comparing database entry: north of england with Middlesbrough returned from geonames.
2025-08-08 12:00:33,229 INFO 📄 Index 2 | Name: Middlesbrough | fcl: P, fcode: PPLA2 | ADM1: England, ADM2: Middlesbrough, ADM3: , ADM4:  | Score: 63.18, Population: 142707 | Fuzzy match: 20.68965517241379
2025-08-08 12:00:33,229 INFO Comparing database entry: north of england with Harrogate returned from geonames.
2025-08-08 12:00:33,229 INFO 📄 Index 3 | Name: Harrogate | fcl: P, fcode: PPL | ADM1: England, ADM2: North Yorkshire, ADM3: Harrogate District, ADM4:  | Score: 56.17, Population: 89060 | Fuzzy match: 24.0
2025-08-08 12:00:33,396 INFO Comparing database entry: north of england with York returned from geonames.
2025-08-08 12:00:33,396 INFO 📄 Index 0 | Name: York | fcl: P, fcode: PPLA2 | ADM1: England, ADM2: York, ADM3: , ADM4:  | Score: 63.95, Population: 156135 | Fuzzy match: 19.999999999999996
2025-08-08 12:00:33,396 INFO Comparing database entry: north of england with Bath returned from geonames.
2025-08-08 12:00:33,396 INFO 📄 Index 1 | Name: Bath | fcl: P, fcode: PPLA2 | ADM1: England, ADM2: Bath and North East Somerset, ADM3: , ADM4:  | Score: 63.35, Population: 101557 | Fuzzy match: 30.000000000000004
2025-08-08 12:00:33,396 INFO Comparing database entry: north of england with Middlesbrough returned from geonames.
2025-08-08 12:00:33,396 INFO 📄 Index 2 | Name: Middlesbrough | fcl: P, fcode: PPLA2 | ADM1: England, ADM2: Middlesbrough, ADM3: , ADM4:  | Score: 63.18, Population: 142707 | Fuzzy match: 20.68965517241379
2025-08-08 12:00:33,396 INFO Comparing database entry: north of england with Harrogate returned from geonames.
2025-08-08 12:00:33,396 INFO 📄 Index 3 | Name: Harrogate | fcl: P, fcode: PPL | ADM1: England, ADM2: North Yorkshire, ADM3: Harrogate District, ADM4:  | Score: 56.17, Population: 89060 | Fuzzy match: 24.0
2025-08-08 12:00:33,574 INFO Comparing database entry: north of england with York returned from geonames.
2025-08-08 12:00:33,575 INFO 📄 Index 0 | Name: York | fcl: P, fcode: PPLA2 | ADM1: England, ADM2: York, ADM3: , ADM4:  | Score: 63.95, Population: 156135 | Fuzzy match: 19.999999999999996
2025-08-08 12:00:33,575 INFO Comparing database entry: north of england with Bath returned from geonames.
2025-08-08 12:00:33,575 INFO 📄 Index 1 | Name: Bath | fcl: P, fcode: PPLA2 | ADM1: England, ADM2: Bath and North East Somerset, ADM3: , ADM4:  | Score: 63.35, Population: 101557 | Fuzzy match: 30.000000000000004
2025-08-08 12:00:33,575 INFO Comparing database entry: north of england with Middlesbrough returned from geonames.
2025-08-08 12:00:33,575 INFO 📄 Index 2 | Name: Middlesbrough | fcl: P, fcode: PPLA2 | ADM1: England, ADM2: Middlesbrough, ADM3: , ADM4:  | Score: 63.18, Population: 142707 | Fuzzy match: 20.68965517241379
2025-08-08 12:00:33,575 INFO Comparing database entry: north of england with Harrogate returned from geonames.
2025-08-08 12:00:33,575 INFO 📄 Index 3 | Name: Harrogate | fcl: P, fcode: PPL | ADM1: England, ADM2: North Yorkshire, ADM3: Harrogate District, ADM4:  | Score: 56.17, Population: 89060 | Fuzzy match: 24.0
2025-08-08 12:00:33,735 INFO Comparing database entry: north of england with York returned from geonames.
2025-08-08 12:00:33,735 INFO 📄 Index 0 | Name: York | fcl: P, fcode: PPLA2 | ADM1: England, ADM2: York, ADM3: , ADM4:  | Score: 63.95, Population: 156135 | Fuzzy match: 19.999999999999996
2025-08-08 12:00:33,735 INFO Comparing database entry: north of england with Bath returned from geonames.
2025-08-08 12:00:33,735 INFO 📄 Index 1 | Name: Bath | fcl: P, fcode: PPLA2 | ADM1: England, ADM2: Bath and North East Somerset, ADM3: , ADM4:  | Score: 63.35, Population: 101557 | Fuzzy match: 30.000000000000004
2025-08-08 12:00:33,735 INFO Comparing database entry: north of england with Middlesbrough returned from geonames.
2025-08-08 12:00:33,735 INFO 📄 Index 2 | Name: Middlesbrough | fcl: P, fcode: PPLA2 | ADM1: England, ADM2: Middlesbrough, ADM3: , ADM4:  | Score: 63.18, Population: 142707 | Fuzzy match: 20.68965517241379
2025-08-08 12:00:33,735 INFO Comparing database entry: north of england with Harrogate returned from geonames.
2025-08-08 12:00:33,735 INFO 📄 Index 3 | Name: Harrogate | fcl: P, fcode: PPL | ADM1: England, ADM2: North Yorkshire, ADM3: Harrogate District, ADM4:  | Score: 56.17, Population: 89060 | Fuzzy match: 24.0
2025-08-08 12:00:33,736 WARNING ❌ No match found with fuzzy score > 80 for city: north of england
2025-08-08 12:00:33,736 WARNING ❌ Lookup failed for city='north_of_england', iso2='GB'
