2025-08-17 15:41:14,521 INFO 🗺️ Starting GeoNames lookup for city='north sea', country='united kingdom'
2025-08-17 15:41:14,522 INFO 📍 Location is present in the following articles: [ObjectId('67fa5efd38fb90ab92f8b9e3')]
2025-08-17 15:41:14,668 INFO Comparing database entry: north sea with Wells-next-the-Sea returned from geonames.
2025-08-17 15:41:14,668 INFO 📄 Index 0 | Name: Wells-next-the-Sea | fcl: P, fcode: PPL | ADM1: England, ADM2: Norfolk, ADM3: North Norfolk District, ADM4: Wells-Next-the-Sea | Score: 29.70, Population: 2165 | Fuzzy match: 44.44444444444444
2025-08-17 15:41:14,668 INFO Comparing database entry: north sea with Marske returned from geonames.
2025-08-17 15:41:14,668 INFO 📄 Index 1 | Name: Marske | fcl: P, fcode: PPL | ADM1: England, ADM2: Redcar and Cleveland, ADM3: Saltburn, Marske and New Marske, ADM4:  | Score: 28.85, Population: 8282 | Fuzzy match: 40.0
2025-08-17 15:41:14,668 INFO Comparing database entry: north sea with Saltburn-by-the-Sea returned from geonames.
2025-08-17 15:41:14,668 INFO 📄 Index 2 | Name: Saltburn-by-the-Sea | fcl: P, fcode: PPL | ADM1: England, ADM2: Redcar and Cleveland, ADM3: Saltburn, Marske and New Marske, ADM4:  | Score: 28.65, Population: 5958 | Fuzzy match: 42.85714285714286
2025-08-17 15:41:14,668 INFO Comparing database entry: north sea with Sea Palling returned from geonames.
2025-08-17 15:41:14,668 INFO 📄 Index 3 | Name: Sea Palling | fcl: P, fcode: PPL | ADM1: England, ADM2: Norfolk, ADM3: North Norfolk District, ADM4: Sea Palling | Score: 24.79, Population: 451 | Fuzzy match: 50.0
2025-08-17 15:41:14,804 INFO Comparing database entry: north sea with Wells-next-the-Sea returned from geonames.
2025-08-17 15:41:14,804 INFO 📄 Index 0 | Name: Wells-next-the-Sea | fcl: P, fcode: PPL | ADM1: England, ADM2: Norfolk, ADM3: North Norfolk District, ADM4: Wells-Next-the-Sea | Score: 29.70, Population: 2165 | Fuzzy match: 44.44444444444444
2025-08-17 15:41:14,804 INFO Comparing database entry: north sea with Marske returned from geonames.
2025-08-17 15:41:14,804 INFO 📄 Index 1 | Name: Marske | fcl: P, fcode: PPL | ADM1: England, ADM2: Redcar and Cleveland, ADM3: Saltburn, Marske and New Marske, ADM4:  | Score: 28.85, Population: 8282 | Fuzzy match: 40.0
2025-08-17 15:41:14,804 INFO Comparing database entry: north sea with Saltburn-by-the-Sea returned from geonames.
2025-08-17 15:41:14,804 INFO 📄 Index 2 | Name: Saltburn-by-the-Sea | fcl: P, fcode: PPL | ADM1: England, ADM2: Redcar and Cleveland, ADM3: Saltburn, Marske and New Marske, ADM4:  | Score: 28.65, Population: 5958 | Fuzzy match: 42.85714285714286
2025-08-17 15:41:14,804 INFO Comparing database entry: north sea with Sea Palling returned from geonames.
2025-08-17 15:41:14,804 INFO 📄 Index 3 | Name: Sea Palling | fcl: P, fcode: PPL | ADM1: England, ADM2: Norfolk, ADM3: North Norfolk District, ADM4: Sea Palling | Score: 24.79, Population: 451 | Fuzzy match: 50.0
2025-08-17 15:41:14,933 INFO Comparing database entry: north sea with Wells-next-the-Sea returned from geonames.
2025-08-17 15:41:14,934 INFO 📄 Index 0 | Name: Wells-next-the-Sea | fcl: P, fcode: PPL | ADM1: England, ADM2: Norfolk, ADM3: North Norfolk District, ADM4: Wells-Next-the-Sea | Score: 29.70, Population: 2165 | Fuzzy match: 44.44444444444444
2025-08-17 15:41:14,934 INFO Comparing database entry: north sea with Marske returned from geonames.
2025-08-17 15:41:14,934 INFO 📄 Index 1 | Name: Marske | fcl: P, fcode: PPL | ADM1: England, ADM2: Redcar and Cleveland, ADM3: Saltburn, Marske and New Marske, ADM4:  | Score: 28.85, Population: 8282 | Fuzzy match: 40.0
2025-08-17 15:41:14,934 INFO Comparing database entry: north sea with Saltburn-by-the-Sea returned from geonames.
2025-08-17 15:41:14,934 INFO 📄 Index 2 | Name: Saltburn-by-the-Sea | fcl: P, fcode: PPL | ADM1: England, ADM2: Redcar and Cleveland, ADM3: Saltburn, Marske and New Marske, ADM4:  | Score: 28.65, Population: 5958 | Fuzzy match: 42.85714285714286
2025-08-17 15:41:14,934 INFO Comparing database entry: north sea with Sea Palling returned from geonames.
2025-08-17 15:41:14,934 INFO 📄 Index 3 | Name: Sea Palling | fcl: P, fcode: PPL | ADM1: England, ADM2: Norfolk, ADM3: North Norfolk District, ADM4: Sea Palling | Score: 24.79, Population: 451 | Fuzzy match: 50.0
2025-08-17 15:41:15,068 INFO Comparing database entry: north sea with Wells-next-the-Sea returned from geonames.
2025-08-17 15:41:15,068 INFO 📄 Index 0 | Name: Wells-next-the-Sea | fcl: P, fcode: PPL | ADM1: England, ADM2: Norfolk, ADM3: North Norfolk District, ADM4: Wells-Next-the-Sea | Score: 29.70, Population: 2165 | Fuzzy match: 44.44444444444444
2025-08-17 15:41:15,068 INFO Comparing database entry: north sea with Marske returned from geonames.
2025-08-17 15:41:15,068 INFO 📄 Index 1 | Name: Marske | fcl: P, fcode: PPL | ADM1: England, ADM2: Redcar and Cleveland, ADM3: Saltburn, Marske and New Marske, ADM4:  | Score: 28.85, Population: 8282 | Fuzzy match: 40.0
2025-08-17 15:41:15,068 INFO Comparing database entry: north sea with Saltburn-by-the-Sea returned from geonames.
2025-08-17 15:41:15,068 INFO 📄 Index 2 | Name: Saltburn-by-the-Sea | fcl: P, fcode: PPL | ADM1: England, ADM2: Redcar and Cleveland, ADM3: Saltburn, Marske and New Marske, ADM4:  | Score: 28.65, Population: 5958 | Fuzzy match: 42.85714285714286
2025-08-17 15:41:15,068 INFO Comparing database entry: north sea with Sea Palling returned from geonames.
2025-08-17 15:41:15,069 INFO 📄 Index 3 | Name: Sea Palling | fcl: P, fcode: PPL | ADM1: England, ADM2: Norfolk, ADM3: North Norfolk District, ADM4: Sea Palling | Score: 24.79, Population: 451 | Fuzzy match: 50.0
2025-08-17 15:41:15,229 INFO Comparing database entry: north sea with Wells-next-the-Sea returned from geonames.
2025-08-17 15:41:15,230 INFO 📄 Index 0 | Name: Wells-next-the-Sea | fcl: P, fcode: PPL | ADM1: England, ADM2: Norfolk, ADM3: North Norfolk District, ADM4: Wells-Next-the-Sea | Score: 29.70, Population: 2165 | Fuzzy match: 44.44444444444444
2025-08-17 15:41:15,230 INFO Comparing database entry: north sea with Marske returned from geonames.
2025-08-17 15:41:15,230 INFO 📄 Index 1 | Name: Marske | fcl: P, fcode: PPL | ADM1: England, ADM2: Redcar and Cleveland, ADM3: Saltburn, Marske and New Marske, ADM4:  | Score: 28.85, Population: 8282 | Fuzzy match: 40.0
2025-08-17 15:41:15,230 INFO Comparing database entry: north sea with Saltburn-by-the-Sea returned from geonames.
2025-08-17 15:41:15,230 INFO 📄 Index 2 | Name: Saltburn-by-the-Sea | fcl: P, fcode: PPL | ADM1: England, ADM2: Redcar and Cleveland, ADM3: Saltburn, Marske and New Marske, ADM4:  | Score: 28.65, Population: 5958 | Fuzzy match: 42.85714285714286
2025-08-17 15:41:15,230 INFO Comparing database entry: north sea with Sea Palling returned from geonames.
2025-08-17 15:41:15,230 INFO 📄 Index 3 | Name: Sea Palling | fcl: P, fcode: PPL | ADM1: England, ADM2: Norfolk, ADM3: North Norfolk District, ADM4: Sea Palling | Score: 24.79, Population: 451 | Fuzzy match: 50.0
2025-08-17 15:41:15,380 INFO Comparing database entry: north sea with Wells-next-the-Sea returned from geonames.
2025-08-17 15:41:15,380 INFO 📄 Index 0 | Name: Wells-next-the-Sea | fcl: P, fcode: PPL | ADM1: England, ADM2: Norfolk, ADM3: North Norfolk District, ADM4: Wells-Next-the-Sea | Score: 29.70, Population: 2165 | Fuzzy match: 44.44444444444444
2025-08-17 15:41:15,380 INFO Comparing database entry: north sea with Marske returned from geonames.
2025-08-17 15:41:15,380 INFO 📄 Index 1 | Name: Marske | fcl: P, fcode: PPL | ADM1: England, ADM2: Redcar and Cleveland, ADM3: Saltburn, Marske and New Marske, ADM4:  | Score: 28.85, Population: 8282 | Fuzzy match: 40.0
2025-08-17 15:41:15,380 INFO Comparing database entry: north sea with Saltburn-by-the-Sea returned from geonames.
2025-08-17 15:41:15,380 INFO 📄 Index 2 | Name: Saltburn-by-the-Sea | fcl: P, fcode: PPL | ADM1: England, ADM2: Redcar and Cleveland, ADM3: Saltburn, Marske and New Marske, ADM4:  | Score: 28.65, Population: 5958 | Fuzzy match: 42.85714285714286
2025-08-17 15:41:15,380 INFO Comparing database entry: north sea with Sea Palling returned from geonames.
2025-08-17 15:41:15,380 INFO 📄 Index 3 | Name: Sea Palling | fcl: P, fcode: PPL | ADM1: England, ADM2: Norfolk, ADM3: North Norfolk District, ADM4: Sea Palling | Score: 24.79, Population: 451 | Fuzzy match: 50.0
2025-08-17 15:41:15,381 WARNING ❌ No match found with fuzzy score > 80 for city: north sea
2025-08-17 15:41:15,381 WARNING ❌ Lookup failed for city='north_sea', iso2='GB'
