2025-08-19 17:04:37,011 INFO 🗺️ Starting GeoNames lookup for city='north warwickshire', country='united kingdom'
2025-08-19 17:04:37,011 INFO 📍 Location is present in the following articles: [ObjectId('68a34e2e55f8a4c6a03cb059')]
2025-08-19 17:04:37,161 INFO Comparing database entry: north warwickshire with Atherstone returned from geonames.
2025-08-19 17:04:37,162 INFO 📄 Index 0 | Name: Atherstone | fcl: P, fcode: PPL | ADM1: England, ADM2: Warwickshire, ADM3: North Warwickshire District, ADM4: Atherstone | Latitude: 52.57536, Longitude: -1.54693 | Score: 30.95, Population: 11237 | Fuzzy match: 35.71428571428571
2025-08-19 17:04:37,162 INFO Comparing database entry: north warwickshire with Kingsbury returned from geonames.
2025-08-19 17:04:37,162 INFO 📄 Index 1 | Name: Kingsbury | fcl: P, fcode: PPL | ADM1: England, ADM2: Warwickshire, ADM3: North Warwickshire District, ADM4: Kingsbury | Latitude: 52.56106, Longitude: -1.67936 | Score: 26.91, Population: 3730 | Fuzzy match: 22.22222222222222
2025-08-19 17:04:37,162 INFO Comparing database entry: north warwickshire with Water Orton returned from geonames.
2025-08-19 17:04:37,162 INFO 📄 Index 2 | Name: Water Orton | fcl: P, fcode: PPL | ADM1: England, ADM2: Warwickshire, ADM3: North Warwickshire District, ADM4: Water Orton | Latitude: 52.51575, Longitude: -1.74005 | Score: 26.91, Population: 3444 | Fuzzy match: 48.275862068965516
2025-08-19 17:04:37,162 INFO Comparing database entry: north warwickshire with North Warwickshire District returned from geonames.
2025-08-19 17:04:37,162 INFO 📄 Index 3 | Name: North Warwickshire District | fcl: A, fcode: ADM3 | ADM1: England, ADM2: Warwickshire, ADM3: North Warwickshire District, ADM4:  | Latitude: 52.56099, Longitude: -1.62276 | Score: 23.11, Population: 63229 | Fuzzy match: 80.0
2025-08-19 17:04:37,301 INFO Comparing database entry: north warwickshire with Atherstone returned from geonames.
2025-08-19 17:04:37,302 INFO 📄 Index 0 | Name: Atherstone | fcl: P, fcode: PPL | ADM1: England, ADM2: Warwickshire, ADM3: North Warwickshire District, ADM4: Atherstone | Latitude: 52.57536, Longitude: -1.54693 | Score: 30.95, Population: 11237 | Fuzzy match: 35.71428571428571
2025-08-19 17:04:37,302 INFO Comparing database entry: north warwickshire with Kingsbury returned from geonames.
2025-08-19 17:04:37,302 INFO 📄 Index 1 | Name: Kingsbury | fcl: P, fcode: PPL | ADM1: England, ADM2: Warwickshire, ADM3: North Warwickshire District, ADM4: Kingsbury | Latitude: 52.56106, Longitude: -1.67936 | Score: 26.91, Population: 3730 | Fuzzy match: 22.22222222222222
2025-08-19 17:04:37,302 INFO Comparing database entry: north warwickshire with Water Orton returned from geonames.
2025-08-19 17:04:37,302 INFO 📄 Index 2 | Name: Water Orton | fcl: P, fcode: PPL | ADM1: England, ADM2: Warwickshire, ADM3: North Warwickshire District, ADM4: Water Orton | Latitude: 52.51575, Longitude: -1.74005 | Score: 26.91, Population: 3444 | Fuzzy match: 48.275862068965516
2025-08-19 17:04:37,302 INFO Comparing database entry: north warwickshire with North Warwickshire District returned from geonames.
2025-08-19 17:04:37,302 INFO 📄 Index 3 | Name: North Warwickshire District | fcl: A, fcode: ADM3 | ADM1: England, ADM2: Warwickshire, ADM3: North Warwickshire District, ADM4:  | Latitude: 52.56099, Longitude: -1.62276 | Score: 23.11, Population: 63229 | Fuzzy match: 80.0
2025-08-19 17:04:37,454 INFO Comparing database entry: north warwickshire with Atherstone returned from geonames.
2025-08-19 17:04:37,455 INFO 📄 Index 0 | Name: Atherstone | fcl: P, fcode: PPL | ADM1: England, ADM2: Warwickshire, ADM3: North Warwickshire District, ADM4: Atherstone | Latitude: 52.57536, Longitude: -1.54693 | Score: 30.95, Population: 11237 | Fuzzy match: 35.71428571428571
2025-08-19 17:04:37,455 INFO Comparing database entry: north warwickshire with Kingsbury returned from geonames.
2025-08-19 17:04:37,455 INFO 📄 Index 1 | Name: Kingsbury | fcl: P, fcode: PPL | ADM1: England, ADM2: Warwickshire, ADM3: North Warwickshire District, ADM4: Kingsbury | Latitude: 52.56106, Longitude: -1.67936 | Score: 26.91, Population: 3730 | Fuzzy match: 22.22222222222222
2025-08-19 17:04:37,455 INFO Comparing database entry: north warwickshire with Water Orton returned from geonames.
2025-08-19 17:04:37,455 INFO 📄 Index 2 | Name: Water Orton | fcl: P, fcode: PPL | ADM1: England, ADM2: Warwickshire, ADM3: North Warwickshire District, ADM4: Water Orton | Latitude: 52.51575, Longitude: -1.74005 | Score: 26.91, Population: 3444 | Fuzzy match: 48.275862068965516
2025-08-19 17:04:37,455 INFO Comparing database entry: north warwickshire with North Warwickshire District returned from geonames.
2025-08-19 17:04:37,455 INFO 📄 Index 3 | Name: North Warwickshire District | fcl: A, fcode: ADM3 | ADM1: England, ADM2: Warwickshire, ADM3: North Warwickshire District, ADM4:  | Latitude: 52.56099, Longitude: -1.62276 | Score: 23.11, Population: 63229 | Fuzzy match: 80.0
2025-08-19 17:04:37,601 INFO Comparing database entry: north warwickshire with Atherstone returned from geonames.
2025-08-19 17:04:37,601 INFO 📄 Index 0 | Name: Atherstone | fcl: P, fcode: PPL | ADM1: England, ADM2: Warwickshire, ADM3: North Warwickshire District, ADM4: Atherstone | Latitude: 52.57536, Longitude: -1.54693 | Score: 30.95, Population: 11237 | Fuzzy match: 35.71428571428571
2025-08-19 17:04:37,601 INFO Comparing database entry: north warwickshire with Kingsbury returned from geonames.
2025-08-19 17:04:37,601 INFO 📄 Index 1 | Name: Kingsbury | fcl: P, fcode: PPL | ADM1: England, ADM2: Warwickshire, ADM3: North Warwickshire District, ADM4: Kingsbury | Latitude: 52.56106, Longitude: -1.67936 | Score: 26.91, Population: 3730 | Fuzzy match: 22.22222222222222
2025-08-19 17:04:37,601 INFO Comparing database entry: north warwickshire with Water Orton returned from geonames.
2025-08-19 17:04:37,601 INFO 📄 Index 2 | Name: Water Orton | fcl: P, fcode: PPL | ADM1: England, ADM2: Warwickshire, ADM3: North Warwickshire District, ADM4: Water Orton | Latitude: 52.51575, Longitude: -1.74005 | Score: 26.91, Population: 3444 | Fuzzy match: 48.275862068965516
2025-08-19 17:04:37,601 INFO Comparing database entry: north warwickshire with North Warwickshire District returned from geonames.
2025-08-19 17:04:37,601 INFO 📄 Index 3 | Name: North Warwickshire District | fcl: A, fcode: ADM3 | ADM1: England, ADM2: Warwickshire, ADM3: North Warwickshire District, ADM4:  | Latitude: 52.56099, Longitude: -1.62276 | Score: 23.11, Population: 63229 | Fuzzy match: 80.0
2025-08-19 17:04:37,746 INFO Comparing database entry: north warwickshire with Atherstone returned from geonames.
2025-08-19 17:04:37,747 INFO 📄 Index 0 | Name: Atherstone | fcl: P, fcode: PPL | ADM1: England, ADM2: Warwickshire, ADM3: North Warwickshire District, ADM4: Atherstone | Latitude: 52.57536, Longitude: -1.54693 | Score: 30.95, Population: 11237 | Fuzzy match: 35.71428571428571
2025-08-19 17:04:37,747 INFO Comparing database entry: north warwickshire with Kingsbury returned from geonames.
2025-08-19 17:04:37,747 INFO 📄 Index 1 | Name: Kingsbury | fcl: P, fcode: PPL | ADM1: England, ADM2: Warwickshire, ADM3: North Warwickshire District, ADM4: Kingsbury | Latitude: 52.56106, Longitude: -1.67936 | Score: 26.91, Population: 3730 | Fuzzy match: 22.22222222222222
2025-08-19 17:04:37,747 INFO Comparing database entry: north warwickshire with Water Orton returned from geonames.
2025-08-19 17:04:37,747 INFO 📄 Index 2 | Name: Water Orton | fcl: P, fcode: PPL | ADM1: England, ADM2: Warwickshire, ADM3: North Warwickshire District, ADM4: Water Orton | Latitude: 52.51575, Longitude: -1.74005 | Score: 26.91, Population: 3444 | Fuzzy match: 48.275862068965516
2025-08-19 17:04:37,747 INFO Comparing database entry: north warwickshire with North Warwickshire District returned from geonames.
2025-08-19 17:04:37,747 INFO 📄 Index 3 | Name: North Warwickshire District | fcl: A, fcode: ADM3 | ADM1: England, ADM2: Warwickshire, ADM3: North Warwickshire District, ADM4:  | Latitude: 52.56099, Longitude: -1.62276 | Score: 23.11, Population: 63229 | Fuzzy match: 80.0
2025-08-19 17:04:37,911 INFO Comparing database entry: north warwickshire with Atherstone returned from geonames.
2025-08-19 17:04:37,911 INFO 📄 Index 0 | Name: Atherstone | fcl: P, fcode: PPL | ADM1: England, ADM2: Warwickshire, ADM3: North Warwickshire District, ADM4: Atherstone | Latitude: 52.57536, Longitude: -1.54693 | Score: 30.95, Population: 11237 | Fuzzy match: 35.71428571428571
2025-08-19 17:04:37,911 INFO Comparing database entry: north warwickshire with Kingsbury returned from geonames.
2025-08-19 17:04:37,911 INFO 📄 Index 1 | Name: Kingsbury | fcl: P, fcode: PPL | ADM1: England, ADM2: Warwickshire, ADM3: North Warwickshire District, ADM4: Kingsbury | Latitude: 52.56106, Longitude: -1.67936 | Score: 26.91, Population: 3730 | Fuzzy match: 22.22222222222222
2025-08-19 17:04:37,911 INFO Comparing database entry: north warwickshire with Water Orton returned from geonames.
2025-08-19 17:04:37,912 INFO 📄 Index 2 | Name: Water Orton | fcl: P, fcode: PPL | ADM1: England, ADM2: Warwickshire, ADM3: North Warwickshire District, ADM4: Water Orton | Latitude: 52.51575, Longitude: -1.74005 | Score: 26.91, Population: 3444 | Fuzzy match: 48.275862068965516
2025-08-19 17:04:37,912 INFO Comparing database entry: north warwickshire with North Warwickshire District returned from geonames.
2025-08-19 17:04:37,912 INFO 📄 Index 3 | Name: North Warwickshire District | fcl: A, fcode: ADM3 | ADM1: England, ADM2: Warwickshire, ADM3: North Warwickshire District, ADM4:  | Latitude: 52.56099, Longitude: -1.62276 | Score: 23.11, Population: 63229 | Fuzzy match: 80.0
2025-08-19 17:04:37,912 WARNING ❌ No match found with fuzzy score > 80 for city: north warwickshire
2025-08-19 17:04:37,912 WARNING ❌ Lookup failed for city='north_warwickshire', iso2='GB'
