2025-08-19 14:47:31,749 INFO 🗺️ Starting GeoNames lookup for city='newcastle', country='uk'
2025-08-19 14:47:31,749 INFO 📍 Location is present in the following articles: [ObjectId('67fa5f0438fb90ab92f8b9f9')]
2025-08-19 14:47:31,878 INFO Comparing database entry: newcastle with Newcastle upon Tyne returned from geonames.
2025-08-19 14:47:31,878 INFO 📄 Index 0 | Name: Newcastle upon Tyne | fcl: P, fcode: PPLA2 | ADM1: England, ADM2: Newcastle upon Tyne, ADM3: , ADM4:  | Latitude: 54.97328, Longitude: -1.61396 | Score: 75.18, Population: 300125 | Fuzzy match: 64.28571428571428
2025-08-19 14:47:31,878 INFO Comparing database entry: newcastle with Newcastle-under-Lyme returned from geonames.
2025-08-19 14:47:31,878 INFO 📄 Index 1 | Name: Newcastle-under-Lyme | fcl: P, fcode: PPL | ADM1: England, ADM2: Staffordshire, ADM3: Newcastle-under-Lyme District, ADM4:  | Latitude: 53, Longitude: -2.23333 | Score: 62.00, Population: 129441 | Fuzzy match: 62.06896551724138
2025-08-19 14:47:31,878 INFO Comparing database entry: newcastle with Newcastle Emlyn returned from geonames.
2025-08-19 14:47:31,878 INFO 📄 Index 2 | Name: Newcastle Emlyn | fcl: P, fcode: PPL | ADM1: Wales, ADM2: Ceredigion, ADM3: Llandyfriog, ADM4:  | Latitude: 52.04056, Longitude: -4.4667 | Score: 38.76, Population: 1883 | Fuzzy match: 75.0
2025-08-19 14:47:31,878 INFO Comparing database entry: newcastle with Newcastle upon Tyne returned from geonames.
2025-08-19 14:47:31,879 INFO 📄 Index 3 | Name: Newcastle upon Tyne | fcl: A, fcode: ADM2 | ADM1: England, ADM2: Newcastle upon Tyne, ADM3: , ADM4:  | Latitude: 55, Longitude: -1.66667 | Score: 38.34, Population: 296478 | Fuzzy match: 64.28571428571428
2025-08-19 14:47:32,013 INFO Comparing database entry: newcastle with Newcastle upon Tyne returned from geonames.
2025-08-19 14:47:32,013 INFO 📄 Index 0 | Name: Newcastle upon Tyne | fcl: P, fcode: PPLA2 | ADM1: England, ADM2: Newcastle upon Tyne, ADM3: , ADM4:  | Latitude: 54.97328, Longitude: -1.61396 | Score: 75.18, Population: 300125 | Fuzzy match: 64.28571428571428
2025-08-19 14:47:32,013 INFO Comparing database entry: newcastle with Newcastle-under-Lyme returned from geonames.
2025-08-19 14:47:32,013 INFO 📄 Index 1 | Name: Newcastle-under-Lyme | fcl: P, fcode: PPL | ADM1: England, ADM2: Staffordshire, ADM3: Newcastle-under-Lyme District, ADM4:  | Latitude: 53, Longitude: -2.23333 | Score: 62.00, Population: 129441 | Fuzzy match: 62.06896551724138
2025-08-19 14:47:32,013 INFO Comparing database entry: newcastle with Newcastle Emlyn returned from geonames.
2025-08-19 14:47:32,013 INFO 📄 Index 2 | Name: Newcastle Emlyn | fcl: P, fcode: PPL | ADM1: Wales, ADM2: Ceredigion, ADM3: Llandyfriog, ADM4:  | Latitude: 52.04056, Longitude: -4.4667 | Score: 38.76, Population: 1883 | Fuzzy match: 75.0
2025-08-19 14:47:32,013 INFO Comparing database entry: newcastle with Newcastle upon Tyne returned from geonames.
2025-08-19 14:47:32,013 INFO 📄 Index 3 | Name: Newcastle upon Tyne | fcl: A, fcode: ADM2 | ADM1: England, ADM2: Newcastle upon Tyne, ADM3: , ADM4:  | Latitude: 55, Longitude: -1.66667 | Score: 38.34, Population: 296478 | Fuzzy match: 64.28571428571428
2025-08-19 14:47:32,163 INFO Comparing database entry: newcastle with Newcastle upon Tyne returned from geonames.
2025-08-19 14:47:32,164 INFO 📄 Index 0 | Name: Newcastle upon Tyne | fcl: P, fcode: PPLA2 | ADM1: England, ADM2: Newcastle upon Tyne, ADM3: , ADM4:  | Latitude: 54.97328, Longitude: -1.61396 | Score: 75.18, Population: 300125 | Fuzzy match: 64.28571428571428
2025-08-19 14:47:32,164 INFO Comparing database entry: newcastle with Newcastle-under-Lyme returned from geonames.
2025-08-19 14:47:32,164 INFO 📄 Index 1 | Name: Newcastle-under-Lyme | fcl: P, fcode: PPL | ADM1: England, ADM2: Staffordshire, ADM3: Newcastle-under-Lyme District, ADM4:  | Latitude: 53, Longitude: -2.23333 | Score: 62.00, Population: 129441 | Fuzzy match: 62.06896551724138
2025-08-19 14:47:32,164 INFO Comparing database entry: newcastle with Newcastle Emlyn returned from geonames.
2025-08-19 14:47:32,164 INFO 📄 Index 2 | Name: Newcastle Emlyn | fcl: P, fcode: PPL | ADM1: Wales, ADM2: Ceredigion, ADM3: Llandyfriog, ADM4:  | Latitude: 52.04056, Longitude: -4.4667 | Score: 38.76, Population: 1883 | Fuzzy match: 75.0
2025-08-19 14:47:32,164 INFO Comparing database entry: newcastle with Newcastle upon Tyne returned from geonames.
2025-08-19 14:47:32,164 INFO 📄 Index 3 | Name: Newcastle upon Tyne | fcl: A, fcode: ADM2 | ADM1: England, ADM2: Newcastle upon Tyne, ADM3: , ADM4:  | Latitude: 55, Longitude: -1.66667 | Score: 38.34, Population: 296478 | Fuzzy match: 64.28571428571428
2025-08-19 14:47:32,299 INFO Comparing database entry: newcastle with Newcastle upon Tyne returned from geonames.
2025-08-19 14:47:32,300 INFO 📄 Index 0 | Name: Newcastle upon Tyne | fcl: P, fcode: PPLA2 | ADM1: England, ADM2: Newcastle upon Tyne, ADM3: , ADM4:  | Latitude: 54.97328, Longitude: -1.61396 | Score: 75.18, Population: 300125 | Fuzzy match: 64.28571428571428
2025-08-19 14:47:32,300 INFO Comparing database entry: newcastle with Newcastle-under-Lyme returned from geonames.
2025-08-19 14:47:32,300 INFO 📄 Index 1 | Name: Newcastle-under-Lyme | fcl: P, fcode: PPL | ADM1: England, ADM2: Staffordshire, ADM3: Newcastle-under-Lyme District, ADM4:  | Latitude: 53, Longitude: -2.23333 | Score: 62.00, Population: 129441 | Fuzzy match: 62.06896551724138
2025-08-19 14:47:32,300 INFO Comparing database entry: newcastle with Newcastle Emlyn returned from geonames.
2025-08-19 14:47:32,300 INFO 📄 Index 2 | Name: Newcastle Emlyn | fcl: P, fcode: PPL | ADM1: Wales, ADM2: Ceredigion, ADM3: Llandyfriog, ADM4:  | Latitude: 52.04056, Longitude: -4.4667 | Score: 38.76, Population: 1883 | Fuzzy match: 75.0
2025-08-19 14:47:32,300 INFO Comparing database entry: newcastle with Newcastle upon Tyne returned from geonames.
2025-08-19 14:47:32,300 INFO 📄 Index 3 | Name: Newcastle upon Tyne | fcl: A, fcode: ADM2 | ADM1: England, ADM2: Newcastle upon Tyne, ADM3: , ADM4:  | Latitude: 55, Longitude: -1.66667 | Score: 38.34, Population: 296478 | Fuzzy match: 64.28571428571428
2025-08-19 14:47:32,459 INFO Comparing database entry: newcastle with Newcastle upon Tyne returned from geonames.
2025-08-19 14:47:32,459 INFO 📄 Index 0 | Name: Newcastle upon Tyne | fcl: P, fcode: PPLA2 | ADM1: England, ADM2: Newcastle upon Tyne, ADM3: , ADM4:  | Latitude: 54.97328, Longitude: -1.61396 | Score: 75.18, Population: 300125 | Fuzzy match: 64.28571428571428
2025-08-19 14:47:32,460 INFO Comparing database entry: newcastle with Newcastle-under-Lyme returned from geonames.
2025-08-19 14:47:32,460 INFO 📄 Index 1 | Name: Newcastle-under-Lyme | fcl: P, fcode: PPL | ADM1: England, ADM2: Staffordshire, ADM3: Newcastle-under-Lyme District, ADM4:  | Latitude: 53, Longitude: -2.23333 | Score: 62.00, Population: 129441 | Fuzzy match: 62.06896551724138
2025-08-19 14:47:32,460 INFO Comparing database entry: newcastle with Newcastle Emlyn returned from geonames.
2025-08-19 14:47:32,460 INFO 📄 Index 2 | Name: Newcastle Emlyn | fcl: P, fcode: PPL | ADM1: Wales, ADM2: Ceredigion, ADM3: Llandyfriog, ADM4:  | Latitude: 52.04056, Longitude: -4.4667 | Score: 38.76, Population: 1883 | Fuzzy match: 75.0
2025-08-19 14:47:32,460 INFO Comparing database entry: newcastle with Newcastle upon Tyne returned from geonames.
2025-08-19 14:47:32,460 INFO 📄 Index 3 | Name: Newcastle upon Tyne | fcl: A, fcode: ADM2 | ADM1: England, ADM2: Newcastle upon Tyne, ADM3: , ADM4:  | Latitude: 55, Longitude: -1.66667 | Score: 38.34, Population: 296478 | Fuzzy match: 64.28571428571428
2025-08-19 14:47:32,643 INFO Comparing database entry: newcastle with Newcastle upon Tyne returned from geonames.
2025-08-19 14:47:32,643 INFO 📄 Index 0 | Name: Newcastle upon Tyne | fcl: P, fcode: PPLA2 | ADM1: England, ADM2: Newcastle upon Tyne, ADM3: , ADM4:  | Latitude: 54.97328, Longitude: -1.61396 | Score: 75.18, Population: 300125 | Fuzzy match: 64.28571428571428
2025-08-19 14:47:32,643 INFO Comparing database entry: newcastle with Newcastle-under-Lyme returned from geonames.
2025-08-19 14:47:32,643 INFO 📄 Index 1 | Name: Newcastle-under-Lyme | fcl: P, fcode: PPL | ADM1: England, ADM2: Staffordshire, ADM3: Newcastle-under-Lyme District, ADM4:  | Latitude: 53, Longitude: -2.23333 | Score: 62.00, Population: 129441 | Fuzzy match: 62.06896551724138
2025-08-19 14:47:32,643 INFO Comparing database entry: newcastle with Newcastle Emlyn returned from geonames.
2025-08-19 14:47:32,643 INFO 📄 Index 2 | Name: Newcastle Emlyn | fcl: P, fcode: PPL | ADM1: Wales, ADM2: Ceredigion, ADM3: Llandyfriog, ADM4:  | Latitude: 52.04056, Longitude: -4.4667 | Score: 38.76, Population: 1883 | Fuzzy match: 75.0
2025-08-19 14:47:32,643 INFO Comparing database entry: newcastle with Newcastle upon Tyne returned from geonames.
2025-08-19 14:47:32,643 INFO 📄 Index 3 | Name: Newcastle upon Tyne | fcl: A, fcode: ADM2 | ADM1: England, ADM2: Newcastle upon Tyne, ADM3: , ADM4:  | Latitude: 55, Longitude: -1.66667 | Score: 38.34, Population: 296478 | Fuzzy match: 64.28571428571428
2025-08-19 14:47:32,644 WARNING ❌ No match found with fuzzy score > 80 for city: newcastle
2025-08-19 14:47:32,644 WARNING ❌ Lookup failed for city='newcastle', iso2='GB'
