2025-08-19 17:02:04,714 INFO 🗺️ Starting GeoNames lookup for city='north wales', country='united kingdom'
2025-08-19 17:02:04,714 INFO 📍 Location is present in the following articles: [ObjectId('68409bf9c202c40b602d356f')]
2025-08-19 17:02:04,882 INFO Comparing database entry: north wales with North Cornelly returned from geonames.
2025-08-19 17:02:04,882 INFO 📄 Index 0 | Name: North Cornelly | fcl: P, fcode: PPL | ADM1: Wales, ADM2: County Borough of Bridgend, ADM3: Cornelly, ADM4:  | Latitude: 51.52282, Longitude: -3.70734 | Score: 24.65, Population: 0 | Fuzzy match: 40.0
2025-08-19 17:02:04,882 INFO Comparing database entry: north wales with Llandaff North returned from geonames.
2025-08-19 17:02:04,883 INFO 📄 Index 1 | Name: Llandaff North | fcl: A, fcode: ADM3 | ADM1: Wales, ADM2: Cardiff, ADM3: Llandaff North, ADM4:  | Latitude: 51.5041, Longitude: -3.22005 | Score: 23.79, Population: 0 | Fuzzy match: 40.0
2025-08-19 17:02:04,883 INFO Comparing database entry: north wales with North Park Estate returned from geonames.
2025-08-19 17:02:04,883 INFO 📄 Index 2 | Name: North Park Estate | fcl: P, fcode: PPLX | ADM1: Wales, ADM2: Ceredigion, ADM3: Cardigan, ADM4:  | Latitude: 52.09137, Longitude: -4.6479 | Score: 8.13, Population: 0 | Fuzzy match: 50.0
2025-08-19 17:02:05,016 INFO Comparing database entry: north wales with North Cornelly returned from geonames.
2025-08-19 17:02:05,016 INFO 📄 Index 0 | Name: North Cornelly | fcl: P, fcode: PPL | ADM1: Wales, ADM2: County Borough of Bridgend, ADM3: Cornelly, ADM4:  | Latitude: 51.52282, Longitude: -3.70734 | Score: 24.65, Population: 0 | Fuzzy match: 40.0
2025-08-19 17:02:05,016 INFO Comparing database entry: north wales with Llandaff North returned from geonames.
2025-08-19 17:02:05,016 INFO 📄 Index 1 | Name: Llandaff North | fcl: A, fcode: ADM3 | ADM1: Wales, ADM2: Cardiff, ADM3: Llandaff North, ADM4:  | Latitude: 51.5041, Longitude: -3.22005 | Score: 23.79, Population: 0 | Fuzzy match: 40.0
2025-08-19 17:02:05,017 INFO Comparing database entry: north wales with North Park Estate returned from geonames.
2025-08-19 17:02:05,017 INFO 📄 Index 2 | Name: North Park Estate | fcl: P, fcode: PPLX | ADM1: Wales, ADM2: Ceredigion, ADM3: Cardigan, ADM4:  | Latitude: 52.09137, Longitude: -4.6479 | Score: 8.13, Population: 0 | Fuzzy match: 50.0
2025-08-19 17:02:05,160 INFO Comparing database entry: north wales with North Cornelly returned from geonames.
2025-08-19 17:02:05,160 INFO 📄 Index 0 | Name: North Cornelly | fcl: P, fcode: PPL | ADM1: Wales, ADM2: County Borough of Bridgend, ADM3: Cornelly, ADM4:  | Latitude: 51.52282, Longitude: -3.70734 | Score: 24.65, Population: 0 | Fuzzy match: 40.0
2025-08-19 17:02:05,160 INFO Comparing database entry: north wales with Llandaff North returned from geonames.
2025-08-19 17:02:05,160 INFO 📄 Index 1 | Name: Llandaff North | fcl: A, fcode: ADM3 | ADM1: Wales, ADM2: Cardiff, ADM3: Llandaff North, ADM4:  | Latitude: 51.5041, Longitude: -3.22005 | Score: 23.79, Population: 0 | Fuzzy match: 40.0
2025-08-19 17:02:05,160 INFO Comparing database entry: north wales with North Park Estate returned from geonames.
2025-08-19 17:02:05,160 INFO 📄 Index 2 | Name: North Park Estate | fcl: P, fcode: PPLX | ADM1: Wales, ADM2: Ceredigion, ADM3: Cardigan, ADM4:  | Latitude: 52.09137, Longitude: -4.6479 | Score: 8.13, Population: 0 | Fuzzy match: 50.0
2025-08-19 17:02:05,314 INFO Comparing database entry: north wales with North Cornelly returned from geonames.
2025-08-19 17:02:05,314 INFO 📄 Index 0 | Name: North Cornelly | fcl: P, fcode: PPL | ADM1: Wales, ADM2: County Borough of Bridgend, ADM3: Cornelly, ADM4:  | Latitude: 51.52282, Longitude: -3.70734 | Score: 24.65, Population: 0 | Fuzzy match: 40.0
2025-08-19 17:02:05,314 INFO Comparing database entry: north wales with Llandaff North returned from geonames.
2025-08-19 17:02:05,315 INFO 📄 Index 1 | Name: Llandaff North | fcl: A, fcode: ADM3 | ADM1: Wales, ADM2: Cardiff, ADM3: Llandaff North, ADM4:  | Latitude: 51.5041, Longitude: -3.22005 | Score: 23.79, Population: 0 | Fuzzy match: 40.0
2025-08-19 17:02:05,315 INFO Comparing database entry: north wales with North Park Estate returned from geonames.
2025-08-19 17:02:05,315 INFO 📄 Index 2 | Name: North Park Estate | fcl: P, fcode: PPLX | ADM1: Wales, ADM2: Ceredigion, ADM3: Cardigan, ADM4:  | Latitude: 52.09137, Longitude: -4.6479 | Score: 8.13, Population: 0 | Fuzzy match: 50.0
2025-08-19 17:02:05,463 INFO Comparing database entry: north wales with North Cornelly returned from geonames.
2025-08-19 17:02:05,464 INFO 📄 Index 0 | Name: North Cornelly | fcl: P, fcode: PPL | ADM1: Wales, ADM2: County Borough of Bridgend, ADM3: Cornelly, ADM4:  | Latitude: 51.52282, Longitude: -3.70734 | Score: 24.65, Population: 0 | Fuzzy match: 40.0
2025-08-19 17:02:05,464 INFO Comparing database entry: north wales with Llandaff North returned from geonames.
2025-08-19 17:02:05,464 INFO 📄 Index 1 | Name: Llandaff North | fcl: A, fcode: ADM3 | ADM1: Wales, ADM2: Cardiff, ADM3: Llandaff North, ADM4:  | Latitude: 51.5041, Longitude: -3.22005 | Score: 23.79, Population: 0 | Fuzzy match: 40.0
2025-08-19 17:02:05,464 INFO Comparing database entry: north wales with North Park Estate returned from geonames.
2025-08-19 17:02:05,464 INFO 📄 Index 2 | Name: North Park Estate | fcl: P, fcode: PPLX | ADM1: Wales, ADM2: Ceredigion, ADM3: Cardigan, ADM4:  | Latitude: 52.09137, Longitude: -4.6479 | Score: 8.13, Population: 0 | Fuzzy match: 50.0
2025-08-19 17:02:05,610 INFO Comparing database entry: north wales with North Cornelly returned from geonames.
2025-08-19 17:02:05,610 INFO 📄 Index 0 | Name: North Cornelly | fcl: P, fcode: PPL | ADM1: Wales, ADM2: County Borough of Bridgend, ADM3: Cornelly, ADM4:  | Latitude: 51.52282, Longitude: -3.70734 | Score: 24.65, Population: 0 | Fuzzy match: 40.0
2025-08-19 17:02:05,610 INFO Comparing database entry: north wales with Llandaff North returned from geonames.
2025-08-19 17:02:05,610 INFO 📄 Index 1 | Name: Llandaff North | fcl: A, fcode: ADM3 | ADM1: Wales, ADM2: Cardiff, ADM3: Llandaff North, ADM4:  | Latitude: 51.5041, Longitude: -3.22005 | Score: 23.79, Population: 0 | Fuzzy match: 40.0
2025-08-19 17:02:05,610 INFO Comparing database entry: north wales with North Park Estate returned from geonames.
2025-08-19 17:02:05,611 INFO 📄 Index 2 | Name: North Park Estate | fcl: P, fcode: PPLX | ADM1: Wales, ADM2: Ceredigion, ADM3: Cardigan, ADM4:  | Latitude: 52.09137, Longitude: -4.6479 | Score: 8.13, Population: 0 | Fuzzy match: 50.0
2025-08-19 17:02:05,611 WARNING ❌ No match found with fuzzy score > 80 for city: north wales
2025-08-19 17:02:05,611 WARNING ❌ Lookup failed for city='north_wales', iso2='GB'
