2025-08-21 15:51:21,809 INFO 🗺️ Starting GeoNames lookup for city='north scotland', country='united kingdom'
2025-08-21 15:51:21,810 INFO 📍 Location is present in the following articles: [ObjectId('67fa64c138fb90ab92f8c583')]
2025-08-21 15:51:21,947 INFO Comparing database entry: north scotland with Cumbernauld returned from geonames.
2025-08-21 15:51:21,947 INFO 📄 Index 0 | Name: Cumbernauld | fcl: P, fcode: PPL | ADM1: Scotland, ADM2: North Lanarkshire, ADM3: , ADM4:  | Latitude: 55.94685, Longitude: -3.99051 | Score: 46.10, Population: 51610 | Fuzzy match: 24.0
2025-08-21 15:51:21,947 INFO Comparing database entry: north scotland with Coatbridge returned from geonames.
2025-08-21 15:51:21,947 INFO 📄 Index 1 | Name: Coatbridge | fcl: P, fcode: PPL | ADM1: Scotland, ADM2: North Lanarkshire, ADM3: , ADM4:  | Latitude: 55.86216, Longitude: -4.02469 | Score: 45.24, Population: 43970 | Fuzzy match: 33.333333333333336
2025-08-21 15:51:21,947 INFO Comparing database entry: north scotland with Airdrie returned from geonames.
2025-08-21 15:51:21,947 INFO 📄 Index 2 | Name: Airdrie | fcl: P, fcode: PPL | ADM1: Scotland, ADM2: North Lanarkshire, ADM3: , ADM4:  | Latitude: 55.86602, Longitude: -3.98025 | Score: 38.34, Population: 37130 | Fuzzy match: 19.047619047619047
2025-08-21 15:51:21,947 INFO Comparing database entry: north scotland with Motherwell returned from geonames.
2025-08-21 15:51:21,947 INFO 📄 Index 3 | Name: Motherwell | fcl: P, fcode: PPLA2 | ADM1: Scotland, ADM2: North Lanarkshire, ADM3: , ADM4:  | Latitude: 55.78924, Longitude: -3.99187 | Score: 38.27, Population: 32840 | Fuzzy match: 33.333333333333336
2025-08-21 15:51:22,110 INFO Comparing database entry: north scotland with Cumbernauld returned from geonames.
2025-08-21 15:51:22,110 INFO 📄 Index 0 | Name: Cumbernauld | fcl: P, fcode: PPL | ADM1: Scotland, ADM2: North Lanarkshire, ADM3: , ADM4:  | Latitude: 55.94685, Longitude: -3.99051 | Score: 46.10, Population: 51610 | Fuzzy match: 24.0
2025-08-21 15:51:22,110 INFO Comparing database entry: north scotland with Coatbridge returned from geonames.
2025-08-21 15:51:22,110 INFO 📄 Index 1 | Name: Coatbridge | fcl: P, fcode: PPL | ADM1: Scotland, ADM2: North Lanarkshire, ADM3: , ADM4:  | Latitude: 55.86216, Longitude: -4.02469 | Score: 45.24, Population: 43970 | Fuzzy match: 33.333333333333336
2025-08-21 15:51:22,110 INFO Comparing database entry: north scotland with Airdrie returned from geonames.
2025-08-21 15:51:22,111 INFO 📄 Index 2 | Name: Airdrie | fcl: P, fcode: PPL | ADM1: Scotland, ADM2: North Lanarkshire, ADM3: , ADM4:  | Latitude: 55.86602, Longitude: -3.98025 | Score: 38.34, Population: 37130 | Fuzzy match: 19.047619047619047
2025-08-21 15:51:22,111 INFO Comparing database entry: north scotland with Motherwell returned from geonames.
2025-08-21 15:51:22,111 INFO 📄 Index 3 | Name: Motherwell | fcl: P, fcode: PPLA2 | ADM1: Scotland, ADM2: North Lanarkshire, ADM3: , ADM4:  | Latitude: 55.78924, Longitude: -3.99187 | Score: 38.27, Population: 32840 | Fuzzy match: 33.333333333333336
2025-08-21 15:51:22,265 INFO Comparing database entry: north scotland with Cumbernauld returned from geonames.
2025-08-21 15:51:22,266 INFO 📄 Index 0 | Name: Cumbernauld | fcl: P, fcode: PPL | ADM1: Scotland, ADM2: North Lanarkshire, ADM3: , ADM4:  | Latitude: 55.94685, Longitude: -3.99051 | Score: 46.10, Population: 51610 | Fuzzy match: 24.0
2025-08-21 15:51:22,266 INFO Comparing database entry: north scotland with Coatbridge returned from geonames.
2025-08-21 15:51:22,266 INFO 📄 Index 1 | Name: Coatbridge | fcl: P, fcode: PPL | ADM1: Scotland, ADM2: North Lanarkshire, ADM3: , ADM4:  | Latitude: 55.86216, Longitude: -4.02469 | Score: 45.24, Population: 43970 | Fuzzy match: 33.333333333333336
2025-08-21 15:51:22,266 INFO Comparing database entry: north scotland with Airdrie returned from geonames.
2025-08-21 15:51:22,266 INFO 📄 Index 2 | Name: Airdrie | fcl: P, fcode: PPL | ADM1: Scotland, ADM2: North Lanarkshire, ADM3: , ADM4:  | Latitude: 55.86602, Longitude: -3.98025 | Score: 38.34, Population: 37130 | Fuzzy match: 19.047619047619047
2025-08-21 15:51:22,266 INFO Comparing database entry: north scotland with Motherwell returned from geonames.
2025-08-21 15:51:22,266 INFO 📄 Index 3 | Name: Motherwell | fcl: P, fcode: PPLA2 | ADM1: Scotland, ADM2: North Lanarkshire, ADM3: , ADM4:  | Latitude: 55.78924, Longitude: -3.99187 | Score: 38.27, Population: 32840 | Fuzzy match: 33.333333333333336
2025-08-21 15:51:22,426 INFO Comparing database entry: north scotland with Cumbernauld returned from geonames.
2025-08-21 15:51:22,426 INFO 📄 Index 0 | Name: Cumbernauld | fcl: P, fcode: PPL | ADM1: Scotland, ADM2: North Lanarkshire, ADM3: , ADM4:  | Latitude: 55.94685, Longitude: -3.99051 | Score: 46.10, Population: 51610 | Fuzzy match: 24.0
2025-08-21 15:51:22,426 INFO Comparing database entry: north scotland with Coatbridge returned from geonames.
2025-08-21 15:51:22,426 INFO 📄 Index 1 | Name: Coatbridge | fcl: P, fcode: PPL | ADM1: Scotland, ADM2: North Lanarkshire, ADM3: , ADM4:  | Latitude: 55.86216, Longitude: -4.02469 | Score: 45.24, Population: 43970 | Fuzzy match: 33.333333333333336
2025-08-21 15:51:22,426 INFO Comparing database entry: north scotland with Airdrie returned from geonames.
2025-08-21 15:51:22,426 INFO 📄 Index 2 | Name: Airdrie | fcl: P, fcode: PPL | ADM1: Scotland, ADM2: North Lanarkshire, ADM3: , ADM4:  | Latitude: 55.86602, Longitude: -3.98025 | Score: 38.34, Population: 37130 | Fuzzy match: 19.047619047619047
2025-08-21 15:51:22,426 INFO Comparing database entry: north scotland with Motherwell returned from geonames.
2025-08-21 15:51:22,426 INFO 📄 Index 3 | Name: Motherwell | fcl: P, fcode: PPLA2 | ADM1: Scotland, ADM2: North Lanarkshire, ADM3: , ADM4:  | Latitude: 55.78924, Longitude: -3.99187 | Score: 38.27, Population: 32840 | Fuzzy match: 33.333333333333336
2025-08-21 15:51:22,595 INFO Comparing database entry: north scotland with Cumbernauld returned from geonames.
2025-08-21 15:51:22,596 INFO 📄 Index 0 | Name: Cumbernauld | fcl: P, fcode: PPL | ADM1: Scotland, ADM2: North Lanarkshire, ADM3: , ADM4:  | Latitude: 55.94685, Longitude: -3.99051 | Score: 46.10, Population: 51610 | Fuzzy match: 24.0
2025-08-21 15:51:22,596 INFO Comparing database entry: north scotland with Coatbridge returned from geonames.
2025-08-21 15:51:22,596 INFO 📄 Index 1 | Name: Coatbridge | fcl: P, fcode: PPL | ADM1: Scotland, ADM2: North Lanarkshire, ADM3: , ADM4:  | Latitude: 55.86216, Longitude: -4.02469 | Score: 45.24, Population: 43970 | Fuzzy match: 33.333333333333336
2025-08-21 15:51:22,596 INFO Comparing database entry: north scotland with Airdrie returned from geonames.
2025-08-21 15:51:22,596 INFO 📄 Index 2 | Name: Airdrie | fcl: P, fcode: PPL | ADM1: Scotland, ADM2: North Lanarkshire, ADM3: , ADM4:  | Latitude: 55.86602, Longitude: -3.98025 | Score: 38.34, Population: 37130 | Fuzzy match: 19.047619047619047
2025-08-21 15:51:22,596 INFO Comparing database entry: north scotland with Motherwell returned from geonames.
2025-08-21 15:51:22,596 INFO 📄 Index 3 | Name: Motherwell | fcl: P, fcode: PPLA2 | ADM1: Scotland, ADM2: North Lanarkshire, ADM3: , ADM4:  | Latitude: 55.78924, Longitude: -3.99187 | Score: 38.27, Population: 32840 | Fuzzy match: 33.333333333333336
2025-08-21 15:51:22,753 INFO Comparing database entry: north scotland with Cumbernauld returned from geonames.
2025-08-21 15:51:22,753 INFO 📄 Index 0 | Name: Cumbernauld | fcl: P, fcode: PPL | ADM1: Scotland, ADM2: North Lanarkshire, ADM3: , ADM4:  | Latitude: 55.94685, Longitude: -3.99051 | Score: 46.10, Population: 51610 | Fuzzy match: 24.0
2025-08-21 15:51:22,754 INFO Comparing database entry: north scotland with Coatbridge returned from geonames.
2025-08-21 15:51:22,754 INFO 📄 Index 1 | Name: Coatbridge | fcl: P, fcode: PPL | ADM1: Scotland, ADM2: North Lanarkshire, ADM3: , ADM4:  | Latitude: 55.86216, Longitude: -4.02469 | Score: 45.24, Population: 43970 | Fuzzy match: 33.333333333333336
2025-08-21 15:51:22,754 INFO Comparing database entry: north scotland with Airdrie returned from geonames.
2025-08-21 15:51:22,754 INFO 📄 Index 2 | Name: Airdrie | fcl: P, fcode: PPL | ADM1: Scotland, ADM2: North Lanarkshire, ADM3: , ADM4:  | Latitude: 55.86602, Longitude: -3.98025 | Score: 38.34, Population: 37130 | Fuzzy match: 19.047619047619047
2025-08-21 15:51:22,754 INFO Comparing database entry: north scotland with Motherwell returned from geonames.
2025-08-21 15:51:22,754 INFO 📄 Index 3 | Name: Motherwell | fcl: P, fcode: PPLA2 | ADM1: Scotland, ADM2: North Lanarkshire, ADM3: , ADM4:  | Latitude: 55.78924, Longitude: -3.99187 | Score: 38.27, Population: 32840 | Fuzzy match: 33.333333333333336
2025-08-21 15:51:22,754 WARNING ❌ No match found with fuzzy score > 80 for city: north scotland
2025-08-21 15:51:22,754 WARNING ❌ Lookup failed for city='north_scotland', iso2='GB'
