2025-08-19 17:02:05,959 INFO 🗺️ Starting GeoNames lookup for city='orkney', country='scotland'
2025-08-19 17:02:05,959 INFO 📍 Location is present in the following articles: [ObjectId('682cb70bd0a7623114bd9743')]
2025-08-19 17:02:06,120 INFO Comparing database entry: orkney with Orkney Islands returned from geonames.
2025-08-19 17:02:06,121 INFO 📄 Index 0 | Name: Orkney Islands | fcl: A, fcode: ADM2 | ADM1: Scotland, ADM2: Orkney Islands, ADM3: , ADM4:  | Latitude: 59, Longitude: -3 | Score: 43.29, Population: 21850 | Fuzzy match: 60.0
2025-08-19 17:02:06,121 INFO Comparing database entry: orkney with Kirkwall returned from geonames.
2025-08-19 17:02:06,121 INFO 📄 Index 1 | Name: Kirkwall | fcl: P, fcode: PPLA2 | ADM1: Scotland, ADM2: Orkney Islands, ADM3: , ADM4:  | Latitude: 58.98479, Longitude: -2.95873 | Score: 33.24, Population: 7150 | Fuzzy match: 28.57142857142857
2025-08-19 17:02:06,121 INFO Comparing database entry: orkney with Stromness returned from geonames.
2025-08-19 17:02:06,121 INFO 📄 Index 2 | Name: Stromness | fcl: P, fcode: PPL | ADM1: Scotland, ADM2: Orkney Islands, ADM3: , ADM4:  | Latitude: 58.96498, Longitude: -3.29601 | Score: 31.65, Population: 1730 | Fuzzy match: 40.0
2025-08-19 17:02:06,121 INFO Comparing database entry: orkney with Birsay returned from geonames.
2025-08-19 17:02:06,121 INFO 📄 Index 3 | Name: Birsay | fcl: P, fcode: PPL | ADM1: Scotland, ADM2: Orkney Islands, ADM3: , ADM4:  | Latitude: 59.12777, Longitude: -3.30331 | Score: 24.53, Population: 0 | Fuzzy match: 33.333333333333336
2025-08-19 17:02:06,271 INFO Comparing database entry: orkney with Orkney Islands returned from geonames.
2025-08-19 17:02:06,271 INFO 📄 Index 0 | Name: Orkney Islands | fcl: A, fcode: ADM2 | ADM1: Scotland, ADM2: Orkney Islands, ADM3: , ADM4:  | Latitude: 59, Longitude: -3 | Score: 43.29, Population: 21850 | Fuzzy match: 60.0
2025-08-19 17:02:06,272 INFO Comparing database entry: orkney with Kirkwall returned from geonames.
2025-08-19 17:02:06,272 INFO 📄 Index 1 | Name: Kirkwall | fcl: P, fcode: PPLA2 | ADM1: Scotland, ADM2: Orkney Islands, ADM3: , ADM4:  | Latitude: 58.98479, Longitude: -2.95873 | Score: 33.24, Population: 7150 | Fuzzy match: 28.57142857142857
2025-08-19 17:02:06,272 INFO Comparing database entry: orkney with Stromness returned from geonames.
2025-08-19 17:02:06,272 INFO 📄 Index 2 | Name: Stromness | fcl: P, fcode: PPL | ADM1: Scotland, ADM2: Orkney Islands, ADM3: , ADM4:  | Latitude: 58.96498, Longitude: -3.29601 | Score: 31.65, Population: 1730 | Fuzzy match: 40.0
2025-08-19 17:02:06,272 INFO Comparing database entry: orkney with Birsay returned from geonames.
2025-08-19 17:02:06,272 INFO 📄 Index 3 | Name: Birsay | fcl: P, fcode: PPL | ADM1: Scotland, ADM2: Orkney Islands, ADM3: , ADM4:  | Latitude: 59.12777, Longitude: -3.30331 | Score: 24.53, Population: 0 | Fuzzy match: 33.333333333333336
2025-08-19 17:02:06,422 INFO Comparing database entry: orkney with Orkney Islands returned from geonames.
2025-08-19 17:02:06,422 INFO 📄 Index 0 | Name: Orkney Islands | fcl: A, fcode: ADM2 | ADM1: Scotland, ADM2: Orkney Islands, ADM3: , ADM4:  | Latitude: 59, Longitude: -3 | Score: 43.29, Population: 21850 | Fuzzy match: 60.0
2025-08-19 17:02:06,422 INFO Comparing database entry: orkney with Kirkwall returned from geonames.
2025-08-19 17:02:06,422 INFO 📄 Index 1 | Name: Kirkwall | fcl: P, fcode: PPLA2 | ADM1: Scotland, ADM2: Orkney Islands, ADM3: , ADM4:  | Latitude: 58.98479, Longitude: -2.95873 | Score: 33.24, Population: 7150 | Fuzzy match: 28.57142857142857
2025-08-19 17:02:06,423 INFO Comparing database entry: orkney with Stromness returned from geonames.
2025-08-19 17:02:06,423 INFO 📄 Index 2 | Name: Stromness | fcl: P, fcode: PPL | ADM1: Scotland, ADM2: Orkney Islands, ADM3: , ADM4:  | Latitude: 58.96498, Longitude: -3.29601 | Score: 31.65, Population: 1730 | Fuzzy match: 40.0
2025-08-19 17:02:06,423 INFO Comparing database entry: orkney with Birsay returned from geonames.
2025-08-19 17:02:06,423 INFO 📄 Index 3 | Name: Birsay | fcl: P, fcode: PPL | ADM1: Scotland, ADM2: Orkney Islands, ADM3: , ADM4:  | Latitude: 59.12777, Longitude: -3.30331 | Score: 24.53, Population: 0 | Fuzzy match: 33.333333333333336
2025-08-19 17:02:06,586 INFO Comparing database entry: orkney with Orkney Islands returned from geonames.
2025-08-19 17:02:06,587 INFO 📄 Index 0 | Name: Orkney Islands | fcl: A, fcode: ADM2 | ADM1: Scotland, ADM2: Orkney Islands, ADM3: , ADM4:  | Latitude: 59, Longitude: -3 | Score: 43.29, Population: 21850 | Fuzzy match: 60.0
2025-08-19 17:02:06,587 INFO Comparing database entry: orkney with Kirkwall returned from geonames.
2025-08-19 17:02:06,587 INFO 📄 Index 1 | Name: Kirkwall | fcl: P, fcode: PPLA2 | ADM1: Scotland, ADM2: Orkney Islands, ADM3: , ADM4:  | Latitude: 58.98479, Longitude: -2.95873 | Score: 33.24, Population: 7150 | Fuzzy match: 28.57142857142857
2025-08-19 17:02:06,587 INFO Comparing database entry: orkney with Stromness returned from geonames.
2025-08-19 17:02:06,587 INFO 📄 Index 2 | Name: Stromness | fcl: P, fcode: PPL | ADM1: Scotland, ADM2: Orkney Islands, ADM3: , ADM4:  | Latitude: 58.96498, Longitude: -3.29601 | Score: 31.65, Population: 1730 | Fuzzy match: 40.0
2025-08-19 17:02:06,587 INFO Comparing database entry: orkney with Birsay returned from geonames.
2025-08-19 17:02:06,587 INFO 📄 Index 3 | Name: Birsay | fcl: P, fcode: PPL | ADM1: Scotland, ADM2: Orkney Islands, ADM3: , ADM4:  | Latitude: 59.12777, Longitude: -3.30331 | Score: 24.53, Population: 0 | Fuzzy match: 33.333333333333336
2025-08-19 17:02:06,738 INFO Comparing database entry: orkney with Orkney Islands returned from geonames.
2025-08-19 17:02:06,738 INFO 📄 Index 0 | Name: Orkney Islands | fcl: A, fcode: ADM2 | ADM1: Scotland, ADM2: Orkney Islands, ADM3: , ADM4:  | Latitude: 59, Longitude: -3 | Score: 43.29, Population: 21850 | Fuzzy match: 60.0
2025-08-19 17:02:06,738 INFO Comparing database entry: orkney with Kirkwall returned from geonames.
2025-08-19 17:02:06,738 INFO 📄 Index 1 | Name: Kirkwall | fcl: P, fcode: PPLA2 | ADM1: Scotland, ADM2: Orkney Islands, ADM3: , ADM4:  | Latitude: 58.98479, Longitude: -2.95873 | Score: 33.24, Population: 7150 | Fuzzy match: 28.57142857142857
2025-08-19 17:02:06,738 INFO Comparing database entry: orkney with Stromness returned from geonames.
2025-08-19 17:02:06,738 INFO 📄 Index 2 | Name: Stromness | fcl: P, fcode: PPL | ADM1: Scotland, ADM2: Orkney Islands, ADM3: , ADM4:  | Latitude: 58.96498, Longitude: -3.29601 | Score: 31.65, Population: 1730 | Fuzzy match: 40.0
2025-08-19 17:02:06,739 INFO Comparing database entry: orkney with Birsay returned from geonames.
2025-08-19 17:02:06,739 INFO 📄 Index 3 | Name: Birsay | fcl: P, fcode: PPL | ADM1: Scotland, ADM2: Orkney Islands, ADM3: , ADM4:  | Latitude: 59.12777, Longitude: -3.30331 | Score: 24.53, Population: 0 | Fuzzy match: 33.333333333333336
2025-08-19 17:02:06,883 INFO Comparing database entry: orkney with Orkney Islands returned from geonames.
2025-08-19 17:02:06,883 INFO 📄 Index 0 | Name: Orkney Islands | fcl: A, fcode: ADM2 | ADM1: Scotland, ADM2: Orkney Islands, ADM3: , ADM4:  | Latitude: 59, Longitude: -3 | Score: 43.29, Population: 21850 | Fuzzy match: 60.0
2025-08-19 17:02:06,884 INFO Comparing database entry: orkney with Kirkwall returned from geonames.
2025-08-19 17:02:06,884 INFO 📄 Index 1 | Name: Kirkwall | fcl: P, fcode: PPLA2 | ADM1: Scotland, ADM2: Orkney Islands, ADM3: , ADM4:  | Latitude: 58.98479, Longitude: -2.95873 | Score: 33.24, Population: 7150 | Fuzzy match: 28.57142857142857
2025-08-19 17:02:06,884 INFO Comparing database entry: orkney with Stromness returned from geonames.
2025-08-19 17:02:06,884 INFO 📄 Index 2 | Name: Stromness | fcl: P, fcode: PPL | ADM1: Scotland, ADM2: Orkney Islands, ADM3: , ADM4:  | Latitude: 58.96498, Longitude: -3.29601 | Score: 31.65, Population: 1730 | Fuzzy match: 40.0
2025-08-19 17:02:06,884 INFO Comparing database entry: orkney with Birsay returned from geonames.
2025-08-19 17:02:06,884 INFO 📄 Index 3 | Name: Birsay | fcl: P, fcode: PPL | ADM1: Scotland, ADM2: Orkney Islands, ADM3: , ADM4:  | Latitude: 59.12777, Longitude: -3.30331 | Score: 24.53, Population: 0 | Fuzzy match: 33.333333333333336
2025-08-19 17:02:06,884 WARNING ❌ No match found with fuzzy score > 80 for city: orkney
2025-08-19 17:02:06,884 WARNING ❌ Lookup failed for city='orkney', iso2='GB'
