2025-08-17 15:15:55,369 INFO 🗺️ Starting GeoNames lookup for city='port talbot', country='wales'
2025-08-17 15:15:55,369 INFO 📍 Location is present in the following articles: [ObjectId('67f920fcf431fddd61d55995'), ObjectId('67f92117f431fddd61d559ee')]
2025-08-17 15:15:55,580 INFO Comparing database entry: port talbot with Neath Port Talbot returned from geonames.
2025-08-17 15:15:55,580 INFO 📄 Index 0 | Name: Neath Port Talbot | fcl: A, fcode: ADM2 | ADM1: Wales, ADM2: Neath Port Talbot, ADM3: , ADM4:  | Score: 47.64, Population: 141588 | Fuzzy match: 78.57142857142857
2025-08-17 15:15:55,580 INFO Comparing database entry: port talbot with Neath returned from geonames.
2025-08-17 15:15:55,581 INFO 📄 Index 1 | Name: Neath | fcl: P, fcode: PPL | ADM1: Wales, ADM2: Neath Port Talbot, ADM3: Neath, ADM4:  | Score: 44.30, Population: 46126 | Fuzzy match: 25.0
2025-08-17 15:15:55,581 INFO Comparing database entry: port talbot with Briton Ferry returned from geonames.
2025-08-17 15:15:55,581 INFO 📄 Index 2 | Name: Briton Ferry | fcl: P, fcode: PPL | ADM1: Wales, ADM2: Neath Port Talbot, ADM3: Briton Ferry, ADM4:  | Score: 39.44, Population: 35179 | Fuzzy match: 26.086956521739136
2025-08-17 15:15:55,581 INFO Comparing database entry: port talbot with Ystalyfera returned from geonames.
2025-08-17 15:15:55,581 INFO 📄 Index 3 | Name: Ystalyfera | fcl: P, fcode: PPL | ADM1: Wales, ADM2: Neath Port Talbot, ADM3: Ystalyfera, ADM4:  | Score: 35.44, Population: 10218 | Fuzzy match: 28.57142857142857
2025-08-17 15:15:55,723 INFO Comparing database entry: port talbot with Neath Port Talbot returned from geonames.
2025-08-17 15:15:55,723 INFO 📄 Index 0 | Name: Neath Port Talbot | fcl: A, fcode: ADM2 | ADM1: Wales, ADM2: Neath Port Talbot, ADM3: , ADM4:  | Score: 47.64, Population: 141588 | Fuzzy match: 78.57142857142857
2025-08-17 15:15:55,723 INFO Comparing database entry: port talbot with Neath returned from geonames.
2025-08-17 15:15:55,723 INFO 📄 Index 1 | Name: Neath | fcl: P, fcode: PPL | ADM1: Wales, ADM2: Neath Port Talbot, ADM3: Neath, ADM4:  | Score: 44.30, Population: 46126 | Fuzzy match: 25.0
2025-08-17 15:15:55,723 INFO Comparing database entry: port talbot with Briton Ferry returned from geonames.
2025-08-17 15:15:55,724 INFO 📄 Index 2 | Name: Briton Ferry | fcl: P, fcode: PPL | ADM1: Wales, ADM2: Neath Port Talbot, ADM3: Briton Ferry, ADM4:  | Score: 39.44, Population: 35179 | Fuzzy match: 26.086956521739136
2025-08-17 15:15:55,724 INFO Comparing database entry: port talbot with Ystalyfera returned from geonames.
2025-08-17 15:15:55,724 INFO 📄 Index 3 | Name: Ystalyfera | fcl: P, fcode: PPL | ADM1: Wales, ADM2: Neath Port Talbot, ADM3: Ystalyfera, ADM4:  | Score: 35.44, Population: 10218 | Fuzzy match: 28.57142857142857
2025-08-17 15:15:55,886 INFO Comparing database entry: port talbot with Neath Port Talbot returned from geonames.
2025-08-17 15:15:55,886 INFO 📄 Index 0 | Name: Neath Port Talbot | fcl: A, fcode: ADM2 | ADM1: Wales, ADM2: Neath Port Talbot, ADM3: , ADM4:  | Score: 47.64, Population: 141588 | Fuzzy match: 78.57142857142857
2025-08-17 15:15:55,886 INFO Comparing database entry: port talbot with Neath returned from geonames.
2025-08-17 15:15:55,886 INFO 📄 Index 1 | Name: Neath | fcl: P, fcode: PPL | ADM1: Wales, ADM2: Neath Port Talbot, ADM3: Neath, ADM4:  | Score: 44.30, Population: 46126 | Fuzzy match: 25.0
2025-08-17 15:15:55,886 INFO Comparing database entry: port talbot with Briton Ferry returned from geonames.
2025-08-17 15:15:55,886 INFO 📄 Index 2 | Name: Briton Ferry | fcl: P, fcode: PPL | ADM1: Wales, ADM2: Neath Port Talbot, ADM3: Briton Ferry, ADM4:  | Score: 39.44, Population: 35179 | Fuzzy match: 26.086956521739136
2025-08-17 15:15:55,886 INFO Comparing database entry: port talbot with Ystalyfera returned from geonames.
2025-08-17 15:15:55,886 INFO 📄 Index 3 | Name: Ystalyfera | fcl: P, fcode: PPL | ADM1: Wales, ADM2: Neath Port Talbot, ADM3: Ystalyfera, ADM4:  | Score: 35.44, Population: 10218 | Fuzzy match: 28.57142857142857
2025-08-17 15:15:56,029 INFO Comparing database entry: port talbot with Neath Port Talbot returned from geonames.
2025-08-17 15:15:56,029 INFO 📄 Index 0 | Name: Neath Port Talbot | fcl: A, fcode: ADM2 | ADM1: Wales, ADM2: Neath Port Talbot, ADM3: , ADM4:  | Score: 47.64, Population: 141588 | Fuzzy match: 78.57142857142857
2025-08-17 15:15:56,030 INFO Comparing database entry: port talbot with Neath returned from geonames.
2025-08-17 15:15:56,030 INFO 📄 Index 1 | Name: Neath | fcl: P, fcode: PPL | ADM1: Wales, ADM2: Neath Port Talbot, ADM3: Neath, ADM4:  | Score: 44.30, Population: 46126 | Fuzzy match: 25.0
2025-08-17 15:15:56,030 INFO Comparing database entry: port talbot with Briton Ferry returned from geonames.
2025-08-17 15:15:56,030 INFO 📄 Index 2 | Name: Briton Ferry | fcl: P, fcode: PPL | ADM1: Wales, ADM2: Neath Port Talbot, ADM3: Briton Ferry, ADM4:  | Score: 39.44, Population: 35179 | Fuzzy match: 26.086956521739136
2025-08-17 15:15:56,030 INFO Comparing database entry: port talbot with Ystalyfera returned from geonames.
2025-08-17 15:15:56,030 INFO 📄 Index 3 | Name: Ystalyfera | fcl: P, fcode: PPL | ADM1: Wales, ADM2: Neath Port Talbot, ADM3: Ystalyfera, ADM4:  | Score: 35.44, Population: 10218 | Fuzzy match: 28.57142857142857
2025-08-17 15:15:56,181 INFO Comparing database entry: port talbot with Neath Port Talbot returned from geonames.
2025-08-17 15:15:56,182 INFO 📄 Index 0 | Name: Neath Port Talbot | fcl: A, fcode: ADM2 | ADM1: Wales, ADM2: Neath Port Talbot, ADM3: , ADM4:  | Score: 47.64, Population: 141588 | Fuzzy match: 78.57142857142857
2025-08-17 15:15:56,182 INFO Comparing database entry: port talbot with Neath returned from geonames.
2025-08-17 15:15:56,182 INFO 📄 Index 1 | Name: Neath | fcl: P, fcode: PPL | ADM1: Wales, ADM2: Neath Port Talbot, ADM3: Neath, ADM4:  | Score: 44.30, Population: 46126 | Fuzzy match: 25.0
2025-08-17 15:15:56,182 INFO Comparing database entry: port talbot with Briton Ferry returned from geonames.
2025-08-17 15:15:56,182 INFO 📄 Index 2 | Name: Briton Ferry | fcl: P, fcode: PPL | ADM1: Wales, ADM2: Neath Port Talbot, ADM3: Briton Ferry, ADM4:  | Score: 39.44, Population: 35179 | Fuzzy match: 26.086956521739136
2025-08-17 15:15:56,182 INFO Comparing database entry: port talbot with Ystalyfera returned from geonames.
2025-08-17 15:15:56,182 INFO 📄 Index 3 | Name: Ystalyfera | fcl: P, fcode: PPL | ADM1: Wales, ADM2: Neath Port Talbot, ADM3: Ystalyfera, ADM4:  | Score: 35.44, Population: 10218 | Fuzzy match: 28.57142857142857
2025-08-17 15:15:56,330 INFO Comparing database entry: port talbot with Neath Port Talbot returned from geonames.
2025-08-17 15:15:56,330 INFO 📄 Index 0 | Name: Neath Port Talbot | fcl: A, fcode: ADM2 | ADM1: Wales, ADM2: Neath Port Talbot, ADM3: , ADM4:  | Score: 47.64, Population: 141588 | Fuzzy match: 78.57142857142857
2025-08-17 15:15:56,330 INFO Comparing database entry: port talbot with Neath returned from geonames.
2025-08-17 15:15:56,330 INFO 📄 Index 1 | Name: Neath | fcl: P, fcode: PPL | ADM1: Wales, ADM2: Neath Port Talbot, ADM3: Neath, ADM4:  | Score: 44.30, Population: 46126 | Fuzzy match: 25.0
2025-08-17 15:15:56,330 INFO Comparing database entry: port talbot with Briton Ferry returned from geonames.
2025-08-17 15:15:56,331 INFO 📄 Index 2 | Name: Briton Ferry | fcl: P, fcode: PPL | ADM1: Wales, ADM2: Neath Port Talbot, ADM3: Briton Ferry, ADM4:  | Score: 39.44, Population: 35179 | Fuzzy match: 26.086956521739136
2025-08-17 15:15:56,331 INFO Comparing database entry: port talbot with Ystalyfera returned from geonames.
2025-08-17 15:15:56,331 INFO 📄 Index 3 | Name: Ystalyfera | fcl: P, fcode: PPL | ADM1: Wales, ADM2: Neath Port Talbot, ADM3: Ystalyfera, ADM4:  | Score: 35.44, Population: 10218 | Fuzzy match: 28.57142857142857
2025-08-17 15:15:56,331 WARNING ❌ No match found with fuzzy score > 80 for city: port talbot
2025-08-17 15:15:56,331 WARNING ❌ Lookup failed for city='port_talbot', iso2='GB'
