2025-08-19 17:02:09,611 INFO 🗺️ Starting GeoNames lookup for city='south wales', country='united kingdom'
2025-08-19 17:02:09,611 INFO 📍 Location is present in the following articles: [ObjectId('68409c74c202c40b602d35cc')]
2025-08-19 17:02:09,796 INFO Comparing database entry: south wales with Cardiff returned from geonames.
2025-08-19 17:02:09,796 INFO 📄 Index 0 | Name: Cardiff | fcl: P, fcode: PPLA | ADM1: Wales, ADM2: Cardiff, ADM3: Castle, ADM4:  | Latitude: 51.48, Longitude: -3.18 | Score: 64.17, Population: 372089 | Fuzzy match: 11.111111111111116
2025-08-19 17:02:09,797 INFO Comparing database entry: south wales with Barry returned from geonames.
2025-08-19 17:02:09,797 INFO 📄 Index 1 | Name: Barry | fcl: P, fcode: PPLA2 | ADM1: Wales, ADM2: Vale of Glamorgan, ADM3: Barry, ADM4:  | Latitude: 51.39979, Longitude: -3.2838 | Score: 48.83, Population: 54673 | Fuzzy match: 12.5
2025-08-19 17:02:09,797 INFO Comparing database entry: south wales with Cardiff returned from geonames.
2025-08-19 17:02:09,797 INFO 📄 Index 2 | Name: Cardiff | fcl: A, fcode: ADM2 | ADM1: Wales, ADM2: Cardiff, ADM3: , ADM4:  | Latitude: 51.5, Longitude: -3.16667 | Score: 37.64, Population: 372089 | Fuzzy match: 11.111111111111116
2025-08-19 17:02:09,797 INFO Comparing database entry: south wales with Vale of Glamorgan returned from geonames.
2025-08-19 17:02:09,797 INFO 📄 Index 3 | Name: Vale of Glamorgan | fcl: A, fcode: ADM2 | ADM1: Wales, ADM2: Vale of Glamorgan, ADM3: , ADM4:  | Latitude: 51.41667, Longitude: -3.41667 | Score: 37.64, Population: 133492 | Fuzzy match: 35.71428571428571
2025-08-19 17:02:09,948 INFO Comparing database entry: south wales with Cardiff returned from geonames.
2025-08-19 17:02:09,948 INFO 📄 Index 0 | Name: Cardiff | fcl: P, fcode: PPLA | ADM1: Wales, ADM2: Cardiff, ADM3: Castle, ADM4:  | Latitude: 51.48, Longitude: -3.18 | Score: 64.17, Population: 372089 | Fuzzy match: 11.111111111111116
2025-08-19 17:02:09,948 INFO Comparing database entry: south wales with Barry returned from geonames.
2025-08-19 17:02:09,948 INFO 📄 Index 1 | Name: Barry | fcl: P, fcode: PPLA2 | ADM1: Wales, ADM2: Vale of Glamorgan, ADM3: Barry, ADM4:  | Latitude: 51.39979, Longitude: -3.2838 | Score: 48.83, Population: 54673 | Fuzzy match: 12.5
2025-08-19 17:02:09,948 INFO Comparing database entry: south wales with Cardiff returned from geonames.
2025-08-19 17:02:09,948 INFO 📄 Index 2 | Name: Cardiff | fcl: A, fcode: ADM2 | ADM1: Wales, ADM2: Cardiff, ADM3: , ADM4:  | Latitude: 51.5, Longitude: -3.16667 | Score: 37.64, Population: 372089 | Fuzzy match: 11.111111111111116
2025-08-19 17:02:09,948 INFO Comparing database entry: south wales with Vale of Glamorgan returned from geonames.
2025-08-19 17:02:09,948 INFO 📄 Index 3 | Name: Vale of Glamorgan | fcl: A, fcode: ADM2 | ADM1: Wales, ADM2: Vale of Glamorgan, ADM3: , ADM4:  | Latitude: 51.41667, Longitude: -3.41667 | Score: 37.64, Population: 133492 | Fuzzy match: 35.71428571428571
2025-08-19 17:02:10,110 INFO Comparing database entry: south wales with Cardiff returned from geonames.
2025-08-19 17:02:10,110 INFO 📄 Index 0 | Name: Cardiff | fcl: P, fcode: PPLA | ADM1: Wales, ADM2: Cardiff, ADM3: Castle, ADM4:  | Latitude: 51.48, Longitude: -3.18 | Score: 64.17, Population: 372089 | Fuzzy match: 11.111111111111116
2025-08-19 17:02:10,110 INFO Comparing database entry: south wales with Barry returned from geonames.
2025-08-19 17:02:10,110 INFO 📄 Index 1 | Name: Barry | fcl: P, fcode: PPLA2 | ADM1: Wales, ADM2: Vale of Glamorgan, ADM3: Barry, ADM4:  | Latitude: 51.39979, Longitude: -3.2838 | Score: 48.83, Population: 54673 | Fuzzy match: 12.5
2025-08-19 17:02:10,110 INFO Comparing database entry: south wales with Cardiff returned from geonames.
2025-08-19 17:02:10,110 INFO 📄 Index 2 | Name: Cardiff | fcl: A, fcode: ADM2 | ADM1: Wales, ADM2: Cardiff, ADM3: , ADM4:  | Latitude: 51.5, Longitude: -3.16667 | Score: 37.64, Population: 372089 | Fuzzy match: 11.111111111111116
2025-08-19 17:02:10,110 INFO Comparing database entry: south wales with Vale of Glamorgan returned from geonames.
2025-08-19 17:02:10,110 INFO 📄 Index 3 | Name: Vale of Glamorgan | fcl: A, fcode: ADM2 | ADM1: Wales, ADM2: Vale of Glamorgan, ADM3: , ADM4:  | Latitude: 51.41667, Longitude: -3.41667 | Score: 37.64, Population: 133492 | Fuzzy match: 35.71428571428571
2025-08-19 17:02:10,261 INFO Comparing database entry: south wales with Cardiff returned from geonames.
2025-08-19 17:02:10,261 INFO 📄 Index 0 | Name: Cardiff | fcl: P, fcode: PPLA | ADM1: Wales, ADM2: Cardiff, ADM3: Castle, ADM4:  | Latitude: 51.48, Longitude: -3.18 | Score: 64.17, Population: 372089 | Fuzzy match: 11.111111111111116
2025-08-19 17:02:10,261 INFO Comparing database entry: south wales with Barry returned from geonames.
2025-08-19 17:02:10,262 INFO 📄 Index 1 | Name: Barry | fcl: P, fcode: PPLA2 | ADM1: Wales, ADM2: Vale of Glamorgan, ADM3: Barry, ADM4:  | Latitude: 51.39979, Longitude: -3.2838 | Score: 48.83, Population: 54673 | Fuzzy match: 12.5
2025-08-19 17:02:10,262 INFO Comparing database entry: south wales with Cardiff returned from geonames.
2025-08-19 17:02:10,262 INFO 📄 Index 2 | Name: Cardiff | fcl: A, fcode: ADM2 | ADM1: Wales, ADM2: Cardiff, ADM3: , ADM4:  | Latitude: 51.5, Longitude: -3.16667 | Score: 37.64, Population: 372089 | Fuzzy match: 11.111111111111116
2025-08-19 17:02:10,262 INFO Comparing database entry: south wales with Vale of Glamorgan returned from geonames.
2025-08-19 17:02:10,262 INFO 📄 Index 3 | Name: Vale of Glamorgan | fcl: A, fcode: ADM2 | ADM1: Wales, ADM2: Vale of Glamorgan, ADM3: , ADM4:  | Latitude: 51.41667, Longitude: -3.41667 | Score: 37.64, Population: 133492 | Fuzzy match: 35.71428571428571
2025-08-19 17:02:10,397 INFO Comparing database entry: south wales with Cardiff returned from geonames.
2025-08-19 17:02:10,397 INFO 📄 Index 0 | Name: Cardiff | fcl: P, fcode: PPLA | ADM1: Wales, ADM2: Cardiff, ADM3: Castle, ADM4:  | Latitude: 51.48, Longitude: -3.18 | Score: 64.17, Population: 372089 | Fuzzy match: 11.111111111111116
2025-08-19 17:02:10,397 INFO Comparing database entry: south wales with Barry returned from geonames.
2025-08-19 17:02:10,397 INFO 📄 Index 1 | Name: Barry | fcl: P, fcode: PPLA2 | ADM1: Wales, ADM2: Vale of Glamorgan, ADM3: Barry, ADM4:  | Latitude: 51.39979, Longitude: -3.2838 | Score: 48.83, Population: 54673 | Fuzzy match: 12.5
2025-08-19 17:02:10,398 INFO Comparing database entry: south wales with Cardiff returned from geonames.
2025-08-19 17:02:10,398 INFO 📄 Index 2 | Name: Cardiff | fcl: A, fcode: ADM2 | ADM1: Wales, ADM2: Cardiff, ADM3: , ADM4:  | Latitude: 51.5, Longitude: -3.16667 | Score: 37.64, Population: 372089 | Fuzzy match: 11.111111111111116
2025-08-19 17:02:10,398 INFO Comparing database entry: south wales with Vale of Glamorgan returned from geonames.
2025-08-19 17:02:10,398 INFO 📄 Index 3 | Name: Vale of Glamorgan | fcl: A, fcode: ADM2 | ADM1: Wales, ADM2: Vale of Glamorgan, ADM3: , ADM4:  | Latitude: 51.41667, Longitude: -3.41667 | Score: 37.64, Population: 133492 | Fuzzy match: 35.71428571428571
2025-08-19 17:02:10,548 INFO Comparing database entry: south wales with Cardiff returned from geonames.
2025-08-19 17:02:10,548 INFO 📄 Index 0 | Name: Cardiff | fcl: P, fcode: PPLA | ADM1: Wales, ADM2: Cardiff, ADM3: Castle, ADM4:  | Latitude: 51.48, Longitude: -3.18 | Score: 64.17, Population: 372089 | Fuzzy match: 11.111111111111116
2025-08-19 17:02:10,549 INFO Comparing database entry: south wales with Barry returned from geonames.
2025-08-19 17:02:10,549 INFO 📄 Index 1 | Name: Barry | fcl: P, fcode: PPLA2 | ADM1: Wales, ADM2: Vale of Glamorgan, ADM3: Barry, ADM4:  | Latitude: 51.39979, Longitude: -3.2838 | Score: 48.83, Population: 54673 | Fuzzy match: 12.5
2025-08-19 17:02:10,549 INFO Comparing database entry: south wales with Cardiff returned from geonames.
2025-08-19 17:02:10,549 INFO 📄 Index 2 | Name: Cardiff | fcl: A, fcode: ADM2 | ADM1: Wales, ADM2: Cardiff, ADM3: , ADM4:  | Latitude: 51.5, Longitude: -3.16667 | Score: 37.64, Population: 372089 | Fuzzy match: 11.111111111111116
2025-08-19 17:02:10,549 INFO Comparing database entry: south wales with Vale of Glamorgan returned from geonames.
2025-08-19 17:02:10,549 INFO 📄 Index 3 | Name: Vale of Glamorgan | fcl: A, fcode: ADM2 | ADM1: Wales, ADM2: Vale of Glamorgan, ADM3: , ADM4:  | Latitude: 51.41667, Longitude: -3.41667 | Score: 37.64, Population: 133492 | Fuzzy match: 35.71428571428571
2025-08-19 17:02:10,549 WARNING ❌ No match found with fuzzy score > 80 for city: south wales
2025-08-19 17:02:10,549 WARNING ❌ Lookup failed for city='south_wales', iso2='GB'
