2025-08-19 17:02:11,685 INFO 🗺️ Starting GeoNames lookup for city='south-east england', country='united kingdom'
2025-08-19 17:02:11,685 INFO 📍 Location is present in the following articles: [ObjectId('67fbf77194b7f855cfea70a7'), ObjectId('67fbf78b94b7f855cfea7116'), ObjectId('67fbf78e94b7f855cfea7120'), ObjectId('67fbf79094b7f855cfea712b'), ObjectId('67fbf7eb94b7f855cfea729e')]
2025-08-19 17:02:11,830 INFO Comparing database entry: south-east england with East Boldon returned from geonames.
2025-08-19 17:02:11,830 INFO 📄 Index 0 | Name: East Boldon | fcl: P, fcode: PPL | ADM1: England, ADM2: South Tyneside, ADM3: , ADM4:  | Latitude: 54.94452, Longitude: -1.42815 | Score: 31.61, Population: 5001 | Fuzzy match: 48.275862068965516
2025-08-19 17:02:11,830 INFO Comparing database entry: south-east england with East Sheen returned from geonames.
2025-08-19 17:02:11,830 INFO 📄 Index 1 | Name: East Sheen | fcl: P, fcode: PPL | ADM1: England, ADM2: Greater London, ADM3: Richmond upon Thames, ADM4:  | Latitude: 51.46291, Longitude: -0.26844 | Score: 31.42, Population: 10348 | Fuzzy match: 42.85714285714286
2025-08-19 17:02:11,830 INFO Comparing database entry: south-east england with East Portlemouth returned from geonames.
2025-08-19 17:02:11,830 INFO 📄 Index 2 | Name: East Portlemouth | fcl: P, fcode: PPL | ADM1: England, ADM2: Devon, ADM3: South Hams District, ADM4: East Portlemouth | Latitude: 50.23216, Longitude: -3.75578 | Score: 23.72, Population: 0 | Fuzzy match: 41.17647058823529
2025-08-19 17:02:11,831 INFO Comparing database entry: south-east england with East Allington returned from geonames.
2025-08-19 17:02:11,831 INFO 📄 Index 3 | Name: East Allington | fcl: P, fcode: PPL | ADM1: England, ADM2: Devon, ADM3: South Hams District, ADM4: East Allington | Latitude: 50.32409, Longitude: -3.72831 | Score: 23.72, Population: 0 | Fuzzy match: 50.0
2025-08-19 17:02:11,967 INFO Comparing database entry: south-east england with East Boldon returned from geonames.
2025-08-19 17:02:11,968 INFO 📄 Index 0 | Name: East Boldon | fcl: P, fcode: PPL | ADM1: England, ADM2: South Tyneside, ADM3: , ADM4:  | Latitude: 54.94452, Longitude: -1.42815 | Score: 31.61, Population: 5001 | Fuzzy match: 48.275862068965516
2025-08-19 17:02:11,968 INFO Comparing database entry: south-east england with East Sheen returned from geonames.
2025-08-19 17:02:11,968 INFO 📄 Index 1 | Name: East Sheen | fcl: P, fcode: PPL | ADM1: England, ADM2: Greater London, ADM3: Richmond upon Thames, ADM4:  | Latitude: 51.46291, Longitude: -0.26844 | Score: 31.42, Population: 10348 | Fuzzy match: 42.85714285714286
2025-08-19 17:02:11,968 INFO Comparing database entry: south-east england with East Portlemouth returned from geonames.
2025-08-19 17:02:11,968 INFO 📄 Index 2 | Name: East Portlemouth | fcl: P, fcode: PPL | ADM1: England, ADM2: Devon, ADM3: South Hams District, ADM4: East Portlemouth | Latitude: 50.23216, Longitude: -3.75578 | Score: 23.72, Population: 0 | Fuzzy match: 41.17647058823529
2025-08-19 17:02:11,968 INFO Comparing database entry: south-east england with East Allington returned from geonames.
2025-08-19 17:02:11,968 INFO 📄 Index 3 | Name: East Allington | fcl: P, fcode: PPL | ADM1: England, ADM2: Devon, ADM3: South Hams District, ADM4: East Allington | Latitude: 50.32409, Longitude: -3.72831 | Score: 23.72, Population: 0 | Fuzzy match: 50.0
2025-08-19 17:02:12,112 INFO Comparing database entry: south-east england with East Boldon returned from geonames.
2025-08-19 17:02:12,112 INFO 📄 Index 0 | Name: East Boldon | fcl: P, fcode: PPL | ADM1: England, ADM2: South Tyneside, ADM3: , ADM4:  | Latitude: 54.94452, Longitude: -1.42815 | Score: 31.61, Population: 5001 | Fuzzy match: 48.275862068965516
2025-08-19 17:02:12,112 INFO Comparing database entry: south-east england with East Sheen returned from geonames.
2025-08-19 17:02:12,112 INFO 📄 Index 1 | Name: East Sheen | fcl: P, fcode: PPL | ADM1: England, ADM2: Greater London, ADM3: Richmond upon Thames, ADM4:  | Latitude: 51.46291, Longitude: -0.26844 | Score: 31.42, Population: 10348 | Fuzzy match: 42.85714285714286
2025-08-19 17:02:12,113 INFO Comparing database entry: south-east england with East Portlemouth returned from geonames.
2025-08-19 17:02:12,113 INFO 📄 Index 2 | Name: East Portlemouth | fcl: P, fcode: PPL | ADM1: England, ADM2: Devon, ADM3: South Hams District, ADM4: East Portlemouth | Latitude: 50.23216, Longitude: -3.75578 | Score: 23.72, Population: 0 | Fuzzy match: 41.17647058823529
2025-08-19 17:02:12,113 INFO Comparing database entry: south-east england with East Allington returned from geonames.
2025-08-19 17:02:12,113 INFO 📄 Index 3 | Name: East Allington | fcl: P, fcode: PPL | ADM1: England, ADM2: Devon, ADM3: South Hams District, ADM4: East Allington | Latitude: 50.32409, Longitude: -3.72831 | Score: 23.72, Population: 0 | Fuzzy match: 50.0
2025-08-19 17:02:12,265 INFO Comparing database entry: south-east england with East Boldon returned from geonames.
2025-08-19 17:02:12,266 INFO 📄 Index 0 | Name: East Boldon | fcl: P, fcode: PPL | ADM1: England, ADM2: South Tyneside, ADM3: , ADM4:  | Latitude: 54.94452, Longitude: -1.42815 | Score: 31.61, Population: 5001 | Fuzzy match: 48.275862068965516
2025-08-19 17:02:12,266 INFO Comparing database entry: south-east england with East Sheen returned from geonames.
2025-08-19 17:02:12,266 INFO 📄 Index 1 | Name: East Sheen | fcl: P, fcode: PPL | ADM1: England, ADM2: Greater London, ADM3: Richmond upon Thames, ADM4:  | Latitude: 51.46291, Longitude: -0.26844 | Score: 31.42, Population: 10348 | Fuzzy match: 42.85714285714286
2025-08-19 17:02:12,266 INFO Comparing database entry: south-east england with East Portlemouth returned from geonames.
2025-08-19 17:02:12,266 INFO 📄 Index 2 | Name: East Portlemouth | fcl: P, fcode: PPL | ADM1: England, ADM2: Devon, ADM3: South Hams District, ADM4: East Portlemouth | Latitude: 50.23216, Longitude: -3.75578 | Score: 23.72, Population: 0 | Fuzzy match: 41.17647058823529
2025-08-19 17:02:12,266 INFO Comparing database entry: south-east england with East Allington returned from geonames.
2025-08-19 17:02:12,266 INFO 📄 Index 3 | Name: East Allington | fcl: P, fcode: PPL | ADM1: England, ADM2: Devon, ADM3: South Hams District, ADM4: East Allington | Latitude: 50.32409, Longitude: -3.72831 | Score: 23.72, Population: 0 | Fuzzy match: 50.0
2025-08-19 17:02:12,434 INFO Comparing database entry: south-east england with East Boldon returned from geonames.
2025-08-19 17:02:12,435 INFO 📄 Index 0 | Name: East Boldon | fcl: P, fcode: PPL | ADM1: England, ADM2: South Tyneside, ADM3: , ADM4:  | Latitude: 54.94452, Longitude: -1.42815 | Score: 31.61, Population: 5001 | Fuzzy match: 48.275862068965516
2025-08-19 17:02:12,435 INFO Comparing database entry: south-east england with East Sheen returned from geonames.
2025-08-19 17:02:12,435 INFO 📄 Index 1 | Name: East Sheen | fcl: P, fcode: PPL | ADM1: England, ADM2: Greater London, ADM3: Richmond upon Thames, ADM4:  | Latitude: 51.46291, Longitude: -0.26844 | Score: 31.42, Population: 10348 | Fuzzy match: 42.85714285714286
2025-08-19 17:02:12,435 INFO Comparing database entry: south-east england with East Portlemouth returned from geonames.
2025-08-19 17:02:12,435 INFO 📄 Index 2 | Name: East Portlemouth | fcl: P, fcode: PPL | ADM1: England, ADM2: Devon, ADM3: South Hams District, ADM4: East Portlemouth | Latitude: 50.23216, Longitude: -3.75578 | Score: 23.72, Population: 0 | Fuzzy match: 41.17647058823529
2025-08-19 17:02:12,435 INFO Comparing database entry: south-east england with East Allington returned from geonames.
2025-08-19 17:02:12,435 INFO 📄 Index 3 | Name: East Allington | fcl: P, fcode: PPL | ADM1: England, ADM2: Devon, ADM3: South Hams District, ADM4: East Allington | Latitude: 50.32409, Longitude: -3.72831 | Score: 23.72, Population: 0 | Fuzzy match: 50.0
2025-08-19 17:02:12,601 INFO Comparing database entry: south-east england with East Boldon returned from geonames.
2025-08-19 17:02:12,602 INFO 📄 Index 0 | Name: East Boldon | fcl: P, fcode: PPL | ADM1: England, ADM2: South Tyneside, ADM3: , ADM4:  | Latitude: 54.94452, Longitude: -1.42815 | Score: 31.61, Population: 5001 | Fuzzy match: 48.275862068965516
2025-08-19 17:02:12,602 INFO Comparing database entry: south-east england with East Sheen returned from geonames.
2025-08-19 17:02:12,602 INFO 📄 Index 1 | Name: East Sheen | fcl: P, fcode: PPL | ADM1: England, ADM2: Greater London, ADM3: Richmond upon Thames, ADM4:  | Latitude: 51.46291, Longitude: -0.26844 | Score: 31.42, Population: 10348 | Fuzzy match: 42.85714285714286
2025-08-19 17:02:12,602 INFO Comparing database entry: south-east england with East Portlemouth returned from geonames.
2025-08-19 17:02:12,602 INFO 📄 Index 2 | Name: East Portlemouth | fcl: P, fcode: PPL | ADM1: England, ADM2: Devon, ADM3: South Hams District, ADM4: East Portlemouth | Latitude: 50.23216, Longitude: -3.75578 | Score: 23.72, Population: 0 | Fuzzy match: 41.17647058823529
2025-08-19 17:02:12,602 INFO Comparing database entry: south-east england with East Allington returned from geonames.
2025-08-19 17:02:12,602 INFO 📄 Index 3 | Name: East Allington | fcl: P, fcode: PPL | ADM1: England, ADM2: Devon, ADM3: South Hams District, ADM4: East Allington | Latitude: 50.32409, Longitude: -3.72831 | Score: 23.72, Population: 0 | Fuzzy match: 50.0
2025-08-19 17:02:12,602 WARNING ❌ No match found with fuzzy score > 80 for city: south-east england
2025-08-19 17:02:12,602 WARNING ❌ Lookup failed for city='southeast_england', iso2='GB'
