2025-08-18 21:19:26,891 INFO 🗺️ Starting GeoNames lookup for city='suffolk', country='england'
2025-08-18 21:19:26,892 INFO 📍 Location is present in the following articles: [ObjectId('67f920c7f431fddd61d558e4')]
2025-08-18 21:19:27,095 INFO Comparing database entry: suffolk with Ipswich returned from geonames.
2025-08-18 21:19:27,095 INFO 📄 Index 0 | Name: Ipswich | fcl: P, fcode: PPLA2 | ADM1: England, ADM2: Suffolk, ADM3: Ipswich District, ADM4:  | Latitude: 52.05917, Longitude: 1.15545 | Score: 53.62, Population: 178835 | Fuzzy match: 14.28571428571429
2025-08-18 21:19:27,095 INFO Comparing database entry: suffolk with Lowestoft returned from geonames.
2025-08-18 21:19:27,095 INFO 📄 Index 1 | Name: Lowestoft | fcl: P, fcode: PPL | ADM1: England, ADM2: Suffolk, ADM3: Waveney District, ADM4:  | Latitude: 52.47523, Longitude: 1.75167 | Score: 45.74, Population: 70945 | Fuzzy match: 25.0
2025-08-18 21:19:27,095 INFO Comparing database entry: suffolk with West Suffolk returned from geonames.
2025-08-18 21:19:27,095 INFO 📄 Index 2 | Name: West Suffolk | fcl: A, fcode: ADM1H | ADM1: England, ADM2: , ADM3: , ADM4:  | Latitude: 52.25, Longitude: 0.83333 | Score: 45.63, Population: 0 | Fuzzy match: 73.6842105263158
2025-08-18 21:19:27,095 INFO Comparing database entry: suffolk with Bury St returned from geonames.
2025-08-18 21:19:27,095 INFO 📄 Index 3 | Name: Bury St | fcl: P, fcode: PPL | ADM1: England, ADM2: Suffolk, ADM3: St. Edmundsbury District, ADM4: Bury St. Edmunds | Latitude: 52.2463, Longitude: 0.71111 | Score: 44.17, Population: 42812 | Fuzzy match: 14.28571428571429
2025-08-18 21:19:27,238 INFO Comparing database entry: suffolk with Ipswich returned from geonames.
2025-08-18 21:19:27,239 INFO 📄 Index 0 | Name: Ipswich | fcl: P, fcode: PPLA2 | ADM1: England, ADM2: Suffolk, ADM3: Ipswich District, ADM4:  | Latitude: 52.05917, Longitude: 1.15545 | Score: 53.62, Population: 178835 | Fuzzy match: 14.28571428571429
2025-08-18 21:19:27,239 INFO Comparing database entry: suffolk with Lowestoft returned from geonames.
2025-08-18 21:19:27,239 INFO 📄 Index 1 | Name: Lowestoft | fcl: P, fcode: PPL | ADM1: England, ADM2: Suffolk, ADM3: Waveney District, ADM4:  | Latitude: 52.47523, Longitude: 1.75167 | Score: 45.74, Population: 70945 | Fuzzy match: 25.0
2025-08-18 21:19:27,239 INFO Comparing database entry: suffolk with West Suffolk returned from geonames.
2025-08-18 21:19:27,239 INFO 📄 Index 2 | Name: West Suffolk | fcl: A, fcode: ADM1H | ADM1: England, ADM2: , ADM3: , ADM4:  | Latitude: 52.25, Longitude: 0.83333 | Score: 45.63, Population: 0 | Fuzzy match: 73.6842105263158
2025-08-18 21:19:27,239 INFO Comparing database entry: suffolk with Bury St returned from geonames.
2025-08-18 21:19:27,239 INFO 📄 Index 3 | Name: Bury St | fcl: P, fcode: PPL | ADM1: England, ADM2: Suffolk, ADM3: St. Edmundsbury District, ADM4: Bury St. Edmunds | Latitude: 52.2463, Longitude: 0.71111 | Score: 44.17, Population: 42812 | Fuzzy match: 14.28571428571429
2025-08-18 21:19:27,417 INFO Comparing database entry: suffolk with Ipswich returned from geonames.
2025-08-18 21:19:27,417 INFO 📄 Index 0 | Name: Ipswich | fcl: P, fcode: PPLA2 | ADM1: England, ADM2: Suffolk, ADM3: Ipswich District, ADM4:  | Latitude: 52.05917, Longitude: 1.15545 | Score: 53.62, Population: 178835 | Fuzzy match: 14.28571428571429
2025-08-18 21:19:27,417 INFO Comparing database entry: suffolk with Lowestoft returned from geonames.
2025-08-18 21:19:27,417 INFO 📄 Index 1 | Name: Lowestoft | fcl: P, fcode: PPL | ADM1: England, ADM2: Suffolk, ADM3: Waveney District, ADM4:  | Latitude: 52.47523, Longitude: 1.75167 | Score: 45.74, Population: 70945 | Fuzzy match: 25.0
2025-08-18 21:19:27,418 INFO Comparing database entry: suffolk with West Suffolk returned from geonames.
2025-08-18 21:19:27,418 INFO 📄 Index 2 | Name: West Suffolk | fcl: A, fcode: ADM1H | ADM1: England, ADM2: , ADM3: , ADM4:  | Latitude: 52.25, Longitude: 0.83333 | Score: 45.63, Population: 0 | Fuzzy match: 73.6842105263158
2025-08-18 21:19:27,418 INFO Comparing database entry: suffolk with Bury St returned from geonames.
2025-08-18 21:19:27,418 INFO 📄 Index 3 | Name: Bury St | fcl: P, fcode: PPL | ADM1: England, ADM2: Suffolk, ADM3: St. Edmundsbury District, ADM4: Bury St. Edmunds | Latitude: 52.2463, Longitude: 0.71111 | Score: 44.17, Population: 42812 | Fuzzy match: 14.28571428571429
2025-08-18 21:19:27,604 INFO Comparing database entry: suffolk with Ipswich returned from geonames.
2025-08-18 21:19:27,604 INFO 📄 Index 0 | Name: Ipswich | fcl: P, fcode: PPLA2 | ADM1: England, ADM2: Suffolk, ADM3: Ipswich District, ADM4:  | Latitude: 52.05917, Longitude: 1.15545 | Score: 53.62, Population: 178835 | Fuzzy match: 14.28571428571429
2025-08-18 21:19:27,604 INFO Comparing database entry: suffolk with Lowestoft returned from geonames.
2025-08-18 21:19:27,604 INFO 📄 Index 1 | Name: Lowestoft | fcl: P, fcode: PPL | ADM1: England, ADM2: Suffolk, ADM3: Waveney District, ADM4:  | Latitude: 52.47523, Longitude: 1.75167 | Score: 45.74, Population: 70945 | Fuzzy match: 25.0
2025-08-18 21:19:27,604 INFO Comparing database entry: suffolk with West Suffolk returned from geonames.
2025-08-18 21:19:27,604 INFO 📄 Index 2 | Name: West Suffolk | fcl: A, fcode: ADM1H | ADM1: England, ADM2: , ADM3: , ADM4:  | Latitude: 52.25, Longitude: 0.83333 | Score: 45.63, Population: 0 | Fuzzy match: 73.6842105263158
2025-08-18 21:19:27,604 INFO Comparing database entry: suffolk with Bury St returned from geonames.
2025-08-18 21:19:27,604 INFO 📄 Index 3 | Name: Bury St | fcl: P, fcode: PPL | ADM1: England, ADM2: Suffolk, ADM3: St. Edmundsbury District, ADM4: Bury St. Edmunds | Latitude: 52.2463, Longitude: 0.71111 | Score: 44.17, Population: 42812 | Fuzzy match: 14.28571428571429
2025-08-18 21:19:27,770 INFO Comparing database entry: suffolk with Ipswich returned from geonames.
2025-08-18 21:19:27,770 INFO 📄 Index 0 | Name: Ipswich | fcl: P, fcode: PPLA2 | ADM1: England, ADM2: Suffolk, ADM3: Ipswich District, ADM4:  | Latitude: 52.05917, Longitude: 1.15545 | Score: 53.62, Population: 178835 | Fuzzy match: 14.28571428571429
2025-08-18 21:19:27,770 INFO Comparing database entry: suffolk with Lowestoft returned from geonames.
2025-08-18 21:19:27,770 INFO 📄 Index 1 | Name: Lowestoft | fcl: P, fcode: PPL | ADM1: England, ADM2: Suffolk, ADM3: Waveney District, ADM4:  | Latitude: 52.47523, Longitude: 1.75167 | Score: 45.74, Population: 70945 | Fuzzy match: 25.0
2025-08-18 21:19:27,771 INFO Comparing database entry: suffolk with West Suffolk returned from geonames.
2025-08-18 21:19:27,771 INFO 📄 Index 2 | Name: West Suffolk | fcl: A, fcode: ADM1H | ADM1: England, ADM2: , ADM3: , ADM4:  | Latitude: 52.25, Longitude: 0.83333 | Score: 45.63, Population: 0 | Fuzzy match: 73.6842105263158
2025-08-18 21:19:27,771 INFO Comparing database entry: suffolk with Bury St returned from geonames.
2025-08-18 21:19:27,771 INFO 📄 Index 3 | Name: Bury St | fcl: P, fcode: PPL | ADM1: England, ADM2: Suffolk, ADM3: St. Edmundsbury District, ADM4: Bury St. Edmunds | Latitude: 52.2463, Longitude: 0.71111 | Score: 44.17, Population: 42812 | Fuzzy match: 14.28571428571429
2025-08-18 21:19:27,944 INFO Comparing database entry: suffolk with Ipswich returned from geonames.
2025-08-18 21:19:27,944 INFO 📄 Index 0 | Name: Ipswich | fcl: P, fcode: PPLA2 | ADM1: England, ADM2: Suffolk, ADM3: Ipswich District, ADM4:  | Latitude: 52.05917, Longitude: 1.15545 | Score: 53.62, Population: 178835 | Fuzzy match: 14.28571428571429
2025-08-18 21:19:27,945 INFO Comparing database entry: suffolk with Lowestoft returned from geonames.
2025-08-18 21:19:27,945 INFO 📄 Index 1 | Name: Lowestoft | fcl: P, fcode: PPL | ADM1: England, ADM2: Suffolk, ADM3: Waveney District, ADM4:  | Latitude: 52.47523, Longitude: 1.75167 | Score: 45.74, Population: 70945 | Fuzzy match: 25.0
2025-08-18 21:19:27,945 INFO Comparing database entry: suffolk with West Suffolk returned from geonames.
2025-08-18 21:19:27,945 INFO 📄 Index 2 | Name: West Suffolk | fcl: A, fcode: ADM1H | ADM1: England, ADM2: , ADM3: , ADM4:  | Latitude: 52.25, Longitude: 0.83333 | Score: 45.63, Population: 0 | Fuzzy match: 73.6842105263158
2025-08-18 21:19:27,945 INFO Comparing database entry: suffolk with Bury St returned from geonames.
2025-08-18 21:19:27,945 INFO 📄 Index 3 | Name: Bury St | fcl: P, fcode: PPL | ADM1: England, ADM2: Suffolk, ADM3: St. Edmundsbury District, ADM4: Bury St. Edmunds | Latitude: 52.2463, Longitude: 0.71111 | Score: 44.17, Population: 42812 | Fuzzy match: 14.28571428571429
2025-08-18 21:19:27,945 WARNING ❌ No match found with fuzzy score > 80 for city: suffolk
2025-08-18 21:19:27,945 WARNING ❌ Lookup failed for city='suffolk', iso2='GB'
