2025-08-17 15:41:17,752 INFO 🗺️ Starting GeoNames lookup for city='scotland', country='united kingdom'
2025-08-17 15:41:17,752 INFO 📍 Location is present in the following articles: [ObjectId('67fa61fe38fb90ab92f8c05a'), ObjectId('67fa620138fb90ab92f8c065'), ObjectId('67fa623938fb90ab92f8c11f')]
2025-08-17 15:41:17,991 INFO Comparing database entry: scotland with Glasgow returned from geonames.
2025-08-17 15:41:17,991 INFO 📄 Index 0 | Name: Glasgow | fcl: P, fcode: PPLA2 | ADM1: Scotland, ADM2: Glasgow City, ADM3: , ADM4:  | Score: 107.77, Population: 626410 | Fuzzy match: 26.66666666666667
2025-08-17 15:41:17,992 INFO Comparing database entry: scotland with Edinburgh returned from geonames.
2025-08-17 15:41:17,992 INFO 📄 Index 1 | Name: Edinburgh | fcl: P, fcode: PPLA | ADM1: Scotland, ADM2: Edinburgh, ADM3: , ADM4:  | Score: 77.63, Population: 514990 | Fuzzy match: 11.764705882352944
2025-08-17 15:41:17,992 INFO Comparing database entry: scotland with Aberdeen returned from geonames.
2025-08-17 15:41:17,992 INFO 📄 Index 2 | Name: Aberdeen | fcl: P, fcode: PPLA2 | ADM1: Scotland, ADM2: Aberdeen City, ADM3: , ADM4:  | Score: 62.56, Population: 198590 | Fuzzy match: 25.0
2025-08-17 15:41:17,992 INFO Comparing database entry: scotland with Dundee returned from geonames.
2025-08-17 15:41:17,992 INFO 📄 Index 3 | Name: Dundee | fcl: P, fcode: PPLA2 | ADM1: Scotland, ADM2: Dundee City, ADM3: , ADM4:  | Score: 61.80, Population: 148210 | Fuzzy match: 28.57142857142857
2025-08-17 15:41:18,223 INFO Comparing database entry: scotland with Glasgow returned from geonames.
2025-08-17 15:41:18,223 INFO 📄 Index 0 | Name: Glasgow | fcl: P, fcode: PPLA2 | ADM1: Scotland, ADM2: Glasgow City, ADM3: , ADM4:  | Score: 107.77, Population: 626410 | Fuzzy match: 26.66666666666667
2025-08-17 15:41:18,223 INFO Comparing database entry: scotland with Edinburgh returned from geonames.
2025-08-17 15:41:18,223 INFO 📄 Index 1 | Name: Edinburgh | fcl: P, fcode: PPLA | ADM1: Scotland, ADM2: Edinburgh, ADM3: , ADM4:  | Score: 77.63, Population: 514990 | Fuzzy match: 11.764705882352944
2025-08-17 15:41:18,223 INFO Comparing database entry: scotland with Aberdeen returned from geonames.
2025-08-17 15:41:18,223 INFO 📄 Index 2 | Name: Aberdeen | fcl: P, fcode: PPLA2 | ADM1: Scotland, ADM2: Aberdeen City, ADM3: , ADM4:  | Score: 62.56, Population: 198590 | Fuzzy match: 25.0
2025-08-17 15:41:18,223 INFO Comparing database entry: scotland with Dundee returned from geonames.
2025-08-17 15:41:18,223 INFO 📄 Index 3 | Name: Dundee | fcl: P, fcode: PPLA2 | ADM1: Scotland, ADM2: Dundee City, ADM3: , ADM4:  | Score: 61.80, Population: 148210 | Fuzzy match: 28.57142857142857
2025-08-17 15:41:18,470 INFO Comparing database entry: scotland with Glasgow returned from geonames.
2025-08-17 15:41:18,471 INFO 📄 Index 0 | Name: Glasgow | fcl: P, fcode: PPLA2 | ADM1: Scotland, ADM2: Glasgow City, ADM3: , ADM4:  | Score: 107.77, Population: 626410 | Fuzzy match: 26.66666666666667
2025-08-17 15:41:18,471 INFO Comparing database entry: scotland with Edinburgh returned from geonames.
2025-08-17 15:41:18,471 INFO 📄 Index 1 | Name: Edinburgh | fcl: P, fcode: PPLA | ADM1: Scotland, ADM2: Edinburgh, ADM3: , ADM4:  | Score: 77.63, Population: 514990 | Fuzzy match: 11.764705882352944
2025-08-17 15:41:18,471 INFO Comparing database entry: scotland with Aberdeen returned from geonames.
2025-08-17 15:41:18,471 INFO 📄 Index 2 | Name: Aberdeen | fcl: P, fcode: PPLA2 | ADM1: Scotland, ADM2: Aberdeen City, ADM3: , ADM4:  | Score: 62.56, Population: 198590 | Fuzzy match: 25.0
2025-08-17 15:41:18,471 INFO Comparing database entry: scotland with Dundee returned from geonames.
2025-08-17 15:41:18,471 INFO 📄 Index 3 | Name: Dundee | fcl: P, fcode: PPLA2 | ADM1: Scotland, ADM2: Dundee City, ADM3: , ADM4:  | Score: 61.80, Population: 148210 | Fuzzy match: 28.57142857142857
2025-08-17 15:41:18,671 INFO Comparing database entry: scotland with Glasgow returned from geonames.
2025-08-17 15:41:18,671 INFO 📄 Index 0 | Name: Glasgow | fcl: P, fcode: PPLA2 | ADM1: Scotland, ADM2: Glasgow City, ADM3: , ADM4:  | Score: 107.77, Population: 626410 | Fuzzy match: 26.66666666666667
2025-08-17 15:41:18,671 INFO Comparing database entry: scotland with Edinburgh returned from geonames.
2025-08-17 15:41:18,671 INFO 📄 Index 1 | Name: Edinburgh | fcl: P, fcode: PPLA | ADM1: Scotland, ADM2: Edinburgh, ADM3: , ADM4:  | Score: 77.63, Population: 514990 | Fuzzy match: 11.764705882352944
2025-08-17 15:41:18,671 INFO Comparing database entry: scotland with Aberdeen returned from geonames.
2025-08-17 15:41:18,671 INFO 📄 Index 2 | Name: Aberdeen | fcl: P, fcode: PPLA2 | ADM1: Scotland, ADM2: Aberdeen City, ADM3: , ADM4:  | Score: 62.56, Population: 198590 | Fuzzy match: 25.0
2025-08-17 15:41:18,672 INFO Comparing database entry: scotland with Dundee returned from geonames.
2025-08-17 15:41:18,672 INFO 📄 Index 3 | Name: Dundee | fcl: P, fcode: PPLA2 | ADM1: Scotland, ADM2: Dundee City, ADM3: , ADM4:  | Score: 61.80, Population: 148210 | Fuzzy match: 28.57142857142857
2025-08-17 15:41:18,910 INFO Comparing database entry: scotland with Glasgow returned from geonames.
2025-08-17 15:41:18,910 INFO 📄 Index 0 | Name: Glasgow | fcl: P, fcode: PPLA2 | ADM1: Scotland, ADM2: Glasgow City, ADM3: , ADM4:  | Score: 107.77, Population: 626410 | Fuzzy match: 26.66666666666667
2025-08-17 15:41:18,910 INFO Comparing database entry: scotland with Edinburgh returned from geonames.
2025-08-17 15:41:18,910 INFO 📄 Index 1 | Name: Edinburgh | fcl: P, fcode: PPLA | ADM1: Scotland, ADM2: Edinburgh, ADM3: , ADM4:  | Score: 77.63, Population: 514990 | Fuzzy match: 11.764705882352944
2025-08-17 15:41:18,910 INFO Comparing database entry: scotland with Aberdeen returned from geonames.
2025-08-17 15:41:18,911 INFO 📄 Index 2 | Name: Aberdeen | fcl: P, fcode: PPLA2 | ADM1: Scotland, ADM2: Aberdeen City, ADM3: , ADM4:  | Score: 62.56, Population: 198590 | Fuzzy match: 25.0
2025-08-17 15:41:18,911 INFO Comparing database entry: scotland with Dundee returned from geonames.
2025-08-17 15:41:18,911 INFO 📄 Index 3 | Name: Dundee | fcl: P, fcode: PPLA2 | ADM1: Scotland, ADM2: Dundee City, ADM3: , ADM4:  | Score: 61.80, Population: 148210 | Fuzzy match: 28.57142857142857
2025-08-17 15:41:19,147 INFO Comparing database entry: scotland with Glasgow returned from geonames.
2025-08-17 15:41:19,147 INFO 📄 Index 0 | Name: Glasgow | fcl: P, fcode: PPLA2 | ADM1: Scotland, ADM2: Glasgow City, ADM3: , ADM4:  | Score: 107.77, Population: 626410 | Fuzzy match: 26.66666666666667
2025-08-17 15:41:19,147 INFO Comparing database entry: scotland with Edinburgh returned from geonames.
2025-08-17 15:41:19,147 INFO 📄 Index 1 | Name: Edinburgh | fcl: P, fcode: PPLA | ADM1: Scotland, ADM2: Edinburgh, ADM3: , ADM4:  | Score: 77.63, Population: 514990 | Fuzzy match: 11.764705882352944
2025-08-17 15:41:19,147 INFO Comparing database entry: scotland with Aberdeen returned from geonames.
2025-08-17 15:41:19,147 INFO 📄 Index 2 | Name: Aberdeen | fcl: P, fcode: PPLA2 | ADM1: Scotland, ADM2: Aberdeen City, ADM3: , ADM4:  | Score: 62.56, Population: 198590 | Fuzzy match: 25.0
2025-08-17 15:41:19,147 INFO Comparing database entry: scotland with Dundee returned from geonames.
2025-08-17 15:41:19,147 INFO 📄 Index 3 | Name: Dundee | fcl: P, fcode: PPLA2 | ADM1: Scotland, ADM2: Dundee City, ADM3: , ADM4:  | Score: 61.80, Population: 148210 | Fuzzy match: 28.57142857142857
2025-08-17 15:41:19,147 WARNING ❌ No match found with fuzzy score > 80 for city: scotland
2025-08-17 15:41:19,148 WARNING ❌ Lookup failed for city='scotland', iso2='GB'
