2025-08-18 16:00:26,643 INFO 🗺️ Starting GeoNames lookup for city='sussex', country='uk'
2025-08-18 16:00:26,643 INFO 📍 Location is present in the following articles: [ObjectId('67fbeec194b7f855cfea664b'), ObjectId('67fbeec894b7f855cfea6669')]
2025-08-18 16:00:26,835 INFO Comparing database entry: sussex with Eastbourne returned from geonames.
2025-08-18 16:00:26,835 INFO 📄 Index 0 | Name: Eastbourne | fcl: P, fcode: PPL | ADM1: England, ADM2: East Sussex, ADM3: Eastbourne District, ADM4:  | Score: 59.10, Population: 118219 | Fuzzy match: 37.5
2025-08-18 16:00:26,835 INFO Comparing database entry: sussex with Hastings returned from geonames.
2025-08-18 16:00:26,835 INFO 📄 Index 1 | Name: Hastings | fcl: P, fcode: PPL | ADM1: England, ADM2: East Sussex, ADM3: Hastings District, ADM4:  | Score: 59.10, Population: 133422 | Fuzzy match: 28.57142857142857
2025-08-18 16:00:26,836 INFO Comparing database entry: sussex with Brighton returned from geonames.
2025-08-18 16:00:26,836 INFO 📄 Index 2 | Name: Brighton | fcl: P, fcode: PPLA2 | ADM1: England, ADM2: Brighton and Hove, ADM3: , ADM4:  | Score: 53.99, Population: 277103 | Fuzzy match: 0.0
2025-08-18 16:00:26,836 INFO Comparing database entry: sussex with Crawley returned from geonames.
2025-08-18 16:00:26,836 INFO 📄 Index 3 | Name: Crawley | fcl: P, fcode: PPL | ADM1: England, ADM2: West Sussex, ADM3: Crawley District, ADM4:  | Score: 52.99, Population: 180508 | Fuzzy match: 15.384615384615385
2025-08-18 16:00:26,999 INFO Comparing database entry: sussex with Eastbourne returned from geonames.
2025-08-18 16:00:27,000 INFO 📄 Index 0 | Name: Eastbourne | fcl: P, fcode: PPL | ADM1: England, ADM2: East Sussex, ADM3: Eastbourne District, ADM4:  | Score: 59.10, Population: 118219 | Fuzzy match: 37.5
2025-08-18 16:00:27,000 INFO Comparing database entry: sussex with Hastings returned from geonames.
2025-08-18 16:00:27,000 INFO 📄 Index 1 | Name: Hastings | fcl: P, fcode: PPL | ADM1: England, ADM2: East Sussex, ADM3: Hastings District, ADM4:  | Score: 59.10, Population: 133422 | Fuzzy match: 28.57142857142857
2025-08-18 16:00:27,000 INFO Comparing database entry: sussex with Brighton returned from geonames.
2025-08-18 16:00:27,000 INFO 📄 Index 2 | Name: Brighton | fcl: P, fcode: PPLA2 | ADM1: England, ADM2: Brighton and Hove, ADM3: , ADM4:  | Score: 53.99, Population: 277103 | Fuzzy match: 0.0
2025-08-18 16:00:27,000 INFO Comparing database entry: sussex with Crawley returned from geonames.
2025-08-18 16:00:27,000 INFO 📄 Index 3 | Name: Crawley | fcl: P, fcode: PPL | ADM1: England, ADM2: West Sussex, ADM3: Crawley District, ADM4:  | Score: 52.99, Population: 180508 | Fuzzy match: 15.384615384615385
2025-08-18 16:00:27,209 INFO Comparing database entry: sussex with Eastbourne returned from geonames.
2025-08-18 16:00:27,209 INFO 📄 Index 0 | Name: Eastbourne | fcl: P, fcode: PPL | ADM1: England, ADM2: East Sussex, ADM3: Eastbourne District, ADM4:  | Score: 59.10, Population: 118219 | Fuzzy match: 37.5
2025-08-18 16:00:27,209 INFO Comparing database entry: sussex with Hastings returned from geonames.
2025-08-18 16:00:27,209 INFO 📄 Index 1 | Name: Hastings | fcl: P, fcode: PPL | ADM1: England, ADM2: East Sussex, ADM3: Hastings District, ADM4:  | Score: 59.10, Population: 133422 | Fuzzy match: 28.57142857142857
2025-08-18 16:00:27,209 INFO Comparing database entry: sussex with Brighton returned from geonames.
2025-08-18 16:00:27,209 INFO 📄 Index 2 | Name: Brighton | fcl: P, fcode: PPLA2 | ADM1: England, ADM2: Brighton and Hove, ADM3: , ADM4:  | Score: 53.99, Population: 277103 | Fuzzy match: 0.0
2025-08-18 16:00:27,210 INFO Comparing database entry: sussex with Crawley returned from geonames.
2025-08-18 16:00:27,210 INFO 📄 Index 3 | Name: Crawley | fcl: P, fcode: PPL | ADM1: England, ADM2: West Sussex, ADM3: Crawley District, ADM4:  | Score: 52.99, Population: 180508 | Fuzzy match: 15.384615384615385
2025-08-18 16:00:27,353 INFO Comparing database entry: sussex with Eastbourne returned from geonames.
2025-08-18 16:00:27,353 INFO 📄 Index 0 | Name: Eastbourne | fcl: P, fcode: PPL | ADM1: England, ADM2: East Sussex, ADM3: Eastbourne District, ADM4:  | Score: 59.10, Population: 118219 | Fuzzy match: 37.5
2025-08-18 16:00:27,353 INFO Comparing database entry: sussex with Hastings returned from geonames.
2025-08-18 16:00:27,353 INFO 📄 Index 1 | Name: Hastings | fcl: P, fcode: PPL | ADM1: England, ADM2: East Sussex, ADM3: Hastings District, ADM4:  | Score: 59.10, Population: 133422 | Fuzzy match: 28.57142857142857
2025-08-18 16:00:27,353 INFO Comparing database entry: sussex with Brighton returned from geonames.
2025-08-18 16:00:27,354 INFO 📄 Index 2 | Name: Brighton | fcl: P, fcode: PPLA2 | ADM1: England, ADM2: Brighton and Hove, ADM3: , ADM4:  | Score: 53.99, Population: 277103 | Fuzzy match: 0.0
2025-08-18 16:00:27,354 INFO Comparing database entry: sussex with Crawley returned from geonames.
2025-08-18 16:00:27,354 INFO 📄 Index 3 | Name: Crawley | fcl: P, fcode: PPL | ADM1: England, ADM2: West Sussex, ADM3: Crawley District, ADM4:  | Score: 52.99, Population: 180508 | Fuzzy match: 15.384615384615385
2025-08-18 16:00:27,536 INFO Comparing database entry: sussex with Eastbourne returned from geonames.
2025-08-18 16:00:27,536 INFO 📄 Index 0 | Name: Eastbourne | fcl: P, fcode: PPL | ADM1: England, ADM2: East Sussex, ADM3: Eastbourne District, ADM4:  | Score: 59.10, Population: 118219 | Fuzzy match: 37.5
2025-08-18 16:00:27,536 INFO Comparing database entry: sussex with Hastings returned from geonames.
2025-08-18 16:00:27,536 INFO 📄 Index 1 | Name: Hastings | fcl: P, fcode: PPL | ADM1: England, ADM2: East Sussex, ADM3: Hastings District, ADM4:  | Score: 59.10, Population: 133422 | Fuzzy match: 28.57142857142857
2025-08-18 16:00:27,536 INFO Comparing database entry: sussex with Brighton returned from geonames.
2025-08-18 16:00:27,537 INFO 📄 Index 2 | Name: Brighton | fcl: P, fcode: PPLA2 | ADM1: England, ADM2: Brighton and Hove, ADM3: , ADM4:  | Score: 53.99, Population: 277103 | Fuzzy match: 0.0
2025-08-18 16:00:27,537 INFO Comparing database entry: sussex with Crawley returned from geonames.
2025-08-18 16:00:27,537 INFO 📄 Index 3 | Name: Crawley | fcl: P, fcode: PPL | ADM1: England, ADM2: West Sussex, ADM3: Crawley District, ADM4:  | Score: 52.99, Population: 180508 | Fuzzy match: 15.384615384615385
2025-08-18 16:00:27,748 INFO Comparing database entry: sussex with Eastbourne returned from geonames.
2025-08-18 16:00:27,749 INFO 📄 Index 0 | Name: Eastbourne | fcl: P, fcode: PPL | ADM1: England, ADM2: East Sussex, ADM3: Eastbourne District, ADM4:  | Score: 59.10, Population: 118219 | Fuzzy match: 37.5
2025-08-18 16:00:27,749 INFO Comparing database entry: sussex with Hastings returned from geonames.
2025-08-18 16:00:27,749 INFO 📄 Index 1 | Name: Hastings | fcl: P, fcode: PPL | ADM1: England, ADM2: East Sussex, ADM3: Hastings District, ADM4:  | Score: 59.10, Population: 133422 | Fuzzy match: 28.57142857142857
2025-08-18 16:00:27,749 INFO Comparing database entry: sussex with Brighton returned from geonames.
2025-08-18 16:00:27,749 INFO 📄 Index 2 | Name: Brighton | fcl: P, fcode: PPLA2 | ADM1: England, ADM2: Brighton and Hove, ADM3: , ADM4:  | Score: 53.99, Population: 277103 | Fuzzy match: 0.0
2025-08-18 16:00:27,749 INFO Comparing database entry: sussex with Crawley returned from geonames.
2025-08-18 16:00:27,749 INFO 📄 Index 3 | Name: Crawley | fcl: P, fcode: PPL | ADM1: England, ADM2: West Sussex, ADM3: Crawley District, ADM4:  | Score: 52.99, Population: 180508 | Fuzzy match: 15.384615384615385
2025-08-18 16:00:27,749 WARNING ❌ No match found with fuzzy score > 80 for city: sussex
2025-08-18 16:00:27,749 WARNING ❌ Lookup failed for city='sussex', iso2='GB'
