2025-08-19 17:02:15,816 INFO 🗺️ Starting GeoNames lookup for city='sutherland', country='scotland'
2025-08-19 17:02:15,817 INFO 📍 Location is present in the following articles: [ObjectId('682cb70fd0a7623114bd9746')]
2025-08-19 17:02:15,988 INFO Comparing database entry: sutherland with Sutherlandshire returned from geonames.
2025-08-19 17:02:15,988 INFO 📄 Index 0 | Name: Sutherlandshire | fcl: A, fcode: ADM3 | ADM1: Scotland, ADM2: Highland, ADM3: Sutherlandshire, ADM4:  | Latitude: 58.25, Longitude: -4.5 | Score: 20.96, Population: 0 | Fuzzy match: 80.0
2025-08-19 17:02:15,988 INFO Comparing database entry: sutherland with Keoldale returned from geonames.
2025-08-19 17:02:15,988 INFO 📄 Index 1 | Name: Keoldale | fcl: P, fcode: PPL | ADM1: Scotland, ADM2: Highland, ADM3: Sutherlandshire, ADM4:  | Latitude: 58.55312, Longitude: -4.78359 | Score: 13.41, Population: 0 | Fuzzy match: 33.333333333333336
2025-08-19 17:02:16,135 INFO Comparing database entry: sutherland with Sutherlandshire returned from geonames.
2025-08-19 17:02:16,135 INFO 📄 Index 0 | Name: Sutherlandshire | fcl: A, fcode: ADM3 | ADM1: Scotland, ADM2: Highland, ADM3: Sutherlandshire, ADM4:  | Latitude: 58.25, Longitude: -4.5 | Score: 20.96, Population: 0 | Fuzzy match: 80.0
2025-08-19 17:02:16,135 INFO Comparing database entry: sutherland with Keoldale returned from geonames.
2025-08-19 17:02:16,135 INFO 📄 Index 1 | Name: Keoldale | fcl: P, fcode: PPL | ADM1: Scotland, ADM2: Highland, ADM3: Sutherlandshire, ADM4:  | Latitude: 58.55312, Longitude: -4.78359 | Score: 13.41, Population: 0 | Fuzzy match: 33.333333333333336
2025-08-19 17:02:16,292 INFO Comparing database entry: sutherland with Sutherlandshire returned from geonames.
2025-08-19 17:02:16,292 INFO 📄 Index 0 | Name: Sutherlandshire | fcl: A, fcode: ADM3 | ADM1: Scotland, ADM2: Highland, ADM3: Sutherlandshire, ADM4:  | Latitude: 58.25, Longitude: -4.5 | Score: 20.96, Population: 0 | Fuzzy match: 80.0
2025-08-19 17:02:16,292 INFO Comparing database entry: sutherland with Keoldale returned from geonames.
2025-08-19 17:02:16,293 INFO 📄 Index 1 | Name: Keoldale | fcl: P, fcode: PPL | ADM1: Scotland, ADM2: Highland, ADM3: Sutherlandshire, ADM4:  | Latitude: 58.55312, Longitude: -4.78359 | Score: 13.41, Population: 0 | Fuzzy match: 33.333333333333336
2025-08-19 17:02:16,441 INFO Comparing database entry: sutherland with Sutherlandshire returned from geonames.
2025-08-19 17:02:16,441 INFO 📄 Index 0 | Name: Sutherlandshire | fcl: A, fcode: ADM3 | ADM1: Scotland, ADM2: Highland, ADM3: Sutherlandshire, ADM4:  | Latitude: 58.25, Longitude: -4.5 | Score: 20.96, Population: 0 | Fuzzy match: 80.0
2025-08-19 17:02:16,441 INFO Comparing database entry: sutherland with Keoldale returned from geonames.
2025-08-19 17:02:16,441 INFO 📄 Index 1 | Name: Keoldale | fcl: P, fcode: PPL | ADM1: Scotland, ADM2: Highland, ADM3: Sutherlandshire, ADM4:  | Latitude: 58.55312, Longitude: -4.78359 | Score: 13.41, Population: 0 | Fuzzy match: 33.333333333333336
2025-08-19 17:02:16,578 INFO Comparing database entry: sutherland with Sutherlandshire returned from geonames.
2025-08-19 17:02:16,578 INFO 📄 Index 0 | Name: Sutherlandshire | fcl: A, fcode: ADM3 | ADM1: Scotland, ADM2: Highland, ADM3: Sutherlandshire, ADM4:  | Latitude: 58.25, Longitude: -4.5 | Score: 20.96, Population: 0 | Fuzzy match: 80.0
2025-08-19 17:02:16,578 INFO Comparing database entry: sutherland with Keoldale returned from geonames.
2025-08-19 17:02:16,578 INFO 📄 Index 1 | Name: Keoldale | fcl: P, fcode: PPL | ADM1: Scotland, ADM2: Highland, ADM3: Sutherlandshire, ADM4:  | Latitude: 58.55312, Longitude: -4.78359 | Score: 13.41, Population: 0 | Fuzzy match: 33.333333333333336
2025-08-19 17:02:16,733 INFO Comparing database entry: sutherland with Sutherlandshire returned from geonames.
2025-08-19 17:02:16,733 INFO 📄 Index 0 | Name: Sutherlandshire | fcl: A, fcode: ADM3 | ADM1: Scotland, ADM2: Highland, ADM3: Sutherlandshire, ADM4:  | Latitude: 58.25, Longitude: -4.5 | Score: 20.96, Population: 0 | Fuzzy match: 80.0
2025-08-19 17:02:16,733 INFO Comparing database entry: sutherland with Keoldale returned from geonames.
2025-08-19 17:02:16,733 INFO 📄 Index 1 | Name: Keoldale | fcl: P, fcode: PPL | ADM1: Scotland, ADM2: Highland, ADM3: Sutherlandshire, ADM4:  | Latitude: 58.55312, Longitude: -4.78359 | Score: 13.41, Population: 0 | Fuzzy match: 33.333333333333336
2025-08-19 17:02:16,733 WARNING ❌ No match found with fuzzy score > 80 for city: sutherland
2025-08-19 17:02:16,734 WARNING ❌ Lookup failed for city='sutherland', iso2='GB'
