2025-08-19 17:02:12,605 INFO 🗺️ Starting GeoNames lookup for city='south-west england', country='united kingdom'
2025-08-19 17:02:12,605 INFO 📍 Location is present in the following articles: [ObjectId('67fbf77194b7f855cfea70a7')]
2025-08-19 17:02:12,786 INFO Comparing database entry: south-west england with West Wickham returned from geonames.
2025-08-19 17:02:12,786 INFO 📄 Index 0 | Name: West Wickham | fcl: P, fcode: PPL | ADM1: England, ADM2: Greater London, ADM3: Bromley, ADM4:  | Latitude: 51.36667, Longitude: -0.01667 | Score: 31.41, Population: 14276 | Fuzzy match: 26.66666666666667
2025-08-19 17:02:12,786 INFO Comparing database entry: south-west england with Brackley returned from geonames.
2025-08-19 17:02:12,786 INFO 📄 Index 1 | Name: Brackley | fcl: P, fcode: PPL | ADM1: England, ADM2: West Northamptonshire, ADM3: South Northamptonshire District, ADM4: Brackley | Latitude: 52.03333, Longitude: -1.15 | Score: 31.17, Population: 13018 | Fuzzy match: 15.384615384615385
2025-08-19 17:02:12,786 INFO Comparing database entry: south-west england with Silverstone returned from geonames.
2025-08-19 17:02:12,786 INFO 📄 Index 2 | Name: Silverstone | fcl: P, fcode: PPL | ADM1: England, ADM2: West Northamptonshire, ADM3: South Northamptonshire District, ADM4: Silverstone | Latitude: 52.09216, Longitude: -1.02602 | Score: 31.17, Population: 1907 | Fuzzy match: 27.586206896551722
2025-08-19 17:02:12,786 INFO Comparing database entry: south-west england with South Harting returned from geonames.
2025-08-19 17:02:12,786 INFO 📄 Index 3 | Name: South Harting | fcl: P, fcode: PPL | ADM1: England, ADM2: West Sussex, ADM3: Chichester District, ADM4: Harting | Latitude: 50.96924, Longitude: -0.88388 | Score: 27.58, Population: 1087 | Fuzzy match: 51.61290322580645
2025-08-19 17:02:12,955 INFO Comparing database entry: south-west england with West Wickham returned from geonames.
2025-08-19 17:02:12,955 INFO 📄 Index 0 | Name: West Wickham | fcl: P, fcode: PPL | ADM1: England, ADM2: Greater London, ADM3: Bromley, ADM4:  | Latitude: 51.36667, Longitude: -0.01667 | Score: 31.41, Population: 14276 | Fuzzy match: 26.66666666666667
2025-08-19 17:02:12,955 INFO Comparing database entry: south-west england with Brackley returned from geonames.
2025-08-19 17:02:12,955 INFO 📄 Index 1 | Name: Brackley | fcl: P, fcode: PPL | ADM1: England, ADM2: West Northamptonshire, ADM3: South Northamptonshire District, ADM4: Brackley | Latitude: 52.03333, Longitude: -1.15 | Score: 31.17, Population: 13018 | Fuzzy match: 15.384615384615385
2025-08-19 17:02:12,955 INFO Comparing database entry: south-west england with Silverstone returned from geonames.
2025-08-19 17:02:12,955 INFO 📄 Index 2 | Name: Silverstone | fcl: P, fcode: PPL | ADM1: England, ADM2: West Northamptonshire, ADM3: South Northamptonshire District, ADM4: Silverstone | Latitude: 52.09216, Longitude: -1.02602 | Score: 31.17, Population: 1907 | Fuzzy match: 27.586206896551722
2025-08-19 17:02:12,955 INFO Comparing database entry: south-west england with South Harting returned from geonames.
2025-08-19 17:02:12,955 INFO 📄 Index 3 | Name: South Harting | fcl: P, fcode: PPL | ADM1: England, ADM2: West Sussex, ADM3: Chichester District, ADM4: Harting | Latitude: 50.96924, Longitude: -0.88388 | Score: 27.58, Population: 1087 | Fuzzy match: 51.61290322580645
2025-08-19 17:02:13,100 INFO Comparing database entry: south-west england with West Wickham returned from geonames.
2025-08-19 17:02:13,101 INFO 📄 Index 0 | Name: West Wickham | fcl: P, fcode: PPL | ADM1: England, ADM2: Greater London, ADM3: Bromley, ADM4:  | Latitude: 51.36667, Longitude: -0.01667 | Score: 31.41, Population: 14276 | Fuzzy match: 26.66666666666667
2025-08-19 17:02:13,101 INFO Comparing database entry: south-west england with Brackley returned from geonames.
2025-08-19 17:02:13,101 INFO 📄 Index 1 | Name: Brackley | fcl: P, fcode: PPL | ADM1: England, ADM2: West Northamptonshire, ADM3: South Northamptonshire District, ADM4: Brackley | Latitude: 52.03333, Longitude: -1.15 | Score: 31.17, Population: 13018 | Fuzzy match: 15.384615384615385
2025-08-19 17:02:13,101 INFO Comparing database entry: south-west england with Silverstone returned from geonames.
2025-08-19 17:02:13,101 INFO 📄 Index 2 | Name: Silverstone | fcl: P, fcode: PPL | ADM1: England, ADM2: West Northamptonshire, ADM3: South Northamptonshire District, ADM4: Silverstone | Latitude: 52.09216, Longitude: -1.02602 | Score: 31.17, Population: 1907 | Fuzzy match: 27.586206896551722
2025-08-19 17:02:13,101 INFO Comparing database entry: south-west england with South Harting returned from geonames.
2025-08-19 17:02:13,101 INFO 📄 Index 3 | Name: South Harting | fcl: P, fcode: PPL | ADM1: England, ADM2: West Sussex, ADM3: Chichester District, ADM4: Harting | Latitude: 50.96924, Longitude: -0.88388 | Score: 27.58, Population: 1087 | Fuzzy match: 51.61290322580645
2025-08-19 17:02:13,251 INFO Comparing database entry: south-west england with West Wickham returned from geonames.
2025-08-19 17:02:13,251 INFO 📄 Index 0 | Name: West Wickham | fcl: P, fcode: PPL | ADM1: England, ADM2: Greater London, ADM3: Bromley, ADM4:  | Latitude: 51.36667, Longitude: -0.01667 | Score: 31.41, Population: 14276 | Fuzzy match: 26.66666666666667
2025-08-19 17:02:13,251 INFO Comparing database entry: south-west england with Brackley returned from geonames.
2025-08-19 17:02:13,251 INFO 📄 Index 1 | Name: Brackley | fcl: P, fcode: PPL | ADM1: England, ADM2: West Northamptonshire, ADM3: South Northamptonshire District, ADM4: Brackley | Latitude: 52.03333, Longitude: -1.15 | Score: 31.17, Population: 13018 | Fuzzy match: 15.384615384615385
2025-08-19 17:02:13,251 INFO Comparing database entry: south-west england with Silverstone returned from geonames.
2025-08-19 17:02:13,251 INFO 📄 Index 2 | Name: Silverstone | fcl: P, fcode: PPL | ADM1: England, ADM2: West Northamptonshire, ADM3: South Northamptonshire District, ADM4: Silverstone | Latitude: 52.09216, Longitude: -1.02602 | Score: 31.17, Population: 1907 | Fuzzy match: 27.586206896551722
2025-08-19 17:02:13,251 INFO Comparing database entry: south-west england with South Harting returned from geonames.
2025-08-19 17:02:13,251 INFO 📄 Index 3 | Name: South Harting | fcl: P, fcode: PPL | ADM1: England, ADM2: West Sussex, ADM3: Chichester District, ADM4: Harting | Latitude: 50.96924, Longitude: -0.88388 | Score: 27.58, Population: 1087 | Fuzzy match: 51.61290322580645
2025-08-19 17:02:13,431 INFO Comparing database entry: south-west england with West Wickham returned from geonames.
2025-08-19 17:02:13,431 INFO 📄 Index 0 | Name: West Wickham | fcl: P, fcode: PPL | ADM1: England, ADM2: Greater London, ADM3: Bromley, ADM4:  | Latitude: 51.36667, Longitude: -0.01667 | Score: 31.41, Population: 14276 | Fuzzy match: 26.66666666666667
2025-08-19 17:02:13,431 INFO Comparing database entry: south-west england with Brackley returned from geonames.
2025-08-19 17:02:13,431 INFO 📄 Index 1 | Name: Brackley | fcl: P, fcode: PPL | ADM1: England, ADM2: West Northamptonshire, ADM3: South Northamptonshire District, ADM4: Brackley | Latitude: 52.03333, Longitude: -1.15 | Score: 31.17, Population: 13018 | Fuzzy match: 15.384615384615385
2025-08-19 17:02:13,432 INFO Comparing database entry: south-west england with Silverstone returned from geonames.
2025-08-19 17:02:13,432 INFO 📄 Index 2 | Name: Silverstone | fcl: P, fcode: PPL | ADM1: England, ADM2: West Northamptonshire, ADM3: South Northamptonshire District, ADM4: Silverstone | Latitude: 52.09216, Longitude: -1.02602 | Score: 31.17, Population: 1907 | Fuzzy match: 27.586206896551722
2025-08-19 17:02:13,432 INFO Comparing database entry: south-west england with South Harting returned from geonames.
2025-08-19 17:02:13,432 INFO 📄 Index 3 | Name: South Harting | fcl: P, fcode: PPL | ADM1: England, ADM2: West Sussex, ADM3: Chichester District, ADM4: Harting | Latitude: 50.96924, Longitude: -0.88388 | Score: 27.58, Population: 1087 | Fuzzy match: 51.61290322580645
2025-08-19 17:02:13,588 INFO Comparing database entry: south-west england with West Wickham returned from geonames.
2025-08-19 17:02:13,589 INFO 📄 Index 0 | Name: West Wickham | fcl: P, fcode: PPL | ADM1: England, ADM2: Greater London, ADM3: Bromley, ADM4:  | Latitude: 51.36667, Longitude: -0.01667 | Score: 31.41, Population: 14276 | Fuzzy match: 26.66666666666667
2025-08-19 17:02:13,589 INFO Comparing database entry: south-west england with Brackley returned from geonames.
2025-08-19 17:02:13,589 INFO 📄 Index 1 | Name: Brackley | fcl: P, fcode: PPL | ADM1: England, ADM2: West Northamptonshire, ADM3: South Northamptonshire District, ADM4: Brackley | Latitude: 52.03333, Longitude: -1.15 | Score: 31.17, Population: 13018 | Fuzzy match: 15.384615384615385
2025-08-19 17:02:13,589 INFO Comparing database entry: south-west england with Silverstone returned from geonames.
2025-08-19 17:02:13,589 INFO 📄 Index 2 | Name: Silverstone | fcl: P, fcode: PPL | ADM1: England, ADM2: West Northamptonshire, ADM3: South Northamptonshire District, ADM4: Silverstone | Latitude: 52.09216, Longitude: -1.02602 | Score: 31.17, Population: 1907 | Fuzzy match: 27.586206896551722
2025-08-19 17:02:13,589 INFO Comparing database entry: south-west england with South Harting returned from geonames.
2025-08-19 17:02:13,589 INFO 📄 Index 3 | Name: South Harting | fcl: P, fcode: PPL | ADM1: England, ADM2: West Sussex, ADM3: Chichester District, ADM4: Harting | Latitude: 50.96924, Longitude: -0.88388 | Score: 27.58, Population: 1087 | Fuzzy match: 51.61290322580645
2025-08-19 17:02:13,589 WARNING ❌ No match found with fuzzy score > 80 for city: south-west england
2025-08-19 17:02:13,589 WARNING ❌ Lookup failed for city='southwest_england', iso2='GB'
