2025-08-19 17:02:13,759 INFO 🗺️ Starting GeoNames lookup for city='staffordshire', country='united kingdom'
2025-08-19 17:02:13,759 INFO 📍 Location is present in the following articles: [ObjectId('68409fc6c202c40b602d377e')]
2025-08-19 17:02:13,924 INFO Comparing database entry: staffordshire with Burton-on-Trent returned from geonames.
2025-08-19 17:02:13,924 INFO 📄 Index 0 | Name: Burton-on-Trent | fcl: P, fcode: PPL | ADM1: England, ADM2: Staffordshire, ADM3: East Staffordshire, ADM4: Shobnall | Latitude: 52.80728, Longitude: -1.64263 | Score: 54.40, Population: 122199 | Fuzzy match: 28.57142857142857
2025-08-19 17:02:13,924 INFO Comparing database entry: staffordshire with Cannock returned from geonames.
2025-08-19 17:02:13,924 INFO 📄 Index 1 | Name: Cannock | fcl: P, fcode: PPL | ADM1: England, ADM2: Staffordshire, ADM3: Cannock Chase, ADM4:  | Latitude: 52.69045, Longitude: -2.03085 | Score: 51.63, Population: 86121 | Fuzzy match: 19.999999999999996
2025-08-19 17:02:13,924 INFO Comparing database entry: staffordshire with Newcastle-under-Lyme returned from geonames.
2025-08-19 17:02:13,924 INFO 📄 Index 2 | Name: Newcastle-under-Lyme | fcl: P, fcode: PPL | ADM1: England, ADM2: Staffordshire, ADM3: Newcastle-under-Lyme District, ADM4:  | Latitude: 53, Longitude: -2.23333 | Score: 51.63, Population: 129441 | Fuzzy match: 30.303030303030297
2025-08-19 17:02:13,924 INFO Comparing database entry: staffordshire with Tamworth returned from geonames.
2025-08-19 17:02:13,924 INFO 📄 Index 3 | Name: Tamworth | fcl: P, fcode: PPL | ADM1: England, ADM2: Staffordshire, ADM3: Tamworth District, ADM4:  | Latitude: 52.63399, Longitude: -1.69587 | Score: 51.63, Population: 81964 | Fuzzy match: 47.61904761904761
2025-08-19 17:02:14,072 INFO Comparing database entry: staffordshire with Burton-on-Trent returned from geonames.
2025-08-19 17:02:14,072 INFO 📄 Index 0 | Name: Burton-on-Trent | fcl: P, fcode: PPL | ADM1: England, ADM2: Staffordshire, ADM3: East Staffordshire, ADM4: Shobnall | Latitude: 52.80728, Longitude: -1.64263 | Score: 54.40, Population: 122199 | Fuzzy match: 28.57142857142857
2025-08-19 17:02:14,072 INFO Comparing database entry: staffordshire with Cannock returned from geonames.
2025-08-19 17:02:14,072 INFO 📄 Index 1 | Name: Cannock | fcl: P, fcode: PPL | ADM1: England, ADM2: Staffordshire, ADM3: Cannock Chase, ADM4:  | Latitude: 52.69045, Longitude: -2.03085 | Score: 51.63, Population: 86121 | Fuzzy match: 19.999999999999996
2025-08-19 17:02:14,072 INFO Comparing database entry: staffordshire with Newcastle-under-Lyme returned from geonames.
2025-08-19 17:02:14,072 INFO 📄 Index 2 | Name: Newcastle-under-Lyme | fcl: P, fcode: PPL | ADM1: England, ADM2: Staffordshire, ADM3: Newcastle-under-Lyme District, ADM4:  | Latitude: 53, Longitude: -2.23333 | Score: 51.63, Population: 129441 | Fuzzy match: 30.303030303030297
2025-08-19 17:02:14,072 INFO Comparing database entry: staffordshire with Tamworth returned from geonames.
2025-08-19 17:02:14,072 INFO 📄 Index 3 | Name: Tamworth | fcl: P, fcode: PPL | ADM1: England, ADM2: Staffordshire, ADM3: Tamworth District, ADM4:  | Latitude: 52.63399, Longitude: -1.69587 | Score: 51.63, Population: 81964 | Fuzzy match: 47.61904761904761
2025-08-19 17:02:14,246 INFO Comparing database entry: staffordshire with Burton-on-Trent returned from geonames.
2025-08-19 17:02:14,247 INFO 📄 Index 0 | Name: Burton-on-Trent | fcl: P, fcode: PPL | ADM1: England, ADM2: Staffordshire, ADM3: East Staffordshire, ADM4: Shobnall | Latitude: 52.80728, Longitude: -1.64263 | Score: 54.40, Population: 122199 | Fuzzy match: 28.57142857142857
2025-08-19 17:02:14,247 INFO Comparing database entry: staffordshire with Cannock returned from geonames.
2025-08-19 17:02:14,247 INFO 📄 Index 1 | Name: Cannock | fcl: P, fcode: PPL | ADM1: England, ADM2: Staffordshire, ADM3: Cannock Chase, ADM4:  | Latitude: 52.69045, Longitude: -2.03085 | Score: 51.63, Population: 86121 | Fuzzy match: 19.999999999999996
2025-08-19 17:02:14,247 INFO Comparing database entry: staffordshire with Newcastle-under-Lyme returned from geonames.
2025-08-19 17:02:14,247 INFO 📄 Index 2 | Name: Newcastle-under-Lyme | fcl: P, fcode: PPL | ADM1: England, ADM2: Staffordshire, ADM3: Newcastle-under-Lyme District, ADM4:  | Latitude: 53, Longitude: -2.23333 | Score: 51.63, Population: 129441 | Fuzzy match: 30.303030303030297
2025-08-19 17:02:14,247 INFO Comparing database entry: staffordshire with Tamworth returned from geonames.
2025-08-19 17:02:14,247 INFO 📄 Index 3 | Name: Tamworth | fcl: P, fcode: PPL | ADM1: England, ADM2: Staffordshire, ADM3: Tamworth District, ADM4:  | Latitude: 52.63399, Longitude: -1.69587 | Score: 51.63, Population: 81964 | Fuzzy match: 47.61904761904761
2025-08-19 17:02:14,411 INFO Comparing database entry: staffordshire with Burton-on-Trent returned from geonames.
2025-08-19 17:02:14,411 INFO 📄 Index 0 | Name: Burton-on-Trent | fcl: P, fcode: PPL | ADM1: England, ADM2: Staffordshire, ADM3: East Staffordshire, ADM4: Shobnall | Latitude: 52.80728, Longitude: -1.64263 | Score: 54.40, Population: 122199 | Fuzzy match: 28.57142857142857
2025-08-19 17:02:14,411 INFO Comparing database entry: staffordshire with Cannock returned from geonames.
2025-08-19 17:02:14,412 INFO 📄 Index 1 | Name: Cannock | fcl: P, fcode: PPL | ADM1: England, ADM2: Staffordshire, ADM3: Cannock Chase, ADM4:  | Latitude: 52.69045, Longitude: -2.03085 | Score: 51.63, Population: 86121 | Fuzzy match: 19.999999999999996
2025-08-19 17:02:14,412 INFO Comparing database entry: staffordshire with Newcastle-under-Lyme returned from geonames.
2025-08-19 17:02:14,412 INFO 📄 Index 2 | Name: Newcastle-under-Lyme | fcl: P, fcode: PPL | ADM1: England, ADM2: Staffordshire, ADM3: Newcastle-under-Lyme District, ADM4:  | Latitude: 53, Longitude: -2.23333 | Score: 51.63, Population: 129441 | Fuzzy match: 30.303030303030297
2025-08-19 17:02:14,412 INFO Comparing database entry: staffordshire with Tamworth returned from geonames.
2025-08-19 17:02:14,412 INFO 📄 Index 3 | Name: Tamworth | fcl: P, fcode: PPL | ADM1: England, ADM2: Staffordshire, ADM3: Tamworth District, ADM4:  | Latitude: 52.63399, Longitude: -1.69587 | Score: 51.63, Population: 81964 | Fuzzy match: 47.61904761904761
2025-08-19 17:02:14,543 INFO Comparing database entry: staffordshire with Burton-on-Trent returned from geonames.
2025-08-19 17:02:14,543 INFO 📄 Index 0 | Name: Burton-on-Trent | fcl: P, fcode: PPL | ADM1: England, ADM2: Staffordshire, ADM3: East Staffordshire, ADM4: Shobnall | Latitude: 52.80728, Longitude: -1.64263 | Score: 54.40, Population: 122199 | Fuzzy match: 28.57142857142857
2025-08-19 17:02:14,544 INFO Comparing database entry: staffordshire with Cannock returned from geonames.
2025-08-19 17:02:14,544 INFO 📄 Index 1 | Name: Cannock | fcl: P, fcode: PPL | ADM1: England, ADM2: Staffordshire, ADM3: Cannock Chase, ADM4:  | Latitude: 52.69045, Longitude: -2.03085 | Score: 51.63, Population: 86121 | Fuzzy match: 19.999999999999996
2025-08-19 17:02:14,544 INFO Comparing database entry: staffordshire with Newcastle-under-Lyme returned from geonames.
2025-08-19 17:02:14,544 INFO 📄 Index 2 | Name: Newcastle-under-Lyme | fcl: P, fcode: PPL | ADM1: England, ADM2: Staffordshire, ADM3: Newcastle-under-Lyme District, ADM4:  | Latitude: 53, Longitude: -2.23333 | Score: 51.63, Population: 129441 | Fuzzy match: 30.303030303030297
2025-08-19 17:02:14,544 INFO Comparing database entry: staffordshire with Tamworth returned from geonames.
2025-08-19 17:02:14,544 INFO 📄 Index 3 | Name: Tamworth | fcl: P, fcode: PPL | ADM1: England, ADM2: Staffordshire, ADM3: Tamworth District, ADM4:  | Latitude: 52.63399, Longitude: -1.69587 | Score: 51.63, Population: 81964 | Fuzzy match: 47.61904761904761
2025-08-19 17:02:14,686 INFO Comparing database entry: staffordshire with Burton-on-Trent returned from geonames.
2025-08-19 17:02:14,686 INFO 📄 Index 0 | Name: Burton-on-Trent | fcl: P, fcode: PPL | ADM1: England, ADM2: Staffordshire, ADM3: East Staffordshire, ADM4: Shobnall | Latitude: 52.80728, Longitude: -1.64263 | Score: 54.40, Population: 122199 | Fuzzy match: 28.57142857142857
2025-08-19 17:02:14,686 INFO Comparing database entry: staffordshire with Cannock returned from geonames.
2025-08-19 17:02:14,686 INFO 📄 Index 1 | Name: Cannock | fcl: P, fcode: PPL | ADM1: England, ADM2: Staffordshire, ADM3: Cannock Chase, ADM4:  | Latitude: 52.69045, Longitude: -2.03085 | Score: 51.63, Population: 86121 | Fuzzy match: 19.999999999999996
2025-08-19 17:02:14,686 INFO Comparing database entry: staffordshire with Newcastle-under-Lyme returned from geonames.
2025-08-19 17:02:14,686 INFO 📄 Index 2 | Name: Newcastle-under-Lyme | fcl: P, fcode: PPL | ADM1: England, ADM2: Staffordshire, ADM3: Newcastle-under-Lyme District, ADM4:  | Latitude: 53, Longitude: -2.23333 | Score: 51.63, Population: 129441 | Fuzzy match: 30.303030303030297
2025-08-19 17:02:14,686 INFO Comparing database entry: staffordshire with Tamworth returned from geonames.
2025-08-19 17:02:14,687 INFO 📄 Index 3 | Name: Tamworth | fcl: P, fcode: PPL | ADM1: England, ADM2: Staffordshire, ADM3: Tamworth District, ADM4:  | Latitude: 52.63399, Longitude: -1.69587 | Score: 51.63, Population: 81964 | Fuzzy match: 47.61904761904761
2025-08-19 17:02:14,687 WARNING ❌ No match found with fuzzy score > 80 for city: staffordshire
2025-08-19 17:02:14,687 WARNING ❌ Lookup failed for city='staffordshire', iso2='GB'
