2025-08-18 16:00:25,393 INFO 🗺️ Starting GeoNames lookup for city='south staffordshire', country='united kingdom'
2025-08-18 16:00:25,393 INFO 📍 Location is present in the following articles: [ObjectId('67fa9a3aeaa4fb525afef9a6')]
2025-08-18 16:00:25,619 INFO Comparing database entry: south staffordshire with Codsall returned from geonames.
2025-08-18 16:00:25,619 INFO 📄 Index 0 | Name: Codsall | fcl: P, fcode: PPL | ADM1: England, ADM2: Staffordshire, ADM3: South Staffordshire District, ADM4: Codsall | Score: 30.97, Population: 11673 | Fuzzy match: 23.076923076923073
2025-08-18 16:00:25,619 INFO Comparing database entry: south staffordshire with Featherstone returned from geonames.
2025-08-18 16:00:25,619 INFO 📄 Index 1 | Name: Featherstone | fcl: P, fcode: PPL | ADM1: England, ADM2: Staffordshire, ADM3: South Staffordshire District, ADM4: Featherstone | Score: 30.97, Population: 14175 | Fuzzy match: 38.70967741935484
2025-08-18 16:00:25,619 INFO Comparing database entry: south staffordshire with Coven returned from geonames.
2025-08-18 16:00:25,619 INFO 📄 Index 2 | Name: Coven | fcl: P, fcode: PPL | ADM1: England, ADM2: Staffordshire, ADM3: South Staffordshire District, ADM4: Brewood and Coven | Score: 30.97, Population: 2694 | Fuzzy match: 16.666666666666664
2025-08-18 16:00:25,619 INFO Comparing database entry: south staffordshire with Brewood returned from geonames.
2025-08-18 16:00:25,619 INFO 📄 Index 3 | Name: Brewood | fcl: P, fcode: PPL | ADM1: England, ADM2: Staffordshire, ADM3: South Staffordshire District, ADM4: Brewood and Coven | Score: 26.94, Population: 2614 | Fuzzy match: 23.076923076923073
2025-08-18 16:00:25,768 INFO Comparing database entry: south staffordshire with Codsall returned from geonames.
2025-08-18 16:00:25,769 INFO 📄 Index 0 | Name: Codsall | fcl: P, fcode: PPL | ADM1: England, ADM2: Staffordshire, ADM3: South Staffordshire District, ADM4: Codsall | Score: 30.97, Population: 11673 | Fuzzy match: 23.076923076923073
2025-08-18 16:00:25,769 INFO Comparing database entry: south staffordshire with Featherstone returned from geonames.
2025-08-18 16:00:25,769 INFO 📄 Index 1 | Name: Featherstone | fcl: P, fcode: PPL | ADM1: England, ADM2: Staffordshire, ADM3: South Staffordshire District, ADM4: Featherstone | Score: 30.97, Population: 14175 | Fuzzy match: 38.70967741935484
2025-08-18 16:00:25,769 INFO Comparing database entry: south staffordshire with Coven returned from geonames.
2025-08-18 16:00:25,769 INFO 📄 Index 2 | Name: Coven | fcl: P, fcode: PPL | ADM1: England, ADM2: Staffordshire, ADM3: South Staffordshire District, ADM4: Brewood and Coven | Score: 30.97, Population: 2694 | Fuzzy match: 16.666666666666664
2025-08-18 16:00:25,769 INFO Comparing database entry: south staffordshire with Brewood returned from geonames.
2025-08-18 16:00:25,769 INFO 📄 Index 3 | Name: Brewood | fcl: P, fcode: PPL | ADM1: England, ADM2: Staffordshire, ADM3: South Staffordshire District, ADM4: Brewood and Coven | Score: 26.94, Population: 2614 | Fuzzy match: 23.076923076923073
2025-08-18 16:00:25,922 INFO Comparing database entry: south staffordshire with Codsall returned from geonames.
2025-08-18 16:00:25,922 INFO 📄 Index 0 | Name: Codsall | fcl: P, fcode: PPL | ADM1: England, ADM2: Staffordshire, ADM3: South Staffordshire District, ADM4: Codsall | Score: 30.97, Population: 11673 | Fuzzy match: 23.076923076923073
2025-08-18 16:00:25,922 INFO Comparing database entry: south staffordshire with Featherstone returned from geonames.
2025-08-18 16:00:25,922 INFO 📄 Index 1 | Name: Featherstone | fcl: P, fcode: PPL | ADM1: England, ADM2: Staffordshire, ADM3: South Staffordshire District, ADM4: Featherstone | Score: 30.97, Population: 14175 | Fuzzy match: 38.70967741935484
2025-08-18 16:00:25,922 INFO Comparing database entry: south staffordshire with Coven returned from geonames.
2025-08-18 16:00:25,922 INFO 📄 Index 2 | Name: Coven | fcl: P, fcode: PPL | ADM1: England, ADM2: Staffordshire, ADM3: South Staffordshire District, ADM4: Brewood and Coven | Score: 30.97, Population: 2694 | Fuzzy match: 16.666666666666664
2025-08-18 16:00:25,922 INFO Comparing database entry: south staffordshire with Brewood returned from geonames.
2025-08-18 16:00:25,922 INFO 📄 Index 3 | Name: Brewood | fcl: P, fcode: PPL | ADM1: England, ADM2: Staffordshire, ADM3: South Staffordshire District, ADM4: Brewood and Coven | Score: 26.94, Population: 2614 | Fuzzy match: 23.076923076923073
2025-08-18 16:00:26,115 INFO Comparing database entry: south staffordshire with Codsall returned from geonames.
2025-08-18 16:00:26,115 INFO 📄 Index 0 | Name: Codsall | fcl: P, fcode: PPL | ADM1: England, ADM2: Staffordshire, ADM3: South Staffordshire District, ADM4: Codsall | Score: 30.97, Population: 11673 | Fuzzy match: 23.076923076923073
2025-08-18 16:00:26,115 INFO Comparing database entry: south staffordshire with Featherstone returned from geonames.
2025-08-18 16:00:26,116 INFO 📄 Index 1 | Name: Featherstone | fcl: P, fcode: PPL | ADM1: England, ADM2: Staffordshire, ADM3: South Staffordshire District, ADM4: Featherstone | Score: 30.97, Population: 14175 | Fuzzy match: 38.70967741935484
2025-08-18 16:00:26,116 INFO Comparing database entry: south staffordshire with Coven returned from geonames.
2025-08-18 16:00:26,116 INFO 📄 Index 2 | Name: Coven | fcl: P, fcode: PPL | ADM1: England, ADM2: Staffordshire, ADM3: South Staffordshire District, ADM4: Brewood and Coven | Score: 30.97, Population: 2694 | Fuzzy match: 16.666666666666664
2025-08-18 16:00:26,116 INFO Comparing database entry: south staffordshire with Brewood returned from geonames.
2025-08-18 16:00:26,116 INFO 📄 Index 3 | Name: Brewood | fcl: P, fcode: PPL | ADM1: England, ADM2: Staffordshire, ADM3: South Staffordshire District, ADM4: Brewood and Coven | Score: 26.94, Population: 2614 | Fuzzy match: 23.076923076923073
2025-08-18 16:00:26,302 INFO Comparing database entry: south staffordshire with Codsall returned from geonames.
2025-08-18 16:00:26,302 INFO 📄 Index 0 | Name: Codsall | fcl: P, fcode: PPL | ADM1: England, ADM2: Staffordshire, ADM3: South Staffordshire District, ADM4: Codsall | Score: 30.97, Population: 11673 | Fuzzy match: 23.076923076923073
2025-08-18 16:00:26,302 INFO Comparing database entry: south staffordshire with Featherstone returned from geonames.
2025-08-18 16:00:26,302 INFO 📄 Index 1 | Name: Featherstone | fcl: P, fcode: PPL | ADM1: England, ADM2: Staffordshire, ADM3: South Staffordshire District, ADM4: Featherstone | Score: 30.97, Population: 14175 | Fuzzy match: 38.70967741935484
2025-08-18 16:00:26,302 INFO Comparing database entry: south staffordshire with Coven returned from geonames.
2025-08-18 16:00:26,302 INFO 📄 Index 2 | Name: Coven | fcl: P, fcode: PPL | ADM1: England, ADM2: Staffordshire, ADM3: South Staffordshire District, ADM4: Brewood and Coven | Score: 30.97, Population: 2694 | Fuzzy match: 16.666666666666664
2025-08-18 16:00:26,302 INFO Comparing database entry: south staffordshire with Brewood returned from geonames.
2025-08-18 16:00:26,302 INFO 📄 Index 3 | Name: Brewood | fcl: P, fcode: PPL | ADM1: England, ADM2: Staffordshire, ADM3: South Staffordshire District, ADM4: Brewood and Coven | Score: 26.94, Population: 2614 | Fuzzy match: 23.076923076923073
2025-08-18 16:00:26,463 INFO Comparing database entry: south staffordshire with Codsall returned from geonames.
2025-08-18 16:00:26,464 INFO 📄 Index 0 | Name: Codsall | fcl: P, fcode: PPL | ADM1: England, ADM2: Staffordshire, ADM3: South Staffordshire District, ADM4: Codsall | Score: 30.97, Population: 11673 | Fuzzy match: 23.076923076923073
2025-08-18 16:00:26,464 INFO Comparing database entry: south staffordshire with Featherstone returned from geonames.
2025-08-18 16:00:26,464 INFO 📄 Index 1 | Name: Featherstone | fcl: P, fcode: PPL | ADM1: England, ADM2: Staffordshire, ADM3: South Staffordshire District, ADM4: Featherstone | Score: 30.97, Population: 14175 | Fuzzy match: 38.70967741935484
2025-08-18 16:00:26,464 INFO Comparing database entry: south staffordshire with Coven returned from geonames.
2025-08-18 16:00:26,464 INFO 📄 Index 2 | Name: Coven | fcl: P, fcode: PPL | ADM1: England, ADM2: Staffordshire, ADM3: South Staffordshire District, ADM4: Brewood and Coven | Score: 30.97, Population: 2694 | Fuzzy match: 16.666666666666664
2025-08-18 16:00:26,464 INFO Comparing database entry: south staffordshire with Brewood returned from geonames.
2025-08-18 16:00:26,464 INFO 📄 Index 3 | Name: Brewood | fcl: P, fcode: PPL | ADM1: England, ADM2: Staffordshire, ADM3: South Staffordshire District, ADM4: Brewood and Coven | Score: 26.94, Population: 2614 | Fuzzy match: 23.076923076923073
2025-08-18 16:00:26,464 WARNING ❌ No match found with fuzzy score > 80 for city: south staffordshire
2025-08-18 16:00:26,464 WARNING ❌ Lookup failed for city='south_staffordshire', iso2='GB'
