2025-08-18 19:06:27,120 INFO 🗺️ Starting GeoNames lookup for city='shetland', country='united kingdom'
2025-08-18 19:06:27,120 INFO 📍 Location is present in the following articles: [ObjectId('689b13ead530644d137681cc')]
2025-08-18 19:06:27,307 INFO Comparing database entry: shetland with Shetland Islands returned from geonames.
2025-08-18 19:06:27,308 INFO 📄 Index 0 | Name: Shetland Islands | fcl: A, fcode: ADM2 | ADM1: Scotland, ADM2: Shetland Islands, ADM3: , ADM4:  | Score: 46.18, Population: 22920 | Fuzzy match: 66.66666666666667
2025-08-18 19:06:27,308 INFO Comparing database entry: shetland with Lerwick returned from geonames.
2025-08-18 19:06:27,308 INFO 📄 Index 1 | Name: Lerwick | fcl: P, fcode: PPLA2 | ADM1: Scotland, ADM2: Shetland Islands, ADM3: , ADM4:  | Score: 41.04, Population: 6760 | Fuzzy match: 13.33333333333333
2025-08-18 19:06:27,308 INFO Comparing database entry: shetland with Scalloway returned from geonames.
2025-08-18 19:06:27,308 INFO 📄 Index 2 | Name: Scalloway | fcl: P, fcode: PPL | ADM1: Scotland, ADM2: Shetland Islands, ADM3: , ADM4:  | Score: 28.91, Population: 1100 | Fuzzy match: 35.29411764705882
2025-08-18 19:06:27,308 INFO Comparing database entry: shetland with Sandwick returned from geonames.
2025-08-18 19:06:27,308 INFO 📄 Index 3 | Name: Sandwick | fcl: P, fcode: PPL | ADM1: Scotland, ADM2: Shetland Islands, ADM3: , ADM4:  | Score: 28.91, Population: 1217 | Fuzzy match: 50.0
2025-08-18 19:06:27,501 INFO Comparing database entry: shetland with Shetland Islands returned from geonames.
2025-08-18 19:06:27,501 INFO 📄 Index 0 | Name: Shetland Islands | fcl: A, fcode: ADM2 | ADM1: Scotland, ADM2: Shetland Islands, ADM3: , ADM4:  | Score: 46.18, Population: 22920 | Fuzzy match: 66.66666666666667
2025-08-18 19:06:27,501 INFO Comparing database entry: shetland with Lerwick returned from geonames.
2025-08-18 19:06:27,502 INFO 📄 Index 1 | Name: Lerwick | fcl: P, fcode: PPLA2 | ADM1: Scotland, ADM2: Shetland Islands, ADM3: , ADM4:  | Score: 41.04, Population: 6760 | Fuzzy match: 13.33333333333333
2025-08-18 19:06:27,502 INFO Comparing database entry: shetland with Scalloway returned from geonames.
2025-08-18 19:06:27,502 INFO 📄 Index 2 | Name: Scalloway | fcl: P, fcode: PPL | ADM1: Scotland, ADM2: Shetland Islands, ADM3: , ADM4:  | Score: 28.91, Population: 1100 | Fuzzy match: 35.29411764705882
2025-08-18 19:06:27,502 INFO Comparing database entry: shetland with Sandwick returned from geonames.
2025-08-18 19:06:27,502 INFO 📄 Index 3 | Name: Sandwick | fcl: P, fcode: PPL | ADM1: Scotland, ADM2: Shetland Islands, ADM3: , ADM4:  | Score: 28.91, Population: 1217 | Fuzzy match: 50.0
2025-08-18 19:06:27,718 INFO Comparing database entry: shetland with Shetland Islands returned from geonames.
2025-08-18 19:06:27,718 INFO 📄 Index 0 | Name: Shetland Islands | fcl: A, fcode: ADM2 | ADM1: Scotland, ADM2: Shetland Islands, ADM3: , ADM4:  | Score: 46.18, Population: 22920 | Fuzzy match: 66.66666666666667
2025-08-18 19:06:27,718 INFO Comparing database entry: shetland with Lerwick returned from geonames.
2025-08-18 19:06:27,718 INFO 📄 Index 1 | Name: Lerwick | fcl: P, fcode: PPLA2 | ADM1: Scotland, ADM2: Shetland Islands, ADM3: , ADM4:  | Score: 41.04, Population: 6760 | Fuzzy match: 13.33333333333333
2025-08-18 19:06:27,718 INFO Comparing database entry: shetland with Scalloway returned from geonames.
2025-08-18 19:06:27,719 INFO 📄 Index 2 | Name: Scalloway | fcl: P, fcode: PPL | ADM1: Scotland, ADM2: Shetland Islands, ADM3: , ADM4:  | Score: 28.91, Population: 1100 | Fuzzy match: 35.29411764705882
2025-08-18 19:06:27,719 INFO Comparing database entry: shetland with Sandwick returned from geonames.
2025-08-18 19:06:27,719 INFO 📄 Index 3 | Name: Sandwick | fcl: P, fcode: PPL | ADM1: Scotland, ADM2: Shetland Islands, ADM3: , ADM4:  | Score: 28.91, Population: 1217 | Fuzzy match: 50.0
2025-08-18 19:06:27,886 INFO Comparing database entry: shetland with Shetland Islands returned from geonames.
2025-08-18 19:06:27,886 INFO 📄 Index 0 | Name: Shetland Islands | fcl: A, fcode: ADM2 | ADM1: Scotland, ADM2: Shetland Islands, ADM3: , ADM4:  | Score: 46.18, Population: 22920 | Fuzzy match: 66.66666666666667
2025-08-18 19:06:27,886 INFO Comparing database entry: shetland with Lerwick returned from geonames.
2025-08-18 19:06:27,886 INFO 📄 Index 1 | Name: Lerwick | fcl: P, fcode: PPLA2 | ADM1: Scotland, ADM2: Shetland Islands, ADM3: , ADM4:  | Score: 41.04, Population: 6760 | Fuzzy match: 13.33333333333333
2025-08-18 19:06:27,886 INFO Comparing database entry: shetland with Scalloway returned from geonames.
2025-08-18 19:06:27,887 INFO 📄 Index 2 | Name: Scalloway | fcl: P, fcode: PPL | ADM1: Scotland, ADM2: Shetland Islands, ADM3: , ADM4:  | Score: 28.91, Population: 1100 | Fuzzy match: 35.29411764705882
2025-08-18 19:06:27,887 INFO Comparing database entry: shetland with Sandwick returned from geonames.
2025-08-18 19:06:27,887 INFO 📄 Index 3 | Name: Sandwick | fcl: P, fcode: PPL | ADM1: Scotland, ADM2: Shetland Islands, ADM3: , ADM4:  | Score: 28.91, Population: 1217 | Fuzzy match: 50.0
2025-08-18 19:06:28,045 INFO Comparing database entry: shetland with Shetland Islands returned from geonames.
2025-08-18 19:06:28,046 INFO 📄 Index 0 | Name: Shetland Islands | fcl: A, fcode: ADM2 | ADM1: Scotland, ADM2: Shetland Islands, ADM3: , ADM4:  | Score: 46.18, Population: 22920 | Fuzzy match: 66.66666666666667
2025-08-18 19:06:28,046 INFO Comparing database entry: shetland with Lerwick returned from geonames.
2025-08-18 19:06:28,046 INFO 📄 Index 1 | Name: Lerwick | fcl: P, fcode: PPLA2 | ADM1: Scotland, ADM2: Shetland Islands, ADM3: , ADM4:  | Score: 41.04, Population: 6760 | Fuzzy match: 13.33333333333333
2025-08-18 19:06:28,046 INFO Comparing database entry: shetland with Scalloway returned from geonames.
2025-08-18 19:06:28,046 INFO 📄 Index 2 | Name: Scalloway | fcl: P, fcode: PPL | ADM1: Scotland, ADM2: Shetland Islands, ADM3: , ADM4:  | Score: 28.91, Population: 1100 | Fuzzy match: 35.29411764705882
2025-08-18 19:06:28,046 INFO Comparing database entry: shetland with Sandwick returned from geonames.
2025-08-18 19:06:28,046 INFO 📄 Index 3 | Name: Sandwick | fcl: P, fcode: PPL | ADM1: Scotland, ADM2: Shetland Islands, ADM3: , ADM4:  | Score: 28.91, Population: 1217 | Fuzzy match: 50.0
2025-08-18 19:06:28,202 INFO Comparing database entry: shetland with Shetland Islands returned from geonames.
2025-08-18 19:06:28,203 INFO 📄 Index 0 | Name: Shetland Islands | fcl: A, fcode: ADM2 | ADM1: Scotland, ADM2: Shetland Islands, ADM3: , ADM4:  | Score: 46.18, Population: 22920 | Fuzzy match: 66.66666666666667
2025-08-18 19:06:28,203 INFO Comparing database entry: shetland with Lerwick returned from geonames.
2025-08-18 19:06:28,203 INFO 📄 Index 1 | Name: Lerwick | fcl: P, fcode: PPLA2 | ADM1: Scotland, ADM2: Shetland Islands, ADM3: , ADM4:  | Score: 41.04, Population: 6760 | Fuzzy match: 13.33333333333333
2025-08-18 19:06:28,203 INFO Comparing database entry: shetland with Scalloway returned from geonames.
2025-08-18 19:06:28,203 INFO 📄 Index 2 | Name: Scalloway | fcl: P, fcode: PPL | ADM1: Scotland, ADM2: Shetland Islands, ADM3: , ADM4:  | Score: 28.91, Population: 1100 | Fuzzy match: 35.29411764705882
2025-08-18 19:06:28,203 INFO Comparing database entry: shetland with Sandwick returned from geonames.
2025-08-18 19:06:28,203 INFO 📄 Index 3 | Name: Sandwick | fcl: P, fcode: PPL | ADM1: Scotland, ADM2: Shetland Islands, ADM3: , ADM4:  | Score: 28.91, Population: 1217 | Fuzzy match: 50.0
2025-08-18 19:06:28,203 WARNING ❌ No match found with fuzzy score > 80 for city: shetland
2025-08-18 19:06:28,204 WARNING ❌ Lookup failed for city='shetland', iso2='GB'
