2025-08-17 16:44:54,568 INFO 🗺️ Starting GeoNames lookup for city='west yorkshire', country='england'
2025-08-17 16:44:54,569 INFO 📍 Location is present in the following articles: [ObjectId('67fa7df6eaa4fb525afebdd9')]
2025-08-17 16:44:54,760 INFO Comparing database entry: west yorkshire with Leeds returned from geonames.
2025-08-17 16:44:54,760 INFO 📄 Index 0 | Name: Leeds | fcl: P, fcode: PPLA2 | ADM1: England, ADM2: Leeds, ADM3: , ADM4:  | Score: 80.83, Population: 516298 | Fuzzy match: 21.052631578947366
2025-08-17 16:44:54,760 INFO Comparing database entry: west yorkshire with Bradford returned from geonames.
2025-08-17 16:44:54,760 INFO 📄 Index 1 | Name: Bradford | fcl: P, fcode: PPLA2 | ADM1: England, ADM2: Bradford, ADM3: , ADM4:  | Score: 55.25, Population: 366187 | Fuzzy match: 18.181818181818176
2025-08-17 16:44:54,760 INFO Comparing database entry: west yorkshire with Huddersfield returned from geonames.
2025-08-17 16:44:54,760 INFO 📄 Index 2 | Name: Huddersfield | fcl: P, fcode: PPLA2 | ADM1: England, ADM2: Kirklees, ADM3: Kirkburton, ADM4:  | Score: 47.30, Population: 149017 | Fuzzy match: 38.46153846153846
2025-08-17 16:44:54,760 INFO Comparing database entry: west yorkshire with Wakefield returned from geonames.
2025-08-17 16:44:54,761 INFO 📄 Index 3 | Name: Wakefield | fcl: P, fcode: PPLA2 | ADM1: England, ADM2: Wakefield, ADM3: , ADM4:  | Score: 47.30, Population: 109766 | Fuzzy match: 34.78260869565217
2025-08-17 16:44:54,921 INFO Comparing database entry: west yorkshire with Leeds returned from geonames.
2025-08-17 16:44:54,922 INFO 📄 Index 0 | Name: Leeds | fcl: P, fcode: PPLA2 | ADM1: England, ADM2: Leeds, ADM3: , ADM4:  | Score: 80.83, Population: 516298 | Fuzzy match: 21.052631578947366
2025-08-17 16:44:54,922 INFO Comparing database entry: west yorkshire with Bradford returned from geonames.
2025-08-17 16:44:54,922 INFO 📄 Index 1 | Name: Bradford | fcl: P, fcode: PPLA2 | ADM1: England, ADM2: Bradford, ADM3: , ADM4:  | Score: 55.25, Population: 366187 | Fuzzy match: 18.181818181818176
2025-08-17 16:44:54,922 INFO Comparing database entry: west yorkshire with Huddersfield returned from geonames.
2025-08-17 16:44:54,922 INFO 📄 Index 2 | Name: Huddersfield | fcl: P, fcode: PPLA2 | ADM1: England, ADM2: Kirklees, ADM3: Kirkburton, ADM4:  | Score: 47.30, Population: 149017 | Fuzzy match: 38.46153846153846
2025-08-17 16:44:54,922 INFO Comparing database entry: west yorkshire with Wakefield returned from geonames.
2025-08-17 16:44:54,922 INFO 📄 Index 3 | Name: Wakefield | fcl: P, fcode: PPLA2 | ADM1: England, ADM2: Wakefield, ADM3: , ADM4:  | Score: 47.30, Population: 109766 | Fuzzy match: 34.78260869565217
2025-08-17 16:44:55,087 INFO Comparing database entry: west yorkshire with Leeds returned from geonames.
2025-08-17 16:44:55,088 INFO 📄 Index 0 | Name: Leeds | fcl: P, fcode: PPLA2 | ADM1: England, ADM2: Leeds, ADM3: , ADM4:  | Score: 80.83, Population: 516298 | Fuzzy match: 21.052631578947366
2025-08-17 16:44:55,088 INFO Comparing database entry: west yorkshire with Bradford returned from geonames.
2025-08-17 16:44:55,088 INFO 📄 Index 1 | Name: Bradford | fcl: P, fcode: PPLA2 | ADM1: England, ADM2: Bradford, ADM3: , ADM4:  | Score: 55.25, Population: 366187 | Fuzzy match: 18.181818181818176
2025-08-17 16:44:55,088 INFO Comparing database entry: west yorkshire with Huddersfield returned from geonames.
2025-08-17 16:44:55,088 INFO 📄 Index 2 | Name: Huddersfield | fcl: P, fcode: PPLA2 | ADM1: England, ADM2: Kirklees, ADM3: Kirkburton, ADM4:  | Score: 47.30, Population: 149017 | Fuzzy match: 38.46153846153846
2025-08-17 16:44:55,088 INFO Comparing database entry: west yorkshire with Wakefield returned from geonames.
2025-08-17 16:44:55,088 INFO 📄 Index 3 | Name: Wakefield | fcl: P, fcode: PPLA2 | ADM1: England, ADM2: Wakefield, ADM3: , ADM4:  | Score: 47.30, Population: 109766 | Fuzzy match: 34.78260869565217
2025-08-17 16:44:55,240 INFO Comparing database entry: west yorkshire with Leeds returned from geonames.
2025-08-17 16:44:55,240 INFO 📄 Index 0 | Name: Leeds | fcl: P, fcode: PPLA2 | ADM1: England, ADM2: Leeds, ADM3: , ADM4:  | Score: 80.83, Population: 516298 | Fuzzy match: 21.052631578947366
2025-08-17 16:44:55,241 INFO Comparing database entry: west yorkshire with Bradford returned from geonames.
2025-08-17 16:44:55,241 INFO 📄 Index 1 | Name: Bradford | fcl: P, fcode: PPLA2 | ADM1: England, ADM2: Bradford, ADM3: , ADM4:  | Score: 55.25, Population: 366187 | Fuzzy match: 18.181818181818176
2025-08-17 16:44:55,241 INFO Comparing database entry: west yorkshire with Huddersfield returned from geonames.
2025-08-17 16:44:55,241 INFO 📄 Index 2 | Name: Huddersfield | fcl: P, fcode: PPLA2 | ADM1: England, ADM2: Kirklees, ADM3: Kirkburton, ADM4:  | Score: 47.30, Population: 149017 | Fuzzy match: 38.46153846153846
2025-08-17 16:44:55,241 INFO Comparing database entry: west yorkshire with Wakefield returned from geonames.
2025-08-17 16:44:55,241 INFO 📄 Index 3 | Name: Wakefield | fcl: P, fcode: PPLA2 | ADM1: England, ADM2: Wakefield, ADM3: , ADM4:  | Score: 47.30, Population: 109766 | Fuzzy match: 34.78260869565217
2025-08-17 16:44:55,392 INFO Comparing database entry: west yorkshire with Leeds returned from geonames.
2025-08-17 16:44:55,393 INFO 📄 Index 0 | Name: Leeds | fcl: P, fcode: PPLA2 | ADM1: England, ADM2: Leeds, ADM3: , ADM4:  | Score: 80.83, Population: 516298 | Fuzzy match: 21.052631578947366
2025-08-17 16:44:55,393 INFO Comparing database entry: west yorkshire with Bradford returned from geonames.
2025-08-17 16:44:55,393 INFO 📄 Index 1 | Name: Bradford | fcl: P, fcode: PPLA2 | ADM1: England, ADM2: Bradford, ADM3: , ADM4:  | Score: 55.25, Population: 366187 | Fuzzy match: 18.181818181818176
2025-08-17 16:44:55,393 INFO Comparing database entry: west yorkshire with Huddersfield returned from geonames.
2025-08-17 16:44:55,393 INFO 📄 Index 2 | Name: Huddersfield | fcl: P, fcode: PPLA2 | ADM1: England, ADM2: Kirklees, ADM3: Kirkburton, ADM4:  | Score: 47.30, Population: 149017 | Fuzzy match: 38.46153846153846
2025-08-17 16:44:55,393 INFO Comparing database entry: west yorkshire with Wakefield returned from geonames.
2025-08-17 16:44:55,393 INFO 📄 Index 3 | Name: Wakefield | fcl: P, fcode: PPLA2 | ADM1: England, ADM2: Wakefield, ADM3: , ADM4:  | Score: 47.30, Population: 109766 | Fuzzy match: 34.78260869565217
2025-08-17 16:44:55,587 INFO Comparing database entry: west yorkshire with Leeds returned from geonames.
2025-08-17 16:44:55,587 INFO 📄 Index 0 | Name: Leeds | fcl: P, fcode: PPLA2 | ADM1: England, ADM2: Leeds, ADM3: , ADM4:  | Score: 80.83, Population: 516298 | Fuzzy match: 21.052631578947366
2025-08-17 16:44:55,587 INFO Comparing database entry: west yorkshire with Bradford returned from geonames.
2025-08-17 16:44:55,587 INFO 📄 Index 1 | Name: Bradford | fcl: P, fcode: PPLA2 | ADM1: England, ADM2: Bradford, ADM3: , ADM4:  | Score: 55.25, Population: 366187 | Fuzzy match: 18.181818181818176
2025-08-17 16:44:55,587 INFO Comparing database entry: west yorkshire with Huddersfield returned from geonames.
2025-08-17 16:44:55,587 INFO 📄 Index 2 | Name: Huddersfield | fcl: P, fcode: PPLA2 | ADM1: England, ADM2: Kirklees, ADM3: Kirkburton, ADM4:  | Score: 47.30, Population: 149017 | Fuzzy match: 38.46153846153846
2025-08-17 16:44:55,587 INFO Comparing database entry: west yorkshire with Wakefield returned from geonames.
2025-08-17 16:44:55,587 INFO 📄 Index 3 | Name: Wakefield | fcl: P, fcode: PPLA2 | ADM1: England, ADM2: Wakefield, ADM3: , ADM4:  | Score: 47.30, Population: 109766 | Fuzzy match: 34.78260869565217
2025-08-17 16:44:55,587 WARNING ❌ No match found with fuzzy score > 80 for city: west yorkshire
2025-08-17 16:44:55,588 WARNING ❌ Lookup failed for city='west_yorkshire', iso2='GB'
