2025-08-19 17:04:45,623 INFO 🗺️ Starting GeoNames lookup for city='yell', country='united kingdom'
2025-08-19 17:04:45,623 INFO 📍 Location is present in the following articles: [ObjectId('689b13ead530644d137681cc')]
2025-08-19 17:04:45,786 INFO Comparing database entry: yell with Mid Yell returned from geonames.
2025-08-19 17:04:45,786 INFO 📄 Index 0 | Name: Mid Yell | fcl: P, fcode: PPL | ADM1: Scotland, ADM2: Shetland Islands, ADM3: , ADM4:  | Latitude: 60.6, Longitude: -1.06667 | Score: 21.18, Population: 0 | Fuzzy match: 66.66666666666667
2025-08-19 17:04:45,786 INFO Comparing database entry: yell with West Yell returned from geonames.
2025-08-19 17:04:45,786 INFO 📄 Index 1 | Name: West Yell | fcl: P, fcode: PPL | ADM1: Scotland, ADM2: Shetland Islands, ADM3: , ADM4:  | Latitude: 60.52893, Longitude: -1.17194 | Score: 10.59, Population: 0 | Fuzzy match: 61.53846153846154
2025-08-19 17:04:45,919 INFO Comparing database entry: yell with Mid Yell returned from geonames.
2025-08-19 17:04:45,919 INFO 📄 Index 0 | Name: Mid Yell | fcl: P, fcode: PPL | ADM1: Scotland, ADM2: Shetland Islands, ADM3: , ADM4:  | Latitude: 60.6, Longitude: -1.06667 | Score: 21.18, Population: 0 | Fuzzy match: 66.66666666666667
2025-08-19 17:04:45,919 INFO Comparing database entry: yell with West Yell returned from geonames.
2025-08-19 17:04:45,919 INFO 📄 Index 1 | Name: West Yell | fcl: P, fcode: PPL | ADM1: Scotland, ADM2: Shetland Islands, ADM3: , ADM4:  | Latitude: 60.52893, Longitude: -1.17194 | Score: 10.59, Population: 0 | Fuzzy match: 61.53846153846154
2025-08-19 17:04:46,059 INFO Comparing database entry: yell with Mid Yell returned from geonames.
2025-08-19 17:04:46,059 INFO 📄 Index 0 | Name: Mid Yell | fcl: P, fcode: PPL | ADM1: Scotland, ADM2: Shetland Islands, ADM3: , ADM4:  | Latitude: 60.6, Longitude: -1.06667 | Score: 21.18, Population: 0 | Fuzzy match: 66.66666666666667
2025-08-19 17:04:46,059 INFO Comparing database entry: yell with West Yell returned from geonames.
2025-08-19 17:04:46,059 INFO 📄 Index 1 | Name: West Yell | fcl: P, fcode: PPL | ADM1: Scotland, ADM2: Shetland Islands, ADM3: , ADM4:  | Latitude: 60.52893, Longitude: -1.17194 | Score: 10.59, Population: 0 | Fuzzy match: 61.53846153846154
2025-08-19 17:04:46,226 INFO Comparing database entry: yell with Mid Yell returned from geonames.
2025-08-19 17:04:46,226 INFO 📄 Index 0 | Name: Mid Yell | fcl: P, fcode: PPL | ADM1: Scotland, ADM2: Shetland Islands, ADM3: , ADM4:  | Latitude: 60.6, Longitude: -1.06667 | Score: 21.18, Population: 0 | Fuzzy match: 66.66666666666667
2025-08-19 17:04:46,226 INFO Comparing database entry: yell with West Yell returned from geonames.
2025-08-19 17:04:46,226 INFO 📄 Index 1 | Name: West Yell | fcl: P, fcode: PPL | ADM1: Scotland, ADM2: Shetland Islands, ADM3: , ADM4:  | Latitude: 60.52893, Longitude: -1.17194 | Score: 10.59, Population: 0 | Fuzzy match: 61.53846153846154
2025-08-19 17:04:46,452 INFO Comparing database entry: yell with Mid Yell returned from geonames.
2025-08-19 17:04:46,452 INFO 📄 Index 0 | Name: Mid Yell | fcl: P, fcode: PPL | ADM1: Scotland, ADM2: Shetland Islands, ADM3: , ADM4:  | Latitude: 60.6, Longitude: -1.06667 | Score: 21.18, Population: 0 | Fuzzy match: 66.66666666666667
2025-08-19 17:04:46,452 INFO Comparing database entry: yell with West Yell returned from geonames.
2025-08-19 17:04:46,452 INFO 📄 Index 1 | Name: West Yell | fcl: P, fcode: PPL | ADM1: Scotland, ADM2: Shetland Islands, ADM3: , ADM4:  | Latitude: 60.52893, Longitude: -1.17194 | Score: 10.59, Population: 0 | Fuzzy match: 61.53846153846154
2025-08-19 17:04:46,584 INFO Comparing database entry: yell with Mid Yell returned from geonames.
2025-08-19 17:04:46,585 INFO 📄 Index 0 | Name: Mid Yell | fcl: P, fcode: PPL | ADM1: Scotland, ADM2: Shetland Islands, ADM3: , ADM4:  | Latitude: 60.6, Longitude: -1.06667 | Score: 21.18, Population: 0 | Fuzzy match: 66.66666666666667
2025-08-19 17:04:46,585 INFO Comparing database entry: yell with West Yell returned from geonames.
2025-08-19 17:04:46,585 INFO 📄 Index 1 | Name: West Yell | fcl: P, fcode: PPL | ADM1: Scotland, ADM2: Shetland Islands, ADM3: , ADM4:  | Latitude: 60.52893, Longitude: -1.17194 | Score: 10.59, Population: 0 | Fuzzy match: 61.53846153846154
2025-08-19 17:04:46,585 WARNING ❌ No match found with fuzzy score > 80 for city: yell
2025-08-19 17:04:46,585 WARNING ❌ Lookup failed for city='yell', iso2='GB'
