2025-08-17 16:01:47,539 INFO 🗺️ Starting GeoNames lookup for city='patras', country='greece'
2025-08-17 16:01:47,539 INFO 📍 Location is present in the following articles: [ObjectId('67fa75f3eaa4fb525afeb14c')]
2025-08-17 16:01:47,713 INFO Comparing database entry: patras with Pátrai returned from geonames.
2025-08-17 16:01:47,714 INFO 📄 Index 0 | Name: Pátrai | fcl: P, fcode: PPLA | ADM1: West Greece, ADM2: Achaea, ADM3: Patras, ADM4:  | Score: 201.92, Population: 168034 | Fuzzy match: 66.66666666666667
2025-08-17 16:01:47,714 INFO Comparing database entry: patras with Paralia returned from geonames.
2025-08-17 16:01:47,714 INFO 📄 Index 1 | Name: Paralia | fcl: P, fcode: PPL | ADM1: West Greece, ADM2: Achaea, ADM3: Patras, ADM4:  | Score: 43.68, Population: 6336 | Fuzzy match: 61.53846153846154
2025-08-17 16:01:47,714 INFO Comparing database entry: patras with Aktaio returned from geonames.
2025-08-17 16:01:47,714 INFO 📄 Index 2 | Name: Aktaio | fcl: P, fcode: PPL | ADM1: West Greece, ADM2: Achaea, ADM3: Patras, ADM4:  | Score: 42.01, Population: 1494 | Fuzzy match: 50.0
2025-08-17 16:01:47,714 INFO Comparing database entry: patras with Roitika returned from geonames.
2025-08-17 16:01:47,714 INFO 📄 Index 3 | Name: Roitika | fcl: P, fcode: PPL | ADM1: West Greece, ADM2: Achaea, ADM3: Patras, ADM4:  | Score: 39.77, Population: 1288 | Fuzzy match: 30.76923076923077
2025-08-17 16:01:47,851 INFO Comparing database entry: patras with Pátrai returned from geonames.
2025-08-17 16:01:47,852 INFO 📄 Index 0 | Name: Pátrai | fcl: P, fcode: PPLA | ADM1: West Greece, ADM2: Achaea, ADM3: Patras, ADM4:  | Score: 201.92, Population: 168034 | Fuzzy match: 66.66666666666667
2025-08-17 16:01:47,852 INFO Comparing database entry: patras with Paralia returned from geonames.
2025-08-17 16:01:47,852 INFO 📄 Index 1 | Name: Paralia | fcl: P, fcode: PPL | ADM1: West Greece, ADM2: Achaea, ADM3: Patras, ADM4:  | Score: 43.68, Population: 6336 | Fuzzy match: 61.53846153846154
2025-08-17 16:01:47,852 INFO Comparing database entry: patras with Aktaio returned from geonames.
2025-08-17 16:01:47,852 INFO 📄 Index 2 | Name: Aktaio | fcl: P, fcode: PPL | ADM1: West Greece, ADM2: Achaea, ADM3: Patras, ADM4:  | Score: 42.01, Population: 1494 | Fuzzy match: 50.0
2025-08-17 16:01:47,852 INFO Comparing database entry: patras with Roitika returned from geonames.
2025-08-17 16:01:47,852 INFO 📄 Index 3 | Name: Roitika | fcl: P, fcode: PPL | ADM1: West Greece, ADM2: Achaea, ADM3: Patras, ADM4:  | Score: 39.77, Population: 1288 | Fuzzy match: 30.76923076923077
2025-08-17 16:01:47,999 INFO Comparing database entry: patras with Pátrai returned from geonames.
2025-08-17 16:01:48,000 INFO 📄 Index 0 | Name: Pátrai | fcl: P, fcode: PPLA | ADM1: West Greece, ADM2: Achaea, ADM3: Patras, ADM4:  | Score: 201.92, Population: 168034 | Fuzzy match: 66.66666666666667
2025-08-17 16:01:48,000 INFO Comparing database entry: patras with Paralia returned from geonames.
2025-08-17 16:01:48,000 INFO 📄 Index 1 | Name: Paralia | fcl: P, fcode: PPL | ADM1: West Greece, ADM2: Achaea, ADM3: Patras, ADM4:  | Score: 43.68, Population: 6336 | Fuzzy match: 61.53846153846154
2025-08-17 16:01:48,000 INFO Comparing database entry: patras with Aktaio returned from geonames.
2025-08-17 16:01:48,000 INFO 📄 Index 2 | Name: Aktaio | fcl: P, fcode: PPL | ADM1: West Greece, ADM2: Achaea, ADM3: Patras, ADM4:  | Score: 42.01, Population: 1494 | Fuzzy match: 50.0
2025-08-17 16:01:48,000 INFO Comparing database entry: patras with Roitika returned from geonames.
2025-08-17 16:01:48,000 INFO 📄 Index 3 | Name: Roitika | fcl: P, fcode: PPL | ADM1: West Greece, ADM2: Achaea, ADM3: Patras, ADM4:  | Score: 39.77, Population: 1288 | Fuzzy match: 30.76923076923077
2025-08-17 16:01:48,141 INFO Comparing database entry: patras with Pátrai returned from geonames.
2025-08-17 16:01:48,142 INFO 📄 Index 0 | Name: Pátrai | fcl: P, fcode: PPLA | ADM1: West Greece, ADM2: Achaea, ADM3: Patras, ADM4:  | Score: 201.92, Population: 168034 | Fuzzy match: 66.66666666666667
2025-08-17 16:01:48,142 INFO Comparing database entry: patras with Paralia returned from geonames.
2025-08-17 16:01:48,142 INFO 📄 Index 1 | Name: Paralia | fcl: P, fcode: PPL | ADM1: West Greece, ADM2: Achaea, ADM3: Patras, ADM4:  | Score: 43.68, Population: 6336 | Fuzzy match: 61.53846153846154
2025-08-17 16:01:48,142 INFO Comparing database entry: patras with Aktaio returned from geonames.
2025-08-17 16:01:48,142 INFO 📄 Index 2 | Name: Aktaio | fcl: P, fcode: PPL | ADM1: West Greece, ADM2: Achaea, ADM3: Patras, ADM4:  | Score: 42.01, Population: 1494 | Fuzzy match: 50.0
2025-08-17 16:01:48,142 INFO Comparing database entry: patras with Roitika returned from geonames.
2025-08-17 16:01:48,142 INFO 📄 Index 3 | Name: Roitika | fcl: P, fcode: PPL | ADM1: West Greece, ADM2: Achaea, ADM3: Patras, ADM4:  | Score: 39.77, Population: 1288 | Fuzzy match: 30.76923076923077
2025-08-17 16:01:48,288 INFO Comparing database entry: patras with Pátrai returned from geonames.
2025-08-17 16:01:48,289 INFO 📄 Index 0 | Name: Pátrai | fcl: P, fcode: PPLA | ADM1: West Greece, ADM2: Achaea, ADM3: Patras, ADM4:  | Score: 201.92, Population: 168034 | Fuzzy match: 66.66666666666667
2025-08-17 16:01:48,289 INFO Comparing database entry: patras with Paralia returned from geonames.
2025-08-17 16:01:48,289 INFO 📄 Index 1 | Name: Paralia | fcl: P, fcode: PPL | ADM1: West Greece, ADM2: Achaea, ADM3: Patras, ADM4:  | Score: 43.68, Population: 6336 | Fuzzy match: 61.53846153846154
2025-08-17 16:01:48,289 INFO Comparing database entry: patras with Aktaio returned from geonames.
2025-08-17 16:01:48,289 INFO 📄 Index 2 | Name: Aktaio | fcl: P, fcode: PPL | ADM1: West Greece, ADM2: Achaea, ADM3: Patras, ADM4:  | Score: 42.01, Population: 1494 | Fuzzy match: 50.0
2025-08-17 16:01:48,289 INFO Comparing database entry: patras with Roitika returned from geonames.
2025-08-17 16:01:48,289 INFO 📄 Index 3 | Name: Roitika | fcl: P, fcode: PPL | ADM1: West Greece, ADM2: Achaea, ADM3: Patras, ADM4:  | Score: 39.77, Population: 1288 | Fuzzy match: 30.76923076923077
2025-08-17 16:01:48,436 INFO Comparing database entry: patras with Pátrai returned from geonames.
2025-08-17 16:01:48,436 INFO 📄 Index 0 | Name: Pátrai | fcl: P, fcode: PPLA | ADM1: West Greece, ADM2: Achaea, ADM3: Patras, ADM4:  | Score: 201.92, Population: 168034 | Fuzzy match: 66.66666666666667
2025-08-17 16:01:48,436 INFO Comparing database entry: patras with Paralia returned from geonames.
2025-08-17 16:01:48,436 INFO 📄 Index 1 | Name: Paralia | fcl: P, fcode: PPL | ADM1: West Greece, ADM2: Achaea, ADM3: Patras, ADM4:  | Score: 43.68, Population: 6336 | Fuzzy match: 61.53846153846154
2025-08-17 16:01:48,436 INFO Comparing database entry: patras with Aktaio returned from geonames.
2025-08-17 16:01:48,437 INFO 📄 Index 2 | Name: Aktaio | fcl: P, fcode: PPL | ADM1: West Greece, ADM2: Achaea, ADM3: Patras, ADM4:  | Score: 42.01, Population: 1494 | Fuzzy match: 50.0
2025-08-17 16:01:48,437 INFO Comparing database entry: patras with Roitika returned from geonames.
2025-08-17 16:01:48,437 INFO 📄 Index 3 | Name: Roitika | fcl: P, fcode: PPL | ADM1: West Greece, ADM2: Achaea, ADM3: Patras, ADM4:  | Score: 39.77, Population: 1288 | Fuzzy match: 30.76923076923077
2025-08-17 16:01:48,437 WARNING ❌ No match found with fuzzy score > 80 for city: patras
2025-08-17 16:01:48,437 WARNING ❌ Lookup failed for city='patras', iso2='GR'
