2025-08-19 17:11:49,449 INFO 🗺️ Starting GeoNames lookup for city='prosotsani drama', country='greece'
2025-08-19 17:11:49,449 INFO 📍 Location is present in the following articles: [ObjectId('67fa8b4aeaa4fb525afee522')]
2025-08-19 17:11:49,580 INFO Comparing database entry: prosotsani drama with Prosotsáni returned from geonames.
2025-08-19 17:11:49,581 INFO 📄 Index 0 | Name: Prosotsáni | fcl: P, fcode: PPLA3 | ADM1: East Macedonia and Thrace, ADM2: Dráma, ADM3: Prosotsani, ADM4:  | Latitude: 41.18333, Longitude: 23.96667 | Score: 26.58, Population: 4021 | Fuzzy match: 69.23076923076923
2025-08-19 17:11:49,581 INFO Comparing database entry: prosotsani drama with Sitagroí returned from geonames.
2025-08-19 17:11:49,581 INFO 📄 Index 1 | Name: Sitagroí | fcl: P, fcode: PPL | ADM1: East Macedonia and Thrace, ADM2: Dráma, ADM3: Prosotsani, ADM4:  | Latitude: 41.11067, Longitude: 24.02755 | Score: 24.83, Population: 1105 | Fuzzy match: 25.0
2025-08-19 17:11:49,581 INFO Comparing database entry: prosotsani drama with Petroússa returned from geonames.
2025-08-19 17:11:49,581 INFO 📄 Index 2 | Name: Petroússa | fcl: P, fcode: PPL | ADM1: East Macedonia and Thrace, ADM2: Dráma, ADM3: Prosotsani, ADM4:  | Latitude: 41.1947, Longitude: 24.01731 | Score: 24.83, Population: 1985 | Fuzzy match: 48.0
2025-08-19 17:11:49,581 INFO Comparing database entry: prosotsani drama with Kalí Vrýsi returned from geonames.
2025-08-19 17:11:49,581 INFO 📄 Index 3 | Name: Kalí Vrýsi | fcl: P, fcode: PPL | ADM1: East Macedonia and Thrace, ADM2: Dráma, ADM3: Prosotsani, ADM4:  | Latitude: 41.14653, Longitude: 23.90667 | Score: 24.83, Population: 1163 | Fuzzy match: 38.46153846153846
2025-08-19 17:11:49,751 INFO Comparing database entry: prosotsani drama with Prosotsáni returned from geonames.
2025-08-19 17:11:49,751 INFO 📄 Index 0 | Name: Prosotsáni | fcl: P, fcode: PPLA3 | ADM1: East Macedonia and Thrace, ADM2: Dráma, ADM3: Prosotsani, ADM4:  | Latitude: 41.18333, Longitude: 23.96667 | Score: 26.58, Population: 4021 | Fuzzy match: 69.23076923076923
2025-08-19 17:11:49,751 INFO Comparing database entry: prosotsani drama with Sitagroí returned from geonames.
2025-08-19 17:11:49,752 INFO 📄 Index 1 | Name: Sitagroí | fcl: P, fcode: PPL | ADM1: East Macedonia and Thrace, ADM2: Dráma, ADM3: Prosotsani, ADM4:  | Latitude: 41.11067, Longitude: 24.02755 | Score: 24.83, Population: 1105 | Fuzzy match: 25.0
2025-08-19 17:11:49,752 INFO Comparing database entry: prosotsani drama with Petroússa returned from geonames.
2025-08-19 17:11:49,752 INFO 📄 Index 2 | Name: Petroússa | fcl: P, fcode: PPL | ADM1: East Macedonia and Thrace, ADM2: Dráma, ADM3: Prosotsani, ADM4:  | Latitude: 41.1947, Longitude: 24.01731 | Score: 24.83, Population: 1985 | Fuzzy match: 48.0
2025-08-19 17:11:49,752 INFO Comparing database entry: prosotsani drama with Kalí Vrýsi returned from geonames.
2025-08-19 17:11:49,752 INFO 📄 Index 3 | Name: Kalí Vrýsi | fcl: P, fcode: PPL | ADM1: East Macedonia and Thrace, ADM2: Dráma, ADM3: Prosotsani, ADM4:  | Latitude: 41.14653, Longitude: 23.90667 | Score: 24.83, Population: 1163 | Fuzzy match: 38.46153846153846
2025-08-19 17:11:49,892 INFO Comparing database entry: prosotsani drama with Prosotsáni returned from geonames.
2025-08-19 17:11:49,892 INFO 📄 Index 0 | Name: Prosotsáni | fcl: P, fcode: PPLA3 | ADM1: East Macedonia and Thrace, ADM2: Dráma, ADM3: Prosotsani, ADM4:  | Latitude: 41.18333, Longitude: 23.96667 | Score: 26.58, Population: 4021 | Fuzzy match: 69.23076923076923
2025-08-19 17:11:49,892 INFO Comparing database entry: prosotsani drama with Sitagroí returned from geonames.
2025-08-19 17:11:49,892 INFO 📄 Index 1 | Name: Sitagroí | fcl: P, fcode: PPL | ADM1: East Macedonia and Thrace, ADM2: Dráma, ADM3: Prosotsani, ADM4:  | Latitude: 41.11067, Longitude: 24.02755 | Score: 24.83, Population: 1105 | Fuzzy match: 25.0
2025-08-19 17:11:49,892 INFO Comparing database entry: prosotsani drama with Petroússa returned from geonames.
2025-08-19 17:11:49,892 INFO 📄 Index 2 | Name: Petroússa | fcl: P, fcode: PPL | ADM1: East Macedonia and Thrace, ADM2: Dráma, ADM3: Prosotsani, ADM4:  | Latitude: 41.1947, Longitude: 24.01731 | Score: 24.83, Population: 1985 | Fuzzy match: 48.0
2025-08-19 17:11:49,892 INFO Comparing database entry: prosotsani drama with Kalí Vrýsi returned from geonames.
2025-08-19 17:11:49,892 INFO 📄 Index 3 | Name: Kalí Vrýsi | fcl: P, fcode: PPL | ADM1: East Macedonia and Thrace, ADM2: Dráma, ADM3: Prosotsani, ADM4:  | Latitude: 41.14653, Longitude: 23.90667 | Score: 24.83, Population: 1163 | Fuzzy match: 38.46153846153846
2025-08-19 17:11:50,045 INFO Comparing database entry: prosotsani drama with Prosotsáni returned from geonames.
2025-08-19 17:11:50,045 INFO 📄 Index 0 | Name: Prosotsáni | fcl: P, fcode: PPLA3 | ADM1: East Macedonia and Thrace, ADM2: Dráma, ADM3: Prosotsani, ADM4:  | Latitude: 41.18333, Longitude: 23.96667 | Score: 26.58, Population: 4021 | Fuzzy match: 69.23076923076923
2025-08-19 17:11:50,045 INFO Comparing database entry: prosotsani drama with Sitagroí returned from geonames.
2025-08-19 17:11:50,045 INFO 📄 Index 1 | Name: Sitagroí | fcl: P, fcode: PPL | ADM1: East Macedonia and Thrace, ADM2: Dráma, ADM3: Prosotsani, ADM4:  | Latitude: 41.11067, Longitude: 24.02755 | Score: 24.83, Population: 1105 | Fuzzy match: 25.0
2025-08-19 17:11:50,045 INFO Comparing database entry: prosotsani drama with Petroússa returned from geonames.
2025-08-19 17:11:50,045 INFO 📄 Index 2 | Name: Petroússa | fcl: P, fcode: PPL | ADM1: East Macedonia and Thrace, ADM2: Dráma, ADM3: Prosotsani, ADM4:  | Latitude: 41.1947, Longitude: 24.01731 | Score: 24.83, Population: 1985 | Fuzzy match: 48.0
2025-08-19 17:11:50,045 INFO Comparing database entry: prosotsani drama with Kalí Vrýsi returned from geonames.
2025-08-19 17:11:50,045 INFO 📄 Index 3 | Name: Kalí Vrýsi | fcl: P, fcode: PPL | ADM1: East Macedonia and Thrace, ADM2: Dráma, ADM3: Prosotsani, ADM4:  | Latitude: 41.14653, Longitude: 23.90667 | Score: 24.83, Population: 1163 | Fuzzy match: 38.46153846153846
2025-08-19 17:11:50,213 INFO Comparing database entry: prosotsani drama with Prosotsáni returned from geonames.
2025-08-19 17:11:50,214 INFO 📄 Index 0 | Name: Prosotsáni | fcl: P, fcode: PPLA3 | ADM1: East Macedonia and Thrace, ADM2: Dráma, ADM3: Prosotsani, ADM4:  | Latitude: 41.18333, Longitude: 23.96667 | Score: 26.58, Population: 4021 | Fuzzy match: 69.23076923076923
2025-08-19 17:11:50,214 INFO Comparing database entry: prosotsani drama with Sitagroí returned from geonames.
2025-08-19 17:11:50,214 INFO 📄 Index 1 | Name: Sitagroí | fcl: P, fcode: PPL | ADM1: East Macedonia and Thrace, ADM2: Dráma, ADM3: Prosotsani, ADM4:  | Latitude: 41.11067, Longitude: 24.02755 | Score: 24.83, Population: 1105 | Fuzzy match: 25.0
2025-08-19 17:11:50,214 INFO Comparing database entry: prosotsani drama with Petroússa returned from geonames.
2025-08-19 17:11:50,214 INFO 📄 Index 2 | Name: Petroússa | fcl: P, fcode: PPL | ADM1: East Macedonia and Thrace, ADM2: Dráma, ADM3: Prosotsani, ADM4:  | Latitude: 41.1947, Longitude: 24.01731 | Score: 24.83, Population: 1985 | Fuzzy match: 48.0
2025-08-19 17:11:50,214 INFO Comparing database entry: prosotsani drama with Kalí Vrýsi returned from geonames.
2025-08-19 17:11:50,214 INFO 📄 Index 3 | Name: Kalí Vrýsi | fcl: P, fcode: PPL | ADM1: East Macedonia and Thrace, ADM2: Dráma, ADM3: Prosotsani, ADM4:  | Latitude: 41.14653, Longitude: 23.90667 | Score: 24.83, Population: 1163 | Fuzzy match: 38.46153846153846
2025-08-19 17:11:50,359 INFO Comparing database entry: prosotsani drama with Prosotsáni returned from geonames.
2025-08-19 17:11:50,360 INFO 📄 Index 0 | Name: Prosotsáni | fcl: P, fcode: PPLA3 | ADM1: East Macedonia and Thrace, ADM2: Dráma, ADM3: Prosotsani, ADM4:  | Latitude: 41.18333, Longitude: 23.96667 | Score: 26.58, Population: 4021 | Fuzzy match: 69.23076923076923
2025-08-19 17:11:50,360 INFO Comparing database entry: prosotsani drama with Sitagroí returned from geonames.
2025-08-19 17:11:50,360 INFO 📄 Index 1 | Name: Sitagroí | fcl: P, fcode: PPL | ADM1: East Macedonia and Thrace, ADM2: Dráma, ADM3: Prosotsani, ADM4:  | Latitude: 41.11067, Longitude: 24.02755 | Score: 24.83, Population: 1105 | Fuzzy match: 25.0
2025-08-19 17:11:50,360 INFO Comparing database entry: prosotsani drama with Petroússa returned from geonames.
2025-08-19 17:11:50,360 INFO 📄 Index 2 | Name: Petroússa | fcl: P, fcode: PPL | ADM1: East Macedonia and Thrace, ADM2: Dráma, ADM3: Prosotsani, ADM4:  | Latitude: 41.1947, Longitude: 24.01731 | Score: 24.83, Population: 1985 | Fuzzy match: 48.0
2025-08-19 17:11:50,360 INFO Comparing database entry: prosotsani drama with Kalí Vrýsi returned from geonames.
2025-08-19 17:11:50,360 INFO 📄 Index 3 | Name: Kalí Vrýsi | fcl: P, fcode: PPL | ADM1: East Macedonia and Thrace, ADM2: Dráma, ADM3: Prosotsani, ADM4:  | Latitude: 41.14653, Longitude: 23.90667 | Score: 24.83, Population: 1163 | Fuzzy match: 38.46153846153846
2025-08-19 17:11:50,360 WARNING ❌ No match found with fuzzy score > 80 for city: prosotsani drama
2025-08-19 17:11:50,360 WARNING ❌ Lookup failed for city='prosotsani_drama', iso2='GR'
