2025-08-21 15:50:46,962 INFO 🗺️ Starting GeoNames lookup for city='fot', country='hungary'
2025-08-21 15:50:46,962 INFO 📍 Location is present in the following articles: [ObjectId('68a7182ebd242b8de6bb871c')]
2025-08-21 15:50:47,129 INFO Comparing database entry: fot with Fót returned from geonames.
2025-08-21 15:50:47,130 INFO 📄 Index 0 | Name: Fót | fcl: P, fcode: PPL | ADM1: Pest County, ADM2: , ADM3: , ADM4:  | Latitude: 47.6177, Longitude: 19.1887 | Score: 45.03, Population: 16770 | Fuzzy match: 66.66666666666667
2025-08-21 15:50:47,130 INFO Comparing database entry: fot with Kisalag returned from geonames.
2025-08-21 15:50:47,130 INFO 📄 Index 1 | Name: Kisalag | fcl: P, fcode: PPLX | ADM1: Pest County, ADM2: , ADM3: , ADM4:  | Latitude: 47.63333, Longitude: 19.18333 | Score: 8.51, Population: 0 | Fuzzy match: 0.0
2025-08-21 15:50:47,302 INFO Comparing database entry: fot with Fót returned from geonames.
2025-08-21 15:50:47,302 INFO 📄 Index 0 | Name: Fót | fcl: P, fcode: PPL | ADM1: Pest County, ADM2: , ADM3: , ADM4:  | Latitude: 47.6177, Longitude: 19.1887 | Score: 45.03, Population: 16770 | Fuzzy match: 66.66666666666667
2025-08-21 15:50:47,302 INFO Comparing database entry: fot with Kisalag returned from geonames.
2025-08-21 15:50:47,302 INFO 📄 Index 1 | Name: Kisalag | fcl: P, fcode: PPLX | ADM1: Pest County, ADM2: , ADM3: , ADM4:  | Latitude: 47.63333, Longitude: 19.18333 | Score: 8.51, Population: 0 | Fuzzy match: 0.0
2025-08-21 15:50:47,452 INFO Comparing database entry: fot with Fót returned from geonames.
2025-08-21 15:50:47,452 INFO 📄 Index 0 | Name: Fót | fcl: P, fcode: PPL | ADM1: Pest County, ADM2: , ADM3: , ADM4:  | Latitude: 47.6177, Longitude: 19.1887 | Score: 45.03, Population: 16770 | Fuzzy match: 66.66666666666667
2025-08-21 15:50:47,452 INFO Comparing database entry: fot with Kisalag returned from geonames.
2025-08-21 15:50:47,452 INFO 📄 Index 1 | Name: Kisalag | fcl: P, fcode: PPLX | ADM1: Pest County, ADM2: , ADM3: , ADM4:  | Latitude: 47.63333, Longitude: 19.18333 | Score: 8.51, Population: 0 | Fuzzy match: 0.0
2025-08-21 15:50:47,594 INFO Comparing database entry: fot with Fót returned from geonames.
2025-08-21 15:50:47,595 INFO 📄 Index 0 | Name: Fót | fcl: P, fcode: PPL | ADM1: Pest County, ADM2: , ADM3: , ADM4:  | Latitude: 47.6177, Longitude: 19.1887 | Score: 45.03, Population: 16770 | Fuzzy match: 66.66666666666667
2025-08-21 15:50:47,595 INFO Comparing database entry: fot with Kisalag returned from geonames.
2025-08-21 15:50:47,595 INFO 📄 Index 1 | Name: Kisalag | fcl: P, fcode: PPLX | ADM1: Pest County, ADM2: , ADM3: , ADM4:  | Latitude: 47.63333, Longitude: 19.18333 | Score: 8.51, Population: 0 | Fuzzy match: 0.0
2025-08-21 15:50:47,736 INFO Comparing database entry: fot with Fót returned from geonames.
2025-08-21 15:50:47,736 INFO 📄 Index 0 | Name: Fót | fcl: P, fcode: PPL | ADM1: Pest County, ADM2: , ADM3: , ADM4:  | Latitude: 47.6177, Longitude: 19.1887 | Score: 45.03, Population: 16770 | Fuzzy match: 66.66666666666667
2025-08-21 15:50:47,736 INFO Comparing database entry: fot with Kisalag returned from geonames.
2025-08-21 15:50:47,737 INFO 📄 Index 1 | Name: Kisalag | fcl: P, fcode: PPLX | ADM1: Pest County, ADM2: , ADM3: , ADM4:  | Latitude: 47.63333, Longitude: 19.18333 | Score: 8.51, Population: 0 | Fuzzy match: 0.0
2025-08-21 15:50:47,880 INFO Comparing database entry: fot with Fót returned from geonames.
2025-08-21 15:50:47,881 INFO 📄 Index 0 | Name: Fót | fcl: P, fcode: PPL | ADM1: Pest County, ADM2: , ADM3: , ADM4:  | Latitude: 47.6177, Longitude: 19.1887 | Score: 45.03, Population: 16770 | Fuzzy match: 66.66666666666667
2025-08-21 15:50:47,881 INFO Comparing database entry: fot with Kisalag returned from geonames.
2025-08-21 15:50:47,881 INFO 📄 Index 1 | Name: Kisalag | fcl: P, fcode: PPLX | ADM1: Pest County, ADM2: , ADM3: , ADM4:  | Latitude: 47.63333, Longitude: 19.18333 | Score: 8.51, Population: 0 | Fuzzy match: 0.0
2025-08-21 15:50:47,881 WARNING ❌ No match found with fuzzy score > 80 for city: fot
2025-08-21 15:50:47,881 WARNING ❌ Lookup failed for city='fot', iso2='HU'
