2025-08-17 16:01:49,456 INFO 🗺️ Starting GeoNames lookup for city='pècs', country='hungary'
2025-08-17 16:01:49,456 INFO 📍 Location is present in the following articles: [ObjectId('67fa753feaa4fb525afeae68')]
2025-08-17 16:01:49,628 INFO Comparing database entry: pècs with Pécs returned from geonames.
2025-08-17 16:01:49,628 INFO 📄 Index 0 | Name: Pécs | fcl: P, fcode: PPLA | ADM1: Baranya, ADM2: , ADM3: , ADM4:  | Score: 198.28, Population: 145347 | Fuzzy match: 75.0
2025-08-17 16:01:49,628 INFO Comparing database entry: pècs with Üszögpuszta returned from geonames.
2025-08-17 16:01:49,628 INFO 📄 Index 1 | Name: Üszögpuszta | fcl: P, fcode: PPLX | ADM1: Baranya, ADM2: , ADM3: , ADM4:  | Score: 19.48, Population: 0 | Fuzzy match: 26.66666666666667
2025-08-17 16:01:49,628 INFO Comparing database entry: pècs with Nyugati Kőhíddűlő returned from geonames.
2025-08-17 16:01:49,628 INFO 📄 Index 2 | Name: Nyugati Kőhíddűlő | fcl: P, fcode: PPL | ADM1: Pécs, ADM2: , ADM3: , ADM4:  | Score: 15.98, Population: 0 | Fuzzy match: 0.0
2025-08-17 16:01:49,628 INFO Comparing database entry: pècs with Nagyhíddűlő returned from geonames.
2025-08-17 16:01:49,628 INFO 📄 Index 3 | Name: Nagyhíddűlő | fcl: P, fcode: PPL | ADM1: Pécs, ADM2: , ADM3: , ADM4:  | Score: 15.98, Population: 0 | Fuzzy match: 0.0
2025-08-17 16:01:49,787 INFO Comparing database entry: pècs with Pécs returned from geonames.
2025-08-17 16:01:49,787 INFO 📄 Index 0 | Name: Pécs | fcl: P, fcode: PPLA | ADM1: Baranya, ADM2: , ADM3: , ADM4:  | Score: 198.28, Population: 145347 | Fuzzy match: 75.0
2025-08-17 16:01:49,787 INFO Comparing database entry: pècs with Üszögpuszta returned from geonames.
2025-08-17 16:01:49,787 INFO 📄 Index 1 | Name: Üszögpuszta | fcl: P, fcode: PPLX | ADM1: Baranya, ADM2: , ADM3: , ADM4:  | Score: 19.48, Population: 0 | Fuzzy match: 26.66666666666667
2025-08-17 16:01:49,787 INFO Comparing database entry: pècs with Nyugati Kőhíddűlő returned from geonames.
2025-08-17 16:01:49,787 INFO 📄 Index 2 | Name: Nyugati Kőhíddűlő | fcl: P, fcode: PPL | ADM1: Pécs, ADM2: , ADM3: , ADM4:  | Score: 15.98, Population: 0 | Fuzzy match: 0.0
2025-08-17 16:01:49,787 INFO Comparing database entry: pècs with Nagyhíddűlő returned from geonames.
2025-08-17 16:01:49,787 INFO 📄 Index 3 | Name: Nagyhíddűlő | fcl: P, fcode: PPL | ADM1: Pécs, ADM2: , ADM3: , ADM4:  | Score: 15.98, Population: 0 | Fuzzy match: 0.0
2025-08-17 16:01:49,932 INFO Comparing database entry: pècs with Pécs returned from geonames.
2025-08-17 16:01:49,932 INFO 📄 Index 0 | Name: Pécs | fcl: P, fcode: PPLA | ADM1: Baranya, ADM2: , ADM3: , ADM4:  | Score: 198.28, Population: 145347 | Fuzzy match: 75.0
2025-08-17 16:01:49,932 INFO Comparing database entry: pècs with Üszögpuszta returned from geonames.
2025-08-17 16:01:49,932 INFO 📄 Index 1 | Name: Üszögpuszta | fcl: P, fcode: PPLX | ADM1: Baranya, ADM2: , ADM3: , ADM4:  | Score: 19.48, Population: 0 | Fuzzy match: 26.66666666666667
2025-08-17 16:01:49,932 INFO Comparing database entry: pècs with Nyugati Kőhíddűlő returned from geonames.
2025-08-17 16:01:49,932 INFO 📄 Index 2 | Name: Nyugati Kőhíddűlő | fcl: P, fcode: PPL | ADM1: Pécs, ADM2: , ADM3: , ADM4:  | Score: 15.98, Population: 0 | Fuzzy match: 0.0
2025-08-17 16:01:49,932 INFO Comparing database entry: pècs with Nagyhíddűlő returned from geonames.
2025-08-17 16:01:49,932 INFO 📄 Index 3 | Name: Nagyhíddűlő | fcl: P, fcode: PPL | ADM1: Pécs, ADM2: , ADM3: , ADM4:  | Score: 15.98, Population: 0 | Fuzzy match: 0.0
2025-08-17 16:01:50,063 INFO Comparing database entry: pècs with Pécs returned from geonames.
2025-08-17 16:01:50,064 INFO 📄 Index 0 | Name: Pécs | fcl: P, fcode: PPLA | ADM1: Baranya, ADM2: , ADM3: , ADM4:  | Score: 198.28, Population: 145347 | Fuzzy match: 75.0
2025-08-17 16:01:50,064 INFO Comparing database entry: pècs with Üszögpuszta returned from geonames.
2025-08-17 16:01:50,064 INFO 📄 Index 1 | Name: Üszögpuszta | fcl: P, fcode: PPLX | ADM1: Baranya, ADM2: , ADM3: , ADM4:  | Score: 19.48, Population: 0 | Fuzzy match: 26.66666666666667
2025-08-17 16:01:50,064 INFO Comparing database entry: pècs with Nyugati Kőhíddűlő returned from geonames.
2025-08-17 16:01:50,064 INFO 📄 Index 2 | Name: Nyugati Kőhíddűlő | fcl: P, fcode: PPL | ADM1: Pécs, ADM2: , ADM3: , ADM4:  | Score: 15.98, Population: 0 | Fuzzy match: 0.0
2025-08-17 16:01:50,064 INFO Comparing database entry: pècs with Nagyhíddűlő returned from geonames.
2025-08-17 16:01:50,064 INFO 📄 Index 3 | Name: Nagyhíddűlő | fcl: P, fcode: PPL | ADM1: Pécs, ADM2: , ADM3: , ADM4:  | Score: 15.98, Population: 0 | Fuzzy match: 0.0
2025-08-17 16:01:50,211 INFO Comparing database entry: pècs with Pécs returned from geonames.
2025-08-17 16:01:50,211 INFO 📄 Index 0 | Name: Pécs | fcl: P, fcode: PPLA | ADM1: Baranya, ADM2: , ADM3: , ADM4:  | Score: 198.28, Population: 145347 | Fuzzy match: 75.0
2025-08-17 16:01:50,211 INFO Comparing database entry: pècs with Üszögpuszta returned from geonames.
2025-08-17 16:01:50,211 INFO 📄 Index 1 | Name: Üszögpuszta | fcl: P, fcode: PPLX | ADM1: Baranya, ADM2: , ADM3: , ADM4:  | Score: 19.48, Population: 0 | Fuzzy match: 26.66666666666667
2025-08-17 16:01:50,211 INFO Comparing database entry: pècs with Nyugati Kőhíddűlő returned from geonames.
2025-08-17 16:01:50,211 INFO 📄 Index 2 | Name: Nyugati Kőhíddűlő | fcl: P, fcode: PPL | ADM1: Pécs, ADM2: , ADM3: , ADM4:  | Score: 15.98, Population: 0 | Fuzzy match: 0.0
2025-08-17 16:01:50,211 INFO Comparing database entry: pècs with Nagyhíddűlő returned from geonames.
2025-08-17 16:01:50,211 INFO 📄 Index 3 | Name: Nagyhíddűlő | fcl: P, fcode: PPL | ADM1: Pécs, ADM2: , ADM3: , ADM4:  | Score: 15.98, Population: 0 | Fuzzy match: 0.0
2025-08-17 16:01:50,370 INFO Comparing database entry: pècs with Pécs returned from geonames.
2025-08-17 16:01:50,370 INFO 📄 Index 0 | Name: Pécs | fcl: P, fcode: PPLA | ADM1: Baranya, ADM2: , ADM3: , ADM4:  | Score: 198.28, Population: 145347 | Fuzzy match: 75.0
2025-08-17 16:01:50,370 INFO Comparing database entry: pècs with Üszögpuszta returned from geonames.
2025-08-17 16:01:50,370 INFO 📄 Index 1 | Name: Üszögpuszta | fcl: P, fcode: PPLX | ADM1: Baranya, ADM2: , ADM3: , ADM4:  | Score: 19.48, Population: 0 | Fuzzy match: 26.66666666666667
2025-08-17 16:01:50,370 INFO Comparing database entry: pècs with Nyugati Kőhíddűlő returned from geonames.
2025-08-17 16:01:50,370 INFO 📄 Index 2 | Name: Nyugati Kőhíddűlő | fcl: P, fcode: PPL | ADM1: Pécs, ADM2: , ADM3: , ADM4:  | Score: 15.98, Population: 0 | Fuzzy match: 0.0
2025-08-17 16:01:50,370 INFO Comparing database entry: pècs with Nagyhíddűlő returned from geonames.
2025-08-17 16:01:50,370 INFO 📄 Index 3 | Name: Nagyhíddűlő | fcl: P, fcode: PPL | ADM1: Pécs, ADM2: , ADM3: , ADM4:  | Score: 15.98, Population: 0 | Fuzzy match: 0.0
2025-08-17 16:01:50,371 WARNING ❌ No match found with fuzzy score > 80 for city: pècs
2025-08-17 16:01:50,371 WARNING ❌ Lookup failed for city='pècs', iso2='HU'
