2025-08-18 15:59:44,445 INFO 🗺️ Starting GeoNames lookup for city='paks', country='hungary'
2025-08-18 15:59:44,445 INFO 📍 Location is present in the following articles: [ObjectId('67fbf6a394b7f855cfea6d4e'), ObjectId('67fbf6ae94b7f855cfea6d79'), ObjectId('67fbf6cb94b7f855cfea6df5')]
2025-08-18 15:59:44,734 INFO Comparing database entry: paks with Kecskemét returned from geonames.
2025-08-18 15:59:44,734 INFO 📄 Index 0 | Name: Kecskemét | fcl: P, fcode: PPLA | ADM1: Bács-Kiskun, ADM2: , ADM3: , ADM4:  | Score: 76.86, Population: 109847 | Fuzzy match: 30.76923076923077
2025-08-18 15:59:44,734 INFO Comparing database entry: paks with Bács-Kiskun returned from geonames.
2025-08-18 15:59:44,734 INFO 📄 Index 1 | Name: Bács-Kiskun | fcl: A, fcode: ADM1 | ADM1: Bács-Kiskun, ADM2: , ADM3: , ADM4:  | Score: 63.43, Population: 505602 | Fuzzy match: 26.66666666666667
2025-08-18 15:59:44,734 INFO Comparing database entry: paks with Baja returned from geonames.
2025-08-18 15:59:44,734 INFO 📄 Index 2 | Name: Baja | fcl: P, fcode: PPLA2 | ADM1: Bács-Kiskun, ADM2: , ADM3: , ADM4:  | Score: 48.04, Population: 37714 | Fuzzy match: 25.0
2025-08-18 15:59:44,734 INFO Comparing database entry: paks with Bajai Járás returned from geonames.
2025-08-18 15:59:44,734 INFO 📄 Index 3 | Name: Bajai Járás | fcl: A, fcode: ADM2 | ADM1: Bács-Kiskun, ADM2: Bajai Járás, ADM3: , ADM4:  | Score: 42.60, Population: 0 | Fuzzy match: 26.66666666666667
2025-08-18 15:59:44,908 INFO Comparing database entry: paks with Kecskemét returned from geonames.
2025-08-18 15:59:44,908 INFO 📄 Index 0 | Name: Kecskemét | fcl: P, fcode: PPLA | ADM1: Bács-Kiskun, ADM2: , ADM3: , ADM4:  | Score: 76.86, Population: 109847 | Fuzzy match: 30.76923076923077
2025-08-18 15:59:44,908 INFO Comparing database entry: paks with Bács-Kiskun returned from geonames.
2025-08-18 15:59:44,908 INFO 📄 Index 1 | Name: Bács-Kiskun | fcl: A, fcode: ADM1 | ADM1: Bács-Kiskun, ADM2: , ADM3: , ADM4:  | Score: 63.43, Population: 505602 | Fuzzy match: 26.66666666666667
2025-08-18 15:59:44,908 INFO Comparing database entry: paks with Baja returned from geonames.
2025-08-18 15:59:44,908 INFO 📄 Index 2 | Name: Baja | fcl: P, fcode: PPLA2 | ADM1: Bács-Kiskun, ADM2: , ADM3: , ADM4:  | Score: 48.04, Population: 37714 | Fuzzy match: 25.0
2025-08-18 15:59:44,908 INFO Comparing database entry: paks with Bajai Járás returned from geonames.
2025-08-18 15:59:44,908 INFO 📄 Index 3 | Name: Bajai Járás | fcl: A, fcode: ADM2 | ADM1: Bács-Kiskun, ADM2: Bajai Járás, ADM3: , ADM4:  | Score: 42.60, Population: 0 | Fuzzy match: 26.66666666666667
2025-08-18 15:59:45,069 INFO Comparing database entry: paks with Kecskemét returned from geonames.
2025-08-18 15:59:45,070 INFO 📄 Index 0 | Name: Kecskemét | fcl: P, fcode: PPLA | ADM1: Bács-Kiskun, ADM2: , ADM3: , ADM4:  | Score: 76.86, Population: 109847 | Fuzzy match: 30.76923076923077
2025-08-18 15:59:45,070 INFO Comparing database entry: paks with Bács-Kiskun returned from geonames.
2025-08-18 15:59:45,070 INFO 📄 Index 1 | Name: Bács-Kiskun | fcl: A, fcode: ADM1 | ADM1: Bács-Kiskun, ADM2: , ADM3: , ADM4:  | Score: 63.43, Population: 505602 | Fuzzy match: 26.66666666666667
2025-08-18 15:59:45,070 INFO Comparing database entry: paks with Baja returned from geonames.
2025-08-18 15:59:45,070 INFO 📄 Index 2 | Name: Baja | fcl: P, fcode: PPLA2 | ADM1: Bács-Kiskun, ADM2: , ADM3: , ADM4:  | Score: 48.04, Population: 37714 | Fuzzy match: 25.0
2025-08-18 15:59:45,070 INFO Comparing database entry: paks with Bajai Járás returned from geonames.
2025-08-18 15:59:45,070 INFO 📄 Index 3 | Name: Bajai Járás | fcl: A, fcode: ADM2 | ADM1: Bács-Kiskun, ADM2: Bajai Járás, ADM3: , ADM4:  | Score: 42.60, Population: 0 | Fuzzy match: 26.66666666666667
2025-08-18 15:59:45,217 INFO Comparing database entry: paks with Kecskemét returned from geonames.
2025-08-18 15:59:45,217 INFO 📄 Index 0 | Name: Kecskemét | fcl: P, fcode: PPLA | ADM1: Bács-Kiskun, ADM2: , ADM3: , ADM4:  | Score: 76.86, Population: 109847 | Fuzzy match: 30.76923076923077
2025-08-18 15:59:45,217 INFO Comparing database entry: paks with Bács-Kiskun returned from geonames.
2025-08-18 15:59:45,217 INFO 📄 Index 1 | Name: Bács-Kiskun | fcl: A, fcode: ADM1 | ADM1: Bács-Kiskun, ADM2: , ADM3: , ADM4:  | Score: 63.43, Population: 505602 | Fuzzy match: 26.66666666666667
2025-08-18 15:59:45,217 INFO Comparing database entry: paks with Baja returned from geonames.
2025-08-18 15:59:45,217 INFO 📄 Index 2 | Name: Baja | fcl: P, fcode: PPLA2 | ADM1: Bács-Kiskun, ADM2: , ADM3: , ADM4:  | Score: 48.04, Population: 37714 | Fuzzy match: 25.0
2025-08-18 15:59:45,217 INFO Comparing database entry: paks with Bajai Járás returned from geonames.
2025-08-18 15:59:45,217 INFO 📄 Index 3 | Name: Bajai Járás | fcl: A, fcode: ADM2 | ADM1: Bács-Kiskun, ADM2: Bajai Járás, ADM3: , ADM4:  | Score: 42.60, Population: 0 | Fuzzy match: 26.66666666666667
2025-08-18 15:59:45,379 INFO Comparing database entry: paks with Kecskemét returned from geonames.
2025-08-18 15:59:45,379 INFO 📄 Index 0 | Name: Kecskemét | fcl: P, fcode: PPLA | ADM1: Bács-Kiskun, ADM2: , ADM3: , ADM4:  | Score: 76.86, Population: 109847 | Fuzzy match: 30.76923076923077
2025-08-18 15:59:45,379 INFO Comparing database entry: paks with Bács-Kiskun returned from geonames.
2025-08-18 15:59:45,379 INFO 📄 Index 1 | Name: Bács-Kiskun | fcl: A, fcode: ADM1 | ADM1: Bács-Kiskun, ADM2: , ADM3: , ADM4:  | Score: 63.43, Population: 505602 | Fuzzy match: 26.66666666666667
2025-08-18 15:59:45,379 INFO Comparing database entry: paks with Baja returned from geonames.
2025-08-18 15:59:45,379 INFO 📄 Index 2 | Name: Baja | fcl: P, fcode: PPLA2 | ADM1: Bács-Kiskun, ADM2: , ADM3: , ADM4:  | Score: 48.04, Population: 37714 | Fuzzy match: 25.0
2025-08-18 15:59:45,379 INFO Comparing database entry: paks with Bajai Járás returned from geonames.
2025-08-18 15:59:45,379 INFO 📄 Index 3 | Name: Bajai Járás | fcl: A, fcode: ADM2 | ADM1: Bács-Kiskun, ADM2: Bajai Járás, ADM3: , ADM4:  | Score: 42.60, Population: 0 | Fuzzy match: 26.66666666666667
2025-08-18 15:59:45,529 INFO Comparing database entry: paks with Kecskemét returned from geonames.
2025-08-18 15:59:45,529 INFO 📄 Index 0 | Name: Kecskemét | fcl: P, fcode: PPLA | ADM1: Bács-Kiskun, ADM2: , ADM3: , ADM4:  | Score: 76.86, Population: 109847 | Fuzzy match: 30.76923076923077
2025-08-18 15:59:45,530 INFO Comparing database entry: paks with Bács-Kiskun returned from geonames.
2025-08-18 15:59:45,530 INFO 📄 Index 1 | Name: Bács-Kiskun | fcl: A, fcode: ADM1 | ADM1: Bács-Kiskun, ADM2: , ADM3: , ADM4:  | Score: 63.43, Population: 505602 | Fuzzy match: 26.66666666666667
2025-08-18 15:59:45,530 INFO Comparing database entry: paks with Baja returned from geonames.
2025-08-18 15:59:45,530 INFO 📄 Index 2 | Name: Baja | fcl: P, fcode: PPLA2 | ADM1: Bács-Kiskun, ADM2: , ADM3: , ADM4:  | Score: 48.04, Population: 37714 | Fuzzy match: 25.0
2025-08-18 15:59:45,530 INFO Comparing database entry: paks with Bajai Járás returned from geonames.
2025-08-18 15:59:45,530 INFO 📄 Index 3 | Name: Bajai Járás | fcl: A, fcode: ADM2 | ADM1: Bács-Kiskun, ADM2: Bajai Járás, ADM3: , ADM4:  | Score: 42.60, Population: 0 | Fuzzy match: 26.66666666666667
2025-08-18 15:59:45,530 WARNING ❌ No match found with fuzzy score > 80 for city: paks
2025-08-18 15:59:45,530 WARNING ❌ Lookup failed for city='paks', iso2='HU'
