2025-08-24 16:18:34,377 INFO 🗺️ Starting GeoNames lookup for city='tolna', country='hungary'
2025-08-24 16:18:34,377 INFO 📍 Location is present in the following articles: [ObjectId('67fa7f8ceaa4fb525afec46c')]
2025-08-24 16:18:34,688 INFO Comparing database entry: tolna with Tolna County returned from geonames.
2025-08-24 16:18:34,688 INFO 📄 Index 0 | Name: Tolna County | fcl: A, fcode: ADM1 | ADM1: Tolna County, ADM2: , ADM3: , ADM4:  | Latitude: 46.5, Longitude: 18.58333 | Score: 102.13, Population: 219317 | Fuzzy match: 58.82352941176471
2025-08-24 16:18:34,688 INFO Comparing database entry: tolna with Szekszárd returned from geonames.
2025-08-24 16:18:34,688 INFO 📄 Index 1 | Name: Szekszárd | fcl: P, fcode: PPLA | ADM1: Tolna County, ADM2: , ADM3: , ADM4:  | Latitude: 46.35014, Longitude: 18.70905 | Score: 98.89, Population: 34174 | Fuzzy match: 0.0
2025-08-24 16:18:34,688 INFO Comparing database entry: tolna with Bonyhád returned from geonames.
2025-08-24 16:18:34,688 INFO 📄 Index 2 | Name: Bonyhád | fcl: P, fcode: PPL | ADM1: Tolna County, ADM2: , ADM3: , ADM4:  | Latitude: 46.29921, Longitude: 18.53024 | Score: 58.79, Population: 14184 | Fuzzy match: 33.333333333333336
2025-08-24 16:18:34,688 INFO Comparing database entry: tolna with Tamási Járás returned from geonames.
2025-08-24 16:18:34,688 INFO 📄 Index 3 | Name: Tamási Járás | fcl: A, fcode: ADM2 | ADM1: Tolna County, ADM2: Tamási Járás, ADM3: , ADM4:  | Latitude: 46.65424, Longitude: 18.35857 | Score: 57.55, Population: 0 | Fuzzy match: 23.529411764705888
2025-08-24 16:18:34,828 INFO Comparing database entry: tolna with Tolna County returned from geonames.
2025-08-24 16:18:34,828 INFO 📄 Index 0 | Name: Tolna County | fcl: A, fcode: ADM1 | ADM1: Tolna County, ADM2: , ADM3: , ADM4:  | Latitude: 46.5, Longitude: 18.58333 | Score: 102.13, Population: 219317 | Fuzzy match: 58.82352941176471
2025-08-24 16:18:34,828 INFO Comparing database entry: tolna with Szekszárd returned from geonames.
2025-08-24 16:18:34,828 INFO 📄 Index 1 | Name: Szekszárd | fcl: P, fcode: PPLA | ADM1: Tolna County, ADM2: , ADM3: , ADM4:  | Latitude: 46.35014, Longitude: 18.70905 | Score: 98.89, Population: 34174 | Fuzzy match: 0.0
2025-08-24 16:18:34,828 INFO Comparing database entry: tolna with Bonyhád returned from geonames.
2025-08-24 16:18:34,828 INFO 📄 Index 2 | Name: Bonyhád | fcl: P, fcode: PPL | ADM1: Tolna County, ADM2: , ADM3: , ADM4:  | Latitude: 46.29921, Longitude: 18.53024 | Score: 58.79, Population: 14184 | Fuzzy match: 33.333333333333336
2025-08-24 16:18:34,828 INFO Comparing database entry: tolna with Tamási Járás returned from geonames.
2025-08-24 16:18:34,828 INFO 📄 Index 3 | Name: Tamási Járás | fcl: A, fcode: ADM2 | ADM1: Tolna County, ADM2: Tamási Járás, ADM3: , ADM4:  | Latitude: 46.65424, Longitude: 18.35857 | Score: 57.55, Population: 0 | Fuzzy match: 23.529411764705888
2025-08-24 16:18:34,993 INFO Comparing database entry: tolna with Tolna County returned from geonames.
2025-08-24 16:18:34,993 INFO 📄 Index 0 | Name: Tolna County | fcl: A, fcode: ADM1 | ADM1: Tolna County, ADM2: , ADM3: , ADM4:  | Latitude: 46.5, Longitude: 18.58333 | Score: 102.13, Population: 219317 | Fuzzy match: 58.82352941176471
2025-08-24 16:18:34,993 INFO Comparing database entry: tolna with Szekszárd returned from geonames.
2025-08-24 16:18:34,993 INFO 📄 Index 1 | Name: Szekszárd | fcl: P, fcode: PPLA | ADM1: Tolna County, ADM2: , ADM3: , ADM4:  | Latitude: 46.35014, Longitude: 18.70905 | Score: 98.89, Population: 34174 | Fuzzy match: 0.0
2025-08-24 16:18:34,993 INFO Comparing database entry: tolna with Bonyhád returned from geonames.
2025-08-24 16:18:34,993 INFO 📄 Index 2 | Name: Bonyhád | fcl: P, fcode: PPL | ADM1: Tolna County, ADM2: , ADM3: , ADM4:  | Latitude: 46.29921, Longitude: 18.53024 | Score: 58.79, Population: 14184 | Fuzzy match: 33.333333333333336
2025-08-24 16:18:34,993 INFO Comparing database entry: tolna with Tamási Járás returned from geonames.
2025-08-24 16:18:34,993 INFO 📄 Index 3 | Name: Tamási Járás | fcl: A, fcode: ADM2 | ADM1: Tolna County, ADM2: Tamási Járás, ADM3: , ADM4:  | Latitude: 46.65424, Longitude: 18.35857 | Score: 57.55, Population: 0 | Fuzzy match: 23.529411764705888
2025-08-24 16:18:35,128 INFO Comparing database entry: tolna with Tolna County returned from geonames.
2025-08-24 16:18:35,129 INFO 📄 Index 0 | Name: Tolna County | fcl: A, fcode: ADM1 | ADM1: Tolna County, ADM2: , ADM3: , ADM4:  | Latitude: 46.5, Longitude: 18.58333 | Score: 102.13, Population: 219317 | Fuzzy match: 58.82352941176471
2025-08-24 16:18:35,129 INFO Comparing database entry: tolna with Szekszárd returned from geonames.
2025-08-24 16:18:35,129 INFO 📄 Index 1 | Name: Szekszárd | fcl: P, fcode: PPLA | ADM1: Tolna County, ADM2: , ADM3: , ADM4:  | Latitude: 46.35014, Longitude: 18.70905 | Score: 98.89, Population: 34174 | Fuzzy match: 0.0
2025-08-24 16:18:35,129 INFO Comparing database entry: tolna with Bonyhád returned from geonames.
2025-08-24 16:18:35,129 INFO 📄 Index 2 | Name: Bonyhád | fcl: P, fcode: PPL | ADM1: Tolna County, ADM2: , ADM3: , ADM4:  | Latitude: 46.29921, Longitude: 18.53024 | Score: 58.79, Population: 14184 | Fuzzy match: 33.333333333333336
2025-08-24 16:18:35,129 INFO Comparing database entry: tolna with Tamási Járás returned from geonames.
2025-08-24 16:18:35,129 INFO 📄 Index 3 | Name: Tamási Járás | fcl: A, fcode: ADM2 | ADM1: Tolna County, ADM2: Tamási Járás, ADM3: , ADM4:  | Latitude: 46.65424, Longitude: 18.35857 | Score: 57.55, Population: 0 | Fuzzy match: 23.529411764705888
2025-08-24 16:18:35,383 INFO Comparing database entry: tolna with Tolna County returned from geonames.
2025-08-24 16:18:35,383 INFO 📄 Index 0 | Name: Tolna County | fcl: A, fcode: ADM1 | ADM1: Tolna County, ADM2: , ADM3: , ADM4:  | Latitude: 46.5, Longitude: 18.58333 | Score: 102.13, Population: 219317 | Fuzzy match: 58.82352941176471
2025-08-24 16:18:35,383 INFO Comparing database entry: tolna with Szekszárd returned from geonames.
2025-08-24 16:18:35,383 INFO 📄 Index 1 | Name: Szekszárd | fcl: P, fcode: PPLA | ADM1: Tolna County, ADM2: , ADM3: , ADM4:  | Latitude: 46.35014, Longitude: 18.70905 | Score: 98.89, Population: 34174 | Fuzzy match: 0.0
2025-08-24 16:18:35,383 INFO Comparing database entry: tolna with Bonyhád returned from geonames.
2025-08-24 16:18:35,383 INFO 📄 Index 2 | Name: Bonyhád | fcl: P, fcode: PPL | ADM1: Tolna County, ADM2: , ADM3: , ADM4:  | Latitude: 46.29921, Longitude: 18.53024 | Score: 58.79, Population: 14184 | Fuzzy match: 33.333333333333336
2025-08-24 16:18:35,383 INFO Comparing database entry: tolna with Tamási Járás returned from geonames.
2025-08-24 16:18:35,383 INFO 📄 Index 3 | Name: Tamási Járás | fcl: A, fcode: ADM2 | ADM1: Tolna County, ADM2: Tamási Járás, ADM3: , ADM4:  | Latitude: 46.65424, Longitude: 18.35857 | Score: 57.55, Population: 0 | Fuzzy match: 23.529411764705888
2025-08-24 16:18:35,669 INFO Comparing database entry: tolna with Tolna County returned from geonames.
2025-08-24 16:18:35,669 INFO 📄 Index 0 | Name: Tolna County | fcl: A, fcode: ADM1 | ADM1: Tolna County, ADM2: , ADM3: , ADM4:  | Latitude: 46.5, Longitude: 18.58333 | Score: 102.13, Population: 219317 | Fuzzy match: 58.82352941176471
2025-08-24 16:18:35,669 INFO Comparing database entry: tolna with Szekszárd returned from geonames.
2025-08-24 16:18:35,669 INFO 📄 Index 1 | Name: Szekszárd | fcl: P, fcode: PPLA | ADM1: Tolna County, ADM2: , ADM3: , ADM4:  | Latitude: 46.35014, Longitude: 18.70905 | Score: 98.89, Population: 34174 | Fuzzy match: 0.0
2025-08-24 16:18:35,670 INFO Comparing database entry: tolna with Bonyhád returned from geonames.
2025-08-24 16:18:35,670 INFO 📄 Index 2 | Name: Bonyhád | fcl: P, fcode: PPL | ADM1: Tolna County, ADM2: , ADM3: , ADM4:  | Latitude: 46.29921, Longitude: 18.53024 | Score: 58.79, Population: 14184 | Fuzzy match: 33.333333333333336
2025-08-24 16:18:35,670 INFO Comparing database entry: tolna with Tamási Járás returned from geonames.
2025-08-24 16:18:35,670 INFO 📄 Index 3 | Name: Tamási Járás | fcl: A, fcode: ADM2 | ADM1: Tolna County, ADM2: Tamási Járás, ADM3: , ADM4:  | Latitude: 46.65424, Longitude: 18.35857 | Score: 57.55, Population: 0 | Fuzzy match: 23.529411764705888
2025-08-24 16:18:35,670 WARNING ❌ No match found with fuzzy score > 80 for city: tolna
2025-08-24 16:18:35,670 WARNING ❌ Lookup failed for city='tolna', iso2='HU'
