2025-08-19 17:11:53,843 INFO 🗺️ Starting GeoNames lookup for city='észak magyarország', country='hungary'
2025-08-19 17:11:53,843 INFO 📍 Location is present in the following articles: [ObjectId('68a35763cf6fecdbde0bef2d')]
2025-08-19 17:11:53,984 INFO Comparing database entry: észak magyarország with Disznókút Észak returned from geonames.
2025-08-19 17:11:53,984 INFO 📄 Index 0 | Name: Disznókút Észak | fcl: P, fcode: PPL | ADM1: Hajdú-Bihar, ADM2: , ADM3: , ADM4:  | Latitude: 47.83333, Longitude: 21.53333 | Score: 20.12, Population: 0 | Fuzzy match: 48.484848484848484
2025-08-19 17:11:53,985 INFO Comparing database entry: észak magyarország with Görögkút Észak returned from geonames.
2025-08-19 17:11:53,985 INFO 📄 Index 1 | Name: Görögkút Észak | fcl: P, fcode: PPLX | ADM1: Hajdú-Bihar, ADM2: , ADM3: , ADM4:  | Latitude: 47.91667, Longitude: 21.55 | Score: 19.84, Population: 0 | Fuzzy match: 56.25
2025-08-19 17:11:54,119 INFO Comparing database entry: észak magyarország with Disznókút Észak returned from geonames.
2025-08-19 17:11:54,119 INFO 📄 Index 0 | Name: Disznókút Észak | fcl: P, fcode: PPL | ADM1: Hajdú-Bihar, ADM2: , ADM3: , ADM4:  | Latitude: 47.83333, Longitude: 21.53333 | Score: 20.12, Population: 0 | Fuzzy match: 48.484848484848484
2025-08-19 17:11:54,119 INFO Comparing database entry: észak magyarország with Görögkút Észak returned from geonames.
2025-08-19 17:11:54,119 INFO 📄 Index 1 | Name: Görögkút Észak | fcl: P, fcode: PPLX | ADM1: Hajdú-Bihar, ADM2: , ADM3: , ADM4:  | Latitude: 47.91667, Longitude: 21.55 | Score: 19.84, Population: 0 | Fuzzy match: 56.25
2025-08-19 17:11:54,285 INFO Comparing database entry: észak magyarország with Disznókút Észak returned from geonames.
2025-08-19 17:11:54,285 INFO 📄 Index 0 | Name: Disznókút Észak | fcl: P, fcode: PPL | ADM1: Hajdú-Bihar, ADM2: , ADM3: , ADM4:  | Latitude: 47.83333, Longitude: 21.53333 | Score: 20.12, Population: 0 | Fuzzy match: 48.484848484848484
2025-08-19 17:11:54,285 INFO Comparing database entry: észak magyarország with Görögkút Észak returned from geonames.
2025-08-19 17:11:54,285 INFO 📄 Index 1 | Name: Görögkút Észak | fcl: P, fcode: PPLX | ADM1: Hajdú-Bihar, ADM2: , ADM3: , ADM4:  | Latitude: 47.91667, Longitude: 21.55 | Score: 19.84, Population: 0 | Fuzzy match: 56.25
2025-08-19 17:11:54,458 INFO Comparing database entry: észak magyarország with Disznókút Észak returned from geonames.
2025-08-19 17:11:54,458 INFO 📄 Index 0 | Name: Disznókút Észak | fcl: P, fcode: PPL | ADM1: Hajdú-Bihar, ADM2: , ADM3: , ADM4:  | Latitude: 47.83333, Longitude: 21.53333 | Score: 20.12, Population: 0 | Fuzzy match: 48.484848484848484
2025-08-19 17:11:54,458 INFO Comparing database entry: észak magyarország with Görögkút Észak returned from geonames.
2025-08-19 17:11:54,458 INFO 📄 Index 1 | Name: Görögkút Észak | fcl: P, fcode: PPLX | ADM1: Hajdú-Bihar, ADM2: , ADM3: , ADM4:  | Latitude: 47.91667, Longitude: 21.55 | Score: 19.84, Population: 0 | Fuzzy match: 56.25
2025-08-19 17:11:54,616 INFO Comparing database entry: észak magyarország with Disznókút Észak returned from geonames.
2025-08-19 17:11:54,616 INFO 📄 Index 0 | Name: Disznókút Észak | fcl: P, fcode: PPL | ADM1: Hajdú-Bihar, ADM2: , ADM3: , ADM4:  | Latitude: 47.83333, Longitude: 21.53333 | Score: 20.12, Population: 0 | Fuzzy match: 48.484848484848484
2025-08-19 17:11:54,616 INFO Comparing database entry: észak magyarország with Görögkút Észak returned from geonames.
2025-08-19 17:11:54,616 INFO 📄 Index 1 | Name: Görögkút Észak | fcl: P, fcode: PPLX | ADM1: Hajdú-Bihar, ADM2: , ADM3: , ADM4:  | Latitude: 47.91667, Longitude: 21.55 | Score: 19.84, Population: 0 | Fuzzy match: 56.25
2025-08-19 17:11:54,757 INFO Comparing database entry: észak magyarország with Disznókút Észak returned from geonames.
2025-08-19 17:11:54,757 INFO 📄 Index 0 | Name: Disznókút Észak | fcl: P, fcode: PPL | ADM1: Hajdú-Bihar, ADM2: , ADM3: , ADM4:  | Latitude: 47.83333, Longitude: 21.53333 | Score: 20.12, Population: 0 | Fuzzy match: 48.484848484848484
2025-08-19 17:11:54,757 INFO Comparing database entry: észak magyarország with Görögkút Észak returned from geonames.
2025-08-19 17:11:54,757 INFO 📄 Index 1 | Name: Görögkút Észak | fcl: P, fcode: PPLX | ADM1: Hajdú-Bihar, ADM2: , ADM3: , ADM4:  | Latitude: 47.91667, Longitude: 21.55 | Score: 19.84, Population: 0 | Fuzzy match: 56.25
2025-08-19 17:11:54,757 WARNING ❌ No match found with fuzzy score > 80 for city: észak magyarország
2025-08-19 17:11:54,758 WARNING ❌ Lookup failed for city='észak_magyarország', iso2='HU'
