2025-08-08 12:00:15,266 INFO 🗺️ Starting GeoNames lookup for city='east_halmahera', country='indonesia'
2025-08-08 12:00:15,267 INFO 📍 Location is present in the following articles: [ObjectId('67f921cff431fddd61d55c55')]
2025-08-08 12:00:15,405 INFO Comparing database entry: east halmahera with East Halmahera Regency returned from geonames.
2025-08-08 12:00:15,405 INFO 📄 Index 0 | Name: East Halmahera Regency | fcl: A, fcode: ADM2 | ADM1: North Maluku, ADM2: East Halmahera Regency, ADM3: , ADM4:  | Score: 45.61, Population: 73109 | Fuzzy match: 77.77777777777779
2025-08-08 12:00:15,405 INFO Comparing database entry: east halmahera with Maba returned from geonames.
2025-08-08 12:00:15,405 INFO 📄 Index 1 | Name: Maba | fcl: P, fcode: PPLA2 | ADM1: North Maluku, ADM2: East Halmahera Regency, ADM3: , ADM4:  | Score: 23.72, Population: 12560 | Fuzzy match: 33.333333333333336
2025-08-08 12:00:15,405 INFO Comparing database entry: east halmahera with Waci returned from geonames.
2025-08-08 12:00:15,405 INFO 📄 Index 2 | Name: Waci | fcl: P, fcode: PPL | ADM1: North Maluku, ADM2: East Halmahera Regency, ADM3: , ADM4:  | Score: 22.04, Population: 0 | Fuzzy match: 11.111111111111116
2025-08-08 12:00:15,405 INFO Comparing database entry: east halmahera with Buli returned from geonames.
2025-08-08 12:00:15,405 INFO 📄 Index 3 | Name: Buli | fcl: P, fcode: PPL | ADM1: North Maluku, ADM2: East Halmahera Regency, ADM3: , ADM4:  | Score: 20.05, Population: 0 | Fuzzy match: 11.111111111111116
2025-08-08 12:00:15,555 INFO Comparing database entry: east halmahera with East Halmahera Regency returned from geonames.
2025-08-08 12:00:15,555 INFO 📄 Index 0 | Name: East Halmahera Regency | fcl: A, fcode: ADM2 | ADM1: North Maluku, ADM2: East Halmahera Regency, ADM3: , ADM4:  | Score: 45.61, Population: 73109 | Fuzzy match: 77.77777777777779
2025-08-08 12:00:15,555 INFO Comparing database entry: east halmahera with Maba returned from geonames.
2025-08-08 12:00:15,555 INFO 📄 Index 1 | Name: Maba | fcl: P, fcode: PPLA2 | ADM1: North Maluku, ADM2: East Halmahera Regency, ADM3: , ADM4:  | Score: 23.72, Population: 12560 | Fuzzy match: 33.333333333333336
2025-08-08 12:00:15,555 INFO Comparing database entry: east halmahera with Waci returned from geonames.
2025-08-08 12:00:15,555 INFO 📄 Index 2 | Name: Waci | fcl: P, fcode: PPL | ADM1: North Maluku, ADM2: East Halmahera Regency, ADM3: , ADM4:  | Score: 22.04, Population: 0 | Fuzzy match: 11.111111111111116
2025-08-08 12:00:15,555 INFO Comparing database entry: east halmahera with Buli returned from geonames.
2025-08-08 12:00:15,555 INFO 📄 Index 3 | Name: Buli | fcl: P, fcode: PPL | ADM1: North Maluku, ADM2: East Halmahera Regency, ADM3: , ADM4:  | Score: 20.05, Population: 0 | Fuzzy match: 11.111111111111116
2025-08-08 12:00:15,729 INFO Comparing database entry: east halmahera with East Halmahera Regency returned from geonames.
2025-08-08 12:00:15,729 INFO 📄 Index 0 | Name: East Halmahera Regency | fcl: A, fcode: ADM2 | ADM1: North Maluku, ADM2: East Halmahera Regency, ADM3: , ADM4:  | Score: 45.61, Population: 73109 | Fuzzy match: 77.77777777777779
2025-08-08 12:00:15,729 INFO Comparing database entry: east halmahera with Maba returned from geonames.
2025-08-08 12:00:15,730 INFO 📄 Index 1 | Name: Maba | fcl: P, fcode: PPLA2 | ADM1: North Maluku, ADM2: East Halmahera Regency, ADM3: , ADM4:  | Score: 23.72, Population: 12560 | Fuzzy match: 33.333333333333336
2025-08-08 12:00:15,730 INFO Comparing database entry: east halmahera with Waci returned from geonames.
2025-08-08 12:00:15,730 INFO 📄 Index 2 | Name: Waci | fcl: P, fcode: PPL | ADM1: North Maluku, ADM2: East Halmahera Regency, ADM3: , ADM4:  | Score: 22.04, Population: 0 | Fuzzy match: 11.111111111111116
2025-08-08 12:00:15,730 INFO Comparing database entry: east halmahera with Buli returned from geonames.
2025-08-08 12:00:15,730 INFO 📄 Index 3 | Name: Buli | fcl: P, fcode: PPL | ADM1: North Maluku, ADM2: East Halmahera Regency, ADM3: , ADM4:  | Score: 20.05, Population: 0 | Fuzzy match: 11.111111111111116
2025-08-08 12:00:15,930 INFO Comparing database entry: east halmahera with East Halmahera Regency returned from geonames.
2025-08-08 12:00:15,930 INFO 📄 Index 0 | Name: East Halmahera Regency | fcl: A, fcode: ADM2 | ADM1: North Maluku, ADM2: East Halmahera Regency, ADM3: , ADM4:  | Score: 45.61, Population: 73109 | Fuzzy match: 77.77777777777779
2025-08-08 12:00:15,930 INFO Comparing database entry: east halmahera with Maba returned from geonames.
2025-08-08 12:00:15,930 INFO 📄 Index 1 | Name: Maba | fcl: P, fcode: PPLA2 | ADM1: North Maluku, ADM2: East Halmahera Regency, ADM3: , ADM4:  | Score: 23.72, Population: 12560 | Fuzzy match: 33.333333333333336
2025-08-08 12:00:15,930 INFO Comparing database entry: east halmahera with Waci returned from geonames.
2025-08-08 12:00:15,930 INFO 📄 Index 2 | Name: Waci | fcl: P, fcode: PPL | ADM1: North Maluku, ADM2: East Halmahera Regency, ADM3: , ADM4:  | Score: 22.04, Population: 0 | Fuzzy match: 11.111111111111116
2025-08-08 12:00:15,930 INFO Comparing database entry: east halmahera with Buli returned from geonames.
2025-08-08 12:00:15,930 INFO 📄 Index 3 | Name: Buli | fcl: P, fcode: PPL | ADM1: North Maluku, ADM2: East Halmahera Regency, ADM3: , ADM4:  | Score: 20.05, Population: 0 | Fuzzy match: 11.111111111111116
2025-08-08 12:00:16,094 INFO Comparing database entry: east halmahera with East Halmahera Regency returned from geonames.
2025-08-08 12:00:16,094 INFO 📄 Index 0 | Name: East Halmahera Regency | fcl: A, fcode: ADM2 | ADM1: North Maluku, ADM2: East Halmahera Regency, ADM3: , ADM4:  | Score: 45.61, Population: 73109 | Fuzzy match: 77.77777777777779
2025-08-08 12:00:16,094 INFO Comparing database entry: east halmahera with Maba returned from geonames.
2025-08-08 12:00:16,094 INFO 📄 Index 1 | Name: Maba | fcl: P, fcode: PPLA2 | ADM1: North Maluku, ADM2: East Halmahera Regency, ADM3: , ADM4:  | Score: 23.72, Population: 12560 | Fuzzy match: 33.333333333333336
2025-08-08 12:00:16,094 INFO Comparing database entry: east halmahera with Waci returned from geonames.
2025-08-08 12:00:16,094 INFO 📄 Index 2 | Name: Waci | fcl: P, fcode: PPL | ADM1: North Maluku, ADM2: East Halmahera Regency, ADM3: , ADM4:  | Score: 22.04, Population: 0 | Fuzzy match: 11.111111111111116
2025-08-08 12:00:16,094 INFO Comparing database entry: east halmahera with Buli returned from geonames.
2025-08-08 12:00:16,094 INFO 📄 Index 3 | Name: Buli | fcl: P, fcode: PPL | ADM1: North Maluku, ADM2: East Halmahera Regency, ADM3: , ADM4:  | Score: 20.05, Population: 0 | Fuzzy match: 11.111111111111116
2025-08-08 12:00:16,282 INFO Comparing database entry: east halmahera with East Halmahera Regency returned from geonames.
2025-08-08 12:00:16,282 INFO 📄 Index 0 | Name: East Halmahera Regency | fcl: A, fcode: ADM2 | ADM1: North Maluku, ADM2: East Halmahera Regency, ADM3: , ADM4:  | Score: 45.61, Population: 73109 | Fuzzy match: 77.77777777777779
2025-08-08 12:00:16,282 INFO Comparing database entry: east halmahera with Maba returned from geonames.
2025-08-08 12:00:16,282 INFO 📄 Index 1 | Name: Maba | fcl: P, fcode: PPLA2 | ADM1: North Maluku, ADM2: East Halmahera Regency, ADM3: , ADM4:  | Score: 23.72, Population: 12560 | Fuzzy match: 33.333333333333336
2025-08-08 12:00:16,282 INFO Comparing database entry: east halmahera with Waci returned from geonames.
2025-08-08 12:00:16,283 INFO 📄 Index 2 | Name: Waci | fcl: P, fcode: PPL | ADM1: North Maluku, ADM2: East Halmahera Regency, ADM3: , ADM4:  | Score: 22.04, Population: 0 | Fuzzy match: 11.111111111111116
2025-08-08 12:00:16,283 INFO Comparing database entry: east halmahera with Buli returned from geonames.
2025-08-08 12:00:16,283 INFO 📄 Index 3 | Name: Buli | fcl: P, fcode: PPL | ADM1: North Maluku, ADM2: East Halmahera Regency, ADM3: , ADM4:  | Score: 20.05, Population: 0 | Fuzzy match: 11.111111111111116
2025-08-08 12:00:16,283 WARNING ❌ No match found with fuzzy score > 80 for city: east halmahera
2025-08-08 12:00:16,283 WARNING ❌ Lookup failed for city='east_halmahera', iso2='ID'
