2025-08-08 12:00:17,273 INFO 🗺️ Starting GeoNames lookup for city='sulawesi', country='indonesia'
2025-08-08 12:00:17,273 INFO 📍 Location is present in the following articles: [ObjectId('67f92214f431fddd61d55d35'), ObjectId('67f92275f431fddd61d55e79')]
2025-08-08 12:00:17,474 INFO Comparing database entry: sulawesi with Makassar returned from geonames.
2025-08-08 12:00:17,474 INFO 📄 Index 0 | Name: Makassar | fcl: P, fcode: PPLA | ADM1: South Sulawesi, ADM2: Kota Makassar, ADM3: , ADM4:  | Score: 86.46, Population: 1423877 | Fuzzy match: 25.0
2025-08-08 12:00:17,474 INFO Comparing database entry: sulawesi with Southeast Sulawesi returned from geonames.
2025-08-08 12:00:17,474 INFO 📄 Index 1 | Name: Southeast Sulawesi | fcl: A, fcode: ADM1 | ADM1: Southeast Sulawesi, ADM2: , ADM3: , ADM4:  | Score: 82.84, Population: 2659156 | Fuzzy match: 61.53846153846154
2025-08-08 12:00:17,474 INFO Comparing database entry: sulawesi with South Sulawesi returned from geonames.
2025-08-08 12:00:17,474 INFO 📄 Index 2 | Name: South Sulawesi | fcl: A, fcode: ADM1 | ADM1: South Sulawesi, ADM2: , ADM3: , ADM4:  | Score: 80.58, Population: 9139531 | Fuzzy match: 72.72727272727273
2025-08-08 12:00:17,475 INFO Comparing database entry: sulawesi with North Sulawesi returned from geonames.
2025-08-08 12:00:17,475 INFO 📄 Index 3 | Name: North Sulawesi | fcl: A, fcode: ADM1 | ADM1: North Sulawesi, ADM2: , ADM3: , ADM4:  | Score: 75.60, Population: 2638631 | Fuzzy match: 72.72727272727273
2025-08-08 12:00:17,643 INFO Comparing database entry: sulawesi with Makassar returned from geonames.
2025-08-08 12:00:17,643 INFO 📄 Index 0 | Name: Makassar | fcl: P, fcode: PPLA | ADM1: South Sulawesi, ADM2: Kota Makassar, ADM3: , ADM4:  | Score: 86.46, Population: 1423877 | Fuzzy match: 25.0
2025-08-08 12:00:17,643 INFO Comparing database entry: sulawesi with Southeast Sulawesi returned from geonames.
2025-08-08 12:00:17,643 INFO 📄 Index 1 | Name: Southeast Sulawesi | fcl: A, fcode: ADM1 | ADM1: Southeast Sulawesi, ADM2: , ADM3: , ADM4:  | Score: 82.84, Population: 2659156 | Fuzzy match: 61.53846153846154
2025-08-08 12:00:17,644 INFO Comparing database entry: sulawesi with South Sulawesi returned from geonames.
2025-08-08 12:00:17,644 INFO 📄 Index 2 | Name: South Sulawesi | fcl: A, fcode: ADM1 | ADM1: South Sulawesi, ADM2: , ADM3: , ADM4:  | Score: 80.58, Population: 9139531 | Fuzzy match: 72.72727272727273
2025-08-08 12:00:17,644 INFO Comparing database entry: sulawesi with North Sulawesi returned from geonames.
2025-08-08 12:00:17,644 INFO 📄 Index 3 | Name: North Sulawesi | fcl: A, fcode: ADM1 | ADM1: North Sulawesi, ADM2: , ADM3: , ADM4:  | Score: 75.60, Population: 2638631 | Fuzzy match: 72.72727272727273
2025-08-08 12:00:17,814 INFO Comparing database entry: sulawesi with Makassar returned from geonames.
2025-08-08 12:00:17,815 INFO 📄 Index 0 | Name: Makassar | fcl: P, fcode: PPLA | ADM1: South Sulawesi, ADM2: Kota Makassar, ADM3: , ADM4:  | Score: 86.46, Population: 1423877 | Fuzzy match: 25.0
2025-08-08 12:00:17,815 INFO Comparing database entry: sulawesi with Southeast Sulawesi returned from geonames.
2025-08-08 12:00:17,815 INFO 📄 Index 1 | Name: Southeast Sulawesi | fcl: A, fcode: ADM1 | ADM1: Southeast Sulawesi, ADM2: , ADM3: , ADM4:  | Score: 82.84, Population: 2659156 | Fuzzy match: 61.53846153846154
2025-08-08 12:00:17,815 INFO Comparing database entry: sulawesi with South Sulawesi returned from geonames.
2025-08-08 12:00:17,815 INFO 📄 Index 2 | Name: South Sulawesi | fcl: A, fcode: ADM1 | ADM1: South Sulawesi, ADM2: , ADM3: , ADM4:  | Score: 80.58, Population: 9139531 | Fuzzy match: 72.72727272727273
2025-08-08 12:00:17,815 INFO Comparing database entry: sulawesi with North Sulawesi returned from geonames.
2025-08-08 12:00:17,815 INFO 📄 Index 3 | Name: North Sulawesi | fcl: A, fcode: ADM1 | ADM1: North Sulawesi, ADM2: , ADM3: , ADM4:  | Score: 75.60, Population: 2638631 | Fuzzy match: 72.72727272727273
2025-08-08 12:00:17,980 INFO Comparing database entry: sulawesi with Makassar returned from geonames.
2025-08-08 12:00:17,980 INFO 📄 Index 0 | Name: Makassar | fcl: P, fcode: PPLA | ADM1: South Sulawesi, ADM2: Kota Makassar, ADM3: , ADM4:  | Score: 86.46, Population: 1423877 | Fuzzy match: 25.0
2025-08-08 12:00:17,980 INFO Comparing database entry: sulawesi with Southeast Sulawesi returned from geonames.
2025-08-08 12:00:17,980 INFO 📄 Index 1 | Name: Southeast Sulawesi | fcl: A, fcode: ADM1 | ADM1: Southeast Sulawesi, ADM2: , ADM3: , ADM4:  | Score: 82.84, Population: 2659156 | Fuzzy match: 61.53846153846154
2025-08-08 12:00:17,980 INFO Comparing database entry: sulawesi with South Sulawesi returned from geonames.
2025-08-08 12:00:17,980 INFO 📄 Index 2 | Name: South Sulawesi | fcl: A, fcode: ADM1 | ADM1: South Sulawesi, ADM2: , ADM3: , ADM4:  | Score: 80.58, Population: 9139531 | Fuzzy match: 72.72727272727273
2025-08-08 12:00:17,980 INFO Comparing database entry: sulawesi with North Sulawesi returned from geonames.
2025-08-08 12:00:17,980 INFO 📄 Index 3 | Name: North Sulawesi | fcl: A, fcode: ADM1 | ADM1: North Sulawesi, ADM2: , ADM3: , ADM4:  | Score: 75.60, Population: 2638631 | Fuzzy match: 72.72727272727273
2025-08-08 12:00:18,138 INFO Comparing database entry: sulawesi with Makassar returned from geonames.
2025-08-08 12:00:18,138 INFO 📄 Index 0 | Name: Makassar | fcl: P, fcode: PPLA | ADM1: South Sulawesi, ADM2: Kota Makassar, ADM3: , ADM4:  | Score: 86.46, Population: 1423877 | Fuzzy match: 25.0
2025-08-08 12:00:18,138 INFO Comparing database entry: sulawesi with Southeast Sulawesi returned from geonames.
2025-08-08 12:00:18,138 INFO 📄 Index 1 | Name: Southeast Sulawesi | fcl: A, fcode: ADM1 | ADM1: Southeast Sulawesi, ADM2: , ADM3: , ADM4:  | Score: 82.84, Population: 2659156 | Fuzzy match: 61.53846153846154
2025-08-08 12:00:18,138 INFO Comparing database entry: sulawesi with South Sulawesi returned from geonames.
2025-08-08 12:00:18,138 INFO 📄 Index 2 | Name: South Sulawesi | fcl: A, fcode: ADM1 | ADM1: South Sulawesi, ADM2: , ADM3: , ADM4:  | Score: 80.58, Population: 9139531 | Fuzzy match: 72.72727272727273
2025-08-08 12:00:18,138 INFO Comparing database entry: sulawesi with North Sulawesi returned from geonames.
2025-08-08 12:00:18,138 INFO 📄 Index 3 | Name: North Sulawesi | fcl: A, fcode: ADM1 | ADM1: North Sulawesi, ADM2: , ADM3: , ADM4:  | Score: 75.60, Population: 2638631 | Fuzzy match: 72.72727272727273
2025-08-08 12:00:18,308 INFO Comparing database entry: sulawesi with Makassar returned from geonames.
2025-08-08 12:00:18,308 INFO 📄 Index 0 | Name: Makassar | fcl: P, fcode: PPLA | ADM1: South Sulawesi, ADM2: Kota Makassar, ADM3: , ADM4:  | Score: 86.46, Population: 1423877 | Fuzzy match: 25.0
2025-08-08 12:00:18,308 INFO Comparing database entry: sulawesi with Southeast Sulawesi returned from geonames.
2025-08-08 12:00:18,309 INFO 📄 Index 1 | Name: Southeast Sulawesi | fcl: A, fcode: ADM1 | ADM1: Southeast Sulawesi, ADM2: , ADM3: , ADM4:  | Score: 82.84, Population: 2659156 | Fuzzy match: 61.53846153846154
2025-08-08 12:00:18,309 INFO Comparing database entry: sulawesi with South Sulawesi returned from geonames.
2025-08-08 12:00:18,309 INFO 📄 Index 2 | Name: South Sulawesi | fcl: A, fcode: ADM1 | ADM1: South Sulawesi, ADM2: , ADM3: , ADM4:  | Score: 80.58, Population: 9139531 | Fuzzy match: 72.72727272727273
2025-08-08 12:00:18,309 INFO Comparing database entry: sulawesi with North Sulawesi returned from geonames.
2025-08-08 12:00:18,309 INFO 📄 Index 3 | Name: North Sulawesi | fcl: A, fcode: ADM1 | ADM1: North Sulawesi, ADM2: , ADM3: , ADM4:  | Score: 75.60, Population: 2638631 | Fuzzy match: 72.72727272727273
2025-08-08 12:00:18,309 WARNING ❌ No match found with fuzzy score > 80 for city: sulawesi
2025-08-08 12:00:18,309 WARNING ❌ Lookup failed for city='sulawesi', iso2='ID'
