2025-08-08 11:46:15,751 INFO 🗺️ Starting GeoNames lookup for city='subang', country='indonesia'
2025-08-08 11:46:15,751 INFO 📍 Location is present in the following articles: [ObjectId('67f52ce5981040986eab7ae3'), ObjectId('67f52ced981040986eab7b04')]
2025-08-08 11:46:15,934 INFO Comparing database entry: subang with Kabupaten Subang returned from geonames.
2025-08-08 11:46:15,934 INFO 📄 Index 0 | Name: Kabupaten Subang | fcl: A, fcode: ADM2 | ADM1: West Java, ADM2: Kabupaten Subang, ADM3: , ADM4:  | Score: 32.77, Population: 1566916 | Fuzzy match: 54.54545454545454
2025-08-08 11:46:15,934 INFO Comparing database entry: subang with Pamanukan returned from geonames.
2025-08-08 11:46:15,934 INFO 📄 Index 1 | Name: Pamanukan | fcl: P, fcode: PPL | ADM1: West Java, ADM2: Kabupaten Subang, ADM3: , ADM4:  | Score: 30.34, Population: 114290 | Fuzzy match: 40.0
2025-08-08 11:46:15,934 INFO Comparing database entry: subang with Desa Subang Jaya returned from geonames.
2025-08-08 11:46:15,934 INFO 📄 Index 2 | Name: Desa Subang Jaya | fcl: A, fcode: ADM4 | ADM1: Lampung, ADM2: , ADM3: , ADM4:  | Score: 18.72, Population: 0 | Fuzzy match: 54.54545454545454
2025-08-08 11:46:15,934 INFO Comparing database entry: subang with Kelurahan Subang Mas returned from geonames.
2025-08-08 11:46:15,935 INFO 📄 Index 3 | Name: Kelurahan Subang Mas | fcl: A, fcode: ADM4 | ADM1: Riau Islands, ADM2: Kota Batam, ADM3: Kecamatan Galang, ADM4: Kelurahan Subang Mas | Score: 18.35, Population: 0 | Fuzzy match: 46.15384615384615
2025-08-08 11:46:16,079 INFO Comparing database entry: subang with Kabupaten Subang returned from geonames.
2025-08-08 11:46:16,079 INFO 📄 Index 0 | Name: Kabupaten Subang | fcl: A, fcode: ADM2 | ADM1: West Java, ADM2: Kabupaten Subang, ADM3: , ADM4:  | Score: 32.77, Population: 1566916 | Fuzzy match: 54.54545454545454
2025-08-08 11:46:16,079 INFO Comparing database entry: subang with Pamanukan returned from geonames.
2025-08-08 11:46:16,079 INFO 📄 Index 1 | Name: Pamanukan | fcl: P, fcode: PPL | ADM1: West Java, ADM2: Kabupaten Subang, ADM3: , ADM4:  | Score: 30.34, Population: 114290 | Fuzzy match: 40.0
2025-08-08 11:46:16,079 INFO Comparing database entry: subang with Desa Subang Jaya returned from geonames.
2025-08-08 11:46:16,079 INFO 📄 Index 2 | Name: Desa Subang Jaya | fcl: A, fcode: ADM4 | ADM1: Lampung, ADM2: , ADM3: , ADM4:  | Score: 18.72, Population: 0 | Fuzzy match: 54.54545454545454
2025-08-08 11:46:16,079 INFO Comparing database entry: subang with Kelurahan Subang Mas returned from geonames.
2025-08-08 11:46:16,079 INFO 📄 Index 3 | Name: Kelurahan Subang Mas | fcl: A, fcode: ADM4 | ADM1: Riau Islands, ADM2: Kota Batam, ADM3: Kecamatan Galang, ADM4: Kelurahan Subang Mas | Score: 18.35, Population: 0 | Fuzzy match: 46.15384615384615
2025-08-08 11:46:16,244 INFO Comparing database entry: subang with Kabupaten Subang returned from geonames.
2025-08-08 11:46:16,244 INFO 📄 Index 0 | Name: Kabupaten Subang | fcl: A, fcode: ADM2 | ADM1: West Java, ADM2: Kabupaten Subang, ADM3: , ADM4:  | Score: 32.77, Population: 1566916 | Fuzzy match: 54.54545454545454
2025-08-08 11:46:16,244 INFO Comparing database entry: subang with Pamanukan returned from geonames.
2025-08-08 11:46:16,244 INFO 📄 Index 1 | Name: Pamanukan | fcl: P, fcode: PPL | ADM1: West Java, ADM2: Kabupaten Subang, ADM3: , ADM4:  | Score: 30.34, Population: 114290 | Fuzzy match: 40.0
2025-08-08 11:46:16,244 INFO Comparing database entry: subang with Desa Subang Jaya returned from geonames.
2025-08-08 11:46:16,244 INFO 📄 Index 2 | Name: Desa Subang Jaya | fcl: A, fcode: ADM4 | ADM1: Lampung, ADM2: , ADM3: , ADM4:  | Score: 18.72, Population: 0 | Fuzzy match: 54.54545454545454
2025-08-08 11:46:16,244 INFO Comparing database entry: subang with Kelurahan Subang Mas returned from geonames.
2025-08-08 11:46:16,244 INFO 📄 Index 3 | Name: Kelurahan Subang Mas | fcl: A, fcode: ADM4 | ADM1: Riau Islands, ADM2: Kota Batam, ADM3: Kecamatan Galang, ADM4: Kelurahan Subang Mas | Score: 18.35, Population: 0 | Fuzzy match: 46.15384615384615
2025-08-08 11:46:16,424 INFO Comparing database entry: subang with Kabupaten Subang returned from geonames.
2025-08-08 11:46:16,424 INFO 📄 Index 0 | Name: Kabupaten Subang | fcl: A, fcode: ADM2 | ADM1: West Java, ADM2: Kabupaten Subang, ADM3: , ADM4:  | Score: 32.77, Population: 1566916 | Fuzzy match: 54.54545454545454
2025-08-08 11:46:16,424 INFO Comparing database entry: subang with Pamanukan returned from geonames.
2025-08-08 11:46:16,424 INFO 📄 Index 1 | Name: Pamanukan | fcl: P, fcode: PPL | ADM1: West Java, ADM2: Kabupaten Subang, ADM3: , ADM4:  | Score: 30.34, Population: 114290 | Fuzzy match: 40.0
2025-08-08 11:46:16,424 INFO Comparing database entry: subang with Desa Subang Jaya returned from geonames.
2025-08-08 11:46:16,424 INFO 📄 Index 2 | Name: Desa Subang Jaya | fcl: A, fcode: ADM4 | ADM1: Lampung, ADM2: , ADM3: , ADM4:  | Score: 18.72, Population: 0 | Fuzzy match: 54.54545454545454
2025-08-08 11:46:16,424 INFO Comparing database entry: subang with Kelurahan Subang Mas returned from geonames.
2025-08-08 11:46:16,424 INFO 📄 Index 3 | Name: Kelurahan Subang Mas | fcl: A, fcode: ADM4 | ADM1: Riau Islands, ADM2: Kota Batam, ADM3: Kecamatan Galang, ADM4: Kelurahan Subang Mas | Score: 18.35, Population: 0 | Fuzzy match: 46.15384615384615
2025-08-08 11:46:16,575 INFO Comparing database entry: subang with Kabupaten Subang returned from geonames.
2025-08-08 11:46:16,575 INFO 📄 Index 0 | Name: Kabupaten Subang | fcl: A, fcode: ADM2 | ADM1: West Java, ADM2: Kabupaten Subang, ADM3: , ADM4:  | Score: 32.77, Population: 1566916 | Fuzzy match: 54.54545454545454
2025-08-08 11:46:16,575 INFO Comparing database entry: subang with Pamanukan returned from geonames.
2025-08-08 11:46:16,575 INFO 📄 Index 1 | Name: Pamanukan | fcl: P, fcode: PPL | ADM1: West Java, ADM2: Kabupaten Subang, ADM3: , ADM4:  | Score: 30.34, Population: 114290 | Fuzzy match: 40.0
2025-08-08 11:46:16,575 INFO Comparing database entry: subang with Desa Subang Jaya returned from geonames.
2025-08-08 11:46:16,575 INFO 📄 Index 2 | Name: Desa Subang Jaya | fcl: A, fcode: ADM4 | ADM1: Lampung, ADM2: , ADM3: , ADM4:  | Score: 18.72, Population: 0 | Fuzzy match: 54.54545454545454
2025-08-08 11:46:16,575 INFO Comparing database entry: subang with Kelurahan Subang Mas returned from geonames.
2025-08-08 11:46:16,575 INFO 📄 Index 3 | Name: Kelurahan Subang Mas | fcl: A, fcode: ADM4 | ADM1: Riau Islands, ADM2: Kota Batam, ADM3: Kecamatan Galang, ADM4: Kelurahan Subang Mas | Score: 18.35, Population: 0 | Fuzzy match: 46.15384615384615
2025-08-08 11:46:16,738 INFO Comparing database entry: subang with Kabupaten Subang returned from geonames.
2025-08-08 11:46:16,738 INFO 📄 Index 0 | Name: Kabupaten Subang | fcl: A, fcode: ADM2 | ADM1: West Java, ADM2: Kabupaten Subang, ADM3: , ADM4:  | Score: 32.77, Population: 1566916 | Fuzzy match: 54.54545454545454
2025-08-08 11:46:16,738 INFO Comparing database entry: subang with Pamanukan returned from geonames.
2025-08-08 11:46:16,738 INFO 📄 Index 1 | Name: Pamanukan | fcl: P, fcode: PPL | ADM1: West Java, ADM2: Kabupaten Subang, ADM3: , ADM4:  | Score: 30.34, Population: 114290 | Fuzzy match: 40.0
2025-08-08 11:46:16,739 INFO Comparing database entry: subang with Desa Subang Jaya returned from geonames.
2025-08-08 11:46:16,739 INFO 📄 Index 2 | Name: Desa Subang Jaya | fcl: A, fcode: ADM4 | ADM1: Lampung, ADM2: , ADM3: , ADM4:  | Score: 18.72, Population: 0 | Fuzzy match: 54.54545454545454
2025-08-08 11:46:16,739 INFO Comparing database entry: subang with Kelurahan Subang Mas returned from geonames.
2025-08-08 11:46:16,739 INFO 📄 Index 3 | Name: Kelurahan Subang Mas | fcl: A, fcode: ADM4 | ADM1: Riau Islands, ADM2: Kota Batam, ADM3: Kecamatan Galang, ADM4: Kelurahan Subang Mas | Score: 18.35, Population: 0 | Fuzzy match: 46.15384615384615
2025-08-08 11:46:16,739 WARNING ❌ No match found with fuzzy score > 80 for city: subang
2025-08-08 11:46:16,739 WARNING ❌ Lookup failed for city='subang', iso2='ID'
