2025-08-19 17:11:57,603 INFO 🗺️ Starting GeoNames lookup for city='meath', country='ireland'
2025-08-19 17:11:57,603 INFO 📍 Location is present in the following articles: [ObjectId('67fa7e16eaa4fb525afebe5f')]
2025-08-19 17:11:57,740 INFO Comparing database entry: meath with Co Meath returned from geonames.
2025-08-19 17:11:57,740 INFO 📄 Index 0 | Name: Co Meath | fcl: A, fcode: ADM2 | ADM1: Leinster, ADM2: Meath, ADM3: , ADM4:  | Latitude: 53.66667, Longitude: -6.66667 | Score: 55.33, Population: 220296 | Fuzzy match: 76.92307692307692
2025-08-19 17:11:57,740 INFO Comparing database entry: meath with Dunboyne returned from geonames.
2025-08-19 17:11:57,740 INFO 📄 Index 1 | Name: Dunboyne | fcl: P, fcode: PPL | ADM1: Leinster, ADM2: Meath, ADM3: , ADM4:  | Latitude: 53.41901, Longitude: -6.47375 | Score: 43.19, Population: 7272 | Fuzzy match: 15.384615384615385
2025-08-19 17:11:57,741 INFO Comparing database entry: meath with Ashbourne returned from geonames.
2025-08-19 17:11:57,741 INFO 📄 Index 2 | Name: Ashbourne | fcl: P, fcode: PPL | ADM1: Leinster, ADM2: Meath, ADM3: , ADM4:  | Latitude: 53.51163, Longitude: -6.39821 | Score: 43.19, Population: 12679 | Fuzzy match: 28.57142857142857
2025-08-19 17:11:57,741 INFO Comparing database entry: meath with Navan returned from geonames.
2025-08-19 17:11:57,741 INFO 📄 Index 3 | Name: Navan | fcl: P, fcode: PPLA2 | ADM1: Leinster, ADM2: Meath, ADM3: , ADM4:  | Latitude: 53.65278, Longitude: -6.68139 | Score: 43.19, Population: 24545 | Fuzzy match: 19.999999999999996
2025-08-19 17:11:57,920 INFO Comparing database entry: meath with Co Meath returned from geonames.
2025-08-19 17:11:57,920 INFO 📄 Index 0 | Name: Co Meath | fcl: A, fcode: ADM2 | ADM1: Leinster, ADM2: Meath, ADM3: , ADM4:  | Latitude: 53.66667, Longitude: -6.66667 | Score: 55.33, Population: 220296 | Fuzzy match: 76.92307692307692
2025-08-19 17:11:57,920 INFO Comparing database entry: meath with Dunboyne returned from geonames.
2025-08-19 17:11:57,920 INFO 📄 Index 1 | Name: Dunboyne | fcl: P, fcode: PPL | ADM1: Leinster, ADM2: Meath, ADM3: , ADM4:  | Latitude: 53.41901, Longitude: -6.47375 | Score: 43.19, Population: 7272 | Fuzzy match: 15.384615384615385
2025-08-19 17:11:57,920 INFO Comparing database entry: meath with Ashbourne returned from geonames.
2025-08-19 17:11:57,920 INFO 📄 Index 2 | Name: Ashbourne | fcl: P, fcode: PPL | ADM1: Leinster, ADM2: Meath, ADM3: , ADM4:  | Latitude: 53.51163, Longitude: -6.39821 | Score: 43.19, Population: 12679 | Fuzzy match: 28.57142857142857
2025-08-19 17:11:57,921 INFO Comparing database entry: meath with Navan returned from geonames.
2025-08-19 17:11:57,921 INFO 📄 Index 3 | Name: Navan | fcl: P, fcode: PPLA2 | ADM1: Leinster, ADM2: Meath, ADM3: , ADM4:  | Latitude: 53.65278, Longitude: -6.68139 | Score: 43.19, Population: 24545 | Fuzzy match: 19.999999999999996
2025-08-19 17:11:58,077 INFO Comparing database entry: meath with Co Meath returned from geonames.
2025-08-19 17:11:58,077 INFO 📄 Index 0 | Name: Co Meath | fcl: A, fcode: ADM2 | ADM1: Leinster, ADM2: Meath, ADM3: , ADM4:  | Latitude: 53.66667, Longitude: -6.66667 | Score: 55.33, Population: 220296 | Fuzzy match: 76.92307692307692
2025-08-19 17:11:58,077 INFO Comparing database entry: meath with Dunboyne returned from geonames.
2025-08-19 17:11:58,077 INFO 📄 Index 1 | Name: Dunboyne | fcl: P, fcode: PPL | ADM1: Leinster, ADM2: Meath, ADM3: , ADM4:  | Latitude: 53.41901, Longitude: -6.47375 | Score: 43.19, Population: 7272 | Fuzzy match: 15.384615384615385
2025-08-19 17:11:58,077 INFO Comparing database entry: meath with Ashbourne returned from geonames.
2025-08-19 17:11:58,077 INFO 📄 Index 2 | Name: Ashbourne | fcl: P, fcode: PPL | ADM1: Leinster, ADM2: Meath, ADM3: , ADM4:  | Latitude: 53.51163, Longitude: -6.39821 | Score: 43.19, Population: 12679 | Fuzzy match: 28.57142857142857
2025-08-19 17:11:58,077 INFO Comparing database entry: meath with Navan returned from geonames.
2025-08-19 17:11:58,077 INFO 📄 Index 3 | Name: Navan | fcl: P, fcode: PPLA2 | ADM1: Leinster, ADM2: Meath, ADM3: , ADM4:  | Latitude: 53.65278, Longitude: -6.68139 | Score: 43.19, Population: 24545 | Fuzzy match: 19.999999999999996
2025-08-19 17:11:58,229 INFO Comparing database entry: meath with Co Meath returned from geonames.
2025-08-19 17:11:58,229 INFO 📄 Index 0 | Name: Co Meath | fcl: A, fcode: ADM2 | ADM1: Leinster, ADM2: Meath, ADM3: , ADM4:  | Latitude: 53.66667, Longitude: -6.66667 | Score: 55.33, Population: 220296 | Fuzzy match: 76.92307692307692
2025-08-19 17:11:58,229 INFO Comparing database entry: meath with Dunboyne returned from geonames.
2025-08-19 17:11:58,229 INFO 📄 Index 1 | Name: Dunboyne | fcl: P, fcode: PPL | ADM1: Leinster, ADM2: Meath, ADM3: , ADM4:  | Latitude: 53.41901, Longitude: -6.47375 | Score: 43.19, Population: 7272 | Fuzzy match: 15.384615384615385
2025-08-19 17:11:58,229 INFO Comparing database entry: meath with Ashbourne returned from geonames.
2025-08-19 17:11:58,229 INFO 📄 Index 2 | Name: Ashbourne | fcl: P, fcode: PPL | ADM1: Leinster, ADM2: Meath, ADM3: , ADM4:  | Latitude: 53.51163, Longitude: -6.39821 | Score: 43.19, Population: 12679 | Fuzzy match: 28.57142857142857
2025-08-19 17:11:58,229 INFO Comparing database entry: meath with Navan returned from geonames.
2025-08-19 17:11:58,229 INFO 📄 Index 3 | Name: Navan | fcl: P, fcode: PPLA2 | ADM1: Leinster, ADM2: Meath, ADM3: , ADM4:  | Latitude: 53.65278, Longitude: -6.68139 | Score: 43.19, Population: 24545 | Fuzzy match: 19.999999999999996
2025-08-19 17:11:58,384 INFO Comparing database entry: meath with Co Meath returned from geonames.
2025-08-19 17:11:58,384 INFO 📄 Index 0 | Name: Co Meath | fcl: A, fcode: ADM2 | ADM1: Leinster, ADM2: Meath, ADM3: , ADM4:  | Latitude: 53.66667, Longitude: -6.66667 | Score: 55.33, Population: 220296 | Fuzzy match: 76.92307692307692
2025-08-19 17:11:58,384 INFO Comparing database entry: meath with Dunboyne returned from geonames.
2025-08-19 17:11:58,384 INFO 📄 Index 1 | Name: Dunboyne | fcl: P, fcode: PPL | ADM1: Leinster, ADM2: Meath, ADM3: , ADM4:  | Latitude: 53.41901, Longitude: -6.47375 | Score: 43.19, Population: 7272 | Fuzzy match: 15.384615384615385
2025-08-19 17:11:58,384 INFO Comparing database entry: meath with Ashbourne returned from geonames.
2025-08-19 17:11:58,384 INFO 📄 Index 2 | Name: Ashbourne | fcl: P, fcode: PPL | ADM1: Leinster, ADM2: Meath, ADM3: , ADM4:  | Latitude: 53.51163, Longitude: -6.39821 | Score: 43.19, Population: 12679 | Fuzzy match: 28.57142857142857
2025-08-19 17:11:58,384 INFO Comparing database entry: meath with Navan returned from geonames.
2025-08-19 17:11:58,384 INFO 📄 Index 3 | Name: Navan | fcl: P, fcode: PPLA2 | ADM1: Leinster, ADM2: Meath, ADM3: , ADM4:  | Latitude: 53.65278, Longitude: -6.68139 | Score: 43.19, Population: 24545 | Fuzzy match: 19.999999999999996
2025-08-19 17:11:58,515 INFO Comparing database entry: meath with Co Meath returned from geonames.
2025-08-19 17:11:58,515 INFO 📄 Index 0 | Name: Co Meath | fcl: A, fcode: ADM2 | ADM1: Leinster, ADM2: Meath, ADM3: , ADM4:  | Latitude: 53.66667, Longitude: -6.66667 | Score: 55.33, Population: 220296 | Fuzzy match: 76.92307692307692
2025-08-19 17:11:58,515 INFO Comparing database entry: meath with Dunboyne returned from geonames.
2025-08-19 17:11:58,515 INFO 📄 Index 1 | Name: Dunboyne | fcl: P, fcode: PPL | ADM1: Leinster, ADM2: Meath, ADM3: , ADM4:  | Latitude: 53.41901, Longitude: -6.47375 | Score: 43.19, Population: 7272 | Fuzzy match: 15.384615384615385
2025-08-19 17:11:58,515 INFO Comparing database entry: meath with Ashbourne returned from geonames.
2025-08-19 17:11:58,515 INFO 📄 Index 2 | Name: Ashbourne | fcl: P, fcode: PPL | ADM1: Leinster, ADM2: Meath, ADM3: , ADM4:  | Latitude: 53.51163, Longitude: -6.39821 | Score: 43.19, Population: 12679 | Fuzzy match: 28.57142857142857
2025-08-19 17:11:58,515 INFO Comparing database entry: meath with Navan returned from geonames.
2025-08-19 17:11:58,515 INFO 📄 Index 3 | Name: Navan | fcl: P, fcode: PPLA2 | ADM1: Leinster, ADM2: Meath, ADM3: , ADM4:  | Latitude: 53.65278, Longitude: -6.68139 | Score: 43.19, Population: 24545 | Fuzzy match: 19.999999999999996
2025-08-19 17:11:58,515 WARNING ❌ No match found with fuzzy score > 80 for city: meath
2025-08-19 17:11:58,515 WARNING ❌ Lookup failed for city='meath', iso2='IE'
