2025-08-08 12:00:14,172 INFO 🗺️ Starting GeoNames lookup for city='bangalore', country='india'
2025-08-08 12:00:14,172 INFO 📍 Location is present in the following articles: [ObjectId('67f9225ef431fddd61d55e2b')]
2025-08-08 12:00:14,318 INFO Comparing database entry: bangalore with Bengaluru returned from geonames.
2025-08-08 12:00:14,318 INFO 📄 Index 0 | Name: Bengaluru | fcl: P, fcode: PPLA | ADM1: Karnataka, ADM2: Bengaluru Urban, ADM3: , ADM4:  | Score: 98.69, Population: 8443675 | Fuzzy match: 66.66666666666667
2025-08-08 12:00:14,318 INFO Comparing database entry: bangalore with Bengaluru Rural returned from geonames.
2025-08-08 12:00:14,318 INFO 📄 Index 1 | Name: Bengaluru Rural | fcl: A, fcode: ADM2 | ADM1: Karnataka, ADM2: Bengaluru Rural, ADM3: , ADM4:  | Score: 41.58, Population: 990923 | Fuzzy match: 50.0
2025-08-08 12:00:14,318 INFO Comparing database entry: bangalore with Yelahanka returned from geonames.
2025-08-08 12:00:14,318 INFO 📄 Index 2 | Name: Yelahanka | fcl: P, fcode: PPL | ADM1: Karnataka, ADM2: Bengaluru Urban, ADM3: Bangalore (North), ADM4:  | Score: 35.00, Population: 116447 | Fuzzy match: 33.333333333333336
2025-08-08 12:00:14,318 INFO Comparing database entry: bangalore with Bengaluru Urban returned from geonames.
2025-08-08 12:00:14,318 INFO 📄 Index 3 | Name: Bengaluru Urban | fcl: A, fcode: ADM2 | ADM1: Karnataka, ADM2: Bengaluru Urban, ADM3: , ADM4:  | Score: 34.56, Population: 9621551 | Fuzzy match: 50.0
2025-08-08 12:00:14,485 INFO Comparing database entry: bangalore with Bengaluru returned from geonames.
2025-08-08 12:00:14,485 INFO 📄 Index 0 | Name: Bengaluru | fcl: P, fcode: PPLA | ADM1: Karnataka, ADM2: Bengaluru Urban, ADM3: , ADM4:  | Score: 98.69, Population: 8443675 | Fuzzy match: 66.66666666666667
2025-08-08 12:00:14,485 INFO Comparing database entry: bangalore with Bengaluru Rural returned from geonames.
2025-08-08 12:00:14,485 INFO 📄 Index 1 | Name: Bengaluru Rural | fcl: A, fcode: ADM2 | ADM1: Karnataka, ADM2: Bengaluru Rural, ADM3: , ADM4:  | Score: 41.58, Population: 990923 | Fuzzy match: 50.0
2025-08-08 12:00:14,485 INFO Comparing database entry: bangalore with Yelahanka returned from geonames.
2025-08-08 12:00:14,485 INFO 📄 Index 2 | Name: Yelahanka | fcl: P, fcode: PPL | ADM1: Karnataka, ADM2: Bengaluru Urban, ADM3: Bangalore (North), ADM4:  | Score: 35.00, Population: 116447 | Fuzzy match: 33.333333333333336
2025-08-08 12:00:14,485 INFO Comparing database entry: bangalore with Bengaluru Urban returned from geonames.
2025-08-08 12:00:14,485 INFO 📄 Index 3 | Name: Bengaluru Urban | fcl: A, fcode: ADM2 | ADM1: Karnataka, ADM2: Bengaluru Urban, ADM3: , ADM4:  | Score: 34.56, Population: 9621551 | Fuzzy match: 50.0
2025-08-08 12:00:14,650 INFO Comparing database entry: bangalore with Bengaluru returned from geonames.
2025-08-08 12:00:14,651 INFO 📄 Index 0 | Name: Bengaluru | fcl: P, fcode: PPLA | ADM1: Karnataka, ADM2: Bengaluru Urban, ADM3: , ADM4:  | Score: 98.69, Population: 8443675 | Fuzzy match: 66.66666666666667
2025-08-08 12:00:14,651 INFO Comparing database entry: bangalore with Bengaluru Rural returned from geonames.
2025-08-08 12:00:14,651 INFO 📄 Index 1 | Name: Bengaluru Rural | fcl: A, fcode: ADM2 | ADM1: Karnataka, ADM2: Bengaluru Rural, ADM3: , ADM4:  | Score: 41.58, Population: 990923 | Fuzzy match: 50.0
2025-08-08 12:00:14,651 INFO Comparing database entry: bangalore with Yelahanka returned from geonames.
2025-08-08 12:00:14,651 INFO 📄 Index 2 | Name: Yelahanka | fcl: P, fcode: PPL | ADM1: Karnataka, ADM2: Bengaluru Urban, ADM3: Bangalore (North), ADM4:  | Score: 35.00, Population: 116447 | Fuzzy match: 33.333333333333336
2025-08-08 12:00:14,651 INFO Comparing database entry: bangalore with Bengaluru Urban returned from geonames.
2025-08-08 12:00:14,651 INFO 📄 Index 3 | Name: Bengaluru Urban | fcl: A, fcode: ADM2 | ADM1: Karnataka, ADM2: Bengaluru Urban, ADM3: , ADM4:  | Score: 34.56, Population: 9621551 | Fuzzy match: 50.0
2025-08-08 12:00:14,821 INFO Comparing database entry: bangalore with Bengaluru returned from geonames.
2025-08-08 12:00:14,821 INFO 📄 Index 0 | Name: Bengaluru | fcl: P, fcode: PPLA | ADM1: Karnataka, ADM2: Bengaluru Urban, ADM3: , ADM4:  | Score: 98.69, Population: 8443675 | Fuzzy match: 66.66666666666667
2025-08-08 12:00:14,821 INFO Comparing database entry: bangalore with Bengaluru Rural returned from geonames.
2025-08-08 12:00:14,821 INFO 📄 Index 1 | Name: Bengaluru Rural | fcl: A, fcode: ADM2 | ADM1: Karnataka, ADM2: Bengaluru Rural, ADM3: , ADM4:  | Score: 41.58, Population: 990923 | Fuzzy match: 50.0
2025-08-08 12:00:14,821 INFO Comparing database entry: bangalore with Yelahanka returned from geonames.
2025-08-08 12:00:14,821 INFO 📄 Index 2 | Name: Yelahanka | fcl: P, fcode: PPL | ADM1: Karnataka, ADM2: Bengaluru Urban, ADM3: Bangalore (North), ADM4:  | Score: 35.00, Population: 116447 | Fuzzy match: 33.333333333333336
2025-08-08 12:00:14,821 INFO Comparing database entry: bangalore with Bengaluru Urban returned from geonames.
2025-08-08 12:00:14,821 INFO 📄 Index 3 | Name: Bengaluru Urban | fcl: A, fcode: ADM2 | ADM1: Karnataka, ADM2: Bengaluru Urban, ADM3: , ADM4:  | Score: 34.56, Population: 9621551 | Fuzzy match: 50.0
2025-08-08 12:00:14,959 INFO Comparing database entry: bangalore with Bengaluru returned from geonames.
2025-08-08 12:00:14,959 INFO 📄 Index 0 | Name: Bengaluru | fcl: P, fcode: PPLA | ADM1: Karnataka, ADM2: Bengaluru Urban, ADM3: , ADM4:  | Score: 98.69, Population: 8443675 | Fuzzy match: 66.66666666666667
2025-08-08 12:00:14,959 INFO Comparing database entry: bangalore with Bengaluru Rural returned from geonames.
2025-08-08 12:00:14,959 INFO 📄 Index 1 | Name: Bengaluru Rural | fcl: A, fcode: ADM2 | ADM1: Karnataka, ADM2: Bengaluru Rural, ADM3: , ADM4:  | Score: 41.58, Population: 990923 | Fuzzy match: 50.0
2025-08-08 12:00:14,960 INFO Comparing database entry: bangalore with Yelahanka returned from geonames.
2025-08-08 12:00:14,960 INFO 📄 Index 2 | Name: Yelahanka | fcl: P, fcode: PPL | ADM1: Karnataka, ADM2: Bengaluru Urban, ADM3: Bangalore (North), ADM4:  | Score: 35.00, Population: 116447 | Fuzzy match: 33.333333333333336
2025-08-08 12:00:14,960 INFO Comparing database entry: bangalore with Bengaluru Urban returned from geonames.
2025-08-08 12:00:14,960 INFO 📄 Index 3 | Name: Bengaluru Urban | fcl: A, fcode: ADM2 | ADM1: Karnataka, ADM2: Bengaluru Urban, ADM3: , ADM4:  | Score: 34.56, Population: 9621551 | Fuzzy match: 50.0
2025-08-08 12:00:15,113 INFO Comparing database entry: bangalore with Bengaluru returned from geonames.
2025-08-08 12:00:15,113 INFO 📄 Index 0 | Name: Bengaluru | fcl: P, fcode: PPLA | ADM1: Karnataka, ADM2: Bengaluru Urban, ADM3: , ADM4:  | Score: 98.69, Population: 8443675 | Fuzzy match: 66.66666666666667
2025-08-08 12:00:15,114 INFO Comparing database entry: bangalore with Bengaluru Rural returned from geonames.
2025-08-08 12:00:15,114 INFO 📄 Index 1 | Name: Bengaluru Rural | fcl: A, fcode: ADM2 | ADM1: Karnataka, ADM2: Bengaluru Rural, ADM3: , ADM4:  | Score: 41.58, Population: 990923 | Fuzzy match: 50.0
2025-08-08 12:00:15,114 INFO Comparing database entry: bangalore with Yelahanka returned from geonames.
2025-08-08 12:00:15,114 INFO 📄 Index 2 | Name: Yelahanka | fcl: P, fcode: PPL | ADM1: Karnataka, ADM2: Bengaluru Urban, ADM3: Bangalore (North), ADM4:  | Score: 35.00, Population: 116447 | Fuzzy match: 33.333333333333336
2025-08-08 12:00:15,114 INFO Comparing database entry: bangalore with Bengaluru Urban returned from geonames.
2025-08-08 12:00:15,114 INFO 📄 Index 3 | Name: Bengaluru Urban | fcl: A, fcode: ADM2 | ADM1: Karnataka, ADM2: Bengaluru Urban, ADM3: , ADM4:  | Score: 34.56, Population: 9621551 | Fuzzy match: 50.0
2025-08-08 12:00:15,114 WARNING ❌ No match found with fuzzy score > 80 for city: bangalore
2025-08-08 12:00:15,114 WARNING ❌ Lookup failed for city='bangalore', iso2='IN'
