2025-08-24 16:18:40,169 INFO 🗺️ Starting GeoNames lookup for city='brindisi sud', country='italy'
2025-08-24 16:18:40,169 INFO 📍 Location is present in the following articles: [ObjectId('67fa7c44eaa4fb525afeb6d1')]
2025-08-24 16:18:40,433 INFO Comparing database entry: brindisi sud with Brindisi returned from geonames.
2025-08-24 16:18:40,433 INFO 📄 Index 0 | Name: Brindisi | fcl: P, fcode: PPLA2 | ADM1: Apulia, ADM2: Province of Brindisi, ADM3: Brindisi, ADM4:  | Latitude: 40.63215, Longitude: 17.93607 | Score: 86.57, Population: 87141 | Fuzzy match: 80.0
2025-08-24 16:18:40,433 INFO Comparing database entry: brindisi sud with Province of Brindisi returned from geonames.
2025-08-24 16:18:40,434 INFO 📄 Index 1 | Name: Province of Brindisi | fcl: A, fcode: ADM2 | ADM1: Apulia, ADM2: Province of Brindisi, ADM3: , ADM4:  | Latitude: 40.58333, Longitude: 17.66667 | Score: 44.26, Population: 392975 | Fuzzy match: 56.25
2025-08-24 16:18:40,434 INFO Comparing database entry: brindisi sud with Carovigno returned from geonames.
2025-08-24 16:18:40,434 INFO 📄 Index 2 | Name: Carovigno | fcl: P, fcode: PPLA3 | ADM1: Apulia, ADM2: Province of Brindisi, ADM3: Carovigno, ADM4:  | Latitude: 40.70626, Longitude: 17.65847 | Score: 31.33, Population: 14043 | Fuzzy match: 28.57142857142857
2025-08-24 16:18:40,434 INFO Comparing database entry: brindisi sud with Ostuni returned from geonames.
2025-08-24 16:18:40,434 INFO 📄 Index 3 | Name: Ostuni | fcl: P, fcode: PPLA3 | ADM1: Apulia, ADM2: Province of Brindisi, ADM3: Ostuni, ADM4:  | Latitude: 40.72913, Longitude: 17.57675 | Score: 31.33, Population: 24157 | Fuzzy match: 22.22222222222222
2025-08-24 16:18:40,580 INFO Comparing database entry: brindisi sud with Brindisi returned from geonames.
2025-08-24 16:18:40,580 INFO 📄 Index 0 | Name: Brindisi | fcl: P, fcode: PPLA2 | ADM1: Apulia, ADM2: Province of Brindisi, ADM3: Brindisi, ADM4:  | Latitude: 40.63215, Longitude: 17.93607 | Score: 86.57, Population: 87141 | Fuzzy match: 80.0
2025-08-24 16:18:40,580 INFO Comparing database entry: brindisi sud with Province of Brindisi returned from geonames.
2025-08-24 16:18:40,580 INFO 📄 Index 1 | Name: Province of Brindisi | fcl: A, fcode: ADM2 | ADM1: Apulia, ADM2: Province of Brindisi, ADM3: , ADM4:  | Latitude: 40.58333, Longitude: 17.66667 | Score: 44.26, Population: 392975 | Fuzzy match: 56.25
2025-08-24 16:18:40,580 INFO Comparing database entry: brindisi sud with Carovigno returned from geonames.
2025-08-24 16:18:40,580 INFO 📄 Index 2 | Name: Carovigno | fcl: P, fcode: PPLA3 | ADM1: Apulia, ADM2: Province of Brindisi, ADM3: Carovigno, ADM4:  | Latitude: 40.70626, Longitude: 17.65847 | Score: 31.33, Population: 14043 | Fuzzy match: 28.57142857142857
2025-08-24 16:18:40,580 INFO Comparing database entry: brindisi sud with Ostuni returned from geonames.
2025-08-24 16:18:40,580 INFO 📄 Index 3 | Name: Ostuni | fcl: P, fcode: PPLA3 | ADM1: Apulia, ADM2: Province of Brindisi, ADM3: Ostuni, ADM4:  | Latitude: 40.72913, Longitude: 17.57675 | Score: 31.33, Population: 24157 | Fuzzy match: 22.22222222222222
2025-08-24 16:18:40,732 INFO Comparing database entry: brindisi sud with Brindisi returned from geonames.
2025-08-24 16:18:40,732 INFO 📄 Index 0 | Name: Brindisi | fcl: P, fcode: PPLA2 | ADM1: Apulia, ADM2: Province of Brindisi, ADM3: Brindisi, ADM4:  | Latitude: 40.63215, Longitude: 17.93607 | Score: 86.57, Population: 87141 | Fuzzy match: 80.0
2025-08-24 16:18:40,732 INFO Comparing database entry: brindisi sud with Province of Brindisi returned from geonames.
2025-08-24 16:18:40,732 INFO 📄 Index 1 | Name: Province of Brindisi | fcl: A, fcode: ADM2 | ADM1: Apulia, ADM2: Province of Brindisi, ADM3: , ADM4:  | Latitude: 40.58333, Longitude: 17.66667 | Score: 44.26, Population: 392975 | Fuzzy match: 56.25
2025-08-24 16:18:40,732 INFO Comparing database entry: brindisi sud with Carovigno returned from geonames.
2025-08-24 16:18:40,732 INFO 📄 Index 2 | Name: Carovigno | fcl: P, fcode: PPLA3 | ADM1: Apulia, ADM2: Province of Brindisi, ADM3: Carovigno, ADM4:  | Latitude: 40.70626, Longitude: 17.65847 | Score: 31.33, Population: 14043 | Fuzzy match: 28.57142857142857
2025-08-24 16:18:40,732 INFO Comparing database entry: brindisi sud with Ostuni returned from geonames.
2025-08-24 16:18:40,732 INFO 📄 Index 3 | Name: Ostuni | fcl: P, fcode: PPLA3 | ADM1: Apulia, ADM2: Province of Brindisi, ADM3: Ostuni, ADM4:  | Latitude: 40.72913, Longitude: 17.57675 | Score: 31.33, Population: 24157 | Fuzzy match: 22.22222222222222
2025-08-24 16:18:40,883 INFO Comparing database entry: brindisi sud with Brindisi returned from geonames.
2025-08-24 16:18:40,883 INFO 📄 Index 0 | Name: Brindisi | fcl: P, fcode: PPLA2 | ADM1: Apulia, ADM2: Province of Brindisi, ADM3: Brindisi, ADM4:  | Latitude: 40.63215, Longitude: 17.93607 | Score: 86.57, Population: 87141 | Fuzzy match: 80.0
2025-08-24 16:18:40,883 INFO Comparing database entry: brindisi sud with Province of Brindisi returned from geonames.
2025-08-24 16:18:40,883 INFO 📄 Index 1 | Name: Province of Brindisi | fcl: A, fcode: ADM2 | ADM1: Apulia, ADM2: Province of Brindisi, ADM3: , ADM4:  | Latitude: 40.58333, Longitude: 17.66667 | Score: 44.26, Population: 392975 | Fuzzy match: 56.25
2025-08-24 16:18:40,883 INFO Comparing database entry: brindisi sud with Carovigno returned from geonames.
2025-08-24 16:18:40,883 INFO 📄 Index 2 | Name: Carovigno | fcl: P, fcode: PPLA3 | ADM1: Apulia, ADM2: Province of Brindisi, ADM3: Carovigno, ADM4:  | Latitude: 40.70626, Longitude: 17.65847 | Score: 31.33, Population: 14043 | Fuzzy match: 28.57142857142857
2025-08-24 16:18:40,883 INFO Comparing database entry: brindisi sud with Ostuni returned from geonames.
2025-08-24 16:18:40,884 INFO 📄 Index 3 | Name: Ostuni | fcl: P, fcode: PPLA3 | ADM1: Apulia, ADM2: Province of Brindisi, ADM3: Ostuni, ADM4:  | Latitude: 40.72913, Longitude: 17.57675 | Score: 31.33, Population: 24157 | Fuzzy match: 22.22222222222222
2025-08-24 16:18:41,034 INFO Comparing database entry: brindisi sud with Brindisi returned from geonames.
2025-08-24 16:18:41,034 INFO 📄 Index 0 | Name: Brindisi | fcl: P, fcode: PPLA2 | ADM1: Apulia, ADM2: Province of Brindisi, ADM3: Brindisi, ADM4:  | Latitude: 40.63215, Longitude: 17.93607 | Score: 86.57, Population: 87141 | Fuzzy match: 80.0
2025-08-24 16:18:41,035 INFO Comparing database entry: brindisi sud with Province of Brindisi returned from geonames.
2025-08-24 16:18:41,035 INFO 📄 Index 1 | Name: Province of Brindisi | fcl: A, fcode: ADM2 | ADM1: Apulia, ADM2: Province of Brindisi, ADM3: , ADM4:  | Latitude: 40.58333, Longitude: 17.66667 | Score: 44.26, Population: 392975 | Fuzzy match: 56.25
2025-08-24 16:18:41,035 INFO Comparing database entry: brindisi sud with Carovigno returned from geonames.
2025-08-24 16:18:41,035 INFO 📄 Index 2 | Name: Carovigno | fcl: P, fcode: PPLA3 | ADM1: Apulia, ADM2: Province of Brindisi, ADM3: Carovigno, ADM4:  | Latitude: 40.70626, Longitude: 17.65847 | Score: 31.33, Population: 14043 | Fuzzy match: 28.57142857142857
2025-08-24 16:18:41,035 INFO Comparing database entry: brindisi sud with Ostuni returned from geonames.
2025-08-24 16:18:41,035 INFO 📄 Index 3 | Name: Ostuni | fcl: P, fcode: PPLA3 | ADM1: Apulia, ADM2: Province of Brindisi, ADM3: Ostuni, ADM4:  | Latitude: 40.72913, Longitude: 17.57675 | Score: 31.33, Population: 24157 | Fuzzy match: 22.22222222222222
2025-08-24 16:18:41,184 INFO Comparing database entry: brindisi sud with Brindisi returned from geonames.
2025-08-24 16:18:41,185 INFO 📄 Index 0 | Name: Brindisi | fcl: P, fcode: PPLA2 | ADM1: Apulia, ADM2: Province of Brindisi, ADM3: Brindisi, ADM4:  | Latitude: 40.63215, Longitude: 17.93607 | Score: 86.57, Population: 87141 | Fuzzy match: 80.0
2025-08-24 16:18:41,185 INFO Comparing database entry: brindisi sud with Province of Brindisi returned from geonames.
2025-08-24 16:18:41,185 INFO 📄 Index 1 | Name: Province of Brindisi | fcl: A, fcode: ADM2 | ADM1: Apulia, ADM2: Province of Brindisi, ADM3: , ADM4:  | Latitude: 40.58333, Longitude: 17.66667 | Score: 44.26, Population: 392975 | Fuzzy match: 56.25
2025-08-24 16:18:41,185 INFO Comparing database entry: brindisi sud with Carovigno returned from geonames.
2025-08-24 16:18:41,185 INFO 📄 Index 2 | Name: Carovigno | fcl: P, fcode: PPLA3 | ADM1: Apulia, ADM2: Province of Brindisi, ADM3: Carovigno, ADM4:  | Latitude: 40.70626, Longitude: 17.65847 | Score: 31.33, Population: 14043 | Fuzzy match: 28.57142857142857
2025-08-24 16:18:41,185 INFO Comparing database entry: brindisi sud with Ostuni returned from geonames.
2025-08-24 16:18:41,185 INFO 📄 Index 3 | Name: Ostuni | fcl: P, fcode: PPLA3 | ADM1: Apulia, ADM2: Province of Brindisi, ADM3: Ostuni, ADM4:  | Latitude: 40.72913, Longitude: 17.57675 | Score: 31.33, Population: 24157 | Fuzzy match: 22.22222222222222
2025-08-24 16:18:41,185 WARNING ❌ No match found with fuzzy score > 80 for city: brindisi sud
2025-08-24 16:18:41,186 WARNING ❌ Lookup failed for city='brindisi_sud', iso2='IT'
