2025-08-23 18:50:51,143 INFO 🗺️ Starting GeoNames lookup for city='canavese', country='italy'
2025-08-23 18:50:51,143 INFO 📍 Location is present in the following articles: [ObjectId('67fa7585eaa4fb525afeaf88')]
2025-08-23 18:50:51,288 INFO Comparing database entry: canavese with Romano Canavese returned from geonames.
2025-08-23 18:50:51,288 INFO 📄 Index 0 | Name: Romano Canavese | fcl: P, fcode: PPLA3 | ADM1: Piedmont, ADM2: Turin, ADM3: Romano Canavese, ADM4:  | Latitude: 45.39925, Longitude: 7.86885 | Score: 40.73, Population: 2792 | Fuzzy match: 69.56521739130434
2025-08-23 18:50:51,289 INFO Comparing database entry: canavese with San Giusto Canavese returned from geonames.
2025-08-23 18:50:51,289 INFO 📄 Index 1 | Name: San Giusto Canavese | fcl: P, fcode: PPLA3 | ADM1: Piedmont, ADM2: Turin, ADM3: San Giusto Canavese, ADM4:  | Latitude: 45.31535, Longitude: 7.81001 | Score: 40.08, Population: 3379 | Fuzzy match: 59.25925925925925
2025-08-23 18:50:51,289 INFO Comparing database entry: canavese with San Giorgio Canavese returned from geonames.
2025-08-23 18:50:51,289 INFO 📄 Index 2 | Name: San Giorgio Canavese | fcl: P, fcode: PPLA3 | ADM1: Piedmont, ADM2: Turin, ADM3: San Giorgio Canavese, ADM4:  | Latitude: 45.33557, Longitude: 7.79823 | Score: 40.08, Population: 2214 | Fuzzy match: 57.14285714285714
2025-08-23 18:50:51,289 INFO Comparing database entry: canavese with Candia Canavese returned from geonames.
2025-08-23 18:50:51,289 INFO 📄 Index 3 | Name: Candia Canavese | fcl: P, fcode: PPLA3 | ADM1: Piedmont, ADM2: Turin, ADM3: Candia Canavese, ADM4:  | Latitude: 45.32734, Longitude: 7.88429 | Score: 40.08, Population: 1165 | Fuzzy match: 69.56521739130434
2025-08-23 18:50:51,450 INFO Comparing database entry: canavese with Romano Canavese returned from geonames.
2025-08-23 18:50:51,451 INFO 📄 Index 0 | Name: Romano Canavese | fcl: P, fcode: PPLA3 | ADM1: Piedmont, ADM2: Turin, ADM3: Romano Canavese, ADM4:  | Latitude: 45.39925, Longitude: 7.86885 | Score: 40.73, Population: 2792 | Fuzzy match: 69.56521739130434
2025-08-23 18:50:51,451 INFO Comparing database entry: canavese with San Giusto Canavese returned from geonames.
2025-08-23 18:50:51,451 INFO 📄 Index 1 | Name: San Giusto Canavese | fcl: P, fcode: PPLA3 | ADM1: Piedmont, ADM2: Turin, ADM3: San Giusto Canavese, ADM4:  | Latitude: 45.31535, Longitude: 7.81001 | Score: 40.08, Population: 3379 | Fuzzy match: 59.25925925925925
2025-08-23 18:50:51,451 INFO Comparing database entry: canavese with San Giorgio Canavese returned from geonames.
2025-08-23 18:50:51,451 INFO 📄 Index 2 | Name: San Giorgio Canavese | fcl: P, fcode: PPLA3 | ADM1: Piedmont, ADM2: Turin, ADM3: San Giorgio Canavese, ADM4:  | Latitude: 45.33557, Longitude: 7.79823 | Score: 40.08, Population: 2214 | Fuzzy match: 57.14285714285714
2025-08-23 18:50:51,451 INFO Comparing database entry: canavese with Candia Canavese returned from geonames.
2025-08-23 18:50:51,451 INFO 📄 Index 3 | Name: Candia Canavese | fcl: P, fcode: PPLA3 | ADM1: Piedmont, ADM2: Turin, ADM3: Candia Canavese, ADM4:  | Latitude: 45.32734, Longitude: 7.88429 | Score: 40.08, Population: 1165 | Fuzzy match: 69.56521739130434
2025-08-23 18:50:51,586 INFO Comparing database entry: canavese with Romano Canavese returned from geonames.
2025-08-23 18:50:51,586 INFO 📄 Index 0 | Name: Romano Canavese | fcl: P, fcode: PPLA3 | ADM1: Piedmont, ADM2: Turin, ADM3: Romano Canavese, ADM4:  | Latitude: 45.39925, Longitude: 7.86885 | Score: 40.73, Population: 2792 | Fuzzy match: 69.56521739130434
2025-08-23 18:50:51,586 INFO Comparing database entry: canavese with San Giusto Canavese returned from geonames.
2025-08-23 18:50:51,586 INFO 📄 Index 1 | Name: San Giusto Canavese | fcl: P, fcode: PPLA3 | ADM1: Piedmont, ADM2: Turin, ADM3: San Giusto Canavese, ADM4:  | Latitude: 45.31535, Longitude: 7.81001 | Score: 40.08, Population: 3379 | Fuzzy match: 59.25925925925925
2025-08-23 18:50:51,586 INFO Comparing database entry: canavese with San Giorgio Canavese returned from geonames.
2025-08-23 18:50:51,586 INFO 📄 Index 2 | Name: San Giorgio Canavese | fcl: P, fcode: PPLA3 | ADM1: Piedmont, ADM2: Turin, ADM3: San Giorgio Canavese, ADM4:  | Latitude: 45.33557, Longitude: 7.79823 | Score: 40.08, Population: 2214 | Fuzzy match: 57.14285714285714
2025-08-23 18:50:51,587 INFO Comparing database entry: canavese with Candia Canavese returned from geonames.
2025-08-23 18:50:51,587 INFO 📄 Index 3 | Name: Candia Canavese | fcl: P, fcode: PPLA3 | ADM1: Piedmont, ADM2: Turin, ADM3: Candia Canavese, ADM4:  | Latitude: 45.32734, Longitude: 7.88429 | Score: 40.08, Population: 1165 | Fuzzy match: 69.56521739130434
2025-08-23 18:50:51,738 INFO Comparing database entry: canavese with Romano Canavese returned from geonames.
2025-08-23 18:50:51,738 INFO 📄 Index 0 | Name: Romano Canavese | fcl: P, fcode: PPLA3 | ADM1: Piedmont, ADM2: Turin, ADM3: Romano Canavese, ADM4:  | Latitude: 45.39925, Longitude: 7.86885 | Score: 40.73, Population: 2792 | Fuzzy match: 69.56521739130434
2025-08-23 18:50:51,738 INFO Comparing database entry: canavese with San Giusto Canavese returned from geonames.
2025-08-23 18:50:51,738 INFO 📄 Index 1 | Name: San Giusto Canavese | fcl: P, fcode: PPLA3 | ADM1: Piedmont, ADM2: Turin, ADM3: San Giusto Canavese, ADM4:  | Latitude: 45.31535, Longitude: 7.81001 | Score: 40.08, Population: 3379 | Fuzzy match: 59.25925925925925
2025-08-23 18:50:51,738 INFO Comparing database entry: canavese with San Giorgio Canavese returned from geonames.
2025-08-23 18:50:51,738 INFO 📄 Index 2 | Name: San Giorgio Canavese | fcl: P, fcode: PPLA3 | ADM1: Piedmont, ADM2: Turin, ADM3: San Giorgio Canavese, ADM4:  | Latitude: 45.33557, Longitude: 7.79823 | Score: 40.08, Population: 2214 | Fuzzy match: 57.14285714285714
2025-08-23 18:50:51,738 INFO Comparing database entry: canavese with Candia Canavese returned from geonames.
2025-08-23 18:50:51,738 INFO 📄 Index 3 | Name: Candia Canavese | fcl: P, fcode: PPLA3 | ADM1: Piedmont, ADM2: Turin, ADM3: Candia Canavese, ADM4:  | Latitude: 45.32734, Longitude: 7.88429 | Score: 40.08, Population: 1165 | Fuzzy match: 69.56521739130434
2025-08-23 18:50:51,877 INFO Comparing database entry: canavese with Romano Canavese returned from geonames.
2025-08-23 18:50:51,877 INFO 📄 Index 0 | Name: Romano Canavese | fcl: P, fcode: PPLA3 | ADM1: Piedmont, ADM2: Turin, ADM3: Romano Canavese, ADM4:  | Latitude: 45.39925, Longitude: 7.86885 | Score: 40.73, Population: 2792 | Fuzzy match: 69.56521739130434
2025-08-23 18:50:51,877 INFO Comparing database entry: canavese with San Giusto Canavese returned from geonames.
2025-08-23 18:50:51,877 INFO 📄 Index 1 | Name: San Giusto Canavese | fcl: P, fcode: PPLA3 | ADM1: Piedmont, ADM2: Turin, ADM3: San Giusto Canavese, ADM4:  | Latitude: 45.31535, Longitude: 7.81001 | Score: 40.08, Population: 3379 | Fuzzy match: 59.25925925925925
2025-08-23 18:50:51,877 INFO Comparing database entry: canavese with San Giorgio Canavese returned from geonames.
2025-08-23 18:50:51,877 INFO 📄 Index 2 | Name: San Giorgio Canavese | fcl: P, fcode: PPLA3 | ADM1: Piedmont, ADM2: Turin, ADM3: San Giorgio Canavese, ADM4:  | Latitude: 45.33557, Longitude: 7.79823 | Score: 40.08, Population: 2214 | Fuzzy match: 57.14285714285714
2025-08-23 18:50:51,877 INFO Comparing database entry: canavese with Candia Canavese returned from geonames.
2025-08-23 18:50:51,877 INFO 📄 Index 3 | Name: Candia Canavese | fcl: P, fcode: PPLA3 | ADM1: Piedmont, ADM2: Turin, ADM3: Candia Canavese, ADM4:  | Latitude: 45.32734, Longitude: 7.88429 | Score: 40.08, Population: 1165 | Fuzzy match: 69.56521739130434
2025-08-23 18:50:52,038 INFO Comparing database entry: canavese with Romano Canavese returned from geonames.
2025-08-23 18:50:52,038 INFO 📄 Index 0 | Name: Romano Canavese | fcl: P, fcode: PPLA3 | ADM1: Piedmont, ADM2: Turin, ADM3: Romano Canavese, ADM4:  | Latitude: 45.39925, Longitude: 7.86885 | Score: 40.73, Population: 2792 | Fuzzy match: 69.56521739130434
2025-08-23 18:50:52,038 INFO Comparing database entry: canavese with San Giusto Canavese returned from geonames.
2025-08-23 18:50:52,038 INFO 📄 Index 1 | Name: San Giusto Canavese | fcl: P, fcode: PPLA3 | ADM1: Piedmont, ADM2: Turin, ADM3: San Giusto Canavese, ADM4:  | Latitude: 45.31535, Longitude: 7.81001 | Score: 40.08, Population: 3379 | Fuzzy match: 59.25925925925925
2025-08-23 18:50:52,038 INFO Comparing database entry: canavese with San Giorgio Canavese returned from geonames.
2025-08-23 18:50:52,038 INFO 📄 Index 2 | Name: San Giorgio Canavese | fcl: P, fcode: PPLA3 | ADM1: Piedmont, ADM2: Turin, ADM3: San Giorgio Canavese, ADM4:  | Latitude: 45.33557, Longitude: 7.79823 | Score: 40.08, Population: 2214 | Fuzzy match: 57.14285714285714
2025-08-23 18:50:52,038 INFO Comparing database entry: canavese with Candia Canavese returned from geonames.
2025-08-23 18:50:52,038 INFO 📄 Index 3 | Name: Candia Canavese | fcl: P, fcode: PPLA3 | ADM1: Piedmont, ADM2: Turin, ADM3: Candia Canavese, ADM4:  | Latitude: 45.32734, Longitude: 7.88429 | Score: 40.08, Population: 1165 | Fuzzy match: 69.56521739130434
2025-08-23 18:50:52,039 WARNING ❌ No match found with fuzzy score > 80 for city: canavese
2025-08-23 18:50:52,039 WARNING ❌ Lookup failed for city='canavese', iso2='IT'
