2025-08-19 17:12:00,588 INFO 🗺️ Starting GeoNames lookup for city='cantú', country='italy'
2025-08-19 17:12:00,588 INFO 📍 Location is present in the following articles: [ObjectId('67fa751eeaa4fb525afeadde')]
2025-08-19 17:12:00,750 INFO Comparing database entry: cantú with Cantù returned from geonames.
2025-08-19 17:12:00,750 INFO 📄 Index 0 | Name: Cantù | fcl: P, fcode: PPLA3 | ADM1: Lombardy, ADM2: Province of Como, ADM3: Cantù, ADM4:  | Latitude: 45.74096, Longitude: 9.13084 | Score: 42.90, Population: 39917 | Fuzzy match: 80.0
2025-08-19 17:12:00,750 INFO Comparing database entry: cantú with Cantù returned from geonames.
2025-08-19 17:12:00,750 INFO 📄 Index 1 | Name: Cantù | fcl: A, fcode: ADM3 | ADM1: Lombardy, ADM2: Province of Como, ADM3: Cantù, ADM4:  | Latitude: 45.72938, Longitude: 9.14054 | Score: 33.46, Population: 40007 | Fuzzy match: 80.0
2025-08-19 17:12:00,750 INFO Comparing database entry: cantú with Cantù Asnago returned from geonames.
2025-08-19 17:12:00,750 INFO 📄 Index 2 | Name: Cantù Asnago | fcl: P, fcode: PPL | ADM1: Lombardy, ADM2: Province of Como, ADM3: Cantù, ADM4:  | Latitude: 45.71699, Longitude: 9.0986 | Score: 29.50, Population: 882 | Fuzzy match: 47.05882352941176
2025-08-19 17:12:00,750 INFO Comparing database entry: cantú with Campore returned from geonames.
2025-08-19 17:12:00,750 INFO 📄 Index 3 | Name: Campore | fcl: P, fcode: PPL | ADM1: Lombardy, ADM2: Province of Como, ADM3: Cantù, ADM4:  | Latitude: 45.72383, Longitude: 9.10158 | Score: 19.89, Population: 71 | Fuzzy match: 33.333333333333336
2025-08-19 17:12:00,908 INFO Comparing database entry: cantú with Cantù returned from geonames.
2025-08-19 17:12:00,908 INFO 📄 Index 0 | Name: Cantù | fcl: P, fcode: PPLA3 | ADM1: Lombardy, ADM2: Province of Como, ADM3: Cantù, ADM4:  | Latitude: 45.74096, Longitude: 9.13084 | Score: 42.90, Population: 39917 | Fuzzy match: 80.0
2025-08-19 17:12:00,908 INFO Comparing database entry: cantú with Cantù returned from geonames.
2025-08-19 17:12:00,908 INFO 📄 Index 1 | Name: Cantù | fcl: A, fcode: ADM3 | ADM1: Lombardy, ADM2: Province of Como, ADM3: Cantù, ADM4:  | Latitude: 45.72938, Longitude: 9.14054 | Score: 33.46, Population: 40007 | Fuzzy match: 80.0
2025-08-19 17:12:00,908 INFO Comparing database entry: cantú with Cantù Asnago returned from geonames.
2025-08-19 17:12:00,908 INFO 📄 Index 2 | Name: Cantù Asnago | fcl: P, fcode: PPL | ADM1: Lombardy, ADM2: Province of Como, ADM3: Cantù, ADM4:  | Latitude: 45.71699, Longitude: 9.0986 | Score: 29.50, Population: 882 | Fuzzy match: 47.05882352941176
2025-08-19 17:12:00,908 INFO Comparing database entry: cantú with Campore returned from geonames.
2025-08-19 17:12:00,908 INFO 📄 Index 3 | Name: Campore | fcl: P, fcode: PPL | ADM1: Lombardy, ADM2: Province of Como, ADM3: Cantù, ADM4:  | Latitude: 45.72383, Longitude: 9.10158 | Score: 19.89, Population: 71 | Fuzzy match: 33.333333333333336
2025-08-19 17:12:01,045 INFO Comparing database entry: cantú with Cantù returned from geonames.
2025-08-19 17:12:01,046 INFO 📄 Index 0 | Name: Cantù | fcl: P, fcode: PPLA3 | ADM1: Lombardy, ADM2: Province of Como, ADM3: Cantù, ADM4:  | Latitude: 45.74096, Longitude: 9.13084 | Score: 42.90, Population: 39917 | Fuzzy match: 80.0
2025-08-19 17:12:01,046 INFO Comparing database entry: cantú with Cantù returned from geonames.
2025-08-19 17:12:01,046 INFO 📄 Index 1 | Name: Cantù | fcl: A, fcode: ADM3 | ADM1: Lombardy, ADM2: Province of Como, ADM3: Cantù, ADM4:  | Latitude: 45.72938, Longitude: 9.14054 | Score: 33.46, Population: 40007 | Fuzzy match: 80.0
2025-08-19 17:12:01,046 INFO Comparing database entry: cantú with Cantù Asnago returned from geonames.
2025-08-19 17:12:01,046 INFO 📄 Index 2 | Name: Cantù Asnago | fcl: P, fcode: PPL | ADM1: Lombardy, ADM2: Province of Como, ADM3: Cantù, ADM4:  | Latitude: 45.71699, Longitude: 9.0986 | Score: 29.50, Population: 882 | Fuzzy match: 47.05882352941176
2025-08-19 17:12:01,046 INFO Comparing database entry: cantú with Campore returned from geonames.
2025-08-19 17:12:01,046 INFO 📄 Index 3 | Name: Campore | fcl: P, fcode: PPL | ADM1: Lombardy, ADM2: Province of Como, ADM3: Cantù, ADM4:  | Latitude: 45.72383, Longitude: 9.10158 | Score: 19.89, Population: 71 | Fuzzy match: 33.333333333333336
2025-08-19 17:12:01,193 INFO Comparing database entry: cantú with Cantù returned from geonames.
2025-08-19 17:12:01,193 INFO 📄 Index 0 | Name: Cantù | fcl: P, fcode: PPLA3 | ADM1: Lombardy, ADM2: Province of Como, ADM3: Cantù, ADM4:  | Latitude: 45.74096, Longitude: 9.13084 | Score: 42.90, Population: 39917 | Fuzzy match: 80.0
2025-08-19 17:12:01,193 INFO Comparing database entry: cantú with Cantù returned from geonames.
2025-08-19 17:12:01,193 INFO 📄 Index 1 | Name: Cantù | fcl: A, fcode: ADM3 | ADM1: Lombardy, ADM2: Province of Como, ADM3: Cantù, ADM4:  | Latitude: 45.72938, Longitude: 9.14054 | Score: 33.46, Population: 40007 | Fuzzy match: 80.0
2025-08-19 17:12:01,193 INFO Comparing database entry: cantú with Cantù Asnago returned from geonames.
2025-08-19 17:12:01,193 INFO 📄 Index 2 | Name: Cantù Asnago | fcl: P, fcode: PPL | ADM1: Lombardy, ADM2: Province of Como, ADM3: Cantù, ADM4:  | Latitude: 45.71699, Longitude: 9.0986 | Score: 29.50, Population: 882 | Fuzzy match: 47.05882352941176
2025-08-19 17:12:01,193 INFO Comparing database entry: cantú with Campore returned from geonames.
2025-08-19 17:12:01,193 INFO 📄 Index 3 | Name: Campore | fcl: P, fcode: PPL | ADM1: Lombardy, ADM2: Province of Como, ADM3: Cantù, ADM4:  | Latitude: 45.72383, Longitude: 9.10158 | Score: 19.89, Population: 71 | Fuzzy match: 33.333333333333336
2025-08-19 17:12:01,350 INFO Comparing database entry: cantú with Cantù returned from geonames.
2025-08-19 17:12:01,350 INFO 📄 Index 0 | Name: Cantù | fcl: P, fcode: PPLA3 | ADM1: Lombardy, ADM2: Province of Como, ADM3: Cantù, ADM4:  | Latitude: 45.74096, Longitude: 9.13084 | Score: 42.90, Population: 39917 | Fuzzy match: 80.0
2025-08-19 17:12:01,350 INFO Comparing database entry: cantú with Cantù returned from geonames.
2025-08-19 17:12:01,350 INFO 📄 Index 1 | Name: Cantù | fcl: A, fcode: ADM3 | ADM1: Lombardy, ADM2: Province of Como, ADM3: Cantù, ADM4:  | Latitude: 45.72938, Longitude: 9.14054 | Score: 33.46, Population: 40007 | Fuzzy match: 80.0
2025-08-19 17:12:01,350 INFO Comparing database entry: cantú with Cantù Asnago returned from geonames.
2025-08-19 17:12:01,350 INFO 📄 Index 2 | Name: Cantù Asnago | fcl: P, fcode: PPL | ADM1: Lombardy, ADM2: Province of Como, ADM3: Cantù, ADM4:  | Latitude: 45.71699, Longitude: 9.0986 | Score: 29.50, Population: 882 | Fuzzy match: 47.05882352941176
2025-08-19 17:12:01,350 INFO Comparing database entry: cantú with Campore returned from geonames.
2025-08-19 17:12:01,350 INFO 📄 Index 3 | Name: Campore | fcl: P, fcode: PPL | ADM1: Lombardy, ADM2: Province of Como, ADM3: Cantù, ADM4:  | Latitude: 45.72383, Longitude: 9.10158 | Score: 19.89, Population: 71 | Fuzzy match: 33.333333333333336
2025-08-19 17:12:01,499 INFO Comparing database entry: cantú with Cantù returned from geonames.
2025-08-19 17:12:01,499 INFO 📄 Index 0 | Name: Cantù | fcl: P, fcode: PPLA3 | ADM1: Lombardy, ADM2: Province of Como, ADM3: Cantù, ADM4:  | Latitude: 45.74096, Longitude: 9.13084 | Score: 42.90, Population: 39917 | Fuzzy match: 80.0
2025-08-19 17:12:01,499 INFO Comparing database entry: cantú with Cantù returned from geonames.
2025-08-19 17:12:01,499 INFO 📄 Index 1 | Name: Cantù | fcl: A, fcode: ADM3 | ADM1: Lombardy, ADM2: Province of Como, ADM3: Cantù, ADM4:  | Latitude: 45.72938, Longitude: 9.14054 | Score: 33.46, Population: 40007 | Fuzzy match: 80.0
2025-08-19 17:12:01,499 INFO Comparing database entry: cantú with Cantù Asnago returned from geonames.
2025-08-19 17:12:01,499 INFO 📄 Index 2 | Name: Cantù Asnago | fcl: P, fcode: PPL | ADM1: Lombardy, ADM2: Province of Como, ADM3: Cantù, ADM4:  | Latitude: 45.71699, Longitude: 9.0986 | Score: 29.50, Population: 882 | Fuzzy match: 47.05882352941176
2025-08-19 17:12:01,499 INFO Comparing database entry: cantú with Campore returned from geonames.
2025-08-19 17:12:01,499 INFO 📄 Index 3 | Name: Campore | fcl: P, fcode: PPL | ADM1: Lombardy, ADM2: Province of Como, ADM3: Cantù, ADM4:  | Latitude: 45.72383, Longitude: 9.10158 | Score: 19.89, Population: 71 | Fuzzy match: 33.333333333333336
2025-08-19 17:12:01,500 WARNING ❌ No match found with fuzzy score > 80 for city: cantú
2025-08-19 17:12:01,500 WARNING ❌ Lookup failed for city='cantú', iso2='IT'
