2025-08-08 11:43:56,909 INFO 🗺️ Starting GeoNames lookup for city='franciacorta', country='italy'
2025-08-08 11:43:56,909 INFO 📍 Location is present in the following articles: [ObjectId('67f52c0f981040986eab778f')]
2025-08-08 11:43:57,185 INFO Comparing database entry: franciacorta with Paderno Franciacorta returned from geonames.
2025-08-08 11:43:57,185 INFO 📄 Index 0 | Name: Paderno Franciacorta | fcl: P, fcode: PPLA3 | ADM1: Lombardy, ADM2: Province of Brescia, ADM3: Paderno Franciacorta, ADM4:  | Score: 46.45, Population: 3423 | Fuzzy match: 75.0
2025-08-08 11:43:57,185 INFO Comparing database entry: franciacorta with Paderno Franciacorta returned from geonames.
2025-08-08 11:43:57,185 INFO 📄 Index 1 | Name: Paderno Franciacorta | fcl: A, fcode: ADM3 | ADM1: Lombardy, ADM2: Province of Brescia, ADM3: Paderno Franciacorta, ADM4:  | Score: 32.26, Population: 3660 | Fuzzy match: 75.0
2025-08-08 11:43:57,185 INFO Comparing database entry: franciacorta with Tre Cortili returned from geonames.
2025-08-08 11:43:57,185 INFO 📄 Index 2 | Name: Tre Cortili | fcl: P, fcode: PPL | ADM1: Lombardy, ADM2: Province of Brescia, ADM3: Paderno Franciacorta, ADM4:  | Score: 18.28, Population: 27 | Fuzzy match: 34.78260869565217
2025-08-08 11:43:57,186 INFO Comparing database entry: franciacorta with Colombaia returned from geonames.
2025-08-08 11:43:57,186 INFO 📄 Index 3 | Name: Colombaia | fcl: P, fcode: PPL | ADM1: Lombardy, ADM2: Province of Brescia, ADM3: Paderno Franciacorta, ADM4:  | Score: 18.28, Population: 25 | Fuzzy match: 28.57142857142857
2025-08-08 11:43:57,361 INFO Comparing database entry: franciacorta with Paderno Franciacorta returned from geonames.
2025-08-08 11:43:57,361 INFO 📄 Index 0 | Name: Paderno Franciacorta | fcl: P, fcode: PPLA3 | ADM1: Lombardy, ADM2: Province of Brescia, ADM3: Paderno Franciacorta, ADM4:  | Score: 46.45, Population: 3423 | Fuzzy match: 75.0
2025-08-08 11:43:57,361 INFO Comparing database entry: franciacorta with Paderno Franciacorta returned from geonames.
2025-08-08 11:43:57,361 INFO 📄 Index 1 | Name: Paderno Franciacorta | fcl: A, fcode: ADM3 | ADM1: Lombardy, ADM2: Province of Brescia, ADM3: Paderno Franciacorta, ADM4:  | Score: 32.26, Population: 3660 | Fuzzy match: 75.0
2025-08-08 11:43:57,361 INFO Comparing database entry: franciacorta with Tre Cortili returned from geonames.
2025-08-08 11:43:57,361 INFO 📄 Index 2 | Name: Tre Cortili | fcl: P, fcode: PPL | ADM1: Lombardy, ADM2: Province of Brescia, ADM3: Paderno Franciacorta, ADM4:  | Score: 18.28, Population: 27 | Fuzzy match: 34.78260869565217
2025-08-08 11:43:57,361 INFO Comparing database entry: franciacorta with Colombaia returned from geonames.
2025-08-08 11:43:57,361 INFO 📄 Index 3 | Name: Colombaia | fcl: P, fcode: PPL | ADM1: Lombardy, ADM2: Province of Brescia, ADM3: Paderno Franciacorta, ADM4:  | Score: 18.28, Population: 25 | Fuzzy match: 28.57142857142857
2025-08-08 11:43:57,522 INFO Comparing database entry: franciacorta with Paderno Franciacorta returned from geonames.
2025-08-08 11:43:57,522 INFO 📄 Index 0 | Name: Paderno Franciacorta | fcl: P, fcode: PPLA3 | ADM1: Lombardy, ADM2: Province of Brescia, ADM3: Paderno Franciacorta, ADM4:  | Score: 46.45, Population: 3423 | Fuzzy match: 75.0
2025-08-08 11:43:57,522 INFO Comparing database entry: franciacorta with Paderno Franciacorta returned from geonames.
2025-08-08 11:43:57,522 INFO 📄 Index 1 | Name: Paderno Franciacorta | fcl: A, fcode: ADM3 | ADM1: Lombardy, ADM2: Province of Brescia, ADM3: Paderno Franciacorta, ADM4:  | Score: 32.26, Population: 3660 | Fuzzy match: 75.0
2025-08-08 11:43:57,522 INFO Comparing database entry: franciacorta with Tre Cortili returned from geonames.
2025-08-08 11:43:57,522 INFO 📄 Index 2 | Name: Tre Cortili | fcl: P, fcode: PPL | ADM1: Lombardy, ADM2: Province of Brescia, ADM3: Paderno Franciacorta, ADM4:  | Score: 18.28, Population: 27 | Fuzzy match: 34.78260869565217
2025-08-08 11:43:57,522 INFO Comparing database entry: franciacorta with Colombaia returned from geonames.
2025-08-08 11:43:57,522 INFO 📄 Index 3 | Name: Colombaia | fcl: P, fcode: PPL | ADM1: Lombardy, ADM2: Province of Brescia, ADM3: Paderno Franciacorta, ADM4:  | Score: 18.28, Population: 25 | Fuzzy match: 28.57142857142857
2025-08-08 11:43:57,673 INFO Comparing database entry: franciacorta with Paderno Franciacorta returned from geonames.
2025-08-08 11:43:57,673 INFO 📄 Index 0 | Name: Paderno Franciacorta | fcl: P, fcode: PPLA3 | ADM1: Lombardy, ADM2: Province of Brescia, ADM3: Paderno Franciacorta, ADM4:  | Score: 46.45, Population: 3423 | Fuzzy match: 75.0
2025-08-08 11:43:57,673 INFO Comparing database entry: franciacorta with Paderno Franciacorta returned from geonames.
2025-08-08 11:43:57,673 INFO 📄 Index 1 | Name: Paderno Franciacorta | fcl: A, fcode: ADM3 | ADM1: Lombardy, ADM2: Province of Brescia, ADM3: Paderno Franciacorta, ADM4:  | Score: 32.26, Population: 3660 | Fuzzy match: 75.0
2025-08-08 11:43:57,673 INFO Comparing database entry: franciacorta with Tre Cortili returned from geonames.
2025-08-08 11:43:57,673 INFO 📄 Index 2 | Name: Tre Cortili | fcl: P, fcode: PPL | ADM1: Lombardy, ADM2: Province of Brescia, ADM3: Paderno Franciacorta, ADM4:  | Score: 18.28, Population: 27 | Fuzzy match: 34.78260869565217
2025-08-08 11:43:57,673 INFO Comparing database entry: franciacorta with Colombaia returned from geonames.
2025-08-08 11:43:57,673 INFO 📄 Index 3 | Name: Colombaia | fcl: P, fcode: PPL | ADM1: Lombardy, ADM2: Province of Brescia, ADM3: Paderno Franciacorta, ADM4:  | Score: 18.28, Population: 25 | Fuzzy match: 28.57142857142857
2025-08-08 11:43:57,860 INFO Comparing database entry: franciacorta with Paderno Franciacorta returned from geonames.
2025-08-08 11:43:57,861 INFO 📄 Index 0 | Name: Paderno Franciacorta | fcl: P, fcode: PPLA3 | ADM1: Lombardy, ADM2: Province of Brescia, ADM3: Paderno Franciacorta, ADM4:  | Score: 46.45, Population: 3423 | Fuzzy match: 75.0
2025-08-08 11:43:57,861 INFO Comparing database entry: franciacorta with Paderno Franciacorta returned from geonames.
2025-08-08 11:43:57,861 INFO 📄 Index 1 | Name: Paderno Franciacorta | fcl: A, fcode: ADM3 | ADM1: Lombardy, ADM2: Province of Brescia, ADM3: Paderno Franciacorta, ADM4:  | Score: 32.26, Population: 3660 | Fuzzy match: 75.0
2025-08-08 11:43:57,861 INFO Comparing database entry: franciacorta with Tre Cortili returned from geonames.
2025-08-08 11:43:57,861 INFO 📄 Index 2 | Name: Tre Cortili | fcl: P, fcode: PPL | ADM1: Lombardy, ADM2: Province of Brescia, ADM3: Paderno Franciacorta, ADM4:  | Score: 18.28, Population: 27 | Fuzzy match: 34.78260869565217
2025-08-08 11:43:57,861 INFO Comparing database entry: franciacorta with Colombaia returned from geonames.
2025-08-08 11:43:57,861 INFO 📄 Index 3 | Name: Colombaia | fcl: P, fcode: PPL | ADM1: Lombardy, ADM2: Province of Brescia, ADM3: Paderno Franciacorta, ADM4:  | Score: 18.28, Population: 25 | Fuzzy match: 28.57142857142857
2025-08-08 11:43:58,011 INFO Comparing database entry: franciacorta with Paderno Franciacorta returned from geonames.
2025-08-08 11:43:58,011 INFO 📄 Index 0 | Name: Paderno Franciacorta | fcl: P, fcode: PPLA3 | ADM1: Lombardy, ADM2: Province of Brescia, ADM3: Paderno Franciacorta, ADM4:  | Score: 46.45, Population: 3423 | Fuzzy match: 75.0
2025-08-08 11:43:58,011 INFO Comparing database entry: franciacorta with Paderno Franciacorta returned from geonames.
2025-08-08 11:43:58,011 INFO 📄 Index 1 | Name: Paderno Franciacorta | fcl: A, fcode: ADM3 | ADM1: Lombardy, ADM2: Province of Brescia, ADM3: Paderno Franciacorta, ADM4:  | Score: 32.26, Population: 3660 | Fuzzy match: 75.0
2025-08-08 11:43:58,012 INFO Comparing database entry: franciacorta with Tre Cortili returned from geonames.
2025-08-08 11:43:58,012 INFO 📄 Index 2 | Name: Tre Cortili | fcl: P, fcode: PPL | ADM1: Lombardy, ADM2: Province of Brescia, ADM3: Paderno Franciacorta, ADM4:  | Score: 18.28, Population: 27 | Fuzzy match: 34.78260869565217
2025-08-08 11:43:58,012 INFO Comparing database entry: franciacorta with Colombaia returned from geonames.
2025-08-08 11:43:58,012 INFO 📄 Index 3 | Name: Colombaia | fcl: P, fcode: PPL | ADM1: Lombardy, ADM2: Province of Brescia, ADM3: Paderno Franciacorta, ADM4:  | Score: 18.28, Population: 25 | Fuzzy match: 28.57142857142857
2025-08-08 11:43:58,012 WARNING ❌ No match found with fuzzy score > 80 for city: franciacorta
2025-08-08 11:43:58,012 WARNING ❌ Lookup failed for city='franciacorta', iso2='IT'
