2025-08-18 17:46:07,555 INFO 🗺️ Starting GeoNames lookup for city='garigliano', country='italy'
2025-08-18 17:46:07,555 INFO 📍 Location is present in the following articles: [ObjectId('67fbf80d94b7f855cfea732b')]
2025-08-18 17:46:07,743 INFO Comparing database entry: garigliano with Sant'Andrea del Garigliano returned from geonames.
2025-08-18 17:46:07,743 INFO 📄 Index 0 | Name: Sant'Andrea del Garigliano | fcl: P, fcode: PPLA3 | ADM1: Lazio, ADM2: Province of Frosinone, ADM3: Sant'Andrea del Garigliano, ADM4:  | Score: 36.09, Population: 516 | Fuzzy match: 55.55555555555556
2025-08-18 17:46:07,743 INFO Comparing database entry: garigliano with Sant'Ambrogio sul Garigliano returned from geonames.
2025-08-18 17:46:07,743 INFO 📄 Index 1 | Name: Sant'Ambrogio sul Garigliano | fcl: P, fcode: PPLA3 | ADM1: Lazio, ADM2: Province of Frosinone, ADM3: Sant'Ambrogio sul Garigliano, ADM4:  | Score: 36.09, Population: 622 | Fuzzy match: 52.63157894736843
2025-08-18 17:46:07,743 INFO Comparing database entry: garigliano with Sant'Andrea del Garigliano returned from geonames.
2025-08-18 17:46:07,743 INFO 📄 Index 2 | Name: Sant'Andrea del Garigliano | fcl: A, fcode: ADM3 | ADM1: Lazio, ADM2: Province of Frosinone, ADM3: Sant'Andrea del Garigliano, ADM4:  | Score: 26.53, Population: 1432 | Fuzzy match: 55.55555555555556
2025-08-18 17:46:07,743 INFO Comparing database entry: garigliano with Sant'Ambrogio sul Garigliano returned from geonames.
2025-08-18 17:46:07,743 INFO 📄 Index 3 | Name: Sant'Ambrogio sul Garigliano | fcl: A, fcode: ADM3 | ADM1: Lazio, ADM2: Province of Frosinone, ADM3: Sant'Ambrogio sul Garigliano, ADM4:  | Score: 26.53, Population: 964 | Fuzzy match: 52.63157894736843
2025-08-18 17:46:07,899 INFO Comparing database entry: garigliano with Sant'Andrea del Garigliano returned from geonames.
2025-08-18 17:46:07,899 INFO 📄 Index 0 | Name: Sant'Andrea del Garigliano | fcl: P, fcode: PPLA3 | ADM1: Lazio, ADM2: Province of Frosinone, ADM3: Sant'Andrea del Garigliano, ADM4:  | Score: 36.09, Population: 516 | Fuzzy match: 55.55555555555556
2025-08-18 17:46:07,899 INFO Comparing database entry: garigliano with Sant'Ambrogio sul Garigliano returned from geonames.
2025-08-18 17:46:07,899 INFO 📄 Index 1 | Name: Sant'Ambrogio sul Garigliano | fcl: P, fcode: PPLA3 | ADM1: Lazio, ADM2: Province of Frosinone, ADM3: Sant'Ambrogio sul Garigliano, ADM4:  | Score: 36.09, Population: 622 | Fuzzy match: 52.63157894736843
2025-08-18 17:46:07,899 INFO Comparing database entry: garigliano with Sant'Andrea del Garigliano returned from geonames.
2025-08-18 17:46:07,899 INFO 📄 Index 2 | Name: Sant'Andrea del Garigliano | fcl: A, fcode: ADM3 | ADM1: Lazio, ADM2: Province of Frosinone, ADM3: Sant'Andrea del Garigliano, ADM4:  | Score: 26.53, Population: 1432 | Fuzzy match: 55.55555555555556
2025-08-18 17:46:07,899 INFO Comparing database entry: garigliano with Sant'Ambrogio sul Garigliano returned from geonames.
2025-08-18 17:46:07,899 INFO 📄 Index 3 | Name: Sant'Ambrogio sul Garigliano | fcl: A, fcode: ADM3 | ADM1: Lazio, ADM2: Province of Frosinone, ADM3: Sant'Ambrogio sul Garigliano, ADM4:  | Score: 26.53, Population: 964 | Fuzzy match: 52.63157894736843
2025-08-18 17:46:08,047 INFO Comparing database entry: garigliano with Sant'Andrea del Garigliano returned from geonames.
2025-08-18 17:46:08,047 INFO 📄 Index 0 | Name: Sant'Andrea del Garigliano | fcl: P, fcode: PPLA3 | ADM1: Lazio, ADM2: Province of Frosinone, ADM3: Sant'Andrea del Garigliano, ADM4:  | Score: 36.09, Population: 516 | Fuzzy match: 55.55555555555556
2025-08-18 17:46:08,048 INFO Comparing database entry: garigliano with Sant'Ambrogio sul Garigliano returned from geonames.
2025-08-18 17:46:08,048 INFO 📄 Index 1 | Name: Sant'Ambrogio sul Garigliano | fcl: P, fcode: PPLA3 | ADM1: Lazio, ADM2: Province of Frosinone, ADM3: Sant'Ambrogio sul Garigliano, ADM4:  | Score: 36.09, Population: 622 | Fuzzy match: 52.63157894736843
2025-08-18 17:46:08,048 INFO Comparing database entry: garigliano with Sant'Andrea del Garigliano returned from geonames.
2025-08-18 17:46:08,048 INFO 📄 Index 2 | Name: Sant'Andrea del Garigliano | fcl: A, fcode: ADM3 | ADM1: Lazio, ADM2: Province of Frosinone, ADM3: Sant'Andrea del Garigliano, ADM4:  | Score: 26.53, Population: 1432 | Fuzzy match: 55.55555555555556
2025-08-18 17:46:08,048 INFO Comparing database entry: garigliano with Sant'Ambrogio sul Garigliano returned from geonames.
2025-08-18 17:46:08,048 INFO 📄 Index 3 | Name: Sant'Ambrogio sul Garigliano | fcl: A, fcode: ADM3 | ADM1: Lazio, ADM2: Province of Frosinone, ADM3: Sant'Ambrogio sul Garigliano, ADM4:  | Score: 26.53, Population: 964 | Fuzzy match: 52.63157894736843
2025-08-18 17:46:08,203 INFO Comparing database entry: garigliano with Sant'Andrea del Garigliano returned from geonames.
2025-08-18 17:46:08,204 INFO 📄 Index 0 | Name: Sant'Andrea del Garigliano | fcl: P, fcode: PPLA3 | ADM1: Lazio, ADM2: Province of Frosinone, ADM3: Sant'Andrea del Garigliano, ADM4:  | Score: 36.09, Population: 516 | Fuzzy match: 55.55555555555556
2025-08-18 17:46:08,204 INFO Comparing database entry: garigliano with Sant'Ambrogio sul Garigliano returned from geonames.
2025-08-18 17:46:08,204 INFO 📄 Index 1 | Name: Sant'Ambrogio sul Garigliano | fcl: P, fcode: PPLA3 | ADM1: Lazio, ADM2: Province of Frosinone, ADM3: Sant'Ambrogio sul Garigliano, ADM4:  | Score: 36.09, Population: 622 | Fuzzy match: 52.63157894736843
2025-08-18 17:46:08,204 INFO Comparing database entry: garigliano with Sant'Andrea del Garigliano returned from geonames.
2025-08-18 17:46:08,204 INFO 📄 Index 2 | Name: Sant'Andrea del Garigliano | fcl: A, fcode: ADM3 | ADM1: Lazio, ADM2: Province of Frosinone, ADM3: Sant'Andrea del Garigliano, ADM4:  | Score: 26.53, Population: 1432 | Fuzzy match: 55.55555555555556
2025-08-18 17:46:08,204 INFO Comparing database entry: garigliano with Sant'Ambrogio sul Garigliano returned from geonames.
2025-08-18 17:46:08,204 INFO 📄 Index 3 | Name: Sant'Ambrogio sul Garigliano | fcl: A, fcode: ADM3 | ADM1: Lazio, ADM2: Province of Frosinone, ADM3: Sant'Ambrogio sul Garigliano, ADM4:  | Score: 26.53, Population: 964 | Fuzzy match: 52.63157894736843
2025-08-18 17:46:08,330 INFO Comparing database entry: garigliano with Sant'Andrea del Garigliano returned from geonames.
2025-08-18 17:46:08,331 INFO 📄 Index 0 | Name: Sant'Andrea del Garigliano | fcl: P, fcode: PPLA3 | ADM1: Lazio, ADM2: Province of Frosinone, ADM3: Sant'Andrea del Garigliano, ADM4:  | Score: 36.09, Population: 516 | Fuzzy match: 55.55555555555556
2025-08-18 17:46:08,331 INFO Comparing database entry: garigliano with Sant'Ambrogio sul Garigliano returned from geonames.
2025-08-18 17:46:08,331 INFO 📄 Index 1 | Name: Sant'Ambrogio sul Garigliano | fcl: P, fcode: PPLA3 | ADM1: Lazio, ADM2: Province of Frosinone, ADM3: Sant'Ambrogio sul Garigliano, ADM4:  | Score: 36.09, Population: 622 | Fuzzy match: 52.63157894736843
2025-08-18 17:46:08,331 INFO Comparing database entry: garigliano with Sant'Andrea del Garigliano returned from geonames.
2025-08-18 17:46:08,331 INFO 📄 Index 2 | Name: Sant'Andrea del Garigliano | fcl: A, fcode: ADM3 | ADM1: Lazio, ADM2: Province of Frosinone, ADM3: Sant'Andrea del Garigliano, ADM4:  | Score: 26.53, Population: 1432 | Fuzzy match: 55.55555555555556
2025-08-18 17:46:08,331 INFO Comparing database entry: garigliano with Sant'Ambrogio sul Garigliano returned from geonames.
2025-08-18 17:46:08,331 INFO 📄 Index 3 | Name: Sant'Ambrogio sul Garigliano | fcl: A, fcode: ADM3 | ADM1: Lazio, ADM2: Province of Frosinone, ADM3: Sant'Ambrogio sul Garigliano, ADM4:  | Score: 26.53, Population: 964 | Fuzzy match: 52.63157894736843
2025-08-18 17:46:08,486 INFO Comparing database entry: garigliano with Sant'Andrea del Garigliano returned from geonames.
2025-08-18 17:46:08,486 INFO 📄 Index 0 | Name: Sant'Andrea del Garigliano | fcl: P, fcode: PPLA3 | ADM1: Lazio, ADM2: Province of Frosinone, ADM3: Sant'Andrea del Garigliano, ADM4:  | Score: 36.09, Population: 516 | Fuzzy match: 55.55555555555556
2025-08-18 17:46:08,486 INFO Comparing database entry: garigliano with Sant'Ambrogio sul Garigliano returned from geonames.
2025-08-18 17:46:08,487 INFO 📄 Index 1 | Name: Sant'Ambrogio sul Garigliano | fcl: P, fcode: PPLA3 | ADM1: Lazio, ADM2: Province of Frosinone, ADM3: Sant'Ambrogio sul Garigliano, ADM4:  | Score: 36.09, Population: 622 | Fuzzy match: 52.63157894736843
2025-08-18 17:46:08,487 INFO Comparing database entry: garigliano with Sant'Andrea del Garigliano returned from geonames.
2025-08-18 17:46:08,487 INFO 📄 Index 2 | Name: Sant'Andrea del Garigliano | fcl: A, fcode: ADM3 | ADM1: Lazio, ADM2: Province of Frosinone, ADM3: Sant'Andrea del Garigliano, ADM4:  | Score: 26.53, Population: 1432 | Fuzzy match: 55.55555555555556
2025-08-18 17:46:08,487 INFO Comparing database entry: garigliano with Sant'Ambrogio sul Garigliano returned from geonames.
2025-08-18 17:46:08,487 INFO 📄 Index 3 | Name: Sant'Ambrogio sul Garigliano | fcl: A, fcode: ADM3 | ADM1: Lazio, ADM2: Province of Frosinone, ADM3: Sant'Ambrogio sul Garigliano, ADM4:  | Score: 26.53, Population: 964 | Fuzzy match: 52.63157894736843
2025-08-18 17:46:08,487 WARNING ❌ No match found with fuzzy score > 80 for city: garigliano
2025-08-18 17:46:08,487 WARNING ❌ Lookup failed for city='garigliano', iso2='IT'
