2025-08-19 17:12:03,153 INFO 🗺️ Starting GeoNames lookup for city='marche region', country='italy'
2025-08-19 17:12:03,154 INFO 📍 Location is present in the following articles: [ObjectId('67fa62f738fb90ab92f8c38c'), ObjectId('67fa7d5deaa4fb525afebb64'), ObjectId('67fbeeae94b7f855cfea6601')]
2025-08-19 17:12:03,304 INFO Comparing database entry: marche region with The Marches returned from geonames.
2025-08-19 17:12:03,305 INFO 📄 Index 0 | Name: The Marches | fcl: A, fcode: ADM1 | ADM1: The Marches, ADM2: , ADM3: , ADM4:  | Latitude: 43.5, Longitude: 13.25 | Score: 64.89, Population: 1525271 | Fuzzy match: 66.66666666666667
2025-08-19 17:12:03,305 INFO Comparing database entry: marche region with Ancona returned from geonames.
2025-08-19 17:12:03,305 INFO 📄 Index 1 | Name: Ancona | fcl: P, fcode: PPLA | ADM1: The Marches, ADM2: Province of Ancona, ADM3: Ancona, ADM4:  | Latitude: 43.60717, Longitude: 13.5103 | Score: 58.61, Population: 89994 | Fuzzy match: 42.10526315789473
2025-08-19 17:12:03,305 INFO Comparing database entry: marche region with Civitanova Marche returned from geonames.
2025-08-19 17:12:03,305 INFO 📄 Index 2 | Name: Civitanova Marche | fcl: P, fcode: PPLA3 | ADM1: The Marches, ADM2: Province of Macerata, ADM3: Civitanova Marche, ADM4:  | Latitude: 43.30491, Longitude: 13.72068 | Score: 52.94, Population: 42251 | Fuzzy match: 40.0
2025-08-19 17:12:03,305 INFO Comparing database entry: marche region with Pesaro returned from geonames.
2025-08-19 17:12:03,305 INFO 📄 Index 3 | Name: Pesaro | fcl: P, fcode: PPLA2 | ADM1: The Marches, ADM2: Pesaro and Urbino, ADM3: Pesaro, ADM4:  | Latitude: 43.90921, Longitude: 12.9164 | Score: 52.83, Population: 77241 | Fuzzy match: 31.57894736842105
2025-08-19 17:12:03,436 INFO Comparing database entry: marche region with The Marches returned from geonames.
2025-08-19 17:12:03,437 INFO 📄 Index 0 | Name: The Marches | fcl: A, fcode: ADM1 | ADM1: The Marches, ADM2: , ADM3: , ADM4:  | Latitude: 43.5, Longitude: 13.25 | Score: 64.89, Population: 1525271 | Fuzzy match: 66.66666666666667
2025-08-19 17:12:03,437 INFO Comparing database entry: marche region with Ancona returned from geonames.
2025-08-19 17:12:03,437 INFO 📄 Index 1 | Name: Ancona | fcl: P, fcode: PPLA | ADM1: The Marches, ADM2: Province of Ancona, ADM3: Ancona, ADM4:  | Latitude: 43.60717, Longitude: 13.5103 | Score: 58.61, Population: 89994 | Fuzzy match: 42.10526315789473
2025-08-19 17:12:03,437 INFO Comparing database entry: marche region with Civitanova Marche returned from geonames.
2025-08-19 17:12:03,437 INFO 📄 Index 2 | Name: Civitanova Marche | fcl: P, fcode: PPLA3 | ADM1: The Marches, ADM2: Province of Macerata, ADM3: Civitanova Marche, ADM4:  | Latitude: 43.30491, Longitude: 13.72068 | Score: 52.94, Population: 42251 | Fuzzy match: 40.0
2025-08-19 17:12:03,437 INFO Comparing database entry: marche region with Pesaro returned from geonames.
2025-08-19 17:12:03,437 INFO 📄 Index 3 | Name: Pesaro | fcl: P, fcode: PPLA2 | ADM1: The Marches, ADM2: Pesaro and Urbino, ADM3: Pesaro, ADM4:  | Latitude: 43.90921, Longitude: 12.9164 | Score: 52.83, Population: 77241 | Fuzzy match: 31.57894736842105
2025-08-19 17:12:03,571 INFO Comparing database entry: marche region with The Marches returned from geonames.
2025-08-19 17:12:03,571 INFO 📄 Index 0 | Name: The Marches | fcl: A, fcode: ADM1 | ADM1: The Marches, ADM2: , ADM3: , ADM4:  | Latitude: 43.5, Longitude: 13.25 | Score: 64.89, Population: 1525271 | Fuzzy match: 66.66666666666667
2025-08-19 17:12:03,571 INFO Comparing database entry: marche region with Ancona returned from geonames.
2025-08-19 17:12:03,572 INFO 📄 Index 1 | Name: Ancona | fcl: P, fcode: PPLA | ADM1: The Marches, ADM2: Province of Ancona, ADM3: Ancona, ADM4:  | Latitude: 43.60717, Longitude: 13.5103 | Score: 58.61, Population: 89994 | Fuzzy match: 42.10526315789473
2025-08-19 17:12:03,572 INFO Comparing database entry: marche region with Civitanova Marche returned from geonames.
2025-08-19 17:12:03,572 INFO 📄 Index 2 | Name: Civitanova Marche | fcl: P, fcode: PPLA3 | ADM1: The Marches, ADM2: Province of Macerata, ADM3: Civitanova Marche, ADM4:  | Latitude: 43.30491, Longitude: 13.72068 | Score: 52.94, Population: 42251 | Fuzzy match: 40.0
2025-08-19 17:12:03,572 INFO Comparing database entry: marche region with Pesaro returned from geonames.
2025-08-19 17:12:03,572 INFO 📄 Index 3 | Name: Pesaro | fcl: P, fcode: PPLA2 | ADM1: The Marches, ADM2: Pesaro and Urbino, ADM3: Pesaro, ADM4:  | Latitude: 43.90921, Longitude: 12.9164 | Score: 52.83, Population: 77241 | Fuzzy match: 31.57894736842105
2025-08-19 17:12:03,728 INFO Comparing database entry: marche region with The Marches returned from geonames.
2025-08-19 17:12:03,728 INFO 📄 Index 0 | Name: The Marches | fcl: A, fcode: ADM1 | ADM1: The Marches, ADM2: , ADM3: , ADM4:  | Latitude: 43.5, Longitude: 13.25 | Score: 64.89, Population: 1525271 | Fuzzy match: 66.66666666666667
2025-08-19 17:12:03,728 INFO Comparing database entry: marche region with Ancona returned from geonames.
2025-08-19 17:12:03,728 INFO 📄 Index 1 | Name: Ancona | fcl: P, fcode: PPLA | ADM1: The Marches, ADM2: Province of Ancona, ADM3: Ancona, ADM4:  | Latitude: 43.60717, Longitude: 13.5103 | Score: 58.61, Population: 89994 | Fuzzy match: 42.10526315789473
2025-08-19 17:12:03,728 INFO Comparing database entry: marche region with Civitanova Marche returned from geonames.
2025-08-19 17:12:03,728 INFO 📄 Index 2 | Name: Civitanova Marche | fcl: P, fcode: PPLA3 | ADM1: The Marches, ADM2: Province of Macerata, ADM3: Civitanova Marche, ADM4:  | Latitude: 43.30491, Longitude: 13.72068 | Score: 52.94, Population: 42251 | Fuzzy match: 40.0
2025-08-19 17:12:03,729 INFO Comparing database entry: marche region with Pesaro returned from geonames.
2025-08-19 17:12:03,729 INFO 📄 Index 3 | Name: Pesaro | fcl: P, fcode: PPLA2 | ADM1: The Marches, ADM2: Pesaro and Urbino, ADM3: Pesaro, ADM4:  | Latitude: 43.90921, Longitude: 12.9164 | Score: 52.83, Population: 77241 | Fuzzy match: 31.57894736842105
2025-08-19 17:12:03,890 INFO Comparing database entry: marche region with The Marches returned from geonames.
2025-08-19 17:12:03,891 INFO 📄 Index 0 | Name: The Marches | fcl: A, fcode: ADM1 | ADM1: The Marches, ADM2: , ADM3: , ADM4:  | Latitude: 43.5, Longitude: 13.25 | Score: 64.89, Population: 1525271 | Fuzzy match: 66.66666666666667
2025-08-19 17:12:03,891 INFO Comparing database entry: marche region with Ancona returned from geonames.
2025-08-19 17:12:03,891 INFO 📄 Index 1 | Name: Ancona | fcl: P, fcode: PPLA | ADM1: The Marches, ADM2: Province of Ancona, ADM3: Ancona, ADM4:  | Latitude: 43.60717, Longitude: 13.5103 | Score: 58.61, Population: 89994 | Fuzzy match: 42.10526315789473
2025-08-19 17:12:03,891 INFO Comparing database entry: marche region with Civitanova Marche returned from geonames.
2025-08-19 17:12:03,891 INFO 📄 Index 2 | Name: Civitanova Marche | fcl: P, fcode: PPLA3 | ADM1: The Marches, ADM2: Province of Macerata, ADM3: Civitanova Marche, ADM4:  | Latitude: 43.30491, Longitude: 13.72068 | Score: 52.94, Population: 42251 | Fuzzy match: 40.0
2025-08-19 17:12:03,891 INFO Comparing database entry: marche region with Pesaro returned from geonames.
2025-08-19 17:12:03,891 INFO 📄 Index 3 | Name: Pesaro | fcl: P, fcode: PPLA2 | ADM1: The Marches, ADM2: Pesaro and Urbino, ADM3: Pesaro, ADM4:  | Latitude: 43.90921, Longitude: 12.9164 | Score: 52.83, Population: 77241 | Fuzzy match: 31.57894736842105
2025-08-19 17:12:04,062 INFO Comparing database entry: marche region with The Marches returned from geonames.
2025-08-19 17:12:04,062 INFO 📄 Index 0 | Name: The Marches | fcl: A, fcode: ADM1 | ADM1: The Marches, ADM2: , ADM3: , ADM4:  | Latitude: 43.5, Longitude: 13.25 | Score: 64.89, Population: 1525271 | Fuzzy match: 66.66666666666667
2025-08-19 17:12:04,063 INFO Comparing database entry: marche region with Ancona returned from geonames.
2025-08-19 17:12:04,063 INFO 📄 Index 1 | Name: Ancona | fcl: P, fcode: PPLA | ADM1: The Marches, ADM2: Province of Ancona, ADM3: Ancona, ADM4:  | Latitude: 43.60717, Longitude: 13.5103 | Score: 58.61, Population: 89994 | Fuzzy match: 42.10526315789473
2025-08-19 17:12:04,063 INFO Comparing database entry: marche region with Civitanova Marche returned from geonames.
2025-08-19 17:12:04,063 INFO 📄 Index 2 | Name: Civitanova Marche | fcl: P, fcode: PPLA3 | ADM1: The Marches, ADM2: Province of Macerata, ADM3: Civitanova Marche, ADM4:  | Latitude: 43.30491, Longitude: 13.72068 | Score: 52.94, Population: 42251 | Fuzzy match: 40.0
2025-08-19 17:12:04,063 INFO Comparing database entry: marche region with Pesaro returned from geonames.
2025-08-19 17:12:04,063 INFO 📄 Index 3 | Name: Pesaro | fcl: P, fcode: PPLA2 | ADM1: The Marches, ADM2: Pesaro and Urbino, ADM3: Pesaro, ADM4:  | Latitude: 43.90921, Longitude: 12.9164 | Score: 52.83, Population: 77241 | Fuzzy match: 31.57894736842105
2025-08-19 17:12:04,063 WARNING ❌ No match found with fuzzy score > 80 for city: marche region
2025-08-19 17:12:04,063 WARNING ❌ Lookup failed for city='marche_region', iso2='IT'
