2025-08-08 14:47:38,676 INFO 🗺️ Starting GeoNames lookup for city='mirafiori', country='italy'
2025-08-08 14:47:38,676 INFO 📍 Location is present in the following articles: [ObjectId('67f52cb2981040986eab7a18'), ObjectId('67f52cbd981040986eab7a43'), ObjectId('67f52cd2981040986eab7a98'), ObjectId('67f52cf2981040986eab7b16')]
2025-08-08 14:47:38,847 INFO Comparing database entry: mirafiori with Mirafiori South returned from geonames.
2025-08-08 14:47:38,847 INFO 📄 Index 0 | Name: Mirafiori South | fcl: P, fcode: PPLX | ADM1: Piedmont, ADM2: Turin, ADM3: Torino, ADM4: Santa Rita - Mirafiori | Score: 29.30, Population: 33677 | Fuzzy match: 75.0
2025-08-08 14:47:38,847 INFO Comparing database entry: mirafiori with Mirafiori North returned from geonames.
2025-08-08 14:47:38,847 INFO 📄 Index 1 | Name: Mirafiori North | fcl: P, fcode: PPLX | ADM1: Piedmont, ADM2: Turin, ADM3: Torino, ADM4: Santa Rita - Mirafiori | Score: 22.21, Population: 41337 | Fuzzy match: 75.0
2025-08-08 14:47:38,847 INFO Comparing database entry: mirafiori with Santa Rita - Mirafiori returned from geonames.
2025-08-08 14:47:38,848 INFO 📄 Index 2 | Name: Santa Rita - Mirafiori | fcl: A, fcode: ADM4 | ADM1: Piedmont, ADM2: Turin, ADM3: Torino, ADM4: Santa Rita - Mirafiori | Score: 19.17, Population: 0 | Fuzzy match: 58.06451612903225
2025-08-08 14:47:38,848 INFO Comparing database entry: mirafiori with Santa Rita returned from geonames.
2025-08-08 14:47:38,848 INFO 📄 Index 3 | Name: Santa Rita | fcl: P, fcode: PPLX | ADM1: Piedmont, ADM2: Turin, ADM3: Torino, ADM4: Santa Rita - Mirafiori | Score: 5.84, Population: 0 | Fuzzy match: 21.052631578947366
2025-08-08 14:47:39,027 INFO Comparing database entry: mirafiori with Mirafiori South returned from geonames.
2025-08-08 14:47:39,027 INFO 📄 Index 0 | Name: Mirafiori South | fcl: P, fcode: PPLX | ADM1: Piedmont, ADM2: Turin, ADM3: Torino, ADM4: Santa Rita - Mirafiori | Score: 29.30, Population: 33677 | Fuzzy match: 75.0
2025-08-08 14:47:39,027 INFO Comparing database entry: mirafiori with Mirafiori North returned from geonames.
2025-08-08 14:47:39,027 INFO 📄 Index 1 | Name: Mirafiori North | fcl: P, fcode: PPLX | ADM1: Piedmont, ADM2: Turin, ADM3: Torino, ADM4: Santa Rita - Mirafiori | Score: 22.21, Population: 41337 | Fuzzy match: 75.0
2025-08-08 14:47:39,027 INFO Comparing database entry: mirafiori with Santa Rita - Mirafiori returned from geonames.
2025-08-08 14:47:39,027 INFO 📄 Index 2 | Name: Santa Rita - Mirafiori | fcl: A, fcode: ADM4 | ADM1: Piedmont, ADM2: Turin, ADM3: Torino, ADM4: Santa Rita - Mirafiori | Score: 19.17, Population: 0 | Fuzzy match: 58.06451612903225
2025-08-08 14:47:39,028 INFO Comparing database entry: mirafiori with Santa Rita returned from geonames.
2025-08-08 14:47:39,028 INFO 📄 Index 3 | Name: Santa Rita | fcl: P, fcode: PPLX | ADM1: Piedmont, ADM2: Turin, ADM3: Torino, ADM4: Santa Rita - Mirafiori | Score: 5.84, Population: 0 | Fuzzy match: 21.052631578947366
2025-08-08 14:47:39,212 INFO Comparing database entry: mirafiori with Mirafiori South returned from geonames.
2025-08-08 14:47:39,212 INFO 📄 Index 0 | Name: Mirafiori South | fcl: P, fcode: PPLX | ADM1: Piedmont, ADM2: Turin, ADM3: Torino, ADM4: Santa Rita - Mirafiori | Score: 29.30, Population: 33677 | Fuzzy match: 75.0
2025-08-08 14:47:39,212 INFO Comparing database entry: mirafiori with Mirafiori North returned from geonames.
2025-08-08 14:47:39,213 INFO 📄 Index 1 | Name: Mirafiori North | fcl: P, fcode: PPLX | ADM1: Piedmont, ADM2: Turin, ADM3: Torino, ADM4: Santa Rita - Mirafiori | Score: 22.21, Population: 41337 | Fuzzy match: 75.0
2025-08-08 14:47:39,213 INFO Comparing database entry: mirafiori with Santa Rita - Mirafiori returned from geonames.
2025-08-08 14:47:39,213 INFO 📄 Index 2 | Name: Santa Rita - Mirafiori | fcl: A, fcode: ADM4 | ADM1: Piedmont, ADM2: Turin, ADM3: Torino, ADM4: Santa Rita - Mirafiori | Score: 19.17, Population: 0 | Fuzzy match: 58.06451612903225
2025-08-08 14:47:39,213 INFO Comparing database entry: mirafiori with Santa Rita returned from geonames.
2025-08-08 14:47:39,213 INFO 📄 Index 3 | Name: Santa Rita | fcl: P, fcode: PPLX | ADM1: Piedmont, ADM2: Turin, ADM3: Torino, ADM4: Santa Rita - Mirafiori | Score: 5.84, Population: 0 | Fuzzy match: 21.052631578947366
2025-08-08 14:47:39,380 INFO Comparing database entry: mirafiori with Mirafiori South returned from geonames.
2025-08-08 14:47:39,381 INFO 📄 Index 0 | Name: Mirafiori South | fcl: P, fcode: PPLX | ADM1: Piedmont, ADM2: Turin, ADM3: Torino, ADM4: Santa Rita - Mirafiori | Score: 29.30, Population: 33677 | Fuzzy match: 75.0
2025-08-08 14:47:39,381 INFO Comparing database entry: mirafiori with Mirafiori North returned from geonames.
2025-08-08 14:47:39,381 INFO 📄 Index 1 | Name: Mirafiori North | fcl: P, fcode: PPLX | ADM1: Piedmont, ADM2: Turin, ADM3: Torino, ADM4: Santa Rita - Mirafiori | Score: 22.21, Population: 41337 | Fuzzy match: 75.0
2025-08-08 14:47:39,381 INFO Comparing database entry: mirafiori with Santa Rita - Mirafiori returned from geonames.
2025-08-08 14:47:39,381 INFO 📄 Index 2 | Name: Santa Rita - Mirafiori | fcl: A, fcode: ADM4 | ADM1: Piedmont, ADM2: Turin, ADM3: Torino, ADM4: Santa Rita - Mirafiori | Score: 19.17, Population: 0 | Fuzzy match: 58.06451612903225
2025-08-08 14:47:39,381 INFO Comparing database entry: mirafiori with Santa Rita returned from geonames.
2025-08-08 14:47:39,381 INFO 📄 Index 3 | Name: Santa Rita | fcl: P, fcode: PPLX | ADM1: Piedmont, ADM2: Turin, ADM3: Torino, ADM4: Santa Rita - Mirafiori | Score: 5.84, Population: 0 | Fuzzy match: 21.052631578947366
2025-08-08 14:47:39,524 INFO Comparing database entry: mirafiori with Mirafiori South returned from geonames.
2025-08-08 14:47:39,524 INFO 📄 Index 0 | Name: Mirafiori South | fcl: P, fcode: PPLX | ADM1: Piedmont, ADM2: Turin, ADM3: Torino, ADM4: Santa Rita - Mirafiori | Score: 29.30, Population: 33677 | Fuzzy match: 75.0
2025-08-08 14:47:39,524 INFO Comparing database entry: mirafiori with Mirafiori North returned from geonames.
2025-08-08 14:47:39,524 INFO 📄 Index 1 | Name: Mirafiori North | fcl: P, fcode: PPLX | ADM1: Piedmont, ADM2: Turin, ADM3: Torino, ADM4: Santa Rita - Mirafiori | Score: 22.21, Population: 41337 | Fuzzy match: 75.0
2025-08-08 14:47:39,525 INFO Comparing database entry: mirafiori with Santa Rita - Mirafiori returned from geonames.
2025-08-08 14:47:39,525 INFO 📄 Index 2 | Name: Santa Rita - Mirafiori | fcl: A, fcode: ADM4 | ADM1: Piedmont, ADM2: Turin, ADM3: Torino, ADM4: Santa Rita - Mirafiori | Score: 19.17, Population: 0 | Fuzzy match: 58.06451612903225
2025-08-08 14:47:39,525 INFO Comparing database entry: mirafiori with Santa Rita returned from geonames.
2025-08-08 14:47:39,525 INFO 📄 Index 3 | Name: Santa Rita | fcl: P, fcode: PPLX | ADM1: Piedmont, ADM2: Turin, ADM3: Torino, ADM4: Santa Rita - Mirafiori | Score: 5.84, Population: 0 | Fuzzy match: 21.052631578947366
2025-08-08 14:47:39,684 INFO Comparing database entry: mirafiori with Mirafiori South returned from geonames.
2025-08-08 14:47:39,684 INFO 📄 Index 0 | Name: Mirafiori South | fcl: P, fcode: PPLX | ADM1: Piedmont, ADM2: Turin, ADM3: Torino, ADM4: Santa Rita - Mirafiori | Score: 29.30, Population: 33677 | Fuzzy match: 75.0
2025-08-08 14:47:39,685 INFO Comparing database entry: mirafiori with Mirafiori North returned from geonames.
2025-08-08 14:47:39,685 INFO 📄 Index 1 | Name: Mirafiori North | fcl: P, fcode: PPLX | ADM1: Piedmont, ADM2: Turin, ADM3: Torino, ADM4: Santa Rita - Mirafiori | Score: 22.21, Population: 41337 | Fuzzy match: 75.0
2025-08-08 14:47:39,685 INFO Comparing database entry: mirafiori with Santa Rita - Mirafiori returned from geonames.
2025-08-08 14:47:39,685 INFO 📄 Index 2 | Name: Santa Rita - Mirafiori | fcl: A, fcode: ADM4 | ADM1: Piedmont, ADM2: Turin, ADM3: Torino, ADM4: Santa Rita - Mirafiori | Score: 19.17, Population: 0 | Fuzzy match: 58.06451612903225
2025-08-08 14:47:39,685 INFO Comparing database entry: mirafiori with Santa Rita returned from geonames.
2025-08-08 14:47:39,685 INFO 📄 Index 3 | Name: Santa Rita | fcl: P, fcode: PPLX | ADM1: Piedmont, ADM2: Turin, ADM3: Torino, ADM4: Santa Rita - Mirafiori | Score: 5.84, Population: 0 | Fuzzy match: 21.052631578947366
2025-08-08 14:47:39,685 WARNING ❌ No match found with fuzzy score > 80 for city: mirafiori
2025-08-08 14:47:39,685 WARNING ❌ Lookup failed for city='mirafiori', iso2='IT'
