2025-08-22 15:20:14,520 INFO 🗺️ Starting GeoNames lookup for city='napoli', country='italy'
2025-08-22 15:20:14,520 INFO 📍 Location is present in the following articles: [ObjectId('68a35b53193a11c7b797cd07')]
2025-08-22 15:20:14,699 INFO Comparing database entry: napoli with Naples returned from geonames.
2025-08-22 15:20:14,699 INFO 📄 Index 0 | Name: Naples | fcl: P, fcode: PPLA | ADM1: Campania, ADM2: Naples, ADM3: Naples, ADM4:  | Latitude: 40.85216, Longitude: 14.26811 | Score: 172.74, Population: 909048 | Fuzzy match: 66.66666666666667
2025-08-22 15:20:14,700 INFO Comparing database entry: napoli with Italy returned from geonames.
2025-08-22 15:20:14,700 INFO 📄 Index 1 | Name: Italy | fcl: A, fcode: PCLI | ADM1: , ADM2: , ADM3: , ADM4:  | Latitude: 42.83333, Longitude: 12.83333 | Score: 106.27, Population: 60431283 | Fuzzy match: 36.36363636363637
2025-08-22 15:20:14,700 INFO Comparing database entry: napoli with Fuorigrotta returned from geonames.
2025-08-22 15:20:14,700 INFO 📄 Index 2 | Name: Fuorigrotta | fcl: P, fcode: PPL | ADM1: Campania, ADM2: Naples, ADM3: Naples, ADM4: Municipalità 10 | Latitude: 40.83333, Longitude: 14.2 | Score: 55.26, Population: 76521 | Fuzzy match: 23.529411764705888
2025-08-22 15:20:14,700 INFO Comparing database entry: napoli with Pozzuoli returned from geonames.
2025-08-22 15:20:14,700 INFO 📄 Index 3 | Name: Pozzuoli | fcl: P, fcode: PPLA3 | ADM1: Campania, ADM2: Naples, ADM3: Pozzuoli, ADM4:  | Latitude: 40.84394, Longitude: 14.0952 | Score: 54.70, Population: 81231 | Fuzzy match: 57.14285714285714
2025-08-22 15:20:14,885 INFO Comparing database entry: napoli with Naples returned from geonames.
2025-08-22 15:20:14,885 INFO 📄 Index 0 | Name: Naples | fcl: P, fcode: PPLA | ADM1: Campania, ADM2: Naples, ADM3: Naples, ADM4:  | Latitude: 40.85216, Longitude: 14.26811 | Score: 172.74, Population: 909048 | Fuzzy match: 66.66666666666667
2025-08-22 15:20:14,885 INFO Comparing database entry: napoli with Italy returned from geonames.
2025-08-22 15:20:14,885 INFO 📄 Index 1 | Name: Italy | fcl: A, fcode: PCLI | ADM1: , ADM2: , ADM3: , ADM4:  | Latitude: 42.83333, Longitude: 12.83333 | Score: 106.27, Population: 60431283 | Fuzzy match: 36.36363636363637
2025-08-22 15:20:14,886 INFO Comparing database entry: napoli with Fuorigrotta returned from geonames.
2025-08-22 15:20:14,886 INFO 📄 Index 2 | Name: Fuorigrotta | fcl: P, fcode: PPL | ADM1: Campania, ADM2: Naples, ADM3: Naples, ADM4: Municipalità 10 | Latitude: 40.83333, Longitude: 14.2 | Score: 55.26, Population: 76521 | Fuzzy match: 23.529411764705888
2025-08-22 15:20:14,886 INFO Comparing database entry: napoli with Pozzuoli returned from geonames.
2025-08-22 15:20:14,886 INFO 📄 Index 3 | Name: Pozzuoli | fcl: P, fcode: PPLA3 | ADM1: Campania, ADM2: Naples, ADM3: Pozzuoli, ADM4:  | Latitude: 40.84394, Longitude: 14.0952 | Score: 54.70, Population: 81231 | Fuzzy match: 57.14285714285714
2025-08-22 15:20:15,096 INFO Comparing database entry: napoli with Naples returned from geonames.
2025-08-22 15:20:15,096 INFO 📄 Index 0 | Name: Naples | fcl: P, fcode: PPLA | ADM1: Campania, ADM2: Naples, ADM3: Naples, ADM4:  | Latitude: 40.85216, Longitude: 14.26811 | Score: 172.74, Population: 909048 | Fuzzy match: 66.66666666666667
2025-08-22 15:20:15,096 INFO Comparing database entry: napoli with Italy returned from geonames.
2025-08-22 15:20:15,097 INFO 📄 Index 1 | Name: Italy | fcl: A, fcode: PCLI | ADM1: , ADM2: , ADM3: , ADM4:  | Latitude: 42.83333, Longitude: 12.83333 | Score: 106.27, Population: 60431283 | Fuzzy match: 36.36363636363637
2025-08-22 15:20:15,097 INFO Comparing database entry: napoli with Fuorigrotta returned from geonames.
2025-08-22 15:20:15,097 INFO 📄 Index 2 | Name: Fuorigrotta | fcl: P, fcode: PPL | ADM1: Campania, ADM2: Naples, ADM3: Naples, ADM4: Municipalità 10 | Latitude: 40.83333, Longitude: 14.2 | Score: 55.26, Population: 76521 | Fuzzy match: 23.529411764705888
2025-08-22 15:20:15,097 INFO Comparing database entry: napoli with Pozzuoli returned from geonames.
2025-08-22 15:20:15,097 INFO 📄 Index 3 | Name: Pozzuoli | fcl: P, fcode: PPLA3 | ADM1: Campania, ADM2: Naples, ADM3: Pozzuoli, ADM4:  | Latitude: 40.84394, Longitude: 14.0952 | Score: 54.70, Population: 81231 | Fuzzy match: 57.14285714285714
2025-08-22 15:20:15,307 INFO Comparing database entry: napoli with Naples returned from geonames.
2025-08-22 15:20:15,307 INFO 📄 Index 0 | Name: Naples | fcl: P, fcode: PPLA | ADM1: Campania, ADM2: Naples, ADM3: Naples, ADM4:  | Latitude: 40.85216, Longitude: 14.26811 | Score: 172.74, Population: 909048 | Fuzzy match: 66.66666666666667
2025-08-22 15:20:15,307 INFO Comparing database entry: napoli with Italy returned from geonames.
2025-08-22 15:20:15,307 INFO 📄 Index 1 | Name: Italy | fcl: A, fcode: PCLI | ADM1: , ADM2: , ADM3: , ADM4:  | Latitude: 42.83333, Longitude: 12.83333 | Score: 106.27, Population: 60431283 | Fuzzy match: 36.36363636363637
2025-08-22 15:20:15,307 INFO Comparing database entry: napoli with Fuorigrotta returned from geonames.
2025-08-22 15:20:15,307 INFO 📄 Index 2 | Name: Fuorigrotta | fcl: P, fcode: PPL | ADM1: Campania, ADM2: Naples, ADM3: Naples, ADM4: Municipalità 10 | Latitude: 40.83333, Longitude: 14.2 | Score: 55.26, Population: 76521 | Fuzzy match: 23.529411764705888
2025-08-22 15:20:15,308 INFO Comparing database entry: napoli with Pozzuoli returned from geonames.
2025-08-22 15:20:15,308 INFO 📄 Index 3 | Name: Pozzuoli | fcl: P, fcode: PPLA3 | ADM1: Campania, ADM2: Naples, ADM3: Pozzuoli, ADM4:  | Latitude: 40.84394, Longitude: 14.0952 | Score: 54.70, Population: 81231 | Fuzzy match: 57.14285714285714
2025-08-22 15:20:15,514 INFO Comparing database entry: napoli with Naples returned from geonames.
2025-08-22 15:20:15,514 INFO 📄 Index 0 | Name: Naples | fcl: P, fcode: PPLA | ADM1: Campania, ADM2: Naples, ADM3: Naples, ADM4:  | Latitude: 40.85216, Longitude: 14.26811 | Score: 172.74, Population: 909048 | Fuzzy match: 66.66666666666667
2025-08-22 15:20:15,514 INFO Comparing database entry: napoli with Italy returned from geonames.
2025-08-22 15:20:15,514 INFO 📄 Index 1 | Name: Italy | fcl: A, fcode: PCLI | ADM1: , ADM2: , ADM3: , ADM4:  | Latitude: 42.83333, Longitude: 12.83333 | Score: 106.27, Population: 60431283 | Fuzzy match: 36.36363636363637
2025-08-22 15:20:15,515 INFO Comparing database entry: napoli with Fuorigrotta returned from geonames.
2025-08-22 15:20:15,515 INFO 📄 Index 2 | Name: Fuorigrotta | fcl: P, fcode: PPL | ADM1: Campania, ADM2: Naples, ADM3: Naples, ADM4: Municipalità 10 | Latitude: 40.83333, Longitude: 14.2 | Score: 55.26, Population: 76521 | Fuzzy match: 23.529411764705888
2025-08-22 15:20:15,515 INFO Comparing database entry: napoli with Pozzuoli returned from geonames.
2025-08-22 15:20:15,515 INFO 📄 Index 3 | Name: Pozzuoli | fcl: P, fcode: PPLA3 | ADM1: Campania, ADM2: Naples, ADM3: Pozzuoli, ADM4:  | Latitude: 40.84394, Longitude: 14.0952 | Score: 54.70, Population: 81231 | Fuzzy match: 57.14285714285714
2025-08-22 15:20:15,720 INFO Comparing database entry: napoli with Naples returned from geonames.
2025-08-22 15:20:15,721 INFO 📄 Index 0 | Name: Naples | fcl: P, fcode: PPLA | ADM1: Campania, ADM2: Naples, ADM3: Naples, ADM4:  | Latitude: 40.85216, Longitude: 14.26811 | Score: 172.74, Population: 909048 | Fuzzy match: 66.66666666666667
2025-08-22 15:20:15,721 INFO Comparing database entry: napoli with Italy returned from geonames.
2025-08-22 15:20:15,721 INFO 📄 Index 1 | Name: Italy | fcl: A, fcode: PCLI | ADM1: , ADM2: , ADM3: , ADM4:  | Latitude: 42.83333, Longitude: 12.83333 | Score: 106.27, Population: 60431283 | Fuzzy match: 36.36363636363637
2025-08-22 15:20:15,721 INFO Comparing database entry: napoli with Fuorigrotta returned from geonames.
2025-08-22 15:20:15,721 INFO 📄 Index 2 | Name: Fuorigrotta | fcl: P, fcode: PPL | ADM1: Campania, ADM2: Naples, ADM3: Naples, ADM4: Municipalità 10 | Latitude: 40.83333, Longitude: 14.2 | Score: 55.26, Population: 76521 | Fuzzy match: 23.529411764705888
2025-08-22 15:20:15,721 INFO Comparing database entry: napoli with Pozzuoli returned from geonames.
2025-08-22 15:20:15,721 INFO 📄 Index 3 | Name: Pozzuoli | fcl: P, fcode: PPLA3 | ADM1: Campania, ADM2: Naples, ADM3: Pozzuoli, ADM4:  | Latitude: 40.84394, Longitude: 14.0952 | Score: 54.70, Population: 81231 | Fuzzy match: 57.14285714285714
2025-08-22 15:20:15,721 WARNING ❌ No match found with fuzzy score > 80 for city: napoli
2025-08-22 15:20:15,721 WARNING ❌ Lookup failed for city='napoli', iso2='IT'
