2025-08-19 17:12:07,982 INFO 🗺️ Starting GeoNames lookup for city='partanna, sicily', country='italy'
2025-08-19 17:12:07,982 INFO 📍 Location is present in the following articles: [ObjectId('67fa7dc8eaa4fb525afebd1e')]
2025-08-19 17:12:08,129 INFO Comparing database entry: partanna, sicily with Partanna returned from geonames.
2025-08-19 17:12:08,130 INFO 📄 Index 0 | Name: Partanna | fcl: P, fcode: PPLA3 | ADM1: Sicily, ADM2: Province of Trapani, ADM3: Partanna, ADM4:  | Latitude: 37.7268, Longitude: 12.88917 | Score: 39.73, Population: 10200 | Fuzzy match: 66.66666666666667
2025-08-19 17:12:08,130 INFO Comparing database entry: partanna, sicily with Partanna returned from geonames.
2025-08-19 17:12:08,130 INFO 📄 Index 1 | Name: Partanna | fcl: A, fcode: ADM3 | ADM1: Sicily, ADM2: Province of Trapani, ADM3: Partanna, ADM4:  | Latitude: 37.72784, Longitude: 12.88854 | Score: 21.41, Population: 10337 | Fuzzy match: 66.66666666666667
2025-08-19 17:12:08,130 INFO Comparing database entry: partanna, sicily with Partanna Mondello returned from geonames.
2025-08-19 17:12:08,130 INFO 📄 Index 2 | Name: Partanna Mondello | fcl: P, fcode: PPLX | ADM1: Sicily, ADM2: Province of Palermo, ADM3: Palermo, ADM4: Circoscrizione VII | Latitude: 38.20075, Longitude: 13.30943 | Score: 6.40, Population: 0 | Fuzzy match: 48.484848484848484
2025-08-19 17:12:08,297 INFO Comparing database entry: partanna, sicily with Partanna returned from geonames.
2025-08-19 17:12:08,297 INFO 📄 Index 0 | Name: Partanna | fcl: P, fcode: PPLA3 | ADM1: Sicily, ADM2: Province of Trapani, ADM3: Partanna, ADM4:  | Latitude: 37.7268, Longitude: 12.88917 | Score: 39.73, Population: 10200 | Fuzzy match: 66.66666666666667
2025-08-19 17:12:08,297 INFO Comparing database entry: partanna, sicily with Partanna returned from geonames.
2025-08-19 17:12:08,297 INFO 📄 Index 1 | Name: Partanna | fcl: A, fcode: ADM3 | ADM1: Sicily, ADM2: Province of Trapani, ADM3: Partanna, ADM4:  | Latitude: 37.72784, Longitude: 12.88854 | Score: 21.41, Population: 10337 | Fuzzy match: 66.66666666666667
2025-08-19 17:12:08,297 INFO Comparing database entry: partanna, sicily with Partanna Mondello returned from geonames.
2025-08-19 17:12:08,297 INFO 📄 Index 2 | Name: Partanna Mondello | fcl: P, fcode: PPLX | ADM1: Sicily, ADM2: Province of Palermo, ADM3: Palermo, ADM4: Circoscrizione VII | Latitude: 38.20075, Longitude: 13.30943 | Score: 6.40, Population: 0 | Fuzzy match: 48.484848484848484
2025-08-19 17:12:08,442 INFO Comparing database entry: partanna, sicily with Partanna returned from geonames.
2025-08-19 17:12:08,442 INFO 📄 Index 0 | Name: Partanna | fcl: P, fcode: PPLA3 | ADM1: Sicily, ADM2: Province of Trapani, ADM3: Partanna, ADM4:  | Latitude: 37.7268, Longitude: 12.88917 | Score: 39.73, Population: 10200 | Fuzzy match: 66.66666666666667
2025-08-19 17:12:08,443 INFO Comparing database entry: partanna, sicily with Partanna returned from geonames.
2025-08-19 17:12:08,443 INFO 📄 Index 1 | Name: Partanna | fcl: A, fcode: ADM3 | ADM1: Sicily, ADM2: Province of Trapani, ADM3: Partanna, ADM4:  | Latitude: 37.72784, Longitude: 12.88854 | Score: 21.41, Population: 10337 | Fuzzy match: 66.66666666666667
2025-08-19 17:12:08,443 INFO Comparing database entry: partanna, sicily with Partanna Mondello returned from geonames.
2025-08-19 17:12:08,443 INFO 📄 Index 2 | Name: Partanna Mondello | fcl: P, fcode: PPLX | ADM1: Sicily, ADM2: Province of Palermo, ADM3: Palermo, ADM4: Circoscrizione VII | Latitude: 38.20075, Longitude: 13.30943 | Score: 6.40, Population: 0 | Fuzzy match: 48.484848484848484
2025-08-19 17:12:08,594 INFO Comparing database entry: partanna, sicily with Partanna returned from geonames.
2025-08-19 17:12:08,594 INFO 📄 Index 0 | Name: Partanna | fcl: P, fcode: PPLA3 | ADM1: Sicily, ADM2: Province of Trapani, ADM3: Partanna, ADM4:  | Latitude: 37.7268, Longitude: 12.88917 | Score: 39.73, Population: 10200 | Fuzzy match: 66.66666666666667
2025-08-19 17:12:08,594 INFO Comparing database entry: partanna, sicily with Partanna returned from geonames.
2025-08-19 17:12:08,594 INFO 📄 Index 1 | Name: Partanna | fcl: A, fcode: ADM3 | ADM1: Sicily, ADM2: Province of Trapani, ADM3: Partanna, ADM4:  | Latitude: 37.72784, Longitude: 12.88854 | Score: 21.41, Population: 10337 | Fuzzy match: 66.66666666666667
2025-08-19 17:12:08,594 INFO Comparing database entry: partanna, sicily with Partanna Mondello returned from geonames.
2025-08-19 17:12:08,594 INFO 📄 Index 2 | Name: Partanna Mondello | fcl: P, fcode: PPLX | ADM1: Sicily, ADM2: Province of Palermo, ADM3: Palermo, ADM4: Circoscrizione VII | Latitude: 38.20075, Longitude: 13.30943 | Score: 6.40, Population: 0 | Fuzzy match: 48.484848484848484
2025-08-19 17:12:08,735 INFO Comparing database entry: partanna, sicily with Partanna returned from geonames.
2025-08-19 17:12:08,735 INFO 📄 Index 0 | Name: Partanna | fcl: P, fcode: PPLA3 | ADM1: Sicily, ADM2: Province of Trapani, ADM3: Partanna, ADM4:  | Latitude: 37.7268, Longitude: 12.88917 | Score: 39.73, Population: 10200 | Fuzzy match: 66.66666666666667
2025-08-19 17:12:08,735 INFO Comparing database entry: partanna, sicily with Partanna returned from geonames.
2025-08-19 17:12:08,735 INFO 📄 Index 1 | Name: Partanna | fcl: A, fcode: ADM3 | ADM1: Sicily, ADM2: Province of Trapani, ADM3: Partanna, ADM4:  | Latitude: 37.72784, Longitude: 12.88854 | Score: 21.41, Population: 10337 | Fuzzy match: 66.66666666666667
2025-08-19 17:12:08,735 INFO Comparing database entry: partanna, sicily with Partanna Mondello returned from geonames.
2025-08-19 17:12:08,735 INFO 📄 Index 2 | Name: Partanna Mondello | fcl: P, fcode: PPLX | ADM1: Sicily, ADM2: Province of Palermo, ADM3: Palermo, ADM4: Circoscrizione VII | Latitude: 38.20075, Longitude: 13.30943 | Score: 6.40, Population: 0 | Fuzzy match: 48.484848484848484
2025-08-19 17:12:08,869 INFO Comparing database entry: partanna, sicily with Partanna returned from geonames.
2025-08-19 17:12:08,869 INFO 📄 Index 0 | Name: Partanna | fcl: P, fcode: PPLA3 | ADM1: Sicily, ADM2: Province of Trapani, ADM3: Partanna, ADM4:  | Latitude: 37.7268, Longitude: 12.88917 | Score: 39.73, Population: 10200 | Fuzzy match: 66.66666666666667
2025-08-19 17:12:08,869 INFO Comparing database entry: partanna, sicily with Partanna returned from geonames.
2025-08-19 17:12:08,869 INFO 📄 Index 1 | Name: Partanna | fcl: A, fcode: ADM3 | ADM1: Sicily, ADM2: Province of Trapani, ADM3: Partanna, ADM4:  | Latitude: 37.72784, Longitude: 12.88854 | Score: 21.41, Population: 10337 | Fuzzy match: 66.66666666666667
2025-08-19 17:12:08,869 INFO Comparing database entry: partanna, sicily with Partanna Mondello returned from geonames.
2025-08-19 17:12:08,869 INFO 📄 Index 2 | Name: Partanna Mondello | fcl: P, fcode: PPLX | ADM1: Sicily, ADM2: Province of Palermo, ADM3: Palermo, ADM4: Circoscrizione VII | Latitude: 38.20075, Longitude: 13.30943 | Score: 6.40, Population: 0 | Fuzzy match: 48.484848484848484
2025-08-19 17:12:08,869 WARNING ❌ No match found with fuzzy score > 80 for city: partanna, sicily
2025-08-19 17:12:08,870 WARNING ❌ Lookup failed for city='partanna_sicily', iso2='IT'
