2025-08-17 12:51:03,352 INFO 🗺️ Starting GeoNames lookup for city='pomigliano', country='italy'
2025-08-17 12:51:03,352 INFO 📍 Location is present in the following articles: [ObjectId('67f52ade981040986eab72cf'), ObjectId('67f52b2b981040986eab7403')]
2025-08-17 12:51:03,547 INFO Comparing database entry: pomigliano with Pomigliano d'Arco returned from geonames.
2025-08-17 12:51:03,547 INFO 📄 Index 0 | Name: Pomigliano d'Arco | fcl: P, fcode: PPLA3 | ADM1: Campania, ADM2: Naples, ADM3: Pomigliano d'Arco, ADM4:  | Score: 49.03, Population: 38921 | Fuzzy match: 74.07407407407408
2025-08-17 12:51:03,547 INFO Comparing database entry: pomigliano with Pomigliano d'Arco returned from geonames.
2025-08-17 12:51:03,547 INFO 📄 Index 1 | Name: Pomigliano d'Arco | fcl: A, fcode: ADM3 | ADM1: Campania, ADM2: Naples, ADM3: Pomigliano d'Arco, ADM4:  | Score: 26.78, Population: 39637 | Fuzzy match: 74.07407407407408
2025-08-17 12:51:03,547 INFO Comparing database entry: pomigliano with Cutinelli returned from geonames.
2025-08-17 12:51:03,547 INFO 📄 Index 2 | Name: Cutinelli | fcl: P, fcode: PPL | ADM1: Campania, ADM2: Naples, ADM3: Pomigliano d'Arco, ADM4:  | Score: 15.42, Population: 237 | Fuzzy match: 31.57894736842105
2025-08-17 12:51:03,547 INFO Comparing database entry: pomigliano with Papaccio returned from geonames.
2025-08-17 12:51:03,547 INFO 📄 Index 3 | Name: Papaccio | fcl: P, fcode: PPL | ADM1: Campania, ADM2: Naples, ADM3: Pomigliano d'Arco, ADM4:  | Score: 15.42, Population: 22 | Fuzzy match: 33.333333333333336
2025-08-17 12:51:03,717 INFO Comparing database entry: pomigliano with Pomigliano d'Arco returned from geonames.
2025-08-17 12:51:03,717 INFO 📄 Index 0 | Name: Pomigliano d'Arco | fcl: P, fcode: PPLA3 | ADM1: Campania, ADM2: Naples, ADM3: Pomigliano d'Arco, ADM4:  | Score: 49.03, Population: 38921 | Fuzzy match: 74.07407407407408
2025-08-17 12:51:03,717 INFO Comparing database entry: pomigliano with Pomigliano d'Arco returned from geonames.
2025-08-17 12:51:03,717 INFO 📄 Index 1 | Name: Pomigliano d'Arco | fcl: A, fcode: ADM3 | ADM1: Campania, ADM2: Naples, ADM3: Pomigliano d'Arco, ADM4:  | Score: 26.78, Population: 39637 | Fuzzy match: 74.07407407407408
2025-08-17 12:51:03,717 INFO Comparing database entry: pomigliano with Cutinelli returned from geonames.
2025-08-17 12:51:03,717 INFO 📄 Index 2 | Name: Cutinelli | fcl: P, fcode: PPL | ADM1: Campania, ADM2: Naples, ADM3: Pomigliano d'Arco, ADM4:  | Score: 15.42, Population: 237 | Fuzzy match: 31.57894736842105
2025-08-17 12:51:03,717 INFO Comparing database entry: pomigliano with Papaccio returned from geonames.
2025-08-17 12:51:03,717 INFO 📄 Index 3 | Name: Papaccio | fcl: P, fcode: PPL | ADM1: Campania, ADM2: Naples, ADM3: Pomigliano d'Arco, ADM4:  | Score: 15.42, Population: 22 | Fuzzy match: 33.333333333333336
2025-08-17 12:51:03,868 INFO Comparing database entry: pomigliano with Pomigliano d'Arco returned from geonames.
2025-08-17 12:51:03,868 INFO 📄 Index 0 | Name: Pomigliano d'Arco | fcl: P, fcode: PPLA3 | ADM1: Campania, ADM2: Naples, ADM3: Pomigliano d'Arco, ADM4:  | Score: 49.03, Population: 38921 | Fuzzy match: 74.07407407407408
2025-08-17 12:51:03,868 INFO Comparing database entry: pomigliano with Pomigliano d'Arco returned from geonames.
2025-08-17 12:51:03,869 INFO 📄 Index 1 | Name: Pomigliano d'Arco | fcl: A, fcode: ADM3 | ADM1: Campania, ADM2: Naples, ADM3: Pomigliano d'Arco, ADM4:  | Score: 26.78, Population: 39637 | Fuzzy match: 74.07407407407408
2025-08-17 12:51:03,869 INFO Comparing database entry: pomigliano with Cutinelli returned from geonames.
2025-08-17 12:51:03,869 INFO 📄 Index 2 | Name: Cutinelli | fcl: P, fcode: PPL | ADM1: Campania, ADM2: Naples, ADM3: Pomigliano d'Arco, ADM4:  | Score: 15.42, Population: 237 | Fuzzy match: 31.57894736842105
2025-08-17 12:51:03,869 INFO Comparing database entry: pomigliano with Papaccio returned from geonames.
2025-08-17 12:51:03,869 INFO 📄 Index 3 | Name: Papaccio | fcl: P, fcode: PPL | ADM1: Campania, ADM2: Naples, ADM3: Pomigliano d'Arco, ADM4:  | Score: 15.42, Population: 22 | Fuzzy match: 33.333333333333336
2025-08-17 12:51:03,996 INFO Comparing database entry: pomigliano with Pomigliano d'Arco returned from geonames.
2025-08-17 12:51:03,996 INFO 📄 Index 0 | Name: Pomigliano d'Arco | fcl: P, fcode: PPLA3 | ADM1: Campania, ADM2: Naples, ADM3: Pomigliano d'Arco, ADM4:  | Score: 49.03, Population: 38921 | Fuzzy match: 74.07407407407408
2025-08-17 12:51:03,997 INFO Comparing database entry: pomigliano with Pomigliano d'Arco returned from geonames.
2025-08-17 12:51:03,997 INFO 📄 Index 1 | Name: Pomigliano d'Arco | fcl: A, fcode: ADM3 | ADM1: Campania, ADM2: Naples, ADM3: Pomigliano d'Arco, ADM4:  | Score: 26.78, Population: 39637 | Fuzzy match: 74.07407407407408
2025-08-17 12:51:03,997 INFO Comparing database entry: pomigliano with Cutinelli returned from geonames.
2025-08-17 12:51:03,997 INFO 📄 Index 2 | Name: Cutinelli | fcl: P, fcode: PPL | ADM1: Campania, ADM2: Naples, ADM3: Pomigliano d'Arco, ADM4:  | Score: 15.42, Population: 237 | Fuzzy match: 31.57894736842105
2025-08-17 12:51:03,997 INFO Comparing database entry: pomigliano with Papaccio returned from geonames.
2025-08-17 12:51:03,997 INFO 📄 Index 3 | Name: Papaccio | fcl: P, fcode: PPL | ADM1: Campania, ADM2: Naples, ADM3: Pomigliano d'Arco, ADM4:  | Score: 15.42, Population: 22 | Fuzzy match: 33.333333333333336
2025-08-17 12:51:04,125 INFO Comparing database entry: pomigliano with Pomigliano d'Arco returned from geonames.
2025-08-17 12:51:04,125 INFO 📄 Index 0 | Name: Pomigliano d'Arco | fcl: P, fcode: PPLA3 | ADM1: Campania, ADM2: Naples, ADM3: Pomigliano d'Arco, ADM4:  | Score: 49.03, Population: 38921 | Fuzzy match: 74.07407407407408
2025-08-17 12:51:04,125 INFO Comparing database entry: pomigliano with Pomigliano d'Arco returned from geonames.
2025-08-17 12:51:04,125 INFO 📄 Index 1 | Name: Pomigliano d'Arco | fcl: A, fcode: ADM3 | ADM1: Campania, ADM2: Naples, ADM3: Pomigliano d'Arco, ADM4:  | Score: 26.78, Population: 39637 | Fuzzy match: 74.07407407407408
2025-08-17 12:51:04,125 INFO Comparing database entry: pomigliano with Cutinelli returned from geonames.
2025-08-17 12:51:04,125 INFO 📄 Index 2 | Name: Cutinelli | fcl: P, fcode: PPL | ADM1: Campania, ADM2: Naples, ADM3: Pomigliano d'Arco, ADM4:  | Score: 15.42, Population: 237 | Fuzzy match: 31.57894736842105
2025-08-17 12:51:04,125 INFO Comparing database entry: pomigliano with Papaccio returned from geonames.
2025-08-17 12:51:04,126 INFO 📄 Index 3 | Name: Papaccio | fcl: P, fcode: PPL | ADM1: Campania, ADM2: Naples, ADM3: Pomigliano d'Arco, ADM4:  | Score: 15.42, Population: 22 | Fuzzy match: 33.333333333333336
2025-08-17 12:51:04,282 INFO Comparing database entry: pomigliano with Pomigliano d'Arco returned from geonames.
2025-08-17 12:51:04,283 INFO 📄 Index 0 | Name: Pomigliano d'Arco | fcl: P, fcode: PPLA3 | ADM1: Campania, ADM2: Naples, ADM3: Pomigliano d'Arco, ADM4:  | Score: 49.03, Population: 38921 | Fuzzy match: 74.07407407407408
2025-08-17 12:51:04,283 INFO Comparing database entry: pomigliano with Pomigliano d'Arco returned from geonames.
2025-08-17 12:51:04,283 INFO 📄 Index 1 | Name: Pomigliano d'Arco | fcl: A, fcode: ADM3 | ADM1: Campania, ADM2: Naples, ADM3: Pomigliano d'Arco, ADM4:  | Score: 26.78, Population: 39637 | Fuzzy match: 74.07407407407408
2025-08-17 12:51:04,283 INFO Comparing database entry: pomigliano with Cutinelli returned from geonames.
2025-08-17 12:51:04,283 INFO 📄 Index 2 | Name: Cutinelli | fcl: P, fcode: PPL | ADM1: Campania, ADM2: Naples, ADM3: Pomigliano d'Arco, ADM4:  | Score: 15.42, Population: 237 | Fuzzy match: 31.57894736842105
2025-08-17 12:51:04,283 INFO Comparing database entry: pomigliano with Papaccio returned from geonames.
2025-08-17 12:51:04,283 INFO 📄 Index 3 | Name: Papaccio | fcl: P, fcode: PPL | ADM1: Campania, ADM2: Naples, ADM3: Pomigliano d'Arco, ADM4:  | Score: 15.42, Population: 22 | Fuzzy match: 33.333333333333336
2025-08-17 12:51:04,283 WARNING ❌ No match found with fuzzy score > 80 for city: pomigliano
2025-08-17 12:51:04,283 WARNING ❌ Lookup failed for city='pomigliano', iso2='IT'
