2025-08-17 16:01:57,809 INFO 🗺️ Starting GeoNames lookup for city='portici, naples', country='italy'
2025-08-17 16:01:57,810 INFO 📍 Location is present in the following articles: [ObjectId('67fa75dfeaa4fb525afeb0f8')]
2025-08-17 16:01:57,956 INFO Comparing database entry: portici, naples with Portici returned from geonames.
2025-08-17 16:01:57,956 INFO 📄 Index 0 | Name: Portici | fcl: P, fcode: PPLA3 | ADM1: Campania, ADM2: Naples, ADM3: Portici, ADM4:  | Score: 69.48, Population: 53801 | Fuzzy match: 63.63636363636363
2025-08-17 16:01:57,956 INFO Comparing database entry: portici, naples with Portici returned from geonames.
2025-08-17 16:01:57,956 INFO 📄 Index 1 | Name: Portici | fcl: A, fcode: ADM3 | ADM1: Campania, ADM2: Naples, ADM3: Portici, ADM4:  | Score: 27.21, Population: 54045 | Fuzzy match: 63.63636363636363
2025-08-17 16:01:58,097 INFO Comparing database entry: portici, naples with Portici returned from geonames.
2025-08-17 16:01:58,097 INFO 📄 Index 0 | Name: Portici | fcl: P, fcode: PPLA3 | ADM1: Campania, ADM2: Naples, ADM3: Portici, ADM4:  | Score: 69.48, Population: 53801 | Fuzzy match: 63.63636363636363
2025-08-17 16:01:58,097 INFO Comparing database entry: portici, naples with Portici returned from geonames.
2025-08-17 16:01:58,097 INFO 📄 Index 1 | Name: Portici | fcl: A, fcode: ADM3 | ADM1: Campania, ADM2: Naples, ADM3: Portici, ADM4:  | Score: 27.21, Population: 54045 | Fuzzy match: 63.63636363636363
2025-08-17 16:01:58,241 INFO Comparing database entry: portici, naples with Portici returned from geonames.
2025-08-17 16:01:58,242 INFO 📄 Index 0 | Name: Portici | fcl: P, fcode: PPLA3 | ADM1: Campania, ADM2: Naples, ADM3: Portici, ADM4:  | Score: 69.48, Population: 53801 | Fuzzy match: 63.63636363636363
2025-08-17 16:01:58,242 INFO Comparing database entry: portici, naples with Portici returned from geonames.
2025-08-17 16:01:58,242 INFO 📄 Index 1 | Name: Portici | fcl: A, fcode: ADM3 | ADM1: Campania, ADM2: Naples, ADM3: Portici, ADM4:  | Score: 27.21, Population: 54045 | Fuzzy match: 63.63636363636363
2025-08-17 16:01:58,391 INFO Comparing database entry: portici, naples with Portici returned from geonames.
2025-08-17 16:01:58,391 INFO 📄 Index 0 | Name: Portici | fcl: P, fcode: PPLA3 | ADM1: Campania, ADM2: Naples, ADM3: Portici, ADM4:  | Score: 69.48, Population: 53801 | Fuzzy match: 63.63636363636363
2025-08-17 16:01:58,391 INFO Comparing database entry: portici, naples with Portici returned from geonames.
2025-08-17 16:01:58,391 INFO 📄 Index 1 | Name: Portici | fcl: A, fcode: ADM3 | ADM1: Campania, ADM2: Naples, ADM3: Portici, ADM4:  | Score: 27.21, Population: 54045 | Fuzzy match: 63.63636363636363
2025-08-17 16:01:58,554 INFO Comparing database entry: portici, naples with Portici returned from geonames.
2025-08-17 16:01:58,554 INFO 📄 Index 0 | Name: Portici | fcl: P, fcode: PPLA3 | ADM1: Campania, ADM2: Naples, ADM3: Portici, ADM4:  | Score: 69.48, Population: 53801 | Fuzzy match: 63.63636363636363
2025-08-17 16:01:58,554 INFO Comparing database entry: portici, naples with Portici returned from geonames.
2025-08-17 16:01:58,554 INFO 📄 Index 1 | Name: Portici | fcl: A, fcode: ADM3 | ADM1: Campania, ADM2: Naples, ADM3: Portici, ADM4:  | Score: 27.21, Population: 54045 | Fuzzy match: 63.63636363636363
2025-08-17 16:01:58,754 INFO Comparing database entry: portici, naples with Portici returned from geonames.
2025-08-17 16:01:58,755 INFO 📄 Index 0 | Name: Portici | fcl: P, fcode: PPLA3 | ADM1: Campania, ADM2: Naples, ADM3: Portici, ADM4:  | Score: 69.48, Population: 53801 | Fuzzy match: 63.63636363636363
2025-08-17 16:01:58,755 INFO Comparing database entry: portici, naples with Portici returned from geonames.
2025-08-17 16:01:58,755 INFO 📄 Index 1 | Name: Portici | fcl: A, fcode: ADM3 | ADM1: Campania, ADM2: Naples, ADM3: Portici, ADM4:  | Score: 27.21, Population: 54045 | Fuzzy match: 63.63636363636363
2025-08-17 16:01:58,755 WARNING ❌ No match found with fuzzy score > 80 for city: portici, naples
2025-08-17 16:01:58,755 WARNING ❌ Lookup failed for city='portici_naples', iso2='IT'
