2025-08-24 16:18:55,439 INFO 🗺️ Starting GeoNames lookup for city='rome-fiumicino', country='italy'
2025-08-24 16:18:55,439 INFO 📍 Location is present in the following articles: [ObjectId('67fa7dedeaa4fb525afebdb6')]
2025-08-24 16:18:55,595 INFO Comparing database entry: rome-fiumicino with Fiumicino returned from geonames.
2025-08-24 16:18:55,596 INFO 📄 Index 0 | Name: Fiumicino | fcl: P, fcode: PPLA3 | ADM1: Lazio, ADM2: Rome, ADM3: Fiumicino, ADM4:  | Latitude: 41.77093, Longitude: 12.23662 | Score: 57.63, Population: 34556 | Fuzzy match: 78.26086956521739
2025-08-24 16:18:55,596 INFO Comparing database entry: rome-fiumicino with Fiumicino returned from geonames.
2025-08-24 16:18:55,596 INFO 📄 Index 1 | Name: Fiumicino | fcl: A, fcode: ADM3 | ADM1: Lazio, ADM2: Rome, ADM3: Fiumicino, ADM4:  | Latitude: 41.76281, Longitude: 12.24747 | Score: 27.53, Population: 80470 | Fuzzy match: 78.26086956521739
2025-08-24 16:18:55,596 INFO Comparing database entry: rome-fiumicino with Fregene returned from geonames.
2025-08-24 16:18:55,596 INFO 📄 Index 2 | Name: Fregene | fcl: P, fcode: PPL | ADM1: Lazio, ADM2: Rome, ADM3: Fiumicino, ADM4:  | Latitude: 41.85051, Longitude: 12.19671 | Score: 27.00, Population: 6727 | Fuzzy match: 28.57142857142857
2025-08-24 16:18:55,596 INFO Comparing database entry: rome-fiumicino with Passoscuro returned from geonames.
2025-08-24 16:18:55,596 INFO 📄 Index 3 | Name: Passoscuro | fcl: P, fcode: PPL | ADM1: Lazio, ADM2: Rome, ADM3: Fiumicino, ADM4:  | Latitude: 41.90209, Longitude: 12.15723 | Score: 27.00, Population: 4173 | Fuzzy match: 25.0
2025-08-24 16:18:55,759 INFO Comparing database entry: rome-fiumicino with Fiumicino returned from geonames.
2025-08-24 16:18:55,760 INFO 📄 Index 0 | Name: Fiumicino | fcl: P, fcode: PPLA3 | ADM1: Lazio, ADM2: Rome, ADM3: Fiumicino, ADM4:  | Latitude: 41.77093, Longitude: 12.23662 | Score: 57.63, Population: 34556 | Fuzzy match: 78.26086956521739
2025-08-24 16:18:55,760 INFO Comparing database entry: rome-fiumicino with Fiumicino returned from geonames.
2025-08-24 16:18:55,760 INFO 📄 Index 1 | Name: Fiumicino | fcl: A, fcode: ADM3 | ADM1: Lazio, ADM2: Rome, ADM3: Fiumicino, ADM4:  | Latitude: 41.76281, Longitude: 12.24747 | Score: 27.53, Population: 80470 | Fuzzy match: 78.26086956521739
2025-08-24 16:18:55,760 INFO Comparing database entry: rome-fiumicino with Fregene returned from geonames.
2025-08-24 16:18:55,760 INFO 📄 Index 2 | Name: Fregene | fcl: P, fcode: PPL | ADM1: Lazio, ADM2: Rome, ADM3: Fiumicino, ADM4:  | Latitude: 41.85051, Longitude: 12.19671 | Score: 27.00, Population: 6727 | Fuzzy match: 28.57142857142857
2025-08-24 16:18:55,760 INFO Comparing database entry: rome-fiumicino with Passoscuro returned from geonames.
2025-08-24 16:18:55,760 INFO 📄 Index 3 | Name: Passoscuro | fcl: P, fcode: PPL | ADM1: Lazio, ADM2: Rome, ADM3: Fiumicino, ADM4:  | Latitude: 41.90209, Longitude: 12.15723 | Score: 27.00, Population: 4173 | Fuzzy match: 25.0
2025-08-24 16:18:55,923 INFO Comparing database entry: rome-fiumicino with Fiumicino returned from geonames.
2025-08-24 16:18:55,923 INFO 📄 Index 0 | Name: Fiumicino | fcl: P, fcode: PPLA3 | ADM1: Lazio, ADM2: Rome, ADM3: Fiumicino, ADM4:  | Latitude: 41.77093, Longitude: 12.23662 | Score: 57.63, Population: 34556 | Fuzzy match: 78.26086956521739
2025-08-24 16:18:55,923 INFO Comparing database entry: rome-fiumicino with Fiumicino returned from geonames.
2025-08-24 16:18:55,923 INFO 📄 Index 1 | Name: Fiumicino | fcl: A, fcode: ADM3 | ADM1: Lazio, ADM2: Rome, ADM3: Fiumicino, ADM4:  | Latitude: 41.76281, Longitude: 12.24747 | Score: 27.53, Population: 80470 | Fuzzy match: 78.26086956521739
2025-08-24 16:18:55,923 INFO Comparing database entry: rome-fiumicino with Fregene returned from geonames.
2025-08-24 16:18:55,923 INFO 📄 Index 2 | Name: Fregene | fcl: P, fcode: PPL | ADM1: Lazio, ADM2: Rome, ADM3: Fiumicino, ADM4:  | Latitude: 41.85051, Longitude: 12.19671 | Score: 27.00, Population: 6727 | Fuzzy match: 28.57142857142857
2025-08-24 16:18:55,923 INFO Comparing database entry: rome-fiumicino with Passoscuro returned from geonames.
2025-08-24 16:18:55,923 INFO 📄 Index 3 | Name: Passoscuro | fcl: P, fcode: PPL | ADM1: Lazio, ADM2: Rome, ADM3: Fiumicino, ADM4:  | Latitude: 41.90209, Longitude: 12.15723 | Score: 27.00, Population: 4173 | Fuzzy match: 25.0
2025-08-24 16:18:56,072 INFO Comparing database entry: rome-fiumicino with Fiumicino returned from geonames.
2025-08-24 16:18:56,072 INFO 📄 Index 0 | Name: Fiumicino | fcl: P, fcode: PPLA3 | ADM1: Lazio, ADM2: Rome, ADM3: Fiumicino, ADM4:  | Latitude: 41.77093, Longitude: 12.23662 | Score: 57.63, Population: 34556 | Fuzzy match: 78.26086956521739
2025-08-24 16:18:56,072 INFO Comparing database entry: rome-fiumicino with Fiumicino returned from geonames.
2025-08-24 16:18:56,072 INFO 📄 Index 1 | Name: Fiumicino | fcl: A, fcode: ADM3 | ADM1: Lazio, ADM2: Rome, ADM3: Fiumicino, ADM4:  | Latitude: 41.76281, Longitude: 12.24747 | Score: 27.53, Population: 80470 | Fuzzy match: 78.26086956521739
2025-08-24 16:18:56,072 INFO Comparing database entry: rome-fiumicino with Fregene returned from geonames.
2025-08-24 16:18:56,073 INFO 📄 Index 2 | Name: Fregene | fcl: P, fcode: PPL | ADM1: Lazio, ADM2: Rome, ADM3: Fiumicino, ADM4:  | Latitude: 41.85051, Longitude: 12.19671 | Score: 27.00, Population: 6727 | Fuzzy match: 28.57142857142857
2025-08-24 16:18:56,073 INFO Comparing database entry: rome-fiumicino with Passoscuro returned from geonames.
2025-08-24 16:18:56,073 INFO 📄 Index 3 | Name: Passoscuro | fcl: P, fcode: PPL | ADM1: Lazio, ADM2: Rome, ADM3: Fiumicino, ADM4:  | Latitude: 41.90209, Longitude: 12.15723 | Score: 27.00, Population: 4173 | Fuzzy match: 25.0
2025-08-24 16:18:56,220 INFO Comparing database entry: rome-fiumicino with Fiumicino returned from geonames.
2025-08-24 16:18:56,221 INFO 📄 Index 0 | Name: Fiumicino | fcl: P, fcode: PPLA3 | ADM1: Lazio, ADM2: Rome, ADM3: Fiumicino, ADM4:  | Latitude: 41.77093, Longitude: 12.23662 | Score: 57.63, Population: 34556 | Fuzzy match: 78.26086956521739
2025-08-24 16:18:56,221 INFO Comparing database entry: rome-fiumicino with Fiumicino returned from geonames.
2025-08-24 16:18:56,221 INFO 📄 Index 1 | Name: Fiumicino | fcl: A, fcode: ADM3 | ADM1: Lazio, ADM2: Rome, ADM3: Fiumicino, ADM4:  | Latitude: 41.76281, Longitude: 12.24747 | Score: 27.53, Population: 80470 | Fuzzy match: 78.26086956521739
2025-08-24 16:18:56,221 INFO Comparing database entry: rome-fiumicino with Fregene returned from geonames.
2025-08-24 16:18:56,221 INFO 📄 Index 2 | Name: Fregene | fcl: P, fcode: PPL | ADM1: Lazio, ADM2: Rome, ADM3: Fiumicino, ADM4:  | Latitude: 41.85051, Longitude: 12.19671 | Score: 27.00, Population: 6727 | Fuzzy match: 28.57142857142857
2025-08-24 16:18:56,221 INFO Comparing database entry: rome-fiumicino with Passoscuro returned from geonames.
2025-08-24 16:18:56,221 INFO 📄 Index 3 | Name: Passoscuro | fcl: P, fcode: PPL | ADM1: Lazio, ADM2: Rome, ADM3: Fiumicino, ADM4:  | Latitude: 41.90209, Longitude: 12.15723 | Score: 27.00, Population: 4173 | Fuzzy match: 25.0
2025-08-24 16:18:56,354 INFO Comparing database entry: rome-fiumicino with Fiumicino returned from geonames.
2025-08-24 16:18:56,354 INFO 📄 Index 0 | Name: Fiumicino | fcl: P, fcode: PPLA3 | ADM1: Lazio, ADM2: Rome, ADM3: Fiumicino, ADM4:  | Latitude: 41.77093, Longitude: 12.23662 | Score: 57.63, Population: 34556 | Fuzzy match: 78.26086956521739
2025-08-24 16:18:56,354 INFO Comparing database entry: rome-fiumicino with Fiumicino returned from geonames.
2025-08-24 16:18:56,354 INFO 📄 Index 1 | Name: Fiumicino | fcl: A, fcode: ADM3 | ADM1: Lazio, ADM2: Rome, ADM3: Fiumicino, ADM4:  | Latitude: 41.76281, Longitude: 12.24747 | Score: 27.53, Population: 80470 | Fuzzy match: 78.26086956521739
2025-08-24 16:18:56,354 INFO Comparing database entry: rome-fiumicino with Fregene returned from geonames.
2025-08-24 16:18:56,355 INFO 📄 Index 2 | Name: Fregene | fcl: P, fcode: PPL | ADM1: Lazio, ADM2: Rome, ADM3: Fiumicino, ADM4:  | Latitude: 41.85051, Longitude: 12.19671 | Score: 27.00, Population: 6727 | Fuzzy match: 28.57142857142857
2025-08-24 16:18:56,355 INFO Comparing database entry: rome-fiumicino with Passoscuro returned from geonames.
2025-08-24 16:18:56,355 INFO 📄 Index 3 | Name: Passoscuro | fcl: P, fcode: PPL | ADM1: Lazio, ADM2: Rome, ADM3: Fiumicino, ADM4:  | Latitude: 41.90209, Longitude: 12.15723 | Score: 27.00, Population: 4173 | Fuzzy match: 25.0
2025-08-24 16:18:56,355 WARNING ❌ No match found with fuzzy score > 80 for city: rome-fiumicino
2025-08-24 16:18:56,355 WARNING ❌ Lookup failed for city='romefiumicino', iso2='IT'
