2025-08-08 11:40:48,267 INFO 🗺️ Starting GeoNames lookup for city='regione_emiliaromagna', country='italy'
2025-08-08 11:40:48,267 INFO 📍 Location is present in the following articles: [ObjectId('67f52b6c981040986eab7502')]
2025-08-08 11:40:48,411 INFO Comparing database entry: regione emilia-romagna with Bologna returned from geonames.
2025-08-08 11:40:48,411 INFO 📄 Index 0 | Name: Bologna | fcl: P, fcode: PPLA | ADM1: Emilia-Romagna, ADM2: Bologna, ADM3: Bologna, ADM4:  | Score: 101.25, Population: 394843 | Fuzzy match: 34.48275862068966
2025-08-08 11:40:48,412 INFO Comparing database entry: regione emilia-romagna with Emilia-Romagna returned from geonames.
2025-08-08 11:40:48,412 INFO 📄 Index 1 | Name: Emilia-Romagna | fcl: A, fcode: ADM1 | ADM1: Emilia-Romagna, ADM2: , ADM3: , ADM4:  | Score: 94.59, Population: 4459477 | Fuzzy match: 77.77777777777779
2025-08-08 11:40:48,412 INFO Comparing database entry: regione emilia-romagna with Modena returned from geonames.
2025-08-08 11:40:48,412 INFO 📄 Index 2 | Name: Modena | fcl: P, fcode: PPLA2 | ADM1: Emilia-Romagna, ADM2: Province of Modena, ADM3: Modena, ADM4:  | Score: 85.43, Population: 184732 | Fuzzy match: 28.57142857142857
2025-08-08 11:40:48,412 INFO Comparing database entry: regione emilia-romagna with Rimini returned from geonames.
2025-08-08 11:40:48,412 INFO 📄 Index 3 | Name: Rimini | fcl: P, fcode: PPLA2 | ADM1: Emilia-Romagna, ADM2: Province of Rimini, ADM3: Rimini, ADM4:  | Score: 80.45, Population: 148688 | Fuzzy match: 28.57142857142857
2025-08-08 11:40:48,603 INFO Comparing database entry: regione emilia-romagna with Bologna returned from geonames.
2025-08-08 11:40:48,603 INFO 📄 Index 0 | Name: Bologna | fcl: P, fcode: PPLA | ADM1: Emilia-Romagna, ADM2: Bologna, ADM3: Bologna, ADM4:  | Score: 101.25, Population: 394843 | Fuzzy match: 34.48275862068966
2025-08-08 11:40:48,603 INFO Comparing database entry: regione emilia-romagna with Emilia-Romagna returned from geonames.
2025-08-08 11:40:48,603 INFO 📄 Index 1 | Name: Emilia-Romagna | fcl: A, fcode: ADM1 | ADM1: Emilia-Romagna, ADM2: , ADM3: , ADM4:  | Score: 94.59, Population: 4459477 | Fuzzy match: 77.77777777777779
2025-08-08 11:40:48,603 INFO Comparing database entry: regione emilia-romagna with Modena returned from geonames.
2025-08-08 11:40:48,603 INFO 📄 Index 2 | Name: Modena | fcl: P, fcode: PPLA2 | ADM1: Emilia-Romagna, ADM2: Province of Modena, ADM3: Modena, ADM4:  | Score: 85.43, Population: 184732 | Fuzzy match: 28.57142857142857
2025-08-08 11:40:48,603 INFO Comparing database entry: regione emilia-romagna with Rimini returned from geonames.
2025-08-08 11:40:48,603 INFO 📄 Index 3 | Name: Rimini | fcl: P, fcode: PPLA2 | ADM1: Emilia-Romagna, ADM2: Province of Rimini, ADM3: Rimini, ADM4:  | Score: 80.45, Population: 148688 | Fuzzy match: 28.57142857142857
2025-08-08 11:40:48,766 INFO Comparing database entry: regione emilia-romagna with Bologna returned from geonames.
2025-08-08 11:40:48,766 INFO 📄 Index 0 | Name: Bologna | fcl: P, fcode: PPLA | ADM1: Emilia-Romagna, ADM2: Bologna, ADM3: Bologna, ADM4:  | Score: 101.25, Population: 394843 | Fuzzy match: 34.48275862068966
2025-08-08 11:40:48,766 INFO Comparing database entry: regione emilia-romagna with Emilia-Romagna returned from geonames.
2025-08-08 11:40:48,766 INFO 📄 Index 1 | Name: Emilia-Romagna | fcl: A, fcode: ADM1 | ADM1: Emilia-Romagna, ADM2: , ADM3: , ADM4:  | Score: 94.59, Population: 4459477 | Fuzzy match: 77.77777777777779
2025-08-08 11:40:48,767 INFO Comparing database entry: regione emilia-romagna with Modena returned from geonames.
2025-08-08 11:40:48,767 INFO 📄 Index 2 | Name: Modena | fcl: P, fcode: PPLA2 | ADM1: Emilia-Romagna, ADM2: Province of Modena, ADM3: Modena, ADM4:  | Score: 85.43, Population: 184732 | Fuzzy match: 28.57142857142857
2025-08-08 11:40:48,767 INFO Comparing database entry: regione emilia-romagna with Rimini returned from geonames.
2025-08-08 11:40:48,767 INFO 📄 Index 3 | Name: Rimini | fcl: P, fcode: PPLA2 | ADM1: Emilia-Romagna, ADM2: Province of Rimini, ADM3: Rimini, ADM4:  | Score: 80.45, Population: 148688 | Fuzzy match: 28.57142857142857
2025-08-08 11:40:48,942 INFO Comparing database entry: regione emilia-romagna with Bologna returned from geonames.
2025-08-08 11:40:48,943 INFO 📄 Index 0 | Name: Bologna | fcl: P, fcode: PPLA | ADM1: Emilia-Romagna, ADM2: Bologna, ADM3: Bologna, ADM4:  | Score: 101.25, Population: 394843 | Fuzzy match: 34.48275862068966
2025-08-08 11:40:48,943 INFO Comparing database entry: regione emilia-romagna with Emilia-Romagna returned from geonames.
2025-08-08 11:40:48,943 INFO 📄 Index 1 | Name: Emilia-Romagna | fcl: A, fcode: ADM1 | ADM1: Emilia-Romagna, ADM2: , ADM3: , ADM4:  | Score: 94.59, Population: 4459477 | Fuzzy match: 77.77777777777779
2025-08-08 11:40:48,943 INFO Comparing database entry: regione emilia-romagna with Modena returned from geonames.
2025-08-08 11:40:48,943 INFO 📄 Index 2 | Name: Modena | fcl: P, fcode: PPLA2 | ADM1: Emilia-Romagna, ADM2: Province of Modena, ADM3: Modena, ADM4:  | Score: 85.43, Population: 184732 | Fuzzy match: 28.57142857142857
2025-08-08 11:40:48,943 INFO Comparing database entry: regione emilia-romagna with Rimini returned from geonames.
2025-08-08 11:40:48,943 INFO 📄 Index 3 | Name: Rimini | fcl: P, fcode: PPLA2 | ADM1: Emilia-Romagna, ADM2: Province of Rimini, ADM3: Rimini, ADM4:  | Score: 80.45, Population: 148688 | Fuzzy match: 28.57142857142857
2025-08-08 11:40:49,130 INFO Comparing database entry: regione emilia-romagna with Bologna returned from geonames.
2025-08-08 11:40:49,130 INFO 📄 Index 0 | Name: Bologna | fcl: P, fcode: PPLA | ADM1: Emilia-Romagna, ADM2: Bologna, ADM3: Bologna, ADM4:  | Score: 101.25, Population: 394843 | Fuzzy match: 34.48275862068966
2025-08-08 11:40:49,131 INFO Comparing database entry: regione emilia-romagna with Emilia-Romagna returned from geonames.
2025-08-08 11:40:49,131 INFO 📄 Index 1 | Name: Emilia-Romagna | fcl: A, fcode: ADM1 | ADM1: Emilia-Romagna, ADM2: , ADM3: , ADM4:  | Score: 94.59, Population: 4459477 | Fuzzy match: 77.77777777777779
2025-08-08 11:40:49,131 INFO Comparing database entry: regione emilia-romagna with Modena returned from geonames.
2025-08-08 11:40:49,131 INFO 📄 Index 2 | Name: Modena | fcl: P, fcode: PPLA2 | ADM1: Emilia-Romagna, ADM2: Province of Modena, ADM3: Modena, ADM4:  | Score: 85.43, Population: 184732 | Fuzzy match: 28.57142857142857
2025-08-08 11:40:49,131 INFO Comparing database entry: regione emilia-romagna with Rimini returned from geonames.
2025-08-08 11:40:49,131 INFO 📄 Index 3 | Name: Rimini | fcl: P, fcode: PPLA2 | ADM1: Emilia-Romagna, ADM2: Province of Rimini, ADM3: Rimini, ADM4:  | Score: 80.45, Population: 148688 | Fuzzy match: 28.57142857142857
2025-08-08 11:40:49,326 INFO Comparing database entry: regione emilia-romagna with Bologna returned from geonames.
2025-08-08 11:40:49,326 INFO 📄 Index 0 | Name: Bologna | fcl: P, fcode: PPLA | ADM1: Emilia-Romagna, ADM2: Bologna, ADM3: Bologna, ADM4:  | Score: 101.25, Population: 394843 | Fuzzy match: 34.48275862068966
2025-08-08 11:40:49,327 INFO Comparing database entry: regione emilia-romagna with Emilia-Romagna returned from geonames.
2025-08-08 11:40:49,327 INFO 📄 Index 1 | Name: Emilia-Romagna | fcl: A, fcode: ADM1 | ADM1: Emilia-Romagna, ADM2: , ADM3: , ADM4:  | Score: 94.59, Population: 4459477 | Fuzzy match: 77.77777777777779
2025-08-08 11:40:49,327 INFO Comparing database entry: regione emilia-romagna with Modena returned from geonames.
2025-08-08 11:40:49,327 INFO 📄 Index 2 | Name: Modena | fcl: P, fcode: PPLA2 | ADM1: Emilia-Romagna, ADM2: Province of Modena, ADM3: Modena, ADM4:  | Score: 85.43, Population: 184732 | Fuzzy match: 28.57142857142857
2025-08-08 11:40:49,327 INFO Comparing database entry: regione emilia-romagna with Rimini returned from geonames.
2025-08-08 11:40:49,327 INFO 📄 Index 3 | Name: Rimini | fcl: P, fcode: PPLA2 | ADM1: Emilia-Romagna, ADM2: Province of Rimini, ADM3: Rimini, ADM4:  | Score: 80.45, Population: 148688 | Fuzzy match: 28.57142857142857
2025-08-08 11:40:49,327 WARNING ❌ No match found with fuzzy score > 80 for city: regione emilia-romagna
2025-08-08 11:40:49,327 WARNING ❌ Lookup failed for city='regione_emiliaromagna', iso2='IT'
