2025-08-23 18:50:56,722 INFO 🗺️ Starting GeoNames lookup for city='rosignano', country='italy'
2025-08-23 18:50:56,722 INFO 📍 Location is present in the following articles: [ObjectId('67fa626138fb90ab92f8c1a4'), ObjectId('67fa62bb38fb90ab92f8c2d0')]
2025-08-23 18:50:56,870 INFO Comparing database entry: rosignano with Rosignano Marittimo returned from geonames.
2025-08-23 18:50:56,870 INFO 📄 Index 0 | Name: Rosignano Marittimo | fcl: P, fcode: PPLA3 | ADM1: Tuscany, ADM2: Province of Livorno, ADM3: Rosignano Marittimo, ADM4:  | Latitude: 43.40686, Longitude: 10.47231 | Score: 38.81, Population: 2342 | Fuzzy match: 64.28571428571428
2025-08-23 18:50:56,870 INFO Comparing database entry: rosignano with Rosignano Solvay-Castiglioncello returned from geonames.
2025-08-23 18:50:56,870 INFO 📄 Index 1 | Name: Rosignano Solvay-Castiglioncello | fcl: P, fcode: PPL | ADM1: Tuscany, ADM2: Province of Livorno, ADM3: Rosignano Marittimo, ADM4:  | Latitude: 43.38946, Longitude: 10.43615 | Score: 36.25, Population: 19786 | Fuzzy match: 43.90243902439024
2025-08-23 18:50:56,870 INFO Comparing database entry: rosignano with Rosignano Marittimo returned from geonames.
2025-08-23 18:50:56,870 INFO 📄 Index 2 | Name: Rosignano Marittimo | fcl: A, fcode: ADM3 | ADM1: Tuscany, ADM2: Province of Livorno, ADM3: Rosignano Marittimo, ADM4:  | Latitude: 43.40793, Longitude: 10.47291 | Score: 26.54, Population: 30807 | Fuzzy match: 64.28571428571428
2025-08-23 18:50:56,870 INFO Comparing database entry: rosignano with Vada returned from geonames.
2025-08-23 18:50:56,870 INFO 📄 Index 3 | Name: Vada | fcl: P, fcode: PPL | ADM1: Tuscany, ADM2: Province of Livorno, ADM3: Rosignano Marittimo, ADM4:  | Latitude: 43.35264, Longitude: 10.45564 | Score: 25.77, Population: 3461 | Fuzzy match: 15.384615384615385
2025-08-23 18:50:57,023 INFO Comparing database entry: rosignano with Rosignano Marittimo returned from geonames.
2025-08-23 18:50:57,023 INFO 📄 Index 0 | Name: Rosignano Marittimo | fcl: P, fcode: PPLA3 | ADM1: Tuscany, ADM2: Province of Livorno, ADM3: Rosignano Marittimo, ADM4:  | Latitude: 43.40686, Longitude: 10.47231 | Score: 38.81, Population: 2342 | Fuzzy match: 64.28571428571428
2025-08-23 18:50:57,023 INFO Comparing database entry: rosignano with Rosignano Solvay-Castiglioncello returned from geonames.
2025-08-23 18:50:57,023 INFO 📄 Index 1 | Name: Rosignano Solvay-Castiglioncello | fcl: P, fcode: PPL | ADM1: Tuscany, ADM2: Province of Livorno, ADM3: Rosignano Marittimo, ADM4:  | Latitude: 43.38946, Longitude: 10.43615 | Score: 36.25, Population: 19786 | Fuzzy match: 43.90243902439024
2025-08-23 18:50:57,023 INFO Comparing database entry: rosignano with Rosignano Marittimo returned from geonames.
2025-08-23 18:50:57,023 INFO 📄 Index 2 | Name: Rosignano Marittimo | fcl: A, fcode: ADM3 | ADM1: Tuscany, ADM2: Province of Livorno, ADM3: Rosignano Marittimo, ADM4:  | Latitude: 43.40793, Longitude: 10.47291 | Score: 26.54, Population: 30807 | Fuzzy match: 64.28571428571428
2025-08-23 18:50:57,023 INFO Comparing database entry: rosignano with Vada returned from geonames.
2025-08-23 18:50:57,023 INFO 📄 Index 3 | Name: Vada | fcl: P, fcode: PPL | ADM1: Tuscany, ADM2: Province of Livorno, ADM3: Rosignano Marittimo, ADM4:  | Latitude: 43.35264, Longitude: 10.45564 | Score: 25.77, Population: 3461 | Fuzzy match: 15.384615384615385
2025-08-23 18:50:57,147 INFO Comparing database entry: rosignano with Rosignano Marittimo returned from geonames.
2025-08-23 18:50:57,147 INFO 📄 Index 0 | Name: Rosignano Marittimo | fcl: P, fcode: PPLA3 | ADM1: Tuscany, ADM2: Province of Livorno, ADM3: Rosignano Marittimo, ADM4:  | Latitude: 43.40686, Longitude: 10.47231 | Score: 38.81, Population: 2342 | Fuzzy match: 64.28571428571428
2025-08-23 18:50:57,147 INFO Comparing database entry: rosignano with Rosignano Solvay-Castiglioncello returned from geonames.
2025-08-23 18:50:57,147 INFO 📄 Index 1 | Name: Rosignano Solvay-Castiglioncello | fcl: P, fcode: PPL | ADM1: Tuscany, ADM2: Province of Livorno, ADM3: Rosignano Marittimo, ADM4:  | Latitude: 43.38946, Longitude: 10.43615 | Score: 36.25, Population: 19786 | Fuzzy match: 43.90243902439024
2025-08-23 18:50:57,147 INFO Comparing database entry: rosignano with Rosignano Marittimo returned from geonames.
2025-08-23 18:50:57,147 INFO 📄 Index 2 | Name: Rosignano Marittimo | fcl: A, fcode: ADM3 | ADM1: Tuscany, ADM2: Province of Livorno, ADM3: Rosignano Marittimo, ADM4:  | Latitude: 43.40793, Longitude: 10.47291 | Score: 26.54, Population: 30807 | Fuzzy match: 64.28571428571428
2025-08-23 18:50:57,147 INFO Comparing database entry: rosignano with Vada returned from geonames.
2025-08-23 18:50:57,147 INFO 📄 Index 3 | Name: Vada | fcl: P, fcode: PPL | ADM1: Tuscany, ADM2: Province of Livorno, ADM3: Rosignano Marittimo, ADM4:  | Latitude: 43.35264, Longitude: 10.45564 | Score: 25.77, Population: 3461 | Fuzzy match: 15.384615384615385
2025-08-23 18:50:57,295 INFO Comparing database entry: rosignano with Rosignano Marittimo returned from geonames.
2025-08-23 18:50:57,295 INFO 📄 Index 0 | Name: Rosignano Marittimo | fcl: P, fcode: PPLA3 | ADM1: Tuscany, ADM2: Province of Livorno, ADM3: Rosignano Marittimo, ADM4:  | Latitude: 43.40686, Longitude: 10.47231 | Score: 38.81, Population: 2342 | Fuzzy match: 64.28571428571428
2025-08-23 18:50:57,295 INFO Comparing database entry: rosignano with Rosignano Solvay-Castiglioncello returned from geonames.
2025-08-23 18:50:57,295 INFO 📄 Index 1 | Name: Rosignano Solvay-Castiglioncello | fcl: P, fcode: PPL | ADM1: Tuscany, ADM2: Province of Livorno, ADM3: Rosignano Marittimo, ADM4:  | Latitude: 43.38946, Longitude: 10.43615 | Score: 36.25, Population: 19786 | Fuzzy match: 43.90243902439024
2025-08-23 18:50:57,295 INFO Comparing database entry: rosignano with Rosignano Marittimo returned from geonames.
2025-08-23 18:50:57,295 INFO 📄 Index 2 | Name: Rosignano Marittimo | fcl: A, fcode: ADM3 | ADM1: Tuscany, ADM2: Province of Livorno, ADM3: Rosignano Marittimo, ADM4:  | Latitude: 43.40793, Longitude: 10.47291 | Score: 26.54, Population: 30807 | Fuzzy match: 64.28571428571428
2025-08-23 18:50:57,295 INFO Comparing database entry: rosignano with Vada returned from geonames.
2025-08-23 18:50:57,295 INFO 📄 Index 3 | Name: Vada | fcl: P, fcode: PPL | ADM1: Tuscany, ADM2: Province of Livorno, ADM3: Rosignano Marittimo, ADM4:  | Latitude: 43.35264, Longitude: 10.45564 | Score: 25.77, Population: 3461 | Fuzzy match: 15.384615384615385
2025-08-23 18:50:57,438 INFO Comparing database entry: rosignano with Rosignano Marittimo returned from geonames.
2025-08-23 18:50:57,438 INFO 📄 Index 0 | Name: Rosignano Marittimo | fcl: P, fcode: PPLA3 | ADM1: Tuscany, ADM2: Province of Livorno, ADM3: Rosignano Marittimo, ADM4:  | Latitude: 43.40686, Longitude: 10.47231 | Score: 38.81, Population: 2342 | Fuzzy match: 64.28571428571428
2025-08-23 18:50:57,439 INFO Comparing database entry: rosignano with Rosignano Solvay-Castiglioncello returned from geonames.
2025-08-23 18:50:57,439 INFO 📄 Index 1 | Name: Rosignano Solvay-Castiglioncello | fcl: P, fcode: PPL | ADM1: Tuscany, ADM2: Province of Livorno, ADM3: Rosignano Marittimo, ADM4:  | Latitude: 43.38946, Longitude: 10.43615 | Score: 36.25, Population: 19786 | Fuzzy match: 43.90243902439024
2025-08-23 18:50:57,439 INFO Comparing database entry: rosignano with Rosignano Marittimo returned from geonames.
2025-08-23 18:50:57,439 INFO 📄 Index 2 | Name: Rosignano Marittimo | fcl: A, fcode: ADM3 | ADM1: Tuscany, ADM2: Province of Livorno, ADM3: Rosignano Marittimo, ADM4:  | Latitude: 43.40793, Longitude: 10.47291 | Score: 26.54, Population: 30807 | Fuzzy match: 64.28571428571428
2025-08-23 18:50:57,439 INFO Comparing database entry: rosignano with Vada returned from geonames.
2025-08-23 18:50:57,439 INFO 📄 Index 3 | Name: Vada | fcl: P, fcode: PPL | ADM1: Tuscany, ADM2: Province of Livorno, ADM3: Rosignano Marittimo, ADM4:  | Latitude: 43.35264, Longitude: 10.45564 | Score: 25.77, Population: 3461 | Fuzzy match: 15.384615384615385
2025-08-23 18:50:57,602 INFO Comparing database entry: rosignano with Rosignano Marittimo returned from geonames.
2025-08-23 18:50:57,603 INFO 📄 Index 0 | Name: Rosignano Marittimo | fcl: P, fcode: PPLA3 | ADM1: Tuscany, ADM2: Province of Livorno, ADM3: Rosignano Marittimo, ADM4:  | Latitude: 43.40686, Longitude: 10.47231 | Score: 38.81, Population: 2342 | Fuzzy match: 64.28571428571428
2025-08-23 18:50:57,603 INFO Comparing database entry: rosignano with Rosignano Solvay-Castiglioncello returned from geonames.
2025-08-23 18:50:57,603 INFO 📄 Index 1 | Name: Rosignano Solvay-Castiglioncello | fcl: P, fcode: PPL | ADM1: Tuscany, ADM2: Province of Livorno, ADM3: Rosignano Marittimo, ADM4:  | Latitude: 43.38946, Longitude: 10.43615 | Score: 36.25, Population: 19786 | Fuzzy match: 43.90243902439024
2025-08-23 18:50:57,603 INFO Comparing database entry: rosignano with Rosignano Marittimo returned from geonames.
2025-08-23 18:50:57,603 INFO 📄 Index 2 | Name: Rosignano Marittimo | fcl: A, fcode: ADM3 | ADM1: Tuscany, ADM2: Province of Livorno, ADM3: Rosignano Marittimo, ADM4:  | Latitude: 43.40793, Longitude: 10.47291 | Score: 26.54, Population: 30807 | Fuzzy match: 64.28571428571428
2025-08-23 18:50:57,603 INFO Comparing database entry: rosignano with Vada returned from geonames.
2025-08-23 18:50:57,603 INFO 📄 Index 3 | Name: Vada | fcl: P, fcode: PPL | ADM1: Tuscany, ADM2: Province of Livorno, ADM3: Rosignano Marittimo, ADM4:  | Latitude: 43.35264, Longitude: 10.45564 | Score: 25.77, Population: 3461 | Fuzzy match: 15.384615384615385
2025-08-23 18:50:57,603 WARNING ❌ No match found with fuzzy score > 80 for city: rosignano
2025-08-23 18:50:57,603 WARNING ❌ Lookup failed for city='rosignano', iso2='IT'
