2025-07-31 17:33:24,308 INFO 📍 Starting GeoNames lookup for city='tuscania', country='india'
2025-07-31 17:33:24,573 INFO Comparing database entry: tuscania with Florence returned from geonames.
2025-07-31 17:33:24,573 INFO 📄 Index 0 | Name: Florence | fcl: P, fcode: PPLA | ADM1: Tuscany, ADM2: Florence, ADM3: Florence, ADM4:  | Score: 95.97, Population: 367150 | Fuzzy match: 12.5
2025-07-31 17:33:24,573 INFO Comparing database entry: tuscania with Tuscany returned from geonames.
2025-07-31 17:33:24,573 INFO 📄 Index 1 | Name: Tuscany | fcl: A, fcode: ADM1 | ADM1: Tuscany, ADM2: , ADM3: , ADM4:  | Score: 58.74, Population: 3729641 | Fuzzy match: 80.0
2025-07-31 17:33:24,573 INFO Comparing database entry: tuscania with Pisa returned from geonames.
2025-07-31 17:33:24,573 INFO 📄 Index 2 | Name: Pisa | fcl: P, fcode: PPLA2 | ADM1: Tuscany, ADM2: Pisa, ADM3: Pisa, ADM4:  | Score: 55.71, Population: 109960 | Fuzzy match: 33.333333333333336
2025-07-31 17:33:24,573 INFO Comparing database entry: tuscania with Livorno returned from geonames.
2025-07-31 17:33:24,573 INFO 📄 Index 3 | Name: Livorno | fcl: P, fcode: PPLA2 | ADM1: Tuscany, ADM2: Province of Livorno, ADM3: Livorno, ADM4:  | Score: 55.71, Population: 157017 | Fuzzy match: 13.33333333333333
2025-07-31 17:33:24,793 INFO Comparing database entry: tuscania with Florence returned from geonames.
2025-07-31 17:33:24,793 INFO 📄 Index 0 | Name: Florence | fcl: P, fcode: PPLA | ADM1: Tuscany, ADM2: Florence, ADM3: Florence, ADM4:  | Score: 95.97, Population: 367150 | Fuzzy match: 12.5
2025-07-31 17:33:24,793 INFO Comparing database entry: tuscania with Tuscany returned from geonames.
2025-07-31 17:33:24,793 INFO 📄 Index 1 | Name: Tuscany | fcl: A, fcode: ADM1 | ADM1: Tuscany, ADM2: , ADM3: , ADM4:  | Score: 58.74, Population: 3729641 | Fuzzy match: 80.0
2025-07-31 17:33:24,793 INFO Comparing database entry: tuscania with Pisa returned from geonames.
2025-07-31 17:33:24,793 INFO 📄 Index 2 | Name: Pisa | fcl: P, fcode: PPLA2 | ADM1: Tuscany, ADM2: Pisa, ADM3: Pisa, ADM4:  | Score: 55.71, Population: 109960 | Fuzzy match: 33.333333333333336
2025-07-31 17:33:24,793 INFO Comparing database entry: tuscania with Livorno returned from geonames.
2025-07-31 17:33:24,793 INFO 📄 Index 3 | Name: Livorno | fcl: P, fcode: PPLA2 | ADM1: Tuscany, ADM2: Province of Livorno, ADM3: Livorno, ADM4:  | Score: 55.71, Population: 157017 | Fuzzy match: 13.33333333333333
2025-07-31 17:33:24,992 INFO Comparing database entry: tuscania with Florence returned from geonames.
2025-07-31 17:33:24,992 INFO 📄 Index 0 | Name: Florence | fcl: P, fcode: PPLA | ADM1: Tuscany, ADM2: Florence, ADM3: Florence, ADM4:  | Score: 95.97, Population: 367150 | Fuzzy match: 12.5
2025-07-31 17:33:24,992 INFO Comparing database entry: tuscania with Tuscany returned from geonames.
2025-07-31 17:33:24,992 INFO 📄 Index 1 | Name: Tuscany | fcl: A, fcode: ADM1 | ADM1: Tuscany, ADM2: , ADM3: , ADM4:  | Score: 58.74, Population: 3729641 | Fuzzy match: 80.0
2025-07-31 17:33:24,992 INFO Comparing database entry: tuscania with Pisa returned from geonames.
2025-07-31 17:33:24,992 INFO 📄 Index 2 | Name: Pisa | fcl: P, fcode: PPLA2 | ADM1: Tuscany, ADM2: Pisa, ADM3: Pisa, ADM4:  | Score: 55.71, Population: 109960 | Fuzzy match: 33.333333333333336
2025-07-31 17:33:24,992 INFO Comparing database entry: tuscania with Livorno returned from geonames.
2025-07-31 17:33:24,992 INFO 📄 Index 3 | Name: Livorno | fcl: P, fcode: PPLA2 | ADM1: Tuscany, ADM2: Province of Livorno, ADM3: Livorno, ADM4:  | Score: 55.71, Population: 157017 | Fuzzy match: 13.33333333333333
2025-07-31 17:33:25,168 INFO Comparing database entry: tuscania with Florence returned from geonames.
2025-07-31 17:33:25,168 INFO 📄 Index 0 | Name: Florence | fcl: P, fcode: PPLA | ADM1: Tuscany, ADM2: Florence, ADM3: Florence, ADM4:  | Score: 95.97, Population: 367150 | Fuzzy match: 12.5
2025-07-31 17:33:25,168 INFO Comparing database entry: tuscania with Tuscany returned from geonames.
2025-07-31 17:33:25,168 INFO 📄 Index 1 | Name: Tuscany | fcl: A, fcode: ADM1 | ADM1: Tuscany, ADM2: , ADM3: , ADM4:  | Score: 58.74, Population: 3729641 | Fuzzy match: 80.0
2025-07-31 17:33:25,168 INFO Comparing database entry: tuscania with Pisa returned from geonames.
2025-07-31 17:33:25,168 INFO 📄 Index 2 | Name: Pisa | fcl: P, fcode: PPLA2 | ADM1: Tuscany, ADM2: Pisa, ADM3: Pisa, ADM4:  | Score: 55.71, Population: 109960 | Fuzzy match: 33.333333333333336
2025-07-31 17:33:25,168 INFO Comparing database entry: tuscania with Livorno returned from geonames.
2025-07-31 17:33:25,168 INFO 📄 Index 3 | Name: Livorno | fcl: P, fcode: PPLA2 | ADM1: Tuscany, ADM2: Province of Livorno, ADM3: Livorno, ADM4:  | Score: 55.71, Population: 157017 | Fuzzy match: 13.33333333333333
2025-07-31 17:33:25,366 INFO Comparing database entry: tuscania with Florence returned from geonames.
2025-07-31 17:33:25,366 INFO 📄 Index 0 | Name: Florence | fcl: P, fcode: PPLA | ADM1: Tuscany, ADM2: Florence, ADM3: Florence, ADM4:  | Score: 95.97, Population: 367150 | Fuzzy match: 12.5
2025-07-31 17:33:25,366 INFO Comparing database entry: tuscania with Tuscany returned from geonames.
2025-07-31 17:33:25,366 INFO 📄 Index 1 | Name: Tuscany | fcl: A, fcode: ADM1 | ADM1: Tuscany, ADM2: , ADM3: , ADM4:  | Score: 58.74, Population: 3729641 | Fuzzy match: 80.0
2025-07-31 17:33:25,366 INFO Comparing database entry: tuscania with Pisa returned from geonames.
2025-07-31 17:33:25,366 INFO 📄 Index 2 | Name: Pisa | fcl: P, fcode: PPLA2 | ADM1: Tuscany, ADM2: Pisa, ADM3: Pisa, ADM4:  | Score: 55.71, Population: 109960 | Fuzzy match: 33.333333333333336
2025-07-31 17:33:25,366 INFO Comparing database entry: tuscania with Livorno returned from geonames.
2025-07-31 17:33:25,366 INFO 📄 Index 3 | Name: Livorno | fcl: P, fcode: PPLA2 | ADM1: Tuscany, ADM2: Province of Livorno, ADM3: Livorno, ADM4:  | Score: 55.71, Population: 157017 | Fuzzy match: 13.33333333333333
2025-07-31 17:33:25,591 INFO Comparing database entry: tuscania with Florence returned from geonames.
2025-07-31 17:33:25,591 INFO 📄 Index 0 | Name: Florence | fcl: P, fcode: PPLA | ADM1: Tuscany, ADM2: Florence, ADM3: Florence, ADM4:  | Score: 95.97, Population: 367150 | Fuzzy match: 12.5
2025-07-31 17:33:25,591 INFO Comparing database entry: tuscania with Tuscany returned from geonames.
2025-07-31 17:33:25,591 INFO 📄 Index 1 | Name: Tuscany | fcl: A, fcode: ADM1 | ADM1: Tuscany, ADM2: , ADM3: , ADM4:  | Score: 58.74, Population: 3729641 | Fuzzy match: 80.0
2025-07-31 17:33:25,591 INFO Comparing database entry: tuscania with Pisa returned from geonames.
2025-07-31 17:33:25,591 INFO 📄 Index 2 | Name: Pisa | fcl: P, fcode: PPLA2 | ADM1: Tuscany, ADM2: Pisa, ADM3: Pisa, ADM4:  | Score: 55.71, Population: 109960 | Fuzzy match: 33.333333333333336
2025-07-31 17:33:25,591 INFO Comparing database entry: tuscania with Livorno returned from geonames.
2025-07-31 17:33:25,591 INFO 📄 Index 3 | Name: Livorno | fcl: P, fcode: PPLA2 | ADM1: Tuscany, ADM2: Province of Livorno, ADM3: Livorno, ADM4:  | Score: 55.71, Population: 157017 | Fuzzy match: 13.33333333333333
2025-07-31 17:33:25,591 WARNING ❌ No match found with fuzzy score > 80 for city: tuscania
2025-07-31 17:33:25,592 WARNING ❌ Lookup failed for city='tuscania', iso2='IT'
