2025-08-17 16:44:06,519 INFO 🗺️ Starting GeoNames lookup for city='toscana', country='italy'
2025-08-17 16:44:06,520 INFO 📍 Location is present in the following articles: [ObjectId('67fa7f86eaa4fb525afec454')]
2025-08-17 16:44:06,700 INFO Comparing database entry: toscana with Florence returned from geonames.
2025-08-17 16:44:06,701 INFO 📄 Index 0 | Name: Florence | fcl: P, fcode: PPLA | ADM1: Tuscany, ADM2: Florence, ADM3: Florence, ADM4:  | Score: 102.65, Population: 367150 | Fuzzy match: 26.66666666666667
2025-08-17 16:44:06,701 INFO Comparing database entry: toscana with Tuscany returned from geonames.
2025-08-17 16:44:06,701 INFO 📄 Index 1 | Name: Tuscany | fcl: A, fcode: ADM1 | ADM1: Tuscany, ADM2: , ADM3: , ADM4:  | Score: 75.98, Population: 3729641 | Fuzzy match: 71.42857142857143
2025-08-17 16:44:06,701 INFO Comparing database entry: toscana with Pisa returned from geonames.
2025-08-17 16:44:06,701 INFO 📄 Index 2 | Name: Pisa | fcl: P, fcode: PPLA2 | ADM1: Tuscany, ADM2: Pisa, ADM3: Pisa, ADM4:  | Score: 60.16, Population: 109960 | Fuzzy match: 36.36363636363637
2025-08-17 16:44:06,701 INFO Comparing database entry: toscana with Livorno returned from geonames.
2025-08-17 16:44:06,701 INFO 📄 Index 3 | Name: Livorno | fcl: P, fcode: PPLA2 | ADM1: Tuscany, ADM2: Province of Livorno, ADM3: Livorno, ADM4:  | Score: 60.16, Population: 157017 | Fuzzy match: 28.57142857142857
2025-08-17 16:44:06,869 INFO Comparing database entry: toscana with Florence returned from geonames.
2025-08-17 16:44:06,869 INFO 📄 Index 0 | Name: Florence | fcl: P, fcode: PPLA | ADM1: Tuscany, ADM2: Florence, ADM3: Florence, ADM4:  | Score: 102.65, Population: 367150 | Fuzzy match: 26.66666666666667
2025-08-17 16:44:06,869 INFO Comparing database entry: toscana with Tuscany returned from geonames.
2025-08-17 16:44:06,869 INFO 📄 Index 1 | Name: Tuscany | fcl: A, fcode: ADM1 | ADM1: Tuscany, ADM2: , ADM3: , ADM4:  | Score: 75.98, Population: 3729641 | Fuzzy match: 71.42857142857143
2025-08-17 16:44:06,869 INFO Comparing database entry: toscana with Pisa returned from geonames.
2025-08-17 16:44:06,869 INFO 📄 Index 2 | Name: Pisa | fcl: P, fcode: PPLA2 | ADM1: Tuscany, ADM2: Pisa, ADM3: Pisa, ADM4:  | Score: 60.16, Population: 109960 | Fuzzy match: 36.36363636363637
2025-08-17 16:44:06,869 INFO Comparing database entry: toscana with Livorno returned from geonames.
2025-08-17 16:44:06,869 INFO 📄 Index 3 | Name: Livorno | fcl: P, fcode: PPLA2 | ADM1: Tuscany, ADM2: Province of Livorno, ADM3: Livorno, ADM4:  | Score: 60.16, Population: 157017 | Fuzzy match: 28.57142857142857
2025-08-17 16:44:07,058 INFO Comparing database entry: toscana with Florence returned from geonames.
2025-08-17 16:44:07,059 INFO 📄 Index 0 | Name: Florence | fcl: P, fcode: PPLA | ADM1: Tuscany, ADM2: Florence, ADM3: Florence, ADM4:  | Score: 102.65, Population: 367150 | Fuzzy match: 26.66666666666667
2025-08-17 16:44:07,059 INFO Comparing database entry: toscana with Tuscany returned from geonames.
2025-08-17 16:44:07,059 INFO 📄 Index 1 | Name: Tuscany | fcl: A, fcode: ADM1 | ADM1: Tuscany, ADM2: , ADM3: , ADM4:  | Score: 75.98, Population: 3729641 | Fuzzy match: 71.42857142857143
2025-08-17 16:44:07,059 INFO Comparing database entry: toscana with Pisa returned from geonames.
2025-08-17 16:44:07,059 INFO 📄 Index 2 | Name: Pisa | fcl: P, fcode: PPLA2 | ADM1: Tuscany, ADM2: Pisa, ADM3: Pisa, ADM4:  | Score: 60.16, Population: 109960 | Fuzzy match: 36.36363636363637
2025-08-17 16:44:07,059 INFO Comparing database entry: toscana with Livorno returned from geonames.
2025-08-17 16:44:07,059 INFO 📄 Index 3 | Name: Livorno | fcl: P, fcode: PPLA2 | ADM1: Tuscany, ADM2: Province of Livorno, ADM3: Livorno, ADM4:  | Score: 60.16, Population: 157017 | Fuzzy match: 28.57142857142857
2025-08-17 16:44:07,257 INFO Comparing database entry: toscana with Florence returned from geonames.
2025-08-17 16:44:07,257 INFO 📄 Index 0 | Name: Florence | fcl: P, fcode: PPLA | ADM1: Tuscany, ADM2: Florence, ADM3: Florence, ADM4:  | Score: 102.65, Population: 367150 | Fuzzy match: 26.66666666666667
2025-08-17 16:44:07,257 INFO Comparing database entry: toscana with Tuscany returned from geonames.
2025-08-17 16:44:07,257 INFO 📄 Index 1 | Name: Tuscany | fcl: A, fcode: ADM1 | ADM1: Tuscany, ADM2: , ADM3: , ADM4:  | Score: 75.98, Population: 3729641 | Fuzzy match: 71.42857142857143
2025-08-17 16:44:07,257 INFO Comparing database entry: toscana with Pisa returned from geonames.
2025-08-17 16:44:07,257 INFO 📄 Index 2 | Name: Pisa | fcl: P, fcode: PPLA2 | ADM1: Tuscany, ADM2: Pisa, ADM3: Pisa, ADM4:  | Score: 60.16, Population: 109960 | Fuzzy match: 36.36363636363637
2025-08-17 16:44:07,257 INFO Comparing database entry: toscana with Livorno returned from geonames.
2025-08-17 16:44:07,257 INFO 📄 Index 3 | Name: Livorno | fcl: P, fcode: PPLA2 | ADM1: Tuscany, ADM2: Province of Livorno, ADM3: Livorno, ADM4:  | Score: 60.16, Population: 157017 | Fuzzy match: 28.57142857142857
2025-08-17 16:44:07,468 INFO Comparing database entry: toscana with Florence returned from geonames.
2025-08-17 16:44:07,468 INFO 📄 Index 0 | Name: Florence | fcl: P, fcode: PPLA | ADM1: Tuscany, ADM2: Florence, ADM3: Florence, ADM4:  | Score: 102.65, Population: 367150 | Fuzzy match: 26.66666666666667
2025-08-17 16:44:07,468 INFO Comparing database entry: toscana with Tuscany returned from geonames.
2025-08-17 16:44:07,468 INFO 📄 Index 1 | Name: Tuscany | fcl: A, fcode: ADM1 | ADM1: Tuscany, ADM2: , ADM3: , ADM4:  | Score: 75.98, Population: 3729641 | Fuzzy match: 71.42857142857143
2025-08-17 16:44:07,468 INFO Comparing database entry: toscana with Pisa returned from geonames.
2025-08-17 16:44:07,468 INFO 📄 Index 2 | Name: Pisa | fcl: P, fcode: PPLA2 | ADM1: Tuscany, ADM2: Pisa, ADM3: Pisa, ADM4:  | Score: 60.16, Population: 109960 | Fuzzy match: 36.36363636363637
2025-08-17 16:44:07,468 INFO Comparing database entry: toscana with Livorno returned from geonames.
2025-08-17 16:44:07,468 INFO 📄 Index 3 | Name: Livorno | fcl: P, fcode: PPLA2 | ADM1: Tuscany, ADM2: Province of Livorno, ADM3: Livorno, ADM4:  | Score: 60.16, Population: 157017 | Fuzzy match: 28.57142857142857
2025-08-17 16:44:07,685 INFO Comparing database entry: toscana with Florence returned from geonames.
2025-08-17 16:44:07,685 INFO 📄 Index 0 | Name: Florence | fcl: P, fcode: PPLA | ADM1: Tuscany, ADM2: Florence, ADM3: Florence, ADM4:  | Score: 102.65, Population: 367150 | Fuzzy match: 26.66666666666667
2025-08-17 16:44:07,685 INFO Comparing database entry: toscana with Tuscany returned from geonames.
2025-08-17 16:44:07,685 INFO 📄 Index 1 | Name: Tuscany | fcl: A, fcode: ADM1 | ADM1: Tuscany, ADM2: , ADM3: , ADM4:  | Score: 75.98, Population: 3729641 | Fuzzy match: 71.42857142857143
2025-08-17 16:44:07,685 INFO Comparing database entry: toscana with Pisa returned from geonames.
2025-08-17 16:44:07,685 INFO 📄 Index 2 | Name: Pisa | fcl: P, fcode: PPLA2 | ADM1: Tuscany, ADM2: Pisa, ADM3: Pisa, ADM4:  | Score: 60.16, Population: 109960 | Fuzzy match: 36.36363636363637
2025-08-17 16:44:07,685 INFO Comparing database entry: toscana with Livorno returned from geonames.
2025-08-17 16:44:07,685 INFO 📄 Index 3 | Name: Livorno | fcl: P, fcode: PPLA2 | ADM1: Tuscany, ADM2: Province of Livorno, ADM3: Livorno, ADM4:  | Score: 60.16, Population: 157017 | Fuzzy match: 28.57142857142857
2025-08-17 16:44:07,685 WARNING ❌ No match found with fuzzy score > 80 for city: toscana
2025-08-17 16:44:07,686 WARNING ❌ Lookup failed for city='toscana', iso2='IT'
