2025-08-08 12:00:18,642 INFO 🗺️ Starting GeoNames lookup for city='gunma_prefecture', country='japan'
2025-08-08 12:00:18,642 INFO 📍 Location is present in the following articles: [ObjectId('67f92281f431fddd61d55ea1')]
2025-08-08 12:00:18,791 INFO Comparing database entry: gunma prefecture with Maebashi returned from geonames.
2025-08-08 12:00:18,791 INFO 📄 Index 0 | Name: Maebashi | fcl: P, fcode: PPLA | ADM1: Gunma, ADM2: Maebashi Shi, ADM3: , ADM4:  | Score: 97.65, Population: 332149 | Fuzzy match: 25.0
2025-08-08 12:00:18,791 INFO Comparing database entry: gunma prefecture with Kiryū returned from geonames.
2025-08-08 12:00:18,791 INFO 📄 Index 1 | Name: Kiryū | fcl: P, fcode: PPLA2 | ADM1: Gunma, ADM2: Kiryū Shi, ADM3: , ADM4:  | Score: 85.45, Population: 108991 | Fuzzy match: 9.523809523809524
2025-08-08 12:00:18,791 INFO Comparing database entry: gunma prefecture with Gunma returned from geonames.
2025-08-08 12:00:18,791 INFO 📄 Index 2 | Name: Gunma | fcl: A, fcode: ADM1 | ADM1: Gunma, ADM2: , ADM3: , ADM4:  | Score: 82.76, Population: 1937626 | Fuzzy match: 47.61904761904761
2025-08-08 12:00:18,791 INFO Comparing database entry: gunma prefecture with Takasaki returned from geonames.
2025-08-08 12:00:18,792 INFO 📄 Index 3 | Name: Takasaki | fcl: P, fcode: PPLA2 | ADM1: Gunma, ADM2: Takasaki Shi, ADM3: , ADM4:  | Score: 78.38, Population: 372973 | Fuzzy match: 8.333333333333337
2025-08-08 12:00:18,945 INFO Comparing database entry: gunma prefecture with Maebashi returned from geonames.
2025-08-08 12:00:18,945 INFO 📄 Index 0 | Name: Maebashi | fcl: P, fcode: PPLA | ADM1: Gunma, ADM2: Maebashi Shi, ADM3: , ADM4:  | Score: 97.65, Population: 332149 | Fuzzy match: 25.0
2025-08-08 12:00:18,946 INFO Comparing database entry: gunma prefecture with Kiryū returned from geonames.
2025-08-08 12:00:18,946 INFO 📄 Index 1 | Name: Kiryū | fcl: P, fcode: PPLA2 | ADM1: Gunma, ADM2: Kiryū Shi, ADM3: , ADM4:  | Score: 85.45, Population: 108991 | Fuzzy match: 9.523809523809524
2025-08-08 12:00:18,946 INFO Comparing database entry: gunma prefecture with Gunma returned from geonames.
2025-08-08 12:00:18,946 INFO 📄 Index 2 | Name: Gunma | fcl: A, fcode: ADM1 | ADM1: Gunma, ADM2: , ADM3: , ADM4:  | Score: 82.76, Population: 1937626 | Fuzzy match: 47.61904761904761
2025-08-08 12:00:18,946 INFO Comparing database entry: gunma prefecture with Takasaki returned from geonames.
2025-08-08 12:00:18,946 INFO 📄 Index 3 | Name: Takasaki | fcl: P, fcode: PPLA2 | ADM1: Gunma, ADM2: Takasaki Shi, ADM3: , ADM4:  | Score: 78.38, Population: 372973 | Fuzzy match: 8.333333333333337
2025-08-08 12:00:19,096 INFO Comparing database entry: gunma prefecture with Maebashi returned from geonames.
2025-08-08 12:00:19,096 INFO 📄 Index 0 | Name: Maebashi | fcl: P, fcode: PPLA | ADM1: Gunma, ADM2: Maebashi Shi, ADM3: , ADM4:  | Score: 97.65, Population: 332149 | Fuzzy match: 25.0
2025-08-08 12:00:19,096 INFO Comparing database entry: gunma prefecture with Kiryū returned from geonames.
2025-08-08 12:00:19,096 INFO 📄 Index 1 | Name: Kiryū | fcl: P, fcode: PPLA2 | ADM1: Gunma, ADM2: Kiryū Shi, ADM3: , ADM4:  | Score: 85.45, Population: 108991 | Fuzzy match: 9.523809523809524
2025-08-08 12:00:19,096 INFO Comparing database entry: gunma prefecture with Gunma returned from geonames.
2025-08-08 12:00:19,096 INFO 📄 Index 2 | Name: Gunma | fcl: A, fcode: ADM1 | ADM1: Gunma, ADM2: , ADM3: , ADM4:  | Score: 82.76, Population: 1937626 | Fuzzy match: 47.61904761904761
2025-08-08 12:00:19,096 INFO Comparing database entry: gunma prefecture with Takasaki returned from geonames.
2025-08-08 12:00:19,096 INFO 📄 Index 3 | Name: Takasaki | fcl: P, fcode: PPLA2 | ADM1: Gunma, ADM2: Takasaki Shi, ADM3: , ADM4:  | Score: 78.38, Population: 372973 | Fuzzy match: 8.333333333333337
2025-08-08 12:00:19,274 INFO Comparing database entry: gunma prefecture with Maebashi returned from geonames.
2025-08-08 12:00:19,275 INFO 📄 Index 0 | Name: Maebashi | fcl: P, fcode: PPLA | ADM1: Gunma, ADM2: Maebashi Shi, ADM3: , ADM4:  | Score: 97.65, Population: 332149 | Fuzzy match: 25.0
2025-08-08 12:00:19,275 INFO Comparing database entry: gunma prefecture with Kiryū returned from geonames.
2025-08-08 12:00:19,275 INFO 📄 Index 1 | Name: Kiryū | fcl: P, fcode: PPLA2 | ADM1: Gunma, ADM2: Kiryū Shi, ADM3: , ADM4:  | Score: 85.45, Population: 108991 | Fuzzy match: 9.523809523809524
2025-08-08 12:00:19,275 INFO Comparing database entry: gunma prefecture with Gunma returned from geonames.
2025-08-08 12:00:19,275 INFO 📄 Index 2 | Name: Gunma | fcl: A, fcode: ADM1 | ADM1: Gunma, ADM2: , ADM3: , ADM4:  | Score: 82.76, Population: 1937626 | Fuzzy match: 47.61904761904761
2025-08-08 12:00:19,275 INFO Comparing database entry: gunma prefecture with Takasaki returned from geonames.
2025-08-08 12:00:19,276 INFO 📄 Index 3 | Name: Takasaki | fcl: P, fcode: PPLA2 | ADM1: Gunma, ADM2: Takasaki Shi, ADM3: , ADM4:  | Score: 78.38, Population: 372973 | Fuzzy match: 8.333333333333337
2025-08-08 12:00:19,416 INFO Comparing database entry: gunma prefecture with Maebashi returned from geonames.
2025-08-08 12:00:19,417 INFO 📄 Index 0 | Name: Maebashi | fcl: P, fcode: PPLA | ADM1: Gunma, ADM2: Maebashi Shi, ADM3: , ADM4:  | Score: 97.65, Population: 332149 | Fuzzy match: 25.0
2025-08-08 12:00:19,417 INFO Comparing database entry: gunma prefecture with Kiryū returned from geonames.
2025-08-08 12:00:19,417 INFO 📄 Index 1 | Name: Kiryū | fcl: P, fcode: PPLA2 | ADM1: Gunma, ADM2: Kiryū Shi, ADM3: , ADM4:  | Score: 85.45, Population: 108991 | Fuzzy match: 9.523809523809524
2025-08-08 12:00:19,417 INFO Comparing database entry: gunma prefecture with Gunma returned from geonames.
2025-08-08 12:00:19,417 INFO 📄 Index 2 | Name: Gunma | fcl: A, fcode: ADM1 | ADM1: Gunma, ADM2: , ADM3: , ADM4:  | Score: 82.76, Population: 1937626 | Fuzzy match: 47.61904761904761
2025-08-08 12:00:19,417 INFO Comparing database entry: gunma prefecture with Takasaki returned from geonames.
2025-08-08 12:00:19,417 INFO 📄 Index 3 | Name: Takasaki | fcl: P, fcode: PPLA2 | ADM1: Gunma, ADM2: Takasaki Shi, ADM3: , ADM4:  | Score: 78.38, Population: 372973 | Fuzzy match: 8.333333333333337
2025-08-08 12:00:19,604 INFO Comparing database entry: gunma prefecture with Maebashi returned from geonames.
2025-08-08 12:00:19,604 INFO 📄 Index 0 | Name: Maebashi | fcl: P, fcode: PPLA | ADM1: Gunma, ADM2: Maebashi Shi, ADM3: , ADM4:  | Score: 97.65, Population: 332149 | Fuzzy match: 25.0
2025-08-08 12:00:19,604 INFO Comparing database entry: gunma prefecture with Kiryū returned from geonames.
2025-08-08 12:00:19,604 INFO 📄 Index 1 | Name: Kiryū | fcl: P, fcode: PPLA2 | ADM1: Gunma, ADM2: Kiryū Shi, ADM3: , ADM4:  | Score: 85.45, Population: 108991 | Fuzzy match: 9.523809523809524
2025-08-08 12:00:19,604 INFO Comparing database entry: gunma prefecture with Gunma returned from geonames.
2025-08-08 12:00:19,604 INFO 📄 Index 2 | Name: Gunma | fcl: A, fcode: ADM1 | ADM1: Gunma, ADM2: , ADM3: , ADM4:  | Score: 82.76, Population: 1937626 | Fuzzy match: 47.61904761904761
2025-08-08 12:00:19,604 INFO Comparing database entry: gunma prefecture with Takasaki returned from geonames.
2025-08-08 12:00:19,604 INFO 📄 Index 3 | Name: Takasaki | fcl: P, fcode: PPLA2 | ADM1: Gunma, ADM2: Takasaki Shi, ADM3: , ADM4:  | Score: 78.38, Population: 372973 | Fuzzy match: 8.333333333333337
2025-08-08 12:00:19,604 WARNING ❌ No match found with fuzzy score > 80 for city: gunma prefecture
2025-08-08 12:00:19,604 WARNING ❌ Lookup failed for city='gunma_prefecture', iso2='JP'
