2025-08-08 09:53:00,585 INFO 🗺️ Starting GeoNames lookup for city='kyushu', country='japan'
2025-08-08 09:53:00,585 INFO 📍 Location is present in the following articles: [ObjectId('6840a255c202c40b602d388f')]
2025-08-08 09:53:00,840 INFO Comparing database entry: kyushu with Fukuoka returned from geonames.
2025-08-08 09:53:00,840 INFO 📄 Index 0 | Name: Fukuoka | fcl: P, fcode: PPLA | ADM1: Fukuoka, ADM2: Fukuoka City, ADM3: Hakata, ADM4:  | Score: 74.33, Population: 1612392 | Fuzzy match: 30.76923076923077
2025-08-08 09:53:00,840 INFO Comparing database entry: kyushu with Nagasaki returned from geonames.
2025-08-08 09:53:00,840 INFO 📄 Index 1 | Name: Nagasaki | fcl: A, fcode: ADM1 | ADM1: Nagasaki, ADM2: , ADM3: , ADM4:  | Score: 60.96, Population: 1314078 | Fuzzy match: 14.28571428571429
2025-08-08 09:53:00,840 INFO Comparing database entry: kyushu with Kagoshima returned from geonames.
2025-08-08 09:53:00,840 INFO 📄 Index 2 | Name: Kagoshima | fcl: A, fcode: ADM1 | ADM1: Kagoshima, ADM2: , ADM3: , ADM4:  | Score: 60.96, Population: 1564175 | Fuzzy match: 40.0
2025-08-08 09:53:00,840 INFO Comparing database entry: kyushu with Naha returned from geonames.
2025-08-08 09:53:00,840 INFO 📄 Index 3 | Name: Naha | fcl: P, fcode: PPLA | ADM1: Okinawa, ADM2: Naha Shi, ADM3: , ADM4:  | Score: 60.48, Population: 317625 | Fuzzy match: 19.999999999999996
2025-08-08 09:53:01,053 INFO Comparing database entry: kyushu with Fukuoka returned from geonames.
2025-08-08 09:53:01,053 INFO 📄 Index 0 | Name: Fukuoka | fcl: P, fcode: PPLA | ADM1: Fukuoka, ADM2: Fukuoka City, ADM3: Hakata, ADM4:  | Score: 74.33, Population: 1612392 | Fuzzy match: 30.76923076923077
2025-08-08 09:53:01,053 INFO Comparing database entry: kyushu with Nagasaki returned from geonames.
2025-08-08 09:53:01,053 INFO 📄 Index 1 | Name: Nagasaki | fcl: A, fcode: ADM1 | ADM1: Nagasaki, ADM2: , ADM3: , ADM4:  | Score: 60.96, Population: 1314078 | Fuzzy match: 14.28571428571429
2025-08-08 09:53:01,053 INFO Comparing database entry: kyushu with Kagoshima returned from geonames.
2025-08-08 09:53:01,053 INFO 📄 Index 2 | Name: Kagoshima | fcl: A, fcode: ADM1 | ADM1: Kagoshima, ADM2: , ADM3: , ADM4:  | Score: 60.96, Population: 1564175 | Fuzzy match: 40.0
2025-08-08 09:53:01,053 INFO Comparing database entry: kyushu with Naha returned from geonames.
2025-08-08 09:53:01,053 INFO 📄 Index 3 | Name: Naha | fcl: P, fcode: PPLA | ADM1: Okinawa, ADM2: Naha Shi, ADM3: , ADM4:  | Score: 60.48, Population: 317625 | Fuzzy match: 19.999999999999996
2025-08-08 09:53:01,245 INFO Comparing database entry: kyushu with Fukuoka returned from geonames.
2025-08-08 09:53:01,245 INFO 📄 Index 0 | Name: Fukuoka | fcl: P, fcode: PPLA | ADM1: Fukuoka, ADM2: Fukuoka City, ADM3: Hakata, ADM4:  | Score: 74.33, Population: 1612392 | Fuzzy match: 30.76923076923077
2025-08-08 09:53:01,245 INFO Comparing database entry: kyushu with Nagasaki returned from geonames.
2025-08-08 09:53:01,246 INFO 📄 Index 1 | Name: Nagasaki | fcl: A, fcode: ADM1 | ADM1: Nagasaki, ADM2: , ADM3: , ADM4:  | Score: 60.96, Population: 1314078 | Fuzzy match: 14.28571428571429
2025-08-08 09:53:01,246 INFO Comparing database entry: kyushu with Kagoshima returned from geonames.
2025-08-08 09:53:01,246 INFO 📄 Index 2 | Name: Kagoshima | fcl: A, fcode: ADM1 | ADM1: Kagoshima, ADM2: , ADM3: , ADM4:  | Score: 60.96, Population: 1564175 | Fuzzy match: 40.0
2025-08-08 09:53:01,246 INFO Comparing database entry: kyushu with Naha returned from geonames.
2025-08-08 09:53:01,246 INFO 📄 Index 3 | Name: Naha | fcl: P, fcode: PPLA | ADM1: Okinawa, ADM2: Naha Shi, ADM3: , ADM4:  | Score: 60.48, Population: 317625 | Fuzzy match: 19.999999999999996
2025-08-08 09:53:01,455 INFO Comparing database entry: kyushu with Fukuoka returned from geonames.
2025-08-08 09:53:01,455 INFO 📄 Index 0 | Name: Fukuoka | fcl: P, fcode: PPLA | ADM1: Fukuoka, ADM2: Fukuoka City, ADM3: Hakata, ADM4:  | Score: 74.33, Population: 1612392 | Fuzzy match: 30.76923076923077
2025-08-08 09:53:01,455 INFO Comparing database entry: kyushu with Nagasaki returned from geonames.
2025-08-08 09:53:01,455 INFO 📄 Index 1 | Name: Nagasaki | fcl: A, fcode: ADM1 | ADM1: Nagasaki, ADM2: , ADM3: , ADM4:  | Score: 60.96, Population: 1314078 | Fuzzy match: 14.28571428571429
2025-08-08 09:53:01,456 INFO Comparing database entry: kyushu with Kagoshima returned from geonames.
2025-08-08 09:53:01,456 INFO 📄 Index 2 | Name: Kagoshima | fcl: A, fcode: ADM1 | ADM1: Kagoshima, ADM2: , ADM3: , ADM4:  | Score: 60.96, Population: 1564175 | Fuzzy match: 40.0
2025-08-08 09:53:01,456 INFO Comparing database entry: kyushu with Naha returned from geonames.
2025-08-08 09:53:01,456 INFO 📄 Index 3 | Name: Naha | fcl: P, fcode: PPLA | ADM1: Okinawa, ADM2: Naha Shi, ADM3: , ADM4:  | Score: 60.48, Population: 317625 | Fuzzy match: 19.999999999999996
2025-08-08 09:53:01,652 INFO Comparing database entry: kyushu with Fukuoka returned from geonames.
2025-08-08 09:53:01,652 INFO 📄 Index 0 | Name: Fukuoka | fcl: P, fcode: PPLA | ADM1: Fukuoka, ADM2: Fukuoka City, ADM3: Hakata, ADM4:  | Score: 74.33, Population: 1612392 | Fuzzy match: 30.76923076923077
2025-08-08 09:53:01,652 INFO Comparing database entry: kyushu with Nagasaki returned from geonames.
2025-08-08 09:53:01,652 INFO 📄 Index 1 | Name: Nagasaki | fcl: A, fcode: ADM1 | ADM1: Nagasaki, ADM2: , ADM3: , ADM4:  | Score: 60.96, Population: 1314078 | Fuzzy match: 14.28571428571429
2025-08-08 09:53:01,652 INFO Comparing database entry: kyushu with Kagoshima returned from geonames.
2025-08-08 09:53:01,652 INFO 📄 Index 2 | Name: Kagoshima | fcl: A, fcode: ADM1 | ADM1: Kagoshima, ADM2: , ADM3: , ADM4:  | Score: 60.96, Population: 1564175 | Fuzzy match: 40.0
2025-08-08 09:53:01,652 INFO Comparing database entry: kyushu with Naha returned from geonames.
2025-08-08 09:53:01,652 INFO 📄 Index 3 | Name: Naha | fcl: P, fcode: PPLA | ADM1: Okinawa, ADM2: Naha Shi, ADM3: , ADM4:  | Score: 60.48, Population: 317625 | Fuzzy match: 19.999999999999996
2025-08-08 09:53:01,876 INFO Comparing database entry: kyushu with Fukuoka returned from geonames.
2025-08-08 09:53:01,876 INFO 📄 Index 0 | Name: Fukuoka | fcl: P, fcode: PPLA | ADM1: Fukuoka, ADM2: Fukuoka City, ADM3: Hakata, ADM4:  | Score: 74.33, Population: 1612392 | Fuzzy match: 30.76923076923077
2025-08-08 09:53:01,876 INFO Comparing database entry: kyushu with Nagasaki returned from geonames.
2025-08-08 09:53:01,877 INFO 📄 Index 1 | Name: Nagasaki | fcl: A, fcode: ADM1 | ADM1: Nagasaki, ADM2: , ADM3: , ADM4:  | Score: 60.96, Population: 1314078 | Fuzzy match: 14.28571428571429
2025-08-08 09:53:01,877 INFO Comparing database entry: kyushu with Kagoshima returned from geonames.
2025-08-08 09:53:01,877 INFO 📄 Index 2 | Name: Kagoshima | fcl: A, fcode: ADM1 | ADM1: Kagoshima, ADM2: , ADM3: , ADM4:  | Score: 60.96, Population: 1564175 | Fuzzy match: 40.0
2025-08-08 09:53:01,877 INFO Comparing database entry: kyushu with Naha returned from geonames.
2025-08-08 09:53:01,877 INFO 📄 Index 3 | Name: Naha | fcl: P, fcode: PPLA | ADM1: Okinawa, ADM2: Naha Shi, ADM3: , ADM4:  | Score: 60.48, Population: 317625 | Fuzzy match: 19.999999999999996
2025-08-08 09:53:01,877 WARNING ❌ No match found with fuzzy score > 80 for city: kyushu
2025-08-08 09:53:01,877 WARNING ❌ Lookup failed for city='kyushu', iso2='JP'
