2025-08-08 12:17:29,854 INFO 🗺️ Starting GeoNames lookup for city='kikuyo', country='japan'
2025-08-08 12:17:29,854 INFO 📍 Location is present in the following articles: [ObjectId('67f922e3f431fddd61d55fe1')]
2025-08-08 12:17:30,047 INFO Comparing database entry: kikuyo with Okino returned from geonames.
2025-08-08 12:17:30,047 INFO 📄 Index 0 | Name: Okino | fcl: P, fcode: PPL | ADM1: Kumamoto, ADM2: Kikuchi-gun, ADM3: Kikuyō Machi, ADM4:  | Score: 34.33, Population: 43337 | Fuzzy match: 54.54545454545454
2025-08-08 12:17:30,047 INFO Comparing database entry: kikuyo with Kikuyō Machi returned from geonames.
2025-08-08 12:17:30,047 INFO 📄 Index 1 | Name: Kikuyō Machi | fcl: A, fcode: ADM3 | ADM1: Kumamoto, ADM2: Kikuchi-gun, ADM3: Kikuyō Machi, ADM4:  | Score: 24.59, Population: 39261 | Fuzzy match: 55.55555555555556
2025-08-08 12:17:30,047 INFO Comparing database entry: kikuyo with Tsukure returned from geonames.
2025-08-08 12:17:30,047 INFO 📄 Index 2 | Name: Tsukure | fcl: P, fcode: PPL | ADM1: Kumamoto, ADM2: Kikuchi-gun, ADM3: Kikuyō Machi, ADM4:  | Score: 19.96, Population: 0 | Fuzzy match: 30.76923076923077
2025-08-08 12:17:30,047 INFO Comparing database entry: kikuyo with Musashigaoka returned from geonames.
2025-08-08 12:17:30,047 INFO 📄 Index 3 | Name: Musashigaoka | fcl: P, fcode: PPL | ADM1: Kumamoto, ADM2: Kikuchi-gun, ADM3: Kikuyō Machi, ADM4:  | Score: 19.96, Population: 0 | Fuzzy match: 22.22222222222222
2025-08-08 12:17:30,250 INFO Comparing database entry: kikuyo with Okino returned from geonames.
2025-08-08 12:17:30,250 INFO 📄 Index 0 | Name: Okino | fcl: P, fcode: PPL | ADM1: Kumamoto, ADM2: Kikuchi-gun, ADM3: Kikuyō Machi, ADM4:  | Score: 34.33, Population: 43337 | Fuzzy match: 54.54545454545454
2025-08-08 12:17:30,250 INFO Comparing database entry: kikuyo with Kikuyō Machi returned from geonames.
2025-08-08 12:17:30,250 INFO 📄 Index 1 | Name: Kikuyō Machi | fcl: A, fcode: ADM3 | ADM1: Kumamoto, ADM2: Kikuchi-gun, ADM3: Kikuyō Machi, ADM4:  | Score: 24.59, Population: 39261 | Fuzzy match: 55.55555555555556
2025-08-08 12:17:30,250 INFO Comparing database entry: kikuyo with Tsukure returned from geonames.
2025-08-08 12:17:30,250 INFO 📄 Index 2 | Name: Tsukure | fcl: P, fcode: PPL | ADM1: Kumamoto, ADM2: Kikuchi-gun, ADM3: Kikuyō Machi, ADM4:  | Score: 19.96, Population: 0 | Fuzzy match: 30.76923076923077
2025-08-08 12:17:30,250 INFO Comparing database entry: kikuyo with Musashigaoka returned from geonames.
2025-08-08 12:17:30,251 INFO 📄 Index 3 | Name: Musashigaoka | fcl: P, fcode: PPL | ADM1: Kumamoto, ADM2: Kikuchi-gun, ADM3: Kikuyō Machi, ADM4:  | Score: 19.96, Population: 0 | Fuzzy match: 22.22222222222222
2025-08-08 12:17:30,416 INFO Comparing database entry: kikuyo with Okino returned from geonames.
2025-08-08 12:17:30,416 INFO 📄 Index 0 | Name: Okino | fcl: P, fcode: PPL | ADM1: Kumamoto, ADM2: Kikuchi-gun, ADM3: Kikuyō Machi, ADM4:  | Score: 34.33, Population: 43337 | Fuzzy match: 54.54545454545454
2025-08-08 12:17:30,416 INFO Comparing database entry: kikuyo with Kikuyō Machi returned from geonames.
2025-08-08 12:17:30,417 INFO 📄 Index 1 | Name: Kikuyō Machi | fcl: A, fcode: ADM3 | ADM1: Kumamoto, ADM2: Kikuchi-gun, ADM3: Kikuyō Machi, ADM4:  | Score: 24.59, Population: 39261 | Fuzzy match: 55.55555555555556
2025-08-08 12:17:30,417 INFO Comparing database entry: kikuyo with Tsukure returned from geonames.
2025-08-08 12:17:30,417 INFO 📄 Index 2 | Name: Tsukure | fcl: P, fcode: PPL | ADM1: Kumamoto, ADM2: Kikuchi-gun, ADM3: Kikuyō Machi, ADM4:  | Score: 19.96, Population: 0 | Fuzzy match: 30.76923076923077
2025-08-08 12:17:30,417 INFO Comparing database entry: kikuyo with Musashigaoka returned from geonames.
2025-08-08 12:17:30,417 INFO 📄 Index 3 | Name: Musashigaoka | fcl: P, fcode: PPL | ADM1: Kumamoto, ADM2: Kikuchi-gun, ADM3: Kikuyō Machi, ADM4:  | Score: 19.96, Population: 0 | Fuzzy match: 22.22222222222222
2025-08-08 12:17:30,556 INFO Comparing database entry: kikuyo with Okino returned from geonames.
2025-08-08 12:17:30,557 INFO 📄 Index 0 | Name: Okino | fcl: P, fcode: PPL | ADM1: Kumamoto, ADM2: Kikuchi-gun, ADM3: Kikuyō Machi, ADM4:  | Score: 34.33, Population: 43337 | Fuzzy match: 54.54545454545454
2025-08-08 12:17:30,557 INFO Comparing database entry: kikuyo with Kikuyō Machi returned from geonames.
2025-08-08 12:17:30,557 INFO 📄 Index 1 | Name: Kikuyō Machi | fcl: A, fcode: ADM3 | ADM1: Kumamoto, ADM2: Kikuchi-gun, ADM3: Kikuyō Machi, ADM4:  | Score: 24.59, Population: 39261 | Fuzzy match: 55.55555555555556
2025-08-08 12:17:30,557 INFO Comparing database entry: kikuyo with Tsukure returned from geonames.
2025-08-08 12:17:30,557 INFO 📄 Index 2 | Name: Tsukure | fcl: P, fcode: PPL | ADM1: Kumamoto, ADM2: Kikuchi-gun, ADM3: Kikuyō Machi, ADM4:  | Score: 19.96, Population: 0 | Fuzzy match: 30.76923076923077
2025-08-08 12:17:30,557 INFO Comparing database entry: kikuyo with Musashigaoka returned from geonames.
2025-08-08 12:17:30,557 INFO 📄 Index 3 | Name: Musashigaoka | fcl: P, fcode: PPL | ADM1: Kumamoto, ADM2: Kikuchi-gun, ADM3: Kikuyō Machi, ADM4:  | Score: 19.96, Population: 0 | Fuzzy match: 22.22222222222222
2025-08-08 12:17:30,732 INFO Comparing database entry: kikuyo with Okino returned from geonames.
2025-08-08 12:17:30,732 INFO 📄 Index 0 | Name: Okino | fcl: P, fcode: PPL | ADM1: Kumamoto, ADM2: Kikuchi-gun, ADM3: Kikuyō Machi, ADM4:  | Score: 34.33, Population: 43337 | Fuzzy match: 54.54545454545454
2025-08-08 12:17:30,732 INFO Comparing database entry: kikuyo with Kikuyō Machi returned from geonames.
2025-08-08 12:17:30,732 INFO 📄 Index 1 | Name: Kikuyō Machi | fcl: A, fcode: ADM3 | ADM1: Kumamoto, ADM2: Kikuchi-gun, ADM3: Kikuyō Machi, ADM4:  | Score: 24.59, Population: 39261 | Fuzzy match: 55.55555555555556
2025-08-08 12:17:30,732 INFO Comparing database entry: kikuyo with Tsukure returned from geonames.
2025-08-08 12:17:30,732 INFO 📄 Index 2 | Name: Tsukure | fcl: P, fcode: PPL | ADM1: Kumamoto, ADM2: Kikuchi-gun, ADM3: Kikuyō Machi, ADM4:  | Score: 19.96, Population: 0 | Fuzzy match: 30.76923076923077
2025-08-08 12:17:30,732 INFO Comparing database entry: kikuyo with Musashigaoka returned from geonames.
2025-08-08 12:17:30,732 INFO 📄 Index 3 | Name: Musashigaoka | fcl: P, fcode: PPL | ADM1: Kumamoto, ADM2: Kikuchi-gun, ADM3: Kikuyō Machi, ADM4:  | Score: 19.96, Population: 0 | Fuzzy match: 22.22222222222222
2025-08-08 12:17:30,882 INFO Comparing database entry: kikuyo with Okino returned from geonames.
2025-08-08 12:17:30,882 INFO 📄 Index 0 | Name: Okino | fcl: P, fcode: PPL | ADM1: Kumamoto, ADM2: Kikuchi-gun, ADM3: Kikuyō Machi, ADM4:  | Score: 34.33, Population: 43337 | Fuzzy match: 54.54545454545454
2025-08-08 12:17:30,882 INFO Comparing database entry: kikuyo with Kikuyō Machi returned from geonames.
2025-08-08 12:17:30,882 INFO 📄 Index 1 | Name: Kikuyō Machi | fcl: A, fcode: ADM3 | ADM1: Kumamoto, ADM2: Kikuchi-gun, ADM3: Kikuyō Machi, ADM4:  | Score: 24.59, Population: 39261 | Fuzzy match: 55.55555555555556
2025-08-08 12:17:30,883 INFO Comparing database entry: kikuyo with Tsukure returned from geonames.
2025-08-08 12:17:30,883 INFO 📄 Index 2 | Name: Tsukure | fcl: P, fcode: PPL | ADM1: Kumamoto, ADM2: Kikuchi-gun, ADM3: Kikuyō Machi, ADM4:  | Score: 19.96, Population: 0 | Fuzzy match: 30.76923076923077
2025-08-08 12:17:30,883 INFO Comparing database entry: kikuyo with Musashigaoka returned from geonames.
2025-08-08 12:17:30,883 INFO 📄 Index 3 | Name: Musashigaoka | fcl: P, fcode: PPL | ADM1: Kumamoto, ADM2: Kikuchi-gun, ADM3: Kikuyō Machi, ADM4:  | Score: 19.96, Population: 0 | Fuzzy match: 22.22222222222222
2025-08-08 12:17:30,883 WARNING ❌ No match found with fuzzy score > 80 for city: kikuyo
2025-08-08 12:17:30,883 WARNING ❌ Lookup failed for city='kikuyo', iso2='JP'
