2025-08-08 12:00:19,605 INFO 🗺️ Starting GeoNames lookup for city='kanagawa_prefecture', country='japan'
2025-08-08 12:00:19,605 INFO 📍 Location is present in the following articles: [ObjectId('67f921d9f431fddd61d55c76')]
2025-08-08 12:00:19,778 INFO Comparing database entry: kanagawa prefecture with Yokohama returned from geonames.
2025-08-08 12:00:19,778 INFO 📄 Index 0 | Name: Yokohama | fcl: P, fcode: PPLA | ADM1: Kanagawa, ADM2: Yokohama, ADM3: , ADM4:  | Score: 114.70, Population: 3777491 | Fuzzy match: 22.22222222222222
2025-08-08 12:00:19,778 INFO Comparing database entry: kanagawa prefecture with Kawasaki returned from geonames.
2025-08-08 12:00:19,778 INFO 📄 Index 1 | Name: Kawasaki | fcl: P, fcode: PPLA2 | ADM1: Kanagawa, ADM2: Kawasaki, ADM3: , ADM4:  | Score: 87.56, Population: 1538262 | Fuzzy match: 29.629629629629626
2025-08-08 12:00:19,778 INFO Comparing database entry: kanagawa prefecture with Kanagawa returned from geonames.
2025-08-08 12:00:19,778 INFO 📄 Index 2 | Name: Kanagawa | fcl: A, fcode: ADM1 | ADM1: Kanagawa, ADM2: , ADM3: , ADM4:  | Score: 77.63, Population: 9097401 | Fuzzy match: 59.25925925925925
2025-08-08 12:00:19,778 INFO Comparing database entry: kanagawa prefecture with Atsugi returned from geonames.
2025-08-08 12:00:19,778 INFO 📄 Index 3 | Name: Atsugi | fcl: P, fcode: PPLA2 | ADM1: Kanagawa, ADM2: Atsugi, ADM3: , ADM4:  | Score: 75.86, Population: 223960 | Fuzzy match: 24.0
2025-08-08 12:00:19,969 INFO Comparing database entry: kanagawa prefecture with Yokohama returned from geonames.
2025-08-08 12:00:19,969 INFO 📄 Index 0 | Name: Yokohama | fcl: P, fcode: PPLA | ADM1: Kanagawa, ADM2: Yokohama, ADM3: , ADM4:  | Score: 114.70, Population: 3777491 | Fuzzy match: 22.22222222222222
2025-08-08 12:00:19,969 INFO Comparing database entry: kanagawa prefecture with Kawasaki returned from geonames.
2025-08-08 12:00:19,969 INFO 📄 Index 1 | Name: Kawasaki | fcl: P, fcode: PPLA2 | ADM1: Kanagawa, ADM2: Kawasaki, ADM3: , ADM4:  | Score: 87.56, Population: 1538262 | Fuzzy match: 29.629629629629626
2025-08-08 12:00:19,969 INFO Comparing database entry: kanagawa prefecture with Kanagawa returned from geonames.
2025-08-08 12:00:19,969 INFO 📄 Index 2 | Name: Kanagawa | fcl: A, fcode: ADM1 | ADM1: Kanagawa, ADM2: , ADM3: , ADM4:  | Score: 77.63, Population: 9097401 | Fuzzy match: 59.25925925925925
2025-08-08 12:00:19,969 INFO Comparing database entry: kanagawa prefecture with Atsugi returned from geonames.
2025-08-08 12:00:19,969 INFO 📄 Index 3 | Name: Atsugi | fcl: P, fcode: PPLA2 | ADM1: Kanagawa, ADM2: Atsugi, ADM3: , ADM4:  | Score: 75.86, Population: 223960 | Fuzzy match: 24.0
2025-08-08 12:00:20,159 INFO Comparing database entry: kanagawa prefecture with Yokohama returned from geonames.
2025-08-08 12:00:20,159 INFO 📄 Index 0 | Name: Yokohama | fcl: P, fcode: PPLA | ADM1: Kanagawa, ADM2: Yokohama, ADM3: , ADM4:  | Score: 114.70, Population: 3777491 | Fuzzy match: 22.22222222222222
2025-08-08 12:00:20,159 INFO Comparing database entry: kanagawa prefecture with Kawasaki returned from geonames.
2025-08-08 12:00:20,159 INFO 📄 Index 1 | Name: Kawasaki | fcl: P, fcode: PPLA2 | ADM1: Kanagawa, ADM2: Kawasaki, ADM3: , ADM4:  | Score: 87.56, Population: 1538262 | Fuzzy match: 29.629629629629626
2025-08-08 12:00:20,159 INFO Comparing database entry: kanagawa prefecture with Kanagawa returned from geonames.
2025-08-08 12:00:20,159 INFO 📄 Index 2 | Name: Kanagawa | fcl: A, fcode: ADM1 | ADM1: Kanagawa, ADM2: , ADM3: , ADM4:  | Score: 77.63, Population: 9097401 | Fuzzy match: 59.25925925925925
2025-08-08 12:00:20,159 INFO Comparing database entry: kanagawa prefecture with Atsugi returned from geonames.
2025-08-08 12:00:20,159 INFO 📄 Index 3 | Name: Atsugi | fcl: P, fcode: PPLA2 | ADM1: Kanagawa, ADM2: Atsugi, ADM3: , ADM4:  | Score: 75.86, Population: 223960 | Fuzzy match: 24.0
2025-08-08 12:00:20,343 INFO Comparing database entry: kanagawa prefecture with Yokohama returned from geonames.
2025-08-08 12:00:20,344 INFO 📄 Index 0 | Name: Yokohama | fcl: P, fcode: PPLA | ADM1: Kanagawa, ADM2: Yokohama, ADM3: , ADM4:  | Score: 114.70, Population: 3777491 | Fuzzy match: 22.22222222222222
2025-08-08 12:00:20,344 INFO Comparing database entry: kanagawa prefecture with Kawasaki returned from geonames.
2025-08-08 12:00:20,344 INFO 📄 Index 1 | Name: Kawasaki | fcl: P, fcode: PPLA2 | ADM1: Kanagawa, ADM2: Kawasaki, ADM3: , ADM4:  | Score: 87.56, Population: 1538262 | Fuzzy match: 29.629629629629626
2025-08-08 12:00:20,344 INFO Comparing database entry: kanagawa prefecture with Kanagawa returned from geonames.
2025-08-08 12:00:20,344 INFO 📄 Index 2 | Name: Kanagawa | fcl: A, fcode: ADM1 | ADM1: Kanagawa, ADM2: , ADM3: , ADM4:  | Score: 77.63, Population: 9097401 | Fuzzy match: 59.25925925925925
2025-08-08 12:00:20,344 INFO Comparing database entry: kanagawa prefecture with Atsugi returned from geonames.
2025-08-08 12:00:20,344 INFO 📄 Index 3 | Name: Atsugi | fcl: P, fcode: PPLA2 | ADM1: Kanagawa, ADM2: Atsugi, ADM3: , ADM4:  | Score: 75.86, Population: 223960 | Fuzzy match: 24.0
2025-08-08 12:00:20,553 INFO Comparing database entry: kanagawa prefecture with Yokohama returned from geonames.
2025-08-08 12:00:20,554 INFO 📄 Index 0 | Name: Yokohama | fcl: P, fcode: PPLA | ADM1: Kanagawa, ADM2: Yokohama, ADM3: , ADM4:  | Score: 114.70, Population: 3777491 | Fuzzy match: 22.22222222222222
2025-08-08 12:00:20,554 INFO Comparing database entry: kanagawa prefecture with Kawasaki returned from geonames.
2025-08-08 12:00:20,554 INFO 📄 Index 1 | Name: Kawasaki | fcl: P, fcode: PPLA2 | ADM1: Kanagawa, ADM2: Kawasaki, ADM3: , ADM4:  | Score: 87.56, Population: 1538262 | Fuzzy match: 29.629629629629626
2025-08-08 12:00:20,554 INFO Comparing database entry: kanagawa prefecture with Kanagawa returned from geonames.
2025-08-08 12:00:20,554 INFO 📄 Index 2 | Name: Kanagawa | fcl: A, fcode: ADM1 | ADM1: Kanagawa, ADM2: , ADM3: , ADM4:  | Score: 77.63, Population: 9097401 | Fuzzy match: 59.25925925925925
2025-08-08 12:00:20,554 INFO Comparing database entry: kanagawa prefecture with Atsugi returned from geonames.
2025-08-08 12:00:20,554 INFO 📄 Index 3 | Name: Atsugi | fcl: P, fcode: PPLA2 | ADM1: Kanagawa, ADM2: Atsugi, ADM3: , ADM4:  | Score: 75.86, Population: 223960 | Fuzzy match: 24.0
2025-08-08 12:00:20,732 INFO Comparing database entry: kanagawa prefecture with Yokohama returned from geonames.
2025-08-08 12:00:20,732 INFO 📄 Index 0 | Name: Yokohama | fcl: P, fcode: PPLA | ADM1: Kanagawa, ADM2: Yokohama, ADM3: , ADM4:  | Score: 114.70, Population: 3777491 | Fuzzy match: 22.22222222222222
2025-08-08 12:00:20,732 INFO Comparing database entry: kanagawa prefecture with Kawasaki returned from geonames.
2025-08-08 12:00:20,732 INFO 📄 Index 1 | Name: Kawasaki | fcl: P, fcode: PPLA2 | ADM1: Kanagawa, ADM2: Kawasaki, ADM3: , ADM4:  | Score: 87.56, Population: 1538262 | Fuzzy match: 29.629629629629626
2025-08-08 12:00:20,732 INFO Comparing database entry: kanagawa prefecture with Kanagawa returned from geonames.
2025-08-08 12:00:20,732 INFO 📄 Index 2 | Name: Kanagawa | fcl: A, fcode: ADM1 | ADM1: Kanagawa, ADM2: , ADM3: , ADM4:  | Score: 77.63, Population: 9097401 | Fuzzy match: 59.25925925925925
2025-08-08 12:00:20,732 INFO Comparing database entry: kanagawa prefecture with Atsugi returned from geonames.
2025-08-08 12:00:20,732 INFO 📄 Index 3 | Name: Atsugi | fcl: P, fcode: PPLA2 | ADM1: Kanagawa, ADM2: Atsugi, ADM3: , ADM4:  | Score: 75.86, Population: 223960 | Fuzzy match: 24.0
2025-08-08 12:00:20,732 WARNING ❌ No match found with fuzzy score > 80 for city: kanagawa prefecture
2025-08-08 12:00:20,733 WARNING ❌ Lookup failed for city='kanagawa_prefecture', iso2='JP'
