2025-08-08 11:46:20,134 INFO 🗺️ Starting GeoNames lookup for city='kunitomi', country='japan'
2025-08-08 11:46:20,134 INFO 📍 Location is present in the following articles: [ObjectId('67f52d03981040986eab7b5b')]
2025-08-08 11:46:20,286 INFO Comparing database entry: kunitomi with Kunitomi-mura returned from geonames.
2025-08-08 11:46:20,286 INFO 📄 Index 0 | Name: Kunitomi-mura | fcl: A, fcode: ADM4H | ADM1: , ADM2: , ADM3: , ADM4:  | Score: 32.50, Population: 0 | Fuzzy match: 76.19047619047619
2025-08-08 11:46:20,286 INFO Comparing database entry: kunitomi with Kunitomi Chō returned from geonames.
2025-08-08 11:46:20,287 INFO 📄 Index 1 | Name: Kunitomi Chō | fcl: A, fcode: ADM3 | ADM1: Miyazaki, ADM2: HIgashimorokata Gun, ADM3: Kunitomi Chō, ADM4:  | Score: 24.89, Population: 20687 | Fuzzy match: 80.0
2025-08-08 11:46:20,287 INFO Comparing database entry: kunitomi with Honjō returned from geonames.
2025-08-08 11:46:20,287 INFO 📄 Index 2 | Name: Honjō | fcl: P, fcode: PPL | ADM1: Miyazaki, ADM2: HIgashimorokata Gun, ADM3: Kunitomi Chō, ADM4:  | Score: 18.99, Population: 18398 | Fuzzy match: 15.384615384615385
2025-08-08 11:46:20,287 INFO Comparing database entry: kunitomi with Sanmyō returned from geonames.
2025-08-08 11:46:20,287 INFO 📄 Index 3 | Name: Sanmyō | fcl: P, fcode: PPL | ADM1: Miyazaki, ADM2: HIgashimorokata Gun, ADM3: Kunitomi Chō, ADM4:  | Score: 18.29, Population: 0 | Fuzzy match: 28.57142857142857
2025-08-08 11:46:20,417 INFO Comparing database entry: kunitomi with Kunitomi-mura returned from geonames.
2025-08-08 11:46:20,417 INFO 📄 Index 0 | Name: Kunitomi-mura | fcl: A, fcode: ADM4H | ADM1: , ADM2: , ADM3: , ADM4:  | Score: 32.50, Population: 0 | Fuzzy match: 76.19047619047619
2025-08-08 11:46:20,417 INFO Comparing database entry: kunitomi with Kunitomi Chō returned from geonames.
2025-08-08 11:46:20,417 INFO 📄 Index 1 | Name: Kunitomi Chō | fcl: A, fcode: ADM3 | ADM1: Miyazaki, ADM2: HIgashimorokata Gun, ADM3: Kunitomi Chō, ADM4:  | Score: 24.89, Population: 20687 | Fuzzy match: 80.0
2025-08-08 11:46:20,417 INFO Comparing database entry: kunitomi with Honjō returned from geonames.
2025-08-08 11:46:20,417 INFO 📄 Index 2 | Name: Honjō | fcl: P, fcode: PPL | ADM1: Miyazaki, ADM2: HIgashimorokata Gun, ADM3: Kunitomi Chō, ADM4:  | Score: 18.99, Population: 18398 | Fuzzy match: 15.384615384615385
2025-08-08 11:46:20,417 INFO Comparing database entry: kunitomi with Sanmyō returned from geonames.
2025-08-08 11:46:20,417 INFO 📄 Index 3 | Name: Sanmyō | fcl: P, fcode: PPL | ADM1: Miyazaki, ADM2: HIgashimorokata Gun, ADM3: Kunitomi Chō, ADM4:  | Score: 18.29, Population: 0 | Fuzzy match: 28.57142857142857
2025-08-08 11:46:20,558 INFO Comparing database entry: kunitomi with Kunitomi-mura returned from geonames.
2025-08-08 11:46:20,558 INFO 📄 Index 0 | Name: Kunitomi-mura | fcl: A, fcode: ADM4H | ADM1: , ADM2: , ADM3: , ADM4:  | Score: 32.50, Population: 0 | Fuzzy match: 76.19047619047619
2025-08-08 11:46:20,558 INFO Comparing database entry: kunitomi with Kunitomi Chō returned from geonames.
2025-08-08 11:46:20,558 INFO 📄 Index 1 | Name: Kunitomi Chō | fcl: A, fcode: ADM3 | ADM1: Miyazaki, ADM2: HIgashimorokata Gun, ADM3: Kunitomi Chō, ADM4:  | Score: 24.89, Population: 20687 | Fuzzy match: 80.0
2025-08-08 11:46:20,558 INFO Comparing database entry: kunitomi with Honjō returned from geonames.
2025-08-08 11:46:20,558 INFO 📄 Index 2 | Name: Honjō | fcl: P, fcode: PPL | ADM1: Miyazaki, ADM2: HIgashimorokata Gun, ADM3: Kunitomi Chō, ADM4:  | Score: 18.99, Population: 18398 | Fuzzy match: 15.384615384615385
2025-08-08 11:46:20,558 INFO Comparing database entry: kunitomi with Sanmyō returned from geonames.
2025-08-08 11:46:20,558 INFO 📄 Index 3 | Name: Sanmyō | fcl: P, fcode: PPL | ADM1: Miyazaki, ADM2: HIgashimorokata Gun, ADM3: Kunitomi Chō, ADM4:  | Score: 18.29, Population: 0 | Fuzzy match: 28.57142857142857
2025-08-08 11:46:20,693 INFO Comparing database entry: kunitomi with Kunitomi-mura returned from geonames.
2025-08-08 11:46:20,693 INFO 📄 Index 0 | Name: Kunitomi-mura | fcl: A, fcode: ADM4H | ADM1: , ADM2: , ADM3: , ADM4:  | Score: 32.50, Population: 0 | Fuzzy match: 76.19047619047619
2025-08-08 11:46:20,693 INFO Comparing database entry: kunitomi with Kunitomi Chō returned from geonames.
2025-08-08 11:46:20,693 INFO 📄 Index 1 | Name: Kunitomi Chō | fcl: A, fcode: ADM3 | ADM1: Miyazaki, ADM2: HIgashimorokata Gun, ADM3: Kunitomi Chō, ADM4:  | Score: 24.89, Population: 20687 | Fuzzy match: 80.0
2025-08-08 11:46:20,693 INFO Comparing database entry: kunitomi with Honjō returned from geonames.
2025-08-08 11:46:20,693 INFO 📄 Index 2 | Name: Honjō | fcl: P, fcode: PPL | ADM1: Miyazaki, ADM2: HIgashimorokata Gun, ADM3: Kunitomi Chō, ADM4:  | Score: 18.99, Population: 18398 | Fuzzy match: 15.384615384615385
2025-08-08 11:46:20,693 INFO Comparing database entry: kunitomi with Sanmyō returned from geonames.
2025-08-08 11:46:20,693 INFO 📄 Index 3 | Name: Sanmyō | fcl: P, fcode: PPL | ADM1: Miyazaki, ADM2: HIgashimorokata Gun, ADM3: Kunitomi Chō, ADM4:  | Score: 18.29, Population: 0 | Fuzzy match: 28.57142857142857
2025-08-08 11:46:20,846 INFO Comparing database entry: kunitomi with Kunitomi-mura returned from geonames.
2025-08-08 11:46:20,846 INFO 📄 Index 0 | Name: Kunitomi-mura | fcl: A, fcode: ADM4H | ADM1: , ADM2: , ADM3: , ADM4:  | Score: 32.50, Population: 0 | Fuzzy match: 76.19047619047619
2025-08-08 11:46:20,846 INFO Comparing database entry: kunitomi with Kunitomi Chō returned from geonames.
2025-08-08 11:46:20,846 INFO 📄 Index 1 | Name: Kunitomi Chō | fcl: A, fcode: ADM3 | ADM1: Miyazaki, ADM2: HIgashimorokata Gun, ADM3: Kunitomi Chō, ADM4:  | Score: 24.89, Population: 20687 | Fuzzy match: 80.0
2025-08-08 11:46:20,846 INFO Comparing database entry: kunitomi with Honjō returned from geonames.
2025-08-08 11:46:20,846 INFO 📄 Index 2 | Name: Honjō | fcl: P, fcode: PPL | ADM1: Miyazaki, ADM2: HIgashimorokata Gun, ADM3: Kunitomi Chō, ADM4:  | Score: 18.99, Population: 18398 | Fuzzy match: 15.384615384615385
2025-08-08 11:46:20,846 INFO Comparing database entry: kunitomi with Sanmyō returned from geonames.
2025-08-08 11:46:20,846 INFO 📄 Index 3 | Name: Sanmyō | fcl: P, fcode: PPL | ADM1: Miyazaki, ADM2: HIgashimorokata Gun, ADM3: Kunitomi Chō, ADM4:  | Score: 18.29, Population: 0 | Fuzzy match: 28.57142857142857
2025-08-08 11:46:20,996 INFO Comparing database entry: kunitomi with Kunitomi-mura returned from geonames.
2025-08-08 11:46:20,997 INFO 📄 Index 0 | Name: Kunitomi-mura | fcl: A, fcode: ADM4H | ADM1: , ADM2: , ADM3: , ADM4:  | Score: 32.50, Population: 0 | Fuzzy match: 76.19047619047619
2025-08-08 11:46:20,997 INFO Comparing database entry: kunitomi with Kunitomi Chō returned from geonames.
2025-08-08 11:46:20,997 INFO 📄 Index 1 | Name: Kunitomi Chō | fcl: A, fcode: ADM3 | ADM1: Miyazaki, ADM2: HIgashimorokata Gun, ADM3: Kunitomi Chō, ADM4:  | Score: 24.89, Population: 20687 | Fuzzy match: 80.0
2025-08-08 11:46:20,997 INFO Comparing database entry: kunitomi with Honjō returned from geonames.
2025-08-08 11:46:20,997 INFO 📄 Index 2 | Name: Honjō | fcl: P, fcode: PPL | ADM1: Miyazaki, ADM2: HIgashimorokata Gun, ADM3: Kunitomi Chō, ADM4:  | Score: 18.99, Population: 18398 | Fuzzy match: 15.384615384615385
2025-08-08 11:46:20,997 INFO Comparing database entry: kunitomi with Sanmyō returned from geonames.
2025-08-08 11:46:20,997 INFO 📄 Index 3 | Name: Sanmyō | fcl: P, fcode: PPL | ADM1: Miyazaki, ADM2: HIgashimorokata Gun, ADM3: Kunitomi Chō, ADM4:  | Score: 18.29, Population: 0 | Fuzzy match: 28.57142857142857
2025-08-08 11:46:20,997 WARNING ❌ No match found with fuzzy score > 80 for city: kunitomi
2025-08-08 11:46:20,997 WARNING ❌ Lookup failed for city='kunitomi', iso2='JP'
