2025-08-08 11:44:53,929 INFO 🗺️ Starting GeoNames lookup for city='kumamoto_prefecture', country='japan'
2025-08-08 11:44:53,929 INFO 📍 Location is present in the following articles: [ObjectId('67f52c86981040986eab7967')]
2025-08-08 11:44:54,316 INFO Comparing database entry: kumamoto prefecture with Kumamoto returned from geonames.
2025-08-08 11:44:54,316 INFO 📄 Index 0 | Name: Kumamoto | fcl: P, fcode: PPLA | ADM1: Kumamoto, ADM2: Kumamoto Shi, ADM3: Chuo-ku, ADM4:  | Score: 101.33, Population: 738907 | Fuzzy match: 59.25925925925925
2025-08-08 11:44:54,316 INFO Comparing database entry: kumamoto prefecture with Honmachi returned from geonames.
2025-08-08 11:44:54,316 INFO 📄 Index 1 | Name: Honmachi | fcl: P, fcode: PPL | ADM1: Kumamoto, ADM2: Yatsushiro Shi, ADM3: , ADM4:  | Score: 82.49, Population: 123067 | Fuzzy match: 22.22222222222222
2025-08-08 11:44:54,316 INFO Comparing database entry: kumamoto prefecture with Kumamoto returned from geonames.
2025-08-08 11:44:54,316 INFO 📄 Index 2 | Name: Kumamoto | fcl: A, fcode: ADM1 | ADM1: Kumamoto, ADM2: , ADM3: , ADM4:  | Score: 80.08, Population: 1748134 | Fuzzy match: 59.25925925925925
2025-08-08 11:44:54,316 INFO Comparing database entry: kumamoto prefecture with Yamaga returned from geonames.
2025-08-08 11:44:54,316 INFO 📄 Index 3 | Name: Yamaga | fcl: P, fcode: PPLA2 | ADM1: Kumamoto, ADM2: Yamaga Shi, ADM3: , ADM4:  | Score: 58.92, Population: 49082 | Fuzzy match: 16.000000000000004
2025-08-08 11:44:54,466 INFO Comparing database entry: kumamoto prefecture with Kumamoto returned from geonames.
2025-08-08 11:44:54,466 INFO 📄 Index 0 | Name: Kumamoto | fcl: P, fcode: PPLA | ADM1: Kumamoto, ADM2: Kumamoto Shi, ADM3: Chuo-ku, ADM4:  | Score: 101.33, Population: 738907 | Fuzzy match: 59.25925925925925
2025-08-08 11:44:54,466 INFO Comparing database entry: kumamoto prefecture with Honmachi returned from geonames.
2025-08-08 11:44:54,467 INFO 📄 Index 1 | Name: Honmachi | fcl: P, fcode: PPL | ADM1: Kumamoto, ADM2: Yatsushiro Shi, ADM3: , ADM4:  | Score: 82.49, Population: 123067 | Fuzzy match: 22.22222222222222
2025-08-08 11:44:54,467 INFO Comparing database entry: kumamoto prefecture with Kumamoto returned from geonames.
2025-08-08 11:44:54,467 INFO 📄 Index 2 | Name: Kumamoto | fcl: A, fcode: ADM1 | ADM1: Kumamoto, ADM2: , ADM3: , ADM4:  | Score: 80.08, Population: 1748134 | Fuzzy match: 59.25925925925925
2025-08-08 11:44:54,467 INFO Comparing database entry: kumamoto prefecture with Yamaga returned from geonames.
2025-08-08 11:44:54,467 INFO 📄 Index 3 | Name: Yamaga | fcl: P, fcode: PPLA2 | ADM1: Kumamoto, ADM2: Yamaga Shi, ADM3: , ADM4:  | Score: 58.92, Population: 49082 | Fuzzy match: 16.000000000000004
2025-08-08 11:44:54,674 INFO Comparing database entry: kumamoto prefecture with Kumamoto returned from geonames.
2025-08-08 11:44:54,674 INFO 📄 Index 0 | Name: Kumamoto | fcl: P, fcode: PPLA | ADM1: Kumamoto, ADM2: Kumamoto Shi, ADM3: Chuo-ku, ADM4:  | Score: 101.33, Population: 738907 | Fuzzy match: 59.25925925925925
2025-08-08 11:44:54,674 INFO Comparing database entry: kumamoto prefecture with Honmachi returned from geonames.
2025-08-08 11:44:54,674 INFO 📄 Index 1 | Name: Honmachi | fcl: P, fcode: PPL | ADM1: Kumamoto, ADM2: Yatsushiro Shi, ADM3: , ADM4:  | Score: 82.49, Population: 123067 | Fuzzy match: 22.22222222222222
2025-08-08 11:44:54,674 INFO Comparing database entry: kumamoto prefecture with Kumamoto returned from geonames.
2025-08-08 11:44:54,674 INFO 📄 Index 2 | Name: Kumamoto | fcl: A, fcode: ADM1 | ADM1: Kumamoto, ADM2: , ADM3: , ADM4:  | Score: 80.08, Population: 1748134 | Fuzzy match: 59.25925925925925
2025-08-08 11:44:54,674 INFO Comparing database entry: kumamoto prefecture with Yamaga returned from geonames.
2025-08-08 11:44:54,674 INFO 📄 Index 3 | Name: Yamaga | fcl: P, fcode: PPLA2 | ADM1: Kumamoto, ADM2: Yamaga Shi, ADM3: , ADM4:  | Score: 58.92, Population: 49082 | Fuzzy match: 16.000000000000004
2025-08-08 11:44:54,837 INFO Comparing database entry: kumamoto prefecture with Kumamoto returned from geonames.
2025-08-08 11:44:54,837 INFO 📄 Index 0 | Name: Kumamoto | fcl: P, fcode: PPLA | ADM1: Kumamoto, ADM2: Kumamoto Shi, ADM3: Chuo-ku, ADM4:  | Score: 101.33, Population: 738907 | Fuzzy match: 59.25925925925925
2025-08-08 11:44:54,837 INFO Comparing database entry: kumamoto prefecture with Honmachi returned from geonames.
2025-08-08 11:44:54,837 INFO 📄 Index 1 | Name: Honmachi | fcl: P, fcode: PPL | ADM1: Kumamoto, ADM2: Yatsushiro Shi, ADM3: , ADM4:  | Score: 82.49, Population: 123067 | Fuzzy match: 22.22222222222222
2025-08-08 11:44:54,837 INFO Comparing database entry: kumamoto prefecture with Kumamoto returned from geonames.
2025-08-08 11:44:54,837 INFO 📄 Index 2 | Name: Kumamoto | fcl: A, fcode: ADM1 | ADM1: Kumamoto, ADM2: , ADM3: , ADM4:  | Score: 80.08, Population: 1748134 | Fuzzy match: 59.25925925925925
2025-08-08 11:44:54,837 INFO Comparing database entry: kumamoto prefecture with Yamaga returned from geonames.
2025-08-08 11:44:54,837 INFO 📄 Index 3 | Name: Yamaga | fcl: P, fcode: PPLA2 | ADM1: Kumamoto, ADM2: Yamaga Shi, ADM3: , ADM4:  | Score: 58.92, Population: 49082 | Fuzzy match: 16.000000000000004
2025-08-08 11:44:54,987 INFO Comparing database entry: kumamoto prefecture with Kumamoto returned from geonames.
2025-08-08 11:44:54,988 INFO 📄 Index 0 | Name: Kumamoto | fcl: P, fcode: PPLA | ADM1: Kumamoto, ADM2: Kumamoto Shi, ADM3: Chuo-ku, ADM4:  | Score: 101.33, Population: 738907 | Fuzzy match: 59.25925925925925
2025-08-08 11:44:54,988 INFO Comparing database entry: kumamoto prefecture with Honmachi returned from geonames.
2025-08-08 11:44:54,988 INFO 📄 Index 1 | Name: Honmachi | fcl: P, fcode: PPL | ADM1: Kumamoto, ADM2: Yatsushiro Shi, ADM3: , ADM4:  | Score: 82.49, Population: 123067 | Fuzzy match: 22.22222222222222
2025-08-08 11:44:54,988 INFO Comparing database entry: kumamoto prefecture with Kumamoto returned from geonames.
2025-08-08 11:44:54,988 INFO 📄 Index 2 | Name: Kumamoto | fcl: A, fcode: ADM1 | ADM1: Kumamoto, ADM2: , ADM3: , ADM4:  | Score: 80.08, Population: 1748134 | Fuzzy match: 59.25925925925925
2025-08-08 11:44:54,988 INFO Comparing database entry: kumamoto prefecture with Yamaga returned from geonames.
2025-08-08 11:44:54,988 INFO 📄 Index 3 | Name: Yamaga | fcl: P, fcode: PPLA2 | ADM1: Kumamoto, ADM2: Yamaga Shi, ADM3: , ADM4:  | Score: 58.92, Population: 49082 | Fuzzy match: 16.000000000000004
2025-08-08 11:44:55,140 INFO Comparing database entry: kumamoto prefecture with Kumamoto returned from geonames.
2025-08-08 11:44:55,140 INFO 📄 Index 0 | Name: Kumamoto | fcl: P, fcode: PPLA | ADM1: Kumamoto, ADM2: Kumamoto Shi, ADM3: Chuo-ku, ADM4:  | Score: 101.33, Population: 738907 | Fuzzy match: 59.25925925925925
2025-08-08 11:44:55,140 INFO Comparing database entry: kumamoto prefecture with Honmachi returned from geonames.
2025-08-08 11:44:55,140 INFO 📄 Index 1 | Name: Honmachi | fcl: P, fcode: PPL | ADM1: Kumamoto, ADM2: Yatsushiro Shi, ADM3: , ADM4:  | Score: 82.49, Population: 123067 | Fuzzy match: 22.22222222222222
2025-08-08 11:44:55,140 INFO Comparing database entry: kumamoto prefecture with Kumamoto returned from geonames.
2025-08-08 11:44:55,140 INFO 📄 Index 2 | Name: Kumamoto | fcl: A, fcode: ADM1 | ADM1: Kumamoto, ADM2: , ADM3: , ADM4:  | Score: 80.08, Population: 1748134 | Fuzzy match: 59.25925925925925
2025-08-08 11:44:55,141 INFO Comparing database entry: kumamoto prefecture with Yamaga returned from geonames.
2025-08-08 11:44:55,141 INFO 📄 Index 3 | Name: Yamaga | fcl: P, fcode: PPLA2 | ADM1: Kumamoto, ADM2: Yamaga Shi, ADM3: , ADM4:  | Score: 58.92, Population: 49082 | Fuzzy match: 16.000000000000004
2025-08-08 11:44:55,141 WARNING ❌ No match found with fuzzy score > 80 for city: kumamoto prefecture
2025-08-08 11:44:55,141 WARNING ❌ Lookup failed for city='kumamoto_prefecture', iso2='JP'
