2025-08-08 12:17:32,048 INFO 🗺️ Starting GeoNames lookup for city='suminoe_osaka', country='japan'
2025-08-08 12:17:32,049 INFO 📍 Location is present in the following articles: [ObjectId('67f922f9f431fddd61d5602b')]
2025-08-08 12:17:32,347 INFO Comparing database entry: suminoe, osaka with Suminoe Ku returned from geonames.
2025-08-08 12:17:32,348 INFO 📄 Index 0 | Name: Suminoe Ku | fcl: A, fcode: ADM3 | ADM1: Osaka, ADM2: Osaka City, ADM3: Suminoe Ku, ADM4:  | Score: 30.27, Population: 0 | Fuzzy match: 75.0
2025-08-08 12:17:32,348 INFO Comparing database entry: suminoe, osaka with Minamikagaya returned from geonames.
2025-08-08 12:17:32,348 INFO 📄 Index 1 | Name: Minamikagaya | fcl: P, fcode: PPL | ADM1: Osaka, ADM2: Osaka City, ADM3: Suminoe Ku, ADM4:  | Score: 24.75, Population: 0 | Fuzzy match: 23.076923076923073
2025-08-08 12:17:32,348 INFO Comparing database entry: suminoe, osaka with Shibatani returned from geonames.
2025-08-08 12:17:32,348 INFO 📄 Index 2 | Name: Shibatani | fcl: P, fcode: PPL | ADM1: Osaka, ADM2: Osaka City, ADM3: Suminoe Ku, ADM4:  | Score: 24.75, Population: 0 | Fuzzy match: 34.78260869565217
2025-08-08 12:17:32,348 INFO Comparing database entry: suminoe, osaka with Hirabayashi-minami returned from geonames.
2025-08-08 12:17:32,348 INFO 📄 Index 3 | Name: Hirabayashi-minami | fcl: P, fcode: PPL | ADM1: Osaka, ADM2: Osaka City, ADM3: Suminoe Ku, ADM4:  | Score: 24.75, Population: 0 | Fuzzy match: 37.5
2025-08-08 12:17:32,535 INFO Comparing database entry: suminoe, osaka with Suminoe Ku returned from geonames.
2025-08-08 12:17:32,535 INFO 📄 Index 0 | Name: Suminoe Ku | fcl: A, fcode: ADM3 | ADM1: Osaka, ADM2: Osaka City, ADM3: Suminoe Ku, ADM4:  | Score: 30.27, Population: 0 | Fuzzy match: 75.0
2025-08-08 12:17:32,535 INFO Comparing database entry: suminoe, osaka with Minamikagaya returned from geonames.
2025-08-08 12:17:32,535 INFO 📄 Index 1 | Name: Minamikagaya | fcl: P, fcode: PPL | ADM1: Osaka, ADM2: Osaka City, ADM3: Suminoe Ku, ADM4:  | Score: 24.75, Population: 0 | Fuzzy match: 23.076923076923073
2025-08-08 12:17:32,535 INFO Comparing database entry: suminoe, osaka with Shibatani returned from geonames.
2025-08-08 12:17:32,535 INFO 📄 Index 2 | Name: Shibatani | fcl: P, fcode: PPL | ADM1: Osaka, ADM2: Osaka City, ADM3: Suminoe Ku, ADM4:  | Score: 24.75, Population: 0 | Fuzzy match: 34.78260869565217
2025-08-08 12:17:32,535 INFO Comparing database entry: suminoe, osaka with Hirabayashi-minami returned from geonames.
2025-08-08 12:17:32,535 INFO 📄 Index 3 | Name: Hirabayashi-minami | fcl: P, fcode: PPL | ADM1: Osaka, ADM2: Osaka City, ADM3: Suminoe Ku, ADM4:  | Score: 24.75, Population: 0 | Fuzzy match: 37.5
2025-08-08 12:17:32,737 INFO Comparing database entry: suminoe, osaka with Suminoe Ku returned from geonames.
2025-08-08 12:17:32,737 INFO 📄 Index 0 | Name: Suminoe Ku | fcl: A, fcode: ADM3 | ADM1: Osaka, ADM2: Osaka City, ADM3: Suminoe Ku, ADM4:  | Score: 30.27, Population: 0 | Fuzzy match: 75.0
2025-08-08 12:17:32,737 INFO Comparing database entry: suminoe, osaka with Minamikagaya returned from geonames.
2025-08-08 12:17:32,737 INFO 📄 Index 1 | Name: Minamikagaya | fcl: P, fcode: PPL | ADM1: Osaka, ADM2: Osaka City, ADM3: Suminoe Ku, ADM4:  | Score: 24.75, Population: 0 | Fuzzy match: 23.076923076923073
2025-08-08 12:17:32,737 INFO Comparing database entry: suminoe, osaka with Shibatani returned from geonames.
2025-08-08 12:17:32,738 INFO 📄 Index 2 | Name: Shibatani | fcl: P, fcode: PPL | ADM1: Osaka, ADM2: Osaka City, ADM3: Suminoe Ku, ADM4:  | Score: 24.75, Population: 0 | Fuzzy match: 34.78260869565217
2025-08-08 12:17:32,738 INFO Comparing database entry: suminoe, osaka with Hirabayashi-minami returned from geonames.
2025-08-08 12:17:32,738 INFO 📄 Index 3 | Name: Hirabayashi-minami | fcl: P, fcode: PPL | ADM1: Osaka, ADM2: Osaka City, ADM3: Suminoe Ku, ADM4:  | Score: 24.75, Population: 0 | Fuzzy match: 37.5
2025-08-08 12:17:33,059 INFO Comparing database entry: suminoe, osaka with Suminoe Ku returned from geonames.
2025-08-08 12:17:33,059 INFO 📄 Index 0 | Name: Suminoe Ku | fcl: A, fcode: ADM3 | ADM1: Osaka, ADM2: Osaka City, ADM3: Suminoe Ku, ADM4:  | Score: 30.27, Population: 0 | Fuzzy match: 75.0
2025-08-08 12:17:33,060 INFO Comparing database entry: suminoe, osaka with Minamikagaya returned from geonames.
2025-08-08 12:17:33,060 INFO 📄 Index 1 | Name: Minamikagaya | fcl: P, fcode: PPL | ADM1: Osaka, ADM2: Osaka City, ADM3: Suminoe Ku, ADM4:  | Score: 24.75, Population: 0 | Fuzzy match: 23.076923076923073
2025-08-08 12:17:33,060 INFO Comparing database entry: suminoe, osaka with Shibatani returned from geonames.
2025-08-08 12:17:33,060 INFO 📄 Index 2 | Name: Shibatani | fcl: P, fcode: PPL | ADM1: Osaka, ADM2: Osaka City, ADM3: Suminoe Ku, ADM4:  | Score: 24.75, Population: 0 | Fuzzy match: 34.78260869565217
2025-08-08 12:17:33,060 INFO Comparing database entry: suminoe, osaka with Hirabayashi-minami returned from geonames.
2025-08-08 12:17:33,060 INFO 📄 Index 3 | Name: Hirabayashi-minami | fcl: P, fcode: PPL | ADM1: Osaka, ADM2: Osaka City, ADM3: Suminoe Ku, ADM4:  | Score: 24.75, Population: 0 | Fuzzy match: 37.5
2025-08-08 12:17:33,486 INFO Comparing database entry: suminoe, osaka with Suminoe Ku returned from geonames.
2025-08-08 12:17:33,486 INFO 📄 Index 0 | Name: Suminoe Ku | fcl: A, fcode: ADM3 | ADM1: Osaka, ADM2: Osaka City, ADM3: Suminoe Ku, ADM4:  | Score: 30.27, Population: 0 | Fuzzy match: 75.0
2025-08-08 12:17:33,486 INFO Comparing database entry: suminoe, osaka with Minamikagaya returned from geonames.
2025-08-08 12:17:33,486 INFO 📄 Index 1 | Name: Minamikagaya | fcl: P, fcode: PPL | ADM1: Osaka, ADM2: Osaka City, ADM3: Suminoe Ku, ADM4:  | Score: 24.75, Population: 0 | Fuzzy match: 23.076923076923073
2025-08-08 12:17:33,487 INFO Comparing database entry: suminoe, osaka with Shibatani returned from geonames.
2025-08-08 12:17:33,487 INFO 📄 Index 2 | Name: Shibatani | fcl: P, fcode: PPL | ADM1: Osaka, ADM2: Osaka City, ADM3: Suminoe Ku, ADM4:  | Score: 24.75, Population: 0 | Fuzzy match: 34.78260869565217
2025-08-08 12:17:33,487 INFO Comparing database entry: suminoe, osaka with Hirabayashi-minami returned from geonames.
2025-08-08 12:17:33,487 INFO 📄 Index 3 | Name: Hirabayashi-minami | fcl: P, fcode: PPL | ADM1: Osaka, ADM2: Osaka City, ADM3: Suminoe Ku, ADM4:  | Score: 24.75, Population: 0 | Fuzzy match: 37.5
2025-08-08 12:17:33,783 INFO Comparing database entry: suminoe, osaka with Suminoe Ku returned from geonames.
2025-08-08 12:17:33,783 INFO 📄 Index 0 | Name: Suminoe Ku | fcl: A, fcode: ADM3 | ADM1: Osaka, ADM2: Osaka City, ADM3: Suminoe Ku, ADM4:  | Score: 30.27, Population: 0 | Fuzzy match: 75.0
2025-08-08 12:17:33,783 INFO Comparing database entry: suminoe, osaka with Minamikagaya returned from geonames.
2025-08-08 12:17:33,783 INFO 📄 Index 1 | Name: Minamikagaya | fcl: P, fcode: PPL | ADM1: Osaka, ADM2: Osaka City, ADM3: Suminoe Ku, ADM4:  | Score: 24.75, Population: 0 | Fuzzy match: 23.076923076923073
2025-08-08 12:17:33,783 INFO Comparing database entry: suminoe, osaka with Shibatani returned from geonames.
2025-08-08 12:17:33,784 INFO 📄 Index 2 | Name: Shibatani | fcl: P, fcode: PPL | ADM1: Osaka, ADM2: Osaka City, ADM3: Suminoe Ku, ADM4:  | Score: 24.75, Population: 0 | Fuzzy match: 34.78260869565217
2025-08-08 12:17:33,784 INFO Comparing database entry: suminoe, osaka with Hirabayashi-minami returned from geonames.
2025-08-08 12:17:33,784 INFO 📄 Index 3 | Name: Hirabayashi-minami | fcl: P, fcode: PPL | ADM1: Osaka, ADM2: Osaka City, ADM3: Suminoe Ku, ADM4:  | Score: 24.75, Population: 0 | Fuzzy match: 37.5
2025-08-08 12:17:33,784 WARNING ❌ No match found with fuzzy score > 80 for city: suminoe, osaka
2025-08-08 12:17:33,784 WARNING ❌ Lookup failed for city='suminoe_osaka', iso2='JP'
