2025-08-08 11:39:49,340 INFO 🗺️ Starting GeoNames lookup for city='tochigi_prefecture', country='japan'
2025-08-08 11:39:49,340 INFO 📍 Location is present in the following articles: [ObjectId('67f52b5a981040986eab74bc')]
2025-08-08 11:39:49,518 INFO Comparing database entry: tochigi prefecture with Utsunomiya returned from geonames.
2025-08-08 11:39:49,518 INFO 📄 Index 0 | Name: Utsunomiya | fcl: P, fcode: PPLA | ADM1: Tochigi, ADM2: Utsunomiya Shi, ADM3: , ADM4:  | Score: 96.26, Population: 518757 | Fuzzy match: 28.57142857142857
2025-08-08 11:39:49,518 INFO Comparing database entry: tochigi prefecture with Tochigi returned from geonames.
2025-08-08 11:39:49,518 INFO 📄 Index 1 | Name: Tochigi | fcl: P, fcode: PPLA2 | ADM1: Tochigi, ADM2: Tochigi Shi, ADM3: , ADM4:  | Score: 83.06, Population: 159056 | Fuzzy match: 56.00000000000001
2025-08-08 11:39:49,518 INFO Comparing database entry: tochigi prefecture with Tochigi returned from geonames.
2025-08-08 11:39:49,518 INFO 📄 Index 2 | Name: Tochigi | fcl: A, fcode: ADM1 | ADM1: Tochigi, ADM2: , ADM3: , ADM4:  | Score: 81.51, Population: 1943886 | Fuzzy match: 56.00000000000001
2025-08-08 11:39:49,518 INFO Comparing database entry: tochigi prefecture with Ashikaga returned from geonames.
2025-08-08 11:39:49,518 INFO 📄 Index 3 | Name: Ashikaga | fcl: P, fcode: PPLA2 | ADM1: Tochigi, ADM2: Ashikaga Shi, ADM3: , ADM4:  | Score: 77.26, Population: 144746 | Fuzzy match: 23.076923076923073
2025-08-08 11:39:49,677 INFO Comparing database entry: tochigi prefecture with Utsunomiya returned from geonames.
2025-08-08 11:39:49,677 INFO 📄 Index 0 | Name: Utsunomiya | fcl: P, fcode: PPLA | ADM1: Tochigi, ADM2: Utsunomiya Shi, ADM3: , ADM4:  | Score: 96.26, Population: 518757 | Fuzzy match: 28.57142857142857
2025-08-08 11:39:49,677 INFO Comparing database entry: tochigi prefecture with Tochigi returned from geonames.
2025-08-08 11:39:49,677 INFO 📄 Index 1 | Name: Tochigi | fcl: P, fcode: PPLA2 | ADM1: Tochigi, ADM2: Tochigi Shi, ADM3: , ADM4:  | Score: 83.06, Population: 159056 | Fuzzy match: 56.00000000000001
2025-08-08 11:39:49,677 INFO Comparing database entry: tochigi prefecture with Tochigi returned from geonames.
2025-08-08 11:39:49,677 INFO 📄 Index 2 | Name: Tochigi | fcl: A, fcode: ADM1 | ADM1: Tochigi, ADM2: , ADM3: , ADM4:  | Score: 81.51, Population: 1943886 | Fuzzy match: 56.00000000000001
2025-08-08 11:39:49,677 INFO Comparing database entry: tochigi prefecture with Ashikaga returned from geonames.
2025-08-08 11:39:49,677 INFO 📄 Index 3 | Name: Ashikaga | fcl: P, fcode: PPLA2 | ADM1: Tochigi, ADM2: Ashikaga Shi, ADM3: , ADM4:  | Score: 77.26, Population: 144746 | Fuzzy match: 23.076923076923073
2025-08-08 11:39:49,825 INFO Comparing database entry: tochigi prefecture with Utsunomiya returned from geonames.
2025-08-08 11:39:49,825 INFO 📄 Index 0 | Name: Utsunomiya | fcl: P, fcode: PPLA | ADM1: Tochigi, ADM2: Utsunomiya Shi, ADM3: , ADM4:  | Score: 96.26, Population: 518757 | Fuzzy match: 28.57142857142857
2025-08-08 11:39:49,825 INFO Comparing database entry: tochigi prefecture with Tochigi returned from geonames.
2025-08-08 11:39:49,825 INFO 📄 Index 1 | Name: Tochigi | fcl: P, fcode: PPLA2 | ADM1: Tochigi, ADM2: Tochigi Shi, ADM3: , ADM4:  | Score: 83.06, Population: 159056 | Fuzzy match: 56.00000000000001
2025-08-08 11:39:49,825 INFO Comparing database entry: tochigi prefecture with Tochigi returned from geonames.
2025-08-08 11:39:49,825 INFO 📄 Index 2 | Name: Tochigi | fcl: A, fcode: ADM1 | ADM1: Tochigi, ADM2: , ADM3: , ADM4:  | Score: 81.51, Population: 1943886 | Fuzzy match: 56.00000000000001
2025-08-08 11:39:49,825 INFO Comparing database entry: tochigi prefecture with Ashikaga returned from geonames.
2025-08-08 11:39:49,826 INFO 📄 Index 3 | Name: Ashikaga | fcl: P, fcode: PPLA2 | ADM1: Tochigi, ADM2: Ashikaga Shi, ADM3: , ADM4:  | Score: 77.26, Population: 144746 | Fuzzy match: 23.076923076923073
2025-08-08 11:39:50,007 INFO Comparing database entry: tochigi prefecture with Utsunomiya returned from geonames.
2025-08-08 11:39:50,007 INFO 📄 Index 0 | Name: Utsunomiya | fcl: P, fcode: PPLA | ADM1: Tochigi, ADM2: Utsunomiya Shi, ADM3: , ADM4:  | Score: 96.26, Population: 518757 | Fuzzy match: 28.57142857142857
2025-08-08 11:39:50,007 INFO Comparing database entry: tochigi prefecture with Tochigi returned from geonames.
2025-08-08 11:39:50,007 INFO 📄 Index 1 | Name: Tochigi | fcl: P, fcode: PPLA2 | ADM1: Tochigi, ADM2: Tochigi Shi, ADM3: , ADM4:  | Score: 83.06, Population: 159056 | Fuzzy match: 56.00000000000001
2025-08-08 11:39:50,007 INFO Comparing database entry: tochigi prefecture with Tochigi returned from geonames.
2025-08-08 11:39:50,007 INFO 📄 Index 2 | Name: Tochigi | fcl: A, fcode: ADM1 | ADM1: Tochigi, ADM2: , ADM3: , ADM4:  | Score: 81.51, Population: 1943886 | Fuzzy match: 56.00000000000001
2025-08-08 11:39:50,007 INFO Comparing database entry: tochigi prefecture with Ashikaga returned from geonames.
2025-08-08 11:39:50,007 INFO 📄 Index 3 | Name: Ashikaga | fcl: P, fcode: PPLA2 | ADM1: Tochigi, ADM2: Ashikaga Shi, ADM3: , ADM4:  | Score: 77.26, Population: 144746 | Fuzzy match: 23.076923076923073
2025-08-08 11:39:50,168 INFO Comparing database entry: tochigi prefecture with Utsunomiya returned from geonames.
2025-08-08 11:39:50,169 INFO 📄 Index 0 | Name: Utsunomiya | fcl: P, fcode: PPLA | ADM1: Tochigi, ADM2: Utsunomiya Shi, ADM3: , ADM4:  | Score: 96.26, Population: 518757 | Fuzzy match: 28.57142857142857
2025-08-08 11:39:50,169 INFO Comparing database entry: tochigi prefecture with Tochigi returned from geonames.
2025-08-08 11:39:50,169 INFO 📄 Index 1 | Name: Tochigi | fcl: P, fcode: PPLA2 | ADM1: Tochigi, ADM2: Tochigi Shi, ADM3: , ADM4:  | Score: 83.06, Population: 159056 | Fuzzy match: 56.00000000000001
2025-08-08 11:39:50,169 INFO Comparing database entry: tochigi prefecture with Tochigi returned from geonames.
2025-08-08 11:39:50,169 INFO 📄 Index 2 | Name: Tochigi | fcl: A, fcode: ADM1 | ADM1: Tochigi, ADM2: , ADM3: , ADM4:  | Score: 81.51, Population: 1943886 | Fuzzy match: 56.00000000000001
2025-08-08 11:39:50,169 INFO Comparing database entry: tochigi prefecture with Ashikaga returned from geonames.
2025-08-08 11:39:50,169 INFO 📄 Index 3 | Name: Ashikaga | fcl: P, fcode: PPLA2 | ADM1: Tochigi, ADM2: Ashikaga Shi, ADM3: , ADM4:  | Score: 77.26, Population: 144746 | Fuzzy match: 23.076923076923073
2025-08-08 11:39:50,329 INFO Comparing database entry: tochigi prefecture with Utsunomiya returned from geonames.
2025-08-08 11:39:50,329 INFO 📄 Index 0 | Name: Utsunomiya | fcl: P, fcode: PPLA | ADM1: Tochigi, ADM2: Utsunomiya Shi, ADM3: , ADM4:  | Score: 96.26, Population: 518757 | Fuzzy match: 28.57142857142857
2025-08-08 11:39:50,329 INFO Comparing database entry: tochigi prefecture with Tochigi returned from geonames.
2025-08-08 11:39:50,329 INFO 📄 Index 1 | Name: Tochigi | fcl: P, fcode: PPLA2 | ADM1: Tochigi, ADM2: Tochigi Shi, ADM3: , ADM4:  | Score: 83.06, Population: 159056 | Fuzzy match: 56.00000000000001
2025-08-08 11:39:50,329 INFO Comparing database entry: tochigi prefecture with Tochigi returned from geonames.
2025-08-08 11:39:50,329 INFO 📄 Index 2 | Name: Tochigi | fcl: A, fcode: ADM1 | ADM1: Tochigi, ADM2: , ADM3: , ADM4:  | Score: 81.51, Population: 1943886 | Fuzzy match: 56.00000000000001
2025-08-08 11:39:50,329 INFO Comparing database entry: tochigi prefecture with Ashikaga returned from geonames.
2025-08-08 11:39:50,329 INFO 📄 Index 3 | Name: Ashikaga | fcl: P, fcode: PPLA2 | ADM1: Tochigi, ADM2: Ashikaga Shi, ADM3: , ADM4:  | Score: 77.26, Population: 144746 | Fuzzy match: 23.076923076923073
2025-08-08 11:39:50,329 WARNING ❌ No match found with fuzzy score > 80 for city: tochigi prefecture
2025-08-08 11:39:50,329 WARNING ❌ Lookup failed for city='tochigi_prefecture', iso2='JP'
