2025-08-08 12:17:33,786 INFO 🗺️ Starting GeoNames lookup for city='ochang', country='korea'
2025-08-08 12:17:33,786 INFO 📍 Location is present in the following articles: [ObjectId('67f922f7f431fddd61d56026')]
2025-08-08 12:17:33,983 INFO Comparing database entry: ochang with T’ochang-maŭl returned from geonames.
2025-08-08 12:17:33,983 INFO 📄 Index 0 | Name: T’ochang-maŭl | fcl: P, fcode: PPL | ADM1: Chagang, ADM2: , ADM3: , ADM4:  | Score: 27.86, Population: 0 | Fuzzy match: 63.1578947368421
2025-08-08 12:17:33,983 INFO Comparing database entry: ochang with Ŏch’ang returned from geonames.
2025-08-08 12:17:33,983 INFO 📄 Index 1 | Name: Ŏch’ang | fcl: P, fcode: PPL | ADM1: P'yŏngan-bukto, ADM2: , ADM3: , ADM4:  | Score: 16.78, Population: 0 | Fuzzy match: 76.92307692307692
2025-08-08 12:17:34,281 INFO Comparing database entry: ochang with T’ochang-maŭl returned from geonames.
2025-08-08 12:17:34,281 INFO 📄 Index 0 | Name: T’ochang-maŭl | fcl: P, fcode: PPL | ADM1: Chagang, ADM2: , ADM3: , ADM4:  | Score: 27.86, Population: 0 | Fuzzy match: 63.1578947368421
2025-08-08 12:17:34,281 INFO Comparing database entry: ochang with Ŏch’ang returned from geonames.
2025-08-08 12:17:34,281 INFO 📄 Index 1 | Name: Ŏch’ang | fcl: P, fcode: PPL | ADM1: P'yŏngan-bukto, ADM2: , ADM3: , ADM4:  | Score: 16.78, Population: 0 | Fuzzy match: 76.92307692307692
2025-08-08 12:17:34,412 INFO Comparing database entry: ochang with T’ochang-maŭl returned from geonames.
2025-08-08 12:17:34,413 INFO 📄 Index 0 | Name: T’ochang-maŭl | fcl: P, fcode: PPL | ADM1: Chagang, ADM2: , ADM3: , ADM4:  | Score: 27.86, Population: 0 | Fuzzy match: 63.1578947368421
2025-08-08 12:17:34,413 INFO Comparing database entry: ochang with Ŏch’ang returned from geonames.
2025-08-08 12:17:34,413 INFO 📄 Index 1 | Name: Ŏch’ang | fcl: P, fcode: PPL | ADM1: P'yŏngan-bukto, ADM2: , ADM3: , ADM4:  | Score: 16.78, Population: 0 | Fuzzy match: 76.92307692307692
2025-08-08 12:17:34,555 INFO Comparing database entry: ochang with T’ochang-maŭl returned from geonames.
2025-08-08 12:17:34,555 INFO 📄 Index 0 | Name: T’ochang-maŭl | fcl: P, fcode: PPL | ADM1: Chagang, ADM2: , ADM3: , ADM4:  | Score: 27.86, Population: 0 | Fuzzy match: 63.1578947368421
2025-08-08 12:17:34,555 INFO Comparing database entry: ochang with Ŏch’ang returned from geonames.
2025-08-08 12:17:34,555 INFO 📄 Index 1 | Name: Ŏch’ang | fcl: P, fcode: PPL | ADM1: P'yŏngan-bukto, ADM2: , ADM3: , ADM4:  | Score: 16.78, Population: 0 | Fuzzy match: 76.92307692307692
2025-08-08 12:17:34,689 INFO Comparing database entry: ochang with T’ochang-maŭl returned from geonames.
2025-08-08 12:17:34,689 INFO 📄 Index 0 | Name: T’ochang-maŭl | fcl: P, fcode: PPL | ADM1: Chagang, ADM2: , ADM3: , ADM4:  | Score: 27.86, Population: 0 | Fuzzy match: 63.1578947368421
2025-08-08 12:17:34,689 INFO Comparing database entry: ochang with Ŏch’ang returned from geonames.
2025-08-08 12:17:34,689 INFO 📄 Index 1 | Name: Ŏch’ang | fcl: P, fcode: PPL | ADM1: P'yŏngan-bukto, ADM2: , ADM3: , ADM4:  | Score: 16.78, Population: 0 | Fuzzy match: 76.92307692307692
2025-08-08 12:17:34,861 INFO Comparing database entry: ochang with T’ochang-maŭl returned from geonames.
2025-08-08 12:17:34,862 INFO 📄 Index 0 | Name: T’ochang-maŭl | fcl: P, fcode: PPL | ADM1: Chagang, ADM2: , ADM3: , ADM4:  | Score: 27.86, Population: 0 | Fuzzy match: 63.1578947368421
2025-08-08 12:17:34,862 INFO Comparing database entry: ochang with Ŏch’ang returned from geonames.
2025-08-08 12:17:34,862 INFO 📄 Index 1 | Name: Ŏch’ang | fcl: P, fcode: PPL | ADM1: P'yŏngan-bukto, ADM2: , ADM3: , ADM4:  | Score: 16.78, Population: 0 | Fuzzy match: 76.92307692307692
2025-08-08 12:17:34,862 WARNING ❌ No match found with fuzzy score > 80 for city: ochang
2025-08-08 12:17:34,862 WARNING ❌ Lookup failed for city='ochang', iso2='KP'
