2025-08-08 11:53:48,548 INFO 🗺️ Starting GeoNames lookup for city='seosan', country='korea'
2025-08-08 11:53:48,548 INFO 📍 Location is present in the following articles: [ObjectId('67f920cff431fddd61d558fc'), ObjectId('67f920edf431fddd61d55963')]
2025-08-08 11:53:48,696 INFO Comparing database entry: seosan with Sŏsan returned from geonames.
2025-08-08 11:53:48,696 INFO 📄 Index 0 | Name: Sŏsan | fcl: P, fcode: PPL | ADM1: South Hwanghae, ADM2: , ADM3: , ADM4:  | Score: 28.44, Population: 0 | Fuzzy match: 72.72727272727273
2025-08-08 11:53:48,696 INFO Comparing database entry: seosan with Sŏsan returned from geonames.
2025-08-08 11:53:48,696 INFO 📄 Index 1 | Name: Sŏsan | fcl: P, fcode: PPL | ADM1: North Hwanghae, ADM2: , ADM3: , ADM4:  | Score: 26.58, Population: 0 | Fuzzy match: 72.72727272727273
2025-08-08 11:53:48,696 INFO Comparing database entry: seosan with Sŏsan 2-dong returned from geonames.
2025-08-08 11:53:48,696 INFO 📄 Index 2 | Name: Sŏsan 2-dong | fcl: A, fcode: ADM3 | ADM1: Pyongyang, ADM2: , ADM3: , ADM4:  | Score: 25.17, Population: 0 | Fuzzy match: 44.44444444444444
2025-08-08 11:53:48,696 INFO Comparing database entry: seosan with Sŏsan 1-tong returned from geonames.
2025-08-08 11:53:48,696 INFO 📄 Index 3 | Name: Sŏsan 1-tong | fcl: A, fcode: ADM3 | ADM1: Pyongyang, ADM2: , ADM3: , ADM4:  | Score: 25.17, Population: 0 | Fuzzy match: 44.44444444444444
2025-08-08 11:53:48,835 INFO Comparing database entry: seosan with Sŏsan returned from geonames.
2025-08-08 11:53:48,836 INFO 📄 Index 0 | Name: Sŏsan | fcl: P, fcode: PPL | ADM1: South Hwanghae, ADM2: , ADM3: , ADM4:  | Score: 28.44, Population: 0 | Fuzzy match: 72.72727272727273
2025-08-08 11:53:48,836 INFO Comparing database entry: seosan with Sŏsan returned from geonames.
2025-08-08 11:53:48,836 INFO 📄 Index 1 | Name: Sŏsan | fcl: P, fcode: PPL | ADM1: North Hwanghae, ADM2: , ADM3: , ADM4:  | Score: 26.58, Population: 0 | Fuzzy match: 72.72727272727273
2025-08-08 11:53:48,836 INFO Comparing database entry: seosan with Sŏsan 2-dong returned from geonames.
2025-08-08 11:53:48,836 INFO 📄 Index 2 | Name: Sŏsan 2-dong | fcl: A, fcode: ADM3 | ADM1: Pyongyang, ADM2: , ADM3: , ADM4:  | Score: 25.17, Population: 0 | Fuzzy match: 44.44444444444444
2025-08-08 11:53:48,836 INFO Comparing database entry: seosan with Sŏsan 1-tong returned from geonames.
2025-08-08 11:53:48,836 INFO 📄 Index 3 | Name: Sŏsan 1-tong | fcl: A, fcode: ADM3 | ADM1: Pyongyang, ADM2: , ADM3: , ADM4:  | Score: 25.17, Population: 0 | Fuzzy match: 44.44444444444444
2025-08-08 11:53:48,992 INFO Comparing database entry: seosan with Sŏsan returned from geonames.
2025-08-08 11:53:48,992 INFO 📄 Index 0 | Name: Sŏsan | fcl: P, fcode: PPL | ADM1: South Hwanghae, ADM2: , ADM3: , ADM4:  | Score: 28.44, Population: 0 | Fuzzy match: 72.72727272727273
2025-08-08 11:53:48,992 INFO Comparing database entry: seosan with Sŏsan returned from geonames.
2025-08-08 11:53:48,993 INFO 📄 Index 1 | Name: Sŏsan | fcl: P, fcode: PPL | ADM1: North Hwanghae, ADM2: , ADM3: , ADM4:  | Score: 26.58, Population: 0 | Fuzzy match: 72.72727272727273
2025-08-08 11:53:48,993 INFO Comparing database entry: seosan with Sŏsan 2-dong returned from geonames.
2025-08-08 11:53:48,993 INFO 📄 Index 2 | Name: Sŏsan 2-dong | fcl: A, fcode: ADM3 | ADM1: Pyongyang, ADM2: , ADM3: , ADM4:  | Score: 25.17, Population: 0 | Fuzzy match: 44.44444444444444
2025-08-08 11:53:48,993 INFO Comparing database entry: seosan with Sŏsan 1-tong returned from geonames.
2025-08-08 11:53:48,993 INFO 📄 Index 3 | Name: Sŏsan 1-tong | fcl: A, fcode: ADM3 | ADM1: Pyongyang, ADM2: , ADM3: , ADM4:  | Score: 25.17, Population: 0 | Fuzzy match: 44.44444444444444
2025-08-08 11:53:49,153 INFO Comparing database entry: seosan with Sŏsan returned from geonames.
2025-08-08 11:53:49,153 INFO 📄 Index 0 | Name: Sŏsan | fcl: P, fcode: PPL | ADM1: South Hwanghae, ADM2: , ADM3: , ADM4:  | Score: 28.44, Population: 0 | Fuzzy match: 72.72727272727273
2025-08-08 11:53:49,153 INFO Comparing database entry: seosan with Sŏsan returned from geonames.
2025-08-08 11:53:49,153 INFO 📄 Index 1 | Name: Sŏsan | fcl: P, fcode: PPL | ADM1: North Hwanghae, ADM2: , ADM3: , ADM4:  | Score: 26.58, Population: 0 | Fuzzy match: 72.72727272727273
2025-08-08 11:53:49,153 INFO Comparing database entry: seosan with Sŏsan 2-dong returned from geonames.
2025-08-08 11:53:49,153 INFO 📄 Index 2 | Name: Sŏsan 2-dong | fcl: A, fcode: ADM3 | ADM1: Pyongyang, ADM2: , ADM3: , ADM4:  | Score: 25.17, Population: 0 | Fuzzy match: 44.44444444444444
2025-08-08 11:53:49,153 INFO Comparing database entry: seosan with Sŏsan 1-tong returned from geonames.
2025-08-08 11:53:49,153 INFO 📄 Index 3 | Name: Sŏsan 1-tong | fcl: A, fcode: ADM3 | ADM1: Pyongyang, ADM2: , ADM3: , ADM4:  | Score: 25.17, Population: 0 | Fuzzy match: 44.44444444444444
2025-08-08 11:53:49,314 INFO Comparing database entry: seosan with Sŏsan returned from geonames.
2025-08-08 11:53:49,314 INFO 📄 Index 0 | Name: Sŏsan | fcl: P, fcode: PPL | ADM1: South Hwanghae, ADM2: , ADM3: , ADM4:  | Score: 28.44, Population: 0 | Fuzzy match: 72.72727272727273
2025-08-08 11:53:49,314 INFO Comparing database entry: seosan with Sŏsan returned from geonames.
2025-08-08 11:53:49,314 INFO 📄 Index 1 | Name: Sŏsan | fcl: P, fcode: PPL | ADM1: North Hwanghae, ADM2: , ADM3: , ADM4:  | Score: 26.58, Population: 0 | Fuzzy match: 72.72727272727273
2025-08-08 11:53:49,314 INFO Comparing database entry: seosan with Sŏsan 2-dong returned from geonames.
2025-08-08 11:53:49,314 INFO 📄 Index 2 | Name: Sŏsan 2-dong | fcl: A, fcode: ADM3 | ADM1: Pyongyang, ADM2: , ADM3: , ADM4:  | Score: 25.17, Population: 0 | Fuzzy match: 44.44444444444444
2025-08-08 11:53:49,315 INFO Comparing database entry: seosan with Sŏsan 1-tong returned from geonames.
2025-08-08 11:53:49,315 INFO 📄 Index 3 | Name: Sŏsan 1-tong | fcl: A, fcode: ADM3 | ADM1: Pyongyang, ADM2: , ADM3: , ADM4:  | Score: 25.17, Population: 0 | Fuzzy match: 44.44444444444444
2025-08-08 11:53:49,480 INFO Comparing database entry: seosan with Sŏsan returned from geonames.
2025-08-08 11:53:49,481 INFO 📄 Index 0 | Name: Sŏsan | fcl: P, fcode: PPL | ADM1: South Hwanghae, ADM2: , ADM3: , ADM4:  | Score: 28.44, Population: 0 | Fuzzy match: 72.72727272727273
2025-08-08 11:53:49,481 INFO Comparing database entry: seosan with Sŏsan returned from geonames.
2025-08-08 11:53:49,481 INFO 📄 Index 1 | Name: Sŏsan | fcl: P, fcode: PPL | ADM1: North Hwanghae, ADM2: , ADM3: , ADM4:  | Score: 26.58, Population: 0 | Fuzzy match: 72.72727272727273
2025-08-08 11:53:49,481 INFO Comparing database entry: seosan with Sŏsan 2-dong returned from geonames.
2025-08-08 11:53:49,481 INFO 📄 Index 2 | Name: Sŏsan 2-dong | fcl: A, fcode: ADM3 | ADM1: Pyongyang, ADM2: , ADM3: , ADM4:  | Score: 25.17, Population: 0 | Fuzzy match: 44.44444444444444
2025-08-08 11:53:49,481 INFO Comparing database entry: seosan with Sŏsan 1-tong returned from geonames.
2025-08-08 11:53:49,481 INFO 📄 Index 3 | Name: Sŏsan 1-tong | fcl: A, fcode: ADM3 | ADM1: Pyongyang, ADM2: , ADM3: , ADM4:  | Score: 25.17, Population: 0 | Fuzzy match: 44.44444444444444
2025-08-08 11:53:49,481 WARNING ❌ No match found with fuzzy score > 80 for city: seosan
2025-08-08 11:53:49,481 WARNING ❌ Lookup failed for city='seosan', iso2='KP'
