2025-08-08 11:53:49,482 INFO 🗺️ Starting GeoNames lookup for city='chungcheongbukdo', country='south korea'
2025-08-08 11:53:49,482 INFO 📍 Location is present in the following articles: [ObjectId('67f920eef431fddd61d55966')]
2025-08-08 11:53:49,673 INFO Comparing database entry: chungcheongbuk-do with North Chungcheong returned from geonames.
2025-08-08 11:53:49,673 INFO 📄 Index 0 | Name: North Chungcheong | fcl: A, fcode: ADM1 | ADM1: North Chungcheong, ADM2: , ADM3: , ADM4:  | Score: 54.23, Population: 1578934 | Fuzzy match: 70.58823529411764
2025-08-08 11:53:49,673 INFO Comparing database entry: chungcheongbuk-do with Cheongju-si returned from geonames.
2025-08-08 11:53:49,673 INFO 📄 Index 1 | Name: Cheongju-si | fcl: P, fcode: PPLA | ADM1: North Chungcheong, ADM2: Cheongju-si, ADM3: , ADM4:  | Score: 53.52, Population: 846291 | Fuzzy match: 57.14285714285714
2025-08-08 11:53:49,673 INFO Comparing database entry: chungcheongbuk-do with Chungju returned from geonames.
2025-08-08 11:53:49,673 INFO 📄 Index 2 | Name: Chungju | fcl: P, fcode: PPL | ADM1: North Chungcheong, ADM2: Chungju-si, ADM3: , ADM4:  | Score: 47.86, Population: 209483 | Fuzzy match: 50.0
2025-08-08 11:53:49,673 INFO Comparing database entry: chungcheongbuk-do with Okcheon returned from geonames.
2025-08-08 11:53:49,673 INFO 📄 Index 3 | Name: Okcheon | fcl: P, fcode: PPL | ADM1: North Chungcheong, ADM2: Okcheon-gun, ADM3: Okcheon-eup, ADM4:  | Score: 33.45, Population: 56634 | Fuzzy match: 41.666666666666664
2025-08-08 11:53:49,816 INFO Comparing database entry: chungcheongbuk-do with North Chungcheong returned from geonames.
2025-08-08 11:53:49,816 INFO 📄 Index 0 | Name: North Chungcheong | fcl: A, fcode: ADM1 | ADM1: North Chungcheong, ADM2: , ADM3: , ADM4:  | Score: 54.23, Population: 1578934 | Fuzzy match: 70.58823529411764
2025-08-08 11:53:49,816 INFO Comparing database entry: chungcheongbuk-do with Cheongju-si returned from geonames.
2025-08-08 11:53:49,816 INFO 📄 Index 1 | Name: Cheongju-si | fcl: P, fcode: PPLA | ADM1: North Chungcheong, ADM2: Cheongju-si, ADM3: , ADM4:  | Score: 53.52, Population: 846291 | Fuzzy match: 57.14285714285714
2025-08-08 11:53:49,816 INFO Comparing database entry: chungcheongbuk-do with Chungju returned from geonames.
2025-08-08 11:53:49,816 INFO 📄 Index 2 | Name: Chungju | fcl: P, fcode: PPL | ADM1: North Chungcheong, ADM2: Chungju-si, ADM3: , ADM4:  | Score: 47.86, Population: 209483 | Fuzzy match: 50.0
2025-08-08 11:53:49,816 INFO Comparing database entry: chungcheongbuk-do with Okcheon returned from geonames.
2025-08-08 11:53:49,816 INFO 📄 Index 3 | Name: Okcheon | fcl: P, fcode: PPL | ADM1: North Chungcheong, ADM2: Okcheon-gun, ADM3: Okcheon-eup, ADM4:  | Score: 33.45, Population: 56634 | Fuzzy match: 41.666666666666664
2025-08-08 11:53:49,996 INFO Comparing database entry: chungcheongbuk-do with North Chungcheong returned from geonames.
2025-08-08 11:53:49,996 INFO 📄 Index 0 | Name: North Chungcheong | fcl: A, fcode: ADM1 | ADM1: North Chungcheong, ADM2: , ADM3: , ADM4:  | Score: 54.23, Population: 1578934 | Fuzzy match: 70.58823529411764
2025-08-08 11:53:49,996 INFO Comparing database entry: chungcheongbuk-do with Cheongju-si returned from geonames.
2025-08-08 11:53:49,996 INFO 📄 Index 1 | Name: Cheongju-si | fcl: P, fcode: PPLA | ADM1: North Chungcheong, ADM2: Cheongju-si, ADM3: , ADM4:  | Score: 53.52, Population: 846291 | Fuzzy match: 57.14285714285714
2025-08-08 11:53:49,996 INFO Comparing database entry: chungcheongbuk-do with Chungju returned from geonames.
2025-08-08 11:53:49,997 INFO 📄 Index 2 | Name: Chungju | fcl: P, fcode: PPL | ADM1: North Chungcheong, ADM2: Chungju-si, ADM3: , ADM4:  | Score: 47.86, Population: 209483 | Fuzzy match: 50.0
2025-08-08 11:53:49,997 INFO Comparing database entry: chungcheongbuk-do with Okcheon returned from geonames.
2025-08-08 11:53:49,997 INFO 📄 Index 3 | Name: Okcheon | fcl: P, fcode: PPL | ADM1: North Chungcheong, ADM2: Okcheon-gun, ADM3: Okcheon-eup, ADM4:  | Score: 33.45, Population: 56634 | Fuzzy match: 41.666666666666664
2025-08-08 11:53:50,169 INFO Comparing database entry: chungcheongbuk-do with North Chungcheong returned from geonames.
2025-08-08 11:53:50,170 INFO 📄 Index 0 | Name: North Chungcheong | fcl: A, fcode: ADM1 | ADM1: North Chungcheong, ADM2: , ADM3: , ADM4:  | Score: 54.23, Population: 1578934 | Fuzzy match: 70.58823529411764
2025-08-08 11:53:50,170 INFO Comparing database entry: chungcheongbuk-do with Cheongju-si returned from geonames.
2025-08-08 11:53:50,170 INFO 📄 Index 1 | Name: Cheongju-si | fcl: P, fcode: PPLA | ADM1: North Chungcheong, ADM2: Cheongju-si, ADM3: , ADM4:  | Score: 53.52, Population: 846291 | Fuzzy match: 57.14285714285714
2025-08-08 11:53:50,170 INFO Comparing database entry: chungcheongbuk-do with Chungju returned from geonames.
2025-08-08 11:53:50,170 INFO 📄 Index 2 | Name: Chungju | fcl: P, fcode: PPL | ADM1: North Chungcheong, ADM2: Chungju-si, ADM3: , ADM4:  | Score: 47.86, Population: 209483 | Fuzzy match: 50.0
2025-08-08 11:53:50,170 INFO Comparing database entry: chungcheongbuk-do with Okcheon returned from geonames.
2025-08-08 11:53:50,170 INFO 📄 Index 3 | Name: Okcheon | fcl: P, fcode: PPL | ADM1: North Chungcheong, ADM2: Okcheon-gun, ADM3: Okcheon-eup, ADM4:  | Score: 33.45, Population: 56634 | Fuzzy match: 41.666666666666664
2025-08-08 11:53:50,335 INFO Comparing database entry: chungcheongbuk-do with North Chungcheong returned from geonames.
2025-08-08 11:53:50,336 INFO 📄 Index 0 | Name: North Chungcheong | fcl: A, fcode: ADM1 | ADM1: North Chungcheong, ADM2: , ADM3: , ADM4:  | Score: 54.23, Population: 1578934 | Fuzzy match: 70.58823529411764
2025-08-08 11:53:50,336 INFO Comparing database entry: chungcheongbuk-do with Cheongju-si returned from geonames.
2025-08-08 11:53:50,336 INFO 📄 Index 1 | Name: Cheongju-si | fcl: P, fcode: PPLA | ADM1: North Chungcheong, ADM2: Cheongju-si, ADM3: , ADM4:  | Score: 53.52, Population: 846291 | Fuzzy match: 57.14285714285714
2025-08-08 11:53:50,336 INFO Comparing database entry: chungcheongbuk-do with Chungju returned from geonames.
2025-08-08 11:53:50,336 INFO 📄 Index 2 | Name: Chungju | fcl: P, fcode: PPL | ADM1: North Chungcheong, ADM2: Chungju-si, ADM3: , ADM4:  | Score: 47.86, Population: 209483 | Fuzzy match: 50.0
2025-08-08 11:53:50,336 INFO Comparing database entry: chungcheongbuk-do with Okcheon returned from geonames.
2025-08-08 11:53:50,336 INFO 📄 Index 3 | Name: Okcheon | fcl: P, fcode: PPL | ADM1: North Chungcheong, ADM2: Okcheon-gun, ADM3: Okcheon-eup, ADM4:  | Score: 33.45, Population: 56634 | Fuzzy match: 41.666666666666664
2025-08-08 11:53:50,527 INFO Comparing database entry: chungcheongbuk-do with North Chungcheong returned from geonames.
2025-08-08 11:53:50,527 INFO 📄 Index 0 | Name: North Chungcheong | fcl: A, fcode: ADM1 | ADM1: North Chungcheong, ADM2: , ADM3: , ADM4:  | Score: 54.23, Population: 1578934 | Fuzzy match: 70.58823529411764
2025-08-08 11:53:50,527 INFO Comparing database entry: chungcheongbuk-do with Cheongju-si returned from geonames.
2025-08-08 11:53:50,527 INFO 📄 Index 1 | Name: Cheongju-si | fcl: P, fcode: PPLA | ADM1: North Chungcheong, ADM2: Cheongju-si, ADM3: , ADM4:  | Score: 53.52, Population: 846291 | Fuzzy match: 57.14285714285714
2025-08-08 11:53:50,527 INFO Comparing database entry: chungcheongbuk-do with Chungju returned from geonames.
2025-08-08 11:53:50,527 INFO 📄 Index 2 | Name: Chungju | fcl: P, fcode: PPL | ADM1: North Chungcheong, ADM2: Chungju-si, ADM3: , ADM4:  | Score: 47.86, Population: 209483 | Fuzzy match: 50.0
2025-08-08 11:53:50,527 INFO Comparing database entry: chungcheongbuk-do with Okcheon returned from geonames.
2025-08-08 11:53:50,527 INFO 📄 Index 3 | Name: Okcheon | fcl: P, fcode: PPL | ADM1: North Chungcheong, ADM2: Okcheon-gun, ADM3: Okcheon-eup, ADM4:  | Score: 33.45, Population: 56634 | Fuzzy match: 41.666666666666664
2025-08-08 11:53:50,527 WARNING ❌ No match found with fuzzy score > 80 for city: chungcheongbuk-do
2025-08-08 11:53:50,528 WARNING ❌ Lookup failed for city='chungcheongbukdo', iso2='KR'
