2025-08-08 11:38:36,198 INFO 🗺️ Starting GeoNames lookup for city='namyang', country='south korea'
2025-08-08 11:38:36,198 INFO 📍 Location is present in the following articles: [ObjectId('67f52aff981040986eab7352')]
2025-08-08 11:38:36,383 INFO Comparing database entry: namyang with Namyang-dong returned from geonames.
2025-08-08 11:38:36,383 INFO 📄 Index 0 | Name: Namyang-dong | fcl: A, fcode: ADM3 | ADM1: Gyeongsangnam-do, ADM2: Sacheon-si, ADM3: Namyang-dong, ADM4:  | Score: 27.48, Population: 0 | Fuzzy match: 73.6842105263158
2025-08-08 11:38:36,383 INFO Comparing database entry: namyang with Namyang-dong returned from geonames.
2025-08-08 11:38:36,383 INFO 📄 Index 1 | Name: Namyang-dong | fcl: A, fcode: ADM3 | ADM1: Gangwon-do, ADM2: Samcheok-si, ADM3: Namyang-dong, ADM4:  | Score: 27.48, Population: 0 | Fuzzy match: 73.6842105263158
2025-08-08 11:38:36,383 INFO Comparing database entry: namyang with Namyang-eup returned from geonames.
2025-08-08 11:38:36,383 INFO 📄 Index 2 | Name: Namyang-eup | fcl: A, fcode: ADM3 | ADM1: Gyeonggi-do, ADM2: Hwaseong-si, ADM3: Namyang-eup, ADM4:  | Score: 27.48, Population: 42691 | Fuzzy match: 77.77777777777779
2025-08-08 11:38:36,383 INFO Comparing database entry: namyang with Namyang-myeon returned from geonames.
2025-08-08 11:38:36,383 INFO 📄 Index 3 | Name: Namyang-myeon | fcl: A, fcode: ADM3 | ADM1: Chungcheongnam-do, ADM2: Cheongyang-gun, ADM3: Namyang-myeon, ADM4:  | Score: 25.09, Population: 0 | Fuzzy match: 70.0
2025-08-08 11:38:36,523 INFO Comparing database entry: namyang with Namyang-dong returned from geonames.
2025-08-08 11:38:36,524 INFO 📄 Index 0 | Name: Namyang-dong | fcl: A, fcode: ADM3 | ADM1: Gyeongsangnam-do, ADM2: Sacheon-si, ADM3: Namyang-dong, ADM4:  | Score: 27.48, Population: 0 | Fuzzy match: 73.6842105263158
2025-08-08 11:38:36,524 INFO Comparing database entry: namyang with Namyang-dong returned from geonames.
2025-08-08 11:38:36,524 INFO 📄 Index 1 | Name: Namyang-dong | fcl: A, fcode: ADM3 | ADM1: Gangwon-do, ADM2: Samcheok-si, ADM3: Namyang-dong, ADM4:  | Score: 27.48, Population: 0 | Fuzzy match: 73.6842105263158
2025-08-08 11:38:36,524 INFO Comparing database entry: namyang with Namyang-eup returned from geonames.
2025-08-08 11:38:36,524 INFO 📄 Index 2 | Name: Namyang-eup | fcl: A, fcode: ADM3 | ADM1: Gyeonggi-do, ADM2: Hwaseong-si, ADM3: Namyang-eup, ADM4:  | Score: 27.48, Population: 42691 | Fuzzy match: 77.77777777777779
2025-08-08 11:38:36,524 INFO Comparing database entry: namyang with Namyang-myeon returned from geonames.
2025-08-08 11:38:36,524 INFO 📄 Index 3 | Name: Namyang-myeon | fcl: A, fcode: ADM3 | ADM1: Chungcheongnam-do, ADM2: Cheongyang-gun, ADM3: Namyang-myeon, ADM4:  | Score: 25.09, Population: 0 | Fuzzy match: 70.0
2025-08-08 11:38:36,682 INFO Comparing database entry: namyang with Namyang-dong returned from geonames.
2025-08-08 11:38:36,682 INFO 📄 Index 0 | Name: Namyang-dong | fcl: A, fcode: ADM3 | ADM1: Gyeongsangnam-do, ADM2: Sacheon-si, ADM3: Namyang-dong, ADM4:  | Score: 27.48, Population: 0 | Fuzzy match: 73.6842105263158
2025-08-08 11:38:36,682 INFO Comparing database entry: namyang with Namyang-dong returned from geonames.
2025-08-08 11:38:36,682 INFO 📄 Index 1 | Name: Namyang-dong | fcl: A, fcode: ADM3 | ADM1: Gangwon-do, ADM2: Samcheok-si, ADM3: Namyang-dong, ADM4:  | Score: 27.48, Population: 0 | Fuzzy match: 73.6842105263158
2025-08-08 11:38:36,682 INFO Comparing database entry: namyang with Namyang-eup returned from geonames.
2025-08-08 11:38:36,682 INFO 📄 Index 2 | Name: Namyang-eup | fcl: A, fcode: ADM3 | ADM1: Gyeonggi-do, ADM2: Hwaseong-si, ADM3: Namyang-eup, ADM4:  | Score: 27.48, Population: 42691 | Fuzzy match: 77.77777777777779
2025-08-08 11:38:36,682 INFO Comparing database entry: namyang with Namyang-myeon returned from geonames.
2025-08-08 11:38:36,682 INFO 📄 Index 3 | Name: Namyang-myeon | fcl: A, fcode: ADM3 | ADM1: Chungcheongnam-do, ADM2: Cheongyang-gun, ADM3: Namyang-myeon, ADM4:  | Score: 25.09, Population: 0 | Fuzzy match: 70.0
2025-08-08 11:38:36,835 INFO Comparing database entry: namyang with Namyang-dong returned from geonames.
2025-08-08 11:38:36,836 INFO 📄 Index 0 | Name: Namyang-dong | fcl: A, fcode: ADM3 | ADM1: Gyeongsangnam-do, ADM2: Sacheon-si, ADM3: Namyang-dong, ADM4:  | Score: 27.48, Population: 0 | Fuzzy match: 73.6842105263158
2025-08-08 11:38:36,836 INFO Comparing database entry: namyang with Namyang-dong returned from geonames.
2025-08-08 11:38:36,836 INFO 📄 Index 1 | Name: Namyang-dong | fcl: A, fcode: ADM3 | ADM1: Gangwon-do, ADM2: Samcheok-si, ADM3: Namyang-dong, ADM4:  | Score: 27.48, Population: 0 | Fuzzy match: 73.6842105263158
2025-08-08 11:38:36,836 INFO Comparing database entry: namyang with Namyang-eup returned from geonames.
2025-08-08 11:38:36,836 INFO 📄 Index 2 | Name: Namyang-eup | fcl: A, fcode: ADM3 | ADM1: Gyeonggi-do, ADM2: Hwaseong-si, ADM3: Namyang-eup, ADM4:  | Score: 27.48, Population: 42691 | Fuzzy match: 77.77777777777779
2025-08-08 11:38:36,836 INFO Comparing database entry: namyang with Namyang-myeon returned from geonames.
2025-08-08 11:38:36,836 INFO 📄 Index 3 | Name: Namyang-myeon | fcl: A, fcode: ADM3 | ADM1: Chungcheongnam-do, ADM2: Cheongyang-gun, ADM3: Namyang-myeon, ADM4:  | Score: 25.09, Population: 0 | Fuzzy match: 70.0
2025-08-08 11:38:37,022 INFO Comparing database entry: namyang with Namyang-dong returned from geonames.
2025-08-08 11:38:37,023 INFO 📄 Index 0 | Name: Namyang-dong | fcl: A, fcode: ADM3 | ADM1: Gyeongsangnam-do, ADM2: Sacheon-si, ADM3: Namyang-dong, ADM4:  | Score: 27.48, Population: 0 | Fuzzy match: 73.6842105263158
2025-08-08 11:38:37,023 INFO Comparing database entry: namyang with Namyang-dong returned from geonames.
2025-08-08 11:38:37,023 INFO 📄 Index 1 | Name: Namyang-dong | fcl: A, fcode: ADM3 | ADM1: Gangwon-do, ADM2: Samcheok-si, ADM3: Namyang-dong, ADM4:  | Score: 27.48, Population: 0 | Fuzzy match: 73.6842105263158
2025-08-08 11:38:37,023 INFO Comparing database entry: namyang with Namyang-eup returned from geonames.
2025-08-08 11:38:37,023 INFO 📄 Index 2 | Name: Namyang-eup | fcl: A, fcode: ADM3 | ADM1: Gyeonggi-do, ADM2: Hwaseong-si, ADM3: Namyang-eup, ADM4:  | Score: 27.48, Population: 42691 | Fuzzy match: 77.77777777777779
2025-08-08 11:38:37,023 INFO Comparing database entry: namyang with Namyang-myeon returned from geonames.
2025-08-08 11:38:37,023 INFO 📄 Index 3 | Name: Namyang-myeon | fcl: A, fcode: ADM3 | ADM1: Chungcheongnam-do, ADM2: Cheongyang-gun, ADM3: Namyang-myeon, ADM4:  | Score: 25.09, Population: 0 | Fuzzy match: 70.0
2025-08-08 11:38:37,192 INFO Comparing database entry: namyang with Namyang-dong returned from geonames.
2025-08-08 11:38:37,192 INFO 📄 Index 0 | Name: Namyang-dong | fcl: A, fcode: ADM3 | ADM1: Gyeongsangnam-do, ADM2: Sacheon-si, ADM3: Namyang-dong, ADM4:  | Score: 27.48, Population: 0 | Fuzzy match: 73.6842105263158
2025-08-08 11:38:37,193 INFO Comparing database entry: namyang with Namyang-dong returned from geonames.
2025-08-08 11:38:37,193 INFO 📄 Index 1 | Name: Namyang-dong | fcl: A, fcode: ADM3 | ADM1: Gangwon-do, ADM2: Samcheok-si, ADM3: Namyang-dong, ADM4:  | Score: 27.48, Population: 0 | Fuzzy match: 73.6842105263158
2025-08-08 11:38:37,193 INFO Comparing database entry: namyang with Namyang-eup returned from geonames.
2025-08-08 11:38:37,193 INFO 📄 Index 2 | Name: Namyang-eup | fcl: A, fcode: ADM3 | ADM1: Gyeonggi-do, ADM2: Hwaseong-si, ADM3: Namyang-eup, ADM4:  | Score: 27.48, Population: 42691 | Fuzzy match: 77.77777777777779
2025-08-08 11:38:37,193 INFO Comparing database entry: namyang with Namyang-myeon returned from geonames.
2025-08-08 11:38:37,193 INFO 📄 Index 3 | Name: Namyang-myeon | fcl: A, fcode: ADM3 | ADM1: Chungcheongnam-do, ADM2: Cheongyang-gun, ADM3: Namyang-myeon, ADM4:  | Score: 25.09, Population: 0 | Fuzzy match: 70.0
2025-08-08 11:38:37,193 WARNING ❌ No match found with fuzzy score > 80 for city: namyang
2025-08-08 11:38:37,193 WARNING ❌ Lookup failed for city='namyang', iso2='KR'
