2025-08-22 15:20:26,064 INFO 🗺️ Starting GeoNames lookup for city='kelmė district', country='lithuania'
2025-08-22 15:20:26,064 INFO 📍 Location is present in the following articles: [ObjectId('684ebb03fb4b25699262e37a')]
2025-08-22 15:20:26,352 INFO Comparing database entry: kelmė district with Kelmė District Municipality returned from geonames.
2025-08-22 15:20:26,353 INFO 📄 Index 0 | Name: Kelmė District Municipality | fcl: A, fcode: ADM2 | ADM1: Siauliai, ADM2: Kelmė District Municipality, ADM3: , ADM4:  | Latitude: 55.63333, Longitude: 22.93333 | Score: 48.20, Population: 30303 | Fuzzy match: 68.29268292682926
2025-08-22 15:20:26,354 INFO Comparing database entry: kelmė district with Kelmė returned from geonames.
2025-08-22 15:20:26,354 INFO 📄 Index 1 | Name: Kelmė | fcl: P, fcode: PPLA2 | ADM1: Siauliai, ADM2: Kelmė District Municipality, ADM3: Kelmės sen., ADM4:  | Latitude: 55.63009, Longitude: 22.9349 | Score: 44.62, Population: 8245 | Fuzzy match: 52.63157894736843
2025-08-22 15:20:26,354 INFO Comparing database entry: kelmė district with Tytuvėnai returned from geonames.
2025-08-22 15:20:26,354 INFO 📄 Index 2 | Name: Tytuvėnai | fcl: P, fcode: PPL | ADM1: Siauliai, ADM2: Kelmė District Municipality, ADM3: Tytuvėnų sen., ADM4:  | Latitude: 55.59791, Longitude: 23.20212 | Score: 38.69, Population: 0 | Fuzzy match: 26.086956521739136
2025-08-22 15:20:26,354 INFO Comparing database entry: kelmė district with Šaukėnai returned from geonames.
2025-08-22 15:20:26,354 INFO 📄 Index 3 | Name: Šaukėnai | fcl: P, fcode: PPL | ADM1: Siauliai, ADM2: Kelmė District Municipality, ADM3: Šaukėnų sen., ADM4:  | Latitude: 55.81085, Longitude: 22.8846 | Score: 33.47, Population: 0 | Fuzzy match: 18.181818181818176
2025-08-22 15:20:26,488 INFO Comparing database entry: kelmė district with Kelmė District Municipality returned from geonames.
2025-08-22 15:20:26,489 INFO 📄 Index 0 | Name: Kelmė District Municipality | fcl: A, fcode: ADM2 | ADM1: Siauliai, ADM2: Kelmė District Municipality, ADM3: , ADM4:  | Latitude: 55.63333, Longitude: 22.93333 | Score: 48.20, Population: 30303 | Fuzzy match: 68.29268292682926
2025-08-22 15:20:26,489 INFO Comparing database entry: kelmė district with Kelmė returned from geonames.
2025-08-22 15:20:26,489 INFO 📄 Index 1 | Name: Kelmė | fcl: P, fcode: PPLA2 | ADM1: Siauliai, ADM2: Kelmė District Municipality, ADM3: Kelmės sen., ADM4:  | Latitude: 55.63009, Longitude: 22.9349 | Score: 44.62, Population: 8245 | Fuzzy match: 52.63157894736843
2025-08-22 15:20:26,489 INFO Comparing database entry: kelmė district with Tytuvėnai returned from geonames.
2025-08-22 15:20:26,489 INFO 📄 Index 2 | Name: Tytuvėnai | fcl: P, fcode: PPL | ADM1: Siauliai, ADM2: Kelmė District Municipality, ADM3: Tytuvėnų sen., ADM4:  | Latitude: 55.59791, Longitude: 23.20212 | Score: 38.69, Population: 0 | Fuzzy match: 26.086956521739136
2025-08-22 15:20:26,489 INFO Comparing database entry: kelmė district with Šaukėnai returned from geonames.
2025-08-22 15:20:26,489 INFO 📄 Index 3 | Name: Šaukėnai | fcl: P, fcode: PPL | ADM1: Siauliai, ADM2: Kelmė District Municipality, ADM3: Šaukėnų sen., ADM4:  | Latitude: 55.81085, Longitude: 22.8846 | Score: 33.47, Population: 0 | Fuzzy match: 18.181818181818176
2025-08-22 15:20:26,646 INFO Comparing database entry: kelmė district with Kelmė District Municipality returned from geonames.
2025-08-22 15:20:26,646 INFO 📄 Index 0 | Name: Kelmė District Municipality | fcl: A, fcode: ADM2 | ADM1: Siauliai, ADM2: Kelmė District Municipality, ADM3: , ADM4:  | Latitude: 55.63333, Longitude: 22.93333 | Score: 48.20, Population: 30303 | Fuzzy match: 68.29268292682926
2025-08-22 15:20:26,646 INFO Comparing database entry: kelmė district with Kelmė returned from geonames.
2025-08-22 15:20:26,646 INFO 📄 Index 1 | Name: Kelmė | fcl: P, fcode: PPLA2 | ADM1: Siauliai, ADM2: Kelmė District Municipality, ADM3: Kelmės sen., ADM4:  | Latitude: 55.63009, Longitude: 22.9349 | Score: 44.62, Population: 8245 | Fuzzy match: 52.63157894736843
2025-08-22 15:20:26,646 INFO Comparing database entry: kelmė district with Tytuvėnai returned from geonames.
2025-08-22 15:20:26,646 INFO 📄 Index 2 | Name: Tytuvėnai | fcl: P, fcode: PPL | ADM1: Siauliai, ADM2: Kelmė District Municipality, ADM3: Tytuvėnų sen., ADM4:  | Latitude: 55.59791, Longitude: 23.20212 | Score: 38.69, Population: 0 | Fuzzy match: 26.086956521739136
2025-08-22 15:20:26,646 INFO Comparing database entry: kelmė district with Šaukėnai returned from geonames.
2025-08-22 15:20:26,646 INFO 📄 Index 3 | Name: Šaukėnai | fcl: P, fcode: PPL | ADM1: Siauliai, ADM2: Kelmė District Municipality, ADM3: Šaukėnų sen., ADM4:  | Latitude: 55.81085, Longitude: 22.8846 | Score: 33.47, Population: 0 | Fuzzy match: 18.181818181818176
2025-08-22 15:20:26,813 INFO Comparing database entry: kelmė district with Kelmė District Municipality returned from geonames.
2025-08-22 15:20:26,813 INFO 📄 Index 0 | Name: Kelmė District Municipality | fcl: A, fcode: ADM2 | ADM1: Siauliai, ADM2: Kelmė District Municipality, ADM3: , ADM4:  | Latitude: 55.63333, Longitude: 22.93333 | Score: 48.20, Population: 30303 | Fuzzy match: 68.29268292682926
2025-08-22 15:20:26,813 INFO Comparing database entry: kelmė district with Kelmė returned from geonames.
2025-08-22 15:20:26,813 INFO 📄 Index 1 | Name: Kelmė | fcl: P, fcode: PPLA2 | ADM1: Siauliai, ADM2: Kelmė District Municipality, ADM3: Kelmės sen., ADM4:  | Latitude: 55.63009, Longitude: 22.9349 | Score: 44.62, Population: 8245 | Fuzzy match: 52.63157894736843
2025-08-22 15:20:26,813 INFO Comparing database entry: kelmė district with Tytuvėnai returned from geonames.
2025-08-22 15:20:26,813 INFO 📄 Index 2 | Name: Tytuvėnai | fcl: P, fcode: PPL | ADM1: Siauliai, ADM2: Kelmė District Municipality, ADM3: Tytuvėnų sen., ADM4:  | Latitude: 55.59791, Longitude: 23.20212 | Score: 38.69, Population: 0 | Fuzzy match: 26.086956521739136
2025-08-22 15:20:26,813 INFO Comparing database entry: kelmė district with Šaukėnai returned from geonames.
2025-08-22 15:20:26,813 INFO 📄 Index 3 | Name: Šaukėnai | fcl: P, fcode: PPL | ADM1: Siauliai, ADM2: Kelmė District Municipality, ADM3: Šaukėnų sen., ADM4:  | Latitude: 55.81085, Longitude: 22.8846 | Score: 33.47, Population: 0 | Fuzzy match: 18.181818181818176
2025-08-22 15:20:26,982 INFO Comparing database entry: kelmė district with Kelmė District Municipality returned from geonames.
2025-08-22 15:20:26,982 INFO 📄 Index 0 | Name: Kelmė District Municipality | fcl: A, fcode: ADM2 | ADM1: Siauliai, ADM2: Kelmė District Municipality, ADM3: , ADM4:  | Latitude: 55.63333, Longitude: 22.93333 | Score: 48.20, Population: 30303 | Fuzzy match: 68.29268292682926
2025-08-22 15:20:26,982 INFO Comparing database entry: kelmė district with Kelmė returned from geonames.
2025-08-22 15:20:26,982 INFO 📄 Index 1 | Name: Kelmė | fcl: P, fcode: PPLA2 | ADM1: Siauliai, ADM2: Kelmė District Municipality, ADM3: Kelmės sen., ADM4:  | Latitude: 55.63009, Longitude: 22.9349 | Score: 44.62, Population: 8245 | Fuzzy match: 52.63157894736843
2025-08-22 15:20:26,982 INFO Comparing database entry: kelmė district with Tytuvėnai returned from geonames.
2025-08-22 15:20:26,982 INFO 📄 Index 2 | Name: Tytuvėnai | fcl: P, fcode: PPL | ADM1: Siauliai, ADM2: Kelmė District Municipality, ADM3: Tytuvėnų sen., ADM4:  | Latitude: 55.59791, Longitude: 23.20212 | Score: 38.69, Population: 0 | Fuzzy match: 26.086956521739136
2025-08-22 15:20:26,982 INFO Comparing database entry: kelmė district with Šaukėnai returned from geonames.
2025-08-22 15:20:26,982 INFO 📄 Index 3 | Name: Šaukėnai | fcl: P, fcode: PPL | ADM1: Siauliai, ADM2: Kelmė District Municipality, ADM3: Šaukėnų sen., ADM4:  | Latitude: 55.81085, Longitude: 22.8846 | Score: 33.47, Population: 0 | Fuzzy match: 18.181818181818176
2025-08-22 15:20:27,135 INFO Comparing database entry: kelmė district with Kelmė District Municipality returned from geonames.
2025-08-22 15:20:27,135 INFO 📄 Index 0 | Name: Kelmė District Municipality | fcl: A, fcode: ADM2 | ADM1: Siauliai, ADM2: Kelmė District Municipality, ADM3: , ADM4:  | Latitude: 55.63333, Longitude: 22.93333 | Score: 48.20, Population: 30303 | Fuzzy match: 68.29268292682926
2025-08-22 15:20:27,135 INFO Comparing database entry: kelmė district with Kelmė returned from geonames.
2025-08-22 15:20:27,135 INFO 📄 Index 1 | Name: Kelmė | fcl: P, fcode: PPLA2 | ADM1: Siauliai, ADM2: Kelmė District Municipality, ADM3: Kelmės sen., ADM4:  | Latitude: 55.63009, Longitude: 22.9349 | Score: 44.62, Population: 8245 | Fuzzy match: 52.63157894736843
2025-08-22 15:20:27,135 INFO Comparing database entry: kelmė district with Tytuvėnai returned from geonames.
2025-08-22 15:20:27,136 INFO 📄 Index 2 | Name: Tytuvėnai | fcl: P, fcode: PPL | ADM1: Siauliai, ADM2: Kelmė District Municipality, ADM3: Tytuvėnų sen., ADM4:  | Latitude: 55.59791, Longitude: 23.20212 | Score: 38.69, Population: 0 | Fuzzy match: 26.086956521739136
2025-08-22 15:20:27,136 INFO Comparing database entry: kelmė district with Šaukėnai returned from geonames.
2025-08-22 15:20:27,136 INFO 📄 Index 3 | Name: Šaukėnai | fcl: P, fcode: PPL | ADM1: Siauliai, ADM2: Kelmė District Municipality, ADM3: Šaukėnų sen., ADM4:  | Latitude: 55.81085, Longitude: 22.8846 | Score: 33.47, Population: 0 | Fuzzy match: 18.181818181818176
2025-08-22 15:20:27,136 WARNING ❌ No match found with fuzzy score > 80 for city: kelmė district
2025-08-22 15:20:27,136 WARNING ❌ Lookup failed for city='kelmė_district', iso2='LT'
