2025-08-08 12:17:35,805 INFO 🗺️ Starting GeoNames lookup for city='nueva_leon', country='mexico'
2025-08-08 12:17:35,805 INFO 📍 Location is present in the following articles: [ObjectId('67f922c3f431fddd61d55f7b')]
2025-08-08 12:17:35,965 INFO Comparing database entry: nueva leon with Presa Nueva returned from geonames.
2025-08-08 12:17:35,966 INFO 📄 Index 0 | Name: Presa Nueva | fcl: P, fcode: PPL | ADM1: Nuevo León, ADM2: China, ADM3: , ADM4:  | Score: 19.03, Population: 0 | Fuzzy match: 47.61904761904761
2025-08-08 12:17:35,966 INFO Comparing database entry: nueva leon with Cerritos Nueva España returned from geonames.
2025-08-08 12:17:35,966 INFO 📄 Index 1 | Name: Cerritos Nueva España | fcl: P, fcode: PPL | ADM1: Nuevo León, ADM2: Galeana Municipality, ADM3: , ADM4:  | Score: 18.84, Population: 0 | Fuzzy match: 51.61290322580645
2025-08-08 12:17:35,966 INFO Comparing database entry: nueva leon with La Nueva Betania returned from geonames.
2025-08-08 12:17:35,966 INFO 📄 Index 2 | Name: La Nueva Betania | fcl: P, fcode: PPL | ADM1: Nuevo León, ADM2: Galeana Municipality, ADM3: , ADM4:  | Score: 18.63, Population: 0 | Fuzzy match: 61.53846153846154
2025-08-08 12:17:35,966 INFO Comparing database entry: nueva leon with Noria Nueva returned from geonames.
2025-08-08 12:17:35,966 INFO 📄 Index 3 | Name: Noria Nueva | fcl: P, fcode: PPL | ADM1: Nuevo León, ADM2: , ADM3: , ADM4:  | Score: 18.63, Population: 0 | Fuzzy match: 66.66666666666667
2025-08-08 12:17:36,111 INFO Comparing database entry: nueva leon with Presa Nueva returned from geonames.
2025-08-08 12:17:36,111 INFO 📄 Index 0 | Name: Presa Nueva | fcl: P, fcode: PPL | ADM1: Nuevo León, ADM2: China, ADM3: , ADM4:  | Score: 19.03, Population: 0 | Fuzzy match: 47.61904761904761
2025-08-08 12:17:36,111 INFO Comparing database entry: nueva leon with Cerritos Nueva España returned from geonames.
2025-08-08 12:17:36,111 INFO 📄 Index 1 | Name: Cerritos Nueva España | fcl: P, fcode: PPL | ADM1: Nuevo León, ADM2: Galeana Municipality, ADM3: , ADM4:  | Score: 18.84, Population: 0 | Fuzzy match: 51.61290322580645
2025-08-08 12:17:36,112 INFO Comparing database entry: nueva leon with La Nueva Betania returned from geonames.
2025-08-08 12:17:36,112 INFO 📄 Index 2 | Name: La Nueva Betania | fcl: P, fcode: PPL | ADM1: Nuevo León, ADM2: Galeana Municipality, ADM3: , ADM4:  | Score: 18.63, Population: 0 | Fuzzy match: 61.53846153846154
2025-08-08 12:17:36,112 INFO Comparing database entry: nueva leon with Noria Nueva returned from geonames.
2025-08-08 12:17:36,112 INFO 📄 Index 3 | Name: Noria Nueva | fcl: P, fcode: PPL | ADM1: Nuevo León, ADM2: , ADM3: , ADM4:  | Score: 18.63, Population: 0 | Fuzzy match: 66.66666666666667
2025-08-08 12:17:36,268 INFO Comparing database entry: nueva leon with Presa Nueva returned from geonames.
2025-08-08 12:17:36,268 INFO 📄 Index 0 | Name: Presa Nueva | fcl: P, fcode: PPL | ADM1: Nuevo León, ADM2: China, ADM3: , ADM4:  | Score: 19.03, Population: 0 | Fuzzy match: 47.61904761904761
2025-08-08 12:17:36,268 INFO Comparing database entry: nueva leon with Cerritos Nueva España returned from geonames.
2025-08-08 12:17:36,268 INFO 📄 Index 1 | Name: Cerritos Nueva España | fcl: P, fcode: PPL | ADM1: Nuevo León, ADM2: Galeana Municipality, ADM3: , ADM4:  | Score: 18.84, Population: 0 | Fuzzy match: 51.61290322580645
2025-08-08 12:17:36,269 INFO Comparing database entry: nueva leon with La Nueva Betania returned from geonames.
2025-08-08 12:17:36,269 INFO 📄 Index 2 | Name: La Nueva Betania | fcl: P, fcode: PPL | ADM1: Nuevo León, ADM2: Galeana Municipality, ADM3: , ADM4:  | Score: 18.63, Population: 0 | Fuzzy match: 61.53846153846154
2025-08-08 12:17:36,269 INFO Comparing database entry: nueva leon with Noria Nueva returned from geonames.
2025-08-08 12:17:36,269 INFO 📄 Index 3 | Name: Noria Nueva | fcl: P, fcode: PPL | ADM1: Nuevo León, ADM2: , ADM3: , ADM4:  | Score: 18.63, Population: 0 | Fuzzy match: 66.66666666666667
2025-08-08 12:17:36,424 INFO Comparing database entry: nueva leon with Presa Nueva returned from geonames.
2025-08-08 12:17:36,424 INFO 📄 Index 0 | Name: Presa Nueva | fcl: P, fcode: PPL | ADM1: Nuevo León, ADM2: China, ADM3: , ADM4:  | Score: 19.03, Population: 0 | Fuzzy match: 47.61904761904761
2025-08-08 12:17:36,424 INFO Comparing database entry: nueva leon with Cerritos Nueva España returned from geonames.
2025-08-08 12:17:36,424 INFO 📄 Index 1 | Name: Cerritos Nueva España | fcl: P, fcode: PPL | ADM1: Nuevo León, ADM2: Galeana Municipality, ADM3: , ADM4:  | Score: 18.84, Population: 0 | Fuzzy match: 51.61290322580645
2025-08-08 12:17:36,424 INFO Comparing database entry: nueva leon with La Nueva Betania returned from geonames.
2025-08-08 12:17:36,424 INFO 📄 Index 2 | Name: La Nueva Betania | fcl: P, fcode: PPL | ADM1: Nuevo León, ADM2: Galeana Municipality, ADM3: , ADM4:  | Score: 18.63, Population: 0 | Fuzzy match: 61.53846153846154
2025-08-08 12:17:36,424 INFO Comparing database entry: nueva leon with Noria Nueva returned from geonames.
2025-08-08 12:17:36,424 INFO 📄 Index 3 | Name: Noria Nueva | fcl: P, fcode: PPL | ADM1: Nuevo León, ADM2: , ADM3: , ADM4:  | Score: 18.63, Population: 0 | Fuzzy match: 66.66666666666667
2025-08-08 12:17:36,579 INFO Comparing database entry: nueva leon with Presa Nueva returned from geonames.
2025-08-08 12:17:36,579 INFO 📄 Index 0 | Name: Presa Nueva | fcl: P, fcode: PPL | ADM1: Nuevo León, ADM2: China, ADM3: , ADM4:  | Score: 19.03, Population: 0 | Fuzzy match: 47.61904761904761
2025-08-08 12:17:36,579 INFO Comparing database entry: nueva leon with Cerritos Nueva España returned from geonames.
2025-08-08 12:17:36,579 INFO 📄 Index 1 | Name: Cerritos Nueva España | fcl: P, fcode: PPL | ADM1: Nuevo León, ADM2: Galeana Municipality, ADM3: , ADM4:  | Score: 18.84, Population: 0 | Fuzzy match: 51.61290322580645
2025-08-08 12:17:36,579 INFO Comparing database entry: nueva leon with La Nueva Betania returned from geonames.
2025-08-08 12:17:36,580 INFO 📄 Index 2 | Name: La Nueva Betania | fcl: P, fcode: PPL | ADM1: Nuevo León, ADM2: Galeana Municipality, ADM3: , ADM4:  | Score: 18.63, Population: 0 | Fuzzy match: 61.53846153846154
2025-08-08 12:17:36,580 INFO Comparing database entry: nueva leon with Noria Nueva returned from geonames.
2025-08-08 12:17:36,580 INFO 📄 Index 3 | Name: Noria Nueva | fcl: P, fcode: PPL | ADM1: Nuevo León, ADM2: , ADM3: , ADM4:  | Score: 18.63, Population: 0 | Fuzzy match: 66.66666666666667
2025-08-08 12:17:36,741 INFO Comparing database entry: nueva leon with Presa Nueva returned from geonames.
2025-08-08 12:17:36,741 INFO 📄 Index 0 | Name: Presa Nueva | fcl: P, fcode: PPL | ADM1: Nuevo León, ADM2: China, ADM3: , ADM4:  | Score: 19.03, Population: 0 | Fuzzy match: 47.61904761904761
2025-08-08 12:17:36,741 INFO Comparing database entry: nueva leon with Cerritos Nueva España returned from geonames.
2025-08-08 12:17:36,741 INFO 📄 Index 1 | Name: Cerritos Nueva España | fcl: P, fcode: PPL | ADM1: Nuevo León, ADM2: Galeana Municipality, ADM3: , ADM4:  | Score: 18.84, Population: 0 | Fuzzy match: 51.61290322580645
2025-08-08 12:17:36,741 INFO Comparing database entry: nueva leon with La Nueva Betania returned from geonames.
2025-08-08 12:17:36,741 INFO 📄 Index 2 | Name: La Nueva Betania | fcl: P, fcode: PPL | ADM1: Nuevo León, ADM2: Galeana Municipality, ADM3: , ADM4:  | Score: 18.63, Population: 0 | Fuzzy match: 61.53846153846154
2025-08-08 12:17:36,741 INFO Comparing database entry: nueva leon with Noria Nueva returned from geonames.
2025-08-08 12:17:36,741 INFO 📄 Index 3 | Name: Noria Nueva | fcl: P, fcode: PPL | ADM1: Nuevo León, ADM2: , ADM3: , ADM4:  | Score: 18.63, Population: 0 | Fuzzy match: 66.66666666666667
2025-08-08 12:17:36,741 WARNING ❌ No match found with fuzzy score > 80 for city: nueva leon
2025-08-08 12:17:36,742 WARNING ❌ Lookup failed for city='nueva_leon', iso2='MX'
