2025-08-22 15:20:27,343 INFO 🗺️ Starting GeoNames lookup for city='almere', country='netherlands'
2025-08-22 15:20:27,344 INFO 📍 Location is present in the following articles: [ObjectId('67fa7bf1eaa4fb525afeb577'), ObjectId('67fa7d0eeaa4fb525afeba1b'), ObjectId('67fa7eb6eaa4fb525afec0fa')]
2025-08-22 15:20:27,479 INFO Comparing database entry: almere with Almere Stad returned from geonames.
2025-08-22 15:20:27,479 INFO 📄 Index 0 | Name: Almere Stad | fcl: P, fcode: PPL | ADM1: Flevoland, ADM2: Gemeente Almere, ADM3: , ADM4:  | Latitude: 52.37025, Longitude: 5.21413 | Score: 167.65, Population: 176432 | Fuzzy match: 70.58823529411764
2025-08-22 15:20:27,479 INFO Comparing database entry: almere with Gemeente Almere returned from geonames.
2025-08-22 15:20:27,479 INFO 📄 Index 1 | Name: Gemeente Almere | fcl: A, fcode: ADM2 | ADM1: Flevoland, ADM2: Gemeente Almere, ADM3: , ADM4:  | Latitude: 52.36861, Longitude: 5.2375 | Score: 52.97, Population: 214715 | Fuzzy match: 57.14285714285714
2025-08-22 15:20:27,479 INFO Comparing database entry: almere with Almere Haven returned from geonames.
2025-08-22 15:20:27,479 INFO 📄 Index 2 | Name: Almere Haven | fcl: P, fcode: PPL | ADM1: Flevoland, ADM2: Gemeente Almere, ADM3: , ADM4:  | Latitude: 52.33576, Longitude: 5.21919 | Score: 38.55, Population: 0 | Fuzzy match: 66.66666666666667
2025-08-22 15:20:27,479 INFO Comparing database entry: almere with Almere Buiten returned from geonames.
2025-08-22 15:20:27,479 INFO 📄 Index 3 | Name: Almere Buiten | fcl: P, fcode: PPL | ADM1: Flevoland, ADM2: Gemeente Almere, ADM3: , ADM4:  | Latitude: 52.395, Longitude: 5.27639 | Score: 34.21, Population: 0 | Fuzzy match: 63.1578947368421
2025-08-22 15:20:27,612 INFO Comparing database entry: almere with Almere Stad returned from geonames.
2025-08-22 15:20:27,612 INFO 📄 Index 0 | Name: Almere Stad | fcl: P, fcode: PPL | ADM1: Flevoland, ADM2: Gemeente Almere, ADM3: , ADM4:  | Latitude: 52.37025, Longitude: 5.21413 | Score: 167.65, Population: 176432 | Fuzzy match: 70.58823529411764
2025-08-22 15:20:27,612 INFO Comparing database entry: almere with Gemeente Almere returned from geonames.
2025-08-22 15:20:27,612 INFO 📄 Index 1 | Name: Gemeente Almere | fcl: A, fcode: ADM2 | ADM1: Flevoland, ADM2: Gemeente Almere, ADM3: , ADM4:  | Latitude: 52.36861, Longitude: 5.2375 | Score: 52.97, Population: 214715 | Fuzzy match: 57.14285714285714
2025-08-22 15:20:27,612 INFO Comparing database entry: almere with Almere Haven returned from geonames.
2025-08-22 15:20:27,612 INFO 📄 Index 2 | Name: Almere Haven | fcl: P, fcode: PPL | ADM1: Flevoland, ADM2: Gemeente Almere, ADM3: , ADM4:  | Latitude: 52.33576, Longitude: 5.21919 | Score: 38.55, Population: 0 | Fuzzy match: 66.66666666666667
2025-08-22 15:20:27,612 INFO Comparing database entry: almere with Almere Buiten returned from geonames.
2025-08-22 15:20:27,612 INFO 📄 Index 3 | Name: Almere Buiten | fcl: P, fcode: PPL | ADM1: Flevoland, ADM2: Gemeente Almere, ADM3: , ADM4:  | Latitude: 52.395, Longitude: 5.27639 | Score: 34.21, Population: 0 | Fuzzy match: 63.1578947368421
2025-08-22 15:20:27,749 INFO Comparing database entry: almere with Almere Stad returned from geonames.
2025-08-22 15:20:27,749 INFO 📄 Index 0 | Name: Almere Stad | fcl: P, fcode: PPL | ADM1: Flevoland, ADM2: Gemeente Almere, ADM3: , ADM4:  | Latitude: 52.37025, Longitude: 5.21413 | Score: 167.65, Population: 176432 | Fuzzy match: 70.58823529411764
2025-08-22 15:20:27,749 INFO Comparing database entry: almere with Gemeente Almere returned from geonames.
2025-08-22 15:20:27,749 INFO 📄 Index 1 | Name: Gemeente Almere | fcl: A, fcode: ADM2 | ADM1: Flevoland, ADM2: Gemeente Almere, ADM3: , ADM4:  | Latitude: 52.36861, Longitude: 5.2375 | Score: 52.97, Population: 214715 | Fuzzy match: 57.14285714285714
2025-08-22 15:20:27,749 INFO Comparing database entry: almere with Almere Haven returned from geonames.
2025-08-22 15:20:27,749 INFO 📄 Index 2 | Name: Almere Haven | fcl: P, fcode: PPL | ADM1: Flevoland, ADM2: Gemeente Almere, ADM3: , ADM4:  | Latitude: 52.33576, Longitude: 5.21919 | Score: 38.55, Population: 0 | Fuzzy match: 66.66666666666667
2025-08-22 15:20:27,749 INFO Comparing database entry: almere with Almere Buiten returned from geonames.
2025-08-22 15:20:27,749 INFO 📄 Index 3 | Name: Almere Buiten | fcl: P, fcode: PPL | ADM1: Flevoland, ADM2: Gemeente Almere, ADM3: , ADM4:  | Latitude: 52.395, Longitude: 5.27639 | Score: 34.21, Population: 0 | Fuzzy match: 63.1578947368421
2025-08-22 15:20:27,917 INFO Comparing database entry: almere with Almere Stad returned from geonames.
2025-08-22 15:20:27,918 INFO 📄 Index 0 | Name: Almere Stad | fcl: P, fcode: PPL | ADM1: Flevoland, ADM2: Gemeente Almere, ADM3: , ADM4:  | Latitude: 52.37025, Longitude: 5.21413 | Score: 167.65, Population: 176432 | Fuzzy match: 70.58823529411764
2025-08-22 15:20:27,918 INFO Comparing database entry: almere with Gemeente Almere returned from geonames.
2025-08-22 15:20:27,918 INFO 📄 Index 1 | Name: Gemeente Almere | fcl: A, fcode: ADM2 | ADM1: Flevoland, ADM2: Gemeente Almere, ADM3: , ADM4:  | Latitude: 52.36861, Longitude: 5.2375 | Score: 52.97, Population: 214715 | Fuzzy match: 57.14285714285714
2025-08-22 15:20:27,918 INFO Comparing database entry: almere with Almere Haven returned from geonames.
2025-08-22 15:20:27,918 INFO 📄 Index 2 | Name: Almere Haven | fcl: P, fcode: PPL | ADM1: Flevoland, ADM2: Gemeente Almere, ADM3: , ADM4:  | Latitude: 52.33576, Longitude: 5.21919 | Score: 38.55, Population: 0 | Fuzzy match: 66.66666666666667
2025-08-22 15:20:27,918 INFO Comparing database entry: almere with Almere Buiten returned from geonames.
2025-08-22 15:20:27,918 INFO 📄 Index 3 | Name: Almere Buiten | fcl: P, fcode: PPL | ADM1: Flevoland, ADM2: Gemeente Almere, ADM3: , ADM4:  | Latitude: 52.395, Longitude: 5.27639 | Score: 34.21, Population: 0 | Fuzzy match: 63.1578947368421
2025-08-22 15:20:28,079 INFO Comparing database entry: almere with Almere Stad returned from geonames.
2025-08-22 15:20:28,080 INFO 📄 Index 0 | Name: Almere Stad | fcl: P, fcode: PPL | ADM1: Flevoland, ADM2: Gemeente Almere, ADM3: , ADM4:  | Latitude: 52.37025, Longitude: 5.21413 | Score: 167.65, Population: 176432 | Fuzzy match: 70.58823529411764
2025-08-22 15:20:28,080 INFO Comparing database entry: almere with Gemeente Almere returned from geonames.
2025-08-22 15:20:28,080 INFO 📄 Index 1 | Name: Gemeente Almere | fcl: A, fcode: ADM2 | ADM1: Flevoland, ADM2: Gemeente Almere, ADM3: , ADM4:  | Latitude: 52.36861, Longitude: 5.2375 | Score: 52.97, Population: 214715 | Fuzzy match: 57.14285714285714
2025-08-22 15:20:28,080 INFO Comparing database entry: almere with Almere Haven returned from geonames.
2025-08-22 15:20:28,080 INFO 📄 Index 2 | Name: Almere Haven | fcl: P, fcode: PPL | ADM1: Flevoland, ADM2: Gemeente Almere, ADM3: , ADM4:  | Latitude: 52.33576, Longitude: 5.21919 | Score: 38.55, Population: 0 | Fuzzy match: 66.66666666666667
2025-08-22 15:20:28,080 INFO Comparing database entry: almere with Almere Buiten returned from geonames.
2025-08-22 15:20:28,080 INFO 📄 Index 3 | Name: Almere Buiten | fcl: P, fcode: PPL | ADM1: Flevoland, ADM2: Gemeente Almere, ADM3: , ADM4:  | Latitude: 52.395, Longitude: 5.27639 | Score: 34.21, Population: 0 | Fuzzy match: 63.1578947368421
2025-08-22 15:20:28,226 INFO Comparing database entry: almere with Almere Stad returned from geonames.
2025-08-22 15:20:28,226 INFO 📄 Index 0 | Name: Almere Stad | fcl: P, fcode: PPL | ADM1: Flevoland, ADM2: Gemeente Almere, ADM3: , ADM4:  | Latitude: 52.37025, Longitude: 5.21413 | Score: 167.65, Population: 176432 | Fuzzy match: 70.58823529411764
2025-08-22 15:20:28,226 INFO Comparing database entry: almere with Gemeente Almere returned from geonames.
2025-08-22 15:20:28,226 INFO 📄 Index 1 | Name: Gemeente Almere | fcl: A, fcode: ADM2 | ADM1: Flevoland, ADM2: Gemeente Almere, ADM3: , ADM4:  | Latitude: 52.36861, Longitude: 5.2375 | Score: 52.97, Population: 214715 | Fuzzy match: 57.14285714285714
2025-08-22 15:20:28,226 INFO Comparing database entry: almere with Almere Haven returned from geonames.
2025-08-22 15:20:28,227 INFO 📄 Index 2 | Name: Almere Haven | fcl: P, fcode: PPL | ADM1: Flevoland, ADM2: Gemeente Almere, ADM3: , ADM4:  | Latitude: 52.33576, Longitude: 5.21919 | Score: 38.55, Population: 0 | Fuzzy match: 66.66666666666667
2025-08-22 15:20:28,227 INFO Comparing database entry: almere with Almere Buiten returned from geonames.
2025-08-22 15:20:28,227 INFO 📄 Index 3 | Name: Almere Buiten | fcl: P, fcode: PPL | ADM1: Flevoland, ADM2: Gemeente Almere, ADM3: , ADM4:  | Latitude: 52.395, Longitude: 5.27639 | Score: 34.21, Population: 0 | Fuzzy match: 63.1578947368421
2025-08-22 15:20:28,227 WARNING ❌ No match found with fuzzy score > 80 for city: almere
2025-08-22 15:20:28,227 WARNING ❌ Lookup failed for city='almere', iso2='NL'
