2025-08-24 16:19:05,152 INFO 🗺️ Starting GeoNames lookup for city='drenthe', country='netherlands'
2025-08-24 16:19:05,152 INFO 📍 Location is present in the following articles: [ObjectId('67fa7cc2eaa4fb525afeb8e3')]
2025-08-24 16:19:05,304 INFO Comparing database entry: drenthe with Assen returned from geonames.
2025-08-24 16:19:05,305 INFO 📄 Index 0 | Name: Assen | fcl: P, fcode: PPLA | ADM1: Drenthe, ADM2: Assen Municipality, ADM3: , ADM4:  | Latitude: 52.99667, Longitude: 6.5625 | Score: 131.64, Population: 62237 | Fuzzy match: 33.333333333333336
2025-08-24 16:19:05,305 INFO Comparing database entry: drenthe with Meppel returned from geonames.
2025-08-24 16:19:05,305 INFO 📄 Index 1 | Name: Meppel | fcl: P, fcode: PPL | ADM1: Drenthe, ADM2: Meppel Municipality, ADM3: , ADM4:  | Latitude: 52.69583, Longitude: 6.19444 | Score: 106.92, Population: 30697 | Fuzzy match: 30.76923076923077
2025-08-24 16:19:05,305 INFO Comparing database entry: drenthe with Hoogeveen returned from geonames.
2025-08-24 16:19:05,305 INFO 📄 Index 2 | Name: Hoogeveen | fcl: P, fcode: PPL | ADM1: Drenthe, ADM2: Gemeente Hoogeveen, ADM3: , ADM4:  | Latitude: 52.7225, Longitude: 6.47639 | Score: 106.92, Population: 38754 | Fuzzy match: 25.0
2025-08-24 16:19:05,305 INFO Comparing database entry: drenthe with Emmen returned from geonames.
2025-08-24 16:19:05,305 INFO 📄 Index 3 | Name: Emmen | fcl: P, fcode: PPL | ADM1: Drenthe, ADM2: Gemeente Emmen, ADM3: , ADM4:  | Latitude: 52.77917, Longitude: 6.90694 | Score: 106.92, Population: 57010 | Fuzzy match: 33.333333333333336
2025-08-24 16:19:05,451 INFO Comparing database entry: drenthe with Assen returned from geonames.
2025-08-24 16:19:05,452 INFO 📄 Index 0 | Name: Assen | fcl: P, fcode: PPLA | ADM1: Drenthe, ADM2: Assen Municipality, ADM3: , ADM4:  | Latitude: 52.99667, Longitude: 6.5625 | Score: 131.64, Population: 62237 | Fuzzy match: 33.333333333333336
2025-08-24 16:19:05,452 INFO Comparing database entry: drenthe with Meppel returned from geonames.
2025-08-24 16:19:05,452 INFO 📄 Index 1 | Name: Meppel | fcl: P, fcode: PPL | ADM1: Drenthe, ADM2: Meppel Municipality, ADM3: , ADM4:  | Latitude: 52.69583, Longitude: 6.19444 | Score: 106.92, Population: 30697 | Fuzzy match: 30.76923076923077
2025-08-24 16:19:05,452 INFO Comparing database entry: drenthe with Hoogeveen returned from geonames.
2025-08-24 16:19:05,452 INFO 📄 Index 2 | Name: Hoogeveen | fcl: P, fcode: PPL | ADM1: Drenthe, ADM2: Gemeente Hoogeveen, ADM3: , ADM4:  | Latitude: 52.7225, Longitude: 6.47639 | Score: 106.92, Population: 38754 | Fuzzy match: 25.0
2025-08-24 16:19:05,452 INFO Comparing database entry: drenthe with Emmen returned from geonames.
2025-08-24 16:19:05,452 INFO 📄 Index 3 | Name: Emmen | fcl: P, fcode: PPL | ADM1: Drenthe, ADM2: Gemeente Emmen, ADM3: , ADM4:  | Latitude: 52.77917, Longitude: 6.90694 | Score: 106.92, Population: 57010 | Fuzzy match: 33.333333333333336
2025-08-24 16:19:05,656 INFO Comparing database entry: drenthe with Assen returned from geonames.
2025-08-24 16:19:05,656 INFO 📄 Index 0 | Name: Assen | fcl: P, fcode: PPLA | ADM1: Drenthe, ADM2: Assen Municipality, ADM3: , ADM4:  | Latitude: 52.99667, Longitude: 6.5625 | Score: 131.64, Population: 62237 | Fuzzy match: 33.333333333333336
2025-08-24 16:19:05,656 INFO Comparing database entry: drenthe with Meppel returned from geonames.
2025-08-24 16:19:05,656 INFO 📄 Index 1 | Name: Meppel | fcl: P, fcode: PPL | ADM1: Drenthe, ADM2: Meppel Municipality, ADM3: , ADM4:  | Latitude: 52.69583, Longitude: 6.19444 | Score: 106.92, Population: 30697 | Fuzzy match: 30.76923076923077
2025-08-24 16:19:05,656 INFO Comparing database entry: drenthe with Hoogeveen returned from geonames.
2025-08-24 16:19:05,656 INFO 📄 Index 2 | Name: Hoogeveen | fcl: P, fcode: PPL | ADM1: Drenthe, ADM2: Gemeente Hoogeveen, ADM3: , ADM4:  | Latitude: 52.7225, Longitude: 6.47639 | Score: 106.92, Population: 38754 | Fuzzy match: 25.0
2025-08-24 16:19:05,656 INFO Comparing database entry: drenthe with Emmen returned from geonames.
2025-08-24 16:19:05,656 INFO 📄 Index 3 | Name: Emmen | fcl: P, fcode: PPL | ADM1: Drenthe, ADM2: Gemeente Emmen, ADM3: , ADM4:  | Latitude: 52.77917, Longitude: 6.90694 | Score: 106.92, Population: 57010 | Fuzzy match: 33.333333333333336
2025-08-24 16:19:05,809 INFO Comparing database entry: drenthe with Assen returned from geonames.
2025-08-24 16:19:05,809 INFO 📄 Index 0 | Name: Assen | fcl: P, fcode: PPLA | ADM1: Drenthe, ADM2: Assen Municipality, ADM3: , ADM4:  | Latitude: 52.99667, Longitude: 6.5625 | Score: 131.64, Population: 62237 | Fuzzy match: 33.333333333333336
2025-08-24 16:19:05,809 INFO Comparing database entry: drenthe with Meppel returned from geonames.
2025-08-24 16:19:05,809 INFO 📄 Index 1 | Name: Meppel | fcl: P, fcode: PPL | ADM1: Drenthe, ADM2: Meppel Municipality, ADM3: , ADM4:  | Latitude: 52.69583, Longitude: 6.19444 | Score: 106.92, Population: 30697 | Fuzzy match: 30.76923076923077
2025-08-24 16:19:05,809 INFO Comparing database entry: drenthe with Hoogeveen returned from geonames.
2025-08-24 16:19:05,809 INFO 📄 Index 2 | Name: Hoogeveen | fcl: P, fcode: PPL | ADM1: Drenthe, ADM2: Gemeente Hoogeveen, ADM3: , ADM4:  | Latitude: 52.7225, Longitude: 6.47639 | Score: 106.92, Population: 38754 | Fuzzy match: 25.0
2025-08-24 16:19:05,809 INFO Comparing database entry: drenthe with Emmen returned from geonames.
2025-08-24 16:19:05,809 INFO 📄 Index 3 | Name: Emmen | fcl: P, fcode: PPL | ADM1: Drenthe, ADM2: Gemeente Emmen, ADM3: , ADM4:  | Latitude: 52.77917, Longitude: 6.90694 | Score: 106.92, Population: 57010 | Fuzzy match: 33.333333333333336
2025-08-24 16:19:05,956 INFO Comparing database entry: drenthe with Assen returned from geonames.
2025-08-24 16:19:05,956 INFO 📄 Index 0 | Name: Assen | fcl: P, fcode: PPLA | ADM1: Drenthe, ADM2: Assen Municipality, ADM3: , ADM4:  | Latitude: 52.99667, Longitude: 6.5625 | Score: 131.64, Population: 62237 | Fuzzy match: 33.333333333333336
2025-08-24 16:19:05,956 INFO Comparing database entry: drenthe with Meppel returned from geonames.
2025-08-24 16:19:05,956 INFO 📄 Index 1 | Name: Meppel | fcl: P, fcode: PPL | ADM1: Drenthe, ADM2: Meppel Municipality, ADM3: , ADM4:  | Latitude: 52.69583, Longitude: 6.19444 | Score: 106.92, Population: 30697 | Fuzzy match: 30.76923076923077
2025-08-24 16:19:05,957 INFO Comparing database entry: drenthe with Hoogeveen returned from geonames.
2025-08-24 16:19:05,957 INFO 📄 Index 2 | Name: Hoogeveen | fcl: P, fcode: PPL | ADM1: Drenthe, ADM2: Gemeente Hoogeveen, ADM3: , ADM4:  | Latitude: 52.7225, Longitude: 6.47639 | Score: 106.92, Population: 38754 | Fuzzy match: 25.0
2025-08-24 16:19:05,957 INFO Comparing database entry: drenthe with Emmen returned from geonames.
2025-08-24 16:19:05,957 INFO 📄 Index 3 | Name: Emmen | fcl: P, fcode: PPL | ADM1: Drenthe, ADM2: Gemeente Emmen, ADM3: , ADM4:  | Latitude: 52.77917, Longitude: 6.90694 | Score: 106.92, Population: 57010 | Fuzzy match: 33.333333333333336
2025-08-24 16:19:06,114 INFO Comparing database entry: drenthe with Assen returned from geonames.
2025-08-24 16:19:06,115 INFO 📄 Index 0 | Name: Assen | fcl: P, fcode: PPLA | ADM1: Drenthe, ADM2: Assen Municipality, ADM3: , ADM4:  | Latitude: 52.99667, Longitude: 6.5625 | Score: 131.64, Population: 62237 | Fuzzy match: 33.333333333333336
2025-08-24 16:19:06,115 INFO Comparing database entry: drenthe with Meppel returned from geonames.
2025-08-24 16:19:06,115 INFO 📄 Index 1 | Name: Meppel | fcl: P, fcode: PPL | ADM1: Drenthe, ADM2: Meppel Municipality, ADM3: , ADM4:  | Latitude: 52.69583, Longitude: 6.19444 | Score: 106.92, Population: 30697 | Fuzzy match: 30.76923076923077
2025-08-24 16:19:06,115 INFO Comparing database entry: drenthe with Hoogeveen returned from geonames.
2025-08-24 16:19:06,115 INFO 📄 Index 2 | Name: Hoogeveen | fcl: P, fcode: PPL | ADM1: Drenthe, ADM2: Gemeente Hoogeveen, ADM3: , ADM4:  | Latitude: 52.7225, Longitude: 6.47639 | Score: 106.92, Population: 38754 | Fuzzy match: 25.0
2025-08-24 16:19:06,115 INFO Comparing database entry: drenthe with Emmen returned from geonames.
2025-08-24 16:19:06,115 INFO 📄 Index 3 | Name: Emmen | fcl: P, fcode: PPL | ADM1: Drenthe, ADM2: Gemeente Emmen, ADM3: , ADM4:  | Latitude: 52.77917, Longitude: 6.90694 | Score: 106.92, Population: 57010 | Fuzzy match: 33.333333333333336
2025-08-24 16:19:06,115 WARNING ❌ No match found with fuzzy score > 80 for city: drenthe
2025-08-24 16:19:06,115 WARNING ❌ Lookup failed for city='drenthe', iso2='NL'
