2025-08-22 15:20:29,218 INFO 🗺️ Starting GeoNames lookup for city='echt-susteren', country='netherlands'
2025-08-22 15:20:29,218 INFO 📍 Location is present in the following articles: [ObjectId('67fa848feaa4fb525afec91b')]
2025-08-22 15:20:29,363 INFO Comparing database entry: echt-susteren with Gemeente Echt-Susteren returned from geonames.
2025-08-22 15:20:29,363 INFO 📄 Index 0 | Name: Gemeente Echt-Susteren | fcl: A, fcode: ADM2 | ADM1: Limburg, ADM2: Gemeente Echt-Susteren, ADM3: , ADM4:  | Latitude: 51.1, Longitude: 5.86667 | Score: 58.23, Population: 31751 | Fuzzy match: 74.28571428571429
2025-08-22 15:20:29,363 INFO Comparing database entry: echt-susteren with Susteren returned from geonames.
2025-08-22 15:20:29,363 INFO 📄 Index 1 | Name: Susteren | fcl: P, fcode: PPL | ADM1: Limburg, ADM2: Gemeente Echt-Susteren, ADM3: , ADM4:  | Latitude: 51.065, Longitude: 5.85556 | Score: 49.09, Population: 0 | Fuzzy match: 76.19047619047619
2025-08-22 15:20:29,363 INFO Comparing database entry: echt-susteren with Echt returned from geonames.
2025-08-22 15:20:29,364 INFO 📄 Index 2 | Name: Echt | fcl: P, fcode: PPL | ADM1: Limburg, ADM2: Gemeente Echt-Susteren, ADM3: , ADM4:  | Latitude: 51.10583, Longitude: 5.87361 | Score: 46.06, Population: 0 | Fuzzy match: 47.05882352941176
2025-08-22 15:20:29,364 INFO Comparing database entry: echt-susteren with Koningsbosch returned from geonames.
2025-08-22 15:20:29,364 INFO 📄 Index 3 | Name: Koningsbosch | fcl: P, fcode: PPL | ADM1: Limburg, ADM2: Gemeente Echt-Susteren, ADM3: , ADM4:  | Latitude: 51.05167, Longitude: 5.95833 | Score: 41.60, Population: 1540 | Fuzzy match: 16.000000000000004
2025-08-22 15:20:29,493 INFO Comparing database entry: echt-susteren with Gemeente Echt-Susteren returned from geonames.
2025-08-22 15:20:29,493 INFO 📄 Index 0 | Name: Gemeente Echt-Susteren | fcl: A, fcode: ADM2 | ADM1: Limburg, ADM2: Gemeente Echt-Susteren, ADM3: , ADM4:  | Latitude: 51.1, Longitude: 5.86667 | Score: 58.23, Population: 31751 | Fuzzy match: 74.28571428571429
2025-08-22 15:20:29,493 INFO Comparing database entry: echt-susteren with Susteren returned from geonames.
2025-08-22 15:20:29,493 INFO 📄 Index 1 | Name: Susteren | fcl: P, fcode: PPL | ADM1: Limburg, ADM2: Gemeente Echt-Susteren, ADM3: , ADM4:  | Latitude: 51.065, Longitude: 5.85556 | Score: 49.09, Population: 0 | Fuzzy match: 76.19047619047619
2025-08-22 15:20:29,493 INFO Comparing database entry: echt-susteren with Echt returned from geonames.
2025-08-22 15:20:29,493 INFO 📄 Index 2 | Name: Echt | fcl: P, fcode: PPL | ADM1: Limburg, ADM2: Gemeente Echt-Susteren, ADM3: , ADM4:  | Latitude: 51.10583, Longitude: 5.87361 | Score: 46.06, Population: 0 | Fuzzy match: 47.05882352941176
2025-08-22 15:20:29,493 INFO Comparing database entry: echt-susteren with Koningsbosch returned from geonames.
2025-08-22 15:20:29,493 INFO 📄 Index 3 | Name: Koningsbosch | fcl: P, fcode: PPL | ADM1: Limburg, ADM2: Gemeente Echt-Susteren, ADM3: , ADM4:  | Latitude: 51.05167, Longitude: 5.95833 | Score: 41.60, Population: 1540 | Fuzzy match: 16.000000000000004
2025-08-22 15:20:29,656 INFO Comparing database entry: echt-susteren with Gemeente Echt-Susteren returned from geonames.
2025-08-22 15:20:29,656 INFO 📄 Index 0 | Name: Gemeente Echt-Susteren | fcl: A, fcode: ADM2 | ADM1: Limburg, ADM2: Gemeente Echt-Susteren, ADM3: , ADM4:  | Latitude: 51.1, Longitude: 5.86667 | Score: 58.23, Population: 31751 | Fuzzy match: 74.28571428571429
2025-08-22 15:20:29,656 INFO Comparing database entry: echt-susteren with Susteren returned from geonames.
2025-08-22 15:20:29,656 INFO 📄 Index 1 | Name: Susteren | fcl: P, fcode: PPL | ADM1: Limburg, ADM2: Gemeente Echt-Susteren, ADM3: , ADM4:  | Latitude: 51.065, Longitude: 5.85556 | Score: 49.09, Population: 0 | Fuzzy match: 76.19047619047619
2025-08-22 15:20:29,656 INFO Comparing database entry: echt-susteren with Echt returned from geonames.
2025-08-22 15:20:29,657 INFO 📄 Index 2 | Name: Echt | fcl: P, fcode: PPL | ADM1: Limburg, ADM2: Gemeente Echt-Susteren, ADM3: , ADM4:  | Latitude: 51.10583, Longitude: 5.87361 | Score: 46.06, Population: 0 | Fuzzy match: 47.05882352941176
2025-08-22 15:20:29,657 INFO Comparing database entry: echt-susteren with Koningsbosch returned from geonames.
2025-08-22 15:20:29,657 INFO 📄 Index 3 | Name: Koningsbosch | fcl: P, fcode: PPL | ADM1: Limburg, ADM2: Gemeente Echt-Susteren, ADM3: , ADM4:  | Latitude: 51.05167, Longitude: 5.95833 | Score: 41.60, Population: 1540 | Fuzzy match: 16.000000000000004
2025-08-22 15:20:29,804 INFO Comparing database entry: echt-susteren with Gemeente Echt-Susteren returned from geonames.
2025-08-22 15:20:29,804 INFO 📄 Index 0 | Name: Gemeente Echt-Susteren | fcl: A, fcode: ADM2 | ADM1: Limburg, ADM2: Gemeente Echt-Susteren, ADM3: , ADM4:  | Latitude: 51.1, Longitude: 5.86667 | Score: 58.23, Population: 31751 | Fuzzy match: 74.28571428571429
2025-08-22 15:20:29,804 INFO Comparing database entry: echt-susteren with Susteren returned from geonames.
2025-08-22 15:20:29,805 INFO 📄 Index 1 | Name: Susteren | fcl: P, fcode: PPL | ADM1: Limburg, ADM2: Gemeente Echt-Susteren, ADM3: , ADM4:  | Latitude: 51.065, Longitude: 5.85556 | Score: 49.09, Population: 0 | Fuzzy match: 76.19047619047619
2025-08-22 15:20:29,805 INFO Comparing database entry: echt-susteren with Echt returned from geonames.
2025-08-22 15:20:29,805 INFO 📄 Index 2 | Name: Echt | fcl: P, fcode: PPL | ADM1: Limburg, ADM2: Gemeente Echt-Susteren, ADM3: , ADM4:  | Latitude: 51.10583, Longitude: 5.87361 | Score: 46.06, Population: 0 | Fuzzy match: 47.05882352941176
2025-08-22 15:20:29,805 INFO Comparing database entry: echt-susteren with Koningsbosch returned from geonames.
2025-08-22 15:20:29,805 INFO 📄 Index 3 | Name: Koningsbosch | fcl: P, fcode: PPL | ADM1: Limburg, ADM2: Gemeente Echt-Susteren, ADM3: , ADM4:  | Latitude: 51.05167, Longitude: 5.95833 | Score: 41.60, Population: 1540 | Fuzzy match: 16.000000000000004
2025-08-22 15:20:29,979 INFO Comparing database entry: echt-susteren with Gemeente Echt-Susteren returned from geonames.
2025-08-22 15:20:29,979 INFO 📄 Index 0 | Name: Gemeente Echt-Susteren | fcl: A, fcode: ADM2 | ADM1: Limburg, ADM2: Gemeente Echt-Susteren, ADM3: , ADM4:  | Latitude: 51.1, Longitude: 5.86667 | Score: 58.23, Population: 31751 | Fuzzy match: 74.28571428571429
2025-08-22 15:20:29,979 INFO Comparing database entry: echt-susteren with Susteren returned from geonames.
2025-08-22 15:20:29,980 INFO 📄 Index 1 | Name: Susteren | fcl: P, fcode: PPL | ADM1: Limburg, ADM2: Gemeente Echt-Susteren, ADM3: , ADM4:  | Latitude: 51.065, Longitude: 5.85556 | Score: 49.09, Population: 0 | Fuzzy match: 76.19047619047619
2025-08-22 15:20:29,980 INFO Comparing database entry: echt-susteren with Echt returned from geonames.
2025-08-22 15:20:29,980 INFO 📄 Index 2 | Name: Echt | fcl: P, fcode: PPL | ADM1: Limburg, ADM2: Gemeente Echt-Susteren, ADM3: , ADM4:  | Latitude: 51.10583, Longitude: 5.87361 | Score: 46.06, Population: 0 | Fuzzy match: 47.05882352941176
2025-08-22 15:20:29,980 INFO Comparing database entry: echt-susteren with Koningsbosch returned from geonames.
2025-08-22 15:20:29,980 INFO 📄 Index 3 | Name: Koningsbosch | fcl: P, fcode: PPL | ADM1: Limburg, ADM2: Gemeente Echt-Susteren, ADM3: , ADM4:  | Latitude: 51.05167, Longitude: 5.95833 | Score: 41.60, Population: 1540 | Fuzzy match: 16.000000000000004
2025-08-22 15:20:30,148 INFO Comparing database entry: echt-susteren with Gemeente Echt-Susteren returned from geonames.
2025-08-22 15:20:30,148 INFO 📄 Index 0 | Name: Gemeente Echt-Susteren | fcl: A, fcode: ADM2 | ADM1: Limburg, ADM2: Gemeente Echt-Susteren, ADM3: , ADM4:  | Latitude: 51.1, Longitude: 5.86667 | Score: 58.23, Population: 31751 | Fuzzy match: 74.28571428571429
2025-08-22 15:20:30,148 INFO Comparing database entry: echt-susteren with Susteren returned from geonames.
2025-08-22 15:20:30,148 INFO 📄 Index 1 | Name: Susteren | fcl: P, fcode: PPL | ADM1: Limburg, ADM2: Gemeente Echt-Susteren, ADM3: , ADM4:  | Latitude: 51.065, Longitude: 5.85556 | Score: 49.09, Population: 0 | Fuzzy match: 76.19047619047619
2025-08-22 15:20:30,148 INFO Comparing database entry: echt-susteren with Echt returned from geonames.
2025-08-22 15:20:30,149 INFO 📄 Index 2 | Name: Echt | fcl: P, fcode: PPL | ADM1: Limburg, ADM2: Gemeente Echt-Susteren, ADM3: , ADM4:  | Latitude: 51.10583, Longitude: 5.87361 | Score: 46.06, Population: 0 | Fuzzy match: 47.05882352941176
2025-08-22 15:20:30,149 INFO Comparing database entry: echt-susteren with Koningsbosch returned from geonames.
2025-08-22 15:20:30,149 INFO 📄 Index 3 | Name: Koningsbosch | fcl: P, fcode: PPL | ADM1: Limburg, ADM2: Gemeente Echt-Susteren, ADM3: , ADM4:  | Latitude: 51.05167, Longitude: 5.95833 | Score: 41.60, Population: 1540 | Fuzzy match: 16.000000000000004
2025-08-22 15:20:30,149 WARNING ❌ No match found with fuzzy score > 80 for city: echt-susteren
2025-08-22 15:20:30,149 WARNING ❌ Lookup failed for city='echtsusteren', iso2='NL'
