2025-08-16 12:15:20,871 INFO 🗺️ Starting GeoNames lookup for city='frisland', country='netherlands'
2025-08-16 12:15:20,871 INFO 📍 Location is present in the following articles: [ObjectId('67fa8669eaa4fb525afed0d3'), ObjectId('67fa8711eaa4fb525afed38c')]
2025-08-16 12:15:21,032 INFO Comparing database entry: frisland with Leeuwarden returned from geonames.
2025-08-16 12:15:21,032 INFO 📄 Index 0 | Name: Leeuwarden | fcl: P, fcode: PPLA | ADM1: Friesland, ADM2: Leeuwarden Municipality, ADM3: , ADM4:  | Score: 102.02, Population: 91424 | Fuzzy match: 33.333333333333336
2025-08-16 12:15:21,032 INFO Comparing database entry: frisland with Heerenveen returned from geonames.
2025-08-16 12:15:21,032 INFO 📄 Index 1 | Name: Heerenveen | fcl: P, fcode: PPL | ADM1: Friesland, ADM2: Heerenveen Municipality, ADM3: , ADM4:  | Score: 81.61, Population: 43094 | Fuzzy match: 22.22222222222222
2025-08-16 12:15:21,032 INFO Comparing database entry: frisland with Sneek returned from geonames.
2025-08-16 12:15:21,032 INFO 📄 Index 2 | Name: Sneek | fcl: P, fcode: PPL | ADM1: Friesland, ADM2: Southwest Friesland, ADM3: , ADM4:  | Score: 80.08, Population: 32811 | Fuzzy match: 30.76923076923077
2025-08-16 12:15:21,032 INFO Comparing database entry: frisland with Drachten returned from geonames.
2025-08-16 12:15:21,032 INFO 📄 Index 3 | Name: Drachten | fcl: P, fcode: PPLA2 | ADM1: Friesland, ADM2: Smallingerland Municipality, ADM3: , ADM4:  | Score: 71.41, Population: 44537 | Fuzzy match: 37.5
2025-08-16 12:15:21,193 INFO Comparing database entry: frisland with Leeuwarden returned from geonames.
2025-08-16 12:15:21,193 INFO 📄 Index 0 | Name: Leeuwarden | fcl: P, fcode: PPLA | ADM1: Friesland, ADM2: Leeuwarden Municipality, ADM3: , ADM4:  | Score: 102.02, Population: 91424 | Fuzzy match: 33.333333333333336
2025-08-16 12:15:21,193 INFO Comparing database entry: frisland with Heerenveen returned from geonames.
2025-08-16 12:15:21,193 INFO 📄 Index 1 | Name: Heerenveen | fcl: P, fcode: PPL | ADM1: Friesland, ADM2: Heerenveen Municipality, ADM3: , ADM4:  | Score: 81.61, Population: 43094 | Fuzzy match: 22.22222222222222
2025-08-16 12:15:21,193 INFO Comparing database entry: frisland with Sneek returned from geonames.
2025-08-16 12:15:21,193 INFO 📄 Index 2 | Name: Sneek | fcl: P, fcode: PPL | ADM1: Friesland, ADM2: Southwest Friesland, ADM3: , ADM4:  | Score: 80.08, Population: 32811 | Fuzzy match: 30.76923076923077
2025-08-16 12:15:21,193 INFO Comparing database entry: frisland with Drachten returned from geonames.
2025-08-16 12:15:21,193 INFO 📄 Index 3 | Name: Drachten | fcl: P, fcode: PPLA2 | ADM1: Friesland, ADM2: Smallingerland Municipality, ADM3: , ADM4:  | Score: 71.41, Population: 44537 | Fuzzy match: 37.5
2025-08-16 12:15:21,344 INFO Comparing database entry: frisland with Leeuwarden returned from geonames.
2025-08-16 12:15:21,344 INFO 📄 Index 0 | Name: Leeuwarden | fcl: P, fcode: PPLA | ADM1: Friesland, ADM2: Leeuwarden Municipality, ADM3: , ADM4:  | Score: 102.02, Population: 91424 | Fuzzy match: 33.333333333333336
2025-08-16 12:15:21,345 INFO Comparing database entry: frisland with Heerenveen returned from geonames.
2025-08-16 12:15:21,345 INFO 📄 Index 1 | Name: Heerenveen | fcl: P, fcode: PPL | ADM1: Friesland, ADM2: Heerenveen Municipality, ADM3: , ADM4:  | Score: 81.61, Population: 43094 | Fuzzy match: 22.22222222222222
2025-08-16 12:15:21,345 INFO Comparing database entry: frisland with Sneek returned from geonames.
2025-08-16 12:15:21,345 INFO 📄 Index 2 | Name: Sneek | fcl: P, fcode: PPL | ADM1: Friesland, ADM2: Southwest Friesland, ADM3: , ADM4:  | Score: 80.08, Population: 32811 | Fuzzy match: 30.76923076923077
2025-08-16 12:15:21,345 INFO Comparing database entry: frisland with Drachten returned from geonames.
2025-08-16 12:15:21,345 INFO 📄 Index 3 | Name: Drachten | fcl: P, fcode: PPLA2 | ADM1: Friesland, ADM2: Smallingerland Municipality, ADM3: , ADM4:  | Score: 71.41, Population: 44537 | Fuzzy match: 37.5
2025-08-16 12:15:21,506 INFO Comparing database entry: frisland with Leeuwarden returned from geonames.
2025-08-16 12:15:21,507 INFO 📄 Index 0 | Name: Leeuwarden | fcl: P, fcode: PPLA | ADM1: Friesland, ADM2: Leeuwarden Municipality, ADM3: , ADM4:  | Score: 102.02, Population: 91424 | Fuzzy match: 33.333333333333336
2025-08-16 12:15:21,507 INFO Comparing database entry: frisland with Heerenveen returned from geonames.
2025-08-16 12:15:21,507 INFO 📄 Index 1 | Name: Heerenveen | fcl: P, fcode: PPL | ADM1: Friesland, ADM2: Heerenveen Municipality, ADM3: , ADM4:  | Score: 81.61, Population: 43094 | Fuzzy match: 22.22222222222222
2025-08-16 12:15:21,507 INFO Comparing database entry: frisland with Sneek returned from geonames.
2025-08-16 12:15:21,507 INFO 📄 Index 2 | Name: Sneek | fcl: P, fcode: PPL | ADM1: Friesland, ADM2: Southwest Friesland, ADM3: , ADM4:  | Score: 80.08, Population: 32811 | Fuzzy match: 30.76923076923077
2025-08-16 12:15:21,507 INFO Comparing database entry: frisland with Drachten returned from geonames.
2025-08-16 12:15:21,507 INFO 📄 Index 3 | Name: Drachten | fcl: P, fcode: PPLA2 | ADM1: Friesland, ADM2: Smallingerland Municipality, ADM3: , ADM4:  | Score: 71.41, Population: 44537 | Fuzzy match: 37.5
2025-08-16 12:15:21,677 INFO Comparing database entry: frisland with Leeuwarden returned from geonames.
2025-08-16 12:15:21,677 INFO 📄 Index 0 | Name: Leeuwarden | fcl: P, fcode: PPLA | ADM1: Friesland, ADM2: Leeuwarden Municipality, ADM3: , ADM4:  | Score: 102.02, Population: 91424 | Fuzzy match: 33.333333333333336
2025-08-16 12:15:21,678 INFO Comparing database entry: frisland with Heerenveen returned from geonames.
2025-08-16 12:15:21,678 INFO 📄 Index 1 | Name: Heerenveen | fcl: P, fcode: PPL | ADM1: Friesland, ADM2: Heerenveen Municipality, ADM3: , ADM4:  | Score: 81.61, Population: 43094 | Fuzzy match: 22.22222222222222
2025-08-16 12:15:21,678 INFO Comparing database entry: frisland with Sneek returned from geonames.
2025-08-16 12:15:21,678 INFO 📄 Index 2 | Name: Sneek | fcl: P, fcode: PPL | ADM1: Friesland, ADM2: Southwest Friesland, ADM3: , ADM4:  | Score: 80.08, Population: 32811 | Fuzzy match: 30.76923076923077
2025-08-16 12:15:21,678 INFO Comparing database entry: frisland with Drachten returned from geonames.
2025-08-16 12:15:21,678 INFO 📄 Index 3 | Name: Drachten | fcl: P, fcode: PPLA2 | ADM1: Friesland, ADM2: Smallingerland Municipality, ADM3: , ADM4:  | Score: 71.41, Population: 44537 | Fuzzy match: 37.5
2025-08-16 12:15:21,855 INFO Comparing database entry: frisland with Leeuwarden returned from geonames.
2025-08-16 12:15:21,855 INFO 📄 Index 0 | Name: Leeuwarden | fcl: P, fcode: PPLA | ADM1: Friesland, ADM2: Leeuwarden Municipality, ADM3: , ADM4:  | Score: 102.02, Population: 91424 | Fuzzy match: 33.333333333333336
2025-08-16 12:15:21,855 INFO Comparing database entry: frisland with Heerenveen returned from geonames.
2025-08-16 12:15:21,855 INFO 📄 Index 1 | Name: Heerenveen | fcl: P, fcode: PPL | ADM1: Friesland, ADM2: Heerenveen Municipality, ADM3: , ADM4:  | Score: 81.61, Population: 43094 | Fuzzy match: 22.22222222222222
2025-08-16 12:15:21,855 INFO Comparing database entry: frisland with Sneek returned from geonames.
2025-08-16 12:15:21,855 INFO 📄 Index 2 | Name: Sneek | fcl: P, fcode: PPL | ADM1: Friesland, ADM2: Southwest Friesland, ADM3: , ADM4:  | Score: 80.08, Population: 32811 | Fuzzy match: 30.76923076923077
2025-08-16 12:15:21,856 INFO Comparing database entry: frisland with Drachten returned from geonames.
2025-08-16 12:15:21,856 INFO 📄 Index 3 | Name: Drachten | fcl: P, fcode: PPLA2 | ADM1: Friesland, ADM2: Smallingerland Municipality, ADM3: , ADM4:  | Score: 71.41, Population: 44537 | Fuzzy match: 37.5
2025-08-16 12:15:21,856 WARNING ❌ No match found with fuzzy score > 80 for city: frisland
2025-08-16 12:15:21,856 WARNING ❌ Lookup failed for city='frisland', iso2='NL'
