2025-08-22 15:20:31,160 INFO 🗺️ Starting GeoNames lookup for city='gelderland', country='netherlands'
2025-08-22 15:20:31,160 INFO 📍 Location is present in the following articles: [ObjectId('67fa7ceaeaa4fb525afeb987'), ObjectId('67fa84bdeaa4fb525afec9db')]
2025-08-22 15:20:31,311 INFO Comparing database entry: gelderland with Nijmegen returned from geonames.
2025-08-22 15:20:31,311 INFO 📄 Index 0 | Name: Nijmegen | fcl: P, fcode: PPL | ADM1: Gelderland, ADM2: Nijmegen Municipality, ADM3: , ADM4:  | Latitude: 51.8425, Longitude: 5.85278 | Score: 142.36, Population: 158732 | Fuzzy match: 33.333333333333336
2025-08-22 15:20:31,311 INFO Comparing database entry: gelderland with Arnhem returned from geonames.
2025-08-22 15:20:31,312 INFO 📄 Index 1 | Name: Arnhem | fcl: P, fcode: PPLA | ADM1: Gelderland, ADM2: Arnhem Municipality, ADM3: , ADM4:  | Latitude: 51.98, Longitude: 5.91111 | Score: 136.28, Population: 141674 | Fuzzy match: 25.0
2025-08-22 15:20:31,312 INFO Comparing database entry: gelderland with Apeldoorn returned from geonames.
2025-08-22 15:20:31,312 INFO 📄 Index 2 | Name: Apeldoorn | fcl: P, fcode: PPL | ADM1: Gelderland, ADM2: Apeldoorn, ADM3: , ADM4:  | Latitude: 52.21, Longitude: 5.96944 | Score: 118.63, Population: 136670 | Fuzzy match: 52.63157894736843
2025-08-22 15:20:31,312 INFO Comparing database entry: gelderland with Ede returned from geonames.
2025-08-22 15:20:31,312 INFO 📄 Index 3 | Name: Ede | fcl: P, fcode: PPL | ADM1: Gelderland, ADM2: Ede Municipality, ADM3: , ADM4:  | Latitude: 52.03333, Longitude: 5.65833 | Score: 100.99, Population: 67670 | Fuzzy match: 46.15384615384615
2025-08-22 15:20:31,462 INFO Comparing database entry: gelderland with Nijmegen returned from geonames.
2025-08-22 15:20:31,462 INFO 📄 Index 0 | Name: Nijmegen | fcl: P, fcode: PPL | ADM1: Gelderland, ADM2: Nijmegen Municipality, ADM3: , ADM4:  | Latitude: 51.8425, Longitude: 5.85278 | Score: 142.36, Population: 158732 | Fuzzy match: 33.333333333333336
2025-08-22 15:20:31,462 INFO Comparing database entry: gelderland with Arnhem returned from geonames.
2025-08-22 15:20:31,462 INFO 📄 Index 1 | Name: Arnhem | fcl: P, fcode: PPLA | ADM1: Gelderland, ADM2: Arnhem Municipality, ADM3: , ADM4:  | Latitude: 51.98, Longitude: 5.91111 | Score: 136.28, Population: 141674 | Fuzzy match: 25.0
2025-08-22 15:20:31,463 INFO Comparing database entry: gelderland with Apeldoorn returned from geonames.
2025-08-22 15:20:31,463 INFO 📄 Index 2 | Name: Apeldoorn | fcl: P, fcode: PPL | ADM1: Gelderland, ADM2: Apeldoorn, ADM3: , ADM4:  | Latitude: 52.21, Longitude: 5.96944 | Score: 118.63, Population: 136670 | Fuzzy match: 52.63157894736843
2025-08-22 15:20:31,463 INFO Comparing database entry: gelderland with Ede returned from geonames.
2025-08-22 15:20:31,463 INFO 📄 Index 3 | Name: Ede | fcl: P, fcode: PPL | ADM1: Gelderland, ADM2: Ede Municipality, ADM3: , ADM4:  | Latitude: 52.03333, Longitude: 5.65833 | Score: 100.99, Population: 67670 | Fuzzy match: 46.15384615384615
2025-08-22 15:20:31,617 INFO Comparing database entry: gelderland with Nijmegen returned from geonames.
2025-08-22 15:20:31,617 INFO 📄 Index 0 | Name: Nijmegen | fcl: P, fcode: PPL | ADM1: Gelderland, ADM2: Nijmegen Municipality, ADM3: , ADM4:  | Latitude: 51.8425, Longitude: 5.85278 | Score: 142.36, Population: 158732 | Fuzzy match: 33.333333333333336
2025-08-22 15:20:31,617 INFO Comparing database entry: gelderland with Arnhem returned from geonames.
2025-08-22 15:20:31,617 INFO 📄 Index 1 | Name: Arnhem | fcl: P, fcode: PPLA | ADM1: Gelderland, ADM2: Arnhem Municipality, ADM3: , ADM4:  | Latitude: 51.98, Longitude: 5.91111 | Score: 136.28, Population: 141674 | Fuzzy match: 25.0
2025-08-22 15:20:31,617 INFO Comparing database entry: gelderland with Apeldoorn returned from geonames.
2025-08-22 15:20:31,617 INFO 📄 Index 2 | Name: Apeldoorn | fcl: P, fcode: PPL | ADM1: Gelderland, ADM2: Apeldoorn, ADM3: , ADM4:  | Latitude: 52.21, Longitude: 5.96944 | Score: 118.63, Population: 136670 | Fuzzy match: 52.63157894736843
2025-08-22 15:20:31,617 INFO Comparing database entry: gelderland with Ede returned from geonames.
2025-08-22 15:20:31,618 INFO 📄 Index 3 | Name: Ede | fcl: P, fcode: PPL | ADM1: Gelderland, ADM2: Ede Municipality, ADM3: , ADM4:  | Latitude: 52.03333, Longitude: 5.65833 | Score: 100.99, Population: 67670 | Fuzzy match: 46.15384615384615
2025-08-22 15:20:31,742 INFO Comparing database entry: gelderland with Nijmegen returned from geonames.
2025-08-22 15:20:31,742 INFO 📄 Index 0 | Name: Nijmegen | fcl: P, fcode: PPL | ADM1: Gelderland, ADM2: Nijmegen Municipality, ADM3: , ADM4:  | Latitude: 51.8425, Longitude: 5.85278 | Score: 142.36, Population: 158732 | Fuzzy match: 33.333333333333336
2025-08-22 15:20:31,743 INFO Comparing database entry: gelderland with Arnhem returned from geonames.
2025-08-22 15:20:31,743 INFO 📄 Index 1 | Name: Arnhem | fcl: P, fcode: PPLA | ADM1: Gelderland, ADM2: Arnhem Municipality, ADM3: , ADM4:  | Latitude: 51.98, Longitude: 5.91111 | Score: 136.28, Population: 141674 | Fuzzy match: 25.0
2025-08-22 15:20:31,743 INFO Comparing database entry: gelderland with Apeldoorn returned from geonames.
2025-08-22 15:20:31,743 INFO 📄 Index 2 | Name: Apeldoorn | fcl: P, fcode: PPL | ADM1: Gelderland, ADM2: Apeldoorn, ADM3: , ADM4:  | Latitude: 52.21, Longitude: 5.96944 | Score: 118.63, Population: 136670 | Fuzzy match: 52.63157894736843
2025-08-22 15:20:31,743 INFO Comparing database entry: gelderland with Ede returned from geonames.
2025-08-22 15:20:31,743 INFO 📄 Index 3 | Name: Ede | fcl: P, fcode: PPL | ADM1: Gelderland, ADM2: Ede Municipality, ADM3: , ADM4:  | Latitude: 52.03333, Longitude: 5.65833 | Score: 100.99, Population: 67670 | Fuzzy match: 46.15384615384615
2025-08-22 15:20:31,906 INFO Comparing database entry: gelderland with Nijmegen returned from geonames.
2025-08-22 15:20:31,907 INFO 📄 Index 0 | Name: Nijmegen | fcl: P, fcode: PPL | ADM1: Gelderland, ADM2: Nijmegen Municipality, ADM3: , ADM4:  | Latitude: 51.8425, Longitude: 5.85278 | Score: 142.36, Population: 158732 | Fuzzy match: 33.333333333333336
2025-08-22 15:20:31,907 INFO Comparing database entry: gelderland with Arnhem returned from geonames.
2025-08-22 15:20:31,907 INFO 📄 Index 1 | Name: Arnhem | fcl: P, fcode: PPLA | ADM1: Gelderland, ADM2: Arnhem Municipality, ADM3: , ADM4:  | Latitude: 51.98, Longitude: 5.91111 | Score: 136.28, Population: 141674 | Fuzzy match: 25.0
2025-08-22 15:20:31,907 INFO Comparing database entry: gelderland with Apeldoorn returned from geonames.
2025-08-22 15:20:31,907 INFO 📄 Index 2 | Name: Apeldoorn | fcl: P, fcode: PPL | ADM1: Gelderland, ADM2: Apeldoorn, ADM3: , ADM4:  | Latitude: 52.21, Longitude: 5.96944 | Score: 118.63, Population: 136670 | Fuzzy match: 52.63157894736843
2025-08-22 15:20:31,907 INFO Comparing database entry: gelderland with Ede returned from geonames.
2025-08-22 15:20:31,907 INFO 📄 Index 3 | Name: Ede | fcl: P, fcode: PPL | ADM1: Gelderland, ADM2: Ede Municipality, ADM3: , ADM4:  | Latitude: 52.03333, Longitude: 5.65833 | Score: 100.99, Population: 67670 | Fuzzy match: 46.15384615384615
2025-08-22 15:20:32,047 INFO Comparing database entry: gelderland with Nijmegen returned from geonames.
2025-08-22 15:20:32,047 INFO 📄 Index 0 | Name: Nijmegen | fcl: P, fcode: PPL | ADM1: Gelderland, ADM2: Nijmegen Municipality, ADM3: , ADM4:  | Latitude: 51.8425, Longitude: 5.85278 | Score: 142.36, Population: 158732 | Fuzzy match: 33.333333333333336
2025-08-22 15:20:32,047 INFO Comparing database entry: gelderland with Arnhem returned from geonames.
2025-08-22 15:20:32,047 INFO 📄 Index 1 | Name: Arnhem | fcl: P, fcode: PPLA | ADM1: Gelderland, ADM2: Arnhem Municipality, ADM3: , ADM4:  | Latitude: 51.98, Longitude: 5.91111 | Score: 136.28, Population: 141674 | Fuzzy match: 25.0
2025-08-22 15:20:32,048 INFO Comparing database entry: gelderland with Apeldoorn returned from geonames.
2025-08-22 15:20:32,048 INFO 📄 Index 2 | Name: Apeldoorn | fcl: P, fcode: PPL | ADM1: Gelderland, ADM2: Apeldoorn, ADM3: , ADM4:  | Latitude: 52.21, Longitude: 5.96944 | Score: 118.63, Population: 136670 | Fuzzy match: 52.63157894736843
2025-08-22 15:20:32,048 INFO Comparing database entry: gelderland with Ede returned from geonames.
2025-08-22 15:20:32,048 INFO 📄 Index 3 | Name: Ede | fcl: P, fcode: PPL | ADM1: Gelderland, ADM2: Ede Municipality, ADM3: , ADM4:  | Latitude: 52.03333, Longitude: 5.65833 | Score: 100.99, Population: 67670 | Fuzzy match: 46.15384615384615
2025-08-22 15:20:32,048 WARNING ❌ No match found with fuzzy score > 80 for city: gelderland
2025-08-22 15:20:32,048 WARNING ❌ Lookup failed for city='gelderland', iso2='NL'
