2025-08-17 16:02:02,424 INFO 🗺️ Starting GeoNames lookup for city='limburg', country='netherlands'
2025-08-17 16:02:02,424 INFO 📍 Location is present in the following articles: [ObjectId('67fa64c138fb90ab92f8c583'), ObjectId('67fa64fe38fb90ab92f8c651'), ObjectId('67fa654838fb90ab92f8c748'), ObjectId('67fa74d7eaa4fb525afeacd4'), ObjectId('67fa75edeaa4fb525afeb133')]
2025-08-17 16:02:02,562 INFO Comparing database entry: limburg with Maastricht returned from geonames.
2025-08-17 16:02:02,562 INFO 📄 Index 0 | Name: Maastricht | fcl: P, fcode: PPLA | ADM1: Limburg, ADM2: Maastricht Municipality, ADM3: , ADM4:  | Score: 148.82, Population: 122378 | Fuzzy match: 23.529411764705888
2025-08-17 16:02:02,562 INFO Comparing database entry: limburg with Venlo returned from geonames.
2025-08-17 16:02:02,562 INFO 📄 Index 1 | Name: Venlo | fcl: P, fcode: PPLA2 | ADM1: Limburg, ADM2: Venlo Municipality, ADM3: , ADM4:  | Score: 124.02, Population: 101603 | Fuzzy match: 16.666666666666664
2025-08-17 16:02:02,562 INFO Comparing database entry: limburg with Kerkrade returned from geonames.
2025-08-17 16:02:02,562 INFO 📄 Index 2 | Name: Kerkrade | fcl: P, fcode: PPL | ADM1: Limburg, ADM2: Kerkrade Municipality, ADM3: , ADM4:  | Score: 106.39, Population: 49777 | Fuzzy match: 13.33333333333333
2025-08-17 16:02:02,562 INFO Comparing database entry: limburg with Heerlen returned from geonames.
2025-08-17 16:02:02,562 INFO 📄 Index 3 | Name: Heerlen | fcl: P, fcode: PPL | ADM1: Limburg, ADM2: Gemeente Heerlen, ADM3: , ADM4:  | Score: 106.39, Population: 93084 | Fuzzy match: 14.28571428571429
2025-08-17 16:02:02,713 INFO Comparing database entry: limburg with Maastricht returned from geonames.
2025-08-17 16:02:02,714 INFO 📄 Index 0 | Name: Maastricht | fcl: P, fcode: PPLA | ADM1: Limburg, ADM2: Maastricht Municipality, ADM3: , ADM4:  | Score: 148.82, Population: 122378 | Fuzzy match: 23.529411764705888
2025-08-17 16:02:02,714 INFO Comparing database entry: limburg with Venlo returned from geonames.
2025-08-17 16:02:02,714 INFO 📄 Index 1 | Name: Venlo | fcl: P, fcode: PPLA2 | ADM1: Limburg, ADM2: Venlo Municipality, ADM3: , ADM4:  | Score: 124.02, Population: 101603 | Fuzzy match: 16.666666666666664
2025-08-17 16:02:02,714 INFO Comparing database entry: limburg with Kerkrade returned from geonames.
2025-08-17 16:02:02,714 INFO 📄 Index 2 | Name: Kerkrade | fcl: P, fcode: PPL | ADM1: Limburg, ADM2: Kerkrade Municipality, ADM3: , ADM4:  | Score: 106.39, Population: 49777 | Fuzzy match: 13.33333333333333
2025-08-17 16:02:02,714 INFO Comparing database entry: limburg with Heerlen returned from geonames.
2025-08-17 16:02:02,714 INFO 📄 Index 3 | Name: Heerlen | fcl: P, fcode: PPL | ADM1: Limburg, ADM2: Gemeente Heerlen, ADM3: , ADM4:  | Score: 106.39, Population: 93084 | Fuzzy match: 14.28571428571429
2025-08-17 16:02:02,875 INFO Comparing database entry: limburg with Maastricht returned from geonames.
2025-08-17 16:02:02,875 INFO 📄 Index 0 | Name: Maastricht | fcl: P, fcode: PPLA | ADM1: Limburg, ADM2: Maastricht Municipality, ADM3: , ADM4:  | Score: 148.82, Population: 122378 | Fuzzy match: 23.529411764705888
2025-08-17 16:02:02,876 INFO Comparing database entry: limburg with Venlo returned from geonames.
2025-08-17 16:02:02,876 INFO 📄 Index 1 | Name: Venlo | fcl: P, fcode: PPLA2 | ADM1: Limburg, ADM2: Venlo Municipality, ADM3: , ADM4:  | Score: 124.02, Population: 101603 | Fuzzy match: 16.666666666666664
2025-08-17 16:02:02,876 INFO Comparing database entry: limburg with Kerkrade returned from geonames.
2025-08-17 16:02:02,876 INFO 📄 Index 2 | Name: Kerkrade | fcl: P, fcode: PPL | ADM1: Limburg, ADM2: Kerkrade Municipality, ADM3: , ADM4:  | Score: 106.39, Population: 49777 | Fuzzy match: 13.33333333333333
2025-08-17 16:02:02,876 INFO Comparing database entry: limburg with Heerlen returned from geonames.
2025-08-17 16:02:02,876 INFO 📄 Index 3 | Name: Heerlen | fcl: P, fcode: PPL | ADM1: Limburg, ADM2: Gemeente Heerlen, ADM3: , ADM4:  | Score: 106.39, Population: 93084 | Fuzzy match: 14.28571428571429
2025-08-17 16:02:03,009 INFO Comparing database entry: limburg with Maastricht returned from geonames.
2025-08-17 16:02:03,009 INFO 📄 Index 0 | Name: Maastricht | fcl: P, fcode: PPLA | ADM1: Limburg, ADM2: Maastricht Municipality, ADM3: , ADM4:  | Score: 148.82, Population: 122378 | Fuzzy match: 23.529411764705888
2025-08-17 16:02:03,009 INFO Comparing database entry: limburg with Venlo returned from geonames.
2025-08-17 16:02:03,009 INFO 📄 Index 1 | Name: Venlo | fcl: P, fcode: PPLA2 | ADM1: Limburg, ADM2: Venlo Municipality, ADM3: , ADM4:  | Score: 124.02, Population: 101603 | Fuzzy match: 16.666666666666664
2025-08-17 16:02:03,009 INFO Comparing database entry: limburg with Kerkrade returned from geonames.
2025-08-17 16:02:03,010 INFO 📄 Index 2 | Name: Kerkrade | fcl: P, fcode: PPL | ADM1: Limburg, ADM2: Kerkrade Municipality, ADM3: , ADM4:  | Score: 106.39, Population: 49777 | Fuzzy match: 13.33333333333333
2025-08-17 16:02:03,010 INFO Comparing database entry: limburg with Heerlen returned from geonames.
2025-08-17 16:02:03,010 INFO 📄 Index 3 | Name: Heerlen | fcl: P, fcode: PPL | ADM1: Limburg, ADM2: Gemeente Heerlen, ADM3: , ADM4:  | Score: 106.39, Population: 93084 | Fuzzy match: 14.28571428571429
2025-08-17 16:02:03,190 INFO Comparing database entry: limburg with Maastricht returned from geonames.
2025-08-17 16:02:03,191 INFO 📄 Index 0 | Name: Maastricht | fcl: P, fcode: PPLA | ADM1: Limburg, ADM2: Maastricht Municipality, ADM3: , ADM4:  | Score: 148.82, Population: 122378 | Fuzzy match: 23.529411764705888
2025-08-17 16:02:03,191 INFO Comparing database entry: limburg with Venlo returned from geonames.
2025-08-17 16:02:03,191 INFO 📄 Index 1 | Name: Venlo | fcl: P, fcode: PPLA2 | ADM1: Limburg, ADM2: Venlo Municipality, ADM3: , ADM4:  | Score: 124.02, Population: 101603 | Fuzzy match: 16.666666666666664
2025-08-17 16:02:03,191 INFO Comparing database entry: limburg with Kerkrade returned from geonames.
2025-08-17 16:02:03,191 INFO 📄 Index 2 | Name: Kerkrade | fcl: P, fcode: PPL | ADM1: Limburg, ADM2: Kerkrade Municipality, ADM3: , ADM4:  | Score: 106.39, Population: 49777 | Fuzzy match: 13.33333333333333
2025-08-17 16:02:03,191 INFO Comparing database entry: limburg with Heerlen returned from geonames.
2025-08-17 16:02:03,191 INFO 📄 Index 3 | Name: Heerlen | fcl: P, fcode: PPL | ADM1: Limburg, ADM2: Gemeente Heerlen, ADM3: , ADM4:  | Score: 106.39, Population: 93084 | Fuzzy match: 14.28571428571429
2025-08-17 16:02:03,356 INFO Comparing database entry: limburg with Maastricht returned from geonames.
2025-08-17 16:02:03,356 INFO 📄 Index 0 | Name: Maastricht | fcl: P, fcode: PPLA | ADM1: Limburg, ADM2: Maastricht Municipality, ADM3: , ADM4:  | Score: 148.82, Population: 122378 | Fuzzy match: 23.529411764705888
2025-08-17 16:02:03,356 INFO Comparing database entry: limburg with Venlo returned from geonames.
2025-08-17 16:02:03,356 INFO 📄 Index 1 | Name: Venlo | fcl: P, fcode: PPLA2 | ADM1: Limburg, ADM2: Venlo Municipality, ADM3: , ADM4:  | Score: 124.02, Population: 101603 | Fuzzy match: 16.666666666666664
2025-08-17 16:02:03,356 INFO Comparing database entry: limburg with Kerkrade returned from geonames.
2025-08-17 16:02:03,356 INFO 📄 Index 2 | Name: Kerkrade | fcl: P, fcode: PPL | ADM1: Limburg, ADM2: Kerkrade Municipality, ADM3: , ADM4:  | Score: 106.39, Population: 49777 | Fuzzy match: 13.33333333333333
2025-08-17 16:02:03,356 INFO Comparing database entry: limburg with Heerlen returned from geonames.
2025-08-17 16:02:03,356 INFO 📄 Index 3 | Name: Heerlen | fcl: P, fcode: PPL | ADM1: Limburg, ADM2: Gemeente Heerlen, ADM3: , ADM4:  | Score: 106.39, Population: 93084 | Fuzzy match: 14.28571428571429
2025-08-17 16:02:03,356 WARNING ❌ No match found with fuzzy score > 80 for city: limburg
2025-08-17 16:02:03,357 WARNING ❌ Lookup failed for city='limburg', iso2='NL'
