2025-08-22 15:20:33,911 INFO 🗺️ Starting GeoNames lookup for city='northeast netherlands', country='netherlands'
2025-08-22 15:20:33,912 INFO 📍 Location is present in the following articles: [ObjectId('67fa8a62eaa4fb525afee15e')]
2025-08-22 15:20:34,067 INFO Comparing database entry: northeast netherlands with Kollumersweach returned from geonames.
2025-08-22 15:20:34,067 INFO 📄 Index 0 | Name: Kollumersweach | fcl: P, fcode: PPL | ADM1: Friesland, ADM2: Northeast Friesland, ADM3: , ADM4:  | Latitude: 53.26224, Longitude: 6.07544 | Score: 53.25, Population: 2805 | Fuzzy match: 28.57142857142857
2025-08-22 15:20:34,067 INFO Comparing database entry: northeast netherlands with Dokkum returned from geonames.
2025-08-22 15:20:34,068 INFO 📄 Index 1 | Name: Dokkum | fcl: P, fcode: PPLA2 | ADM1: Friesland, ADM2: Northeast Friesland, ADM3: , ADM4:  | Latitude: 53.32224, Longitude: 5.99697 | Score: 53.25, Population: 12669 | Fuzzy match: 14.814814814814813
2025-08-22 15:20:34,068 INFO Comparing database entry: northeast netherlands with Northeast Friesland returned from geonames.
2025-08-22 15:20:34,068 INFO 📄 Index 2 | Name: Northeast Friesland | fcl: A, fcode: ADM2 | ADM1: Friesland, ADM2: Northeast Friesland, ADM3: , ADM4:  | Latitude: 53.33212, Longitude: 6.02098 | Score: 47.77, Population: 45181 | Fuzzy match: 75.0
2025-08-22 15:20:34,068 INFO Comparing database entry: northeast netherlands with Moarre returned from geonames.
2025-08-22 15:20:34,068 INFO 📄 Index 3 | Name: Moarre | fcl: P, fcode: PPL | ADM1: Friesland, ADM2: Northeast Friesland, ADM3: , ADM4:  | Latitude: 53.37319, Longitude: 6.089 | Score: 43.45, Population: 160 | Fuzzy match: 22.22222222222222
2025-08-22 15:20:34,212 INFO Comparing database entry: northeast netherlands with Kollumersweach returned from geonames.
2025-08-22 15:20:34,212 INFO 📄 Index 0 | Name: Kollumersweach | fcl: P, fcode: PPL | ADM1: Friesland, ADM2: Northeast Friesland, ADM3: , ADM4:  | Latitude: 53.26224, Longitude: 6.07544 | Score: 53.25, Population: 2805 | Fuzzy match: 28.57142857142857
2025-08-22 15:20:34,212 INFO Comparing database entry: northeast netherlands with Dokkum returned from geonames.
2025-08-22 15:20:34,212 INFO 📄 Index 1 | Name: Dokkum | fcl: P, fcode: PPLA2 | ADM1: Friesland, ADM2: Northeast Friesland, ADM3: , ADM4:  | Latitude: 53.32224, Longitude: 5.99697 | Score: 53.25, Population: 12669 | Fuzzy match: 14.814814814814813
2025-08-22 15:20:34,212 INFO Comparing database entry: northeast netherlands with Northeast Friesland returned from geonames.
2025-08-22 15:20:34,212 INFO 📄 Index 2 | Name: Northeast Friesland | fcl: A, fcode: ADM2 | ADM1: Friesland, ADM2: Northeast Friesland, ADM3: , ADM4:  | Latitude: 53.33212, Longitude: 6.02098 | Score: 47.77, Population: 45181 | Fuzzy match: 75.0
2025-08-22 15:20:34,212 INFO Comparing database entry: northeast netherlands with Moarre returned from geonames.
2025-08-22 15:20:34,212 INFO 📄 Index 3 | Name: Moarre | fcl: P, fcode: PPL | ADM1: Friesland, ADM2: Northeast Friesland, ADM3: , ADM4:  | Latitude: 53.37319, Longitude: 6.089 | Score: 43.45, Population: 160 | Fuzzy match: 22.22222222222222
2025-08-22 15:20:34,365 INFO Comparing database entry: northeast netherlands with Kollumersweach returned from geonames.
2025-08-22 15:20:34,365 INFO 📄 Index 0 | Name: Kollumersweach | fcl: P, fcode: PPL | ADM1: Friesland, ADM2: Northeast Friesland, ADM3: , ADM4:  | Latitude: 53.26224, Longitude: 6.07544 | Score: 53.25, Population: 2805 | Fuzzy match: 28.57142857142857
2025-08-22 15:20:34,366 INFO Comparing database entry: northeast netherlands with Dokkum returned from geonames.
2025-08-22 15:20:34,366 INFO 📄 Index 1 | Name: Dokkum | fcl: P, fcode: PPLA2 | ADM1: Friesland, ADM2: Northeast Friesland, ADM3: , ADM4:  | Latitude: 53.32224, Longitude: 5.99697 | Score: 53.25, Population: 12669 | Fuzzy match: 14.814814814814813
2025-08-22 15:20:34,366 INFO Comparing database entry: northeast netherlands with Northeast Friesland returned from geonames.
2025-08-22 15:20:34,366 INFO 📄 Index 2 | Name: Northeast Friesland | fcl: A, fcode: ADM2 | ADM1: Friesland, ADM2: Northeast Friesland, ADM3: , ADM4:  | Latitude: 53.33212, Longitude: 6.02098 | Score: 47.77, Population: 45181 | Fuzzy match: 75.0
2025-08-22 15:20:34,366 INFO Comparing database entry: northeast netherlands with Moarre returned from geonames.
2025-08-22 15:20:34,366 INFO 📄 Index 3 | Name: Moarre | fcl: P, fcode: PPL | ADM1: Friesland, ADM2: Northeast Friesland, ADM3: , ADM4:  | Latitude: 53.37319, Longitude: 6.089 | Score: 43.45, Population: 160 | Fuzzy match: 22.22222222222222
2025-08-22 15:20:34,524 INFO Comparing database entry: northeast netherlands with Kollumersweach returned from geonames.
2025-08-22 15:20:34,524 INFO 📄 Index 0 | Name: Kollumersweach | fcl: P, fcode: PPL | ADM1: Friesland, ADM2: Northeast Friesland, ADM3: , ADM4:  | Latitude: 53.26224, Longitude: 6.07544 | Score: 53.25, Population: 2805 | Fuzzy match: 28.57142857142857
2025-08-22 15:20:34,525 INFO Comparing database entry: northeast netherlands with Dokkum returned from geonames.
2025-08-22 15:20:34,525 INFO 📄 Index 1 | Name: Dokkum | fcl: P, fcode: PPLA2 | ADM1: Friesland, ADM2: Northeast Friesland, ADM3: , ADM4:  | Latitude: 53.32224, Longitude: 5.99697 | Score: 53.25, Population: 12669 | Fuzzy match: 14.814814814814813
2025-08-22 15:20:34,525 INFO Comparing database entry: northeast netherlands with Northeast Friesland returned from geonames.
2025-08-22 15:20:34,525 INFO 📄 Index 2 | Name: Northeast Friesland | fcl: A, fcode: ADM2 | ADM1: Friesland, ADM2: Northeast Friesland, ADM3: , ADM4:  | Latitude: 53.33212, Longitude: 6.02098 | Score: 47.77, Population: 45181 | Fuzzy match: 75.0
2025-08-22 15:20:34,525 INFO Comparing database entry: northeast netherlands with Moarre returned from geonames.
2025-08-22 15:20:34,525 INFO 📄 Index 3 | Name: Moarre | fcl: P, fcode: PPL | ADM1: Friesland, ADM2: Northeast Friesland, ADM3: , ADM4:  | Latitude: 53.37319, Longitude: 6.089 | Score: 43.45, Population: 160 | Fuzzy match: 22.22222222222222
2025-08-22 15:20:34,667 INFO Comparing database entry: northeast netherlands with Kollumersweach returned from geonames.
2025-08-22 15:20:34,667 INFO 📄 Index 0 | Name: Kollumersweach | fcl: P, fcode: PPL | ADM1: Friesland, ADM2: Northeast Friesland, ADM3: , ADM4:  | Latitude: 53.26224, Longitude: 6.07544 | Score: 53.25, Population: 2805 | Fuzzy match: 28.57142857142857
2025-08-22 15:20:34,667 INFO Comparing database entry: northeast netherlands with Dokkum returned from geonames.
2025-08-22 15:20:34,667 INFO 📄 Index 1 | Name: Dokkum | fcl: P, fcode: PPLA2 | ADM1: Friesland, ADM2: Northeast Friesland, ADM3: , ADM4:  | Latitude: 53.32224, Longitude: 5.99697 | Score: 53.25, Population: 12669 | Fuzzy match: 14.814814814814813
2025-08-22 15:20:34,667 INFO Comparing database entry: northeast netherlands with Northeast Friesland returned from geonames.
2025-08-22 15:20:34,667 INFO 📄 Index 2 | Name: Northeast Friesland | fcl: A, fcode: ADM2 | ADM1: Friesland, ADM2: Northeast Friesland, ADM3: , ADM4:  | Latitude: 53.33212, Longitude: 6.02098 | Score: 47.77, Population: 45181 | Fuzzy match: 75.0
2025-08-22 15:20:34,667 INFO Comparing database entry: northeast netherlands with Moarre returned from geonames.
2025-08-22 15:20:34,667 INFO 📄 Index 3 | Name: Moarre | fcl: P, fcode: PPL | ADM1: Friesland, ADM2: Northeast Friesland, ADM3: , ADM4:  | Latitude: 53.37319, Longitude: 6.089 | Score: 43.45, Population: 160 | Fuzzy match: 22.22222222222222
2025-08-22 15:20:34,805 INFO Comparing database entry: northeast netherlands with Kollumersweach returned from geonames.
2025-08-22 15:20:34,805 INFO 📄 Index 0 | Name: Kollumersweach | fcl: P, fcode: PPL | ADM1: Friesland, ADM2: Northeast Friesland, ADM3: , ADM4:  | Latitude: 53.26224, Longitude: 6.07544 | Score: 53.25, Population: 2805 | Fuzzy match: 28.57142857142857
2025-08-22 15:20:34,805 INFO Comparing database entry: northeast netherlands with Dokkum returned from geonames.
2025-08-22 15:20:34,806 INFO 📄 Index 1 | Name: Dokkum | fcl: P, fcode: PPLA2 | ADM1: Friesland, ADM2: Northeast Friesland, ADM3: , ADM4:  | Latitude: 53.32224, Longitude: 5.99697 | Score: 53.25, Population: 12669 | Fuzzy match: 14.814814814814813
2025-08-22 15:20:34,806 INFO Comparing database entry: northeast netherlands with Northeast Friesland returned from geonames.
2025-08-22 15:20:34,806 INFO 📄 Index 2 | Name: Northeast Friesland | fcl: A, fcode: ADM2 | ADM1: Friesland, ADM2: Northeast Friesland, ADM3: , ADM4:  | Latitude: 53.33212, Longitude: 6.02098 | Score: 47.77, Population: 45181 | Fuzzy match: 75.0
2025-08-22 15:20:34,806 INFO Comparing database entry: northeast netherlands with Moarre returned from geonames.
2025-08-22 15:20:34,806 INFO 📄 Index 3 | Name: Moarre | fcl: P, fcode: PPL | ADM1: Friesland, ADM2: Northeast Friesland, ADM3: , ADM4:  | Latitude: 53.37319, Longitude: 6.089 | Score: 43.45, Population: 160 | Fuzzy match: 22.22222222222222
2025-08-22 15:20:34,806 WARNING ❌ No match found with fuzzy score > 80 for city: northeast netherlands
2025-08-22 15:20:34,806 WARNING ❌ Lookup failed for city='northeast_netherlands', iso2='NL'
