2025-08-24 16:19:09,979 INFO 🗺️ Starting GeoNames lookup for city='noord-brabant', country='netherlands'
2025-08-24 16:19:09,979 INFO 📍 Location is present in the following articles: [ObjectId('67fa7f45eaa4fb525afec347'), ObjectId('67fbf7a094b7f855cfea716c')]
2025-08-24 16:19:10,136 INFO Comparing database entry: noord-brabant with Eindhoven returned from geonames.
2025-08-24 16:19:10,136 INFO 📄 Index 0 | Name: Eindhoven | fcl: P, fcode: PPL | ADM1: North Brabant, ADM2: Eindhoven Municipality, ADM3: , ADM4:  | Latitude: 51.44083, Longitude: 5.47778 | Score: 192.84, Population: 209620 | Fuzzy match: 27.27272727272727
2025-08-24 16:19:10,136 INFO Comparing database entry: noord-brabant with Tilburg returned from geonames.
2025-08-24 16:19:10,136 INFO 📄 Index 1 | Name: Tilburg | fcl: P, fcode: PPL | ADM1: North Brabant, ADM2: Tilburg Municipality, ADM3: , ADM4:  | Latitude: 51.55551, Longitude: 5.0913 | Score: 192.84, Population: 199613 | Fuzzy match: 19.999999999999996
2025-08-24 16:19:10,136 INFO Comparing database entry: noord-brabant with Breda returned from geonames.
2025-08-24 16:19:10,136 INFO 📄 Index 2 | Name: Breda | fcl: P, fcode: PPL | ADM1: North Brabant, ADM2: Breda Municipality, ADM3: , ADM4:  | Latitude: 51.58656, Longitude: 4.77596 | Score: 180.29, Population: 167673 | Fuzzy match: 33.333333333333336
2025-08-24 16:19:10,136 INFO Comparing database entry: noord-brabant with 's-Hertogenbosch returned from geonames.
2025-08-24 16:19:10,136 INFO 📄 Index 3 | Name: 's-Hertogenbosch | fcl: P, fcode: PPLA | ADM1: North Brabant, ADM2: Gemeente 's-Hertogenbosch, ADM3: , ADM4:  | Latitude: 51.69917, Longitude: 5.30417 | Score: 134.16, Population: 134520 | Fuzzy match: 20.68965517241379
2025-08-24 16:19:10,271 INFO Comparing database entry: noord-brabant with Eindhoven returned from geonames.
2025-08-24 16:19:10,272 INFO 📄 Index 0 | Name: Eindhoven | fcl: P, fcode: PPL | ADM1: North Brabant, ADM2: Eindhoven Municipality, ADM3: , ADM4:  | Latitude: 51.44083, Longitude: 5.47778 | Score: 192.84, Population: 209620 | Fuzzy match: 27.27272727272727
2025-08-24 16:19:10,272 INFO Comparing database entry: noord-brabant with Tilburg returned from geonames.
2025-08-24 16:19:10,272 INFO 📄 Index 1 | Name: Tilburg | fcl: P, fcode: PPL | ADM1: North Brabant, ADM2: Tilburg Municipality, ADM3: , ADM4:  | Latitude: 51.55551, Longitude: 5.0913 | Score: 192.84, Population: 199613 | Fuzzy match: 19.999999999999996
2025-08-24 16:19:10,272 INFO Comparing database entry: noord-brabant with Breda returned from geonames.
2025-08-24 16:19:10,272 INFO 📄 Index 2 | Name: Breda | fcl: P, fcode: PPL | ADM1: North Brabant, ADM2: Breda Municipality, ADM3: , ADM4:  | Latitude: 51.58656, Longitude: 4.77596 | Score: 180.29, Population: 167673 | Fuzzy match: 33.333333333333336
2025-08-24 16:19:10,272 INFO Comparing database entry: noord-brabant with 's-Hertogenbosch returned from geonames.
2025-08-24 16:19:10,272 INFO 📄 Index 3 | Name: 's-Hertogenbosch | fcl: P, fcode: PPLA | ADM1: North Brabant, ADM2: Gemeente 's-Hertogenbosch, ADM3: , ADM4:  | Latitude: 51.69917, Longitude: 5.30417 | Score: 134.16, Population: 134520 | Fuzzy match: 20.68965517241379
2025-08-24 16:19:10,405 INFO Comparing database entry: noord-brabant with Eindhoven returned from geonames.
2025-08-24 16:19:10,406 INFO 📄 Index 0 | Name: Eindhoven | fcl: P, fcode: PPL | ADM1: North Brabant, ADM2: Eindhoven Municipality, ADM3: , ADM4:  | Latitude: 51.44083, Longitude: 5.47778 | Score: 192.84, Population: 209620 | Fuzzy match: 27.27272727272727
2025-08-24 16:19:10,406 INFO Comparing database entry: noord-brabant with Tilburg returned from geonames.
2025-08-24 16:19:10,406 INFO 📄 Index 1 | Name: Tilburg | fcl: P, fcode: PPL | ADM1: North Brabant, ADM2: Tilburg Municipality, ADM3: , ADM4:  | Latitude: 51.55551, Longitude: 5.0913 | Score: 192.84, Population: 199613 | Fuzzy match: 19.999999999999996
2025-08-24 16:19:10,406 INFO Comparing database entry: noord-brabant with Breda returned from geonames.
2025-08-24 16:19:10,406 INFO 📄 Index 2 | Name: Breda | fcl: P, fcode: PPL | ADM1: North Brabant, ADM2: Breda Municipality, ADM3: , ADM4:  | Latitude: 51.58656, Longitude: 4.77596 | Score: 180.29, Population: 167673 | Fuzzy match: 33.333333333333336
2025-08-24 16:19:10,406 INFO Comparing database entry: noord-brabant with 's-Hertogenbosch returned from geonames.
2025-08-24 16:19:10,406 INFO 📄 Index 3 | Name: 's-Hertogenbosch | fcl: P, fcode: PPLA | ADM1: North Brabant, ADM2: Gemeente 's-Hertogenbosch, ADM3: , ADM4:  | Latitude: 51.69917, Longitude: 5.30417 | Score: 134.16, Population: 134520 | Fuzzy match: 20.68965517241379
2025-08-24 16:19:10,575 INFO Comparing database entry: noord-brabant with Eindhoven returned from geonames.
2025-08-24 16:19:10,575 INFO 📄 Index 0 | Name: Eindhoven | fcl: P, fcode: PPL | ADM1: North Brabant, ADM2: Eindhoven Municipality, ADM3: , ADM4:  | Latitude: 51.44083, Longitude: 5.47778 | Score: 192.84, Population: 209620 | Fuzzy match: 27.27272727272727
2025-08-24 16:19:10,575 INFO Comparing database entry: noord-brabant with Tilburg returned from geonames.
2025-08-24 16:19:10,575 INFO 📄 Index 1 | Name: Tilburg | fcl: P, fcode: PPL | ADM1: North Brabant, ADM2: Tilburg Municipality, ADM3: , ADM4:  | Latitude: 51.55551, Longitude: 5.0913 | Score: 192.84, Population: 199613 | Fuzzy match: 19.999999999999996
2025-08-24 16:19:10,575 INFO Comparing database entry: noord-brabant with Breda returned from geonames.
2025-08-24 16:19:10,576 INFO 📄 Index 2 | Name: Breda | fcl: P, fcode: PPL | ADM1: North Brabant, ADM2: Breda Municipality, ADM3: , ADM4:  | Latitude: 51.58656, Longitude: 4.77596 | Score: 180.29, Population: 167673 | Fuzzy match: 33.333333333333336
2025-08-24 16:19:10,576 INFO Comparing database entry: noord-brabant with 's-Hertogenbosch returned from geonames.
2025-08-24 16:19:10,576 INFO 📄 Index 3 | Name: 's-Hertogenbosch | fcl: P, fcode: PPLA | ADM1: North Brabant, ADM2: Gemeente 's-Hertogenbosch, ADM3: , ADM4:  | Latitude: 51.69917, Longitude: 5.30417 | Score: 134.16, Population: 134520 | Fuzzy match: 20.68965517241379
2025-08-24 16:19:10,751 INFO Comparing database entry: noord-brabant with Eindhoven returned from geonames.
2025-08-24 16:19:10,751 INFO 📄 Index 0 | Name: Eindhoven | fcl: P, fcode: PPL | ADM1: North Brabant, ADM2: Eindhoven Municipality, ADM3: , ADM4:  | Latitude: 51.44083, Longitude: 5.47778 | Score: 192.84, Population: 209620 | Fuzzy match: 27.27272727272727
2025-08-24 16:19:10,751 INFO Comparing database entry: noord-brabant with Tilburg returned from geonames.
2025-08-24 16:19:10,751 INFO 📄 Index 1 | Name: Tilburg | fcl: P, fcode: PPL | ADM1: North Brabant, ADM2: Tilburg Municipality, ADM3: , ADM4:  | Latitude: 51.55551, Longitude: 5.0913 | Score: 192.84, Population: 199613 | Fuzzy match: 19.999999999999996
2025-08-24 16:19:10,751 INFO Comparing database entry: noord-brabant with Breda returned from geonames.
2025-08-24 16:19:10,751 INFO 📄 Index 2 | Name: Breda | fcl: P, fcode: PPL | ADM1: North Brabant, ADM2: Breda Municipality, ADM3: , ADM4:  | Latitude: 51.58656, Longitude: 4.77596 | Score: 180.29, Population: 167673 | Fuzzy match: 33.333333333333336
2025-08-24 16:19:10,751 INFO Comparing database entry: noord-brabant with 's-Hertogenbosch returned from geonames.
2025-08-24 16:19:10,752 INFO 📄 Index 3 | Name: 's-Hertogenbosch | fcl: P, fcode: PPLA | ADM1: North Brabant, ADM2: Gemeente 's-Hertogenbosch, ADM3: , ADM4:  | Latitude: 51.69917, Longitude: 5.30417 | Score: 134.16, Population: 134520 | Fuzzy match: 20.68965517241379
2025-08-24 16:19:10,934 INFO Comparing database entry: noord-brabant with Eindhoven returned from geonames.
2025-08-24 16:19:10,934 INFO 📄 Index 0 | Name: Eindhoven | fcl: P, fcode: PPL | ADM1: North Brabant, ADM2: Eindhoven Municipality, ADM3: , ADM4:  | Latitude: 51.44083, Longitude: 5.47778 | Score: 192.84, Population: 209620 | Fuzzy match: 27.27272727272727
2025-08-24 16:19:10,934 INFO Comparing database entry: noord-brabant with Tilburg returned from geonames.
2025-08-24 16:19:10,934 INFO 📄 Index 1 | Name: Tilburg | fcl: P, fcode: PPL | ADM1: North Brabant, ADM2: Tilburg Municipality, ADM3: , ADM4:  | Latitude: 51.55551, Longitude: 5.0913 | Score: 192.84, Population: 199613 | Fuzzy match: 19.999999999999996
2025-08-24 16:19:10,934 INFO Comparing database entry: noord-brabant with Breda returned from geonames.
2025-08-24 16:19:10,934 INFO 📄 Index 2 | Name: Breda | fcl: P, fcode: PPL | ADM1: North Brabant, ADM2: Breda Municipality, ADM3: , ADM4:  | Latitude: 51.58656, Longitude: 4.77596 | Score: 180.29, Population: 167673 | Fuzzy match: 33.333333333333336
2025-08-24 16:19:10,934 INFO Comparing database entry: noord-brabant with 's-Hertogenbosch returned from geonames.
2025-08-24 16:19:10,934 INFO 📄 Index 3 | Name: 's-Hertogenbosch | fcl: P, fcode: PPLA | ADM1: North Brabant, ADM2: Gemeente 's-Hertogenbosch, ADM3: , ADM4:  | Latitude: 51.69917, Longitude: 5.30417 | Score: 134.16, Population: 134520 | Fuzzy match: 20.68965517241379
2025-08-24 16:19:10,934 WARNING ❌ No match found with fuzzy score > 80 for city: noord-brabant
2025-08-24 16:19:10,935 WARNING ❌ Lookup failed for city='noordbrabant', iso2='NL'
