2025-08-18 21:22:01,957 INFO 🗺️ Starting GeoNames lookup for city='south holland', country='netherlands'
2025-08-18 21:22:01,957 INFO 📍 Location is present in the following articles: [ObjectId('67fa621c38fb90ab92f8c0be')]
2025-08-18 21:22:02,743 INFO Comparing database entry: south holland with The Hague returned from geonames.
2025-08-18 21:22:02,743 INFO 📄 Index 0 | Name: The Hague | fcl: P, fcode: PPLG | ADM1: South Holland, ADM2: Gemeente Den Haag, ADM3: , ADM4:  | Latitude: 52.07667, Longitude: 4.29861 | Score: 209.99, Population: 474292 | Fuzzy match: 45.45454545454546
2025-08-18 21:22:02,743 INFO Comparing database entry: south holland with Rotterdam returned from geonames.
2025-08-18 21:22:02,743 INFO 📄 Index 1 | Name: Rotterdam | fcl: P, fcode: PPL | ADM1: South Holland, ADM2: Rotterdam Municipality, ADM3: , ADM4:  | Latitude: 51.9225, Longitude: 4.47917 | Score: 209.99, Population: 598199 | Fuzzy match: 18.181818181818176
2025-08-18 21:22:02,743 INFO Comparing database entry: south holland with Zoetermeer returned from geonames.
2025-08-18 21:22:02,743 INFO 📄 Index 2 | Name: Zoetermeer | fcl: P, fcode: PPL | ADM1: South Holland, ADM2: Zoetermeer, ADM3: , ADM4:  | Latitude: 52.0575, Longitude: 4.49306 | Score: 133.02, Population: 115845 | Fuzzy match: 17.391304347826086
2025-08-18 21:22:02,743 INFO Comparing database entry: south holland with Leiden returned from geonames.
2025-08-18 21:22:02,743 INFO 📄 Index 3 | Name: Leiden | fcl: P, fcode: PPL | ADM1: South Holland, ADM2: Leiden Municipality, ADM3: , ADM4:  | Latitude: 52.15833, Longitude: 4.49306 | Score: 133.02, Population: 119713 | Fuzzy match: 21.052631578947366
2025-08-18 21:22:03,085 INFO Comparing database entry: south holland with The Hague returned from geonames.
2025-08-18 21:22:03,085 INFO 📄 Index 0 | Name: The Hague | fcl: P, fcode: PPLG | ADM1: South Holland, ADM2: Gemeente Den Haag, ADM3: , ADM4:  | Latitude: 52.07667, Longitude: 4.29861 | Score: 209.99, Population: 474292 | Fuzzy match: 45.45454545454546
2025-08-18 21:22:03,085 INFO Comparing database entry: south holland with Rotterdam returned from geonames.
2025-08-18 21:22:03,085 INFO 📄 Index 1 | Name: Rotterdam | fcl: P, fcode: PPL | ADM1: South Holland, ADM2: Rotterdam Municipality, ADM3: , ADM4:  | Latitude: 51.9225, Longitude: 4.47917 | Score: 209.99, Population: 598199 | Fuzzy match: 18.181818181818176
2025-08-18 21:22:03,085 INFO Comparing database entry: south holland with Zoetermeer returned from geonames.
2025-08-18 21:22:03,085 INFO 📄 Index 2 | Name: Zoetermeer | fcl: P, fcode: PPL | ADM1: South Holland, ADM2: Zoetermeer, ADM3: , ADM4:  | Latitude: 52.0575, Longitude: 4.49306 | Score: 133.02, Population: 115845 | Fuzzy match: 17.391304347826086
2025-08-18 21:22:03,085 INFO Comparing database entry: south holland with Leiden returned from geonames.
2025-08-18 21:22:03,085 INFO 📄 Index 3 | Name: Leiden | fcl: P, fcode: PPL | ADM1: South Holland, ADM2: Leiden Municipality, ADM3: , ADM4:  | Latitude: 52.15833, Longitude: 4.49306 | Score: 133.02, Population: 119713 | Fuzzy match: 21.052631578947366
2025-08-18 21:22:03,447 INFO Comparing database entry: south holland with The Hague returned from geonames.
2025-08-18 21:22:03,447 INFO 📄 Index 0 | Name: The Hague | fcl: P, fcode: PPLG | ADM1: South Holland, ADM2: Gemeente Den Haag, ADM3: , ADM4:  | Latitude: 52.07667, Longitude: 4.29861 | Score: 209.99, Population: 474292 | Fuzzy match: 45.45454545454546
2025-08-18 21:22:03,447 INFO Comparing database entry: south holland with Rotterdam returned from geonames.
2025-08-18 21:22:03,447 INFO 📄 Index 1 | Name: Rotterdam | fcl: P, fcode: PPL | ADM1: South Holland, ADM2: Rotterdam Municipality, ADM3: , ADM4:  | Latitude: 51.9225, Longitude: 4.47917 | Score: 209.99, Population: 598199 | Fuzzy match: 18.181818181818176
2025-08-18 21:22:03,447 INFO Comparing database entry: south holland with Zoetermeer returned from geonames.
2025-08-18 21:22:03,447 INFO 📄 Index 2 | Name: Zoetermeer | fcl: P, fcode: PPL | ADM1: South Holland, ADM2: Zoetermeer, ADM3: , ADM4:  | Latitude: 52.0575, Longitude: 4.49306 | Score: 133.02, Population: 115845 | Fuzzy match: 17.391304347826086
2025-08-18 21:22:03,447 INFO Comparing database entry: south holland with Leiden returned from geonames.
2025-08-18 21:22:03,448 INFO 📄 Index 3 | Name: Leiden | fcl: P, fcode: PPL | ADM1: South Holland, ADM2: Leiden Municipality, ADM3: , ADM4:  | Latitude: 52.15833, Longitude: 4.49306 | Score: 133.02, Population: 119713 | Fuzzy match: 21.052631578947366
2025-08-18 21:22:03,679 INFO Comparing database entry: south holland with The Hague returned from geonames.
2025-08-18 21:22:03,679 INFO 📄 Index 0 | Name: The Hague | fcl: P, fcode: PPLG | ADM1: South Holland, ADM2: Gemeente Den Haag, ADM3: , ADM4:  | Latitude: 52.07667, Longitude: 4.29861 | Score: 209.99, Population: 474292 | Fuzzy match: 45.45454545454546
2025-08-18 21:22:03,679 INFO Comparing database entry: south holland with Rotterdam returned from geonames.
2025-08-18 21:22:03,679 INFO 📄 Index 1 | Name: Rotterdam | fcl: P, fcode: PPL | ADM1: South Holland, ADM2: Rotterdam Municipality, ADM3: , ADM4:  | Latitude: 51.9225, Longitude: 4.47917 | Score: 209.99, Population: 598199 | Fuzzy match: 18.181818181818176
2025-08-18 21:22:03,679 INFO Comparing database entry: south holland with Zoetermeer returned from geonames.
2025-08-18 21:22:03,680 INFO 📄 Index 2 | Name: Zoetermeer | fcl: P, fcode: PPL | ADM1: South Holland, ADM2: Zoetermeer, ADM3: , ADM4:  | Latitude: 52.0575, Longitude: 4.49306 | Score: 133.02, Population: 115845 | Fuzzy match: 17.391304347826086
2025-08-18 21:22:03,680 INFO Comparing database entry: south holland with Leiden returned from geonames.
2025-08-18 21:22:03,680 INFO 📄 Index 3 | Name: Leiden | fcl: P, fcode: PPL | ADM1: South Holland, ADM2: Leiden Municipality, ADM3: , ADM4:  | Latitude: 52.15833, Longitude: 4.49306 | Score: 133.02, Population: 119713 | Fuzzy match: 21.052631578947366
2025-08-18 21:22:03,895 INFO Comparing database entry: south holland with The Hague returned from geonames.
2025-08-18 21:22:03,896 INFO 📄 Index 0 | Name: The Hague | fcl: P, fcode: PPLG | ADM1: South Holland, ADM2: Gemeente Den Haag, ADM3: , ADM4:  | Latitude: 52.07667, Longitude: 4.29861 | Score: 209.99, Population: 474292 | Fuzzy match: 45.45454545454546
2025-08-18 21:22:03,896 INFO Comparing database entry: south holland with Rotterdam returned from geonames.
2025-08-18 21:22:03,896 INFO 📄 Index 1 | Name: Rotterdam | fcl: P, fcode: PPL | ADM1: South Holland, ADM2: Rotterdam Municipality, ADM3: , ADM4:  | Latitude: 51.9225, Longitude: 4.47917 | Score: 209.99, Population: 598199 | Fuzzy match: 18.181818181818176
2025-08-18 21:22:03,896 INFO Comparing database entry: south holland with Zoetermeer returned from geonames.
2025-08-18 21:22:03,896 INFO 📄 Index 2 | Name: Zoetermeer | fcl: P, fcode: PPL | ADM1: South Holland, ADM2: Zoetermeer, ADM3: , ADM4:  | Latitude: 52.0575, Longitude: 4.49306 | Score: 133.02, Population: 115845 | Fuzzy match: 17.391304347826086
2025-08-18 21:22:03,896 INFO Comparing database entry: south holland with Leiden returned from geonames.
2025-08-18 21:22:03,896 INFO 📄 Index 3 | Name: Leiden | fcl: P, fcode: PPL | ADM1: South Holland, ADM2: Leiden Municipality, ADM3: , ADM4:  | Latitude: 52.15833, Longitude: 4.49306 | Score: 133.02, Population: 119713 | Fuzzy match: 21.052631578947366
2025-08-18 21:22:04,063 INFO Comparing database entry: south holland with The Hague returned from geonames.
2025-08-18 21:22:04,063 INFO 📄 Index 0 | Name: The Hague | fcl: P, fcode: PPLG | ADM1: South Holland, ADM2: Gemeente Den Haag, ADM3: , ADM4:  | Latitude: 52.07667, Longitude: 4.29861 | Score: 209.99, Population: 474292 | Fuzzy match: 45.45454545454546
2025-08-18 21:22:04,063 INFO Comparing database entry: south holland with Rotterdam returned from geonames.
2025-08-18 21:22:04,063 INFO 📄 Index 1 | Name: Rotterdam | fcl: P, fcode: PPL | ADM1: South Holland, ADM2: Rotterdam Municipality, ADM3: , ADM4:  | Latitude: 51.9225, Longitude: 4.47917 | Score: 209.99, Population: 598199 | Fuzzy match: 18.181818181818176
2025-08-18 21:22:04,063 INFO Comparing database entry: south holland with Zoetermeer returned from geonames.
2025-08-18 21:22:04,064 INFO 📄 Index 2 | Name: Zoetermeer | fcl: P, fcode: PPL | ADM1: South Holland, ADM2: Zoetermeer, ADM3: , ADM4:  | Latitude: 52.0575, Longitude: 4.49306 | Score: 133.02, Population: 115845 | Fuzzy match: 17.391304347826086
2025-08-18 21:22:04,064 INFO Comparing database entry: south holland with Leiden returned from geonames.
2025-08-18 21:22:04,064 INFO 📄 Index 3 | Name: Leiden | fcl: P, fcode: PPL | ADM1: South Holland, ADM2: Leiden Municipality, ADM3: , ADM4:  | Latitude: 52.15833, Longitude: 4.49306 | Score: 133.02, Population: 119713 | Fuzzy match: 21.052631578947366
2025-08-18 21:22:04,064 WARNING ❌ No match found with fuzzy score > 80 for city: south holland
2025-08-18 21:22:04,064 WARNING ❌ Lookup failed for city='south_holland', iso2='NL'
