2025-08-18 21:22:04,537 INFO 🗺️ Starting GeoNames lookup for city='vlissingen', country='netherlands'
2025-08-18 21:22:04,537 INFO 📍 Location is present in the following articles: [ObjectId('67fa5efc38fb90ab92f8b9e2'), ObjectId('67fa5f2138fb90ab92f8ba4b')]
2025-08-18 21:22:04,755 INFO Comparing database entry: vlissingen with Flushing returned from geonames.
2025-08-18 21:22:04,755 INFO 📄 Index 0 | Name: Flushing | fcl: P, fcode: PPL | ADM1: Zeeland, ADM2: Gemeente Vlissingen, ADM3: , ADM4:  | Latitude: 51.4425, Longitude: 3.57361 | Score: 106.98, Population: 45273 | Fuzzy match: 55.55555555555556
2025-08-18 21:22:04,755 INFO Comparing database entry: vlissingen with Gemeente Vlissingen returned from geonames.
2025-08-18 21:22:04,755 INFO 📄 Index 1 | Name: Gemeente Vlissingen | fcl: A, fcode: ADM2 | ADM1: Zeeland, ADM2: Gemeente Vlissingen, ADM3: , ADM4:  | Latitude: 51.45914, Longitude: 3.62325 | Score: 50.23, Population: 44358 | Fuzzy match: 68.96551724137932
2025-08-18 21:22:04,755 INFO Comparing database entry: vlissingen with West-Souburg returned from geonames.
2025-08-18 21:22:04,755 INFO 📄 Index 2 | Name: West-Souburg | fcl: P, fcode: PPL | ADM1: Zeeland, ADM2: Gemeente Vlissingen, ADM3: , ADM4:  | Latitude: 51.46417, Longitude: 3.59167 | Score: 34.18, Population: 1790 | Fuzzy match: 27.27272727272727
2025-08-18 21:22:04,755 INFO Comparing database entry: vlissingen with Ritthem returned from geonames.
2025-08-18 21:22:04,755 INFO 📄 Index 3 | Name: Ritthem | fcl: P, fcode: PPL | ADM1: Zeeland, ADM2: Gemeente Vlissingen, ADM3: , ADM4:  | Latitude: 51.4525, Longitude: 3.62639 | Score: 34.18, Population: 370 | Fuzzy match: 23.529411764705888
2025-08-18 21:22:05,098 INFO Comparing database entry: vlissingen with Flushing returned from geonames.
2025-08-18 21:22:05,098 INFO 📄 Index 0 | Name: Flushing | fcl: P, fcode: PPL | ADM1: Zeeland, ADM2: Gemeente Vlissingen, ADM3: , ADM4:  | Latitude: 51.4425, Longitude: 3.57361 | Score: 106.98, Population: 45273 | Fuzzy match: 55.55555555555556
2025-08-18 21:22:05,098 INFO Comparing database entry: vlissingen with Gemeente Vlissingen returned from geonames.
2025-08-18 21:22:05,098 INFO 📄 Index 1 | Name: Gemeente Vlissingen | fcl: A, fcode: ADM2 | ADM1: Zeeland, ADM2: Gemeente Vlissingen, ADM3: , ADM4:  | Latitude: 51.45914, Longitude: 3.62325 | Score: 50.23, Population: 44358 | Fuzzy match: 68.96551724137932
2025-08-18 21:22:05,098 INFO Comparing database entry: vlissingen with West-Souburg returned from geonames.
2025-08-18 21:22:05,099 INFO 📄 Index 2 | Name: West-Souburg | fcl: P, fcode: PPL | ADM1: Zeeland, ADM2: Gemeente Vlissingen, ADM3: , ADM4:  | Latitude: 51.46417, Longitude: 3.59167 | Score: 34.18, Population: 1790 | Fuzzy match: 27.27272727272727
2025-08-18 21:22:05,099 INFO Comparing database entry: vlissingen with Ritthem returned from geonames.
2025-08-18 21:22:05,099 INFO 📄 Index 3 | Name: Ritthem | fcl: P, fcode: PPL | ADM1: Zeeland, ADM2: Gemeente Vlissingen, ADM3: , ADM4:  | Latitude: 51.4525, Longitude: 3.62639 | Score: 34.18, Population: 370 | Fuzzy match: 23.529411764705888
2025-08-18 21:22:05,298 INFO Comparing database entry: vlissingen with Flushing returned from geonames.
2025-08-18 21:22:05,299 INFO 📄 Index 0 | Name: Flushing | fcl: P, fcode: PPL | ADM1: Zeeland, ADM2: Gemeente Vlissingen, ADM3: , ADM4:  | Latitude: 51.4425, Longitude: 3.57361 | Score: 106.98, Population: 45273 | Fuzzy match: 55.55555555555556
2025-08-18 21:22:05,299 INFO Comparing database entry: vlissingen with Gemeente Vlissingen returned from geonames.
2025-08-18 21:22:05,299 INFO 📄 Index 1 | Name: Gemeente Vlissingen | fcl: A, fcode: ADM2 | ADM1: Zeeland, ADM2: Gemeente Vlissingen, ADM3: , ADM4:  | Latitude: 51.45914, Longitude: 3.62325 | Score: 50.23, Population: 44358 | Fuzzy match: 68.96551724137932
2025-08-18 21:22:05,299 INFO Comparing database entry: vlissingen with West-Souburg returned from geonames.
2025-08-18 21:22:05,299 INFO 📄 Index 2 | Name: West-Souburg | fcl: P, fcode: PPL | ADM1: Zeeland, ADM2: Gemeente Vlissingen, ADM3: , ADM4:  | Latitude: 51.46417, Longitude: 3.59167 | Score: 34.18, Population: 1790 | Fuzzy match: 27.27272727272727
2025-08-18 21:22:05,299 INFO Comparing database entry: vlissingen with Ritthem returned from geonames.
2025-08-18 21:22:05,299 INFO 📄 Index 3 | Name: Ritthem | fcl: P, fcode: PPL | ADM1: Zeeland, ADM2: Gemeente Vlissingen, ADM3: , ADM4:  | Latitude: 51.4525, Longitude: 3.62639 | Score: 34.18, Population: 370 | Fuzzy match: 23.529411764705888
2025-08-18 21:22:05,608 INFO Comparing database entry: vlissingen with Flushing returned from geonames.
2025-08-18 21:22:05,608 INFO 📄 Index 0 | Name: Flushing | fcl: P, fcode: PPL | ADM1: Zeeland, ADM2: Gemeente Vlissingen, ADM3: , ADM4:  | Latitude: 51.4425, Longitude: 3.57361 | Score: 106.98, Population: 45273 | Fuzzy match: 55.55555555555556
2025-08-18 21:22:05,608 INFO Comparing database entry: vlissingen with Gemeente Vlissingen returned from geonames.
2025-08-18 21:22:05,608 INFO 📄 Index 1 | Name: Gemeente Vlissingen | fcl: A, fcode: ADM2 | ADM1: Zeeland, ADM2: Gemeente Vlissingen, ADM3: , ADM4:  | Latitude: 51.45914, Longitude: 3.62325 | Score: 50.23, Population: 44358 | Fuzzy match: 68.96551724137932
2025-08-18 21:22:05,609 INFO Comparing database entry: vlissingen with West-Souburg returned from geonames.
2025-08-18 21:22:05,609 INFO 📄 Index 2 | Name: West-Souburg | fcl: P, fcode: PPL | ADM1: Zeeland, ADM2: Gemeente Vlissingen, ADM3: , ADM4:  | Latitude: 51.46417, Longitude: 3.59167 | Score: 34.18, Population: 1790 | Fuzzy match: 27.27272727272727
2025-08-18 21:22:05,609 INFO Comparing database entry: vlissingen with Ritthem returned from geonames.
2025-08-18 21:22:05,609 INFO 📄 Index 3 | Name: Ritthem | fcl: P, fcode: PPL | ADM1: Zeeland, ADM2: Gemeente Vlissingen, ADM3: , ADM4:  | Latitude: 51.4525, Longitude: 3.62639 | Score: 34.18, Population: 370 | Fuzzy match: 23.529411764705888
2025-08-18 21:22:05,916 INFO Comparing database entry: vlissingen with Flushing returned from geonames.
2025-08-18 21:22:05,917 INFO 📄 Index 0 | Name: Flushing | fcl: P, fcode: PPL | ADM1: Zeeland, ADM2: Gemeente Vlissingen, ADM3: , ADM4:  | Latitude: 51.4425, Longitude: 3.57361 | Score: 106.98, Population: 45273 | Fuzzy match: 55.55555555555556
2025-08-18 21:22:05,917 INFO Comparing database entry: vlissingen with Gemeente Vlissingen returned from geonames.
2025-08-18 21:22:05,917 INFO 📄 Index 1 | Name: Gemeente Vlissingen | fcl: A, fcode: ADM2 | ADM1: Zeeland, ADM2: Gemeente Vlissingen, ADM3: , ADM4:  | Latitude: 51.45914, Longitude: 3.62325 | Score: 50.23, Population: 44358 | Fuzzy match: 68.96551724137932
2025-08-18 21:22:05,917 INFO Comparing database entry: vlissingen with West-Souburg returned from geonames.
2025-08-18 21:22:05,917 INFO 📄 Index 2 | Name: West-Souburg | fcl: P, fcode: PPL | ADM1: Zeeland, ADM2: Gemeente Vlissingen, ADM3: , ADM4:  | Latitude: 51.46417, Longitude: 3.59167 | Score: 34.18, Population: 1790 | Fuzzy match: 27.27272727272727
2025-08-18 21:22:05,917 INFO Comparing database entry: vlissingen with Ritthem returned from geonames.
2025-08-18 21:22:05,917 INFO 📄 Index 3 | Name: Ritthem | fcl: P, fcode: PPL | ADM1: Zeeland, ADM2: Gemeente Vlissingen, ADM3: , ADM4:  | Latitude: 51.4525, Longitude: 3.62639 | Score: 34.18, Population: 370 | Fuzzy match: 23.529411764705888
2025-08-18 21:22:06,094 INFO Comparing database entry: vlissingen with Flushing returned from geonames.
2025-08-18 21:22:06,095 INFO 📄 Index 0 | Name: Flushing | fcl: P, fcode: PPL | ADM1: Zeeland, ADM2: Gemeente Vlissingen, ADM3: , ADM4:  | Latitude: 51.4425, Longitude: 3.57361 | Score: 106.98, Population: 45273 | Fuzzy match: 55.55555555555556
2025-08-18 21:22:06,095 INFO Comparing database entry: vlissingen with Gemeente Vlissingen returned from geonames.
2025-08-18 21:22:06,095 INFO 📄 Index 1 | Name: Gemeente Vlissingen | fcl: A, fcode: ADM2 | ADM1: Zeeland, ADM2: Gemeente Vlissingen, ADM3: , ADM4:  | Latitude: 51.45914, Longitude: 3.62325 | Score: 50.23, Population: 44358 | Fuzzy match: 68.96551724137932
2025-08-18 21:22:06,095 INFO Comparing database entry: vlissingen with West-Souburg returned from geonames.
2025-08-18 21:22:06,095 INFO 📄 Index 2 | Name: West-Souburg | fcl: P, fcode: PPL | ADM1: Zeeland, ADM2: Gemeente Vlissingen, ADM3: , ADM4:  | Latitude: 51.46417, Longitude: 3.59167 | Score: 34.18, Population: 1790 | Fuzzy match: 27.27272727272727
2025-08-18 21:22:06,095 INFO Comparing database entry: vlissingen with Ritthem returned from geonames.
2025-08-18 21:22:06,095 INFO 📄 Index 3 | Name: Ritthem | fcl: P, fcode: PPL | ADM1: Zeeland, ADM2: Gemeente Vlissingen, ADM3: , ADM4:  | Latitude: 51.4525, Longitude: 3.62639 | Score: 34.18, Population: 370 | Fuzzy match: 23.529411764705888
2025-08-18 21:22:06,095 WARNING ❌ No match found with fuzzy score > 80 for city: vlissingen
2025-08-18 21:22:06,096 WARNING ❌ Lookup failed for city='vlissingen', iso2='NL'
