2025-08-24 16:19:16,062 INFO 🗺️ Starting GeoNames lookup for city='waal', country='netherlands'
2025-08-24 16:19:16,062 INFO 📍 Location is present in the following articles: [ObjectId('67fa7feaeaa4fb525afec5f1')]
2025-08-24 16:19:16,192 INFO Comparing database entry: waal with West Maas en Waal Municipality returned from geonames.
2025-08-24 16:19:16,192 INFO 📄 Index 0 | Name: West Maas en Waal Municipality | fcl: A, fcode: ADM2 | ADM1: Gelderland, ADM2: West Maas en Waal Municipality, ADM3: , ADM4:  | Latitude: 51.84494, Longitude: 5.51074 | Score: 49.30, Population: 19581 | Fuzzy match: 23.529411764705888
2025-08-24 16:19:16,192 INFO Comparing database entry: waal with Tull en 't Waal returned from geonames.
2025-08-24 16:19:16,193 INFO 📄 Index 1 | Name: Tull en 't Waal | fcl: P, fcode: PPL | ADM1: Utrecht, ADM2: Houten, ADM3: , ADM4:  | Latitude: 52.00083, Longitude: 5.13194 | Score: 40.42, Population: 0 | Fuzzy match: 42.10526315789473
2025-08-24 16:19:16,193 INFO Comparing database entry: waal with Maasbommel returned from geonames.
2025-08-24 16:19:16,193 INFO 📄 Index 2 | Name: Maasbommel | fcl: P, fcode: PPL | ADM1: Gelderland, ADM2: West Maas en Waal Municipality, ADM3: , ADM4:  | Latitude: 51.82167, Longitude: 5.53611 | Score: 35.81, Population: 0 | Fuzzy match: 42.85714285714286
2025-08-24 16:19:16,193 INFO Comparing database entry: waal with Dreumel returned from geonames.
2025-08-24 16:19:16,193 INFO 📄 Index 3 | Name: Dreumel | fcl: P, fcode: PPL | ADM1: Gelderland, ADM2: West Maas en Waal Municipality, ADM3: , ADM4:  | Latitude: 51.84917, Longitude: 5.43333 | Score: 35.81, Population: 0 | Fuzzy match: 18.181818181818176
2025-08-24 16:19:16,320 INFO Comparing database entry: waal with West Maas en Waal Municipality returned from geonames.
2025-08-24 16:19:16,321 INFO 📄 Index 0 | Name: West Maas en Waal Municipality | fcl: A, fcode: ADM2 | ADM1: Gelderland, ADM2: West Maas en Waal Municipality, ADM3: , ADM4:  | Latitude: 51.84494, Longitude: 5.51074 | Score: 49.30, Population: 19581 | Fuzzy match: 23.529411764705888
2025-08-24 16:19:16,321 INFO Comparing database entry: waal with Tull en 't Waal returned from geonames.
2025-08-24 16:19:16,321 INFO 📄 Index 1 | Name: Tull en 't Waal | fcl: P, fcode: PPL | ADM1: Utrecht, ADM2: Houten, ADM3: , ADM4:  | Latitude: 52.00083, Longitude: 5.13194 | Score: 40.42, Population: 0 | Fuzzy match: 42.10526315789473
2025-08-24 16:19:16,321 INFO Comparing database entry: waal with Maasbommel returned from geonames.
2025-08-24 16:19:16,321 INFO 📄 Index 2 | Name: Maasbommel | fcl: P, fcode: PPL | ADM1: Gelderland, ADM2: West Maas en Waal Municipality, ADM3: , ADM4:  | Latitude: 51.82167, Longitude: 5.53611 | Score: 35.81, Population: 0 | Fuzzy match: 42.85714285714286
2025-08-24 16:19:16,321 INFO Comparing database entry: waal with Dreumel returned from geonames.
2025-08-24 16:19:16,321 INFO 📄 Index 3 | Name: Dreumel | fcl: P, fcode: PPL | ADM1: Gelderland, ADM2: West Maas en Waal Municipality, ADM3: , ADM4:  | Latitude: 51.84917, Longitude: 5.43333 | Score: 35.81, Population: 0 | Fuzzy match: 18.181818181818176
2025-08-24 16:19:16,456 INFO Comparing database entry: waal with West Maas en Waal Municipality returned from geonames.
2025-08-24 16:19:16,457 INFO 📄 Index 0 | Name: West Maas en Waal Municipality | fcl: A, fcode: ADM2 | ADM1: Gelderland, ADM2: West Maas en Waal Municipality, ADM3: , ADM4:  | Latitude: 51.84494, Longitude: 5.51074 | Score: 49.30, Population: 19581 | Fuzzy match: 23.529411764705888
2025-08-24 16:19:16,457 INFO Comparing database entry: waal with Tull en 't Waal returned from geonames.
2025-08-24 16:19:16,457 INFO 📄 Index 1 | Name: Tull en 't Waal | fcl: P, fcode: PPL | ADM1: Utrecht, ADM2: Houten, ADM3: , ADM4:  | Latitude: 52.00083, Longitude: 5.13194 | Score: 40.42, Population: 0 | Fuzzy match: 42.10526315789473
2025-08-24 16:19:16,457 INFO Comparing database entry: waal with Maasbommel returned from geonames.
2025-08-24 16:19:16,457 INFO 📄 Index 2 | Name: Maasbommel | fcl: P, fcode: PPL | ADM1: Gelderland, ADM2: West Maas en Waal Municipality, ADM3: , ADM4:  | Latitude: 51.82167, Longitude: 5.53611 | Score: 35.81, Population: 0 | Fuzzy match: 42.85714285714286
2025-08-24 16:19:16,457 INFO Comparing database entry: waal with Dreumel returned from geonames.
2025-08-24 16:19:16,457 INFO 📄 Index 3 | Name: Dreumel | fcl: P, fcode: PPL | ADM1: Gelderland, ADM2: West Maas en Waal Municipality, ADM3: , ADM4:  | Latitude: 51.84917, Longitude: 5.43333 | Score: 35.81, Population: 0 | Fuzzy match: 18.181818181818176
2025-08-24 16:19:16,612 INFO Comparing database entry: waal with West Maas en Waal Municipality returned from geonames.
2025-08-24 16:19:16,612 INFO 📄 Index 0 | Name: West Maas en Waal Municipality | fcl: A, fcode: ADM2 | ADM1: Gelderland, ADM2: West Maas en Waal Municipality, ADM3: , ADM4:  | Latitude: 51.84494, Longitude: 5.51074 | Score: 49.30, Population: 19581 | Fuzzy match: 23.529411764705888
2025-08-24 16:19:16,612 INFO Comparing database entry: waal with Tull en 't Waal returned from geonames.
2025-08-24 16:19:16,613 INFO 📄 Index 1 | Name: Tull en 't Waal | fcl: P, fcode: PPL | ADM1: Utrecht, ADM2: Houten, ADM3: , ADM4:  | Latitude: 52.00083, Longitude: 5.13194 | Score: 40.42, Population: 0 | Fuzzy match: 42.10526315789473
2025-08-24 16:19:16,613 INFO Comparing database entry: waal with Maasbommel returned from geonames.
2025-08-24 16:19:16,613 INFO 📄 Index 2 | Name: Maasbommel | fcl: P, fcode: PPL | ADM1: Gelderland, ADM2: West Maas en Waal Municipality, ADM3: , ADM4:  | Latitude: 51.82167, Longitude: 5.53611 | Score: 35.81, Population: 0 | Fuzzy match: 42.85714285714286
2025-08-24 16:19:16,613 INFO Comparing database entry: waal with Dreumel returned from geonames.
2025-08-24 16:19:16,613 INFO 📄 Index 3 | Name: Dreumel | fcl: P, fcode: PPL | ADM1: Gelderland, ADM2: West Maas en Waal Municipality, ADM3: , ADM4:  | Latitude: 51.84917, Longitude: 5.43333 | Score: 35.81, Population: 0 | Fuzzy match: 18.181818181818176
2025-08-24 16:19:16,780 INFO Comparing database entry: waal with West Maas en Waal Municipality returned from geonames.
2025-08-24 16:19:16,780 INFO 📄 Index 0 | Name: West Maas en Waal Municipality | fcl: A, fcode: ADM2 | ADM1: Gelderland, ADM2: West Maas en Waal Municipality, ADM3: , ADM4:  | Latitude: 51.84494, Longitude: 5.51074 | Score: 49.30, Population: 19581 | Fuzzy match: 23.529411764705888
2025-08-24 16:19:16,781 INFO Comparing database entry: waal with Tull en 't Waal returned from geonames.
2025-08-24 16:19:16,781 INFO 📄 Index 1 | Name: Tull en 't Waal | fcl: P, fcode: PPL | ADM1: Utrecht, ADM2: Houten, ADM3: , ADM4:  | Latitude: 52.00083, Longitude: 5.13194 | Score: 40.42, Population: 0 | Fuzzy match: 42.10526315789473
2025-08-24 16:19:16,781 INFO Comparing database entry: waal with Maasbommel returned from geonames.
2025-08-24 16:19:16,781 INFO 📄 Index 2 | Name: Maasbommel | fcl: P, fcode: PPL | ADM1: Gelderland, ADM2: West Maas en Waal Municipality, ADM3: , ADM4:  | Latitude: 51.82167, Longitude: 5.53611 | Score: 35.81, Population: 0 | Fuzzy match: 42.85714285714286
2025-08-24 16:19:16,781 INFO Comparing database entry: waal with Dreumel returned from geonames.
2025-08-24 16:19:16,781 INFO 📄 Index 3 | Name: Dreumel | fcl: P, fcode: PPL | ADM1: Gelderland, ADM2: West Maas en Waal Municipality, ADM3: , ADM4:  | Latitude: 51.84917, Longitude: 5.43333 | Score: 35.81, Population: 0 | Fuzzy match: 18.181818181818176
2025-08-24 16:19:16,920 INFO Comparing database entry: waal with West Maas en Waal Municipality returned from geonames.
2025-08-24 16:19:16,920 INFO 📄 Index 0 | Name: West Maas en Waal Municipality | fcl: A, fcode: ADM2 | ADM1: Gelderland, ADM2: West Maas en Waal Municipality, ADM3: , ADM4:  | Latitude: 51.84494, Longitude: 5.51074 | Score: 49.30, Population: 19581 | Fuzzy match: 23.529411764705888
2025-08-24 16:19:16,920 INFO Comparing database entry: waal with Tull en 't Waal returned from geonames.
2025-08-24 16:19:16,920 INFO 📄 Index 1 | Name: Tull en 't Waal | fcl: P, fcode: PPL | ADM1: Utrecht, ADM2: Houten, ADM3: , ADM4:  | Latitude: 52.00083, Longitude: 5.13194 | Score: 40.42, Population: 0 | Fuzzy match: 42.10526315789473
2025-08-24 16:19:16,921 INFO Comparing database entry: waal with Maasbommel returned from geonames.
2025-08-24 16:19:16,921 INFO 📄 Index 2 | Name: Maasbommel | fcl: P, fcode: PPL | ADM1: Gelderland, ADM2: West Maas en Waal Municipality, ADM3: , ADM4:  | Latitude: 51.82167, Longitude: 5.53611 | Score: 35.81, Population: 0 | Fuzzy match: 42.85714285714286
2025-08-24 16:19:16,921 INFO Comparing database entry: waal with Dreumel returned from geonames.
2025-08-24 16:19:16,921 INFO 📄 Index 3 | Name: Dreumel | fcl: P, fcode: PPL | ADM1: Gelderland, ADM2: West Maas en Waal Municipality, ADM3: , ADM4:  | Latitude: 51.84917, Longitude: 5.43333 | Score: 35.81, Population: 0 | Fuzzy match: 18.181818181818176
2025-08-24 16:19:16,921 WARNING ❌ No match found with fuzzy score > 80 for city: waal
2025-08-24 16:19:16,921 WARNING ❌ Lookup failed for city='waal', iso2='NL'
