2025-08-18 17:46:12,240 INFO 🗺️ Starting GeoNames lookup for city='zeeland', country='netherlands'
2025-08-18 17:46:12,240 INFO 📍 Location is present in the following articles: [ObjectId('68409ee6c202c40b602d3707')]
2025-08-18 17:46:12,462 INFO Comparing database entry: zeeland with Middelburg returned from geonames.
2025-08-18 17:46:12,462 INFO 📄 Index 0 | Name: Middelburg | fcl: P, fcode: PPLA | ADM1: Zeeland, ADM2: Gemeente Middelburg, ADM3: , ADM4:  | Score: 117.21, Population: 46485 | Fuzzy match: 23.529411764705888
2025-08-18 17:46:12,462 INFO Comparing database entry: zeeland with Goes returned from geonames.
2025-08-18 17:46:12,462 INFO 📄 Index 1 | Name: Goes | fcl: P, fcode: PPL | ADM1: Zeeland, ADM2: Gemeente Goes, ADM3: , ADM4:  | Score: 93.77, Population: 36931 | Fuzzy match: 18.181818181818176
2025-08-18 17:46:12,462 INFO Comparing database entry: zeeland with Flushing returned from geonames.
2025-08-18 17:46:12,463 INFO 📄 Index 2 | Name: Flushing | fcl: P, fcode: PPL | ADM1: Zeeland, ADM2: Gemeente Vlissingen, ADM3: , ADM4:  | Score: 93.77, Population: 45273 | Fuzzy match: 26.66666666666667
2025-08-18 17:46:12,463 INFO Comparing database entry: zeeland with Terneuzen returned from geonames.
2025-08-18 17:46:12,463 INFO 📄 Index 3 | Name: Terneuzen | fcl: P, fcode: PPL | ADM1: Zeeland, ADM2: Gemeente Terneuzen, ADM3: , ADM4:  | Score: 93.77, Population: 27930 | Fuzzy match: 37.5
2025-08-18 17:46:12,631 INFO Comparing database entry: zeeland with Middelburg returned from geonames.
2025-08-18 17:46:12,631 INFO 📄 Index 0 | Name: Middelburg | fcl: P, fcode: PPLA | ADM1: Zeeland, ADM2: Gemeente Middelburg, ADM3: , ADM4:  | Score: 117.21, Population: 46485 | Fuzzy match: 23.529411764705888
2025-08-18 17:46:12,631 INFO Comparing database entry: zeeland with Goes returned from geonames.
2025-08-18 17:46:12,631 INFO 📄 Index 1 | Name: Goes | fcl: P, fcode: PPL | ADM1: Zeeland, ADM2: Gemeente Goes, ADM3: , ADM4:  | Score: 93.77, Population: 36931 | Fuzzy match: 18.181818181818176
2025-08-18 17:46:12,631 INFO Comparing database entry: zeeland with Flushing returned from geonames.
2025-08-18 17:46:12,631 INFO 📄 Index 2 | Name: Flushing | fcl: P, fcode: PPL | ADM1: Zeeland, ADM2: Gemeente Vlissingen, ADM3: , ADM4:  | Score: 93.77, Population: 45273 | Fuzzy match: 26.66666666666667
2025-08-18 17:46:12,631 INFO Comparing database entry: zeeland with Terneuzen returned from geonames.
2025-08-18 17:46:12,632 INFO 📄 Index 3 | Name: Terneuzen | fcl: P, fcode: PPL | ADM1: Zeeland, ADM2: Gemeente Terneuzen, ADM3: , ADM4:  | Score: 93.77, Population: 27930 | Fuzzy match: 37.5
2025-08-18 17:46:12,804 INFO Comparing database entry: zeeland with Middelburg returned from geonames.
2025-08-18 17:46:12,804 INFO 📄 Index 0 | Name: Middelburg | fcl: P, fcode: PPLA | ADM1: Zeeland, ADM2: Gemeente Middelburg, ADM3: , ADM4:  | Score: 117.21, Population: 46485 | Fuzzy match: 23.529411764705888
2025-08-18 17:46:12,804 INFO Comparing database entry: zeeland with Goes returned from geonames.
2025-08-18 17:46:12,804 INFO 📄 Index 1 | Name: Goes | fcl: P, fcode: PPL | ADM1: Zeeland, ADM2: Gemeente Goes, ADM3: , ADM4:  | Score: 93.77, Population: 36931 | Fuzzy match: 18.181818181818176
2025-08-18 17:46:12,804 INFO Comparing database entry: zeeland with Flushing returned from geonames.
2025-08-18 17:46:12,805 INFO 📄 Index 2 | Name: Flushing | fcl: P, fcode: PPL | ADM1: Zeeland, ADM2: Gemeente Vlissingen, ADM3: , ADM4:  | Score: 93.77, Population: 45273 | Fuzzy match: 26.66666666666667
2025-08-18 17:46:12,805 INFO Comparing database entry: zeeland with Terneuzen returned from geonames.
2025-08-18 17:46:12,805 INFO 📄 Index 3 | Name: Terneuzen | fcl: P, fcode: PPL | ADM1: Zeeland, ADM2: Gemeente Terneuzen, ADM3: , ADM4:  | Score: 93.77, Population: 27930 | Fuzzy match: 37.5
2025-08-18 17:46:12,979 INFO Comparing database entry: zeeland with Middelburg returned from geonames.
2025-08-18 17:46:12,980 INFO 📄 Index 0 | Name: Middelburg | fcl: P, fcode: PPLA | ADM1: Zeeland, ADM2: Gemeente Middelburg, ADM3: , ADM4:  | Score: 117.21, Population: 46485 | Fuzzy match: 23.529411764705888
2025-08-18 17:46:12,980 INFO Comparing database entry: zeeland with Goes returned from geonames.
2025-08-18 17:46:12,980 INFO 📄 Index 1 | Name: Goes | fcl: P, fcode: PPL | ADM1: Zeeland, ADM2: Gemeente Goes, ADM3: , ADM4:  | Score: 93.77, Population: 36931 | Fuzzy match: 18.181818181818176
2025-08-18 17:46:12,980 INFO Comparing database entry: zeeland with Flushing returned from geonames.
2025-08-18 17:46:12,980 INFO 📄 Index 2 | Name: Flushing | fcl: P, fcode: PPL | ADM1: Zeeland, ADM2: Gemeente Vlissingen, ADM3: , ADM4:  | Score: 93.77, Population: 45273 | Fuzzy match: 26.66666666666667
2025-08-18 17:46:12,980 INFO Comparing database entry: zeeland with Terneuzen returned from geonames.
2025-08-18 17:46:12,980 INFO 📄 Index 3 | Name: Terneuzen | fcl: P, fcode: PPL | ADM1: Zeeland, ADM2: Gemeente Terneuzen, ADM3: , ADM4:  | Score: 93.77, Population: 27930 | Fuzzy match: 37.5
2025-08-18 17:46:13,128 INFO Comparing database entry: zeeland with Middelburg returned from geonames.
2025-08-18 17:46:13,128 INFO 📄 Index 0 | Name: Middelburg | fcl: P, fcode: PPLA | ADM1: Zeeland, ADM2: Gemeente Middelburg, ADM3: , ADM4:  | Score: 117.21, Population: 46485 | Fuzzy match: 23.529411764705888
2025-08-18 17:46:13,128 INFO Comparing database entry: zeeland with Goes returned from geonames.
2025-08-18 17:46:13,129 INFO 📄 Index 1 | Name: Goes | fcl: P, fcode: PPL | ADM1: Zeeland, ADM2: Gemeente Goes, ADM3: , ADM4:  | Score: 93.77, Population: 36931 | Fuzzy match: 18.181818181818176
2025-08-18 17:46:13,129 INFO Comparing database entry: zeeland with Flushing returned from geonames.
2025-08-18 17:46:13,129 INFO 📄 Index 2 | Name: Flushing | fcl: P, fcode: PPL | ADM1: Zeeland, ADM2: Gemeente Vlissingen, ADM3: , ADM4:  | Score: 93.77, Population: 45273 | Fuzzy match: 26.66666666666667
2025-08-18 17:46:13,129 INFO Comparing database entry: zeeland with Terneuzen returned from geonames.
2025-08-18 17:46:13,129 INFO 📄 Index 3 | Name: Terneuzen | fcl: P, fcode: PPL | ADM1: Zeeland, ADM2: Gemeente Terneuzen, ADM3: , ADM4:  | Score: 93.77, Population: 27930 | Fuzzy match: 37.5
2025-08-18 17:46:13,263 INFO Comparing database entry: zeeland with Middelburg returned from geonames.
2025-08-18 17:46:13,263 INFO 📄 Index 0 | Name: Middelburg | fcl: P, fcode: PPLA | ADM1: Zeeland, ADM2: Gemeente Middelburg, ADM3: , ADM4:  | Score: 117.21, Population: 46485 | Fuzzy match: 23.529411764705888
2025-08-18 17:46:13,263 INFO Comparing database entry: zeeland with Goes returned from geonames.
2025-08-18 17:46:13,263 INFO 📄 Index 1 | Name: Goes | fcl: P, fcode: PPL | ADM1: Zeeland, ADM2: Gemeente Goes, ADM3: , ADM4:  | Score: 93.77, Population: 36931 | Fuzzy match: 18.181818181818176
2025-08-18 17:46:13,263 INFO Comparing database entry: zeeland with Flushing returned from geonames.
2025-08-18 17:46:13,263 INFO 📄 Index 2 | Name: Flushing | fcl: P, fcode: PPL | ADM1: Zeeland, ADM2: Gemeente Vlissingen, ADM3: , ADM4:  | Score: 93.77, Population: 45273 | Fuzzy match: 26.66666666666667
2025-08-18 17:46:13,263 INFO Comparing database entry: zeeland with Terneuzen returned from geonames.
2025-08-18 17:46:13,263 INFO 📄 Index 3 | Name: Terneuzen | fcl: P, fcode: PPL | ADM1: Zeeland, ADM2: Gemeente Terneuzen, ADM3: , ADM4:  | Score: 93.77, Population: 27930 | Fuzzy match: 37.5
2025-08-18 17:46:13,263 WARNING ❌ No match found with fuzzy score > 80 for city: zeeland
2025-08-18 17:46:13,264 WARNING ❌ Lookup failed for city='zeeland', iso2='NL'
