2025-08-24 16:19:20,340 INFO 🗺️ Starting GeoNames lookup for city='ardal', country='norway'
2025-08-24 16:19:20,341 INFO 📍 Location is present in the following articles: [ObjectId('68a74e672540c6d36003b4af')]
2025-08-24 16:19:20,553 INFO Comparing database entry: ardal with Årdal returned from geonames.
2025-08-24 16:19:20,553 INFO 📄 Index 0 | Name: Årdal | fcl: A, fcode: ADM2 | ADM1: Vestland, ADM2: Årdal, ADM3: , ADM4:  | Latitude: 61.23639, Longitude: 7.70204 | Score: 32.37, Population: 5193 | Fuzzy match: 80.0
2025-08-24 16:19:20,554 INFO Comparing database entry: ardal with Øvre Årdal returned from geonames.
2025-08-24 16:19:20,554 INFO 📄 Index 1 | Name: Øvre Årdal | fcl: P, fcode: PPL | ADM1: Vestland, ADM2: Årdal, ADM3: , ADM4:  | Latitude: 61.30886, Longitude: 7.80284 | Score: 24.40, Population: 0 | Fuzzy match: 53.333333333333336
2025-08-24 16:19:20,554 INFO Comparing database entry: ardal with Årdal returned from geonames.
2025-08-24 16:19:20,554 INFO 📄 Index 2 | Name: Årdal | fcl: P, fcode: PPL | ADM1: Rogaland, ADM2: Hjelmeland, ADM3: , ADM4:  | Latitude: 59.15497, Longitude: 6.19426 | Score: 18.45, Population: 0 | Fuzzy match: 80.0
2025-08-24 16:19:20,554 INFO Comparing database entry: ardal with Naddvik returned from geonames.
2025-08-24 16:19:20,554 INFO 📄 Index 3 | Name: Naddvik | fcl: P, fcode: PPL | ADM1: Vestland, ADM2: Årdal, ADM3: , ADM4:  | Latitude: 61.19233, Longitude: 7.61892 | Score: 17.66, Population: 0 | Fuzzy match: 33.333333333333336
2025-08-24 16:19:20,710 INFO Comparing database entry: ardal with Årdal returned from geonames.
2025-08-24 16:19:20,711 INFO 📄 Index 0 | Name: Årdal | fcl: A, fcode: ADM2 | ADM1: Vestland, ADM2: Årdal, ADM3: , ADM4:  | Latitude: 61.23639, Longitude: 7.70204 | Score: 32.37, Population: 5193 | Fuzzy match: 80.0
2025-08-24 16:19:20,711 INFO Comparing database entry: ardal with Øvre Årdal returned from geonames.
2025-08-24 16:19:20,711 INFO 📄 Index 1 | Name: Øvre Årdal | fcl: P, fcode: PPL | ADM1: Vestland, ADM2: Årdal, ADM3: , ADM4:  | Latitude: 61.30886, Longitude: 7.80284 | Score: 24.40, Population: 0 | Fuzzy match: 53.333333333333336
2025-08-24 16:19:20,711 INFO Comparing database entry: ardal with Årdal returned from geonames.
2025-08-24 16:19:20,711 INFO 📄 Index 2 | Name: Årdal | fcl: P, fcode: PPL | ADM1: Rogaland, ADM2: Hjelmeland, ADM3: , ADM4:  | Latitude: 59.15497, Longitude: 6.19426 | Score: 18.45, Population: 0 | Fuzzy match: 80.0
2025-08-24 16:19:20,711 INFO Comparing database entry: ardal with Naddvik returned from geonames.
2025-08-24 16:19:20,711 INFO 📄 Index 3 | Name: Naddvik | fcl: P, fcode: PPL | ADM1: Vestland, ADM2: Årdal, ADM3: , ADM4:  | Latitude: 61.19233, Longitude: 7.61892 | Score: 17.66, Population: 0 | Fuzzy match: 33.333333333333336
2025-08-24 16:19:20,866 INFO Comparing database entry: ardal with Årdal returned from geonames.
2025-08-24 16:19:20,867 INFO 📄 Index 0 | Name: Årdal | fcl: A, fcode: ADM2 | ADM1: Vestland, ADM2: Årdal, ADM3: , ADM4:  | Latitude: 61.23639, Longitude: 7.70204 | Score: 32.37, Population: 5193 | Fuzzy match: 80.0
2025-08-24 16:19:20,867 INFO Comparing database entry: ardal with Øvre Årdal returned from geonames.
2025-08-24 16:19:20,867 INFO 📄 Index 1 | Name: Øvre Årdal | fcl: P, fcode: PPL | ADM1: Vestland, ADM2: Årdal, ADM3: , ADM4:  | Latitude: 61.30886, Longitude: 7.80284 | Score: 24.40, Population: 0 | Fuzzy match: 53.333333333333336
2025-08-24 16:19:20,867 INFO Comparing database entry: ardal with Årdal returned from geonames.
2025-08-24 16:19:20,867 INFO 📄 Index 2 | Name: Årdal | fcl: P, fcode: PPL | ADM1: Rogaland, ADM2: Hjelmeland, ADM3: , ADM4:  | Latitude: 59.15497, Longitude: 6.19426 | Score: 18.45, Population: 0 | Fuzzy match: 80.0
2025-08-24 16:19:20,867 INFO Comparing database entry: ardal with Naddvik returned from geonames.
2025-08-24 16:19:20,867 INFO 📄 Index 3 | Name: Naddvik | fcl: P, fcode: PPL | ADM1: Vestland, ADM2: Årdal, ADM3: , ADM4:  | Latitude: 61.19233, Longitude: 7.61892 | Score: 17.66, Population: 0 | Fuzzy match: 33.333333333333336
2025-08-24 16:19:21,023 INFO Comparing database entry: ardal with Årdal returned from geonames.
2025-08-24 16:19:21,023 INFO 📄 Index 0 | Name: Årdal | fcl: A, fcode: ADM2 | ADM1: Vestland, ADM2: Årdal, ADM3: , ADM4:  | Latitude: 61.23639, Longitude: 7.70204 | Score: 32.37, Population: 5193 | Fuzzy match: 80.0
2025-08-24 16:19:21,023 INFO Comparing database entry: ardal with Øvre Årdal returned from geonames.
2025-08-24 16:19:21,023 INFO 📄 Index 1 | Name: Øvre Årdal | fcl: P, fcode: PPL | ADM1: Vestland, ADM2: Årdal, ADM3: , ADM4:  | Latitude: 61.30886, Longitude: 7.80284 | Score: 24.40, Population: 0 | Fuzzy match: 53.333333333333336
2025-08-24 16:19:21,024 INFO Comparing database entry: ardal with Årdal returned from geonames.
2025-08-24 16:19:21,024 INFO 📄 Index 2 | Name: Årdal | fcl: P, fcode: PPL | ADM1: Rogaland, ADM2: Hjelmeland, ADM3: , ADM4:  | Latitude: 59.15497, Longitude: 6.19426 | Score: 18.45, Population: 0 | Fuzzy match: 80.0
2025-08-24 16:19:21,024 INFO Comparing database entry: ardal with Naddvik returned from geonames.
2025-08-24 16:19:21,024 INFO 📄 Index 3 | Name: Naddvik | fcl: P, fcode: PPL | ADM1: Vestland, ADM2: Årdal, ADM3: , ADM4:  | Latitude: 61.19233, Longitude: 7.61892 | Score: 17.66, Population: 0 | Fuzzy match: 33.333333333333336
2025-08-24 16:19:21,184 INFO Comparing database entry: ardal with Årdal returned from geonames.
2025-08-24 16:19:21,185 INFO 📄 Index 0 | Name: Årdal | fcl: A, fcode: ADM2 | ADM1: Vestland, ADM2: Årdal, ADM3: , ADM4:  | Latitude: 61.23639, Longitude: 7.70204 | Score: 32.37, Population: 5193 | Fuzzy match: 80.0
2025-08-24 16:19:21,185 INFO Comparing database entry: ardal with Øvre Årdal returned from geonames.
2025-08-24 16:19:21,185 INFO 📄 Index 1 | Name: Øvre Årdal | fcl: P, fcode: PPL | ADM1: Vestland, ADM2: Årdal, ADM3: , ADM4:  | Latitude: 61.30886, Longitude: 7.80284 | Score: 24.40, Population: 0 | Fuzzy match: 53.333333333333336
2025-08-24 16:19:21,185 INFO Comparing database entry: ardal with Årdal returned from geonames.
2025-08-24 16:19:21,185 INFO 📄 Index 2 | Name: Årdal | fcl: P, fcode: PPL | ADM1: Rogaland, ADM2: Hjelmeland, ADM3: , ADM4:  | Latitude: 59.15497, Longitude: 6.19426 | Score: 18.45, Population: 0 | Fuzzy match: 80.0
2025-08-24 16:19:21,185 INFO Comparing database entry: ardal with Naddvik returned from geonames.
2025-08-24 16:19:21,185 INFO 📄 Index 3 | Name: Naddvik | fcl: P, fcode: PPL | ADM1: Vestland, ADM2: Årdal, ADM3: , ADM4:  | Latitude: 61.19233, Longitude: 7.61892 | Score: 17.66, Population: 0 | Fuzzy match: 33.333333333333336
2025-08-24 16:19:21,349 INFO Comparing database entry: ardal with Årdal returned from geonames.
2025-08-24 16:19:21,349 INFO 📄 Index 0 | Name: Årdal | fcl: A, fcode: ADM2 | ADM1: Vestland, ADM2: Årdal, ADM3: , ADM4:  | Latitude: 61.23639, Longitude: 7.70204 | Score: 32.37, Population: 5193 | Fuzzy match: 80.0
2025-08-24 16:19:21,350 INFO Comparing database entry: ardal with Øvre Årdal returned from geonames.
2025-08-24 16:19:21,350 INFO 📄 Index 1 | Name: Øvre Årdal | fcl: P, fcode: PPL | ADM1: Vestland, ADM2: Årdal, ADM3: , ADM4:  | Latitude: 61.30886, Longitude: 7.80284 | Score: 24.40, Population: 0 | Fuzzy match: 53.333333333333336
2025-08-24 16:19:21,350 INFO Comparing database entry: ardal with Årdal returned from geonames.
2025-08-24 16:19:21,350 INFO 📄 Index 2 | Name: Årdal | fcl: P, fcode: PPL | ADM1: Rogaland, ADM2: Hjelmeland, ADM3: , ADM4:  | Latitude: 59.15497, Longitude: 6.19426 | Score: 18.45, Population: 0 | Fuzzy match: 80.0
2025-08-24 16:19:21,350 INFO Comparing database entry: ardal with Naddvik returned from geonames.
2025-08-24 16:19:21,350 INFO 📄 Index 3 | Name: Naddvik | fcl: P, fcode: PPL | ADM1: Vestland, ADM2: Årdal, ADM3: , ADM4:  | Latitude: 61.19233, Longitude: 7.61892 | Score: 17.66, Population: 0 | Fuzzy match: 33.333333333333336
2025-08-24 16:19:21,350 WARNING ❌ No match found with fuzzy score > 80 for city: ardal
2025-08-24 16:19:21,350 WARNING ❌ Lookup failed for city='ardal', iso2='NO'
