2025-08-24 16:19:21,726 INFO 🗺️ Starting GeoNames lookup for city='froya', country='norway'
2025-08-24 16:19:21,726 INFO 📍 Location is present in the following articles: [ObjectId('67fa74cceaa4fb525afeacaa'), ObjectId('67fa7ee4eaa4fb525afec1b8')]
2025-08-24 16:19:21,911 INFO Comparing database entry: froya with Frøya returned from geonames.
2025-08-24 16:19:21,911 INFO 📄 Index 0 | Name: Frøya | fcl: A, fcode: ADM2 | ADM1: Trøndelag, ADM2: Frøya, ADM3: , ADM4:  | Latitude: 63.73005, Longitude: 8.82426 | Score: 39.30, Population: 5151 | Fuzzy match: 80.0
2025-08-24 16:19:21,911 INFO Comparing database entry: froya with Avløysa returned from geonames.
2025-08-24 16:19:21,911 INFO 📄 Index 1 | Name: Avløysa | fcl: P, fcode: PPL | ADM1: Trøndelag, ADM2: Frøya, ADM3: , ADM4:  | Latitude: 63.66667, Longitude: 8.56667 | Score: 22.78, Population: 0 | Fuzzy match: 33.333333333333336
2025-08-24 16:19:21,911 INFO Comparing database entry: froya with Mausund returned from geonames.
2025-08-24 16:19:21,911 INFO 📄 Index 2 | Name: Mausund | fcl: P, fcode: PPL | ADM1: Trøndelag, ADM2: Frøya, ADM3: , ADM4:  | Latitude: 63.86762, Longitude: 8.6637 | Score: 22.78, Population: 0 | Fuzzy match: 16.666666666666664
2025-08-24 16:19:21,911 INFO Comparing database entry: froya with Håvika returned from geonames.
2025-08-24 16:19:21,912 INFO 📄 Index 3 | Name: Håvika | fcl: P, fcode: PPL | ADM1: Trøndelag, ADM2: Frøya, ADM3: , ADM4:  | Latitude: 63.66667, Longitude: 8.36667 | Score: 19.30, Population: 0 | Fuzzy match: 18.181818181818176
2025-08-24 16:19:22,050 INFO Comparing database entry: froya with Frøya returned from geonames.
2025-08-24 16:19:22,051 INFO 📄 Index 0 | Name: Frøya | fcl: A, fcode: ADM2 | ADM1: Trøndelag, ADM2: Frøya, ADM3: , ADM4:  | Latitude: 63.73005, Longitude: 8.82426 | Score: 39.30, Population: 5151 | Fuzzy match: 80.0
2025-08-24 16:19:22,051 INFO Comparing database entry: froya with Avløysa returned from geonames.
2025-08-24 16:19:22,051 INFO 📄 Index 1 | Name: Avløysa | fcl: P, fcode: PPL | ADM1: Trøndelag, ADM2: Frøya, ADM3: , ADM4:  | Latitude: 63.66667, Longitude: 8.56667 | Score: 22.78, Population: 0 | Fuzzy match: 33.333333333333336
2025-08-24 16:19:22,051 INFO Comparing database entry: froya with Mausund returned from geonames.
2025-08-24 16:19:22,051 INFO 📄 Index 2 | Name: Mausund | fcl: P, fcode: PPL | ADM1: Trøndelag, ADM2: Frøya, ADM3: , ADM4:  | Latitude: 63.86762, Longitude: 8.6637 | Score: 22.78, Population: 0 | Fuzzy match: 16.666666666666664
2025-08-24 16:19:22,051 INFO Comparing database entry: froya with Håvika returned from geonames.
2025-08-24 16:19:22,051 INFO 📄 Index 3 | Name: Håvika | fcl: P, fcode: PPL | ADM1: Trøndelag, ADM2: Frøya, ADM3: , ADM4:  | Latitude: 63.66667, Longitude: 8.36667 | Score: 19.30, Population: 0 | Fuzzy match: 18.181818181818176
2025-08-24 16:19:22,188 INFO Comparing database entry: froya with Frøya returned from geonames.
2025-08-24 16:19:22,188 INFO 📄 Index 0 | Name: Frøya | fcl: A, fcode: ADM2 | ADM1: Trøndelag, ADM2: Frøya, ADM3: , ADM4:  | Latitude: 63.73005, Longitude: 8.82426 | Score: 39.30, Population: 5151 | Fuzzy match: 80.0
2025-08-24 16:19:22,189 INFO Comparing database entry: froya with Avløysa returned from geonames.
2025-08-24 16:19:22,189 INFO 📄 Index 1 | Name: Avløysa | fcl: P, fcode: PPL | ADM1: Trøndelag, ADM2: Frøya, ADM3: , ADM4:  | Latitude: 63.66667, Longitude: 8.56667 | Score: 22.78, Population: 0 | Fuzzy match: 33.333333333333336
2025-08-24 16:19:22,189 INFO Comparing database entry: froya with Mausund returned from geonames.
2025-08-24 16:19:22,189 INFO 📄 Index 2 | Name: Mausund | fcl: P, fcode: PPL | ADM1: Trøndelag, ADM2: Frøya, ADM3: , ADM4:  | Latitude: 63.86762, Longitude: 8.6637 | Score: 22.78, Population: 0 | Fuzzy match: 16.666666666666664
2025-08-24 16:19:22,189 INFO Comparing database entry: froya with Håvika returned from geonames.
2025-08-24 16:19:22,189 INFO 📄 Index 3 | Name: Håvika | fcl: P, fcode: PPL | ADM1: Trøndelag, ADM2: Frøya, ADM3: , ADM4:  | Latitude: 63.66667, Longitude: 8.36667 | Score: 19.30, Population: 0 | Fuzzy match: 18.181818181818176
2025-08-24 16:19:22,333 INFO Comparing database entry: froya with Frøya returned from geonames.
2025-08-24 16:19:22,333 INFO 📄 Index 0 | Name: Frøya | fcl: A, fcode: ADM2 | ADM1: Trøndelag, ADM2: Frøya, ADM3: , ADM4:  | Latitude: 63.73005, Longitude: 8.82426 | Score: 39.30, Population: 5151 | Fuzzy match: 80.0
2025-08-24 16:19:22,333 INFO Comparing database entry: froya with Avløysa returned from geonames.
2025-08-24 16:19:22,333 INFO 📄 Index 1 | Name: Avløysa | fcl: P, fcode: PPL | ADM1: Trøndelag, ADM2: Frøya, ADM3: , ADM4:  | Latitude: 63.66667, Longitude: 8.56667 | Score: 22.78, Population: 0 | Fuzzy match: 33.333333333333336
2025-08-24 16:19:22,333 INFO Comparing database entry: froya with Mausund returned from geonames.
2025-08-24 16:19:22,333 INFO 📄 Index 2 | Name: Mausund | fcl: P, fcode: PPL | ADM1: Trøndelag, ADM2: Frøya, ADM3: , ADM4:  | Latitude: 63.86762, Longitude: 8.6637 | Score: 22.78, Population: 0 | Fuzzy match: 16.666666666666664
2025-08-24 16:19:22,333 INFO Comparing database entry: froya with Håvika returned from geonames.
2025-08-24 16:19:22,333 INFO 📄 Index 3 | Name: Håvika | fcl: P, fcode: PPL | ADM1: Trøndelag, ADM2: Frøya, ADM3: , ADM4:  | Latitude: 63.66667, Longitude: 8.36667 | Score: 19.30, Population: 0 | Fuzzy match: 18.181818181818176
2025-08-24 16:19:22,485 INFO Comparing database entry: froya with Frøya returned from geonames.
2025-08-24 16:19:22,485 INFO 📄 Index 0 | Name: Frøya | fcl: A, fcode: ADM2 | ADM1: Trøndelag, ADM2: Frøya, ADM3: , ADM4:  | Latitude: 63.73005, Longitude: 8.82426 | Score: 39.30, Population: 5151 | Fuzzy match: 80.0
2025-08-24 16:19:22,486 INFO Comparing database entry: froya with Avløysa returned from geonames.
2025-08-24 16:19:22,486 INFO 📄 Index 1 | Name: Avløysa | fcl: P, fcode: PPL | ADM1: Trøndelag, ADM2: Frøya, ADM3: , ADM4:  | Latitude: 63.66667, Longitude: 8.56667 | Score: 22.78, Population: 0 | Fuzzy match: 33.333333333333336
2025-08-24 16:19:22,486 INFO Comparing database entry: froya with Mausund returned from geonames.
2025-08-24 16:19:22,486 INFO 📄 Index 2 | Name: Mausund | fcl: P, fcode: PPL | ADM1: Trøndelag, ADM2: Frøya, ADM3: , ADM4:  | Latitude: 63.86762, Longitude: 8.6637 | Score: 22.78, Population: 0 | Fuzzy match: 16.666666666666664
2025-08-24 16:19:22,486 INFO Comparing database entry: froya with Håvika returned from geonames.
2025-08-24 16:19:22,486 INFO 📄 Index 3 | Name: Håvika | fcl: P, fcode: PPL | ADM1: Trøndelag, ADM2: Frøya, ADM3: , ADM4:  | Latitude: 63.66667, Longitude: 8.36667 | Score: 19.30, Population: 0 | Fuzzy match: 18.181818181818176
2025-08-24 16:19:22,649 INFO Comparing database entry: froya with Frøya returned from geonames.
2025-08-24 16:19:22,650 INFO 📄 Index 0 | Name: Frøya | fcl: A, fcode: ADM2 | ADM1: Trøndelag, ADM2: Frøya, ADM3: , ADM4:  | Latitude: 63.73005, Longitude: 8.82426 | Score: 39.30, Population: 5151 | Fuzzy match: 80.0
2025-08-24 16:19:22,650 INFO Comparing database entry: froya with Avløysa returned from geonames.
2025-08-24 16:19:22,650 INFO 📄 Index 1 | Name: Avløysa | fcl: P, fcode: PPL | ADM1: Trøndelag, ADM2: Frøya, ADM3: , ADM4:  | Latitude: 63.66667, Longitude: 8.56667 | Score: 22.78, Population: 0 | Fuzzy match: 33.333333333333336
2025-08-24 16:19:22,650 INFO Comparing database entry: froya with Mausund returned from geonames.
2025-08-24 16:19:22,650 INFO 📄 Index 2 | Name: Mausund | fcl: P, fcode: PPL | ADM1: Trøndelag, ADM2: Frøya, ADM3: , ADM4:  | Latitude: 63.86762, Longitude: 8.6637 | Score: 22.78, Population: 0 | Fuzzy match: 16.666666666666664
2025-08-24 16:19:22,650 INFO Comparing database entry: froya with Håvika returned from geonames.
2025-08-24 16:19:22,650 INFO 📄 Index 3 | Name: Håvika | fcl: P, fcode: PPL | ADM1: Trøndelag, ADM2: Frøya, ADM3: , ADM4:  | Latitude: 63.66667, Longitude: 8.36667 | Score: 19.30, Population: 0 | Fuzzy match: 18.181818181818176
2025-08-24 16:19:22,650 WARNING ❌ No match found with fuzzy score > 80 for city: froya
2025-08-24 16:19:22,650 WARNING ❌ Lookup failed for city='froya', iso2='NO'
