2025-08-24 16:19:23,708 INFO 🗺️ Starting GeoNames lookup for city='northern norway', country='norway'
2025-08-24 16:19:23,708 INFO 📍 Location is present in the following articles: [ObjectId('689c8e1cccb2c546b55bb0fb')]
2025-08-24 16:19:23,970 INFO Comparing database entry: northern norway with Norway returned from geonames.
2025-08-24 16:19:23,970 INFO 📄 Index 0 | Name: Norway | fcl: A, fcode: PCLI | ADM1: , ADM2: , ADM3: , ADM4:  | Latitude: 62, Longitude: 10 | Score: 135.48, Population: 5314336 | Fuzzy match: 57.14285714285714
2025-08-24 16:19:23,970 INFO Comparing database entry: northern norway with Bergen returned from geonames.
2025-08-24 16:19:23,970 INFO 📄 Index 1 | Name: Bergen | fcl: P, fcode: PPLA | ADM1: Vestland, ADM2: Bergen, ADM3: , ADM4:  | Latitude: 60.39299, Longitude: 5.32415 | Score: 84.09, Population: 285911 | Fuzzy match: 28.57142857142857
2025-08-24 16:19:23,970 INFO Comparing database entry: northern norway with Drammen returned from geonames.
2025-08-24 16:19:23,970 INFO 📄 Index 2 | Name: Drammen | fcl: P, fcode: PPLA | ADM1: Buskerud, ADM2: Drammen, ADM3: , ADM4:  | Latitude: 59.74389, Longitude: 10.20449 | Score: 74.17, Population: 103007 | Fuzzy match: 27.27272727272727
2025-08-24 16:19:23,970 INFO Comparing database entry: northern norway with Stavanger returned from geonames.
2025-08-24 16:19:23,970 INFO 📄 Index 3 | Name: Stavanger | fcl: P, fcode: PPLA | ADM1: Rogaland, ADM2: Stavanger, ADM3: , ADM4:  | Latitude: 58.97005, Longitude: 5.73332 | Score: 73.58, Population: 144877 | Fuzzy match: 25.0
2025-08-24 16:19:24,511 INFO Comparing database entry: northern norway with Norway returned from geonames.
2025-08-24 16:19:24,511 INFO 📄 Index 0 | Name: Norway | fcl: A, fcode: PCLI | ADM1: , ADM2: , ADM3: , ADM4:  | Latitude: 62, Longitude: 10 | Score: 135.48, Population: 5314336 | Fuzzy match: 57.14285714285714
2025-08-24 16:19:24,512 INFO Comparing database entry: northern norway with Bergen returned from geonames.
2025-08-24 16:19:24,512 INFO 📄 Index 1 | Name: Bergen | fcl: P, fcode: PPLA | ADM1: Vestland, ADM2: Bergen, ADM3: , ADM4:  | Latitude: 60.39299, Longitude: 5.32415 | Score: 84.09, Population: 285911 | Fuzzy match: 28.57142857142857
2025-08-24 16:19:24,512 INFO Comparing database entry: northern norway with Drammen returned from geonames.
2025-08-24 16:19:24,512 INFO 📄 Index 2 | Name: Drammen | fcl: P, fcode: PPLA | ADM1: Buskerud, ADM2: Drammen, ADM3: , ADM4:  | Latitude: 59.74389, Longitude: 10.20449 | Score: 74.17, Population: 103007 | Fuzzy match: 27.27272727272727
2025-08-24 16:19:24,512 INFO Comparing database entry: northern norway with Stavanger returned from geonames.
2025-08-24 16:19:24,512 INFO 📄 Index 3 | Name: Stavanger | fcl: P, fcode: PPLA | ADM1: Rogaland, ADM2: Stavanger, ADM3: , ADM4:  | Latitude: 58.97005, Longitude: 5.73332 | Score: 73.58, Population: 144877 | Fuzzy match: 25.0
2025-08-24 16:19:24,694 INFO Comparing database entry: northern norway with Norway returned from geonames.
2025-08-24 16:19:24,694 INFO 📄 Index 0 | Name: Norway | fcl: A, fcode: PCLI | ADM1: , ADM2: , ADM3: , ADM4:  | Latitude: 62, Longitude: 10 | Score: 135.48, Population: 5314336 | Fuzzy match: 57.14285714285714
2025-08-24 16:19:24,694 INFO Comparing database entry: northern norway with Bergen returned from geonames.
2025-08-24 16:19:24,694 INFO 📄 Index 1 | Name: Bergen | fcl: P, fcode: PPLA | ADM1: Vestland, ADM2: Bergen, ADM3: , ADM4:  | Latitude: 60.39299, Longitude: 5.32415 | Score: 84.09, Population: 285911 | Fuzzy match: 28.57142857142857
2025-08-24 16:19:24,694 INFO Comparing database entry: northern norway with Drammen returned from geonames.
2025-08-24 16:19:24,694 INFO 📄 Index 2 | Name: Drammen | fcl: P, fcode: PPLA | ADM1: Buskerud, ADM2: Drammen, ADM3: , ADM4:  | Latitude: 59.74389, Longitude: 10.20449 | Score: 74.17, Population: 103007 | Fuzzy match: 27.27272727272727
2025-08-24 16:19:24,694 INFO Comparing database entry: northern norway with Stavanger returned from geonames.
2025-08-24 16:19:24,694 INFO 📄 Index 3 | Name: Stavanger | fcl: P, fcode: PPLA | ADM1: Rogaland, ADM2: Stavanger, ADM3: , ADM4:  | Latitude: 58.97005, Longitude: 5.73332 | Score: 73.58, Population: 144877 | Fuzzy match: 25.0
2025-08-24 16:19:24,899 INFO Comparing database entry: northern norway with Norway returned from geonames.
2025-08-24 16:19:24,899 INFO 📄 Index 0 | Name: Norway | fcl: A, fcode: PCLI | ADM1: , ADM2: , ADM3: , ADM4:  | Latitude: 62, Longitude: 10 | Score: 135.48, Population: 5314336 | Fuzzy match: 57.14285714285714
2025-08-24 16:19:24,899 INFO Comparing database entry: northern norway with Bergen returned from geonames.
2025-08-24 16:19:24,899 INFO 📄 Index 1 | Name: Bergen | fcl: P, fcode: PPLA | ADM1: Vestland, ADM2: Bergen, ADM3: , ADM4:  | Latitude: 60.39299, Longitude: 5.32415 | Score: 84.09, Population: 285911 | Fuzzy match: 28.57142857142857
2025-08-24 16:19:24,899 INFO Comparing database entry: northern norway with Drammen returned from geonames.
2025-08-24 16:19:24,899 INFO 📄 Index 2 | Name: Drammen | fcl: P, fcode: PPLA | ADM1: Buskerud, ADM2: Drammen, ADM3: , ADM4:  | Latitude: 59.74389, Longitude: 10.20449 | Score: 74.17, Population: 103007 | Fuzzy match: 27.27272727272727
2025-08-24 16:19:24,899 INFO Comparing database entry: northern norway with Stavanger returned from geonames.
2025-08-24 16:19:24,899 INFO 📄 Index 3 | Name: Stavanger | fcl: P, fcode: PPLA | ADM1: Rogaland, ADM2: Stavanger, ADM3: , ADM4:  | Latitude: 58.97005, Longitude: 5.73332 | Score: 73.58, Population: 144877 | Fuzzy match: 25.0
2025-08-24 16:19:25,096 INFO Comparing database entry: northern norway with Norway returned from geonames.
2025-08-24 16:19:25,096 INFO 📄 Index 0 | Name: Norway | fcl: A, fcode: PCLI | ADM1: , ADM2: , ADM3: , ADM4:  | Latitude: 62, Longitude: 10 | Score: 135.48, Population: 5314336 | Fuzzy match: 57.14285714285714
2025-08-24 16:19:25,096 INFO Comparing database entry: northern norway with Bergen returned from geonames.
2025-08-24 16:19:25,096 INFO 📄 Index 1 | Name: Bergen | fcl: P, fcode: PPLA | ADM1: Vestland, ADM2: Bergen, ADM3: , ADM4:  | Latitude: 60.39299, Longitude: 5.32415 | Score: 84.09, Population: 285911 | Fuzzy match: 28.57142857142857
2025-08-24 16:19:25,097 INFO Comparing database entry: northern norway with Drammen returned from geonames.
2025-08-24 16:19:25,097 INFO 📄 Index 2 | Name: Drammen | fcl: P, fcode: PPLA | ADM1: Buskerud, ADM2: Drammen, ADM3: , ADM4:  | Latitude: 59.74389, Longitude: 10.20449 | Score: 74.17, Population: 103007 | Fuzzy match: 27.27272727272727
2025-08-24 16:19:25,097 INFO Comparing database entry: northern norway with Stavanger returned from geonames.
2025-08-24 16:19:25,097 INFO 📄 Index 3 | Name: Stavanger | fcl: P, fcode: PPLA | ADM1: Rogaland, ADM2: Stavanger, ADM3: , ADM4:  | Latitude: 58.97005, Longitude: 5.73332 | Score: 73.58, Population: 144877 | Fuzzy match: 25.0
2025-08-24 16:19:25,344 INFO Comparing database entry: northern norway with Norway returned from geonames.
2025-08-24 16:19:25,344 INFO 📄 Index 0 | Name: Norway | fcl: A, fcode: PCLI | ADM1: , ADM2: , ADM3: , ADM4:  | Latitude: 62, Longitude: 10 | Score: 135.48, Population: 5314336 | Fuzzy match: 57.14285714285714
2025-08-24 16:19:25,344 INFO Comparing database entry: northern norway with Bergen returned from geonames.
2025-08-24 16:19:25,345 INFO 📄 Index 1 | Name: Bergen | fcl: P, fcode: PPLA | ADM1: Vestland, ADM2: Bergen, ADM3: , ADM4:  | Latitude: 60.39299, Longitude: 5.32415 | Score: 84.09, Population: 285911 | Fuzzy match: 28.57142857142857
2025-08-24 16:19:25,345 INFO Comparing database entry: northern norway with Drammen returned from geonames.
2025-08-24 16:19:25,345 INFO 📄 Index 2 | Name: Drammen | fcl: P, fcode: PPLA | ADM1: Buskerud, ADM2: Drammen, ADM3: , ADM4:  | Latitude: 59.74389, Longitude: 10.20449 | Score: 74.17, Population: 103007 | Fuzzy match: 27.27272727272727
2025-08-24 16:19:25,345 INFO Comparing database entry: northern norway with Stavanger returned from geonames.
2025-08-24 16:19:25,345 INFO 📄 Index 3 | Name: Stavanger | fcl: P, fcode: PPLA | ADM1: Rogaland, ADM2: Stavanger, ADM3: , ADM4:  | Latitude: 58.97005, Longitude: 5.73332 | Score: 73.58, Population: 144877 | Fuzzy match: 25.0
2025-08-24 16:19:25,345 WARNING ❌ No match found with fuzzy score > 80 for city: northern norway
2025-08-24 16:19:25,345 WARNING ❌ Lookup failed for city='northern_norway', iso2='NO'
