2025-08-07 18:24:42,633 INFO 🗺️ Starting GeoNames lookup for city='loreto_department', country='peru'
2025-08-07 18:24:42,634 INFO 📍 Location is present in the following articles: [ObjectId('67fa7ccdeaa4fb525afeb910'), ObjectId('67fbee0094b7f855cfea6479'), ObjectId('67fbee9f94b7f855cfea65c3')]
2025-08-07 18:24:42,759 INFO Comparing database entry: loreto department with Iquitos returned from geonames.
2025-08-07 18:24:42,760 INFO 📄 Index 0 | Name: Iquitos | fcl: P, fcode: PPLA | ADM1: Loreto, ADM2: Maynas Province, ADM3: Iquitos, ADM4:  | Score: 128.99, Population: 377609 | Fuzzy match: 16.666666666666664
2025-08-07 18:24:42,760 INFO Comparing database entry: loreto department with Maynas Province returned from geonames.
2025-08-07 18:24:42,760 INFO 📄 Index 1 | Name: Maynas Province | fcl: A, fcode: ADM2 | ADM1: Loreto, ADM2: Maynas Province, ADM3: , ADM4:  | Score: 76.26, Population: 0 | Fuzzy match: 31.25
2025-08-07 18:24:42,760 INFO Comparing database entry: loreto department with Putumayo Province returned from geonames.
2025-08-07 18:24:42,760 INFO 📄 Index 2 | Name: Putumayo Province | fcl: A, fcode: ADM2 | ADM1: Loreto, ADM2: Putumayo Province, ADM3: , ADM4:  | Score: 76.26, Population: 0 | Fuzzy match: 35.29411764705882
2025-08-07 18:24:42,760 INFO Comparing database entry: loreto department with Loreto Province returned from geonames.
2025-08-07 18:24:42,760 INFO 📄 Index 3 | Name: Loreto Province | fcl: A, fcode: ADM2 | ADM1: Loreto, ADM2: Loreto Province, ADM3: , ADM4:  | Score: 75.34, Population: 0 | Fuzzy match: 37.5
2025-08-07 18:24:42,920 INFO Comparing database entry: loreto department with Iquitos returned from geonames.
2025-08-07 18:24:42,920 INFO 📄 Index 0 | Name: Iquitos | fcl: P, fcode: PPLA | ADM1: Loreto, ADM2: Maynas Province, ADM3: Iquitos, ADM4:  | Score: 128.99, Population: 377609 | Fuzzy match: 16.666666666666664
2025-08-07 18:24:42,920 INFO Comparing database entry: loreto department with Maynas Province returned from geonames.
2025-08-07 18:24:42,920 INFO 📄 Index 1 | Name: Maynas Province | fcl: A, fcode: ADM2 | ADM1: Loreto, ADM2: Maynas Province, ADM3: , ADM4:  | Score: 76.26, Population: 0 | Fuzzy match: 31.25
2025-08-07 18:24:42,920 INFO Comparing database entry: loreto department with Putumayo Province returned from geonames.
2025-08-07 18:24:42,920 INFO 📄 Index 2 | Name: Putumayo Province | fcl: A, fcode: ADM2 | ADM1: Loreto, ADM2: Putumayo Province, ADM3: , ADM4:  | Score: 76.26, Population: 0 | Fuzzy match: 35.29411764705882
2025-08-07 18:24:42,920 INFO Comparing database entry: loreto department with Loreto Province returned from geonames.
2025-08-07 18:24:42,920 INFO 📄 Index 3 | Name: Loreto Province | fcl: A, fcode: ADM2 | ADM1: Loreto, ADM2: Loreto Province, ADM3: , ADM4:  | Score: 75.34, Population: 0 | Fuzzy match: 37.5
2025-08-07 18:24:43,079 INFO Comparing database entry: loreto department with Iquitos returned from geonames.
2025-08-07 18:24:43,079 INFO 📄 Index 0 | Name: Iquitos | fcl: P, fcode: PPLA | ADM1: Loreto, ADM2: Maynas Province, ADM3: Iquitos, ADM4:  | Score: 128.99, Population: 377609 | Fuzzy match: 16.666666666666664
2025-08-07 18:24:43,079 INFO Comparing database entry: loreto department with Maynas Province returned from geonames.
2025-08-07 18:24:43,079 INFO 📄 Index 1 | Name: Maynas Province | fcl: A, fcode: ADM2 | ADM1: Loreto, ADM2: Maynas Province, ADM3: , ADM4:  | Score: 76.26, Population: 0 | Fuzzy match: 31.25
2025-08-07 18:24:43,079 INFO Comparing database entry: loreto department with Putumayo Province returned from geonames.
2025-08-07 18:24:43,079 INFO 📄 Index 2 | Name: Putumayo Province | fcl: A, fcode: ADM2 | ADM1: Loreto, ADM2: Putumayo Province, ADM3: , ADM4:  | Score: 76.26, Population: 0 | Fuzzy match: 35.29411764705882
2025-08-07 18:24:43,079 INFO Comparing database entry: loreto department with Loreto Province returned from geonames.
2025-08-07 18:24:43,079 INFO 📄 Index 3 | Name: Loreto Province | fcl: A, fcode: ADM2 | ADM1: Loreto, ADM2: Loreto Province, ADM3: , ADM4:  | Score: 75.34, Population: 0 | Fuzzy match: 37.5
2025-08-07 18:24:43,245 INFO Comparing database entry: loreto department with Iquitos returned from geonames.
2025-08-07 18:24:43,245 INFO 📄 Index 0 | Name: Iquitos | fcl: P, fcode: PPLA | ADM1: Loreto, ADM2: Maynas Province, ADM3: Iquitos, ADM4:  | Score: 128.99, Population: 377609 | Fuzzy match: 16.666666666666664
2025-08-07 18:24:43,245 INFO Comparing database entry: loreto department with Maynas Province returned from geonames.
2025-08-07 18:24:43,245 INFO 📄 Index 1 | Name: Maynas Province | fcl: A, fcode: ADM2 | ADM1: Loreto, ADM2: Maynas Province, ADM3: , ADM4:  | Score: 76.26, Population: 0 | Fuzzy match: 31.25
2025-08-07 18:24:43,246 INFO Comparing database entry: loreto department with Putumayo Province returned from geonames.
2025-08-07 18:24:43,246 INFO 📄 Index 2 | Name: Putumayo Province | fcl: A, fcode: ADM2 | ADM1: Loreto, ADM2: Putumayo Province, ADM3: , ADM4:  | Score: 76.26, Population: 0 | Fuzzy match: 35.29411764705882
2025-08-07 18:24:43,246 INFO Comparing database entry: loreto department with Loreto Province returned from geonames.
2025-08-07 18:24:43,246 INFO 📄 Index 3 | Name: Loreto Province | fcl: A, fcode: ADM2 | ADM1: Loreto, ADM2: Loreto Province, ADM3: , ADM4:  | Score: 75.34, Population: 0 | Fuzzy match: 37.5
2025-08-07 18:24:43,423 INFO Comparing database entry: loreto department with Iquitos returned from geonames.
2025-08-07 18:24:43,423 INFO 📄 Index 0 | Name: Iquitos | fcl: P, fcode: PPLA | ADM1: Loreto, ADM2: Maynas Province, ADM3: Iquitos, ADM4:  | Score: 128.99, Population: 377609 | Fuzzy match: 16.666666666666664
2025-08-07 18:24:43,423 INFO Comparing database entry: loreto department with Maynas Province returned from geonames.
2025-08-07 18:24:43,423 INFO 📄 Index 1 | Name: Maynas Province | fcl: A, fcode: ADM2 | ADM1: Loreto, ADM2: Maynas Province, ADM3: , ADM4:  | Score: 76.26, Population: 0 | Fuzzy match: 31.25
2025-08-07 18:24:43,423 INFO Comparing database entry: loreto department with Putumayo Province returned from geonames.
2025-08-07 18:24:43,423 INFO 📄 Index 2 | Name: Putumayo Province | fcl: A, fcode: ADM2 | ADM1: Loreto, ADM2: Putumayo Province, ADM3: , ADM4:  | Score: 76.26, Population: 0 | Fuzzy match: 35.29411764705882
2025-08-07 18:24:43,423 INFO Comparing database entry: loreto department with Loreto Province returned from geonames.
2025-08-07 18:24:43,424 INFO 📄 Index 3 | Name: Loreto Province | fcl: A, fcode: ADM2 | ADM1: Loreto, ADM2: Loreto Province, ADM3: , ADM4:  | Score: 75.34, Population: 0 | Fuzzy match: 37.5
2025-08-07 18:24:43,594 INFO Comparing database entry: loreto department with Iquitos returned from geonames.
2025-08-07 18:24:43,594 INFO 📄 Index 0 | Name: Iquitos | fcl: P, fcode: PPLA | ADM1: Loreto, ADM2: Maynas Province, ADM3: Iquitos, ADM4:  | Score: 128.99, Population: 377609 | Fuzzy match: 16.666666666666664
2025-08-07 18:24:43,594 INFO Comparing database entry: loreto department with Maynas Province returned from geonames.
2025-08-07 18:24:43,594 INFO 📄 Index 1 | Name: Maynas Province | fcl: A, fcode: ADM2 | ADM1: Loreto, ADM2: Maynas Province, ADM3: , ADM4:  | Score: 76.26, Population: 0 | Fuzzy match: 31.25
2025-08-07 18:24:43,594 INFO Comparing database entry: loreto department with Putumayo Province returned from geonames.
2025-08-07 18:24:43,594 INFO 📄 Index 2 | Name: Putumayo Province | fcl: A, fcode: ADM2 | ADM1: Loreto, ADM2: Putumayo Province, ADM3: , ADM4:  | Score: 76.26, Population: 0 | Fuzzy match: 35.29411764705882
2025-08-07 18:24:43,594 INFO Comparing database entry: loreto department with Loreto Province returned from geonames.
2025-08-07 18:24:43,594 INFO 📄 Index 3 | Name: Loreto Province | fcl: A, fcode: ADM2 | ADM1: Loreto, ADM2: Loreto Province, ADM3: , ADM4:  | Score: 75.34, Population: 0 | Fuzzy match: 37.5
2025-08-07 18:24:43,594 WARNING ❌ No match found with fuzzy score > 80 for city: loreto department
2025-08-07 18:24:43,595 WARNING ❌ Lookup failed for city='loreto_department', iso2='PE'
