2025-08-24 16:19:31,032 INFO 🗺️ Starting GeoNames lookup for city='kraków-nowa huta', country='poland'
2025-08-24 16:19:31,033 INFO 📍 Location is present in the following articles: [ObjectId('67fbf69f94b7f855cfea6d3a')]
2025-08-24 16:19:31,256 INFO Comparing database entry: kraków-nowa huta with Nowa Huta returned from geonames.
2025-08-24 16:19:31,256 INFO 📄 Index 0 | Name: Nowa Huta | fcl: P, fcode: PPL | ADM1: Lesser Poland, ADM2: Kraków, ADM3: Kraków, ADM4:  | Latitude: 50.07299, Longitude: 20.03739 | Score: 26.32, Population: 0 | Fuzzy match: 72.0
2025-08-24 16:19:31,256 INFO Comparing database entry: kraków-nowa huta with Nowa Huta returned from geonames.
2025-08-24 16:19:31,256 INFO 📄 Index 1 | Name: Nowa Huta | fcl: A, fcode: ADM4 | ADM1: Lesser Poland, ADM2: Kraków, ADM3: Kraków, ADM4: Nowa Huta | Latitude: 50.07251, Longitude: 20.13145 | Score: 17.16, Population: 0 | Fuzzy match: 72.0
2025-08-24 16:19:31,429 INFO Comparing database entry: kraków-nowa huta with Nowa Huta returned from geonames.
2025-08-24 16:19:31,429 INFO 📄 Index 0 | Name: Nowa Huta | fcl: P, fcode: PPL | ADM1: Lesser Poland, ADM2: Kraków, ADM3: Kraków, ADM4:  | Latitude: 50.07299, Longitude: 20.03739 | Score: 26.32, Population: 0 | Fuzzy match: 72.0
2025-08-24 16:19:31,429 INFO Comparing database entry: kraków-nowa huta with Nowa Huta returned from geonames.
2025-08-24 16:19:31,429 INFO 📄 Index 1 | Name: Nowa Huta | fcl: A, fcode: ADM4 | ADM1: Lesser Poland, ADM2: Kraków, ADM3: Kraków, ADM4: Nowa Huta | Latitude: 50.07251, Longitude: 20.13145 | Score: 17.16, Population: 0 | Fuzzy match: 72.0
2025-08-24 16:19:31,578 INFO Comparing database entry: kraków-nowa huta with Nowa Huta returned from geonames.
2025-08-24 16:19:31,578 INFO 📄 Index 0 | Name: Nowa Huta | fcl: P, fcode: PPL | ADM1: Lesser Poland, ADM2: Kraków, ADM3: Kraków, ADM4:  | Latitude: 50.07299, Longitude: 20.03739 | Score: 26.32, Population: 0 | Fuzzy match: 72.0
2025-08-24 16:19:31,578 INFO Comparing database entry: kraków-nowa huta with Nowa Huta returned from geonames.
2025-08-24 16:19:31,578 INFO 📄 Index 1 | Name: Nowa Huta | fcl: A, fcode: ADM4 | ADM1: Lesser Poland, ADM2: Kraków, ADM3: Kraków, ADM4: Nowa Huta | Latitude: 50.07251, Longitude: 20.13145 | Score: 17.16, Population: 0 | Fuzzy match: 72.0
2025-08-24 16:19:31,743 INFO Comparing database entry: kraków-nowa huta with Nowa Huta returned from geonames.
2025-08-24 16:19:31,743 INFO 📄 Index 0 | Name: Nowa Huta | fcl: P, fcode: PPL | ADM1: Lesser Poland, ADM2: Kraków, ADM3: Kraków, ADM4:  | Latitude: 50.07299, Longitude: 20.03739 | Score: 26.32, Population: 0 | Fuzzy match: 72.0
2025-08-24 16:19:31,743 INFO Comparing database entry: kraków-nowa huta with Nowa Huta returned from geonames.
2025-08-24 16:19:31,743 INFO 📄 Index 1 | Name: Nowa Huta | fcl: A, fcode: ADM4 | ADM1: Lesser Poland, ADM2: Kraków, ADM3: Kraków, ADM4: Nowa Huta | Latitude: 50.07251, Longitude: 20.13145 | Score: 17.16, Population: 0 | Fuzzy match: 72.0
2025-08-24 16:19:31,914 INFO Comparing database entry: kraków-nowa huta with Nowa Huta returned from geonames.
2025-08-24 16:19:31,914 INFO 📄 Index 0 | Name: Nowa Huta | fcl: P, fcode: PPL | ADM1: Lesser Poland, ADM2: Kraków, ADM3: Kraków, ADM4:  | Latitude: 50.07299, Longitude: 20.03739 | Score: 26.32, Population: 0 | Fuzzy match: 72.0
2025-08-24 16:19:31,914 INFO Comparing database entry: kraków-nowa huta with Nowa Huta returned from geonames.
2025-08-24 16:19:31,915 INFO 📄 Index 1 | Name: Nowa Huta | fcl: A, fcode: ADM4 | ADM1: Lesser Poland, ADM2: Kraków, ADM3: Kraków, ADM4: Nowa Huta | Latitude: 50.07251, Longitude: 20.13145 | Score: 17.16, Population: 0 | Fuzzy match: 72.0
2025-08-24 16:19:32,057 INFO Comparing database entry: kraków-nowa huta with Nowa Huta returned from geonames.
2025-08-24 16:19:32,057 INFO 📄 Index 0 | Name: Nowa Huta | fcl: P, fcode: PPL | ADM1: Lesser Poland, ADM2: Kraków, ADM3: Kraków, ADM4:  | Latitude: 50.07299, Longitude: 20.03739 | Score: 26.32, Population: 0 | Fuzzy match: 72.0
2025-08-24 16:19:32,057 INFO Comparing database entry: kraków-nowa huta with Nowa Huta returned from geonames.
2025-08-24 16:19:32,057 INFO 📄 Index 1 | Name: Nowa Huta | fcl: A, fcode: ADM4 | ADM1: Lesser Poland, ADM2: Kraków, ADM3: Kraków, ADM4: Nowa Huta | Latitude: 50.07251, Longitude: 20.13145 | Score: 17.16, Population: 0 | Fuzzy match: 72.0
2025-08-24 16:19:32,057 WARNING ❌ No match found with fuzzy score > 80 for city: kraków-nowa huta
2025-08-24 16:19:32,057 WARNING ❌ Lookup failed for city='krakównowa_huta', iso2='PL'
