2025-08-19 16:03:57,348 INFO 🗺️ Starting GeoNames lookup for city='kolo', country='poland'
2025-08-19 16:03:57,348 INFO 📍 Location is present in the following articles: [ObjectId('67fbef8194b7f855cfea6785'), ObjectId('67fbef8f94b7f855cfea67bc'), ObjectId('67fbefdb94b7f855cfea68f5')]
2025-08-19 16:03:57,503 INFO Comparing database entry: kolo with Koło returned from geonames.
2025-08-19 16:03:57,503 INFO 📄 Index 0 | Name: Koło | fcl: P, fcode: PPLA2 | ADM1: Greater Poland, ADM2: Koło County, ADM3: Koło, ADM4:  | Latitude: 52.20024, Longitude: 18.63865 | Score: 53.04, Population: 23493 | Fuzzy match: 75.0
2025-08-19 16:03:57,503 INFO Comparing database entry: kolo with Koło County returned from geonames.
2025-08-19 16:03:57,503 INFO 📄 Index 1 | Name: Koło County | fcl: A, fcode: ADM2 | ADM1: Greater Poland, ADM2: Koło County, ADM3: , ADM4:  | Latitude: 52.24446, Longitude: 18.78096 | Score: 38.84, Population: 87790 | Fuzzy match: 40.0
2025-08-19 16:03:57,503 INFO Comparing database entry: kolo with Bystra returned from geonames.
2025-08-19 16:03:57,504 INFO 📄 Index 2 | Name: Bystra | fcl: P, fcode: PPL | ADM1: Silesia, ADM2: Bielsko-Biała County, ADM3: Wilkowice, ADM4:  | Latitude: 49.76042, Longitude: 19.05973 | Score: 29.79, Population: 3887 | Fuzzy match: 0.0
2025-08-19 16:03:57,504 INFO Comparing database entry: kolo with Gmina Dąbie returned from geonames.
2025-08-19 16:03:57,504 INFO 📄 Index 3 | Name: Gmina Dąbie | fcl: P, fcode: PPLA3 | ADM1: Greater Poland, ADM2: Koło County, ADM3: Dąbie, ADM4:  | Latitude: 52.08668, Longitude: 18.8225 | Score: 28.63, Population: 2003 | Fuzzy match: 0.0
2025-08-19 16:03:57,667 INFO Comparing database entry: kolo with Koło returned from geonames.
2025-08-19 16:03:57,667 INFO 📄 Index 0 | Name: Koło | fcl: P, fcode: PPLA2 | ADM1: Greater Poland, ADM2: Koło County, ADM3: Koło, ADM4:  | Latitude: 52.20024, Longitude: 18.63865 | Score: 53.04, Population: 23493 | Fuzzy match: 75.0
2025-08-19 16:03:57,667 INFO Comparing database entry: kolo with Koło County returned from geonames.
2025-08-19 16:03:57,667 INFO 📄 Index 1 | Name: Koło County | fcl: A, fcode: ADM2 | ADM1: Greater Poland, ADM2: Koło County, ADM3: , ADM4:  | Latitude: 52.24446, Longitude: 18.78096 | Score: 38.84, Population: 87790 | Fuzzy match: 40.0
2025-08-19 16:03:57,667 INFO Comparing database entry: kolo with Bystra returned from geonames.
2025-08-19 16:03:57,667 INFO 📄 Index 2 | Name: Bystra | fcl: P, fcode: PPL | ADM1: Silesia, ADM2: Bielsko-Biała County, ADM3: Wilkowice, ADM4:  | Latitude: 49.76042, Longitude: 19.05973 | Score: 29.79, Population: 3887 | Fuzzy match: 0.0
2025-08-19 16:03:57,667 INFO Comparing database entry: kolo with Gmina Dąbie returned from geonames.
2025-08-19 16:03:57,667 INFO 📄 Index 3 | Name: Gmina Dąbie | fcl: P, fcode: PPLA3 | ADM1: Greater Poland, ADM2: Koło County, ADM3: Dąbie, ADM4:  | Latitude: 52.08668, Longitude: 18.8225 | Score: 28.63, Population: 2003 | Fuzzy match: 0.0
2025-08-19 16:03:57,825 INFO Comparing database entry: kolo with Koło returned from geonames.
2025-08-19 16:03:57,826 INFO 📄 Index 0 | Name: Koło | fcl: P, fcode: PPLA2 | ADM1: Greater Poland, ADM2: Koło County, ADM3: Koło, ADM4:  | Latitude: 52.20024, Longitude: 18.63865 | Score: 53.04, Population: 23493 | Fuzzy match: 75.0
2025-08-19 16:03:57,826 INFO Comparing database entry: kolo with Koło County returned from geonames.
2025-08-19 16:03:57,826 INFO 📄 Index 1 | Name: Koło County | fcl: A, fcode: ADM2 | ADM1: Greater Poland, ADM2: Koło County, ADM3: , ADM4:  | Latitude: 52.24446, Longitude: 18.78096 | Score: 38.84, Population: 87790 | Fuzzy match: 40.0
2025-08-19 16:03:57,826 INFO Comparing database entry: kolo with Bystra returned from geonames.
2025-08-19 16:03:57,826 INFO 📄 Index 2 | Name: Bystra | fcl: P, fcode: PPL | ADM1: Silesia, ADM2: Bielsko-Biała County, ADM3: Wilkowice, ADM4:  | Latitude: 49.76042, Longitude: 19.05973 | Score: 29.79, Population: 3887 | Fuzzy match: 0.0
2025-08-19 16:03:57,826 INFO Comparing database entry: kolo with Gmina Dąbie returned from geonames.
2025-08-19 16:03:57,826 INFO 📄 Index 3 | Name: Gmina Dąbie | fcl: P, fcode: PPLA3 | ADM1: Greater Poland, ADM2: Koło County, ADM3: Dąbie, ADM4:  | Latitude: 52.08668, Longitude: 18.8225 | Score: 28.63, Population: 2003 | Fuzzy match: 0.0
2025-08-19 16:03:57,996 INFO Comparing database entry: kolo with Koło returned from geonames.
2025-08-19 16:03:57,996 INFO 📄 Index 0 | Name: Koło | fcl: P, fcode: PPLA2 | ADM1: Greater Poland, ADM2: Koło County, ADM3: Koło, ADM4:  | Latitude: 52.20024, Longitude: 18.63865 | Score: 53.04, Population: 23493 | Fuzzy match: 75.0
2025-08-19 16:03:57,996 INFO Comparing database entry: kolo with Koło County returned from geonames.
2025-08-19 16:03:57,996 INFO 📄 Index 1 | Name: Koło County | fcl: A, fcode: ADM2 | ADM1: Greater Poland, ADM2: Koło County, ADM3: , ADM4:  | Latitude: 52.24446, Longitude: 18.78096 | Score: 38.84, Population: 87790 | Fuzzy match: 40.0
2025-08-19 16:03:57,997 INFO Comparing database entry: kolo with Bystra returned from geonames.
2025-08-19 16:03:57,997 INFO 📄 Index 2 | Name: Bystra | fcl: P, fcode: PPL | ADM1: Silesia, ADM2: Bielsko-Biała County, ADM3: Wilkowice, ADM4:  | Latitude: 49.76042, Longitude: 19.05973 | Score: 29.79, Population: 3887 | Fuzzy match: 0.0
2025-08-19 16:03:57,997 INFO Comparing database entry: kolo with Gmina Dąbie returned from geonames.
2025-08-19 16:03:57,997 INFO 📄 Index 3 | Name: Gmina Dąbie | fcl: P, fcode: PPLA3 | ADM1: Greater Poland, ADM2: Koło County, ADM3: Dąbie, ADM4:  | Latitude: 52.08668, Longitude: 18.8225 | Score: 28.63, Population: 2003 | Fuzzy match: 0.0
2025-08-19 16:03:58,152 INFO Comparing database entry: kolo with Koło returned from geonames.
2025-08-19 16:03:58,152 INFO 📄 Index 0 | Name: Koło | fcl: P, fcode: PPLA2 | ADM1: Greater Poland, ADM2: Koło County, ADM3: Koło, ADM4:  | Latitude: 52.20024, Longitude: 18.63865 | Score: 53.04, Population: 23493 | Fuzzy match: 75.0
2025-08-19 16:03:58,152 INFO Comparing database entry: kolo with Koło County returned from geonames.
2025-08-19 16:03:58,152 INFO 📄 Index 1 | Name: Koło County | fcl: A, fcode: ADM2 | ADM1: Greater Poland, ADM2: Koło County, ADM3: , ADM4:  | Latitude: 52.24446, Longitude: 18.78096 | Score: 38.84, Population: 87790 | Fuzzy match: 40.0
2025-08-19 16:03:58,153 INFO Comparing database entry: kolo with Bystra returned from geonames.
2025-08-19 16:03:58,153 INFO 📄 Index 2 | Name: Bystra | fcl: P, fcode: PPL | ADM1: Silesia, ADM2: Bielsko-Biała County, ADM3: Wilkowice, ADM4:  | Latitude: 49.76042, Longitude: 19.05973 | Score: 29.79, Population: 3887 | Fuzzy match: 0.0
2025-08-19 16:03:58,153 INFO Comparing database entry: kolo with Gmina Dąbie returned from geonames.
2025-08-19 16:03:58,153 INFO 📄 Index 3 | Name: Gmina Dąbie | fcl: P, fcode: PPLA3 | ADM1: Greater Poland, ADM2: Koło County, ADM3: Dąbie, ADM4:  | Latitude: 52.08668, Longitude: 18.8225 | Score: 28.63, Population: 2003 | Fuzzy match: 0.0
2025-08-19 16:03:58,328 INFO Comparing database entry: kolo with Koło returned from geonames.
2025-08-19 16:03:58,328 INFO 📄 Index 0 | Name: Koło | fcl: P, fcode: PPLA2 | ADM1: Greater Poland, ADM2: Koło County, ADM3: Koło, ADM4:  | Latitude: 52.20024, Longitude: 18.63865 | Score: 53.04, Population: 23493 | Fuzzy match: 75.0
2025-08-19 16:03:58,329 INFO Comparing database entry: kolo with Koło County returned from geonames.
2025-08-19 16:03:58,329 INFO 📄 Index 1 | Name: Koło County | fcl: A, fcode: ADM2 | ADM1: Greater Poland, ADM2: Koło County, ADM3: , ADM4:  | Latitude: 52.24446, Longitude: 18.78096 | Score: 38.84, Population: 87790 | Fuzzy match: 40.0
2025-08-19 16:03:58,329 INFO Comparing database entry: kolo with Bystra returned from geonames.
2025-08-19 16:03:58,329 INFO 📄 Index 2 | Name: Bystra | fcl: P, fcode: PPL | ADM1: Silesia, ADM2: Bielsko-Biała County, ADM3: Wilkowice, ADM4:  | Latitude: 49.76042, Longitude: 19.05973 | Score: 29.79, Population: 3887 | Fuzzy match: 0.0
2025-08-19 16:03:58,329 INFO Comparing database entry: kolo with Gmina Dąbie returned from geonames.
2025-08-19 16:03:58,329 INFO 📄 Index 3 | Name: Gmina Dąbie | fcl: P, fcode: PPLA3 | ADM1: Greater Poland, ADM2: Koło County, ADM3: Dąbie, ADM4:  | Latitude: 52.08668, Longitude: 18.8225 | Score: 28.63, Population: 2003 | Fuzzy match: 0.0
2025-08-19 16:03:58,329 WARNING ❌ No match found with fuzzy score > 80 for city: kolo
2025-08-19 16:03:58,329 WARNING ❌ Lookup failed for city='kolo', iso2='PL'
