2025-08-18 17:46:20,260 INFO 🗺️ Starting GeoNames lookup for city='patnow', country='poland'
2025-08-18 17:46:20,260 INFO 📍 Location is present in the following articles: [ObjectId('67fbf79f94b7f855cfea7167'), ObjectId('67fbf7ab94b7f855cfea7199'), ObjectId('67fbf7c894b7f855cfea7210')]
2025-08-18 17:46:20,434 INFO Comparing database entry: patnow with Pątnów returned from geonames.
2025-08-18 17:46:20,434 INFO 📄 Index 0 | Name: Pątnów | fcl: P, fcode: PPL | ADM1: Łódź Voivodeship, ADM2: Wieluń County, ADM3: Gmina Pątnów, ADM4:  | Score: 31.41, Population: 1400 | Fuzzy match: 66.66666666666667
2025-08-18 17:46:20,434 INFO Comparing database entry: patnow with Gmina Pątnów returned from geonames.
2025-08-18 17:46:20,434 INFO 📄 Index 1 | Name: Gmina Pątnów | fcl: A, fcode: ADM3 | ADM1: Łódź Voivodeship, ADM2: Wieluń County, ADM3: Gmina Pątnów, ADM4:  | Score: 28.89, Population: 6590 | Fuzzy match: 44.44444444444444
2025-08-18 17:46:20,434 INFO Comparing database entry: patnow with Dzietrzniki returned from geonames.
2025-08-18 17:46:20,435 INFO 📄 Index 2 | Name: Dzietrzniki | fcl: P, fcode: PPL | ADM1: Łódź Voivodeship, ADM2: Wieluń County, ADM3: Gmina Pątnów, ADM4:  | Score: 24.12, Population: 0 | Fuzzy match: 23.529411764705888
2025-08-18 17:46:20,435 INFO Comparing database entry: patnow with Cieśle returned from geonames.
2025-08-18 17:46:20,435 INFO 📄 Index 3 | Name: Cieśle | fcl: P, fcode: PPL | ADM1: Łódź Voivodeship, ADM2: Wieluń County, ADM3: Gmina Pątnów, ADM4:  | Score: 24.12, Population: 0 | Fuzzy match: 0.0
2025-08-18 17:46:20,669 INFO Comparing database entry: patnow with Pątnów returned from geonames.
2025-08-18 17:46:20,670 INFO 📄 Index 0 | Name: Pątnów | fcl: P, fcode: PPL | ADM1: Łódź Voivodeship, ADM2: Wieluń County, ADM3: Gmina Pątnów, ADM4:  | Score: 31.41, Population: 1400 | Fuzzy match: 66.66666666666667
2025-08-18 17:46:20,670 INFO Comparing database entry: patnow with Gmina Pątnów returned from geonames.
2025-08-18 17:46:20,670 INFO 📄 Index 1 | Name: Gmina Pątnów | fcl: A, fcode: ADM3 | ADM1: Łódź Voivodeship, ADM2: Wieluń County, ADM3: Gmina Pątnów, ADM4:  | Score: 28.89, Population: 6590 | Fuzzy match: 44.44444444444444
2025-08-18 17:46:20,670 INFO Comparing database entry: patnow with Dzietrzniki returned from geonames.
2025-08-18 17:46:20,670 INFO 📄 Index 2 | Name: Dzietrzniki | fcl: P, fcode: PPL | ADM1: Łódź Voivodeship, ADM2: Wieluń County, ADM3: Gmina Pątnów, ADM4:  | Score: 24.12, Population: 0 | Fuzzy match: 23.529411764705888
2025-08-18 17:46:20,670 INFO Comparing database entry: patnow with Cieśle returned from geonames.
2025-08-18 17:46:20,670 INFO 📄 Index 3 | Name: Cieśle | fcl: P, fcode: PPL | ADM1: Łódź Voivodeship, ADM2: Wieluń County, ADM3: Gmina Pątnów, ADM4:  | Score: 24.12, Population: 0 | Fuzzy match: 0.0
2025-08-18 17:46:20,823 INFO Comparing database entry: patnow with Pątnów returned from geonames.
2025-08-18 17:46:20,823 INFO 📄 Index 0 | Name: Pątnów | fcl: P, fcode: PPL | ADM1: Łódź Voivodeship, ADM2: Wieluń County, ADM3: Gmina Pątnów, ADM4:  | Score: 31.41, Population: 1400 | Fuzzy match: 66.66666666666667
2025-08-18 17:46:20,823 INFO Comparing database entry: patnow with Gmina Pątnów returned from geonames.
2025-08-18 17:46:20,823 INFO 📄 Index 1 | Name: Gmina Pątnów | fcl: A, fcode: ADM3 | ADM1: Łódź Voivodeship, ADM2: Wieluń County, ADM3: Gmina Pątnów, ADM4:  | Score: 28.89, Population: 6590 | Fuzzy match: 44.44444444444444
2025-08-18 17:46:20,823 INFO Comparing database entry: patnow with Dzietrzniki returned from geonames.
2025-08-18 17:46:20,823 INFO 📄 Index 2 | Name: Dzietrzniki | fcl: P, fcode: PPL | ADM1: Łódź Voivodeship, ADM2: Wieluń County, ADM3: Gmina Pątnów, ADM4:  | Score: 24.12, Population: 0 | Fuzzy match: 23.529411764705888
2025-08-18 17:46:20,823 INFO Comparing database entry: patnow with Cieśle returned from geonames.
2025-08-18 17:46:20,823 INFO 📄 Index 3 | Name: Cieśle | fcl: P, fcode: PPL | ADM1: Łódź Voivodeship, ADM2: Wieluń County, ADM3: Gmina Pątnów, ADM4:  | Score: 24.12, Population: 0 | Fuzzy match: 0.0
2025-08-18 17:46:20,991 INFO Comparing database entry: patnow with Pątnów returned from geonames.
2025-08-18 17:46:20,991 INFO 📄 Index 0 | Name: Pątnów | fcl: P, fcode: PPL | ADM1: Łódź Voivodeship, ADM2: Wieluń County, ADM3: Gmina Pątnów, ADM4:  | Score: 31.41, Population: 1400 | Fuzzy match: 66.66666666666667
2025-08-18 17:46:20,991 INFO Comparing database entry: patnow with Gmina Pątnów returned from geonames.
2025-08-18 17:46:20,991 INFO 📄 Index 1 | Name: Gmina Pątnów | fcl: A, fcode: ADM3 | ADM1: Łódź Voivodeship, ADM2: Wieluń County, ADM3: Gmina Pątnów, ADM4:  | Score: 28.89, Population: 6590 | Fuzzy match: 44.44444444444444
2025-08-18 17:46:20,991 INFO Comparing database entry: patnow with Dzietrzniki returned from geonames.
2025-08-18 17:46:20,991 INFO 📄 Index 2 | Name: Dzietrzniki | fcl: P, fcode: PPL | ADM1: Łódź Voivodeship, ADM2: Wieluń County, ADM3: Gmina Pątnów, ADM4:  | Score: 24.12, Population: 0 | Fuzzy match: 23.529411764705888
2025-08-18 17:46:20,991 INFO Comparing database entry: patnow with Cieśle returned from geonames.
2025-08-18 17:46:20,991 INFO 📄 Index 3 | Name: Cieśle | fcl: P, fcode: PPL | ADM1: Łódź Voivodeship, ADM2: Wieluń County, ADM3: Gmina Pątnów, ADM4:  | Score: 24.12, Population: 0 | Fuzzy match: 0.0
2025-08-18 17:46:21,170 INFO Comparing database entry: patnow with Pątnów returned from geonames.
2025-08-18 17:46:21,171 INFO 📄 Index 0 | Name: Pątnów | fcl: P, fcode: PPL | ADM1: Łódź Voivodeship, ADM2: Wieluń County, ADM3: Gmina Pątnów, ADM4:  | Score: 31.41, Population: 1400 | Fuzzy match: 66.66666666666667
2025-08-18 17:46:21,171 INFO Comparing database entry: patnow with Gmina Pątnów returned from geonames.
2025-08-18 17:46:21,171 INFO 📄 Index 1 | Name: Gmina Pątnów | fcl: A, fcode: ADM3 | ADM1: Łódź Voivodeship, ADM2: Wieluń County, ADM3: Gmina Pątnów, ADM4:  | Score: 28.89, Population: 6590 | Fuzzy match: 44.44444444444444
2025-08-18 17:46:21,171 INFO Comparing database entry: patnow with Dzietrzniki returned from geonames.
2025-08-18 17:46:21,171 INFO 📄 Index 2 | Name: Dzietrzniki | fcl: P, fcode: PPL | ADM1: Łódź Voivodeship, ADM2: Wieluń County, ADM3: Gmina Pątnów, ADM4:  | Score: 24.12, Population: 0 | Fuzzy match: 23.529411764705888
2025-08-18 17:46:21,171 INFO Comparing database entry: patnow with Cieśle returned from geonames.
2025-08-18 17:46:21,171 INFO 📄 Index 3 | Name: Cieśle | fcl: P, fcode: PPL | ADM1: Łódź Voivodeship, ADM2: Wieluń County, ADM3: Gmina Pątnów, ADM4:  | Score: 24.12, Population: 0 | Fuzzy match: 0.0
2025-08-18 17:46:21,354 INFO Comparing database entry: patnow with Pątnów returned from geonames.
2025-08-18 17:46:21,354 INFO 📄 Index 0 | Name: Pątnów | fcl: P, fcode: PPL | ADM1: Łódź Voivodeship, ADM2: Wieluń County, ADM3: Gmina Pątnów, ADM4:  | Score: 31.41, Population: 1400 | Fuzzy match: 66.66666666666667
2025-08-18 17:46:21,354 INFO Comparing database entry: patnow with Gmina Pątnów returned from geonames.
2025-08-18 17:46:21,355 INFO 📄 Index 1 | Name: Gmina Pątnów | fcl: A, fcode: ADM3 | ADM1: Łódź Voivodeship, ADM2: Wieluń County, ADM3: Gmina Pątnów, ADM4:  | Score: 28.89, Population: 6590 | Fuzzy match: 44.44444444444444
2025-08-18 17:46:21,355 INFO Comparing database entry: patnow with Dzietrzniki returned from geonames.
2025-08-18 17:46:21,355 INFO 📄 Index 2 | Name: Dzietrzniki | fcl: P, fcode: PPL | ADM1: Łódź Voivodeship, ADM2: Wieluń County, ADM3: Gmina Pątnów, ADM4:  | Score: 24.12, Population: 0 | Fuzzy match: 23.529411764705888
2025-08-18 17:46:21,355 INFO Comparing database entry: patnow with Cieśle returned from geonames.
2025-08-18 17:46:21,355 INFO 📄 Index 3 | Name: Cieśle | fcl: P, fcode: PPL | ADM1: Łódź Voivodeship, ADM2: Wieluń County, ADM3: Gmina Pątnów, ADM4:  | Score: 24.12, Population: 0 | Fuzzy match: 0.0
2025-08-18 17:46:21,355 WARNING ❌ No match found with fuzzy score > 80 for city: patnow
2025-08-18 17:46:21,355 WARNING ❌ Lookup failed for city='patnow', iso2='PL'
