2025-08-23 18:51:03,908 INFO 🗺️ Starting GeoNames lookup for city='stettin', country='poland'
2025-08-23 18:51:03,908 INFO 📍 Location is present in the following articles: [ObjectId('67fa5f2438fb90ab92f8ba52')]
2025-08-23 18:51:04,048 INFO Comparing database entry: stettin with Szczecin returned from geonames.
2025-08-23 18:51:04,049 INFO 📄 Index 0 | Name: Szczecin | fcl: P, fcode: PPLA | ADM1: West Pomerania, ADM2: Szczecin, ADM3: Szczecin, ADM4:  | Latitude: 53.42894, Longitude: 14.55302 | Score: 99.74, Population: 407811 | Fuzzy match: 53.333333333333336
2025-08-23 18:51:04,049 INFO Comparing database entry: stettin with Szczecin returned from geonames.
2025-08-23 18:51:04,049 INFO 📄 Index 1 | Name: Szczecin | fcl: A, fcode: ADM2 | ADM1: West Pomerania, ADM2: Szczecin, ADM3: , ADM4:  | Latitude: 53.4297, Longitude: 14.62422 | Score: 31.67, Population: 398255 | Fuzzy match: 53.333333333333336
2025-08-23 18:51:04,049 INFO Comparing database entry: stettin with Dąbie returned from geonames.
2025-08-23 18:51:04,049 INFO 📄 Index 2 | Name: Dąbie | fcl: P, fcode: PPLX | ADM1: West Pomerania, ADM2: Szczecin, ADM3: Szczecin, ADM4:  | Latitude: 53.40027, Longitude: 14.67644 | Score: 23.65, Population: 13275 | Fuzzy match: 16.666666666666664
2025-08-23 18:51:04,049 INFO Comparing database entry: stettin with Pilchowo returned from geonames.
2025-08-23 18:51:04,049 INFO 📄 Index 3 | Name: Pilchowo | fcl: P, fcode: PPL | ADM1: West Pomerania, ADM2: Police County, ADM3: Police, ADM4:  | Latitude: 53.49583, Longitude: 14.48025 | Score: 23.65, Population: 1284 | Fuzzy match: 13.33333333333333
2025-08-23 18:51:04,196 INFO Comparing database entry: stettin with Szczecin returned from geonames.
2025-08-23 18:51:04,196 INFO 📄 Index 0 | Name: Szczecin | fcl: P, fcode: PPLA | ADM1: West Pomerania, ADM2: Szczecin, ADM3: Szczecin, ADM4:  | Latitude: 53.42894, Longitude: 14.55302 | Score: 99.74, Population: 407811 | Fuzzy match: 53.333333333333336
2025-08-23 18:51:04,196 INFO Comparing database entry: stettin with Szczecin returned from geonames.
2025-08-23 18:51:04,197 INFO 📄 Index 1 | Name: Szczecin | fcl: A, fcode: ADM2 | ADM1: West Pomerania, ADM2: Szczecin, ADM3: , ADM4:  | Latitude: 53.4297, Longitude: 14.62422 | Score: 31.67, Population: 398255 | Fuzzy match: 53.333333333333336
2025-08-23 18:51:04,197 INFO Comparing database entry: stettin with Dąbie returned from geonames.
2025-08-23 18:51:04,197 INFO 📄 Index 2 | Name: Dąbie | fcl: P, fcode: PPLX | ADM1: West Pomerania, ADM2: Szczecin, ADM3: Szczecin, ADM4:  | Latitude: 53.40027, Longitude: 14.67644 | Score: 23.65, Population: 13275 | Fuzzy match: 16.666666666666664
2025-08-23 18:51:04,197 INFO Comparing database entry: stettin with Pilchowo returned from geonames.
2025-08-23 18:51:04,197 INFO 📄 Index 3 | Name: Pilchowo | fcl: P, fcode: PPL | ADM1: West Pomerania, ADM2: Police County, ADM3: Police, ADM4:  | Latitude: 53.49583, Longitude: 14.48025 | Score: 23.65, Population: 1284 | Fuzzy match: 13.33333333333333
2025-08-23 18:51:04,329 INFO Comparing database entry: stettin with Szczecin returned from geonames.
2025-08-23 18:51:04,329 INFO 📄 Index 0 | Name: Szczecin | fcl: P, fcode: PPLA | ADM1: West Pomerania, ADM2: Szczecin, ADM3: Szczecin, ADM4:  | Latitude: 53.42894, Longitude: 14.55302 | Score: 99.74, Population: 407811 | Fuzzy match: 53.333333333333336
2025-08-23 18:51:04,329 INFO Comparing database entry: stettin with Szczecin returned from geonames.
2025-08-23 18:51:04,329 INFO 📄 Index 1 | Name: Szczecin | fcl: A, fcode: ADM2 | ADM1: West Pomerania, ADM2: Szczecin, ADM3: , ADM4:  | Latitude: 53.4297, Longitude: 14.62422 | Score: 31.67, Population: 398255 | Fuzzy match: 53.333333333333336
2025-08-23 18:51:04,329 INFO Comparing database entry: stettin with Dąbie returned from geonames.
2025-08-23 18:51:04,329 INFO 📄 Index 2 | Name: Dąbie | fcl: P, fcode: PPLX | ADM1: West Pomerania, ADM2: Szczecin, ADM3: Szczecin, ADM4:  | Latitude: 53.40027, Longitude: 14.67644 | Score: 23.65, Population: 13275 | Fuzzy match: 16.666666666666664
2025-08-23 18:51:04,329 INFO Comparing database entry: stettin with Pilchowo returned from geonames.
2025-08-23 18:51:04,330 INFO 📄 Index 3 | Name: Pilchowo | fcl: P, fcode: PPL | ADM1: West Pomerania, ADM2: Police County, ADM3: Police, ADM4:  | Latitude: 53.49583, Longitude: 14.48025 | Score: 23.65, Population: 1284 | Fuzzy match: 13.33333333333333
2025-08-23 18:51:04,476 INFO Comparing database entry: stettin with Szczecin returned from geonames.
2025-08-23 18:51:04,476 INFO 📄 Index 0 | Name: Szczecin | fcl: P, fcode: PPLA | ADM1: West Pomerania, ADM2: Szczecin, ADM3: Szczecin, ADM4:  | Latitude: 53.42894, Longitude: 14.55302 | Score: 99.74, Population: 407811 | Fuzzy match: 53.333333333333336
2025-08-23 18:51:04,476 INFO Comparing database entry: stettin with Szczecin returned from geonames.
2025-08-23 18:51:04,476 INFO 📄 Index 1 | Name: Szczecin | fcl: A, fcode: ADM2 | ADM1: West Pomerania, ADM2: Szczecin, ADM3: , ADM4:  | Latitude: 53.4297, Longitude: 14.62422 | Score: 31.67, Population: 398255 | Fuzzy match: 53.333333333333336
2025-08-23 18:51:04,476 INFO Comparing database entry: stettin with Dąbie returned from geonames.
2025-08-23 18:51:04,476 INFO 📄 Index 2 | Name: Dąbie | fcl: P, fcode: PPLX | ADM1: West Pomerania, ADM2: Szczecin, ADM3: Szczecin, ADM4:  | Latitude: 53.40027, Longitude: 14.67644 | Score: 23.65, Population: 13275 | Fuzzy match: 16.666666666666664
2025-08-23 18:51:04,476 INFO Comparing database entry: stettin with Pilchowo returned from geonames.
2025-08-23 18:51:04,476 INFO 📄 Index 3 | Name: Pilchowo | fcl: P, fcode: PPL | ADM1: West Pomerania, ADM2: Police County, ADM3: Police, ADM4:  | Latitude: 53.49583, Longitude: 14.48025 | Score: 23.65, Population: 1284 | Fuzzy match: 13.33333333333333
2025-08-23 18:51:04,615 INFO Comparing database entry: stettin with Szczecin returned from geonames.
2025-08-23 18:51:04,616 INFO 📄 Index 0 | Name: Szczecin | fcl: P, fcode: PPLA | ADM1: West Pomerania, ADM2: Szczecin, ADM3: Szczecin, ADM4:  | Latitude: 53.42894, Longitude: 14.55302 | Score: 99.74, Population: 407811 | Fuzzy match: 53.333333333333336
2025-08-23 18:51:04,616 INFO Comparing database entry: stettin with Szczecin returned from geonames.
2025-08-23 18:51:04,616 INFO 📄 Index 1 | Name: Szczecin | fcl: A, fcode: ADM2 | ADM1: West Pomerania, ADM2: Szczecin, ADM3: , ADM4:  | Latitude: 53.4297, Longitude: 14.62422 | Score: 31.67, Population: 398255 | Fuzzy match: 53.333333333333336
2025-08-23 18:51:04,616 INFO Comparing database entry: stettin with Dąbie returned from geonames.
2025-08-23 18:51:04,616 INFO 📄 Index 2 | Name: Dąbie | fcl: P, fcode: PPLX | ADM1: West Pomerania, ADM2: Szczecin, ADM3: Szczecin, ADM4:  | Latitude: 53.40027, Longitude: 14.67644 | Score: 23.65, Population: 13275 | Fuzzy match: 16.666666666666664
2025-08-23 18:51:04,616 INFO Comparing database entry: stettin with Pilchowo returned from geonames.
2025-08-23 18:51:04,616 INFO 📄 Index 3 | Name: Pilchowo | fcl: P, fcode: PPL | ADM1: West Pomerania, ADM2: Police County, ADM3: Police, ADM4:  | Latitude: 53.49583, Longitude: 14.48025 | Score: 23.65, Population: 1284 | Fuzzy match: 13.33333333333333
2025-08-23 18:51:04,771 INFO Comparing database entry: stettin with Szczecin returned from geonames.
2025-08-23 18:51:04,772 INFO 📄 Index 0 | Name: Szczecin | fcl: P, fcode: PPLA | ADM1: West Pomerania, ADM2: Szczecin, ADM3: Szczecin, ADM4:  | Latitude: 53.42894, Longitude: 14.55302 | Score: 99.74, Population: 407811 | Fuzzy match: 53.333333333333336
2025-08-23 18:51:04,772 INFO Comparing database entry: stettin with Szczecin returned from geonames.
2025-08-23 18:51:04,772 INFO 📄 Index 1 | Name: Szczecin | fcl: A, fcode: ADM2 | ADM1: West Pomerania, ADM2: Szczecin, ADM3: , ADM4:  | Latitude: 53.4297, Longitude: 14.62422 | Score: 31.67, Population: 398255 | Fuzzy match: 53.333333333333336
2025-08-23 18:51:04,772 INFO Comparing database entry: stettin with Dąbie returned from geonames.
2025-08-23 18:51:04,772 INFO 📄 Index 2 | Name: Dąbie | fcl: P, fcode: PPLX | ADM1: West Pomerania, ADM2: Szczecin, ADM3: Szczecin, ADM4:  | Latitude: 53.40027, Longitude: 14.67644 | Score: 23.65, Population: 13275 | Fuzzy match: 16.666666666666664
2025-08-23 18:51:04,772 INFO Comparing database entry: stettin with Pilchowo returned from geonames.
2025-08-23 18:51:04,772 INFO 📄 Index 3 | Name: Pilchowo | fcl: P, fcode: PPL | ADM1: West Pomerania, ADM2: Police County, ADM3: Police, ADM4:  | Latitude: 53.49583, Longitude: 14.48025 | Score: 23.65, Population: 1284 | Fuzzy match: 13.33333333333333
2025-08-23 18:51:04,772 WARNING ❌ No match found with fuzzy score > 80 for city: stettin
2025-08-23 18:51:04,773 WARNING ❌ Lookup failed for city='stettin', iso2='PL'
