2025-08-17 16:44:19,996 INFO 🗺️ Starting GeoNames lookup for city='wielkopolska', country='poland'
2025-08-17 16:44:19,996 INFO 📍 Location is present in the following articles: [ObjectId('67fa7cd5eaa4fb525afeb92f')]
2025-08-17 16:44:20,199 INFO Comparing database entry: wielkopolska with Poznan returned from geonames.
2025-08-17 16:44:20,199 INFO 📄 Index 0 | Name: Poznan | fcl: P, fcode: PPLA | ADM1: Greater Poland, ADM2: Poznań, ADM3: Poznań, ADM4:  | Score: 110.13, Population: 570352 | Fuzzy match: 33.333333333333336
2025-08-17 16:44:20,199 INFO Comparing database entry: wielkopolska with Greater Poland returned from geonames.
2025-08-17 16:44:20,200 INFO 📄 Index 1 | Name: Greater Poland | fcl: A, fcode: ADM1 | ADM1: Greater Poland, ADM2: , ADM3: , ADM4:  | Score: 63.24, Population: 3495470 | Fuzzy match: 38.46153846153846
2025-08-17 16:44:20,200 INFO Comparing database entry: wielkopolska with Konin returned from geonames.
2025-08-17 16:44:20,200 INFO 📄 Index 2 | Name: Konin | fcl: P, fcode: PPL | ADM1: Greater Poland, ADM2: Konin, ADM3: Konin, ADM4:  | Score: 55.06, Population: 81258 | Fuzzy match: 23.529411764705888
2025-08-17 16:44:20,200 INFO Comparing database entry: wielkopolska with Kalisz returned from geonames.
2025-08-17 16:44:20,200 INFO 📄 Index 3 | Name: Kalisz | fcl: P, fcode: PPLA3 | ADM1: Greater Poland, ADM2: Kalisz, ADM3: Kalisz, ADM4:  | Score: 55.06, Population: 108759 | Fuzzy match: 33.333333333333336
2025-08-17 16:44:20,401 INFO Comparing database entry: wielkopolska with Poznan returned from geonames.
2025-08-17 16:44:20,402 INFO 📄 Index 0 | Name: Poznan | fcl: P, fcode: PPLA | ADM1: Greater Poland, ADM2: Poznań, ADM3: Poznań, ADM4:  | Score: 110.13, Population: 570352 | Fuzzy match: 33.333333333333336
2025-08-17 16:44:20,402 INFO Comparing database entry: wielkopolska with Greater Poland returned from geonames.
2025-08-17 16:44:20,402 INFO 📄 Index 1 | Name: Greater Poland | fcl: A, fcode: ADM1 | ADM1: Greater Poland, ADM2: , ADM3: , ADM4:  | Score: 63.24, Population: 3495470 | Fuzzy match: 38.46153846153846
2025-08-17 16:44:20,402 INFO Comparing database entry: wielkopolska with Konin returned from geonames.
2025-08-17 16:44:20,402 INFO 📄 Index 2 | Name: Konin | fcl: P, fcode: PPL | ADM1: Greater Poland, ADM2: Konin, ADM3: Konin, ADM4:  | Score: 55.06, Population: 81258 | Fuzzy match: 23.529411764705888
2025-08-17 16:44:20,402 INFO Comparing database entry: wielkopolska with Kalisz returned from geonames.
2025-08-17 16:44:20,402 INFO 📄 Index 3 | Name: Kalisz | fcl: P, fcode: PPLA3 | ADM1: Greater Poland, ADM2: Kalisz, ADM3: Kalisz, ADM4:  | Score: 55.06, Population: 108759 | Fuzzy match: 33.333333333333336
2025-08-17 16:44:20,625 INFO Comparing database entry: wielkopolska with Poznan returned from geonames.
2025-08-17 16:44:20,625 INFO 📄 Index 0 | Name: Poznan | fcl: P, fcode: PPLA | ADM1: Greater Poland, ADM2: Poznań, ADM3: Poznań, ADM4:  | Score: 110.13, Population: 570352 | Fuzzy match: 33.333333333333336
2025-08-17 16:44:20,625 INFO Comparing database entry: wielkopolska with Greater Poland returned from geonames.
2025-08-17 16:44:20,625 INFO 📄 Index 1 | Name: Greater Poland | fcl: A, fcode: ADM1 | ADM1: Greater Poland, ADM2: , ADM3: , ADM4:  | Score: 63.24, Population: 3495470 | Fuzzy match: 38.46153846153846
2025-08-17 16:44:20,625 INFO Comparing database entry: wielkopolska with Konin returned from geonames.
2025-08-17 16:44:20,626 INFO 📄 Index 2 | Name: Konin | fcl: P, fcode: PPL | ADM1: Greater Poland, ADM2: Konin, ADM3: Konin, ADM4:  | Score: 55.06, Population: 81258 | Fuzzy match: 23.529411764705888
2025-08-17 16:44:20,626 INFO Comparing database entry: wielkopolska with Kalisz returned from geonames.
2025-08-17 16:44:20,626 INFO 📄 Index 3 | Name: Kalisz | fcl: P, fcode: PPLA3 | ADM1: Greater Poland, ADM2: Kalisz, ADM3: Kalisz, ADM4:  | Score: 55.06, Population: 108759 | Fuzzy match: 33.333333333333336
2025-08-17 16:44:20,861 INFO Comparing database entry: wielkopolska with Poznan returned from geonames.
2025-08-17 16:44:20,861 INFO 📄 Index 0 | Name: Poznan | fcl: P, fcode: PPLA | ADM1: Greater Poland, ADM2: Poznań, ADM3: Poznań, ADM4:  | Score: 110.13, Population: 570352 | Fuzzy match: 33.333333333333336
2025-08-17 16:44:20,861 INFO Comparing database entry: wielkopolska with Greater Poland returned from geonames.
2025-08-17 16:44:20,861 INFO 📄 Index 1 | Name: Greater Poland | fcl: A, fcode: ADM1 | ADM1: Greater Poland, ADM2: , ADM3: , ADM4:  | Score: 63.24, Population: 3495470 | Fuzzy match: 38.46153846153846
2025-08-17 16:44:20,861 INFO Comparing database entry: wielkopolska with Konin returned from geonames.
2025-08-17 16:44:20,861 INFO 📄 Index 2 | Name: Konin | fcl: P, fcode: PPL | ADM1: Greater Poland, ADM2: Konin, ADM3: Konin, ADM4:  | Score: 55.06, Population: 81258 | Fuzzy match: 23.529411764705888
2025-08-17 16:44:20,861 INFO Comparing database entry: wielkopolska with Kalisz returned from geonames.
2025-08-17 16:44:20,861 INFO 📄 Index 3 | Name: Kalisz | fcl: P, fcode: PPLA3 | ADM1: Greater Poland, ADM2: Kalisz, ADM3: Kalisz, ADM4:  | Score: 55.06, Population: 108759 | Fuzzy match: 33.333333333333336
2025-08-17 16:44:21,079 INFO Comparing database entry: wielkopolska with Poznan returned from geonames.
2025-08-17 16:44:21,079 INFO 📄 Index 0 | Name: Poznan | fcl: P, fcode: PPLA | ADM1: Greater Poland, ADM2: Poznań, ADM3: Poznań, ADM4:  | Score: 110.13, Population: 570352 | Fuzzy match: 33.333333333333336
2025-08-17 16:44:21,079 INFO Comparing database entry: wielkopolska with Greater Poland returned from geonames.
2025-08-17 16:44:21,079 INFO 📄 Index 1 | Name: Greater Poland | fcl: A, fcode: ADM1 | ADM1: Greater Poland, ADM2: , ADM3: , ADM4:  | Score: 63.24, Population: 3495470 | Fuzzy match: 38.46153846153846
2025-08-17 16:44:21,079 INFO Comparing database entry: wielkopolska with Konin returned from geonames.
2025-08-17 16:44:21,079 INFO 📄 Index 2 | Name: Konin | fcl: P, fcode: PPL | ADM1: Greater Poland, ADM2: Konin, ADM3: Konin, ADM4:  | Score: 55.06, Population: 81258 | Fuzzy match: 23.529411764705888
2025-08-17 16:44:21,079 INFO Comparing database entry: wielkopolska with Kalisz returned from geonames.
2025-08-17 16:44:21,079 INFO 📄 Index 3 | Name: Kalisz | fcl: P, fcode: PPLA3 | ADM1: Greater Poland, ADM2: Kalisz, ADM3: Kalisz, ADM4:  | Score: 55.06, Population: 108759 | Fuzzy match: 33.333333333333336
2025-08-17 16:44:21,350 INFO Comparing database entry: wielkopolska with Poznan returned from geonames.
2025-08-17 16:44:21,350 INFO 📄 Index 0 | Name: Poznan | fcl: P, fcode: PPLA | ADM1: Greater Poland, ADM2: Poznań, ADM3: Poznań, ADM4:  | Score: 110.13, Population: 570352 | Fuzzy match: 33.333333333333336
2025-08-17 16:44:21,350 INFO Comparing database entry: wielkopolska with Greater Poland returned from geonames.
2025-08-17 16:44:21,350 INFO 📄 Index 1 | Name: Greater Poland | fcl: A, fcode: ADM1 | ADM1: Greater Poland, ADM2: , ADM3: , ADM4:  | Score: 63.24, Population: 3495470 | Fuzzy match: 38.46153846153846
2025-08-17 16:44:21,350 INFO Comparing database entry: wielkopolska with Konin returned from geonames.
2025-08-17 16:44:21,350 INFO 📄 Index 2 | Name: Konin | fcl: P, fcode: PPL | ADM1: Greater Poland, ADM2: Konin, ADM3: Konin, ADM4:  | Score: 55.06, Population: 81258 | Fuzzy match: 23.529411764705888
2025-08-17 16:44:21,350 INFO Comparing database entry: wielkopolska with Kalisz returned from geonames.
2025-08-17 16:44:21,350 INFO 📄 Index 3 | Name: Kalisz | fcl: P, fcode: PPLA3 | ADM1: Greater Poland, ADM2: Kalisz, ADM3: Kalisz, ADM4:  | Score: 55.06, Population: 108759 | Fuzzy match: 33.333333333333336
2025-08-17 16:44:21,350 WARNING ❌ No match found with fuzzy score > 80 for city: wielkopolska
2025-08-17 16:44:21,350 WARNING ❌ Lookup failed for city='wielkopolska', iso2='PL'
