2025-08-18 15:59:57,674 INFO 🗺️ Starting GeoNames lookup for city='wielkopolskie', country='poland'
2025-08-18 15:59:57,674 INFO 📍 Location is present in the following articles: [ObjectId('67fa9924eaa4fb525afef60f')]
2025-08-18 15:59:57,921 INFO Comparing database entry: wielkopolskie with Poznan returned from geonames.
2025-08-18 15:59:57,921 INFO 📄 Index 0 | Name: Poznan | fcl: P, fcode: PPLA | ADM1: Greater Poland, ADM2: Poznań, ADM3: Poznań, ADM4:  | Score: 129.08, Population: 570352 | Fuzzy match: 21.052631578947366
2025-08-18 15:59:57,921 INFO Comparing database entry: wielkopolskie with Greater Poland returned from geonames.
2025-08-18 15:59:57,921 INFO 📄 Index 1 | Name: Greater Poland | fcl: A, fcode: ADM1 | ADM1: Greater Poland, ADM2: , ADM3: , ADM4:  | Score: 73.22, Population: 3495470 | Fuzzy match: 29.629629629629626
2025-08-18 15:59:57,921 INFO Comparing database entry: wielkopolskie with Konin returned from geonames.
2025-08-18 15:59:57,921 INFO 📄 Index 2 | Name: Konin | fcl: P, fcode: PPL | ADM1: Greater Poland, ADM2: Konin, ADM3: Konin, ADM4:  | Score: 64.54, Population: 81258 | Fuzzy match: 33.333333333333336
2025-08-18 15:59:57,922 INFO Comparing database entry: wielkopolskie with Kalisz returned from geonames.
2025-08-18 15:59:57,922 INFO 📄 Index 3 | Name: Kalisz | fcl: P, fcode: PPLA3 | ADM1: Greater Poland, ADM2: Kalisz, ADM3: Kalisz, ADM4:  | Score: 64.54, Population: 108759 | Fuzzy match: 31.57894736842105
2025-08-18 15:59:58,170 INFO Comparing database entry: wielkopolskie with Poznan returned from geonames.
2025-08-18 15:59:58,171 INFO 📄 Index 0 | Name: Poznan | fcl: P, fcode: PPLA | ADM1: Greater Poland, ADM2: Poznań, ADM3: Poznań, ADM4:  | Score: 129.08, Population: 570352 | Fuzzy match: 21.052631578947366
2025-08-18 15:59:58,171 INFO Comparing database entry: wielkopolskie with Greater Poland returned from geonames.
2025-08-18 15:59:58,171 INFO 📄 Index 1 | Name: Greater Poland | fcl: A, fcode: ADM1 | ADM1: Greater Poland, ADM2: , ADM3: , ADM4:  | Score: 73.22, Population: 3495470 | Fuzzy match: 29.629629629629626
2025-08-18 15:59:58,171 INFO Comparing database entry: wielkopolskie with Konin returned from geonames.
2025-08-18 15:59:58,171 INFO 📄 Index 2 | Name: Konin | fcl: P, fcode: PPL | ADM1: Greater Poland, ADM2: Konin, ADM3: Konin, ADM4:  | Score: 64.54, Population: 81258 | Fuzzy match: 33.333333333333336
2025-08-18 15:59:58,171 INFO Comparing database entry: wielkopolskie with Kalisz returned from geonames.
2025-08-18 15:59:58,171 INFO 📄 Index 3 | Name: Kalisz | fcl: P, fcode: PPLA3 | ADM1: Greater Poland, ADM2: Kalisz, ADM3: Kalisz, ADM4:  | Score: 64.54, Population: 108759 | Fuzzy match: 31.57894736842105
2025-08-18 15:59:58,454 INFO Comparing database entry: wielkopolskie with Poznan returned from geonames.
2025-08-18 15:59:58,454 INFO 📄 Index 0 | Name: Poznan | fcl: P, fcode: PPLA | ADM1: Greater Poland, ADM2: Poznań, ADM3: Poznań, ADM4:  | Score: 129.08, Population: 570352 | Fuzzy match: 21.052631578947366
2025-08-18 15:59:58,454 INFO Comparing database entry: wielkopolskie with Greater Poland returned from geonames.
2025-08-18 15:59:58,454 INFO 📄 Index 1 | Name: Greater Poland | fcl: A, fcode: ADM1 | ADM1: Greater Poland, ADM2: , ADM3: , ADM4:  | Score: 73.22, Population: 3495470 | Fuzzy match: 29.629629629629626
2025-08-18 15:59:58,455 INFO Comparing database entry: wielkopolskie with Konin returned from geonames.
2025-08-18 15:59:58,455 INFO 📄 Index 2 | Name: Konin | fcl: P, fcode: PPL | ADM1: Greater Poland, ADM2: Konin, ADM3: Konin, ADM4:  | Score: 64.54, Population: 81258 | Fuzzy match: 33.333333333333336
2025-08-18 15:59:58,455 INFO Comparing database entry: wielkopolskie with Kalisz returned from geonames.
2025-08-18 15:59:58,455 INFO 📄 Index 3 | Name: Kalisz | fcl: P, fcode: PPLA3 | ADM1: Greater Poland, ADM2: Kalisz, ADM3: Kalisz, ADM4:  | Score: 64.54, Population: 108759 | Fuzzy match: 31.57894736842105
2025-08-18 15:59:58,675 INFO Comparing database entry: wielkopolskie with Poznan returned from geonames.
2025-08-18 15:59:58,676 INFO 📄 Index 0 | Name: Poznan | fcl: P, fcode: PPLA | ADM1: Greater Poland, ADM2: Poznań, ADM3: Poznań, ADM4:  | Score: 129.08, Population: 570352 | Fuzzy match: 21.052631578947366
2025-08-18 15:59:58,676 INFO Comparing database entry: wielkopolskie with Greater Poland returned from geonames.
2025-08-18 15:59:58,676 INFO 📄 Index 1 | Name: Greater Poland | fcl: A, fcode: ADM1 | ADM1: Greater Poland, ADM2: , ADM3: , ADM4:  | Score: 73.22, Population: 3495470 | Fuzzy match: 29.629629629629626
2025-08-18 15:59:58,676 INFO Comparing database entry: wielkopolskie with Konin returned from geonames.
2025-08-18 15:59:58,676 INFO 📄 Index 2 | Name: Konin | fcl: P, fcode: PPL | ADM1: Greater Poland, ADM2: Konin, ADM3: Konin, ADM4:  | Score: 64.54, Population: 81258 | Fuzzy match: 33.333333333333336
2025-08-18 15:59:58,676 INFO Comparing database entry: wielkopolskie with Kalisz returned from geonames.
2025-08-18 15:59:58,676 INFO 📄 Index 3 | Name: Kalisz | fcl: P, fcode: PPLA3 | ADM1: Greater Poland, ADM2: Kalisz, ADM3: Kalisz, ADM4:  | Score: 64.54, Population: 108759 | Fuzzy match: 31.57894736842105
2025-08-18 15:59:58,908 INFO Comparing database entry: wielkopolskie with Poznan returned from geonames.
2025-08-18 15:59:58,909 INFO 📄 Index 0 | Name: Poznan | fcl: P, fcode: PPLA | ADM1: Greater Poland, ADM2: Poznań, ADM3: Poznań, ADM4:  | Score: 129.08, Population: 570352 | Fuzzy match: 21.052631578947366
2025-08-18 15:59:58,909 INFO Comparing database entry: wielkopolskie with Greater Poland returned from geonames.
2025-08-18 15:59:58,909 INFO 📄 Index 1 | Name: Greater Poland | fcl: A, fcode: ADM1 | ADM1: Greater Poland, ADM2: , ADM3: , ADM4:  | Score: 73.22, Population: 3495470 | Fuzzy match: 29.629629629629626
2025-08-18 15:59:58,909 INFO Comparing database entry: wielkopolskie with Konin returned from geonames.
2025-08-18 15:59:58,909 INFO 📄 Index 2 | Name: Konin | fcl: P, fcode: PPL | ADM1: Greater Poland, ADM2: Konin, ADM3: Konin, ADM4:  | Score: 64.54, Population: 81258 | Fuzzy match: 33.333333333333336
2025-08-18 15:59:58,909 INFO Comparing database entry: wielkopolskie with Kalisz returned from geonames.
2025-08-18 15:59:58,909 INFO 📄 Index 3 | Name: Kalisz | fcl: P, fcode: PPLA3 | ADM1: Greater Poland, ADM2: Kalisz, ADM3: Kalisz, ADM4:  | Score: 64.54, Population: 108759 | Fuzzy match: 31.57894736842105
2025-08-18 15:59:59,167 INFO Comparing database entry: wielkopolskie with Poznan returned from geonames.
2025-08-18 15:59:59,167 INFO 📄 Index 0 | Name: Poznan | fcl: P, fcode: PPLA | ADM1: Greater Poland, ADM2: Poznań, ADM3: Poznań, ADM4:  | Score: 129.08, Population: 570352 | Fuzzy match: 21.052631578947366
2025-08-18 15:59:59,167 INFO Comparing database entry: wielkopolskie with Greater Poland returned from geonames.
2025-08-18 15:59:59,167 INFO 📄 Index 1 | Name: Greater Poland | fcl: A, fcode: ADM1 | ADM1: Greater Poland, ADM2: , ADM3: , ADM4:  | Score: 73.22, Population: 3495470 | Fuzzy match: 29.629629629629626
2025-08-18 15:59:59,167 INFO Comparing database entry: wielkopolskie with Konin returned from geonames.
2025-08-18 15:59:59,167 INFO 📄 Index 2 | Name: Konin | fcl: P, fcode: PPL | ADM1: Greater Poland, ADM2: Konin, ADM3: Konin, ADM4:  | Score: 64.54, Population: 81258 | Fuzzy match: 33.333333333333336
2025-08-18 15:59:59,167 INFO Comparing database entry: wielkopolskie with Kalisz returned from geonames.
2025-08-18 15:59:59,167 INFO 📄 Index 3 | Name: Kalisz | fcl: P, fcode: PPLA3 | ADM1: Greater Poland, ADM2: Kalisz, ADM3: Kalisz, ADM4:  | Score: 64.54, Population: 108759 | Fuzzy match: 31.57894736842105
2025-08-18 15:59:59,167 WARNING ❌ No match found with fuzzy score > 80 for city: wielkopolskie
2025-08-18 15:59:59,168 WARNING ❌ Lookup failed for city='wielkopolskie', iso2='PL'
