2025-08-08 14:38:09,814 INFO 🗺️ Starting GeoNames lookup for city='waldenburg', country='poland'
2025-08-08 14:38:09,814 INFO 📍 Location is present in the following articles: [ObjectId('67f52b0e981040986eab738e')]
2025-08-08 14:38:09,999 INFO Comparing database entry: waldenburg with Wałbrzych returned from geonames.
2025-08-08 14:38:09,999 INFO 📄 Index 0 | Name: Wałbrzych | fcl: P, fcode: PPLA3 | ADM1: Lower Silesia, ADM2: Wałbrzych, ADM3: Wałbrzych, ADM4:  | Score: 54.01, Population: 127431 | Fuzzy match: 42.10526315789473
2025-08-08 14:38:09,999 INFO Comparing database entry: waldenburg with Wałbrzych returned from geonames.
2025-08-08 14:38:09,999 INFO 📄 Index 1 | Name: Wałbrzych | fcl: A, fcode: ADM2 | ADM1: Lower Silesia, ADM2: Wałbrzych, ADM3: , ADM4:  | Score: 34.13, Population: 109971 | Fuzzy match: 42.10526315789473
2025-08-08 14:38:09,999 INFO Comparing database entry: waldenburg with Wałbrzych County returned from geonames.
2025-08-08 14:38:09,999 INFO 📄 Index 2 | Name: Wałbrzych County | fcl: A, fcode: ADM2 | ADM1: Lower Silesia, ADM2: Wałbrzych County, ADM3: , ADM4:  | Score: 33.33, Population: 55820 | Fuzzy match: 30.76923076923077
2025-08-08 14:38:09,999 INFO Comparing database entry: waldenburg with Boguszów-Gorce returned from geonames.
2025-08-08 14:38:09,999 INFO 📄 Index 3 | Name: Boguszów-Gorce | fcl: P, fcode: PPLA3 | ADM1: Lower Silesia, ADM2: Wałbrzych County, ADM3: Boguszów-Gorce, ADM4:  | Score: 28.66, Population: 16726 | Fuzzy match: 25.0
2025-08-08 14:38:10,152 INFO Comparing database entry: waldenburg with Wałbrzych returned from geonames.
2025-08-08 14:38:10,152 INFO 📄 Index 0 | Name: Wałbrzych | fcl: P, fcode: PPLA3 | ADM1: Lower Silesia, ADM2: Wałbrzych, ADM3: Wałbrzych, ADM4:  | Score: 54.01, Population: 127431 | Fuzzy match: 42.10526315789473
2025-08-08 14:38:10,152 INFO Comparing database entry: waldenburg with Wałbrzych returned from geonames.
2025-08-08 14:38:10,152 INFO 📄 Index 1 | Name: Wałbrzych | fcl: A, fcode: ADM2 | ADM1: Lower Silesia, ADM2: Wałbrzych, ADM3: , ADM4:  | Score: 34.13, Population: 109971 | Fuzzy match: 42.10526315789473
2025-08-08 14:38:10,152 INFO Comparing database entry: waldenburg with Wałbrzych County returned from geonames.
2025-08-08 14:38:10,152 INFO 📄 Index 2 | Name: Wałbrzych County | fcl: A, fcode: ADM2 | ADM1: Lower Silesia, ADM2: Wałbrzych County, ADM3: , ADM4:  | Score: 33.33, Population: 55820 | Fuzzy match: 30.76923076923077
2025-08-08 14:38:10,152 INFO Comparing database entry: waldenburg with Boguszów-Gorce returned from geonames.
2025-08-08 14:38:10,152 INFO 📄 Index 3 | Name: Boguszów-Gorce | fcl: P, fcode: PPLA3 | ADM1: Lower Silesia, ADM2: Wałbrzych County, ADM3: Boguszów-Gorce, ADM4:  | Score: 28.66, Population: 16726 | Fuzzy match: 25.0
2025-08-08 14:38:10,293 INFO Comparing database entry: waldenburg with Wałbrzych returned from geonames.
2025-08-08 14:38:10,293 INFO 📄 Index 0 | Name: Wałbrzych | fcl: P, fcode: PPLA3 | ADM1: Lower Silesia, ADM2: Wałbrzych, ADM3: Wałbrzych, ADM4:  | Score: 54.01, Population: 127431 | Fuzzy match: 42.10526315789473
2025-08-08 14:38:10,294 INFO Comparing database entry: waldenburg with Wałbrzych returned from geonames.
2025-08-08 14:38:10,294 INFO 📄 Index 1 | Name: Wałbrzych | fcl: A, fcode: ADM2 | ADM1: Lower Silesia, ADM2: Wałbrzych, ADM3: , ADM4:  | Score: 34.13, Population: 109971 | Fuzzy match: 42.10526315789473
2025-08-08 14:38:10,294 INFO Comparing database entry: waldenburg with Wałbrzych County returned from geonames.
2025-08-08 14:38:10,294 INFO 📄 Index 2 | Name: Wałbrzych County | fcl: A, fcode: ADM2 | ADM1: Lower Silesia, ADM2: Wałbrzych County, ADM3: , ADM4:  | Score: 33.33, Population: 55820 | Fuzzy match: 30.76923076923077
2025-08-08 14:38:10,294 INFO Comparing database entry: waldenburg with Boguszów-Gorce returned from geonames.
2025-08-08 14:38:10,294 INFO 📄 Index 3 | Name: Boguszów-Gorce | fcl: P, fcode: PPLA3 | ADM1: Lower Silesia, ADM2: Wałbrzych County, ADM3: Boguszów-Gorce, ADM4:  | Score: 28.66, Population: 16726 | Fuzzy match: 25.0
2025-08-08 14:38:10,468 INFO Comparing database entry: waldenburg with Wałbrzych returned from geonames.
2025-08-08 14:38:10,468 INFO 📄 Index 0 | Name: Wałbrzych | fcl: P, fcode: PPLA3 | ADM1: Lower Silesia, ADM2: Wałbrzych, ADM3: Wałbrzych, ADM4:  | Score: 54.01, Population: 127431 | Fuzzy match: 42.10526315789473
2025-08-08 14:38:10,469 INFO Comparing database entry: waldenburg with Wałbrzych returned from geonames.
2025-08-08 14:38:10,469 INFO 📄 Index 1 | Name: Wałbrzych | fcl: A, fcode: ADM2 | ADM1: Lower Silesia, ADM2: Wałbrzych, ADM3: , ADM4:  | Score: 34.13, Population: 109971 | Fuzzy match: 42.10526315789473
2025-08-08 14:38:10,469 INFO Comparing database entry: waldenburg with Wałbrzych County returned from geonames.
2025-08-08 14:38:10,469 INFO 📄 Index 2 | Name: Wałbrzych County | fcl: A, fcode: ADM2 | ADM1: Lower Silesia, ADM2: Wałbrzych County, ADM3: , ADM4:  | Score: 33.33, Population: 55820 | Fuzzy match: 30.76923076923077
2025-08-08 14:38:10,469 INFO Comparing database entry: waldenburg with Boguszów-Gorce returned from geonames.
2025-08-08 14:38:10,469 INFO 📄 Index 3 | Name: Boguszów-Gorce | fcl: P, fcode: PPLA3 | ADM1: Lower Silesia, ADM2: Wałbrzych County, ADM3: Boguszów-Gorce, ADM4:  | Score: 28.66, Population: 16726 | Fuzzy match: 25.0
2025-08-08 14:38:10,633 INFO Comparing database entry: waldenburg with Wałbrzych returned from geonames.
2025-08-08 14:38:10,634 INFO 📄 Index 0 | Name: Wałbrzych | fcl: P, fcode: PPLA3 | ADM1: Lower Silesia, ADM2: Wałbrzych, ADM3: Wałbrzych, ADM4:  | Score: 54.01, Population: 127431 | Fuzzy match: 42.10526315789473
2025-08-08 14:38:10,634 INFO Comparing database entry: waldenburg with Wałbrzych returned from geonames.
2025-08-08 14:38:10,634 INFO 📄 Index 1 | Name: Wałbrzych | fcl: A, fcode: ADM2 | ADM1: Lower Silesia, ADM2: Wałbrzych, ADM3: , ADM4:  | Score: 34.13, Population: 109971 | Fuzzy match: 42.10526315789473
2025-08-08 14:38:10,634 INFO Comparing database entry: waldenburg with Wałbrzych County returned from geonames.
2025-08-08 14:38:10,634 INFO 📄 Index 2 | Name: Wałbrzych County | fcl: A, fcode: ADM2 | ADM1: Lower Silesia, ADM2: Wałbrzych County, ADM3: , ADM4:  | Score: 33.33, Population: 55820 | Fuzzy match: 30.76923076923077
2025-08-08 14:38:10,634 INFO Comparing database entry: waldenburg with Boguszów-Gorce returned from geonames.
2025-08-08 14:38:10,634 INFO 📄 Index 3 | Name: Boguszów-Gorce | fcl: P, fcode: PPLA3 | ADM1: Lower Silesia, ADM2: Wałbrzych County, ADM3: Boguszów-Gorce, ADM4:  | Score: 28.66, Population: 16726 | Fuzzy match: 25.0
2025-08-08 14:38:10,779 INFO Comparing database entry: waldenburg with Wałbrzych returned from geonames.
2025-08-08 14:38:10,779 INFO 📄 Index 0 | Name: Wałbrzych | fcl: P, fcode: PPLA3 | ADM1: Lower Silesia, ADM2: Wałbrzych, ADM3: Wałbrzych, ADM4:  | Score: 54.01, Population: 127431 | Fuzzy match: 42.10526315789473
2025-08-08 14:38:10,779 INFO Comparing database entry: waldenburg with Wałbrzych returned from geonames.
2025-08-08 14:38:10,779 INFO 📄 Index 1 | Name: Wałbrzych | fcl: A, fcode: ADM2 | ADM1: Lower Silesia, ADM2: Wałbrzych, ADM3: , ADM4:  | Score: 34.13, Population: 109971 | Fuzzy match: 42.10526315789473
2025-08-08 14:38:10,779 INFO Comparing database entry: waldenburg with Wałbrzych County returned from geonames.
2025-08-08 14:38:10,779 INFO 📄 Index 2 | Name: Wałbrzych County | fcl: A, fcode: ADM2 | ADM1: Lower Silesia, ADM2: Wałbrzych County, ADM3: , ADM4:  | Score: 33.33, Population: 55820 | Fuzzy match: 30.76923076923077
2025-08-08 14:38:10,779 INFO Comparing database entry: waldenburg with Boguszów-Gorce returned from geonames.
2025-08-08 14:38:10,779 INFO 📄 Index 3 | Name: Boguszów-Gorce | fcl: P, fcode: PPLA3 | ADM1: Lower Silesia, ADM2: Wałbrzych County, ADM3: Boguszów-Gorce, ADM4:  | Score: 28.66, Population: 16726 | Fuzzy match: 25.0
2025-08-08 14:38:10,780 WARNING ❌ No match found with fuzzy score > 80 for city: waldenburg
2025-08-08 14:38:10,780 WARNING ❌ Lookup failed for city='waldenburg', iso2='PL'
