2025-08-19 17:04:20,028 INFO 🗺️ Starting GeoNames lookup for city='zary', country='poland'
2025-08-19 17:04:20,028 INFO 📍 Location is present in the following articles: [ObjectId('68922d2543883bb34db8b6c8')]
2025-08-19 17:04:20,183 INFO Comparing database entry: zary with Żary returned from geonames.
2025-08-19 17:04:20,183 INFO 📄 Index 0 | Name: Żary | fcl: P, fcode: PPLA2 | ADM1: Lubusz, ADM2: Żary County, ADM3: Żary, ADM4:  | Latitude: 51.64205, Longitude: 15.13727 | Score: 47.28, Population: 38779 | Fuzzy match: 75.0
2025-08-19 17:04:20,183 INFO Comparing database entry: zary with Żary County returned from geonames.
2025-08-19 17:04:20,183 INFO 📄 Index 1 | Name: Żary County | fcl: A, fcode: ADM2 | ADM1: Lubusz, ADM2: Żary County, ADM3: , ADM4:  | Latitude: 51.62858, Longitude: 14.9617 | Score: 37.42, Population: 96496 | Fuzzy match: 40.0
2025-08-19 17:04:20,183 INFO Comparing database entry: zary with Lubsko returned from geonames.
2025-08-19 17:04:20,183 INFO 📄 Index 2 | Name: Lubsko | fcl: P, fcode: PPLA3 | ADM1: Lubusz, ADM2: Żary County, ADM3: Gmina Lubsko, ADM4:  | Latitude: 51.78467, Longitude: 14.97196 | Score: 31.91, Population: 14994 | Fuzzy match: 0.0
2025-08-19 17:04:20,183 INFO Comparing database entry: zary with Łęknica returned from geonames.
2025-08-19 17:04:20,183 INFO 📄 Index 3 | Name: Łęknica | fcl: P, fcode: PPLA3 | ADM1: Lubusz, ADM2: Żary County, ADM3: Łęknica, ADM4:  | Latitude: 51.54148, Longitude: 14.73584 | Score: 30.89, Population: 2565 | Fuzzy match: 18.181818181818176
2025-08-19 17:04:20,333 INFO Comparing database entry: zary with Żary returned from geonames.
2025-08-19 17:04:20,333 INFO 📄 Index 0 | Name: Żary | fcl: P, fcode: PPLA2 | ADM1: Lubusz, ADM2: Żary County, ADM3: Żary, ADM4:  | Latitude: 51.64205, Longitude: 15.13727 | Score: 47.28, Population: 38779 | Fuzzy match: 75.0
2025-08-19 17:04:20,333 INFO Comparing database entry: zary with Żary County returned from geonames.
2025-08-19 17:04:20,333 INFO 📄 Index 1 | Name: Żary County | fcl: A, fcode: ADM2 | ADM1: Lubusz, ADM2: Żary County, ADM3: , ADM4:  | Latitude: 51.62858, Longitude: 14.9617 | Score: 37.42, Population: 96496 | Fuzzy match: 40.0
2025-08-19 17:04:20,333 INFO Comparing database entry: zary with Lubsko returned from geonames.
2025-08-19 17:04:20,333 INFO 📄 Index 2 | Name: Lubsko | fcl: P, fcode: PPLA3 | ADM1: Lubusz, ADM2: Żary County, ADM3: Gmina Lubsko, ADM4:  | Latitude: 51.78467, Longitude: 14.97196 | Score: 31.91, Population: 14994 | Fuzzy match: 0.0
2025-08-19 17:04:20,333 INFO Comparing database entry: zary with Łęknica returned from geonames.
2025-08-19 17:04:20,333 INFO 📄 Index 3 | Name: Łęknica | fcl: P, fcode: PPLA3 | ADM1: Lubusz, ADM2: Żary County, ADM3: Łęknica, ADM4:  | Latitude: 51.54148, Longitude: 14.73584 | Score: 30.89, Population: 2565 | Fuzzy match: 18.181818181818176
2025-08-19 17:04:20,488 INFO Comparing database entry: zary with Żary returned from geonames.
2025-08-19 17:04:20,488 INFO 📄 Index 0 | Name: Żary | fcl: P, fcode: PPLA2 | ADM1: Lubusz, ADM2: Żary County, ADM3: Żary, ADM4:  | Latitude: 51.64205, Longitude: 15.13727 | Score: 47.28, Population: 38779 | Fuzzy match: 75.0
2025-08-19 17:04:20,488 INFO Comparing database entry: zary with Żary County returned from geonames.
2025-08-19 17:04:20,488 INFO 📄 Index 1 | Name: Żary County | fcl: A, fcode: ADM2 | ADM1: Lubusz, ADM2: Żary County, ADM3: , ADM4:  | Latitude: 51.62858, Longitude: 14.9617 | Score: 37.42, Population: 96496 | Fuzzy match: 40.0
2025-08-19 17:04:20,488 INFO Comparing database entry: zary with Lubsko returned from geonames.
2025-08-19 17:04:20,488 INFO 📄 Index 2 | Name: Lubsko | fcl: P, fcode: PPLA3 | ADM1: Lubusz, ADM2: Żary County, ADM3: Gmina Lubsko, ADM4:  | Latitude: 51.78467, Longitude: 14.97196 | Score: 31.91, Population: 14994 | Fuzzy match: 0.0
2025-08-19 17:04:20,488 INFO Comparing database entry: zary with Łęknica returned from geonames.
2025-08-19 17:04:20,488 INFO 📄 Index 3 | Name: Łęknica | fcl: P, fcode: PPLA3 | ADM1: Lubusz, ADM2: Żary County, ADM3: Łęknica, ADM4:  | Latitude: 51.54148, Longitude: 14.73584 | Score: 30.89, Population: 2565 | Fuzzy match: 18.181818181818176
2025-08-19 17:04:20,616 INFO Comparing database entry: zary with Żary returned from geonames.
2025-08-19 17:04:20,616 INFO 📄 Index 0 | Name: Żary | fcl: P, fcode: PPLA2 | ADM1: Lubusz, ADM2: Żary County, ADM3: Żary, ADM4:  | Latitude: 51.64205, Longitude: 15.13727 | Score: 47.28, Population: 38779 | Fuzzy match: 75.0
2025-08-19 17:04:20,616 INFO Comparing database entry: zary with Żary County returned from geonames.
2025-08-19 17:04:20,616 INFO 📄 Index 1 | Name: Żary County | fcl: A, fcode: ADM2 | ADM1: Lubusz, ADM2: Żary County, ADM3: , ADM4:  | Latitude: 51.62858, Longitude: 14.9617 | Score: 37.42, Population: 96496 | Fuzzy match: 40.0
2025-08-19 17:04:20,616 INFO Comparing database entry: zary with Lubsko returned from geonames.
2025-08-19 17:04:20,616 INFO 📄 Index 2 | Name: Lubsko | fcl: P, fcode: PPLA3 | ADM1: Lubusz, ADM2: Żary County, ADM3: Gmina Lubsko, ADM4:  | Latitude: 51.78467, Longitude: 14.97196 | Score: 31.91, Population: 14994 | Fuzzy match: 0.0
2025-08-19 17:04:20,616 INFO Comparing database entry: zary with Łęknica returned from geonames.
2025-08-19 17:04:20,616 INFO 📄 Index 3 | Name: Łęknica | fcl: P, fcode: PPLA3 | ADM1: Lubusz, ADM2: Żary County, ADM3: Łęknica, ADM4:  | Latitude: 51.54148, Longitude: 14.73584 | Score: 30.89, Population: 2565 | Fuzzy match: 18.181818181818176
2025-08-19 17:04:20,769 INFO Comparing database entry: zary with Żary returned from geonames.
2025-08-19 17:04:20,769 INFO 📄 Index 0 | Name: Żary | fcl: P, fcode: PPLA2 | ADM1: Lubusz, ADM2: Żary County, ADM3: Żary, ADM4:  | Latitude: 51.64205, Longitude: 15.13727 | Score: 47.28, Population: 38779 | Fuzzy match: 75.0
2025-08-19 17:04:20,769 INFO Comparing database entry: zary with Żary County returned from geonames.
2025-08-19 17:04:20,769 INFO 📄 Index 1 | Name: Żary County | fcl: A, fcode: ADM2 | ADM1: Lubusz, ADM2: Żary County, ADM3: , ADM4:  | Latitude: 51.62858, Longitude: 14.9617 | Score: 37.42, Population: 96496 | Fuzzy match: 40.0
2025-08-19 17:04:20,769 INFO Comparing database entry: zary with Lubsko returned from geonames.
2025-08-19 17:04:20,769 INFO 📄 Index 2 | Name: Lubsko | fcl: P, fcode: PPLA3 | ADM1: Lubusz, ADM2: Żary County, ADM3: Gmina Lubsko, ADM4:  | Latitude: 51.78467, Longitude: 14.97196 | Score: 31.91, Population: 14994 | Fuzzy match: 0.0
2025-08-19 17:04:20,769 INFO Comparing database entry: zary with Łęknica returned from geonames.
2025-08-19 17:04:20,769 INFO 📄 Index 3 | Name: Łęknica | fcl: P, fcode: PPLA3 | ADM1: Lubusz, ADM2: Żary County, ADM3: Łęknica, ADM4:  | Latitude: 51.54148, Longitude: 14.73584 | Score: 30.89, Population: 2565 | Fuzzy match: 18.181818181818176
2025-08-19 17:04:20,901 INFO Comparing database entry: zary with Żary returned from geonames.
2025-08-19 17:04:20,901 INFO 📄 Index 0 | Name: Żary | fcl: P, fcode: PPLA2 | ADM1: Lubusz, ADM2: Żary County, ADM3: Żary, ADM4:  | Latitude: 51.64205, Longitude: 15.13727 | Score: 47.28, Population: 38779 | Fuzzy match: 75.0
2025-08-19 17:04:20,901 INFO Comparing database entry: zary with Żary County returned from geonames.
2025-08-19 17:04:20,901 INFO 📄 Index 1 | Name: Żary County | fcl: A, fcode: ADM2 | ADM1: Lubusz, ADM2: Żary County, ADM3: , ADM4:  | Latitude: 51.62858, Longitude: 14.9617 | Score: 37.42, Population: 96496 | Fuzzy match: 40.0
2025-08-19 17:04:20,901 INFO Comparing database entry: zary with Lubsko returned from geonames.
2025-08-19 17:04:20,901 INFO 📄 Index 2 | Name: Lubsko | fcl: P, fcode: PPLA3 | ADM1: Lubusz, ADM2: Żary County, ADM3: Gmina Lubsko, ADM4:  | Latitude: 51.78467, Longitude: 14.97196 | Score: 31.91, Population: 14994 | Fuzzy match: 0.0
2025-08-19 17:04:20,901 INFO Comparing database entry: zary with Łęknica returned from geonames.
2025-08-19 17:04:20,902 INFO 📄 Index 3 | Name: Łęknica | fcl: P, fcode: PPLA3 | ADM1: Lubusz, ADM2: Żary County, ADM3: Łęknica, ADM4:  | Latitude: 51.54148, Longitude: 14.73584 | Score: 30.89, Population: 2565 | Fuzzy match: 18.181818181818176
2025-08-19 17:04:20,902 WARNING ❌ No match found with fuzzy score > 80 for city: zary
2025-08-19 17:04:20,902 WARNING ❌ Lookup failed for city='zary', iso2='PL'
