2025-08-19 16:04:00,949 INFO 🗺️ Starting GeoNames lookup for city='łódź', country='poland'
2025-08-19 16:04:00,949 INFO 📍 Location is present in the following articles: [ObjectId('67fa8b3beaa4fb525afee4e2')]
2025-08-19 16:04:01,092 INFO Comparing database entry: łódź with Lodz returned from geonames.
2025-08-19 16:04:01,093 INFO 📄 Index 0 | Name: Lodz | fcl: P, fcode: PPLA | ADM1: Łódź Voivodeship, ADM2: Lodz, ADM3: Łódź, ADM4:  | Latitude: 51.77058, Longitude: 19.47395 | Score: 223.36, Population: 768755 | Fuzzy match: 25.0
2025-08-19 16:04:01,093 INFO Comparing database entry: łódź with Łódź Voivodeship returned from geonames.
2025-08-19 16:04:01,094 INFO 📄 Index 1 | Name: Łódź Voivodeship | fcl: A, fcode: ADM1 | ADM1: Łódź Voivodeship, ADM2: , ADM3: , ADM4:  | Latitude: 51.6, Longitude: 19.43333 | Score: 67.82, Population: 2437970 | Fuzzy match: 40.0
2025-08-19 16:04:01,094 INFO Comparing database entry: łódź with Tomaszów Mazowiecki returned from geonames.
2025-08-19 16:04:01,094 INFO 📄 Index 2 | Name: Tomaszów Mazowiecki | fcl: P, fcode: PPLA2 | ADM1: Łódź Voivodeship, ADM2: Tomaszów County, ADM3: Tomaszów Mazowiecki, ADM4:  | Latitude: 51.53131, Longitude: 20.00855 | Score: 66.62, Population: 67197 | Fuzzy match: 8.695652173913048
2025-08-19 16:04:01,094 INFO Comparing database entry: łódź with Bełchatów returned from geonames.
2025-08-19 16:04:01,094 INFO 📄 Index 3 | Name: Bełchatów | fcl: P, fcode: PPLA2 | ADM1: Łódź Voivodeship, ADM2: Bełchatów County, ADM3: Bełchatów, ADM4:  | Latitude: 51.36883, Longitude: 19.35671 | Score: 66.62, Population: 62896 | Fuzzy match: 30.76923076923077
2025-08-19 16:04:01,263 INFO Comparing database entry: łódź with Lodz returned from geonames.
2025-08-19 16:04:01,263 INFO 📄 Index 0 | Name: Lodz | fcl: P, fcode: PPLA | ADM1: Łódź Voivodeship, ADM2: Lodz, ADM3: Łódź, ADM4:  | Latitude: 51.77058, Longitude: 19.47395 | Score: 223.36, Population: 768755 | Fuzzy match: 25.0
2025-08-19 16:04:01,263 INFO Comparing database entry: łódź with Łódź Voivodeship returned from geonames.
2025-08-19 16:04:01,263 INFO 📄 Index 1 | Name: Łódź Voivodeship | fcl: A, fcode: ADM1 | ADM1: Łódź Voivodeship, ADM2: , ADM3: , ADM4:  | Latitude: 51.6, Longitude: 19.43333 | Score: 67.82, Population: 2437970 | Fuzzy match: 40.0
2025-08-19 16:04:01,263 INFO Comparing database entry: łódź with Tomaszów Mazowiecki returned from geonames.
2025-08-19 16:04:01,263 INFO 📄 Index 2 | Name: Tomaszów Mazowiecki | fcl: P, fcode: PPLA2 | ADM1: Łódź Voivodeship, ADM2: Tomaszów County, ADM3: Tomaszów Mazowiecki, ADM4:  | Latitude: 51.53131, Longitude: 20.00855 | Score: 66.62, Population: 67197 | Fuzzy match: 8.695652173913048
2025-08-19 16:04:01,263 INFO Comparing database entry: łódź with Bełchatów returned from geonames.
2025-08-19 16:04:01,263 INFO 📄 Index 3 | Name: Bełchatów | fcl: P, fcode: PPLA2 | ADM1: Łódź Voivodeship, ADM2: Bełchatów County, ADM3: Bełchatów, ADM4:  | Latitude: 51.36883, Longitude: 19.35671 | Score: 66.62, Population: 62896 | Fuzzy match: 30.76923076923077
2025-08-19 16:04:01,458 INFO Comparing database entry: łódź with Lodz returned from geonames.
2025-08-19 16:04:01,458 INFO 📄 Index 0 | Name: Lodz | fcl: P, fcode: PPLA | ADM1: Łódź Voivodeship, ADM2: Lodz, ADM3: Łódź, ADM4:  | Latitude: 51.77058, Longitude: 19.47395 | Score: 223.36, Population: 768755 | Fuzzy match: 25.0
2025-08-19 16:04:01,458 INFO Comparing database entry: łódź with Łódź Voivodeship returned from geonames.
2025-08-19 16:04:01,458 INFO 📄 Index 1 | Name: Łódź Voivodeship | fcl: A, fcode: ADM1 | ADM1: Łódź Voivodeship, ADM2: , ADM3: , ADM4:  | Latitude: 51.6, Longitude: 19.43333 | Score: 67.82, Population: 2437970 | Fuzzy match: 40.0
2025-08-19 16:04:01,458 INFO Comparing database entry: łódź with Tomaszów Mazowiecki returned from geonames.
2025-08-19 16:04:01,458 INFO 📄 Index 2 | Name: Tomaszów Mazowiecki | fcl: P, fcode: PPLA2 | ADM1: Łódź Voivodeship, ADM2: Tomaszów County, ADM3: Tomaszów Mazowiecki, ADM4:  | Latitude: 51.53131, Longitude: 20.00855 | Score: 66.62, Population: 67197 | Fuzzy match: 8.695652173913048
2025-08-19 16:04:01,458 INFO Comparing database entry: łódź with Bełchatów returned from geonames.
2025-08-19 16:04:01,458 INFO 📄 Index 3 | Name: Bełchatów | fcl: P, fcode: PPLA2 | ADM1: Łódź Voivodeship, ADM2: Bełchatów County, ADM3: Bełchatów, ADM4:  | Latitude: 51.36883, Longitude: 19.35671 | Score: 66.62, Population: 62896 | Fuzzy match: 30.76923076923077
2025-08-19 16:04:01,633 INFO Comparing database entry: łódź with Lodz returned from geonames.
2025-08-19 16:04:01,633 INFO 📄 Index 0 | Name: Lodz | fcl: P, fcode: PPLA | ADM1: Łódź Voivodeship, ADM2: Lodz, ADM3: Łódź, ADM4:  | Latitude: 51.77058, Longitude: 19.47395 | Score: 223.36, Population: 768755 | Fuzzy match: 25.0
2025-08-19 16:04:01,633 INFO Comparing database entry: łódź with Łódź Voivodeship returned from geonames.
2025-08-19 16:04:01,633 INFO 📄 Index 1 | Name: Łódź Voivodeship | fcl: A, fcode: ADM1 | ADM1: Łódź Voivodeship, ADM2: , ADM3: , ADM4:  | Latitude: 51.6, Longitude: 19.43333 | Score: 67.82, Population: 2437970 | Fuzzy match: 40.0
2025-08-19 16:04:01,633 INFO Comparing database entry: łódź with Tomaszów Mazowiecki returned from geonames.
2025-08-19 16:04:01,633 INFO 📄 Index 2 | Name: Tomaszów Mazowiecki | fcl: P, fcode: PPLA2 | ADM1: Łódź Voivodeship, ADM2: Tomaszów County, ADM3: Tomaszów Mazowiecki, ADM4:  | Latitude: 51.53131, Longitude: 20.00855 | Score: 66.62, Population: 67197 | Fuzzy match: 8.695652173913048
2025-08-19 16:04:01,634 INFO Comparing database entry: łódź with Bełchatów returned from geonames.
2025-08-19 16:04:01,634 INFO 📄 Index 3 | Name: Bełchatów | fcl: P, fcode: PPLA2 | ADM1: Łódź Voivodeship, ADM2: Bełchatów County, ADM3: Bełchatów, ADM4:  | Latitude: 51.36883, Longitude: 19.35671 | Score: 66.62, Population: 62896 | Fuzzy match: 30.76923076923077
2025-08-19 16:04:01,793 INFO Comparing database entry: łódź with Lodz returned from geonames.
2025-08-19 16:04:01,793 INFO 📄 Index 0 | Name: Lodz | fcl: P, fcode: PPLA | ADM1: Łódź Voivodeship, ADM2: Lodz, ADM3: Łódź, ADM4:  | Latitude: 51.77058, Longitude: 19.47395 | Score: 223.36, Population: 768755 | Fuzzy match: 25.0
2025-08-19 16:04:01,793 INFO Comparing database entry: łódź with Łódź Voivodeship returned from geonames.
2025-08-19 16:04:01,793 INFO 📄 Index 1 | Name: Łódź Voivodeship | fcl: A, fcode: ADM1 | ADM1: Łódź Voivodeship, ADM2: , ADM3: , ADM4:  | Latitude: 51.6, Longitude: 19.43333 | Score: 67.82, Population: 2437970 | Fuzzy match: 40.0
2025-08-19 16:04:01,793 INFO Comparing database entry: łódź with Tomaszów Mazowiecki returned from geonames.
2025-08-19 16:04:01,793 INFO 📄 Index 2 | Name: Tomaszów Mazowiecki | fcl: P, fcode: PPLA2 | ADM1: Łódź Voivodeship, ADM2: Tomaszów County, ADM3: Tomaszów Mazowiecki, ADM4:  | Latitude: 51.53131, Longitude: 20.00855 | Score: 66.62, Population: 67197 | Fuzzy match: 8.695652173913048
2025-08-19 16:04:01,793 INFO Comparing database entry: łódź with Bełchatów returned from geonames.
2025-08-19 16:04:01,794 INFO 📄 Index 3 | Name: Bełchatów | fcl: P, fcode: PPLA2 | ADM1: Łódź Voivodeship, ADM2: Bełchatów County, ADM3: Bełchatów, ADM4:  | Latitude: 51.36883, Longitude: 19.35671 | Score: 66.62, Population: 62896 | Fuzzy match: 30.76923076923077
2025-08-19 16:04:01,933 INFO Comparing database entry: łódź with Lodz returned from geonames.
2025-08-19 16:04:01,934 INFO 📄 Index 0 | Name: Lodz | fcl: P, fcode: PPLA | ADM1: Łódź Voivodeship, ADM2: Lodz, ADM3: Łódź, ADM4:  | Latitude: 51.77058, Longitude: 19.47395 | Score: 223.36, Population: 768755 | Fuzzy match: 25.0
2025-08-19 16:04:01,934 INFO Comparing database entry: łódź with Łódź Voivodeship returned from geonames.
2025-08-19 16:04:01,934 INFO 📄 Index 1 | Name: Łódź Voivodeship | fcl: A, fcode: ADM1 | ADM1: Łódź Voivodeship, ADM2: , ADM3: , ADM4:  | Latitude: 51.6, Longitude: 19.43333 | Score: 67.82, Population: 2437970 | Fuzzy match: 40.0
2025-08-19 16:04:01,934 INFO Comparing database entry: łódź with Tomaszów Mazowiecki returned from geonames.
2025-08-19 16:04:01,934 INFO 📄 Index 2 | Name: Tomaszów Mazowiecki | fcl: P, fcode: PPLA2 | ADM1: Łódź Voivodeship, ADM2: Tomaszów County, ADM3: Tomaszów Mazowiecki, ADM4:  | Latitude: 51.53131, Longitude: 20.00855 | Score: 66.62, Population: 67197 | Fuzzy match: 8.695652173913048
2025-08-19 16:04:01,934 INFO Comparing database entry: łódź with Bełchatów returned from geonames.
2025-08-19 16:04:01,934 INFO 📄 Index 3 | Name: Bełchatów | fcl: P, fcode: PPLA2 | ADM1: Łódź Voivodeship, ADM2: Bełchatów County, ADM3: Bełchatów, ADM4:  | Latitude: 51.36883, Longitude: 19.35671 | Score: 66.62, Population: 62896 | Fuzzy match: 30.76923076923077
2025-08-19 16:04:01,934 WARNING ❌ No match found with fuzzy score > 80 for city: łódź
2025-08-19 16:04:01,934 WARNING ❌ Lookup failed for city='łódź', iso2='PL'
