2025-08-21 14:41:24,501 INFO 🗺️ Starting GeoNames lookup for city='śrem', country='poland'
2025-08-21 14:41:24,502 INFO 📍 Location is present in the following articles: [ObjectId('68a70fa2bd242b8de6bb870c')]
2025-08-21 14:41:24,645 INFO Comparing database entry: śrem with Gmina Śrem returned from geonames.
2025-08-21 14:41:24,645 INFO 📄 Index 0 | Name: Gmina Śrem | fcl: P, fcode: PPLA2 | ADM1: Greater Poland, ADM2: Śrem County, ADM3: Śrem, ADM4:  | Latitude: 52.08868, Longitude: 17.01508 | Score: 50.11, Population: 30404 | Fuzzy match: 57.14285714285714
2025-08-21 14:41:24,645 INFO Comparing database entry: śrem with Śrem County returned from geonames.
2025-08-21 14:41:24,645 INFO 📄 Index 1 | Name: Śrem County | fcl: A, fcode: ADM2 | ADM1: Greater Poland, ADM2: Śrem County, ADM3: , ADM4:  | Latitude: 52.06149, Longitude: 17.05853 | Score: 37.08, Population: 61229 | Fuzzy match: 53.333333333333336
2025-08-21 14:41:24,645 INFO Comparing database entry: śrem with Dolsk returned from geonames.
2025-08-21 14:41:24,645 INFO 📄 Index 2 | Name: Dolsk | fcl: P, fcode: PPL | ADM1: Greater Poland, ADM2: Śrem County, ADM3: Gmina Dolsk, ADM4:  | Latitude: 51.9818, Longitude: 17.06273 | Score: 30.33, Population: 1527 | Fuzzy match: 0.0
2025-08-21 14:41:24,645 INFO Comparing database entry: śrem with Gmina Książ Wielkopolski returned from geonames.
2025-08-21 14:41:24,645 INFO 📄 Index 3 | Name: Gmina Książ Wielkopolski | fcl: P, fcode: PPLA3 | ADM1: Greater Poland, ADM2: Śrem County, ADM3: Książ Wielkopolski, ADM4:  | Latitude: 52.06167, Longitude: 17.23952 | Score: 27.14, Population: 2736 | Fuzzy match: 7.14285714285714
2025-08-21 14:41:24,774 INFO Comparing database entry: śrem with Gmina Śrem returned from geonames.
2025-08-21 14:41:24,774 INFO 📄 Index 0 | Name: Gmina Śrem | fcl: P, fcode: PPLA2 | ADM1: Greater Poland, ADM2: Śrem County, ADM3: Śrem, ADM4:  | Latitude: 52.08868, Longitude: 17.01508 | Score: 50.11, Population: 30404 | Fuzzy match: 57.14285714285714
2025-08-21 14:41:24,774 INFO Comparing database entry: śrem with Śrem County returned from geonames.
2025-08-21 14:41:24,774 INFO 📄 Index 1 | Name: Śrem County | fcl: A, fcode: ADM2 | ADM1: Greater Poland, ADM2: Śrem County, ADM3: , ADM4:  | Latitude: 52.06149, Longitude: 17.05853 | Score: 37.08, Population: 61229 | Fuzzy match: 53.333333333333336
2025-08-21 14:41:24,774 INFO Comparing database entry: śrem with Dolsk returned from geonames.
2025-08-21 14:41:24,774 INFO 📄 Index 2 | Name: Dolsk | fcl: P, fcode: PPL | ADM1: Greater Poland, ADM2: Śrem County, ADM3: Gmina Dolsk, ADM4:  | Latitude: 51.9818, Longitude: 17.06273 | Score: 30.33, Population: 1527 | Fuzzy match: 0.0
2025-08-21 14:41:24,774 INFO Comparing database entry: śrem with Gmina Książ Wielkopolski returned from geonames.
2025-08-21 14:41:24,774 INFO 📄 Index 3 | Name: Gmina Książ Wielkopolski | fcl: P, fcode: PPLA3 | ADM1: Greater Poland, ADM2: Śrem County, ADM3: Książ Wielkopolski, ADM4:  | Latitude: 52.06167, Longitude: 17.23952 | Score: 27.14, Population: 2736 | Fuzzy match: 7.14285714285714
2025-08-21 14:41:24,931 INFO Comparing database entry: śrem with Gmina Śrem returned from geonames.
2025-08-21 14:41:24,931 INFO 📄 Index 0 | Name: Gmina Śrem | fcl: P, fcode: PPLA2 | ADM1: Greater Poland, ADM2: Śrem County, ADM3: Śrem, ADM4:  | Latitude: 52.08868, Longitude: 17.01508 | Score: 50.11, Population: 30404 | Fuzzy match: 57.14285714285714
2025-08-21 14:41:24,931 INFO Comparing database entry: śrem with Śrem County returned from geonames.
2025-08-21 14:41:24,931 INFO 📄 Index 1 | Name: Śrem County | fcl: A, fcode: ADM2 | ADM1: Greater Poland, ADM2: Śrem County, ADM3: , ADM4:  | Latitude: 52.06149, Longitude: 17.05853 | Score: 37.08, Population: 61229 | Fuzzy match: 53.333333333333336
2025-08-21 14:41:24,931 INFO Comparing database entry: śrem with Dolsk returned from geonames.
2025-08-21 14:41:24,932 INFO 📄 Index 2 | Name: Dolsk | fcl: P, fcode: PPL | ADM1: Greater Poland, ADM2: Śrem County, ADM3: Gmina Dolsk, ADM4:  | Latitude: 51.9818, Longitude: 17.06273 | Score: 30.33, Population: 1527 | Fuzzy match: 0.0
2025-08-21 14:41:24,932 INFO Comparing database entry: śrem with Gmina Książ Wielkopolski returned from geonames.
2025-08-21 14:41:24,932 INFO 📄 Index 3 | Name: Gmina Książ Wielkopolski | fcl: P, fcode: PPLA3 | ADM1: Greater Poland, ADM2: Śrem County, ADM3: Książ Wielkopolski, ADM4:  | Latitude: 52.06167, Longitude: 17.23952 | Score: 27.14, Population: 2736 | Fuzzy match: 7.14285714285714
2025-08-21 14:41:25,098 INFO Comparing database entry: śrem with Gmina Śrem returned from geonames.
2025-08-21 14:41:25,099 INFO 📄 Index 0 | Name: Gmina Śrem | fcl: P, fcode: PPLA2 | ADM1: Greater Poland, ADM2: Śrem County, ADM3: Śrem, ADM4:  | Latitude: 52.08868, Longitude: 17.01508 | Score: 50.11, Population: 30404 | Fuzzy match: 57.14285714285714
2025-08-21 14:41:25,099 INFO Comparing database entry: śrem with Śrem County returned from geonames.
2025-08-21 14:41:25,099 INFO 📄 Index 1 | Name: Śrem County | fcl: A, fcode: ADM2 | ADM1: Greater Poland, ADM2: Śrem County, ADM3: , ADM4:  | Latitude: 52.06149, Longitude: 17.05853 | Score: 37.08, Population: 61229 | Fuzzy match: 53.333333333333336
2025-08-21 14:41:25,099 INFO Comparing database entry: śrem with Dolsk returned from geonames.
2025-08-21 14:41:25,099 INFO 📄 Index 2 | Name: Dolsk | fcl: P, fcode: PPL | ADM1: Greater Poland, ADM2: Śrem County, ADM3: Gmina Dolsk, ADM4:  | Latitude: 51.9818, Longitude: 17.06273 | Score: 30.33, Population: 1527 | Fuzzy match: 0.0
2025-08-21 14:41:25,099 INFO Comparing database entry: śrem with Gmina Książ Wielkopolski returned from geonames.
2025-08-21 14:41:25,099 INFO 📄 Index 3 | Name: Gmina Książ Wielkopolski | fcl: P, fcode: PPLA3 | ADM1: Greater Poland, ADM2: Śrem County, ADM3: Książ Wielkopolski, ADM4:  | Latitude: 52.06167, Longitude: 17.23952 | Score: 27.14, Population: 2736 | Fuzzy match: 7.14285714285714
2025-08-21 14:41:25,246 INFO Comparing database entry: śrem with Gmina Śrem returned from geonames.
2025-08-21 14:41:25,246 INFO 📄 Index 0 | Name: Gmina Śrem | fcl: P, fcode: PPLA2 | ADM1: Greater Poland, ADM2: Śrem County, ADM3: Śrem, ADM4:  | Latitude: 52.08868, Longitude: 17.01508 | Score: 50.11, Population: 30404 | Fuzzy match: 57.14285714285714
2025-08-21 14:41:25,246 INFO Comparing database entry: śrem with Śrem County returned from geonames.
2025-08-21 14:41:25,246 INFO 📄 Index 1 | Name: Śrem County | fcl: A, fcode: ADM2 | ADM1: Greater Poland, ADM2: Śrem County, ADM3: , ADM4:  | Latitude: 52.06149, Longitude: 17.05853 | Score: 37.08, Population: 61229 | Fuzzy match: 53.333333333333336
2025-08-21 14:41:25,246 INFO Comparing database entry: śrem with Dolsk returned from geonames.
2025-08-21 14:41:25,246 INFO 📄 Index 2 | Name: Dolsk | fcl: P, fcode: PPL | ADM1: Greater Poland, ADM2: Śrem County, ADM3: Gmina Dolsk, ADM4:  | Latitude: 51.9818, Longitude: 17.06273 | Score: 30.33, Population: 1527 | Fuzzy match: 0.0
2025-08-21 14:41:25,247 INFO Comparing database entry: śrem with Gmina Książ Wielkopolski returned from geonames.
2025-08-21 14:41:25,247 INFO 📄 Index 3 | Name: Gmina Książ Wielkopolski | fcl: P, fcode: PPLA3 | ADM1: Greater Poland, ADM2: Śrem County, ADM3: Książ Wielkopolski, ADM4:  | Latitude: 52.06167, Longitude: 17.23952 | Score: 27.14, Population: 2736 | Fuzzy match: 7.14285714285714
2025-08-21 14:41:25,389 INFO Comparing database entry: śrem with Gmina Śrem returned from geonames.
2025-08-21 14:41:25,389 INFO 📄 Index 0 | Name: Gmina Śrem | fcl: P, fcode: PPLA2 | ADM1: Greater Poland, ADM2: Śrem County, ADM3: Śrem, ADM4:  | Latitude: 52.08868, Longitude: 17.01508 | Score: 50.11, Population: 30404 | Fuzzy match: 57.14285714285714
2025-08-21 14:41:25,389 INFO Comparing database entry: śrem with Śrem County returned from geonames.
2025-08-21 14:41:25,390 INFO 📄 Index 1 | Name: Śrem County | fcl: A, fcode: ADM2 | ADM1: Greater Poland, ADM2: Śrem County, ADM3: , ADM4:  | Latitude: 52.06149, Longitude: 17.05853 | Score: 37.08, Population: 61229 | Fuzzy match: 53.333333333333336
2025-08-21 14:41:25,390 INFO Comparing database entry: śrem with Dolsk returned from geonames.
2025-08-21 14:41:25,390 INFO 📄 Index 2 | Name: Dolsk | fcl: P, fcode: PPL | ADM1: Greater Poland, ADM2: Śrem County, ADM3: Gmina Dolsk, ADM4:  | Latitude: 51.9818, Longitude: 17.06273 | Score: 30.33, Population: 1527 | Fuzzy match: 0.0
2025-08-21 14:41:25,390 INFO Comparing database entry: śrem with Gmina Książ Wielkopolski returned from geonames.
2025-08-21 14:41:25,390 INFO 📄 Index 3 | Name: Gmina Książ Wielkopolski | fcl: P, fcode: PPLA3 | ADM1: Greater Poland, ADM2: Śrem County, ADM3: Książ Wielkopolski, ADM4:  | Latitude: 52.06167, Longitude: 17.23952 | Score: 27.14, Population: 2736 | Fuzzy match: 7.14285714285714
2025-08-21 14:41:25,390 WARNING ❌ No match found with fuzzy score > 80 for city: śrem
2025-08-21 14:41:25,390 WARNING ❌ Lookup failed for city='śrem', iso2='PL'
