2025-08-16 12:15:33,457 INFO 🗺️ Starting GeoNames lookup for city='algarve', country='portugal'
2025-08-16 12:15:33,457 INFO 📍 Location is present in the following articles: [ObjectId('67fa873beaa4fb525afed43f'), ObjectId('67fa8902eaa4fb525afedba9')]
2025-08-16 12:15:33,627 INFO Comparing database entry: algarve with Portimão returned from geonames.
2025-08-16 12:15:33,627 INFO 📄 Index 0 | Name: Portimão | fcl: P, fcode: PPL | ADM1: Faro, ADM2: Portimão Municipality, ADM3: Portimão, ADM4:  | Score: 41.67, Population: 38487 | Fuzzy match: 13.33333333333333
2025-08-16 12:15:33,627 INFO Comparing database entry: algarve with Quelfes returned from geonames.
2025-08-16 12:15:33,627 INFO 📄 Index 1 | Name: Quelfes | fcl: P, fcode: PPL | ADM1: Faro, ADM2: Olhão Municipality, ADM3: Quelfes, ADM4:  | Score: 33.33, Population: 17253 | Fuzzy match: 28.57142857142857
2025-08-16 12:15:33,627 INFO Comparing database entry: algarve with Olhão returned from geonames.
2025-08-16 12:15:33,627 INFO 📄 Index 2 | Name: Olhão | fcl: P, fcode: PPLA2 | ADM1: Faro, ADM2: Olhão Municipality, ADM3: Olhão, ADM4:  | Score: 33.33, Population: 29239 | Fuzzy match: 16.666666666666664
2025-08-16 12:15:33,627 INFO Comparing database entry: algarve with Almancil returned from geonames.
2025-08-16 12:15:33,627 INFO 📄 Index 3 | Name: Almancil | fcl: P, fcode: PPL | ADM1: Faro, ADM2: Loulé Municipality, ADM3: Almancil, ADM4:  | Score: 33.33, Population: 11291 | Fuzzy match: 40.0
2025-08-16 12:15:33,754 INFO Comparing database entry: algarve with Portimão returned from geonames.
2025-08-16 12:15:33,754 INFO 📄 Index 0 | Name: Portimão | fcl: P, fcode: PPL | ADM1: Faro, ADM2: Portimão Municipality, ADM3: Portimão, ADM4:  | Score: 41.67, Population: 38487 | Fuzzy match: 13.33333333333333
2025-08-16 12:15:33,754 INFO Comparing database entry: algarve with Quelfes returned from geonames.
2025-08-16 12:15:33,754 INFO 📄 Index 1 | Name: Quelfes | fcl: P, fcode: PPL | ADM1: Faro, ADM2: Olhão Municipality, ADM3: Quelfes, ADM4:  | Score: 33.33, Population: 17253 | Fuzzy match: 28.57142857142857
2025-08-16 12:15:33,755 INFO Comparing database entry: algarve with Olhão returned from geonames.
2025-08-16 12:15:33,755 INFO 📄 Index 2 | Name: Olhão | fcl: P, fcode: PPLA2 | ADM1: Faro, ADM2: Olhão Municipality, ADM3: Olhão, ADM4:  | Score: 33.33, Population: 29239 | Fuzzy match: 16.666666666666664
2025-08-16 12:15:33,755 INFO Comparing database entry: algarve with Almancil returned from geonames.
2025-08-16 12:15:33,755 INFO 📄 Index 3 | Name: Almancil | fcl: P, fcode: PPL | ADM1: Faro, ADM2: Loulé Municipality, ADM3: Almancil, ADM4:  | Score: 33.33, Population: 11291 | Fuzzy match: 40.0
2025-08-16 12:15:33,897 INFO Comparing database entry: algarve with Portimão returned from geonames.
2025-08-16 12:15:33,897 INFO 📄 Index 0 | Name: Portimão | fcl: P, fcode: PPL | ADM1: Faro, ADM2: Portimão Municipality, ADM3: Portimão, ADM4:  | Score: 41.67, Population: 38487 | Fuzzy match: 13.33333333333333
2025-08-16 12:15:33,897 INFO Comparing database entry: algarve with Quelfes returned from geonames.
2025-08-16 12:15:33,897 INFO 📄 Index 1 | Name: Quelfes | fcl: P, fcode: PPL | ADM1: Faro, ADM2: Olhão Municipality, ADM3: Quelfes, ADM4:  | Score: 33.33, Population: 17253 | Fuzzy match: 28.57142857142857
2025-08-16 12:15:33,897 INFO Comparing database entry: algarve with Olhão returned from geonames.
2025-08-16 12:15:33,897 INFO 📄 Index 2 | Name: Olhão | fcl: P, fcode: PPLA2 | ADM1: Faro, ADM2: Olhão Municipality, ADM3: Olhão, ADM4:  | Score: 33.33, Population: 29239 | Fuzzy match: 16.666666666666664
2025-08-16 12:15:33,897 INFO Comparing database entry: algarve with Almancil returned from geonames.
2025-08-16 12:15:33,897 INFO 📄 Index 3 | Name: Almancil | fcl: P, fcode: PPL | ADM1: Faro, ADM2: Loulé Municipality, ADM3: Almancil, ADM4:  | Score: 33.33, Population: 11291 | Fuzzy match: 40.0
2025-08-16 12:15:34,046 INFO Comparing database entry: algarve with Portimão returned from geonames.
2025-08-16 12:15:34,047 INFO 📄 Index 0 | Name: Portimão | fcl: P, fcode: PPL | ADM1: Faro, ADM2: Portimão Municipality, ADM3: Portimão, ADM4:  | Score: 41.67, Population: 38487 | Fuzzy match: 13.33333333333333
2025-08-16 12:15:34,047 INFO Comparing database entry: algarve with Quelfes returned from geonames.
2025-08-16 12:15:34,047 INFO 📄 Index 1 | Name: Quelfes | fcl: P, fcode: PPL | ADM1: Faro, ADM2: Olhão Municipality, ADM3: Quelfes, ADM4:  | Score: 33.33, Population: 17253 | Fuzzy match: 28.57142857142857
2025-08-16 12:15:34,047 INFO Comparing database entry: algarve with Olhão returned from geonames.
2025-08-16 12:15:34,047 INFO 📄 Index 2 | Name: Olhão | fcl: P, fcode: PPLA2 | ADM1: Faro, ADM2: Olhão Municipality, ADM3: Olhão, ADM4:  | Score: 33.33, Population: 29239 | Fuzzy match: 16.666666666666664
2025-08-16 12:15:34,047 INFO Comparing database entry: algarve with Almancil returned from geonames.
2025-08-16 12:15:34,047 INFO 📄 Index 3 | Name: Almancil | fcl: P, fcode: PPL | ADM1: Faro, ADM2: Loulé Municipality, ADM3: Almancil, ADM4:  | Score: 33.33, Population: 11291 | Fuzzy match: 40.0
2025-08-16 12:15:34,174 INFO Comparing database entry: algarve with Portimão returned from geonames.
2025-08-16 12:15:34,174 INFO 📄 Index 0 | Name: Portimão | fcl: P, fcode: PPL | ADM1: Faro, ADM2: Portimão Municipality, ADM3: Portimão, ADM4:  | Score: 41.67, Population: 38487 | Fuzzy match: 13.33333333333333
2025-08-16 12:15:34,174 INFO Comparing database entry: algarve with Quelfes returned from geonames.
2025-08-16 12:15:34,174 INFO 📄 Index 1 | Name: Quelfes | fcl: P, fcode: PPL | ADM1: Faro, ADM2: Olhão Municipality, ADM3: Quelfes, ADM4:  | Score: 33.33, Population: 17253 | Fuzzy match: 28.57142857142857
2025-08-16 12:15:34,175 INFO Comparing database entry: algarve with Olhão returned from geonames.
2025-08-16 12:15:34,175 INFO 📄 Index 2 | Name: Olhão | fcl: P, fcode: PPLA2 | ADM1: Faro, ADM2: Olhão Municipality, ADM3: Olhão, ADM4:  | Score: 33.33, Population: 29239 | Fuzzy match: 16.666666666666664
2025-08-16 12:15:34,175 INFO Comparing database entry: algarve with Almancil returned from geonames.
2025-08-16 12:15:34,175 INFO 📄 Index 3 | Name: Almancil | fcl: P, fcode: PPL | ADM1: Faro, ADM2: Loulé Municipality, ADM3: Almancil, ADM4:  | Score: 33.33, Population: 11291 | Fuzzy match: 40.0
2025-08-16 12:15:34,336 INFO Comparing database entry: algarve with Portimão returned from geonames.
2025-08-16 12:15:34,337 INFO 📄 Index 0 | Name: Portimão | fcl: P, fcode: PPL | ADM1: Faro, ADM2: Portimão Municipality, ADM3: Portimão, ADM4:  | Score: 41.67, Population: 38487 | Fuzzy match: 13.33333333333333
2025-08-16 12:15:34,337 INFO Comparing database entry: algarve with Quelfes returned from geonames.
2025-08-16 12:15:34,337 INFO 📄 Index 1 | Name: Quelfes | fcl: P, fcode: PPL | ADM1: Faro, ADM2: Olhão Municipality, ADM3: Quelfes, ADM4:  | Score: 33.33, Population: 17253 | Fuzzy match: 28.57142857142857
2025-08-16 12:15:34,337 INFO Comparing database entry: algarve with Olhão returned from geonames.
2025-08-16 12:15:34,337 INFO 📄 Index 2 | Name: Olhão | fcl: P, fcode: PPLA2 | ADM1: Faro, ADM2: Olhão Municipality, ADM3: Olhão, ADM4:  | Score: 33.33, Population: 29239 | Fuzzy match: 16.666666666666664
2025-08-16 12:15:34,337 INFO Comparing database entry: algarve with Almancil returned from geonames.
2025-08-16 12:15:34,337 INFO 📄 Index 3 | Name: Almancil | fcl: P, fcode: PPL | ADM1: Faro, ADM2: Loulé Municipality, ADM3: Almancil, ADM4:  | Score: 33.33, Population: 11291 | Fuzzy match: 40.0
2025-08-16 12:15:34,337 WARNING ❌ No match found with fuzzy score > 80 for city: algarve
2025-08-16 12:15:34,337 WARNING ❌ Lookup failed for city='algarve', iso2='PT'
