2025-08-19 17:04:20,903 INFO 🗺️ Starting GeoNames lookup for city='alentejo', country='portugal'
2025-08-19 17:04:20,903 INFO 📍 Location is present in the following articles: [ObjectId('689b13fad530644d137681d5')]
2025-08-19 17:04:21,065 INFO Comparing database entry: alentejo with Viana do Alentejo Municipality returned from geonames.
2025-08-19 17:04:21,065 INFO 📄 Index 0 | Name: Viana do Alentejo Municipality | fcl: A, fcode: ADM2 | ADM1: Évora, ADM2: Viana do Alentejo Municipality, ADM3: , ADM4:  | Latitude: 38.33645, Longitude: -8.00011 | Score: 54.39, Population: 5743 | Fuzzy match: 42.10526315789473
2025-08-19 17:04:21,065 INFO Comparing database entry: alentejo with Ferreira do Alentejo Municipality returned from geonames.
2025-08-19 17:04:21,065 INFO 📄 Index 1 | Name: Ferreira do Alentejo Municipality | fcl: A, fcode: ADM2 | ADM1: Beja, ADM2: Ferreira do Alentejo Municipality, ADM3: , ADM4:  | Latitude: 38.09918, Longitude: -8.17137 | Score: 46.27, Population: 8255 | Fuzzy match: 39.02439024390244
2025-08-19 17:04:21,065 INFO Comparing database entry: alentejo with Elvas Municipality returned from geonames.
2025-08-19 17:04:21,065 INFO 📄 Index 2 | Name: Elvas Municipality | fcl: A, fcode: ADM2 | ADM1: Portalegre, ADM2: Elvas Municipality, ADM3: , ADM4:  | Latitude: 38.89868, Longitude: -7.22426 | Score: 34.30, Population: 23078 | Fuzzy match: 23.076923076923073
2025-08-19 17:04:21,066 INFO Comparing database entry: alentejo with Ferreira do Alentejo returned from geonames.
2025-08-19 17:04:21,066 INFO 📄 Index 3 | Name: Ferreira do Alentejo | fcl: P, fcode: PPLA2 | ADM1: Beja, ADM2: Ferreira do Alentejo Municipality, ADM3: Ferreira do Alentejo e Canhestros, ADM4:  | Latitude: 38.05972, Longitude: -8.11408 | Score: 32.01, Population: 4689 | Fuzzy match: 57.14285714285714
2025-08-19 17:04:21,221 INFO Comparing database entry: alentejo with Viana do Alentejo Municipality returned from geonames.
2025-08-19 17:04:21,221 INFO 📄 Index 0 | Name: Viana do Alentejo Municipality | fcl: A, fcode: ADM2 | ADM1: Évora, ADM2: Viana do Alentejo Municipality, ADM3: , ADM4:  | Latitude: 38.33645, Longitude: -8.00011 | Score: 54.39, Population: 5743 | Fuzzy match: 42.10526315789473
2025-08-19 17:04:21,221 INFO Comparing database entry: alentejo with Ferreira do Alentejo Municipality returned from geonames.
2025-08-19 17:04:21,221 INFO 📄 Index 1 | Name: Ferreira do Alentejo Municipality | fcl: A, fcode: ADM2 | ADM1: Beja, ADM2: Ferreira do Alentejo Municipality, ADM3: , ADM4:  | Latitude: 38.09918, Longitude: -8.17137 | Score: 46.27, Population: 8255 | Fuzzy match: 39.02439024390244
2025-08-19 17:04:21,221 INFO Comparing database entry: alentejo with Elvas Municipality returned from geonames.
2025-08-19 17:04:21,221 INFO 📄 Index 2 | Name: Elvas Municipality | fcl: A, fcode: ADM2 | ADM1: Portalegre, ADM2: Elvas Municipality, ADM3: , ADM4:  | Latitude: 38.89868, Longitude: -7.22426 | Score: 34.30, Population: 23078 | Fuzzy match: 23.076923076923073
2025-08-19 17:04:21,221 INFO Comparing database entry: alentejo with Ferreira do Alentejo returned from geonames.
2025-08-19 17:04:21,221 INFO 📄 Index 3 | Name: Ferreira do Alentejo | fcl: P, fcode: PPLA2 | ADM1: Beja, ADM2: Ferreira do Alentejo Municipality, ADM3: Ferreira do Alentejo e Canhestros, ADM4:  | Latitude: 38.05972, Longitude: -8.11408 | Score: 32.01, Population: 4689 | Fuzzy match: 57.14285714285714
2025-08-19 17:04:21,397 INFO Comparing database entry: alentejo with Viana do Alentejo Municipality returned from geonames.
2025-08-19 17:04:21,397 INFO 📄 Index 0 | Name: Viana do Alentejo Municipality | fcl: A, fcode: ADM2 | ADM1: Évora, ADM2: Viana do Alentejo Municipality, ADM3: , ADM4:  | Latitude: 38.33645, Longitude: -8.00011 | Score: 54.39, Population: 5743 | Fuzzy match: 42.10526315789473
2025-08-19 17:04:21,397 INFO Comparing database entry: alentejo with Ferreira do Alentejo Municipality returned from geonames.
2025-08-19 17:04:21,397 INFO 📄 Index 1 | Name: Ferreira do Alentejo Municipality | fcl: A, fcode: ADM2 | ADM1: Beja, ADM2: Ferreira do Alentejo Municipality, ADM3: , ADM4:  | Latitude: 38.09918, Longitude: -8.17137 | Score: 46.27, Population: 8255 | Fuzzy match: 39.02439024390244
2025-08-19 17:04:21,397 INFO Comparing database entry: alentejo with Elvas Municipality returned from geonames.
2025-08-19 17:04:21,397 INFO 📄 Index 2 | Name: Elvas Municipality | fcl: A, fcode: ADM2 | ADM1: Portalegre, ADM2: Elvas Municipality, ADM3: , ADM4:  | Latitude: 38.89868, Longitude: -7.22426 | Score: 34.30, Population: 23078 | Fuzzy match: 23.076923076923073
2025-08-19 17:04:21,397 INFO Comparing database entry: alentejo with Ferreira do Alentejo returned from geonames.
2025-08-19 17:04:21,397 INFO 📄 Index 3 | Name: Ferreira do Alentejo | fcl: P, fcode: PPLA2 | ADM1: Beja, ADM2: Ferreira do Alentejo Municipality, ADM3: Ferreira do Alentejo e Canhestros, ADM4:  | Latitude: 38.05972, Longitude: -8.11408 | Score: 32.01, Population: 4689 | Fuzzy match: 57.14285714285714
2025-08-19 17:04:21,540 INFO Comparing database entry: alentejo with Viana do Alentejo Municipality returned from geonames.
2025-08-19 17:04:21,540 INFO 📄 Index 0 | Name: Viana do Alentejo Municipality | fcl: A, fcode: ADM2 | ADM1: Évora, ADM2: Viana do Alentejo Municipality, ADM3: , ADM4:  | Latitude: 38.33645, Longitude: -8.00011 | Score: 54.39, Population: 5743 | Fuzzy match: 42.10526315789473
2025-08-19 17:04:21,540 INFO Comparing database entry: alentejo with Ferreira do Alentejo Municipality returned from geonames.
2025-08-19 17:04:21,540 INFO 📄 Index 1 | Name: Ferreira do Alentejo Municipality | fcl: A, fcode: ADM2 | ADM1: Beja, ADM2: Ferreira do Alentejo Municipality, ADM3: , ADM4:  | Latitude: 38.09918, Longitude: -8.17137 | Score: 46.27, Population: 8255 | Fuzzy match: 39.02439024390244
2025-08-19 17:04:21,540 INFO Comparing database entry: alentejo with Elvas Municipality returned from geonames.
2025-08-19 17:04:21,540 INFO 📄 Index 2 | Name: Elvas Municipality | fcl: A, fcode: ADM2 | ADM1: Portalegre, ADM2: Elvas Municipality, ADM3: , ADM4:  | Latitude: 38.89868, Longitude: -7.22426 | Score: 34.30, Population: 23078 | Fuzzy match: 23.076923076923073
2025-08-19 17:04:21,540 INFO Comparing database entry: alentejo with Ferreira do Alentejo returned from geonames.
2025-08-19 17:04:21,540 INFO 📄 Index 3 | Name: Ferreira do Alentejo | fcl: P, fcode: PPLA2 | ADM1: Beja, ADM2: Ferreira do Alentejo Municipality, ADM3: Ferreira do Alentejo e Canhestros, ADM4:  | Latitude: 38.05972, Longitude: -8.11408 | Score: 32.01, Population: 4689 | Fuzzy match: 57.14285714285714
2025-08-19 17:04:21,675 INFO Comparing database entry: alentejo with Viana do Alentejo Municipality returned from geonames.
2025-08-19 17:04:21,675 INFO 📄 Index 0 | Name: Viana do Alentejo Municipality | fcl: A, fcode: ADM2 | ADM1: Évora, ADM2: Viana do Alentejo Municipality, ADM3: , ADM4:  | Latitude: 38.33645, Longitude: -8.00011 | Score: 54.39, Population: 5743 | Fuzzy match: 42.10526315789473
2025-08-19 17:04:21,675 INFO Comparing database entry: alentejo with Ferreira do Alentejo Municipality returned from geonames.
2025-08-19 17:04:21,675 INFO 📄 Index 1 | Name: Ferreira do Alentejo Municipality | fcl: A, fcode: ADM2 | ADM1: Beja, ADM2: Ferreira do Alentejo Municipality, ADM3: , ADM4:  | Latitude: 38.09918, Longitude: -8.17137 | Score: 46.27, Population: 8255 | Fuzzy match: 39.02439024390244
2025-08-19 17:04:21,675 INFO Comparing database entry: alentejo with Elvas Municipality returned from geonames.
2025-08-19 17:04:21,675 INFO 📄 Index 2 | Name: Elvas Municipality | fcl: A, fcode: ADM2 | ADM1: Portalegre, ADM2: Elvas Municipality, ADM3: , ADM4:  | Latitude: 38.89868, Longitude: -7.22426 | Score: 34.30, Population: 23078 | Fuzzy match: 23.076923076923073
2025-08-19 17:04:21,675 INFO Comparing database entry: alentejo with Ferreira do Alentejo returned from geonames.
2025-08-19 17:04:21,675 INFO 📄 Index 3 | Name: Ferreira do Alentejo | fcl: P, fcode: PPLA2 | ADM1: Beja, ADM2: Ferreira do Alentejo Municipality, ADM3: Ferreira do Alentejo e Canhestros, ADM4:  | Latitude: 38.05972, Longitude: -8.11408 | Score: 32.01, Population: 4689 | Fuzzy match: 57.14285714285714
2025-08-19 17:04:21,800 INFO Comparing database entry: alentejo with Viana do Alentejo Municipality returned from geonames.
2025-08-19 17:04:21,800 INFO 📄 Index 0 | Name: Viana do Alentejo Municipality | fcl: A, fcode: ADM2 | ADM1: Évora, ADM2: Viana do Alentejo Municipality, ADM3: , ADM4:  | Latitude: 38.33645, Longitude: -8.00011 | Score: 54.39, Population: 5743 | Fuzzy match: 42.10526315789473
2025-08-19 17:04:21,800 INFO Comparing database entry: alentejo with Ferreira do Alentejo Municipality returned from geonames.
2025-08-19 17:04:21,800 INFO 📄 Index 1 | Name: Ferreira do Alentejo Municipality | fcl: A, fcode: ADM2 | ADM1: Beja, ADM2: Ferreira do Alentejo Municipality, ADM3: , ADM4:  | Latitude: 38.09918, Longitude: -8.17137 | Score: 46.27, Population: 8255 | Fuzzy match: 39.02439024390244
2025-08-19 17:04:21,800 INFO Comparing database entry: alentejo with Elvas Municipality returned from geonames.
2025-08-19 17:04:21,800 INFO 📄 Index 2 | Name: Elvas Municipality | fcl: A, fcode: ADM2 | ADM1: Portalegre, ADM2: Elvas Municipality, ADM3: , ADM4:  | Latitude: 38.89868, Longitude: -7.22426 | Score: 34.30, Population: 23078 | Fuzzy match: 23.076923076923073
2025-08-19 17:04:21,801 INFO Comparing database entry: alentejo with Ferreira do Alentejo returned from geonames.
2025-08-19 17:04:21,801 INFO 📄 Index 3 | Name: Ferreira do Alentejo | fcl: P, fcode: PPLA2 | ADM1: Beja, ADM2: Ferreira do Alentejo Municipality, ADM3: Ferreira do Alentejo e Canhestros, ADM4:  | Latitude: 38.05972, Longitude: -8.11408 | Score: 32.01, Population: 4689 | Fuzzy match: 57.14285714285714
2025-08-19 17:04:21,801 WARNING ❌ No match found with fuzzy score > 80 for city: alentejo
2025-08-19 17:04:21,801 WARNING ❌ Lookup failed for city='alentejo', iso2='PT'
