2025-08-08 14:51:26,152 INFO 🗺️ Starting GeoNames lookup for city='figueira da foz', country='portugal'
2025-08-08 14:51:26,152 INFO 📍 Location is present in the following articles: [ObjectId('67f9225af431fddd61d55e1e')]
2025-08-08 14:51:26,284 INFO Comparing database entry: figueira da foz with Figueira da Foz Municipality returned from geonames.
2025-08-08 14:51:26,284 INFO 📄 Index 0 | Name: Figueira da Foz Municipality | fcl: P, fcode: PPLA2 | ADM1: Coimbra, ADM2: Figueira da Foz Municipality, ADM3: Buarcos e São Julião, ADM4:  | Score: 68.15, Population: 46600 | Fuzzy match: 69.76744186046511
2025-08-08 14:51:26,284 INFO Comparing database entry: figueira da foz with Figueira da Foz Municipality returned from geonames.
2025-08-08 14:51:26,284 INFO 📄 Index 1 | Name: Figueira da Foz Municipality | fcl: A, fcode: ADM2 | ADM1: Coimbra, ADM2: Figueira da Foz Municipality, ADM3: , ADM4:  | Score: 44.72, Population: 62125 | Fuzzy match: 69.76744186046511
2025-08-08 14:51:26,284 INFO Comparing database entry: figueira da foz with Tavarede returned from geonames.
2025-08-08 14:51:26,284 INFO 📄 Index 2 | Name: Tavarede | fcl: P, fcode: PPL | ADM1: Coimbra, ADM2: Figueira da Foz Municipality, ADM3: Tavarede, ADM4:  | Score: 31.25, Population: 8586 | Fuzzy match: 17.391304347826086
2025-08-08 14:51:26,284 INFO Comparing database entry: figueira da foz with Lavos returned from geonames.
2025-08-08 14:51:26,284 INFO 📄 Index 3 | Name: Lavos | fcl: P, fcode: PPL | ADM1: Coimbra, ADM2: Figueira da Foz Municipality, ADM3: Lavos, ADM4:  | Score: 31.25, Population: 4164 | Fuzzy match: 19.999999999999996
2025-08-08 14:51:26,427 INFO Comparing database entry: figueira da foz with Figueira da Foz Municipality returned from geonames.
2025-08-08 14:51:26,428 INFO 📄 Index 0 | Name: Figueira da Foz Municipality | fcl: P, fcode: PPLA2 | ADM1: Coimbra, ADM2: Figueira da Foz Municipality, ADM3: Buarcos e São Julião, ADM4:  | Score: 68.15, Population: 46600 | Fuzzy match: 69.76744186046511
2025-08-08 14:51:26,428 INFO Comparing database entry: figueira da foz with Figueira da Foz Municipality returned from geonames.
2025-08-08 14:51:26,428 INFO 📄 Index 1 | Name: Figueira da Foz Municipality | fcl: A, fcode: ADM2 | ADM1: Coimbra, ADM2: Figueira da Foz Municipality, ADM3: , ADM4:  | Score: 44.72, Population: 62125 | Fuzzy match: 69.76744186046511
2025-08-08 14:51:26,428 INFO Comparing database entry: figueira da foz with Tavarede returned from geonames.
2025-08-08 14:51:26,428 INFO 📄 Index 2 | Name: Tavarede | fcl: P, fcode: PPL | ADM1: Coimbra, ADM2: Figueira da Foz Municipality, ADM3: Tavarede, ADM4:  | Score: 31.25, Population: 8586 | Fuzzy match: 17.391304347826086
2025-08-08 14:51:26,428 INFO Comparing database entry: figueira da foz with Lavos returned from geonames.
2025-08-08 14:51:26,428 INFO 📄 Index 3 | Name: Lavos | fcl: P, fcode: PPL | ADM1: Coimbra, ADM2: Figueira da Foz Municipality, ADM3: Lavos, ADM4:  | Score: 31.25, Population: 4164 | Fuzzy match: 19.999999999999996
2025-08-08 14:51:26,582 INFO Comparing database entry: figueira da foz with Figueira da Foz Municipality returned from geonames.
2025-08-08 14:51:26,582 INFO 📄 Index 0 | Name: Figueira da Foz Municipality | fcl: P, fcode: PPLA2 | ADM1: Coimbra, ADM2: Figueira da Foz Municipality, ADM3: Buarcos e São Julião, ADM4:  | Score: 68.15, Population: 46600 | Fuzzy match: 69.76744186046511
2025-08-08 14:51:26,582 INFO Comparing database entry: figueira da foz with Figueira da Foz Municipality returned from geonames.
2025-08-08 14:51:26,582 INFO 📄 Index 1 | Name: Figueira da Foz Municipality | fcl: A, fcode: ADM2 | ADM1: Coimbra, ADM2: Figueira da Foz Municipality, ADM3: , ADM4:  | Score: 44.72, Population: 62125 | Fuzzy match: 69.76744186046511
2025-08-08 14:51:26,582 INFO Comparing database entry: figueira da foz with Tavarede returned from geonames.
2025-08-08 14:51:26,582 INFO 📄 Index 2 | Name: Tavarede | fcl: P, fcode: PPL | ADM1: Coimbra, ADM2: Figueira da Foz Municipality, ADM3: Tavarede, ADM4:  | Score: 31.25, Population: 8586 | Fuzzy match: 17.391304347826086
2025-08-08 14:51:26,583 INFO Comparing database entry: figueira da foz with Lavos returned from geonames.
2025-08-08 14:51:26,583 INFO 📄 Index 3 | Name: Lavos | fcl: P, fcode: PPL | ADM1: Coimbra, ADM2: Figueira da Foz Municipality, ADM3: Lavos, ADM4:  | Score: 31.25, Population: 4164 | Fuzzy match: 19.999999999999996
2025-08-08 14:51:26,757 INFO Comparing database entry: figueira da foz with Figueira da Foz Municipality returned from geonames.
2025-08-08 14:51:26,758 INFO 📄 Index 0 | Name: Figueira da Foz Municipality | fcl: P, fcode: PPLA2 | ADM1: Coimbra, ADM2: Figueira da Foz Municipality, ADM3: Buarcos e São Julião, ADM4:  | Score: 68.15, Population: 46600 | Fuzzy match: 69.76744186046511
2025-08-08 14:51:26,758 INFO Comparing database entry: figueira da foz with Figueira da Foz Municipality returned from geonames.
2025-08-08 14:51:26,758 INFO 📄 Index 1 | Name: Figueira da Foz Municipality | fcl: A, fcode: ADM2 | ADM1: Coimbra, ADM2: Figueira da Foz Municipality, ADM3: , ADM4:  | Score: 44.72, Population: 62125 | Fuzzy match: 69.76744186046511
2025-08-08 14:51:26,758 INFO Comparing database entry: figueira da foz with Tavarede returned from geonames.
2025-08-08 14:51:26,758 INFO 📄 Index 2 | Name: Tavarede | fcl: P, fcode: PPL | ADM1: Coimbra, ADM2: Figueira da Foz Municipality, ADM3: Tavarede, ADM4:  | Score: 31.25, Population: 8586 | Fuzzy match: 17.391304347826086
2025-08-08 14:51:26,758 INFO Comparing database entry: figueira da foz with Lavos returned from geonames.
2025-08-08 14:51:26,758 INFO 📄 Index 3 | Name: Lavos | fcl: P, fcode: PPL | ADM1: Coimbra, ADM2: Figueira da Foz Municipality, ADM3: Lavos, ADM4:  | Score: 31.25, Population: 4164 | Fuzzy match: 19.999999999999996
2025-08-08 14:51:26,924 INFO Comparing database entry: figueira da foz with Figueira da Foz Municipality returned from geonames.
2025-08-08 14:51:26,925 INFO 📄 Index 0 | Name: Figueira da Foz Municipality | fcl: P, fcode: PPLA2 | ADM1: Coimbra, ADM2: Figueira da Foz Municipality, ADM3: Buarcos e São Julião, ADM4:  | Score: 68.15, Population: 46600 | Fuzzy match: 69.76744186046511
2025-08-08 14:51:26,925 INFO Comparing database entry: figueira da foz with Figueira da Foz Municipality returned from geonames.
2025-08-08 14:51:26,925 INFO 📄 Index 1 | Name: Figueira da Foz Municipality | fcl: A, fcode: ADM2 | ADM1: Coimbra, ADM2: Figueira da Foz Municipality, ADM3: , ADM4:  | Score: 44.72, Population: 62125 | Fuzzy match: 69.76744186046511
2025-08-08 14:51:26,925 INFO Comparing database entry: figueira da foz with Tavarede returned from geonames.
2025-08-08 14:51:26,925 INFO 📄 Index 2 | Name: Tavarede | fcl: P, fcode: PPL | ADM1: Coimbra, ADM2: Figueira da Foz Municipality, ADM3: Tavarede, ADM4:  | Score: 31.25, Population: 8586 | Fuzzy match: 17.391304347826086
2025-08-08 14:51:26,925 INFO Comparing database entry: figueira da foz with Lavos returned from geonames.
2025-08-08 14:51:26,925 INFO 📄 Index 3 | Name: Lavos | fcl: P, fcode: PPL | ADM1: Coimbra, ADM2: Figueira da Foz Municipality, ADM3: Lavos, ADM4:  | Score: 31.25, Population: 4164 | Fuzzy match: 19.999999999999996
2025-08-08 14:51:27,092 INFO Comparing database entry: figueira da foz with Figueira da Foz Municipality returned from geonames.
2025-08-08 14:51:27,093 INFO 📄 Index 0 | Name: Figueira da Foz Municipality | fcl: P, fcode: PPLA2 | ADM1: Coimbra, ADM2: Figueira da Foz Municipality, ADM3: Buarcos e São Julião, ADM4:  | Score: 68.15, Population: 46600 | Fuzzy match: 69.76744186046511
2025-08-08 14:51:27,093 INFO Comparing database entry: figueira da foz with Figueira da Foz Municipality returned from geonames.
2025-08-08 14:51:27,093 INFO 📄 Index 1 | Name: Figueira da Foz Municipality | fcl: A, fcode: ADM2 | ADM1: Coimbra, ADM2: Figueira da Foz Municipality, ADM3: , ADM4:  | Score: 44.72, Population: 62125 | Fuzzy match: 69.76744186046511
2025-08-08 14:51:27,093 INFO Comparing database entry: figueira da foz with Tavarede returned from geonames.
2025-08-08 14:51:27,093 INFO 📄 Index 2 | Name: Tavarede | fcl: P, fcode: PPL | ADM1: Coimbra, ADM2: Figueira da Foz Municipality, ADM3: Tavarede, ADM4:  | Score: 31.25, Population: 8586 | Fuzzy match: 17.391304347826086
2025-08-08 14:51:27,093 INFO Comparing database entry: figueira da foz with Lavos returned from geonames.
2025-08-08 14:51:27,093 INFO 📄 Index 3 | Name: Lavos | fcl: P, fcode: PPL | ADM1: Coimbra, ADM2: Figueira da Foz Municipality, ADM3: Lavos, ADM4:  | Score: 31.25, Population: 4164 | Fuzzy match: 19.999999999999996
2025-08-08 14:51:27,093 WARNING ❌ No match found with fuzzy score > 80 for city: figueira da foz
2025-08-08 14:51:27,093 WARNING ❌ Lookup failed for city='figueira_da_foz', iso2='PT'
