2025-08-16 12:15:36,197 INFO 🗺️ Starting GeoNames lookup for city='santas', country='portugal'
2025-08-16 12:15:36,198 INFO 📍 Location is present in the following articles: [ObjectId('67fa845feaa4fb525afec853')]
2025-08-16 12:15:36,359 INFO Comparing database entry: santas with Águas Santas returned from geonames.
2025-08-16 12:15:36,359 INFO 📄 Index 0 | Name: Águas Santas | fcl: P, fcode: PPL | ADM1: Porto, ADM2: Maia, ADM3: Águas Santas, ADM4:  | Score: 44.30, Population: 27686 | Fuzzy match: 66.66666666666667
2025-08-16 12:15:36,359 INFO Comparing database entry: santas with Águas Santas returned from geonames.
2025-08-16 12:15:36,359 INFO 📄 Index 1 | Name: Águas Santas | fcl: A, fcode: ADM3 | ADM1: Porto, ADM2: Maia, ADM3: Águas Santas, ADM4:  | Score: 29.50, Population: 26632 | Fuzzy match: 66.66666666666667
2025-08-16 12:15:36,359 INFO Comparing database entry: santas with Águas Santas returned from geonames.
2025-08-16 12:15:36,359 INFO 📄 Index 2 | Name: Águas Santas | fcl: A, fcode: ADM3H | ADM1: Braga, ADM2: Póvoa de Lanhoso Municipality, ADM3: Águas Santas, ADM4:  | Score: 28.48, Population: 420 | Fuzzy match: 66.66666666666667
2025-08-16 12:15:36,359 INFO Comparing database entry: santas with Águas Santas e Moure returned from geonames.
2025-08-16 12:15:36,360 INFO 📄 Index 3 | Name: Águas Santas e Moure | fcl: A, fcode: ADM3 | ADM1: Braga, ADM2: Póvoa de Lanhoso Municipality, ADM3: Águas Santas e Moure, ADM4:  | Score: 28.48, Population: 589 | Fuzzy match: 46.15384615384615
2025-08-16 12:15:36,524 INFO Comparing database entry: santas with Águas Santas returned from geonames.
2025-08-16 12:15:36,525 INFO 📄 Index 0 | Name: Águas Santas | fcl: P, fcode: PPL | ADM1: Porto, ADM2: Maia, ADM3: Águas Santas, ADM4:  | Score: 44.30, Population: 27686 | Fuzzy match: 66.66666666666667
2025-08-16 12:15:36,525 INFO Comparing database entry: santas with Águas Santas returned from geonames.
2025-08-16 12:15:36,525 INFO 📄 Index 1 | Name: Águas Santas | fcl: A, fcode: ADM3 | ADM1: Porto, ADM2: Maia, ADM3: Águas Santas, ADM4:  | Score: 29.50, Population: 26632 | Fuzzy match: 66.66666666666667
2025-08-16 12:15:36,525 INFO Comparing database entry: santas with Águas Santas returned from geonames.
2025-08-16 12:15:36,525 INFO 📄 Index 2 | Name: Águas Santas | fcl: A, fcode: ADM3H | ADM1: Braga, ADM2: Póvoa de Lanhoso Municipality, ADM3: Águas Santas, ADM4:  | Score: 28.48, Population: 420 | Fuzzy match: 66.66666666666667
2025-08-16 12:15:36,525 INFO Comparing database entry: santas with Águas Santas e Moure returned from geonames.
2025-08-16 12:15:36,525 INFO 📄 Index 3 | Name: Águas Santas e Moure | fcl: A, fcode: ADM3 | ADM1: Braga, ADM2: Póvoa de Lanhoso Municipality, ADM3: Águas Santas e Moure, ADM4:  | Score: 28.48, Population: 589 | Fuzzy match: 46.15384615384615
2025-08-16 12:15:36,664 INFO Comparing database entry: santas with Águas Santas returned from geonames.
2025-08-16 12:15:36,664 INFO 📄 Index 0 | Name: Águas Santas | fcl: P, fcode: PPL | ADM1: Porto, ADM2: Maia, ADM3: Águas Santas, ADM4:  | Score: 44.30, Population: 27686 | Fuzzy match: 66.66666666666667
2025-08-16 12:15:36,664 INFO Comparing database entry: santas with Águas Santas returned from geonames.
2025-08-16 12:15:36,664 INFO 📄 Index 1 | Name: Águas Santas | fcl: A, fcode: ADM3 | ADM1: Porto, ADM2: Maia, ADM3: Águas Santas, ADM4:  | Score: 29.50, Population: 26632 | Fuzzy match: 66.66666666666667
2025-08-16 12:15:36,664 INFO Comparing database entry: santas with Águas Santas returned from geonames.
2025-08-16 12:15:36,664 INFO 📄 Index 2 | Name: Águas Santas | fcl: A, fcode: ADM3H | ADM1: Braga, ADM2: Póvoa de Lanhoso Municipality, ADM3: Águas Santas, ADM4:  | Score: 28.48, Population: 420 | Fuzzy match: 66.66666666666667
2025-08-16 12:15:36,664 INFO Comparing database entry: santas with Águas Santas e Moure returned from geonames.
2025-08-16 12:15:36,664 INFO 📄 Index 3 | Name: Águas Santas e Moure | fcl: A, fcode: ADM3 | ADM1: Braga, ADM2: Póvoa de Lanhoso Municipality, ADM3: Águas Santas e Moure, ADM4:  | Score: 28.48, Population: 589 | Fuzzy match: 46.15384615384615
2025-08-16 12:15:36,829 INFO Comparing database entry: santas with Águas Santas returned from geonames.
2025-08-16 12:15:36,829 INFO 📄 Index 0 | Name: Águas Santas | fcl: P, fcode: PPL | ADM1: Porto, ADM2: Maia, ADM3: Águas Santas, ADM4:  | Score: 44.30, Population: 27686 | Fuzzy match: 66.66666666666667
2025-08-16 12:15:36,829 INFO Comparing database entry: santas with Águas Santas returned from geonames.
2025-08-16 12:15:36,829 INFO 📄 Index 1 | Name: Águas Santas | fcl: A, fcode: ADM3 | ADM1: Porto, ADM2: Maia, ADM3: Águas Santas, ADM4:  | Score: 29.50, Population: 26632 | Fuzzy match: 66.66666666666667
2025-08-16 12:15:36,829 INFO Comparing database entry: santas with Águas Santas returned from geonames.
2025-08-16 12:15:36,829 INFO 📄 Index 2 | Name: Águas Santas | fcl: A, fcode: ADM3H | ADM1: Braga, ADM2: Póvoa de Lanhoso Municipality, ADM3: Águas Santas, ADM4:  | Score: 28.48, Population: 420 | Fuzzy match: 66.66666666666667
2025-08-16 12:15:36,829 INFO Comparing database entry: santas with Águas Santas e Moure returned from geonames.
2025-08-16 12:15:36,829 INFO 📄 Index 3 | Name: Águas Santas e Moure | fcl: A, fcode: ADM3 | ADM1: Braga, ADM2: Póvoa de Lanhoso Municipality, ADM3: Águas Santas e Moure, ADM4:  | Score: 28.48, Population: 589 | Fuzzy match: 46.15384615384615
2025-08-16 12:15:36,959 INFO Comparing database entry: santas with Águas Santas returned from geonames.
2025-08-16 12:15:36,959 INFO 📄 Index 0 | Name: Águas Santas | fcl: P, fcode: PPL | ADM1: Porto, ADM2: Maia, ADM3: Águas Santas, ADM4:  | Score: 44.30, Population: 27686 | Fuzzy match: 66.66666666666667
2025-08-16 12:15:36,959 INFO Comparing database entry: santas with Águas Santas returned from geonames.
2025-08-16 12:15:36,959 INFO 📄 Index 1 | Name: Águas Santas | fcl: A, fcode: ADM3 | ADM1: Porto, ADM2: Maia, ADM3: Águas Santas, ADM4:  | Score: 29.50, Population: 26632 | Fuzzy match: 66.66666666666667
2025-08-16 12:15:36,959 INFO Comparing database entry: santas with Águas Santas returned from geonames.
2025-08-16 12:15:36,959 INFO 📄 Index 2 | Name: Águas Santas | fcl: A, fcode: ADM3H | ADM1: Braga, ADM2: Póvoa de Lanhoso Municipality, ADM3: Águas Santas, ADM4:  | Score: 28.48, Population: 420 | Fuzzy match: 66.66666666666667
2025-08-16 12:15:36,959 INFO Comparing database entry: santas with Águas Santas e Moure returned from geonames.
2025-08-16 12:15:36,959 INFO 📄 Index 3 | Name: Águas Santas e Moure | fcl: A, fcode: ADM3 | ADM1: Braga, ADM2: Póvoa de Lanhoso Municipality, ADM3: Águas Santas e Moure, ADM4:  | Score: 28.48, Population: 589 | Fuzzy match: 46.15384615384615
2025-08-16 12:15:37,089 INFO Comparing database entry: santas with Águas Santas returned from geonames.
2025-08-16 12:15:37,089 INFO 📄 Index 0 | Name: Águas Santas | fcl: P, fcode: PPL | ADM1: Porto, ADM2: Maia, ADM3: Águas Santas, ADM4:  | Score: 44.30, Population: 27686 | Fuzzy match: 66.66666666666667
2025-08-16 12:15:37,089 INFO Comparing database entry: santas with Águas Santas returned from geonames.
2025-08-16 12:15:37,089 INFO 📄 Index 1 | Name: Águas Santas | fcl: A, fcode: ADM3 | ADM1: Porto, ADM2: Maia, ADM3: Águas Santas, ADM4:  | Score: 29.50, Population: 26632 | Fuzzy match: 66.66666666666667
2025-08-16 12:15:37,089 INFO Comparing database entry: santas with Águas Santas returned from geonames.
2025-08-16 12:15:37,089 INFO 📄 Index 2 | Name: Águas Santas | fcl: A, fcode: ADM3H | ADM1: Braga, ADM2: Póvoa de Lanhoso Municipality, ADM3: Águas Santas, ADM4:  | Score: 28.48, Population: 420 | Fuzzy match: 66.66666666666667
2025-08-16 12:15:37,089 INFO Comparing database entry: santas with Águas Santas e Moure returned from geonames.
2025-08-16 12:15:37,089 INFO 📄 Index 3 | Name: Águas Santas e Moure | fcl: A, fcode: ADM3 | ADM1: Braga, ADM2: Póvoa de Lanhoso Municipality, ADM3: Águas Santas e Moure, ADM4:  | Score: 28.48, Population: 589 | Fuzzy match: 46.15384615384615
2025-08-16 12:15:37,089 WARNING ❌ No match found with fuzzy score > 80 for city: santas
2025-08-16 12:15:37,089 WARNING ❌ Lookup failed for city='santas', iso2='PT'
