2025-08-18 19:06:17,565 INFO 🗺️ Starting GeoNames lookup for city='seixal', country='portugal'
2025-08-18 19:06:17,565 INFO 📍 Location is present in the following articles: [ObjectId('684ebb84f52f96b4e9dd761b')]
2025-08-18 19:06:17,715 INFO Comparing database entry: seixal with Seixal Municipality returned from geonames.
2025-08-18 19:06:17,715 INFO 📄 Index 0 | Name: Seixal Municipality | fcl: A, fcode: ADM2 | ADM1: Setúbal, ADM2: Seixal Municipality, ADM3: , ADM4:  | Score: 46.23, Population: 158269 | Fuzzy match: 48.0
2025-08-18 19:06:17,716 INFO Comparing database entry: seixal with Corroios returned from geonames.
2025-08-18 19:06:17,716 INFO 📄 Index 1 | Name: Corroios | fcl: P, fcode: PPL | ADM1: Setúbal, ADM2: Seixal Municipality, ADM3: Corroios, ADM4:  | Score: 43.60, Population: 52520 | Fuzzy match: 14.28571428571429
2025-08-18 19:06:17,716 INFO Comparing database entry: seixal with Amora returned from geonames.
2025-08-18 19:06:17,716 INFO 📄 Index 2 | Name: Amora | fcl: P, fcode: PPL | ADM1: Setúbal, ADM2: Seixal Municipality, ADM3: Amora, ADM4:  | Score: 43.60, Population: 52577 | Fuzzy match: 18.181818181818176
2025-08-18 19:06:17,716 INFO Comparing database entry: seixal with Arrentela returned from geonames.
2025-08-18 19:06:17,716 INFO 📄 Index 3 | Name: Arrentela | fcl: P, fcode: PPL | ADM1: Setúbal, ADM2: Seixal Municipality, ADM3: Seixal, Arrentela e Aldeia de Paio Pires, ADM4:  | Score: 37.60, Population: 30156 | Fuzzy match: 26.66666666666667
2025-08-18 19:06:17,900 INFO Comparing database entry: seixal with Seixal Municipality returned from geonames.
2025-08-18 19:06:17,900 INFO 📄 Index 0 | Name: Seixal Municipality | fcl: A, fcode: ADM2 | ADM1: Setúbal, ADM2: Seixal Municipality, ADM3: , ADM4:  | Score: 46.23, Population: 158269 | Fuzzy match: 48.0
2025-08-18 19:06:17,900 INFO Comparing database entry: seixal with Corroios returned from geonames.
2025-08-18 19:06:17,900 INFO 📄 Index 1 | Name: Corroios | fcl: P, fcode: PPL | ADM1: Setúbal, ADM2: Seixal Municipality, ADM3: Corroios, ADM4:  | Score: 43.60, Population: 52520 | Fuzzy match: 14.28571428571429
2025-08-18 19:06:17,901 INFO Comparing database entry: seixal with Amora returned from geonames.
2025-08-18 19:06:17,901 INFO 📄 Index 2 | Name: Amora | fcl: P, fcode: PPL | ADM1: Setúbal, ADM2: Seixal Municipality, ADM3: Amora, ADM4:  | Score: 43.60, Population: 52577 | Fuzzy match: 18.181818181818176
2025-08-18 19:06:17,901 INFO Comparing database entry: seixal with Arrentela returned from geonames.
2025-08-18 19:06:17,901 INFO 📄 Index 3 | Name: Arrentela | fcl: P, fcode: PPL | ADM1: Setúbal, ADM2: Seixal Municipality, ADM3: Seixal, Arrentela e Aldeia de Paio Pires, ADM4:  | Score: 37.60, Population: 30156 | Fuzzy match: 26.66666666666667
2025-08-18 19:06:18,067 INFO Comparing database entry: seixal with Seixal Municipality returned from geonames.
2025-08-18 19:06:18,067 INFO 📄 Index 0 | Name: Seixal Municipality | fcl: A, fcode: ADM2 | ADM1: Setúbal, ADM2: Seixal Municipality, ADM3: , ADM4:  | Score: 46.23, Population: 158269 | Fuzzy match: 48.0
2025-08-18 19:06:18,067 INFO Comparing database entry: seixal with Corroios returned from geonames.
2025-08-18 19:06:18,067 INFO 📄 Index 1 | Name: Corroios | fcl: P, fcode: PPL | ADM1: Setúbal, ADM2: Seixal Municipality, ADM3: Corroios, ADM4:  | Score: 43.60, Population: 52520 | Fuzzy match: 14.28571428571429
2025-08-18 19:06:18,067 INFO Comparing database entry: seixal with Amora returned from geonames.
2025-08-18 19:06:18,067 INFO 📄 Index 2 | Name: Amora | fcl: P, fcode: PPL | ADM1: Setúbal, ADM2: Seixal Municipality, ADM3: Amora, ADM4:  | Score: 43.60, Population: 52577 | Fuzzy match: 18.181818181818176
2025-08-18 19:06:18,067 INFO Comparing database entry: seixal with Arrentela returned from geonames.
2025-08-18 19:06:18,067 INFO 📄 Index 3 | Name: Arrentela | fcl: P, fcode: PPL | ADM1: Setúbal, ADM2: Seixal Municipality, ADM3: Seixal, Arrentela e Aldeia de Paio Pires, ADM4:  | Score: 37.60, Population: 30156 | Fuzzy match: 26.66666666666667
2025-08-18 19:06:18,222 INFO Comparing database entry: seixal with Seixal Municipality returned from geonames.
2025-08-18 19:06:18,223 INFO 📄 Index 0 | Name: Seixal Municipality | fcl: A, fcode: ADM2 | ADM1: Setúbal, ADM2: Seixal Municipality, ADM3: , ADM4:  | Score: 46.23, Population: 158269 | Fuzzy match: 48.0
2025-08-18 19:06:18,223 INFO Comparing database entry: seixal with Corroios returned from geonames.
2025-08-18 19:06:18,223 INFO 📄 Index 1 | Name: Corroios | fcl: P, fcode: PPL | ADM1: Setúbal, ADM2: Seixal Municipality, ADM3: Corroios, ADM4:  | Score: 43.60, Population: 52520 | Fuzzy match: 14.28571428571429
2025-08-18 19:06:18,223 INFO Comparing database entry: seixal with Amora returned from geonames.
2025-08-18 19:06:18,223 INFO 📄 Index 2 | Name: Amora | fcl: P, fcode: PPL | ADM1: Setúbal, ADM2: Seixal Municipality, ADM3: Amora, ADM4:  | Score: 43.60, Population: 52577 | Fuzzy match: 18.181818181818176
2025-08-18 19:06:18,223 INFO Comparing database entry: seixal with Arrentela returned from geonames.
2025-08-18 19:06:18,223 INFO 📄 Index 3 | Name: Arrentela | fcl: P, fcode: PPL | ADM1: Setúbal, ADM2: Seixal Municipality, ADM3: Seixal, Arrentela e Aldeia de Paio Pires, ADM4:  | Score: 37.60, Population: 30156 | Fuzzy match: 26.66666666666667
2025-08-18 19:06:18,379 INFO Comparing database entry: seixal with Seixal Municipality returned from geonames.
2025-08-18 19:06:18,379 INFO 📄 Index 0 | Name: Seixal Municipality | fcl: A, fcode: ADM2 | ADM1: Setúbal, ADM2: Seixal Municipality, ADM3: , ADM4:  | Score: 46.23, Population: 158269 | Fuzzy match: 48.0
2025-08-18 19:06:18,379 INFO Comparing database entry: seixal with Corroios returned from geonames.
2025-08-18 19:06:18,379 INFO 📄 Index 1 | Name: Corroios | fcl: P, fcode: PPL | ADM1: Setúbal, ADM2: Seixal Municipality, ADM3: Corroios, ADM4:  | Score: 43.60, Population: 52520 | Fuzzy match: 14.28571428571429
2025-08-18 19:06:18,379 INFO Comparing database entry: seixal with Amora returned from geonames.
2025-08-18 19:06:18,379 INFO 📄 Index 2 | Name: Amora | fcl: P, fcode: PPL | ADM1: Setúbal, ADM2: Seixal Municipality, ADM3: Amora, ADM4:  | Score: 43.60, Population: 52577 | Fuzzy match: 18.181818181818176
2025-08-18 19:06:18,380 INFO Comparing database entry: seixal with Arrentela returned from geonames.
2025-08-18 19:06:18,380 INFO 📄 Index 3 | Name: Arrentela | fcl: P, fcode: PPL | ADM1: Setúbal, ADM2: Seixal Municipality, ADM3: Seixal, Arrentela e Aldeia de Paio Pires, ADM4:  | Score: 37.60, Population: 30156 | Fuzzy match: 26.66666666666667
2025-08-18 19:06:18,543 INFO Comparing database entry: seixal with Seixal Municipality returned from geonames.
2025-08-18 19:06:18,543 INFO 📄 Index 0 | Name: Seixal Municipality | fcl: A, fcode: ADM2 | ADM1: Setúbal, ADM2: Seixal Municipality, ADM3: , ADM4:  | Score: 46.23, Population: 158269 | Fuzzy match: 48.0
2025-08-18 19:06:18,543 INFO Comparing database entry: seixal with Corroios returned from geonames.
2025-08-18 19:06:18,543 INFO 📄 Index 1 | Name: Corroios | fcl: P, fcode: PPL | ADM1: Setúbal, ADM2: Seixal Municipality, ADM3: Corroios, ADM4:  | Score: 43.60, Population: 52520 | Fuzzy match: 14.28571428571429
2025-08-18 19:06:18,544 INFO Comparing database entry: seixal with Amora returned from geonames.
2025-08-18 19:06:18,544 INFO 📄 Index 2 | Name: Amora | fcl: P, fcode: PPL | ADM1: Setúbal, ADM2: Seixal Municipality, ADM3: Amora, ADM4:  | Score: 43.60, Population: 52577 | Fuzzy match: 18.181818181818176
2025-08-18 19:06:18,544 INFO Comparing database entry: seixal with Arrentela returned from geonames.
2025-08-18 19:06:18,544 INFO 📄 Index 3 | Name: Arrentela | fcl: P, fcode: PPL | ADM1: Setúbal, ADM2: Seixal Municipality, ADM3: Seixal, Arrentela e Aldeia de Paio Pires, ADM4:  | Score: 37.60, Population: 30156 | Fuzzy match: 26.66666666666667
2025-08-18 19:06:18,544 WARNING ❌ No match found with fuzzy score > 80 for city: seixal
2025-08-18 19:06:18,544 WARNING ❌ Lookup failed for city='seixal', iso2='PT'
