2025-08-17 16:44:25,899 INFO 🗺️ Starting GeoNames lookup for city='vaqueiros district, alcoutim', country='portugal'
2025-08-17 16:44:25,900 INFO 📍 Location is present in the following articles: [ObjectId('67fa7ca4eaa4fb525afeb863')]
2025-08-17 16:44:26,073 INFO Comparing database entry: vaqueiros district, alcoutim with Vaqueiros returned from geonames.
2025-08-17 16:44:26,073 INFO 📄 Index 0 | Name: Vaqueiros | fcl: A, fcode: ADM3 | ADM1: Faro, ADM2: Alcoutim Municipality, ADM3: Vaqueiros, ADM4:  | Score: 27.17, Population: 333 | Fuzzy match: 48.64864864864865
2025-08-17 16:44:26,073 INFO Comparing database entry: vaqueiros district, alcoutim with Vaqueiros returned from geonames.
2025-08-17 16:44:26,074 INFO 📄 Index 1 | Name: Vaqueiros | fcl: P, fcode: PPL | ADM1: Faro, ADM2: Alcoutim Municipality, ADM3: Vaqueiros, ADM4:  | Score: 15.46, Population: 0 | Fuzzy match: 48.64864864864865
2025-08-17 16:44:26,074 INFO Comparing database entry: vaqueiros district, alcoutim with Várzea returned from geonames.
2025-08-17 16:44:26,074 INFO 📄 Index 2 | Name: Várzea | fcl: P, fcode: PPL | ADM1: Faro, ADM2: Alcoutim Municipality, ADM3: Vaqueiros, ADM4:  | Score: 12.97, Population: 0 | Fuzzy match: 11.764705882352944
2025-08-17 16:44:26,074 INFO Comparing database entry: vaqueiros district, alcoutim with Vale da Rosa returned from geonames.
2025-08-17 16:44:26,074 INFO 📄 Index 3 | Name: Vale da Rosa | fcl: P, fcode: PPL | ADM1: Faro, ADM2: Alcoutim Municipality, ADM3: Vaqueiros, ADM4:  | Score: 12.97, Population: 0 | Fuzzy match: 35.0
2025-08-17 16:44:26,228 INFO Comparing database entry: vaqueiros district, alcoutim with Vaqueiros returned from geonames.
2025-08-17 16:44:26,228 INFO 📄 Index 0 | Name: Vaqueiros | fcl: A, fcode: ADM3 | ADM1: Faro, ADM2: Alcoutim Municipality, ADM3: Vaqueiros, ADM4:  | Score: 27.17, Population: 333 | Fuzzy match: 48.64864864864865
2025-08-17 16:44:26,228 INFO Comparing database entry: vaqueiros district, alcoutim with Vaqueiros returned from geonames.
2025-08-17 16:44:26,228 INFO 📄 Index 1 | Name: Vaqueiros | fcl: P, fcode: PPL | ADM1: Faro, ADM2: Alcoutim Municipality, ADM3: Vaqueiros, ADM4:  | Score: 15.46, Population: 0 | Fuzzy match: 48.64864864864865
2025-08-17 16:44:26,228 INFO Comparing database entry: vaqueiros district, alcoutim with Várzea returned from geonames.
2025-08-17 16:44:26,229 INFO 📄 Index 2 | Name: Várzea | fcl: P, fcode: PPL | ADM1: Faro, ADM2: Alcoutim Municipality, ADM3: Vaqueiros, ADM4:  | Score: 12.97, Population: 0 | Fuzzy match: 11.764705882352944
2025-08-17 16:44:26,229 INFO Comparing database entry: vaqueiros district, alcoutim with Vale da Rosa returned from geonames.
2025-08-17 16:44:26,229 INFO 📄 Index 3 | Name: Vale da Rosa | fcl: P, fcode: PPL | ADM1: Faro, ADM2: Alcoutim Municipality, ADM3: Vaqueiros, ADM4:  | Score: 12.97, Population: 0 | Fuzzy match: 35.0
2025-08-17 16:44:26,378 INFO Comparing database entry: vaqueiros district, alcoutim with Vaqueiros returned from geonames.
2025-08-17 16:44:26,378 INFO 📄 Index 0 | Name: Vaqueiros | fcl: A, fcode: ADM3 | ADM1: Faro, ADM2: Alcoutim Municipality, ADM3: Vaqueiros, ADM4:  | Score: 27.17, Population: 333 | Fuzzy match: 48.64864864864865
2025-08-17 16:44:26,378 INFO Comparing database entry: vaqueiros district, alcoutim with Vaqueiros returned from geonames.
2025-08-17 16:44:26,378 INFO 📄 Index 1 | Name: Vaqueiros | fcl: P, fcode: PPL | ADM1: Faro, ADM2: Alcoutim Municipality, ADM3: Vaqueiros, ADM4:  | Score: 15.46, Population: 0 | Fuzzy match: 48.64864864864865
2025-08-17 16:44:26,378 INFO Comparing database entry: vaqueiros district, alcoutim with Várzea returned from geonames.
2025-08-17 16:44:26,378 INFO 📄 Index 2 | Name: Várzea | fcl: P, fcode: PPL | ADM1: Faro, ADM2: Alcoutim Municipality, ADM3: Vaqueiros, ADM4:  | Score: 12.97, Population: 0 | Fuzzy match: 11.764705882352944
2025-08-17 16:44:26,378 INFO Comparing database entry: vaqueiros district, alcoutim with Vale da Rosa returned from geonames.
2025-08-17 16:44:26,378 INFO 📄 Index 3 | Name: Vale da Rosa | fcl: P, fcode: PPL | ADM1: Faro, ADM2: Alcoutim Municipality, ADM3: Vaqueiros, ADM4:  | Score: 12.97, Population: 0 | Fuzzy match: 35.0
2025-08-17 16:44:26,515 INFO Comparing database entry: vaqueiros district, alcoutim with Vaqueiros returned from geonames.
2025-08-17 16:44:26,515 INFO 📄 Index 0 | Name: Vaqueiros | fcl: A, fcode: ADM3 | ADM1: Faro, ADM2: Alcoutim Municipality, ADM3: Vaqueiros, ADM4:  | Score: 27.17, Population: 333 | Fuzzy match: 48.64864864864865
2025-08-17 16:44:26,515 INFO Comparing database entry: vaqueiros district, alcoutim with Vaqueiros returned from geonames.
2025-08-17 16:44:26,515 INFO 📄 Index 1 | Name: Vaqueiros | fcl: P, fcode: PPL | ADM1: Faro, ADM2: Alcoutim Municipality, ADM3: Vaqueiros, ADM4:  | Score: 15.46, Population: 0 | Fuzzy match: 48.64864864864865
2025-08-17 16:44:26,515 INFO Comparing database entry: vaqueiros district, alcoutim with Várzea returned from geonames.
2025-08-17 16:44:26,515 INFO 📄 Index 2 | Name: Várzea | fcl: P, fcode: PPL | ADM1: Faro, ADM2: Alcoutim Municipality, ADM3: Vaqueiros, ADM4:  | Score: 12.97, Population: 0 | Fuzzy match: 11.764705882352944
2025-08-17 16:44:26,515 INFO Comparing database entry: vaqueiros district, alcoutim with Vale da Rosa returned from geonames.
2025-08-17 16:44:26,515 INFO 📄 Index 3 | Name: Vale da Rosa | fcl: P, fcode: PPL | ADM1: Faro, ADM2: Alcoutim Municipality, ADM3: Vaqueiros, ADM4:  | Score: 12.97, Population: 0 | Fuzzy match: 35.0
2025-08-17 16:44:26,649 INFO Comparing database entry: vaqueiros district, alcoutim with Vaqueiros returned from geonames.
2025-08-17 16:44:26,649 INFO 📄 Index 0 | Name: Vaqueiros | fcl: A, fcode: ADM3 | ADM1: Faro, ADM2: Alcoutim Municipality, ADM3: Vaqueiros, ADM4:  | Score: 27.17, Population: 333 | Fuzzy match: 48.64864864864865
2025-08-17 16:44:26,649 INFO Comparing database entry: vaqueiros district, alcoutim with Vaqueiros returned from geonames.
2025-08-17 16:44:26,649 INFO 📄 Index 1 | Name: Vaqueiros | fcl: P, fcode: PPL | ADM1: Faro, ADM2: Alcoutim Municipality, ADM3: Vaqueiros, ADM4:  | Score: 15.46, Population: 0 | Fuzzy match: 48.64864864864865
2025-08-17 16:44:26,649 INFO Comparing database entry: vaqueiros district, alcoutim with Várzea returned from geonames.
2025-08-17 16:44:26,649 INFO 📄 Index 2 | Name: Várzea | fcl: P, fcode: PPL | ADM1: Faro, ADM2: Alcoutim Municipality, ADM3: Vaqueiros, ADM4:  | Score: 12.97, Population: 0 | Fuzzy match: 11.764705882352944
2025-08-17 16:44:26,649 INFO Comparing database entry: vaqueiros district, alcoutim with Vale da Rosa returned from geonames.
2025-08-17 16:44:26,649 INFO 📄 Index 3 | Name: Vale da Rosa | fcl: P, fcode: PPL | ADM1: Faro, ADM2: Alcoutim Municipality, ADM3: Vaqueiros, ADM4:  | Score: 12.97, Population: 0 | Fuzzy match: 35.0
2025-08-17 16:44:26,822 INFO Comparing database entry: vaqueiros district, alcoutim with Vaqueiros returned from geonames.
2025-08-17 16:44:26,823 INFO 📄 Index 0 | Name: Vaqueiros | fcl: A, fcode: ADM3 | ADM1: Faro, ADM2: Alcoutim Municipality, ADM3: Vaqueiros, ADM4:  | Score: 27.17, Population: 333 | Fuzzy match: 48.64864864864865
2025-08-17 16:44:26,823 INFO Comparing database entry: vaqueiros district, alcoutim with Vaqueiros returned from geonames.
2025-08-17 16:44:26,823 INFO 📄 Index 1 | Name: Vaqueiros | fcl: P, fcode: PPL | ADM1: Faro, ADM2: Alcoutim Municipality, ADM3: Vaqueiros, ADM4:  | Score: 15.46, Population: 0 | Fuzzy match: 48.64864864864865
2025-08-17 16:44:26,823 INFO Comparing database entry: vaqueiros district, alcoutim with Várzea returned from geonames.
2025-08-17 16:44:26,823 INFO 📄 Index 2 | Name: Várzea | fcl: P, fcode: PPL | ADM1: Faro, ADM2: Alcoutim Municipality, ADM3: Vaqueiros, ADM4:  | Score: 12.97, Population: 0 | Fuzzy match: 11.764705882352944
2025-08-17 16:44:26,823 INFO Comparing database entry: vaqueiros district, alcoutim with Vale da Rosa returned from geonames.
2025-08-17 16:44:26,823 INFO 📄 Index 3 | Name: Vale da Rosa | fcl: P, fcode: PPL | ADM1: Faro, ADM2: Alcoutim Municipality, ADM3: Vaqueiros, ADM4:  | Score: 12.97, Population: 0 | Fuzzy match: 35.0
2025-08-17 16:44:26,823 WARNING ❌ No match found with fuzzy score > 80 for city: vaqueiros district, alcoutim
2025-08-17 16:44:26,823 WARNING ❌ Lookup failed for city='vaqueiros_district_alcoutim', iso2='PT'
