2025-08-17 16:44:27,122 INFO 🗺️ Starting GeoNames lookup for city='vila nova de famalicão', country='portugal'
2025-08-17 16:44:27,123 INFO 📍 Location is present in the following articles: [ObjectId('67fa7ddceaa4fb525afebd6f')]
2025-08-17 16:44:27,405 INFO Comparing database entry: vila nova de famalicão with Vila Nova de Famalicão Municipality returned from geonames.
2025-08-17 16:44:27,405 INFO 📄 Index 0 | Name: Vila Nova de Famalicão Municipality | fcl: A, fcode: ADM2 | ADM1: Braga, ADM2: Vila Nova de Famalicão Municipality, ADM3: , ADM4:  | Score: 50.67, Population: 133832 | Fuzzy match: 77.19298245614034
2025-08-17 16:44:27,405 INFO Comparing database entry: vila nova de famalicão with Riba de Ave returned from geonames.
2025-08-17 16:44:27,405 INFO 📄 Index 1 | Name: Riba de Ave | fcl: P, fcode: PPL | ADM1: Braga, ADM2: Vila Nova de Famalicão Municipality, ADM3: Riba de Ave, ADM4:  | Score: 34.76, Population: 3425 | Fuzzy match: 30.303030303030297
2025-08-17 16:44:27,405 INFO Comparing database entry: vila nova de famalicão with Joane returned from geonames.
2025-08-17 16:44:27,405 INFO 📄 Index 2 | Name: Joane | fcl: P, fcode: PPL | ADM1: Braga, ADM2: Vila Nova de Famalicão Municipality, ADM3: Joane, ADM4:  | Score: 34.72, Population: 7869 | Fuzzy match: 14.814814814814813
2025-08-17 16:44:27,406 INFO Comparing database entry: vila nova de famalicão with Ferreiros returned from geonames.
2025-08-17 16:44:27,406 INFO 📄 Index 3 | Name: Ferreiros | fcl: P, fcode: PPL | ADM1: Braga, ADM2: Vila Nova de Famalicão Municipality, ADM3: Ribeirão, ADM4:  | Score: 34.72, Population: 7870 | Fuzzy match: 19.354838709677423
2025-08-17 16:44:27,672 INFO Comparing database entry: vila nova de famalicão with Vila Nova de Famalicão Municipality returned from geonames.
2025-08-17 16:44:27,672 INFO 📄 Index 0 | Name: Vila Nova de Famalicão Municipality | fcl: A, fcode: ADM2 | ADM1: Braga, ADM2: Vila Nova de Famalicão Municipality, ADM3: , ADM4:  | Score: 50.67, Population: 133832 | Fuzzy match: 77.19298245614034
2025-08-17 16:44:27,672 INFO Comparing database entry: vila nova de famalicão with Riba de Ave returned from geonames.
2025-08-17 16:44:27,672 INFO 📄 Index 1 | Name: Riba de Ave | fcl: P, fcode: PPL | ADM1: Braga, ADM2: Vila Nova de Famalicão Municipality, ADM3: Riba de Ave, ADM4:  | Score: 34.76, Population: 3425 | Fuzzy match: 30.303030303030297
2025-08-17 16:44:27,672 INFO Comparing database entry: vila nova de famalicão with Joane returned from geonames.
2025-08-17 16:44:27,672 INFO 📄 Index 2 | Name: Joane | fcl: P, fcode: PPL | ADM1: Braga, ADM2: Vila Nova de Famalicão Municipality, ADM3: Joane, ADM4:  | Score: 34.72, Population: 7869 | Fuzzy match: 14.814814814814813
2025-08-17 16:44:27,672 INFO Comparing database entry: vila nova de famalicão with Ferreiros returned from geonames.
2025-08-17 16:44:27,673 INFO 📄 Index 3 | Name: Ferreiros | fcl: P, fcode: PPL | ADM1: Braga, ADM2: Vila Nova de Famalicão Municipality, ADM3: Ribeirão, ADM4:  | Score: 34.72, Population: 7870 | Fuzzy match: 19.354838709677423
2025-08-17 16:44:28,078 INFO Comparing database entry: vila nova de famalicão with Vila Nova de Famalicão Municipality returned from geonames.
2025-08-17 16:44:28,078 INFO 📄 Index 0 | Name: Vila Nova de Famalicão Municipality | fcl: A, fcode: ADM2 | ADM1: Braga, ADM2: Vila Nova de Famalicão Municipality, ADM3: , ADM4:  | Score: 50.67, Population: 133832 | Fuzzy match: 77.19298245614034
2025-08-17 16:44:28,078 INFO Comparing database entry: vila nova de famalicão with Riba de Ave returned from geonames.
2025-08-17 16:44:28,078 INFO 📄 Index 1 | Name: Riba de Ave | fcl: P, fcode: PPL | ADM1: Braga, ADM2: Vila Nova de Famalicão Municipality, ADM3: Riba de Ave, ADM4:  | Score: 34.76, Population: 3425 | Fuzzy match: 30.303030303030297
2025-08-17 16:44:28,078 INFO Comparing database entry: vila nova de famalicão with Joane returned from geonames.
2025-08-17 16:44:28,078 INFO 📄 Index 2 | Name: Joane | fcl: P, fcode: PPL | ADM1: Braga, ADM2: Vila Nova de Famalicão Municipality, ADM3: Joane, ADM4:  | Score: 34.72, Population: 7869 | Fuzzy match: 14.814814814814813
2025-08-17 16:44:28,078 INFO Comparing database entry: vila nova de famalicão with Ferreiros returned from geonames.
2025-08-17 16:44:28,079 INFO 📄 Index 3 | Name: Ferreiros | fcl: P, fcode: PPL | ADM1: Braga, ADM2: Vila Nova de Famalicão Municipality, ADM3: Ribeirão, ADM4:  | Score: 34.72, Population: 7870 | Fuzzy match: 19.354838709677423
2025-08-17 16:44:28,235 INFO Comparing database entry: vila nova de famalicão with Vila Nova de Famalicão Municipality returned from geonames.
2025-08-17 16:44:28,235 INFO 📄 Index 0 | Name: Vila Nova de Famalicão Municipality | fcl: A, fcode: ADM2 | ADM1: Braga, ADM2: Vila Nova de Famalicão Municipality, ADM3: , ADM4:  | Score: 50.67, Population: 133832 | Fuzzy match: 77.19298245614034
2025-08-17 16:44:28,235 INFO Comparing database entry: vila nova de famalicão with Riba de Ave returned from geonames.
2025-08-17 16:44:28,235 INFO 📄 Index 1 | Name: Riba de Ave | fcl: P, fcode: PPL | ADM1: Braga, ADM2: Vila Nova de Famalicão Municipality, ADM3: Riba de Ave, ADM4:  | Score: 34.76, Population: 3425 | Fuzzy match: 30.303030303030297
2025-08-17 16:44:28,236 INFO Comparing database entry: vila nova de famalicão with Joane returned from geonames.
2025-08-17 16:44:28,236 INFO 📄 Index 2 | Name: Joane | fcl: P, fcode: PPL | ADM1: Braga, ADM2: Vila Nova de Famalicão Municipality, ADM3: Joane, ADM4:  | Score: 34.72, Population: 7869 | Fuzzy match: 14.814814814814813
2025-08-17 16:44:28,236 INFO Comparing database entry: vila nova de famalicão with Ferreiros returned from geonames.
2025-08-17 16:44:28,236 INFO 📄 Index 3 | Name: Ferreiros | fcl: P, fcode: PPL | ADM1: Braga, ADM2: Vila Nova de Famalicão Municipality, ADM3: Ribeirão, ADM4:  | Score: 34.72, Population: 7870 | Fuzzy match: 19.354838709677423
2025-08-17 16:44:28,381 INFO Comparing database entry: vila nova de famalicão with Vila Nova de Famalicão Municipality returned from geonames.
2025-08-17 16:44:28,381 INFO 📄 Index 0 | Name: Vila Nova de Famalicão Municipality | fcl: A, fcode: ADM2 | ADM1: Braga, ADM2: Vila Nova de Famalicão Municipality, ADM3: , ADM4:  | Score: 50.67, Population: 133832 | Fuzzy match: 77.19298245614034
2025-08-17 16:44:28,381 INFO Comparing database entry: vila nova de famalicão with Riba de Ave returned from geonames.
2025-08-17 16:44:28,382 INFO 📄 Index 1 | Name: Riba de Ave | fcl: P, fcode: PPL | ADM1: Braga, ADM2: Vila Nova de Famalicão Municipality, ADM3: Riba de Ave, ADM4:  | Score: 34.76, Population: 3425 | Fuzzy match: 30.303030303030297
2025-08-17 16:44:28,382 INFO Comparing database entry: vila nova de famalicão with Joane returned from geonames.
2025-08-17 16:44:28,382 INFO 📄 Index 2 | Name: Joane | fcl: P, fcode: PPL | ADM1: Braga, ADM2: Vila Nova de Famalicão Municipality, ADM3: Joane, ADM4:  | Score: 34.72, Population: 7869 | Fuzzy match: 14.814814814814813
2025-08-17 16:44:28,382 INFO Comparing database entry: vila nova de famalicão with Ferreiros returned from geonames.
2025-08-17 16:44:28,382 INFO 📄 Index 3 | Name: Ferreiros | fcl: P, fcode: PPL | ADM1: Braga, ADM2: Vila Nova de Famalicão Municipality, ADM3: Ribeirão, ADM4:  | Score: 34.72, Population: 7870 | Fuzzy match: 19.354838709677423
2025-08-17 16:44:28,534 INFO Comparing database entry: vila nova de famalicão with Vila Nova de Famalicão Municipality returned from geonames.
2025-08-17 16:44:28,534 INFO 📄 Index 0 | Name: Vila Nova de Famalicão Municipality | fcl: A, fcode: ADM2 | ADM1: Braga, ADM2: Vila Nova de Famalicão Municipality, ADM3: , ADM4:  | Score: 50.67, Population: 133832 | Fuzzy match: 77.19298245614034
2025-08-17 16:44:28,534 INFO Comparing database entry: vila nova de famalicão with Riba de Ave returned from geonames.
2025-08-17 16:44:28,534 INFO 📄 Index 1 | Name: Riba de Ave | fcl: P, fcode: PPL | ADM1: Braga, ADM2: Vila Nova de Famalicão Municipality, ADM3: Riba de Ave, ADM4:  | Score: 34.76, Population: 3425 | Fuzzy match: 30.303030303030297
2025-08-17 16:44:28,535 INFO Comparing database entry: vila nova de famalicão with Joane returned from geonames.
2025-08-17 16:44:28,535 INFO 📄 Index 2 | Name: Joane | fcl: P, fcode: PPL | ADM1: Braga, ADM2: Vila Nova de Famalicão Municipality, ADM3: Joane, ADM4:  | Score: 34.72, Population: 7869 | Fuzzy match: 14.814814814814813
2025-08-17 16:44:28,535 INFO Comparing database entry: vila nova de famalicão with Ferreiros returned from geonames.
2025-08-17 16:44:28,535 INFO 📄 Index 3 | Name: Ferreiros | fcl: P, fcode: PPL | ADM1: Braga, ADM2: Vila Nova de Famalicão Municipality, ADM3: Ribeirão, ADM4:  | Score: 34.72, Population: 7870 | Fuzzy match: 19.354838709677423
2025-08-17 16:44:28,535 WARNING ❌ No match found with fuzzy score > 80 for city: vila nova de famalicão
2025-08-17 16:44:28,535 WARNING ❌ Lookup failed for city='vila_nova_de_famalicão', iso2='PT'
