2025-08-17 16:44:29,135 INFO 🗺️ Starting GeoNames lookup for city='arges county', country='romania'
2025-08-17 16:44:29,136 INFO 📍 Location is present in the following articles: [ObjectId('67fa7e8eeaa4fb525afec053')]
2025-08-17 16:44:29,378 INFO Comparing database entry: arges county with Piteşti returned from geonames.
2025-08-17 16:44:29,378 INFO 📄 Index 0 | Name: Piteşti | fcl: P, fcode: PPLA | ADM1: Arges, ADM2: Municipiul Piteşti, ADM3: , ADM4:  | Score: 103.66, Population: 167669 | Fuzzy match: 21.052631578947366
2025-08-17 16:44:29,378 INFO Comparing database entry: arges county with Arges returned from geonames.
2025-08-17 16:44:29,378 INFO 📄 Index 1 | Name: Arges | fcl: A, fcode: ADM1 | ADM1: Arges, ADM2: , ADM3: , ADM4:  | Score: 82.92, Population: 569932 | Fuzzy match: 58.82352941176471
2025-08-17 16:44:29,378 INFO Comparing database entry: arges county with Curtea de Argeş returned from geonames.
2025-08-17 16:44:29,379 INFO 📄 Index 2 | Name: Curtea de Argeş | fcl: P, fcode: PPLA2 | ADM1: Arges, ADM2: Municipiul Curtea de Argeș, ADM3: , ADM4:  | Score: 67.08, Population: 32178 | Fuzzy match: 59.25925925925925
2025-08-17 16:44:29,379 INFO Comparing database entry: arges county with Comuna Cotmeana returned from geonames.
2025-08-17 16:44:29,379 INFO 📄 Index 3 | Name: Comuna Cotmeana | fcl: A, fcode: ADM2 | ADM1: Arges, ADM2: Comuna Cotmeana, ADM3: , ADM4:  | Score: 59.41, Population: 1849 | Fuzzy match: 37.03703703703704
2025-08-17 16:44:29,554 INFO Comparing database entry: arges county with Piteşti returned from geonames.
2025-08-17 16:44:29,554 INFO 📄 Index 0 | Name: Piteşti | fcl: P, fcode: PPLA | ADM1: Arges, ADM2: Municipiul Piteşti, ADM3: , ADM4:  | Score: 103.66, Population: 167669 | Fuzzy match: 21.052631578947366
2025-08-17 16:44:29,554 INFO Comparing database entry: arges county with Arges returned from geonames.
2025-08-17 16:44:29,554 INFO 📄 Index 1 | Name: Arges | fcl: A, fcode: ADM1 | ADM1: Arges, ADM2: , ADM3: , ADM4:  | Score: 82.92, Population: 569932 | Fuzzy match: 58.82352941176471
2025-08-17 16:44:29,554 INFO Comparing database entry: arges county with Curtea de Argeş returned from geonames.
2025-08-17 16:44:29,554 INFO 📄 Index 2 | Name: Curtea de Argeş | fcl: P, fcode: PPLA2 | ADM1: Arges, ADM2: Municipiul Curtea de Argeș, ADM3: , ADM4:  | Score: 67.08, Population: 32178 | Fuzzy match: 59.25925925925925
2025-08-17 16:44:29,554 INFO Comparing database entry: arges county with Comuna Cotmeana returned from geonames.
2025-08-17 16:44:29,554 INFO 📄 Index 3 | Name: Comuna Cotmeana | fcl: A, fcode: ADM2 | ADM1: Arges, ADM2: Comuna Cotmeana, ADM3: , ADM4:  | Score: 59.41, Population: 1849 | Fuzzy match: 37.03703703703704
2025-08-17 16:44:29,717 INFO Comparing database entry: arges county with Piteşti returned from geonames.
2025-08-17 16:44:29,717 INFO 📄 Index 0 | Name: Piteşti | fcl: P, fcode: PPLA | ADM1: Arges, ADM2: Municipiul Piteşti, ADM3: , ADM4:  | Score: 103.66, Population: 167669 | Fuzzy match: 21.052631578947366
2025-08-17 16:44:29,717 INFO Comparing database entry: arges county with Arges returned from geonames.
2025-08-17 16:44:29,717 INFO 📄 Index 1 | Name: Arges | fcl: A, fcode: ADM1 | ADM1: Arges, ADM2: , ADM3: , ADM4:  | Score: 82.92, Population: 569932 | Fuzzy match: 58.82352941176471
2025-08-17 16:44:29,718 INFO Comparing database entry: arges county with Curtea de Argeş returned from geonames.
2025-08-17 16:44:29,718 INFO 📄 Index 2 | Name: Curtea de Argeş | fcl: P, fcode: PPLA2 | ADM1: Arges, ADM2: Municipiul Curtea de Argeș, ADM3: , ADM4:  | Score: 67.08, Population: 32178 | Fuzzy match: 59.25925925925925
2025-08-17 16:44:29,718 INFO Comparing database entry: arges county with Comuna Cotmeana returned from geonames.
2025-08-17 16:44:29,718 INFO 📄 Index 3 | Name: Comuna Cotmeana | fcl: A, fcode: ADM2 | ADM1: Arges, ADM2: Comuna Cotmeana, ADM3: , ADM4:  | Score: 59.41, Population: 1849 | Fuzzy match: 37.03703703703704
2025-08-17 16:44:29,885 INFO Comparing database entry: arges county with Piteşti returned from geonames.
2025-08-17 16:44:29,885 INFO 📄 Index 0 | Name: Piteşti | fcl: P, fcode: PPLA | ADM1: Arges, ADM2: Municipiul Piteşti, ADM3: , ADM4:  | Score: 103.66, Population: 167669 | Fuzzy match: 21.052631578947366
2025-08-17 16:44:29,885 INFO Comparing database entry: arges county with Arges returned from geonames.
2025-08-17 16:44:29,885 INFO 📄 Index 1 | Name: Arges | fcl: A, fcode: ADM1 | ADM1: Arges, ADM2: , ADM3: , ADM4:  | Score: 82.92, Population: 569932 | Fuzzy match: 58.82352941176471
2025-08-17 16:44:29,885 INFO Comparing database entry: arges county with Curtea de Argeş returned from geonames.
2025-08-17 16:44:29,886 INFO 📄 Index 2 | Name: Curtea de Argeş | fcl: P, fcode: PPLA2 | ADM1: Arges, ADM2: Municipiul Curtea de Argeș, ADM3: , ADM4:  | Score: 67.08, Population: 32178 | Fuzzy match: 59.25925925925925
2025-08-17 16:44:29,886 INFO Comparing database entry: arges county with Comuna Cotmeana returned from geonames.
2025-08-17 16:44:29,886 INFO 📄 Index 3 | Name: Comuna Cotmeana | fcl: A, fcode: ADM2 | ADM1: Arges, ADM2: Comuna Cotmeana, ADM3: , ADM4:  | Score: 59.41, Population: 1849 | Fuzzy match: 37.03703703703704
2025-08-17 16:44:30,053 INFO Comparing database entry: arges county with Piteşti returned from geonames.
2025-08-17 16:44:30,053 INFO 📄 Index 0 | Name: Piteşti | fcl: P, fcode: PPLA | ADM1: Arges, ADM2: Municipiul Piteşti, ADM3: , ADM4:  | Score: 103.66, Population: 167669 | Fuzzy match: 21.052631578947366
2025-08-17 16:44:30,053 INFO Comparing database entry: arges county with Arges returned from geonames.
2025-08-17 16:44:30,053 INFO 📄 Index 1 | Name: Arges | fcl: A, fcode: ADM1 | ADM1: Arges, ADM2: , ADM3: , ADM4:  | Score: 82.92, Population: 569932 | Fuzzy match: 58.82352941176471
2025-08-17 16:44:30,053 INFO Comparing database entry: arges county with Curtea de Argeş returned from geonames.
2025-08-17 16:44:30,053 INFO 📄 Index 2 | Name: Curtea de Argeş | fcl: P, fcode: PPLA2 | ADM1: Arges, ADM2: Municipiul Curtea de Argeș, ADM3: , ADM4:  | Score: 67.08, Population: 32178 | Fuzzy match: 59.25925925925925
2025-08-17 16:44:30,053 INFO Comparing database entry: arges county with Comuna Cotmeana returned from geonames.
2025-08-17 16:44:30,054 INFO 📄 Index 3 | Name: Comuna Cotmeana | fcl: A, fcode: ADM2 | ADM1: Arges, ADM2: Comuna Cotmeana, ADM3: , ADM4:  | Score: 59.41, Population: 1849 | Fuzzy match: 37.03703703703704
2025-08-17 16:44:30,204 INFO Comparing database entry: arges county with Piteşti returned from geonames.
2025-08-17 16:44:30,205 INFO 📄 Index 0 | Name: Piteşti | fcl: P, fcode: PPLA | ADM1: Arges, ADM2: Municipiul Piteşti, ADM3: , ADM4:  | Score: 103.66, Population: 167669 | Fuzzy match: 21.052631578947366
2025-08-17 16:44:30,205 INFO Comparing database entry: arges county with Arges returned from geonames.
2025-08-17 16:44:30,205 INFO 📄 Index 1 | Name: Arges | fcl: A, fcode: ADM1 | ADM1: Arges, ADM2: , ADM3: , ADM4:  | Score: 82.92, Population: 569932 | Fuzzy match: 58.82352941176471
2025-08-17 16:44:30,205 INFO Comparing database entry: arges county with Curtea de Argeş returned from geonames.
2025-08-17 16:44:30,205 INFO 📄 Index 2 | Name: Curtea de Argeş | fcl: P, fcode: PPLA2 | ADM1: Arges, ADM2: Municipiul Curtea de Argeș, ADM3: , ADM4:  | Score: 67.08, Population: 32178 | Fuzzy match: 59.25925925925925
2025-08-17 16:44:30,205 INFO Comparing database entry: arges county with Comuna Cotmeana returned from geonames.
2025-08-17 16:44:30,205 INFO 📄 Index 3 | Name: Comuna Cotmeana | fcl: A, fcode: ADM2 | ADM1: Arges, ADM2: Comuna Cotmeana, ADM3: , ADM4:  | Score: 59.41, Population: 1849 | Fuzzy match: 37.03703703703704
2025-08-17 16:44:30,205 WARNING ❌ No match found with fuzzy score > 80 for city: arges county
2025-08-17 16:44:30,205 WARNING ❌ Lookup failed for city='arges_county', iso2='RO'
