2025-08-19 16:04:03,720 INFO 🗺️ Starting GeoNames lookup for city='calugareni', country='romania'
2025-08-19 16:04:03,720 INFO 📍 Location is present in the following articles: [ObjectId('67fa882feaa4fb525afed83a')]
2025-08-19 16:04:03,861 INFO Comparing database entry: calugareni with Comuna Călugăreni returned from geonames.
2025-08-19 16:04:03,861 INFO 📄 Index 0 | Name: Comuna Călugăreni | fcl: A, fcode: ADM2 | ADM1: Prahova, ADM2: Comuna Călugăreni, ADM3: , ADM4:  | Latitude: 45.07998, Longitude: 26.39176 | Score: 42.50, Population: 1013 | Fuzzy match: 66.66666666666667
2025-08-19 16:04:03,861 INFO Comparing database entry: calugareni with Comuna Călugăreni returned from geonames.
2025-08-19 16:04:03,861 INFO 📄 Index 1 | Name: Comuna Călugăreni | fcl: A, fcode: ADM2 | ADM1: Giurgiu County, ADM2: Comuna Călugăreni, ADM3: , ADM4:  | Latitude: 44.16412, Longitude: 25.99392 | Score: 42.50, Population: 5523 | Fuzzy match: 66.66666666666667
2025-08-19 16:04:03,861 INFO Comparing database entry: calugareni with Călugăreni returned from geonames.
2025-08-19 16:04:03,861 INFO 📄 Index 2 | Name: Călugăreni | fcl: P, fcode: PPL | ADM1: Vaslui County, ADM2: Comuna Ştefan cel Mare, ADM3: , ADM4:  | Latitude: 46.728, Longitude: 27.57611 | Score: 32.73, Population: 203 | Fuzzy match: 80.0
2025-08-19 16:04:03,861 INFO Comparing database entry: calugareni with Călugăreni returned from geonames.
2025-08-19 16:04:03,862 INFO 📄 Index 3 | Name: Călugăreni | fcl: P, fcode: PPLA2 | ADM1: Prahova, ADM2: Comuna Călugăreni, ADM3: , ADM4:  | Latitude: 45.08333, Longitude: 26.38333 | Score: 30.84, Population: 1425 | Fuzzy match: 80.0
2025-08-19 16:04:04,010 INFO Comparing database entry: calugareni with Comuna Călugăreni returned from geonames.
2025-08-19 16:04:04,011 INFO 📄 Index 0 | Name: Comuna Călugăreni | fcl: A, fcode: ADM2 | ADM1: Prahova, ADM2: Comuna Călugăreni, ADM3: , ADM4:  | Latitude: 45.07998, Longitude: 26.39176 | Score: 42.50, Population: 1013 | Fuzzy match: 66.66666666666667
2025-08-19 16:04:04,011 INFO Comparing database entry: calugareni with Comuna Călugăreni returned from geonames.
2025-08-19 16:04:04,011 INFO 📄 Index 1 | Name: Comuna Călugăreni | fcl: A, fcode: ADM2 | ADM1: Giurgiu County, ADM2: Comuna Călugăreni, ADM3: , ADM4:  | Latitude: 44.16412, Longitude: 25.99392 | Score: 42.50, Population: 5523 | Fuzzy match: 66.66666666666667
2025-08-19 16:04:04,011 INFO Comparing database entry: calugareni with Călugăreni returned from geonames.
2025-08-19 16:04:04,011 INFO 📄 Index 2 | Name: Călugăreni | fcl: P, fcode: PPL | ADM1: Vaslui County, ADM2: Comuna Ştefan cel Mare, ADM3: , ADM4:  | Latitude: 46.728, Longitude: 27.57611 | Score: 32.73, Population: 203 | Fuzzy match: 80.0
2025-08-19 16:04:04,011 INFO Comparing database entry: calugareni with Călugăreni returned from geonames.
2025-08-19 16:04:04,011 INFO 📄 Index 3 | Name: Călugăreni | fcl: P, fcode: PPLA2 | ADM1: Prahova, ADM2: Comuna Călugăreni, ADM3: , ADM4:  | Latitude: 45.08333, Longitude: 26.38333 | Score: 30.84, Population: 1425 | Fuzzy match: 80.0
2025-08-19 16:04:04,172 INFO Comparing database entry: calugareni with Comuna Călugăreni returned from geonames.
2025-08-19 16:04:04,172 INFO 📄 Index 0 | Name: Comuna Călugăreni | fcl: A, fcode: ADM2 | ADM1: Prahova, ADM2: Comuna Călugăreni, ADM3: , ADM4:  | Latitude: 45.07998, Longitude: 26.39176 | Score: 42.50, Population: 1013 | Fuzzy match: 66.66666666666667
2025-08-19 16:04:04,172 INFO Comparing database entry: calugareni with Comuna Călugăreni returned from geonames.
2025-08-19 16:04:04,172 INFO 📄 Index 1 | Name: Comuna Călugăreni | fcl: A, fcode: ADM2 | ADM1: Giurgiu County, ADM2: Comuna Călugăreni, ADM3: , ADM4:  | Latitude: 44.16412, Longitude: 25.99392 | Score: 42.50, Population: 5523 | Fuzzy match: 66.66666666666667
2025-08-19 16:04:04,172 INFO Comparing database entry: calugareni with Călugăreni returned from geonames.
2025-08-19 16:04:04,172 INFO 📄 Index 2 | Name: Călugăreni | fcl: P, fcode: PPL | ADM1: Vaslui County, ADM2: Comuna Ştefan cel Mare, ADM3: , ADM4:  | Latitude: 46.728, Longitude: 27.57611 | Score: 32.73, Population: 203 | Fuzzy match: 80.0
2025-08-19 16:04:04,172 INFO Comparing database entry: calugareni with Călugăreni returned from geonames.
2025-08-19 16:04:04,173 INFO 📄 Index 3 | Name: Călugăreni | fcl: P, fcode: PPLA2 | ADM1: Prahova, ADM2: Comuna Călugăreni, ADM3: , ADM4:  | Latitude: 45.08333, Longitude: 26.38333 | Score: 30.84, Population: 1425 | Fuzzy match: 80.0
2025-08-19 16:04:04,327 INFO Comparing database entry: calugareni with Comuna Călugăreni returned from geonames.
2025-08-19 16:04:04,327 INFO 📄 Index 0 | Name: Comuna Călugăreni | fcl: A, fcode: ADM2 | ADM1: Prahova, ADM2: Comuna Călugăreni, ADM3: , ADM4:  | Latitude: 45.07998, Longitude: 26.39176 | Score: 42.50, Population: 1013 | Fuzzy match: 66.66666666666667
2025-08-19 16:04:04,327 INFO Comparing database entry: calugareni with Comuna Călugăreni returned from geonames.
2025-08-19 16:04:04,327 INFO 📄 Index 1 | Name: Comuna Călugăreni | fcl: A, fcode: ADM2 | ADM1: Giurgiu County, ADM2: Comuna Călugăreni, ADM3: , ADM4:  | Latitude: 44.16412, Longitude: 25.99392 | Score: 42.50, Population: 5523 | Fuzzy match: 66.66666666666667
2025-08-19 16:04:04,328 INFO Comparing database entry: calugareni with Călugăreni returned from geonames.
2025-08-19 16:04:04,328 INFO 📄 Index 2 | Name: Călugăreni | fcl: P, fcode: PPL | ADM1: Vaslui County, ADM2: Comuna Ştefan cel Mare, ADM3: , ADM4:  | Latitude: 46.728, Longitude: 27.57611 | Score: 32.73, Population: 203 | Fuzzy match: 80.0
2025-08-19 16:04:04,328 INFO Comparing database entry: calugareni with Călugăreni returned from geonames.
2025-08-19 16:04:04,328 INFO 📄 Index 3 | Name: Călugăreni | fcl: P, fcode: PPLA2 | ADM1: Prahova, ADM2: Comuna Călugăreni, ADM3: , ADM4:  | Latitude: 45.08333, Longitude: 26.38333 | Score: 30.84, Population: 1425 | Fuzzy match: 80.0
2025-08-19 16:04:04,486 INFO Comparing database entry: calugareni with Comuna Călugăreni returned from geonames.
2025-08-19 16:04:04,486 INFO 📄 Index 0 | Name: Comuna Călugăreni | fcl: A, fcode: ADM2 | ADM1: Prahova, ADM2: Comuna Călugăreni, ADM3: , ADM4:  | Latitude: 45.07998, Longitude: 26.39176 | Score: 42.50, Population: 1013 | Fuzzy match: 66.66666666666667
2025-08-19 16:04:04,486 INFO Comparing database entry: calugareni with Comuna Călugăreni returned from geonames.
2025-08-19 16:04:04,486 INFO 📄 Index 1 | Name: Comuna Călugăreni | fcl: A, fcode: ADM2 | ADM1: Giurgiu County, ADM2: Comuna Călugăreni, ADM3: , ADM4:  | Latitude: 44.16412, Longitude: 25.99392 | Score: 42.50, Population: 5523 | Fuzzy match: 66.66666666666667
2025-08-19 16:04:04,487 INFO Comparing database entry: calugareni with Călugăreni returned from geonames.
2025-08-19 16:04:04,487 INFO 📄 Index 2 | Name: Călugăreni | fcl: P, fcode: PPL | ADM1: Vaslui County, ADM2: Comuna Ştefan cel Mare, ADM3: , ADM4:  | Latitude: 46.728, Longitude: 27.57611 | Score: 32.73, Population: 203 | Fuzzy match: 80.0
2025-08-19 16:04:04,487 INFO Comparing database entry: calugareni with Călugăreni returned from geonames.
2025-08-19 16:04:04,487 INFO 📄 Index 3 | Name: Călugăreni | fcl: P, fcode: PPLA2 | ADM1: Prahova, ADM2: Comuna Călugăreni, ADM3: , ADM4:  | Latitude: 45.08333, Longitude: 26.38333 | Score: 30.84, Population: 1425 | Fuzzy match: 80.0
2025-08-19 16:04:04,660 INFO Comparing database entry: calugareni with Comuna Călugăreni returned from geonames.
2025-08-19 16:04:04,660 INFO 📄 Index 0 | Name: Comuna Călugăreni | fcl: A, fcode: ADM2 | ADM1: Prahova, ADM2: Comuna Călugăreni, ADM3: , ADM4:  | Latitude: 45.07998, Longitude: 26.39176 | Score: 42.50, Population: 1013 | Fuzzy match: 66.66666666666667
2025-08-19 16:04:04,660 INFO Comparing database entry: calugareni with Comuna Călugăreni returned from geonames.
2025-08-19 16:04:04,661 INFO 📄 Index 1 | Name: Comuna Călugăreni | fcl: A, fcode: ADM2 | ADM1: Giurgiu County, ADM2: Comuna Călugăreni, ADM3: , ADM4:  | Latitude: 44.16412, Longitude: 25.99392 | Score: 42.50, Population: 5523 | Fuzzy match: 66.66666666666667
2025-08-19 16:04:04,661 INFO Comparing database entry: calugareni with Călugăreni returned from geonames.
2025-08-19 16:04:04,661 INFO 📄 Index 2 | Name: Călugăreni | fcl: P, fcode: PPL | ADM1: Vaslui County, ADM2: Comuna Ştefan cel Mare, ADM3: , ADM4:  | Latitude: 46.728, Longitude: 27.57611 | Score: 32.73, Population: 203 | Fuzzy match: 80.0
2025-08-19 16:04:04,661 INFO Comparing database entry: calugareni with Călugăreni returned from geonames.
2025-08-19 16:04:04,661 INFO 📄 Index 3 | Name: Călugăreni | fcl: P, fcode: PPLA2 | ADM1: Prahova, ADM2: Comuna Călugăreni, ADM3: , ADM4:  | Latitude: 45.08333, Longitude: 26.38333 | Score: 30.84, Population: 1425 | Fuzzy match: 80.0
2025-08-19 16:04:04,661 WARNING ❌ No match found with fuzzy score > 80 for city: calugareni
2025-08-19 16:04:04,661 WARNING ❌ Lookup failed for city='calugareni', iso2='RO'
