2025-08-19 16:00:59,133 INFO 🗺️ Starting GeoNames lookup for city='caras severin county', country='romania'
2025-08-19 16:00:59,133 INFO 📍 Location is present in the following articles: [ObjectId('67fa7fb9eaa4fb525afec526')]
2025-08-19 16:00:59,337 INFO Comparing database entry: caras severin county with Reşiţa returned from geonames.
2025-08-19 16:00:59,337 INFO 📄 Index 0 | Name: Reşiţa | fcl: P, fcode: PPLA | ADM1: Caraș-Severin County, ADM2: Municipiul Reşiţa, ADM3: , ADM4:  | Latitude: 45.30083, Longitude: 21.88917 | Score: 112.21, Population: 81228 | Fuzzy match: 23.076923076923073
2025-08-19 16:00:59,337 INFO Comparing database entry: caras severin county with Caraș-Severin County returned from geonames.
2025-08-19 16:00:59,337 INFO 📄 Index 1 | Name: Caraș-Severin County | fcl: A, fcode: ADM1 | ADM1: Caraș-Severin County, ADM2: , ADM3: , ADM4:  | Latitude: 45.08333, Longitude: 22.08333 | Score: 88.04, Population: 246588 | Fuzzy match: 60.0
2025-08-19 16:00:59,337 INFO Comparing database entry: caras severin county with Caransebeş returned from geonames.
2025-08-19 16:00:59,337 INFO 📄 Index 2 | Name: Caransebeş | fcl: P, fcode: PPLA2 | ADM1: Caraș-Severin County, ADM2: Municipiul Caransebeş, ADM3: , ADM4:  | Latitude: 45.41667, Longitude: 22.21667 | Score: 65.01, Population: 27521 | Fuzzy match: 53.333333333333336
2025-08-19 16:00:59,337 INFO Comparing database entry: caras severin county with Bocşa returned from geonames.
2025-08-19 16:00:59,337 INFO 📄 Index 3 | Name: Bocşa | fcl: P, fcode: PPLA2 | ADM1: Caraș-Severin County, ADM2: Oraş Bocşa, ADM3: , ADM4:  | Latitude: 45.37333, Longitude: 21.70917 | Score: 65.01, Population: 16349 | Fuzzy match: 16.000000000000004
2025-08-19 16:00:59,492 INFO Comparing database entry: caras severin county with Reşiţa returned from geonames.
2025-08-19 16:00:59,493 INFO 📄 Index 0 | Name: Reşiţa | fcl: P, fcode: PPLA | ADM1: Caraș-Severin County, ADM2: Municipiul Reşiţa, ADM3: , ADM4:  | Latitude: 45.30083, Longitude: 21.88917 | Score: 112.21, Population: 81228 | Fuzzy match: 23.076923076923073
2025-08-19 16:00:59,493 INFO Comparing database entry: caras severin county with Caraș-Severin County returned from geonames.
2025-08-19 16:00:59,493 INFO 📄 Index 1 | Name: Caraș-Severin County | fcl: A, fcode: ADM1 | ADM1: Caraș-Severin County, ADM2: , ADM3: , ADM4:  | Latitude: 45.08333, Longitude: 22.08333 | Score: 88.04, Population: 246588 | Fuzzy match: 60.0
2025-08-19 16:00:59,493 INFO Comparing database entry: caras severin county with Caransebeş returned from geonames.
2025-08-19 16:00:59,493 INFO 📄 Index 2 | Name: Caransebeş | fcl: P, fcode: PPLA2 | ADM1: Caraș-Severin County, ADM2: Municipiul Caransebeş, ADM3: , ADM4:  | Latitude: 45.41667, Longitude: 22.21667 | Score: 65.01, Population: 27521 | Fuzzy match: 53.333333333333336
2025-08-19 16:00:59,493 INFO Comparing database entry: caras severin county with Bocşa returned from geonames.
2025-08-19 16:00:59,493 INFO 📄 Index 3 | Name: Bocşa | fcl: P, fcode: PPLA2 | ADM1: Caraș-Severin County, ADM2: Oraş Bocşa, ADM3: , ADM4:  | Latitude: 45.37333, Longitude: 21.70917 | Score: 65.01, Population: 16349 | Fuzzy match: 16.000000000000004
2025-08-19 16:00:59,668 INFO Comparing database entry: caras severin county with Reşiţa returned from geonames.
2025-08-19 16:00:59,668 INFO 📄 Index 0 | Name: Reşiţa | fcl: P, fcode: PPLA | ADM1: Caraș-Severin County, ADM2: Municipiul Reşiţa, ADM3: , ADM4:  | Latitude: 45.30083, Longitude: 21.88917 | Score: 112.21, Population: 81228 | Fuzzy match: 23.076923076923073
2025-08-19 16:00:59,668 INFO Comparing database entry: caras severin county with Caraș-Severin County returned from geonames.
2025-08-19 16:00:59,669 INFO 📄 Index 1 | Name: Caraș-Severin County | fcl: A, fcode: ADM1 | ADM1: Caraș-Severin County, ADM2: , ADM3: , ADM4:  | Latitude: 45.08333, Longitude: 22.08333 | Score: 88.04, Population: 246588 | Fuzzy match: 60.0
2025-08-19 16:00:59,669 INFO Comparing database entry: caras severin county with Caransebeş returned from geonames.
2025-08-19 16:00:59,669 INFO 📄 Index 2 | Name: Caransebeş | fcl: P, fcode: PPLA2 | ADM1: Caraș-Severin County, ADM2: Municipiul Caransebeş, ADM3: , ADM4:  | Latitude: 45.41667, Longitude: 22.21667 | Score: 65.01, Population: 27521 | Fuzzy match: 53.333333333333336
2025-08-19 16:00:59,669 INFO Comparing database entry: caras severin county with Bocşa returned from geonames.
2025-08-19 16:00:59,669 INFO 📄 Index 3 | Name: Bocşa | fcl: P, fcode: PPLA2 | ADM1: Caraș-Severin County, ADM2: Oraş Bocşa, ADM3: , ADM4:  | Latitude: 45.37333, Longitude: 21.70917 | Score: 65.01, Population: 16349 | Fuzzy match: 16.000000000000004
2025-08-19 16:00:59,835 INFO Comparing database entry: caras severin county with Reşiţa returned from geonames.
2025-08-19 16:00:59,836 INFO 📄 Index 0 | Name: Reşiţa | fcl: P, fcode: PPLA | ADM1: Caraș-Severin County, ADM2: Municipiul Reşiţa, ADM3: , ADM4:  | Latitude: 45.30083, Longitude: 21.88917 | Score: 112.21, Population: 81228 | Fuzzy match: 23.076923076923073
2025-08-19 16:00:59,836 INFO Comparing database entry: caras severin county with Caraș-Severin County returned from geonames.
2025-08-19 16:00:59,836 INFO 📄 Index 1 | Name: Caraș-Severin County | fcl: A, fcode: ADM1 | ADM1: Caraș-Severin County, ADM2: , ADM3: , ADM4:  | Latitude: 45.08333, Longitude: 22.08333 | Score: 88.04, Population: 246588 | Fuzzy match: 60.0
2025-08-19 16:00:59,836 INFO Comparing database entry: caras severin county with Caransebeş returned from geonames.
2025-08-19 16:00:59,836 INFO 📄 Index 2 | Name: Caransebeş | fcl: P, fcode: PPLA2 | ADM1: Caraș-Severin County, ADM2: Municipiul Caransebeş, ADM3: , ADM4:  | Latitude: 45.41667, Longitude: 22.21667 | Score: 65.01, Population: 27521 | Fuzzy match: 53.333333333333336
2025-08-19 16:00:59,836 INFO Comparing database entry: caras severin county with Bocşa returned from geonames.
2025-08-19 16:00:59,836 INFO 📄 Index 3 | Name: Bocşa | fcl: P, fcode: PPLA2 | ADM1: Caraș-Severin County, ADM2: Oraş Bocşa, ADM3: , ADM4:  | Latitude: 45.37333, Longitude: 21.70917 | Score: 65.01, Population: 16349 | Fuzzy match: 16.000000000000004
2025-08-19 16:01:00,020 INFO Comparing database entry: caras severin county with Reşiţa returned from geonames.
2025-08-19 16:01:00,020 INFO 📄 Index 0 | Name: Reşiţa | fcl: P, fcode: PPLA | ADM1: Caraș-Severin County, ADM2: Municipiul Reşiţa, ADM3: , ADM4:  | Latitude: 45.30083, Longitude: 21.88917 | Score: 112.21, Population: 81228 | Fuzzy match: 23.076923076923073
2025-08-19 16:01:00,020 INFO Comparing database entry: caras severin county with Caraș-Severin County returned from geonames.
2025-08-19 16:01:00,020 INFO 📄 Index 1 | Name: Caraș-Severin County | fcl: A, fcode: ADM1 | ADM1: Caraș-Severin County, ADM2: , ADM3: , ADM4:  | Latitude: 45.08333, Longitude: 22.08333 | Score: 88.04, Population: 246588 | Fuzzy match: 60.0
2025-08-19 16:01:00,020 INFO Comparing database entry: caras severin county with Caransebeş returned from geonames.
2025-08-19 16:01:00,021 INFO 📄 Index 2 | Name: Caransebeş | fcl: P, fcode: PPLA2 | ADM1: Caraș-Severin County, ADM2: Municipiul Caransebeş, ADM3: , ADM4:  | Latitude: 45.41667, Longitude: 22.21667 | Score: 65.01, Population: 27521 | Fuzzy match: 53.333333333333336
2025-08-19 16:01:00,021 INFO Comparing database entry: caras severin county with Bocşa returned from geonames.
2025-08-19 16:01:00,021 INFO 📄 Index 3 | Name: Bocşa | fcl: P, fcode: PPLA2 | ADM1: Caraș-Severin County, ADM2: Oraş Bocşa, ADM3: , ADM4:  | Latitude: 45.37333, Longitude: 21.70917 | Score: 65.01, Population: 16349 | Fuzzy match: 16.000000000000004
2025-08-19 16:01:00,199 INFO Comparing database entry: caras severin county with Reşiţa returned from geonames.
2025-08-19 16:01:00,200 INFO 📄 Index 0 | Name: Reşiţa | fcl: P, fcode: PPLA | ADM1: Caraș-Severin County, ADM2: Municipiul Reşiţa, ADM3: , ADM4:  | Latitude: 45.30083, Longitude: 21.88917 | Score: 112.21, Population: 81228 | Fuzzy match: 23.076923076923073
2025-08-19 16:01:00,200 INFO Comparing database entry: caras severin county with Caraș-Severin County returned from geonames.
2025-08-19 16:01:00,200 INFO 📄 Index 1 | Name: Caraș-Severin County | fcl: A, fcode: ADM1 | ADM1: Caraș-Severin County, ADM2: , ADM3: , ADM4:  | Latitude: 45.08333, Longitude: 22.08333 | Score: 88.04, Population: 246588 | Fuzzy match: 60.0
2025-08-19 16:01:00,200 INFO Comparing database entry: caras severin county with Caransebeş returned from geonames.
2025-08-19 16:01:00,200 INFO 📄 Index 2 | Name: Caransebeş | fcl: P, fcode: PPLA2 | ADM1: Caraș-Severin County, ADM2: Municipiul Caransebeş, ADM3: , ADM4:  | Latitude: 45.41667, Longitude: 22.21667 | Score: 65.01, Population: 27521 | Fuzzy match: 53.333333333333336
2025-08-19 16:01:00,200 INFO Comparing database entry: caras severin county with Bocşa returned from geonames.
2025-08-19 16:01:00,200 INFO 📄 Index 3 | Name: Bocşa | fcl: P, fcode: PPLA2 | ADM1: Caraș-Severin County, ADM2: Oraş Bocşa, ADM3: , ADM4:  | Latitude: 45.37333, Longitude: 21.70917 | Score: 65.01, Population: 16349 | Fuzzy match: 16.000000000000004
2025-08-19 16:01:00,200 WARNING ❌ No match found with fuzzy score > 80 for city: caras severin county
2025-08-19 16:01:00,200 WARNING ❌ Lookup failed for city='caras_severin_county', iso2='RO'
