2025-08-19 16:04:04,662 INFO 🗺️ Starting GeoNames lookup for city='cluj', country='romania'
2025-08-19 16:04:04,663 INFO 📍 Location is present in the following articles: [ObjectId('67fbf27494b7f855cfea6ac9')]
2025-08-19 16:04:04,814 INFO Comparing database entry: cluj with Cluj-Napoca returned from geonames.
2025-08-19 16:04:04,814 INFO 📄 Index 0 | Name: Cluj-Napoca | fcl: P, fcode: PPLA | ADM1: Cluj County, ADM2: Municipiul Cluj-Napoca, ADM3: , ADM4:  | Latitude: 46.76667, Longitude: 23.6 | Score: 102.77, Population: 286598 | Fuzzy match: 53.333333333333336
2025-08-19 16:04:04,814 INFO Comparing database entry: cluj with Cluj County returned from geonames.
2025-08-19 16:04:04,814 INFO 📄 Index 1 | Name: Cluj County | fcl: A, fcode: ADM1 | ADM1: Cluj County, ADM2: , ADM3: , ADM4:  | Latitude: 46.64944, Longitude: 23.81836 | Score: 77.09, Population: 679141 | Fuzzy match: 53.333333333333336
2025-08-19 16:04:04,814 INFO Comparing database entry: cluj with Turda returned from geonames.
2025-08-19 16:04:04,814 INFO 📄 Index 2 | Name: Turda | fcl: P, fcode: PPL | ADM1: Cluj County, ADM2: Municipiul Turda, ADM3: , ADM4:  | Latitude: 46.56667, Longitude: 23.78333 | Score: 74.29, Population: 43319 | Fuzzy match: 22.22222222222222
2025-08-19 16:04:04,814 INFO Comparing database entry: cluj with Dej returned from geonames.
2025-08-19 16:04:04,814 INFO 📄 Index 3 | Name: Dej | fcl: P, fcode: PPLA2 | ADM1: Cluj County, ADM2: Municipiul Dej, ADM3: , ADM4:  | Latitude: 47.15, Longitude: 23.86667 | Score: 61.90, Population: 38033 | Fuzzy match: 28.57142857142857
2025-08-19 16:04:04,981 INFO Comparing database entry: cluj with Cluj-Napoca returned from geonames.
2025-08-19 16:04:04,981 INFO 📄 Index 0 | Name: Cluj-Napoca | fcl: P, fcode: PPLA | ADM1: Cluj County, ADM2: Municipiul Cluj-Napoca, ADM3: , ADM4:  | Latitude: 46.76667, Longitude: 23.6 | Score: 102.77, Population: 286598 | Fuzzy match: 53.333333333333336
2025-08-19 16:04:04,981 INFO Comparing database entry: cluj with Cluj County returned from geonames.
2025-08-19 16:04:04,981 INFO 📄 Index 1 | Name: Cluj County | fcl: A, fcode: ADM1 | ADM1: Cluj County, ADM2: , ADM3: , ADM4:  | Latitude: 46.64944, Longitude: 23.81836 | Score: 77.09, Population: 679141 | Fuzzy match: 53.333333333333336
2025-08-19 16:04:04,981 INFO Comparing database entry: cluj with Turda returned from geonames.
2025-08-19 16:04:04,982 INFO 📄 Index 2 | Name: Turda | fcl: P, fcode: PPL | ADM1: Cluj County, ADM2: Municipiul Turda, ADM3: , ADM4:  | Latitude: 46.56667, Longitude: 23.78333 | Score: 74.29, Population: 43319 | Fuzzy match: 22.22222222222222
2025-08-19 16:04:04,982 INFO Comparing database entry: cluj with Dej returned from geonames.
2025-08-19 16:04:04,982 INFO 📄 Index 3 | Name: Dej | fcl: P, fcode: PPLA2 | ADM1: Cluj County, ADM2: Municipiul Dej, ADM3: , ADM4:  | Latitude: 47.15, Longitude: 23.86667 | Score: 61.90, Population: 38033 | Fuzzy match: 28.57142857142857
2025-08-19 16:04:05,152 INFO Comparing database entry: cluj with Cluj-Napoca returned from geonames.
2025-08-19 16:04:05,152 INFO 📄 Index 0 | Name: Cluj-Napoca | fcl: P, fcode: PPLA | ADM1: Cluj County, ADM2: Municipiul Cluj-Napoca, ADM3: , ADM4:  | Latitude: 46.76667, Longitude: 23.6 | Score: 102.77, Population: 286598 | Fuzzy match: 53.333333333333336
2025-08-19 16:04:05,152 INFO Comparing database entry: cluj with Cluj County returned from geonames.
2025-08-19 16:04:05,152 INFO 📄 Index 1 | Name: Cluj County | fcl: A, fcode: ADM1 | ADM1: Cluj County, ADM2: , ADM3: , ADM4:  | Latitude: 46.64944, Longitude: 23.81836 | Score: 77.09, Population: 679141 | Fuzzy match: 53.333333333333336
2025-08-19 16:04:05,153 INFO Comparing database entry: cluj with Turda returned from geonames.
2025-08-19 16:04:05,153 INFO 📄 Index 2 | Name: Turda | fcl: P, fcode: PPL | ADM1: Cluj County, ADM2: Municipiul Turda, ADM3: , ADM4:  | Latitude: 46.56667, Longitude: 23.78333 | Score: 74.29, Population: 43319 | Fuzzy match: 22.22222222222222
2025-08-19 16:04:05,153 INFO Comparing database entry: cluj with Dej returned from geonames.
2025-08-19 16:04:05,153 INFO 📄 Index 3 | Name: Dej | fcl: P, fcode: PPLA2 | ADM1: Cluj County, ADM2: Municipiul Dej, ADM3: , ADM4:  | Latitude: 47.15, Longitude: 23.86667 | Score: 61.90, Population: 38033 | Fuzzy match: 28.57142857142857
2025-08-19 16:04:05,299 INFO Comparing database entry: cluj with Cluj-Napoca returned from geonames.
2025-08-19 16:04:05,299 INFO 📄 Index 0 | Name: Cluj-Napoca | fcl: P, fcode: PPLA | ADM1: Cluj County, ADM2: Municipiul Cluj-Napoca, ADM3: , ADM4:  | Latitude: 46.76667, Longitude: 23.6 | Score: 102.77, Population: 286598 | Fuzzy match: 53.333333333333336
2025-08-19 16:04:05,300 INFO Comparing database entry: cluj with Cluj County returned from geonames.
2025-08-19 16:04:05,300 INFO 📄 Index 1 | Name: Cluj County | fcl: A, fcode: ADM1 | ADM1: Cluj County, ADM2: , ADM3: , ADM4:  | Latitude: 46.64944, Longitude: 23.81836 | Score: 77.09, Population: 679141 | Fuzzy match: 53.333333333333336
2025-08-19 16:04:05,300 INFO Comparing database entry: cluj with Turda returned from geonames.
2025-08-19 16:04:05,300 INFO 📄 Index 2 | Name: Turda | fcl: P, fcode: PPL | ADM1: Cluj County, ADM2: Municipiul Turda, ADM3: , ADM4:  | Latitude: 46.56667, Longitude: 23.78333 | Score: 74.29, Population: 43319 | Fuzzy match: 22.22222222222222
2025-08-19 16:04:05,300 INFO Comparing database entry: cluj with Dej returned from geonames.
2025-08-19 16:04:05,300 INFO 📄 Index 3 | Name: Dej | fcl: P, fcode: PPLA2 | ADM1: Cluj County, ADM2: Municipiul Dej, ADM3: , ADM4:  | Latitude: 47.15, Longitude: 23.86667 | Score: 61.90, Population: 38033 | Fuzzy match: 28.57142857142857
2025-08-19 16:04:05,436 INFO Comparing database entry: cluj with Cluj-Napoca returned from geonames.
2025-08-19 16:04:05,436 INFO 📄 Index 0 | Name: Cluj-Napoca | fcl: P, fcode: PPLA | ADM1: Cluj County, ADM2: Municipiul Cluj-Napoca, ADM3: , ADM4:  | Latitude: 46.76667, Longitude: 23.6 | Score: 102.77, Population: 286598 | Fuzzy match: 53.333333333333336
2025-08-19 16:04:05,436 INFO Comparing database entry: cluj with Cluj County returned from geonames.
2025-08-19 16:04:05,436 INFO 📄 Index 1 | Name: Cluj County | fcl: A, fcode: ADM1 | ADM1: Cluj County, ADM2: , ADM3: , ADM4:  | Latitude: 46.64944, Longitude: 23.81836 | Score: 77.09, Population: 679141 | Fuzzy match: 53.333333333333336
2025-08-19 16:04:05,436 INFO Comparing database entry: cluj with Turda returned from geonames.
2025-08-19 16:04:05,436 INFO 📄 Index 2 | Name: Turda | fcl: P, fcode: PPL | ADM1: Cluj County, ADM2: Municipiul Turda, ADM3: , ADM4:  | Latitude: 46.56667, Longitude: 23.78333 | Score: 74.29, Population: 43319 | Fuzzy match: 22.22222222222222
2025-08-19 16:04:05,437 INFO Comparing database entry: cluj with Dej returned from geonames.
2025-08-19 16:04:05,437 INFO 📄 Index 3 | Name: Dej | fcl: P, fcode: PPLA2 | ADM1: Cluj County, ADM2: Municipiul Dej, ADM3: , ADM4:  | Latitude: 47.15, Longitude: 23.86667 | Score: 61.90, Population: 38033 | Fuzzy match: 28.57142857142857
2025-08-19 16:04:05,565 INFO Comparing database entry: cluj with Cluj-Napoca returned from geonames.
2025-08-19 16:04:05,565 INFO 📄 Index 0 | Name: Cluj-Napoca | fcl: P, fcode: PPLA | ADM1: Cluj County, ADM2: Municipiul Cluj-Napoca, ADM3: , ADM4:  | Latitude: 46.76667, Longitude: 23.6 | Score: 102.77, Population: 286598 | Fuzzy match: 53.333333333333336
2025-08-19 16:04:05,565 INFO Comparing database entry: cluj with Cluj County returned from geonames.
2025-08-19 16:04:05,565 INFO 📄 Index 1 | Name: Cluj County | fcl: A, fcode: ADM1 | ADM1: Cluj County, ADM2: , ADM3: , ADM4:  | Latitude: 46.64944, Longitude: 23.81836 | Score: 77.09, Population: 679141 | Fuzzy match: 53.333333333333336
2025-08-19 16:04:05,565 INFO Comparing database entry: cluj with Turda returned from geonames.
2025-08-19 16:04:05,565 INFO 📄 Index 2 | Name: Turda | fcl: P, fcode: PPL | ADM1: Cluj County, ADM2: Municipiul Turda, ADM3: , ADM4:  | Latitude: 46.56667, Longitude: 23.78333 | Score: 74.29, Population: 43319 | Fuzzy match: 22.22222222222222
2025-08-19 16:04:05,565 INFO Comparing database entry: cluj with Dej returned from geonames.
2025-08-19 16:04:05,565 INFO 📄 Index 3 | Name: Dej | fcl: P, fcode: PPLA2 | ADM1: Cluj County, ADM2: Municipiul Dej, ADM3: , ADM4:  | Latitude: 47.15, Longitude: 23.86667 | Score: 61.90, Population: 38033 | Fuzzy match: 28.57142857142857
2025-08-19 16:04:05,565 WARNING ❌ No match found with fuzzy score > 80 for city: cluj
2025-08-19 16:04:05,565 WARNING ❌ Lookup failed for city='cluj', iso2='RO'
