2025-08-17 15:40:46,657 INFO 🗺️ Starting GeoNames lookup for city='isalnita', country='romania'
2025-08-17 15:40:46,657 INFO 📍 Location is present in the following articles: [ObjectId('67fa621638fb90ab92f8c0a8')]
2025-08-17 15:40:46,811 INFO Comparing database entry: isalnita with Comuna Işalniţa returned from geonames.
2025-08-17 15:40:46,812 INFO 📄 Index 0 | Name: Comuna Işalniţa | fcl: A, fcode: ADM2 | ADM1: Dolj, ADM2: Comuna Işalniţa, ADM3: , ADM4:  | Score: 42.76, Population: 4042 | Fuzzy match: 52.17391304347826
2025-08-17 15:40:46,812 INFO Comparing database entry: isalnita with Işalniţa returned from geonames.
2025-08-17 15:40:46,812 INFO 📄 Index 1 | Name: Işalniţa | fcl: P, fcode: PPLA2 | ADM1: Dolj, ADM2: Comuna Işalniţa, ADM3: , ADM4:  | Score: 31.65, Population: 3955 | Fuzzy match: 75.0
2025-08-17 15:40:46,812 INFO Comparing database entry: isalnita with Troaca returned from geonames.
2025-08-17 15:40:46,812 INFO 📄 Index 2 | Name: Troaca | fcl: P, fcode: PPLX | ADM1: Dolj, ADM2: Comuna Işalniţa, ADM3: , ADM4:  | Score: 8.29, Population: 0 | Fuzzy match: 28.57142857142857
2025-08-17 15:40:47,007 INFO Comparing database entry: isalnita with Comuna Işalniţa returned from geonames.
2025-08-17 15:40:47,007 INFO 📄 Index 0 | Name: Comuna Işalniţa | fcl: A, fcode: ADM2 | ADM1: Dolj, ADM2: Comuna Işalniţa, ADM3: , ADM4:  | Score: 42.76, Population: 4042 | Fuzzy match: 52.17391304347826
2025-08-17 15:40:47,007 INFO Comparing database entry: isalnita with Işalniţa returned from geonames.
2025-08-17 15:40:47,008 INFO 📄 Index 1 | Name: Işalniţa | fcl: P, fcode: PPLA2 | ADM1: Dolj, ADM2: Comuna Işalniţa, ADM3: , ADM4:  | Score: 31.65, Population: 3955 | Fuzzy match: 75.0
2025-08-17 15:40:47,008 INFO Comparing database entry: isalnita with Troaca returned from geonames.
2025-08-17 15:40:47,008 INFO 📄 Index 2 | Name: Troaca | fcl: P, fcode: PPLX | ADM1: Dolj, ADM2: Comuna Işalniţa, ADM3: , ADM4:  | Score: 8.29, Population: 0 | Fuzzy match: 28.57142857142857
2025-08-17 15:40:47,140 INFO Comparing database entry: isalnita with Comuna Işalniţa returned from geonames.
2025-08-17 15:40:47,140 INFO 📄 Index 0 | Name: Comuna Işalniţa | fcl: A, fcode: ADM2 | ADM1: Dolj, ADM2: Comuna Işalniţa, ADM3: , ADM4:  | Score: 42.76, Population: 4042 | Fuzzy match: 52.17391304347826
2025-08-17 15:40:47,141 INFO Comparing database entry: isalnita with Işalniţa returned from geonames.
2025-08-17 15:40:47,141 INFO 📄 Index 1 | Name: Işalniţa | fcl: P, fcode: PPLA2 | ADM1: Dolj, ADM2: Comuna Işalniţa, ADM3: , ADM4:  | Score: 31.65, Population: 3955 | Fuzzy match: 75.0
2025-08-17 15:40:47,141 INFO Comparing database entry: isalnita with Troaca returned from geonames.
2025-08-17 15:40:47,141 INFO 📄 Index 2 | Name: Troaca | fcl: P, fcode: PPLX | ADM1: Dolj, ADM2: Comuna Işalniţa, ADM3: , ADM4:  | Score: 8.29, Population: 0 | Fuzzy match: 28.57142857142857
2025-08-17 15:40:47,258 INFO Comparing database entry: isalnita with Comuna Işalniţa returned from geonames.
2025-08-17 15:40:47,258 INFO 📄 Index 0 | Name: Comuna Işalniţa | fcl: A, fcode: ADM2 | ADM1: Dolj, ADM2: Comuna Işalniţa, ADM3: , ADM4:  | Score: 42.76, Population: 4042 | Fuzzy match: 52.17391304347826
2025-08-17 15:40:47,258 INFO Comparing database entry: isalnita with Işalniţa returned from geonames.
2025-08-17 15:40:47,258 INFO 📄 Index 1 | Name: Işalniţa | fcl: P, fcode: PPLA2 | ADM1: Dolj, ADM2: Comuna Işalniţa, ADM3: , ADM4:  | Score: 31.65, Population: 3955 | Fuzzy match: 75.0
2025-08-17 15:40:47,258 INFO Comparing database entry: isalnita with Troaca returned from geonames.
2025-08-17 15:40:47,258 INFO 📄 Index 2 | Name: Troaca | fcl: P, fcode: PPLX | ADM1: Dolj, ADM2: Comuna Işalniţa, ADM3: , ADM4:  | Score: 8.29, Population: 0 | Fuzzy match: 28.57142857142857
2025-08-17 15:40:47,403 INFO Comparing database entry: isalnita with Comuna Işalniţa returned from geonames.
2025-08-17 15:40:47,403 INFO 📄 Index 0 | Name: Comuna Işalniţa | fcl: A, fcode: ADM2 | ADM1: Dolj, ADM2: Comuna Işalniţa, ADM3: , ADM4:  | Score: 42.76, Population: 4042 | Fuzzy match: 52.17391304347826
2025-08-17 15:40:47,403 INFO Comparing database entry: isalnita with Işalniţa returned from geonames.
2025-08-17 15:40:47,403 INFO 📄 Index 1 | Name: Işalniţa | fcl: P, fcode: PPLA2 | ADM1: Dolj, ADM2: Comuna Işalniţa, ADM3: , ADM4:  | Score: 31.65, Population: 3955 | Fuzzy match: 75.0
2025-08-17 15:40:47,403 INFO Comparing database entry: isalnita with Troaca returned from geonames.
2025-08-17 15:40:47,404 INFO 📄 Index 2 | Name: Troaca | fcl: P, fcode: PPLX | ADM1: Dolj, ADM2: Comuna Işalniţa, ADM3: , ADM4:  | Score: 8.29, Population: 0 | Fuzzy match: 28.57142857142857
2025-08-17 15:40:47,533 INFO Comparing database entry: isalnita with Comuna Işalniţa returned from geonames.
2025-08-17 15:40:47,534 INFO 📄 Index 0 | Name: Comuna Işalniţa | fcl: A, fcode: ADM2 | ADM1: Dolj, ADM2: Comuna Işalniţa, ADM3: , ADM4:  | Score: 42.76, Population: 4042 | Fuzzy match: 52.17391304347826
2025-08-17 15:40:47,534 INFO Comparing database entry: isalnita with Işalniţa returned from geonames.
2025-08-17 15:40:47,534 INFO 📄 Index 1 | Name: Işalniţa | fcl: P, fcode: PPLA2 | ADM1: Dolj, ADM2: Comuna Işalniţa, ADM3: , ADM4:  | Score: 31.65, Population: 3955 | Fuzzy match: 75.0
2025-08-17 15:40:47,534 INFO Comparing database entry: isalnita with Troaca returned from geonames.
2025-08-17 15:40:47,534 INFO 📄 Index 2 | Name: Troaca | fcl: P, fcode: PPLX | ADM1: Dolj, ADM2: Comuna Işalniţa, ADM3: , ADM4:  | Score: 8.29, Population: 0 | Fuzzy match: 28.57142857142857
2025-08-17 15:40:47,534 WARNING ❌ No match found with fuzzy score > 80 for city: isalnita
2025-08-17 15:40:47,534 WARNING ❌ Lookup failed for city='isalnita', iso2='RO'
