2025-08-17 16:44:32,582 INFO 🗺️ Starting GeoNames lookup for city='işalniţa, dolj', country='romania'
2025-08-17 16:44:32,582 INFO 📍 Location is present in the following articles: [ObjectId('67fa801aeaa4fb525afec6b8')]
2025-08-17 16:44:32,770 INFO Comparing database entry: işalniţa, dolj with Comuna Işalniţa returned from geonames.
2025-08-17 16:44:32,770 INFO 📄 Index 0 | Name: Comuna Işalniţa | fcl: A, fcode: ADM2 | ADM1: Dolj, ADM2: Comuna Işalniţa, ADM3: , ADM4:  | Score: 51.54, Population: 4042 | Fuzzy match: 68.96551724137932
2025-08-17 16:44:32,770 INFO Comparing database entry: işalniţa, dolj with Işalniţa returned from geonames.
2025-08-17 16:44:32,770 INFO 📄 Index 1 | Name: Işalniţa | fcl: P, fcode: PPLA2 | ADM1: Dolj, ADM2: Comuna Işalniţa, ADM3: , ADM4:  | Score: 38.28, Population: 3955 | Fuzzy match: 72.72727272727273
2025-08-17 16:44:32,771 INFO Comparing database entry: işalniţa, dolj with Troaca returned from geonames.
2025-08-17 16:44:32,771 INFO 📄 Index 2 | Name: Troaca | fcl: P, fcode: PPLX | ADM1: Dolj, ADM2: Comuna Işalniţa, ADM3: , ADM4:  | Score: 10.80, Population: 0 | Fuzzy match: 30.000000000000004
2025-08-17 16:44:32,946 INFO Comparing database entry: işalniţa, dolj with Comuna Işalniţa returned from geonames.
2025-08-17 16:44:32,946 INFO 📄 Index 0 | Name: Comuna Işalniţa | fcl: A, fcode: ADM2 | ADM1: Dolj, ADM2: Comuna Işalniţa, ADM3: , ADM4:  | Score: 51.54, Population: 4042 | Fuzzy match: 68.96551724137932
2025-08-17 16:44:32,946 INFO Comparing database entry: işalniţa, dolj with Işalniţa returned from geonames.
2025-08-17 16:44:32,946 INFO 📄 Index 1 | Name: Işalniţa | fcl: P, fcode: PPLA2 | ADM1: Dolj, ADM2: Comuna Işalniţa, ADM3: , ADM4:  | Score: 38.28, Population: 3955 | Fuzzy match: 72.72727272727273
2025-08-17 16:44:32,946 INFO Comparing database entry: işalniţa, dolj with Troaca returned from geonames.
2025-08-17 16:44:32,947 INFO 📄 Index 2 | Name: Troaca | fcl: P, fcode: PPLX | ADM1: Dolj, ADM2: Comuna Işalniţa, ADM3: , ADM4:  | Score: 10.80, Population: 0 | Fuzzy match: 30.000000000000004
2025-08-17 16:44:33,123 INFO Comparing database entry: işalniţa, dolj with Comuna Işalniţa returned from geonames.
2025-08-17 16:44:33,124 INFO 📄 Index 0 | Name: Comuna Işalniţa | fcl: A, fcode: ADM2 | ADM1: Dolj, ADM2: Comuna Işalniţa, ADM3: , ADM4:  | Score: 51.54, Population: 4042 | Fuzzy match: 68.96551724137932
2025-08-17 16:44:33,124 INFO Comparing database entry: işalniţa, dolj with Işalniţa returned from geonames.
2025-08-17 16:44:33,124 INFO 📄 Index 1 | Name: Işalniţa | fcl: P, fcode: PPLA2 | ADM1: Dolj, ADM2: Comuna Işalniţa, ADM3: , ADM4:  | Score: 38.28, Population: 3955 | Fuzzy match: 72.72727272727273
2025-08-17 16:44:33,124 INFO Comparing database entry: işalniţa, dolj with Troaca returned from geonames.
2025-08-17 16:44:33,124 INFO 📄 Index 2 | Name: Troaca | fcl: P, fcode: PPLX | ADM1: Dolj, ADM2: Comuna Işalniţa, ADM3: , ADM4:  | Score: 10.80, Population: 0 | Fuzzy match: 30.000000000000004
2025-08-17 16:44:33,293 INFO Comparing database entry: işalniţa, dolj with Comuna Işalniţa returned from geonames.
2025-08-17 16:44:33,293 INFO 📄 Index 0 | Name: Comuna Işalniţa | fcl: A, fcode: ADM2 | ADM1: Dolj, ADM2: Comuna Işalniţa, ADM3: , ADM4:  | Score: 51.54, Population: 4042 | Fuzzy match: 68.96551724137932
2025-08-17 16:44:33,293 INFO Comparing database entry: işalniţa, dolj with Işalniţa returned from geonames.
2025-08-17 16:44:33,293 INFO 📄 Index 1 | Name: Işalniţa | fcl: P, fcode: PPLA2 | ADM1: Dolj, ADM2: Comuna Işalniţa, ADM3: , ADM4:  | Score: 38.28, Population: 3955 | Fuzzy match: 72.72727272727273
2025-08-17 16:44:33,293 INFO Comparing database entry: işalniţa, dolj with Troaca returned from geonames.
2025-08-17 16:44:33,293 INFO 📄 Index 2 | Name: Troaca | fcl: P, fcode: PPLX | ADM1: Dolj, ADM2: Comuna Işalniţa, ADM3: , ADM4:  | Score: 10.80, Population: 0 | Fuzzy match: 30.000000000000004
2025-08-17 16:44:33,472 INFO Comparing database entry: işalniţa, dolj with Comuna Işalniţa returned from geonames.
2025-08-17 16:44:33,472 INFO 📄 Index 0 | Name: Comuna Işalniţa | fcl: A, fcode: ADM2 | ADM1: Dolj, ADM2: Comuna Işalniţa, ADM3: , ADM4:  | Score: 51.54, Population: 4042 | Fuzzy match: 68.96551724137932
2025-08-17 16:44:33,472 INFO Comparing database entry: işalniţa, dolj with Işalniţa returned from geonames.
2025-08-17 16:44:33,473 INFO 📄 Index 1 | Name: Işalniţa | fcl: P, fcode: PPLA2 | ADM1: Dolj, ADM2: Comuna Işalniţa, ADM3: , ADM4:  | Score: 38.28, Population: 3955 | Fuzzy match: 72.72727272727273
2025-08-17 16:44:33,473 INFO Comparing database entry: işalniţa, dolj with Troaca returned from geonames.
2025-08-17 16:44:33,473 INFO 📄 Index 2 | Name: Troaca | fcl: P, fcode: PPLX | ADM1: Dolj, ADM2: Comuna Işalniţa, ADM3: , ADM4:  | Score: 10.80, Population: 0 | Fuzzy match: 30.000000000000004
2025-08-17 16:44:33,633 INFO Comparing database entry: işalniţa, dolj with Comuna Işalniţa returned from geonames.
2025-08-17 16:44:33,633 INFO 📄 Index 0 | Name: Comuna Işalniţa | fcl: A, fcode: ADM2 | ADM1: Dolj, ADM2: Comuna Işalniţa, ADM3: , ADM4:  | Score: 51.54, Population: 4042 | Fuzzy match: 68.96551724137932
2025-08-17 16:44:33,633 INFO Comparing database entry: işalniţa, dolj with Işalniţa returned from geonames.
2025-08-17 16:44:33,633 INFO 📄 Index 1 | Name: Işalniţa | fcl: P, fcode: PPLA2 | ADM1: Dolj, ADM2: Comuna Işalniţa, ADM3: , ADM4:  | Score: 38.28, Population: 3955 | Fuzzy match: 72.72727272727273
2025-08-17 16:44:33,633 INFO Comparing database entry: işalniţa, dolj with Troaca returned from geonames.
2025-08-17 16:44:33,633 INFO 📄 Index 2 | Name: Troaca | fcl: P, fcode: PPLX | ADM1: Dolj, ADM2: Comuna Işalniţa, ADM3: , ADM4:  | Score: 10.80, Population: 0 | Fuzzy match: 30.000000000000004
2025-08-17 16:44:33,633 WARNING ❌ No match found with fuzzy score > 80 for city: işalniţa, dolj
2025-08-17 16:44:33,634 WARNING ❌ Lookup failed for city='işalniţa_dolj', iso2='RO'
