2025-08-19 16:04:05,847 INFO 🗺️ Starting GeoNames lookup for city='parau', country='romania'
2025-08-19 16:04:05,848 INFO 📍 Location is present in the following articles: [ObjectId('67fa8b12eaa4fb525afee438'), ObjectId('67fbee2a94b7f855cfea6525'), ObjectId('67fbeec794b7f855cfea6664')]
2025-08-19 16:04:05,981 INFO Comparing database entry: parau with Comuna Pârâu returned from geonames.
2025-08-19 16:04:05,981 INFO 📄 Index 0 | Name: Comuna Pârâu | fcl: A, fcode: ADM2 | ADM1: Brașov County, ADM2: Comuna Pârâu, ADM3: , ADM4:  | Latitude: 45.85139, Longitude: 25.21584 | Score: 43.30, Population: 0 | Fuzzy match: 35.29411764705882
2025-08-19 16:04:05,981 INFO Comparing database entry: parau with Pârâu Sumuleu returned from geonames.
2025-08-19 16:04:05,981 INFO 📄 Index 1 | Name: Pârâu Sumuleu | fcl: P, fcode: PPL | ADM1: Harghita County, ADM2: Comuna Ciumani, ADM3: , ADM4:  | Latitude: 46.68333, Longitude: 25.51667 | Score: 31.40, Population: 0 | Fuzzy match: 33.333333333333336
2025-08-19 16:04:05,981 INFO Comparing database entry: parau with Pârâu Asodului returned from geonames.
2025-08-19 16:04:05,981 INFO 📄 Index 2 | Name: Pârâu Asodului | fcl: P, fcode: PPL | ADM1: Harghita County, ADM2: Comuna Tulgheş, ADM3: , ADM4:  | Latitude: 46.96667, Longitude: 25.7 | Score: 31.40, Population: 0 | Fuzzy match: 31.57894736842105
2025-08-19 16:04:05,981 INFO Comparing database entry: parau with Pârâu de Vale returned from geonames.
2025-08-19 16:04:05,982 INFO 📄 Index 3 | Name: Pârâu de Vale | fcl: P, fcode: PPL | ADM1: Gorj County, ADM2: Comuna Godineşti, ADM3: , ADM4:  | Latitude: 44.97858, Longitude: 22.99757 | Score: 28.42, Population: 288 | Fuzzy match: 33.333333333333336
2025-08-19 16:04:06,152 INFO Comparing database entry: parau with Comuna Pârâu returned from geonames.
2025-08-19 16:04:06,152 INFO 📄 Index 0 | Name: Comuna Pârâu | fcl: A, fcode: ADM2 | ADM1: Brașov County, ADM2: Comuna Pârâu, ADM3: , ADM4:  | Latitude: 45.85139, Longitude: 25.21584 | Score: 43.30, Population: 0 | Fuzzy match: 35.29411764705882
2025-08-19 16:04:06,152 INFO Comparing database entry: parau with Pârâu Sumuleu returned from geonames.
2025-08-19 16:04:06,152 INFO 📄 Index 1 | Name: Pârâu Sumuleu | fcl: P, fcode: PPL | ADM1: Harghita County, ADM2: Comuna Ciumani, ADM3: , ADM4:  | Latitude: 46.68333, Longitude: 25.51667 | Score: 31.40, Population: 0 | Fuzzy match: 33.333333333333336
2025-08-19 16:04:06,152 INFO Comparing database entry: parau with Pârâu Asodului returned from geonames.
2025-08-19 16:04:06,152 INFO 📄 Index 2 | Name: Pârâu Asodului | fcl: P, fcode: PPL | ADM1: Harghita County, ADM2: Comuna Tulgheş, ADM3: , ADM4:  | Latitude: 46.96667, Longitude: 25.7 | Score: 31.40, Population: 0 | Fuzzy match: 31.57894736842105
2025-08-19 16:04:06,152 INFO Comparing database entry: parau with Pârâu de Vale returned from geonames.
2025-08-19 16:04:06,152 INFO 📄 Index 3 | Name: Pârâu de Vale | fcl: P, fcode: PPL | ADM1: Gorj County, ADM2: Comuna Godineşti, ADM3: , ADM4:  | Latitude: 44.97858, Longitude: 22.99757 | Score: 28.42, Population: 288 | Fuzzy match: 33.333333333333336
2025-08-19 16:04:06,328 INFO Comparing database entry: parau with Comuna Pârâu returned from geonames.
2025-08-19 16:04:06,328 INFO 📄 Index 0 | Name: Comuna Pârâu | fcl: A, fcode: ADM2 | ADM1: Brașov County, ADM2: Comuna Pârâu, ADM3: , ADM4:  | Latitude: 45.85139, Longitude: 25.21584 | Score: 43.30, Population: 0 | Fuzzy match: 35.29411764705882
2025-08-19 16:04:06,328 INFO Comparing database entry: parau with Pârâu Sumuleu returned from geonames.
2025-08-19 16:04:06,328 INFO 📄 Index 1 | Name: Pârâu Sumuleu | fcl: P, fcode: PPL | ADM1: Harghita County, ADM2: Comuna Ciumani, ADM3: , ADM4:  | Latitude: 46.68333, Longitude: 25.51667 | Score: 31.40, Population: 0 | Fuzzy match: 33.333333333333336
2025-08-19 16:04:06,328 INFO Comparing database entry: parau with Pârâu Asodului returned from geonames.
2025-08-19 16:04:06,328 INFO 📄 Index 2 | Name: Pârâu Asodului | fcl: P, fcode: PPL | ADM1: Harghita County, ADM2: Comuna Tulgheş, ADM3: , ADM4:  | Latitude: 46.96667, Longitude: 25.7 | Score: 31.40, Population: 0 | Fuzzy match: 31.57894736842105
2025-08-19 16:04:06,329 INFO Comparing database entry: parau with Pârâu de Vale returned from geonames.
2025-08-19 16:04:06,329 INFO 📄 Index 3 | Name: Pârâu de Vale | fcl: P, fcode: PPL | ADM1: Gorj County, ADM2: Comuna Godineşti, ADM3: , ADM4:  | Latitude: 44.97858, Longitude: 22.99757 | Score: 28.42, Population: 288 | Fuzzy match: 33.333333333333336
2025-08-19 16:04:06,500 INFO Comparing database entry: parau with Comuna Pârâu returned from geonames.
2025-08-19 16:04:06,500 INFO 📄 Index 0 | Name: Comuna Pârâu | fcl: A, fcode: ADM2 | ADM1: Brașov County, ADM2: Comuna Pârâu, ADM3: , ADM4:  | Latitude: 45.85139, Longitude: 25.21584 | Score: 43.30, Population: 0 | Fuzzy match: 35.29411764705882
2025-08-19 16:04:06,501 INFO Comparing database entry: parau with Pârâu Sumuleu returned from geonames.
2025-08-19 16:04:06,501 INFO 📄 Index 1 | Name: Pârâu Sumuleu | fcl: P, fcode: PPL | ADM1: Harghita County, ADM2: Comuna Ciumani, ADM3: , ADM4:  | Latitude: 46.68333, Longitude: 25.51667 | Score: 31.40, Population: 0 | Fuzzy match: 33.333333333333336
2025-08-19 16:04:06,501 INFO Comparing database entry: parau with Pârâu Asodului returned from geonames.
2025-08-19 16:04:06,501 INFO 📄 Index 2 | Name: Pârâu Asodului | fcl: P, fcode: PPL | ADM1: Harghita County, ADM2: Comuna Tulgheş, ADM3: , ADM4:  | Latitude: 46.96667, Longitude: 25.7 | Score: 31.40, Population: 0 | Fuzzy match: 31.57894736842105
2025-08-19 16:04:06,501 INFO Comparing database entry: parau with Pârâu de Vale returned from geonames.
2025-08-19 16:04:06,501 INFO 📄 Index 3 | Name: Pârâu de Vale | fcl: P, fcode: PPL | ADM1: Gorj County, ADM2: Comuna Godineşti, ADM3: , ADM4:  | Latitude: 44.97858, Longitude: 22.99757 | Score: 28.42, Population: 288 | Fuzzy match: 33.333333333333336
2025-08-19 16:04:06,654 INFO Comparing database entry: parau with Comuna Pârâu returned from geonames.
2025-08-19 16:04:06,654 INFO 📄 Index 0 | Name: Comuna Pârâu | fcl: A, fcode: ADM2 | ADM1: Brașov County, ADM2: Comuna Pârâu, ADM3: , ADM4:  | Latitude: 45.85139, Longitude: 25.21584 | Score: 43.30, Population: 0 | Fuzzy match: 35.29411764705882
2025-08-19 16:04:06,654 INFO Comparing database entry: parau with Pârâu Sumuleu returned from geonames.
2025-08-19 16:04:06,654 INFO 📄 Index 1 | Name: Pârâu Sumuleu | fcl: P, fcode: PPL | ADM1: Harghita County, ADM2: Comuna Ciumani, ADM3: , ADM4:  | Latitude: 46.68333, Longitude: 25.51667 | Score: 31.40, Population: 0 | Fuzzy match: 33.333333333333336
2025-08-19 16:04:06,654 INFO Comparing database entry: parau with Pârâu Asodului returned from geonames.
2025-08-19 16:04:06,654 INFO 📄 Index 2 | Name: Pârâu Asodului | fcl: P, fcode: PPL | ADM1: Harghita County, ADM2: Comuna Tulgheş, ADM3: , ADM4:  | Latitude: 46.96667, Longitude: 25.7 | Score: 31.40, Population: 0 | Fuzzy match: 31.57894736842105
2025-08-19 16:04:06,654 INFO Comparing database entry: parau with Pârâu de Vale returned from geonames.
2025-08-19 16:04:06,654 INFO 📄 Index 3 | Name: Pârâu de Vale | fcl: P, fcode: PPL | ADM1: Gorj County, ADM2: Comuna Godineşti, ADM3: , ADM4:  | Latitude: 44.97858, Longitude: 22.99757 | Score: 28.42, Population: 288 | Fuzzy match: 33.333333333333336
2025-08-19 16:04:06,787 INFO Comparing database entry: parau with Comuna Pârâu returned from geonames.
2025-08-19 16:04:06,788 INFO 📄 Index 0 | Name: Comuna Pârâu | fcl: A, fcode: ADM2 | ADM1: Brașov County, ADM2: Comuna Pârâu, ADM3: , ADM4:  | Latitude: 45.85139, Longitude: 25.21584 | Score: 43.30, Population: 0 | Fuzzy match: 35.29411764705882
2025-08-19 16:04:06,788 INFO Comparing database entry: parau with Pârâu Sumuleu returned from geonames.
2025-08-19 16:04:06,788 INFO 📄 Index 1 | Name: Pârâu Sumuleu | fcl: P, fcode: PPL | ADM1: Harghita County, ADM2: Comuna Ciumani, ADM3: , ADM4:  | Latitude: 46.68333, Longitude: 25.51667 | Score: 31.40, Population: 0 | Fuzzy match: 33.333333333333336
2025-08-19 16:04:06,788 INFO Comparing database entry: parau with Pârâu Asodului returned from geonames.
2025-08-19 16:04:06,788 INFO 📄 Index 2 | Name: Pârâu Asodului | fcl: P, fcode: PPL | ADM1: Harghita County, ADM2: Comuna Tulgheş, ADM3: , ADM4:  | Latitude: 46.96667, Longitude: 25.7 | Score: 31.40, Population: 0 | Fuzzy match: 31.57894736842105
2025-08-19 16:04:06,788 INFO Comparing database entry: parau with Pârâu de Vale returned from geonames.
2025-08-19 16:04:06,788 INFO 📄 Index 3 | Name: Pârâu de Vale | fcl: P, fcode: PPL | ADM1: Gorj County, ADM2: Comuna Godineşti, ADM3: , ADM4:  | Latitude: 44.97858, Longitude: 22.99757 | Score: 28.42, Population: 288 | Fuzzy match: 33.333333333333336
2025-08-19 16:04:06,788 WARNING ❌ No match found with fuzzy score > 80 for city: parau
2025-08-19 16:04:06,789 WARNING ❌ Lookup failed for city='parau', iso2='RO'
