2025-08-18 21:16:16,774 INFO 🗺️ Starting GeoNames lookup for city='sebes', country='romania'
2025-08-18 21:16:16,774 INFO 📍 Location is present in the following articles: [ObjectId('67f52c53981040986eab789d')]
2025-08-18 21:16:16,972 INFO Comparing database entry: sebes with Municipiul Sebeş returned from geonames.
2025-08-18 21:16:16,972 INFO 📄 Index 0 | Name: Municipiul Sebeş | fcl: A, fcode: ADM2 | ADM1: Alba County, ADM2: Municipiul Sebeş, ADM3: , ADM4:  | Latitude: 45.94237, Longitude: 23.57681 | Score: 42.50, Population: 26490 | Fuzzy match: 38.095238095238095
2025-08-18 21:16:16,972 INFO Comparing database entry: sebes with Sebeş returned from geonames.
2025-08-18 21:16:16,972 INFO 📄 Index 1 | Name: Sebeş | fcl: P, fcode: PPLA2 | ADM1: Alba County, ADM2: Municipiul Sebeş, ADM3: , ADM4:  | Latitude: 45.95646, Longitude: 23.571 | Score: 41.20, Population: 27246 | Fuzzy match: 80.0
2025-08-18 21:16:16,972 INFO Comparing database entry: sebes with Sebeș returned from geonames.
2025-08-18 21:16:16,972 INFO 📄 Index 2 | Name: Sebeș | fcl: P, fcode: PPL | ADM1: Mureș County, ADM2: Comuna Ruşii Munţi, ADM3: , ADM4:  | Latitude: 46.93202, Longitude: 24.86438 | Score: 26.37, Population: 156 | Fuzzy match: 80.0
2025-08-18 21:16:16,972 INFO Comparing database entry: sebes with Răhău returned from geonames.
2025-08-18 21:16:16,972 INFO 📄 Index 3 | Name: Răhău | fcl: P, fcode: PPL | ADM1: Alba County, ADM2: Municipiul Sebeş, ADM3: , ADM4:  | Latitude: 45.90343, Longitude: 23.62264 | Score: 20.97, Population: 920 | Fuzzy match: 0.0
2025-08-18 21:16:17,137 INFO Comparing database entry: sebes with Municipiul Sebeş returned from geonames.
2025-08-18 21:16:17,138 INFO 📄 Index 0 | Name: Municipiul Sebeş | fcl: A, fcode: ADM2 | ADM1: Alba County, ADM2: Municipiul Sebeş, ADM3: , ADM4:  | Latitude: 45.94237, Longitude: 23.57681 | Score: 42.50, Population: 26490 | Fuzzy match: 38.095238095238095
2025-08-18 21:16:17,138 INFO Comparing database entry: sebes with Sebeş returned from geonames.
2025-08-18 21:16:17,138 INFO 📄 Index 1 | Name: Sebeş | fcl: P, fcode: PPLA2 | ADM1: Alba County, ADM2: Municipiul Sebeş, ADM3: , ADM4:  | Latitude: 45.95646, Longitude: 23.571 | Score: 41.20, Population: 27246 | Fuzzy match: 80.0
2025-08-18 21:16:17,138 INFO Comparing database entry: sebes with Sebeș returned from geonames.
2025-08-18 21:16:17,138 INFO 📄 Index 2 | Name: Sebeș | fcl: P, fcode: PPL | ADM1: Mureș County, ADM2: Comuna Ruşii Munţi, ADM3: , ADM4:  | Latitude: 46.93202, Longitude: 24.86438 | Score: 26.37, Population: 156 | Fuzzy match: 80.0
2025-08-18 21:16:17,138 INFO Comparing database entry: sebes with Răhău returned from geonames.
2025-08-18 21:16:17,138 INFO 📄 Index 3 | Name: Răhău | fcl: P, fcode: PPL | ADM1: Alba County, ADM2: Municipiul Sebeş, ADM3: , ADM4:  | Latitude: 45.90343, Longitude: 23.62264 | Score: 20.97, Population: 920 | Fuzzy match: 0.0
2025-08-18 21:16:17,284 INFO Comparing database entry: sebes with Municipiul Sebeş returned from geonames.
2025-08-18 21:16:17,284 INFO 📄 Index 0 | Name: Municipiul Sebeş | fcl: A, fcode: ADM2 | ADM1: Alba County, ADM2: Municipiul Sebeş, ADM3: , ADM4:  | Latitude: 45.94237, Longitude: 23.57681 | Score: 42.50, Population: 26490 | Fuzzy match: 38.095238095238095
2025-08-18 21:16:17,284 INFO Comparing database entry: sebes with Sebeş returned from geonames.
2025-08-18 21:16:17,284 INFO 📄 Index 1 | Name: Sebeş | fcl: P, fcode: PPLA2 | ADM1: Alba County, ADM2: Municipiul Sebeş, ADM3: , ADM4:  | Latitude: 45.95646, Longitude: 23.571 | Score: 41.20, Population: 27246 | Fuzzy match: 80.0
2025-08-18 21:16:17,284 INFO Comparing database entry: sebes with Sebeș returned from geonames.
2025-08-18 21:16:17,284 INFO 📄 Index 2 | Name: Sebeș | fcl: P, fcode: PPL | ADM1: Mureș County, ADM2: Comuna Ruşii Munţi, ADM3: , ADM4:  | Latitude: 46.93202, Longitude: 24.86438 | Score: 26.37, Population: 156 | Fuzzy match: 80.0
2025-08-18 21:16:17,285 INFO Comparing database entry: sebes with Răhău returned from geonames.
2025-08-18 21:16:17,285 INFO 📄 Index 3 | Name: Răhău | fcl: P, fcode: PPL | ADM1: Alba County, ADM2: Municipiul Sebeş, ADM3: , ADM4:  | Latitude: 45.90343, Longitude: 23.62264 | Score: 20.97, Population: 920 | Fuzzy match: 0.0
2025-08-18 21:16:17,441 INFO Comparing database entry: sebes with Municipiul Sebeş returned from geonames.
2025-08-18 21:16:17,442 INFO 📄 Index 0 | Name: Municipiul Sebeş | fcl: A, fcode: ADM2 | ADM1: Alba County, ADM2: Municipiul Sebeş, ADM3: , ADM4:  | Latitude: 45.94237, Longitude: 23.57681 | Score: 42.50, Population: 26490 | Fuzzy match: 38.095238095238095
2025-08-18 21:16:17,442 INFO Comparing database entry: sebes with Sebeş returned from geonames.
2025-08-18 21:16:17,442 INFO 📄 Index 1 | Name: Sebeş | fcl: P, fcode: PPLA2 | ADM1: Alba County, ADM2: Municipiul Sebeş, ADM3: , ADM4:  | Latitude: 45.95646, Longitude: 23.571 | Score: 41.20, Population: 27246 | Fuzzy match: 80.0
2025-08-18 21:16:17,442 INFO Comparing database entry: sebes with Sebeș returned from geonames.
2025-08-18 21:16:17,442 INFO 📄 Index 2 | Name: Sebeș | fcl: P, fcode: PPL | ADM1: Mureș County, ADM2: Comuna Ruşii Munţi, ADM3: , ADM4:  | Latitude: 46.93202, Longitude: 24.86438 | Score: 26.37, Population: 156 | Fuzzy match: 80.0
2025-08-18 21:16:17,442 INFO Comparing database entry: sebes with Răhău returned from geonames.
2025-08-18 21:16:17,442 INFO 📄 Index 3 | Name: Răhău | fcl: P, fcode: PPL | ADM1: Alba County, ADM2: Municipiul Sebeş, ADM3: , ADM4:  | Latitude: 45.90343, Longitude: 23.62264 | Score: 20.97, Population: 920 | Fuzzy match: 0.0
2025-08-18 21:16:17,606 INFO Comparing database entry: sebes with Municipiul Sebeş returned from geonames.
2025-08-18 21:16:17,607 INFO 📄 Index 0 | Name: Municipiul Sebeş | fcl: A, fcode: ADM2 | ADM1: Alba County, ADM2: Municipiul Sebeş, ADM3: , ADM4:  | Latitude: 45.94237, Longitude: 23.57681 | Score: 42.50, Population: 26490 | Fuzzy match: 38.095238095238095
2025-08-18 21:16:17,607 INFO Comparing database entry: sebes with Sebeş returned from geonames.
2025-08-18 21:16:17,607 INFO 📄 Index 1 | Name: Sebeş | fcl: P, fcode: PPLA2 | ADM1: Alba County, ADM2: Municipiul Sebeş, ADM3: , ADM4:  | Latitude: 45.95646, Longitude: 23.571 | Score: 41.20, Population: 27246 | Fuzzy match: 80.0
2025-08-18 21:16:17,607 INFO Comparing database entry: sebes with Sebeș returned from geonames.
2025-08-18 21:16:17,607 INFO 📄 Index 2 | Name: Sebeș | fcl: P, fcode: PPL | ADM1: Mureș County, ADM2: Comuna Ruşii Munţi, ADM3: , ADM4:  | Latitude: 46.93202, Longitude: 24.86438 | Score: 26.37, Population: 156 | Fuzzy match: 80.0
2025-08-18 21:16:17,607 INFO Comparing database entry: sebes with Răhău returned from geonames.
2025-08-18 21:16:17,607 INFO 📄 Index 3 | Name: Răhău | fcl: P, fcode: PPL | ADM1: Alba County, ADM2: Municipiul Sebeş, ADM3: , ADM4:  | Latitude: 45.90343, Longitude: 23.62264 | Score: 20.97, Population: 920 | Fuzzy match: 0.0
2025-08-18 21:16:17,745 INFO Comparing database entry: sebes with Municipiul Sebeş returned from geonames.
2025-08-18 21:16:17,745 INFO 📄 Index 0 | Name: Municipiul Sebeş | fcl: A, fcode: ADM2 | ADM1: Alba County, ADM2: Municipiul Sebeş, ADM3: , ADM4:  | Latitude: 45.94237, Longitude: 23.57681 | Score: 42.50, Population: 26490 | Fuzzy match: 38.095238095238095
2025-08-18 21:16:17,745 INFO Comparing database entry: sebes with Sebeş returned from geonames.
2025-08-18 21:16:17,745 INFO 📄 Index 1 | Name: Sebeş | fcl: P, fcode: PPLA2 | ADM1: Alba County, ADM2: Municipiul Sebeş, ADM3: , ADM4:  | Latitude: 45.95646, Longitude: 23.571 | Score: 41.20, Population: 27246 | Fuzzy match: 80.0
2025-08-18 21:16:17,745 INFO Comparing database entry: sebes with Sebeș returned from geonames.
2025-08-18 21:16:17,745 INFO 📄 Index 2 | Name: Sebeș | fcl: P, fcode: PPL | ADM1: Mureș County, ADM2: Comuna Ruşii Munţi, ADM3: , ADM4:  | Latitude: 46.93202, Longitude: 24.86438 | Score: 26.37, Population: 156 | Fuzzy match: 80.0
2025-08-18 21:16:17,745 INFO Comparing database entry: sebes with Răhău returned from geonames.
2025-08-18 21:16:17,745 INFO 📄 Index 3 | Name: Răhău | fcl: P, fcode: PPL | ADM1: Alba County, ADM2: Municipiul Sebeş, ADM3: , ADM4:  | Latitude: 45.90343, Longitude: 23.62264 | Score: 20.97, Population: 920 | Fuzzy match: 0.0
2025-08-18 21:16:17,746 WARNING ❌ No match found with fuzzy score > 80 for city: sebes
2025-08-18 21:16:17,746 WARNING ❌ Lookup failed for city='sebes', iso2='RO'
