2025-08-19 17:01:41,527 INFO 🗺️ Starting GeoNames lookup for city='dalarna county', country='sweden'
2025-08-19 17:01:41,527 INFO 📍 Location is present in the following articles: [ObjectId('68409c26c202c40b602d358e')]
2025-08-19 17:01:41,693 INFO Comparing database entry: dalarna county with Falun returned from geonames.
2025-08-19 17:01:41,693 INFO 📄 Index 0 | Name: Falun | fcl: P, fcode: PPLA | ADM1: Dalarna, ADM2: Falun Municipality, ADM3: , ADM4:  | Latitude: 60.60357, Longitude: 15.62597 | Score: 83.52, Population: 37291 | Fuzzy match: 31.57894736842105
2025-08-19 17:01:41,693 INFO Comparing database entry: dalarna county with Dalarna returned from geonames.
2025-08-19 17:01:41,693 INFO 📄 Index 1 | Name: Dalarna | fcl: A, fcode: ADM1 | ADM1: Dalarna, ADM2: , ADM3: , ADM4:  | Latitude: 61, Longitude: 14.5 | Score: 73.14, Population: 283814 | Fuzzy match: 66.66666666666667
2025-08-19 17:01:41,693 INFO Comparing database entry: dalarna county with Borlänge returned from geonames.
2025-08-19 17:01:41,693 INFO 📄 Index 2 | Name: Borlänge | fcl: P, fcode: PPLA2 | ADM1: Dalarna, ADM2: Borlänge Municipality, ADM3: , ADM4:  | Latitude: 60.4858, Longitude: 15.43714 | Score: 65.96, Population: 41955 | Fuzzy match: 27.27272727272727
2025-08-19 17:01:41,693 INFO Comparing database entry: dalarna county with Leksand Municipality returned from geonames.
2025-08-19 17:01:41,693 INFO 📄 Index 3 | Name: Leksand Municipality | fcl: A, fcode: ADM2 | ADM1: Dalarna, ADM2: Leksand Municipality, ADM3: , ADM4:  | Latitude: 60.73227, Longitude: 14.99805 | Score: 52.47, Population: 16137 | Fuzzy match: 23.529411764705888
2025-08-19 17:01:41,838 INFO Comparing database entry: dalarna county with Falun returned from geonames.
2025-08-19 17:01:41,838 INFO 📄 Index 0 | Name: Falun | fcl: P, fcode: PPLA | ADM1: Dalarna, ADM2: Falun Municipality, ADM3: , ADM4:  | Latitude: 60.60357, Longitude: 15.62597 | Score: 83.52, Population: 37291 | Fuzzy match: 31.57894736842105
2025-08-19 17:01:41,838 INFO Comparing database entry: dalarna county with Dalarna returned from geonames.
2025-08-19 17:01:41,838 INFO 📄 Index 1 | Name: Dalarna | fcl: A, fcode: ADM1 | ADM1: Dalarna, ADM2: , ADM3: , ADM4:  | Latitude: 61, Longitude: 14.5 | Score: 73.14, Population: 283814 | Fuzzy match: 66.66666666666667
2025-08-19 17:01:41,838 INFO Comparing database entry: dalarna county with Borlänge returned from geonames.
2025-08-19 17:01:41,839 INFO 📄 Index 2 | Name: Borlänge | fcl: P, fcode: PPLA2 | ADM1: Dalarna, ADM2: Borlänge Municipality, ADM3: , ADM4:  | Latitude: 60.4858, Longitude: 15.43714 | Score: 65.96, Population: 41955 | Fuzzy match: 27.27272727272727
2025-08-19 17:01:41,839 INFO Comparing database entry: dalarna county with Leksand Municipality returned from geonames.
2025-08-19 17:01:41,839 INFO 📄 Index 3 | Name: Leksand Municipality | fcl: A, fcode: ADM2 | ADM1: Dalarna, ADM2: Leksand Municipality, ADM3: , ADM4:  | Latitude: 60.73227, Longitude: 14.99805 | Score: 52.47, Population: 16137 | Fuzzy match: 23.529411764705888
2025-08-19 17:01:41,986 INFO Comparing database entry: dalarna county with Falun returned from geonames.
2025-08-19 17:01:41,986 INFO 📄 Index 0 | Name: Falun | fcl: P, fcode: PPLA | ADM1: Dalarna, ADM2: Falun Municipality, ADM3: , ADM4:  | Latitude: 60.60357, Longitude: 15.62597 | Score: 83.52, Population: 37291 | Fuzzy match: 31.57894736842105
2025-08-19 17:01:41,986 INFO Comparing database entry: dalarna county with Dalarna returned from geonames.
2025-08-19 17:01:41,986 INFO 📄 Index 1 | Name: Dalarna | fcl: A, fcode: ADM1 | ADM1: Dalarna, ADM2: , ADM3: , ADM4:  | Latitude: 61, Longitude: 14.5 | Score: 73.14, Population: 283814 | Fuzzy match: 66.66666666666667
2025-08-19 17:01:41,986 INFO Comparing database entry: dalarna county with Borlänge returned from geonames.
2025-08-19 17:01:41,986 INFO 📄 Index 2 | Name: Borlänge | fcl: P, fcode: PPLA2 | ADM1: Dalarna, ADM2: Borlänge Municipality, ADM3: , ADM4:  | Latitude: 60.4858, Longitude: 15.43714 | Score: 65.96, Population: 41955 | Fuzzy match: 27.27272727272727
2025-08-19 17:01:41,986 INFO Comparing database entry: dalarna county with Leksand Municipality returned from geonames.
2025-08-19 17:01:41,986 INFO 📄 Index 3 | Name: Leksand Municipality | fcl: A, fcode: ADM2 | ADM1: Dalarna, ADM2: Leksand Municipality, ADM3: , ADM4:  | Latitude: 60.73227, Longitude: 14.99805 | Score: 52.47, Population: 16137 | Fuzzy match: 23.529411764705888
2025-08-19 17:01:42,148 INFO Comparing database entry: dalarna county with Falun returned from geonames.
2025-08-19 17:01:42,148 INFO 📄 Index 0 | Name: Falun | fcl: P, fcode: PPLA | ADM1: Dalarna, ADM2: Falun Municipality, ADM3: , ADM4:  | Latitude: 60.60357, Longitude: 15.62597 | Score: 83.52, Population: 37291 | Fuzzy match: 31.57894736842105
2025-08-19 17:01:42,148 INFO Comparing database entry: dalarna county with Dalarna returned from geonames.
2025-08-19 17:01:42,149 INFO 📄 Index 1 | Name: Dalarna | fcl: A, fcode: ADM1 | ADM1: Dalarna, ADM2: , ADM3: , ADM4:  | Latitude: 61, Longitude: 14.5 | Score: 73.14, Population: 283814 | Fuzzy match: 66.66666666666667
2025-08-19 17:01:42,149 INFO Comparing database entry: dalarna county with Borlänge returned from geonames.
2025-08-19 17:01:42,149 INFO 📄 Index 2 | Name: Borlänge | fcl: P, fcode: PPLA2 | ADM1: Dalarna, ADM2: Borlänge Municipality, ADM3: , ADM4:  | Latitude: 60.4858, Longitude: 15.43714 | Score: 65.96, Population: 41955 | Fuzzy match: 27.27272727272727
2025-08-19 17:01:42,149 INFO Comparing database entry: dalarna county with Leksand Municipality returned from geonames.
2025-08-19 17:01:42,149 INFO 📄 Index 3 | Name: Leksand Municipality | fcl: A, fcode: ADM2 | ADM1: Dalarna, ADM2: Leksand Municipality, ADM3: , ADM4:  | Latitude: 60.73227, Longitude: 14.99805 | Score: 52.47, Population: 16137 | Fuzzy match: 23.529411764705888
2025-08-19 17:01:42,276 INFO Comparing database entry: dalarna county with Falun returned from geonames.
2025-08-19 17:01:42,276 INFO 📄 Index 0 | Name: Falun | fcl: P, fcode: PPLA | ADM1: Dalarna, ADM2: Falun Municipality, ADM3: , ADM4:  | Latitude: 60.60357, Longitude: 15.62597 | Score: 83.52, Population: 37291 | Fuzzy match: 31.57894736842105
2025-08-19 17:01:42,276 INFO Comparing database entry: dalarna county with Dalarna returned from geonames.
2025-08-19 17:01:42,276 INFO 📄 Index 1 | Name: Dalarna | fcl: A, fcode: ADM1 | ADM1: Dalarna, ADM2: , ADM3: , ADM4:  | Latitude: 61, Longitude: 14.5 | Score: 73.14, Population: 283814 | Fuzzy match: 66.66666666666667
2025-08-19 17:01:42,276 INFO Comparing database entry: dalarna county with Borlänge returned from geonames.
2025-08-19 17:01:42,276 INFO 📄 Index 2 | Name: Borlänge | fcl: P, fcode: PPLA2 | ADM1: Dalarna, ADM2: Borlänge Municipality, ADM3: , ADM4:  | Latitude: 60.4858, Longitude: 15.43714 | Score: 65.96, Population: 41955 | Fuzzy match: 27.27272727272727
2025-08-19 17:01:42,276 INFO Comparing database entry: dalarna county with Leksand Municipality returned from geonames.
2025-08-19 17:01:42,277 INFO 📄 Index 3 | Name: Leksand Municipality | fcl: A, fcode: ADM2 | ADM1: Dalarna, ADM2: Leksand Municipality, ADM3: , ADM4:  | Latitude: 60.73227, Longitude: 14.99805 | Score: 52.47, Population: 16137 | Fuzzy match: 23.529411764705888
2025-08-19 17:01:42,419 INFO Comparing database entry: dalarna county with Falun returned from geonames.
2025-08-19 17:01:42,419 INFO 📄 Index 0 | Name: Falun | fcl: P, fcode: PPLA | ADM1: Dalarna, ADM2: Falun Municipality, ADM3: , ADM4:  | Latitude: 60.60357, Longitude: 15.62597 | Score: 83.52, Population: 37291 | Fuzzy match: 31.57894736842105
2025-08-19 17:01:42,420 INFO Comparing database entry: dalarna county with Dalarna returned from geonames.
2025-08-19 17:01:42,420 INFO 📄 Index 1 | Name: Dalarna | fcl: A, fcode: ADM1 | ADM1: Dalarna, ADM2: , ADM3: , ADM4:  | Latitude: 61, Longitude: 14.5 | Score: 73.14, Population: 283814 | Fuzzy match: 66.66666666666667
2025-08-19 17:01:42,420 INFO Comparing database entry: dalarna county with Borlänge returned from geonames.
2025-08-19 17:01:42,420 INFO 📄 Index 2 | Name: Borlänge | fcl: P, fcode: PPLA2 | ADM1: Dalarna, ADM2: Borlänge Municipality, ADM3: , ADM4:  | Latitude: 60.4858, Longitude: 15.43714 | Score: 65.96, Population: 41955 | Fuzzy match: 27.27272727272727
2025-08-19 17:01:42,420 INFO Comparing database entry: dalarna county with Leksand Municipality returned from geonames.
2025-08-19 17:01:42,420 INFO 📄 Index 3 | Name: Leksand Municipality | fcl: A, fcode: ADM2 | ADM1: Dalarna, ADM2: Leksand Municipality, ADM3: , ADM4:  | Latitude: 60.73227, Longitude: 14.99805 | Score: 52.47, Population: 16137 | Fuzzy match: 23.529411764705888
2025-08-19 17:01:42,420 WARNING ❌ No match found with fuzzy score > 80 for city: dalarna county
2025-08-19 17:01:42,420 WARNING ❌ Lookup failed for city='dalarna_county', iso2='SE'
