2025-08-19 17:04:31,786 INFO 🗺️ Starting GeoNames lookup for city='gävleborg county', country='sweden'
2025-08-19 17:04:31,786 INFO 📍 Location is present in the following articles: [ObjectId('684ebb62f52f96b4e9dd75f3')]
2025-08-19 17:04:31,910 INFO Comparing database entry: gävleborg county with Gävle returned from geonames.
2025-08-19 17:04:31,910 INFO 📄 Index 0 | Name: Gävle | fcl: P, fcode: PPLA | ADM1: Gävleborg, ADM2: Gävle Municipality, ADM3: , ADM4:  | Latitude: 60.67452, Longitude: 17.14174 | Score: 89.33, Population: 74884 | Fuzzy match: 47.61904761904761
2025-08-19 17:04:31,910 INFO Comparing database entry: gävleborg county with Gävleborg returned from geonames.
2025-08-19 17:04:31,910 INFO 📄 Index 1 | Name: Gävleborg | fcl: A, fcode: ADM1 | ADM1: Gävleborg, ADM2: , ADM3: , ADM4:  | Latitude: 61.5, Longitude: 16.25 | Score: 73.94, Population: 285642 | Fuzzy match: 72.0
2025-08-19 17:04:31,910 INFO Comparing database entry: gävleborg county with Sandviken returned from geonames.
2025-08-19 17:04:31,910 INFO 📄 Index 2 | Name: Sandviken | fcl: P, fcode: PPLA2 | ADM1: Gävleborg, ADM2: Sandviken Municipality, ADM3: , ADM4:  | Latitude: 60.61667, Longitude: 16.76667 | Score: 53.02, Population: 24724 | Fuzzy match: 24.0
2025-08-19 17:04:31,910 INFO Comparing database entry: gävleborg county with Ockelbo Municipality returned from geonames.
2025-08-19 17:04:31,910 INFO 📄 Index 3 | Name: Ockelbo Municipality | fcl: A, fcode: ADM2 | ADM1: Gävleborg, ADM2: Ockelbo Municipality, ADM3: , ADM4:  | Latitude: 60.94179, Longitude: 16.57003 | Score: 52.54, Population: 5715 | Fuzzy match: 44.44444444444444
2025-08-19 17:04:32,051 INFO Comparing database entry: gävleborg county with Gävle returned from geonames.
2025-08-19 17:04:32,052 INFO 📄 Index 0 | Name: Gävle | fcl: P, fcode: PPLA | ADM1: Gävleborg, ADM2: Gävle Municipality, ADM3: , ADM4:  | Latitude: 60.67452, Longitude: 17.14174 | Score: 89.33, Population: 74884 | Fuzzy match: 47.61904761904761
2025-08-19 17:04:32,052 INFO Comparing database entry: gävleborg county with Gävleborg returned from geonames.
2025-08-19 17:04:32,052 INFO 📄 Index 1 | Name: Gävleborg | fcl: A, fcode: ADM1 | ADM1: Gävleborg, ADM2: , ADM3: , ADM4:  | Latitude: 61.5, Longitude: 16.25 | Score: 73.94, Population: 285642 | Fuzzy match: 72.0
2025-08-19 17:04:32,052 INFO Comparing database entry: gävleborg county with Sandviken returned from geonames.
2025-08-19 17:04:32,052 INFO 📄 Index 2 | Name: Sandviken | fcl: P, fcode: PPLA2 | ADM1: Gävleborg, ADM2: Sandviken Municipality, ADM3: , ADM4:  | Latitude: 60.61667, Longitude: 16.76667 | Score: 53.02, Population: 24724 | Fuzzy match: 24.0
2025-08-19 17:04:32,052 INFO Comparing database entry: gävleborg county with Ockelbo Municipality returned from geonames.
2025-08-19 17:04:32,052 INFO 📄 Index 3 | Name: Ockelbo Municipality | fcl: A, fcode: ADM2 | ADM1: Gävleborg, ADM2: Ockelbo Municipality, ADM3: , ADM4:  | Latitude: 60.94179, Longitude: 16.57003 | Score: 52.54, Population: 5715 | Fuzzy match: 44.44444444444444
2025-08-19 17:04:32,200 INFO Comparing database entry: gävleborg county with Gävle returned from geonames.
2025-08-19 17:04:32,200 INFO 📄 Index 0 | Name: Gävle | fcl: P, fcode: PPLA | ADM1: Gävleborg, ADM2: Gävle Municipality, ADM3: , ADM4:  | Latitude: 60.67452, Longitude: 17.14174 | Score: 89.33, Population: 74884 | Fuzzy match: 47.61904761904761
2025-08-19 17:04:32,200 INFO Comparing database entry: gävleborg county with Gävleborg returned from geonames.
2025-08-19 17:04:32,200 INFO 📄 Index 1 | Name: Gävleborg | fcl: A, fcode: ADM1 | ADM1: Gävleborg, ADM2: , ADM3: , ADM4:  | Latitude: 61.5, Longitude: 16.25 | Score: 73.94, Population: 285642 | Fuzzy match: 72.0
2025-08-19 17:04:32,200 INFO Comparing database entry: gävleborg county with Sandviken returned from geonames.
2025-08-19 17:04:32,200 INFO 📄 Index 2 | Name: Sandviken | fcl: P, fcode: PPLA2 | ADM1: Gävleborg, ADM2: Sandviken Municipality, ADM3: , ADM4:  | Latitude: 60.61667, Longitude: 16.76667 | Score: 53.02, Population: 24724 | Fuzzy match: 24.0
2025-08-19 17:04:32,200 INFO Comparing database entry: gävleborg county with Ockelbo Municipality returned from geonames.
2025-08-19 17:04:32,200 INFO 📄 Index 3 | Name: Ockelbo Municipality | fcl: A, fcode: ADM2 | ADM1: Gävleborg, ADM2: Ockelbo Municipality, ADM3: , ADM4:  | Latitude: 60.94179, Longitude: 16.57003 | Score: 52.54, Population: 5715 | Fuzzy match: 44.44444444444444
2025-08-19 17:04:32,340 INFO Comparing database entry: gävleborg county with Gävle returned from geonames.
2025-08-19 17:04:32,341 INFO 📄 Index 0 | Name: Gävle | fcl: P, fcode: PPLA | ADM1: Gävleborg, ADM2: Gävle Municipality, ADM3: , ADM4:  | Latitude: 60.67452, Longitude: 17.14174 | Score: 89.33, Population: 74884 | Fuzzy match: 47.61904761904761
2025-08-19 17:04:32,341 INFO Comparing database entry: gävleborg county with Gävleborg returned from geonames.
2025-08-19 17:04:32,341 INFO 📄 Index 1 | Name: Gävleborg | fcl: A, fcode: ADM1 | ADM1: Gävleborg, ADM2: , ADM3: , ADM4:  | Latitude: 61.5, Longitude: 16.25 | Score: 73.94, Population: 285642 | Fuzzy match: 72.0
2025-08-19 17:04:32,341 INFO Comparing database entry: gävleborg county with Sandviken returned from geonames.
2025-08-19 17:04:32,341 INFO 📄 Index 2 | Name: Sandviken | fcl: P, fcode: PPLA2 | ADM1: Gävleborg, ADM2: Sandviken Municipality, ADM3: , ADM4:  | Latitude: 60.61667, Longitude: 16.76667 | Score: 53.02, Population: 24724 | Fuzzy match: 24.0
2025-08-19 17:04:32,341 INFO Comparing database entry: gävleborg county with Ockelbo Municipality returned from geonames.
2025-08-19 17:04:32,341 INFO 📄 Index 3 | Name: Ockelbo Municipality | fcl: A, fcode: ADM2 | ADM1: Gävleborg, ADM2: Ockelbo Municipality, ADM3: , ADM4:  | Latitude: 60.94179, Longitude: 16.57003 | Score: 52.54, Population: 5715 | Fuzzy match: 44.44444444444444
2025-08-19 17:04:32,500 INFO Comparing database entry: gävleborg county with Gävle returned from geonames.
2025-08-19 17:04:32,500 INFO 📄 Index 0 | Name: Gävle | fcl: P, fcode: PPLA | ADM1: Gävleborg, ADM2: Gävle Municipality, ADM3: , ADM4:  | Latitude: 60.67452, Longitude: 17.14174 | Score: 89.33, Population: 74884 | Fuzzy match: 47.61904761904761
2025-08-19 17:04:32,500 INFO Comparing database entry: gävleborg county with Gävleborg returned from geonames.
2025-08-19 17:04:32,500 INFO 📄 Index 1 | Name: Gävleborg | fcl: A, fcode: ADM1 | ADM1: Gävleborg, ADM2: , ADM3: , ADM4:  | Latitude: 61.5, Longitude: 16.25 | Score: 73.94, Population: 285642 | Fuzzy match: 72.0
2025-08-19 17:04:32,500 INFO Comparing database entry: gävleborg county with Sandviken returned from geonames.
2025-08-19 17:04:32,500 INFO 📄 Index 2 | Name: Sandviken | fcl: P, fcode: PPLA2 | ADM1: Gävleborg, ADM2: Sandviken Municipality, ADM3: , ADM4:  | Latitude: 60.61667, Longitude: 16.76667 | Score: 53.02, Population: 24724 | Fuzzy match: 24.0
2025-08-19 17:04:32,500 INFO Comparing database entry: gävleborg county with Ockelbo Municipality returned from geonames.
2025-08-19 17:04:32,500 INFO 📄 Index 3 | Name: Ockelbo Municipality | fcl: A, fcode: ADM2 | ADM1: Gävleborg, ADM2: Ockelbo Municipality, ADM3: , ADM4:  | Latitude: 60.94179, Longitude: 16.57003 | Score: 52.54, Population: 5715 | Fuzzy match: 44.44444444444444
2025-08-19 17:04:32,640 INFO Comparing database entry: gävleborg county with Gävle returned from geonames.
2025-08-19 17:04:32,640 INFO 📄 Index 0 | Name: Gävle | fcl: P, fcode: PPLA | ADM1: Gävleborg, ADM2: Gävle Municipality, ADM3: , ADM4:  | Latitude: 60.67452, Longitude: 17.14174 | Score: 89.33, Population: 74884 | Fuzzy match: 47.61904761904761
2025-08-19 17:04:32,640 INFO Comparing database entry: gävleborg county with Gävleborg returned from geonames.
2025-08-19 17:04:32,640 INFO 📄 Index 1 | Name: Gävleborg | fcl: A, fcode: ADM1 | ADM1: Gävleborg, ADM2: , ADM3: , ADM4:  | Latitude: 61.5, Longitude: 16.25 | Score: 73.94, Population: 285642 | Fuzzy match: 72.0
2025-08-19 17:04:32,640 INFO Comparing database entry: gävleborg county with Sandviken returned from geonames.
2025-08-19 17:04:32,640 INFO 📄 Index 2 | Name: Sandviken | fcl: P, fcode: PPLA2 | ADM1: Gävleborg, ADM2: Sandviken Municipality, ADM3: , ADM4:  | Latitude: 60.61667, Longitude: 16.76667 | Score: 53.02, Population: 24724 | Fuzzy match: 24.0
2025-08-19 17:04:32,640 INFO Comparing database entry: gävleborg county with Ockelbo Municipality returned from geonames.
2025-08-19 17:04:32,640 INFO 📄 Index 3 | Name: Ockelbo Municipality | fcl: A, fcode: ADM2 | ADM1: Gävleborg, ADM2: Ockelbo Municipality, ADM3: , ADM4:  | Latitude: 60.94179, Longitude: 16.57003 | Score: 52.54, Population: 5715 | Fuzzy match: 44.44444444444444
2025-08-19 17:04:32,641 WARNING ❌ No match found with fuzzy score > 80 for city: gävleborg county
2025-08-19 17:04:32,641 WARNING ❌ Lookup failed for city='gävleborg_county', iso2='SE'
