2025-08-17 12:51:08,247 INFO 🗺️ Starting GeoNames lookup for city='göteborg', country='sweden'
2025-08-17 12:51:08,247 INFO 📍 Location is present in the following articles: [ObjectId('67f52a93981040986eab71a6')]
2025-08-17 12:51:08,433 INFO Comparing database entry: göteborg with Gothenburg returned from geonames.
2025-08-17 12:51:08,433 INFO 📄 Index 0 | Name: Gothenburg | fcl: P, fcode: PPLA | ADM1: Västra Götaland, ADM2: Gothenburg Municipality, ADM3: , ADM4:  | Score: 97.33, Population: 608462 | Fuzzy match: 66.66666666666667
2025-08-17 12:51:08,433 INFO Comparing database entry: göteborg with Gothenburg Municipality returned from geonames.
2025-08-17 12:51:08,433 INFO 📄 Index 1 | Name: Gothenburg Municipality | fcl: A, fcode: ADM2 | ADM1: Västra Götaland, ADM2: Gothenburg Municipality, ADM3: , ADM4:  | Score: 37.51, Population: 600559 | Fuzzy match: 38.70967741935484
2025-08-17 12:51:08,434 INFO Comparing database entry: göteborg with Majorna returned from geonames.
2025-08-17 12:51:08,434 INFO 📄 Index 2 | Name: Majorna | fcl: P, fcode: PPLX | ADM1: Västra Götaland, ADM2: Gothenburg Municipality, ADM3: , ADM4:  | Score: 29.73, Population: 29254 | Fuzzy match: 26.66666666666667
2025-08-17 12:51:08,434 INFO Comparing database entry: göteborg with Västra Frölunda returned from geonames.
2025-08-17 12:51:08,434 INFO 📄 Index 3 | Name: Västra Frölunda | fcl: P, fcode: PPL | ADM1: Västra Götaland, ADM2: Gothenburg Municipality, ADM3: , ADM4:  | Score: 28.91, Population: 15924 | Fuzzy match: 26.086956521739136
2025-08-17 12:51:08,594 INFO Comparing database entry: göteborg with Gothenburg returned from geonames.
2025-08-17 12:51:08,595 INFO 📄 Index 0 | Name: Gothenburg | fcl: P, fcode: PPLA | ADM1: Västra Götaland, ADM2: Gothenburg Municipality, ADM3: , ADM4:  | Score: 97.33, Population: 608462 | Fuzzy match: 66.66666666666667
2025-08-17 12:51:08,595 INFO Comparing database entry: göteborg with Gothenburg Municipality returned from geonames.
2025-08-17 12:51:08,595 INFO 📄 Index 1 | Name: Gothenburg Municipality | fcl: A, fcode: ADM2 | ADM1: Västra Götaland, ADM2: Gothenburg Municipality, ADM3: , ADM4:  | Score: 37.51, Population: 600559 | Fuzzy match: 38.70967741935484
2025-08-17 12:51:08,595 INFO Comparing database entry: göteborg with Majorna returned from geonames.
2025-08-17 12:51:08,595 INFO 📄 Index 2 | Name: Majorna | fcl: P, fcode: PPLX | ADM1: Västra Götaland, ADM2: Gothenburg Municipality, ADM3: , ADM4:  | Score: 29.73, Population: 29254 | Fuzzy match: 26.66666666666667
2025-08-17 12:51:08,595 INFO Comparing database entry: göteborg with Västra Frölunda returned from geonames.
2025-08-17 12:51:08,595 INFO 📄 Index 3 | Name: Västra Frölunda | fcl: P, fcode: PPL | ADM1: Västra Götaland, ADM2: Gothenburg Municipality, ADM3: , ADM4:  | Score: 28.91, Population: 15924 | Fuzzy match: 26.086956521739136
2025-08-17 12:51:08,764 INFO Comparing database entry: göteborg with Gothenburg returned from geonames.
2025-08-17 12:51:08,764 INFO 📄 Index 0 | Name: Gothenburg | fcl: P, fcode: PPLA | ADM1: Västra Götaland, ADM2: Gothenburg Municipality, ADM3: , ADM4:  | Score: 97.33, Population: 608462 | Fuzzy match: 66.66666666666667
2025-08-17 12:51:08,764 INFO Comparing database entry: göteborg with Gothenburg Municipality returned from geonames.
2025-08-17 12:51:08,764 INFO 📄 Index 1 | Name: Gothenburg Municipality | fcl: A, fcode: ADM2 | ADM1: Västra Götaland, ADM2: Gothenburg Municipality, ADM3: , ADM4:  | Score: 37.51, Population: 600559 | Fuzzy match: 38.70967741935484
2025-08-17 12:51:08,764 INFO Comparing database entry: göteborg with Majorna returned from geonames.
2025-08-17 12:51:08,764 INFO 📄 Index 2 | Name: Majorna | fcl: P, fcode: PPLX | ADM1: Västra Götaland, ADM2: Gothenburg Municipality, ADM3: , ADM4:  | Score: 29.73, Population: 29254 | Fuzzy match: 26.66666666666667
2025-08-17 12:51:08,764 INFO Comparing database entry: göteborg with Västra Frölunda returned from geonames.
2025-08-17 12:51:08,764 INFO 📄 Index 3 | Name: Västra Frölunda | fcl: P, fcode: PPL | ADM1: Västra Götaland, ADM2: Gothenburg Municipality, ADM3: , ADM4:  | Score: 28.91, Population: 15924 | Fuzzy match: 26.086956521739136
2025-08-17 12:51:08,896 INFO Comparing database entry: göteborg with Gothenburg returned from geonames.
2025-08-17 12:51:08,897 INFO 📄 Index 0 | Name: Gothenburg | fcl: P, fcode: PPLA | ADM1: Västra Götaland, ADM2: Gothenburg Municipality, ADM3: , ADM4:  | Score: 97.33, Population: 608462 | Fuzzy match: 66.66666666666667
2025-08-17 12:51:08,897 INFO Comparing database entry: göteborg with Gothenburg Municipality returned from geonames.
2025-08-17 12:51:08,897 INFO 📄 Index 1 | Name: Gothenburg Municipality | fcl: A, fcode: ADM2 | ADM1: Västra Götaland, ADM2: Gothenburg Municipality, ADM3: , ADM4:  | Score: 37.51, Population: 600559 | Fuzzy match: 38.70967741935484
2025-08-17 12:51:08,897 INFO Comparing database entry: göteborg with Majorna returned from geonames.
2025-08-17 12:51:08,897 INFO 📄 Index 2 | Name: Majorna | fcl: P, fcode: PPLX | ADM1: Västra Götaland, ADM2: Gothenburg Municipality, ADM3: , ADM4:  | Score: 29.73, Population: 29254 | Fuzzy match: 26.66666666666667
2025-08-17 12:51:08,897 INFO Comparing database entry: göteborg with Västra Frölunda returned from geonames.
2025-08-17 12:51:08,897 INFO 📄 Index 3 | Name: Västra Frölunda | fcl: P, fcode: PPL | ADM1: Västra Götaland, ADM2: Gothenburg Municipality, ADM3: , ADM4:  | Score: 28.91, Population: 15924 | Fuzzy match: 26.086956521739136
2025-08-17 12:51:09,037 INFO Comparing database entry: göteborg with Gothenburg returned from geonames.
2025-08-17 12:51:09,038 INFO 📄 Index 0 | Name: Gothenburg | fcl: P, fcode: PPLA | ADM1: Västra Götaland, ADM2: Gothenburg Municipality, ADM3: , ADM4:  | Score: 97.33, Population: 608462 | Fuzzy match: 66.66666666666667
2025-08-17 12:51:09,038 INFO Comparing database entry: göteborg with Gothenburg Municipality returned from geonames.
2025-08-17 12:51:09,038 INFO 📄 Index 1 | Name: Gothenburg Municipality | fcl: A, fcode: ADM2 | ADM1: Västra Götaland, ADM2: Gothenburg Municipality, ADM3: , ADM4:  | Score: 37.51, Population: 600559 | Fuzzy match: 38.70967741935484
2025-08-17 12:51:09,038 INFO Comparing database entry: göteborg with Majorna returned from geonames.
2025-08-17 12:51:09,038 INFO 📄 Index 2 | Name: Majorna | fcl: P, fcode: PPLX | ADM1: Västra Götaland, ADM2: Gothenburg Municipality, ADM3: , ADM4:  | Score: 29.73, Population: 29254 | Fuzzy match: 26.66666666666667
2025-08-17 12:51:09,038 INFO Comparing database entry: göteborg with Västra Frölunda returned from geonames.
2025-08-17 12:51:09,038 INFO 📄 Index 3 | Name: Västra Frölunda | fcl: P, fcode: PPL | ADM1: Västra Götaland, ADM2: Gothenburg Municipality, ADM3: , ADM4:  | Score: 28.91, Population: 15924 | Fuzzy match: 26.086956521739136
2025-08-17 12:51:09,182 INFO Comparing database entry: göteborg with Gothenburg returned from geonames.
2025-08-17 12:51:09,183 INFO 📄 Index 0 | Name: Gothenburg | fcl: P, fcode: PPLA | ADM1: Västra Götaland, ADM2: Gothenburg Municipality, ADM3: , ADM4:  | Score: 97.33, Population: 608462 | Fuzzy match: 66.66666666666667
2025-08-17 12:51:09,183 INFO Comparing database entry: göteborg with Gothenburg Municipality returned from geonames.
2025-08-17 12:51:09,183 INFO 📄 Index 1 | Name: Gothenburg Municipality | fcl: A, fcode: ADM2 | ADM1: Västra Götaland, ADM2: Gothenburg Municipality, ADM3: , ADM4:  | Score: 37.51, Population: 600559 | Fuzzy match: 38.70967741935484
2025-08-17 12:51:09,183 INFO Comparing database entry: göteborg with Majorna returned from geonames.
2025-08-17 12:51:09,183 INFO 📄 Index 2 | Name: Majorna | fcl: P, fcode: PPLX | ADM1: Västra Götaland, ADM2: Gothenburg Municipality, ADM3: , ADM4:  | Score: 29.73, Population: 29254 | Fuzzy match: 26.66666666666667
2025-08-17 12:51:09,183 INFO Comparing database entry: göteborg with Västra Frölunda returned from geonames.
2025-08-17 12:51:09,183 INFO 📄 Index 3 | Name: Västra Frölunda | fcl: P, fcode: PPL | ADM1: Västra Götaland, ADM2: Gothenburg Municipality, ADM3: , ADM4:  | Score: 28.91, Population: 15924 | Fuzzy match: 26.086956521739136
2025-08-17 12:51:09,183 WARNING ❌ No match found with fuzzy score > 80 for city: göteborg
2025-08-17 12:51:09,184 WARNING ❌ Lookup failed for city='göteborg', iso2='SE'
