2025-08-17 15:40:55,917 INFO 🗺️ Starting GeoNames lookup for city='malmö', country='sweden'
2025-08-17 15:40:55,917 INFO 📍 Location is present in the following articles: [ObjectId('67fa61fe38fb90ab92f8c05a')]
2025-08-17 15:40:56,081 INFO Comparing database entry: malmö with Malmo returned from geonames.
2025-08-17 15:40:56,081 INFO 📄 Index 0 | Name: Malmo | fcl: P, fcode: PPLA | ADM1: Skåne, ADM2: Malmö Municipality, ADM3: , ADM4:  | Score: 117.74, Population: 362133 | Fuzzy match: 80.0
2025-08-17 15:40:56,081 INFO Comparing database entry: malmö with Malmö Municipality returned from geonames.
2025-08-17 15:40:56,081 INFO 📄 Index 1 | Name: Malmö Municipality | fcl: A, fcode: ADM2 | ADM1: Skåne, ADM2: Malmö Municipality, ADM3: , ADM4:  | Score: 55.73, Population: 365644 | Fuzzy match: 43.47826086956522
2025-08-17 15:40:56,081 INFO Comparing database entry: malmö with Bunkeflostrand returned from geonames.
2025-08-17 15:40:56,081 INFO 📄 Index 2 | Name: Bunkeflostrand | fcl: P, fcode: PPL | ADM1: Skåne, ADM2: Malmö Municipality, ADM3: , ADM4:  | Score: 45.27, Population: 13048 | Fuzzy match: 10.526315789473683
2025-08-17 15:40:56,081 INFO Comparing database entry: malmö with Tygelsjö returned from geonames.
2025-08-17 15:40:56,081 INFO 📄 Index 3 | Name: Tygelsjö | fcl: P, fcode: PPL | ADM1: Skåne, ADM2: Malmö Municipality, ADM3: , ADM4:  | Score: 38.38, Population: 3420 | Fuzzy match: 30.76923076923077
2025-08-17 15:40:56,251 INFO Comparing database entry: malmö with Malmo returned from geonames.
2025-08-17 15:40:56,252 INFO 📄 Index 0 | Name: Malmo | fcl: P, fcode: PPLA | ADM1: Skåne, ADM2: Malmö Municipality, ADM3: , ADM4:  | Score: 117.74, Population: 362133 | Fuzzy match: 80.0
2025-08-17 15:40:56,252 INFO Comparing database entry: malmö with Malmö Municipality returned from geonames.
2025-08-17 15:40:56,252 INFO 📄 Index 1 | Name: Malmö Municipality | fcl: A, fcode: ADM2 | ADM1: Skåne, ADM2: Malmö Municipality, ADM3: , ADM4:  | Score: 55.73, Population: 365644 | Fuzzy match: 43.47826086956522
2025-08-17 15:40:56,252 INFO Comparing database entry: malmö with Bunkeflostrand returned from geonames.
2025-08-17 15:40:56,252 INFO 📄 Index 2 | Name: Bunkeflostrand | fcl: P, fcode: PPL | ADM1: Skåne, ADM2: Malmö Municipality, ADM3: , ADM4:  | Score: 45.27, Population: 13048 | Fuzzy match: 10.526315789473683
2025-08-17 15:40:56,252 INFO Comparing database entry: malmö with Tygelsjö returned from geonames.
2025-08-17 15:40:56,252 INFO 📄 Index 3 | Name: Tygelsjö | fcl: P, fcode: PPL | ADM1: Skåne, ADM2: Malmö Municipality, ADM3: , ADM4:  | Score: 38.38, Population: 3420 | Fuzzy match: 30.76923076923077
2025-08-17 15:40:56,418 INFO Comparing database entry: malmö with Malmo returned from geonames.
2025-08-17 15:40:56,418 INFO 📄 Index 0 | Name: Malmo | fcl: P, fcode: PPLA | ADM1: Skåne, ADM2: Malmö Municipality, ADM3: , ADM4:  | Score: 117.74, Population: 362133 | Fuzzy match: 80.0
2025-08-17 15:40:56,418 INFO Comparing database entry: malmö with Malmö Municipality returned from geonames.
2025-08-17 15:40:56,418 INFO 📄 Index 1 | Name: Malmö Municipality | fcl: A, fcode: ADM2 | ADM1: Skåne, ADM2: Malmö Municipality, ADM3: , ADM4:  | Score: 55.73, Population: 365644 | Fuzzy match: 43.47826086956522
2025-08-17 15:40:56,418 INFO Comparing database entry: malmö with Bunkeflostrand returned from geonames.
2025-08-17 15:40:56,418 INFO 📄 Index 2 | Name: Bunkeflostrand | fcl: P, fcode: PPL | ADM1: Skåne, ADM2: Malmö Municipality, ADM3: , ADM4:  | Score: 45.27, Population: 13048 | Fuzzy match: 10.526315789473683
2025-08-17 15:40:56,418 INFO Comparing database entry: malmö with Tygelsjö returned from geonames.
2025-08-17 15:40:56,418 INFO 📄 Index 3 | Name: Tygelsjö | fcl: P, fcode: PPL | ADM1: Skåne, ADM2: Malmö Municipality, ADM3: , ADM4:  | Score: 38.38, Population: 3420 | Fuzzy match: 30.76923076923077
2025-08-17 15:40:56,574 INFO Comparing database entry: malmö with Malmo returned from geonames.
2025-08-17 15:40:56,574 INFO 📄 Index 0 | Name: Malmo | fcl: P, fcode: PPLA | ADM1: Skåne, ADM2: Malmö Municipality, ADM3: , ADM4:  | Score: 117.74, Population: 362133 | Fuzzy match: 80.0
2025-08-17 15:40:56,574 INFO Comparing database entry: malmö with Malmö Municipality returned from geonames.
2025-08-17 15:40:56,574 INFO 📄 Index 1 | Name: Malmö Municipality | fcl: A, fcode: ADM2 | ADM1: Skåne, ADM2: Malmö Municipality, ADM3: , ADM4:  | Score: 55.73, Population: 365644 | Fuzzy match: 43.47826086956522
2025-08-17 15:40:56,574 INFO Comparing database entry: malmö with Bunkeflostrand returned from geonames.
2025-08-17 15:40:56,574 INFO 📄 Index 2 | Name: Bunkeflostrand | fcl: P, fcode: PPL | ADM1: Skåne, ADM2: Malmö Municipality, ADM3: , ADM4:  | Score: 45.27, Population: 13048 | Fuzzy match: 10.526315789473683
2025-08-17 15:40:56,574 INFO Comparing database entry: malmö with Tygelsjö returned from geonames.
2025-08-17 15:40:56,574 INFO 📄 Index 3 | Name: Tygelsjö | fcl: P, fcode: PPL | ADM1: Skåne, ADM2: Malmö Municipality, ADM3: , ADM4:  | Score: 38.38, Population: 3420 | Fuzzy match: 30.76923076923077
2025-08-17 15:40:56,747 INFO Comparing database entry: malmö with Malmo returned from geonames.
2025-08-17 15:40:56,747 INFO 📄 Index 0 | Name: Malmo | fcl: P, fcode: PPLA | ADM1: Skåne, ADM2: Malmö Municipality, ADM3: , ADM4:  | Score: 117.74, Population: 362133 | Fuzzy match: 80.0
2025-08-17 15:40:56,748 INFO Comparing database entry: malmö with Malmö Municipality returned from geonames.
2025-08-17 15:40:56,748 INFO 📄 Index 1 | Name: Malmö Municipality | fcl: A, fcode: ADM2 | ADM1: Skåne, ADM2: Malmö Municipality, ADM3: , ADM4:  | Score: 55.73, Population: 365644 | Fuzzy match: 43.47826086956522
2025-08-17 15:40:56,748 INFO Comparing database entry: malmö with Bunkeflostrand returned from geonames.
2025-08-17 15:40:56,748 INFO 📄 Index 2 | Name: Bunkeflostrand | fcl: P, fcode: PPL | ADM1: Skåne, ADM2: Malmö Municipality, ADM3: , ADM4:  | Score: 45.27, Population: 13048 | Fuzzy match: 10.526315789473683
2025-08-17 15:40:56,748 INFO Comparing database entry: malmö with Tygelsjö returned from geonames.
2025-08-17 15:40:56,748 INFO 📄 Index 3 | Name: Tygelsjö | fcl: P, fcode: PPL | ADM1: Skåne, ADM2: Malmö Municipality, ADM3: , ADM4:  | Score: 38.38, Population: 3420 | Fuzzy match: 30.76923076923077
2025-08-17 15:40:56,919 INFO Comparing database entry: malmö with Malmo returned from geonames.
2025-08-17 15:40:56,919 INFO 📄 Index 0 | Name: Malmo | fcl: P, fcode: PPLA | ADM1: Skåne, ADM2: Malmö Municipality, ADM3: , ADM4:  | Score: 117.74, Population: 362133 | Fuzzy match: 80.0
2025-08-17 15:40:56,919 INFO Comparing database entry: malmö with Malmö Municipality returned from geonames.
2025-08-17 15:40:56,920 INFO 📄 Index 1 | Name: Malmö Municipality | fcl: A, fcode: ADM2 | ADM1: Skåne, ADM2: Malmö Municipality, ADM3: , ADM4:  | Score: 55.73, Population: 365644 | Fuzzy match: 43.47826086956522
2025-08-17 15:40:56,920 INFO Comparing database entry: malmö with Bunkeflostrand returned from geonames.
2025-08-17 15:40:56,920 INFO 📄 Index 2 | Name: Bunkeflostrand | fcl: P, fcode: PPL | ADM1: Skåne, ADM2: Malmö Municipality, ADM3: , ADM4:  | Score: 45.27, Population: 13048 | Fuzzy match: 10.526315789473683
2025-08-17 15:40:56,920 INFO Comparing database entry: malmö with Tygelsjö returned from geonames.
2025-08-17 15:40:56,920 INFO 📄 Index 3 | Name: Tygelsjö | fcl: P, fcode: PPL | ADM1: Skåne, ADM2: Malmö Municipality, ADM3: , ADM4:  | Score: 38.38, Population: 3420 | Fuzzy match: 30.76923076923077
2025-08-17 15:40:56,920 WARNING ❌ No match found with fuzzy score > 80 for city: malmö
2025-08-17 15:40:56,920 WARNING ❌ Lookup failed for city='malmö', iso2='SE'
