2025-08-17 15:15:52,373 INFO 🗺️ Starting GeoNames lookup for city='northern sweden', country='sweden'
2025-08-17 15:15:52,373 INFO 📍 Location is present in the following articles: [ObjectId('67f52c7c981040986eab7942')]
2025-08-17 15:15:52,795 INFO Comparing database entry: northern sweden with Sweden returned from geonames.
2025-08-17 15:15:52,795 INFO 📄 Index 0 | Name: Sweden | fcl: A, fcode: PCLI | ADM1: , ADM2: , ADM3: , ADM4:  | Score: 203.31, Population: 10183175 | Fuzzy match: 57.14285714285714
2025-08-17 15:15:52,795 INFO Comparing database entry: northern sweden with Stockholm returned from geonames.
2025-08-17 15:15:52,795 INFO 📄 Index 1 | Name: Stockholm | fcl: P, fcode: PPLC | ADM1: Stockholm, ADM2: Stockholm Municipality, ADM3: , ADM4:  | Score: 158.97, Population: 1515017 | Fuzzy match: 16.666666666666664
2025-08-17 15:15:52,795 INFO Comparing database entry: northern sweden with Örebro returned from geonames.
2025-08-17 15:15:52,795 INFO 📄 Index 2 | Name: Örebro | fcl: P, fcode: PPLA | ADM1: Örebro, ADM2: Örebro Municipality, ADM3: , ADM4:  | Score: 113.95, Population: 155989 | Fuzzy match: 28.57142857142857
2025-08-17 15:15:52,795 INFO Comparing database entry: northern sweden with Uppsala returned from geonames.
2025-08-17 15:15:52,795 INFO 📄 Index 3 | Name: Uppsala | fcl: P, fcode: PPLA | ADM1: Uppsala, ADM2: Uppsala Municipality, ADM3: Uppsala domkyrkoförs., ADM4: Uppsala | Score: 111.68, Population: 177074 | Fuzzy match: 9.090909090909093
2025-08-17 15:15:53,063 INFO Comparing database entry: northern sweden with Sweden returned from geonames.
2025-08-17 15:15:53,063 INFO 📄 Index 0 | Name: Sweden | fcl: A, fcode: PCLI | ADM1: , ADM2: , ADM3: , ADM4:  | Score: 203.31, Population: 10183175 | Fuzzy match: 57.14285714285714
2025-08-17 15:15:53,063 INFO Comparing database entry: northern sweden with Stockholm returned from geonames.
2025-08-17 15:15:53,064 INFO 📄 Index 1 | Name: Stockholm | fcl: P, fcode: PPLC | ADM1: Stockholm, ADM2: Stockholm Municipality, ADM3: , ADM4:  | Score: 158.97, Population: 1515017 | Fuzzy match: 16.666666666666664
2025-08-17 15:15:53,064 INFO Comparing database entry: northern sweden with Örebro returned from geonames.
2025-08-17 15:15:53,064 INFO 📄 Index 2 | Name: Örebro | fcl: P, fcode: PPLA | ADM1: Örebro, ADM2: Örebro Municipality, ADM3: , ADM4:  | Score: 113.95, Population: 155989 | Fuzzy match: 28.57142857142857
2025-08-17 15:15:53,064 INFO Comparing database entry: northern sweden with Uppsala returned from geonames.
2025-08-17 15:15:53,064 INFO 📄 Index 3 | Name: Uppsala | fcl: P, fcode: PPLA | ADM1: Uppsala, ADM2: Uppsala Municipality, ADM3: Uppsala domkyrkoförs., ADM4: Uppsala | Score: 111.68, Population: 177074 | Fuzzy match: 9.090909090909093
2025-08-17 15:15:53,290 INFO Comparing database entry: northern sweden with Sweden returned from geonames.
2025-08-17 15:15:53,290 INFO 📄 Index 0 | Name: Sweden | fcl: A, fcode: PCLI | ADM1: , ADM2: , ADM3: , ADM4:  | Score: 203.31, Population: 10183175 | Fuzzy match: 57.14285714285714
2025-08-17 15:15:53,291 INFO Comparing database entry: northern sweden with Stockholm returned from geonames.
2025-08-17 15:15:53,291 INFO 📄 Index 1 | Name: Stockholm | fcl: P, fcode: PPLC | ADM1: Stockholm, ADM2: Stockholm Municipality, ADM3: , ADM4:  | Score: 158.97, Population: 1515017 | Fuzzy match: 16.666666666666664
2025-08-17 15:15:53,291 INFO Comparing database entry: northern sweden with Örebro returned from geonames.
2025-08-17 15:15:53,291 INFO 📄 Index 2 | Name: Örebro | fcl: P, fcode: PPLA | ADM1: Örebro, ADM2: Örebro Municipality, ADM3: , ADM4:  | Score: 113.95, Population: 155989 | Fuzzy match: 28.57142857142857
2025-08-17 15:15:53,291 INFO Comparing database entry: northern sweden with Uppsala returned from geonames.
2025-08-17 15:15:53,291 INFO 📄 Index 3 | Name: Uppsala | fcl: P, fcode: PPLA | ADM1: Uppsala, ADM2: Uppsala Municipality, ADM3: Uppsala domkyrkoförs., ADM4: Uppsala | Score: 111.68, Population: 177074 | Fuzzy match: 9.090909090909093
2025-08-17 15:15:53,504 INFO Comparing database entry: northern sweden with Sweden returned from geonames.
2025-08-17 15:15:53,504 INFO 📄 Index 0 | Name: Sweden | fcl: A, fcode: PCLI | ADM1: , ADM2: , ADM3: , ADM4:  | Score: 203.31, Population: 10183175 | Fuzzy match: 57.14285714285714
2025-08-17 15:15:53,505 INFO Comparing database entry: northern sweden with Stockholm returned from geonames.
2025-08-17 15:15:53,505 INFO 📄 Index 1 | Name: Stockholm | fcl: P, fcode: PPLC | ADM1: Stockholm, ADM2: Stockholm Municipality, ADM3: , ADM4:  | Score: 158.97, Population: 1515017 | Fuzzy match: 16.666666666666664
2025-08-17 15:15:53,505 INFO Comparing database entry: northern sweden with Örebro returned from geonames.
2025-08-17 15:15:53,505 INFO 📄 Index 2 | Name: Örebro | fcl: P, fcode: PPLA | ADM1: Örebro, ADM2: Örebro Municipality, ADM3: , ADM4:  | Score: 113.95, Population: 155989 | Fuzzy match: 28.57142857142857
2025-08-17 15:15:53,505 INFO Comparing database entry: northern sweden with Uppsala returned from geonames.
2025-08-17 15:15:53,505 INFO 📄 Index 3 | Name: Uppsala | fcl: P, fcode: PPLA | ADM1: Uppsala, ADM2: Uppsala Municipality, ADM3: Uppsala domkyrkoförs., ADM4: Uppsala | Score: 111.68, Population: 177074 | Fuzzy match: 9.090909090909093
2025-08-17 15:15:53,702 INFO Comparing database entry: northern sweden with Sweden returned from geonames.
2025-08-17 15:15:53,702 INFO 📄 Index 0 | Name: Sweden | fcl: A, fcode: PCLI | ADM1: , ADM2: , ADM3: , ADM4:  | Score: 203.31, Population: 10183175 | Fuzzy match: 57.14285714285714
2025-08-17 15:15:53,702 INFO Comparing database entry: northern sweden with Stockholm returned from geonames.
2025-08-17 15:15:53,702 INFO 📄 Index 1 | Name: Stockholm | fcl: P, fcode: PPLC | ADM1: Stockholm, ADM2: Stockholm Municipality, ADM3: , ADM4:  | Score: 158.97, Population: 1515017 | Fuzzy match: 16.666666666666664
2025-08-17 15:15:53,702 INFO Comparing database entry: northern sweden with Örebro returned from geonames.
2025-08-17 15:15:53,702 INFO 📄 Index 2 | Name: Örebro | fcl: P, fcode: PPLA | ADM1: Örebro, ADM2: Örebro Municipality, ADM3: , ADM4:  | Score: 113.95, Population: 155989 | Fuzzy match: 28.57142857142857
2025-08-17 15:15:53,702 INFO Comparing database entry: northern sweden with Uppsala returned from geonames.
2025-08-17 15:15:53,702 INFO 📄 Index 3 | Name: Uppsala | fcl: P, fcode: PPLA | ADM1: Uppsala, ADM2: Uppsala Municipality, ADM3: Uppsala domkyrkoförs., ADM4: Uppsala | Score: 111.68, Population: 177074 | Fuzzy match: 9.090909090909093
2025-08-17 15:15:53,906 INFO Comparing database entry: northern sweden with Sweden returned from geonames.
2025-08-17 15:15:53,907 INFO 📄 Index 0 | Name: Sweden | fcl: A, fcode: PCLI | ADM1: , ADM2: , ADM3: , ADM4:  | Score: 203.31, Population: 10183175 | Fuzzy match: 57.14285714285714
2025-08-17 15:15:53,907 INFO Comparing database entry: northern sweden with Stockholm returned from geonames.
2025-08-17 15:15:53,907 INFO 📄 Index 1 | Name: Stockholm | fcl: P, fcode: PPLC | ADM1: Stockholm, ADM2: Stockholm Municipality, ADM3: , ADM4:  | Score: 158.97, Population: 1515017 | Fuzzy match: 16.666666666666664
2025-08-17 15:15:53,907 INFO Comparing database entry: northern sweden with Örebro returned from geonames.
2025-08-17 15:15:53,907 INFO 📄 Index 2 | Name: Örebro | fcl: P, fcode: PPLA | ADM1: Örebro, ADM2: Örebro Municipality, ADM3: , ADM4:  | Score: 113.95, Population: 155989 | Fuzzy match: 28.57142857142857
2025-08-17 15:15:53,907 INFO Comparing database entry: northern sweden with Uppsala returned from geonames.
2025-08-17 15:15:53,907 INFO 📄 Index 3 | Name: Uppsala | fcl: P, fcode: PPLA | ADM1: Uppsala, ADM2: Uppsala Municipality, ADM3: Uppsala domkyrkoförs., ADM4: Uppsala | Score: 111.68, Population: 177074 | Fuzzy match: 9.090909090909093
2025-08-17 15:15:53,907 WARNING ❌ No match found with fuzzy score > 80 for city: northern sweden
2025-08-17 15:15:53,907 WARNING ❌ Lookup failed for city='northern_sweden', iso2='SE'
