2025-08-19 17:04:32,642 INFO 🗺️ Starting GeoNames lookup for city='uppsala county', country='sweden'
2025-08-19 17:04:32,642 INFO 📍 Location is present in the following articles: [ObjectId('6840a279c202c40b602d38ae')]
2025-08-19 17:04:32,794 INFO Comparing database entry: uppsala county with Uppsala returned from geonames.
2025-08-19 17:04:32,794 INFO 📄 Index 0 | Name: Uppsala | fcl: P, fcode: PPLA | ADM1: Uppsala, ADM2: Uppsala Municipality, ADM3: Uppsala domkyrkoförs., ADM4: Uppsala | Latitude: 59.85882, Longitude: 17.63889 | Score: 178.22, Population: 177074 | Fuzzy match: 66.66666666666667
2025-08-19 17:04:32,794 INFO Comparing database entry: uppsala county with Uppsala returned from geonames.
2025-08-19 17:04:32,794 INFO 📄 Index 1 | Name: Uppsala | fcl: A, fcode: ADM1 | ADM1: Uppsala, ADM2: , ADM3: , ADM4:  | Latitude: 60, Longitude: 17.75 | Score: 67.98, Population: 404589 | Fuzzy match: 66.66666666666667
2025-08-19 17:04:32,794 INFO Comparing database entry: uppsala county with Uppsala Municipality returned from geonames.
2025-08-19 17:04:32,794 INFO 📄 Index 2 | Name: Uppsala Municipality | fcl: A, fcode: ADM2 | ADM1: Uppsala, ADM2: Uppsala Municipality, ADM3: , ADM4:  | Latitude: 59.96425, Longitude: 17.77395 | Score: 53.72, Population: 248016 | Fuzzy match: 70.58823529411764
2025-08-19 17:04:32,794 INFO Comparing database entry: uppsala county with Gamla Uppsala returned from geonames.
2025-08-19 17:04:32,795 INFO 📄 Index 3 | Name: Gamla Uppsala | fcl: P, fcode: PPLX | ADM1: Uppsala, ADM2: Uppsala Municipality, ADM3: Uppsala domkyrkoförs., ADM4: Uppsala | Latitude: 59.89817, Longitude: 17.63386 | Score: 53.26, Population: 16231 | Fuzzy match: 59.25925925925925
2025-08-19 17:04:32,921 INFO Comparing database entry: uppsala county with Uppsala returned from geonames.
2025-08-19 17:04:32,921 INFO 📄 Index 0 | Name: Uppsala | fcl: P, fcode: PPLA | ADM1: Uppsala, ADM2: Uppsala Municipality, ADM3: Uppsala domkyrkoförs., ADM4: Uppsala | Latitude: 59.85882, Longitude: 17.63889 | Score: 178.22, Population: 177074 | Fuzzy match: 66.66666666666667
2025-08-19 17:04:32,921 INFO Comparing database entry: uppsala county with Uppsala returned from geonames.
2025-08-19 17:04:32,921 INFO 📄 Index 1 | Name: Uppsala | fcl: A, fcode: ADM1 | ADM1: Uppsala, ADM2: , ADM3: , ADM4:  | Latitude: 60, Longitude: 17.75 | Score: 67.98, Population: 404589 | Fuzzy match: 66.66666666666667
2025-08-19 17:04:32,921 INFO Comparing database entry: uppsala county with Uppsala Municipality returned from geonames.
2025-08-19 17:04:32,922 INFO 📄 Index 2 | Name: Uppsala Municipality | fcl: A, fcode: ADM2 | ADM1: Uppsala, ADM2: Uppsala Municipality, ADM3: , ADM4:  | Latitude: 59.96425, Longitude: 17.77395 | Score: 53.72, Population: 248016 | Fuzzy match: 70.58823529411764
2025-08-19 17:04:32,922 INFO Comparing database entry: uppsala county with Gamla Uppsala returned from geonames.
2025-08-19 17:04:32,922 INFO 📄 Index 3 | Name: Gamla Uppsala | fcl: P, fcode: PPLX | ADM1: Uppsala, ADM2: Uppsala Municipality, ADM3: Uppsala domkyrkoförs., ADM4: Uppsala | Latitude: 59.89817, Longitude: 17.63386 | Score: 53.26, Population: 16231 | Fuzzy match: 59.25925925925925
2025-08-19 17:04:33,098 INFO Comparing database entry: uppsala county with Uppsala returned from geonames.
2025-08-19 17:04:33,098 INFO 📄 Index 0 | Name: Uppsala | fcl: P, fcode: PPLA | ADM1: Uppsala, ADM2: Uppsala Municipality, ADM3: Uppsala domkyrkoförs., ADM4: Uppsala | Latitude: 59.85882, Longitude: 17.63889 | Score: 178.22, Population: 177074 | Fuzzy match: 66.66666666666667
2025-08-19 17:04:33,098 INFO Comparing database entry: uppsala county with Uppsala returned from geonames.
2025-08-19 17:04:33,098 INFO 📄 Index 1 | Name: Uppsala | fcl: A, fcode: ADM1 | ADM1: Uppsala, ADM2: , ADM3: , ADM4:  | Latitude: 60, Longitude: 17.75 | Score: 67.98, Population: 404589 | Fuzzy match: 66.66666666666667
2025-08-19 17:04:33,098 INFO Comparing database entry: uppsala county with Uppsala Municipality returned from geonames.
2025-08-19 17:04:33,098 INFO 📄 Index 2 | Name: Uppsala Municipality | fcl: A, fcode: ADM2 | ADM1: Uppsala, ADM2: Uppsala Municipality, ADM3: , ADM4:  | Latitude: 59.96425, Longitude: 17.77395 | Score: 53.72, Population: 248016 | Fuzzy match: 70.58823529411764
2025-08-19 17:04:33,098 INFO Comparing database entry: uppsala county with Gamla Uppsala returned from geonames.
2025-08-19 17:04:33,098 INFO 📄 Index 3 | Name: Gamla Uppsala | fcl: P, fcode: PPLX | ADM1: Uppsala, ADM2: Uppsala Municipality, ADM3: Uppsala domkyrkoförs., ADM4: Uppsala | Latitude: 59.89817, Longitude: 17.63386 | Score: 53.26, Population: 16231 | Fuzzy match: 59.25925925925925
2025-08-19 17:04:33,249 INFO Comparing database entry: uppsala county with Uppsala returned from geonames.
2025-08-19 17:04:33,250 INFO 📄 Index 0 | Name: Uppsala | fcl: P, fcode: PPLA | ADM1: Uppsala, ADM2: Uppsala Municipality, ADM3: Uppsala domkyrkoförs., ADM4: Uppsala | Latitude: 59.85882, Longitude: 17.63889 | Score: 178.22, Population: 177074 | Fuzzy match: 66.66666666666667
2025-08-19 17:04:33,250 INFO Comparing database entry: uppsala county with Uppsala returned from geonames.
2025-08-19 17:04:33,250 INFO 📄 Index 1 | Name: Uppsala | fcl: A, fcode: ADM1 | ADM1: Uppsala, ADM2: , ADM3: , ADM4:  | Latitude: 60, Longitude: 17.75 | Score: 67.98, Population: 404589 | Fuzzy match: 66.66666666666667
2025-08-19 17:04:33,250 INFO Comparing database entry: uppsala county with Uppsala Municipality returned from geonames.
2025-08-19 17:04:33,250 INFO 📄 Index 2 | Name: Uppsala Municipality | fcl: A, fcode: ADM2 | ADM1: Uppsala, ADM2: Uppsala Municipality, ADM3: , ADM4:  | Latitude: 59.96425, Longitude: 17.77395 | Score: 53.72, Population: 248016 | Fuzzy match: 70.58823529411764
2025-08-19 17:04:33,250 INFO Comparing database entry: uppsala county with Gamla Uppsala returned from geonames.
2025-08-19 17:04:33,250 INFO 📄 Index 3 | Name: Gamla Uppsala | fcl: P, fcode: PPLX | ADM1: Uppsala, ADM2: Uppsala Municipality, ADM3: Uppsala domkyrkoförs., ADM4: Uppsala | Latitude: 59.89817, Longitude: 17.63386 | Score: 53.26, Population: 16231 | Fuzzy match: 59.25925925925925
2025-08-19 17:04:33,381 INFO Comparing database entry: uppsala county with Uppsala returned from geonames.
2025-08-19 17:04:33,381 INFO 📄 Index 0 | Name: Uppsala | fcl: P, fcode: PPLA | ADM1: Uppsala, ADM2: Uppsala Municipality, ADM3: Uppsala domkyrkoförs., ADM4: Uppsala | Latitude: 59.85882, Longitude: 17.63889 | Score: 178.22, Population: 177074 | Fuzzy match: 66.66666666666667
2025-08-19 17:04:33,381 INFO Comparing database entry: uppsala county with Uppsala returned from geonames.
2025-08-19 17:04:33,381 INFO 📄 Index 1 | Name: Uppsala | fcl: A, fcode: ADM1 | ADM1: Uppsala, ADM2: , ADM3: , ADM4:  | Latitude: 60, Longitude: 17.75 | Score: 67.98, Population: 404589 | Fuzzy match: 66.66666666666667
2025-08-19 17:04:33,381 INFO Comparing database entry: uppsala county with Uppsala Municipality returned from geonames.
2025-08-19 17:04:33,381 INFO 📄 Index 2 | Name: Uppsala Municipality | fcl: A, fcode: ADM2 | ADM1: Uppsala, ADM2: Uppsala Municipality, ADM3: , ADM4:  | Latitude: 59.96425, Longitude: 17.77395 | Score: 53.72, Population: 248016 | Fuzzy match: 70.58823529411764
2025-08-19 17:04:33,381 INFO Comparing database entry: uppsala county with Gamla Uppsala returned from geonames.
2025-08-19 17:04:33,381 INFO 📄 Index 3 | Name: Gamla Uppsala | fcl: P, fcode: PPLX | ADM1: Uppsala, ADM2: Uppsala Municipality, ADM3: Uppsala domkyrkoförs., ADM4: Uppsala | Latitude: 59.89817, Longitude: 17.63386 | Score: 53.26, Population: 16231 | Fuzzy match: 59.25925925925925
2025-08-19 17:04:33,534 INFO Comparing database entry: uppsala county with Uppsala returned from geonames.
2025-08-19 17:04:33,535 INFO 📄 Index 0 | Name: Uppsala | fcl: P, fcode: PPLA | ADM1: Uppsala, ADM2: Uppsala Municipality, ADM3: Uppsala domkyrkoförs., ADM4: Uppsala | Latitude: 59.85882, Longitude: 17.63889 | Score: 178.22, Population: 177074 | Fuzzy match: 66.66666666666667
2025-08-19 17:04:33,535 INFO Comparing database entry: uppsala county with Uppsala returned from geonames.
2025-08-19 17:04:33,535 INFO 📄 Index 1 | Name: Uppsala | fcl: A, fcode: ADM1 | ADM1: Uppsala, ADM2: , ADM3: , ADM4:  | Latitude: 60, Longitude: 17.75 | Score: 67.98, Population: 404589 | Fuzzy match: 66.66666666666667
2025-08-19 17:04:33,535 INFO Comparing database entry: uppsala county with Uppsala Municipality returned from geonames.
2025-08-19 17:04:33,535 INFO 📄 Index 2 | Name: Uppsala Municipality | fcl: A, fcode: ADM2 | ADM1: Uppsala, ADM2: Uppsala Municipality, ADM3: , ADM4:  | Latitude: 59.96425, Longitude: 17.77395 | Score: 53.72, Population: 248016 | Fuzzy match: 70.58823529411764
2025-08-19 17:04:33,535 INFO Comparing database entry: uppsala county with Gamla Uppsala returned from geonames.
2025-08-19 17:04:33,535 INFO 📄 Index 3 | Name: Gamla Uppsala | fcl: P, fcode: PPLX | ADM1: Uppsala, ADM2: Uppsala Municipality, ADM3: Uppsala domkyrkoförs., ADM4: Uppsala | Latitude: 59.89817, Longitude: 17.63386 | Score: 53.26, Population: 16231 | Fuzzy match: 59.25925925925925
2025-08-19 17:04:33,535 WARNING ❌ No match found with fuzzy score > 80 for city: uppsala county
2025-08-19 17:04:33,535 WARNING ❌ Lookup failed for city='uppsala_county', iso2='SE'
