2025-08-19 17:01:47,068 INFO 🗺️ Starting GeoNames lookup for city='värmland county', country='sweden'
2025-08-19 17:01:47,068 INFO 📍 Location is present in the following articles: [ObjectId('68409c26c202c40b602d358e')]
2025-08-19 17:01:47,226 INFO Comparing database entry: värmland county with Karlstad returned from geonames.
2025-08-19 17:01:47,226 INFO 📄 Index 0 | Name: Karlstad | fcl: P, fcode: PPLA | ADM1: Värmland, ADM2: Karlstad Municipality, ADM3: , ADM4:  | Latitude: 59.3793, Longitude: 13.50357 | Score: 95.55, Population: 61492 | Fuzzy match: 34.78260869565217
2025-08-19 17:01:47,226 INFO Comparing database entry: värmland county with Värmland returned from geonames.
2025-08-19 17:01:47,226 INFO 📄 Index 1 | Name: Värmland | fcl: A, fcode: ADM1 | ADM1: Värmland, ADM2: , ADM3: , ADM4:  | Latitude: 59.75, Longitude: 13.25 | Score: 66.26, Population: 322034 | Fuzzy match: 69.56521739130434
2025-08-19 17:01:47,227 INFO Comparing database entry: värmland county with Arvika returned from geonames.
2025-08-19 17:01:47,227 INFO 📄 Index 2 | Name: Arvika | fcl: P, fcode: PPLA2 | ADM1: Värmland, ADM2: Arvika Municipality, ADM3: , ADM4:  | Latitude: 59.65528, Longitude: 12.58518 | Score: 56.71, Population: 13926 | Fuzzy match: 19.047619047619047
2025-08-19 17:01:47,227 INFO Comparing database entry: värmland county with Kristinehamn returned from geonames.
2025-08-19 17:01:47,227 INFO 📄 Index 3 | Name: Kristinehamn | fcl: P, fcode: PPLA2 | ADM1: Värmland, ADM2: Kristinehamn Municipality, ADM3: , ADM4:  | Latitude: 59.30978, Longitude: 14.10808 | Score: 51.79, Population: 18557 | Fuzzy match: 22.22222222222222
2025-08-19 17:01:47,417 INFO Comparing database entry: värmland county with Karlstad returned from geonames.
2025-08-19 17:01:47,417 INFO 📄 Index 0 | Name: Karlstad | fcl: P, fcode: PPLA | ADM1: Värmland, ADM2: Karlstad Municipality, ADM3: , ADM4:  | Latitude: 59.3793, Longitude: 13.50357 | Score: 95.55, Population: 61492 | Fuzzy match: 34.78260869565217
2025-08-19 17:01:47,417 INFO Comparing database entry: värmland county with Värmland returned from geonames.
2025-08-19 17:01:47,417 INFO 📄 Index 1 | Name: Värmland | fcl: A, fcode: ADM1 | ADM1: Värmland, ADM2: , ADM3: , ADM4:  | Latitude: 59.75, Longitude: 13.25 | Score: 66.26, Population: 322034 | Fuzzy match: 69.56521739130434
2025-08-19 17:01:47,418 INFO Comparing database entry: värmland county with Arvika returned from geonames.
2025-08-19 17:01:47,418 INFO 📄 Index 2 | Name: Arvika | fcl: P, fcode: PPLA2 | ADM1: Värmland, ADM2: Arvika Municipality, ADM3: , ADM4:  | Latitude: 59.65528, Longitude: 12.58518 | Score: 56.71, Population: 13926 | Fuzzy match: 19.047619047619047
2025-08-19 17:01:47,418 INFO Comparing database entry: värmland county with Kristinehamn returned from geonames.
2025-08-19 17:01:47,418 INFO 📄 Index 3 | Name: Kristinehamn | fcl: P, fcode: PPLA2 | ADM1: Värmland, ADM2: Kristinehamn Municipality, ADM3: , ADM4:  | Latitude: 59.30978, Longitude: 14.10808 | Score: 51.79, Population: 18557 | Fuzzy match: 22.22222222222222
2025-08-19 17:01:47,567 INFO Comparing database entry: värmland county with Karlstad returned from geonames.
2025-08-19 17:01:47,568 INFO 📄 Index 0 | Name: Karlstad | fcl: P, fcode: PPLA | ADM1: Värmland, ADM2: Karlstad Municipality, ADM3: , ADM4:  | Latitude: 59.3793, Longitude: 13.50357 | Score: 95.55, Population: 61492 | Fuzzy match: 34.78260869565217
2025-08-19 17:01:47,568 INFO Comparing database entry: värmland county with Värmland returned from geonames.
2025-08-19 17:01:47,568 INFO 📄 Index 1 | Name: Värmland | fcl: A, fcode: ADM1 | ADM1: Värmland, ADM2: , ADM3: , ADM4:  | Latitude: 59.75, Longitude: 13.25 | Score: 66.26, Population: 322034 | Fuzzy match: 69.56521739130434
2025-08-19 17:01:47,568 INFO Comparing database entry: värmland county with Arvika returned from geonames.
2025-08-19 17:01:47,568 INFO 📄 Index 2 | Name: Arvika | fcl: P, fcode: PPLA2 | ADM1: Värmland, ADM2: Arvika Municipality, ADM3: , ADM4:  | Latitude: 59.65528, Longitude: 12.58518 | Score: 56.71, Population: 13926 | Fuzzy match: 19.047619047619047
2025-08-19 17:01:47,568 INFO Comparing database entry: värmland county with Kristinehamn returned from geonames.
2025-08-19 17:01:47,568 INFO 📄 Index 3 | Name: Kristinehamn | fcl: P, fcode: PPLA2 | ADM1: Värmland, ADM2: Kristinehamn Municipality, ADM3: , ADM4:  | Latitude: 59.30978, Longitude: 14.10808 | Score: 51.79, Population: 18557 | Fuzzy match: 22.22222222222222
2025-08-19 17:01:47,717 INFO Comparing database entry: värmland county with Karlstad returned from geonames.
2025-08-19 17:01:47,717 INFO 📄 Index 0 | Name: Karlstad | fcl: P, fcode: PPLA | ADM1: Värmland, ADM2: Karlstad Municipality, ADM3: , ADM4:  | Latitude: 59.3793, Longitude: 13.50357 | Score: 95.55, Population: 61492 | Fuzzy match: 34.78260869565217
2025-08-19 17:01:47,717 INFO Comparing database entry: värmland county with Värmland returned from geonames.
2025-08-19 17:01:47,717 INFO 📄 Index 1 | Name: Värmland | fcl: A, fcode: ADM1 | ADM1: Värmland, ADM2: , ADM3: , ADM4:  | Latitude: 59.75, Longitude: 13.25 | Score: 66.26, Population: 322034 | Fuzzy match: 69.56521739130434
2025-08-19 17:01:47,718 INFO Comparing database entry: värmland county with Arvika returned from geonames.
2025-08-19 17:01:47,718 INFO 📄 Index 2 | Name: Arvika | fcl: P, fcode: PPLA2 | ADM1: Värmland, ADM2: Arvika Municipality, ADM3: , ADM4:  | Latitude: 59.65528, Longitude: 12.58518 | Score: 56.71, Population: 13926 | Fuzzy match: 19.047619047619047
2025-08-19 17:01:47,718 INFO Comparing database entry: värmland county with Kristinehamn returned from geonames.
2025-08-19 17:01:47,718 INFO 📄 Index 3 | Name: Kristinehamn | fcl: P, fcode: PPLA2 | ADM1: Värmland, ADM2: Kristinehamn Municipality, ADM3: , ADM4:  | Latitude: 59.30978, Longitude: 14.10808 | Score: 51.79, Population: 18557 | Fuzzy match: 22.22222222222222
2025-08-19 17:01:47,870 INFO Comparing database entry: värmland county with Karlstad returned from geonames.
2025-08-19 17:01:47,871 INFO 📄 Index 0 | Name: Karlstad | fcl: P, fcode: PPLA | ADM1: Värmland, ADM2: Karlstad Municipality, ADM3: , ADM4:  | Latitude: 59.3793, Longitude: 13.50357 | Score: 95.55, Population: 61492 | Fuzzy match: 34.78260869565217
2025-08-19 17:01:47,871 INFO Comparing database entry: värmland county with Värmland returned from geonames.
2025-08-19 17:01:47,871 INFO 📄 Index 1 | Name: Värmland | fcl: A, fcode: ADM1 | ADM1: Värmland, ADM2: , ADM3: , ADM4:  | Latitude: 59.75, Longitude: 13.25 | Score: 66.26, Population: 322034 | Fuzzy match: 69.56521739130434
2025-08-19 17:01:47,871 INFO Comparing database entry: värmland county with Arvika returned from geonames.
2025-08-19 17:01:47,871 INFO 📄 Index 2 | Name: Arvika | fcl: P, fcode: PPLA2 | ADM1: Värmland, ADM2: Arvika Municipality, ADM3: , ADM4:  | Latitude: 59.65528, Longitude: 12.58518 | Score: 56.71, Population: 13926 | Fuzzy match: 19.047619047619047
2025-08-19 17:01:47,871 INFO Comparing database entry: värmland county with Kristinehamn returned from geonames.
2025-08-19 17:01:47,871 INFO 📄 Index 3 | Name: Kristinehamn | fcl: P, fcode: PPLA2 | ADM1: Värmland, ADM2: Kristinehamn Municipality, ADM3: , ADM4:  | Latitude: 59.30978, Longitude: 14.10808 | Score: 51.79, Population: 18557 | Fuzzy match: 22.22222222222222
2025-08-19 17:01:48,022 INFO Comparing database entry: värmland county with Karlstad returned from geonames.
2025-08-19 17:01:48,023 INFO 📄 Index 0 | Name: Karlstad | fcl: P, fcode: PPLA | ADM1: Värmland, ADM2: Karlstad Municipality, ADM3: , ADM4:  | Latitude: 59.3793, Longitude: 13.50357 | Score: 95.55, Population: 61492 | Fuzzy match: 34.78260869565217
2025-08-19 17:01:48,023 INFO Comparing database entry: värmland county with Värmland returned from geonames.
2025-08-19 17:01:48,023 INFO 📄 Index 1 | Name: Värmland | fcl: A, fcode: ADM1 | ADM1: Värmland, ADM2: , ADM3: , ADM4:  | Latitude: 59.75, Longitude: 13.25 | Score: 66.26, Population: 322034 | Fuzzy match: 69.56521739130434
2025-08-19 17:01:48,023 INFO Comparing database entry: värmland county with Arvika returned from geonames.
2025-08-19 17:01:48,023 INFO 📄 Index 2 | Name: Arvika | fcl: P, fcode: PPLA2 | ADM1: Värmland, ADM2: Arvika Municipality, ADM3: , ADM4:  | Latitude: 59.65528, Longitude: 12.58518 | Score: 56.71, Population: 13926 | Fuzzy match: 19.047619047619047
2025-08-19 17:01:48,023 INFO Comparing database entry: värmland county with Kristinehamn returned from geonames.
2025-08-19 17:01:48,023 INFO 📄 Index 3 | Name: Kristinehamn | fcl: P, fcode: PPLA2 | ADM1: Värmland, ADM2: Kristinehamn Municipality, ADM3: , ADM4:  | Latitude: 59.30978, Longitude: 14.10808 | Score: 51.79, Population: 18557 | Fuzzy match: 22.22222222222222
2025-08-19 17:01:48,023 WARNING ❌ No match found with fuzzy score > 80 for city: värmland county
2025-08-19 17:01:48,023 WARNING ❌ Lookup failed for city='värmland_county', iso2='SE'
