2025-08-08 11:43:59,629 INFO 🗺️ Starting GeoNames lookup for city='jurong', country='singapore'
2025-08-08 11:43:59,629 INFO 📍 Location is present in the following articles: [ObjectId('67f52c31981040986eab7814')]
2025-08-08 11:43:59,841 INFO Comparing database entry: jurong with Jurong Town returned from geonames.
2025-08-08 11:43:59,841 INFO 📄 Index 0 | Name: Jurong Town | fcl: P, fcode: PPL | ADM1: SG.05, ADM2: , ADM3: , ADM4:  | Score: 117.13, Population: 262730 | Fuzzy match: 70.58823529411764
2025-08-08 11:43:59,842 INFO Comparing database entry: jurong with Jurong West returned from geonames.
2025-08-08 11:43:59,842 INFO 📄 Index 1 | Name: Jurong West | fcl: P, fcode: PPL | ADM1: , ADM2: , ADM3: , ADM4:  | Score: 106.26, Population: 257470 | Fuzzy match: 70.58823529411764
2025-08-08 11:43:59,842 INFO Comparing database entry: jurong with Jurong East returned from geonames.
2025-08-08 11:43:59,842 INFO 📄 Index 2 | Name: Jurong East | fcl: P, fcode: PPL | ADM1: SG.04, ADM2: , ADM3: , ADM4:  | Score: 94.77, Population: 78600 | Fuzzy match: 70.58823529411764
2025-08-08 11:43:59,842 INFO Comparing database entry: jurong with Kampong Ulu Jurong returned from geonames.
2025-08-08 11:43:59,842 INFO 📄 Index 3 | Name: Kampong Ulu Jurong | fcl: P, fcode: PPL | ADM1: , ADM2: , ADM3: , ADM4:  | Score: 27.39, Population: 0 | Fuzzy match: 50.0
2025-08-08 11:44:00,100 INFO Comparing database entry: jurong with Jurong Town returned from geonames.
2025-08-08 11:44:00,101 INFO 📄 Index 0 | Name: Jurong Town | fcl: P, fcode: PPL | ADM1: SG.05, ADM2: , ADM3: , ADM4:  | Score: 117.13, Population: 262730 | Fuzzy match: 70.58823529411764
2025-08-08 11:44:00,101 INFO Comparing database entry: jurong with Jurong West returned from geonames.
2025-08-08 11:44:00,101 INFO 📄 Index 1 | Name: Jurong West | fcl: P, fcode: PPL | ADM1: , ADM2: , ADM3: , ADM4:  | Score: 106.26, Population: 257470 | Fuzzy match: 70.58823529411764
2025-08-08 11:44:00,101 INFO Comparing database entry: jurong with Jurong East returned from geonames.
2025-08-08 11:44:00,101 INFO 📄 Index 2 | Name: Jurong East | fcl: P, fcode: PPL | ADM1: SG.04, ADM2: , ADM3: , ADM4:  | Score: 94.77, Population: 78600 | Fuzzy match: 70.58823529411764
2025-08-08 11:44:00,101 INFO Comparing database entry: jurong with Kampong Ulu Jurong returned from geonames.
2025-08-08 11:44:00,101 INFO 📄 Index 3 | Name: Kampong Ulu Jurong | fcl: P, fcode: PPL | ADM1: , ADM2: , ADM3: , ADM4:  | Score: 27.39, Population: 0 | Fuzzy match: 50.0
2025-08-08 11:44:00,409 INFO Comparing database entry: jurong with Jurong Town returned from geonames.
2025-08-08 11:44:00,409 INFO 📄 Index 0 | Name: Jurong Town | fcl: P, fcode: PPL | ADM1: SG.05, ADM2: , ADM3: , ADM4:  | Score: 117.13, Population: 262730 | Fuzzy match: 70.58823529411764
2025-08-08 11:44:00,409 INFO Comparing database entry: jurong with Jurong West returned from geonames.
2025-08-08 11:44:00,409 INFO 📄 Index 1 | Name: Jurong West | fcl: P, fcode: PPL | ADM1: , ADM2: , ADM3: , ADM4:  | Score: 106.26, Population: 257470 | Fuzzy match: 70.58823529411764
2025-08-08 11:44:00,409 INFO Comparing database entry: jurong with Jurong East returned from geonames.
2025-08-08 11:44:00,409 INFO 📄 Index 2 | Name: Jurong East | fcl: P, fcode: PPL | ADM1: SG.04, ADM2: , ADM3: , ADM4:  | Score: 94.77, Population: 78600 | Fuzzy match: 70.58823529411764
2025-08-08 11:44:00,409 INFO Comparing database entry: jurong with Kampong Ulu Jurong returned from geonames.
2025-08-08 11:44:00,409 INFO 📄 Index 3 | Name: Kampong Ulu Jurong | fcl: P, fcode: PPL | ADM1: , ADM2: , ADM3: , ADM4:  | Score: 27.39, Population: 0 | Fuzzy match: 50.0
2025-08-08 11:44:00,763 INFO Comparing database entry: jurong with Jurong Town returned from geonames.
2025-08-08 11:44:00,763 INFO 📄 Index 0 | Name: Jurong Town | fcl: P, fcode: PPL | ADM1: SG.05, ADM2: , ADM3: , ADM4:  | Score: 117.13, Population: 262730 | Fuzzy match: 70.58823529411764
2025-08-08 11:44:00,764 INFO Comparing database entry: jurong with Jurong West returned from geonames.
2025-08-08 11:44:00,764 INFO 📄 Index 1 | Name: Jurong West | fcl: P, fcode: PPL | ADM1: , ADM2: , ADM3: , ADM4:  | Score: 106.26, Population: 257470 | Fuzzy match: 70.58823529411764
2025-08-08 11:44:00,764 INFO Comparing database entry: jurong with Jurong East returned from geonames.
2025-08-08 11:44:00,764 INFO 📄 Index 2 | Name: Jurong East | fcl: P, fcode: PPL | ADM1: SG.04, ADM2: , ADM3: , ADM4:  | Score: 94.77, Population: 78600 | Fuzzy match: 70.58823529411764
2025-08-08 11:44:00,764 INFO Comparing database entry: jurong with Kampong Ulu Jurong returned from geonames.
2025-08-08 11:44:00,764 INFO 📄 Index 3 | Name: Kampong Ulu Jurong | fcl: P, fcode: PPL | ADM1: , ADM2: , ADM3: , ADM4:  | Score: 27.39, Population: 0 | Fuzzy match: 50.0
2025-08-08 11:44:00,932 INFO Comparing database entry: jurong with Jurong Town returned from geonames.
2025-08-08 11:44:00,932 INFO 📄 Index 0 | Name: Jurong Town | fcl: P, fcode: PPL | ADM1: SG.05, ADM2: , ADM3: , ADM4:  | Score: 117.13, Population: 262730 | Fuzzy match: 70.58823529411764
2025-08-08 11:44:00,932 INFO Comparing database entry: jurong with Jurong West returned from geonames.
2025-08-08 11:44:00,932 INFO 📄 Index 1 | Name: Jurong West | fcl: P, fcode: PPL | ADM1: , ADM2: , ADM3: , ADM4:  | Score: 106.26, Population: 257470 | Fuzzy match: 70.58823529411764
2025-08-08 11:44:00,933 INFO Comparing database entry: jurong with Jurong East returned from geonames.
2025-08-08 11:44:00,933 INFO 📄 Index 2 | Name: Jurong East | fcl: P, fcode: PPL | ADM1: SG.04, ADM2: , ADM3: , ADM4:  | Score: 94.77, Population: 78600 | Fuzzy match: 70.58823529411764
2025-08-08 11:44:00,933 INFO Comparing database entry: jurong with Kampong Ulu Jurong returned from geonames.
2025-08-08 11:44:00,933 INFO 📄 Index 3 | Name: Kampong Ulu Jurong | fcl: P, fcode: PPL | ADM1: , ADM2: , ADM3: , ADM4:  | Score: 27.39, Population: 0 | Fuzzy match: 50.0
2025-08-08 11:44:01,072 INFO Comparing database entry: jurong with Jurong Town returned from geonames.
2025-08-08 11:44:01,073 INFO 📄 Index 0 | Name: Jurong Town | fcl: P, fcode: PPL | ADM1: SG.05, ADM2: , ADM3: , ADM4:  | Score: 117.13, Population: 262730 | Fuzzy match: 70.58823529411764
2025-08-08 11:44:01,073 INFO Comparing database entry: jurong with Jurong West returned from geonames.
2025-08-08 11:44:01,073 INFO 📄 Index 1 | Name: Jurong West | fcl: P, fcode: PPL | ADM1: , ADM2: , ADM3: , ADM4:  | Score: 106.26, Population: 257470 | Fuzzy match: 70.58823529411764
2025-08-08 11:44:01,073 INFO Comparing database entry: jurong with Jurong East returned from geonames.
2025-08-08 11:44:01,073 INFO 📄 Index 2 | Name: Jurong East | fcl: P, fcode: PPL | ADM1: SG.04, ADM2: , ADM3: , ADM4:  | Score: 94.77, Population: 78600 | Fuzzy match: 70.58823529411764
2025-08-08 11:44:01,073 INFO Comparing database entry: jurong with Kampong Ulu Jurong returned from geonames.
2025-08-08 11:44:01,073 INFO 📄 Index 3 | Name: Kampong Ulu Jurong | fcl: P, fcode: PPL | ADM1: , ADM2: , ADM3: , ADM4:  | Score: 27.39, Population: 0 | Fuzzy match: 50.0
2025-08-08 11:44:01,073 WARNING ❌ No match found with fuzzy score > 80 for city: jurong
2025-08-08 11:44:01,073 WARNING ❌ Lookup failed for city='jurong', iso2='SG'
