2025-08-19 17:01:31,062 INFO 🗺️ Starting GeoNames lookup for city='eastern slovakia', country='slovakia'
2025-08-19 17:01:31,062 INFO 📍 Location is present in the following articles: [ObjectId('67fbf7bd94b7f855cfea71e5')]
2025-08-19 17:01:31,288 INFO Comparing database entry: eastern slovakia with Slovakia returned from geonames.
2025-08-19 17:01:31,288 INFO 📄 Index 0 | Name: Slovakia | fcl: A, fcode: PCLI | ADM1: , ADM2: , ADM3: , ADM4:  | Latitude: 48.66667, Longitude: 19.5 | Score: 234.66, Population: 5447011 | Fuzzy match: 66.66666666666667
2025-08-19 17:01:31,288 INFO Comparing database entry: eastern slovakia with Bratislava returned from geonames.
2025-08-19 17:01:31,288 INFO 📄 Index 1 | Name: Bratislava | fcl: P, fcode: PPLC | ADM1: Bratislava Region, ADM2: , ADM3: , ADM4:  | Latitude: 48.14816, Longitude: 17.10674 | Score: 180.64, Population: 423737 | Fuzzy match: 46.15384615384615
2025-08-19 17:01:31,288 INFO Comparing database entry: eastern slovakia with Košice returned from geonames.
2025-08-19 17:01:31,288 INFO 📄 Index 2 | Name: Košice | fcl: P, fcode: PPLA | ADM1: Košice Region, ADM2: , ADM3: , ADM4:  | Latitude: 48.71395, Longitude: 21.25808 | Score: 179.23, Population: 228249 | Fuzzy match: 18.181818181818176
2025-08-19 17:01:31,288 INFO Comparing database entry: eastern slovakia with Nitra returned from geonames.
2025-08-19 17:01:31,288 INFO 📄 Index 3 | Name: Nitra | fcl: P, fcode: PPLA | ADM1: Nitra Region, ADM2: Nitra District, ADM3: Nitra, ADM4:  | Latitude: 48.30763, Longitude: 18.08453 | Score: 157.88, Population: 86329 | Fuzzy match: 28.57142857142857
2025-08-19 17:01:31,508 INFO Comparing database entry: eastern slovakia with Slovakia returned from geonames.
2025-08-19 17:01:31,508 INFO 📄 Index 0 | Name: Slovakia | fcl: A, fcode: PCLI | ADM1: , ADM2: , ADM3: , ADM4:  | Latitude: 48.66667, Longitude: 19.5 | Score: 234.66, Population: 5447011 | Fuzzy match: 66.66666666666667
2025-08-19 17:01:31,508 INFO Comparing database entry: eastern slovakia with Bratislava returned from geonames.
2025-08-19 17:01:31,509 INFO 📄 Index 1 | Name: Bratislava | fcl: P, fcode: PPLC | ADM1: Bratislava Region, ADM2: , ADM3: , ADM4:  | Latitude: 48.14816, Longitude: 17.10674 | Score: 180.64, Population: 423737 | Fuzzy match: 46.15384615384615
2025-08-19 17:01:31,509 INFO Comparing database entry: eastern slovakia with Košice returned from geonames.
2025-08-19 17:01:31,509 INFO 📄 Index 2 | Name: Košice | fcl: P, fcode: PPLA | ADM1: Košice Region, ADM2: , ADM3: , ADM4:  | Latitude: 48.71395, Longitude: 21.25808 | Score: 179.23, Population: 228249 | Fuzzy match: 18.181818181818176
2025-08-19 17:01:31,509 INFO Comparing database entry: eastern slovakia with Nitra returned from geonames.
2025-08-19 17:01:31,509 INFO 📄 Index 3 | Name: Nitra | fcl: P, fcode: PPLA | ADM1: Nitra Region, ADM2: Nitra District, ADM3: Nitra, ADM4:  | Latitude: 48.30763, Longitude: 18.08453 | Score: 157.88, Population: 86329 | Fuzzy match: 28.57142857142857
2025-08-19 17:01:31,748 INFO Comparing database entry: eastern slovakia with Slovakia returned from geonames.
2025-08-19 17:01:31,749 INFO 📄 Index 0 | Name: Slovakia | fcl: A, fcode: PCLI | ADM1: , ADM2: , ADM3: , ADM4:  | Latitude: 48.66667, Longitude: 19.5 | Score: 234.66, Population: 5447011 | Fuzzy match: 66.66666666666667
2025-08-19 17:01:31,749 INFO Comparing database entry: eastern slovakia with Bratislava returned from geonames.
2025-08-19 17:01:31,749 INFO 📄 Index 1 | Name: Bratislava | fcl: P, fcode: PPLC | ADM1: Bratislava Region, ADM2: , ADM3: , ADM4:  | Latitude: 48.14816, Longitude: 17.10674 | Score: 180.64, Population: 423737 | Fuzzy match: 46.15384615384615
2025-08-19 17:01:31,749 INFO Comparing database entry: eastern slovakia with Košice returned from geonames.
2025-08-19 17:01:31,749 INFO 📄 Index 2 | Name: Košice | fcl: P, fcode: PPLA | ADM1: Košice Region, ADM2: , ADM3: , ADM4:  | Latitude: 48.71395, Longitude: 21.25808 | Score: 179.23, Population: 228249 | Fuzzy match: 18.181818181818176
2025-08-19 17:01:31,749 INFO Comparing database entry: eastern slovakia with Nitra returned from geonames.
2025-08-19 17:01:31,749 INFO 📄 Index 3 | Name: Nitra | fcl: P, fcode: PPLA | ADM1: Nitra Region, ADM2: Nitra District, ADM3: Nitra, ADM4:  | Latitude: 48.30763, Longitude: 18.08453 | Score: 157.88, Population: 86329 | Fuzzy match: 28.57142857142857
2025-08-19 17:01:31,952 INFO Comparing database entry: eastern slovakia with Slovakia returned from geonames.
2025-08-19 17:01:31,952 INFO 📄 Index 0 | Name: Slovakia | fcl: A, fcode: PCLI | ADM1: , ADM2: , ADM3: , ADM4:  | Latitude: 48.66667, Longitude: 19.5 | Score: 234.66, Population: 5447011 | Fuzzy match: 66.66666666666667
2025-08-19 17:01:31,952 INFO Comparing database entry: eastern slovakia with Bratislava returned from geonames.
2025-08-19 17:01:31,952 INFO 📄 Index 1 | Name: Bratislava | fcl: P, fcode: PPLC | ADM1: Bratislava Region, ADM2: , ADM3: , ADM4:  | Latitude: 48.14816, Longitude: 17.10674 | Score: 180.64, Population: 423737 | Fuzzy match: 46.15384615384615
2025-08-19 17:01:31,952 INFO Comparing database entry: eastern slovakia with Košice returned from geonames.
2025-08-19 17:01:31,952 INFO 📄 Index 2 | Name: Košice | fcl: P, fcode: PPLA | ADM1: Košice Region, ADM2: , ADM3: , ADM4:  | Latitude: 48.71395, Longitude: 21.25808 | Score: 179.23, Population: 228249 | Fuzzy match: 18.181818181818176
2025-08-19 17:01:31,952 INFO Comparing database entry: eastern slovakia with Nitra returned from geonames.
2025-08-19 17:01:31,952 INFO 📄 Index 3 | Name: Nitra | fcl: P, fcode: PPLA | ADM1: Nitra Region, ADM2: Nitra District, ADM3: Nitra, ADM4:  | Latitude: 48.30763, Longitude: 18.08453 | Score: 157.88, Population: 86329 | Fuzzy match: 28.57142857142857
2025-08-19 17:01:32,152 INFO Comparing database entry: eastern slovakia with Slovakia returned from geonames.
2025-08-19 17:01:32,152 INFO 📄 Index 0 | Name: Slovakia | fcl: A, fcode: PCLI | ADM1: , ADM2: , ADM3: , ADM4:  | Latitude: 48.66667, Longitude: 19.5 | Score: 234.66, Population: 5447011 | Fuzzy match: 66.66666666666667
2025-08-19 17:01:32,153 INFO Comparing database entry: eastern slovakia with Bratislava returned from geonames.
2025-08-19 17:01:32,153 INFO 📄 Index 1 | Name: Bratislava | fcl: P, fcode: PPLC | ADM1: Bratislava Region, ADM2: , ADM3: , ADM4:  | Latitude: 48.14816, Longitude: 17.10674 | Score: 180.64, Population: 423737 | Fuzzy match: 46.15384615384615
2025-08-19 17:01:32,153 INFO Comparing database entry: eastern slovakia with Košice returned from geonames.
2025-08-19 17:01:32,153 INFO 📄 Index 2 | Name: Košice | fcl: P, fcode: PPLA | ADM1: Košice Region, ADM2: , ADM3: , ADM4:  | Latitude: 48.71395, Longitude: 21.25808 | Score: 179.23, Population: 228249 | Fuzzy match: 18.181818181818176
2025-08-19 17:01:32,153 INFO Comparing database entry: eastern slovakia with Nitra returned from geonames.
2025-08-19 17:01:32,153 INFO 📄 Index 3 | Name: Nitra | fcl: P, fcode: PPLA | ADM1: Nitra Region, ADM2: Nitra District, ADM3: Nitra, ADM4:  | Latitude: 48.30763, Longitude: 18.08453 | Score: 157.88, Population: 86329 | Fuzzy match: 28.57142857142857
2025-08-19 17:01:32,427 INFO Comparing database entry: eastern slovakia with Slovakia returned from geonames.
2025-08-19 17:01:32,427 INFO 📄 Index 0 | Name: Slovakia | fcl: A, fcode: PCLI | ADM1: , ADM2: , ADM3: , ADM4:  | Latitude: 48.66667, Longitude: 19.5 | Score: 234.66, Population: 5447011 | Fuzzy match: 66.66666666666667
2025-08-19 17:01:32,427 INFO Comparing database entry: eastern slovakia with Bratislava returned from geonames.
2025-08-19 17:01:32,427 INFO 📄 Index 1 | Name: Bratislava | fcl: P, fcode: PPLC | ADM1: Bratislava Region, ADM2: , ADM3: , ADM4:  | Latitude: 48.14816, Longitude: 17.10674 | Score: 180.64, Population: 423737 | Fuzzy match: 46.15384615384615
2025-08-19 17:01:32,427 INFO Comparing database entry: eastern slovakia with Košice returned from geonames.
2025-08-19 17:01:32,427 INFO 📄 Index 2 | Name: Košice | fcl: P, fcode: PPLA | ADM1: Košice Region, ADM2: , ADM3: , ADM4:  | Latitude: 48.71395, Longitude: 21.25808 | Score: 179.23, Population: 228249 | Fuzzy match: 18.181818181818176
2025-08-19 17:01:32,428 INFO Comparing database entry: eastern slovakia with Nitra returned from geonames.
2025-08-19 17:01:32,428 INFO 📄 Index 3 | Name: Nitra | fcl: P, fcode: PPLA | ADM1: Nitra Region, ADM2: Nitra District, ADM3: Nitra, ADM4:  | Latitude: 48.30763, Longitude: 18.08453 | Score: 157.88, Population: 86329 | Fuzzy match: 28.57142857142857
2025-08-19 17:01:32,428 WARNING ❌ No match found with fuzzy score > 80 for city: eastern slovakia
2025-08-19 17:01:32,428 WARNING ❌ Lookup failed for city='eastern_slovakia', iso2='SK'
