2025-08-19 17:04:24,983 INFO 🗺️ Starting GeoNames lookup for city='teplicka nad vahom, žilina', country='slovakia'
2025-08-19 17:04:24,983 INFO 📍 Location is present in the following articles: [ObjectId('68a35817193a11c7b797cc9e'), ObjectId('68a35c3a193a11c7b797cd1d')]
2025-08-19 17:04:25,126 INFO Comparing database entry: teplicka nad vahom, žilina with Teplička nad Váhom returned from geonames.
2025-08-19 17:04:25,127 INFO 📄 Index 0 | Name: Teplička nad Váhom | fcl: P, fcode: PPL | ADM1: Žilina Region, ADM2: Žilina District, ADM3: Teplička nad Váhom, ADM4:  | Latitude: 49.22435, Longitude: 18.79995 | Score: 37.27, Population: 0 | Fuzzy match: 72.72727272727273
2025-08-19 17:04:25,127 INFO Comparing database entry: teplicka nad vahom, žilina with Teplička nad Váhom returned from geonames.
2025-08-19 17:04:25,127 INFO 📄 Index 1 | Name: Teplička nad Váhom | fcl: A, fcode: ADM3 | ADM1: Žilina Region, ADM2: Žilina District, ADM3: Teplička nad Váhom, ADM4:  | Latitude: 49.22569, Longitude: 18.80021 | Score: 35.97, Population: 4217 | Fuzzy match: 72.72727272727273
2025-08-19 17:04:25,127 INFO Comparing database entry: teplicka nad vahom, žilina with Brezový Dvor returned from geonames.
2025-08-19 17:04:25,127 INFO 📄 Index 2 | Name: Brezový Dvor | fcl: P, fcode: PPL | ADM1: Žilina Region, ADM2: Žilina District, ADM3: Teplička nad Váhom, ADM4:  | Latitude: 49.21667, Longitude: 18.78333 | Score: 15.90, Population: 0 | Fuzzy match: 21.052631578947366
2025-08-19 17:04:25,269 INFO Comparing database entry: teplicka nad vahom, žilina with Teplička nad Váhom returned from geonames.
2025-08-19 17:04:25,270 INFO 📄 Index 0 | Name: Teplička nad Váhom | fcl: P, fcode: PPL | ADM1: Žilina Region, ADM2: Žilina District, ADM3: Teplička nad Váhom, ADM4:  | Latitude: 49.22435, Longitude: 18.79995 | Score: 37.27, Population: 0 | Fuzzy match: 72.72727272727273
2025-08-19 17:04:25,270 INFO Comparing database entry: teplicka nad vahom, žilina with Teplička nad Váhom returned from geonames.
2025-08-19 17:04:25,270 INFO 📄 Index 1 | Name: Teplička nad Váhom | fcl: A, fcode: ADM3 | ADM1: Žilina Region, ADM2: Žilina District, ADM3: Teplička nad Váhom, ADM4:  | Latitude: 49.22569, Longitude: 18.80021 | Score: 35.97, Population: 4217 | Fuzzy match: 72.72727272727273
2025-08-19 17:04:25,270 INFO Comparing database entry: teplicka nad vahom, žilina with Brezový Dvor returned from geonames.
2025-08-19 17:04:25,270 INFO 📄 Index 2 | Name: Brezový Dvor | fcl: P, fcode: PPL | ADM1: Žilina Region, ADM2: Žilina District, ADM3: Teplička nad Váhom, ADM4:  | Latitude: 49.21667, Longitude: 18.78333 | Score: 15.90, Population: 0 | Fuzzy match: 21.052631578947366
2025-08-19 17:04:25,416 INFO Comparing database entry: teplicka nad vahom, žilina with Teplička nad Váhom returned from geonames.
2025-08-19 17:04:25,416 INFO 📄 Index 0 | Name: Teplička nad Váhom | fcl: P, fcode: PPL | ADM1: Žilina Region, ADM2: Žilina District, ADM3: Teplička nad Váhom, ADM4:  | Latitude: 49.22435, Longitude: 18.79995 | Score: 37.27, Population: 0 | Fuzzy match: 72.72727272727273
2025-08-19 17:04:25,416 INFO Comparing database entry: teplicka nad vahom, žilina with Teplička nad Váhom returned from geonames.
2025-08-19 17:04:25,416 INFO 📄 Index 1 | Name: Teplička nad Váhom | fcl: A, fcode: ADM3 | ADM1: Žilina Region, ADM2: Žilina District, ADM3: Teplička nad Váhom, ADM4:  | Latitude: 49.22569, Longitude: 18.80021 | Score: 35.97, Population: 4217 | Fuzzy match: 72.72727272727273
2025-08-19 17:04:25,416 INFO Comparing database entry: teplicka nad vahom, žilina with Brezový Dvor returned from geonames.
2025-08-19 17:04:25,416 INFO 📄 Index 2 | Name: Brezový Dvor | fcl: P, fcode: PPL | ADM1: Žilina Region, ADM2: Žilina District, ADM3: Teplička nad Váhom, ADM4:  | Latitude: 49.21667, Longitude: 18.78333 | Score: 15.90, Population: 0 | Fuzzy match: 21.052631578947366
2025-08-19 17:04:25,563 INFO Comparing database entry: teplicka nad vahom, žilina with Teplička nad Váhom returned from geonames.
2025-08-19 17:04:25,563 INFO 📄 Index 0 | Name: Teplička nad Váhom | fcl: P, fcode: PPL | ADM1: Žilina Region, ADM2: Žilina District, ADM3: Teplička nad Váhom, ADM4:  | Latitude: 49.22435, Longitude: 18.79995 | Score: 37.27, Population: 0 | Fuzzy match: 72.72727272727273
2025-08-19 17:04:25,563 INFO Comparing database entry: teplicka nad vahom, žilina with Teplička nad Váhom returned from geonames.
2025-08-19 17:04:25,563 INFO 📄 Index 1 | Name: Teplička nad Váhom | fcl: A, fcode: ADM3 | ADM1: Žilina Region, ADM2: Žilina District, ADM3: Teplička nad Váhom, ADM4:  | Latitude: 49.22569, Longitude: 18.80021 | Score: 35.97, Population: 4217 | Fuzzy match: 72.72727272727273
2025-08-19 17:04:25,563 INFO Comparing database entry: teplicka nad vahom, žilina with Brezový Dvor returned from geonames.
2025-08-19 17:04:25,563 INFO 📄 Index 2 | Name: Brezový Dvor | fcl: P, fcode: PPL | ADM1: Žilina Region, ADM2: Žilina District, ADM3: Teplička nad Váhom, ADM4:  | Latitude: 49.21667, Longitude: 18.78333 | Score: 15.90, Population: 0 | Fuzzy match: 21.052631578947366
2025-08-19 17:04:25,708 INFO Comparing database entry: teplicka nad vahom, žilina with Teplička nad Váhom returned from geonames.
2025-08-19 17:04:25,708 INFO 📄 Index 0 | Name: Teplička nad Váhom | fcl: P, fcode: PPL | ADM1: Žilina Region, ADM2: Žilina District, ADM3: Teplička nad Váhom, ADM4:  | Latitude: 49.22435, Longitude: 18.79995 | Score: 37.27, Population: 0 | Fuzzy match: 72.72727272727273
2025-08-19 17:04:25,708 INFO Comparing database entry: teplicka nad vahom, žilina with Teplička nad Váhom returned from geonames.
2025-08-19 17:04:25,708 INFO 📄 Index 1 | Name: Teplička nad Váhom | fcl: A, fcode: ADM3 | ADM1: Žilina Region, ADM2: Žilina District, ADM3: Teplička nad Váhom, ADM4:  | Latitude: 49.22569, Longitude: 18.80021 | Score: 35.97, Population: 4217 | Fuzzy match: 72.72727272727273
2025-08-19 17:04:25,708 INFO Comparing database entry: teplicka nad vahom, žilina with Brezový Dvor returned from geonames.
2025-08-19 17:04:25,708 INFO 📄 Index 2 | Name: Brezový Dvor | fcl: P, fcode: PPL | ADM1: Žilina Region, ADM2: Žilina District, ADM3: Teplička nad Váhom, ADM4:  | Latitude: 49.21667, Longitude: 18.78333 | Score: 15.90, Population: 0 | Fuzzy match: 21.052631578947366
2025-08-19 17:04:25,882 INFO Comparing database entry: teplicka nad vahom, žilina with Teplička nad Váhom returned from geonames.
2025-08-19 17:04:25,883 INFO 📄 Index 0 | Name: Teplička nad Váhom | fcl: P, fcode: PPL | ADM1: Žilina Region, ADM2: Žilina District, ADM3: Teplička nad Váhom, ADM4:  | Latitude: 49.22435, Longitude: 18.79995 | Score: 37.27, Population: 0 | Fuzzy match: 72.72727272727273
2025-08-19 17:04:25,883 INFO Comparing database entry: teplicka nad vahom, žilina with Teplička nad Váhom returned from geonames.
2025-08-19 17:04:25,883 INFO 📄 Index 1 | Name: Teplička nad Váhom | fcl: A, fcode: ADM3 | ADM1: Žilina Region, ADM2: Žilina District, ADM3: Teplička nad Váhom, ADM4:  | Latitude: 49.22569, Longitude: 18.80021 | Score: 35.97, Population: 4217 | Fuzzy match: 72.72727272727273
2025-08-19 17:04:25,883 INFO Comparing database entry: teplicka nad vahom, žilina with Brezový Dvor returned from geonames.
2025-08-19 17:04:25,883 INFO 📄 Index 2 | Name: Brezový Dvor | fcl: P, fcode: PPL | ADM1: Žilina Region, ADM2: Žilina District, ADM3: Teplička nad Váhom, ADM4:  | Latitude: 49.21667, Longitude: 18.78333 | Score: 15.90, Population: 0 | Fuzzy match: 21.052631578947366
2025-08-19 17:04:25,883 WARNING ❌ No match found with fuzzy score > 80 for city: teplicka nad vahom, žilina
2025-08-19 17:04:25,883 WARNING ❌ Lookup failed for city='teplicka_nad_vahom_žilina', iso2='SK'
