2025-08-08 12:17:43,827 INFO 🗺️ Starting GeoNames lookup for city='chonburi_province', country='thailand'
2025-08-08 12:17:43,827 INFO 📍 Location is present in the following articles: [ObjectId('6840a1f2c202c40b602d381b')]
2025-08-08 12:17:44,010 INFO Comparing database entry: chonburi province with Chon Buri returned from geonames.
2025-08-08 12:17:44,011 INFO 📄 Index 0 | Name: Chon Buri | fcl: P, fcode: PPLA | ADM1: Chon Buri, ADM2: Mueang Chon Buri, ADM3: , ADM4:  | Score: 110.86, Population: 219164 | Fuzzy match: 53.84615384615385
2025-08-08 12:17:44,011 INFO Comparing database entry: chonburi province with Si Racha returned from geonames.
2025-08-08 12:17:44,011 INFO 📄 Index 1 | Name: Si Racha | fcl: P, fcode: PPLA2 | ADM1: Chon Buri, ADM2: Si Racha, ADM3: , ADM4:  | Score: 81.66, Population: 178916 | Fuzzy match: 31.999999999999996
2025-08-08 12:17:44,011 INFO Comparing database entry: chonburi province with Chon Buri returned from geonames.
2025-08-08 12:17:44,011 INFO 📄 Index 2 | Name: Chon Buri | fcl: A, fcode: ADM1 | ADM1: Chon Buri, ADM2: , ADM3: , ADM4:  | Score: 63.13, Population: 1535445 | Fuzzy match: 53.84615384615385
2025-08-08 12:17:44,011 INFO Comparing database entry: chonburi province with Pattaya returned from geonames.
2025-08-08 12:17:44,011 INFO 📄 Index 3 | Name: Pattaya | fcl: P, fcode: PPL | ADM1: Chon Buri, ADM2: Bang Lamung, ADM3: , ADM4:  | Score: 57.16, Population: 119532 | Fuzzy match: 8.333333333333337
2025-08-08 12:17:44,152 INFO Comparing database entry: chonburi province with Chon Buri returned from geonames.
2025-08-08 12:17:44,153 INFO 📄 Index 0 | Name: Chon Buri | fcl: P, fcode: PPLA | ADM1: Chon Buri, ADM2: Mueang Chon Buri, ADM3: , ADM4:  | Score: 110.86, Population: 219164 | Fuzzy match: 53.84615384615385
2025-08-08 12:17:44,153 INFO Comparing database entry: chonburi province with Si Racha returned from geonames.
2025-08-08 12:17:44,153 INFO 📄 Index 1 | Name: Si Racha | fcl: P, fcode: PPLA2 | ADM1: Chon Buri, ADM2: Si Racha, ADM3: , ADM4:  | Score: 81.66, Population: 178916 | Fuzzy match: 31.999999999999996
2025-08-08 12:17:44,153 INFO Comparing database entry: chonburi province with Chon Buri returned from geonames.
2025-08-08 12:17:44,153 INFO 📄 Index 2 | Name: Chon Buri | fcl: A, fcode: ADM1 | ADM1: Chon Buri, ADM2: , ADM3: , ADM4:  | Score: 63.13, Population: 1535445 | Fuzzy match: 53.84615384615385
2025-08-08 12:17:44,153 INFO Comparing database entry: chonburi province with Pattaya returned from geonames.
2025-08-08 12:17:44,153 INFO 📄 Index 3 | Name: Pattaya | fcl: P, fcode: PPL | ADM1: Chon Buri, ADM2: Bang Lamung, ADM3: , ADM4:  | Score: 57.16, Population: 119532 | Fuzzy match: 8.333333333333337
2025-08-08 12:17:44,292 INFO Comparing database entry: chonburi province with Chon Buri returned from geonames.
2025-08-08 12:17:44,292 INFO 📄 Index 0 | Name: Chon Buri | fcl: P, fcode: PPLA | ADM1: Chon Buri, ADM2: Mueang Chon Buri, ADM3: , ADM4:  | Score: 110.86, Population: 219164 | Fuzzy match: 53.84615384615385
2025-08-08 12:17:44,292 INFO Comparing database entry: chonburi province with Si Racha returned from geonames.
2025-08-08 12:17:44,292 INFO 📄 Index 1 | Name: Si Racha | fcl: P, fcode: PPLA2 | ADM1: Chon Buri, ADM2: Si Racha, ADM3: , ADM4:  | Score: 81.66, Population: 178916 | Fuzzy match: 31.999999999999996
2025-08-08 12:17:44,293 INFO Comparing database entry: chonburi province with Chon Buri returned from geonames.
2025-08-08 12:17:44,293 INFO 📄 Index 2 | Name: Chon Buri | fcl: A, fcode: ADM1 | ADM1: Chon Buri, ADM2: , ADM3: , ADM4:  | Score: 63.13, Population: 1535445 | Fuzzy match: 53.84615384615385
2025-08-08 12:17:44,293 INFO Comparing database entry: chonburi province with Pattaya returned from geonames.
2025-08-08 12:17:44,293 INFO 📄 Index 3 | Name: Pattaya | fcl: P, fcode: PPL | ADM1: Chon Buri, ADM2: Bang Lamung, ADM3: , ADM4:  | Score: 57.16, Population: 119532 | Fuzzy match: 8.333333333333337
2025-08-08 12:17:44,484 INFO Comparing database entry: chonburi province with Chon Buri returned from geonames.
2025-08-08 12:17:44,484 INFO 📄 Index 0 | Name: Chon Buri | fcl: P, fcode: PPLA | ADM1: Chon Buri, ADM2: Mueang Chon Buri, ADM3: , ADM4:  | Score: 110.86, Population: 219164 | Fuzzy match: 53.84615384615385
2025-08-08 12:17:44,485 INFO Comparing database entry: chonburi province with Si Racha returned from geonames.
2025-08-08 12:17:44,485 INFO 📄 Index 1 | Name: Si Racha | fcl: P, fcode: PPLA2 | ADM1: Chon Buri, ADM2: Si Racha, ADM3: , ADM4:  | Score: 81.66, Population: 178916 | Fuzzy match: 31.999999999999996
2025-08-08 12:17:44,485 INFO Comparing database entry: chonburi province with Chon Buri returned from geonames.
2025-08-08 12:17:44,485 INFO 📄 Index 2 | Name: Chon Buri | fcl: A, fcode: ADM1 | ADM1: Chon Buri, ADM2: , ADM3: , ADM4:  | Score: 63.13, Population: 1535445 | Fuzzy match: 53.84615384615385
2025-08-08 12:17:44,485 INFO Comparing database entry: chonburi province with Pattaya returned from geonames.
2025-08-08 12:17:44,485 INFO 📄 Index 3 | Name: Pattaya | fcl: P, fcode: PPL | ADM1: Chon Buri, ADM2: Bang Lamung, ADM3: , ADM4:  | Score: 57.16, Population: 119532 | Fuzzy match: 8.333333333333337
2025-08-08 12:17:44,642 INFO Comparing database entry: chonburi province with Chon Buri returned from geonames.
2025-08-08 12:17:44,642 INFO 📄 Index 0 | Name: Chon Buri | fcl: P, fcode: PPLA | ADM1: Chon Buri, ADM2: Mueang Chon Buri, ADM3: , ADM4:  | Score: 110.86, Population: 219164 | Fuzzy match: 53.84615384615385
2025-08-08 12:17:44,642 INFO Comparing database entry: chonburi province with Si Racha returned from geonames.
2025-08-08 12:17:44,642 INFO 📄 Index 1 | Name: Si Racha | fcl: P, fcode: PPLA2 | ADM1: Chon Buri, ADM2: Si Racha, ADM3: , ADM4:  | Score: 81.66, Population: 178916 | Fuzzy match: 31.999999999999996
2025-08-08 12:17:44,642 INFO Comparing database entry: chonburi province with Chon Buri returned from geonames.
2025-08-08 12:17:44,642 INFO 📄 Index 2 | Name: Chon Buri | fcl: A, fcode: ADM1 | ADM1: Chon Buri, ADM2: , ADM3: , ADM4:  | Score: 63.13, Population: 1535445 | Fuzzy match: 53.84615384615385
2025-08-08 12:17:44,642 INFO Comparing database entry: chonburi province with Pattaya returned from geonames.
2025-08-08 12:17:44,642 INFO 📄 Index 3 | Name: Pattaya | fcl: P, fcode: PPL | ADM1: Chon Buri, ADM2: Bang Lamung, ADM3: , ADM4:  | Score: 57.16, Population: 119532 | Fuzzy match: 8.333333333333337
2025-08-08 12:17:44,787 INFO Comparing database entry: chonburi province with Chon Buri returned from geonames.
2025-08-08 12:17:44,787 INFO 📄 Index 0 | Name: Chon Buri | fcl: P, fcode: PPLA | ADM1: Chon Buri, ADM2: Mueang Chon Buri, ADM3: , ADM4:  | Score: 110.86, Population: 219164 | Fuzzy match: 53.84615384615385
2025-08-08 12:17:44,787 INFO Comparing database entry: chonburi province with Si Racha returned from geonames.
2025-08-08 12:17:44,787 INFO 📄 Index 1 | Name: Si Racha | fcl: P, fcode: PPLA2 | ADM1: Chon Buri, ADM2: Si Racha, ADM3: , ADM4:  | Score: 81.66, Population: 178916 | Fuzzy match: 31.999999999999996
2025-08-08 12:17:44,787 INFO Comparing database entry: chonburi province with Chon Buri returned from geonames.
2025-08-08 12:17:44,787 INFO 📄 Index 2 | Name: Chon Buri | fcl: A, fcode: ADM1 | ADM1: Chon Buri, ADM2: , ADM3: , ADM4:  | Score: 63.13, Population: 1535445 | Fuzzy match: 53.84615384615385
2025-08-08 12:17:44,787 INFO Comparing database entry: chonburi province with Pattaya returned from geonames.
2025-08-08 12:17:44,787 INFO 📄 Index 3 | Name: Pattaya | fcl: P, fcode: PPL | ADM1: Chon Buri, ADM2: Bang Lamung, ADM3: , ADM4:  | Score: 57.16, Population: 119532 | Fuzzy match: 8.333333333333337
2025-08-08 12:17:44,787 WARNING ❌ No match found with fuzzy score > 80 for city: chonburi province
2025-08-08 12:17:44,787 WARNING ❌ Lookup failed for city='chonburi_province', iso2='TH'
