2025-10-09 18:47:34,852 INFO 🗺️ Starting GeoNames lookup for city='rovno', country='ukraine'
2025-10-09 18:47:34,852 INFO 📍 Location is present in the following articles: [ObjectId('67fbf73e94b7f855cfea6fd5')]
2025-10-09 18:47:34,924 INFO Comparing database entry: rovno with Rivne returned from geonames.
2025-10-09 18:47:34,924 INFO 📄 Index 0 | Name: Rivne | fcl: P, fcode: PPLA | ADM1: Rivne, ADM2: Rivne, ADM3: , ADM4:  | Latitude: 50.62036, Longitude: 26.23695 | Score: 93.19, Population: 245289 | Fuzzy match: 60.0
2025-10-09 18:47:34,924 INFO Comparing database entry: rovno with Rivne returned from geonames.
2025-10-09 18:47:34,924 INFO 📄 Index 1 | Name: Rivne | fcl: P, fcode: PPL | ADM1: Kirovohrad, ADM2: Novoukrainka Raion, ADM3: , ADM4:  | Latitude: 48.24098, Longitude: 31.75845 | Score: 26.43, Population: 5296 | Fuzzy match: 60.0
2025-10-09 18:47:34,924 INFO Comparing database entry: rovno with Rivne returned from geonames.
2025-10-09 18:47:34,924 INFO 📄 Index 2 | Name: Rivne | fcl: P, fcode: PPL | ADM1: Vinnytsia, ADM2: Mohyliv-Podilskyi Raion, ADM3: , ADM4:  | Latitude: 48.62877, Longitude: 27.57472 | Score: 20.81, Population: 0 | Fuzzy match: 60.0
2025-10-09 18:47:34,924 INFO Comparing database entry: rovno with Rivne returned from geonames.
2025-10-09 18:47:34,924 INFO 📄 Index 3 | Name: Rivne | fcl: P, fcode: PPL | ADM1: Volyn, ADM2: Kovel, ADM3: , ADM4:  | Latitude: 51.23566, Longitude: 23.81653 | Score: 20.81, Population: 0 | Fuzzy match: 60.0
2025-10-09 18:47:34,967 INFO Comparing database entry: rovno with Rivne returned from geonames.
2025-10-09 18:47:34,967 INFO 📄 Index 0 | Name: Rivne | fcl: P, fcode: PPLA | ADM1: Rivne, ADM2: Rivne, ADM3: , ADM4:  | Latitude: 50.62036, Longitude: 26.23695 | Score: 93.19, Population: 245289 | Fuzzy match: 60.0
2025-10-09 18:47:34,967 INFO Comparing database entry: rovno with Rivne returned from geonames.
2025-10-09 18:47:34,967 INFO 📄 Index 1 | Name: Rivne | fcl: P, fcode: PPL | ADM1: Kirovohrad, ADM2: Novoukrainka Raion, ADM3: , ADM4:  | Latitude: 48.24098, Longitude: 31.75845 | Score: 26.43, Population: 5296 | Fuzzy match: 60.0
2025-10-09 18:47:34,967 INFO Comparing database entry: rovno with Rivne returned from geonames.
2025-10-09 18:47:34,967 INFO 📄 Index 2 | Name: Rivne | fcl: P, fcode: PPL | ADM1: Vinnytsia, ADM2: Mohyliv-Podilskyi Raion, ADM3: , ADM4:  | Latitude: 48.62877, Longitude: 27.57472 | Score: 20.81, Population: 0 | Fuzzy match: 60.0
2025-10-09 18:47:34,967 INFO Comparing database entry: rovno with Rivne returned from geonames.
2025-10-09 18:47:34,968 INFO 📄 Index 3 | Name: Rivne | fcl: P, fcode: PPL | ADM1: Volyn, ADM2: Kovel, ADM3: , ADM4:  | Latitude: 51.23566, Longitude: 23.81653 | Score: 20.81, Population: 0 | Fuzzy match: 60.0
2025-10-09 18:47:35,009 INFO Comparing database entry: rovno with Rivne returned from geonames.
2025-10-09 18:47:35,009 INFO 📄 Index 0 | Name: Rivne | fcl: P, fcode: PPLA | ADM1: Rivne, ADM2: Rivne, ADM3: , ADM4:  | Latitude: 50.62036, Longitude: 26.23695 | Score: 93.19, Population: 245289 | Fuzzy match: 60.0
2025-10-09 18:47:35,009 INFO Comparing database entry: rovno with Rivne returned from geonames.
2025-10-09 18:47:35,010 INFO 📄 Index 1 | Name: Rivne | fcl: P, fcode: PPL | ADM1: Kirovohrad, ADM2: Novoukrainka Raion, ADM3: , ADM4:  | Latitude: 48.24098, Longitude: 31.75845 | Score: 26.43, Population: 5296 | Fuzzy match: 60.0
2025-10-09 18:47:35,010 INFO Comparing database entry: rovno with Rivne returned from geonames.
2025-10-09 18:47:35,010 INFO 📄 Index 2 | Name: Rivne | fcl: P, fcode: PPL | ADM1: Vinnytsia, ADM2: Mohyliv-Podilskyi Raion, ADM3: , ADM4:  | Latitude: 48.62877, Longitude: 27.57472 | Score: 20.81, Population: 0 | Fuzzy match: 60.0
2025-10-09 18:47:35,010 INFO Comparing database entry: rovno with Rivne returned from geonames.
2025-10-09 18:47:35,010 INFO 📄 Index 3 | Name: Rivne | fcl: P, fcode: PPL | ADM1: Volyn, ADM2: Kovel, ADM3: , ADM4:  | Latitude: 51.23566, Longitude: 23.81653 | Score: 20.81, Population: 0 | Fuzzy match: 60.0
2025-10-09 18:47:35,052 INFO Comparing database entry: rovno with Rivne returned from geonames.
2025-10-09 18:47:35,052 INFO 📄 Index 0 | Name: Rivne | fcl: P, fcode: PPLA | ADM1: Rivne, ADM2: Rivne, ADM3: , ADM4:  | Latitude: 50.62036, Longitude: 26.23695 | Score: 93.19, Population: 245289 | Fuzzy match: 60.0
2025-10-09 18:47:35,052 INFO Comparing database entry: rovno with Rivne returned from geonames.
2025-10-09 18:47:35,052 INFO 📄 Index 1 | Name: Rivne | fcl: P, fcode: PPL | ADM1: Kirovohrad, ADM2: Novoukrainka Raion, ADM3: , ADM4:  | Latitude: 48.24098, Longitude: 31.75845 | Score: 26.43, Population: 5296 | Fuzzy match: 60.0
2025-10-09 18:47:35,053 INFO Comparing database entry: rovno with Rivne returned from geonames.
2025-10-09 18:47:35,053 INFO 📄 Index 2 | Name: Rivne | fcl: P, fcode: PPL | ADM1: Vinnytsia, ADM2: Mohyliv-Podilskyi Raion, ADM3: , ADM4:  | Latitude: 48.62877, Longitude: 27.57472 | Score: 20.81, Population: 0 | Fuzzy match: 60.0
2025-10-09 18:47:35,053 INFO Comparing database entry: rovno with Rivne returned from geonames.
2025-10-09 18:47:35,053 INFO 📄 Index 3 | Name: Rivne | fcl: P, fcode: PPL | ADM1: Volyn, ADM2: Kovel, ADM3: , ADM4:  | Latitude: 51.23566, Longitude: 23.81653 | Score: 20.81, Population: 0 | Fuzzy match: 60.0
2025-10-09 18:47:35,095 INFO Comparing database entry: rovno with Rivne returned from geonames.
2025-10-09 18:47:35,095 INFO 📄 Index 0 | Name: Rivne | fcl: P, fcode: PPLA | ADM1: Rivne, ADM2: Rivne, ADM3: , ADM4:  | Latitude: 50.62036, Longitude: 26.23695 | Score: 93.19, Population: 245289 | Fuzzy match: 60.0
2025-10-09 18:47:35,096 INFO Comparing database entry: rovno with Rivne returned from geonames.
2025-10-09 18:47:35,096 INFO 📄 Index 1 | Name: Rivne | fcl: P, fcode: PPL | ADM1: Kirovohrad, ADM2: Novoukrainka Raion, ADM3: , ADM4:  | Latitude: 48.24098, Longitude: 31.75845 | Score: 26.43, Population: 5296 | Fuzzy match: 60.0
2025-10-09 18:47:35,096 INFO Comparing database entry: rovno with Rivne returned from geonames.
2025-10-09 18:47:35,096 INFO 📄 Index 2 | Name: Rivne | fcl: P, fcode: PPL | ADM1: Vinnytsia, ADM2: Mohyliv-Podilskyi Raion, ADM3: , ADM4:  | Latitude: 48.62877, Longitude: 27.57472 | Score: 20.81, Population: 0 | Fuzzy match: 60.0
2025-10-09 18:47:35,096 INFO Comparing database entry: rovno with Rivne returned from geonames.
2025-10-09 18:47:35,096 INFO 📄 Index 3 | Name: Rivne | fcl: P, fcode: PPL | ADM1: Volyn, ADM2: Kovel, ADM3: , ADM4:  | Latitude: 51.23566, Longitude: 23.81653 | Score: 20.81, Population: 0 | Fuzzy match: 60.0
2025-10-09 18:47:35,137 INFO Comparing database entry: rovno with Rivne returned from geonames.
2025-10-09 18:47:35,137 INFO 📄 Index 0 | Name: Rivne | fcl: P, fcode: PPLA | ADM1: Rivne, ADM2: Rivne, ADM3: , ADM4:  | Latitude: 50.62036, Longitude: 26.23695 | Score: 93.19, Population: 245289 | Fuzzy match: 60.0
2025-10-09 18:47:35,137 INFO Comparing database entry: rovno with Rivne returned from geonames.
2025-10-09 18:47:35,137 INFO 📄 Index 1 | Name: Rivne | fcl: P, fcode: PPL | ADM1: Kirovohrad, ADM2: Novoukrainka Raion, ADM3: , ADM4:  | Latitude: 48.24098, Longitude: 31.75845 | Score: 26.43, Population: 5296 | Fuzzy match: 60.0
2025-10-09 18:47:35,137 INFO Comparing database entry: rovno with Rivne returned from geonames.
2025-10-09 18:47:35,137 INFO 📄 Index 2 | Name: Rivne | fcl: P, fcode: PPL | ADM1: Vinnytsia, ADM2: Mohyliv-Podilskyi Raion, ADM3: , ADM4:  | Latitude: 48.62877, Longitude: 27.57472 | Score: 20.81, Population: 0 | Fuzzy match: 60.0
2025-10-09 18:47:35,138 INFO Comparing database entry: rovno with Rivne returned from geonames.
2025-10-09 18:47:35,138 INFO 📄 Index 3 | Name: Rivne | fcl: P, fcode: PPL | ADM1: Volyn, ADM2: Kovel, ADM3: , ADM4:  | Latitude: 51.23566, Longitude: 23.81653 | Score: 20.81, Population: 0 | Fuzzy match: 60.0
2025-10-09 18:47:35,138 WARNING ❌ No match found with fuzzy score > 80 for city: rovno
2025-10-09 18:47:35,138 WARNING ❌ Lookup failed for city='rovno', iso2='UA'
