2025-07-03 01:12:35,943 INFO 📍 Starting GeoNames lookup for city='port of la', country='united states'
2025-07-03 01:12:36,110 INFO 📄 Index 0 | Name: North Port | fcl: P, fcode: PPL | ADM1: Florida, ADM2: Sarasota, ADM3: , ADM4:  | Score: 33.71, Population: 62345 | Fuzzy match: 60.0
2025-07-03 01:12:36,111 INFO 📄 Index 1 | Name: Anchorage | fcl: P, fcode: PPLA2 | ADM1: Alaska, ADM2: Anchorage, ADM3: , ADM4:  | Score: 29.24, Population: 291247 | Fuzzy match: 31.57894736842105
2025-07-03 01:12:36,111 INFO 📄 Index 2 | Name: Port Hueneme | fcl: P, fcode: PPL | ADM1: California, ADM2: Ventura, ADM3: , ADM4:  | Score: 24.15, Population: 22423 | Fuzzy match: 45.45454545454546
2025-07-03 01:12:36,111 INFO 📄 Index 3 | Name: Port Angeles | fcl: P, fcode: PPLA2 | ADM1: Washington, ADM2: Clallam, ADM3: , ADM4:  | Score: 23.67, Population: 19448 | Fuzzy match: 54.54545454545454
2025-07-03 01:12:36,202 INFO 📄 Index 0 | Name: North Port | fcl: P, fcode: PPL | ADM1: Florida, ADM2: Sarasota, ADM3: , ADM4:  | Score: 33.71, Population: 62345 | Fuzzy match: 60.0
2025-07-03 01:12:36,202 INFO 📄 Index 1 | Name: Anchorage | fcl: P, fcode: PPLA2 | ADM1: Alaska, ADM2: Anchorage, ADM3: , ADM4:  | Score: 29.24, Population: 291247 | Fuzzy match: 31.57894736842105
2025-07-03 01:12:36,202 INFO 📄 Index 2 | Name: Port Hueneme | fcl: P, fcode: PPL | ADM1: California, ADM2: Ventura, ADM3: , ADM4:  | Score: 24.15, Population: 22423 | Fuzzy match: 45.45454545454546
2025-07-03 01:12:36,202 INFO 📄 Index 3 | Name: Port Angeles | fcl: P, fcode: PPLA2 | ADM1: Washington, ADM2: Clallam, ADM3: , ADM4:  | Score: 23.67, Population: 19448 | Fuzzy match: 54.54545454545454
2025-07-03 01:12:36,291 INFO 📄 Index 0 | Name: North Port | fcl: P, fcode: PPL | ADM1: Florida, ADM2: Sarasota, ADM3: , ADM4:  | Score: 33.71, Population: 62345 | Fuzzy match: 60.0
2025-07-03 01:12:36,291 INFO 📄 Index 1 | Name: Anchorage | fcl: P, fcode: PPLA2 | ADM1: Alaska, ADM2: Anchorage, ADM3: , ADM4:  | Score: 29.24, Population: 291247 | Fuzzy match: 31.57894736842105
2025-07-03 01:12:36,291 INFO 📄 Index 2 | Name: Port Hueneme | fcl: P, fcode: PPL | ADM1: California, ADM2: Ventura, ADM3: , ADM4:  | Score: 24.15, Population: 22423 | Fuzzy match: 45.45454545454546
2025-07-03 01:12:36,291 INFO 📄 Index 3 | Name: Port Angeles | fcl: P, fcode: PPLA2 | ADM1: Washington, ADM2: Clallam, ADM3: , ADM4:  | Score: 23.67, Population: 19448 | Fuzzy match: 54.54545454545454
2025-07-03 01:12:36,376 INFO 📄 Index 0 | Name: North Port | fcl: P, fcode: PPL | ADM1: Florida, ADM2: Sarasota, ADM3: , ADM4:  | Score: 33.71, Population: 62345 | Fuzzy match: 60.0
2025-07-03 01:12:36,377 INFO 📄 Index 1 | Name: Anchorage | fcl: P, fcode: PPLA2 | ADM1: Alaska, ADM2: Anchorage, ADM3: , ADM4:  | Score: 29.24, Population: 291247 | Fuzzy match: 31.57894736842105
2025-07-03 01:12:36,377 INFO 📄 Index 2 | Name: Port Hueneme | fcl: P, fcode: PPL | ADM1: California, ADM2: Ventura, ADM3: , ADM4:  | Score: 24.15, Population: 22423 | Fuzzy match: 45.45454545454546
2025-07-03 01:12:36,377 INFO 📄 Index 3 | Name: Port Angeles | fcl: P, fcode: PPLA2 | ADM1: Washington, ADM2: Clallam, ADM3: , ADM4:  | Score: 23.67, Population: 19448 | Fuzzy match: 54.54545454545454
2025-07-03 01:12:36,497 INFO 📄 Index 0 | Name: North Port | fcl: P, fcode: PPL | ADM1: Florida, ADM2: Sarasota, ADM3: , ADM4:  | Score: 33.71, Population: 62345 | Fuzzy match: 60.0
2025-07-03 01:12:36,497 INFO 📄 Index 1 | Name: Anchorage | fcl: P, fcode: PPLA2 | ADM1: Alaska, ADM2: Anchorage, ADM3: , ADM4:  | Score: 29.24, Population: 291247 | Fuzzy match: 31.57894736842105
2025-07-03 01:12:36,497 INFO 📄 Index 2 | Name: Port Hueneme | fcl: P, fcode: PPL | ADM1: California, ADM2: Ventura, ADM3: , ADM4:  | Score: 24.15, Population: 22423 | Fuzzy match: 45.45454545454546
2025-07-03 01:12:36,498 INFO 📄 Index 3 | Name: Port Angeles | fcl: P, fcode: PPLA2 | ADM1: Washington, ADM2: Clallam, ADM3: , ADM4:  | Score: 23.67, Population: 19448 | Fuzzy match: 54.54545454545454
2025-07-03 01:12:36,597 INFO 📄 Index 0 | Name: North Port | fcl: P, fcode: PPL | ADM1: Florida, ADM2: Sarasota, ADM3: , ADM4:  | Score: 33.71, Population: 62345 | Fuzzy match: 60.0
2025-07-03 01:12:36,597 INFO 📄 Index 1 | Name: Anchorage | fcl: P, fcode: PPLA2 | ADM1: Alaska, ADM2: Anchorage, ADM3: , ADM4:  | Score: 29.24, Population: 291247 | Fuzzy match: 31.57894736842105
2025-07-03 01:12:36,598 INFO 📄 Index 2 | Name: Port Hueneme | fcl: P, fcode: PPL | ADM1: California, ADM2: Ventura, ADM3: , ADM4:  | Score: 24.15, Population: 22423 | Fuzzy match: 45.45454545454546
2025-07-03 01:12:36,598 INFO 📄 Index 3 | Name: Port Angeles | fcl: P, fcode: PPLA2 | ADM1: Washington, ADM2: Clallam, ADM3: , ADM4:  | Score: 23.67, Population: 19448 | Fuzzy match: 54.54545454545454
2025-07-03 01:12:36,598 WARNING ❌ No match found with fuzzy score > 80 for city: port of la
2025-07-03 01:12:36,598 WARNING ❌ lookup failed for city='port of la', iso2='US'
