2025-08-07 18:24:56,280 INFO 🗺️ Starting GeoNames lookup for city='appalachia', country='united states'
2025-08-07 18:24:56,280 INFO 📍 Location is present in the following articles: [ObjectId('67fbeeca94b7f855cfea6670')]
2025-08-07 18:24:56,471 INFO Comparing database entry: appalachia with Huntsville returned from geonames.
2025-08-07 18:24:56,471 INFO 📄 Index 0 | Name: Huntsville | fcl: P, fcode: PPLA2 | ADM1: Alabama, ADM2: Madison, ADM3: , ADM4:  | Score: 29.73, Population: 215006 | Fuzzy match: 19.999999999999996
2025-08-07 18:24:56,471 INFO Comparing database entry: appalachia with Tuscaloosa returned from geonames.
2025-08-07 18:24:56,472 INFO 📄 Index 1 | Name: Tuscaloosa | fcl: P, fcode: PPLA2 | ADM1: Alabama, ADM2: Tuscaloosa, ADM3: , ADM4:  | Score: 29.73, Population: 98332 | Fuzzy match: 30.000000000000004
2025-08-07 18:24:56,472 INFO Comparing database entry: appalachia with Birmingham returned from geonames.
2025-08-07 18:24:56,472 INFO 📄 Index 2 | Name: Birmingham | fcl: P, fcode: PPLA2 | ADM1: Alabama, ADM2: Jefferson, ADM3: , ADM4:  | Score: 29.73, Population: 212461 | Fuzzy match: 19.999999999999996
2025-08-07 18:24:56,472 INFO Comparing database entry: appalachia with Knoxville returned from geonames.
2025-08-07 18:24:56,472 INFO 📄 Index 3 | Name: Knoxville | fcl: P, fcode: PPLA2 | ADM1: Tennessee, ADM2: Knox, ADM3: , ADM4:  | Score: 29.73, Population: 185291 | Fuzzy match: 10.526315789473683
2025-08-07 18:24:56,668 INFO Comparing database entry: appalachia with Huntsville returned from geonames.
2025-08-07 18:24:56,669 INFO 📄 Index 0 | Name: Huntsville | fcl: P, fcode: PPLA2 | ADM1: Alabama, ADM2: Madison, ADM3: , ADM4:  | Score: 29.73, Population: 215006 | Fuzzy match: 19.999999999999996
2025-08-07 18:24:56,669 INFO Comparing database entry: appalachia with Tuscaloosa returned from geonames.
2025-08-07 18:24:56,669 INFO 📄 Index 1 | Name: Tuscaloosa | fcl: P, fcode: PPLA2 | ADM1: Alabama, ADM2: Tuscaloosa, ADM3: , ADM4:  | Score: 29.73, Population: 98332 | Fuzzy match: 30.000000000000004
2025-08-07 18:24:56,669 INFO Comparing database entry: appalachia with Birmingham returned from geonames.
2025-08-07 18:24:56,669 INFO 📄 Index 2 | Name: Birmingham | fcl: P, fcode: PPLA2 | ADM1: Alabama, ADM2: Jefferson, ADM3: , ADM4:  | Score: 29.73, Population: 212461 | Fuzzy match: 19.999999999999996
2025-08-07 18:24:56,669 INFO Comparing database entry: appalachia with Knoxville returned from geonames.
2025-08-07 18:24:56,669 INFO 📄 Index 3 | Name: Knoxville | fcl: P, fcode: PPLA2 | ADM1: Tennessee, ADM2: Knox, ADM3: , ADM4:  | Score: 29.73, Population: 185291 | Fuzzy match: 10.526315789473683
2025-08-07 18:24:56,858 INFO Comparing database entry: appalachia with Huntsville returned from geonames.
2025-08-07 18:24:56,858 INFO 📄 Index 0 | Name: Huntsville | fcl: P, fcode: PPLA2 | ADM1: Alabama, ADM2: Madison, ADM3: , ADM4:  | Score: 29.73, Population: 215006 | Fuzzy match: 19.999999999999996
2025-08-07 18:24:56,858 INFO Comparing database entry: appalachia with Tuscaloosa returned from geonames.
2025-08-07 18:24:56,858 INFO 📄 Index 1 | Name: Tuscaloosa | fcl: P, fcode: PPLA2 | ADM1: Alabama, ADM2: Tuscaloosa, ADM3: , ADM4:  | Score: 29.73, Population: 98332 | Fuzzy match: 30.000000000000004
2025-08-07 18:24:56,858 INFO Comparing database entry: appalachia with Birmingham returned from geonames.
2025-08-07 18:24:56,858 INFO 📄 Index 2 | Name: Birmingham | fcl: P, fcode: PPLA2 | ADM1: Alabama, ADM2: Jefferson, ADM3: , ADM4:  | Score: 29.73, Population: 212461 | Fuzzy match: 19.999999999999996
2025-08-07 18:24:56,859 INFO Comparing database entry: appalachia with Knoxville returned from geonames.
2025-08-07 18:24:56,859 INFO 📄 Index 3 | Name: Knoxville | fcl: P, fcode: PPLA2 | ADM1: Tennessee, ADM2: Knox, ADM3: , ADM4:  | Score: 29.73, Population: 185291 | Fuzzy match: 10.526315789473683
2025-08-07 18:24:57,036 INFO Comparing database entry: appalachia with Huntsville returned from geonames.
2025-08-07 18:24:57,037 INFO 📄 Index 0 | Name: Huntsville | fcl: P, fcode: PPLA2 | ADM1: Alabama, ADM2: Madison, ADM3: , ADM4:  | Score: 29.73, Population: 215006 | Fuzzy match: 19.999999999999996
2025-08-07 18:24:57,037 INFO Comparing database entry: appalachia with Tuscaloosa returned from geonames.
2025-08-07 18:24:57,037 INFO 📄 Index 1 | Name: Tuscaloosa | fcl: P, fcode: PPLA2 | ADM1: Alabama, ADM2: Tuscaloosa, ADM3: , ADM4:  | Score: 29.73, Population: 98332 | Fuzzy match: 30.000000000000004
2025-08-07 18:24:57,037 INFO Comparing database entry: appalachia with Birmingham returned from geonames.
2025-08-07 18:24:57,037 INFO 📄 Index 2 | Name: Birmingham | fcl: P, fcode: PPLA2 | ADM1: Alabama, ADM2: Jefferson, ADM3: , ADM4:  | Score: 29.73, Population: 212461 | Fuzzy match: 19.999999999999996
2025-08-07 18:24:57,037 INFO Comparing database entry: appalachia with Knoxville returned from geonames.
2025-08-07 18:24:57,037 INFO 📄 Index 3 | Name: Knoxville | fcl: P, fcode: PPLA2 | ADM1: Tennessee, ADM2: Knox, ADM3: , ADM4:  | Score: 29.73, Population: 185291 | Fuzzy match: 10.526315789473683
2025-08-07 18:24:57,207 INFO Comparing database entry: appalachia with Huntsville returned from geonames.
2025-08-07 18:24:57,208 INFO 📄 Index 0 | Name: Huntsville | fcl: P, fcode: PPLA2 | ADM1: Alabama, ADM2: Madison, ADM3: , ADM4:  | Score: 29.73, Population: 215006 | Fuzzy match: 19.999999999999996
2025-08-07 18:24:57,208 INFO Comparing database entry: appalachia with Tuscaloosa returned from geonames.
2025-08-07 18:24:57,208 INFO 📄 Index 1 | Name: Tuscaloosa | fcl: P, fcode: PPLA2 | ADM1: Alabama, ADM2: Tuscaloosa, ADM3: , ADM4:  | Score: 29.73, Population: 98332 | Fuzzy match: 30.000000000000004
2025-08-07 18:24:57,208 INFO Comparing database entry: appalachia with Birmingham returned from geonames.
2025-08-07 18:24:57,208 INFO 📄 Index 2 | Name: Birmingham | fcl: P, fcode: PPLA2 | ADM1: Alabama, ADM2: Jefferson, ADM3: , ADM4:  | Score: 29.73, Population: 212461 | Fuzzy match: 19.999999999999996
2025-08-07 18:24:57,208 INFO Comparing database entry: appalachia with Knoxville returned from geonames.
2025-08-07 18:24:57,208 INFO 📄 Index 3 | Name: Knoxville | fcl: P, fcode: PPLA2 | ADM1: Tennessee, ADM2: Knox, ADM3: , ADM4:  | Score: 29.73, Population: 185291 | Fuzzy match: 10.526315789473683
2025-08-07 18:24:57,382 INFO Comparing database entry: appalachia with Huntsville returned from geonames.
2025-08-07 18:24:57,383 INFO 📄 Index 0 | Name: Huntsville | fcl: P, fcode: PPLA2 | ADM1: Alabama, ADM2: Madison, ADM3: , ADM4:  | Score: 29.73, Population: 215006 | Fuzzy match: 19.999999999999996
2025-08-07 18:24:57,383 INFO Comparing database entry: appalachia with Tuscaloosa returned from geonames.
2025-08-07 18:24:57,383 INFO 📄 Index 1 | Name: Tuscaloosa | fcl: P, fcode: PPLA2 | ADM1: Alabama, ADM2: Tuscaloosa, ADM3: , ADM4:  | Score: 29.73, Population: 98332 | Fuzzy match: 30.000000000000004
2025-08-07 18:24:57,383 INFO Comparing database entry: appalachia with Birmingham returned from geonames.
2025-08-07 18:24:57,383 INFO 📄 Index 2 | Name: Birmingham | fcl: P, fcode: PPLA2 | ADM1: Alabama, ADM2: Jefferson, ADM3: , ADM4:  | Score: 29.73, Population: 212461 | Fuzzy match: 19.999999999999996
2025-08-07 18:24:57,383 INFO Comparing database entry: appalachia with Knoxville returned from geonames.
2025-08-07 18:24:57,383 INFO 📄 Index 3 | Name: Knoxville | fcl: P, fcode: PPLA2 | ADM1: Tennessee, ADM2: Knox, ADM3: , ADM4:  | Score: 29.73, Population: 185291 | Fuzzy match: 10.526315789473683
2025-08-07 18:24:57,383 WARNING ❌ No match found with fuzzy score > 80 for city: appalachia
2025-08-07 18:24:57,383 WARNING ❌ Lookup failed for city='appalachia', iso2='US'
