2025-08-08 11:53:55,864 INFO 🗺️ Starting GeoNames lookup for city='alameda', country='united states'
2025-08-08 11:53:55,864 INFO 📍 Location is present in the following articles: [ObjectId('67f92140f431fddd61d55a77')]
2025-08-08 11:53:56,064 INFO Comparing database entry: alameda with Fremont returned from geonames.
2025-08-08 11:53:56,064 INFO 📄 Index 0 | Name: Fremont | fcl: P, fcode: PPL | ADM1: California, ADM2: Alameda, ADM3: , ADM4:  | Score: 56.85, Population: 232206 | Fuzzy match: 14.28571428571429
2025-08-08 11:53:56,064 INFO Comparing database entry: alameda with Hayward returned from geonames.
2025-08-08 11:53:56,064 INFO 📄 Index 1 | Name: Hayward | fcl: P, fcode: PPL | ADM1: California, ADM2: Alameda, ADM3: , ADM4:  | Score: 56.85, Population: 158289 | Fuzzy match: 42.85714285714286
2025-08-08 11:53:56,064 INFO Comparing database entry: alameda with Oakland returned from geonames.
2025-08-08 11:53:56,064 INFO 📄 Index 2 | Name: Oakland | fcl: P, fcode: PPLA2 | ADM1: California, ADM2: Alameda, ADM3: , ADM4:  | Score: 56.85, Population: 419267 | Fuzzy match: 57.14285714285714
2025-08-08 11:53:56,064 INFO Comparing database entry: alameda with Berkeley returned from geonames.
2025-08-08 11:53:56,064 INFO 📄 Index 3 | Name: Berkeley | fcl: P, fcode: PPL | ADM1: California, ADM2: Alameda, ADM3: , ADM4:  | Score: 51.99, Population: 120972 | Fuzzy match: 26.66666666666667
2025-08-08 11:53:56,287 INFO Comparing database entry: alameda with Fremont returned from geonames.
2025-08-08 11:53:56,288 INFO 📄 Index 0 | Name: Fremont | fcl: P, fcode: PPL | ADM1: California, ADM2: Alameda, ADM3: , ADM4:  | Score: 56.85, Population: 232206 | Fuzzy match: 14.28571428571429
2025-08-08 11:53:56,288 INFO Comparing database entry: alameda with Hayward returned from geonames.
2025-08-08 11:53:56,288 INFO 📄 Index 1 | Name: Hayward | fcl: P, fcode: PPL | ADM1: California, ADM2: Alameda, ADM3: , ADM4:  | Score: 56.85, Population: 158289 | Fuzzy match: 42.85714285714286
2025-08-08 11:53:56,288 INFO Comparing database entry: alameda with Oakland returned from geonames.
2025-08-08 11:53:56,288 INFO 📄 Index 2 | Name: Oakland | fcl: P, fcode: PPLA2 | ADM1: California, ADM2: Alameda, ADM3: , ADM4:  | Score: 56.85, Population: 419267 | Fuzzy match: 57.14285714285714
2025-08-08 11:53:56,288 INFO Comparing database entry: alameda with Berkeley returned from geonames.
2025-08-08 11:53:56,288 INFO 📄 Index 3 | Name: Berkeley | fcl: P, fcode: PPL | ADM1: California, ADM2: Alameda, ADM3: , ADM4:  | Score: 51.99, Population: 120972 | Fuzzy match: 26.66666666666667
2025-08-08 11:53:56,490 INFO Comparing database entry: alameda with Fremont returned from geonames.
2025-08-08 11:53:56,490 INFO 📄 Index 0 | Name: Fremont | fcl: P, fcode: PPL | ADM1: California, ADM2: Alameda, ADM3: , ADM4:  | Score: 56.85, Population: 232206 | Fuzzy match: 14.28571428571429
2025-08-08 11:53:56,490 INFO Comparing database entry: alameda with Hayward returned from geonames.
2025-08-08 11:53:56,490 INFO 📄 Index 1 | Name: Hayward | fcl: P, fcode: PPL | ADM1: California, ADM2: Alameda, ADM3: , ADM4:  | Score: 56.85, Population: 158289 | Fuzzy match: 42.85714285714286
2025-08-08 11:53:56,490 INFO Comparing database entry: alameda with Oakland returned from geonames.
2025-08-08 11:53:56,490 INFO 📄 Index 2 | Name: Oakland | fcl: P, fcode: PPLA2 | ADM1: California, ADM2: Alameda, ADM3: , ADM4:  | Score: 56.85, Population: 419267 | Fuzzy match: 57.14285714285714
2025-08-08 11:53:56,490 INFO Comparing database entry: alameda with Berkeley returned from geonames.
2025-08-08 11:53:56,490 INFO 📄 Index 3 | Name: Berkeley | fcl: P, fcode: PPL | ADM1: California, ADM2: Alameda, ADM3: , ADM4:  | Score: 51.99, Population: 120972 | Fuzzy match: 26.66666666666667
2025-08-08 11:53:56,731 INFO Comparing database entry: alameda with Fremont returned from geonames.
2025-08-08 11:53:56,732 INFO 📄 Index 0 | Name: Fremont | fcl: P, fcode: PPL | ADM1: California, ADM2: Alameda, ADM3: , ADM4:  | Score: 56.85, Population: 232206 | Fuzzy match: 14.28571428571429
2025-08-08 11:53:56,732 INFO Comparing database entry: alameda with Hayward returned from geonames.
2025-08-08 11:53:56,732 INFO 📄 Index 1 | Name: Hayward | fcl: P, fcode: PPL | ADM1: California, ADM2: Alameda, ADM3: , ADM4:  | Score: 56.85, Population: 158289 | Fuzzy match: 42.85714285714286
2025-08-08 11:53:56,732 INFO Comparing database entry: alameda with Oakland returned from geonames.
2025-08-08 11:53:56,732 INFO 📄 Index 2 | Name: Oakland | fcl: P, fcode: PPLA2 | ADM1: California, ADM2: Alameda, ADM3: , ADM4:  | Score: 56.85, Population: 419267 | Fuzzy match: 57.14285714285714
2025-08-08 11:53:56,732 INFO Comparing database entry: alameda with Berkeley returned from geonames.
2025-08-08 11:53:56,732 INFO 📄 Index 3 | Name: Berkeley | fcl: P, fcode: PPL | ADM1: California, ADM2: Alameda, ADM3: , ADM4:  | Score: 51.99, Population: 120972 | Fuzzy match: 26.66666666666667
2025-08-08 11:53:56,995 INFO Comparing database entry: alameda with Fremont returned from geonames.
2025-08-08 11:53:56,995 INFO 📄 Index 0 | Name: Fremont | fcl: P, fcode: PPL | ADM1: California, ADM2: Alameda, ADM3: , ADM4:  | Score: 56.85, Population: 232206 | Fuzzy match: 14.28571428571429
2025-08-08 11:53:56,995 INFO Comparing database entry: alameda with Hayward returned from geonames.
2025-08-08 11:53:56,995 INFO 📄 Index 1 | Name: Hayward | fcl: P, fcode: PPL | ADM1: California, ADM2: Alameda, ADM3: , ADM4:  | Score: 56.85, Population: 158289 | Fuzzy match: 42.85714285714286
2025-08-08 11:53:56,995 INFO Comparing database entry: alameda with Oakland returned from geonames.
2025-08-08 11:53:56,995 INFO 📄 Index 2 | Name: Oakland | fcl: P, fcode: PPLA2 | ADM1: California, ADM2: Alameda, ADM3: , ADM4:  | Score: 56.85, Population: 419267 | Fuzzy match: 57.14285714285714
2025-08-08 11:53:56,995 INFO Comparing database entry: alameda with Berkeley returned from geonames.
2025-08-08 11:53:56,996 INFO 📄 Index 3 | Name: Berkeley | fcl: P, fcode: PPL | ADM1: California, ADM2: Alameda, ADM3: , ADM4:  | Score: 51.99, Population: 120972 | Fuzzy match: 26.66666666666667
2025-08-08 11:53:57,251 INFO Comparing database entry: alameda with Fremont returned from geonames.
2025-08-08 11:53:57,251 INFO 📄 Index 0 | Name: Fremont | fcl: P, fcode: PPL | ADM1: California, ADM2: Alameda, ADM3: , ADM4:  | Score: 56.85, Population: 232206 | Fuzzy match: 14.28571428571429
2025-08-08 11:53:57,251 INFO Comparing database entry: alameda with Hayward returned from geonames.
2025-08-08 11:53:57,251 INFO 📄 Index 1 | Name: Hayward | fcl: P, fcode: PPL | ADM1: California, ADM2: Alameda, ADM3: , ADM4:  | Score: 56.85, Population: 158289 | Fuzzy match: 42.85714285714286
2025-08-08 11:53:57,251 INFO Comparing database entry: alameda with Oakland returned from geonames.
2025-08-08 11:53:57,251 INFO 📄 Index 2 | Name: Oakland | fcl: P, fcode: PPLA2 | ADM1: California, ADM2: Alameda, ADM3: , ADM4:  | Score: 56.85, Population: 419267 | Fuzzy match: 57.14285714285714
2025-08-08 11:53:57,251 INFO Comparing database entry: alameda with Berkeley returned from geonames.
2025-08-08 11:53:57,251 INFO 📄 Index 3 | Name: Berkeley | fcl: P, fcode: PPL | ADM1: California, ADM2: Alameda, ADM3: , ADM4:  | Score: 51.99, Population: 120972 | Fuzzy match: 26.66666666666667
2025-08-08 11:53:57,251 WARNING ❌ No match found with fuzzy score > 80 for city: alameda
2025-08-08 11:53:57,252 WARNING ❌ Lookup failed for city='alameda', iso2='US'
