2025-08-08 12:17:45,713 INFO 🗺️ Starting GeoNames lookup for city='bartow_county', country='united states'
2025-08-08 12:17:45,713 INFO 📍 Location is present in the following articles: [ObjectId('67f922bdf431fddd61d55f67')]
2025-08-08 12:17:45,871 INFO Comparing database entry: bartow county with Bartow returned from geonames.
2025-08-08 12:17:45,871 INFO 📄 Index 0 | Name: Bartow | fcl: A, fcode: ADM2 | ADM1: Georgia, ADM2: Bartow, ADM3: , ADM4:  | Score: 33.94, Population: 107738 | Fuzzy match: 63.1578947368421
2025-08-08 12:17:45,871 INFO Comparing database entry: bartow county with Cartersville returned from geonames.
2025-08-08 12:17:45,871 INFO 📄 Index 1 | Name: Cartersville | fcl: P, fcode: PPLA2 | ADM1: Georgia, ADM2: Bartow, ADM3: , ADM4:  | Score: 28.16, Population: 20319 | Fuzzy match: 24.0
2025-08-08 12:17:45,871 INFO Comparing database entry: bartow county with Adairsville returned from geonames.
2025-08-08 12:17:45,871 INFO 📄 Index 2 | Name: Adairsville | fcl: P, fcode: PPL | ADM1: Georgia, ADM2: Bartow, ADM3: , ADM4:  | Score: 26.61, Population: 4778 | Fuzzy match: 16.666666666666664
2025-08-08 12:17:45,871 INFO Comparing database entry: bartow county with Rydal returned from geonames.
2025-08-08 12:17:45,871 INFO 📄 Index 3 | Name: Rydal | fcl: P, fcode: PPL | ADM1: Georgia, ADM2: Bartow, ADM3: , ADM4:  | Score: 24.06, Population: 4087 | Fuzzy match: 22.22222222222222
2025-08-08 12:17:46,023 INFO Comparing database entry: bartow county with Bartow returned from geonames.
2025-08-08 12:17:46,023 INFO 📄 Index 0 | Name: Bartow | fcl: A, fcode: ADM2 | ADM1: Georgia, ADM2: Bartow, ADM3: , ADM4:  | Score: 33.94, Population: 107738 | Fuzzy match: 63.1578947368421
2025-08-08 12:17:46,024 INFO Comparing database entry: bartow county with Cartersville returned from geonames.
2025-08-08 12:17:46,024 INFO 📄 Index 1 | Name: Cartersville | fcl: P, fcode: PPLA2 | ADM1: Georgia, ADM2: Bartow, ADM3: , ADM4:  | Score: 28.16, Population: 20319 | Fuzzy match: 24.0
2025-08-08 12:17:46,024 INFO Comparing database entry: bartow county with Adairsville returned from geonames.
2025-08-08 12:17:46,024 INFO 📄 Index 2 | Name: Adairsville | fcl: P, fcode: PPL | ADM1: Georgia, ADM2: Bartow, ADM3: , ADM4:  | Score: 26.61, Population: 4778 | Fuzzy match: 16.666666666666664
2025-08-08 12:17:46,024 INFO Comparing database entry: bartow county with Rydal returned from geonames.
2025-08-08 12:17:46,024 INFO 📄 Index 3 | Name: Rydal | fcl: P, fcode: PPL | ADM1: Georgia, ADM2: Bartow, ADM3: , ADM4:  | Score: 24.06, Population: 4087 | Fuzzy match: 22.22222222222222
2025-08-08 12:17:46,172 INFO Comparing database entry: bartow county with Bartow returned from geonames.
2025-08-08 12:17:46,172 INFO 📄 Index 0 | Name: Bartow | fcl: A, fcode: ADM2 | ADM1: Georgia, ADM2: Bartow, ADM3: , ADM4:  | Score: 33.94, Population: 107738 | Fuzzy match: 63.1578947368421
2025-08-08 12:17:46,172 INFO Comparing database entry: bartow county with Cartersville returned from geonames.
2025-08-08 12:17:46,172 INFO 📄 Index 1 | Name: Cartersville | fcl: P, fcode: PPLA2 | ADM1: Georgia, ADM2: Bartow, ADM3: , ADM4:  | Score: 28.16, Population: 20319 | Fuzzy match: 24.0
2025-08-08 12:17:46,172 INFO Comparing database entry: bartow county with Adairsville returned from geonames.
2025-08-08 12:17:46,172 INFO 📄 Index 2 | Name: Adairsville | fcl: P, fcode: PPL | ADM1: Georgia, ADM2: Bartow, ADM3: , ADM4:  | Score: 26.61, Population: 4778 | Fuzzy match: 16.666666666666664
2025-08-08 12:17:46,172 INFO Comparing database entry: bartow county with Rydal returned from geonames.
2025-08-08 12:17:46,172 INFO 📄 Index 3 | Name: Rydal | fcl: P, fcode: PPL | ADM1: Georgia, ADM2: Bartow, ADM3: , ADM4:  | Score: 24.06, Population: 4087 | Fuzzy match: 22.22222222222222
2025-08-08 12:17:46,324 INFO Comparing database entry: bartow county with Bartow returned from geonames.
2025-08-08 12:17:46,325 INFO 📄 Index 0 | Name: Bartow | fcl: A, fcode: ADM2 | ADM1: Georgia, ADM2: Bartow, ADM3: , ADM4:  | Score: 33.94, Population: 107738 | Fuzzy match: 63.1578947368421
2025-08-08 12:17:46,325 INFO Comparing database entry: bartow county with Cartersville returned from geonames.
2025-08-08 12:17:46,325 INFO 📄 Index 1 | Name: Cartersville | fcl: P, fcode: PPLA2 | ADM1: Georgia, ADM2: Bartow, ADM3: , ADM4:  | Score: 28.16, Population: 20319 | Fuzzy match: 24.0
2025-08-08 12:17:46,325 INFO Comparing database entry: bartow county with Adairsville returned from geonames.
2025-08-08 12:17:46,325 INFO 📄 Index 2 | Name: Adairsville | fcl: P, fcode: PPL | ADM1: Georgia, ADM2: Bartow, ADM3: , ADM4:  | Score: 26.61, Population: 4778 | Fuzzy match: 16.666666666666664
2025-08-08 12:17:46,325 INFO Comparing database entry: bartow county with Rydal returned from geonames.
2025-08-08 12:17:46,325 INFO 📄 Index 3 | Name: Rydal | fcl: P, fcode: PPL | ADM1: Georgia, ADM2: Bartow, ADM3: , ADM4:  | Score: 24.06, Population: 4087 | Fuzzy match: 22.22222222222222
2025-08-08 12:17:46,479 INFO Comparing database entry: bartow county with Bartow returned from geonames.
2025-08-08 12:17:46,480 INFO 📄 Index 0 | Name: Bartow | fcl: A, fcode: ADM2 | ADM1: Georgia, ADM2: Bartow, ADM3: , ADM4:  | Score: 33.94, Population: 107738 | Fuzzy match: 63.1578947368421
2025-08-08 12:17:46,480 INFO Comparing database entry: bartow county with Cartersville returned from geonames.
2025-08-08 12:17:46,480 INFO 📄 Index 1 | Name: Cartersville | fcl: P, fcode: PPLA2 | ADM1: Georgia, ADM2: Bartow, ADM3: , ADM4:  | Score: 28.16, Population: 20319 | Fuzzy match: 24.0
2025-08-08 12:17:46,480 INFO Comparing database entry: bartow county with Adairsville returned from geonames.
2025-08-08 12:17:46,480 INFO 📄 Index 2 | Name: Adairsville | fcl: P, fcode: PPL | ADM1: Georgia, ADM2: Bartow, ADM3: , ADM4:  | Score: 26.61, Population: 4778 | Fuzzy match: 16.666666666666664
2025-08-08 12:17:46,480 INFO Comparing database entry: bartow county with Rydal returned from geonames.
2025-08-08 12:17:46,480 INFO 📄 Index 3 | Name: Rydal | fcl: P, fcode: PPL | ADM1: Georgia, ADM2: Bartow, ADM3: , ADM4:  | Score: 24.06, Population: 4087 | Fuzzy match: 22.22222222222222
2025-08-08 12:17:46,648 INFO Comparing database entry: bartow county with Bartow returned from geonames.
2025-08-08 12:17:46,648 INFO 📄 Index 0 | Name: Bartow | fcl: A, fcode: ADM2 | ADM1: Georgia, ADM2: Bartow, ADM3: , ADM4:  | Score: 33.94, Population: 107738 | Fuzzy match: 63.1578947368421
2025-08-08 12:17:46,648 INFO Comparing database entry: bartow county with Cartersville returned from geonames.
2025-08-08 12:17:46,648 INFO 📄 Index 1 | Name: Cartersville | fcl: P, fcode: PPLA2 | ADM1: Georgia, ADM2: Bartow, ADM3: , ADM4:  | Score: 28.16, Population: 20319 | Fuzzy match: 24.0
2025-08-08 12:17:46,648 INFO Comparing database entry: bartow county with Adairsville returned from geonames.
2025-08-08 12:17:46,648 INFO 📄 Index 2 | Name: Adairsville | fcl: P, fcode: PPL | ADM1: Georgia, ADM2: Bartow, ADM3: , ADM4:  | Score: 26.61, Population: 4778 | Fuzzy match: 16.666666666666664
2025-08-08 12:17:46,648 INFO Comparing database entry: bartow county with Rydal returned from geonames.
2025-08-08 12:17:46,648 INFO 📄 Index 3 | Name: Rydal | fcl: P, fcode: PPL | ADM1: Georgia, ADM2: Bartow, ADM3: , ADM4:  | Score: 24.06, Population: 4087 | Fuzzy match: 22.22222222222222
2025-08-08 12:17:46,648 WARNING ❌ No match found with fuzzy score > 80 for city: bartow county
2025-08-08 12:17:46,649 WARNING ❌ Lookup failed for city='bartow_county', iso2='US'
