2025-08-08 12:17:48,114 INFO 🗺️ Starting GeoNames lookup for city='bibb_county', country='usa'
2025-08-08 12:17:48,114 INFO 📍 Location is present in the following articles: [ObjectId('67f9228ef431fddd61d55ecd')]
2025-08-08 12:17:48,271 INFO Comparing database entry: bibb county with Macon returned from geonames.
2025-08-08 12:17:48,272 INFO 📄 Index 0 | Name: Macon | fcl: P, fcode: PPLA2 | ADM1: Georgia, ADM2: Bibb, ADM3: , ADM4:  | Score: 47.04, Population: 91351 | Fuzzy match: 37.5
2025-08-08 12:17:48,272 INFO Comparing database entry: bibb county with Bibb returned from geonames.
2025-08-08 12:17:48,272 INFO 📄 Index 1 | Name: Bibb | fcl: A, fcode: ADM2 | ADM1: Alabama, ADM2: Bibb, ADM3: , ADM4:  | Score: 34.57, Population: 22477 | Fuzzy match: 53.333333333333336
2025-08-08 12:17:48,272 INFO Comparing database entry: bibb county with Bibb returned from geonames.
2025-08-08 12:17:48,272 INFO 📄 Index 2 | Name: Bibb | fcl: A, fcode: ADM2 | ADM1: Georgia, ADM2: Bibb, ADM3: , ADM4:  | Score: 32.77, Population: 153159 | Fuzzy match: 53.333333333333336
2025-08-08 12:17:48,272 INFO Comparing database entry: bibb county with Centreville returned from geonames.
2025-08-08 12:17:48,272 INFO 📄 Index 3 | Name: Centreville | fcl: P, fcode: PPLA2 | ADM1: Alabama, ADM2: Bibb, ADM3: , ADM4:  | Score: 26.95, Population: 2704 | Fuzzy match: 27.27272727272727
2025-08-08 12:17:48,453 INFO Comparing database entry: bibb county with Macon returned from geonames.
2025-08-08 12:17:48,453 INFO 📄 Index 0 | Name: Macon | fcl: P, fcode: PPLA2 | ADM1: Georgia, ADM2: Bibb, ADM3: , ADM4:  | Score: 47.04, Population: 91351 | Fuzzy match: 37.5
2025-08-08 12:17:48,453 INFO Comparing database entry: bibb county with Bibb returned from geonames.
2025-08-08 12:17:48,453 INFO 📄 Index 1 | Name: Bibb | fcl: A, fcode: ADM2 | ADM1: Alabama, ADM2: Bibb, ADM3: , ADM4:  | Score: 34.57, Population: 22477 | Fuzzy match: 53.333333333333336
2025-08-08 12:17:48,453 INFO Comparing database entry: bibb county with Bibb returned from geonames.
2025-08-08 12:17:48,453 INFO 📄 Index 2 | Name: Bibb | fcl: A, fcode: ADM2 | ADM1: Georgia, ADM2: Bibb, ADM3: , ADM4:  | Score: 32.77, Population: 153159 | Fuzzy match: 53.333333333333336
2025-08-08 12:17:48,453 INFO Comparing database entry: bibb county with Centreville returned from geonames.
2025-08-08 12:17:48,453 INFO 📄 Index 3 | Name: Centreville | fcl: P, fcode: PPLA2 | ADM1: Alabama, ADM2: Bibb, ADM3: , ADM4:  | Score: 26.95, Population: 2704 | Fuzzy match: 27.27272727272727
2025-08-08 12:17:48,609 INFO Comparing database entry: bibb county with Macon returned from geonames.
2025-08-08 12:17:48,609 INFO 📄 Index 0 | Name: Macon | fcl: P, fcode: PPLA2 | ADM1: Georgia, ADM2: Bibb, ADM3: , ADM4:  | Score: 47.04, Population: 91351 | Fuzzy match: 37.5
2025-08-08 12:17:48,609 INFO Comparing database entry: bibb county with Bibb returned from geonames.
2025-08-08 12:17:48,609 INFO 📄 Index 1 | Name: Bibb | fcl: A, fcode: ADM2 | ADM1: Alabama, ADM2: Bibb, ADM3: , ADM4:  | Score: 34.57, Population: 22477 | Fuzzy match: 53.333333333333336
2025-08-08 12:17:48,610 INFO Comparing database entry: bibb county with Bibb returned from geonames.
2025-08-08 12:17:48,610 INFO 📄 Index 2 | Name: Bibb | fcl: A, fcode: ADM2 | ADM1: Georgia, ADM2: Bibb, ADM3: , ADM4:  | Score: 32.77, Population: 153159 | Fuzzy match: 53.333333333333336
2025-08-08 12:17:48,610 INFO Comparing database entry: bibb county with Centreville returned from geonames.
2025-08-08 12:17:48,610 INFO 📄 Index 3 | Name: Centreville | fcl: P, fcode: PPLA2 | ADM1: Alabama, ADM2: Bibb, ADM3: , ADM4:  | Score: 26.95, Population: 2704 | Fuzzy match: 27.27272727272727
2025-08-08 12:17:48,753 INFO Comparing database entry: bibb county with Macon returned from geonames.
2025-08-08 12:17:48,754 INFO 📄 Index 0 | Name: Macon | fcl: P, fcode: PPLA2 | ADM1: Georgia, ADM2: Bibb, ADM3: , ADM4:  | Score: 47.04, Population: 91351 | Fuzzy match: 37.5
2025-08-08 12:17:48,754 INFO Comparing database entry: bibb county with Bibb returned from geonames.
2025-08-08 12:17:48,754 INFO 📄 Index 1 | Name: Bibb | fcl: A, fcode: ADM2 | ADM1: Alabama, ADM2: Bibb, ADM3: , ADM4:  | Score: 34.57, Population: 22477 | Fuzzy match: 53.333333333333336
2025-08-08 12:17:48,754 INFO Comparing database entry: bibb county with Bibb returned from geonames.
2025-08-08 12:17:48,754 INFO 📄 Index 2 | Name: Bibb | fcl: A, fcode: ADM2 | ADM1: Georgia, ADM2: Bibb, ADM3: , ADM4:  | Score: 32.77, Population: 153159 | Fuzzy match: 53.333333333333336
2025-08-08 12:17:48,754 INFO Comparing database entry: bibb county with Centreville returned from geonames.
2025-08-08 12:17:48,754 INFO 📄 Index 3 | Name: Centreville | fcl: P, fcode: PPLA2 | ADM1: Alabama, ADM2: Bibb, ADM3: , ADM4:  | Score: 26.95, Population: 2704 | Fuzzy match: 27.27272727272727
2025-08-08 12:17:48,892 INFO Comparing database entry: bibb county with Macon returned from geonames.
2025-08-08 12:17:48,892 INFO 📄 Index 0 | Name: Macon | fcl: P, fcode: PPLA2 | ADM1: Georgia, ADM2: Bibb, ADM3: , ADM4:  | Score: 47.04, Population: 91351 | Fuzzy match: 37.5
2025-08-08 12:17:48,892 INFO Comparing database entry: bibb county with Bibb returned from geonames.
2025-08-08 12:17:48,892 INFO 📄 Index 1 | Name: Bibb | fcl: A, fcode: ADM2 | ADM1: Alabama, ADM2: Bibb, ADM3: , ADM4:  | Score: 34.57, Population: 22477 | Fuzzy match: 53.333333333333336
2025-08-08 12:17:48,892 INFO Comparing database entry: bibb county with Bibb returned from geonames.
2025-08-08 12:17:48,892 INFO 📄 Index 2 | Name: Bibb | fcl: A, fcode: ADM2 | ADM1: Georgia, ADM2: Bibb, ADM3: , ADM4:  | Score: 32.77, Population: 153159 | Fuzzy match: 53.333333333333336
2025-08-08 12:17:48,892 INFO Comparing database entry: bibb county with Centreville returned from geonames.
2025-08-08 12:17:48,893 INFO 📄 Index 3 | Name: Centreville | fcl: P, fcode: PPLA2 | ADM1: Alabama, ADM2: Bibb, ADM3: , ADM4:  | Score: 26.95, Population: 2704 | Fuzzy match: 27.27272727272727
2025-08-08 12:17:49,049 INFO Comparing database entry: bibb county with Macon returned from geonames.
2025-08-08 12:17:49,049 INFO 📄 Index 0 | Name: Macon | fcl: P, fcode: PPLA2 | ADM1: Georgia, ADM2: Bibb, ADM3: , ADM4:  | Score: 47.04, Population: 91351 | Fuzzy match: 37.5
2025-08-08 12:17:49,049 INFO Comparing database entry: bibb county with Bibb returned from geonames.
2025-08-08 12:17:49,049 INFO 📄 Index 1 | Name: Bibb | fcl: A, fcode: ADM2 | ADM1: Alabama, ADM2: Bibb, ADM3: , ADM4:  | Score: 34.57, Population: 22477 | Fuzzy match: 53.333333333333336
2025-08-08 12:17:49,049 INFO Comparing database entry: bibb county with Bibb returned from geonames.
2025-08-08 12:17:49,049 INFO 📄 Index 2 | Name: Bibb | fcl: A, fcode: ADM2 | ADM1: Georgia, ADM2: Bibb, ADM3: , ADM4:  | Score: 32.77, Population: 153159 | Fuzzy match: 53.333333333333336
2025-08-08 12:17:49,049 INFO Comparing database entry: bibb county with Centreville returned from geonames.
2025-08-08 12:17:49,049 INFO 📄 Index 3 | Name: Centreville | fcl: P, fcode: PPLA2 | ADM1: Alabama, ADM2: Bibb, ADM3: , ADM4:  | Score: 26.95, Population: 2704 | Fuzzy match: 27.27272727272727
2025-08-08 12:17:49,049 WARNING ❌ No match found with fuzzy score > 80 for city: bibb county
2025-08-08 12:17:49,050 WARNING ❌ Lookup failed for city='bibb_county', iso2='US'
