2025-08-08 12:17:46,853 INFO 🗺️ Starting GeoNames lookup for city='berkeley_county', country='united states'
2025-08-08 12:17:46,853 INFO 📍 Location is present in the following articles: [ObjectId('67f922c7f431fddd61d55f86')]
2025-08-08 12:17:47,058 INFO Comparing database entry: berkeley county with Berkeley returned from geonames.
2025-08-08 12:17:47,058 INFO 📄 Index 0 | Name: Berkeley | fcl: P, fcode: PPL | ADM1: California, ADM2: Alameda, ADM3: , ADM4:  | Score: 62.09, Population: 120972 | Fuzzy match: 69.56521739130434
2025-08-08 12:17:47,058 INFO Comparing database entry: berkeley county with San Francisco returned from geonames.
2025-08-08 12:17:47,058 INFO 📄 Index 1 | Name: San Francisco | fcl: P, fcode: PPLA2 | ADM1: California, ADM2: San Francisco County, ADM3: , ADM4:  | Score: 30.64, Population: 864816 | Fuzzy match: 28.57142857142857
2025-08-08 12:17:47,058 INFO Comparing database entry: berkeley county with San Mateo returned from geonames.
2025-08-08 12:17:47,058 INFO 📄 Index 2 | Name: San Mateo | fcl: P, fcode: PPL | ADM1: California, ADM2: San Mateo, ADM3: , ADM4:  | Score: 26.30, Population: 103536 | Fuzzy match: 25.0
2025-08-08 12:17:47,058 INFO Comparing database entry: berkeley county with Fremont returned from geonames.
2025-08-08 12:17:47,058 INFO 📄 Index 3 | Name: Fremont | fcl: P, fcode: PPL | ADM1: California, ADM2: Alameda, ADM3: , ADM4:  | Score: 26.30, Population: 232206 | Fuzzy match: 45.45454545454546
2025-08-08 12:17:47,302 INFO Comparing database entry: berkeley county with Berkeley returned from geonames.
2025-08-08 12:17:47,302 INFO 📄 Index 0 | Name: Berkeley | fcl: P, fcode: PPL | ADM1: California, ADM2: Alameda, ADM3: , ADM4:  | Score: 62.09, Population: 120972 | Fuzzy match: 69.56521739130434
2025-08-08 12:17:47,302 INFO Comparing database entry: berkeley county with San Francisco returned from geonames.
2025-08-08 12:17:47,302 INFO 📄 Index 1 | Name: San Francisco | fcl: P, fcode: PPLA2 | ADM1: California, ADM2: San Francisco County, ADM3: , ADM4:  | Score: 30.64, Population: 864816 | Fuzzy match: 28.57142857142857
2025-08-08 12:17:47,302 INFO Comparing database entry: berkeley county with San Mateo returned from geonames.
2025-08-08 12:17:47,302 INFO 📄 Index 2 | Name: San Mateo | fcl: P, fcode: PPL | ADM1: California, ADM2: San Mateo, ADM3: , ADM4:  | Score: 26.30, Population: 103536 | Fuzzy match: 25.0
2025-08-08 12:17:47,302 INFO Comparing database entry: berkeley county with Fremont returned from geonames.
2025-08-08 12:17:47,302 INFO 📄 Index 3 | Name: Fremont | fcl: P, fcode: PPL | ADM1: California, ADM2: Alameda, ADM3: , ADM4:  | Score: 26.30, Population: 232206 | Fuzzy match: 45.45454545454546
2025-08-08 12:17:47,488 INFO Comparing database entry: berkeley county with Berkeley returned from geonames.
2025-08-08 12:17:47,488 INFO 📄 Index 0 | Name: Berkeley | fcl: P, fcode: PPL | ADM1: California, ADM2: Alameda, ADM3: , ADM4:  | Score: 62.09, Population: 120972 | Fuzzy match: 69.56521739130434
2025-08-08 12:17:47,488 INFO Comparing database entry: berkeley county with San Francisco returned from geonames.
2025-08-08 12:17:47,488 INFO 📄 Index 1 | Name: San Francisco | fcl: P, fcode: PPLA2 | ADM1: California, ADM2: San Francisco County, ADM3: , ADM4:  | Score: 30.64, Population: 864816 | Fuzzy match: 28.57142857142857
2025-08-08 12:17:47,488 INFO Comparing database entry: berkeley county with San Mateo returned from geonames.
2025-08-08 12:17:47,488 INFO 📄 Index 2 | Name: San Mateo | fcl: P, fcode: PPL | ADM1: California, ADM2: San Mateo, ADM3: , ADM4:  | Score: 26.30, Population: 103536 | Fuzzy match: 25.0
2025-08-08 12:17:47,488 INFO Comparing database entry: berkeley county with Fremont returned from geonames.
2025-08-08 12:17:47,488 INFO 📄 Index 3 | Name: Fremont | fcl: P, fcode: PPL | ADM1: California, ADM2: Alameda, ADM3: , ADM4:  | Score: 26.30, Population: 232206 | Fuzzy match: 45.45454545454546
2025-08-08 12:17:47,683 INFO Comparing database entry: berkeley county with Berkeley returned from geonames.
2025-08-08 12:17:47,684 INFO 📄 Index 0 | Name: Berkeley | fcl: P, fcode: PPL | ADM1: California, ADM2: Alameda, ADM3: , ADM4:  | Score: 62.09, Population: 120972 | Fuzzy match: 69.56521739130434
2025-08-08 12:17:47,684 INFO Comparing database entry: berkeley county with San Francisco returned from geonames.
2025-08-08 12:17:47,684 INFO 📄 Index 1 | Name: San Francisco | fcl: P, fcode: PPLA2 | ADM1: California, ADM2: San Francisco County, ADM3: , ADM4:  | Score: 30.64, Population: 864816 | Fuzzy match: 28.57142857142857
2025-08-08 12:17:47,684 INFO Comparing database entry: berkeley county with San Mateo returned from geonames.
2025-08-08 12:17:47,684 INFO 📄 Index 2 | Name: San Mateo | fcl: P, fcode: PPL | ADM1: California, ADM2: San Mateo, ADM3: , ADM4:  | Score: 26.30, Population: 103536 | Fuzzy match: 25.0
2025-08-08 12:17:47,684 INFO Comparing database entry: berkeley county with Fremont returned from geonames.
2025-08-08 12:17:47,684 INFO 📄 Index 3 | Name: Fremont | fcl: P, fcode: PPL | ADM1: California, ADM2: Alameda, ADM3: , ADM4:  | Score: 26.30, Population: 232206 | Fuzzy match: 45.45454545454546
2025-08-08 12:17:47,854 INFO Comparing database entry: berkeley county with Berkeley returned from geonames.
2025-08-08 12:17:47,855 INFO 📄 Index 0 | Name: Berkeley | fcl: P, fcode: PPL | ADM1: California, ADM2: Alameda, ADM3: , ADM4:  | Score: 62.09, Population: 120972 | Fuzzy match: 69.56521739130434
2025-08-08 12:17:47,855 INFO Comparing database entry: berkeley county with San Francisco returned from geonames.
2025-08-08 12:17:47,855 INFO 📄 Index 1 | Name: San Francisco | fcl: P, fcode: PPLA2 | ADM1: California, ADM2: San Francisco County, ADM3: , ADM4:  | Score: 30.64, Population: 864816 | Fuzzy match: 28.57142857142857
2025-08-08 12:17:47,855 INFO Comparing database entry: berkeley county with San Mateo returned from geonames.
2025-08-08 12:17:47,855 INFO 📄 Index 2 | Name: San Mateo | fcl: P, fcode: PPL | ADM1: California, ADM2: San Mateo, ADM3: , ADM4:  | Score: 26.30, Population: 103536 | Fuzzy match: 25.0
2025-08-08 12:17:47,855 INFO Comparing database entry: berkeley county with Fremont returned from geonames.
2025-08-08 12:17:47,855 INFO 📄 Index 3 | Name: Fremont | fcl: P, fcode: PPL | ADM1: California, ADM2: Alameda, ADM3: , ADM4:  | Score: 26.30, Population: 232206 | Fuzzy match: 45.45454545454546
2025-08-08 12:17:48,113 INFO Comparing database entry: berkeley county with Berkeley returned from geonames.
2025-08-08 12:17:48,113 INFO 📄 Index 0 | Name: Berkeley | fcl: P, fcode: PPL | ADM1: California, ADM2: Alameda, ADM3: , ADM4:  | Score: 62.09, Population: 120972 | Fuzzy match: 69.56521739130434
2025-08-08 12:17:48,113 INFO Comparing database entry: berkeley county with San Francisco returned from geonames.
2025-08-08 12:17:48,113 INFO 📄 Index 1 | Name: San Francisco | fcl: P, fcode: PPLA2 | ADM1: California, ADM2: San Francisco County, ADM3: , ADM4:  | Score: 30.64, Population: 864816 | Fuzzy match: 28.57142857142857
2025-08-08 12:17:48,113 INFO Comparing database entry: berkeley county with San Mateo returned from geonames.
2025-08-08 12:17:48,113 INFO 📄 Index 2 | Name: San Mateo | fcl: P, fcode: PPL | ADM1: California, ADM2: San Mateo, ADM3: , ADM4:  | Score: 26.30, Population: 103536 | Fuzzy match: 25.0
2025-08-08 12:17:48,113 INFO Comparing database entry: berkeley county with Fremont returned from geonames.
2025-08-08 12:17:48,113 INFO 📄 Index 3 | Name: Fremont | fcl: P, fcode: PPL | ADM1: California, ADM2: Alameda, ADM3: , ADM4:  | Score: 26.30, Population: 232206 | Fuzzy match: 45.45454545454546
2025-08-08 12:17:48,113 WARNING ❌ No match found with fuzzy score > 80 for city: berkeley county
2025-08-08 12:17:48,113 WARNING ❌ Lookup failed for city='berkeley_county', iso2='US'
