2025-08-08 12:17:49,051 INFO 🗺️ Starting GeoNames lookup for city='brunswick_county', country='united states'
2025-08-08 12:17:49,052 INFO 📍 Location is present in the following articles: [ObjectId('67f92296f431fddd61d55ee9'), ObjectId('67f922bef431fddd61d55f6c')]
2025-08-08 12:17:49,210 INFO Comparing database entry: brunswick county with New Brunswick returned from geonames.
2025-08-08 12:17:49,210 INFO 📄 Index 0 | Name: New Brunswick | fcl: P, fcode: PPLA2 | ADM1: New Jersey, ADM2: Middlesex, ADM3: City of New Brunswick, ADM4:  | Score: 30.29, Population: 57035 | Fuzzy match: 75.86206896551724
2025-08-08 12:17:49,211 INFO Comparing database entry: brunswick county with Brunswick returned from geonames.
2025-08-08 12:17:49,211 INFO 📄 Index 1 | Name: Brunswick | fcl: A, fcode: ADM2 | ADM1: Virginia, ADM2: Brunswick, ADM3: , ADM4:  | Score: 29.02, Population: 17434 | Fuzzy match: 72.0
2025-08-08 12:17:49,211 INFO Comparing database entry: brunswick county with Brunswick returned from geonames.
2025-08-08 12:17:49,211 INFO 📄 Index 2 | Name: Brunswick | fcl: P, fcode: PPLA2 | ADM1: Georgia, ADM2: Glynn, ADM3: City of Brunswick, ADM4:  | Score: 27.54, Population: 16157 | Fuzzy match: 72.0
2025-08-08 12:17:49,211 INFO Comparing database entry: brunswick county with Brunswick returned from geonames.
2025-08-08 12:17:49,211 INFO 📄 Index 3 | Name: Brunswick | fcl: P, fcode: PPL | ADM1: Maryland, ADM2: Frederick County, ADM3: , ADM4:  | Score: 27.35, Population: 6116 | Fuzzy match: 72.0
2025-08-08 12:17:49,391 INFO Comparing database entry: brunswick county with New Brunswick returned from geonames.
2025-08-08 12:17:49,391 INFO 📄 Index 0 | Name: New Brunswick | fcl: P, fcode: PPLA2 | ADM1: New Jersey, ADM2: Middlesex, ADM3: City of New Brunswick, ADM4:  | Score: 30.29, Population: 57035 | Fuzzy match: 75.86206896551724
2025-08-08 12:17:49,391 INFO Comparing database entry: brunswick county with Brunswick returned from geonames.
2025-08-08 12:17:49,391 INFO 📄 Index 1 | Name: Brunswick | fcl: A, fcode: ADM2 | ADM1: Virginia, ADM2: Brunswick, ADM3: , ADM4:  | Score: 29.02, Population: 17434 | Fuzzy match: 72.0
2025-08-08 12:17:49,391 INFO Comparing database entry: brunswick county with Brunswick returned from geonames.
2025-08-08 12:17:49,391 INFO 📄 Index 2 | Name: Brunswick | fcl: P, fcode: PPLA2 | ADM1: Georgia, ADM2: Glynn, ADM3: City of Brunswick, ADM4:  | Score: 27.54, Population: 16157 | Fuzzy match: 72.0
2025-08-08 12:17:49,392 INFO Comparing database entry: brunswick county with Brunswick returned from geonames.
2025-08-08 12:17:49,392 INFO 📄 Index 3 | Name: Brunswick | fcl: P, fcode: PPL | ADM1: Maryland, ADM2: Frederick County, ADM3: , ADM4:  | Score: 27.35, Population: 6116 | Fuzzy match: 72.0
2025-08-08 12:17:49,557 INFO Comparing database entry: brunswick county with New Brunswick returned from geonames.
2025-08-08 12:17:49,557 INFO 📄 Index 0 | Name: New Brunswick | fcl: P, fcode: PPLA2 | ADM1: New Jersey, ADM2: Middlesex, ADM3: City of New Brunswick, ADM4:  | Score: 30.29, Population: 57035 | Fuzzy match: 75.86206896551724
2025-08-08 12:17:49,557 INFO Comparing database entry: brunswick county with Brunswick returned from geonames.
2025-08-08 12:17:49,557 INFO 📄 Index 1 | Name: Brunswick | fcl: A, fcode: ADM2 | ADM1: Virginia, ADM2: Brunswick, ADM3: , ADM4:  | Score: 29.02, Population: 17434 | Fuzzy match: 72.0
2025-08-08 12:17:49,557 INFO Comparing database entry: brunswick county with Brunswick returned from geonames.
2025-08-08 12:17:49,557 INFO 📄 Index 2 | Name: Brunswick | fcl: P, fcode: PPLA2 | ADM1: Georgia, ADM2: Glynn, ADM3: City of Brunswick, ADM4:  | Score: 27.54, Population: 16157 | Fuzzy match: 72.0
2025-08-08 12:17:49,557 INFO Comparing database entry: brunswick county with Brunswick returned from geonames.
2025-08-08 12:17:49,557 INFO 📄 Index 3 | Name: Brunswick | fcl: P, fcode: PPL | ADM1: Maryland, ADM2: Frederick County, ADM3: , ADM4:  | Score: 27.35, Population: 6116 | Fuzzy match: 72.0
2025-08-08 12:17:49,731 INFO Comparing database entry: brunswick county with New Brunswick returned from geonames.
2025-08-08 12:17:49,731 INFO 📄 Index 0 | Name: New Brunswick | fcl: P, fcode: PPLA2 | ADM1: New Jersey, ADM2: Middlesex, ADM3: City of New Brunswick, ADM4:  | Score: 30.29, Population: 57035 | Fuzzy match: 75.86206896551724
2025-08-08 12:17:49,731 INFO Comparing database entry: brunswick county with Brunswick returned from geonames.
2025-08-08 12:17:49,731 INFO 📄 Index 1 | Name: Brunswick | fcl: A, fcode: ADM2 | ADM1: Virginia, ADM2: Brunswick, ADM3: , ADM4:  | Score: 29.02, Population: 17434 | Fuzzy match: 72.0
2025-08-08 12:17:49,731 INFO Comparing database entry: brunswick county with Brunswick returned from geonames.
2025-08-08 12:17:49,731 INFO 📄 Index 2 | Name: Brunswick | fcl: P, fcode: PPLA2 | ADM1: Georgia, ADM2: Glynn, ADM3: City of Brunswick, ADM4:  | Score: 27.54, Population: 16157 | Fuzzy match: 72.0
2025-08-08 12:17:49,731 INFO Comparing database entry: brunswick county with Brunswick returned from geonames.
2025-08-08 12:17:49,731 INFO 📄 Index 3 | Name: Brunswick | fcl: P, fcode: PPL | ADM1: Maryland, ADM2: Frederick County, ADM3: , ADM4:  | Score: 27.35, Population: 6116 | Fuzzy match: 72.0
2025-08-08 12:17:49,903 INFO Comparing database entry: brunswick county with New Brunswick returned from geonames.
2025-08-08 12:17:49,903 INFO 📄 Index 0 | Name: New Brunswick | fcl: P, fcode: PPLA2 | ADM1: New Jersey, ADM2: Middlesex, ADM3: City of New Brunswick, ADM4:  | Score: 30.29, Population: 57035 | Fuzzy match: 75.86206896551724
2025-08-08 12:17:49,904 INFO Comparing database entry: brunswick county with Brunswick returned from geonames.
2025-08-08 12:17:49,904 INFO 📄 Index 1 | Name: Brunswick | fcl: A, fcode: ADM2 | ADM1: Virginia, ADM2: Brunswick, ADM3: , ADM4:  | Score: 29.02, Population: 17434 | Fuzzy match: 72.0
2025-08-08 12:17:49,904 INFO Comparing database entry: brunswick county with Brunswick returned from geonames.
2025-08-08 12:17:49,904 INFO 📄 Index 2 | Name: Brunswick | fcl: P, fcode: PPLA2 | ADM1: Georgia, ADM2: Glynn, ADM3: City of Brunswick, ADM4:  | Score: 27.54, Population: 16157 | Fuzzy match: 72.0
2025-08-08 12:17:49,904 INFO Comparing database entry: brunswick county with Brunswick returned from geonames.
2025-08-08 12:17:49,904 INFO 📄 Index 3 | Name: Brunswick | fcl: P, fcode: PPL | ADM1: Maryland, ADM2: Frederick County, ADM3: , ADM4:  | Score: 27.35, Population: 6116 | Fuzzy match: 72.0
2025-08-08 12:17:50,040 INFO Comparing database entry: brunswick county with New Brunswick returned from geonames.
2025-08-08 12:17:50,040 INFO 📄 Index 0 | Name: New Brunswick | fcl: P, fcode: PPLA2 | ADM1: New Jersey, ADM2: Middlesex, ADM3: City of New Brunswick, ADM4:  | Score: 30.29, Population: 57035 | Fuzzy match: 75.86206896551724
2025-08-08 12:17:50,040 INFO Comparing database entry: brunswick county with Brunswick returned from geonames.
2025-08-08 12:17:50,040 INFO 📄 Index 1 | Name: Brunswick | fcl: A, fcode: ADM2 | ADM1: Virginia, ADM2: Brunswick, ADM3: , ADM4:  | Score: 29.02, Population: 17434 | Fuzzy match: 72.0
2025-08-08 12:17:50,040 INFO Comparing database entry: brunswick county with Brunswick returned from geonames.
2025-08-08 12:17:50,041 INFO 📄 Index 2 | Name: Brunswick | fcl: P, fcode: PPLA2 | ADM1: Georgia, ADM2: Glynn, ADM3: City of Brunswick, ADM4:  | Score: 27.54, Population: 16157 | Fuzzy match: 72.0
2025-08-08 12:17:50,041 INFO Comparing database entry: brunswick county with Brunswick returned from geonames.
2025-08-08 12:17:50,041 INFO 📄 Index 3 | Name: Brunswick | fcl: P, fcode: PPL | ADM1: Maryland, ADM2: Frederick County, ADM3: , ADM4:  | Score: 27.35, Population: 6116 | Fuzzy match: 72.0
2025-08-08 12:17:50,041 WARNING ❌ No match found with fuzzy score > 80 for city: brunswick county
2025-08-08 12:17:50,041 WARNING ❌ Lookup failed for city='brunswick_county', iso2='US'
