2025-08-08 12:17:50,042 INFO 🗺️ Starting GeoNames lookup for city='bryan_county', country='united states'
2025-08-08 12:17:50,042 INFO 📍 Location is present in the following articles: [ObjectId('67f922bdf431fddd61d55f67'), ObjectId('67f922bdf431fddd61d55f67')]
2025-08-08 12:17:50,213 INFO Comparing database entry: bryan county with Bryan returned from geonames.
2025-08-08 12:17:50,213 INFO 📄 Index 0 | Name: Bryan | fcl: P, fcode: PPLA2 | ADM1: Texas, ADM2: Brazos, ADM3: , ADM4:  | Score: 40.00, Population: 82118 | Fuzzy match: 58.82352941176471
2025-08-08 12:17:50,213 INFO Comparing database entry: bryan county with Bryan returned from geonames.
2025-08-08 12:17:50,214 INFO 📄 Index 1 | Name: Bryan | fcl: A, fcode: ADM2 | ADM1: Oklahoma, ADM2: Bryan, ADM3: , ADM4:  | Score: 32.31, Population: 47995 | Fuzzy match: 58.82352941176471
2025-08-08 12:17:50,214 INFO Comparing database entry: bryan county with Bryan returned from geonames.
2025-08-08 12:17:50,214 INFO 📄 Index 2 | Name: Bryan | fcl: A, fcode: ADM2 | ADM1: Georgia, ADM2: Bryan, ADM3: , ADM4:  | Score: 31.40, Population: 39627 | Fuzzy match: 58.82352941176471
2025-08-08 12:17:50,214 INFO Comparing database entry: bryan county with Durant returned from geonames.
2025-08-08 12:17:50,214 INFO 📄 Index 3 | Name: Durant | fcl: P, fcode: PPLA2 | ADM1: Oklahoma, ADM2: Bryan, ADM3: , ADM4:  | Score: 27.77, Population: 17286 | Fuzzy match: 44.44444444444444
2025-08-08 12:17:50,386 INFO Comparing database entry: bryan county with Bryan returned from geonames.
2025-08-08 12:17:50,387 INFO 📄 Index 0 | Name: Bryan | fcl: P, fcode: PPLA2 | ADM1: Texas, ADM2: Brazos, ADM3: , ADM4:  | Score: 40.00, Population: 82118 | Fuzzy match: 58.82352941176471
2025-08-08 12:17:50,387 INFO Comparing database entry: bryan county with Bryan returned from geonames.
2025-08-08 12:17:50,387 INFO 📄 Index 1 | Name: Bryan | fcl: A, fcode: ADM2 | ADM1: Oklahoma, ADM2: Bryan, ADM3: , ADM4:  | Score: 32.31, Population: 47995 | Fuzzy match: 58.82352941176471
2025-08-08 12:17:50,387 INFO Comparing database entry: bryan county with Bryan returned from geonames.
2025-08-08 12:17:50,387 INFO 📄 Index 2 | Name: Bryan | fcl: A, fcode: ADM2 | ADM1: Georgia, ADM2: Bryan, ADM3: , ADM4:  | Score: 31.40, Population: 39627 | Fuzzy match: 58.82352941176471
2025-08-08 12:17:50,387 INFO Comparing database entry: bryan county with Durant returned from geonames.
2025-08-08 12:17:50,387 INFO 📄 Index 3 | Name: Durant | fcl: P, fcode: PPLA2 | ADM1: Oklahoma, ADM2: Bryan, ADM3: , ADM4:  | Score: 27.77, Population: 17286 | Fuzzy match: 44.44444444444444
2025-08-08 12:17:50,582 INFO Comparing database entry: bryan county with Bryan returned from geonames.
2025-08-08 12:17:50,582 INFO 📄 Index 0 | Name: Bryan | fcl: P, fcode: PPLA2 | ADM1: Texas, ADM2: Brazos, ADM3: , ADM4:  | Score: 40.00, Population: 82118 | Fuzzy match: 58.82352941176471
2025-08-08 12:17:50,582 INFO Comparing database entry: bryan county with Bryan returned from geonames.
2025-08-08 12:17:50,582 INFO 📄 Index 1 | Name: Bryan | fcl: A, fcode: ADM2 | ADM1: Oklahoma, ADM2: Bryan, ADM3: , ADM4:  | Score: 32.31, Population: 47995 | Fuzzy match: 58.82352941176471
2025-08-08 12:17:50,582 INFO Comparing database entry: bryan county with Bryan returned from geonames.
2025-08-08 12:17:50,582 INFO 📄 Index 2 | Name: Bryan | fcl: A, fcode: ADM2 | ADM1: Georgia, ADM2: Bryan, ADM3: , ADM4:  | Score: 31.40, Population: 39627 | Fuzzy match: 58.82352941176471
2025-08-08 12:17:50,582 INFO Comparing database entry: bryan county with Durant returned from geonames.
2025-08-08 12:17:50,583 INFO 📄 Index 3 | Name: Durant | fcl: P, fcode: PPLA2 | ADM1: Oklahoma, ADM2: Bryan, ADM3: , ADM4:  | Score: 27.77, Population: 17286 | Fuzzy match: 44.44444444444444
2025-08-08 12:17:50,726 INFO Comparing database entry: bryan county with Bryan returned from geonames.
2025-08-08 12:17:50,726 INFO 📄 Index 0 | Name: Bryan | fcl: P, fcode: PPLA2 | ADM1: Texas, ADM2: Brazos, ADM3: , ADM4:  | Score: 40.00, Population: 82118 | Fuzzy match: 58.82352941176471
2025-08-08 12:17:50,726 INFO Comparing database entry: bryan county with Bryan returned from geonames.
2025-08-08 12:17:50,727 INFO 📄 Index 1 | Name: Bryan | fcl: A, fcode: ADM2 | ADM1: Oklahoma, ADM2: Bryan, ADM3: , ADM4:  | Score: 32.31, Population: 47995 | Fuzzy match: 58.82352941176471
2025-08-08 12:17:50,727 INFO Comparing database entry: bryan county with Bryan returned from geonames.
2025-08-08 12:17:50,727 INFO 📄 Index 2 | Name: Bryan | fcl: A, fcode: ADM2 | ADM1: Georgia, ADM2: Bryan, ADM3: , ADM4:  | Score: 31.40, Population: 39627 | Fuzzy match: 58.82352941176471
2025-08-08 12:17:50,727 INFO Comparing database entry: bryan county with Durant returned from geonames.
2025-08-08 12:17:50,727 INFO 📄 Index 3 | Name: Durant | fcl: P, fcode: PPLA2 | ADM1: Oklahoma, ADM2: Bryan, ADM3: , ADM4:  | Score: 27.77, Population: 17286 | Fuzzy match: 44.44444444444444
2025-08-08 12:17:50,904 INFO Comparing database entry: bryan county with Bryan returned from geonames.
2025-08-08 12:17:50,904 INFO 📄 Index 0 | Name: Bryan | fcl: P, fcode: PPLA2 | ADM1: Texas, ADM2: Brazos, ADM3: , ADM4:  | Score: 40.00, Population: 82118 | Fuzzy match: 58.82352941176471
2025-08-08 12:17:50,904 INFO Comparing database entry: bryan county with Bryan returned from geonames.
2025-08-08 12:17:50,904 INFO 📄 Index 1 | Name: Bryan | fcl: A, fcode: ADM2 | ADM1: Oklahoma, ADM2: Bryan, ADM3: , ADM4:  | Score: 32.31, Population: 47995 | Fuzzy match: 58.82352941176471
2025-08-08 12:17:50,904 INFO Comparing database entry: bryan county with Bryan returned from geonames.
2025-08-08 12:17:50,904 INFO 📄 Index 2 | Name: Bryan | fcl: A, fcode: ADM2 | ADM1: Georgia, ADM2: Bryan, ADM3: , ADM4:  | Score: 31.40, Population: 39627 | Fuzzy match: 58.82352941176471
2025-08-08 12:17:50,904 INFO Comparing database entry: bryan county with Durant returned from geonames.
2025-08-08 12:17:50,904 INFO 📄 Index 3 | Name: Durant | fcl: P, fcode: PPLA2 | ADM1: Oklahoma, ADM2: Bryan, ADM3: , ADM4:  | Score: 27.77, Population: 17286 | Fuzzy match: 44.44444444444444
2025-08-08 12:17:51,115 INFO Comparing database entry: bryan county with Bryan returned from geonames.
2025-08-08 12:17:51,115 INFO 📄 Index 0 | Name: Bryan | fcl: P, fcode: PPLA2 | ADM1: Texas, ADM2: Brazos, ADM3: , ADM4:  | Score: 40.00, Population: 82118 | Fuzzy match: 58.82352941176471
2025-08-08 12:17:51,115 INFO Comparing database entry: bryan county with Bryan returned from geonames.
2025-08-08 12:17:51,115 INFO 📄 Index 1 | Name: Bryan | fcl: A, fcode: ADM2 | ADM1: Oklahoma, ADM2: Bryan, ADM3: , ADM4:  | Score: 32.31, Population: 47995 | Fuzzy match: 58.82352941176471
2025-08-08 12:17:51,116 INFO Comparing database entry: bryan county with Bryan returned from geonames.
2025-08-08 12:17:51,116 INFO 📄 Index 2 | Name: Bryan | fcl: A, fcode: ADM2 | ADM1: Georgia, ADM2: Bryan, ADM3: , ADM4:  | Score: 31.40, Population: 39627 | Fuzzy match: 58.82352941176471
2025-08-08 12:17:51,116 INFO Comparing database entry: bryan county with Durant returned from geonames.
2025-08-08 12:17:51,116 INFO 📄 Index 3 | Name: Durant | fcl: P, fcode: PPLA2 | ADM1: Oklahoma, ADM2: Bryan, ADM3: , ADM4:  | Score: 27.77, Population: 17286 | Fuzzy match: 44.44444444444444
2025-08-08 12:17:51,116 WARNING ❌ No match found with fuzzy score > 80 for city: bryan county
2025-08-08 12:17:51,116 WARNING ❌ Lookup failed for city='bryan_county', iso2='US'
