2025-08-08 11:55:17,848 INFO 🗺️ Starting GeoNames lookup for city='california', country='united states'
2025-08-08 11:55:17,848 INFO 📍 Location is present in the following articles: [ObjectId('67f9216cf431fddd61d55b0b')]
2025-08-08 11:55:18,076 INFO Comparing database entry: california with Sacramento returned from geonames.
2025-08-08 11:55:18,076 INFO 📄 Index 0 | Name: Sacramento | fcl: P, fcode: PPLA | ADM1: California, ADM2: Sacramento, ADM3: , ADM4:  | Score: 48.97, Population: 524943 | Fuzzy match: 30.000000000000004
2025-08-08 11:55:18,077 INFO Comparing database entry: california with San Diego returned from geonames.
2025-08-08 11:55:18,077 INFO 📄 Index 1 | Name: San Diego | fcl: P, fcode: PPLA2 | ADM1: California, ADM2: San Diego, ADM3: , ADM4:  | Score: 44.52, Population: 1394928 | Fuzzy match: 31.57894736842105
2025-08-08 11:55:18,077 INFO Comparing database entry: california with San Jose returned from geonames.
2025-08-08 11:55:18,077 INFO 📄 Index 2 | Name: San Jose | fcl: P, fcode: PPLA2 | ADM1: California, ADM2: Santa Clara, ADM3: , ADM4:  | Score: 44.52, Population: 1026908 | Fuzzy match: 22.22222222222222
2025-08-08 11:55:18,077 INFO Comparing database entry: california with Fresno returned from geonames.
2025-08-08 11:55:18,077 INFO 📄 Index 3 | Name: Fresno | fcl: P, fcode: PPLA2 | ADM1: California, ADM2: Fresno, ADM3: , ADM4:  | Score: 44.52, Population: 520052 | Fuzzy match: 37.5
2025-08-08 11:55:18,257 INFO Comparing database entry: california with Sacramento returned from geonames.
2025-08-08 11:55:18,257 INFO 📄 Index 0 | Name: Sacramento | fcl: P, fcode: PPLA | ADM1: California, ADM2: Sacramento, ADM3: , ADM4:  | Score: 48.97, Population: 524943 | Fuzzy match: 30.000000000000004
2025-08-08 11:55:18,257 INFO Comparing database entry: california with San Diego returned from geonames.
2025-08-08 11:55:18,257 INFO 📄 Index 1 | Name: San Diego | fcl: P, fcode: PPLA2 | ADM1: California, ADM2: San Diego, ADM3: , ADM4:  | Score: 44.52, Population: 1394928 | Fuzzy match: 31.57894736842105
2025-08-08 11:55:18,258 INFO Comparing database entry: california with San Jose returned from geonames.
2025-08-08 11:55:18,258 INFO 📄 Index 2 | Name: San Jose | fcl: P, fcode: PPLA2 | ADM1: California, ADM2: Santa Clara, ADM3: , ADM4:  | Score: 44.52, Population: 1026908 | Fuzzy match: 22.22222222222222
2025-08-08 11:55:18,258 INFO Comparing database entry: california with Fresno returned from geonames.
2025-08-08 11:55:18,258 INFO 📄 Index 3 | Name: Fresno | fcl: P, fcode: PPLA2 | ADM1: California, ADM2: Fresno, ADM3: , ADM4:  | Score: 44.52, Population: 520052 | Fuzzy match: 37.5
2025-08-08 11:55:18,449 INFO Comparing database entry: california with Sacramento returned from geonames.
2025-08-08 11:55:18,449 INFO 📄 Index 0 | Name: Sacramento | fcl: P, fcode: PPLA | ADM1: California, ADM2: Sacramento, ADM3: , ADM4:  | Score: 48.97, Population: 524943 | Fuzzy match: 30.000000000000004
2025-08-08 11:55:18,449 INFO Comparing database entry: california with San Diego returned from geonames.
2025-08-08 11:55:18,449 INFO 📄 Index 1 | Name: San Diego | fcl: P, fcode: PPLA2 | ADM1: California, ADM2: San Diego, ADM3: , ADM4:  | Score: 44.52, Population: 1394928 | Fuzzy match: 31.57894736842105
2025-08-08 11:55:18,449 INFO Comparing database entry: california with San Jose returned from geonames.
2025-08-08 11:55:18,449 INFO 📄 Index 2 | Name: San Jose | fcl: P, fcode: PPLA2 | ADM1: California, ADM2: Santa Clara, ADM3: , ADM4:  | Score: 44.52, Population: 1026908 | Fuzzy match: 22.22222222222222
2025-08-08 11:55:18,449 INFO Comparing database entry: california with Fresno returned from geonames.
2025-08-08 11:55:18,449 INFO 📄 Index 3 | Name: Fresno | fcl: P, fcode: PPLA2 | ADM1: California, ADM2: Fresno, ADM3: , ADM4:  | Score: 44.52, Population: 520052 | Fuzzy match: 37.5
2025-08-08 11:55:18,648 INFO Comparing database entry: california with Sacramento returned from geonames.
2025-08-08 11:55:18,648 INFO 📄 Index 0 | Name: Sacramento | fcl: P, fcode: PPLA | ADM1: California, ADM2: Sacramento, ADM3: , ADM4:  | Score: 48.97, Population: 524943 | Fuzzy match: 30.000000000000004
2025-08-08 11:55:18,648 INFO Comparing database entry: california with San Diego returned from geonames.
2025-08-08 11:55:18,649 INFO 📄 Index 1 | Name: San Diego | fcl: P, fcode: PPLA2 | ADM1: California, ADM2: San Diego, ADM3: , ADM4:  | Score: 44.52, Population: 1394928 | Fuzzy match: 31.57894736842105
2025-08-08 11:55:18,649 INFO Comparing database entry: california with San Jose returned from geonames.
2025-08-08 11:55:18,649 INFO 📄 Index 2 | Name: San Jose | fcl: P, fcode: PPLA2 | ADM1: California, ADM2: Santa Clara, ADM3: , ADM4:  | Score: 44.52, Population: 1026908 | Fuzzy match: 22.22222222222222
2025-08-08 11:55:18,649 INFO Comparing database entry: california with Fresno returned from geonames.
2025-08-08 11:55:18,649 INFO 📄 Index 3 | Name: Fresno | fcl: P, fcode: PPLA2 | ADM1: California, ADM2: Fresno, ADM3: , ADM4:  | Score: 44.52, Population: 520052 | Fuzzy match: 37.5
2025-08-08 11:55:18,826 INFO Comparing database entry: california with Sacramento returned from geonames.
2025-08-08 11:55:18,827 INFO 📄 Index 0 | Name: Sacramento | fcl: P, fcode: PPLA | ADM1: California, ADM2: Sacramento, ADM3: , ADM4:  | Score: 48.97, Population: 524943 | Fuzzy match: 30.000000000000004
2025-08-08 11:55:18,827 INFO Comparing database entry: california with San Diego returned from geonames.
2025-08-08 11:55:18,827 INFO 📄 Index 1 | Name: San Diego | fcl: P, fcode: PPLA2 | ADM1: California, ADM2: San Diego, ADM3: , ADM4:  | Score: 44.52, Population: 1394928 | Fuzzy match: 31.57894736842105
2025-08-08 11:55:18,827 INFO Comparing database entry: california with San Jose returned from geonames.
2025-08-08 11:55:18,827 INFO 📄 Index 2 | Name: San Jose | fcl: P, fcode: PPLA2 | ADM1: California, ADM2: Santa Clara, ADM3: , ADM4:  | Score: 44.52, Population: 1026908 | Fuzzy match: 22.22222222222222
2025-08-08 11:55:18,827 INFO Comparing database entry: california with Fresno returned from geonames.
2025-08-08 11:55:18,827 INFO 📄 Index 3 | Name: Fresno | fcl: P, fcode: PPLA2 | ADM1: California, ADM2: Fresno, ADM3: , ADM4:  | Score: 44.52, Population: 520052 | Fuzzy match: 37.5
2025-08-08 11:55:19,020 INFO Comparing database entry: california with Sacramento returned from geonames.
2025-08-08 11:55:19,020 INFO 📄 Index 0 | Name: Sacramento | fcl: P, fcode: PPLA | ADM1: California, ADM2: Sacramento, ADM3: , ADM4:  | Score: 48.97, Population: 524943 | Fuzzy match: 30.000000000000004
2025-08-08 11:55:19,020 INFO Comparing database entry: california with San Diego returned from geonames.
2025-08-08 11:55:19,020 INFO 📄 Index 1 | Name: San Diego | fcl: P, fcode: PPLA2 | ADM1: California, ADM2: San Diego, ADM3: , ADM4:  | Score: 44.52, Population: 1394928 | Fuzzy match: 31.57894736842105
2025-08-08 11:55:19,020 INFO Comparing database entry: california with San Jose returned from geonames.
2025-08-08 11:55:19,021 INFO 📄 Index 2 | Name: San Jose | fcl: P, fcode: PPLA2 | ADM1: California, ADM2: Santa Clara, ADM3: , ADM4:  | Score: 44.52, Population: 1026908 | Fuzzy match: 22.22222222222222
2025-08-08 11:55:19,021 INFO Comparing database entry: california with Fresno returned from geonames.
2025-08-08 11:55:19,021 INFO 📄 Index 3 | Name: Fresno | fcl: P, fcode: PPLA2 | ADM1: California, ADM2: Fresno, ADM3: , ADM4:  | Score: 44.52, Population: 520052 | Fuzzy match: 37.5
2025-08-08 11:55:19,021 WARNING ❌ No match found with fuzzy score > 80 for city: california
2025-08-08 11:55:19,021 WARNING ❌ Lookup failed for city='california', iso2='US'
