2025-08-08 12:00:39,126 INFO 🗺️ Starting GeoNames lookup for city='chautauqua_county', country='usa'
2025-08-08 12:00:39,126 INFO 📍 Location is present in the following articles: [ObjectId('67f92237f431fddd61d55da9')]
2025-08-08 12:00:39,267 INFO Comparing database entry: chautauqua county with Chautauqua returned from geonames.
2025-08-08 12:00:39,267 INFO 📄 Index 0 | Name: Chautauqua | fcl: A, fcode: ADM2 | ADM1: Kansas, ADM2: Chautauqua, ADM3: , ADM4:  | Score: 35.69, Population: 3379 | Fuzzy match: 74.07407407407408
2025-08-08 12:00:39,267 INFO Comparing database entry: chautauqua county with Jamestown returned from geonames.
2025-08-08 12:00:39,267 INFO 📄 Index 1 | Name: Jamestown | fcl: P, fcode: PPL | ADM1: New York, ADM2: Chautauqua, ADM3: City of Jamestown, ADM4:  | Score: 30.53, Population: 30075 | Fuzzy match: 30.76923076923077
2025-08-08 12:00:39,267 INFO Comparing database entry: chautauqua county with Chautauqua returned from geonames.
2025-08-08 12:00:39,267 INFO 📄 Index 2 | Name: Chautauqua | fcl: A, fcode: ADM2 | ADM1: New York, ADM2: Chautauqua, ADM3: , ADM4:  | Score: 29.15, Population: 134905 | Fuzzy match: 74.07407407407408
2025-08-08 12:00:39,267 INFO Comparing database entry: chautauqua county with Chautauqua returned from geonames.
2025-08-08 12:00:39,267 INFO 📄 Index 3 | Name: Chautauqua | fcl: P, fcode: PPL | ADM1: Kansas, ADM2: Chautauqua, ADM3: Belleville Township, ADM4:  | Score: 28.54, Population: 103 | Fuzzy match: 74.07407407407408
2025-08-08 12:00:39,433 INFO Comparing database entry: chautauqua county with Chautauqua returned from geonames.
2025-08-08 12:00:39,433 INFO 📄 Index 0 | Name: Chautauqua | fcl: A, fcode: ADM2 | ADM1: Kansas, ADM2: Chautauqua, ADM3: , ADM4:  | Score: 35.69, Population: 3379 | Fuzzy match: 74.07407407407408
2025-08-08 12:00:39,433 INFO Comparing database entry: chautauqua county with Jamestown returned from geonames.
2025-08-08 12:00:39,433 INFO 📄 Index 1 | Name: Jamestown | fcl: P, fcode: PPL | ADM1: New York, ADM2: Chautauqua, ADM3: City of Jamestown, ADM4:  | Score: 30.53, Population: 30075 | Fuzzy match: 30.76923076923077
2025-08-08 12:00:39,433 INFO Comparing database entry: chautauqua county with Chautauqua returned from geonames.
2025-08-08 12:00:39,433 INFO 📄 Index 2 | Name: Chautauqua | fcl: A, fcode: ADM2 | ADM1: New York, ADM2: Chautauqua, ADM3: , ADM4:  | Score: 29.15, Population: 134905 | Fuzzy match: 74.07407407407408
2025-08-08 12:00:39,433 INFO Comparing database entry: chautauqua county with Chautauqua returned from geonames.
2025-08-08 12:00:39,433 INFO 📄 Index 3 | Name: Chautauqua | fcl: P, fcode: PPL | ADM1: Kansas, ADM2: Chautauqua, ADM3: Belleville Township, ADM4:  | Score: 28.54, Population: 103 | Fuzzy match: 74.07407407407408
2025-08-08 12:00:39,607 INFO Comparing database entry: chautauqua county with Chautauqua returned from geonames.
2025-08-08 12:00:39,607 INFO 📄 Index 0 | Name: Chautauqua | fcl: A, fcode: ADM2 | ADM1: Kansas, ADM2: Chautauqua, ADM3: , ADM4:  | Score: 35.69, Population: 3379 | Fuzzy match: 74.07407407407408
2025-08-08 12:00:39,607 INFO Comparing database entry: chautauqua county with Jamestown returned from geonames.
2025-08-08 12:00:39,607 INFO 📄 Index 1 | Name: Jamestown | fcl: P, fcode: PPL | ADM1: New York, ADM2: Chautauqua, ADM3: City of Jamestown, ADM4:  | Score: 30.53, Population: 30075 | Fuzzy match: 30.76923076923077
2025-08-08 12:00:39,607 INFO Comparing database entry: chautauqua county with Chautauqua returned from geonames.
2025-08-08 12:00:39,607 INFO 📄 Index 2 | Name: Chautauqua | fcl: A, fcode: ADM2 | ADM1: New York, ADM2: Chautauqua, ADM3: , ADM4:  | Score: 29.15, Population: 134905 | Fuzzy match: 74.07407407407408
2025-08-08 12:00:39,607 INFO Comparing database entry: chautauqua county with Chautauqua returned from geonames.
2025-08-08 12:00:39,607 INFO 📄 Index 3 | Name: Chautauqua | fcl: P, fcode: PPL | ADM1: Kansas, ADM2: Chautauqua, ADM3: Belleville Township, ADM4:  | Score: 28.54, Population: 103 | Fuzzy match: 74.07407407407408
2025-08-08 12:00:39,784 INFO Comparing database entry: chautauqua county with Chautauqua returned from geonames.
2025-08-08 12:00:39,784 INFO 📄 Index 0 | Name: Chautauqua | fcl: A, fcode: ADM2 | ADM1: Kansas, ADM2: Chautauqua, ADM3: , ADM4:  | Score: 35.69, Population: 3379 | Fuzzy match: 74.07407407407408
2025-08-08 12:00:39,784 INFO Comparing database entry: chautauqua county with Jamestown returned from geonames.
2025-08-08 12:00:39,784 INFO 📄 Index 1 | Name: Jamestown | fcl: P, fcode: PPL | ADM1: New York, ADM2: Chautauqua, ADM3: City of Jamestown, ADM4:  | Score: 30.53, Population: 30075 | Fuzzy match: 30.76923076923077
2025-08-08 12:00:39,784 INFO Comparing database entry: chautauqua county with Chautauqua returned from geonames.
2025-08-08 12:00:39,784 INFO 📄 Index 2 | Name: Chautauqua | fcl: A, fcode: ADM2 | ADM1: New York, ADM2: Chautauqua, ADM3: , ADM4:  | Score: 29.15, Population: 134905 | Fuzzy match: 74.07407407407408
2025-08-08 12:00:39,784 INFO Comparing database entry: chautauqua county with Chautauqua returned from geonames.
2025-08-08 12:00:39,784 INFO 📄 Index 3 | Name: Chautauqua | fcl: P, fcode: PPL | ADM1: Kansas, ADM2: Chautauqua, ADM3: Belleville Township, ADM4:  | Score: 28.54, Population: 103 | Fuzzy match: 74.07407407407408
2025-08-08 12:00:39,950 INFO Comparing database entry: chautauqua county with Chautauqua returned from geonames.
2025-08-08 12:00:39,950 INFO 📄 Index 0 | Name: Chautauqua | fcl: A, fcode: ADM2 | ADM1: Kansas, ADM2: Chautauqua, ADM3: , ADM4:  | Score: 35.69, Population: 3379 | Fuzzy match: 74.07407407407408
2025-08-08 12:00:39,950 INFO Comparing database entry: chautauqua county with Jamestown returned from geonames.
2025-08-08 12:00:39,951 INFO 📄 Index 1 | Name: Jamestown | fcl: P, fcode: PPL | ADM1: New York, ADM2: Chautauqua, ADM3: City of Jamestown, ADM4:  | Score: 30.53, Population: 30075 | Fuzzy match: 30.76923076923077
2025-08-08 12:00:39,951 INFO Comparing database entry: chautauqua county with Chautauqua returned from geonames.
2025-08-08 12:00:39,951 INFO 📄 Index 2 | Name: Chautauqua | fcl: A, fcode: ADM2 | ADM1: New York, ADM2: Chautauqua, ADM3: , ADM4:  | Score: 29.15, Population: 134905 | Fuzzy match: 74.07407407407408
2025-08-08 12:00:39,951 INFO Comparing database entry: chautauqua county with Chautauqua returned from geonames.
2025-08-08 12:00:39,951 INFO 📄 Index 3 | Name: Chautauqua | fcl: P, fcode: PPL | ADM1: Kansas, ADM2: Chautauqua, ADM3: Belleville Township, ADM4:  | Score: 28.54, Population: 103 | Fuzzy match: 74.07407407407408
2025-08-08 12:00:40,111 INFO Comparing database entry: chautauqua county with Chautauqua returned from geonames.
2025-08-08 12:00:40,111 INFO 📄 Index 0 | Name: Chautauqua | fcl: A, fcode: ADM2 | ADM1: Kansas, ADM2: Chautauqua, ADM3: , ADM4:  | Score: 35.69, Population: 3379 | Fuzzy match: 74.07407407407408
2025-08-08 12:00:40,111 INFO Comparing database entry: chautauqua county with Jamestown returned from geonames.
2025-08-08 12:00:40,112 INFO 📄 Index 1 | Name: Jamestown | fcl: P, fcode: PPL | ADM1: New York, ADM2: Chautauqua, ADM3: City of Jamestown, ADM4:  | Score: 30.53, Population: 30075 | Fuzzy match: 30.76923076923077
2025-08-08 12:00:40,112 INFO Comparing database entry: chautauqua county with Chautauqua returned from geonames.
2025-08-08 12:00:40,112 INFO 📄 Index 2 | Name: Chautauqua | fcl: A, fcode: ADM2 | ADM1: New York, ADM2: Chautauqua, ADM3: , ADM4:  | Score: 29.15, Population: 134905 | Fuzzy match: 74.07407407407408
2025-08-08 12:00:40,112 INFO Comparing database entry: chautauqua county with Chautauqua returned from geonames.
2025-08-08 12:00:40,112 INFO 📄 Index 3 | Name: Chautauqua | fcl: P, fcode: PPL | ADM1: Kansas, ADM2: Chautauqua, ADM3: Belleville Township, ADM4:  | Score: 28.54, Population: 103 | Fuzzy match: 74.07407407407408
2025-08-08 12:00:40,112 WARNING ❌ No match found with fuzzy score > 80 for city: chautauqua county
2025-08-08 12:00:40,112 WARNING ❌ Lookup failed for city='chautauqua_county', iso2='US'
