2025-08-08 12:00:41,302 INFO 🗺️ Starting GeoNames lookup for city='coweta_county', country='usa'
2025-08-08 12:00:41,302 INFO 📍 Location is present in the following articles: [ObjectId('67f9222bf431fddd61d55d82')]
2025-08-08 12:00:41,474 INFO Comparing database entry: coweta county with Newnan returned from geonames.
2025-08-08 12:00:41,474 INFO 📄 Index 0 | Name: Newnan | fcl: P, fcode: PPLA2 | ADM1: Georgia, ADM2: Coweta, ADM3: , ADM4:  | Score: 40.67, Population: 37291 | Fuzzy match: 31.57894736842105
2025-08-08 12:00:41,474 INFO Comparing database entry: coweta county with Coweta returned from geonames.
2025-08-08 12:00:41,474 INFO 📄 Index 1 | Name: Coweta | fcl: A, fcode: ADM2 | ADM1: Georgia, ADM2: Coweta, ADM3: , ADM4:  | Score: 33.41, Population: 150849 | Fuzzy match: 63.1578947368421
2025-08-08 12:00:41,474 INFO Comparing database entry: coweta county with Grantville returned from geonames.
2025-08-08 12:00:41,474 INFO 📄 Index 2 | Name: Grantville | fcl: P, fcode: PPL | ADM1: Georgia, ADM2: Coweta, ADM3: , ADM4:  | Score: 26.08, Population: 3183 | Fuzzy match: 26.086956521739136
2025-08-08 12:00:41,474 INFO Comparing database entry: coweta county with Senoia returned from geonames.
2025-08-08 12:00:41,474 INFO 📄 Index 3 | Name: Senoia | fcl: P, fcode: PPL | ADM1: Georgia, ADM2: Coweta, ADM3: , ADM4:  | Score: 23.59, Population: 4073 | Fuzzy match: 31.57894736842105
2025-08-08 12:00:41,625 INFO Comparing database entry: coweta county with Newnan returned from geonames.
2025-08-08 12:00:41,625 INFO 📄 Index 0 | Name: Newnan | fcl: P, fcode: PPLA2 | ADM1: Georgia, ADM2: Coweta, ADM3: , ADM4:  | Score: 40.67, Population: 37291 | Fuzzy match: 31.57894736842105
2025-08-08 12:00:41,625 INFO Comparing database entry: coweta county with Coweta returned from geonames.
2025-08-08 12:00:41,625 INFO 📄 Index 1 | Name: Coweta | fcl: A, fcode: ADM2 | ADM1: Georgia, ADM2: Coweta, ADM3: , ADM4:  | Score: 33.41, Population: 150849 | Fuzzy match: 63.1578947368421
2025-08-08 12:00:41,625 INFO Comparing database entry: coweta county with Grantville returned from geonames.
2025-08-08 12:00:41,625 INFO 📄 Index 2 | Name: Grantville | fcl: P, fcode: PPL | ADM1: Georgia, ADM2: Coweta, ADM3: , ADM4:  | Score: 26.08, Population: 3183 | Fuzzy match: 26.086956521739136
2025-08-08 12:00:41,625 INFO Comparing database entry: coweta county with Senoia returned from geonames.
2025-08-08 12:00:41,625 INFO 📄 Index 3 | Name: Senoia | fcl: P, fcode: PPL | ADM1: Georgia, ADM2: Coweta, ADM3: , ADM4:  | Score: 23.59, Population: 4073 | Fuzzy match: 31.57894736842105
2025-08-08 12:00:41,775 INFO Comparing database entry: coweta county with Newnan returned from geonames.
2025-08-08 12:00:41,775 INFO 📄 Index 0 | Name: Newnan | fcl: P, fcode: PPLA2 | ADM1: Georgia, ADM2: Coweta, ADM3: , ADM4:  | Score: 40.67, Population: 37291 | Fuzzy match: 31.57894736842105
2025-08-08 12:00:41,775 INFO Comparing database entry: coweta county with Coweta returned from geonames.
2025-08-08 12:00:41,775 INFO 📄 Index 1 | Name: Coweta | fcl: A, fcode: ADM2 | ADM1: Georgia, ADM2: Coweta, ADM3: , ADM4:  | Score: 33.41, Population: 150849 | Fuzzy match: 63.1578947368421
2025-08-08 12:00:41,775 INFO Comparing database entry: coweta county with Grantville returned from geonames.
2025-08-08 12:00:41,775 INFO 📄 Index 2 | Name: Grantville | fcl: P, fcode: PPL | ADM1: Georgia, ADM2: Coweta, ADM3: , ADM4:  | Score: 26.08, Population: 3183 | Fuzzy match: 26.086956521739136
2025-08-08 12:00:41,775 INFO Comparing database entry: coweta county with Senoia returned from geonames.
2025-08-08 12:00:41,775 INFO 📄 Index 3 | Name: Senoia | fcl: P, fcode: PPL | ADM1: Georgia, ADM2: Coweta, ADM3: , ADM4:  | Score: 23.59, Population: 4073 | Fuzzy match: 31.57894736842105
2025-08-08 12:00:41,945 INFO Comparing database entry: coweta county with Newnan returned from geonames.
2025-08-08 12:00:41,945 INFO 📄 Index 0 | Name: Newnan | fcl: P, fcode: PPLA2 | ADM1: Georgia, ADM2: Coweta, ADM3: , ADM4:  | Score: 40.67, Population: 37291 | Fuzzy match: 31.57894736842105
2025-08-08 12:00:41,945 INFO Comparing database entry: coweta county with Coweta returned from geonames.
2025-08-08 12:00:41,945 INFO 📄 Index 1 | Name: Coweta | fcl: A, fcode: ADM2 | ADM1: Georgia, ADM2: Coweta, ADM3: , ADM4:  | Score: 33.41, Population: 150849 | Fuzzy match: 63.1578947368421
2025-08-08 12:00:41,945 INFO Comparing database entry: coweta county with Grantville returned from geonames.
2025-08-08 12:00:41,945 INFO 📄 Index 2 | Name: Grantville | fcl: P, fcode: PPL | ADM1: Georgia, ADM2: Coweta, ADM3: , ADM4:  | Score: 26.08, Population: 3183 | Fuzzy match: 26.086956521739136
2025-08-08 12:00:41,945 INFO Comparing database entry: coweta county with Senoia returned from geonames.
2025-08-08 12:00:41,945 INFO 📄 Index 3 | Name: Senoia | fcl: P, fcode: PPL | ADM1: Georgia, ADM2: Coweta, ADM3: , ADM4:  | Score: 23.59, Population: 4073 | Fuzzy match: 31.57894736842105
2025-08-08 12:00:42,098 INFO Comparing database entry: coweta county with Newnan returned from geonames.
2025-08-08 12:00:42,098 INFO 📄 Index 0 | Name: Newnan | fcl: P, fcode: PPLA2 | ADM1: Georgia, ADM2: Coweta, ADM3: , ADM4:  | Score: 40.67, Population: 37291 | Fuzzy match: 31.57894736842105
2025-08-08 12:00:42,098 INFO Comparing database entry: coweta county with Coweta returned from geonames.
2025-08-08 12:00:42,098 INFO 📄 Index 1 | Name: Coweta | fcl: A, fcode: ADM2 | ADM1: Georgia, ADM2: Coweta, ADM3: , ADM4:  | Score: 33.41, Population: 150849 | Fuzzy match: 63.1578947368421
2025-08-08 12:00:42,098 INFO Comparing database entry: coweta county with Grantville returned from geonames.
2025-08-08 12:00:42,099 INFO 📄 Index 2 | Name: Grantville | fcl: P, fcode: PPL | ADM1: Georgia, ADM2: Coweta, ADM3: , ADM4:  | Score: 26.08, Population: 3183 | Fuzzy match: 26.086956521739136
2025-08-08 12:00:42,099 INFO Comparing database entry: coweta county with Senoia returned from geonames.
2025-08-08 12:00:42,099 INFO 📄 Index 3 | Name: Senoia | fcl: P, fcode: PPL | ADM1: Georgia, ADM2: Coweta, ADM3: , ADM4:  | Score: 23.59, Population: 4073 | Fuzzy match: 31.57894736842105
2025-08-08 12:00:42,263 INFO Comparing database entry: coweta county with Newnan returned from geonames.
2025-08-08 12:00:42,263 INFO 📄 Index 0 | Name: Newnan | fcl: P, fcode: PPLA2 | ADM1: Georgia, ADM2: Coweta, ADM3: , ADM4:  | Score: 40.67, Population: 37291 | Fuzzy match: 31.57894736842105
2025-08-08 12:00:42,263 INFO Comparing database entry: coweta county with Coweta returned from geonames.
2025-08-08 12:00:42,263 INFO 📄 Index 1 | Name: Coweta | fcl: A, fcode: ADM2 | ADM1: Georgia, ADM2: Coweta, ADM3: , ADM4:  | Score: 33.41, Population: 150849 | Fuzzy match: 63.1578947368421
2025-08-08 12:00:42,263 INFO Comparing database entry: coweta county with Grantville returned from geonames.
2025-08-08 12:00:42,263 INFO 📄 Index 2 | Name: Grantville | fcl: P, fcode: PPL | ADM1: Georgia, ADM2: Coweta, ADM3: , ADM4:  | Score: 26.08, Population: 3183 | Fuzzy match: 26.086956521739136
2025-08-08 12:00:42,263 INFO Comparing database entry: coweta county with Senoia returned from geonames.
2025-08-08 12:00:42,264 INFO 📄 Index 3 | Name: Senoia | fcl: P, fcode: PPL | ADM1: Georgia, ADM2: Coweta, ADM3: , ADM4:  | Score: 23.59, Population: 4073 | Fuzzy match: 31.57894736842105
2025-08-08 12:00:42,264 WARNING ❌ No match found with fuzzy score > 80 for city: coweta county
2025-08-08 12:00:42,264 WARNING ❌ Lookup failed for city='coweta_county', iso2='US'
