2025-08-08 11:53:58,836 INFO 🗺️ Starting GeoNames lookup for city='commerce_jackson_county', country='united states'
2025-08-08 11:53:58,836 INFO 📍 Location is present in the following articles: [ObjectId('67f9213ff431fddd61d55a75'), ObjectId('67f9213ff431fddd61d55a75')]
2025-08-08 11:53:59,041 INFO Comparing database entry: commerce, jackson county with Commerce returned from geonames.
2025-08-08 11:53:59,041 INFO 📄 Index 0 | Name: Commerce | fcl: P, fcode: PPL | ADM1: Georgia, ADM2: Jackson, ADM3: , ADM4:  | Score: 28.71, Population: 6762 | Fuzzy match: 50.0
2025-08-08 11:53:59,041 INFO Comparing database entry: commerce, jackson county with City of Commerce returned from geonames.
2025-08-08 11:53:59,041 INFO 📄 Index 1 | Name: City of Commerce | fcl: A, fcode: ADM3 | ADM1: Georgia, ADM2: Jackson, ADM3: City of Commerce, ADM4:  | Score: 14.91, Population: 7387 | Fuzzy match: 50.0
2025-08-08 11:53:59,188 INFO Comparing database entry: commerce, jackson county with Commerce returned from geonames.
2025-08-08 11:53:59,188 INFO 📄 Index 0 | Name: Commerce | fcl: P, fcode: PPL | ADM1: Georgia, ADM2: Jackson, ADM3: , ADM4:  | Score: 28.71, Population: 6762 | Fuzzy match: 50.0
2025-08-08 11:53:59,188 INFO Comparing database entry: commerce, jackson county with City of Commerce returned from geonames.
2025-08-08 11:53:59,189 INFO 📄 Index 1 | Name: City of Commerce | fcl: A, fcode: ADM3 | ADM1: Georgia, ADM2: Jackson, ADM3: City of Commerce, ADM4:  | Score: 14.91, Population: 7387 | Fuzzy match: 50.0
2025-08-08 11:53:59,358 INFO Comparing database entry: commerce, jackson county with Commerce returned from geonames.
2025-08-08 11:53:59,358 INFO 📄 Index 0 | Name: Commerce | fcl: P, fcode: PPL | ADM1: Georgia, ADM2: Jackson, ADM3: , ADM4:  | Score: 28.71, Population: 6762 | Fuzzy match: 50.0
2025-08-08 11:53:59,358 INFO Comparing database entry: commerce, jackson county with City of Commerce returned from geonames.
2025-08-08 11:53:59,358 INFO 📄 Index 1 | Name: City of Commerce | fcl: A, fcode: ADM3 | ADM1: Georgia, ADM2: Jackson, ADM3: City of Commerce, ADM4:  | Score: 14.91, Population: 7387 | Fuzzy match: 50.0
2025-08-08 11:53:59,537 INFO Comparing database entry: commerce, jackson county with Commerce returned from geonames.
2025-08-08 11:53:59,537 INFO 📄 Index 0 | Name: Commerce | fcl: P, fcode: PPL | ADM1: Georgia, ADM2: Jackson, ADM3: , ADM4:  | Score: 28.71, Population: 6762 | Fuzzy match: 50.0
2025-08-08 11:53:59,537 INFO Comparing database entry: commerce, jackson county with City of Commerce returned from geonames.
2025-08-08 11:53:59,537 INFO 📄 Index 1 | Name: City of Commerce | fcl: A, fcode: ADM3 | ADM1: Georgia, ADM2: Jackson, ADM3: City of Commerce, ADM4:  | Score: 14.91, Population: 7387 | Fuzzy match: 50.0
2025-08-08 11:53:59,700 INFO Comparing database entry: commerce, jackson county with Commerce returned from geonames.
2025-08-08 11:53:59,700 INFO 📄 Index 0 | Name: Commerce | fcl: P, fcode: PPL | ADM1: Georgia, ADM2: Jackson, ADM3: , ADM4:  | Score: 28.71, Population: 6762 | Fuzzy match: 50.0
2025-08-08 11:53:59,701 INFO Comparing database entry: commerce, jackson county with City of Commerce returned from geonames.
2025-08-08 11:53:59,701 INFO 📄 Index 1 | Name: City of Commerce | fcl: A, fcode: ADM3 | ADM1: Georgia, ADM2: Jackson, ADM3: City of Commerce, ADM4:  | Score: 14.91, Population: 7387 | Fuzzy match: 50.0
2025-08-08 11:53:59,875 INFO Comparing database entry: commerce, jackson county with Commerce returned from geonames.
2025-08-08 11:53:59,875 INFO 📄 Index 0 | Name: Commerce | fcl: P, fcode: PPL | ADM1: Georgia, ADM2: Jackson, ADM3: , ADM4:  | Score: 28.71, Population: 6762 | Fuzzy match: 50.0
2025-08-08 11:53:59,876 INFO Comparing database entry: commerce, jackson county with City of Commerce returned from geonames.
2025-08-08 11:53:59,876 INFO 📄 Index 1 | Name: City of Commerce | fcl: A, fcode: ADM3 | ADM1: Georgia, ADM2: Jackson, ADM3: City of Commerce, ADM4:  | Score: 14.91, Population: 7387 | Fuzzy match: 50.0
2025-08-08 11:53:59,876 WARNING ❌ No match found with fuzzy score > 80 for city: commerce, jackson county
2025-08-08 11:53:59,876 WARNING ❌ Lookup failed for city='commerce_jackson_county', iso2='US'
