2025-08-08 11:46:32,600 INFO 🗺️ Starting GeoNames lookup for city='chatham_county', country='usa'
2025-08-08 11:46:32,600 INFO 📍 Location is present in the following articles: [ObjectId('67f52ce5981040986eab7ae3'), ObjectId('67f52cfd981040986eab7b43')]
2025-08-08 11:46:32,779 INFO Comparing database entry: chatham county with Savannah returned from geonames.
2025-08-08 11:46:32,780 INFO 📄 Index 0 | Name: Savannah | fcl: P, fcode: PPLA2 | ADM1: Georgia, ADM2: Chatham, ADM3: , ADM4:  | Score: 53.83, Population: 147780 | Fuzzy match: 27.27272727272727
2025-08-08 11:46:32,780 INFO Comparing database entry: chatham county with Chatham returned from geonames.
2025-08-08 11:46:32,780 INFO 📄 Index 1 | Name: Chatham | fcl: A, fcode: ADM2 | ADM1: Georgia, ADM2: Chatham, ADM3: , ADM4:  | Score: 32.88, Population: 295291 | Fuzzy match: 66.66666666666667
2025-08-08 11:46:32,780 INFO Comparing database entry: chatham county with Chatham returned from geonames.
2025-08-08 11:46:32,780 INFO 📄 Index 2 | Name: Chatham | fcl: A, fcode: ADM2 | ADM1: North Carolina, ADM2: Chatham, ADM3: , ADM4:  | Score: 27.33, Population: 63505 | Fuzzy match: 66.66666666666667
2025-08-08 11:46:32,780 INFO Comparing database entry: chatham county with Tybee Island returned from geonames.
2025-08-08 11:46:32,780 INFO 📄 Index 3 | Name: Tybee Island | fcl: P, fcode: PPL | ADM1: Georgia, ADM2: Chatham, ADM3: , ADM4:  | Score: 26.92, Population: 3102 | Fuzzy match: 30.76923076923077
2025-08-08 11:46:32,973 INFO Comparing database entry: chatham county with Savannah returned from geonames.
2025-08-08 11:46:32,974 INFO 📄 Index 0 | Name: Savannah | fcl: P, fcode: PPLA2 | ADM1: Georgia, ADM2: Chatham, ADM3: , ADM4:  | Score: 53.83, Population: 147780 | Fuzzy match: 27.27272727272727
2025-08-08 11:46:32,974 INFO Comparing database entry: chatham county with Chatham returned from geonames.
2025-08-08 11:46:32,974 INFO 📄 Index 1 | Name: Chatham | fcl: A, fcode: ADM2 | ADM1: Georgia, ADM2: Chatham, ADM3: , ADM4:  | Score: 32.88, Population: 295291 | Fuzzy match: 66.66666666666667
2025-08-08 11:46:32,974 INFO Comparing database entry: chatham county with Chatham returned from geonames.
2025-08-08 11:46:32,974 INFO 📄 Index 2 | Name: Chatham | fcl: A, fcode: ADM2 | ADM1: North Carolina, ADM2: Chatham, ADM3: , ADM4:  | Score: 27.33, Population: 63505 | Fuzzy match: 66.66666666666667
2025-08-08 11:46:32,974 INFO Comparing database entry: chatham county with Tybee Island returned from geonames.
2025-08-08 11:46:32,974 INFO 📄 Index 3 | Name: Tybee Island | fcl: P, fcode: PPL | ADM1: Georgia, ADM2: Chatham, ADM3: , ADM4:  | Score: 26.92, Population: 3102 | Fuzzy match: 30.76923076923077
2025-08-08 11:46:33,145 INFO Comparing database entry: chatham county with Savannah returned from geonames.
2025-08-08 11:46:33,146 INFO 📄 Index 0 | Name: Savannah | fcl: P, fcode: PPLA2 | ADM1: Georgia, ADM2: Chatham, ADM3: , ADM4:  | Score: 53.83, Population: 147780 | Fuzzy match: 27.27272727272727
2025-08-08 11:46:33,146 INFO Comparing database entry: chatham county with Chatham returned from geonames.
2025-08-08 11:46:33,146 INFO 📄 Index 1 | Name: Chatham | fcl: A, fcode: ADM2 | ADM1: Georgia, ADM2: Chatham, ADM3: , ADM4:  | Score: 32.88, Population: 295291 | Fuzzy match: 66.66666666666667
2025-08-08 11:46:33,146 INFO Comparing database entry: chatham county with Chatham returned from geonames.
2025-08-08 11:46:33,146 INFO 📄 Index 2 | Name: Chatham | fcl: A, fcode: ADM2 | ADM1: North Carolina, ADM2: Chatham, ADM3: , ADM4:  | Score: 27.33, Population: 63505 | Fuzzy match: 66.66666666666667
2025-08-08 11:46:33,146 INFO Comparing database entry: chatham county with Tybee Island returned from geonames.
2025-08-08 11:46:33,146 INFO 📄 Index 3 | Name: Tybee Island | fcl: P, fcode: PPL | ADM1: Georgia, ADM2: Chatham, ADM3: , ADM4:  | Score: 26.92, Population: 3102 | Fuzzy match: 30.76923076923077
2025-08-08 11:46:33,325 INFO Comparing database entry: chatham county with Savannah returned from geonames.
2025-08-08 11:46:33,326 INFO 📄 Index 0 | Name: Savannah | fcl: P, fcode: PPLA2 | ADM1: Georgia, ADM2: Chatham, ADM3: , ADM4:  | Score: 53.83, Population: 147780 | Fuzzy match: 27.27272727272727
2025-08-08 11:46:33,326 INFO Comparing database entry: chatham county with Chatham returned from geonames.
2025-08-08 11:46:33,326 INFO 📄 Index 1 | Name: Chatham | fcl: A, fcode: ADM2 | ADM1: Georgia, ADM2: Chatham, ADM3: , ADM4:  | Score: 32.88, Population: 295291 | Fuzzy match: 66.66666666666667
2025-08-08 11:46:33,326 INFO Comparing database entry: chatham county with Chatham returned from geonames.
2025-08-08 11:46:33,326 INFO 📄 Index 2 | Name: Chatham | fcl: A, fcode: ADM2 | ADM1: North Carolina, ADM2: Chatham, ADM3: , ADM4:  | Score: 27.33, Population: 63505 | Fuzzy match: 66.66666666666667
2025-08-08 11:46:33,326 INFO Comparing database entry: chatham county with Tybee Island returned from geonames.
2025-08-08 11:46:33,326 INFO 📄 Index 3 | Name: Tybee Island | fcl: P, fcode: PPL | ADM1: Georgia, ADM2: Chatham, ADM3: , ADM4:  | Score: 26.92, Population: 3102 | Fuzzy match: 30.76923076923077
2025-08-08 11:46:33,468 INFO Comparing database entry: chatham county with Savannah returned from geonames.
2025-08-08 11:46:33,468 INFO 📄 Index 0 | Name: Savannah | fcl: P, fcode: PPLA2 | ADM1: Georgia, ADM2: Chatham, ADM3: , ADM4:  | Score: 53.83, Population: 147780 | Fuzzy match: 27.27272727272727
2025-08-08 11:46:33,468 INFO Comparing database entry: chatham county with Chatham returned from geonames.
2025-08-08 11:46:33,468 INFO 📄 Index 1 | Name: Chatham | fcl: A, fcode: ADM2 | ADM1: Georgia, ADM2: Chatham, ADM3: , ADM4:  | Score: 32.88, Population: 295291 | Fuzzy match: 66.66666666666667
2025-08-08 11:46:33,468 INFO Comparing database entry: chatham county with Chatham returned from geonames.
2025-08-08 11:46:33,468 INFO 📄 Index 2 | Name: Chatham | fcl: A, fcode: ADM2 | ADM1: North Carolina, ADM2: Chatham, ADM3: , ADM4:  | Score: 27.33, Population: 63505 | Fuzzy match: 66.66666666666667
2025-08-08 11:46:33,468 INFO Comparing database entry: chatham county with Tybee Island returned from geonames.
2025-08-08 11:46:33,468 INFO 📄 Index 3 | Name: Tybee Island | fcl: P, fcode: PPL | ADM1: Georgia, ADM2: Chatham, ADM3: , ADM4:  | Score: 26.92, Population: 3102 | Fuzzy match: 30.76923076923077
2025-08-08 11:46:33,676 INFO Comparing database entry: chatham county with Savannah returned from geonames.
2025-08-08 11:46:33,676 INFO 📄 Index 0 | Name: Savannah | fcl: P, fcode: PPLA2 | ADM1: Georgia, ADM2: Chatham, ADM3: , ADM4:  | Score: 53.83, Population: 147780 | Fuzzy match: 27.27272727272727
2025-08-08 11:46:33,676 INFO Comparing database entry: chatham county with Chatham returned from geonames.
2025-08-08 11:46:33,677 INFO 📄 Index 1 | Name: Chatham | fcl: A, fcode: ADM2 | ADM1: Georgia, ADM2: Chatham, ADM3: , ADM4:  | Score: 32.88, Population: 295291 | Fuzzy match: 66.66666666666667
2025-08-08 11:46:33,677 INFO Comparing database entry: chatham county with Chatham returned from geonames.
2025-08-08 11:46:33,677 INFO 📄 Index 2 | Name: Chatham | fcl: A, fcode: ADM2 | ADM1: North Carolina, ADM2: Chatham, ADM3: , ADM4:  | Score: 27.33, Population: 63505 | Fuzzy match: 66.66666666666667
2025-08-08 11:46:33,677 INFO Comparing database entry: chatham county with Tybee Island returned from geonames.
2025-08-08 11:46:33,677 INFO 📄 Index 3 | Name: Tybee Island | fcl: P, fcode: PPL | ADM1: Georgia, ADM2: Chatham, ADM3: , ADM4:  | Score: 26.92, Population: 3102 | Fuzzy match: 30.76923076923077
2025-08-08 11:46:33,677 WARNING ❌ No match found with fuzzy score > 80 for city: chatham county
2025-08-08 11:46:33,677 WARNING ❌ Lookup failed for city='chatham_county', iso2='US'
