2025-08-08 11:53:59,877 INFO 🗺️ Starting GeoNames lookup for city='detroithamtramck', country='united states'
2025-08-08 11:53:59,877 INFO 📍 Location is present in the following articles: [ObjectId('67f92114f431fddd61d559e3')]
2025-08-08 11:54:00,077 INFO Comparing database entry: detroit-hamtramck with Hamtramck returned from geonames.
2025-08-08 11:54:00,078 INFO 📄 Index 0 | Name: Hamtramck | fcl: P, fcode: PPL | ADM1: Michigan, ADM2: Wayne, ADM3: City of Hamtramck, ADM4:  | Score: 40.44, Population: 22002 | Fuzzy match: 69.23076923076923
2025-08-08 11:54:00,078 INFO Comparing database entry: detroit-hamtramck with City of Hamtramck returned from geonames.
2025-08-08 11:54:00,078 INFO 📄 Index 1 | Name: City of Hamtramck | fcl: A, fcode: ADM3 | ADM1: Michigan, ADM2: Wayne, ADM3: City of Hamtramck, ADM4:  | Score: 13.47, Population: 22423 | Fuzzy match: 64.70588235294117
2025-08-08 11:54:00,242 INFO Comparing database entry: detroit-hamtramck with Hamtramck returned from geonames.
2025-08-08 11:54:00,242 INFO 📄 Index 0 | Name: Hamtramck | fcl: P, fcode: PPL | ADM1: Michigan, ADM2: Wayne, ADM3: City of Hamtramck, ADM4:  | Score: 40.44, Population: 22002 | Fuzzy match: 69.23076923076923
2025-08-08 11:54:00,242 INFO Comparing database entry: detroit-hamtramck with City of Hamtramck returned from geonames.
2025-08-08 11:54:00,242 INFO 📄 Index 1 | Name: City of Hamtramck | fcl: A, fcode: ADM3 | ADM1: Michigan, ADM2: Wayne, ADM3: City of Hamtramck, ADM4:  | Score: 13.47, Population: 22423 | Fuzzy match: 64.70588235294117
2025-08-08 11:54:00,396 INFO Comparing database entry: detroit-hamtramck with Hamtramck returned from geonames.
2025-08-08 11:54:00,396 INFO 📄 Index 0 | Name: Hamtramck | fcl: P, fcode: PPL | ADM1: Michigan, ADM2: Wayne, ADM3: City of Hamtramck, ADM4:  | Score: 40.44, Population: 22002 | Fuzzy match: 69.23076923076923
2025-08-08 11:54:00,396 INFO Comparing database entry: detroit-hamtramck with City of Hamtramck returned from geonames.
2025-08-08 11:54:00,396 INFO 📄 Index 1 | Name: City of Hamtramck | fcl: A, fcode: ADM3 | ADM1: Michigan, ADM2: Wayne, ADM3: City of Hamtramck, ADM4:  | Score: 13.47, Population: 22423 | Fuzzy match: 64.70588235294117
2025-08-08 11:54:00,573 INFO Comparing database entry: detroit-hamtramck with Hamtramck returned from geonames.
2025-08-08 11:54:00,574 INFO 📄 Index 0 | Name: Hamtramck | fcl: P, fcode: PPL | ADM1: Michigan, ADM2: Wayne, ADM3: City of Hamtramck, ADM4:  | Score: 40.44, Population: 22002 | Fuzzy match: 69.23076923076923
2025-08-08 11:54:00,574 INFO Comparing database entry: detroit-hamtramck with City of Hamtramck returned from geonames.
2025-08-08 11:54:00,574 INFO 📄 Index 1 | Name: City of Hamtramck | fcl: A, fcode: ADM3 | ADM1: Michigan, ADM2: Wayne, ADM3: City of Hamtramck, ADM4:  | Score: 13.47, Population: 22423 | Fuzzy match: 64.70588235294117
2025-08-08 11:54:00,775 INFO Comparing database entry: detroit-hamtramck with Hamtramck returned from geonames.
2025-08-08 11:54:00,775 INFO 📄 Index 0 | Name: Hamtramck | fcl: P, fcode: PPL | ADM1: Michigan, ADM2: Wayne, ADM3: City of Hamtramck, ADM4:  | Score: 40.44, Population: 22002 | Fuzzy match: 69.23076923076923
2025-08-08 11:54:00,775 INFO Comparing database entry: detroit-hamtramck with City of Hamtramck returned from geonames.
2025-08-08 11:54:00,775 INFO 📄 Index 1 | Name: City of Hamtramck | fcl: A, fcode: ADM3 | ADM1: Michigan, ADM2: Wayne, ADM3: City of Hamtramck, ADM4:  | Score: 13.47, Population: 22423 | Fuzzy match: 64.70588235294117
2025-08-08 11:54:00,945 INFO Comparing database entry: detroit-hamtramck with Hamtramck returned from geonames.
2025-08-08 11:54:00,946 INFO 📄 Index 0 | Name: Hamtramck | fcl: P, fcode: PPL | ADM1: Michigan, ADM2: Wayne, ADM3: City of Hamtramck, ADM4:  | Score: 40.44, Population: 22002 | Fuzzy match: 69.23076923076923
2025-08-08 11:54:00,946 INFO Comparing database entry: detroit-hamtramck with City of Hamtramck returned from geonames.
2025-08-08 11:54:00,946 INFO 📄 Index 1 | Name: City of Hamtramck | fcl: A, fcode: ADM3 | ADM1: Michigan, ADM2: Wayne, ADM3: City of Hamtramck, ADM4:  | Score: 13.47, Population: 22423 | Fuzzy match: 64.70588235294117
2025-08-08 11:54:00,946 WARNING ❌ No match found with fuzzy score > 80 for city: detroit-hamtramck
2025-08-08 11:54:00,946 WARNING ❌ Lookup failed for city='detroithamtramck', iso2='US'
