2025-08-07 18:24:57,978 INFO 🗺️ Starting GeoNames lookup for city='edgecombe_county', country='united states'
2025-08-07 18:24:57,978 INFO 📍 Location is present in the following articles: [ObjectId('67fbeea694b7f855cfea65de')]
2025-08-07 18:24:58,150 INFO Comparing database entry: edgecombe county with Edgecombe returned from geonames.
2025-08-07 18:24:58,150 INFO 📄 Index 0 | Name: Edgecombe | fcl: A, fcode: ADM2 | ADM1: North Carolina, ADM2: Edgecombe, ADM3: , ADM4:  | Score: 29.63, Population: 56552 | Fuzzy match: 72.0
2025-08-07 18:24:58,150 INFO Comparing database entry: edgecombe county with Tarboro returned from geonames.
2025-08-07 18:24:58,150 INFO 📄 Index 1 | Name: Tarboro | fcl: P, fcode: PPLA2 | ADM1: North Carolina, ADM2: Edgecombe, ADM3: , ADM4:  | Score: 21.36, Population: 11164 | Fuzzy match: 17.391304347826086
2025-08-07 18:24:58,150 INFO Comparing database entry: edgecombe county with Conetoe returned from geonames.
2025-08-07 18:24:58,150 INFO 📄 Index 2 | Name: Conetoe | fcl: P, fcode: PPL | ADM1: North Carolina, ADM2: Edgecombe, ADM3: , ADM4:  | Score: 18.79, Population: 281 | Fuzzy match: 52.17391304347826
2025-08-07 18:24:58,150 INFO Comparing database entry: edgecombe county with Pinetops returned from geonames.
2025-08-07 18:24:58,150 INFO 📄 Index 3 | Name: Pinetops | fcl: P, fcode: PPL | ADM1: North Carolina, ADM2: Edgecombe, ADM3: , ADM4:  | Score: 18.79, Population: 1319 | Fuzzy match: 25.0
2025-08-07 18:24:58,313 INFO Comparing database entry: edgecombe county with Edgecombe returned from geonames.
2025-08-07 18:24:58,313 INFO 📄 Index 0 | Name: Edgecombe | fcl: A, fcode: ADM2 | ADM1: North Carolina, ADM2: Edgecombe, ADM3: , ADM4:  | Score: 29.63, Population: 56552 | Fuzzy match: 72.0
2025-08-07 18:24:58,313 INFO Comparing database entry: edgecombe county with Tarboro returned from geonames.
2025-08-07 18:24:58,313 INFO 📄 Index 1 | Name: Tarboro | fcl: P, fcode: PPLA2 | ADM1: North Carolina, ADM2: Edgecombe, ADM3: , ADM4:  | Score: 21.36, Population: 11164 | Fuzzy match: 17.391304347826086
2025-08-07 18:24:58,313 INFO Comparing database entry: edgecombe county with Conetoe returned from geonames.
2025-08-07 18:24:58,313 INFO 📄 Index 2 | Name: Conetoe | fcl: P, fcode: PPL | ADM1: North Carolina, ADM2: Edgecombe, ADM3: , ADM4:  | Score: 18.79, Population: 281 | Fuzzy match: 52.17391304347826
2025-08-07 18:24:58,313 INFO Comparing database entry: edgecombe county with Pinetops returned from geonames.
2025-08-07 18:24:58,313 INFO 📄 Index 3 | Name: Pinetops | fcl: P, fcode: PPL | ADM1: North Carolina, ADM2: Edgecombe, ADM3: , ADM4:  | Score: 18.79, Population: 1319 | Fuzzy match: 25.0
2025-08-07 18:24:58,459 INFO Comparing database entry: edgecombe county with Edgecombe returned from geonames.
2025-08-07 18:24:58,460 INFO 📄 Index 0 | Name: Edgecombe | fcl: A, fcode: ADM2 | ADM1: North Carolina, ADM2: Edgecombe, ADM3: , ADM4:  | Score: 29.63, Population: 56552 | Fuzzy match: 72.0
2025-08-07 18:24:58,460 INFO Comparing database entry: edgecombe county with Tarboro returned from geonames.
2025-08-07 18:24:58,460 INFO 📄 Index 1 | Name: Tarboro | fcl: P, fcode: PPLA2 | ADM1: North Carolina, ADM2: Edgecombe, ADM3: , ADM4:  | Score: 21.36, Population: 11164 | Fuzzy match: 17.391304347826086
2025-08-07 18:24:58,460 INFO Comparing database entry: edgecombe county with Conetoe returned from geonames.
2025-08-07 18:24:58,460 INFO 📄 Index 2 | Name: Conetoe | fcl: P, fcode: PPL | ADM1: North Carolina, ADM2: Edgecombe, ADM3: , ADM4:  | Score: 18.79, Population: 281 | Fuzzy match: 52.17391304347826
2025-08-07 18:24:58,460 INFO Comparing database entry: edgecombe county with Pinetops returned from geonames.
2025-08-07 18:24:58,460 INFO 📄 Index 3 | Name: Pinetops | fcl: P, fcode: PPL | ADM1: North Carolina, ADM2: Edgecombe, ADM3: , ADM4:  | Score: 18.79, Population: 1319 | Fuzzy match: 25.0
2025-08-07 18:24:58,607 INFO Comparing database entry: edgecombe county with Edgecombe returned from geonames.
2025-08-07 18:24:58,607 INFO 📄 Index 0 | Name: Edgecombe | fcl: A, fcode: ADM2 | ADM1: North Carolina, ADM2: Edgecombe, ADM3: , ADM4:  | Score: 29.63, Population: 56552 | Fuzzy match: 72.0
2025-08-07 18:24:58,607 INFO Comparing database entry: edgecombe county with Tarboro returned from geonames.
2025-08-07 18:24:58,607 INFO 📄 Index 1 | Name: Tarboro | fcl: P, fcode: PPLA2 | ADM1: North Carolina, ADM2: Edgecombe, ADM3: , ADM4:  | Score: 21.36, Population: 11164 | Fuzzy match: 17.391304347826086
2025-08-07 18:24:58,607 INFO Comparing database entry: edgecombe county with Conetoe returned from geonames.
2025-08-07 18:24:58,607 INFO 📄 Index 2 | Name: Conetoe | fcl: P, fcode: PPL | ADM1: North Carolina, ADM2: Edgecombe, ADM3: , ADM4:  | Score: 18.79, Population: 281 | Fuzzy match: 52.17391304347826
2025-08-07 18:24:58,607 INFO Comparing database entry: edgecombe county with Pinetops returned from geonames.
2025-08-07 18:24:58,607 INFO 📄 Index 3 | Name: Pinetops | fcl: P, fcode: PPL | ADM1: North Carolina, ADM2: Edgecombe, ADM3: , ADM4:  | Score: 18.79, Population: 1319 | Fuzzy match: 25.0
2025-08-07 18:24:58,745 INFO Comparing database entry: edgecombe county with Edgecombe returned from geonames.
2025-08-07 18:24:58,745 INFO 📄 Index 0 | Name: Edgecombe | fcl: A, fcode: ADM2 | ADM1: North Carolina, ADM2: Edgecombe, ADM3: , ADM4:  | Score: 29.63, Population: 56552 | Fuzzy match: 72.0
2025-08-07 18:24:58,745 INFO Comparing database entry: edgecombe county with Tarboro returned from geonames.
2025-08-07 18:24:58,745 INFO 📄 Index 1 | Name: Tarboro | fcl: P, fcode: PPLA2 | ADM1: North Carolina, ADM2: Edgecombe, ADM3: , ADM4:  | Score: 21.36, Population: 11164 | Fuzzy match: 17.391304347826086
2025-08-07 18:24:58,745 INFO Comparing database entry: edgecombe county with Conetoe returned from geonames.
2025-08-07 18:24:58,745 INFO 📄 Index 2 | Name: Conetoe | fcl: P, fcode: PPL | ADM1: North Carolina, ADM2: Edgecombe, ADM3: , ADM4:  | Score: 18.79, Population: 281 | Fuzzy match: 52.17391304347826
2025-08-07 18:24:58,745 INFO Comparing database entry: edgecombe county with Pinetops returned from geonames.
2025-08-07 18:24:58,745 INFO 📄 Index 3 | Name: Pinetops | fcl: P, fcode: PPL | ADM1: North Carolina, ADM2: Edgecombe, ADM3: , ADM4:  | Score: 18.79, Population: 1319 | Fuzzy match: 25.0
2025-08-07 18:24:58,897 INFO Comparing database entry: edgecombe county with Edgecombe returned from geonames.
2025-08-07 18:24:58,897 INFO 📄 Index 0 | Name: Edgecombe | fcl: A, fcode: ADM2 | ADM1: North Carolina, ADM2: Edgecombe, ADM3: , ADM4:  | Score: 29.63, Population: 56552 | Fuzzy match: 72.0
2025-08-07 18:24:58,897 INFO Comparing database entry: edgecombe county with Tarboro returned from geonames.
2025-08-07 18:24:58,897 INFO 📄 Index 1 | Name: Tarboro | fcl: P, fcode: PPLA2 | ADM1: North Carolina, ADM2: Edgecombe, ADM3: , ADM4:  | Score: 21.36, Population: 11164 | Fuzzy match: 17.391304347826086
2025-08-07 18:24:58,897 INFO Comparing database entry: edgecombe county with Conetoe returned from geonames.
2025-08-07 18:24:58,897 INFO 📄 Index 2 | Name: Conetoe | fcl: P, fcode: PPL | ADM1: North Carolina, ADM2: Edgecombe, ADM3: , ADM4:  | Score: 18.79, Population: 281 | Fuzzy match: 52.17391304347826
2025-08-07 18:24:58,897 INFO Comparing database entry: edgecombe county with Pinetops returned from geonames.
2025-08-07 18:24:58,897 INFO 📄 Index 3 | Name: Pinetops | fcl: P, fcode: PPL | ADM1: North Carolina, ADM2: Edgecombe, ADM3: , ADM4:  | Score: 18.79, Population: 1319 | Fuzzy match: 25.0
2025-08-07 18:24:58,898 WARNING ❌ No match found with fuzzy score > 80 for city: edgecombe county
2025-08-07 18:24:58,898 WARNING ❌ Lookup failed for city='edgecombe_county', iso2='US'
