2025-08-08 11:55:19,984 INFO 🗺️ Starting GeoNames lookup for city='fairfax', country='usa'
2025-08-08 11:55:19,984 INFO 📍 Location is present in the following articles: [ObjectId('67f92167f431fddd61d55afa')]
2025-08-08 11:55:20,149 INFO Comparing database entry: fairfax with Reston returned from geonames.
2025-08-08 11:55:20,150 INFO 📄 Index 0 | Name: Reston | fcl: P, fcode: PPL | ADM1: Virginia, ADM2: Fairfax, ADM3: , ADM4:  | Score: 44.37, Population: 58404 | Fuzzy match: 15.384615384615385
2025-08-08 11:55:20,150 INFO Comparing database entry: fairfax with Springfield returned from geonames.
2025-08-08 11:55:20,150 INFO 📄 Index 1 | Name: Springfield | fcl: P, fcode: PPL | ADM1: Virginia, ADM2: Fairfax, ADM3: , ADM4:  | Score: 44.37, Population: 30484 | Fuzzy match: 22.22222222222222
2025-08-08 11:55:20,150 INFO Comparing database entry: fairfax with Merrifield returned from geonames.
2025-08-08 11:55:20,150 INFO 📄 Index 2 | Name: Merrifield | fcl: P, fcode: PPL | ADM1: Virginia, ADM2: Fairfax, ADM3: , ADM4:  | Score: 38.28, Population: 15212 | Fuzzy match: 23.529411764705888
2025-08-08 11:55:20,150 INFO Comparing database entry: fairfax with Herndon returned from geonames.
2025-08-08 11:55:20,150 INFO 📄 Index 3 | Name: Herndon | fcl: P, fcode: PPL | ADM1: Virginia, ADM2: Fairfax, ADM3: , ADM4:  | Score: 38.28, Population: 24568 | Fuzzy match: 14.28571428571429
2025-08-08 11:55:20,317 INFO Comparing database entry: fairfax with Reston returned from geonames.
2025-08-08 11:55:20,317 INFO 📄 Index 0 | Name: Reston | fcl: P, fcode: PPL | ADM1: Virginia, ADM2: Fairfax, ADM3: , ADM4:  | Score: 44.37, Population: 58404 | Fuzzy match: 15.384615384615385
2025-08-08 11:55:20,317 INFO Comparing database entry: fairfax with Springfield returned from geonames.
2025-08-08 11:55:20,317 INFO 📄 Index 1 | Name: Springfield | fcl: P, fcode: PPL | ADM1: Virginia, ADM2: Fairfax, ADM3: , ADM4:  | Score: 44.37, Population: 30484 | Fuzzy match: 22.22222222222222
2025-08-08 11:55:20,317 INFO Comparing database entry: fairfax with Merrifield returned from geonames.
2025-08-08 11:55:20,317 INFO 📄 Index 2 | Name: Merrifield | fcl: P, fcode: PPL | ADM1: Virginia, ADM2: Fairfax, ADM3: , ADM4:  | Score: 38.28, Population: 15212 | Fuzzy match: 23.529411764705888
2025-08-08 11:55:20,317 INFO Comparing database entry: fairfax with Herndon returned from geonames.
2025-08-08 11:55:20,317 INFO 📄 Index 3 | Name: Herndon | fcl: P, fcode: PPL | ADM1: Virginia, ADM2: Fairfax, ADM3: , ADM4:  | Score: 38.28, Population: 24568 | Fuzzy match: 14.28571428571429
2025-08-08 11:55:20,452 INFO Comparing database entry: fairfax with Reston returned from geonames.
2025-08-08 11:55:20,453 INFO 📄 Index 0 | Name: Reston | fcl: P, fcode: PPL | ADM1: Virginia, ADM2: Fairfax, ADM3: , ADM4:  | Score: 44.37, Population: 58404 | Fuzzy match: 15.384615384615385
2025-08-08 11:55:20,453 INFO Comparing database entry: fairfax with Springfield returned from geonames.
2025-08-08 11:55:20,453 INFO 📄 Index 1 | Name: Springfield | fcl: P, fcode: PPL | ADM1: Virginia, ADM2: Fairfax, ADM3: , ADM4:  | Score: 44.37, Population: 30484 | Fuzzy match: 22.22222222222222
2025-08-08 11:55:20,453 INFO Comparing database entry: fairfax with Merrifield returned from geonames.
2025-08-08 11:55:20,453 INFO 📄 Index 2 | Name: Merrifield | fcl: P, fcode: PPL | ADM1: Virginia, ADM2: Fairfax, ADM3: , ADM4:  | Score: 38.28, Population: 15212 | Fuzzy match: 23.529411764705888
2025-08-08 11:55:20,453 INFO Comparing database entry: fairfax with Herndon returned from geonames.
2025-08-08 11:55:20,453 INFO 📄 Index 3 | Name: Herndon | fcl: P, fcode: PPL | ADM1: Virginia, ADM2: Fairfax, ADM3: , ADM4:  | Score: 38.28, Population: 24568 | Fuzzy match: 14.28571428571429
2025-08-08 11:55:20,587 INFO Comparing database entry: fairfax with Reston returned from geonames.
2025-08-08 11:55:20,588 INFO 📄 Index 0 | Name: Reston | fcl: P, fcode: PPL | ADM1: Virginia, ADM2: Fairfax, ADM3: , ADM4:  | Score: 44.37, Population: 58404 | Fuzzy match: 15.384615384615385
2025-08-08 11:55:20,588 INFO Comparing database entry: fairfax with Springfield returned from geonames.
2025-08-08 11:55:20,588 INFO 📄 Index 1 | Name: Springfield | fcl: P, fcode: PPL | ADM1: Virginia, ADM2: Fairfax, ADM3: , ADM4:  | Score: 44.37, Population: 30484 | Fuzzy match: 22.22222222222222
2025-08-08 11:55:20,588 INFO Comparing database entry: fairfax with Merrifield returned from geonames.
2025-08-08 11:55:20,588 INFO 📄 Index 2 | Name: Merrifield | fcl: P, fcode: PPL | ADM1: Virginia, ADM2: Fairfax, ADM3: , ADM4:  | Score: 38.28, Population: 15212 | Fuzzy match: 23.529411764705888
2025-08-08 11:55:20,588 INFO Comparing database entry: fairfax with Herndon returned from geonames.
2025-08-08 11:55:20,588 INFO 📄 Index 3 | Name: Herndon | fcl: P, fcode: PPL | ADM1: Virginia, ADM2: Fairfax, ADM3: , ADM4:  | Score: 38.28, Population: 24568 | Fuzzy match: 14.28571428571429
2025-08-08 11:55:20,742 INFO Comparing database entry: fairfax with Reston returned from geonames.
2025-08-08 11:55:20,742 INFO 📄 Index 0 | Name: Reston | fcl: P, fcode: PPL | ADM1: Virginia, ADM2: Fairfax, ADM3: , ADM4:  | Score: 44.37, Population: 58404 | Fuzzy match: 15.384615384615385
2025-08-08 11:55:20,742 INFO Comparing database entry: fairfax with Springfield returned from geonames.
2025-08-08 11:55:20,742 INFO 📄 Index 1 | Name: Springfield | fcl: P, fcode: PPL | ADM1: Virginia, ADM2: Fairfax, ADM3: , ADM4:  | Score: 44.37, Population: 30484 | Fuzzy match: 22.22222222222222
2025-08-08 11:55:20,742 INFO Comparing database entry: fairfax with Merrifield returned from geonames.
2025-08-08 11:55:20,743 INFO 📄 Index 2 | Name: Merrifield | fcl: P, fcode: PPL | ADM1: Virginia, ADM2: Fairfax, ADM3: , ADM4:  | Score: 38.28, Population: 15212 | Fuzzy match: 23.529411764705888
2025-08-08 11:55:20,743 INFO Comparing database entry: fairfax with Herndon returned from geonames.
2025-08-08 11:55:20,743 INFO 📄 Index 3 | Name: Herndon | fcl: P, fcode: PPL | ADM1: Virginia, ADM2: Fairfax, ADM3: , ADM4:  | Score: 38.28, Population: 24568 | Fuzzy match: 14.28571428571429
2025-08-08 11:55:20,939 INFO Comparing database entry: fairfax with Reston returned from geonames.
2025-08-08 11:55:20,940 INFO 📄 Index 0 | Name: Reston | fcl: P, fcode: PPL | ADM1: Virginia, ADM2: Fairfax, ADM3: , ADM4:  | Score: 44.37, Population: 58404 | Fuzzy match: 15.384615384615385
2025-08-08 11:55:20,940 INFO Comparing database entry: fairfax with Springfield returned from geonames.
2025-08-08 11:55:20,940 INFO 📄 Index 1 | Name: Springfield | fcl: P, fcode: PPL | ADM1: Virginia, ADM2: Fairfax, ADM3: , ADM4:  | Score: 44.37, Population: 30484 | Fuzzy match: 22.22222222222222
2025-08-08 11:55:20,940 INFO Comparing database entry: fairfax with Merrifield returned from geonames.
2025-08-08 11:55:20,940 INFO 📄 Index 2 | Name: Merrifield | fcl: P, fcode: PPL | ADM1: Virginia, ADM2: Fairfax, ADM3: , ADM4:  | Score: 38.28, Population: 15212 | Fuzzy match: 23.529411764705888
2025-08-08 11:55:20,940 INFO Comparing database entry: fairfax with Herndon returned from geonames.
2025-08-08 11:55:20,940 INFO 📄 Index 3 | Name: Herndon | fcl: P, fcode: PPL | ADM1: Virginia, ADM2: Fairfax, ADM3: , ADM4:  | Score: 38.28, Population: 24568 | Fuzzy match: 14.28571428571429
2025-08-08 11:55:20,940 WARNING ❌ No match found with fuzzy score > 80 for city: fairfax
2025-08-08 11:55:20,940 WARNING ❌ Lookup failed for city='fairfax', iso2='US'
