2025-08-08 12:00:45,828 INFO 🗺️ Starting GeoNames lookup for city='hardin_county', country='united states'
2025-08-08 12:00:45,828 INFO 📍 Location is present in the following articles: [ObjectId('67f921ecf431fddd61d55cb5'), ObjectId('67f921ecf431fddd61d55cb5')]
2025-08-08 12:00:45,991 INFO Comparing database entry: hardin county with Radcliff returned from geonames.
2025-08-08 12:00:45,991 INFO 📄 Index 0 | Name: Radcliff | fcl: P, fcode: PPL | ADM1: Kentucky, ADM2: Hardin, ADM3: , ADM4:  | Score: 36.22, Population: 22387 | Fuzzy match: 28.57142857142857
2025-08-08 12:00:45,991 INFO Comparing database entry: hardin county with Hardin returned from geonames.
2025-08-08 12:00:45,991 INFO 📄 Index 1 | Name: Hardin | fcl: A, fcode: ADM2 | ADM1: Kentucky, ADM2: Hardin, ADM3: , ADM4:  | Score: 34.57, Population: 110702 | Fuzzy match: 63.1578947368421
2025-08-08 12:00:45,991 INFO Comparing database entry: hardin county with Hardin returned from geonames.
2025-08-08 12:00:45,991 INFO 📄 Index 2 | Name: Hardin | fcl: A, fcode: ADM2 | ADM1: Tennessee, ADM2: Hardin, ADM3: , ADM4:  | Score: 34.57, Population: 26831 | Fuzzy match: 63.1578947368421
2025-08-08 12:00:45,991 INFO Comparing database entry: hardin county with Hardin returned from geonames.
2025-08-08 12:00:45,991 INFO 📄 Index 3 | Name: Hardin | fcl: A, fcode: ADM2 | ADM1: Iowa, ADM2: Hardin, ADM3: , ADM4:  | Score: 34.57, Population: 16878 | Fuzzy match: 63.1578947368421
2025-08-08 12:00:46,144 INFO Comparing database entry: hardin county with Radcliff returned from geonames.
2025-08-08 12:00:46,144 INFO 📄 Index 0 | Name: Radcliff | fcl: P, fcode: PPL | ADM1: Kentucky, ADM2: Hardin, ADM3: , ADM4:  | Score: 36.22, Population: 22387 | Fuzzy match: 28.57142857142857
2025-08-08 12:00:46,144 INFO Comparing database entry: hardin county with Hardin returned from geonames.
2025-08-08 12:00:46,144 INFO 📄 Index 1 | Name: Hardin | fcl: A, fcode: ADM2 | ADM1: Kentucky, ADM2: Hardin, ADM3: , ADM4:  | Score: 34.57, Population: 110702 | Fuzzy match: 63.1578947368421
2025-08-08 12:00:46,144 INFO Comparing database entry: hardin county with Hardin returned from geonames.
2025-08-08 12:00:46,144 INFO 📄 Index 2 | Name: Hardin | fcl: A, fcode: ADM2 | ADM1: Tennessee, ADM2: Hardin, ADM3: , ADM4:  | Score: 34.57, Population: 26831 | Fuzzy match: 63.1578947368421
2025-08-08 12:00:46,144 INFO Comparing database entry: hardin county with Hardin returned from geonames.
2025-08-08 12:00:46,144 INFO 📄 Index 3 | Name: Hardin | fcl: A, fcode: ADM2 | ADM1: Iowa, ADM2: Hardin, ADM3: , ADM4:  | Score: 34.57, Population: 16878 | Fuzzy match: 63.1578947368421
2025-08-08 12:00:46,281 INFO Comparing database entry: hardin county with Radcliff returned from geonames.
2025-08-08 12:00:46,281 INFO 📄 Index 0 | Name: Radcliff | fcl: P, fcode: PPL | ADM1: Kentucky, ADM2: Hardin, ADM3: , ADM4:  | Score: 36.22, Population: 22387 | Fuzzy match: 28.57142857142857
2025-08-08 12:00:46,281 INFO Comparing database entry: hardin county with Hardin returned from geonames.
2025-08-08 12:00:46,281 INFO 📄 Index 1 | Name: Hardin | fcl: A, fcode: ADM2 | ADM1: Kentucky, ADM2: Hardin, ADM3: , ADM4:  | Score: 34.57, Population: 110702 | Fuzzy match: 63.1578947368421
2025-08-08 12:00:46,281 INFO Comparing database entry: hardin county with Hardin returned from geonames.
2025-08-08 12:00:46,281 INFO 📄 Index 2 | Name: Hardin | fcl: A, fcode: ADM2 | ADM1: Tennessee, ADM2: Hardin, ADM3: , ADM4:  | Score: 34.57, Population: 26831 | Fuzzy match: 63.1578947368421
2025-08-08 12:00:46,281 INFO Comparing database entry: hardin county with Hardin returned from geonames.
2025-08-08 12:00:46,281 INFO 📄 Index 3 | Name: Hardin | fcl: A, fcode: ADM2 | ADM1: Iowa, ADM2: Hardin, ADM3: , ADM4:  | Score: 34.57, Population: 16878 | Fuzzy match: 63.1578947368421
2025-08-08 12:00:46,436 INFO Comparing database entry: hardin county with Radcliff returned from geonames.
2025-08-08 12:00:46,436 INFO 📄 Index 0 | Name: Radcliff | fcl: P, fcode: PPL | ADM1: Kentucky, ADM2: Hardin, ADM3: , ADM4:  | Score: 36.22, Population: 22387 | Fuzzy match: 28.57142857142857
2025-08-08 12:00:46,436 INFO Comparing database entry: hardin county with Hardin returned from geonames.
2025-08-08 12:00:46,436 INFO 📄 Index 1 | Name: Hardin | fcl: A, fcode: ADM2 | ADM1: Kentucky, ADM2: Hardin, ADM3: , ADM4:  | Score: 34.57, Population: 110702 | Fuzzy match: 63.1578947368421
2025-08-08 12:00:46,436 INFO Comparing database entry: hardin county with Hardin returned from geonames.
2025-08-08 12:00:46,436 INFO 📄 Index 2 | Name: Hardin | fcl: A, fcode: ADM2 | ADM1: Tennessee, ADM2: Hardin, ADM3: , ADM4:  | Score: 34.57, Population: 26831 | Fuzzy match: 63.1578947368421
2025-08-08 12:00:46,436 INFO Comparing database entry: hardin county with Hardin returned from geonames.
2025-08-08 12:00:46,436 INFO 📄 Index 3 | Name: Hardin | fcl: A, fcode: ADM2 | ADM1: Iowa, ADM2: Hardin, ADM3: , ADM4:  | Score: 34.57, Population: 16878 | Fuzzy match: 63.1578947368421
2025-08-08 12:00:46,584 INFO Comparing database entry: hardin county with Radcliff returned from geonames.
2025-08-08 12:00:46,584 INFO 📄 Index 0 | Name: Radcliff | fcl: P, fcode: PPL | ADM1: Kentucky, ADM2: Hardin, ADM3: , ADM4:  | Score: 36.22, Population: 22387 | Fuzzy match: 28.57142857142857
2025-08-08 12:00:46,584 INFO Comparing database entry: hardin county with Hardin returned from geonames.
2025-08-08 12:00:46,584 INFO 📄 Index 1 | Name: Hardin | fcl: A, fcode: ADM2 | ADM1: Kentucky, ADM2: Hardin, ADM3: , ADM4:  | Score: 34.57, Population: 110702 | Fuzzy match: 63.1578947368421
2025-08-08 12:00:46,584 INFO Comparing database entry: hardin county with Hardin returned from geonames.
2025-08-08 12:00:46,584 INFO 📄 Index 2 | Name: Hardin | fcl: A, fcode: ADM2 | ADM1: Tennessee, ADM2: Hardin, ADM3: , ADM4:  | Score: 34.57, Population: 26831 | Fuzzy match: 63.1578947368421
2025-08-08 12:00:46,584 INFO Comparing database entry: hardin county with Hardin returned from geonames.
2025-08-08 12:00:46,585 INFO 📄 Index 3 | Name: Hardin | fcl: A, fcode: ADM2 | ADM1: Iowa, ADM2: Hardin, ADM3: , ADM4:  | Score: 34.57, Population: 16878 | Fuzzy match: 63.1578947368421
2025-08-08 12:00:46,744 INFO Comparing database entry: hardin county with Radcliff returned from geonames.
2025-08-08 12:00:46,744 INFO 📄 Index 0 | Name: Radcliff | fcl: P, fcode: PPL | ADM1: Kentucky, ADM2: Hardin, ADM3: , ADM4:  | Score: 36.22, Population: 22387 | Fuzzy match: 28.57142857142857
2025-08-08 12:00:46,744 INFO Comparing database entry: hardin county with Hardin returned from geonames.
2025-08-08 12:00:46,745 INFO 📄 Index 1 | Name: Hardin | fcl: A, fcode: ADM2 | ADM1: Kentucky, ADM2: Hardin, ADM3: , ADM4:  | Score: 34.57, Population: 110702 | Fuzzy match: 63.1578947368421
2025-08-08 12:00:46,745 INFO Comparing database entry: hardin county with Hardin returned from geonames.
2025-08-08 12:00:46,745 INFO 📄 Index 2 | Name: Hardin | fcl: A, fcode: ADM2 | ADM1: Tennessee, ADM2: Hardin, ADM3: , ADM4:  | Score: 34.57, Population: 26831 | Fuzzy match: 63.1578947368421
2025-08-08 12:00:46,745 INFO Comparing database entry: hardin county with Hardin returned from geonames.
2025-08-08 12:00:46,745 INFO 📄 Index 3 | Name: Hardin | fcl: A, fcode: ADM2 | ADM1: Iowa, ADM2: Hardin, ADM3: , ADM4:  | Score: 34.57, Population: 16878 | Fuzzy match: 63.1578947368421
2025-08-08 12:00:46,745 WARNING ❌ No match found with fuzzy score > 80 for city: hardin county
2025-08-08 12:00:46,745 WARNING ❌ Lookup failed for city='hardin_county', iso2='US'
