2025-08-08 11:55:25,713 INFO 🗺️ Starting GeoNames lookup for city='los_angeles_county', country='united states'
2025-08-08 11:55:25,713 INFO 📍 Location is present in the following articles: [ObjectId('67f921baf431fddd61d55c0f')]
2025-08-08 11:55:25,873 INFO Comparing database entry: los angeles county with Los Angeles returned from geonames.
2025-08-08 11:55:25,873 INFO 📄 Index 0 | Name: Los Angeles | fcl: P, fcode: PPLA2 | ADM1: California, ADM2: Los Angeles, ADM3: , ADM4:  | Score: 90.58, Population: 3820914 | Fuzzy match: 75.86206896551724
2025-08-08 11:55:25,873 INFO Comparing database entry: los angeles county with Palmdale returned from geonames.
2025-08-08 11:55:25,873 INFO 📄 Index 1 | Name: Palmdale | fcl: P, fcode: PPL | ADM1: California, ADM2: Los Angeles, ADM3: , ADM4:  | Score: 61.67, Population: 158351 | Fuzzy match: 23.076923076923073
2025-08-08 11:55:25,873 INFO Comparing database entry: los angeles county with Pasadena returned from geonames.
2025-08-08 11:55:25,874 INFO 📄 Index 2 | Name: Pasadena | fcl: P, fcode: PPL | ADM1: California, ADM2: Los Angeles, ADM3: , ADM4:  | Score: 61.67, Population: 142250 | Fuzzy match: 23.076923076923073
2025-08-08 11:55:25,874 INFO Comparing database entry: los angeles county with Lancaster returned from geonames.
2025-08-08 11:55:25,874 INFO 📄 Index 3 | Name: Lancaster | fcl: P, fcode: PPL | ADM1: California, ADM2: Los Angeles, ADM3: , ADM4:  | Score: 61.67, Population: 161103 | Fuzzy match: 29.629629629629626
2025-08-08 11:55:26,027 INFO Comparing database entry: los angeles county with Los Angeles returned from geonames.
2025-08-08 11:55:26,027 INFO 📄 Index 0 | Name: Los Angeles | fcl: P, fcode: PPLA2 | ADM1: California, ADM2: Los Angeles, ADM3: , ADM4:  | Score: 90.58, Population: 3820914 | Fuzzy match: 75.86206896551724
2025-08-08 11:55:26,027 INFO Comparing database entry: los angeles county with Palmdale returned from geonames.
2025-08-08 11:55:26,027 INFO 📄 Index 1 | Name: Palmdale | fcl: P, fcode: PPL | ADM1: California, ADM2: Los Angeles, ADM3: , ADM4:  | Score: 61.67, Population: 158351 | Fuzzy match: 23.076923076923073
2025-08-08 11:55:26,027 INFO Comparing database entry: los angeles county with Pasadena returned from geonames.
2025-08-08 11:55:26,027 INFO 📄 Index 2 | Name: Pasadena | fcl: P, fcode: PPL | ADM1: California, ADM2: Los Angeles, ADM3: , ADM4:  | Score: 61.67, Population: 142250 | Fuzzy match: 23.076923076923073
2025-08-08 11:55:26,027 INFO Comparing database entry: los angeles county with Lancaster returned from geonames.
2025-08-08 11:55:26,027 INFO 📄 Index 3 | Name: Lancaster | fcl: P, fcode: PPL | ADM1: California, ADM2: Los Angeles, ADM3: , ADM4:  | Score: 61.67, Population: 161103 | Fuzzy match: 29.629629629629626
2025-08-08 11:55:26,170 INFO Comparing database entry: los angeles county with Los Angeles returned from geonames.
2025-08-08 11:55:26,171 INFO 📄 Index 0 | Name: Los Angeles | fcl: P, fcode: PPLA2 | ADM1: California, ADM2: Los Angeles, ADM3: , ADM4:  | Score: 90.58, Population: 3820914 | Fuzzy match: 75.86206896551724
2025-08-08 11:55:26,171 INFO Comparing database entry: los angeles county with Palmdale returned from geonames.
2025-08-08 11:55:26,171 INFO 📄 Index 1 | Name: Palmdale | fcl: P, fcode: PPL | ADM1: California, ADM2: Los Angeles, ADM3: , ADM4:  | Score: 61.67, Population: 158351 | Fuzzy match: 23.076923076923073
2025-08-08 11:55:26,171 INFO Comparing database entry: los angeles county with Pasadena returned from geonames.
2025-08-08 11:55:26,171 INFO 📄 Index 2 | Name: Pasadena | fcl: P, fcode: PPL | ADM1: California, ADM2: Los Angeles, ADM3: , ADM4:  | Score: 61.67, Population: 142250 | Fuzzy match: 23.076923076923073
2025-08-08 11:55:26,171 INFO Comparing database entry: los angeles county with Lancaster returned from geonames.
2025-08-08 11:55:26,171 INFO 📄 Index 3 | Name: Lancaster | fcl: P, fcode: PPL | ADM1: California, ADM2: Los Angeles, ADM3: , ADM4:  | Score: 61.67, Population: 161103 | Fuzzy match: 29.629629629629626
2025-08-08 11:55:26,318 INFO Comparing database entry: los angeles county with Los Angeles returned from geonames.
2025-08-08 11:55:26,319 INFO 📄 Index 0 | Name: Los Angeles | fcl: P, fcode: PPLA2 | ADM1: California, ADM2: Los Angeles, ADM3: , ADM4:  | Score: 90.58, Population: 3820914 | Fuzzy match: 75.86206896551724
2025-08-08 11:55:26,319 INFO Comparing database entry: los angeles county with Palmdale returned from geonames.
2025-08-08 11:55:26,319 INFO 📄 Index 1 | Name: Palmdale | fcl: P, fcode: PPL | ADM1: California, ADM2: Los Angeles, ADM3: , ADM4:  | Score: 61.67, Population: 158351 | Fuzzy match: 23.076923076923073
2025-08-08 11:55:26,319 INFO Comparing database entry: los angeles county with Pasadena returned from geonames.
2025-08-08 11:55:26,319 INFO 📄 Index 2 | Name: Pasadena | fcl: P, fcode: PPL | ADM1: California, ADM2: Los Angeles, ADM3: , ADM4:  | Score: 61.67, Population: 142250 | Fuzzy match: 23.076923076923073
2025-08-08 11:55:26,319 INFO Comparing database entry: los angeles county with Lancaster returned from geonames.
2025-08-08 11:55:26,319 INFO 📄 Index 3 | Name: Lancaster | fcl: P, fcode: PPL | ADM1: California, ADM2: Los Angeles, ADM3: , ADM4:  | Score: 61.67, Population: 161103 | Fuzzy match: 29.629629629629626
2025-08-08 11:55:26,511 INFO Comparing database entry: los angeles county with Los Angeles returned from geonames.
2025-08-08 11:55:26,512 INFO 📄 Index 0 | Name: Los Angeles | fcl: P, fcode: PPLA2 | ADM1: California, ADM2: Los Angeles, ADM3: , ADM4:  | Score: 90.58, Population: 3820914 | Fuzzy match: 75.86206896551724
2025-08-08 11:55:26,512 INFO Comparing database entry: los angeles county with Palmdale returned from geonames.
2025-08-08 11:55:26,512 INFO 📄 Index 1 | Name: Palmdale | fcl: P, fcode: PPL | ADM1: California, ADM2: Los Angeles, ADM3: , ADM4:  | Score: 61.67, Population: 158351 | Fuzzy match: 23.076923076923073
2025-08-08 11:55:26,512 INFO Comparing database entry: los angeles county with Pasadena returned from geonames.
2025-08-08 11:55:26,512 INFO 📄 Index 2 | Name: Pasadena | fcl: P, fcode: PPL | ADM1: California, ADM2: Los Angeles, ADM3: , ADM4:  | Score: 61.67, Population: 142250 | Fuzzy match: 23.076923076923073
2025-08-08 11:55:26,512 INFO Comparing database entry: los angeles county with Lancaster returned from geonames.
2025-08-08 11:55:26,512 INFO 📄 Index 3 | Name: Lancaster | fcl: P, fcode: PPL | ADM1: California, ADM2: Los Angeles, ADM3: , ADM4:  | Score: 61.67, Population: 161103 | Fuzzy match: 29.629629629629626
2025-08-08 11:55:26,687 INFO Comparing database entry: los angeles county with Los Angeles returned from geonames.
2025-08-08 11:55:26,687 INFO 📄 Index 0 | Name: Los Angeles | fcl: P, fcode: PPLA2 | ADM1: California, ADM2: Los Angeles, ADM3: , ADM4:  | Score: 90.58, Population: 3820914 | Fuzzy match: 75.86206896551724
2025-08-08 11:55:26,687 INFO Comparing database entry: los angeles county with Palmdale returned from geonames.
2025-08-08 11:55:26,687 INFO 📄 Index 1 | Name: Palmdale | fcl: P, fcode: PPL | ADM1: California, ADM2: Los Angeles, ADM3: , ADM4:  | Score: 61.67, Population: 158351 | Fuzzy match: 23.076923076923073
2025-08-08 11:55:26,687 INFO Comparing database entry: los angeles county with Pasadena returned from geonames.
2025-08-08 11:55:26,687 INFO 📄 Index 2 | Name: Pasadena | fcl: P, fcode: PPL | ADM1: California, ADM2: Los Angeles, ADM3: , ADM4:  | Score: 61.67, Population: 142250 | Fuzzy match: 23.076923076923073
2025-08-08 11:55:26,687 INFO Comparing database entry: los angeles county with Lancaster returned from geonames.
2025-08-08 11:55:26,687 INFO 📄 Index 3 | Name: Lancaster | fcl: P, fcode: PPL | ADM1: California, ADM2: Los Angeles, ADM3: , ADM4:  | Score: 61.67, Population: 161103 | Fuzzy match: 29.629629629629626
2025-08-08 11:55:26,687 WARNING ❌ No match found with fuzzy score > 80 for city: los angeles county
2025-08-08 11:55:26,688 WARNING ❌ Lookup failed for city='los_angeles_county', iso2='US'
