2025-08-08 11:55:24,543 INFO 🗺️ Starting GeoNames lookup for city='lebanon_oregon', country='united states'
2025-08-08 11:55:24,543 INFO 📍 Location is present in the following articles: [ObjectId('67f921b0f431fddd61d55bf0')]
2025-08-08 11:55:24,727 INFO Comparing database entry: lebanon, oregon with Lebanon returned from geonames.
2025-08-08 11:55:24,727 INFO 📄 Index 0 | Name: Lebanon | fcl: P, fcode: PPL | ADM1: Oregon, ADM2: Linn, ADM3: , ADM4:  | Score: 34.57, Population: 16324 | Fuzzy match: 63.63636363636363
2025-08-08 11:55:24,727 INFO Comparing database entry: lebanon, oregon with Albany returned from geonames.
2025-08-08 11:55:24,727 INFO 📄 Index 1 | Name: Albany | fcl: P, fcode: PPLA2 | ADM1: Oregon, ADM2: Linn, ADM3: , ADM4:  | Score: 23.71, Population: 52175 | Fuzzy match: 38.095238095238095
2025-08-08 11:55:24,727 INFO Comparing database entry: lebanon, oregon with South Lebanon returned from geonames.
2025-08-08 11:55:24,727 INFO 📄 Index 2 | Name: South Lebanon | fcl: P, fcode: PPL | ADM1: Oregon, ADM2: Linn, ADM3: , ADM4:  | Score: 20.37, Population: 1005 | Fuzzy match: 64.28571428571428
2025-08-08 11:55:24,727 INFO Comparing database entry: lebanon, oregon with Linn returned from geonames.
2025-08-08 11:55:24,727 INFO 📄 Index 3 | Name: Linn | fcl: A, fcode: ADM2 | ADM1: Oregon, ADM2: Linn, ADM3: , ADM4:  | Score: 19.92, Population: 129839 | Fuzzy match: 31.57894736842105
2025-08-08 11:55:24,892 INFO Comparing database entry: lebanon, oregon with Lebanon returned from geonames.
2025-08-08 11:55:24,892 INFO 📄 Index 0 | Name: Lebanon | fcl: P, fcode: PPL | ADM1: Oregon, ADM2: Linn, ADM3: , ADM4:  | Score: 34.57, Population: 16324 | Fuzzy match: 63.63636363636363
2025-08-08 11:55:24,892 INFO Comparing database entry: lebanon, oregon with Albany returned from geonames.
2025-08-08 11:55:24,892 INFO 📄 Index 1 | Name: Albany | fcl: P, fcode: PPLA2 | ADM1: Oregon, ADM2: Linn, ADM3: , ADM4:  | Score: 23.71, Population: 52175 | Fuzzy match: 38.095238095238095
2025-08-08 11:55:24,892 INFO Comparing database entry: lebanon, oregon with South Lebanon returned from geonames.
2025-08-08 11:55:24,892 INFO 📄 Index 2 | Name: South Lebanon | fcl: P, fcode: PPL | ADM1: Oregon, ADM2: Linn, ADM3: , ADM4:  | Score: 20.37, Population: 1005 | Fuzzy match: 64.28571428571428
2025-08-08 11:55:24,892 INFO Comparing database entry: lebanon, oregon with Linn returned from geonames.
2025-08-08 11:55:24,892 INFO 📄 Index 3 | Name: Linn | fcl: A, fcode: ADM2 | ADM1: Oregon, ADM2: Linn, ADM3: , ADM4:  | Score: 19.92, Population: 129839 | Fuzzy match: 31.57894736842105
2025-08-08 11:55:25,052 INFO Comparing database entry: lebanon, oregon with Lebanon returned from geonames.
2025-08-08 11:55:25,052 INFO 📄 Index 0 | Name: Lebanon | fcl: P, fcode: PPL | ADM1: Oregon, ADM2: Linn, ADM3: , ADM4:  | Score: 34.57, Population: 16324 | Fuzzy match: 63.63636363636363
2025-08-08 11:55:25,052 INFO Comparing database entry: lebanon, oregon with Albany returned from geonames.
2025-08-08 11:55:25,052 INFO 📄 Index 1 | Name: Albany | fcl: P, fcode: PPLA2 | ADM1: Oregon, ADM2: Linn, ADM3: , ADM4:  | Score: 23.71, Population: 52175 | Fuzzy match: 38.095238095238095
2025-08-08 11:55:25,052 INFO Comparing database entry: lebanon, oregon with South Lebanon returned from geonames.
2025-08-08 11:55:25,052 INFO 📄 Index 2 | Name: South Lebanon | fcl: P, fcode: PPL | ADM1: Oregon, ADM2: Linn, ADM3: , ADM4:  | Score: 20.37, Population: 1005 | Fuzzy match: 64.28571428571428
2025-08-08 11:55:25,052 INFO Comparing database entry: lebanon, oregon with Linn returned from geonames.
2025-08-08 11:55:25,052 INFO 📄 Index 3 | Name: Linn | fcl: A, fcode: ADM2 | ADM1: Oregon, ADM2: Linn, ADM3: , ADM4:  | Score: 19.92, Population: 129839 | Fuzzy match: 31.57894736842105
2025-08-08 11:55:25,220 INFO Comparing database entry: lebanon, oregon with Lebanon returned from geonames.
2025-08-08 11:55:25,220 INFO 📄 Index 0 | Name: Lebanon | fcl: P, fcode: PPL | ADM1: Oregon, ADM2: Linn, ADM3: , ADM4:  | Score: 34.57, Population: 16324 | Fuzzy match: 63.63636363636363
2025-08-08 11:55:25,220 INFO Comparing database entry: lebanon, oregon with Albany returned from geonames.
2025-08-08 11:55:25,220 INFO 📄 Index 1 | Name: Albany | fcl: P, fcode: PPLA2 | ADM1: Oregon, ADM2: Linn, ADM3: , ADM4:  | Score: 23.71, Population: 52175 | Fuzzy match: 38.095238095238095
2025-08-08 11:55:25,221 INFO Comparing database entry: lebanon, oregon with South Lebanon returned from geonames.
2025-08-08 11:55:25,221 INFO 📄 Index 2 | Name: South Lebanon | fcl: P, fcode: PPL | ADM1: Oregon, ADM2: Linn, ADM3: , ADM4:  | Score: 20.37, Population: 1005 | Fuzzy match: 64.28571428571428
2025-08-08 11:55:25,221 INFO Comparing database entry: lebanon, oregon with Linn returned from geonames.
2025-08-08 11:55:25,221 INFO 📄 Index 3 | Name: Linn | fcl: A, fcode: ADM2 | ADM1: Oregon, ADM2: Linn, ADM3: , ADM4:  | Score: 19.92, Population: 129839 | Fuzzy match: 31.57894736842105
2025-08-08 11:55:25,382 INFO Comparing database entry: lebanon, oregon with Lebanon returned from geonames.
2025-08-08 11:55:25,383 INFO 📄 Index 0 | Name: Lebanon | fcl: P, fcode: PPL | ADM1: Oregon, ADM2: Linn, ADM3: , ADM4:  | Score: 34.57, Population: 16324 | Fuzzy match: 63.63636363636363
2025-08-08 11:55:25,383 INFO Comparing database entry: lebanon, oregon with Albany returned from geonames.
2025-08-08 11:55:25,383 INFO 📄 Index 1 | Name: Albany | fcl: P, fcode: PPLA2 | ADM1: Oregon, ADM2: Linn, ADM3: , ADM4:  | Score: 23.71, Population: 52175 | Fuzzy match: 38.095238095238095
2025-08-08 11:55:25,383 INFO Comparing database entry: lebanon, oregon with South Lebanon returned from geonames.
2025-08-08 11:55:25,383 INFO 📄 Index 2 | Name: South Lebanon | fcl: P, fcode: PPL | ADM1: Oregon, ADM2: Linn, ADM3: , ADM4:  | Score: 20.37, Population: 1005 | Fuzzy match: 64.28571428571428
2025-08-08 11:55:25,383 INFO Comparing database entry: lebanon, oregon with Linn returned from geonames.
2025-08-08 11:55:25,383 INFO 📄 Index 3 | Name: Linn | fcl: A, fcode: ADM2 | ADM1: Oregon, ADM2: Linn, ADM3: , ADM4:  | Score: 19.92, Population: 129839 | Fuzzy match: 31.57894736842105
2025-08-08 11:55:25,540 INFO Comparing database entry: lebanon, oregon with Lebanon returned from geonames.
2025-08-08 11:55:25,540 INFO 📄 Index 0 | Name: Lebanon | fcl: P, fcode: PPL | ADM1: Oregon, ADM2: Linn, ADM3: , ADM4:  | Score: 34.57, Population: 16324 | Fuzzy match: 63.63636363636363
2025-08-08 11:55:25,541 INFO Comparing database entry: lebanon, oregon with Albany returned from geonames.
2025-08-08 11:55:25,541 INFO 📄 Index 1 | Name: Albany | fcl: P, fcode: PPLA2 | ADM1: Oregon, ADM2: Linn, ADM3: , ADM4:  | Score: 23.71, Population: 52175 | Fuzzy match: 38.095238095238095
2025-08-08 11:55:25,541 INFO Comparing database entry: lebanon, oregon with South Lebanon returned from geonames.
2025-08-08 11:55:25,541 INFO 📄 Index 2 | Name: South Lebanon | fcl: P, fcode: PPL | ADM1: Oregon, ADM2: Linn, ADM3: , ADM4:  | Score: 20.37, Population: 1005 | Fuzzy match: 64.28571428571428
2025-08-08 11:55:25,541 INFO Comparing database entry: lebanon, oregon with Linn returned from geonames.
2025-08-08 11:55:25,541 INFO 📄 Index 3 | Name: Linn | fcl: A, fcode: ADM2 | ADM1: Oregon, ADM2: Linn, ADM3: , ADM4:  | Score: 19.92, Population: 129839 | Fuzzy match: 31.57894736842105
2025-08-08 11:55:25,541 WARNING ❌ No match found with fuzzy score > 80 for city: lebanon, oregon
2025-08-08 11:55:25,541 WARNING ❌ Lookup failed for city='lebanon_oregon', iso2='US'
