2025-08-08 11:45:13,070 INFO 🗺️ Starting GeoNames lookup for city='lordstown_ohio', country='united states'
2025-08-08 11:45:13,070 INFO 📍 Location is present in the following articles: [ObjectId('67f52c67981040986eab78ec')]
2025-08-08 11:45:13,277 INFO Comparing database entry: lordstown, ohio with Lordstown returned from geonames.
2025-08-08 11:45:13,277 INFO 📄 Index 0 | Name: Lordstown | fcl: P, fcode: PPL | ADM1: Ohio, ADM2: Trumbull, ADM3: Village of Lordstown, ADM4:  | Score: 19.15, Population: 3300 | Fuzzy match: 75.0
2025-08-08 11:45:13,277 INFO Comparing database entry: lordstown, ohio with Village of Lordstown returned from geonames.
2025-08-08 11:45:13,277 INFO 📄 Index 1 | Name: Village of Lordstown | fcl: A, fcode: ADM3 | ADM1: Ohio, ADM2: Trumbull, ADM3: Village of Lordstown, ADM4:  | Score: 16.12, Population: 3417 | Fuzzy match: 68.57142857142857
2025-08-08 11:45:13,277 INFO Comparing database entry: lordstown, ohio with Duck Creek returned from geonames.
2025-08-08 11:45:13,277 INFO 📄 Index 2 | Name: Duck Creek | fcl: P, fcode: PPL | ADM1: Ohio, ADM2: Trumbull, ADM3: Village of Lordstown, ADM4:  | Score: 8.02, Population: 0 | Fuzzy match: 16.000000000000004
2025-08-08 11:45:13,277 INFO Comparing database entry: lordstown, ohio with Soaptown returned from geonames.
2025-08-08 11:45:13,277 INFO 📄 Index 3 | Name: Soaptown | fcl: P, fcode: PPL | ADM1: Ohio, ADM2: Trumbull, ADM3: Village of Lordstown, ADM4:  | Score: 6.01, Population: 0 | Fuzzy match: 43.47826086956522
2025-08-08 11:45:13,451 INFO Comparing database entry: lordstown, ohio with Lordstown returned from geonames.
2025-08-08 11:45:13,451 INFO 📄 Index 0 | Name: Lordstown | fcl: P, fcode: PPL | ADM1: Ohio, ADM2: Trumbull, ADM3: Village of Lordstown, ADM4:  | Score: 19.15, Population: 3300 | Fuzzy match: 75.0
2025-08-08 11:45:13,451 INFO Comparing database entry: lordstown, ohio with Village of Lordstown returned from geonames.
2025-08-08 11:45:13,451 INFO 📄 Index 1 | Name: Village of Lordstown | fcl: A, fcode: ADM3 | ADM1: Ohio, ADM2: Trumbull, ADM3: Village of Lordstown, ADM4:  | Score: 16.12, Population: 3417 | Fuzzy match: 68.57142857142857
2025-08-08 11:45:13,451 INFO Comparing database entry: lordstown, ohio with Duck Creek returned from geonames.
2025-08-08 11:45:13,451 INFO 📄 Index 2 | Name: Duck Creek | fcl: P, fcode: PPL | ADM1: Ohio, ADM2: Trumbull, ADM3: Village of Lordstown, ADM4:  | Score: 8.02, Population: 0 | Fuzzy match: 16.000000000000004
2025-08-08 11:45:13,451 INFO Comparing database entry: lordstown, ohio with Soaptown returned from geonames.
2025-08-08 11:45:13,451 INFO 📄 Index 3 | Name: Soaptown | fcl: P, fcode: PPL | ADM1: Ohio, ADM2: Trumbull, ADM3: Village of Lordstown, ADM4:  | Score: 6.01, Population: 0 | Fuzzy match: 43.47826086956522
2025-08-08 11:45:13,618 INFO Comparing database entry: lordstown, ohio with Lordstown returned from geonames.
2025-08-08 11:45:13,618 INFO 📄 Index 0 | Name: Lordstown | fcl: P, fcode: PPL | ADM1: Ohio, ADM2: Trumbull, ADM3: Village of Lordstown, ADM4:  | Score: 19.15, Population: 3300 | Fuzzy match: 75.0
2025-08-08 11:45:13,618 INFO Comparing database entry: lordstown, ohio with Village of Lordstown returned from geonames.
2025-08-08 11:45:13,618 INFO 📄 Index 1 | Name: Village of Lordstown | fcl: A, fcode: ADM3 | ADM1: Ohio, ADM2: Trumbull, ADM3: Village of Lordstown, ADM4:  | Score: 16.12, Population: 3417 | Fuzzy match: 68.57142857142857
2025-08-08 11:45:13,619 INFO Comparing database entry: lordstown, ohio with Duck Creek returned from geonames.
2025-08-08 11:45:13,619 INFO 📄 Index 2 | Name: Duck Creek | fcl: P, fcode: PPL | ADM1: Ohio, ADM2: Trumbull, ADM3: Village of Lordstown, ADM4:  | Score: 8.02, Population: 0 | Fuzzy match: 16.000000000000004
2025-08-08 11:45:13,619 INFO Comparing database entry: lordstown, ohio with Soaptown returned from geonames.
2025-08-08 11:45:13,619 INFO 📄 Index 3 | Name: Soaptown | fcl: P, fcode: PPL | ADM1: Ohio, ADM2: Trumbull, ADM3: Village of Lordstown, ADM4:  | Score: 6.01, Population: 0 | Fuzzy match: 43.47826086956522
2025-08-08 11:45:13,786 INFO Comparing database entry: lordstown, ohio with Lordstown returned from geonames.
2025-08-08 11:45:13,786 INFO 📄 Index 0 | Name: Lordstown | fcl: P, fcode: PPL | ADM1: Ohio, ADM2: Trumbull, ADM3: Village of Lordstown, ADM4:  | Score: 19.15, Population: 3300 | Fuzzy match: 75.0
2025-08-08 11:45:13,786 INFO Comparing database entry: lordstown, ohio with Village of Lordstown returned from geonames.
2025-08-08 11:45:13,787 INFO 📄 Index 1 | Name: Village of Lordstown | fcl: A, fcode: ADM3 | ADM1: Ohio, ADM2: Trumbull, ADM3: Village of Lordstown, ADM4:  | Score: 16.12, Population: 3417 | Fuzzy match: 68.57142857142857
2025-08-08 11:45:13,787 INFO Comparing database entry: lordstown, ohio with Duck Creek returned from geonames.
2025-08-08 11:45:13,787 INFO 📄 Index 2 | Name: Duck Creek | fcl: P, fcode: PPL | ADM1: Ohio, ADM2: Trumbull, ADM3: Village of Lordstown, ADM4:  | Score: 8.02, Population: 0 | Fuzzy match: 16.000000000000004
2025-08-08 11:45:13,787 INFO Comparing database entry: lordstown, ohio with Soaptown returned from geonames.
2025-08-08 11:45:13,787 INFO 📄 Index 3 | Name: Soaptown | fcl: P, fcode: PPL | ADM1: Ohio, ADM2: Trumbull, ADM3: Village of Lordstown, ADM4:  | Score: 6.01, Population: 0 | Fuzzy match: 43.47826086956522
2025-08-08 11:45:13,923 INFO Comparing database entry: lordstown, ohio with Lordstown returned from geonames.
2025-08-08 11:45:13,924 INFO 📄 Index 0 | Name: Lordstown | fcl: P, fcode: PPL | ADM1: Ohio, ADM2: Trumbull, ADM3: Village of Lordstown, ADM4:  | Score: 19.15, Population: 3300 | Fuzzy match: 75.0
2025-08-08 11:45:13,924 INFO Comparing database entry: lordstown, ohio with Village of Lordstown returned from geonames.
2025-08-08 11:45:13,924 INFO 📄 Index 1 | Name: Village of Lordstown | fcl: A, fcode: ADM3 | ADM1: Ohio, ADM2: Trumbull, ADM3: Village of Lordstown, ADM4:  | Score: 16.12, Population: 3417 | Fuzzy match: 68.57142857142857
2025-08-08 11:45:13,924 INFO Comparing database entry: lordstown, ohio with Duck Creek returned from geonames.
2025-08-08 11:45:13,924 INFO 📄 Index 2 | Name: Duck Creek | fcl: P, fcode: PPL | ADM1: Ohio, ADM2: Trumbull, ADM3: Village of Lordstown, ADM4:  | Score: 8.02, Population: 0 | Fuzzy match: 16.000000000000004
2025-08-08 11:45:13,924 INFO Comparing database entry: lordstown, ohio with Soaptown returned from geonames.
2025-08-08 11:45:13,924 INFO 📄 Index 3 | Name: Soaptown | fcl: P, fcode: PPL | ADM1: Ohio, ADM2: Trumbull, ADM3: Village of Lordstown, ADM4:  | Score: 6.01, Population: 0 | Fuzzy match: 43.47826086956522
2025-08-08 11:45:14,083 INFO Comparing database entry: lordstown, ohio with Lordstown returned from geonames.
2025-08-08 11:45:14,083 INFO 📄 Index 0 | Name: Lordstown | fcl: P, fcode: PPL | ADM1: Ohio, ADM2: Trumbull, ADM3: Village of Lordstown, ADM4:  | Score: 19.15, Population: 3300 | Fuzzy match: 75.0
2025-08-08 11:45:14,083 INFO Comparing database entry: lordstown, ohio with Village of Lordstown returned from geonames.
2025-08-08 11:45:14,083 INFO 📄 Index 1 | Name: Village of Lordstown | fcl: A, fcode: ADM3 | ADM1: Ohio, ADM2: Trumbull, ADM3: Village of Lordstown, ADM4:  | Score: 16.12, Population: 3417 | Fuzzy match: 68.57142857142857
2025-08-08 11:45:14,084 INFO Comparing database entry: lordstown, ohio with Duck Creek returned from geonames.
2025-08-08 11:45:14,084 INFO 📄 Index 2 | Name: Duck Creek | fcl: P, fcode: PPL | ADM1: Ohio, ADM2: Trumbull, ADM3: Village of Lordstown, ADM4:  | Score: 8.02, Population: 0 | Fuzzy match: 16.000000000000004
2025-08-08 11:45:14,084 INFO Comparing database entry: lordstown, ohio with Soaptown returned from geonames.
2025-08-08 11:45:14,084 INFO 📄 Index 3 | Name: Soaptown | fcl: P, fcode: PPL | ADM1: Ohio, ADM2: Trumbull, ADM3: Village of Lordstown, ADM4:  | Score: 6.01, Population: 0 | Fuzzy match: 43.47826086956522
2025-08-08 11:45:14,084 WARNING ❌ No match found with fuzzy score > 80 for city: lordstown, ohio
2025-08-08 11:45:14,084 WARNING ❌ Lookup failed for city='lordstown_ohio', iso2='US'
