2025-08-08 11:55:23,504 INFO 🗺️ Starting GeoNames lookup for city='lansing_delta_township', country='united states'
2025-08-08 11:55:23,504 INFO 📍 Location is present in the following articles: [ObjectId('67f921b7f431fddd61d55c05')]
2025-08-08 11:55:23,705 INFO Comparing database entry: lansing delta township with Waverly returned from geonames.
2025-08-08 11:55:23,705 INFO 📄 Index 0 | Name: Waverly | fcl: P, fcode: PPL | ADM1: Michigan, ADM2: Eaton, ADM3: Charter Township of Delta, ADM4:  | Score: 12.73, Population: 23925 | Fuzzy match: 13.793103448275868
2025-08-08 11:55:23,705 INFO Comparing database entry: lansing delta township with Charter Township of Delta returned from geonames.
2025-08-08 11:55:23,705 INFO 📄 Index 1 | Name: Charter Township of Delta | fcl: A, fcode: ADM3 | ADM1: Michigan, ADM2: Eaton, ADM3: Charter Township of Delta, ADM4:  | Score: 11.44, Population: 0 | Fuzzy match: 63.829787234042556
2025-08-08 11:55:23,705 INFO Comparing database entry: lansing delta township with Delta Mills returned from geonames.
2025-08-08 11:55:23,705 INFO 📄 Index 2 | Name: Delta Mills | fcl: P, fcode: PPL | ADM1: Michigan, ADM2: Eaton, ADM3: Charter Township of Delta, ADM4:  | Score: 8.86, Population: 0 | Fuzzy match: 48.484848484848484
2025-08-08 11:55:23,705 INFO Comparing database entry: lansing delta township with Lansing returned from geonames.
2025-08-08 11:55:23,706 INFO 📄 Index 3 | Name: Lansing | fcl: P, fcode: PPL | ADM1: Arkansas, ADM2: Crittenden, ADM3: Jackson Township, ADM4:  | Score: 7.92, Population: 0 | Fuzzy match: 48.275862068965516
2025-08-08 11:55:23,886 INFO Comparing database entry: lansing delta township with Waverly returned from geonames.
2025-08-08 11:55:23,886 INFO 📄 Index 0 | Name: Waverly | fcl: P, fcode: PPL | ADM1: Michigan, ADM2: Eaton, ADM3: Charter Township of Delta, ADM4:  | Score: 12.73, Population: 23925 | Fuzzy match: 13.793103448275868
2025-08-08 11:55:23,886 INFO Comparing database entry: lansing delta township with Charter Township of Delta returned from geonames.
2025-08-08 11:55:23,886 INFO 📄 Index 1 | Name: Charter Township of Delta | fcl: A, fcode: ADM3 | ADM1: Michigan, ADM2: Eaton, ADM3: Charter Township of Delta, ADM4:  | Score: 11.44, Population: 0 | Fuzzy match: 63.829787234042556
2025-08-08 11:55:23,886 INFO Comparing database entry: lansing delta township with Delta Mills returned from geonames.
2025-08-08 11:55:23,886 INFO 📄 Index 2 | Name: Delta Mills | fcl: P, fcode: PPL | ADM1: Michigan, ADM2: Eaton, ADM3: Charter Township of Delta, ADM4:  | Score: 8.86, Population: 0 | Fuzzy match: 48.484848484848484
2025-08-08 11:55:23,886 INFO Comparing database entry: lansing delta township with Lansing returned from geonames.
2025-08-08 11:55:23,886 INFO 📄 Index 3 | Name: Lansing | fcl: P, fcode: PPL | ADM1: Arkansas, ADM2: Crittenden, ADM3: Jackson Township, ADM4:  | Score: 7.92, Population: 0 | Fuzzy match: 48.275862068965516
2025-08-08 11:55:24,066 INFO Comparing database entry: lansing delta township with Waverly returned from geonames.
2025-08-08 11:55:24,066 INFO 📄 Index 0 | Name: Waverly | fcl: P, fcode: PPL | ADM1: Michigan, ADM2: Eaton, ADM3: Charter Township of Delta, ADM4:  | Score: 12.73, Population: 23925 | Fuzzy match: 13.793103448275868
2025-08-08 11:55:24,066 INFO Comparing database entry: lansing delta township with Charter Township of Delta returned from geonames.
2025-08-08 11:55:24,066 INFO 📄 Index 1 | Name: Charter Township of Delta | fcl: A, fcode: ADM3 | ADM1: Michigan, ADM2: Eaton, ADM3: Charter Township of Delta, ADM4:  | Score: 11.44, Population: 0 | Fuzzy match: 63.829787234042556
2025-08-08 11:55:24,067 INFO Comparing database entry: lansing delta township with Delta Mills returned from geonames.
2025-08-08 11:55:24,067 INFO 📄 Index 2 | Name: Delta Mills | fcl: P, fcode: PPL | ADM1: Michigan, ADM2: Eaton, ADM3: Charter Township of Delta, ADM4:  | Score: 8.86, Population: 0 | Fuzzy match: 48.484848484848484
2025-08-08 11:55:24,067 INFO Comparing database entry: lansing delta township with Lansing returned from geonames.
2025-08-08 11:55:24,067 INFO 📄 Index 3 | Name: Lansing | fcl: P, fcode: PPL | ADM1: Arkansas, ADM2: Crittenden, ADM3: Jackson Township, ADM4:  | Score: 7.92, Population: 0 | Fuzzy match: 48.275862068965516
2025-08-08 11:55:24,220 INFO Comparing database entry: lansing delta township with Waverly returned from geonames.
2025-08-08 11:55:24,220 INFO 📄 Index 0 | Name: Waverly | fcl: P, fcode: PPL | ADM1: Michigan, ADM2: Eaton, ADM3: Charter Township of Delta, ADM4:  | Score: 12.73, Population: 23925 | Fuzzy match: 13.793103448275868
2025-08-08 11:55:24,220 INFO Comparing database entry: lansing delta township with Charter Township of Delta returned from geonames.
2025-08-08 11:55:24,220 INFO 📄 Index 1 | Name: Charter Township of Delta | fcl: A, fcode: ADM3 | ADM1: Michigan, ADM2: Eaton, ADM3: Charter Township of Delta, ADM4:  | Score: 11.44, Population: 0 | Fuzzy match: 63.829787234042556
2025-08-08 11:55:24,220 INFO Comparing database entry: lansing delta township with Delta Mills returned from geonames.
2025-08-08 11:55:24,220 INFO 📄 Index 2 | Name: Delta Mills | fcl: P, fcode: PPL | ADM1: Michigan, ADM2: Eaton, ADM3: Charter Township of Delta, ADM4:  | Score: 8.86, Population: 0 | Fuzzy match: 48.484848484848484
2025-08-08 11:55:24,220 INFO Comparing database entry: lansing delta township with Lansing returned from geonames.
2025-08-08 11:55:24,220 INFO 📄 Index 3 | Name: Lansing | fcl: P, fcode: PPL | ADM1: Arkansas, ADM2: Crittenden, ADM3: Jackson Township, ADM4:  | Score: 7.92, Population: 0 | Fuzzy match: 48.275862068965516
2025-08-08 11:55:24,382 INFO Comparing database entry: lansing delta township with Waverly returned from geonames.
2025-08-08 11:55:24,382 INFO 📄 Index 0 | Name: Waverly | fcl: P, fcode: PPL | ADM1: Michigan, ADM2: Eaton, ADM3: Charter Township of Delta, ADM4:  | Score: 12.73, Population: 23925 | Fuzzy match: 13.793103448275868
2025-08-08 11:55:24,382 INFO Comparing database entry: lansing delta township with Charter Township of Delta returned from geonames.
2025-08-08 11:55:24,382 INFO 📄 Index 1 | Name: Charter Township of Delta | fcl: A, fcode: ADM3 | ADM1: Michigan, ADM2: Eaton, ADM3: Charter Township of Delta, ADM4:  | Score: 11.44, Population: 0 | Fuzzy match: 63.829787234042556
2025-08-08 11:55:24,382 INFO Comparing database entry: lansing delta township with Delta Mills returned from geonames.
2025-08-08 11:55:24,382 INFO 📄 Index 2 | Name: Delta Mills | fcl: P, fcode: PPL | ADM1: Michigan, ADM2: Eaton, ADM3: Charter Township of Delta, ADM4:  | Score: 8.86, Population: 0 | Fuzzy match: 48.484848484848484
2025-08-08 11:55:24,382 INFO Comparing database entry: lansing delta township with Lansing returned from geonames.
2025-08-08 11:55:24,382 INFO 📄 Index 3 | Name: Lansing | fcl: P, fcode: PPL | ADM1: Arkansas, ADM2: Crittenden, ADM3: Jackson Township, ADM4:  | Score: 7.92, Population: 0 | Fuzzy match: 48.275862068965516
2025-08-08 11:55:24,541 INFO Comparing database entry: lansing delta township with Waverly returned from geonames.
2025-08-08 11:55:24,541 INFO 📄 Index 0 | Name: Waverly | fcl: P, fcode: PPL | ADM1: Michigan, ADM2: Eaton, ADM3: Charter Township of Delta, ADM4:  | Score: 12.73, Population: 23925 | Fuzzy match: 13.793103448275868
2025-08-08 11:55:24,541 INFO Comparing database entry: lansing delta township with Charter Township of Delta returned from geonames.
2025-08-08 11:55:24,542 INFO 📄 Index 1 | Name: Charter Township of Delta | fcl: A, fcode: ADM3 | ADM1: Michigan, ADM2: Eaton, ADM3: Charter Township of Delta, ADM4:  | Score: 11.44, Population: 0 | Fuzzy match: 63.829787234042556
2025-08-08 11:55:24,542 INFO Comparing database entry: lansing delta township with Delta Mills returned from geonames.
2025-08-08 11:55:24,542 INFO 📄 Index 2 | Name: Delta Mills | fcl: P, fcode: PPL | ADM1: Michigan, ADM2: Eaton, ADM3: Charter Township of Delta, ADM4:  | Score: 8.86, Population: 0 | Fuzzy match: 48.484848484848484
2025-08-08 11:55:24,542 INFO Comparing database entry: lansing delta township with Lansing returned from geonames.
2025-08-08 11:55:24,542 INFO 📄 Index 3 | Name: Lansing | fcl: P, fcode: PPL | ADM1: Arkansas, ADM2: Crittenden, ADM3: Jackson Township, ADM4:  | Score: 7.92, Population: 0 | Fuzzy match: 48.275862068965516
2025-08-08 11:55:24,542 WARNING ❌ No match found with fuzzy score > 80 for city: lansing delta township
2025-08-08 11:55:24,542 WARNING ❌ Lookup failed for city='lansing_delta_township', iso2='US'
