2025-08-08 12:00:49,178 INFO 🗺️ Starting GeoNames lookup for city='lansing_michigan', country='united states'
2025-08-08 12:00:49,178 INFO 📍 Location is present in the following articles: [ObjectId('67f921e3f431fddd61d55c96')]
2025-08-08 12:00:49,340 INFO Comparing database entry: lansing, michigan with Lansing returned from geonames.
2025-08-08 12:00:49,340 INFO 📄 Index 0 | Name: Lansing | fcl: P, fcode: PPLA | ADM1: Michigan, ADM2: Ingham, ADM3: City of Lansing, ADM4:  | Score: 81.11, Population: 112644 | Fuzzy match: 58.33333333333333
2025-08-08 12:00:49,340 INFO Comparing database entry: lansing, michigan with East Lansing returned from geonames.
2025-08-08 12:00:49,340 INFO 📄 Index 1 | Name: East Lansing | fcl: P, fcode: PPL | ADM1: Michigan, ADM2: Ingham, ADM3: City of East Lansing, ADM4:  | Score: 55.61, Population: 48471 | Fuzzy match: 48.275862068965516
2025-08-08 12:00:49,340 INFO Comparing database entry: lansing, michigan with Okemos returned from geonames.
2025-08-08 12:00:49,340 INFO 📄 Index 2 | Name: Okemos | fcl: P, fcode: PPL | ADM1: Michigan, ADM2: Ingham, ADM3: Charter Township of Meridian, ADM4:  | Score: 19.85, Population: 21369 | Fuzzy match: 8.695652173913048
2025-08-08 12:00:49,340 INFO Comparing database entry: lansing, michigan with Shiawassee returned from geonames.
2025-08-08 12:00:49,340 INFO 📄 Index 3 | Name: Shiawassee | fcl: A, fcode: ADM2 | ADM1: Michigan, ADM2: Shiawassee, ADM3: , ADM4:  | Score: 17.89, Population: 68094 | Fuzzy match: 29.629629629629626
2025-08-08 12:00:49,478 INFO Comparing database entry: lansing, michigan with Lansing returned from geonames.
2025-08-08 12:00:49,478 INFO 📄 Index 0 | Name: Lansing | fcl: P, fcode: PPLA | ADM1: Michigan, ADM2: Ingham, ADM3: City of Lansing, ADM4:  | Score: 81.11, Population: 112644 | Fuzzy match: 58.33333333333333
2025-08-08 12:00:49,478 INFO Comparing database entry: lansing, michigan with East Lansing returned from geonames.
2025-08-08 12:00:49,478 INFO 📄 Index 1 | Name: East Lansing | fcl: P, fcode: PPL | ADM1: Michigan, ADM2: Ingham, ADM3: City of East Lansing, ADM4:  | Score: 55.61, Population: 48471 | Fuzzy match: 48.275862068965516
2025-08-08 12:00:49,478 INFO Comparing database entry: lansing, michigan with Okemos returned from geonames.
2025-08-08 12:00:49,478 INFO 📄 Index 2 | Name: Okemos | fcl: P, fcode: PPL | ADM1: Michigan, ADM2: Ingham, ADM3: Charter Township of Meridian, ADM4:  | Score: 19.85, Population: 21369 | Fuzzy match: 8.695652173913048
2025-08-08 12:00:49,478 INFO Comparing database entry: lansing, michigan with Shiawassee returned from geonames.
2025-08-08 12:00:49,478 INFO 📄 Index 3 | Name: Shiawassee | fcl: A, fcode: ADM2 | ADM1: Michigan, ADM2: Shiawassee, ADM3: , ADM4:  | Score: 17.89, Population: 68094 | Fuzzy match: 29.629629629629626
2025-08-08 12:00:49,648 INFO Comparing database entry: lansing, michigan with Lansing returned from geonames.
2025-08-08 12:00:49,648 INFO 📄 Index 0 | Name: Lansing | fcl: P, fcode: PPLA | ADM1: Michigan, ADM2: Ingham, ADM3: City of Lansing, ADM4:  | Score: 81.11, Population: 112644 | Fuzzy match: 58.33333333333333
2025-08-08 12:00:49,648 INFO Comparing database entry: lansing, michigan with East Lansing returned from geonames.
2025-08-08 12:00:49,648 INFO 📄 Index 1 | Name: East Lansing | fcl: P, fcode: PPL | ADM1: Michigan, ADM2: Ingham, ADM3: City of East Lansing, ADM4:  | Score: 55.61, Population: 48471 | Fuzzy match: 48.275862068965516
2025-08-08 12:00:49,648 INFO Comparing database entry: lansing, michigan with Okemos returned from geonames.
2025-08-08 12:00:49,648 INFO 📄 Index 2 | Name: Okemos | fcl: P, fcode: PPL | ADM1: Michigan, ADM2: Ingham, ADM3: Charter Township of Meridian, ADM4:  | Score: 19.85, Population: 21369 | Fuzzy match: 8.695652173913048
2025-08-08 12:00:49,648 INFO Comparing database entry: lansing, michigan with Shiawassee returned from geonames.
2025-08-08 12:00:49,648 INFO 📄 Index 3 | Name: Shiawassee | fcl: A, fcode: ADM2 | ADM1: Michigan, ADM2: Shiawassee, ADM3: , ADM4:  | Score: 17.89, Population: 68094 | Fuzzy match: 29.629629629629626
2025-08-08 12:00:49,800 INFO Comparing database entry: lansing, michigan with Lansing returned from geonames.
2025-08-08 12:00:49,800 INFO 📄 Index 0 | Name: Lansing | fcl: P, fcode: PPLA | ADM1: Michigan, ADM2: Ingham, ADM3: City of Lansing, ADM4:  | Score: 81.11, Population: 112644 | Fuzzy match: 58.33333333333333
2025-08-08 12:00:49,800 INFO Comparing database entry: lansing, michigan with East Lansing returned from geonames.
2025-08-08 12:00:49,800 INFO 📄 Index 1 | Name: East Lansing | fcl: P, fcode: PPL | ADM1: Michigan, ADM2: Ingham, ADM3: City of East Lansing, ADM4:  | Score: 55.61, Population: 48471 | Fuzzy match: 48.275862068965516
2025-08-08 12:00:49,801 INFO Comparing database entry: lansing, michigan with Okemos returned from geonames.
2025-08-08 12:00:49,801 INFO 📄 Index 2 | Name: Okemos | fcl: P, fcode: PPL | ADM1: Michigan, ADM2: Ingham, ADM3: Charter Township of Meridian, ADM4:  | Score: 19.85, Population: 21369 | Fuzzy match: 8.695652173913048
2025-08-08 12:00:49,801 INFO Comparing database entry: lansing, michigan with Shiawassee returned from geonames.
2025-08-08 12:00:49,801 INFO 📄 Index 3 | Name: Shiawassee | fcl: A, fcode: ADM2 | ADM1: Michigan, ADM2: Shiawassee, ADM3: , ADM4:  | Score: 17.89, Population: 68094 | Fuzzy match: 29.629629629629626
2025-08-08 12:00:50,013 INFO Comparing database entry: lansing, michigan with Lansing returned from geonames.
2025-08-08 12:00:50,013 INFO 📄 Index 0 | Name: Lansing | fcl: P, fcode: PPLA | ADM1: Michigan, ADM2: Ingham, ADM3: City of Lansing, ADM4:  | Score: 81.11, Population: 112644 | Fuzzy match: 58.33333333333333
2025-08-08 12:00:50,013 INFO Comparing database entry: lansing, michigan with East Lansing returned from geonames.
2025-08-08 12:00:50,013 INFO 📄 Index 1 | Name: East Lansing | fcl: P, fcode: PPL | ADM1: Michigan, ADM2: Ingham, ADM3: City of East Lansing, ADM4:  | Score: 55.61, Population: 48471 | Fuzzy match: 48.275862068965516
2025-08-08 12:00:50,013 INFO Comparing database entry: lansing, michigan with Okemos returned from geonames.
2025-08-08 12:00:50,013 INFO 📄 Index 2 | Name: Okemos | fcl: P, fcode: PPL | ADM1: Michigan, ADM2: Ingham, ADM3: Charter Township of Meridian, ADM4:  | Score: 19.85, Population: 21369 | Fuzzy match: 8.695652173913048
2025-08-08 12:00:50,013 INFO Comparing database entry: lansing, michigan with Shiawassee returned from geonames.
2025-08-08 12:00:50,013 INFO 📄 Index 3 | Name: Shiawassee | fcl: A, fcode: ADM2 | ADM1: Michigan, ADM2: Shiawassee, ADM3: , ADM4:  | Score: 17.89, Population: 68094 | Fuzzy match: 29.629629629629626
2025-08-08 12:00:50,201 INFO Comparing database entry: lansing, michigan with Lansing returned from geonames.
2025-08-08 12:00:50,201 INFO 📄 Index 0 | Name: Lansing | fcl: P, fcode: PPLA | ADM1: Michigan, ADM2: Ingham, ADM3: City of Lansing, ADM4:  | Score: 81.11, Population: 112644 | Fuzzy match: 58.33333333333333
2025-08-08 12:00:50,201 INFO Comparing database entry: lansing, michigan with East Lansing returned from geonames.
2025-08-08 12:00:50,201 INFO 📄 Index 1 | Name: East Lansing | fcl: P, fcode: PPL | ADM1: Michigan, ADM2: Ingham, ADM3: City of East Lansing, ADM4:  | Score: 55.61, Population: 48471 | Fuzzy match: 48.275862068965516
2025-08-08 12:00:50,202 INFO Comparing database entry: lansing, michigan with Okemos returned from geonames.
2025-08-08 12:00:50,202 INFO 📄 Index 2 | Name: Okemos | fcl: P, fcode: PPL | ADM1: Michigan, ADM2: Ingham, ADM3: Charter Township of Meridian, ADM4:  | Score: 19.85, Population: 21369 | Fuzzy match: 8.695652173913048
2025-08-08 12:00:50,202 INFO Comparing database entry: lansing, michigan with Shiawassee returned from geonames.
2025-08-08 12:00:50,202 INFO 📄 Index 3 | Name: Shiawassee | fcl: A, fcode: ADM2 | ADM1: Michigan, ADM2: Shiawassee, ADM3: , ADM4:  | Score: 17.89, Population: 68094 | Fuzzy match: 29.629629629629626
2025-08-08 12:00:50,202 WARNING ❌ No match found with fuzzy score > 80 for city: lansing, michigan
2025-08-08 12:00:50,202 WARNING ❌ Lookup failed for city='lansing_michigan', iso2='US'
