2025-08-08 11:42:16,541 INFO 🗺️ Starting GeoNames lookup for city='mesa_arizona', country='united states'
2025-08-08 11:42:16,541 INFO 📍 Location is present in the following articles: [ObjectId('67f52ba7981040986eab75ed')]
2025-08-08 11:42:16,976 INFO Comparing database entry: mesa, arizona with Mesa returned from geonames.
2025-08-08 11:42:16,976 INFO 📄 Index 0 | Name: Mesa | fcl: P, fcode: PPL | ADM1: Arizona, ADM2: Maricopa, ADM3: , ADM4:  | Score: 67.39, Population: 471825 | Fuzzy match: 47.05882352941176
2025-08-08 11:42:16,977 INFO Comparing database entry: mesa, arizona with Phoenix returned from geonames.
2025-08-08 11:42:16,977 INFO 📄 Index 1 | Name: Phoenix | fcl: P, fcode: PPLA | ADM1: Arizona, ADM2: Maricopa, ADM3: , ADM4:  | Score: 47.34, Population: 1650070 | Fuzzy match: 19.999999999999996
2025-08-08 11:42:16,977 INFO Comparing database entry: mesa, arizona with Scottsdale returned from geonames.
2025-08-08 11:42:16,977 INFO 📄 Index 2 | Name: Scottsdale | fcl: P, fcode: PPL | ADM1: Arizona, ADM2: Maricopa, ADM3: , ADM4:  | Score: 40.49, Population: 236839 | Fuzzy match: 26.086956521739136
2025-08-08 11:42:16,977 INFO Comparing database entry: mesa, arizona with Tempe returned from geonames.
2025-08-08 11:42:16,977 INFO 📄 Index 3 | Name: Tempe | fcl: P, fcode: PPL | ADM1: Arizona, ADM2: Maricopa, ADM3: , ADM4:  | Score: 40.49, Population: 175826 | Fuzzy match: 22.22222222222222
2025-08-08 11:42:17,168 INFO Comparing database entry: mesa, arizona with Mesa returned from geonames.
2025-08-08 11:42:17,168 INFO 📄 Index 0 | Name: Mesa | fcl: P, fcode: PPL | ADM1: Arizona, ADM2: Maricopa, ADM3: , ADM4:  | Score: 67.39, Population: 471825 | Fuzzy match: 47.05882352941176
2025-08-08 11:42:17,168 INFO Comparing database entry: mesa, arizona with Phoenix returned from geonames.
2025-08-08 11:42:17,169 INFO 📄 Index 1 | Name: Phoenix | fcl: P, fcode: PPLA | ADM1: Arizona, ADM2: Maricopa, ADM3: , ADM4:  | Score: 47.34, Population: 1650070 | Fuzzy match: 19.999999999999996
2025-08-08 11:42:17,169 INFO Comparing database entry: mesa, arizona with Scottsdale returned from geonames.
2025-08-08 11:42:17,169 INFO 📄 Index 2 | Name: Scottsdale | fcl: P, fcode: PPL | ADM1: Arizona, ADM2: Maricopa, ADM3: , ADM4:  | Score: 40.49, Population: 236839 | Fuzzy match: 26.086956521739136
2025-08-08 11:42:17,169 INFO Comparing database entry: mesa, arizona with Tempe returned from geonames.
2025-08-08 11:42:17,169 INFO 📄 Index 3 | Name: Tempe | fcl: P, fcode: PPL | ADM1: Arizona, ADM2: Maricopa, ADM3: , ADM4:  | Score: 40.49, Population: 175826 | Fuzzy match: 22.22222222222222
2025-08-08 11:42:17,343 INFO Comparing database entry: mesa, arizona with Mesa returned from geonames.
2025-08-08 11:42:17,343 INFO 📄 Index 0 | Name: Mesa | fcl: P, fcode: PPL | ADM1: Arizona, ADM2: Maricopa, ADM3: , ADM4:  | Score: 67.39, Population: 471825 | Fuzzy match: 47.05882352941176
2025-08-08 11:42:17,343 INFO Comparing database entry: mesa, arizona with Phoenix returned from geonames.
2025-08-08 11:42:17,343 INFO 📄 Index 1 | Name: Phoenix | fcl: P, fcode: PPLA | ADM1: Arizona, ADM2: Maricopa, ADM3: , ADM4:  | Score: 47.34, Population: 1650070 | Fuzzy match: 19.999999999999996
2025-08-08 11:42:17,343 INFO Comparing database entry: mesa, arizona with Scottsdale returned from geonames.
2025-08-08 11:42:17,343 INFO 📄 Index 2 | Name: Scottsdale | fcl: P, fcode: PPL | ADM1: Arizona, ADM2: Maricopa, ADM3: , ADM4:  | Score: 40.49, Population: 236839 | Fuzzy match: 26.086956521739136
2025-08-08 11:42:17,343 INFO Comparing database entry: mesa, arizona with Tempe returned from geonames.
2025-08-08 11:42:17,343 INFO 📄 Index 3 | Name: Tempe | fcl: P, fcode: PPL | ADM1: Arizona, ADM2: Maricopa, ADM3: , ADM4:  | Score: 40.49, Population: 175826 | Fuzzy match: 22.22222222222222
2025-08-08 11:42:17,509 INFO Comparing database entry: mesa, arizona with Mesa returned from geonames.
2025-08-08 11:42:17,509 INFO 📄 Index 0 | Name: Mesa | fcl: P, fcode: PPL | ADM1: Arizona, ADM2: Maricopa, ADM3: , ADM4:  | Score: 67.39, Population: 471825 | Fuzzy match: 47.05882352941176
2025-08-08 11:42:17,509 INFO Comparing database entry: mesa, arizona with Phoenix returned from geonames.
2025-08-08 11:42:17,509 INFO 📄 Index 1 | Name: Phoenix | fcl: P, fcode: PPLA | ADM1: Arizona, ADM2: Maricopa, ADM3: , ADM4:  | Score: 47.34, Population: 1650070 | Fuzzy match: 19.999999999999996
2025-08-08 11:42:17,509 INFO Comparing database entry: mesa, arizona with Scottsdale returned from geonames.
2025-08-08 11:42:17,509 INFO 📄 Index 2 | Name: Scottsdale | fcl: P, fcode: PPL | ADM1: Arizona, ADM2: Maricopa, ADM3: , ADM4:  | Score: 40.49, Population: 236839 | Fuzzy match: 26.086956521739136
2025-08-08 11:42:17,509 INFO Comparing database entry: mesa, arizona with Tempe returned from geonames.
2025-08-08 11:42:17,509 INFO 📄 Index 3 | Name: Tempe | fcl: P, fcode: PPL | ADM1: Arizona, ADM2: Maricopa, ADM3: , ADM4:  | Score: 40.49, Population: 175826 | Fuzzy match: 22.22222222222222
2025-08-08 11:42:17,679 INFO Comparing database entry: mesa, arizona with Mesa returned from geonames.
2025-08-08 11:42:17,679 INFO 📄 Index 0 | Name: Mesa | fcl: P, fcode: PPL | ADM1: Arizona, ADM2: Maricopa, ADM3: , ADM4:  | Score: 67.39, Population: 471825 | Fuzzy match: 47.05882352941176
2025-08-08 11:42:17,679 INFO Comparing database entry: mesa, arizona with Phoenix returned from geonames.
2025-08-08 11:42:17,679 INFO 📄 Index 1 | Name: Phoenix | fcl: P, fcode: PPLA | ADM1: Arizona, ADM2: Maricopa, ADM3: , ADM4:  | Score: 47.34, Population: 1650070 | Fuzzy match: 19.999999999999996
2025-08-08 11:42:17,679 INFO Comparing database entry: mesa, arizona with Scottsdale returned from geonames.
2025-08-08 11:42:17,679 INFO 📄 Index 2 | Name: Scottsdale | fcl: P, fcode: PPL | ADM1: Arizona, ADM2: Maricopa, ADM3: , ADM4:  | Score: 40.49, Population: 236839 | Fuzzy match: 26.086956521739136
2025-08-08 11:42:17,679 INFO Comparing database entry: mesa, arizona with Tempe returned from geonames.
2025-08-08 11:42:17,679 INFO 📄 Index 3 | Name: Tempe | fcl: P, fcode: PPL | ADM1: Arizona, ADM2: Maricopa, ADM3: , ADM4:  | Score: 40.49, Population: 175826 | Fuzzy match: 22.22222222222222
2025-08-08 11:42:17,966 INFO Comparing database entry: mesa, arizona with Mesa returned from geonames.
2025-08-08 11:42:17,966 INFO 📄 Index 0 | Name: Mesa | fcl: P, fcode: PPL | ADM1: Arizona, ADM2: Maricopa, ADM3: , ADM4:  | Score: 67.39, Population: 471825 | Fuzzy match: 47.05882352941176
2025-08-08 11:42:17,966 INFO Comparing database entry: mesa, arizona with Phoenix returned from geonames.
2025-08-08 11:42:17,966 INFO 📄 Index 1 | Name: Phoenix | fcl: P, fcode: PPLA | ADM1: Arizona, ADM2: Maricopa, ADM3: , ADM4:  | Score: 47.34, Population: 1650070 | Fuzzy match: 19.999999999999996
2025-08-08 11:42:17,966 INFO Comparing database entry: mesa, arizona with Scottsdale returned from geonames.
2025-08-08 11:42:17,966 INFO 📄 Index 2 | Name: Scottsdale | fcl: P, fcode: PPL | ADM1: Arizona, ADM2: Maricopa, ADM3: , ADM4:  | Score: 40.49, Population: 236839 | Fuzzy match: 26.086956521739136
2025-08-08 11:42:17,966 INFO Comparing database entry: mesa, arizona with Tempe returned from geonames.
2025-08-08 11:42:17,966 INFO 📄 Index 3 | Name: Tempe | fcl: P, fcode: PPL | ADM1: Arizona, ADM2: Maricopa, ADM3: , ADM4:  | Score: 40.49, Population: 175826 | Fuzzy match: 22.22222222222222
2025-08-08 11:42:17,966 WARNING ❌ No match found with fuzzy score > 80 for city: mesa, arizona
2025-08-08 11:42:17,967 WARNING ❌ Lookup failed for city='mesa_arizona', iso2='US'
