2025-08-08 12:17:55,773 INFO 🗺️ Starting GeoNames lookup for city='marshall_county', country='united states'
2025-08-08 12:17:55,773 INFO 📍 Location is present in the following articles: [ObjectId('67f922c9f431fddd61d55f8d'), ObjectId('67f922f8f431fddd61d56028'), ObjectId('67f922f8f431fddd61d56029')]
2025-08-08 12:17:55,976 INFO Comparing database entry: marshall county with Marshall returned from geonames.
2025-08-08 12:17:55,976 INFO 📄 Index 0 | Name: Marshall | fcl: P, fcode: PPLA2 | ADM1: Texas, ADM2: Harrison, ADM3: , ADM4:  | Score: 34.65, Population: 23820 | Fuzzy match: 69.56521739130434
2025-08-08 12:17:55,976 INFO Comparing database entry: marshall county with Marshall returned from geonames.
2025-08-08 12:17:55,977 INFO 📄 Index 1 | Name: Marshall | fcl: A, fcode: ADM2 | ADM1: Alabama, ADM2: Marshall, ADM3: , ADM4:  | Score: 33.87, Population: 98228 | Fuzzy match: 69.56521739130434
2025-08-08 12:17:55,977 INFO Comparing database entry: marshall county with Marshall returned from geonames.
2025-08-08 12:17:55,977 INFO 📄 Index 2 | Name: Marshall | fcl: A, fcode: ADM2 | ADM1: Oklahoma, ADM2: Marshall, ADM3: , ADM4:  | Score: 32.85, Population: 16931 | Fuzzy match: 69.56521739130434
2025-08-08 12:17:55,977 INFO Comparing database entry: marshall county with Marshall returned from geonames.
2025-08-08 12:17:55,977 INFO 📄 Index 3 | Name: Marshall | fcl: A, fcode: ADM2 | ADM1: Iowa, ADM2: Marshall, ADM3: , ADM4:  | Score: 32.85, Population: 40105 | Fuzzy match: 69.56521739130434
2025-08-08 12:17:56,163 INFO Comparing database entry: marshall county with Marshall returned from geonames.
2025-08-08 12:17:56,163 INFO 📄 Index 0 | Name: Marshall | fcl: P, fcode: PPLA2 | ADM1: Texas, ADM2: Harrison, ADM3: , ADM4:  | Score: 34.65, Population: 23820 | Fuzzy match: 69.56521739130434
2025-08-08 12:17:56,164 INFO Comparing database entry: marshall county with Marshall returned from geonames.
2025-08-08 12:17:56,164 INFO 📄 Index 1 | Name: Marshall | fcl: A, fcode: ADM2 | ADM1: Alabama, ADM2: Marshall, ADM3: , ADM4:  | Score: 33.87, Population: 98228 | Fuzzy match: 69.56521739130434
2025-08-08 12:17:56,164 INFO Comparing database entry: marshall county with Marshall returned from geonames.
2025-08-08 12:17:56,164 INFO 📄 Index 2 | Name: Marshall | fcl: A, fcode: ADM2 | ADM1: Oklahoma, ADM2: Marshall, ADM3: , ADM4:  | Score: 32.85, Population: 16931 | Fuzzy match: 69.56521739130434
2025-08-08 12:17:56,164 INFO Comparing database entry: marshall county with Marshall returned from geonames.
2025-08-08 12:17:56,164 INFO 📄 Index 3 | Name: Marshall | fcl: A, fcode: ADM2 | ADM1: Iowa, ADM2: Marshall, ADM3: , ADM4:  | Score: 32.85, Population: 40105 | Fuzzy match: 69.56521739130434
2025-08-08 12:17:56,321 INFO Comparing database entry: marshall county with Marshall returned from geonames.
2025-08-08 12:17:56,321 INFO 📄 Index 0 | Name: Marshall | fcl: P, fcode: PPLA2 | ADM1: Texas, ADM2: Harrison, ADM3: , ADM4:  | Score: 34.65, Population: 23820 | Fuzzy match: 69.56521739130434
2025-08-08 12:17:56,321 INFO Comparing database entry: marshall county with Marshall returned from geonames.
2025-08-08 12:17:56,322 INFO 📄 Index 1 | Name: Marshall | fcl: A, fcode: ADM2 | ADM1: Alabama, ADM2: Marshall, ADM3: , ADM4:  | Score: 33.87, Population: 98228 | Fuzzy match: 69.56521739130434
2025-08-08 12:17:56,322 INFO Comparing database entry: marshall county with Marshall returned from geonames.
2025-08-08 12:17:56,322 INFO 📄 Index 2 | Name: Marshall | fcl: A, fcode: ADM2 | ADM1: Oklahoma, ADM2: Marshall, ADM3: , ADM4:  | Score: 32.85, Population: 16931 | Fuzzy match: 69.56521739130434
2025-08-08 12:17:56,322 INFO Comparing database entry: marshall county with Marshall returned from geonames.
2025-08-08 12:17:56,322 INFO 📄 Index 3 | Name: Marshall | fcl: A, fcode: ADM2 | ADM1: Iowa, ADM2: Marshall, ADM3: , ADM4:  | Score: 32.85, Population: 40105 | Fuzzy match: 69.56521739130434
2025-08-08 12:17:56,500 INFO Comparing database entry: marshall county with Marshall returned from geonames.
2025-08-08 12:17:56,500 INFO 📄 Index 0 | Name: Marshall | fcl: P, fcode: PPLA2 | ADM1: Texas, ADM2: Harrison, ADM3: , ADM4:  | Score: 34.65, Population: 23820 | Fuzzy match: 69.56521739130434
2025-08-08 12:17:56,500 INFO Comparing database entry: marshall county with Marshall returned from geonames.
2025-08-08 12:17:56,500 INFO 📄 Index 1 | Name: Marshall | fcl: A, fcode: ADM2 | ADM1: Alabama, ADM2: Marshall, ADM3: , ADM4:  | Score: 33.87, Population: 98228 | Fuzzy match: 69.56521739130434
2025-08-08 12:17:56,501 INFO Comparing database entry: marshall county with Marshall returned from geonames.
2025-08-08 12:17:56,501 INFO 📄 Index 2 | Name: Marshall | fcl: A, fcode: ADM2 | ADM1: Oklahoma, ADM2: Marshall, ADM3: , ADM4:  | Score: 32.85, Population: 16931 | Fuzzy match: 69.56521739130434
2025-08-08 12:17:56,501 INFO Comparing database entry: marshall county with Marshall returned from geonames.
2025-08-08 12:17:56,501 INFO 📄 Index 3 | Name: Marshall | fcl: A, fcode: ADM2 | ADM1: Iowa, ADM2: Marshall, ADM3: , ADM4:  | Score: 32.85, Population: 40105 | Fuzzy match: 69.56521739130434
2025-08-08 12:17:56,663 INFO Comparing database entry: marshall county with Marshall returned from geonames.
2025-08-08 12:17:56,664 INFO 📄 Index 0 | Name: Marshall | fcl: P, fcode: PPLA2 | ADM1: Texas, ADM2: Harrison, ADM3: , ADM4:  | Score: 34.65, Population: 23820 | Fuzzy match: 69.56521739130434
2025-08-08 12:17:56,664 INFO Comparing database entry: marshall county with Marshall returned from geonames.
2025-08-08 12:17:56,664 INFO 📄 Index 1 | Name: Marshall | fcl: A, fcode: ADM2 | ADM1: Alabama, ADM2: Marshall, ADM3: , ADM4:  | Score: 33.87, Population: 98228 | Fuzzy match: 69.56521739130434
2025-08-08 12:17:56,664 INFO Comparing database entry: marshall county with Marshall returned from geonames.
2025-08-08 12:17:56,664 INFO 📄 Index 2 | Name: Marshall | fcl: A, fcode: ADM2 | ADM1: Oklahoma, ADM2: Marshall, ADM3: , ADM4:  | Score: 32.85, Population: 16931 | Fuzzy match: 69.56521739130434
2025-08-08 12:17:56,664 INFO Comparing database entry: marshall county with Marshall returned from geonames.
2025-08-08 12:17:56,664 INFO 📄 Index 3 | Name: Marshall | fcl: A, fcode: ADM2 | ADM1: Iowa, ADM2: Marshall, ADM3: , ADM4:  | Score: 32.85, Population: 40105 | Fuzzy match: 69.56521739130434
2025-08-08 12:17:56,839 INFO Comparing database entry: marshall county with Marshall returned from geonames.
2025-08-08 12:17:56,840 INFO 📄 Index 0 | Name: Marshall | fcl: P, fcode: PPLA2 | ADM1: Texas, ADM2: Harrison, ADM3: , ADM4:  | Score: 34.65, Population: 23820 | Fuzzy match: 69.56521739130434
2025-08-08 12:17:56,840 INFO Comparing database entry: marshall county with Marshall returned from geonames.
2025-08-08 12:17:56,840 INFO 📄 Index 1 | Name: Marshall | fcl: A, fcode: ADM2 | ADM1: Alabama, ADM2: Marshall, ADM3: , ADM4:  | Score: 33.87, Population: 98228 | Fuzzy match: 69.56521739130434
2025-08-08 12:17:56,840 INFO Comparing database entry: marshall county with Marshall returned from geonames.
2025-08-08 12:17:56,840 INFO 📄 Index 2 | Name: Marshall | fcl: A, fcode: ADM2 | ADM1: Oklahoma, ADM2: Marshall, ADM3: , ADM4:  | Score: 32.85, Population: 16931 | Fuzzy match: 69.56521739130434
2025-08-08 12:17:56,840 INFO Comparing database entry: marshall county with Marshall returned from geonames.
2025-08-08 12:17:56,840 INFO 📄 Index 3 | Name: Marshall | fcl: A, fcode: ADM2 | ADM1: Iowa, ADM2: Marshall, ADM3: , ADM4:  | Score: 32.85, Population: 40105 | Fuzzy match: 69.56521739130434
2025-08-08 12:17:56,840 WARNING ❌ No match found with fuzzy score > 80 for city: marshall county
2025-08-08 12:17:56,840 WARNING ❌ Lookup failed for city='marshall_county', iso2='US'
