2025-08-08 11:46:39,761 INFO 🗺️ Starting GeoNames lookup for city='marysville_ohio', country='us'
2025-08-08 11:46:39,761 INFO 📍 Location is present in the following articles: [ObjectId('67f52cfc981040986eab7b3f')]
2025-08-08 11:46:39,963 INFO Comparing database entry: marysville (ohio) with Marysville returned from geonames.
2025-08-08 11:46:39,963 INFO 📄 Index 0 | Name: Marysville | fcl: P, fcode: PPLA2 | ADM1: Ohio, ADM2: Union, ADM3: Paris Township, ADM4:  | Score: 24.72, Population: 22817 | Fuzzy match: 74.07407407407408
2025-08-08 11:46:39,963 INFO Comparing database entry: marysville (ohio) with City of Marysville returned from geonames.
2025-08-08 11:46:39,964 INFO 📄 Index 1 | Name: City of Marysville | fcl: A, fcode: ADMD | ADM1: Ohio, ADM2: Union, ADM3: , ADM4:  | Score: 13.43, Population: 22094 | Fuzzy match: 68.57142857142857
2025-08-08 11:46:39,964 INFO Comparing database entry: marysville (ohio) with Cassella returned from geonames.
2025-08-08 11:46:39,964 INFO 📄 Index 2 | Name: Cassella | fcl: P, fcode: PPL | ADM1: Ohio, ADM2: Mercer, ADM3: Marion Township, ADM4:  | Score: 9.64, Population: 0 | Fuzzy match: 31.999999999999996
2025-08-08 11:46:39,964 INFO Comparing database entry: marysville (ohio) with Taylorsville returned from geonames.
2025-08-08 11:46:39,964 INFO 📄 Index 3 | Name: Taylorsville | fcl: P, fcode: PPL | ADM1: Ohio, ADM2: Montgomery, ADM3: City of Huber Heights, ADM4:  | Score: 8.04, Population: 0 | Fuzzy match: 55.172413793103445
2025-08-08 11:46:40,139 INFO Comparing database entry: marysville (ohio) with Marysville returned from geonames.
2025-08-08 11:46:40,139 INFO 📄 Index 0 | Name: Marysville | fcl: P, fcode: PPLA2 | ADM1: Ohio, ADM2: Union, ADM3: Paris Township, ADM4:  | Score: 24.72, Population: 22817 | Fuzzy match: 74.07407407407408
2025-08-08 11:46:40,139 INFO Comparing database entry: marysville (ohio) with City of Marysville returned from geonames.
2025-08-08 11:46:40,139 INFO 📄 Index 1 | Name: City of Marysville | fcl: A, fcode: ADMD | ADM1: Ohio, ADM2: Union, ADM3: , ADM4:  | Score: 13.43, Population: 22094 | Fuzzy match: 68.57142857142857
2025-08-08 11:46:40,139 INFO Comparing database entry: marysville (ohio) with Cassella returned from geonames.
2025-08-08 11:46:40,139 INFO 📄 Index 2 | Name: Cassella | fcl: P, fcode: PPL | ADM1: Ohio, ADM2: Mercer, ADM3: Marion Township, ADM4:  | Score: 9.64, Population: 0 | Fuzzy match: 31.999999999999996
2025-08-08 11:46:40,140 INFO Comparing database entry: marysville (ohio) with Taylorsville returned from geonames.
2025-08-08 11:46:40,140 INFO 📄 Index 3 | Name: Taylorsville | fcl: P, fcode: PPL | ADM1: Ohio, ADM2: Montgomery, ADM3: City of Huber Heights, ADM4:  | Score: 8.04, Population: 0 | Fuzzy match: 55.172413793103445
2025-08-08 11:46:40,320 INFO Comparing database entry: marysville (ohio) with Marysville returned from geonames.
2025-08-08 11:46:40,320 INFO 📄 Index 0 | Name: Marysville | fcl: P, fcode: PPLA2 | ADM1: Ohio, ADM2: Union, ADM3: Paris Township, ADM4:  | Score: 24.72, Population: 22817 | Fuzzy match: 74.07407407407408
2025-08-08 11:46:40,320 INFO Comparing database entry: marysville (ohio) with City of Marysville returned from geonames.
2025-08-08 11:46:40,320 INFO 📄 Index 1 | Name: City of Marysville | fcl: A, fcode: ADMD | ADM1: Ohio, ADM2: Union, ADM3: , ADM4:  | Score: 13.43, Population: 22094 | Fuzzy match: 68.57142857142857
2025-08-08 11:46:40,320 INFO Comparing database entry: marysville (ohio) with Cassella returned from geonames.
2025-08-08 11:46:40,320 INFO 📄 Index 2 | Name: Cassella | fcl: P, fcode: PPL | ADM1: Ohio, ADM2: Mercer, ADM3: Marion Township, ADM4:  | Score: 9.64, Population: 0 | Fuzzy match: 31.999999999999996
2025-08-08 11:46:40,320 INFO Comparing database entry: marysville (ohio) with Taylorsville returned from geonames.
2025-08-08 11:46:40,320 INFO 📄 Index 3 | Name: Taylorsville | fcl: P, fcode: PPL | ADM1: Ohio, ADM2: Montgomery, ADM3: City of Huber Heights, ADM4:  | Score: 8.04, Population: 0 | Fuzzy match: 55.172413793103445
2025-08-08 11:46:40,500 INFO Comparing database entry: marysville (ohio) with Marysville returned from geonames.
2025-08-08 11:46:40,501 INFO 📄 Index 0 | Name: Marysville | fcl: P, fcode: PPLA2 | ADM1: Ohio, ADM2: Union, ADM3: Paris Township, ADM4:  | Score: 24.72, Population: 22817 | Fuzzy match: 74.07407407407408
2025-08-08 11:46:40,501 INFO Comparing database entry: marysville (ohio) with City of Marysville returned from geonames.
2025-08-08 11:46:40,501 INFO 📄 Index 1 | Name: City of Marysville | fcl: A, fcode: ADMD | ADM1: Ohio, ADM2: Union, ADM3: , ADM4:  | Score: 13.43, Population: 22094 | Fuzzy match: 68.57142857142857
2025-08-08 11:46:40,501 INFO Comparing database entry: marysville (ohio) with Cassella returned from geonames.
2025-08-08 11:46:40,501 INFO 📄 Index 2 | Name: Cassella | fcl: P, fcode: PPL | ADM1: Ohio, ADM2: Mercer, ADM3: Marion Township, ADM4:  | Score: 9.64, Population: 0 | Fuzzy match: 31.999999999999996
2025-08-08 11:46:40,501 INFO Comparing database entry: marysville (ohio) with Taylorsville returned from geonames.
2025-08-08 11:46:40,501 INFO 📄 Index 3 | Name: Taylorsville | fcl: P, fcode: PPL | ADM1: Ohio, ADM2: Montgomery, ADM3: City of Huber Heights, ADM4:  | Score: 8.04, Population: 0 | Fuzzy match: 55.172413793103445
2025-08-08 11:46:40,664 INFO Comparing database entry: marysville (ohio) with Marysville returned from geonames.
2025-08-08 11:46:40,664 INFO 📄 Index 0 | Name: Marysville | fcl: P, fcode: PPLA2 | ADM1: Ohio, ADM2: Union, ADM3: Paris Township, ADM4:  | Score: 24.72, Population: 22817 | Fuzzy match: 74.07407407407408
2025-08-08 11:46:40,664 INFO Comparing database entry: marysville (ohio) with City of Marysville returned from geonames.
2025-08-08 11:46:40,664 INFO 📄 Index 1 | Name: City of Marysville | fcl: A, fcode: ADMD | ADM1: Ohio, ADM2: Union, ADM3: , ADM4:  | Score: 13.43, Population: 22094 | Fuzzy match: 68.57142857142857
2025-08-08 11:46:40,664 INFO Comparing database entry: marysville (ohio) with Cassella returned from geonames.
2025-08-08 11:46:40,664 INFO 📄 Index 2 | Name: Cassella | fcl: P, fcode: PPL | ADM1: Ohio, ADM2: Mercer, ADM3: Marion Township, ADM4:  | Score: 9.64, Population: 0 | Fuzzy match: 31.999999999999996
2025-08-08 11:46:40,664 INFO Comparing database entry: marysville (ohio) with Taylorsville returned from geonames.
2025-08-08 11:46:40,664 INFO 📄 Index 3 | Name: Taylorsville | fcl: P, fcode: PPL | ADM1: Ohio, ADM2: Montgomery, ADM3: City of Huber Heights, ADM4:  | Score: 8.04, Population: 0 | Fuzzy match: 55.172413793103445
2025-08-08 11:46:40,836 INFO Comparing database entry: marysville (ohio) with Marysville returned from geonames.
2025-08-08 11:46:40,836 INFO 📄 Index 0 | Name: Marysville | fcl: P, fcode: PPLA2 | ADM1: Ohio, ADM2: Union, ADM3: Paris Township, ADM4:  | Score: 24.72, Population: 22817 | Fuzzy match: 74.07407407407408
2025-08-08 11:46:40,836 INFO Comparing database entry: marysville (ohio) with City of Marysville returned from geonames.
2025-08-08 11:46:40,836 INFO 📄 Index 1 | Name: City of Marysville | fcl: A, fcode: ADMD | ADM1: Ohio, ADM2: Union, ADM3: , ADM4:  | Score: 13.43, Population: 22094 | Fuzzy match: 68.57142857142857
2025-08-08 11:46:40,836 INFO Comparing database entry: marysville (ohio) with Cassella returned from geonames.
2025-08-08 11:46:40,836 INFO 📄 Index 2 | Name: Cassella | fcl: P, fcode: PPL | ADM1: Ohio, ADM2: Mercer, ADM3: Marion Township, ADM4:  | Score: 9.64, Population: 0 | Fuzzy match: 31.999999999999996
2025-08-08 11:46:40,836 INFO Comparing database entry: marysville (ohio) with Taylorsville returned from geonames.
2025-08-08 11:46:40,836 INFO 📄 Index 3 | Name: Taylorsville | fcl: P, fcode: PPL | ADM1: Ohio, ADM2: Montgomery, ADM3: City of Huber Heights, ADM4:  | Score: 8.04, Population: 0 | Fuzzy match: 55.172413793103445
2025-08-08 11:46:40,836 WARNING ❌ No match found with fuzzy score > 80 for city: marysville (ohio)
2025-08-08 11:46:40,836 WARNING ❌ Lookup failed for city='marysville_ohio', iso2='US'
