2025-08-08 11:55:28,815 INFO 🗺️ Starting GeoNames lookup for city='michigan_orion', country='usa'
2025-08-08 11:55:28,815 INFO 📍 Location is present in the following articles: [ObjectId('67f92167f431fddd61d55afa')]
2025-08-08 11:55:29,002 INFO Comparing database entry: michigan orion with Lake Orion returned from geonames.
2025-08-08 11:55:29,002 INFO 📄 Index 0 | Name: Lake Orion | fcl: P, fcode: PPL | ADM1: Michigan, ADM2: Oakland, ADM3: Charter Township of Orion, ADM4:  | Score: 30.06, Population: 3051 | Fuzzy match: 58.33333333333333
2025-08-08 11:55:29,002 INFO Comparing database entry: michigan orion with Charter Township of Orion returned from geonames.
2025-08-08 11:55:29,002 INFO 📄 Index 1 | Name: Charter Township of Orion | fcl: A, fcode: ADM3 | ADM1: Michigan, ADM2: Oakland, ADM3: Charter Township of Orion, ADM4:  | Score: 15.74, Population: 0 | Fuzzy match: 46.15384615384615
2025-08-08 11:55:29,002 INFO Comparing database entry: michigan orion with Village of Lake Orion returned from geonames.
2025-08-08 11:55:29,002 INFO 📄 Index 2 | Name: Village of Lake Orion | fcl: A, fcode: ADMD | ADM1: Michigan, ADM2: Oakland, ADM3: , ADM4:  | Score: 14.33, Population: 2973 | Fuzzy match: 40.0
2025-08-08 11:55:29,002 INFO Comparing database entry: michigan orion with Lake Orion Heights returned from geonames.
2025-08-08 11:55:29,002 INFO 📄 Index 3 | Name: Lake Orion Heights | fcl: P, fcode: PPL | ADM1: Michigan, ADM2: Oakland, ADM3: Charter Township of Orion, ADM4:  | Score: 10.39, Population: 0 | Fuzzy match: 62.5
2025-08-08 11:55:29,144 INFO Comparing database entry: michigan orion with Lake Orion returned from geonames.
2025-08-08 11:55:29,145 INFO 📄 Index 0 | Name: Lake Orion | fcl: P, fcode: PPL | ADM1: Michigan, ADM2: Oakland, ADM3: Charter Township of Orion, ADM4:  | Score: 30.06, Population: 3051 | Fuzzy match: 58.33333333333333
2025-08-08 11:55:29,145 INFO Comparing database entry: michigan orion with Charter Township of Orion returned from geonames.
2025-08-08 11:55:29,145 INFO 📄 Index 1 | Name: Charter Township of Orion | fcl: A, fcode: ADM3 | ADM1: Michigan, ADM2: Oakland, ADM3: Charter Township of Orion, ADM4:  | Score: 15.74, Population: 0 | Fuzzy match: 46.15384615384615
2025-08-08 11:55:29,145 INFO Comparing database entry: michigan orion with Village of Lake Orion returned from geonames.
2025-08-08 11:55:29,145 INFO 📄 Index 2 | Name: Village of Lake Orion | fcl: A, fcode: ADMD | ADM1: Michigan, ADM2: Oakland, ADM3: , ADM4:  | Score: 14.33, Population: 2973 | Fuzzy match: 40.0
2025-08-08 11:55:29,145 INFO Comparing database entry: michigan orion with Lake Orion Heights returned from geonames.
2025-08-08 11:55:29,145 INFO 📄 Index 3 | Name: Lake Orion Heights | fcl: P, fcode: PPL | ADM1: Michigan, ADM2: Oakland, ADM3: Charter Township of Orion, ADM4:  | Score: 10.39, Population: 0 | Fuzzy match: 62.5
2025-08-08 11:55:29,288 INFO Comparing database entry: michigan orion with Lake Orion returned from geonames.
2025-08-08 11:55:29,289 INFO 📄 Index 0 | Name: Lake Orion | fcl: P, fcode: PPL | ADM1: Michigan, ADM2: Oakland, ADM3: Charter Township of Orion, ADM4:  | Score: 30.06, Population: 3051 | Fuzzy match: 58.33333333333333
2025-08-08 11:55:29,289 INFO Comparing database entry: michigan orion with Charter Township of Orion returned from geonames.
2025-08-08 11:55:29,289 INFO 📄 Index 1 | Name: Charter Township of Orion | fcl: A, fcode: ADM3 | ADM1: Michigan, ADM2: Oakland, ADM3: Charter Township of Orion, ADM4:  | Score: 15.74, Population: 0 | Fuzzy match: 46.15384615384615
2025-08-08 11:55:29,289 INFO Comparing database entry: michigan orion with Village of Lake Orion returned from geonames.
2025-08-08 11:55:29,289 INFO 📄 Index 2 | Name: Village of Lake Orion | fcl: A, fcode: ADMD | ADM1: Michigan, ADM2: Oakland, ADM3: , ADM4:  | Score: 14.33, Population: 2973 | Fuzzy match: 40.0
2025-08-08 11:55:29,289 INFO Comparing database entry: michigan orion with Lake Orion Heights returned from geonames.
2025-08-08 11:55:29,289 INFO 📄 Index 3 | Name: Lake Orion Heights | fcl: P, fcode: PPL | ADM1: Michigan, ADM2: Oakland, ADM3: Charter Township of Orion, ADM4:  | Score: 10.39, Population: 0 | Fuzzy match: 62.5
2025-08-08 11:55:29,507 INFO Comparing database entry: michigan orion with Lake Orion returned from geonames.
2025-08-08 11:55:29,507 INFO 📄 Index 0 | Name: Lake Orion | fcl: P, fcode: PPL | ADM1: Michigan, ADM2: Oakland, ADM3: Charter Township of Orion, ADM4:  | Score: 30.06, Population: 3051 | Fuzzy match: 58.33333333333333
2025-08-08 11:55:29,507 INFO Comparing database entry: michigan orion with Charter Township of Orion returned from geonames.
2025-08-08 11:55:29,507 INFO 📄 Index 1 | Name: Charter Township of Orion | fcl: A, fcode: ADM3 | ADM1: Michigan, ADM2: Oakland, ADM3: Charter Township of Orion, ADM4:  | Score: 15.74, Population: 0 | Fuzzy match: 46.15384615384615
2025-08-08 11:55:29,507 INFO Comparing database entry: michigan orion with Village of Lake Orion returned from geonames.
2025-08-08 11:55:29,508 INFO 📄 Index 2 | Name: Village of Lake Orion | fcl: A, fcode: ADMD | ADM1: Michigan, ADM2: Oakland, ADM3: , ADM4:  | Score: 14.33, Population: 2973 | Fuzzy match: 40.0
2025-08-08 11:55:29,508 INFO Comparing database entry: michigan orion with Lake Orion Heights returned from geonames.
2025-08-08 11:55:29,508 INFO 📄 Index 3 | Name: Lake Orion Heights | fcl: P, fcode: PPL | ADM1: Michigan, ADM2: Oakland, ADM3: Charter Township of Orion, ADM4:  | Score: 10.39, Population: 0 | Fuzzy match: 62.5
2025-08-08 11:55:29,661 INFO Comparing database entry: michigan orion with Lake Orion returned from geonames.
2025-08-08 11:55:29,661 INFO 📄 Index 0 | Name: Lake Orion | fcl: P, fcode: PPL | ADM1: Michigan, ADM2: Oakland, ADM3: Charter Township of Orion, ADM4:  | Score: 30.06, Population: 3051 | Fuzzy match: 58.33333333333333
2025-08-08 11:55:29,662 INFO Comparing database entry: michigan orion with Charter Township of Orion returned from geonames.
2025-08-08 11:55:29,662 INFO 📄 Index 1 | Name: Charter Township of Orion | fcl: A, fcode: ADM3 | ADM1: Michigan, ADM2: Oakland, ADM3: Charter Township of Orion, ADM4:  | Score: 15.74, Population: 0 | Fuzzy match: 46.15384615384615
2025-08-08 11:55:29,662 INFO Comparing database entry: michigan orion with Village of Lake Orion returned from geonames.
2025-08-08 11:55:29,662 INFO 📄 Index 2 | Name: Village of Lake Orion | fcl: A, fcode: ADMD | ADM1: Michigan, ADM2: Oakland, ADM3: , ADM4:  | Score: 14.33, Population: 2973 | Fuzzy match: 40.0
2025-08-08 11:55:29,662 INFO Comparing database entry: michigan orion with Lake Orion Heights returned from geonames.
2025-08-08 11:55:29,662 INFO 📄 Index 3 | Name: Lake Orion Heights | fcl: P, fcode: PPL | ADM1: Michigan, ADM2: Oakland, ADM3: Charter Township of Orion, ADM4:  | Score: 10.39, Population: 0 | Fuzzy match: 62.5
2025-08-08 11:55:29,851 INFO Comparing database entry: michigan orion with Lake Orion returned from geonames.
2025-08-08 11:55:29,852 INFO 📄 Index 0 | Name: Lake Orion | fcl: P, fcode: PPL | ADM1: Michigan, ADM2: Oakland, ADM3: Charter Township of Orion, ADM4:  | Score: 30.06, Population: 3051 | Fuzzy match: 58.33333333333333
2025-08-08 11:55:29,852 INFO Comparing database entry: michigan orion with Charter Township of Orion returned from geonames.
2025-08-08 11:55:29,852 INFO 📄 Index 1 | Name: Charter Township of Orion | fcl: A, fcode: ADM3 | ADM1: Michigan, ADM2: Oakland, ADM3: Charter Township of Orion, ADM4:  | Score: 15.74, Population: 0 | Fuzzy match: 46.15384615384615
2025-08-08 11:55:29,852 INFO Comparing database entry: michigan orion with Village of Lake Orion returned from geonames.
2025-08-08 11:55:29,852 INFO 📄 Index 2 | Name: Village of Lake Orion | fcl: A, fcode: ADMD | ADM1: Michigan, ADM2: Oakland, ADM3: , ADM4:  | Score: 14.33, Population: 2973 | Fuzzy match: 40.0
2025-08-08 11:55:29,852 INFO Comparing database entry: michigan orion with Lake Orion Heights returned from geonames.
2025-08-08 11:55:29,852 INFO 📄 Index 3 | Name: Lake Orion Heights | fcl: P, fcode: PPL | ADM1: Michigan, ADM2: Oakland, ADM3: Charter Township of Orion, ADM4:  | Score: 10.39, Population: 0 | Fuzzy match: 62.5
2025-08-08 11:55:29,852 WARNING ❌ No match found with fuzzy score > 80 for city: michigan orion
2025-08-08 11:55:29,852 WARNING ❌ Lookup failed for city='michigan_orion', iso2='US'
