2025-08-08 11:46:41,119 INFO 🗺️ Starting GeoNames lookup for city='montgomery_alabama', country='united states'
2025-08-08 11:46:41,119 INFO 📍 Location is present in the following articles: [ObjectId('67f52d04981040986eab7b5f')]
2025-08-08 11:46:41,310 INFO Comparing database entry: montgomery alabama with Montgomery returned from geonames.
2025-08-08 11:46:41,310 INFO 📄 Index 0 | Name: Montgomery | fcl: P, fcode: PPLA | ADM1: Alabama, ADM2: Montgomery, ADM3: , ADM4:  | Score: 85.25, Population: 195287 | Fuzzy match: 71.42857142857143
2025-08-08 11:46:41,310 INFO Comparing database entry: montgomery alabama with Montgomery returned from geonames.
2025-08-08 11:46:41,310 INFO 📄 Index 1 | Name: Montgomery | fcl: A, fcode: ADM2 | ADM1: Alabama, ADM2: Montgomery, ADM3: , ADM4:  | Score: 34.08, Population: 227434 | Fuzzy match: 71.42857142857143
2025-08-08 11:46:41,310 INFO Comparing database entry: montgomery alabama with Prattville returned from geonames.
2025-08-08 11:46:41,310 INFO 📄 Index 2 | Name: Prattville | fcl: P, fcode: PPLA2 | ADM1: Alabama, ADM2: Autauga, ADM3: , ADM4:  | Score: 29.60, Population: 35420 | Fuzzy match: 21.42857142857143
2025-08-08 11:46:41,310 INFO Comparing database entry: montgomery alabama with Pike Road returned from geonames.
2025-08-08 11:46:41,310 INFO 📄 Index 3 | Name: Pike Road | fcl: P, fcode: PPL | ADM1: Alabama, ADM2: Montgomery, ADM3: , ADM4:  | Score: 26.66, Population: 8274 | Fuzzy match: 14.814814814814813
2025-08-08 11:46:41,482 INFO Comparing database entry: montgomery alabama with Montgomery returned from geonames.
2025-08-08 11:46:41,482 INFO 📄 Index 0 | Name: Montgomery | fcl: P, fcode: PPLA | ADM1: Alabama, ADM2: Montgomery, ADM3: , ADM4:  | Score: 85.25, Population: 195287 | Fuzzy match: 71.42857142857143
2025-08-08 11:46:41,482 INFO Comparing database entry: montgomery alabama with Montgomery returned from geonames.
2025-08-08 11:46:41,482 INFO 📄 Index 1 | Name: Montgomery | fcl: A, fcode: ADM2 | ADM1: Alabama, ADM2: Montgomery, ADM3: , ADM4:  | Score: 34.08, Population: 227434 | Fuzzy match: 71.42857142857143
2025-08-08 11:46:41,482 INFO Comparing database entry: montgomery alabama with Prattville returned from geonames.
2025-08-08 11:46:41,482 INFO 📄 Index 2 | Name: Prattville | fcl: P, fcode: PPLA2 | ADM1: Alabama, ADM2: Autauga, ADM3: , ADM4:  | Score: 29.60, Population: 35420 | Fuzzy match: 21.42857142857143
2025-08-08 11:46:41,482 INFO Comparing database entry: montgomery alabama with Pike Road returned from geonames.
2025-08-08 11:46:41,482 INFO 📄 Index 3 | Name: Pike Road | fcl: P, fcode: PPL | ADM1: Alabama, ADM2: Montgomery, ADM3: , ADM4:  | Score: 26.66, Population: 8274 | Fuzzy match: 14.814814814814813
2025-08-08 11:46:41,655 INFO Comparing database entry: montgomery alabama with Montgomery returned from geonames.
2025-08-08 11:46:41,655 INFO 📄 Index 0 | Name: Montgomery | fcl: P, fcode: PPLA | ADM1: Alabama, ADM2: Montgomery, ADM3: , ADM4:  | Score: 85.25, Population: 195287 | Fuzzy match: 71.42857142857143
2025-08-08 11:46:41,655 INFO Comparing database entry: montgomery alabama with Montgomery returned from geonames.
2025-08-08 11:46:41,655 INFO 📄 Index 1 | Name: Montgomery | fcl: A, fcode: ADM2 | ADM1: Alabama, ADM2: Montgomery, ADM3: , ADM4:  | Score: 34.08, Population: 227434 | Fuzzy match: 71.42857142857143
2025-08-08 11:46:41,656 INFO Comparing database entry: montgomery alabama with Prattville returned from geonames.
2025-08-08 11:46:41,656 INFO 📄 Index 2 | Name: Prattville | fcl: P, fcode: PPLA2 | ADM1: Alabama, ADM2: Autauga, ADM3: , ADM4:  | Score: 29.60, Population: 35420 | Fuzzy match: 21.42857142857143
2025-08-08 11:46:41,656 INFO Comparing database entry: montgomery alabama with Pike Road returned from geonames.
2025-08-08 11:46:41,656 INFO 📄 Index 3 | Name: Pike Road | fcl: P, fcode: PPL | ADM1: Alabama, ADM2: Montgomery, ADM3: , ADM4:  | Score: 26.66, Population: 8274 | Fuzzy match: 14.814814814814813
2025-08-08 11:46:41,815 INFO Comparing database entry: montgomery alabama with Montgomery returned from geonames.
2025-08-08 11:46:41,816 INFO 📄 Index 0 | Name: Montgomery | fcl: P, fcode: PPLA | ADM1: Alabama, ADM2: Montgomery, ADM3: , ADM4:  | Score: 85.25, Population: 195287 | Fuzzy match: 71.42857142857143
2025-08-08 11:46:41,816 INFO Comparing database entry: montgomery alabama with Montgomery returned from geonames.
2025-08-08 11:46:41,816 INFO 📄 Index 1 | Name: Montgomery | fcl: A, fcode: ADM2 | ADM1: Alabama, ADM2: Montgomery, ADM3: , ADM4:  | Score: 34.08, Population: 227434 | Fuzzy match: 71.42857142857143
2025-08-08 11:46:41,816 INFO Comparing database entry: montgomery alabama with Prattville returned from geonames.
2025-08-08 11:46:41,816 INFO 📄 Index 2 | Name: Prattville | fcl: P, fcode: PPLA2 | ADM1: Alabama, ADM2: Autauga, ADM3: , ADM4:  | Score: 29.60, Population: 35420 | Fuzzy match: 21.42857142857143
2025-08-08 11:46:41,816 INFO Comparing database entry: montgomery alabama with Pike Road returned from geonames.
2025-08-08 11:46:41,816 INFO 📄 Index 3 | Name: Pike Road | fcl: P, fcode: PPL | ADM1: Alabama, ADM2: Montgomery, ADM3: , ADM4:  | Score: 26.66, Population: 8274 | Fuzzy match: 14.814814814814813
2025-08-08 11:46:41,990 INFO Comparing database entry: montgomery alabama with Montgomery returned from geonames.
2025-08-08 11:46:41,991 INFO 📄 Index 0 | Name: Montgomery | fcl: P, fcode: PPLA | ADM1: Alabama, ADM2: Montgomery, ADM3: , ADM4:  | Score: 85.25, Population: 195287 | Fuzzy match: 71.42857142857143
2025-08-08 11:46:41,991 INFO Comparing database entry: montgomery alabama with Montgomery returned from geonames.
2025-08-08 11:46:41,991 INFO 📄 Index 1 | Name: Montgomery | fcl: A, fcode: ADM2 | ADM1: Alabama, ADM2: Montgomery, ADM3: , ADM4:  | Score: 34.08, Population: 227434 | Fuzzy match: 71.42857142857143
2025-08-08 11:46:41,991 INFO Comparing database entry: montgomery alabama with Prattville returned from geonames.
2025-08-08 11:46:41,991 INFO 📄 Index 2 | Name: Prattville | fcl: P, fcode: PPLA2 | ADM1: Alabama, ADM2: Autauga, ADM3: , ADM4:  | Score: 29.60, Population: 35420 | Fuzzy match: 21.42857142857143
2025-08-08 11:46:41,991 INFO Comparing database entry: montgomery alabama with Pike Road returned from geonames.
2025-08-08 11:46:41,991 INFO 📄 Index 3 | Name: Pike Road | fcl: P, fcode: PPL | ADM1: Alabama, ADM2: Montgomery, ADM3: , ADM4:  | Score: 26.66, Population: 8274 | Fuzzy match: 14.814814814814813
2025-08-08 11:46:42,163 INFO Comparing database entry: montgomery alabama with Montgomery returned from geonames.
2025-08-08 11:46:42,164 INFO 📄 Index 0 | Name: Montgomery | fcl: P, fcode: PPLA | ADM1: Alabama, ADM2: Montgomery, ADM3: , ADM4:  | Score: 85.25, Population: 195287 | Fuzzy match: 71.42857142857143
2025-08-08 11:46:42,164 INFO Comparing database entry: montgomery alabama with Montgomery returned from geonames.
2025-08-08 11:46:42,164 INFO 📄 Index 1 | Name: Montgomery | fcl: A, fcode: ADM2 | ADM1: Alabama, ADM2: Montgomery, ADM3: , ADM4:  | Score: 34.08, Population: 227434 | Fuzzy match: 71.42857142857143
2025-08-08 11:46:42,164 INFO Comparing database entry: montgomery alabama with Prattville returned from geonames.
2025-08-08 11:46:42,164 INFO 📄 Index 2 | Name: Prattville | fcl: P, fcode: PPLA2 | ADM1: Alabama, ADM2: Autauga, ADM3: , ADM4:  | Score: 29.60, Population: 35420 | Fuzzy match: 21.42857142857143
2025-08-08 11:46:42,164 INFO Comparing database entry: montgomery alabama with Pike Road returned from geonames.
2025-08-08 11:46:42,164 INFO 📄 Index 3 | Name: Pike Road | fcl: P, fcode: PPL | ADM1: Alabama, ADM2: Montgomery, ADM3: , ADM4:  | Score: 26.66, Population: 8274 | Fuzzy match: 14.814814814814813
2025-08-08 11:46:42,164 WARNING ❌ No match found with fuzzy score > 80 for city: montgomery alabama
2025-08-08 11:46:42,164 WARNING ❌ Lookup failed for city='montgomery_alabama', iso2='US'
