2025-08-08 12:17:56,842 INFO 🗺️ Starting GeoNames lookup for city='morrisville_north_carolina', country='united states'
2025-08-08 12:17:56,842 INFO 📍 Location is present in the following articles: [ObjectId('6840a216c202c40b602d3846')]
2025-08-08 12:17:57,024 INFO Comparing database entry: morrisville, north carolina with Morrisville returned from geonames.
2025-08-08 12:17:57,025 INFO 📄 Index 0 | Name: Morrisville | fcl: P, fcode: PPL | ADM1: North Carolina, ADM2: Wake, ADM3: Cedar Fork Township, ADM4:  | Score: 18.90, Population: 23820 | Fuzzy match: 57.89473684210527
2025-08-08 12:17:57,025 INFO Comparing database entry: morrisville, north carolina with Town of Morrisville returned from geonames.
2025-08-08 12:17:57,025 INFO 📄 Index 1 | Name: Town of Morrisville | fcl: A, fcode: ADMD | ADM1: North Carolina, ADM2: Wake, ADM3: , ADM4:  | Score: 12.35, Population: 18576 | Fuzzy match: 60.86956521739131
2025-08-08 12:17:57,025 INFO Comparing database entry: morrisville, north carolina with Morrisville returned from geonames.
2025-08-08 12:17:57,025 INFO 📄 Index 2 | Name: Morrisville | fcl: P, fcode: PPL | ADM1: South Carolina, ADM2: Williamsburg, ADM3: , ADM4:  | Score: 9.17, Population: 0 | Fuzzy match: 57.89473684210527
2025-08-08 12:17:57,025 INFO Comparing database entry: morrisville, north carolina with Old Morrisville returned from geonames.
2025-08-08 12:17:57,025 INFO 📄 Index 3 | Name: Old Morrisville | fcl: P, fcode: PPL | ADM1: South Carolina, ADM2: Williamsburg, ADM3: , ADM4:  | Score: 6.61, Population: 0 | Fuzzy match: 61.904761904761905
2025-08-08 12:17:57,161 INFO Comparing database entry: morrisville, north carolina with Morrisville returned from geonames.
2025-08-08 12:17:57,162 INFO 📄 Index 0 | Name: Morrisville | fcl: P, fcode: PPL | ADM1: North Carolina, ADM2: Wake, ADM3: Cedar Fork Township, ADM4:  | Score: 18.90, Population: 23820 | Fuzzy match: 57.89473684210527
2025-08-08 12:17:57,162 INFO Comparing database entry: morrisville, north carolina with Town of Morrisville returned from geonames.
2025-08-08 12:17:57,162 INFO 📄 Index 1 | Name: Town of Morrisville | fcl: A, fcode: ADMD | ADM1: North Carolina, ADM2: Wake, ADM3: , ADM4:  | Score: 12.35, Population: 18576 | Fuzzy match: 60.86956521739131
2025-08-08 12:17:57,162 INFO Comparing database entry: morrisville, north carolina with Morrisville returned from geonames.
2025-08-08 12:17:57,162 INFO 📄 Index 2 | Name: Morrisville | fcl: P, fcode: PPL | ADM1: South Carolina, ADM2: Williamsburg, ADM3: , ADM4:  | Score: 9.17, Population: 0 | Fuzzy match: 57.89473684210527
2025-08-08 12:17:57,162 INFO Comparing database entry: morrisville, north carolina with Old Morrisville returned from geonames.
2025-08-08 12:17:57,162 INFO 📄 Index 3 | Name: Old Morrisville | fcl: P, fcode: PPL | ADM1: South Carolina, ADM2: Williamsburg, ADM3: , ADM4:  | Score: 6.61, Population: 0 | Fuzzy match: 61.904761904761905
2025-08-08 12:17:57,329 INFO Comparing database entry: morrisville, north carolina with Morrisville returned from geonames.
2025-08-08 12:17:57,329 INFO 📄 Index 0 | Name: Morrisville | fcl: P, fcode: PPL | ADM1: North Carolina, ADM2: Wake, ADM3: Cedar Fork Township, ADM4:  | Score: 18.90, Population: 23820 | Fuzzy match: 57.89473684210527
2025-08-08 12:17:57,329 INFO Comparing database entry: morrisville, north carolina with Town of Morrisville returned from geonames.
2025-08-08 12:17:57,329 INFO 📄 Index 1 | Name: Town of Morrisville | fcl: A, fcode: ADMD | ADM1: North Carolina, ADM2: Wake, ADM3: , ADM4:  | Score: 12.35, Population: 18576 | Fuzzy match: 60.86956521739131
2025-08-08 12:17:57,329 INFO Comparing database entry: morrisville, north carolina with Morrisville returned from geonames.
2025-08-08 12:17:57,330 INFO 📄 Index 2 | Name: Morrisville | fcl: P, fcode: PPL | ADM1: South Carolina, ADM2: Williamsburg, ADM3: , ADM4:  | Score: 9.17, Population: 0 | Fuzzy match: 57.89473684210527
2025-08-08 12:17:57,330 INFO Comparing database entry: morrisville, north carolina with Old Morrisville returned from geonames.
2025-08-08 12:17:57,330 INFO 📄 Index 3 | Name: Old Morrisville | fcl: P, fcode: PPL | ADM1: South Carolina, ADM2: Williamsburg, ADM3: , ADM4:  | Score: 6.61, Population: 0 | Fuzzy match: 61.904761904761905
2025-08-08 12:17:57,488 INFO Comparing database entry: morrisville, north carolina with Morrisville returned from geonames.
2025-08-08 12:17:57,488 INFO 📄 Index 0 | Name: Morrisville | fcl: P, fcode: PPL | ADM1: North Carolina, ADM2: Wake, ADM3: Cedar Fork Township, ADM4:  | Score: 18.90, Population: 23820 | Fuzzy match: 57.89473684210527
2025-08-08 12:17:57,488 INFO Comparing database entry: morrisville, north carolina with Town of Morrisville returned from geonames.
2025-08-08 12:17:57,488 INFO 📄 Index 1 | Name: Town of Morrisville | fcl: A, fcode: ADMD | ADM1: North Carolina, ADM2: Wake, ADM3: , ADM4:  | Score: 12.35, Population: 18576 | Fuzzy match: 60.86956521739131
2025-08-08 12:17:57,488 INFO Comparing database entry: morrisville, north carolina with Morrisville returned from geonames.
2025-08-08 12:17:57,488 INFO 📄 Index 2 | Name: Morrisville | fcl: P, fcode: PPL | ADM1: South Carolina, ADM2: Williamsburg, ADM3: , ADM4:  | Score: 9.17, Population: 0 | Fuzzy match: 57.89473684210527
2025-08-08 12:17:57,488 INFO Comparing database entry: morrisville, north carolina with Old Morrisville returned from geonames.
2025-08-08 12:17:57,488 INFO 📄 Index 3 | Name: Old Morrisville | fcl: P, fcode: PPL | ADM1: South Carolina, ADM2: Williamsburg, ADM3: , ADM4:  | Score: 6.61, Population: 0 | Fuzzy match: 61.904761904761905
2025-08-08 12:17:57,647 INFO Comparing database entry: morrisville, north carolina with Morrisville returned from geonames.
2025-08-08 12:17:57,648 INFO 📄 Index 0 | Name: Morrisville | fcl: P, fcode: PPL | ADM1: North Carolina, ADM2: Wake, ADM3: Cedar Fork Township, ADM4:  | Score: 18.90, Population: 23820 | Fuzzy match: 57.89473684210527
2025-08-08 12:17:57,648 INFO Comparing database entry: morrisville, north carolina with Town of Morrisville returned from geonames.
2025-08-08 12:17:57,648 INFO 📄 Index 1 | Name: Town of Morrisville | fcl: A, fcode: ADMD | ADM1: North Carolina, ADM2: Wake, ADM3: , ADM4:  | Score: 12.35, Population: 18576 | Fuzzy match: 60.86956521739131
2025-08-08 12:17:57,648 INFO Comparing database entry: morrisville, north carolina with Morrisville returned from geonames.
2025-08-08 12:17:57,648 INFO 📄 Index 2 | Name: Morrisville | fcl: P, fcode: PPL | ADM1: South Carolina, ADM2: Williamsburg, ADM3: , ADM4:  | Score: 9.17, Population: 0 | Fuzzy match: 57.89473684210527
2025-08-08 12:17:57,648 INFO Comparing database entry: morrisville, north carolina with Old Morrisville returned from geonames.
2025-08-08 12:17:57,648 INFO 📄 Index 3 | Name: Old Morrisville | fcl: P, fcode: PPL | ADM1: South Carolina, ADM2: Williamsburg, ADM3: , ADM4:  | Score: 6.61, Population: 0 | Fuzzy match: 61.904761904761905
2025-08-08 12:17:57,816 INFO Comparing database entry: morrisville, north carolina with Morrisville returned from geonames.
2025-08-08 12:17:57,817 INFO 📄 Index 0 | Name: Morrisville | fcl: P, fcode: PPL | ADM1: North Carolina, ADM2: Wake, ADM3: Cedar Fork Township, ADM4:  | Score: 18.90, Population: 23820 | Fuzzy match: 57.89473684210527
2025-08-08 12:17:57,817 INFO Comparing database entry: morrisville, north carolina with Town of Morrisville returned from geonames.
2025-08-08 12:17:57,817 INFO 📄 Index 1 | Name: Town of Morrisville | fcl: A, fcode: ADMD | ADM1: North Carolina, ADM2: Wake, ADM3: , ADM4:  | Score: 12.35, Population: 18576 | Fuzzy match: 60.86956521739131
2025-08-08 12:17:57,817 INFO Comparing database entry: morrisville, north carolina with Morrisville returned from geonames.
2025-08-08 12:17:57,817 INFO 📄 Index 2 | Name: Morrisville | fcl: P, fcode: PPL | ADM1: South Carolina, ADM2: Williamsburg, ADM3: , ADM4:  | Score: 9.17, Population: 0 | Fuzzy match: 57.89473684210527
2025-08-08 12:17:57,817 INFO Comparing database entry: morrisville, north carolina with Old Morrisville returned from geonames.
2025-08-08 12:17:57,817 INFO 📄 Index 3 | Name: Old Morrisville | fcl: P, fcode: PPL | ADM1: South Carolina, ADM2: Williamsburg, ADM3: , ADM4:  | Score: 6.61, Population: 0 | Fuzzy match: 61.904761904761905
2025-08-08 12:17:57,817 WARNING ❌ No match found with fuzzy score > 80 for city: morrisville, north carolina
2025-08-08 12:17:57,817 WARNING ❌ Lookup failed for city='morrisville_north_carolina', iso2='US'
