2025-08-08 11:45:15,255 INFO 🗺️ Starting GeoNames lookup for city='normal_il', country='usa'
2025-08-08 11:45:15,255 INFO 📍 Location is present in the following articles: [ObjectId('67f52c89981040986eab7975')]
2025-08-08 11:45:15,418 INFO Comparing database entry: normal, il with Normal returned from geonames.
2025-08-08 11:45:15,418 INFO 📄 Index 0 | Name: Normal | fcl: P, fcode: PPL | ADM1: Illinois, ADM2: McLean, ADM3: Normal Township, ADM4:  | Score: 37.30, Population: 54373 | Fuzzy match: 75.0
2025-08-08 11:45:15,418 INFO Comparing database entry: normal, il with Normal Township returned from geonames.
2025-08-08 11:45:15,418 INFO 📄 Index 1 | Name: Normal Township | fcl: A, fcode: ADM3 | ADM1: Illinois, ADM2: McLean, ADM3: Normal Township, ADM4:  | Score: 13.73, Population: 0 | Fuzzy match: 48.0
2025-08-08 11:45:15,418 INFO Comparing database entry: normal, il with Town of Normal returned from geonames.
2025-08-08 11:45:15,418 INFO 📄 Index 2 | Name: Town of Normal | fcl: A, fcode: ADMD | ADM1: Illinois, ADM2: McLean, ADM3: , ADM4:  | Score: 13.28, Population: 52497 | Fuzzy match: 50.0
2025-08-08 11:45:15,418 INFO Comparing database entry: normal, il with Becks Park returned from geonames.
2025-08-08 11:45:15,418 INFO 📄 Index 3 | Name: Becks Park | fcl: P, fcode: PPLX | ADM1: Illinois, ADM2: Cook, ADM3: Chicago, ADM4:  | Score: 7.00, Population: 0 | Fuzzy match: 19.999999999999996
2025-08-08 11:45:15,571 INFO Comparing database entry: normal, il with Normal returned from geonames.
2025-08-08 11:45:15,571 INFO 📄 Index 0 | Name: Normal | fcl: P, fcode: PPL | ADM1: Illinois, ADM2: McLean, ADM3: Normal Township, ADM4:  | Score: 37.30, Population: 54373 | Fuzzy match: 75.0
2025-08-08 11:45:15,571 INFO Comparing database entry: normal, il with Normal Township returned from geonames.
2025-08-08 11:45:15,572 INFO 📄 Index 1 | Name: Normal Township | fcl: A, fcode: ADM3 | ADM1: Illinois, ADM2: McLean, ADM3: Normal Township, ADM4:  | Score: 13.73, Population: 0 | Fuzzy match: 48.0
2025-08-08 11:45:15,572 INFO Comparing database entry: normal, il with Town of Normal returned from geonames.
2025-08-08 11:45:15,572 INFO 📄 Index 2 | Name: Town of Normal | fcl: A, fcode: ADMD | ADM1: Illinois, ADM2: McLean, ADM3: , ADM4:  | Score: 13.28, Population: 52497 | Fuzzy match: 50.0
2025-08-08 11:45:15,572 INFO Comparing database entry: normal, il with Becks Park returned from geonames.
2025-08-08 11:45:15,572 INFO 📄 Index 3 | Name: Becks Park | fcl: P, fcode: PPLX | ADM1: Illinois, ADM2: Cook, ADM3: Chicago, ADM4:  | Score: 7.00, Population: 0 | Fuzzy match: 19.999999999999996
2025-08-08 11:45:15,747 INFO Comparing database entry: normal, il with Normal returned from geonames.
2025-08-08 11:45:15,747 INFO 📄 Index 0 | Name: Normal | fcl: P, fcode: PPL | ADM1: Illinois, ADM2: McLean, ADM3: Normal Township, ADM4:  | Score: 37.30, Population: 54373 | Fuzzy match: 75.0
2025-08-08 11:45:15,747 INFO Comparing database entry: normal, il with Normal Township returned from geonames.
2025-08-08 11:45:15,748 INFO 📄 Index 1 | Name: Normal Township | fcl: A, fcode: ADM3 | ADM1: Illinois, ADM2: McLean, ADM3: Normal Township, ADM4:  | Score: 13.73, Population: 0 | Fuzzy match: 48.0
2025-08-08 11:45:15,748 INFO Comparing database entry: normal, il with Town of Normal returned from geonames.
2025-08-08 11:45:15,748 INFO 📄 Index 2 | Name: Town of Normal | fcl: A, fcode: ADMD | ADM1: Illinois, ADM2: McLean, ADM3: , ADM4:  | Score: 13.28, Population: 52497 | Fuzzy match: 50.0
2025-08-08 11:45:15,748 INFO Comparing database entry: normal, il with Becks Park returned from geonames.
2025-08-08 11:45:15,748 INFO 📄 Index 3 | Name: Becks Park | fcl: P, fcode: PPLX | ADM1: Illinois, ADM2: Cook, ADM3: Chicago, ADM4:  | Score: 7.00, Population: 0 | Fuzzy match: 19.999999999999996
2025-08-08 11:45:15,924 INFO Comparing database entry: normal, il with Normal returned from geonames.
2025-08-08 11:45:15,924 INFO 📄 Index 0 | Name: Normal | fcl: P, fcode: PPL | ADM1: Illinois, ADM2: McLean, ADM3: Normal Township, ADM4:  | Score: 37.30, Population: 54373 | Fuzzy match: 75.0
2025-08-08 11:45:15,924 INFO Comparing database entry: normal, il with Normal Township returned from geonames.
2025-08-08 11:45:15,924 INFO 📄 Index 1 | Name: Normal Township | fcl: A, fcode: ADM3 | ADM1: Illinois, ADM2: McLean, ADM3: Normal Township, ADM4:  | Score: 13.73, Population: 0 | Fuzzy match: 48.0
2025-08-08 11:45:15,924 INFO Comparing database entry: normal, il with Town of Normal returned from geonames.
2025-08-08 11:45:15,924 INFO 📄 Index 2 | Name: Town of Normal | fcl: A, fcode: ADMD | ADM1: Illinois, ADM2: McLean, ADM3: , ADM4:  | Score: 13.28, Population: 52497 | Fuzzy match: 50.0
2025-08-08 11:45:15,924 INFO Comparing database entry: normal, il with Becks Park returned from geonames.
2025-08-08 11:45:15,924 INFO 📄 Index 3 | Name: Becks Park | fcl: P, fcode: PPLX | ADM1: Illinois, ADM2: Cook, ADM3: Chicago, ADM4:  | Score: 7.00, Population: 0 | Fuzzy match: 19.999999999999996
2025-08-08 11:45:16,079 INFO Comparing database entry: normal, il with Normal returned from geonames.
2025-08-08 11:45:16,080 INFO 📄 Index 0 | Name: Normal | fcl: P, fcode: PPL | ADM1: Illinois, ADM2: McLean, ADM3: Normal Township, ADM4:  | Score: 37.30, Population: 54373 | Fuzzy match: 75.0
2025-08-08 11:45:16,080 INFO Comparing database entry: normal, il with Normal Township returned from geonames.
2025-08-08 11:45:16,080 INFO 📄 Index 1 | Name: Normal Township | fcl: A, fcode: ADM3 | ADM1: Illinois, ADM2: McLean, ADM3: Normal Township, ADM4:  | Score: 13.73, Population: 0 | Fuzzy match: 48.0
2025-08-08 11:45:16,080 INFO Comparing database entry: normal, il with Town of Normal returned from geonames.
2025-08-08 11:45:16,080 INFO 📄 Index 2 | Name: Town of Normal | fcl: A, fcode: ADMD | ADM1: Illinois, ADM2: McLean, ADM3: , ADM4:  | Score: 13.28, Population: 52497 | Fuzzy match: 50.0
2025-08-08 11:45:16,080 INFO Comparing database entry: normal, il with Becks Park returned from geonames.
2025-08-08 11:45:16,080 INFO 📄 Index 3 | Name: Becks Park | fcl: P, fcode: PPLX | ADM1: Illinois, ADM2: Cook, ADM3: Chicago, ADM4:  | Score: 7.00, Population: 0 | Fuzzy match: 19.999999999999996
2025-08-08 11:45:16,224 INFO Comparing database entry: normal, il with Normal returned from geonames.
2025-08-08 11:45:16,224 INFO 📄 Index 0 | Name: Normal | fcl: P, fcode: PPL | ADM1: Illinois, ADM2: McLean, ADM3: Normal Township, ADM4:  | Score: 37.30, Population: 54373 | Fuzzy match: 75.0
2025-08-08 11:45:16,224 INFO Comparing database entry: normal, il with Normal Township returned from geonames.
2025-08-08 11:45:16,224 INFO 📄 Index 1 | Name: Normal Township | fcl: A, fcode: ADM3 | ADM1: Illinois, ADM2: McLean, ADM3: Normal Township, ADM4:  | Score: 13.73, Population: 0 | Fuzzy match: 48.0
2025-08-08 11:45:16,224 INFO Comparing database entry: normal, il with Town of Normal returned from geonames.
2025-08-08 11:45:16,224 INFO 📄 Index 2 | Name: Town of Normal | fcl: A, fcode: ADMD | ADM1: Illinois, ADM2: McLean, ADM3: , ADM4:  | Score: 13.28, Population: 52497 | Fuzzy match: 50.0
2025-08-08 11:45:16,224 INFO Comparing database entry: normal, il with Becks Park returned from geonames.
2025-08-08 11:45:16,224 INFO 📄 Index 3 | Name: Becks Park | fcl: P, fcode: PPLX | ADM1: Illinois, ADM2: Cook, ADM3: Chicago, ADM4:  | Score: 7.00, Population: 0 | Fuzzy match: 19.999999999999996
2025-08-08 11:45:16,224 WARNING ❌ No match found with fuzzy score > 80 for city: normal, il
2025-08-08 11:45:16,224 WARNING ❌ Lookup failed for city='normal_il', iso2='US'
