2025-08-08 11:44:13,699 INFO 🗺️ Starting GeoNames lookup for city='normal_illinois', country='united states'
2025-08-08 11:44:13,699 INFO 📍 Location is present in the following articles: [ObjectId('67f52c15981040986eab77a6')]
2025-08-08 11:44:13,876 INFO Comparing database entry: normal, illinois with Normal returned from geonames.
2025-08-08 11:44:13,876 INFO 📄 Index 0 | Name: Normal | fcl: P, fcode: PPL | ADM1: Illinois, ADM2: McLean, ADM3: Normal Township, ADM4:  | Score: 38.33, Population: 54373 | Fuzzy match: 54.54545454545454
2025-08-08 11:44:13,876 INFO Comparing database entry: normal, illinois with Normal Township returned from geonames.
2025-08-08 11:44:13,876 INFO 📄 Index 1 | Name: Normal Township | fcl: A, fcode: ADM3 | ADM1: Illinois, ADM2: McLean, ADM3: Normal Township, ADM4:  | Score: 14.05, Population: 0 | Fuzzy match: 38.70967741935484
2025-08-08 11:44:13,876 INFO Comparing database entry: normal, illinois with Town of Normal returned from geonames.
2025-08-08 11:44:13,876 INFO 📄 Index 2 | Name: Town of Normal | fcl: A, fcode: ADMD | ADM1: Illinois, ADM2: McLean, ADM3: , ADM4:  | Score: 13.75, Population: 52497 | Fuzzy match: 40.0
2025-08-08 11:44:13,876 INFO Comparing database entry: normal, illinois with Becks Park returned from geonames.
2025-08-08 11:44:13,876 INFO 📄 Index 3 | Name: Becks Park | fcl: P, fcode: PPLX | ADM1: Illinois, ADM2: Cook, ADM3: Chicago, ADM4:  | Score: 7.44, Population: 0 | Fuzzy match: 23.076923076923073
2025-08-08 11:44:14,052 INFO Comparing database entry: normal, illinois with Normal returned from geonames.
2025-08-08 11:44:14,052 INFO 📄 Index 0 | Name: Normal | fcl: P, fcode: PPL | ADM1: Illinois, ADM2: McLean, ADM3: Normal Township, ADM4:  | Score: 38.33, Population: 54373 | Fuzzy match: 54.54545454545454
2025-08-08 11:44:14,052 INFO Comparing database entry: normal, illinois with Normal Township returned from geonames.
2025-08-08 11:44:14,052 INFO 📄 Index 1 | Name: Normal Township | fcl: A, fcode: ADM3 | ADM1: Illinois, ADM2: McLean, ADM3: Normal Township, ADM4:  | Score: 14.05, Population: 0 | Fuzzy match: 38.70967741935484
2025-08-08 11:44:14,052 INFO Comparing database entry: normal, illinois with Town of Normal returned from geonames.
2025-08-08 11:44:14,052 INFO 📄 Index 2 | Name: Town of Normal | fcl: A, fcode: ADMD | ADM1: Illinois, ADM2: McLean, ADM3: , ADM4:  | Score: 13.75, Population: 52497 | Fuzzy match: 40.0
2025-08-08 11:44:14,052 INFO Comparing database entry: normal, illinois with Becks Park returned from geonames.
2025-08-08 11:44:14,052 INFO 📄 Index 3 | Name: Becks Park | fcl: P, fcode: PPLX | ADM1: Illinois, ADM2: Cook, ADM3: Chicago, ADM4:  | Score: 7.44, Population: 0 | Fuzzy match: 23.076923076923073
2025-08-08 11:44:14,209 INFO Comparing database entry: normal, illinois with Normal returned from geonames.
2025-08-08 11:44:14,210 INFO 📄 Index 0 | Name: Normal | fcl: P, fcode: PPL | ADM1: Illinois, ADM2: McLean, ADM3: Normal Township, ADM4:  | Score: 38.33, Population: 54373 | Fuzzy match: 54.54545454545454
2025-08-08 11:44:14,210 INFO Comparing database entry: normal, illinois with Normal Township returned from geonames.
2025-08-08 11:44:14,210 INFO 📄 Index 1 | Name: Normal Township | fcl: A, fcode: ADM3 | ADM1: Illinois, ADM2: McLean, ADM3: Normal Township, ADM4:  | Score: 14.05, Population: 0 | Fuzzy match: 38.70967741935484
2025-08-08 11:44:14,210 INFO Comparing database entry: normal, illinois with Town of Normal returned from geonames.
2025-08-08 11:44:14,210 INFO 📄 Index 2 | Name: Town of Normal | fcl: A, fcode: ADMD | ADM1: Illinois, ADM2: McLean, ADM3: , ADM4:  | Score: 13.75, Population: 52497 | Fuzzy match: 40.0
2025-08-08 11:44:14,210 INFO Comparing database entry: normal, illinois with Becks Park returned from geonames.
2025-08-08 11:44:14,210 INFO 📄 Index 3 | Name: Becks Park | fcl: P, fcode: PPLX | ADM1: Illinois, ADM2: Cook, ADM3: Chicago, ADM4:  | Score: 7.44, Population: 0 | Fuzzy match: 23.076923076923073
2025-08-08 11:44:14,413 INFO Comparing database entry: normal, illinois with Normal returned from geonames.
2025-08-08 11:44:14,413 INFO 📄 Index 0 | Name: Normal | fcl: P, fcode: PPL | ADM1: Illinois, ADM2: McLean, ADM3: Normal Township, ADM4:  | Score: 38.33, Population: 54373 | Fuzzy match: 54.54545454545454
2025-08-08 11:44:14,413 INFO Comparing database entry: normal, illinois with Normal Township returned from geonames.
2025-08-08 11:44:14,413 INFO 📄 Index 1 | Name: Normal Township | fcl: A, fcode: ADM3 | ADM1: Illinois, ADM2: McLean, ADM3: Normal Township, ADM4:  | Score: 14.05, Population: 0 | Fuzzy match: 38.70967741935484
2025-08-08 11:44:14,413 INFO Comparing database entry: normal, illinois with Town of Normal returned from geonames.
2025-08-08 11:44:14,413 INFO 📄 Index 2 | Name: Town of Normal | fcl: A, fcode: ADMD | ADM1: Illinois, ADM2: McLean, ADM3: , ADM4:  | Score: 13.75, Population: 52497 | Fuzzy match: 40.0
2025-08-08 11:44:14,413 INFO Comparing database entry: normal, illinois with Becks Park returned from geonames.
2025-08-08 11:44:14,413 INFO 📄 Index 3 | Name: Becks Park | fcl: P, fcode: PPLX | ADM1: Illinois, ADM2: Cook, ADM3: Chicago, ADM4:  | Score: 7.44, Population: 0 | Fuzzy match: 23.076923076923073
2025-08-08 11:44:14,587 INFO Comparing database entry: normal, illinois with Normal returned from geonames.
2025-08-08 11:44:14,587 INFO 📄 Index 0 | Name: Normal | fcl: P, fcode: PPL | ADM1: Illinois, ADM2: McLean, ADM3: Normal Township, ADM4:  | Score: 38.33, Population: 54373 | Fuzzy match: 54.54545454545454
2025-08-08 11:44:14,587 INFO Comparing database entry: normal, illinois with Normal Township returned from geonames.
2025-08-08 11:44:14,587 INFO 📄 Index 1 | Name: Normal Township | fcl: A, fcode: ADM3 | ADM1: Illinois, ADM2: McLean, ADM3: Normal Township, ADM4:  | Score: 14.05, Population: 0 | Fuzzy match: 38.70967741935484
2025-08-08 11:44:14,587 INFO Comparing database entry: normal, illinois with Town of Normal returned from geonames.
2025-08-08 11:44:14,588 INFO 📄 Index 2 | Name: Town of Normal | fcl: A, fcode: ADMD | ADM1: Illinois, ADM2: McLean, ADM3: , ADM4:  | Score: 13.75, Population: 52497 | Fuzzy match: 40.0
2025-08-08 11:44:14,588 INFO Comparing database entry: normal, illinois with Becks Park returned from geonames.
2025-08-08 11:44:14,588 INFO 📄 Index 3 | Name: Becks Park | fcl: P, fcode: PPLX | ADM1: Illinois, ADM2: Cook, ADM3: Chicago, ADM4:  | Score: 7.44, Population: 0 | Fuzzy match: 23.076923076923073
2025-08-08 11:44:14,741 INFO Comparing database entry: normal, illinois with Normal returned from geonames.
2025-08-08 11:44:14,742 INFO 📄 Index 0 | Name: Normal | fcl: P, fcode: PPL | ADM1: Illinois, ADM2: McLean, ADM3: Normal Township, ADM4:  | Score: 38.33, Population: 54373 | Fuzzy match: 54.54545454545454
2025-08-08 11:44:14,742 INFO Comparing database entry: normal, illinois with Normal Township returned from geonames.
2025-08-08 11:44:14,742 INFO 📄 Index 1 | Name: Normal Township | fcl: A, fcode: ADM3 | ADM1: Illinois, ADM2: McLean, ADM3: Normal Township, ADM4:  | Score: 14.05, Population: 0 | Fuzzy match: 38.70967741935484
2025-08-08 11:44:14,742 INFO Comparing database entry: normal, illinois with Town of Normal returned from geonames.
2025-08-08 11:44:14,742 INFO 📄 Index 2 | Name: Town of Normal | fcl: A, fcode: ADMD | ADM1: Illinois, ADM2: McLean, ADM3: , ADM4:  | Score: 13.75, Population: 52497 | Fuzzy match: 40.0
2025-08-08 11:44:14,742 INFO Comparing database entry: normal, illinois with Becks Park returned from geonames.
2025-08-08 11:44:14,742 INFO 📄 Index 3 | Name: Becks Park | fcl: P, fcode: PPLX | ADM1: Illinois, ADM2: Cook, ADM3: Chicago, ADM4:  | Score: 7.44, Population: 0 | Fuzzy match: 23.076923076923073
2025-08-08 11:44:14,742 WARNING ❌ No match found with fuzzy score > 80 for city: normal, illinois
2025-08-08 11:44:14,742 WARNING ❌ Lookup failed for city='normal_illinois', iso2='US'
