2025-08-08 12:00:53,940 INFO 🗺️ Starting GeoNames lookup for city='northern_nevada', country='united states'
2025-08-08 12:00:53,940 INFO 📍 Location is present in the following articles: [ObjectId('67f921e5f431fddd61d55c9e')]
2025-08-08 12:00:54,137 INFO Comparing database entry: northern nevada with Nevada returned from geonames.
2025-08-08 12:00:54,138 INFO 📄 Index 0 | Name: Nevada | fcl: A, fcode: ADM1 | ADM1: Nevada, ADM2: , ADM3: , ADM4:  | Score: 53.76, Population: 3267467 | Fuzzy match: 57.14285714285714
2025-08-08 12:00:54,138 INFO Comparing database entry: northern nevada with Henderson returned from geonames.
2025-08-08 12:00:54,138 INFO 📄 Index 1 | Name: Henderson | fcl: P, fcode: PPL | ADM1: Nevada, ADM2: Clark, ADM3: , ADM4:  | Score: 49.75, Population: 285667 | Fuzzy match: 41.666666666666664
2025-08-08 12:00:54,138 INFO Comparing database entry: northern nevada with Carson City returned from geonames.
2025-08-08 12:00:54,138 INFO 📄 Index 2 | Name: Carson City | fcl: P, fcode: PPLA | ADM1: Nevada, ADM2: Carson City, ADM3: , ADM4:  | Score: 49.75, Population: 58639 | Fuzzy match: 23.076923076923073
2025-08-08 12:00:54,138 INFO Comparing database entry: northern nevada with Las Vegas returned from geonames.
2025-08-08 12:00:54,138 INFO 📄 Index 3 | Name: Las Vegas | fcl: P, fcode: PPLA2 | ADM1: Nevada, ADM2: Clark, ADM3: , ADM4:  | Score: 48.21, Population: 623747 | Fuzzy match: 25.0
2025-08-08 12:00:54,369 INFO Comparing database entry: northern nevada with Nevada returned from geonames.
2025-08-08 12:00:54,369 INFO 📄 Index 0 | Name: Nevada | fcl: A, fcode: ADM1 | ADM1: Nevada, ADM2: , ADM3: , ADM4:  | Score: 53.76, Population: 3267467 | Fuzzy match: 57.14285714285714
2025-08-08 12:00:54,369 INFO Comparing database entry: northern nevada with Henderson returned from geonames.
2025-08-08 12:00:54,369 INFO 📄 Index 1 | Name: Henderson | fcl: P, fcode: PPL | ADM1: Nevada, ADM2: Clark, ADM3: , ADM4:  | Score: 49.75, Population: 285667 | Fuzzy match: 41.666666666666664
2025-08-08 12:00:54,369 INFO Comparing database entry: northern nevada with Carson City returned from geonames.
2025-08-08 12:00:54,369 INFO 📄 Index 2 | Name: Carson City | fcl: P, fcode: PPLA | ADM1: Nevada, ADM2: Carson City, ADM3: , ADM4:  | Score: 49.75, Population: 58639 | Fuzzy match: 23.076923076923073
2025-08-08 12:00:54,369 INFO Comparing database entry: northern nevada with Las Vegas returned from geonames.
2025-08-08 12:00:54,369 INFO 📄 Index 3 | Name: Las Vegas | fcl: P, fcode: PPLA2 | ADM1: Nevada, ADM2: Clark, ADM3: , ADM4:  | Score: 48.21, Population: 623747 | Fuzzy match: 25.0
2025-08-08 12:00:54,587 INFO Comparing database entry: northern nevada with Nevada returned from geonames.
2025-08-08 12:00:54,587 INFO 📄 Index 0 | Name: Nevada | fcl: A, fcode: ADM1 | ADM1: Nevada, ADM2: , ADM3: , ADM4:  | Score: 53.76, Population: 3267467 | Fuzzy match: 57.14285714285714
2025-08-08 12:00:54,587 INFO Comparing database entry: northern nevada with Henderson returned from geonames.
2025-08-08 12:00:54,587 INFO 📄 Index 1 | Name: Henderson | fcl: P, fcode: PPL | ADM1: Nevada, ADM2: Clark, ADM3: , ADM4:  | Score: 49.75, Population: 285667 | Fuzzy match: 41.666666666666664
2025-08-08 12:00:54,587 INFO Comparing database entry: northern nevada with Carson City returned from geonames.
2025-08-08 12:00:54,587 INFO 📄 Index 2 | Name: Carson City | fcl: P, fcode: PPLA | ADM1: Nevada, ADM2: Carson City, ADM3: , ADM4:  | Score: 49.75, Population: 58639 | Fuzzy match: 23.076923076923073
2025-08-08 12:00:54,587 INFO Comparing database entry: northern nevada with Las Vegas returned from geonames.
2025-08-08 12:00:54,587 INFO 📄 Index 3 | Name: Las Vegas | fcl: P, fcode: PPLA2 | ADM1: Nevada, ADM2: Clark, ADM3: , ADM4:  | Score: 48.21, Population: 623747 | Fuzzy match: 25.0
2025-08-08 12:00:54,797 INFO Comparing database entry: northern nevada with Nevada returned from geonames.
2025-08-08 12:00:54,797 INFO 📄 Index 0 | Name: Nevada | fcl: A, fcode: ADM1 | ADM1: Nevada, ADM2: , ADM3: , ADM4:  | Score: 53.76, Population: 3267467 | Fuzzy match: 57.14285714285714
2025-08-08 12:00:54,797 INFO Comparing database entry: northern nevada with Henderson returned from geonames.
2025-08-08 12:00:54,797 INFO 📄 Index 1 | Name: Henderson | fcl: P, fcode: PPL | ADM1: Nevada, ADM2: Clark, ADM3: , ADM4:  | Score: 49.75, Population: 285667 | Fuzzy match: 41.666666666666664
2025-08-08 12:00:54,797 INFO Comparing database entry: northern nevada with Carson City returned from geonames.
2025-08-08 12:00:54,797 INFO 📄 Index 2 | Name: Carson City | fcl: P, fcode: PPLA | ADM1: Nevada, ADM2: Carson City, ADM3: , ADM4:  | Score: 49.75, Population: 58639 | Fuzzy match: 23.076923076923073
2025-08-08 12:00:54,797 INFO Comparing database entry: northern nevada with Las Vegas returned from geonames.
2025-08-08 12:00:54,797 INFO 📄 Index 3 | Name: Las Vegas | fcl: P, fcode: PPLA2 | ADM1: Nevada, ADM2: Clark, ADM3: , ADM4:  | Score: 48.21, Population: 623747 | Fuzzy match: 25.0
2025-08-08 12:00:54,988 INFO Comparing database entry: northern nevada with Nevada returned from geonames.
2025-08-08 12:00:54,988 INFO 📄 Index 0 | Name: Nevada | fcl: A, fcode: ADM1 | ADM1: Nevada, ADM2: , ADM3: , ADM4:  | Score: 53.76, Population: 3267467 | Fuzzy match: 57.14285714285714
2025-08-08 12:00:54,988 INFO Comparing database entry: northern nevada with Henderson returned from geonames.
2025-08-08 12:00:54,988 INFO 📄 Index 1 | Name: Henderson | fcl: P, fcode: PPL | ADM1: Nevada, ADM2: Clark, ADM3: , ADM4:  | Score: 49.75, Population: 285667 | Fuzzy match: 41.666666666666664
2025-08-08 12:00:54,988 INFO Comparing database entry: northern nevada with Carson City returned from geonames.
2025-08-08 12:00:54,988 INFO 📄 Index 2 | Name: Carson City | fcl: P, fcode: PPLA | ADM1: Nevada, ADM2: Carson City, ADM3: , ADM4:  | Score: 49.75, Population: 58639 | Fuzzy match: 23.076923076923073
2025-08-08 12:00:54,988 INFO Comparing database entry: northern nevada with Las Vegas returned from geonames.
2025-08-08 12:00:54,988 INFO 📄 Index 3 | Name: Las Vegas | fcl: P, fcode: PPLA2 | ADM1: Nevada, ADM2: Clark, ADM3: , ADM4:  | Score: 48.21, Population: 623747 | Fuzzy match: 25.0
2025-08-08 12:00:55,186 INFO Comparing database entry: northern nevada with Nevada returned from geonames.
2025-08-08 12:00:55,186 INFO 📄 Index 0 | Name: Nevada | fcl: A, fcode: ADM1 | ADM1: Nevada, ADM2: , ADM3: , ADM4:  | Score: 53.76, Population: 3267467 | Fuzzy match: 57.14285714285714
2025-08-08 12:00:55,187 INFO Comparing database entry: northern nevada with Henderson returned from geonames.
2025-08-08 12:00:55,187 INFO 📄 Index 1 | Name: Henderson | fcl: P, fcode: PPL | ADM1: Nevada, ADM2: Clark, ADM3: , ADM4:  | Score: 49.75, Population: 285667 | Fuzzy match: 41.666666666666664
2025-08-08 12:00:55,187 INFO Comparing database entry: northern nevada with Carson City returned from geonames.
2025-08-08 12:00:55,187 INFO 📄 Index 2 | Name: Carson City | fcl: P, fcode: PPLA | ADM1: Nevada, ADM2: Carson City, ADM3: , ADM4:  | Score: 49.75, Population: 58639 | Fuzzy match: 23.076923076923073
2025-08-08 12:00:55,187 INFO Comparing database entry: northern nevada with Las Vegas returned from geonames.
2025-08-08 12:00:55,187 INFO 📄 Index 3 | Name: Las Vegas | fcl: P, fcode: PPLA2 | ADM1: Nevada, ADM2: Clark, ADM3: , ADM4:  | Score: 48.21, Population: 623747 | Fuzzy match: 25.0
2025-08-08 12:00:55,187 WARNING ❌ No match found with fuzzy score > 80 for city: northern nevada
2025-08-08 12:00:55,187 WARNING ❌ Lookup failed for city='northern_nevada', iso2='US'
