2025-08-07 18:24:59,651 INFO 🗺️ Starting GeoNames lookup for city='northern_oregon', country='united states'
2025-08-07 18:24:59,651 INFO 📍 Location is present in the following articles: [ObjectId('67fa7c97eaa4fb525afeb82e'), ObjectId('67fa7cbaeaa4fb525afeb8bf'), ObjectId('67fbeed194b7f855cfea668f')]
2025-08-07 18:24:59,881 INFO Comparing database entry: northern oregon with Salem returned from geonames.
2025-08-07 18:24:59,882 INFO 📄 Index 0 | Name: Salem | fcl: P, fcode: PPLA | ADM1: Oregon, ADM2: Marion, ADM3: , ADM4:  | Score: 48.61, Population: 175535 | Fuzzy match: 9.999999999999998
2025-08-07 18:24:59,882 INFO Comparing database entry: northern oregon with Oregon returned from geonames.
2025-08-07 18:24:59,882 INFO 📄 Index 1 | Name: Oregon | fcl: A, fcode: ADM1 | ADM1: Oregon, ADM2: , ADM3: , ADM4:  | Score: 48.52, Population: 4272371 | Fuzzy match: 57.14285714285714
2025-08-07 18:24:59,882 INFO Comparing database entry: northern oregon with Portland returned from geonames.
2025-08-07 18:24:59,882 INFO 📄 Index 2 | Name: Portland | fcl: P, fcode: PPLA2 | ADM1: Oregon, ADM2: Multnomah, ADM3: , ADM4:  | Score: 44.25, Population: 652503 | Fuzzy match: 34.78260869565217
2025-08-07 18:24:59,882 INFO Comparing database entry: northern oregon with Beaverton returned from geonames.
2025-08-07 18:24:59,882 INFO 📄 Index 3 | Name: Beaverton | fcl: P, fcode: PPL | ADM1: Oregon, ADM2: Washington, ADM3: , ADM4:  | Score: 39.12, Population: 96577 | Fuzzy match: 33.333333333333336
2025-08-07 18:25:00,114 INFO Comparing database entry: northern oregon with Salem returned from geonames.
2025-08-07 18:25:00,114 INFO 📄 Index 0 | Name: Salem | fcl: P, fcode: PPLA | ADM1: Oregon, ADM2: Marion, ADM3: , ADM4:  | Score: 48.61, Population: 175535 | Fuzzy match: 9.999999999999998
2025-08-07 18:25:00,115 INFO Comparing database entry: northern oregon with Oregon returned from geonames.
2025-08-07 18:25:00,115 INFO 📄 Index 1 | Name: Oregon | fcl: A, fcode: ADM1 | ADM1: Oregon, ADM2: , ADM3: , ADM4:  | Score: 48.52, Population: 4272371 | Fuzzy match: 57.14285714285714
2025-08-07 18:25:00,115 INFO Comparing database entry: northern oregon with Portland returned from geonames.
2025-08-07 18:25:00,115 INFO 📄 Index 2 | Name: Portland | fcl: P, fcode: PPLA2 | ADM1: Oregon, ADM2: Multnomah, ADM3: , ADM4:  | Score: 44.25, Population: 652503 | Fuzzy match: 34.78260869565217
2025-08-07 18:25:00,115 INFO Comparing database entry: northern oregon with Beaverton returned from geonames.
2025-08-07 18:25:00,115 INFO 📄 Index 3 | Name: Beaverton | fcl: P, fcode: PPL | ADM1: Oregon, ADM2: Washington, ADM3: , ADM4:  | Score: 39.12, Population: 96577 | Fuzzy match: 33.333333333333336
2025-08-07 18:25:00,368 INFO Comparing database entry: northern oregon with Salem returned from geonames.
2025-08-07 18:25:00,368 INFO 📄 Index 0 | Name: Salem | fcl: P, fcode: PPLA | ADM1: Oregon, ADM2: Marion, ADM3: , ADM4:  | Score: 48.61, Population: 175535 | Fuzzy match: 9.999999999999998
2025-08-07 18:25:00,368 INFO Comparing database entry: northern oregon with Oregon returned from geonames.
2025-08-07 18:25:00,368 INFO 📄 Index 1 | Name: Oregon | fcl: A, fcode: ADM1 | ADM1: Oregon, ADM2: , ADM3: , ADM4:  | Score: 48.52, Population: 4272371 | Fuzzy match: 57.14285714285714
2025-08-07 18:25:00,368 INFO Comparing database entry: northern oregon with Portland returned from geonames.
2025-08-07 18:25:00,369 INFO 📄 Index 2 | Name: Portland | fcl: P, fcode: PPLA2 | ADM1: Oregon, ADM2: Multnomah, ADM3: , ADM4:  | Score: 44.25, Population: 652503 | Fuzzy match: 34.78260869565217
2025-08-07 18:25:00,369 INFO Comparing database entry: northern oregon with Beaverton returned from geonames.
2025-08-07 18:25:00,369 INFO 📄 Index 3 | Name: Beaverton | fcl: P, fcode: PPL | ADM1: Oregon, ADM2: Washington, ADM3: , ADM4:  | Score: 39.12, Population: 96577 | Fuzzy match: 33.333333333333336
2025-08-07 18:25:00,631 INFO Comparing database entry: northern oregon with Salem returned from geonames.
2025-08-07 18:25:00,631 INFO 📄 Index 0 | Name: Salem | fcl: P, fcode: PPLA | ADM1: Oregon, ADM2: Marion, ADM3: , ADM4:  | Score: 48.61, Population: 175535 | Fuzzy match: 9.999999999999998
2025-08-07 18:25:00,631 INFO Comparing database entry: northern oregon with Oregon returned from geonames.
2025-08-07 18:25:00,631 INFO 📄 Index 1 | Name: Oregon | fcl: A, fcode: ADM1 | ADM1: Oregon, ADM2: , ADM3: , ADM4:  | Score: 48.52, Population: 4272371 | Fuzzy match: 57.14285714285714
2025-08-07 18:25:00,631 INFO Comparing database entry: northern oregon with Portland returned from geonames.
2025-08-07 18:25:00,631 INFO 📄 Index 2 | Name: Portland | fcl: P, fcode: PPLA2 | ADM1: Oregon, ADM2: Multnomah, ADM3: , ADM4:  | Score: 44.25, Population: 652503 | Fuzzy match: 34.78260869565217
2025-08-07 18:25:00,631 INFO Comparing database entry: northern oregon with Beaverton returned from geonames.
2025-08-07 18:25:00,631 INFO 📄 Index 3 | Name: Beaverton | fcl: P, fcode: PPL | ADM1: Oregon, ADM2: Washington, ADM3: , ADM4:  | Score: 39.12, Population: 96577 | Fuzzy match: 33.333333333333336
2025-08-07 18:25:00,825 INFO Comparing database entry: northern oregon with Salem returned from geonames.
2025-08-07 18:25:00,825 INFO 📄 Index 0 | Name: Salem | fcl: P, fcode: PPLA | ADM1: Oregon, ADM2: Marion, ADM3: , ADM4:  | Score: 48.61, Population: 175535 | Fuzzy match: 9.999999999999998
2025-08-07 18:25:00,825 INFO Comparing database entry: northern oregon with Oregon returned from geonames.
2025-08-07 18:25:00,826 INFO 📄 Index 1 | Name: Oregon | fcl: A, fcode: ADM1 | ADM1: Oregon, ADM2: , ADM3: , ADM4:  | Score: 48.52, Population: 4272371 | Fuzzy match: 57.14285714285714
2025-08-07 18:25:00,826 INFO Comparing database entry: northern oregon with Portland returned from geonames.
2025-08-07 18:25:00,826 INFO 📄 Index 2 | Name: Portland | fcl: P, fcode: PPLA2 | ADM1: Oregon, ADM2: Multnomah, ADM3: , ADM4:  | Score: 44.25, Population: 652503 | Fuzzy match: 34.78260869565217
2025-08-07 18:25:00,826 INFO Comparing database entry: northern oregon with Beaverton returned from geonames.
2025-08-07 18:25:00,826 INFO 📄 Index 3 | Name: Beaverton | fcl: P, fcode: PPL | ADM1: Oregon, ADM2: Washington, ADM3: , ADM4:  | Score: 39.12, Population: 96577 | Fuzzy match: 33.333333333333336
2025-08-07 18:25:01,009 INFO Comparing database entry: northern oregon with Salem returned from geonames.
2025-08-07 18:25:01,009 INFO 📄 Index 0 | Name: Salem | fcl: P, fcode: PPLA | ADM1: Oregon, ADM2: Marion, ADM3: , ADM4:  | Score: 48.61, Population: 175535 | Fuzzy match: 9.999999999999998
2025-08-07 18:25:01,009 INFO Comparing database entry: northern oregon with Oregon returned from geonames.
2025-08-07 18:25:01,009 INFO 📄 Index 1 | Name: Oregon | fcl: A, fcode: ADM1 | ADM1: Oregon, ADM2: , ADM3: , ADM4:  | Score: 48.52, Population: 4272371 | Fuzzy match: 57.14285714285714
2025-08-07 18:25:01,009 INFO Comparing database entry: northern oregon with Portland returned from geonames.
2025-08-07 18:25:01,009 INFO 📄 Index 2 | Name: Portland | fcl: P, fcode: PPLA2 | ADM1: Oregon, ADM2: Multnomah, ADM3: , ADM4:  | Score: 44.25, Population: 652503 | Fuzzy match: 34.78260869565217
2025-08-07 18:25:01,009 INFO Comparing database entry: northern oregon with Beaverton returned from geonames.
2025-08-07 18:25:01,009 INFO 📄 Index 3 | Name: Beaverton | fcl: P, fcode: PPL | ADM1: Oregon, ADM2: Washington, ADM3: , ADM4:  | Score: 39.12, Population: 96577 | Fuzzy match: 33.333333333333336
2025-08-07 18:25:01,009 WARNING ❌ No match found with fuzzy score > 80 for city: northern oregon
2025-08-07 18:25:01,010 WARNING ❌ Lookup failed for city='northern_oregon', iso2='US'
