2025-08-08 12:17:59,041 INFO 🗺️ Starting GeoNames lookup for city='north_carolina', country='usa'
2025-08-08 12:17:59,041 INFO 📍 Location is present in the following articles: [ObjectId('67f922adf431fddd61d55f35'), ObjectId('67f9230af431fddd61d56064'), ObjectId('67f9231bf431fddd61d5609d')]
2025-08-08 12:17:59,222 INFO Comparing database entry: north carolina with Columbia returned from geonames.
2025-08-08 12:17:59,222 INFO 📄 Index 0 | Name: Columbia | fcl: P, fcode: PPLA | ADM1: South Carolina, ADM2: Richland, ADM3: , ADM4:  | Score: 54.38, Population: 142416 | Fuzzy match: 45.45454545454546
2025-08-08 12:17:59,222 INFO Comparing database entry: north carolina with Charlotte returned from geonames.
2025-08-08 12:17:59,222 INFO 📄 Index 1 | Name: Charlotte | fcl: P, fcode: PPLA2 | ADM1: North Carolina, ADM2: Mecklenburg, ADM3: , ADM4:  | Score: 52.88, Population: 874579 | Fuzzy match: 52.17391304347826
2025-08-08 12:17:59,222 INFO Comparing database entry: north carolina with Raleigh returned from geonames.
2025-08-08 12:17:59,222 INFO 📄 Index 2 | Name: Raleigh | fcl: P, fcode: PPLA | ADM1: North Carolina, ADM2: Wake, ADM3: Raleigh Township, ADM4:  | Score: 52.59, Population: 482295 | Fuzzy match: 38.095238095238095
2025-08-08 12:17:59,222 INFO Comparing database entry: north carolina with Greensboro returned from geonames.
2025-08-08 12:17:59,223 INFO 📄 Index 3 | Name: Greensboro | fcl: P, fcode: PPL | ADM1: North Carolina, ADM2: Guilford, ADM3: Morehead Township, ADM4:  | Score: 47.98, Population: 285342 | Fuzzy match: 33.333333333333336
2025-08-08 12:17:59,395 INFO Comparing database entry: north carolina with Columbia returned from geonames.
2025-08-08 12:17:59,395 INFO 📄 Index 0 | Name: Columbia | fcl: P, fcode: PPLA | ADM1: South Carolina, ADM2: Richland, ADM3: , ADM4:  | Score: 54.38, Population: 142416 | Fuzzy match: 45.45454545454546
2025-08-08 12:17:59,395 INFO Comparing database entry: north carolina with Charlotte returned from geonames.
2025-08-08 12:17:59,395 INFO 📄 Index 1 | Name: Charlotte | fcl: P, fcode: PPLA2 | ADM1: North Carolina, ADM2: Mecklenburg, ADM3: , ADM4:  | Score: 52.88, Population: 874579 | Fuzzy match: 52.17391304347826
2025-08-08 12:17:59,395 INFO Comparing database entry: north carolina with Raleigh returned from geonames.
2025-08-08 12:17:59,395 INFO 📄 Index 2 | Name: Raleigh | fcl: P, fcode: PPLA | ADM1: North Carolina, ADM2: Wake, ADM3: Raleigh Township, ADM4:  | Score: 52.59, Population: 482295 | Fuzzy match: 38.095238095238095
2025-08-08 12:17:59,395 INFO Comparing database entry: north carolina with Greensboro returned from geonames.
2025-08-08 12:17:59,395 INFO 📄 Index 3 | Name: Greensboro | fcl: P, fcode: PPL | ADM1: North Carolina, ADM2: Guilford, ADM3: Morehead Township, ADM4:  | Score: 47.98, Population: 285342 | Fuzzy match: 33.333333333333336
2025-08-08 12:17:59,577 INFO Comparing database entry: north carolina with Columbia returned from geonames.
2025-08-08 12:17:59,577 INFO 📄 Index 0 | Name: Columbia | fcl: P, fcode: PPLA | ADM1: South Carolina, ADM2: Richland, ADM3: , ADM4:  | Score: 54.38, Population: 142416 | Fuzzy match: 45.45454545454546
2025-08-08 12:17:59,577 INFO Comparing database entry: north carolina with Charlotte returned from geonames.
2025-08-08 12:17:59,577 INFO 📄 Index 1 | Name: Charlotte | fcl: P, fcode: PPLA2 | ADM1: North Carolina, ADM2: Mecklenburg, ADM3: , ADM4:  | Score: 52.88, Population: 874579 | Fuzzy match: 52.17391304347826
2025-08-08 12:17:59,577 INFO Comparing database entry: north carolina with Raleigh returned from geonames.
2025-08-08 12:17:59,577 INFO 📄 Index 2 | Name: Raleigh | fcl: P, fcode: PPLA | ADM1: North Carolina, ADM2: Wake, ADM3: Raleigh Township, ADM4:  | Score: 52.59, Population: 482295 | Fuzzy match: 38.095238095238095
2025-08-08 12:17:59,577 INFO Comparing database entry: north carolina with Greensboro returned from geonames.
2025-08-08 12:17:59,577 INFO 📄 Index 3 | Name: Greensboro | fcl: P, fcode: PPL | ADM1: North Carolina, ADM2: Guilford, ADM3: Morehead Township, ADM4:  | Score: 47.98, Population: 285342 | Fuzzy match: 33.333333333333336
2025-08-08 12:17:59,762 INFO Comparing database entry: north carolina with Columbia returned from geonames.
2025-08-08 12:17:59,763 INFO 📄 Index 0 | Name: Columbia | fcl: P, fcode: PPLA | ADM1: South Carolina, ADM2: Richland, ADM3: , ADM4:  | Score: 54.38, Population: 142416 | Fuzzy match: 45.45454545454546
2025-08-08 12:17:59,763 INFO Comparing database entry: north carolina with Charlotte returned from geonames.
2025-08-08 12:17:59,763 INFO 📄 Index 1 | Name: Charlotte | fcl: P, fcode: PPLA2 | ADM1: North Carolina, ADM2: Mecklenburg, ADM3: , ADM4:  | Score: 52.88, Population: 874579 | Fuzzy match: 52.17391304347826
2025-08-08 12:17:59,763 INFO Comparing database entry: north carolina with Raleigh returned from geonames.
2025-08-08 12:17:59,763 INFO 📄 Index 2 | Name: Raleigh | fcl: P, fcode: PPLA | ADM1: North Carolina, ADM2: Wake, ADM3: Raleigh Township, ADM4:  | Score: 52.59, Population: 482295 | Fuzzy match: 38.095238095238095
2025-08-08 12:17:59,763 INFO Comparing database entry: north carolina with Greensboro returned from geonames.
2025-08-08 12:17:59,763 INFO 📄 Index 3 | Name: Greensboro | fcl: P, fcode: PPL | ADM1: North Carolina, ADM2: Guilford, ADM3: Morehead Township, ADM4:  | Score: 47.98, Population: 285342 | Fuzzy match: 33.333333333333336
2025-08-08 12:17:59,960 INFO Comparing database entry: north carolina with Columbia returned from geonames.
2025-08-08 12:17:59,961 INFO 📄 Index 0 | Name: Columbia | fcl: P, fcode: PPLA | ADM1: South Carolina, ADM2: Richland, ADM3: , ADM4:  | Score: 54.38, Population: 142416 | Fuzzy match: 45.45454545454546
2025-08-08 12:17:59,961 INFO Comparing database entry: north carolina with Charlotte returned from geonames.
2025-08-08 12:17:59,961 INFO 📄 Index 1 | Name: Charlotte | fcl: P, fcode: PPLA2 | ADM1: North Carolina, ADM2: Mecklenburg, ADM3: , ADM4:  | Score: 52.88, Population: 874579 | Fuzzy match: 52.17391304347826
2025-08-08 12:17:59,961 INFO Comparing database entry: north carolina with Raleigh returned from geonames.
2025-08-08 12:17:59,961 INFO 📄 Index 2 | Name: Raleigh | fcl: P, fcode: PPLA | ADM1: North Carolina, ADM2: Wake, ADM3: Raleigh Township, ADM4:  | Score: 52.59, Population: 482295 | Fuzzy match: 38.095238095238095
2025-08-08 12:17:59,961 INFO Comparing database entry: north carolina with Greensboro returned from geonames.
2025-08-08 12:17:59,961 INFO 📄 Index 3 | Name: Greensboro | fcl: P, fcode: PPL | ADM1: North Carolina, ADM2: Guilford, ADM3: Morehead Township, ADM4:  | Score: 47.98, Population: 285342 | Fuzzy match: 33.333333333333336
2025-08-08 12:18:00,141 INFO Comparing database entry: north carolina with Columbia returned from geonames.
2025-08-08 12:18:00,142 INFO 📄 Index 0 | Name: Columbia | fcl: P, fcode: PPLA | ADM1: South Carolina, ADM2: Richland, ADM3: , ADM4:  | Score: 54.38, Population: 142416 | Fuzzy match: 45.45454545454546
2025-08-08 12:18:00,142 INFO Comparing database entry: north carolina with Charlotte returned from geonames.
2025-08-08 12:18:00,142 INFO 📄 Index 1 | Name: Charlotte | fcl: P, fcode: PPLA2 | ADM1: North Carolina, ADM2: Mecklenburg, ADM3: , ADM4:  | Score: 52.88, Population: 874579 | Fuzzy match: 52.17391304347826
2025-08-08 12:18:00,142 INFO Comparing database entry: north carolina with Raleigh returned from geonames.
2025-08-08 12:18:00,142 INFO 📄 Index 2 | Name: Raleigh | fcl: P, fcode: PPLA | ADM1: North Carolina, ADM2: Wake, ADM3: Raleigh Township, ADM4:  | Score: 52.59, Population: 482295 | Fuzzy match: 38.095238095238095
2025-08-08 12:18:00,142 INFO Comparing database entry: north carolina with Greensboro returned from geonames.
2025-08-08 12:18:00,142 INFO 📄 Index 3 | Name: Greensboro | fcl: P, fcode: PPL | ADM1: North Carolina, ADM2: Guilford, ADM3: Morehead Township, ADM4:  | Score: 47.98, Population: 285342 | Fuzzy match: 33.333333333333336
2025-08-08 12:18:00,142 WARNING ❌ No match found with fuzzy score > 80 for city: north carolina
2025-08-08 12:18:00,142 WARNING ❌ Lookup failed for city='north_carolina', iso2='US'
