2025-08-08 12:17:57,986 INFO 🗺️ Starting GeoNames lookup for city='new_york_city', country='united states'
2025-08-08 12:17:57,987 INFO 📍 Location is present in the following articles: [ObjectId('67f922d1f431fddd61d55fa7'), ObjectId('67f922d1f431fddd61d55fa7'), ObjectId('67f922d1f431fddd61d55fa7'), ObjectId('67f922d1f431fddd61d55fa7')]
2025-08-08 12:17:58,184 INFO Comparing database entry: new york city with New York returned from geonames.
2025-08-08 12:17:58,184 INFO 📄 Index 0 | Name: New York | fcl: P, fcode: PPL | ADM1: New York, ADM2: , ADM3: , ADM4:  | Score: 121.42, Population: 8804190 | Fuzzy match: 76.19047619047619
2025-08-08 12:17:58,184 INFO Comparing database entry: new york city with Brooklyn returned from geonames.
2025-08-08 12:17:58,184 INFO 📄 Index 1 | Name: Brooklyn | fcl: P, fcode: PPLA2 | ADM1: New York, ADM2: Kings, ADM3: , ADM4:  | Score: 78.51, Population: 2736074 | Fuzzy match: 19.047619047619047
2025-08-08 12:17:58,184 INFO Comparing database entry: new york city with Queens County returned from geonames.
2025-08-08 12:17:58,184 INFO 📄 Index 2 | Name: Queens County | fcl: P, fcode: PPLA2 | ADM1: New York, ADM2: Queens, ADM3: , ADM4:  | Score: 54.90, Population: 2272771 | Fuzzy match: 38.46153846153846
2025-08-08 12:17:58,184 INFO Comparing database entry: new york city with Manhattan returned from geonames.
2025-08-08 12:17:58,184 INFO 📄 Index 3 | Name: Manhattan | fcl: P, fcode: PPLA2 | ADM1: New York, ADM2: New York, ADM3: , ADM4:  | Score: 53.25, Population: 1487536 | Fuzzy match: 18.181818181818176
2025-08-08 12:17:58,364 INFO Comparing database entry: new york city with New York returned from geonames.
2025-08-08 12:17:58,364 INFO 📄 Index 0 | Name: New York | fcl: P, fcode: PPL | ADM1: New York, ADM2: , ADM3: , ADM4:  | Score: 121.42, Population: 8804190 | Fuzzy match: 76.19047619047619
2025-08-08 12:17:58,364 INFO Comparing database entry: new york city with Brooklyn returned from geonames.
2025-08-08 12:17:58,365 INFO 📄 Index 1 | Name: Brooklyn | fcl: P, fcode: PPLA2 | ADM1: New York, ADM2: Kings, ADM3: , ADM4:  | Score: 78.51, Population: 2736074 | Fuzzy match: 19.047619047619047
2025-08-08 12:17:58,365 INFO Comparing database entry: new york city with Queens County returned from geonames.
2025-08-08 12:17:58,365 INFO 📄 Index 2 | Name: Queens County | fcl: P, fcode: PPLA2 | ADM1: New York, ADM2: Queens, ADM3: , ADM4:  | Score: 54.90, Population: 2272771 | Fuzzy match: 38.46153846153846
2025-08-08 12:17:58,365 INFO Comparing database entry: new york city with Manhattan returned from geonames.
2025-08-08 12:17:58,365 INFO 📄 Index 3 | Name: Manhattan | fcl: P, fcode: PPLA2 | ADM1: New York, ADM2: New York, ADM3: , ADM4:  | Score: 53.25, Population: 1487536 | Fuzzy match: 18.181818181818176
2025-08-08 12:17:58,551 INFO Comparing database entry: new york city with New York returned from geonames.
2025-08-08 12:17:58,551 INFO 📄 Index 0 | Name: New York | fcl: P, fcode: PPL | ADM1: New York, ADM2: , ADM3: , ADM4:  | Score: 121.42, Population: 8804190 | Fuzzy match: 76.19047619047619
2025-08-08 12:17:58,551 INFO Comparing database entry: new york city with Brooklyn returned from geonames.
2025-08-08 12:17:58,551 INFO 📄 Index 1 | Name: Brooklyn | fcl: P, fcode: PPLA2 | ADM1: New York, ADM2: Kings, ADM3: , ADM4:  | Score: 78.51, Population: 2736074 | Fuzzy match: 19.047619047619047
2025-08-08 12:17:58,551 INFO Comparing database entry: new york city with Queens County returned from geonames.
2025-08-08 12:17:58,551 INFO 📄 Index 2 | Name: Queens County | fcl: P, fcode: PPLA2 | ADM1: New York, ADM2: Queens, ADM3: , ADM4:  | Score: 54.90, Population: 2272771 | Fuzzy match: 38.46153846153846
2025-08-08 12:17:58,551 INFO Comparing database entry: new york city with Manhattan returned from geonames.
2025-08-08 12:17:58,551 INFO 📄 Index 3 | Name: Manhattan | fcl: P, fcode: PPLA2 | ADM1: New York, ADM2: New York, ADM3: , ADM4:  | Score: 53.25, Population: 1487536 | Fuzzy match: 18.181818181818176
2025-08-08 12:17:58,725 INFO Comparing database entry: new york city with New York returned from geonames.
2025-08-08 12:17:58,725 INFO 📄 Index 0 | Name: New York | fcl: P, fcode: PPL | ADM1: New York, ADM2: , ADM3: , ADM4:  | Score: 121.42, Population: 8804190 | Fuzzy match: 76.19047619047619
2025-08-08 12:17:58,725 INFO Comparing database entry: new york city with Brooklyn returned from geonames.
2025-08-08 12:17:58,725 INFO 📄 Index 1 | Name: Brooklyn | fcl: P, fcode: PPLA2 | ADM1: New York, ADM2: Kings, ADM3: , ADM4:  | Score: 78.51, Population: 2736074 | Fuzzy match: 19.047619047619047
2025-08-08 12:17:58,725 INFO Comparing database entry: new york city with Queens County returned from geonames.
2025-08-08 12:17:58,725 INFO 📄 Index 2 | Name: Queens County | fcl: P, fcode: PPLA2 | ADM1: New York, ADM2: Queens, ADM3: , ADM4:  | Score: 54.90, Population: 2272771 | Fuzzy match: 38.46153846153846
2025-08-08 12:17:58,725 INFO Comparing database entry: new york city with Manhattan returned from geonames.
2025-08-08 12:17:58,725 INFO 📄 Index 3 | Name: Manhattan | fcl: P, fcode: PPLA2 | ADM1: New York, ADM2: New York, ADM3: , ADM4:  | Score: 53.25, Population: 1487536 | Fuzzy match: 18.181818181818176
2025-08-08 12:17:58,869 INFO Comparing database entry: new york city with New York returned from geonames.
2025-08-08 12:17:58,869 INFO 📄 Index 0 | Name: New York | fcl: P, fcode: PPL | ADM1: New York, ADM2: , ADM3: , ADM4:  | Score: 121.42, Population: 8804190 | Fuzzy match: 76.19047619047619
2025-08-08 12:17:58,869 INFO Comparing database entry: new york city with Brooklyn returned from geonames.
2025-08-08 12:17:58,869 INFO 📄 Index 1 | Name: Brooklyn | fcl: P, fcode: PPLA2 | ADM1: New York, ADM2: Kings, ADM3: , ADM4:  | Score: 78.51, Population: 2736074 | Fuzzy match: 19.047619047619047
2025-08-08 12:17:58,869 INFO Comparing database entry: new york city with Queens County returned from geonames.
2025-08-08 12:17:58,869 INFO 📄 Index 2 | Name: Queens County | fcl: P, fcode: PPLA2 | ADM1: New York, ADM2: Queens, ADM3: , ADM4:  | Score: 54.90, Population: 2272771 | Fuzzy match: 38.46153846153846
2025-08-08 12:17:58,869 INFO Comparing database entry: new york city with Manhattan returned from geonames.
2025-08-08 12:17:58,869 INFO 📄 Index 3 | Name: Manhattan | fcl: P, fcode: PPLA2 | ADM1: New York, ADM2: New York, ADM3: , ADM4:  | Score: 53.25, Population: 1487536 | Fuzzy match: 18.181818181818176
2025-08-08 12:17:59,039 INFO Comparing database entry: new york city with New York returned from geonames.
2025-08-08 12:17:59,040 INFO 📄 Index 0 | Name: New York | fcl: P, fcode: PPL | ADM1: New York, ADM2: , ADM3: , ADM4:  | Score: 121.42, Population: 8804190 | Fuzzy match: 76.19047619047619
2025-08-08 12:17:59,040 INFO Comparing database entry: new york city with Brooklyn returned from geonames.
2025-08-08 12:17:59,040 INFO 📄 Index 1 | Name: Brooklyn | fcl: P, fcode: PPLA2 | ADM1: New York, ADM2: Kings, ADM3: , ADM4:  | Score: 78.51, Population: 2736074 | Fuzzy match: 19.047619047619047
2025-08-08 12:17:59,040 INFO Comparing database entry: new york city with Queens County returned from geonames.
2025-08-08 12:17:59,040 INFO 📄 Index 2 | Name: Queens County | fcl: P, fcode: PPLA2 | ADM1: New York, ADM2: Queens, ADM3: , ADM4:  | Score: 54.90, Population: 2272771 | Fuzzy match: 38.46153846153846
2025-08-08 12:17:59,040 INFO Comparing database entry: new york city with Manhattan returned from geonames.
2025-08-08 12:17:59,040 INFO 📄 Index 3 | Name: Manhattan | fcl: P, fcode: PPLA2 | ADM1: New York, ADM2: New York, ADM3: , ADM4:  | Score: 53.25, Population: 1487536 | Fuzzy match: 18.181818181818176
2025-08-08 12:17:59,040 WARNING ❌ No match found with fuzzy score > 80 for city: new york city
2025-08-08 12:17:59,040 WARNING ❌ Lookup failed for city='new_york_city', iso2='US'
