2025-08-08 11:31:30,875 INFO 🗺️ Starting GeoNames lookup for city='port_of_la', country='united states'
2025-08-08 11:31:30,875 INFO 📍 Location is present in the following articles: [ObjectId('67f52a61981040986eab70dc')]
2025-08-08 11:31:31,028 INFO Comparing database entry: port of la with North Port returned from geonames.
2025-08-08 11:31:31,028 INFO 📄 Index 0 | Name: North Port | fcl: P, fcode: PPL | ADM1: Florida, ADM2: Sarasota, ADM3: , ADM4:  | Score: 33.71, Population: 62345 | Fuzzy match: 60.0
2025-08-08 11:31:31,028 INFO Comparing database entry: port of la with Anchorage returned from geonames.
2025-08-08 11:31:31,028 INFO 📄 Index 1 | Name: Anchorage | fcl: P, fcode: PPLA2 | ADM1: Alaska, ADM2: Anchorage, ADM3: , ADM4:  | Score: 29.24, Population: 291247 | Fuzzy match: 31.57894736842105
2025-08-08 11:31:31,028 INFO Comparing database entry: port of la with Port Hueneme returned from geonames.
2025-08-08 11:31:31,028 INFO 📄 Index 2 | Name: Port Hueneme | fcl: P, fcode: PPL | ADM1: California, ADM2: Ventura, ADM3: , ADM4:  | Score: 24.15, Population: 22423 | Fuzzy match: 45.45454545454546
2025-08-08 11:31:31,028 INFO Comparing database entry: port of la with Port Angeles returned from geonames.
2025-08-08 11:31:31,029 INFO 📄 Index 3 | Name: Port Angeles | fcl: P, fcode: PPLA2 | ADM1: Washington, ADM2: Clallam, ADM3: , ADM4:  | Score: 23.67, Population: 19448 | Fuzzy match: 54.54545454545454
2025-08-08 11:31:31,181 INFO Comparing database entry: port of la with North Port returned from geonames.
2025-08-08 11:31:31,181 INFO 📄 Index 0 | Name: North Port | fcl: P, fcode: PPL | ADM1: Florida, ADM2: Sarasota, ADM3: , ADM4:  | Score: 33.71, Population: 62345 | Fuzzy match: 60.0
2025-08-08 11:31:31,181 INFO Comparing database entry: port of la with Anchorage returned from geonames.
2025-08-08 11:31:31,181 INFO 📄 Index 1 | Name: Anchorage | fcl: P, fcode: PPLA2 | ADM1: Alaska, ADM2: Anchorage, ADM3: , ADM4:  | Score: 29.24, Population: 291247 | Fuzzy match: 31.57894736842105
2025-08-08 11:31:31,181 INFO Comparing database entry: port of la with Port Hueneme returned from geonames.
2025-08-08 11:31:31,181 INFO 📄 Index 2 | Name: Port Hueneme | fcl: P, fcode: PPL | ADM1: California, ADM2: Ventura, ADM3: , ADM4:  | Score: 24.15, Population: 22423 | Fuzzy match: 45.45454545454546
2025-08-08 11:31:31,181 INFO Comparing database entry: port of la with Port Angeles returned from geonames.
2025-08-08 11:31:31,181 INFO 📄 Index 3 | Name: Port Angeles | fcl: P, fcode: PPLA2 | ADM1: Washington, ADM2: Clallam, ADM3: , ADM4:  | Score: 23.67, Population: 19448 | Fuzzy match: 54.54545454545454
2025-08-08 11:31:31,342 INFO Comparing database entry: port of la with North Port returned from geonames.
2025-08-08 11:31:31,342 INFO 📄 Index 0 | Name: North Port | fcl: P, fcode: PPL | ADM1: Florida, ADM2: Sarasota, ADM3: , ADM4:  | Score: 33.71, Population: 62345 | Fuzzy match: 60.0
2025-08-08 11:31:31,342 INFO Comparing database entry: port of la with Anchorage returned from geonames.
2025-08-08 11:31:31,342 INFO 📄 Index 1 | Name: Anchorage | fcl: P, fcode: PPLA2 | ADM1: Alaska, ADM2: Anchorage, ADM3: , ADM4:  | Score: 29.24, Population: 291247 | Fuzzy match: 31.57894736842105
2025-08-08 11:31:31,342 INFO Comparing database entry: port of la with Port Hueneme returned from geonames.
2025-08-08 11:31:31,343 INFO 📄 Index 2 | Name: Port Hueneme | fcl: P, fcode: PPL | ADM1: California, ADM2: Ventura, ADM3: , ADM4:  | Score: 24.15, Population: 22423 | Fuzzy match: 45.45454545454546
2025-08-08 11:31:31,343 INFO Comparing database entry: port of la with Port Angeles returned from geonames.
2025-08-08 11:31:31,343 INFO 📄 Index 3 | Name: Port Angeles | fcl: P, fcode: PPLA2 | ADM1: Washington, ADM2: Clallam, ADM3: , ADM4:  | Score: 23.67, Population: 19448 | Fuzzy match: 54.54545454545454
2025-08-08 11:31:31,504 INFO Comparing database entry: port of la with North Port returned from geonames.
2025-08-08 11:31:31,504 INFO 📄 Index 0 | Name: North Port | fcl: P, fcode: PPL | ADM1: Florida, ADM2: Sarasota, ADM3: , ADM4:  | Score: 33.71, Population: 62345 | Fuzzy match: 60.0
2025-08-08 11:31:31,504 INFO Comparing database entry: port of la with Anchorage returned from geonames.
2025-08-08 11:31:31,504 INFO 📄 Index 1 | Name: Anchorage | fcl: P, fcode: PPLA2 | ADM1: Alaska, ADM2: Anchorage, ADM3: , ADM4:  | Score: 29.24, Population: 291247 | Fuzzy match: 31.57894736842105
2025-08-08 11:31:31,504 INFO Comparing database entry: port of la with Port Hueneme returned from geonames.
2025-08-08 11:31:31,504 INFO 📄 Index 2 | Name: Port Hueneme | fcl: P, fcode: PPL | ADM1: California, ADM2: Ventura, ADM3: , ADM4:  | Score: 24.15, Population: 22423 | Fuzzy match: 45.45454545454546
2025-08-08 11:31:31,504 INFO Comparing database entry: port of la with Port Angeles returned from geonames.
2025-08-08 11:31:31,504 INFO 📄 Index 3 | Name: Port Angeles | fcl: P, fcode: PPLA2 | ADM1: Washington, ADM2: Clallam, ADM3: , ADM4:  | Score: 23.67, Population: 19448 | Fuzzy match: 54.54545454545454
2025-08-08 11:31:31,676 INFO Comparing database entry: port of la with North Port returned from geonames.
2025-08-08 11:31:31,676 INFO 📄 Index 0 | Name: North Port | fcl: P, fcode: PPL | ADM1: Florida, ADM2: Sarasota, ADM3: , ADM4:  | Score: 33.71, Population: 62345 | Fuzzy match: 60.0
2025-08-08 11:31:31,676 INFO Comparing database entry: port of la with Anchorage returned from geonames.
2025-08-08 11:31:31,676 INFO 📄 Index 1 | Name: Anchorage | fcl: P, fcode: PPLA2 | ADM1: Alaska, ADM2: Anchorage, ADM3: , ADM4:  | Score: 29.24, Population: 291247 | Fuzzy match: 31.57894736842105
2025-08-08 11:31:31,676 INFO Comparing database entry: port of la with Port Hueneme returned from geonames.
2025-08-08 11:31:31,676 INFO 📄 Index 2 | Name: Port Hueneme | fcl: P, fcode: PPL | ADM1: California, ADM2: Ventura, ADM3: , ADM4:  | Score: 24.15, Population: 22423 | Fuzzy match: 45.45454545454546
2025-08-08 11:31:31,676 INFO Comparing database entry: port of la with Port Angeles returned from geonames.
2025-08-08 11:31:31,676 INFO 📄 Index 3 | Name: Port Angeles | fcl: P, fcode: PPLA2 | ADM1: Washington, ADM2: Clallam, ADM3: , ADM4:  | Score: 23.67, Population: 19448 | Fuzzy match: 54.54545454545454
2025-08-08 11:31:31,847 INFO Comparing database entry: port of la with North Port returned from geonames.
2025-08-08 11:31:31,847 INFO 📄 Index 0 | Name: North Port | fcl: P, fcode: PPL | ADM1: Florida, ADM2: Sarasota, ADM3: , ADM4:  | Score: 33.71, Population: 62345 | Fuzzy match: 60.0
2025-08-08 11:31:31,847 INFO Comparing database entry: port of la with Anchorage returned from geonames.
2025-08-08 11:31:31,847 INFO 📄 Index 1 | Name: Anchorage | fcl: P, fcode: PPLA2 | ADM1: Alaska, ADM2: Anchorage, ADM3: , ADM4:  | Score: 29.24, Population: 291247 | Fuzzy match: 31.57894736842105
2025-08-08 11:31:31,847 INFO Comparing database entry: port of la with Port Hueneme returned from geonames.
2025-08-08 11:31:31,847 INFO 📄 Index 2 | Name: Port Hueneme | fcl: P, fcode: PPL | ADM1: California, ADM2: Ventura, ADM3: , ADM4:  | Score: 24.15, Population: 22423 | Fuzzy match: 45.45454545454546
2025-08-08 11:31:31,848 INFO Comparing database entry: port of la with Port Angeles returned from geonames.
2025-08-08 11:31:31,848 INFO 📄 Index 3 | Name: Port Angeles | fcl: P, fcode: PPLA2 | ADM1: Washington, ADM2: Clallam, ADM3: , ADM4:  | Score: 23.67, Population: 19448 | Fuzzy match: 54.54545454545454
2025-08-08 11:31:31,848 WARNING ❌ No match found with fuzzy score > 80 for city: port of la
2025-08-08 11:31:31,848 WARNING ❌ Lookup failed for city='port_of_la', iso2='US'
