2025-08-08 11:46:44,746 INFO 🗺️ Starting GeoNames lookup for city='ridgeville_south_carolina', country='us'
2025-08-08 11:46:44,746 INFO 📍 Location is present in the following articles: [ObjectId('67f52cd9981040986eab7ab5')]
2025-08-08 11:46:44,924 INFO Comparing database entry: ridgeville (south carolina) with Ridgeville returned from geonames.
2025-08-08 11:46:44,924 INFO 📄 Index 0 | Name: Ridgeville | fcl: P, fcode: PPL | ADM1: South Carolina, ADM2: Dorchester, ADM3: , ADM4:  | Score: 17.69, Population: 1836 | Fuzzy match: 54.054054054054056
2025-08-08 11:46:44,924 INFO Comparing database entry: ridgeville (south carolina) with Town of Ridgeville returned from geonames.
2025-08-08 11:46:44,924 INFO 📄 Index 1 | Name: Town of Ridgeville | fcl: A, fcode: ADMD | ADM1: South Carolina, ADM2: Dorchester, ADM3: , ADM4:  | Score: 12.59, Population: 1979 | Fuzzy match: 53.333333333333336
2025-08-08 11:46:44,925 INFO Comparing database entry: ridgeville (south carolina) with Ridgeville returned from geonames.
2025-08-08 11:46:44,925 INFO 📄 Index 2 | Name: Ridgeville | fcl: P, fcode: PPL | ADM1: North Carolina, ADM2: Caswell, ADM3: Township of Hightowers, ADM4:  | Score: 8.59, Population: 0 | Fuzzy match: 54.054054054054056
2025-08-08 11:46:45,117 INFO Comparing database entry: ridgeville (south carolina) with Ridgeville returned from geonames.
2025-08-08 11:46:45,117 INFO 📄 Index 0 | Name: Ridgeville | fcl: P, fcode: PPL | ADM1: South Carolina, ADM2: Dorchester, ADM3: , ADM4:  | Score: 17.69, Population: 1836 | Fuzzy match: 54.054054054054056
2025-08-08 11:46:45,118 INFO Comparing database entry: ridgeville (south carolina) with Town of Ridgeville returned from geonames.
2025-08-08 11:46:45,118 INFO 📄 Index 1 | Name: Town of Ridgeville | fcl: A, fcode: ADMD | ADM1: South Carolina, ADM2: Dorchester, ADM3: , ADM4:  | Score: 12.59, Population: 1979 | Fuzzy match: 53.333333333333336
2025-08-08 11:46:45,118 INFO Comparing database entry: ridgeville (south carolina) with Ridgeville returned from geonames.
2025-08-08 11:46:45,118 INFO 📄 Index 2 | Name: Ridgeville | fcl: P, fcode: PPL | ADM1: North Carolina, ADM2: Caswell, ADM3: Township of Hightowers, ADM4:  | Score: 8.59, Population: 0 | Fuzzy match: 54.054054054054056
2025-08-08 11:46:45,293 INFO Comparing database entry: ridgeville (south carolina) with Ridgeville returned from geonames.
2025-08-08 11:46:45,293 INFO 📄 Index 0 | Name: Ridgeville | fcl: P, fcode: PPL | ADM1: South Carolina, ADM2: Dorchester, ADM3: , ADM4:  | Score: 17.69, Population: 1836 | Fuzzy match: 54.054054054054056
2025-08-08 11:46:45,293 INFO Comparing database entry: ridgeville (south carolina) with Town of Ridgeville returned from geonames.
2025-08-08 11:46:45,293 INFO 📄 Index 1 | Name: Town of Ridgeville | fcl: A, fcode: ADMD | ADM1: South Carolina, ADM2: Dorchester, ADM3: , ADM4:  | Score: 12.59, Population: 1979 | Fuzzy match: 53.333333333333336
2025-08-08 11:46:45,293 INFO Comparing database entry: ridgeville (south carolina) with Ridgeville returned from geonames.
2025-08-08 11:46:45,293 INFO 📄 Index 2 | Name: Ridgeville | fcl: P, fcode: PPL | ADM1: North Carolina, ADM2: Caswell, ADM3: Township of Hightowers, ADM4:  | Score: 8.59, Population: 0 | Fuzzy match: 54.054054054054056
2025-08-08 11:46:45,467 INFO Comparing database entry: ridgeville (south carolina) with Ridgeville returned from geonames.
2025-08-08 11:46:45,467 INFO 📄 Index 0 | Name: Ridgeville | fcl: P, fcode: PPL | ADM1: South Carolina, ADM2: Dorchester, ADM3: , ADM4:  | Score: 17.69, Population: 1836 | Fuzzy match: 54.054054054054056
2025-08-08 11:46:45,467 INFO Comparing database entry: ridgeville (south carolina) with Town of Ridgeville returned from geonames.
2025-08-08 11:46:45,467 INFO 📄 Index 1 | Name: Town of Ridgeville | fcl: A, fcode: ADMD | ADM1: South Carolina, ADM2: Dorchester, ADM3: , ADM4:  | Score: 12.59, Population: 1979 | Fuzzy match: 53.333333333333336
2025-08-08 11:46:45,467 INFO Comparing database entry: ridgeville (south carolina) with Ridgeville returned from geonames.
2025-08-08 11:46:45,467 INFO 📄 Index 2 | Name: Ridgeville | fcl: P, fcode: PPL | ADM1: North Carolina, ADM2: Caswell, ADM3: Township of Hightowers, ADM4:  | Score: 8.59, Population: 0 | Fuzzy match: 54.054054054054056
2025-08-08 11:46:45,667 INFO Comparing database entry: ridgeville (south carolina) with Ridgeville returned from geonames.
2025-08-08 11:46:45,667 INFO 📄 Index 0 | Name: Ridgeville | fcl: P, fcode: PPL | ADM1: South Carolina, ADM2: Dorchester, ADM3: , ADM4:  | Score: 17.69, Population: 1836 | Fuzzy match: 54.054054054054056
2025-08-08 11:46:45,667 INFO Comparing database entry: ridgeville (south carolina) with Town of Ridgeville returned from geonames.
2025-08-08 11:46:45,667 INFO 📄 Index 1 | Name: Town of Ridgeville | fcl: A, fcode: ADMD | ADM1: South Carolina, ADM2: Dorchester, ADM3: , ADM4:  | Score: 12.59, Population: 1979 | Fuzzy match: 53.333333333333336
2025-08-08 11:46:45,667 INFO Comparing database entry: ridgeville (south carolina) with Ridgeville returned from geonames.
2025-08-08 11:46:45,667 INFO 📄 Index 2 | Name: Ridgeville | fcl: P, fcode: PPL | ADM1: North Carolina, ADM2: Caswell, ADM3: Township of Hightowers, ADM4:  | Score: 8.59, Population: 0 | Fuzzy match: 54.054054054054056
2025-08-08 11:46:45,862 INFO Comparing database entry: ridgeville (south carolina) with Ridgeville returned from geonames.
2025-08-08 11:46:45,862 INFO 📄 Index 0 | Name: Ridgeville | fcl: P, fcode: PPL | ADM1: South Carolina, ADM2: Dorchester, ADM3: , ADM4:  | Score: 17.69, Population: 1836 | Fuzzy match: 54.054054054054056
2025-08-08 11:46:45,862 INFO Comparing database entry: ridgeville (south carolina) with Town of Ridgeville returned from geonames.
2025-08-08 11:46:45,862 INFO 📄 Index 1 | Name: Town of Ridgeville | fcl: A, fcode: ADMD | ADM1: South Carolina, ADM2: Dorchester, ADM3: , ADM4:  | Score: 12.59, Population: 1979 | Fuzzy match: 53.333333333333336
2025-08-08 11:46:45,862 INFO Comparing database entry: ridgeville (south carolina) with Ridgeville returned from geonames.
2025-08-08 11:46:45,862 INFO 📄 Index 2 | Name: Ridgeville | fcl: P, fcode: PPL | ADM1: North Carolina, ADM2: Caswell, ADM3: Township of Hightowers, ADM4:  | Score: 8.59, Population: 0 | Fuzzy match: 54.054054054054056
2025-08-08 11:46:45,862 WARNING ❌ No match found with fuzzy score > 80 for city: ridgeville (south carolina)
2025-08-08 11:46:45,863 WARNING ❌ Lookup failed for city='ridgeville_south_carolina', iso2='US'
