2025-08-08 12:01:00,049 INFO 🗺️ Starting GeoNames lookup for city='spring_hill_tennessee', country='united states'
2025-08-08 12:01:00,049 INFO 📍 Location is present in the following articles: [ObjectId('67f921e3f431fddd61d55c96')]
2025-08-08 12:01:00,245 INFO Comparing database entry: spring hill, tennessee with Spring Hill returned from geonames.
2025-08-08 12:01:00,246 INFO 📄 Index 0 | Name: Spring Hill | fcl: P, fcode: PPL | ADM1: Tennessee, ADM2: Maury, ADM3: , ADM4:  | Score: 22.00, Population: 36055 | Fuzzy match: 66.66666666666667
2025-08-08 12:01:00,246 INFO Comparing database entry: spring hill, tennessee with City of Spring Hill returned from geonames.
2025-08-08 12:01:00,246 INFO 📄 Index 1 | Name: City of Spring Hill | fcl: A, fcode: ADMD | ADM1: Tennessee, ADM2: Maury, ADM3: , ADM4:  | Score: 13.43, Population: 29036 | Fuzzy match: 53.65853658536586
2025-08-08 12:01:00,246 INFO Comparing database entry: spring hill, tennessee with Minor Hill returned from geonames.
2025-08-08 12:01:00,246 INFO 📄 Index 2 | Name: Minor Hill | fcl: P, fcode: PPL | ADM1: Tennessee, ADM2: Giles, ADM3: , ADM4:  | Score: 13.28, Population: 527 | Fuzzy match: 43.75
2025-08-08 12:01:00,246 INFO Comparing database entry: spring hill, tennessee with Spring Hill returned from geonames.
2025-08-08 12:01:00,246 INFO 📄 Index 3 | Name: Spring Hill | fcl: P, fcode: PPL | ADM1: Tennessee, ADM2: White, ADM3: , ADM4:  | Score: 8.48, Population: 0 | Fuzzy match: 66.66666666666667
2025-08-08 12:01:00,412 INFO Comparing database entry: spring hill, tennessee with Spring Hill returned from geonames.
2025-08-08 12:01:00,413 INFO 📄 Index 0 | Name: Spring Hill | fcl: P, fcode: PPL | ADM1: Tennessee, ADM2: Maury, ADM3: , ADM4:  | Score: 22.00, Population: 36055 | Fuzzy match: 66.66666666666667
2025-08-08 12:01:00,413 INFO Comparing database entry: spring hill, tennessee with City of Spring Hill returned from geonames.
2025-08-08 12:01:00,413 INFO 📄 Index 1 | Name: City of Spring Hill | fcl: A, fcode: ADMD | ADM1: Tennessee, ADM2: Maury, ADM3: , ADM4:  | Score: 13.43, Population: 29036 | Fuzzy match: 53.65853658536586
2025-08-08 12:01:00,413 INFO Comparing database entry: spring hill, tennessee with Minor Hill returned from geonames.
2025-08-08 12:01:00,413 INFO 📄 Index 2 | Name: Minor Hill | fcl: P, fcode: PPL | ADM1: Tennessee, ADM2: Giles, ADM3: , ADM4:  | Score: 13.28, Population: 527 | Fuzzy match: 43.75
2025-08-08 12:01:00,413 INFO Comparing database entry: spring hill, tennessee with Spring Hill returned from geonames.
2025-08-08 12:01:00,413 INFO 📄 Index 3 | Name: Spring Hill | fcl: P, fcode: PPL | ADM1: Tennessee, ADM2: White, ADM3: , ADM4:  | Score: 8.48, Population: 0 | Fuzzy match: 66.66666666666667
2025-08-08 12:01:00,574 INFO Comparing database entry: spring hill, tennessee with Spring Hill returned from geonames.
2025-08-08 12:01:00,574 INFO 📄 Index 0 | Name: Spring Hill | fcl: P, fcode: PPL | ADM1: Tennessee, ADM2: Maury, ADM3: , ADM4:  | Score: 22.00, Population: 36055 | Fuzzy match: 66.66666666666667
2025-08-08 12:01:00,574 INFO Comparing database entry: spring hill, tennessee with City of Spring Hill returned from geonames.
2025-08-08 12:01:00,574 INFO 📄 Index 1 | Name: City of Spring Hill | fcl: A, fcode: ADMD | ADM1: Tennessee, ADM2: Maury, ADM3: , ADM4:  | Score: 13.43, Population: 29036 | Fuzzy match: 53.65853658536586
2025-08-08 12:01:00,574 INFO Comparing database entry: spring hill, tennessee with Minor Hill returned from geonames.
2025-08-08 12:01:00,574 INFO 📄 Index 2 | Name: Minor Hill | fcl: P, fcode: PPL | ADM1: Tennessee, ADM2: Giles, ADM3: , ADM4:  | Score: 13.28, Population: 527 | Fuzzy match: 43.75
2025-08-08 12:01:00,574 INFO Comparing database entry: spring hill, tennessee with Spring Hill returned from geonames.
2025-08-08 12:01:00,574 INFO 📄 Index 3 | Name: Spring Hill | fcl: P, fcode: PPL | ADM1: Tennessee, ADM2: White, ADM3: , ADM4:  | Score: 8.48, Population: 0 | Fuzzy match: 66.66666666666667
2025-08-08 12:01:00,742 INFO Comparing database entry: spring hill, tennessee with Spring Hill returned from geonames.
2025-08-08 12:01:00,742 INFO 📄 Index 0 | Name: Spring Hill | fcl: P, fcode: PPL | ADM1: Tennessee, ADM2: Maury, ADM3: , ADM4:  | Score: 22.00, Population: 36055 | Fuzzy match: 66.66666666666667
2025-08-08 12:01:00,742 INFO Comparing database entry: spring hill, tennessee with City of Spring Hill returned from geonames.
2025-08-08 12:01:00,742 INFO 📄 Index 1 | Name: City of Spring Hill | fcl: A, fcode: ADMD | ADM1: Tennessee, ADM2: Maury, ADM3: , ADM4:  | Score: 13.43, Population: 29036 | Fuzzy match: 53.65853658536586
2025-08-08 12:01:00,742 INFO Comparing database entry: spring hill, tennessee with Minor Hill returned from geonames.
2025-08-08 12:01:00,742 INFO 📄 Index 2 | Name: Minor Hill | fcl: P, fcode: PPL | ADM1: Tennessee, ADM2: Giles, ADM3: , ADM4:  | Score: 13.28, Population: 527 | Fuzzy match: 43.75
2025-08-08 12:01:00,742 INFO Comparing database entry: spring hill, tennessee with Spring Hill returned from geonames.
2025-08-08 12:01:00,742 INFO 📄 Index 3 | Name: Spring Hill | fcl: P, fcode: PPL | ADM1: Tennessee, ADM2: White, ADM3: , ADM4:  | Score: 8.48, Population: 0 | Fuzzy match: 66.66666666666667
2025-08-08 12:01:00,928 INFO Comparing database entry: spring hill, tennessee with Spring Hill returned from geonames.
2025-08-08 12:01:00,928 INFO 📄 Index 0 | Name: Spring Hill | fcl: P, fcode: PPL | ADM1: Tennessee, ADM2: Maury, ADM3: , ADM4:  | Score: 22.00, Population: 36055 | Fuzzy match: 66.66666666666667
2025-08-08 12:01:00,928 INFO Comparing database entry: spring hill, tennessee with City of Spring Hill returned from geonames.
2025-08-08 12:01:00,928 INFO 📄 Index 1 | Name: City of Spring Hill | fcl: A, fcode: ADMD | ADM1: Tennessee, ADM2: Maury, ADM3: , ADM4:  | Score: 13.43, Population: 29036 | Fuzzy match: 53.65853658536586
2025-08-08 12:01:00,928 INFO Comparing database entry: spring hill, tennessee with Minor Hill returned from geonames.
2025-08-08 12:01:00,928 INFO 📄 Index 2 | Name: Minor Hill | fcl: P, fcode: PPL | ADM1: Tennessee, ADM2: Giles, ADM3: , ADM4:  | Score: 13.28, Population: 527 | Fuzzy match: 43.75
2025-08-08 12:01:00,928 INFO Comparing database entry: spring hill, tennessee with Spring Hill returned from geonames.
2025-08-08 12:01:00,928 INFO 📄 Index 3 | Name: Spring Hill | fcl: P, fcode: PPL | ADM1: Tennessee, ADM2: White, ADM3: , ADM4:  | Score: 8.48, Population: 0 | Fuzzy match: 66.66666666666667
2025-08-08 12:01:01,064 INFO Comparing database entry: spring hill, tennessee with Spring Hill returned from geonames.
2025-08-08 12:01:01,064 INFO 📄 Index 0 | Name: Spring Hill | fcl: P, fcode: PPL | ADM1: Tennessee, ADM2: Maury, ADM3: , ADM4:  | Score: 22.00, Population: 36055 | Fuzzy match: 66.66666666666667
2025-08-08 12:01:01,064 INFO Comparing database entry: spring hill, tennessee with City of Spring Hill returned from geonames.
2025-08-08 12:01:01,064 INFO 📄 Index 1 | Name: City of Spring Hill | fcl: A, fcode: ADMD | ADM1: Tennessee, ADM2: Maury, ADM3: , ADM4:  | Score: 13.43, Population: 29036 | Fuzzy match: 53.65853658536586
2025-08-08 12:01:01,064 INFO Comparing database entry: spring hill, tennessee with Minor Hill returned from geonames.
2025-08-08 12:01:01,064 INFO 📄 Index 2 | Name: Minor Hill | fcl: P, fcode: PPL | ADM1: Tennessee, ADM2: Giles, ADM3: , ADM4:  | Score: 13.28, Population: 527 | Fuzzy match: 43.75
2025-08-08 12:01:01,064 INFO Comparing database entry: spring hill, tennessee with Spring Hill returned from geonames.
2025-08-08 12:01:01,064 INFO 📄 Index 3 | Name: Spring Hill | fcl: P, fcode: PPL | ADM1: Tennessee, ADM2: White, ADM3: , ADM4:  | Score: 8.48, Population: 0 | Fuzzy match: 66.66666666666667
2025-08-08 12:01:01,064 WARNING ❌ No match found with fuzzy score > 80 for city: spring hill, tennessee
2025-08-08 12:01:01,064 WARNING ❌ Lookup failed for city='spring_hill_tennessee', iso2='US'
