2025-08-08 12:01:01,064 INFO 🗺️ Starting GeoNames lookup for city='st_clair', country='united states'
2025-08-08 12:01:01,064 INFO 📍 Location is present in the following articles: [ObjectId('67f92215f431fddd61d55d37'), ObjectId('67f92238f431fddd61d55dae')]
2025-08-08 12:01:01,226 INFO Comparing database entry: st. clair with East Saint Louis returned from geonames.
2025-08-08 12:01:01,226 INFO 📄 Index 0 | Name: East Saint Louis | fcl: P, fcode: PPL | ADM1: Illinois, ADM2: Saint Clair, ADM3: , ADM4:  | Score: 36.40, Population: 27006 | Fuzzy match: 40.0
2025-08-08 12:01:01,226 INFO Comparing database entry: st. clair with Belleville returned from geonames.
2025-08-08 12:01:01,226 INFO 📄 Index 1 | Name: Belleville | fcl: P, fcode: PPLA2 | ADM1: Illinois, ADM2: Saint Clair, ADM3: Belleville Township, ADM4:  | Score: 35.97, Population: 42034 | Fuzzy match: 21.052631578947366
2025-08-08 12:01:01,226 INFO Comparing database entry: st. clair with Saint Clair returned from geonames.
2025-08-08 12:01:01,226 INFO 📄 Index 2 | Name: Saint Clair | fcl: A, fcode: ADM2 | ADM1: Missouri, ADM2: Saint Clair, ADM3: , ADM4:  | Score: 30.32, Population: 9284 | Fuzzy match: 80.0
2025-08-08 12:01:01,226 INFO Comparing database entry: st. clair with Saint Clair returned from geonames.
2025-08-08 12:01:01,227 INFO 📄 Index 3 | Name: Saint Clair | fcl: A, fcode: ADM2 | ADM1: Illinois, ADM2: Saint Clair, ADM3: , ADM4:  | Score: 29.32, Population: 257400 | Fuzzy match: 80.0
2025-08-08 12:01:01,375 INFO Comparing database entry: st. clair with East Saint Louis returned from geonames.
2025-08-08 12:01:01,375 INFO 📄 Index 0 | Name: East Saint Louis | fcl: P, fcode: PPL | ADM1: Illinois, ADM2: Saint Clair, ADM3: , ADM4:  | Score: 36.40, Population: 27006 | Fuzzy match: 40.0
2025-08-08 12:01:01,375 INFO Comparing database entry: st. clair with Belleville returned from geonames.
2025-08-08 12:01:01,376 INFO 📄 Index 1 | Name: Belleville | fcl: P, fcode: PPLA2 | ADM1: Illinois, ADM2: Saint Clair, ADM3: Belleville Township, ADM4:  | Score: 35.97, Population: 42034 | Fuzzy match: 21.052631578947366
2025-08-08 12:01:01,376 INFO Comparing database entry: st. clair with Saint Clair returned from geonames.
2025-08-08 12:01:01,376 INFO 📄 Index 2 | Name: Saint Clair | fcl: A, fcode: ADM2 | ADM1: Missouri, ADM2: Saint Clair, ADM3: , ADM4:  | Score: 30.32, Population: 9284 | Fuzzy match: 80.0
2025-08-08 12:01:01,376 INFO Comparing database entry: st. clair with Saint Clair returned from geonames.
2025-08-08 12:01:01,376 INFO 📄 Index 3 | Name: Saint Clair | fcl: A, fcode: ADM2 | ADM1: Illinois, ADM2: Saint Clair, ADM3: , ADM4:  | Score: 29.32, Population: 257400 | Fuzzy match: 80.0
2025-08-08 12:01:01,541 INFO Comparing database entry: st. clair with East Saint Louis returned from geonames.
2025-08-08 12:01:01,541 INFO 📄 Index 0 | Name: East Saint Louis | fcl: P, fcode: PPL | ADM1: Illinois, ADM2: Saint Clair, ADM3: , ADM4:  | Score: 36.40, Population: 27006 | Fuzzy match: 40.0
2025-08-08 12:01:01,541 INFO Comparing database entry: st. clair with Belleville returned from geonames.
2025-08-08 12:01:01,541 INFO 📄 Index 1 | Name: Belleville | fcl: P, fcode: PPLA2 | ADM1: Illinois, ADM2: Saint Clair, ADM3: Belleville Township, ADM4:  | Score: 35.97, Population: 42034 | Fuzzy match: 21.052631578947366
2025-08-08 12:01:01,541 INFO Comparing database entry: st. clair with Saint Clair returned from geonames.
2025-08-08 12:01:01,541 INFO 📄 Index 2 | Name: Saint Clair | fcl: A, fcode: ADM2 | ADM1: Missouri, ADM2: Saint Clair, ADM3: , ADM4:  | Score: 30.32, Population: 9284 | Fuzzy match: 80.0
2025-08-08 12:01:01,541 INFO Comparing database entry: st. clair with Saint Clair returned from geonames.
2025-08-08 12:01:01,541 INFO 📄 Index 3 | Name: Saint Clair | fcl: A, fcode: ADM2 | ADM1: Illinois, ADM2: Saint Clair, ADM3: , ADM4:  | Score: 29.32, Population: 257400 | Fuzzy match: 80.0
2025-08-08 12:01:01,738 INFO Comparing database entry: st. clair with East Saint Louis returned from geonames.
2025-08-08 12:01:01,738 INFO 📄 Index 0 | Name: East Saint Louis | fcl: P, fcode: PPL | ADM1: Illinois, ADM2: Saint Clair, ADM3: , ADM4:  | Score: 36.40, Population: 27006 | Fuzzy match: 40.0
2025-08-08 12:01:01,738 INFO Comparing database entry: st. clair with Belleville returned from geonames.
2025-08-08 12:01:01,738 INFO 📄 Index 1 | Name: Belleville | fcl: P, fcode: PPLA2 | ADM1: Illinois, ADM2: Saint Clair, ADM3: Belleville Township, ADM4:  | Score: 35.97, Population: 42034 | Fuzzy match: 21.052631578947366
2025-08-08 12:01:01,738 INFO Comparing database entry: st. clair with Saint Clair returned from geonames.
2025-08-08 12:01:01,738 INFO 📄 Index 2 | Name: Saint Clair | fcl: A, fcode: ADM2 | ADM1: Missouri, ADM2: Saint Clair, ADM3: , ADM4:  | Score: 30.32, Population: 9284 | Fuzzy match: 80.0
2025-08-08 12:01:01,738 INFO Comparing database entry: st. clair with Saint Clair returned from geonames.
2025-08-08 12:01:01,738 INFO 📄 Index 3 | Name: Saint Clair | fcl: A, fcode: ADM2 | ADM1: Illinois, ADM2: Saint Clair, ADM3: , ADM4:  | Score: 29.32, Population: 257400 | Fuzzy match: 80.0
2025-08-08 12:01:01,902 INFO Comparing database entry: st. clair with East Saint Louis returned from geonames.
2025-08-08 12:01:01,902 INFO 📄 Index 0 | Name: East Saint Louis | fcl: P, fcode: PPL | ADM1: Illinois, ADM2: Saint Clair, ADM3: , ADM4:  | Score: 36.40, Population: 27006 | Fuzzy match: 40.0
2025-08-08 12:01:01,903 INFO Comparing database entry: st. clair with Belleville returned from geonames.
2025-08-08 12:01:01,903 INFO 📄 Index 1 | Name: Belleville | fcl: P, fcode: PPLA2 | ADM1: Illinois, ADM2: Saint Clair, ADM3: Belleville Township, ADM4:  | Score: 35.97, Population: 42034 | Fuzzy match: 21.052631578947366
2025-08-08 12:01:01,903 INFO Comparing database entry: st. clair with Saint Clair returned from geonames.
2025-08-08 12:01:01,903 INFO 📄 Index 2 | Name: Saint Clair | fcl: A, fcode: ADM2 | ADM1: Missouri, ADM2: Saint Clair, ADM3: , ADM4:  | Score: 30.32, Population: 9284 | Fuzzy match: 80.0
2025-08-08 12:01:01,903 INFO Comparing database entry: st. clair with Saint Clair returned from geonames.
2025-08-08 12:01:01,903 INFO 📄 Index 3 | Name: Saint Clair | fcl: A, fcode: ADM2 | ADM1: Illinois, ADM2: Saint Clair, ADM3: , ADM4:  | Score: 29.32, Population: 257400 | Fuzzy match: 80.0
2025-08-08 12:01:02,084 INFO Comparing database entry: st. clair with East Saint Louis returned from geonames.
2025-08-08 12:01:02,084 INFO 📄 Index 0 | Name: East Saint Louis | fcl: P, fcode: PPL | ADM1: Illinois, ADM2: Saint Clair, ADM3: , ADM4:  | Score: 36.40, Population: 27006 | Fuzzy match: 40.0
2025-08-08 12:01:02,084 INFO Comparing database entry: st. clair with Belleville returned from geonames.
2025-08-08 12:01:02,084 INFO 📄 Index 1 | Name: Belleville | fcl: P, fcode: PPLA2 | ADM1: Illinois, ADM2: Saint Clair, ADM3: Belleville Township, ADM4:  | Score: 35.97, Population: 42034 | Fuzzy match: 21.052631578947366
2025-08-08 12:01:02,084 INFO Comparing database entry: st. clair with Saint Clair returned from geonames.
2025-08-08 12:01:02,084 INFO 📄 Index 2 | Name: Saint Clair | fcl: A, fcode: ADM2 | ADM1: Missouri, ADM2: Saint Clair, ADM3: , ADM4:  | Score: 30.32, Population: 9284 | Fuzzy match: 80.0
2025-08-08 12:01:02,084 INFO Comparing database entry: st. clair with Saint Clair returned from geonames.
2025-08-08 12:01:02,084 INFO 📄 Index 3 | Name: Saint Clair | fcl: A, fcode: ADM2 | ADM1: Illinois, ADM2: Saint Clair, ADM3: , ADM4:  | Score: 29.32, Population: 257400 | Fuzzy match: 80.0
2025-08-08 12:01:02,084 WARNING ❌ No match found with fuzzy score > 80 for city: st. clair
2025-08-08 12:01:02,084 WARNING ❌ Lookup failed for city='st_clair', iso2='US'
