2025-08-08 12:00:58,832 INFO 🗺️ Starting GeoNames lookup for city='southwestern_kentucky', country='united states'
2025-08-08 12:00:58,832 INFO 📍 Location is present in the following articles: [ObjectId('67f92236f431fddd61d55da5')]
2025-08-08 12:00:58,993 INFO Comparing database entry: southwestern kentucky with Waterflow returned from geonames.
2025-08-08 12:00:58,994 INFO 📄 Index 0 | Name: Waterflow | fcl: P, fcode: PPL | ADM1: New Mexico, ADM2: San Juan, ADM3: , ADM4:  | Score: 10.05, Population: 1670 | Fuzzy match: 26.66666666666667
2025-08-08 12:00:58,994 INFO Comparing database entry: southwestern kentucky with Kentucky Town returned from geonames.
2025-08-08 12:00:58,994 INFO 📄 Index 1 | Name: Kentucky Town | fcl: P, fcode: PPL | ADM1: Texas, ADM2: Grayson, ADM3: , ADM4:  | Score: 8.05, Population: 0 | Fuzzy match: 70.58823529411764
2025-08-08 12:00:59,149 INFO Comparing database entry: southwestern kentucky with Waterflow returned from geonames.
2025-08-08 12:00:59,149 INFO 📄 Index 0 | Name: Waterflow | fcl: P, fcode: PPL | ADM1: New Mexico, ADM2: San Juan, ADM3: , ADM4:  | Score: 10.05, Population: 1670 | Fuzzy match: 26.66666666666667
2025-08-08 12:00:59,149 INFO Comparing database entry: southwestern kentucky with Kentucky Town returned from geonames.
2025-08-08 12:00:59,149 INFO 📄 Index 1 | Name: Kentucky Town | fcl: P, fcode: PPL | ADM1: Texas, ADM2: Grayson, ADM3: , ADM4:  | Score: 8.05, Population: 0 | Fuzzy match: 70.58823529411764
2025-08-08 12:00:59,307 INFO Comparing database entry: southwestern kentucky with Waterflow returned from geonames.
2025-08-08 12:00:59,308 INFO 📄 Index 0 | Name: Waterflow | fcl: P, fcode: PPL | ADM1: New Mexico, ADM2: San Juan, ADM3: , ADM4:  | Score: 10.05, Population: 1670 | Fuzzy match: 26.66666666666667
2025-08-08 12:00:59,308 INFO Comparing database entry: southwestern kentucky with Kentucky Town returned from geonames.
2025-08-08 12:00:59,308 INFO 📄 Index 1 | Name: Kentucky Town | fcl: P, fcode: PPL | ADM1: Texas, ADM2: Grayson, ADM3: , ADM4:  | Score: 8.05, Population: 0 | Fuzzy match: 70.58823529411764
2025-08-08 12:00:59,502 INFO Comparing database entry: southwestern kentucky with Waterflow returned from geonames.
2025-08-08 12:00:59,502 INFO 📄 Index 0 | Name: Waterflow | fcl: P, fcode: PPL | ADM1: New Mexico, ADM2: San Juan, ADM3: , ADM4:  | Score: 10.05, Population: 1670 | Fuzzy match: 26.66666666666667
2025-08-08 12:00:59,502 INFO Comparing database entry: southwestern kentucky with Kentucky Town returned from geonames.
2025-08-08 12:00:59,502 INFO 📄 Index 1 | Name: Kentucky Town | fcl: P, fcode: PPL | ADM1: Texas, ADM2: Grayson, ADM3: , ADM4:  | Score: 8.05, Population: 0 | Fuzzy match: 70.58823529411764
2025-08-08 12:00:59,650 INFO Comparing database entry: southwestern kentucky with Waterflow returned from geonames.
2025-08-08 12:00:59,650 INFO 📄 Index 0 | Name: Waterflow | fcl: P, fcode: PPL | ADM1: New Mexico, ADM2: San Juan, ADM3: , ADM4:  | Score: 10.05, Population: 1670 | Fuzzy match: 26.66666666666667
2025-08-08 12:00:59,651 INFO Comparing database entry: southwestern kentucky with Kentucky Town returned from geonames.
2025-08-08 12:00:59,651 INFO 📄 Index 1 | Name: Kentucky Town | fcl: P, fcode: PPL | ADM1: Texas, ADM2: Grayson, ADM3: , ADM4:  | Score: 8.05, Population: 0 | Fuzzy match: 70.58823529411764
2025-08-08 12:00:59,820 INFO Comparing database entry: southwestern kentucky with Waterflow returned from geonames.
2025-08-08 12:00:59,820 INFO 📄 Index 0 | Name: Waterflow | fcl: P, fcode: PPL | ADM1: New Mexico, ADM2: San Juan, ADM3: , ADM4:  | Score: 10.05, Population: 1670 | Fuzzy match: 26.66666666666667
2025-08-08 12:00:59,820 INFO Comparing database entry: southwestern kentucky with Kentucky Town returned from geonames.
2025-08-08 12:00:59,820 INFO 📄 Index 1 | Name: Kentucky Town | fcl: P, fcode: PPL | ADM1: Texas, ADM2: Grayson, ADM3: , ADM4:  | Score: 8.05, Population: 0 | Fuzzy match: 70.58823529411764
2025-08-08 12:00:59,821 WARNING ❌ No match found with fuzzy score > 80 for city: southwestern kentucky
2025-08-08 12:00:59,821 WARNING ❌ Lookup failed for city='southwestern_kentucky', iso2='US'
