2025-08-08 12:18:02,427 INFO 🗺️ Starting GeoNames lookup for city='south_carolina', country='united states'
2025-08-08 12:18:02,427 INFO 📍 Location is present in the following articles: [ObjectId('67f922e7f431fddd61d55fee'), ObjectId('6840a212c202c40b602d3843')]
2025-08-08 12:18:02,617 INFO Comparing database entry: south carolina with Columbia returned from geonames.
2025-08-08 12:18:02,617 INFO 📄 Index 0 | Name: Columbia | fcl: P, fcode: PPLA | ADM1: South Carolina, ADM2: Richland, ADM3: , ADM4:  | Score: 54.80, Population: 142416 | Fuzzy match: 45.45454545454546
2025-08-08 12:18:02,618 INFO Comparing database entry: south carolina with Charlotte returned from geonames.
2025-08-08 12:18:02,618 INFO 📄 Index 1 | Name: Charlotte | fcl: P, fcode: PPLA2 | ADM1: North Carolina, ADM2: Mecklenburg, ADM3: , ADM4:  | Score: 51.99, Population: 874579 | Fuzzy match: 52.17391304347826
2025-08-08 12:18:02,618 INFO Comparing database entry: south carolina with Raleigh returned from geonames.
2025-08-08 12:18:02,618 INFO 📄 Index 2 | Name: Raleigh | fcl: P, fcode: PPLA | ADM1: North Carolina, ADM2: Wake, ADM3: Raleigh Township, ADM4:  | Score: 51.70, Population: 482295 | Fuzzy match: 38.095238095238095
2025-08-08 12:18:02,618 INFO Comparing database entry: south carolina with Greensboro returned from geonames.
2025-08-08 12:18:02,618 INFO 📄 Index 3 | Name: Greensboro | fcl: P, fcode: PPL | ADM1: North Carolina, ADM2: Guilford, ADM3: Morehead Township, ADM4:  | Score: 47.13, Population: 285342 | Fuzzy match: 33.333333333333336
2025-08-08 12:18:02,772 INFO Comparing database entry: south carolina with Columbia returned from geonames.
2025-08-08 12:18:02,772 INFO 📄 Index 0 | Name: Columbia | fcl: P, fcode: PPLA | ADM1: South Carolina, ADM2: Richland, ADM3: , ADM4:  | Score: 54.80, Population: 142416 | Fuzzy match: 45.45454545454546
2025-08-08 12:18:02,772 INFO Comparing database entry: south carolina with Charlotte returned from geonames.
2025-08-08 12:18:02,773 INFO 📄 Index 1 | Name: Charlotte | fcl: P, fcode: PPLA2 | ADM1: North Carolina, ADM2: Mecklenburg, ADM3: , ADM4:  | Score: 51.99, Population: 874579 | Fuzzy match: 52.17391304347826
2025-08-08 12:18:02,773 INFO Comparing database entry: south carolina with Raleigh returned from geonames.
2025-08-08 12:18:02,773 INFO 📄 Index 2 | Name: Raleigh | fcl: P, fcode: PPLA | ADM1: North Carolina, ADM2: Wake, ADM3: Raleigh Township, ADM4:  | Score: 51.70, Population: 482295 | Fuzzy match: 38.095238095238095
2025-08-08 12:18:02,773 INFO Comparing database entry: south carolina with Greensboro returned from geonames.
2025-08-08 12:18:02,773 INFO 📄 Index 3 | Name: Greensboro | fcl: P, fcode: PPL | ADM1: North Carolina, ADM2: Guilford, ADM3: Morehead Township, ADM4:  | Score: 47.13, Population: 285342 | Fuzzy match: 33.333333333333336
2025-08-08 12:18:02,938 INFO Comparing database entry: south carolina with Columbia returned from geonames.
2025-08-08 12:18:02,938 INFO 📄 Index 0 | Name: Columbia | fcl: P, fcode: PPLA | ADM1: South Carolina, ADM2: Richland, ADM3: , ADM4:  | Score: 54.80, Population: 142416 | Fuzzy match: 45.45454545454546
2025-08-08 12:18:02,938 INFO Comparing database entry: south carolina with Charlotte returned from geonames.
2025-08-08 12:18:02,938 INFO 📄 Index 1 | Name: Charlotte | fcl: P, fcode: PPLA2 | ADM1: North Carolina, ADM2: Mecklenburg, ADM3: , ADM4:  | Score: 51.99, Population: 874579 | Fuzzy match: 52.17391304347826
2025-08-08 12:18:02,938 INFO Comparing database entry: south carolina with Raleigh returned from geonames.
2025-08-08 12:18:02,938 INFO 📄 Index 2 | Name: Raleigh | fcl: P, fcode: PPLA | ADM1: North Carolina, ADM2: Wake, ADM3: Raleigh Township, ADM4:  | Score: 51.70, Population: 482295 | Fuzzy match: 38.095238095238095
2025-08-08 12:18:02,938 INFO Comparing database entry: south carolina with Greensboro returned from geonames.
2025-08-08 12:18:02,939 INFO 📄 Index 3 | Name: Greensboro | fcl: P, fcode: PPL | ADM1: North Carolina, ADM2: Guilford, ADM3: Morehead Township, ADM4:  | Score: 47.13, Population: 285342 | Fuzzy match: 33.333333333333336
2025-08-08 12:18:03,112 INFO Comparing database entry: south carolina with Columbia returned from geonames.
2025-08-08 12:18:03,112 INFO 📄 Index 0 | Name: Columbia | fcl: P, fcode: PPLA | ADM1: South Carolina, ADM2: Richland, ADM3: , ADM4:  | Score: 54.80, Population: 142416 | Fuzzy match: 45.45454545454546
2025-08-08 12:18:03,112 INFO Comparing database entry: south carolina with Charlotte returned from geonames.
2025-08-08 12:18:03,112 INFO 📄 Index 1 | Name: Charlotte | fcl: P, fcode: PPLA2 | ADM1: North Carolina, ADM2: Mecklenburg, ADM3: , ADM4:  | Score: 51.99, Population: 874579 | Fuzzy match: 52.17391304347826
2025-08-08 12:18:03,112 INFO Comparing database entry: south carolina with Raleigh returned from geonames.
2025-08-08 12:18:03,112 INFO 📄 Index 2 | Name: Raleigh | fcl: P, fcode: PPLA | ADM1: North Carolina, ADM2: Wake, ADM3: Raleigh Township, ADM4:  | Score: 51.70, Population: 482295 | Fuzzy match: 38.095238095238095
2025-08-08 12:18:03,113 INFO Comparing database entry: south carolina with Greensboro returned from geonames.
2025-08-08 12:18:03,113 INFO 📄 Index 3 | Name: Greensboro | fcl: P, fcode: PPL | ADM1: North Carolina, ADM2: Guilford, ADM3: Morehead Township, ADM4:  | Score: 47.13, Population: 285342 | Fuzzy match: 33.333333333333336
2025-08-08 12:18:03,273 INFO Comparing database entry: south carolina with Columbia returned from geonames.
2025-08-08 12:18:03,274 INFO 📄 Index 0 | Name: Columbia | fcl: P, fcode: PPLA | ADM1: South Carolina, ADM2: Richland, ADM3: , ADM4:  | Score: 54.80, Population: 142416 | Fuzzy match: 45.45454545454546
2025-08-08 12:18:03,274 INFO Comparing database entry: south carolina with Charlotte returned from geonames.
2025-08-08 12:18:03,274 INFO 📄 Index 1 | Name: Charlotte | fcl: P, fcode: PPLA2 | ADM1: North Carolina, ADM2: Mecklenburg, ADM3: , ADM4:  | Score: 51.99, Population: 874579 | Fuzzy match: 52.17391304347826
2025-08-08 12:18:03,274 INFO Comparing database entry: south carolina with Raleigh returned from geonames.
2025-08-08 12:18:03,274 INFO 📄 Index 2 | Name: Raleigh | fcl: P, fcode: PPLA | ADM1: North Carolina, ADM2: Wake, ADM3: Raleigh Township, ADM4:  | Score: 51.70, Population: 482295 | Fuzzy match: 38.095238095238095
2025-08-08 12:18:03,274 INFO Comparing database entry: south carolina with Greensboro returned from geonames.
2025-08-08 12:18:03,274 INFO 📄 Index 3 | Name: Greensboro | fcl: P, fcode: PPL | ADM1: North Carolina, ADM2: Guilford, ADM3: Morehead Township, ADM4:  | Score: 47.13, Population: 285342 | Fuzzy match: 33.333333333333336
2025-08-08 12:18:03,462 INFO Comparing database entry: south carolina with Columbia returned from geonames.
2025-08-08 12:18:03,462 INFO 📄 Index 0 | Name: Columbia | fcl: P, fcode: PPLA | ADM1: South Carolina, ADM2: Richland, ADM3: , ADM4:  | Score: 54.80, Population: 142416 | Fuzzy match: 45.45454545454546
2025-08-08 12:18:03,462 INFO Comparing database entry: south carolina with Charlotte returned from geonames.
2025-08-08 12:18:03,462 INFO 📄 Index 1 | Name: Charlotte | fcl: P, fcode: PPLA2 | ADM1: North Carolina, ADM2: Mecklenburg, ADM3: , ADM4:  | Score: 51.99, Population: 874579 | Fuzzy match: 52.17391304347826
2025-08-08 12:18:03,462 INFO Comparing database entry: south carolina with Raleigh returned from geonames.
2025-08-08 12:18:03,462 INFO 📄 Index 2 | Name: Raleigh | fcl: P, fcode: PPLA | ADM1: North Carolina, ADM2: Wake, ADM3: Raleigh Township, ADM4:  | Score: 51.70, Population: 482295 | Fuzzy match: 38.095238095238095
2025-08-08 12:18:03,462 INFO Comparing database entry: south carolina with Greensboro returned from geonames.
2025-08-08 12:18:03,462 INFO 📄 Index 3 | Name: Greensboro | fcl: P, fcode: PPL | ADM1: North Carolina, ADM2: Guilford, ADM3: Morehead Township, ADM4:  | Score: 47.13, Population: 285342 | Fuzzy match: 33.333333333333336
2025-08-08 12:18:03,462 WARNING ❌ No match found with fuzzy score > 80 for city: south carolina
2025-08-08 12:18:03,463 WARNING ❌ Lookup failed for city='south_carolina', iso2='US'
