2025-08-08 12:18:03,463 INFO 🗺️ Starting GeoNames lookup for city='southeastern_usa', country='usa'
2025-08-08 12:18:03,463 INFO 📍 Location is present in the following articles: [ObjectId('67f92313f431fddd61d56080')]
2025-08-08 12:18:03,631 INFO Comparing database entry: southeastern usa with Philadelphia returned from geonames.
2025-08-08 12:18:03,631 INFO 📄 Index 0 | Name: Philadelphia | fcl: P, fcode: PPLA2 | ADM1: Pennsylvania, ADM2: Philadelphia, ADM3: City of Philadelphia, ADM4:  | Score: 32.05, Population: 1573916 | Fuzzy match: 28.57142857142857
2025-08-08 12:18:03,631 INFO Comparing database entry: southeastern usa with New Bedford returned from geonames.
2025-08-08 12:18:03,631 INFO 📄 Index 1 | Name: New Bedford | fcl: P, fcode: PPL | ADM1: Massachusetts, ADM2: Bristol, ADM3: City of New Bedford, ADM4:  | Score: 27.99, Population: 101079 | Fuzzy match: 22.22222222222222
2025-08-08 12:18:03,631 INFO Comparing database entry: southeastern usa with Fall River returned from geonames.
2025-08-08 12:18:03,631 INFO 📄 Index 2 | Name: Fall River | fcl: P, fcode: PPL | ADM1: Massachusetts, ADM2: Bristol, ADM3: City of Fall River, ADM4:  | Score: 27.99, Population: 94000 | Fuzzy match: 23.076923076923073
2025-08-08 12:18:03,631 INFO Comparing database entry: southeastern usa with Brockton returned from geonames.
2025-08-08 12:18:03,631 INFO 📄 Index 3 | Name: Brockton | fcl: P, fcode: PPL | ADM1: Massachusetts, ADM2: Plymouth, ADM3: City of Brockton, ADM4:  | Score: 27.99, Population: 95314 | Fuzzy match: 25.0
2025-08-08 12:18:03,802 INFO Comparing database entry: southeastern usa with Philadelphia returned from geonames.
2025-08-08 12:18:03,802 INFO 📄 Index 0 | Name: Philadelphia | fcl: P, fcode: PPLA2 | ADM1: Pennsylvania, ADM2: Philadelphia, ADM3: City of Philadelphia, ADM4:  | Score: 32.05, Population: 1573916 | Fuzzy match: 28.57142857142857
2025-08-08 12:18:03,802 INFO Comparing database entry: southeastern usa with New Bedford returned from geonames.
2025-08-08 12:18:03,802 INFO 📄 Index 1 | Name: New Bedford | fcl: P, fcode: PPL | ADM1: Massachusetts, ADM2: Bristol, ADM3: City of New Bedford, ADM4:  | Score: 27.99, Population: 101079 | Fuzzy match: 22.22222222222222
2025-08-08 12:18:03,802 INFO Comparing database entry: southeastern usa with Fall River returned from geonames.
2025-08-08 12:18:03,803 INFO 📄 Index 2 | Name: Fall River | fcl: P, fcode: PPL | ADM1: Massachusetts, ADM2: Bristol, ADM3: City of Fall River, ADM4:  | Score: 27.99, Population: 94000 | Fuzzy match: 23.076923076923073
2025-08-08 12:18:03,803 INFO Comparing database entry: southeastern usa with Brockton returned from geonames.
2025-08-08 12:18:03,803 INFO 📄 Index 3 | Name: Brockton | fcl: P, fcode: PPL | ADM1: Massachusetts, ADM2: Plymouth, ADM3: City of Brockton, ADM4:  | Score: 27.99, Population: 95314 | Fuzzy match: 25.0
2025-08-08 12:18:03,978 INFO Comparing database entry: southeastern usa with Philadelphia returned from geonames.
2025-08-08 12:18:03,978 INFO 📄 Index 0 | Name: Philadelphia | fcl: P, fcode: PPLA2 | ADM1: Pennsylvania, ADM2: Philadelphia, ADM3: City of Philadelphia, ADM4:  | Score: 32.05, Population: 1573916 | Fuzzy match: 28.57142857142857
2025-08-08 12:18:03,978 INFO Comparing database entry: southeastern usa with New Bedford returned from geonames.
2025-08-08 12:18:03,978 INFO 📄 Index 1 | Name: New Bedford | fcl: P, fcode: PPL | ADM1: Massachusetts, ADM2: Bristol, ADM3: City of New Bedford, ADM4:  | Score: 27.99, Population: 101079 | Fuzzy match: 22.22222222222222
2025-08-08 12:18:03,978 INFO Comparing database entry: southeastern usa with Fall River returned from geonames.
2025-08-08 12:18:03,978 INFO 📄 Index 2 | Name: Fall River | fcl: P, fcode: PPL | ADM1: Massachusetts, ADM2: Bristol, ADM3: City of Fall River, ADM4:  | Score: 27.99, Population: 94000 | Fuzzy match: 23.076923076923073
2025-08-08 12:18:03,978 INFO Comparing database entry: southeastern usa with Brockton returned from geonames.
2025-08-08 12:18:03,979 INFO 📄 Index 3 | Name: Brockton | fcl: P, fcode: PPL | ADM1: Massachusetts, ADM2: Plymouth, ADM3: City of Brockton, ADM4:  | Score: 27.99, Population: 95314 | Fuzzy match: 25.0
2025-08-08 12:18:04,142 INFO Comparing database entry: southeastern usa with Philadelphia returned from geonames.
2025-08-08 12:18:04,142 INFO 📄 Index 0 | Name: Philadelphia | fcl: P, fcode: PPLA2 | ADM1: Pennsylvania, ADM2: Philadelphia, ADM3: City of Philadelphia, ADM4:  | Score: 32.05, Population: 1573916 | Fuzzy match: 28.57142857142857
2025-08-08 12:18:04,142 INFO Comparing database entry: southeastern usa with New Bedford returned from geonames.
2025-08-08 12:18:04,142 INFO 📄 Index 1 | Name: New Bedford | fcl: P, fcode: PPL | ADM1: Massachusetts, ADM2: Bristol, ADM3: City of New Bedford, ADM4:  | Score: 27.99, Population: 101079 | Fuzzy match: 22.22222222222222
2025-08-08 12:18:04,142 INFO Comparing database entry: southeastern usa with Fall River returned from geonames.
2025-08-08 12:18:04,142 INFO 📄 Index 2 | Name: Fall River | fcl: P, fcode: PPL | ADM1: Massachusetts, ADM2: Bristol, ADM3: City of Fall River, ADM4:  | Score: 27.99, Population: 94000 | Fuzzy match: 23.076923076923073
2025-08-08 12:18:04,142 INFO Comparing database entry: southeastern usa with Brockton returned from geonames.
2025-08-08 12:18:04,142 INFO 📄 Index 3 | Name: Brockton | fcl: P, fcode: PPL | ADM1: Massachusetts, ADM2: Plymouth, ADM3: City of Brockton, ADM4:  | Score: 27.99, Population: 95314 | Fuzzy match: 25.0
2025-08-08 12:18:04,307 INFO Comparing database entry: southeastern usa with Philadelphia returned from geonames.
2025-08-08 12:18:04,307 INFO 📄 Index 0 | Name: Philadelphia | fcl: P, fcode: PPLA2 | ADM1: Pennsylvania, ADM2: Philadelphia, ADM3: City of Philadelphia, ADM4:  | Score: 32.05, Population: 1573916 | Fuzzy match: 28.57142857142857
2025-08-08 12:18:04,307 INFO Comparing database entry: southeastern usa with New Bedford returned from geonames.
2025-08-08 12:18:04,307 INFO 📄 Index 1 | Name: New Bedford | fcl: P, fcode: PPL | ADM1: Massachusetts, ADM2: Bristol, ADM3: City of New Bedford, ADM4:  | Score: 27.99, Population: 101079 | Fuzzy match: 22.22222222222222
2025-08-08 12:18:04,307 INFO Comparing database entry: southeastern usa with Fall River returned from geonames.
2025-08-08 12:18:04,307 INFO 📄 Index 2 | Name: Fall River | fcl: P, fcode: PPL | ADM1: Massachusetts, ADM2: Bristol, ADM3: City of Fall River, ADM4:  | Score: 27.99, Population: 94000 | Fuzzy match: 23.076923076923073
2025-08-08 12:18:04,307 INFO Comparing database entry: southeastern usa with Brockton returned from geonames.
2025-08-08 12:18:04,307 INFO 📄 Index 3 | Name: Brockton | fcl: P, fcode: PPL | ADM1: Massachusetts, ADM2: Plymouth, ADM3: City of Brockton, ADM4:  | Score: 27.99, Population: 95314 | Fuzzy match: 25.0
2025-08-08 12:18:04,447 INFO Comparing database entry: southeastern usa with Philadelphia returned from geonames.
2025-08-08 12:18:04,448 INFO 📄 Index 0 | Name: Philadelphia | fcl: P, fcode: PPLA2 | ADM1: Pennsylvania, ADM2: Philadelphia, ADM3: City of Philadelphia, ADM4:  | Score: 32.05, Population: 1573916 | Fuzzy match: 28.57142857142857
2025-08-08 12:18:04,448 INFO Comparing database entry: southeastern usa with New Bedford returned from geonames.
2025-08-08 12:18:04,448 INFO 📄 Index 1 | Name: New Bedford | fcl: P, fcode: PPL | ADM1: Massachusetts, ADM2: Bristol, ADM3: City of New Bedford, ADM4:  | Score: 27.99, Population: 101079 | Fuzzy match: 22.22222222222222
2025-08-08 12:18:04,448 INFO Comparing database entry: southeastern usa with Fall River returned from geonames.
2025-08-08 12:18:04,448 INFO 📄 Index 2 | Name: Fall River | fcl: P, fcode: PPL | ADM1: Massachusetts, ADM2: Bristol, ADM3: City of Fall River, ADM4:  | Score: 27.99, Population: 94000 | Fuzzy match: 23.076923076923073
2025-08-08 12:18:04,448 INFO Comparing database entry: southeastern usa with Brockton returned from geonames.
2025-08-08 12:18:04,448 INFO 📄 Index 3 | Name: Brockton | fcl: P, fcode: PPL | ADM1: Massachusetts, ADM2: Plymouth, ADM3: City of Brockton, ADM4:  | Score: 27.99, Population: 95314 | Fuzzy match: 25.0
2025-08-08 12:18:04,448 WARNING ❌ No match found with fuzzy score > 80 for city: southeastern usa
2025-08-08 12:18:04,448 WARNING ❌ Lookup failed for city='southeastern_usa', iso2='US'
