2025-08-07 18:25:02,494 INFO 🗺️ Starting GeoNames lookup for city='southern_california', country='united states'
2025-08-07 18:25:02,495 INFO 📍 Location is present in the following articles: [ObjectId('67fbeeae94b7f855cfea6600')]
2025-08-07 18:25:02,688 INFO Comparing database entry: southern california with San Diego returned from geonames.
2025-08-07 18:25:02,688 INFO 📄 Index 0 | Name: San Diego | fcl: P, fcode: PPLA2 | ADM1: California, ADM2: San Diego, ADM3: , ADM4:  | Score: 42.83, Population: 1394928 | Fuzzy match: 35.71428571428571
2025-08-07 18:25:02,688 INFO Comparing database entry: southern california with Los Angeles returned from geonames.
2025-08-07 18:25:02,688 INFO 📄 Index 1 | Name: Los Angeles | fcl: P, fcode: PPLA2 | ADM1: California, ADM2: Los Angeles, ADM3: , ADM4:  | Score: 40.99, Population: 3820914 | Fuzzy match: 26.66666666666667
2025-08-07 18:25:02,689 INFO Comparing database entry: southern california with Riverside returned from geonames.
2025-08-07 18:25:02,689 INFO 📄 Index 2 | Name: Riverside | fcl: P, fcode: PPLA2 | ADM1: California, ADM2: Riverside, ADM3: , ADM4:  | Score: 38.14, Population: 322424 | Fuzzy match: 28.57142857142857
2025-08-07 18:25:02,689 INFO Comparing database entry: southern california with Simi Valley returned from geonames.
2025-08-07 18:25:02,689 INFO 📄 Index 3 | Name: Simi Valley | fcl: P, fcode: PPL | ADM1: California, ADM2: Ventura, ADM3: , ADM4:  | Score: 38.14, Population: 126788 | Fuzzy match: 26.66666666666667
2025-08-07 18:25:02,863 INFO Comparing database entry: southern california with San Diego returned from geonames.
2025-08-07 18:25:02,864 INFO 📄 Index 0 | Name: San Diego | fcl: P, fcode: PPLA2 | ADM1: California, ADM2: San Diego, ADM3: , ADM4:  | Score: 42.83, Population: 1394928 | Fuzzy match: 35.71428571428571
2025-08-07 18:25:02,864 INFO Comparing database entry: southern california with Los Angeles returned from geonames.
2025-08-07 18:25:02,864 INFO 📄 Index 1 | Name: Los Angeles | fcl: P, fcode: PPLA2 | ADM1: California, ADM2: Los Angeles, ADM3: , ADM4:  | Score: 40.99, Population: 3820914 | Fuzzy match: 26.66666666666667
2025-08-07 18:25:02,864 INFO Comparing database entry: southern california with Riverside returned from geonames.
2025-08-07 18:25:02,864 INFO 📄 Index 2 | Name: Riverside | fcl: P, fcode: PPLA2 | ADM1: California, ADM2: Riverside, ADM3: , ADM4:  | Score: 38.14, Population: 322424 | Fuzzy match: 28.57142857142857
2025-08-07 18:25:02,864 INFO Comparing database entry: southern california with Simi Valley returned from geonames.
2025-08-07 18:25:02,864 INFO 📄 Index 3 | Name: Simi Valley | fcl: P, fcode: PPL | ADM1: California, ADM2: Ventura, ADM3: , ADM4:  | Score: 38.14, Population: 126788 | Fuzzy match: 26.66666666666667
2025-08-07 18:25:03,039 INFO Comparing database entry: southern california with San Diego returned from geonames.
2025-08-07 18:25:03,039 INFO 📄 Index 0 | Name: San Diego | fcl: P, fcode: PPLA2 | ADM1: California, ADM2: San Diego, ADM3: , ADM4:  | Score: 42.83, Population: 1394928 | Fuzzy match: 35.71428571428571
2025-08-07 18:25:03,039 INFO Comparing database entry: southern california with Los Angeles returned from geonames.
2025-08-07 18:25:03,040 INFO 📄 Index 1 | Name: Los Angeles | fcl: P, fcode: PPLA2 | ADM1: California, ADM2: Los Angeles, ADM3: , ADM4:  | Score: 40.99, Population: 3820914 | Fuzzy match: 26.66666666666667
2025-08-07 18:25:03,040 INFO Comparing database entry: southern california with Riverside returned from geonames.
2025-08-07 18:25:03,040 INFO 📄 Index 2 | Name: Riverside | fcl: P, fcode: PPLA2 | ADM1: California, ADM2: Riverside, ADM3: , ADM4:  | Score: 38.14, Population: 322424 | Fuzzy match: 28.57142857142857
2025-08-07 18:25:03,040 INFO Comparing database entry: southern california with Simi Valley returned from geonames.
2025-08-07 18:25:03,040 INFO 📄 Index 3 | Name: Simi Valley | fcl: P, fcode: PPL | ADM1: California, ADM2: Ventura, ADM3: , ADM4:  | Score: 38.14, Population: 126788 | Fuzzy match: 26.66666666666667
2025-08-07 18:25:03,234 INFO Comparing database entry: southern california with San Diego returned from geonames.
2025-08-07 18:25:03,234 INFO 📄 Index 0 | Name: San Diego | fcl: P, fcode: PPLA2 | ADM1: California, ADM2: San Diego, ADM3: , ADM4:  | Score: 42.83, Population: 1394928 | Fuzzy match: 35.71428571428571
2025-08-07 18:25:03,234 INFO Comparing database entry: southern california with Los Angeles returned from geonames.
2025-08-07 18:25:03,234 INFO 📄 Index 1 | Name: Los Angeles | fcl: P, fcode: PPLA2 | ADM1: California, ADM2: Los Angeles, ADM3: , ADM4:  | Score: 40.99, Population: 3820914 | Fuzzy match: 26.66666666666667
2025-08-07 18:25:03,235 INFO Comparing database entry: southern california with Riverside returned from geonames.
2025-08-07 18:25:03,235 INFO 📄 Index 2 | Name: Riverside | fcl: P, fcode: PPLA2 | ADM1: California, ADM2: Riverside, ADM3: , ADM4:  | Score: 38.14, Population: 322424 | Fuzzy match: 28.57142857142857
2025-08-07 18:25:03,235 INFO Comparing database entry: southern california with Simi Valley returned from geonames.
2025-08-07 18:25:03,235 INFO 📄 Index 3 | Name: Simi Valley | fcl: P, fcode: PPL | ADM1: California, ADM2: Ventura, ADM3: , ADM4:  | Score: 38.14, Population: 126788 | Fuzzy match: 26.66666666666667
2025-08-07 18:25:03,390 INFO Comparing database entry: southern california with San Diego returned from geonames.
2025-08-07 18:25:03,390 INFO 📄 Index 0 | Name: San Diego | fcl: P, fcode: PPLA2 | ADM1: California, ADM2: San Diego, ADM3: , ADM4:  | Score: 42.83, Population: 1394928 | Fuzzy match: 35.71428571428571
2025-08-07 18:25:03,390 INFO Comparing database entry: southern california with Los Angeles returned from geonames.
2025-08-07 18:25:03,390 INFO 📄 Index 1 | Name: Los Angeles | fcl: P, fcode: PPLA2 | ADM1: California, ADM2: Los Angeles, ADM3: , ADM4:  | Score: 40.99, Population: 3820914 | Fuzzy match: 26.66666666666667
2025-08-07 18:25:03,390 INFO Comparing database entry: southern california with Riverside returned from geonames.
2025-08-07 18:25:03,390 INFO 📄 Index 2 | Name: Riverside | fcl: P, fcode: PPLA2 | ADM1: California, ADM2: Riverside, ADM3: , ADM4:  | Score: 38.14, Population: 322424 | Fuzzy match: 28.57142857142857
2025-08-07 18:25:03,390 INFO Comparing database entry: southern california with Simi Valley returned from geonames.
2025-08-07 18:25:03,390 INFO 📄 Index 3 | Name: Simi Valley | fcl: P, fcode: PPL | ADM1: California, ADM2: Ventura, ADM3: , ADM4:  | Score: 38.14, Population: 126788 | Fuzzy match: 26.66666666666667
2025-08-07 18:25:03,571 INFO Comparing database entry: southern california with San Diego returned from geonames.
2025-08-07 18:25:03,571 INFO 📄 Index 0 | Name: San Diego | fcl: P, fcode: PPLA2 | ADM1: California, ADM2: San Diego, ADM3: , ADM4:  | Score: 42.83, Population: 1394928 | Fuzzy match: 35.71428571428571
2025-08-07 18:25:03,572 INFO Comparing database entry: southern california with Los Angeles returned from geonames.
2025-08-07 18:25:03,572 INFO 📄 Index 1 | Name: Los Angeles | fcl: P, fcode: PPLA2 | ADM1: California, ADM2: Los Angeles, ADM3: , ADM4:  | Score: 40.99, Population: 3820914 | Fuzzy match: 26.66666666666667
2025-08-07 18:25:03,572 INFO Comparing database entry: southern california with Riverside returned from geonames.
2025-08-07 18:25:03,572 INFO 📄 Index 2 | Name: Riverside | fcl: P, fcode: PPLA2 | ADM1: California, ADM2: Riverside, ADM3: , ADM4:  | Score: 38.14, Population: 322424 | Fuzzy match: 28.57142857142857
2025-08-07 18:25:03,572 INFO Comparing database entry: southern california with Simi Valley returned from geonames.
2025-08-07 18:25:03,572 INFO 📄 Index 3 | Name: Simi Valley | fcl: P, fcode: PPL | ADM1: California, ADM2: Ventura, ADM3: , ADM4:  | Score: 38.14, Population: 126788 | Fuzzy match: 26.66666666666667
2025-08-07 18:25:03,572 WARNING ❌ No match found with fuzzy score > 80 for city: southern california
2025-08-07 18:25:03,572 WARNING ❌ Lookup failed for city='southern_california', iso2='US'
