2025-08-08 12:18:01,455 INFO 🗺️ Starting GeoNames lookup for city='silicon_valley', country='united states'
2025-08-08 12:18:01,456 INFO 📍 Location is present in the following articles: [ObjectId('67f922a9f431fddd61d55f29'), ObjectId('67f922f9f431fddd61d5602d'), ObjectId('67f922f9f431fddd61d5602d'), ObjectId('67f922fdf431fddd61d56038'), ObjectId('67f922fdf431fddd61d56038')]
2025-08-08 12:18:01,631 INFO Comparing database entry: silicon valley with San Francisco returned from geonames.
2025-08-08 12:18:01,631 INFO 📄 Index 0 | Name: San Francisco | fcl: P, fcode: PPLA2 | ADM1: California, ADM2: San Francisco County, ADM3: , ADM4:  | Score: 29.41, Population: 864816 | Fuzzy match: 37.03703703703704
2025-08-08 12:18:01,631 INFO Comparing database entry: silicon valley with San Jose returned from geonames.
2025-08-08 12:18:01,632 INFO 📄 Index 1 | Name: San Jose | fcl: P, fcode: PPLA2 | ADM1: California, ADM2: Santa Clara, ADM3: , ADM4:  | Score: 29.41, Population: 1026908 | Fuzzy match: 27.27272727272727
2025-08-08 12:18:01,632 INFO Comparing database entry: silicon valley with Sunnyvale returned from geonames.
2025-08-08 12:18:01,632 INFO 📄 Index 2 | Name: Sunnyvale | fcl: P, fcode: PPL | ADM1: California, ADM2: Santa Clara, ADM3: , ADM4:  | Score: 25.85, Population: 155805 | Fuzzy match: 52.17391304347826
2025-08-08 12:18:01,632 INFO Comparing database entry: silicon valley with San Mateo returned from geonames.
2025-08-08 12:18:01,632 INFO 📄 Index 3 | Name: San Mateo | fcl: P, fcode: PPL | ADM1: California, ADM2: San Mateo, ADM3: , ADM4:  | Score: 25.85, Population: 103536 | Fuzzy match: 26.086956521739136
2025-08-08 12:18:01,783 INFO Comparing database entry: silicon valley with San Francisco returned from geonames.
2025-08-08 12:18:01,784 INFO 📄 Index 0 | Name: San Francisco | fcl: P, fcode: PPLA2 | ADM1: California, ADM2: San Francisco County, ADM3: , ADM4:  | Score: 29.41, Population: 864816 | Fuzzy match: 37.03703703703704
2025-08-08 12:18:01,784 INFO Comparing database entry: silicon valley with San Jose returned from geonames.
2025-08-08 12:18:01,784 INFO 📄 Index 1 | Name: San Jose | fcl: P, fcode: PPLA2 | ADM1: California, ADM2: Santa Clara, ADM3: , ADM4:  | Score: 29.41, Population: 1026908 | Fuzzy match: 27.27272727272727
2025-08-08 12:18:01,784 INFO Comparing database entry: silicon valley with Sunnyvale returned from geonames.
2025-08-08 12:18:01,784 INFO 📄 Index 2 | Name: Sunnyvale | fcl: P, fcode: PPL | ADM1: California, ADM2: Santa Clara, ADM3: , ADM4:  | Score: 25.85, Population: 155805 | Fuzzy match: 52.17391304347826
2025-08-08 12:18:01,784 INFO Comparing database entry: silicon valley with San Mateo returned from geonames.
2025-08-08 12:18:01,784 INFO 📄 Index 3 | Name: San Mateo | fcl: P, fcode: PPL | ADM1: California, ADM2: San Mateo, ADM3: , ADM4:  | Score: 25.85, Population: 103536 | Fuzzy match: 26.086956521739136
2025-08-08 12:18:01,944 INFO Comparing database entry: silicon valley with San Francisco returned from geonames.
2025-08-08 12:18:01,945 INFO 📄 Index 0 | Name: San Francisco | fcl: P, fcode: PPLA2 | ADM1: California, ADM2: San Francisco County, ADM3: , ADM4:  | Score: 29.41, Population: 864816 | Fuzzy match: 37.03703703703704
2025-08-08 12:18:01,945 INFO Comparing database entry: silicon valley with San Jose returned from geonames.
2025-08-08 12:18:01,945 INFO 📄 Index 1 | Name: San Jose | fcl: P, fcode: PPLA2 | ADM1: California, ADM2: Santa Clara, ADM3: , ADM4:  | Score: 29.41, Population: 1026908 | Fuzzy match: 27.27272727272727
2025-08-08 12:18:01,945 INFO Comparing database entry: silicon valley with Sunnyvale returned from geonames.
2025-08-08 12:18:01,945 INFO 📄 Index 2 | Name: Sunnyvale | fcl: P, fcode: PPL | ADM1: California, ADM2: Santa Clara, ADM3: , ADM4:  | Score: 25.85, Population: 155805 | Fuzzy match: 52.17391304347826
2025-08-08 12:18:01,945 INFO Comparing database entry: silicon valley with San Mateo returned from geonames.
2025-08-08 12:18:01,945 INFO 📄 Index 3 | Name: San Mateo | fcl: P, fcode: PPL | ADM1: California, ADM2: San Mateo, ADM3: , ADM4:  | Score: 25.85, Population: 103536 | Fuzzy match: 26.086956521739136
2025-08-08 12:18:02,093 INFO Comparing database entry: silicon valley with San Francisco returned from geonames.
2025-08-08 12:18:02,094 INFO 📄 Index 0 | Name: San Francisco | fcl: P, fcode: PPLA2 | ADM1: California, ADM2: San Francisco County, ADM3: , ADM4:  | Score: 29.41, Population: 864816 | Fuzzy match: 37.03703703703704
2025-08-08 12:18:02,094 INFO Comparing database entry: silicon valley with San Jose returned from geonames.
2025-08-08 12:18:02,094 INFO 📄 Index 1 | Name: San Jose | fcl: P, fcode: PPLA2 | ADM1: California, ADM2: Santa Clara, ADM3: , ADM4:  | Score: 29.41, Population: 1026908 | Fuzzy match: 27.27272727272727
2025-08-08 12:18:02,094 INFO Comparing database entry: silicon valley with Sunnyvale returned from geonames.
2025-08-08 12:18:02,094 INFO 📄 Index 2 | Name: Sunnyvale | fcl: P, fcode: PPL | ADM1: California, ADM2: Santa Clara, ADM3: , ADM4:  | Score: 25.85, Population: 155805 | Fuzzy match: 52.17391304347826
2025-08-08 12:18:02,094 INFO Comparing database entry: silicon valley with San Mateo returned from geonames.
2025-08-08 12:18:02,094 INFO 📄 Index 3 | Name: San Mateo | fcl: P, fcode: PPL | ADM1: California, ADM2: San Mateo, ADM3: , ADM4:  | Score: 25.85, Population: 103536 | Fuzzy match: 26.086956521739136
2025-08-08 12:18:02,265 INFO Comparing database entry: silicon valley with San Francisco returned from geonames.
2025-08-08 12:18:02,266 INFO 📄 Index 0 | Name: San Francisco | fcl: P, fcode: PPLA2 | ADM1: California, ADM2: San Francisco County, ADM3: , ADM4:  | Score: 29.41, Population: 864816 | Fuzzy match: 37.03703703703704
2025-08-08 12:18:02,266 INFO Comparing database entry: silicon valley with San Jose returned from geonames.
2025-08-08 12:18:02,266 INFO 📄 Index 1 | Name: San Jose | fcl: P, fcode: PPLA2 | ADM1: California, ADM2: Santa Clara, ADM3: , ADM4:  | Score: 29.41, Population: 1026908 | Fuzzy match: 27.27272727272727
2025-08-08 12:18:02,266 INFO Comparing database entry: silicon valley with Sunnyvale returned from geonames.
2025-08-08 12:18:02,266 INFO 📄 Index 2 | Name: Sunnyvale | fcl: P, fcode: PPL | ADM1: California, ADM2: Santa Clara, ADM3: , ADM4:  | Score: 25.85, Population: 155805 | Fuzzy match: 52.17391304347826
2025-08-08 12:18:02,266 INFO Comparing database entry: silicon valley with San Mateo returned from geonames.
2025-08-08 12:18:02,266 INFO 📄 Index 3 | Name: San Mateo | fcl: P, fcode: PPL | ADM1: California, ADM2: San Mateo, ADM3: , ADM4:  | Score: 25.85, Population: 103536 | Fuzzy match: 26.086956521739136
2025-08-08 12:18:02,424 INFO Comparing database entry: silicon valley with San Francisco returned from geonames.
2025-08-08 12:18:02,424 INFO 📄 Index 0 | Name: San Francisco | fcl: P, fcode: PPLA2 | ADM1: California, ADM2: San Francisco County, ADM3: , ADM4:  | Score: 29.41, Population: 864816 | Fuzzy match: 37.03703703703704
2025-08-08 12:18:02,424 INFO Comparing database entry: silicon valley with San Jose returned from geonames.
2025-08-08 12:18:02,424 INFO 📄 Index 1 | Name: San Jose | fcl: P, fcode: PPLA2 | ADM1: California, ADM2: Santa Clara, ADM3: , ADM4:  | Score: 29.41, Population: 1026908 | Fuzzy match: 27.27272727272727
2025-08-08 12:18:02,424 INFO Comparing database entry: silicon valley with Sunnyvale returned from geonames.
2025-08-08 12:18:02,424 INFO 📄 Index 2 | Name: Sunnyvale | fcl: P, fcode: PPL | ADM1: California, ADM2: Santa Clara, ADM3: , ADM4:  | Score: 25.85, Population: 155805 | Fuzzy match: 52.17391304347826
2025-08-08 12:18:02,425 INFO Comparing database entry: silicon valley with San Mateo returned from geonames.
2025-08-08 12:18:02,425 INFO 📄 Index 3 | Name: San Mateo | fcl: P, fcode: PPL | ADM1: California, ADM2: San Mateo, ADM3: , ADM4:  | Score: 25.85, Population: 103536 | Fuzzy match: 26.086956521739136
2025-08-08 12:18:02,425 WARNING ❌ No match found with fuzzy score > 80 for city: silicon valley
2025-08-08 12:18:02,425 WARNING ❌ Lookup failed for city='silicon_valley', iso2='US'
