2025-08-08 11:54:05,757 INFO 🗺️ Starting GeoNames lookup for city='usa', country='usa'
2025-08-08 11:54:05,757 INFO 📍 Location is present in the following articles: [ObjectId('67f92101f431fddd61d559a6')]
2025-08-08 11:54:06,095 INFO Comparing database entry: usa with United States returned from geonames.
2025-08-08 11:54:06,095 INFO 📄 Index 0 | Name: United States | fcl: A, fcode: PCLI | ADM1: , ADM2: , ADM3: , ADM4:  | Score: 93.81, Population: 327167434 | Fuzzy match: 25.0
2025-08-08 11:54:06,095 INFO Comparing database entry: usa with New York returned from geonames.
2025-08-08 11:54:06,095 INFO 📄 Index 1 | Name: New York | fcl: P, fcode: PPL | ADM1: New York, ADM2: , ADM3: , ADM4:  | Score: 67.74, Population: 8804190 | Fuzzy match: 0.0
2025-08-08 11:54:06,095 INFO Comparing database entry: usa with San Antonio returned from geonames.
2025-08-08 11:54:06,095 INFO 📄 Index 2 | Name: San Antonio | fcl: P, fcode: PPLA2 | ADM1: Texas, ADM2: Bexar, ADM3: , ADM4:  | Score: 55.06, Population: 1434625 | Fuzzy match: 28.57142857142857
2025-08-08 11:54:06,095 INFO Comparing database entry: usa with Brooklyn returned from geonames.
2025-08-08 11:54:06,095 INFO 📄 Index 3 | Name: Brooklyn | fcl: P, fcode: PPLA2 | ADM1: New York, ADM2: Kings, ADM3: , ADM4:  | Score: 54.65, Population: 2736074 | Fuzzy match: 0.0
2025-08-08 11:54:06,396 INFO Comparing database entry: usa with United States returned from geonames.
2025-08-08 11:54:06,396 INFO 📄 Index 0 | Name: United States | fcl: A, fcode: PCLI | ADM1: , ADM2: , ADM3: , ADM4:  | Score: 93.81, Population: 327167434 | Fuzzy match: 25.0
2025-08-08 11:54:06,396 INFO Comparing database entry: usa with New York returned from geonames.
2025-08-08 11:54:06,396 INFO 📄 Index 1 | Name: New York | fcl: P, fcode: PPL | ADM1: New York, ADM2: , ADM3: , ADM4:  | Score: 67.74, Population: 8804190 | Fuzzy match: 0.0
2025-08-08 11:54:06,397 INFO Comparing database entry: usa with San Antonio returned from geonames.
2025-08-08 11:54:06,397 INFO 📄 Index 2 | Name: San Antonio | fcl: P, fcode: PPLA2 | ADM1: Texas, ADM2: Bexar, ADM3: , ADM4:  | Score: 55.06, Population: 1434625 | Fuzzy match: 28.57142857142857
2025-08-08 11:54:06,397 INFO Comparing database entry: usa with Brooklyn returned from geonames.
2025-08-08 11:54:06,397 INFO 📄 Index 3 | Name: Brooklyn | fcl: P, fcode: PPLA2 | ADM1: New York, ADM2: Kings, ADM3: , ADM4:  | Score: 54.65, Population: 2736074 | Fuzzy match: 0.0
2025-08-08 11:54:06,765 INFO Comparing database entry: usa with United States returned from geonames.
2025-08-08 11:54:06,766 INFO 📄 Index 0 | Name: United States | fcl: A, fcode: PCLI | ADM1: , ADM2: , ADM3: , ADM4:  | Score: 93.81, Population: 327167434 | Fuzzy match: 25.0
2025-08-08 11:54:06,766 INFO Comparing database entry: usa with New York returned from geonames.
2025-08-08 11:54:06,766 INFO 📄 Index 1 | Name: New York | fcl: P, fcode: PPL | ADM1: New York, ADM2: , ADM3: , ADM4:  | Score: 67.74, Population: 8804190 | Fuzzy match: 0.0
2025-08-08 11:54:06,766 INFO Comparing database entry: usa with San Antonio returned from geonames.
2025-08-08 11:54:06,766 INFO 📄 Index 2 | Name: San Antonio | fcl: P, fcode: PPLA2 | ADM1: Texas, ADM2: Bexar, ADM3: , ADM4:  | Score: 55.06, Population: 1434625 | Fuzzy match: 28.57142857142857
2025-08-08 11:54:06,766 INFO Comparing database entry: usa with Brooklyn returned from geonames.
2025-08-08 11:54:06,766 INFO 📄 Index 3 | Name: Brooklyn | fcl: P, fcode: PPLA2 | ADM1: New York, ADM2: Kings, ADM3: , ADM4:  | Score: 54.65, Population: 2736074 | Fuzzy match: 0.0
2025-08-08 11:54:07,149 INFO Comparing database entry: usa with United States returned from geonames.
2025-08-08 11:54:07,149 INFO 📄 Index 0 | Name: United States | fcl: A, fcode: PCLI | ADM1: , ADM2: , ADM3: , ADM4:  | Score: 93.81, Population: 327167434 | Fuzzy match: 25.0
2025-08-08 11:54:07,149 INFO Comparing database entry: usa with New York returned from geonames.
2025-08-08 11:54:07,149 INFO 📄 Index 1 | Name: New York | fcl: P, fcode: PPL | ADM1: New York, ADM2: , ADM3: , ADM4:  | Score: 67.74, Population: 8804190 | Fuzzy match: 0.0
2025-08-08 11:54:07,149 INFO Comparing database entry: usa with San Antonio returned from geonames.
2025-08-08 11:54:07,149 INFO 📄 Index 2 | Name: San Antonio | fcl: P, fcode: PPLA2 | ADM1: Texas, ADM2: Bexar, ADM3: , ADM4:  | Score: 55.06, Population: 1434625 | Fuzzy match: 28.57142857142857
2025-08-08 11:54:07,149 INFO Comparing database entry: usa with Brooklyn returned from geonames.
2025-08-08 11:54:07,149 INFO 📄 Index 3 | Name: Brooklyn | fcl: P, fcode: PPLA2 | ADM1: New York, ADM2: Kings, ADM3: , ADM4:  | Score: 54.65, Population: 2736074 | Fuzzy match: 0.0
2025-08-08 11:54:07,419 INFO Comparing database entry: usa with United States returned from geonames.
2025-08-08 11:54:07,420 INFO 📄 Index 0 | Name: United States | fcl: A, fcode: PCLI | ADM1: , ADM2: , ADM3: , ADM4:  | Score: 93.81, Population: 327167434 | Fuzzy match: 25.0
2025-08-08 11:54:07,420 INFO Comparing database entry: usa with New York returned from geonames.
2025-08-08 11:54:07,420 INFO 📄 Index 1 | Name: New York | fcl: P, fcode: PPL | ADM1: New York, ADM2: , ADM3: , ADM4:  | Score: 67.74, Population: 8804190 | Fuzzy match: 0.0
2025-08-08 11:54:07,420 INFO Comparing database entry: usa with San Antonio returned from geonames.
2025-08-08 11:54:07,420 INFO 📄 Index 2 | Name: San Antonio | fcl: P, fcode: PPLA2 | ADM1: Texas, ADM2: Bexar, ADM3: , ADM4:  | Score: 55.06, Population: 1434625 | Fuzzy match: 28.57142857142857
2025-08-08 11:54:07,420 INFO Comparing database entry: usa with Brooklyn returned from geonames.
2025-08-08 11:54:07,420 INFO 📄 Index 3 | Name: Brooklyn | fcl: P, fcode: PPLA2 | ADM1: New York, ADM2: Kings, ADM3: , ADM4:  | Score: 54.65, Population: 2736074 | Fuzzy match: 0.0
2025-08-08 11:54:07,684 INFO Comparing database entry: usa with United States returned from geonames.
2025-08-08 11:54:07,684 INFO 📄 Index 0 | Name: United States | fcl: A, fcode: PCLI | ADM1: , ADM2: , ADM3: , ADM4:  | Score: 93.81, Population: 327167434 | Fuzzy match: 25.0
2025-08-08 11:54:07,684 INFO Comparing database entry: usa with New York returned from geonames.
2025-08-08 11:54:07,684 INFO 📄 Index 1 | Name: New York | fcl: P, fcode: PPL | ADM1: New York, ADM2: , ADM3: , ADM4:  | Score: 67.74, Population: 8804190 | Fuzzy match: 0.0
2025-08-08 11:54:07,684 INFO Comparing database entry: usa with San Antonio returned from geonames.
2025-08-08 11:54:07,684 INFO 📄 Index 2 | Name: San Antonio | fcl: P, fcode: PPLA2 | ADM1: Texas, ADM2: Bexar, ADM3: , ADM4:  | Score: 55.06, Population: 1434625 | Fuzzy match: 28.57142857142857
2025-08-08 11:54:07,684 INFO Comparing database entry: usa with Brooklyn returned from geonames.
2025-08-08 11:54:07,684 INFO 📄 Index 3 | Name: Brooklyn | fcl: P, fcode: PPLA2 | ADM1: New York, ADM2: Kings, ADM3: , ADM4:  | Score: 54.65, Population: 2736074 | Fuzzy match: 0.0
2025-08-08 11:54:07,684 WARNING ❌ No match found with fuzzy score > 80 for city: usa
2025-08-08 11:54:07,684 WARNING ❌ Lookup failed for city='usa', iso2='US'
