2025-08-08 12:01:04,283 INFO 🗺️ Starting GeoNames lookup for city='van_buren_township_michigan', country='usa'
2025-08-08 12:01:04,283 INFO 📍 Location is present in the following articles: [ObjectId('67f92219f431fddd61d55d44')]
2025-08-08 12:01:04,450 INFO Comparing database entry: van buren township, michigan with Lawton returned from geonames.
2025-08-08 12:01:04,450 INFO 📄 Index 0 | Name: Lawton | fcl: P, fcode: PPL | ADM1: Michigan, ADM2: Van Buren, ADM3: Antwerp Township, ADM4:  | Score: 26.72, Population: 1866 | Fuzzy match: 23.529411764705888
2025-08-08 12:01:04,450 INFO Comparing database entry: van buren township, michigan with Mattawan returned from geonames.
2025-08-08 12:01:04,450 INFO 📄 Index 1 | Name: Mattawan | fcl: P, fcode: PPL | ADM1: Michigan, ADM2: Van Buren, ADM3: Antwerp Township, ADM4:  | Score: 26.72, Population: 1947 | Fuzzy match: 33.333333333333336
2025-08-08 12:01:04,450 INFO Comparing database entry: van buren township, michigan with Decatur returned from geonames.
2025-08-08 12:01:04,450 INFO 📄 Index 2 | Name: Decatur | fcl: P, fcode: PPL | ADM1: Michigan, ADM2: Van Buren, ADM3: Decatur Township, ADM4:  | Score: 26.72, Population: 1767 | Fuzzy match: 22.857142857142854
2025-08-08 12:01:04,450 INFO Comparing database entry: van buren township, michigan with Bloomingdale returned from geonames.
2025-08-08 12:01:04,450 INFO 📄 Index 3 | Name: Bloomingdale | fcl: P, fcode: PPL | ADM1: Michigan, ADM2: Van Buren, ADM3: Bloomingdale Township, ADM4:  | Score: 23.00, Population: 442 | Fuzzy match: 25.0
2025-08-08 12:01:04,594 INFO Comparing database entry: van buren township, michigan with Lawton returned from geonames.
2025-08-08 12:01:04,594 INFO 📄 Index 0 | Name: Lawton | fcl: P, fcode: PPL | ADM1: Michigan, ADM2: Van Buren, ADM3: Antwerp Township, ADM4:  | Score: 26.72, Population: 1866 | Fuzzy match: 23.529411764705888
2025-08-08 12:01:04,594 INFO Comparing database entry: van buren township, michigan with Mattawan returned from geonames.
2025-08-08 12:01:04,594 INFO 📄 Index 1 | Name: Mattawan | fcl: P, fcode: PPL | ADM1: Michigan, ADM2: Van Buren, ADM3: Antwerp Township, ADM4:  | Score: 26.72, Population: 1947 | Fuzzy match: 33.333333333333336
2025-08-08 12:01:04,595 INFO Comparing database entry: van buren township, michigan with Decatur returned from geonames.
2025-08-08 12:01:04,595 INFO 📄 Index 2 | Name: Decatur | fcl: P, fcode: PPL | ADM1: Michigan, ADM2: Van Buren, ADM3: Decatur Township, ADM4:  | Score: 26.72, Population: 1767 | Fuzzy match: 22.857142857142854
2025-08-08 12:01:04,595 INFO Comparing database entry: van buren township, michigan with Bloomingdale returned from geonames.
2025-08-08 12:01:04,595 INFO 📄 Index 3 | Name: Bloomingdale | fcl: P, fcode: PPL | ADM1: Michigan, ADM2: Van Buren, ADM3: Bloomingdale Township, ADM4:  | Score: 23.00, Population: 442 | Fuzzy match: 25.0
2025-08-08 12:01:04,769 INFO Comparing database entry: van buren township, michigan with Lawton returned from geonames.
2025-08-08 12:01:04,769 INFO 📄 Index 0 | Name: Lawton | fcl: P, fcode: PPL | ADM1: Michigan, ADM2: Van Buren, ADM3: Antwerp Township, ADM4:  | Score: 26.72, Population: 1866 | Fuzzy match: 23.529411764705888
2025-08-08 12:01:04,769 INFO Comparing database entry: van buren township, michigan with Mattawan returned from geonames.
2025-08-08 12:01:04,769 INFO 📄 Index 1 | Name: Mattawan | fcl: P, fcode: PPL | ADM1: Michigan, ADM2: Van Buren, ADM3: Antwerp Township, ADM4:  | Score: 26.72, Population: 1947 | Fuzzy match: 33.333333333333336
2025-08-08 12:01:04,769 INFO Comparing database entry: van buren township, michigan with Decatur returned from geonames.
2025-08-08 12:01:04,769 INFO 📄 Index 2 | Name: Decatur | fcl: P, fcode: PPL | ADM1: Michigan, ADM2: Van Buren, ADM3: Decatur Township, ADM4:  | Score: 26.72, Population: 1767 | Fuzzy match: 22.857142857142854
2025-08-08 12:01:04,769 INFO Comparing database entry: van buren township, michigan with Bloomingdale returned from geonames.
2025-08-08 12:01:04,769 INFO 📄 Index 3 | Name: Bloomingdale | fcl: P, fcode: PPL | ADM1: Michigan, ADM2: Van Buren, ADM3: Bloomingdale Township, ADM4:  | Score: 23.00, Population: 442 | Fuzzy match: 25.0
2025-08-08 12:01:04,910 INFO Comparing database entry: van buren township, michigan with Lawton returned from geonames.
2025-08-08 12:01:04,911 INFO 📄 Index 0 | Name: Lawton | fcl: P, fcode: PPL | ADM1: Michigan, ADM2: Van Buren, ADM3: Antwerp Township, ADM4:  | Score: 26.72, Population: 1866 | Fuzzy match: 23.529411764705888
2025-08-08 12:01:04,911 INFO Comparing database entry: van buren township, michigan with Mattawan returned from geonames.
2025-08-08 12:01:04,911 INFO 📄 Index 1 | Name: Mattawan | fcl: P, fcode: PPL | ADM1: Michigan, ADM2: Van Buren, ADM3: Antwerp Township, ADM4:  | Score: 26.72, Population: 1947 | Fuzzy match: 33.333333333333336
2025-08-08 12:01:04,911 INFO Comparing database entry: van buren township, michigan with Decatur returned from geonames.
2025-08-08 12:01:04,911 INFO 📄 Index 2 | Name: Decatur | fcl: P, fcode: PPL | ADM1: Michigan, ADM2: Van Buren, ADM3: Decatur Township, ADM4:  | Score: 26.72, Population: 1767 | Fuzzy match: 22.857142857142854
2025-08-08 12:01:04,911 INFO Comparing database entry: van buren township, michigan with Bloomingdale returned from geonames.
2025-08-08 12:01:04,911 INFO 📄 Index 3 | Name: Bloomingdale | fcl: P, fcode: PPL | ADM1: Michigan, ADM2: Van Buren, ADM3: Bloomingdale Township, ADM4:  | Score: 23.00, Population: 442 | Fuzzy match: 25.0
2025-08-08 12:01:05,071 INFO Comparing database entry: van buren township, michigan with Lawton returned from geonames.
2025-08-08 12:01:05,072 INFO 📄 Index 0 | Name: Lawton | fcl: P, fcode: PPL | ADM1: Michigan, ADM2: Van Buren, ADM3: Antwerp Township, ADM4:  | Score: 26.72, Population: 1866 | Fuzzy match: 23.529411764705888
2025-08-08 12:01:05,072 INFO Comparing database entry: van buren township, michigan with Mattawan returned from geonames.
2025-08-08 12:01:05,072 INFO 📄 Index 1 | Name: Mattawan | fcl: P, fcode: PPL | ADM1: Michigan, ADM2: Van Buren, ADM3: Antwerp Township, ADM4:  | Score: 26.72, Population: 1947 | Fuzzy match: 33.333333333333336
2025-08-08 12:01:05,072 INFO Comparing database entry: van buren township, michigan with Decatur returned from geonames.
2025-08-08 12:01:05,072 INFO 📄 Index 2 | Name: Decatur | fcl: P, fcode: PPL | ADM1: Michigan, ADM2: Van Buren, ADM3: Decatur Township, ADM4:  | Score: 26.72, Population: 1767 | Fuzzy match: 22.857142857142854
2025-08-08 12:01:05,072 INFO Comparing database entry: van buren township, michigan with Bloomingdale returned from geonames.
2025-08-08 12:01:05,072 INFO 📄 Index 3 | Name: Bloomingdale | fcl: P, fcode: PPL | ADM1: Michigan, ADM2: Van Buren, ADM3: Bloomingdale Township, ADM4:  | Score: 23.00, Population: 442 | Fuzzy match: 25.0
2025-08-08 12:01:05,220 INFO Comparing database entry: van buren township, michigan with Lawton returned from geonames.
2025-08-08 12:01:05,220 INFO 📄 Index 0 | Name: Lawton | fcl: P, fcode: PPL | ADM1: Michigan, ADM2: Van Buren, ADM3: Antwerp Township, ADM4:  | Score: 26.72, Population: 1866 | Fuzzy match: 23.529411764705888
2025-08-08 12:01:05,220 INFO Comparing database entry: van buren township, michigan with Mattawan returned from geonames.
2025-08-08 12:01:05,220 INFO 📄 Index 1 | Name: Mattawan | fcl: P, fcode: PPL | ADM1: Michigan, ADM2: Van Buren, ADM3: Antwerp Township, ADM4:  | Score: 26.72, Population: 1947 | Fuzzy match: 33.333333333333336
2025-08-08 12:01:05,220 INFO Comparing database entry: van buren township, michigan with Decatur returned from geonames.
2025-08-08 12:01:05,220 INFO 📄 Index 2 | Name: Decatur | fcl: P, fcode: PPL | ADM1: Michigan, ADM2: Van Buren, ADM3: Decatur Township, ADM4:  | Score: 26.72, Population: 1767 | Fuzzy match: 22.857142857142854
2025-08-08 12:01:05,220 INFO Comparing database entry: van buren township, michigan with Bloomingdale returned from geonames.
2025-08-08 12:01:05,221 INFO 📄 Index 3 | Name: Bloomingdale | fcl: P, fcode: PPL | ADM1: Michigan, ADM2: Van Buren, ADM3: Bloomingdale Township, ADM4:  | Score: 23.00, Population: 442 | Fuzzy match: 25.0
2025-08-08 12:01:05,221 WARNING ❌ No match found with fuzzy score > 80 for city: van buren township, michigan
2025-08-08 12:01:05,221 WARNING ❌ Lookup failed for city='van_buren_township_michigan', iso2='US'
