2025-08-08 11:45:23,253 INFO 🗺️ Starting GeoNames lookup for city='west_tennessee', country='united states'
2025-08-08 11:45:23,253 INFO 📍 Location is present in the following articles: [ObjectId('67f52c78981040986eab7932')]
2025-08-08 11:45:23,449 INFO Comparing database entry: west tennessee with Tennessee Colony returned from geonames.
2025-08-08 11:45:23,449 INFO 📄 Index 0 | Name: Tennessee Colony | fcl: P, fcode: PPL | ADM1: Texas, ADM2: Anderson, ADM3: , ADM4:  | Score: 17.23, Population: 0 | Fuzzy match: 60.0
2025-08-08 11:45:23,449 INFO Comparing database entry: west tennessee with Tennessee Township returned from geonames.
2025-08-08 11:45:23,449 INFO 📄 Index 1 | Name: Tennessee Township | fcl: A, fcode: ADM3 | ADM1: Arkansas, ADM2: Grant, ADM3: Tennessee Township, ADM4:  | Score: 13.61, Population: 0 | Fuzzy match: 75.0
2025-08-08 11:45:23,449 INFO Comparing database entry: west tennessee with Binfield / West Blount County returned from geonames.
2025-08-08 11:45:23,449 INFO 📄 Index 2 | Name: Binfield / West Blount County | fcl: A, fcode: ADMD | ADM1: Tennessee, ADM2: Blount, ADM3: , ADM4:  | Score: 13.44, Population: 0 | Fuzzy match: 37.2093023255814
2025-08-08 11:45:23,450 INFO Comparing database entry: west tennessee with Westpoint returned from geonames.
2025-08-08 11:45:23,450 INFO 📄 Index 3 | Name: Westpoint | fcl: P, fcode: PPL | ADM1: Tennessee, ADM2: Lawrence, ADM3: , ADM4:  | Score: 13.16, Population: 0 | Fuzzy match: 34.78260869565217
2025-08-08 11:45:23,610 INFO Comparing database entry: west tennessee with Tennessee Colony returned from geonames.
2025-08-08 11:45:23,610 INFO 📄 Index 0 | Name: Tennessee Colony | fcl: P, fcode: PPL | ADM1: Texas, ADM2: Anderson, ADM3: , ADM4:  | Score: 17.23, Population: 0 | Fuzzy match: 60.0
2025-08-08 11:45:23,610 INFO Comparing database entry: west tennessee with Tennessee Township returned from geonames.
2025-08-08 11:45:23,610 INFO 📄 Index 1 | Name: Tennessee Township | fcl: A, fcode: ADM3 | ADM1: Arkansas, ADM2: Grant, ADM3: Tennessee Township, ADM4:  | Score: 13.61, Population: 0 | Fuzzy match: 75.0
2025-08-08 11:45:23,610 INFO Comparing database entry: west tennessee with Binfield / West Blount County returned from geonames.
2025-08-08 11:45:23,610 INFO 📄 Index 2 | Name: Binfield / West Blount County | fcl: A, fcode: ADMD | ADM1: Tennessee, ADM2: Blount, ADM3: , ADM4:  | Score: 13.44, Population: 0 | Fuzzy match: 37.2093023255814
2025-08-08 11:45:23,610 INFO Comparing database entry: west tennessee with Westpoint returned from geonames.
2025-08-08 11:45:23,610 INFO 📄 Index 3 | Name: Westpoint | fcl: P, fcode: PPL | ADM1: Tennessee, ADM2: Lawrence, ADM3: , ADM4:  | Score: 13.16, Population: 0 | Fuzzy match: 34.78260869565217
2025-08-08 11:45:23,769 INFO Comparing database entry: west tennessee with Tennessee Colony returned from geonames.
2025-08-08 11:45:23,770 INFO 📄 Index 0 | Name: Tennessee Colony | fcl: P, fcode: PPL | ADM1: Texas, ADM2: Anderson, ADM3: , ADM4:  | Score: 17.23, Population: 0 | Fuzzy match: 60.0
2025-08-08 11:45:23,770 INFO Comparing database entry: west tennessee with Tennessee Township returned from geonames.
2025-08-08 11:45:23,770 INFO 📄 Index 1 | Name: Tennessee Township | fcl: A, fcode: ADM3 | ADM1: Arkansas, ADM2: Grant, ADM3: Tennessee Township, ADM4:  | Score: 13.61, Population: 0 | Fuzzy match: 75.0
2025-08-08 11:45:23,770 INFO Comparing database entry: west tennessee with Binfield / West Blount County returned from geonames.
2025-08-08 11:45:23,770 INFO 📄 Index 2 | Name: Binfield / West Blount County | fcl: A, fcode: ADMD | ADM1: Tennessee, ADM2: Blount, ADM3: , ADM4:  | Score: 13.44, Population: 0 | Fuzzy match: 37.2093023255814
2025-08-08 11:45:23,770 INFO Comparing database entry: west tennessee with Westpoint returned from geonames.
2025-08-08 11:45:23,770 INFO 📄 Index 3 | Name: Westpoint | fcl: P, fcode: PPL | ADM1: Tennessee, ADM2: Lawrence, ADM3: , ADM4:  | Score: 13.16, Population: 0 | Fuzzy match: 34.78260869565217
2025-08-08 11:45:23,927 INFO Comparing database entry: west tennessee with Tennessee Colony returned from geonames.
2025-08-08 11:45:23,928 INFO 📄 Index 0 | Name: Tennessee Colony | fcl: P, fcode: PPL | ADM1: Texas, ADM2: Anderson, ADM3: , ADM4:  | Score: 17.23, Population: 0 | Fuzzy match: 60.0
2025-08-08 11:45:23,928 INFO Comparing database entry: west tennessee with Tennessee Township returned from geonames.
2025-08-08 11:45:23,928 INFO 📄 Index 1 | Name: Tennessee Township | fcl: A, fcode: ADM3 | ADM1: Arkansas, ADM2: Grant, ADM3: Tennessee Township, ADM4:  | Score: 13.61, Population: 0 | Fuzzy match: 75.0
2025-08-08 11:45:23,928 INFO Comparing database entry: west tennessee with Binfield / West Blount County returned from geonames.
2025-08-08 11:45:23,928 INFO 📄 Index 2 | Name: Binfield / West Blount County | fcl: A, fcode: ADMD | ADM1: Tennessee, ADM2: Blount, ADM3: , ADM4:  | Score: 13.44, Population: 0 | Fuzzy match: 37.2093023255814
2025-08-08 11:45:23,928 INFO Comparing database entry: west tennessee with Westpoint returned from geonames.
2025-08-08 11:45:23,928 INFO 📄 Index 3 | Name: Westpoint | fcl: P, fcode: PPL | ADM1: Tennessee, ADM2: Lawrence, ADM3: , ADM4:  | Score: 13.16, Population: 0 | Fuzzy match: 34.78260869565217
2025-08-08 11:45:24,107 INFO Comparing database entry: west tennessee with Tennessee Colony returned from geonames.
2025-08-08 11:45:24,108 INFO 📄 Index 0 | Name: Tennessee Colony | fcl: P, fcode: PPL | ADM1: Texas, ADM2: Anderson, ADM3: , ADM4:  | Score: 17.23, Population: 0 | Fuzzy match: 60.0
2025-08-08 11:45:24,108 INFO Comparing database entry: west tennessee with Tennessee Township returned from geonames.
2025-08-08 11:45:24,108 INFO 📄 Index 1 | Name: Tennessee Township | fcl: A, fcode: ADM3 | ADM1: Arkansas, ADM2: Grant, ADM3: Tennessee Township, ADM4:  | Score: 13.61, Population: 0 | Fuzzy match: 75.0
2025-08-08 11:45:24,108 INFO Comparing database entry: west tennessee with Binfield / West Blount County returned from geonames.
2025-08-08 11:45:24,108 INFO 📄 Index 2 | Name: Binfield / West Blount County | fcl: A, fcode: ADMD | ADM1: Tennessee, ADM2: Blount, ADM3: , ADM4:  | Score: 13.44, Population: 0 | Fuzzy match: 37.2093023255814
2025-08-08 11:45:24,108 INFO Comparing database entry: west tennessee with Westpoint returned from geonames.
2025-08-08 11:45:24,108 INFO 📄 Index 3 | Name: Westpoint | fcl: P, fcode: PPL | ADM1: Tennessee, ADM2: Lawrence, ADM3: , ADM4:  | Score: 13.16, Population: 0 | Fuzzy match: 34.78260869565217
2025-08-08 11:45:24,285 INFO Comparing database entry: west tennessee with Tennessee Colony returned from geonames.
2025-08-08 11:45:24,286 INFO 📄 Index 0 | Name: Tennessee Colony | fcl: P, fcode: PPL | ADM1: Texas, ADM2: Anderson, ADM3: , ADM4:  | Score: 17.23, Population: 0 | Fuzzy match: 60.0
2025-08-08 11:45:24,286 INFO Comparing database entry: west tennessee with Tennessee Township returned from geonames.
2025-08-08 11:45:24,286 INFO 📄 Index 1 | Name: Tennessee Township | fcl: A, fcode: ADM3 | ADM1: Arkansas, ADM2: Grant, ADM3: Tennessee Township, ADM4:  | Score: 13.61, Population: 0 | Fuzzy match: 75.0
2025-08-08 11:45:24,286 INFO Comparing database entry: west tennessee with Binfield / West Blount County returned from geonames.
2025-08-08 11:45:24,286 INFO 📄 Index 2 | Name: Binfield / West Blount County | fcl: A, fcode: ADMD | ADM1: Tennessee, ADM2: Blount, ADM3: , ADM4:  | Score: 13.44, Population: 0 | Fuzzy match: 37.2093023255814
2025-08-08 11:45:24,286 INFO Comparing database entry: west tennessee with Westpoint returned from geonames.
2025-08-08 11:45:24,286 INFO 📄 Index 3 | Name: Westpoint | fcl: P, fcode: PPL | ADM1: Tennessee, ADM2: Lawrence, ADM3: , ADM4:  | Score: 13.16, Population: 0 | Fuzzy match: 34.78260869565217
2025-08-08 11:45:24,286 WARNING ❌ No match found with fuzzy score > 80 for city: west tennessee
2025-08-08 11:45:24,286 WARNING ❌ Lookup failed for city='west_tennessee', iso2='US'
