2025-08-08 12:01:08,402 INFO 🗺️ Starting GeoNames lookup for city='west_virginia', country='united states'
2025-08-08 12:01:08,402 INFO 📍 Location is present in the following articles: [ObjectId('67f9222ef431fddd61d55d8c')]
2025-08-08 12:01:08,595 INFO Comparing database entry: west virginia with Charleston returned from geonames.
2025-08-08 12:01:08,595 INFO 📄 Index 0 | Name: Charleston | fcl: P, fcode: PPLA | ADM1: West Virginia, ADM2: Kanawha, ADM3: , ADM4:  | Score: 48.75, Population: 46838 | Fuzzy match: 34.78260869565217
2025-08-08 12:01:08,595 INFO Comparing database entry: west virginia with Morgantown returned from geonames.
2025-08-08 12:01:08,595 INFO 📄 Index 1 | Name: Morgantown | fcl: P, fcode: PPLA2 | ADM1: West Virginia, ADM2: Monongalia, ADM3: , ADM4:  | Score: 40.00, Population: 30708 | Fuzzy match: 34.78260869565217
2025-08-08 12:01:08,595 INFO Comparing database entry: west virginia with Parkersburg returned from geonames.
2025-08-08 12:01:08,595 INFO 📄 Index 2 | Name: Parkersburg | fcl: P, fcode: PPLA2 | ADM1: West Virginia, ADM2: Wood, ADM3: , ADM4:  | Score: 39.72, Population: 30991 | Fuzzy match: 25.0
2025-08-08 12:01:08,595 INFO Comparing database entry: west virginia with Huntington returned from geonames.
2025-08-08 12:01:08,595 INFO 📄 Index 3 | Name: Huntington | fcl: P, fcode: PPLA2 | ADM1: West Virginia, ADM2: Cabell, ADM3: , ADM4:  | Score: 39.72, Population: 48638 | Fuzzy match: 26.086956521739136
2025-08-08 12:01:09,540 INFO Comparing database entry: west virginia with Charleston returned from geonames.
2025-08-08 12:01:09,540 INFO 📄 Index 0 | Name: Charleston | fcl: P, fcode: PPLA | ADM1: West Virginia, ADM2: Kanawha, ADM3: , ADM4:  | Score: 48.75, Population: 46838 | Fuzzy match: 34.78260869565217
2025-08-08 12:01:09,540 INFO Comparing database entry: west virginia with Morgantown returned from geonames.
2025-08-08 12:01:09,540 INFO 📄 Index 1 | Name: Morgantown | fcl: P, fcode: PPLA2 | ADM1: West Virginia, ADM2: Monongalia, ADM3: , ADM4:  | Score: 40.00, Population: 30708 | Fuzzy match: 34.78260869565217
2025-08-08 12:01:09,540 INFO Comparing database entry: west virginia with Parkersburg returned from geonames.
2025-08-08 12:01:09,540 INFO 📄 Index 2 | Name: Parkersburg | fcl: P, fcode: PPLA2 | ADM1: West Virginia, ADM2: Wood, ADM3: , ADM4:  | Score: 39.72, Population: 30991 | Fuzzy match: 25.0
2025-08-08 12:01:09,540 INFO Comparing database entry: west virginia with Huntington returned from geonames.
2025-08-08 12:01:09,540 INFO 📄 Index 3 | Name: Huntington | fcl: P, fcode: PPLA2 | ADM1: West Virginia, ADM2: Cabell, ADM3: , ADM4:  | Score: 39.72, Population: 48638 | Fuzzy match: 26.086956521739136
2025-08-08 12:01:09,710 INFO Comparing database entry: west virginia with Charleston returned from geonames.
2025-08-08 12:01:09,710 INFO 📄 Index 0 | Name: Charleston | fcl: P, fcode: PPLA | ADM1: West Virginia, ADM2: Kanawha, ADM3: , ADM4:  | Score: 48.75, Population: 46838 | Fuzzy match: 34.78260869565217
2025-08-08 12:01:09,710 INFO Comparing database entry: west virginia with Morgantown returned from geonames.
2025-08-08 12:01:09,711 INFO 📄 Index 1 | Name: Morgantown | fcl: P, fcode: PPLA2 | ADM1: West Virginia, ADM2: Monongalia, ADM3: , ADM4:  | Score: 40.00, Population: 30708 | Fuzzy match: 34.78260869565217
2025-08-08 12:01:09,711 INFO Comparing database entry: west virginia with Parkersburg returned from geonames.
2025-08-08 12:01:09,711 INFO 📄 Index 2 | Name: Parkersburg | fcl: P, fcode: PPLA2 | ADM1: West Virginia, ADM2: Wood, ADM3: , ADM4:  | Score: 39.72, Population: 30991 | Fuzzy match: 25.0
2025-08-08 12:01:09,711 INFO Comparing database entry: west virginia with Huntington returned from geonames.
2025-08-08 12:01:09,711 INFO 📄 Index 3 | Name: Huntington | fcl: P, fcode: PPLA2 | ADM1: West Virginia, ADM2: Cabell, ADM3: , ADM4:  | Score: 39.72, Population: 48638 | Fuzzy match: 26.086956521739136
2025-08-08 12:01:09,871 INFO Comparing database entry: west virginia with Charleston returned from geonames.
2025-08-08 12:01:09,872 INFO 📄 Index 0 | Name: Charleston | fcl: P, fcode: PPLA | ADM1: West Virginia, ADM2: Kanawha, ADM3: , ADM4:  | Score: 48.75, Population: 46838 | Fuzzy match: 34.78260869565217
2025-08-08 12:01:09,872 INFO Comparing database entry: west virginia with Morgantown returned from geonames.
2025-08-08 12:01:09,872 INFO 📄 Index 1 | Name: Morgantown | fcl: P, fcode: PPLA2 | ADM1: West Virginia, ADM2: Monongalia, ADM3: , ADM4:  | Score: 40.00, Population: 30708 | Fuzzy match: 34.78260869565217
2025-08-08 12:01:09,872 INFO Comparing database entry: west virginia with Parkersburg returned from geonames.
2025-08-08 12:01:09,872 INFO 📄 Index 2 | Name: Parkersburg | fcl: P, fcode: PPLA2 | ADM1: West Virginia, ADM2: Wood, ADM3: , ADM4:  | Score: 39.72, Population: 30991 | Fuzzy match: 25.0
2025-08-08 12:01:09,872 INFO Comparing database entry: west virginia with Huntington returned from geonames.
2025-08-08 12:01:09,872 INFO 📄 Index 3 | Name: Huntington | fcl: P, fcode: PPLA2 | ADM1: West Virginia, ADM2: Cabell, ADM3: , ADM4:  | Score: 39.72, Population: 48638 | Fuzzy match: 26.086956521739136
2025-08-08 12:01:10,035 INFO Comparing database entry: west virginia with Charleston returned from geonames.
2025-08-08 12:01:10,035 INFO 📄 Index 0 | Name: Charleston | fcl: P, fcode: PPLA | ADM1: West Virginia, ADM2: Kanawha, ADM3: , ADM4:  | Score: 48.75, Population: 46838 | Fuzzy match: 34.78260869565217
2025-08-08 12:01:10,035 INFO Comparing database entry: west virginia with Morgantown returned from geonames.
2025-08-08 12:01:10,036 INFO 📄 Index 1 | Name: Morgantown | fcl: P, fcode: PPLA2 | ADM1: West Virginia, ADM2: Monongalia, ADM3: , ADM4:  | Score: 40.00, Population: 30708 | Fuzzy match: 34.78260869565217
2025-08-08 12:01:10,036 INFO Comparing database entry: west virginia with Parkersburg returned from geonames.
2025-08-08 12:01:10,036 INFO 📄 Index 2 | Name: Parkersburg | fcl: P, fcode: PPLA2 | ADM1: West Virginia, ADM2: Wood, ADM3: , ADM4:  | Score: 39.72, Population: 30991 | Fuzzy match: 25.0
2025-08-08 12:01:10,036 INFO Comparing database entry: west virginia with Huntington returned from geonames.
2025-08-08 12:01:10,036 INFO 📄 Index 3 | Name: Huntington | fcl: P, fcode: PPLA2 | ADM1: West Virginia, ADM2: Cabell, ADM3: , ADM4:  | Score: 39.72, Population: 48638 | Fuzzy match: 26.086956521739136
2025-08-08 12:01:10,195 INFO Comparing database entry: west virginia with Charleston returned from geonames.
2025-08-08 12:01:10,195 INFO 📄 Index 0 | Name: Charleston | fcl: P, fcode: PPLA | ADM1: West Virginia, ADM2: Kanawha, ADM3: , ADM4:  | Score: 48.75, Population: 46838 | Fuzzy match: 34.78260869565217
2025-08-08 12:01:10,195 INFO Comparing database entry: west virginia with Morgantown returned from geonames.
2025-08-08 12:01:10,195 INFO 📄 Index 1 | Name: Morgantown | fcl: P, fcode: PPLA2 | ADM1: West Virginia, ADM2: Monongalia, ADM3: , ADM4:  | Score: 40.00, Population: 30708 | Fuzzy match: 34.78260869565217
2025-08-08 12:01:10,195 INFO Comparing database entry: west virginia with Parkersburg returned from geonames.
2025-08-08 12:01:10,195 INFO 📄 Index 2 | Name: Parkersburg | fcl: P, fcode: PPLA2 | ADM1: West Virginia, ADM2: Wood, ADM3: , ADM4:  | Score: 39.72, Population: 30991 | Fuzzy match: 25.0
2025-08-08 12:01:10,195 INFO Comparing database entry: west virginia with Huntington returned from geonames.
2025-08-08 12:01:10,195 INFO 📄 Index 3 | Name: Huntington | fcl: P, fcode: PPLA2 | ADM1: West Virginia, ADM2: Cabell, ADM3: , ADM4:  | Score: 39.72, Population: 48638 | Fuzzy match: 26.086956521739136
2025-08-08 12:01:10,195 WARNING ❌ No match found with fuzzy score > 80 for city: west virginia
2025-08-08 12:01:10,195 WARNING ❌ Lookup failed for city='west_virginia', iso2='US'
