2025-08-08 12:18:06,031 INFO 🗺️ Starting GeoNames lookup for city='west_point', country='usa'
2025-08-08 12:18:06,031 INFO 📍 Location is present in the following articles: [ObjectId('67f92323f431fddd61d560b5'), ObjectId('6840977cc3ee14efea470426')]
2025-08-08 12:18:06,209 INFO Comparing database entry: west point with Fort Smith returned from geonames.
2025-08-08 12:18:06,209 INFO 📄 Index 0 | Name: Fort Smith | fcl: P, fcode: PPL | ADM1: Arkansas, ADM2: Sebastian, ADM3: Upper Township, ADM4:  | Score: 27.88, Population: 88194 | Fuzzy match: 50.0
2025-08-08 12:18:06,209 INFO Comparing database entry: west point with Arvada returned from geonames.
2025-08-08 12:18:06,210 INFO 📄 Index 1 | Name: Arvada | fcl: P, fcode: PPL | ADM1: Colorado, ADM2: Jefferson, ADM3: , ADM4:  | Score: 27.88, Population: 115368 | Fuzzy match: 0.0
2025-08-08 12:18:06,210 INFO Comparing database entry: west point with Dana Point returned from geonames.
2025-08-08 12:18:06,210 INFO 📄 Index 2 | Name: Dana Point | fcl: P, fcode: PPL | ADM1: California, ADM2: Orange, ADM3: , ADM4:  | Score: 25.88, Population: 34181 | Fuzzy match: 50.0
2025-08-08 12:18:06,210 INFO Comparing database entry: west point with Parkersburg returned from geonames.
2025-08-08 12:18:06,210 INFO 📄 Index 3 | Name: Parkersburg | fcl: P, fcode: PPLA2 | ADM1: West Virginia, ADM2: Wood, ADM3: , ADM4:  | Score: 22.91, Population: 30991 | Fuzzy match: 28.57142857142857
2025-08-08 12:18:06,389 INFO Comparing database entry: west point with Fort Smith returned from geonames.
2025-08-08 12:18:06,389 INFO 📄 Index 0 | Name: Fort Smith | fcl: P, fcode: PPL | ADM1: Arkansas, ADM2: Sebastian, ADM3: Upper Township, ADM4:  | Score: 27.88, Population: 88194 | Fuzzy match: 50.0
2025-08-08 12:18:06,390 INFO Comparing database entry: west point with Arvada returned from geonames.
2025-08-08 12:18:06,390 INFO 📄 Index 1 | Name: Arvada | fcl: P, fcode: PPL | ADM1: Colorado, ADM2: Jefferson, ADM3: , ADM4:  | Score: 27.88, Population: 115368 | Fuzzy match: 0.0
2025-08-08 12:18:06,390 INFO Comparing database entry: west point with Dana Point returned from geonames.
2025-08-08 12:18:06,390 INFO 📄 Index 2 | Name: Dana Point | fcl: P, fcode: PPL | ADM1: California, ADM2: Orange, ADM3: , ADM4:  | Score: 25.88, Population: 34181 | Fuzzy match: 50.0
2025-08-08 12:18:06,390 INFO Comparing database entry: west point with Parkersburg returned from geonames.
2025-08-08 12:18:06,390 INFO 📄 Index 3 | Name: Parkersburg | fcl: P, fcode: PPLA2 | ADM1: West Virginia, ADM2: Wood, ADM3: , ADM4:  | Score: 22.91, Population: 30991 | Fuzzy match: 28.57142857142857
2025-08-08 12:18:06,565 INFO Comparing database entry: west point with Fort Smith returned from geonames.
2025-08-08 12:18:06,565 INFO 📄 Index 0 | Name: Fort Smith | fcl: P, fcode: PPL | ADM1: Arkansas, ADM2: Sebastian, ADM3: Upper Township, ADM4:  | Score: 27.88, Population: 88194 | Fuzzy match: 50.0
2025-08-08 12:18:06,565 INFO Comparing database entry: west point with Arvada returned from geonames.
2025-08-08 12:18:06,565 INFO 📄 Index 1 | Name: Arvada | fcl: P, fcode: PPL | ADM1: Colorado, ADM2: Jefferson, ADM3: , ADM4:  | Score: 27.88, Population: 115368 | Fuzzy match: 0.0
2025-08-08 12:18:06,566 INFO Comparing database entry: west point with Dana Point returned from geonames.
2025-08-08 12:18:06,566 INFO 📄 Index 2 | Name: Dana Point | fcl: P, fcode: PPL | ADM1: California, ADM2: Orange, ADM3: , ADM4:  | Score: 25.88, Population: 34181 | Fuzzy match: 50.0
2025-08-08 12:18:06,566 INFO Comparing database entry: west point with Parkersburg returned from geonames.
2025-08-08 12:18:06,566 INFO 📄 Index 3 | Name: Parkersburg | fcl: P, fcode: PPLA2 | ADM1: West Virginia, ADM2: Wood, ADM3: , ADM4:  | Score: 22.91, Population: 30991 | Fuzzy match: 28.57142857142857
2025-08-08 12:18:06,748 INFO Comparing database entry: west point with Fort Smith returned from geonames.
2025-08-08 12:18:06,748 INFO 📄 Index 0 | Name: Fort Smith | fcl: P, fcode: PPL | ADM1: Arkansas, ADM2: Sebastian, ADM3: Upper Township, ADM4:  | Score: 27.88, Population: 88194 | Fuzzy match: 50.0
2025-08-08 12:18:06,748 INFO Comparing database entry: west point with Arvada returned from geonames.
2025-08-08 12:18:06,748 INFO 📄 Index 1 | Name: Arvada | fcl: P, fcode: PPL | ADM1: Colorado, ADM2: Jefferson, ADM3: , ADM4:  | Score: 27.88, Population: 115368 | Fuzzy match: 0.0
2025-08-08 12:18:06,748 INFO Comparing database entry: west point with Dana Point returned from geonames.
2025-08-08 12:18:06,748 INFO 📄 Index 2 | Name: Dana Point | fcl: P, fcode: PPL | ADM1: California, ADM2: Orange, ADM3: , ADM4:  | Score: 25.88, Population: 34181 | Fuzzy match: 50.0
2025-08-08 12:18:06,749 INFO Comparing database entry: west point with Parkersburg returned from geonames.
2025-08-08 12:18:06,749 INFO 📄 Index 3 | Name: Parkersburg | fcl: P, fcode: PPLA2 | ADM1: West Virginia, ADM2: Wood, ADM3: , ADM4:  | Score: 22.91, Population: 30991 | Fuzzy match: 28.57142857142857
2025-08-08 12:18:06,926 INFO Comparing database entry: west point with Fort Smith returned from geonames.
2025-08-08 12:18:06,926 INFO 📄 Index 0 | Name: Fort Smith | fcl: P, fcode: PPL | ADM1: Arkansas, ADM2: Sebastian, ADM3: Upper Township, ADM4:  | Score: 27.88, Population: 88194 | Fuzzy match: 50.0
2025-08-08 12:18:06,926 INFO Comparing database entry: west point with Arvada returned from geonames.
2025-08-08 12:18:06,926 INFO 📄 Index 1 | Name: Arvada | fcl: P, fcode: PPL | ADM1: Colorado, ADM2: Jefferson, ADM3: , ADM4:  | Score: 27.88, Population: 115368 | Fuzzy match: 0.0
2025-08-08 12:18:06,926 INFO Comparing database entry: west point with Dana Point returned from geonames.
2025-08-08 12:18:06,926 INFO 📄 Index 2 | Name: Dana Point | fcl: P, fcode: PPL | ADM1: California, ADM2: Orange, ADM3: , ADM4:  | Score: 25.88, Population: 34181 | Fuzzy match: 50.0
2025-08-08 12:18:06,926 INFO Comparing database entry: west point with Parkersburg returned from geonames.
2025-08-08 12:18:06,926 INFO 📄 Index 3 | Name: Parkersburg | fcl: P, fcode: PPLA2 | ADM1: West Virginia, ADM2: Wood, ADM3: , ADM4:  | Score: 22.91, Population: 30991 | Fuzzy match: 28.57142857142857
2025-08-08 12:18:07,095 INFO Comparing database entry: west point with Fort Smith returned from geonames.
2025-08-08 12:18:07,095 INFO 📄 Index 0 | Name: Fort Smith | fcl: P, fcode: PPL | ADM1: Arkansas, ADM2: Sebastian, ADM3: Upper Township, ADM4:  | Score: 27.88, Population: 88194 | Fuzzy match: 50.0
2025-08-08 12:18:07,095 INFO Comparing database entry: west point with Arvada returned from geonames.
2025-08-08 12:18:07,096 INFO 📄 Index 1 | Name: Arvada | fcl: P, fcode: PPL | ADM1: Colorado, ADM2: Jefferson, ADM3: , ADM4:  | Score: 27.88, Population: 115368 | Fuzzy match: 0.0
2025-08-08 12:18:07,096 INFO Comparing database entry: west point with Dana Point returned from geonames.
2025-08-08 12:18:07,096 INFO 📄 Index 2 | Name: Dana Point | fcl: P, fcode: PPL | ADM1: California, ADM2: Orange, ADM3: , ADM4:  | Score: 25.88, Population: 34181 | Fuzzy match: 50.0
2025-08-08 12:18:07,096 INFO Comparing database entry: west point with Parkersburg returned from geonames.
2025-08-08 12:18:07,096 INFO 📄 Index 3 | Name: Parkersburg | fcl: P, fcode: PPLA2 | ADM1: West Virginia, ADM2: Wood, ADM3: , ADM4:  | Score: 22.91, Population: 30991 | Fuzzy match: 28.57142857142857
2025-08-08 12:18:07,096 WARNING ❌ No match found with fuzzy score > 80 for city: west point
2025-08-08 12:18:07,096 WARNING ❌ Lookup failed for city='west_point', iso2='US'
