2025-08-08 12:01:05,222 INFO 🗺️ Starting GeoNames lookup for city='warren_ohio', country='united states'
2025-08-08 12:01:05,222 INFO 📍 Location is present in the following articles: [ObjectId('67f921e3f431fddd61d55c96')]
2025-08-08 12:01:05,349 INFO Comparing database entry: warren, ohio with Warren returned from geonames.
2025-08-08 12:01:05,349 INFO 📄 Index 0 | Name: Warren | fcl: P, fcode: PPLA2 | ADM1: Ohio, ADM2: Trumbull, ADM3: City of Warren, ADM4:  | Score: 33.63, Population: 40245 | Fuzzy match: 66.66666666666667
2025-08-08 12:01:05,349 INFO Comparing database entry: warren, ohio with Warren returned from geonames.
2025-08-08 12:01:05,349 INFO 📄 Index 1 | Name: Warren | fcl: A, fcode: ADM2 | ADM1: Ohio, ADM2: Warren, ADM3: , ADM4:  | Score: 28.25, Population: 242337 | Fuzzy match: 66.66666666666667
2025-08-08 12:01:05,349 INFO Comparing database entry: warren, ohio with Mason returned from geonames.
2025-08-08 12:01:05,349 INFO 📄 Index 2 | Name: Mason | fcl: P, fcode: PPL | ADM1: Ohio, ADM2: Warren, ADM3: City of Mason, ADM4:  | Score: 27.43, Population: 32662 | Fuzzy match: 23.529411764705888
2025-08-08 12:01:05,349 INFO Comparing database entry: warren, ohio with Youngstown returned from geonames.
2025-08-08 12:01:05,349 INFO 📄 Index 3 | Name: Youngstown | fcl: P, fcode: PPLA2 | ADM1: Ohio, ADM2: Mahoning, ADM3: City of Youngstown, ADM4:  | Score: 26.67, Population: 64628 | Fuzzy match: 36.36363636363637
2025-08-08 12:01:05,502 INFO Comparing database entry: warren, ohio with Warren returned from geonames.
2025-08-08 12:01:05,502 INFO 📄 Index 0 | Name: Warren | fcl: P, fcode: PPLA2 | ADM1: Ohio, ADM2: Trumbull, ADM3: City of Warren, ADM4:  | Score: 33.63, Population: 40245 | Fuzzy match: 66.66666666666667
2025-08-08 12:01:05,502 INFO Comparing database entry: warren, ohio with Warren returned from geonames.
2025-08-08 12:01:05,502 INFO 📄 Index 1 | Name: Warren | fcl: A, fcode: ADM2 | ADM1: Ohio, ADM2: Warren, ADM3: , ADM4:  | Score: 28.25, Population: 242337 | Fuzzy match: 66.66666666666667
2025-08-08 12:01:05,502 INFO Comparing database entry: warren, ohio with Mason returned from geonames.
2025-08-08 12:01:05,502 INFO 📄 Index 2 | Name: Mason | fcl: P, fcode: PPL | ADM1: Ohio, ADM2: Warren, ADM3: City of Mason, ADM4:  | Score: 27.43, Population: 32662 | Fuzzy match: 23.529411764705888
2025-08-08 12:01:05,502 INFO Comparing database entry: warren, ohio with Youngstown returned from geonames.
2025-08-08 12:01:05,503 INFO 📄 Index 3 | Name: Youngstown | fcl: P, fcode: PPLA2 | ADM1: Ohio, ADM2: Mahoning, ADM3: City of Youngstown, ADM4:  | Score: 26.67, Population: 64628 | Fuzzy match: 36.36363636363637
2025-08-08 12:01:05,649 INFO Comparing database entry: warren, ohio with Warren returned from geonames.
2025-08-08 12:01:05,650 INFO 📄 Index 0 | Name: Warren | fcl: P, fcode: PPLA2 | ADM1: Ohio, ADM2: Trumbull, ADM3: City of Warren, ADM4:  | Score: 33.63, Population: 40245 | Fuzzy match: 66.66666666666667
2025-08-08 12:01:05,650 INFO Comparing database entry: warren, ohio with Warren returned from geonames.
2025-08-08 12:01:05,650 INFO 📄 Index 1 | Name: Warren | fcl: A, fcode: ADM2 | ADM1: Ohio, ADM2: Warren, ADM3: , ADM4:  | Score: 28.25, Population: 242337 | Fuzzy match: 66.66666666666667
2025-08-08 12:01:05,650 INFO Comparing database entry: warren, ohio with Mason returned from geonames.
2025-08-08 12:01:05,650 INFO 📄 Index 2 | Name: Mason | fcl: P, fcode: PPL | ADM1: Ohio, ADM2: Warren, ADM3: City of Mason, ADM4:  | Score: 27.43, Population: 32662 | Fuzzy match: 23.529411764705888
2025-08-08 12:01:05,650 INFO Comparing database entry: warren, ohio with Youngstown returned from geonames.
2025-08-08 12:01:05,650 INFO 📄 Index 3 | Name: Youngstown | fcl: P, fcode: PPLA2 | ADM1: Ohio, ADM2: Mahoning, ADM3: City of Youngstown, ADM4:  | Score: 26.67, Population: 64628 | Fuzzy match: 36.36363636363637
2025-08-08 12:01:05,821 INFO Comparing database entry: warren, ohio with Warren returned from geonames.
2025-08-08 12:01:05,822 INFO 📄 Index 0 | Name: Warren | fcl: P, fcode: PPLA2 | ADM1: Ohio, ADM2: Trumbull, ADM3: City of Warren, ADM4:  | Score: 33.63, Population: 40245 | Fuzzy match: 66.66666666666667
2025-08-08 12:01:05,822 INFO Comparing database entry: warren, ohio with Warren returned from geonames.
2025-08-08 12:01:05,822 INFO 📄 Index 1 | Name: Warren | fcl: A, fcode: ADM2 | ADM1: Ohio, ADM2: Warren, ADM3: , ADM4:  | Score: 28.25, Population: 242337 | Fuzzy match: 66.66666666666667
2025-08-08 12:01:05,822 INFO Comparing database entry: warren, ohio with Mason returned from geonames.
2025-08-08 12:01:05,822 INFO 📄 Index 2 | Name: Mason | fcl: P, fcode: PPL | ADM1: Ohio, ADM2: Warren, ADM3: City of Mason, ADM4:  | Score: 27.43, Population: 32662 | Fuzzy match: 23.529411764705888
2025-08-08 12:01:05,822 INFO Comparing database entry: warren, ohio with Youngstown returned from geonames.
2025-08-08 12:01:05,822 INFO 📄 Index 3 | Name: Youngstown | fcl: P, fcode: PPLA2 | ADM1: Ohio, ADM2: Mahoning, ADM3: City of Youngstown, ADM4:  | Score: 26.67, Population: 64628 | Fuzzy match: 36.36363636363637
2025-08-08 12:01:05,999 INFO Comparing database entry: warren, ohio with Warren returned from geonames.
2025-08-08 12:01:05,999 INFO 📄 Index 0 | Name: Warren | fcl: P, fcode: PPLA2 | ADM1: Ohio, ADM2: Trumbull, ADM3: City of Warren, ADM4:  | Score: 33.63, Population: 40245 | Fuzzy match: 66.66666666666667
2025-08-08 12:01:05,999 INFO Comparing database entry: warren, ohio with Warren returned from geonames.
2025-08-08 12:01:05,999 INFO 📄 Index 1 | Name: Warren | fcl: A, fcode: ADM2 | ADM1: Ohio, ADM2: Warren, ADM3: , ADM4:  | Score: 28.25, Population: 242337 | Fuzzy match: 66.66666666666667
2025-08-08 12:01:05,999 INFO Comparing database entry: warren, ohio with Mason returned from geonames.
2025-08-08 12:01:05,999 INFO 📄 Index 2 | Name: Mason | fcl: P, fcode: PPL | ADM1: Ohio, ADM2: Warren, ADM3: City of Mason, ADM4:  | Score: 27.43, Population: 32662 | Fuzzy match: 23.529411764705888
2025-08-08 12:01:05,999 INFO Comparing database entry: warren, ohio with Youngstown returned from geonames.
2025-08-08 12:01:05,999 INFO 📄 Index 3 | Name: Youngstown | fcl: P, fcode: PPLA2 | ADM1: Ohio, ADM2: Mahoning, ADM3: City of Youngstown, ADM4:  | Score: 26.67, Population: 64628 | Fuzzy match: 36.36363636363637
2025-08-08 12:01:06,147 INFO Comparing database entry: warren, ohio with Warren returned from geonames.
2025-08-08 12:01:06,148 INFO 📄 Index 0 | Name: Warren | fcl: P, fcode: PPLA2 | ADM1: Ohio, ADM2: Trumbull, ADM3: City of Warren, ADM4:  | Score: 33.63, Population: 40245 | Fuzzy match: 66.66666666666667
2025-08-08 12:01:06,148 INFO Comparing database entry: warren, ohio with Warren returned from geonames.
2025-08-08 12:01:06,148 INFO 📄 Index 1 | Name: Warren | fcl: A, fcode: ADM2 | ADM1: Ohio, ADM2: Warren, ADM3: , ADM4:  | Score: 28.25, Population: 242337 | Fuzzy match: 66.66666666666667
2025-08-08 12:01:06,148 INFO Comparing database entry: warren, ohio with Mason returned from geonames.
2025-08-08 12:01:06,148 INFO 📄 Index 2 | Name: Mason | fcl: P, fcode: PPL | ADM1: Ohio, ADM2: Warren, ADM3: City of Mason, ADM4:  | Score: 27.43, Population: 32662 | Fuzzy match: 23.529411764705888
2025-08-08 12:01:06,148 INFO Comparing database entry: warren, ohio with Youngstown returned from geonames.
2025-08-08 12:01:06,148 INFO 📄 Index 3 | Name: Youngstown | fcl: P, fcode: PPLA2 | ADM1: Ohio, ADM2: Mahoning, ADM3: City of Youngstown, ADM4:  | Score: 26.67, Population: 64628 | Fuzzy match: 36.36363636363637
2025-08-08 12:01:06,148 WARNING ❌ No match found with fuzzy score > 80 for city: warren, ohio
2025-08-08 12:01:06,148 WARNING ❌ Lookup failed for city='warren_ohio', iso2='US'
