2025-08-07 18:25:03,844 INFO 🗺️ Starting GeoNames lookup for city='alat', country='uzbekistan'
2025-08-07 18:25:03,845 INFO 📍 Location is present in the following articles: [ObjectId('67fbeece94b7f855cfea6681')]
2025-08-07 18:25:03,993 INFO Comparing database entry: alat with Olot Shahri returned from geonames.
2025-08-07 18:25:03,994 INFO 📄 Index 0 | Name: Olot Shahri | fcl: A, fcode: ADM2 | ADM1: Bukhara, ADM2: Olot Shahri, ADM3: , ADM4:  | Score: 48.90, Population: 0 | Fuzzy match: 26.66666666666667
2025-08-07 18:25:03,994 INFO Comparing database entry: alat with Olot District returned from geonames.
2025-08-07 18:25:03,994 INFO 📄 Index 1 | Name: Olot District | fcl: A, fcode: ADM2 | ADM1: Bukhara, ADM2: Olot District, ADM3: , ADM4:  | Score: 44.57, Population: 101300 | Fuzzy match: 23.529411764705888
2025-08-07 18:25:03,994 INFO Comparing database entry: alat with Olot Shahri returned from geonames.
2025-08-07 18:25:03,994 INFO 📄 Index 2 | Name: Olot Shahri | fcl: P, fcode: PPLA2 | ADM1: Bukhara, ADM2: , ADM3: , ADM4:  | Score: 34.04, Population: 11984 | Fuzzy match: 26.66666666666667
2025-08-07 18:25:03,994 INFO Comparing database entry: alat with Olot Shahri returned from geonames.
2025-08-07 18:25:03,994 INFO 📄 Index 3 | Name: Olot Shahri | fcl: A, fcode: ADM3 | ADM1: Bukhara, ADM2: , ADM3: , ADM4:  | Score: 26.49, Population: 0 | Fuzzy match: 26.66666666666667
2025-08-07 18:25:04,114 INFO Comparing database entry: alat with Olot Shahri returned from geonames.
2025-08-07 18:25:04,114 INFO 📄 Index 0 | Name: Olot Shahri | fcl: A, fcode: ADM2 | ADM1: Bukhara, ADM2: Olot Shahri, ADM3: , ADM4:  | Score: 48.90, Population: 0 | Fuzzy match: 26.66666666666667
2025-08-07 18:25:04,114 INFO Comparing database entry: alat with Olot District returned from geonames.
2025-08-07 18:25:04,114 INFO 📄 Index 1 | Name: Olot District | fcl: A, fcode: ADM2 | ADM1: Bukhara, ADM2: Olot District, ADM3: , ADM4:  | Score: 44.57, Population: 101300 | Fuzzy match: 23.529411764705888
2025-08-07 18:25:04,114 INFO Comparing database entry: alat with Olot Shahri returned from geonames.
2025-08-07 18:25:04,114 INFO 📄 Index 2 | Name: Olot Shahri | fcl: P, fcode: PPLA2 | ADM1: Bukhara, ADM2: , ADM3: , ADM4:  | Score: 34.04, Population: 11984 | Fuzzy match: 26.66666666666667
2025-08-07 18:25:04,114 INFO Comparing database entry: alat with Olot Shahri returned from geonames.
2025-08-07 18:25:04,114 INFO 📄 Index 3 | Name: Olot Shahri | fcl: A, fcode: ADM3 | ADM1: Bukhara, ADM2: , ADM3: , ADM4:  | Score: 26.49, Population: 0 | Fuzzy match: 26.66666666666667
2025-08-07 18:25:04,246 INFO Comparing database entry: alat with Olot Shahri returned from geonames.
2025-08-07 18:25:04,246 INFO 📄 Index 0 | Name: Olot Shahri | fcl: A, fcode: ADM2 | ADM1: Bukhara, ADM2: Olot Shahri, ADM3: , ADM4:  | Score: 48.90, Population: 0 | Fuzzy match: 26.66666666666667
2025-08-07 18:25:04,246 INFO Comparing database entry: alat with Olot District returned from geonames.
2025-08-07 18:25:04,246 INFO 📄 Index 1 | Name: Olot District | fcl: A, fcode: ADM2 | ADM1: Bukhara, ADM2: Olot District, ADM3: , ADM4:  | Score: 44.57, Population: 101300 | Fuzzy match: 23.529411764705888
2025-08-07 18:25:04,246 INFO Comparing database entry: alat with Olot Shahri returned from geonames.
2025-08-07 18:25:04,246 INFO 📄 Index 2 | Name: Olot Shahri | fcl: P, fcode: PPLA2 | ADM1: Bukhara, ADM2: , ADM3: , ADM4:  | Score: 34.04, Population: 11984 | Fuzzy match: 26.66666666666667
2025-08-07 18:25:04,246 INFO Comparing database entry: alat with Olot Shahri returned from geonames.
2025-08-07 18:25:04,246 INFO 📄 Index 3 | Name: Olot Shahri | fcl: A, fcode: ADM3 | ADM1: Bukhara, ADM2: , ADM3: , ADM4:  | Score: 26.49, Population: 0 | Fuzzy match: 26.66666666666667
2025-08-07 18:25:04,411 INFO Comparing database entry: alat with Olot Shahri returned from geonames.
2025-08-07 18:25:04,411 INFO 📄 Index 0 | Name: Olot Shahri | fcl: A, fcode: ADM2 | ADM1: Bukhara, ADM2: Olot Shahri, ADM3: , ADM4:  | Score: 48.90, Population: 0 | Fuzzy match: 26.66666666666667
2025-08-07 18:25:04,411 INFO Comparing database entry: alat with Olot District returned from geonames.
2025-08-07 18:25:04,411 INFO 📄 Index 1 | Name: Olot District | fcl: A, fcode: ADM2 | ADM1: Bukhara, ADM2: Olot District, ADM3: , ADM4:  | Score: 44.57, Population: 101300 | Fuzzy match: 23.529411764705888
2025-08-07 18:25:04,411 INFO Comparing database entry: alat with Olot Shahri returned from geonames.
2025-08-07 18:25:04,411 INFO 📄 Index 2 | Name: Olot Shahri | fcl: P, fcode: PPLA2 | ADM1: Bukhara, ADM2: , ADM3: , ADM4:  | Score: 34.04, Population: 11984 | Fuzzy match: 26.66666666666667
2025-08-07 18:25:04,411 INFO Comparing database entry: alat with Olot Shahri returned from geonames.
2025-08-07 18:25:04,411 INFO 📄 Index 3 | Name: Olot Shahri | fcl: A, fcode: ADM3 | ADM1: Bukhara, ADM2: , ADM3: , ADM4:  | Score: 26.49, Population: 0 | Fuzzy match: 26.66666666666667
2025-08-07 18:25:04,562 INFO Comparing database entry: alat with Olot Shahri returned from geonames.
2025-08-07 18:25:04,562 INFO 📄 Index 0 | Name: Olot Shahri | fcl: A, fcode: ADM2 | ADM1: Bukhara, ADM2: Olot Shahri, ADM3: , ADM4:  | Score: 48.90, Population: 0 | Fuzzy match: 26.66666666666667
2025-08-07 18:25:04,563 INFO Comparing database entry: alat with Olot District returned from geonames.
2025-08-07 18:25:04,563 INFO 📄 Index 1 | Name: Olot District | fcl: A, fcode: ADM2 | ADM1: Bukhara, ADM2: Olot District, ADM3: , ADM4:  | Score: 44.57, Population: 101300 | Fuzzy match: 23.529411764705888
2025-08-07 18:25:04,563 INFO Comparing database entry: alat with Olot Shahri returned from geonames.
2025-08-07 18:25:04,563 INFO 📄 Index 2 | Name: Olot Shahri | fcl: P, fcode: PPLA2 | ADM1: Bukhara, ADM2: , ADM3: , ADM4:  | Score: 34.04, Population: 11984 | Fuzzy match: 26.66666666666667
2025-08-07 18:25:04,563 INFO Comparing database entry: alat with Olot Shahri returned from geonames.
2025-08-07 18:25:04,563 INFO 📄 Index 3 | Name: Olot Shahri | fcl: A, fcode: ADM3 | ADM1: Bukhara, ADM2: , ADM3: , ADM4:  | Score: 26.49, Population: 0 | Fuzzy match: 26.66666666666667
2025-08-07 18:25:04,707 INFO Comparing database entry: alat with Olot Shahri returned from geonames.
2025-08-07 18:25:04,707 INFO 📄 Index 0 | Name: Olot Shahri | fcl: A, fcode: ADM2 | ADM1: Bukhara, ADM2: Olot Shahri, ADM3: , ADM4:  | Score: 48.90, Population: 0 | Fuzzy match: 26.66666666666667
2025-08-07 18:25:04,707 INFO Comparing database entry: alat with Olot District returned from geonames.
2025-08-07 18:25:04,707 INFO 📄 Index 1 | Name: Olot District | fcl: A, fcode: ADM2 | ADM1: Bukhara, ADM2: Olot District, ADM3: , ADM4:  | Score: 44.57, Population: 101300 | Fuzzy match: 23.529411764705888
2025-08-07 18:25:04,707 INFO Comparing database entry: alat with Olot Shahri returned from geonames.
2025-08-07 18:25:04,707 INFO 📄 Index 2 | Name: Olot Shahri | fcl: P, fcode: PPLA2 | ADM1: Bukhara, ADM2: , ADM3: , ADM4:  | Score: 34.04, Population: 11984 | Fuzzy match: 26.66666666666667
2025-08-07 18:25:04,707 INFO Comparing database entry: alat with Olot Shahri returned from geonames.
2025-08-07 18:25:04,707 INFO 📄 Index 3 | Name: Olot Shahri | fcl: A, fcode: ADM3 | ADM1: Bukhara, ADM2: , ADM3: , ADM4:  | Score: 26.49, Population: 0 | Fuzzy match: 26.66666666666667
2025-08-07 18:25:04,707 WARNING ❌ No match found with fuzzy score > 80 for city: alat
2025-08-07 18:25:04,707 WARNING ❌ Lookup failed for city='alat', iso2='UZ'
