2025-08-08 12:01:10,196 INFO 🗺️ Starting GeoNames lookup for city='ha_tinh', country='vietnam'
2025-08-08 12:01:10,196 INFO 📍 Location is present in the following articles: [ObjectId('67f92213f431fddd61d55d31'), ObjectId('67f92213f431fddd61d55d31'), ObjectId('67f92283f431fddd61d55ea8'), ObjectId('67f92283f431fddd61d55ea8')]
2025-08-08 12:01:10,344 INFO Comparing database entry: ha tinh with Ha Long returned from geonames.
2025-08-08 12:01:10,344 INFO 📄 Index 0 | Name: Ha Long | fcl: P, fcode: PPLA | ADM1: Quảng Ninh, ADM2: Hạ Long District, ADM3: , ADM4:  | Score: 77.27, Population: 148066 | Fuzzy match: 57.14285714285714
2025-08-08 12:01:10,344 INFO Comparing database entry: ha tinh with Tỉnh Hà Tây returned from geonames.
2025-08-08 12:01:10,344 INFO 📄 Index 1 | Name: Tỉnh Hà Tây | fcl: A, fcode: ADM1H | ADM1: Hà Tây, ADM2: , ADM3: , ADM4:  | Score: 73.63, Population: 2500000 | Fuzzy match: 55.55555555555556
2025-08-08 12:01:10,344 INFO Comparing database entry: ha tinh with Hà Tĩnh returned from geonames.
2025-08-08 12:01:10,345 INFO 📄 Index 2 | Name: Hà Tĩnh | fcl: P, fcode: PPLA | ADM1: Hà Tĩnh Province, ADM2: Thành Phố Hà Tĩnh, ADM3: , ADM4:  | Score: 68.85, Population: 27728 | Fuzzy match: 71.42857142857143
2025-08-08 12:01:10,345 INFO Comparing database entry: ha tinh with Hà Tĩnh Province returned from geonames.
2025-08-08 12:01:10,345 INFO 📄 Index 3 | Name: Hà Tĩnh Province | fcl: A, fcode: ADM1 | ADM1: Hà Tĩnh Province, ADM2: , ADM3: , ADM4:  | Score: 65.64, Population: 1533700 | Fuzzy match: 43.47826086956522
2025-08-08 12:01:10,483 INFO Comparing database entry: ha tinh with Ha Long returned from geonames.
2025-08-08 12:01:10,483 INFO 📄 Index 0 | Name: Ha Long | fcl: P, fcode: PPLA | ADM1: Quảng Ninh, ADM2: Hạ Long District, ADM3: , ADM4:  | Score: 77.27, Population: 148066 | Fuzzy match: 57.14285714285714
2025-08-08 12:01:10,483 INFO Comparing database entry: ha tinh with Tỉnh Hà Tây returned from geonames.
2025-08-08 12:01:10,484 INFO 📄 Index 1 | Name: Tỉnh Hà Tây | fcl: A, fcode: ADM1H | ADM1: Hà Tây, ADM2: , ADM3: , ADM4:  | Score: 73.63, Population: 2500000 | Fuzzy match: 55.55555555555556
2025-08-08 12:01:10,484 INFO Comparing database entry: ha tinh with Hà Tĩnh returned from geonames.
2025-08-08 12:01:10,484 INFO 📄 Index 2 | Name: Hà Tĩnh | fcl: P, fcode: PPLA | ADM1: Hà Tĩnh Province, ADM2: Thành Phố Hà Tĩnh, ADM3: , ADM4:  | Score: 68.85, Population: 27728 | Fuzzy match: 71.42857142857143
2025-08-08 12:01:10,484 INFO Comparing database entry: ha tinh with Hà Tĩnh Province returned from geonames.
2025-08-08 12:01:10,484 INFO 📄 Index 3 | Name: Hà Tĩnh Province | fcl: A, fcode: ADM1 | ADM1: Hà Tĩnh Province, ADM2: , ADM3: , ADM4:  | Score: 65.64, Population: 1533700 | Fuzzy match: 43.47826086956522
2025-08-08 12:01:10,633 INFO Comparing database entry: ha tinh with Ha Long returned from geonames.
2025-08-08 12:01:10,633 INFO 📄 Index 0 | Name: Ha Long | fcl: P, fcode: PPLA | ADM1: Quảng Ninh, ADM2: Hạ Long District, ADM3: , ADM4:  | Score: 77.27, Population: 148066 | Fuzzy match: 57.14285714285714
2025-08-08 12:01:10,633 INFO Comparing database entry: ha tinh with Tỉnh Hà Tây returned from geonames.
2025-08-08 12:01:10,633 INFO 📄 Index 1 | Name: Tỉnh Hà Tây | fcl: A, fcode: ADM1H | ADM1: Hà Tây, ADM2: , ADM3: , ADM4:  | Score: 73.63, Population: 2500000 | Fuzzy match: 55.55555555555556
2025-08-08 12:01:10,633 INFO Comparing database entry: ha tinh with Hà Tĩnh returned from geonames.
2025-08-08 12:01:10,633 INFO 📄 Index 2 | Name: Hà Tĩnh | fcl: P, fcode: PPLA | ADM1: Hà Tĩnh Province, ADM2: Thành Phố Hà Tĩnh, ADM3: , ADM4:  | Score: 68.85, Population: 27728 | Fuzzy match: 71.42857142857143
2025-08-08 12:01:10,633 INFO Comparing database entry: ha tinh with Hà Tĩnh Province returned from geonames.
2025-08-08 12:01:10,633 INFO 📄 Index 3 | Name: Hà Tĩnh Province | fcl: A, fcode: ADM1 | ADM1: Hà Tĩnh Province, ADM2: , ADM3: , ADM4:  | Score: 65.64, Population: 1533700 | Fuzzy match: 43.47826086956522
2025-08-08 12:01:10,820 INFO Comparing database entry: ha tinh with Ha Long returned from geonames.
2025-08-08 12:01:10,820 INFO 📄 Index 0 | Name: Ha Long | fcl: P, fcode: PPLA | ADM1: Quảng Ninh, ADM2: Hạ Long District, ADM3: , ADM4:  | Score: 77.27, Population: 148066 | Fuzzy match: 57.14285714285714
2025-08-08 12:01:10,821 INFO Comparing database entry: ha tinh with Tỉnh Hà Tây returned from geonames.
2025-08-08 12:01:10,821 INFO 📄 Index 1 | Name: Tỉnh Hà Tây | fcl: A, fcode: ADM1H | ADM1: Hà Tây, ADM2: , ADM3: , ADM4:  | Score: 73.63, Population: 2500000 | Fuzzy match: 55.55555555555556
2025-08-08 12:01:10,821 INFO Comparing database entry: ha tinh with Hà Tĩnh returned from geonames.
2025-08-08 12:01:10,821 INFO 📄 Index 2 | Name: Hà Tĩnh | fcl: P, fcode: PPLA | ADM1: Hà Tĩnh Province, ADM2: Thành Phố Hà Tĩnh, ADM3: , ADM4:  | Score: 68.85, Population: 27728 | Fuzzy match: 71.42857142857143
2025-08-08 12:01:10,821 INFO Comparing database entry: ha tinh with Hà Tĩnh Province returned from geonames.
2025-08-08 12:01:10,821 INFO 📄 Index 3 | Name: Hà Tĩnh Province | fcl: A, fcode: ADM1 | ADM1: Hà Tĩnh Province, ADM2: , ADM3: , ADM4:  | Score: 65.64, Population: 1533700 | Fuzzy match: 43.47826086956522
2025-08-08 12:01:10,978 INFO Comparing database entry: ha tinh with Ha Long returned from geonames.
2025-08-08 12:01:10,978 INFO 📄 Index 0 | Name: Ha Long | fcl: P, fcode: PPLA | ADM1: Quảng Ninh, ADM2: Hạ Long District, ADM3: , ADM4:  | Score: 77.27, Population: 148066 | Fuzzy match: 57.14285714285714
2025-08-08 12:01:10,978 INFO Comparing database entry: ha tinh with Tỉnh Hà Tây returned from geonames.
2025-08-08 12:01:10,979 INFO 📄 Index 1 | Name: Tỉnh Hà Tây | fcl: A, fcode: ADM1H | ADM1: Hà Tây, ADM2: , ADM3: , ADM4:  | Score: 73.63, Population: 2500000 | Fuzzy match: 55.55555555555556
2025-08-08 12:01:10,979 INFO Comparing database entry: ha tinh with Hà Tĩnh returned from geonames.
2025-08-08 12:01:10,979 INFO 📄 Index 2 | Name: Hà Tĩnh | fcl: P, fcode: PPLA | ADM1: Hà Tĩnh Province, ADM2: Thành Phố Hà Tĩnh, ADM3: , ADM4:  | Score: 68.85, Population: 27728 | Fuzzy match: 71.42857142857143
2025-08-08 12:01:10,979 INFO Comparing database entry: ha tinh with Hà Tĩnh Province returned from geonames.
2025-08-08 12:01:10,979 INFO 📄 Index 3 | Name: Hà Tĩnh Province | fcl: A, fcode: ADM1 | ADM1: Hà Tĩnh Province, ADM2: , ADM3: , ADM4:  | Score: 65.64, Population: 1533700 | Fuzzy match: 43.47826086956522
2025-08-08 12:01:11,135 INFO Comparing database entry: ha tinh with Ha Long returned from geonames.
2025-08-08 12:01:11,135 INFO 📄 Index 0 | Name: Ha Long | fcl: P, fcode: PPLA | ADM1: Quảng Ninh, ADM2: Hạ Long District, ADM3: , ADM4:  | Score: 77.27, Population: 148066 | Fuzzy match: 57.14285714285714
2025-08-08 12:01:11,135 INFO Comparing database entry: ha tinh with Tỉnh Hà Tây returned from geonames.
2025-08-08 12:01:11,135 INFO 📄 Index 1 | Name: Tỉnh Hà Tây | fcl: A, fcode: ADM1H | ADM1: Hà Tây, ADM2: , ADM3: , ADM4:  | Score: 73.63, Population: 2500000 | Fuzzy match: 55.55555555555556
2025-08-08 12:01:11,135 INFO Comparing database entry: ha tinh with Hà Tĩnh returned from geonames.
2025-08-08 12:01:11,136 INFO 📄 Index 2 | Name: Hà Tĩnh | fcl: P, fcode: PPLA | ADM1: Hà Tĩnh Province, ADM2: Thành Phố Hà Tĩnh, ADM3: , ADM4:  | Score: 68.85, Population: 27728 | Fuzzy match: 71.42857142857143
2025-08-08 12:01:11,136 INFO Comparing database entry: ha tinh with Hà Tĩnh Province returned from geonames.
2025-08-08 12:01:11,136 INFO 📄 Index 3 | Name: Hà Tĩnh Province | fcl: A, fcode: ADM1 | ADM1: Hà Tĩnh Province, ADM2: , ADM3: , ADM4:  | Score: 65.64, Population: 1533700 | Fuzzy match: 43.47826086956522
2025-08-08 12:01:11,136 WARNING ❌ No match found with fuzzy score > 80 for city: ha tinh
2025-08-08 12:01:11,136 WARNING ❌ Lookup failed for city='ha_tinh', iso2='VN'
