2026-03-03 15:21:22,659 - INFO - Debug output for article 68f4e0f3e4e292c6591e5880 written to: /Users/benjamin_mcwilliams/Documents/bruegel/data_new/WORKING/INDUSTRY/tuone_v6/reconcile/logs/articleID/68f4e0f3e4e292c6591e5880.log
2026-03-03 15:21:22,659 - INFO - Updating mongo-metadata is set to True
2026-03-03 15:21:22,659 - INFO - 🕴️Normalising companies...
2026-03-03 15:21:23,712 - INFO - 🔢 27799 company or joint_venture nodes present
2026-03-03 15:21:23,712 - INFO - 🟢 of which 27797 already have name_canon. 2 need processing
2026-03-03 15:21:24,290 - INFO - 0 updates to be committed to mongoDB.
2026-03-03 15:21:24,290 - INFO - 🌎 Querying geonames...
2026-03-03 15:21:25,124 - INFO - 📦 Loaded 3767 existing (country, city_key) pairs from MongoDB.
2026-03-03 15:21:31,805 - INFO - 📰 Scanned 22000 article(s) with factory nodes.
2026-03-03 15:21:31,805 - INFO - 🧹 Identified 5147 new (country, city) pairs to query. Example three: [('India', 'bhadla'), ('Algeria', 'menzel_ledjmet_east'), ('United States', 'central_illinois')]
2026-03-03 15:21:32,557 - INFO - 📭 No new updates to write.
2026-03-03 15:21:32,560 - INFO - Update EV Volumes data
2026-03-03 15:21:32,919 - INFO - 💾 Saved geo_lookup to /Users/benjamin_mcwilliams/Documents/bruegel/data_new/WORKING/INDUSTRY/tuone_v6/reconcile/storage/output/geo_lookup.json
2026-03-03 15:21:33,041 - INFO - 🗞️ Flattening articles...
2026-03-03 15:21:38,940 - INFO - 🔗 Building context in-memory...
2026-03-03 15:21:39,214 - INFO - 💾 Saved geo_lookup to /Users/benjamin_mcwilliams/Documents/bruegel/data_new/WORKING/INDUSTRY/tuone_v6/reconcile/storage/output/geo_lookup.json
2026-03-03 15:21:39,734 - INFO - 🉑 Merging nodes and relationships...
2026-03-03 15:21:41,672 - INFO - 🏭 Building registry union (direct + capacity + investment)…
2026-03-03 15:21:44,719 - INFO - - - - Normalising capacities
2026-03-03 15:21:45,576 - INFO - Capacity rows: 4689 | failed: 366 (7.8%)
2026-03-03 15:21:45,576 - INFO - - - - Normalising investments
2026-03-03 15:21:50,306 - INFO - 🫂 Grouping projects...
2026-03-03 15:21:50,306 - INFO - Processing: capacities → /Users/benjamin_mcwilliams/Documents/bruegel/data_new/WORKING/INDUSTRY/tuone_v6/reconcile/storage/output/grouped-capacities.xlsx
2026-03-03 15:21:51,720 - INFO - Saving filtered output to /Users/benjamin_mcwilliams/Documents/bruegel/data_new/WORKING/INDUSTRY/tuone_v6/reconcile/storage/output/grouped-capacities.xlsx
2026-03-03 15:21:51,722 - INFO - Processing: factories → /Users/benjamin_mcwilliams/Documents/bruegel/data_new/WORKING/INDUSTRY/tuone_v6/reconcile/storage/output/grouped-factories.xlsx
2026-03-03 15:21:53,268 - INFO - Saving filtered output to /Users/benjamin_mcwilliams/Documents/bruegel/data_new/WORKING/INDUSTRY/tuone_v6/reconcile/storage/output/grouped-factories.xlsx
2026-03-03 15:21:53,269 - INFO - Processing: investments → /Users/benjamin_mcwilliams/Documents/bruegel/data_new/WORKING/INDUSTRY/tuone_v6/reconcile/storage/output/grouped-investments.xlsx
2026-03-03 15:21:54,343 - INFO - Saving filtered output to /Users/benjamin_mcwilliams/Documents/bruegel/data_new/WORKING/INDUSTRY/tuone_v6/reconcile/storage/output/grouped-investments.xlsx
2026-03-03 15:21:54,344 - INFO - 🏭 Importing facilities
2026-03-03 15:21:55,534 - INFO - Facilities → inserts: 2 | updates: 0 | total input: 3004
2026-03-03 15:21:55,534 - INFO - Facilities → stale (to remove): 5
2026-03-03 15:21:55,765 - INFO - 📅 Assigning events to facilities
2026-03-03 15:21:56,671 - INFO - Capacities raw=3093 → grouped=2901 | Investments raw=1520 → grouped=1301
2026-03-03 15:21:57,759 - INFO - [DEBUG events_by_pid] articleID=68f4e0f3e4e292c6591e5880, pid=5e78927f-5d1e-55c1-8a9e-eb80a4bec74c, 2 events:
capacity | battery | module_pack | None | status=operational | phase=expansion | eventID=68f4e0f3e4e292c6591e5880_capacity_150k_batteries_per_year
investment | battery | module_pack | None | status=completed | phase=unclear | eventID=68f4e0f3e4e292c6591e5880_investment_ford_otosan_craiova_plant
2026-03-03 15:21:57,765 - INFO - [DEBUG events_by_pid] articleID=68f4e0f3e4e292c6591e5880, pid=9ee9a43a-027e-5519-a312-133210142d7a, 3 events:
capacity | vehicle | nan | None | status=operational | phase=unclear | eventID=68f4e0f3e4e292c6591e5880_capacity_300k_vehicles_per_year
capacity | vehicle | electric | None | status=operational | phase=greenfield | eventID=68f4e0f3e4e292c6591e5880_capacity_50,000_evs_operational_greenfield
investment | vehicle | electric | None | status=completed | phase=unclear | eventID=68f4e0f3e4e292c6591e5880_investment_ford_otosan_craiova_plant
2026-03-03 15:21:57,780 - INFO - attach_events → facilities matched: 3004 | missing: 0 | to update: 3004
2026-03-03 15:22:06,231 - INFO - ✅ attach_events: updated 3004 facilities.
2026-03-03 15:22:06,254 - INFO - 🔢 Assigning phase number
2026-03-03 15:22:07,298 - INFO - Project 2629f544-9f18-51d3-9324-40a00487a1b3 | events updated: 1
2026-03-03 15:22:07,339 - INFO - Project 77941716-f8e0-5d3a-a8db-ff4b0a62747d | events updated: 1
2026-03-03 15:22:07,339 - INFO - Project 8c362993-813c-570b-986c-3993bb25ae00 | events updated: 12
2026-03-03 15:22:07,776 - INFO - Bulk write: matched 3, modified 3
2026-03-03 15:22:07,777 - INFO - Finished. Docs scanned: 3004 | Docs changed: 3 | Event updates applied: 14 | Mode: COMMIT
2026-03-03 15:22:07,777 - INFO - 🚀 Starting summary updates for main, phase 1 and phase 2...
2026-03-03 15:22:12,835 - INFO - ✅ Updated summaries for 2 facilities.
2026-03-03 15:22:12,843 - INFO - ✅ Phase summaries computed.
2026-03-03 15:22:12,843 - INFO - 🔁 Syncing inst_canon to opensourcedev
2026-03-03 15:22:14,082 - INFO - inst_canon backup written: /Users/benjamin_mcwilliams/Documents/bruegel/data_new/WORKING/INDUSTRY/tuone_v6/reconcile/storage/input/inst_canon.xlsx (1464 rows)
2026-03-03 15:22:14,383 - INFO - inst_canon sync complete: facilities_unique=1462, added=0, removed=2, final_target=1462
2026-03-03 15:22:14,384 - INFO - Total pipeline time: 0.86 minutes
