2026-03-05 13:16:20,746 - INFO - Debug output for article 69a6f19e721a5d192a8320d0 written to: /Users/benjamin_mcwilliams/Documents/bruegel/data_new/WORKING/INDUSTRY/tuone_v6/reconcile/logs/articleID/69a6f19e721a5d192a8320d0.log
2026-03-05 13:16:20,746 - INFO - Updating mongo-metadata is set to True
2026-03-05 13:16:20,747 - INFO - 🕴️Normalising companies...
2026-03-05 13:16:21,808 - INFO - 🔢 27803 company or joint_venture nodes present
2026-03-05 13:16:21,809 - INFO - 🟢 of which 27801 already have name_canon. 2 need processing
2026-03-05 13:16:22,363 - INFO - 0 updates to be committed to mongoDB.
2026-03-05 13:16:22,363 - INFO - 🌎 Querying geonames...
2026-03-05 13:16:23,171 - INFO - 📦 Loaded 3767 existing (country, city_key) pairs from MongoDB.
2026-03-05 13:16:31,124 - INFO - 📰 Scanned 22000 article(s) with factory nodes.
2026-03-05 13:16:31,126 - INFO - 🧹 Identified 5147 new (country, city) pairs to query. Example three: [('United Arab Emirates', 'ajman_city'), ('United States', 'baton_rouge'), ('China', 'tengchong')]
2026-03-05 13:16:31,902 - INFO - 📭 No new updates to write.
2026-03-05 13:16:31,905 - INFO - Update EV Volumes data
2026-03-05 13:16:32,292 - INFO - 💾 Saved geo_lookup to /Users/benjamin_mcwilliams/Documents/bruegel/data_new/WORKING/INDUSTRY/tuone_v6/reconcile/storage/output/geo_lookup.json
2026-03-05 13:16:32,413 - INFO - 🗞️ Flattening articles...
2026-03-05 13:16:38,457 - INFO - 🔗 Building context in-memory...
2026-03-05 13:16:38,848 - INFO - 💾 Saved geo_lookup to /Users/benjamin_mcwilliams/Documents/bruegel/data_new/WORKING/INDUSTRY/tuone_v6/reconcile/storage/output/geo_lookup.json
2026-03-05 13:16:40,562 - INFO - 🉑 Merging nodes and relationships...
2026-03-05 13:16:45,337 - INFO - 🏭 Building registry union (direct + capacity + investment)…
2026-03-05 13:16:50,126 - INFO - - - - Normalising capacities
2026-03-05 13:16:51,413 - INFO - Capacity rows: 4701 | failed: 366 (7.8%)
2026-03-05 13:16:51,414 - INFO - - - - Normalising investments
2026-03-05 13:16:55,954 - INFO - 🫂 Grouping projects...
2026-03-05 13:16:55,954 - INFO - Processing: capacities → /Users/benjamin_mcwilliams/Documents/bruegel/data_new/WORKING/INDUSTRY/tuone_v6/reconcile/storage/output/grouped-capacities.xlsx
2026-03-05 13:16:57,345 - INFO - Saving filtered output to /Users/benjamin_mcwilliams/Documents/bruegel/data_new/WORKING/INDUSTRY/tuone_v6/reconcile/storage/output/grouped-capacities.xlsx
2026-03-05 13:16:57,347 - INFO - Processing: factories → /Users/benjamin_mcwilliams/Documents/bruegel/data_new/WORKING/INDUSTRY/tuone_v6/reconcile/storage/output/grouped-factories.xlsx
2026-03-05 13:16:58,871 - INFO - Saving filtered output to /Users/benjamin_mcwilliams/Documents/bruegel/data_new/WORKING/INDUSTRY/tuone_v6/reconcile/storage/output/grouped-factories.xlsx
2026-03-05 13:16:58,872 - INFO - Processing: investments → /Users/benjamin_mcwilliams/Documents/bruegel/data_new/WORKING/INDUSTRY/tuone_v6/reconcile/storage/output/grouped-investments.xlsx
2026-03-05 13:16:59,970 - INFO - Saving filtered output to /Users/benjamin_mcwilliams/Documents/bruegel/data_new/WORKING/INDUSTRY/tuone_v6/reconcile/storage/output/grouped-investments.xlsx
2026-03-05 13:16:59,971 - INFO - 🏭 Importing facilities
2026-03-05 13:17:01,356 - INFO - Facilities → inserts: 0 | updates: 0 | total input: 3003
2026-03-05 13:17:01,356 - INFO - Facilities → stale (to remove): 0
2026-03-05 13:17:01,365 - INFO - 📅 Assigning events to facilities
2026-03-05 13:17:02,260 - INFO - Capacities raw=3104 → grouped=2910 | Investments raw=1537 → grouped=1315
2026-03-05 13:17:03,843 - INFO - [DEBUG events_by_pid] articleID=69a6f19e721a5d192a8320d0, pid=669df5f3-df20-54ab-917a-4c51f980cdfd, 2 events:
facility | vehicle | electric | None | status=under construction | phase=None | eventID=69a6f19e721a5d192a8320d0
facility | vehicle | nan | None | status=under construction | phase=None | eventID=69a6f19e721a5d192a8320d0
2026-03-05 13:17:03,860 - INFO - attach_events → facilities matched: 3003 | missing: 0 | to update: 3003
2026-03-05 13:17:30,046 - INFO - ✅ attach_events: updated 3003 facilities.
2026-03-05 13:17:30,067 - INFO - 🔢 Assigning phase number
2026-03-05 13:17:31,251 - INFO - Finished. Docs scanned: 3003 | Docs changed: 0 | Event updates applied: 0 | Mode: COMMIT
2026-03-05 13:17:31,252 - INFO - 🚀 Starting summary updates for main, phase 1 and phase 2...
2026-03-05 13:17:41,981 - INFO - ✅ Updated summaries for 1 facilities.
2026-03-05 13:17:41,991 - INFO - ✅ Phase summaries computed.
2026-03-05 13:17:41,992 - INFO - 🔁 Syncing inst_canon to opensourcedev
2026-03-05 13:17:43,240 - INFO - inst_canon backup written: /Users/benjamin_mcwilliams/Documents/bruegel/data_new/WORKING/INDUSTRY/tuone_v6/reconcile/storage/input/inst_canon.xlsx (1453 rows)
2026-03-05 13:17:43,463 - INFO - inst_canon sync complete: facilities_unique=1453, added=0, removed=0, final_target=1453
2026-03-05 13:17:43,463 - INFO - Total pipeline time: 1.38 minutes
