2026-03-06 18:12:22,395 - INFO - Debug output for article 69a6f19e721a5d192a8320d0 written to: /Users/benjamin_mcwilliams/Documents/bruegel/data_new/WORKING/INDUSTRY/tuone_v6/reconcile/logs/articleID/69a6f19e721a5d192a8320d0.log
2026-03-06 18:12:22,395 - INFO - Updating mongo-metadata is set to True
2026-03-06 18:12:22,395 - INFO - 🕴️Normalising companies...
2026-03-06 18:12:23,451 - INFO - 🔢 27813 company or joint_venture nodes present
2026-03-06 18:12:23,451 - INFO - 🟢 of which 27811 already have name_canon. 2 need processing
2026-03-06 18:12:24,147 - INFO - 0 updates to be committed to mongoDB.
2026-03-06 18:12:24,147 - INFO - 🌎 Querying geonames...
2026-03-06 18:12:25,108 - INFO - 📦 Loaded 3767 existing (country, city_key) pairs from MongoDB.
2026-03-06 18:12:32,429 - INFO - 📰 Scanned 22000 article(s) with factory nodes.
2026-03-06 18:12:32,429 - INFO - 🧹 Identified 5147 new (country, city) pairs to query. Example three: [('Australia', 'mulgrave'), ('Malaysia', 'malaysia'), ("Lao People's Democratic Republic", 'khammouane_province')]
2026-03-06 18:12:33,146 - INFO - 📭 No new updates to write.
2026-03-06 18:12:33,149 - INFO - Update EV Volumes data
2026-03-06 18:12:33,558 - INFO - 💾 Saved geo_lookup to /Users/benjamin_mcwilliams/Documents/bruegel/data_new/WORKING/INDUSTRY/tuone_v6/reconcile/storage/output/geo_lookup.json
2026-03-06 18:12:33,667 - INFO - 🗞️ Flattening articles...
2026-03-06 18:12:39,727 - INFO - 🔗 Building context in-memory...
2026-03-06 18:12:39,999 - INFO - 💾 Saved geo_lookup to /Users/benjamin_mcwilliams/Documents/bruegel/data_new/WORKING/INDUSTRY/tuone_v6/reconcile/storage/output/geo_lookup.json
2026-03-06 18:12:40,359 - INFO - 🉑 Merging nodes and relationships...
2026-03-06 18:12:42,206 - INFO - 🏭 Building registry union (direct + capacity + investment)…
2026-03-06 18:12:44,952 - INFO - - - - Normalising capacities
2026-03-06 18:12:45,713 - INFO - Capacity rows: 4709 | failed: 368 (7.8%)
2026-03-06 18:12:45,713 - INFO - - - - Normalising investments
2026-03-06 18:12:50,254 - INFO - 🫂 Grouping projects...
2026-03-06 18:12:50,254 - INFO - Processing: capacities → /Users/benjamin_mcwilliams/Documents/bruegel/data_new/WORKING/INDUSTRY/tuone_v6/reconcile/storage/output/grouped-capacities.xlsx
2026-03-06 18:12:51,674 - INFO - Saving filtered output to /Users/benjamin_mcwilliams/Documents/bruegel/data_new/WORKING/INDUSTRY/tuone_v6/reconcile/storage/output/grouped-capacities.xlsx
2026-03-06 18:12:51,676 - INFO - Processing: factories → /Users/benjamin_mcwilliams/Documents/bruegel/data_new/WORKING/INDUSTRY/tuone_v6/reconcile/storage/output/grouped-factories.xlsx
2026-03-06 18:12:53,213 - INFO - Saving filtered output to /Users/benjamin_mcwilliams/Documents/bruegel/data_new/WORKING/INDUSTRY/tuone_v6/reconcile/storage/output/grouped-factories.xlsx
2026-03-06 18:12:53,214 - INFO - Processing: investments → /Users/benjamin_mcwilliams/Documents/bruegel/data_new/WORKING/INDUSTRY/tuone_v6/reconcile/storage/output/grouped-investments.xlsx
2026-03-06 18:12:54,309 - INFO - Saving filtered output to /Users/benjamin_mcwilliams/Documents/bruegel/data_new/WORKING/INDUSTRY/tuone_v6/reconcile/storage/output/grouped-investments.xlsx
2026-03-06 18:12:54,310 - INFO - 🏭 Importing facilities
2026-03-06 18:12:55,583 - INFO - Facilities → inserts: 0 | updates: 0 | total input: 2997
2026-03-06 18:12:55,583 - INFO - Facilities → stale (to remove): 0
2026-03-06 18:12:55,593 - INFO - 📅 Assigning events to facilities
2026-03-06 18:12:56,474 - INFO - Capacities raw=3112 → grouped=2918 | Investments raw=1540 → grouped=1316
2026-03-06 18:12:57,558 - INFO - [DEBUG events_by_pid] articleID=69a6f19e721a5d192a8320d0, pid=669df5f3-df20-54ab-917a-4c51f980cdfd, 2 events:
facility | vehicle | electric | None | status=under construction | phase=None | eventID=69a6f19e721a5d192a8320d0
facility | vehicle | nan | None | status=under construction | phase=None | eventID=69a6f19e721a5d192a8320d0
2026-03-06 18:12:57,581 - INFO - attach_events → facilities matched: 2997 | missing: 0 | to update: 2997
2026-03-06 18:13:05,820 - INFO - ✅ attach_events: updated 2997 facilities.
2026-03-06 18:13:05,853 - INFO - 🔢 Assigning phase number
2026-03-06 18:13:07,200 - INFO - Finished. Docs scanned: 2997 | Docs changed: 0 | Event updates applied: 0 | Mode: COMMIT
2026-03-06 18:13:07,200 - INFO - 🚀 Starting summary updates for main, phase 1 and phase 2...
2026-03-06 18:13:15,574 - INFO - ✅ Updated summaries for 1 facilities.
2026-03-06 18:13:15,584 - INFO - ✅ Phase summaries computed.
2026-03-06 18:13:15,585 - INFO - 🔁 Syncing inst_canon to opensourcedev
2026-03-06 18:13:16,993 - INFO - inst_canon backup written: /Users/benjamin_mcwilliams/Documents/bruegel/data_new/WORKING/INDUSTRY/tuone_v6/reconcile/storage/input/inst_canon.xlsx (1451 rows)
2026-03-06 18:13:17,237 - INFO - inst_canon sync complete: facilities_unique=1451, added=0, removed=0, final_target=1451
2026-03-06 18:13:17,238 - INFO - Total pipeline time: 0.91 minutes
