2026-03-03 16:19:55,745 - INFO - Debug output for article 69a6f19e721a5d192a8320d0 written to: /Users/benjamin_mcwilliams/Documents/bruegel/data_new/WORKING/INDUSTRY/tuone_v6/reconcile/logs/articleID/69a6f19e721a5d192a8320d0.log
2026-03-03 16:19:55,745 - INFO - Updating mongo-metadata is set to True
2026-03-03 16:19:55,745 - INFO - 🕴️Normalising companies...
2026-03-03 16:19:56,793 - INFO - 🔢 27803 company or joint_venture nodes present
2026-03-03 16:19:56,793 - INFO - 🟢 of which 27801 already have name_canon. 2 need processing
2026-03-03 16:19:57,263 - INFO - 0 updates to be committed to mongoDB.
2026-03-03 16:19:57,263 - INFO - 🌎 Querying geonames...
2026-03-03 16:19:58,071 - INFO - 📦 Loaded 3767 existing (country, city_key) pairs from MongoDB.
2026-03-03 16:20:04,450 - INFO - 📰 Scanned 22000 article(s) with factory nodes.
2026-03-03 16:20:04,450 - INFO - 🧹 Identified 5147 new (country, city) pairs to query. Example three: [('Russian Federation', 'gremikha'), ('Indonesia', 'batam'), ('Korea, Republic of', 'gwangju')]
2026-03-03 16:20:05,199 - INFO - 📭 No new updates to write.
2026-03-03 16:20:05,201 - INFO - Update EV Volumes data
2026-03-03 16:20:05,553 - INFO - 💾 Saved geo_lookup to /Users/benjamin_mcwilliams/Documents/bruegel/data_new/WORKING/INDUSTRY/tuone_v6/reconcile/storage/output/geo_lookup.json
2026-03-03 16:20:05,664 - INFO - 🗞️ Flattening articles...
2026-03-03 16:20:11,167 - INFO - 🔗 Building context in-memory...
2026-03-03 16:20:11,440 - INFO - 💾 Saved geo_lookup to /Users/benjamin_mcwilliams/Documents/bruegel/data_new/WORKING/INDUSTRY/tuone_v6/reconcile/storage/output/geo_lookup.json
2026-03-03 16:20:11,965 - INFO - 🉑 Merging nodes and relationships...
2026-03-03 16:20:13,855 - INFO - 🏭 Building registry union (direct + capacity + investment)…
2026-03-03 16:20:16,595 - INFO - - - - Normalising capacities
2026-03-03 16:20:17,370 - INFO - Capacity rows: 4689 | failed: 366 (7.8%)
2026-03-03 16:20:17,370 - INFO - - - - Normalising investments
2026-03-03 16:20:21,667 - INFO - 🫂 Grouping projects...
2026-03-03 16:20:21,667 - INFO - Processing: capacities → /Users/benjamin_mcwilliams/Documents/bruegel/data_new/WORKING/INDUSTRY/tuone_v6/reconcile/storage/output/grouped-capacities.xlsx
2026-03-03 16:20:23,022 - INFO - Saving filtered output to /Users/benjamin_mcwilliams/Documents/bruegel/data_new/WORKING/INDUSTRY/tuone_v6/reconcile/storage/output/grouped-capacities.xlsx
2026-03-03 16:20:23,023 - INFO - Processing: factories → /Users/benjamin_mcwilliams/Documents/bruegel/data_new/WORKING/INDUSTRY/tuone_v6/reconcile/storage/output/grouped-factories.xlsx
2026-03-03 16:20:24,516 - INFO - Saving filtered output to /Users/benjamin_mcwilliams/Documents/bruegel/data_new/WORKING/INDUSTRY/tuone_v6/reconcile/storage/output/grouped-factories.xlsx
2026-03-03 16:20:24,518 - INFO - Processing: investments → /Users/benjamin_mcwilliams/Documents/bruegel/data_new/WORKING/INDUSTRY/tuone_v6/reconcile/storage/output/grouped-investments.xlsx
2026-03-03 16:20:25,559 - INFO - Saving filtered output to /Users/benjamin_mcwilliams/Documents/bruegel/data_new/WORKING/INDUSTRY/tuone_v6/reconcile/storage/output/grouped-investments.xlsx
2026-03-03 16:20:25,560 - INFO - 🏭 Importing facilities
2026-03-03 16:20:26,738 - INFO - Facilities → inserts: 0 | updates: 0 | total input: 3004
2026-03-03 16:20:26,738 - INFO - Facilities → stale (to remove): 0
2026-03-03 16:20:26,746 - INFO - 📅 Assigning events to facilities
2026-03-03 16:20:27,636 - INFO - Capacities raw=3093 → grouped=2901 | Investments raw=1521 → grouped=1302
2026-03-03 16:20:28,648 - INFO - attach_events → facilities matched: 3004 | missing: 0 | to update: 3004
2026-03-03 16:20:36,812 - INFO - ✅ attach_events: updated 3004 facilities.
2026-03-03 16:20:36,833 - INFO - 🔢 Assigning phase number
2026-03-03 16:20:37,924 - INFO - Finished. Docs scanned: 3004 | Docs changed: 0 | Event updates applied: 0 | Mode: COMMIT
2026-03-03 16:20:37,924 - INFO - 🚀 Starting summary updates for main, phase 1 and phase 2...
2026-03-03 16:20:43,211 - INFO - ✅ Updated summaries for 0 facilities.
2026-03-03 16:20:43,217 - INFO - ✅ Phase summaries computed.
2026-03-03 16:20:43,217 - INFO - 🔁 Syncing inst_canon to opensourcedev
2026-03-03 16:20:44,329 - INFO - inst_canon backup written: /Users/benjamin_mcwilliams/Documents/bruegel/data_new/WORKING/INDUSTRY/tuone_v6/reconcile/storage/input/inst_canon.xlsx (1462 rows)
2026-03-03 16:20:44,540 - INFO - inst_canon sync complete: facilities_unique=1462, added=0, removed=0, final_target=1462
2026-03-03 16:20:44,541 - INFO - Total pipeline time: 0.81 minutes
