2026-03-03 14:46:43,364 - INFO - Debug output for article 68f4e0f3e4e292c6591e5880 written to: /Users/benjamin_mcwilliams/Documents/bruegel/data_new/WORKING/INDUSTRY/tuone_v6/reconcile/logs/articleID/68f4e0f3e4e292c6591e5880.log
2026-03-03 14:46:43,365 - INFO - Updating mongo-metadata is set to True
2026-03-03 14:46:43,365 - INFO - 🕴️Normalising companies...
2026-03-03 14:46:44,401 - INFO - 🔢 27796 company or joint_venture nodes present
2026-03-03 14:46:44,401 - INFO - 🟢 of which 27794 already have name_canon. 2 need processing
2026-03-03 14:46:44,874 - INFO - 0 updates to be committed to mongoDB.
2026-03-03 14:46:44,874 - INFO - 🌎 Querying geonames...
2026-03-03 14:46:45,733 - INFO - 📦 Loaded 3767 existing (country, city_key) pairs from MongoDB.
2026-03-03 14:46:52,297 - INFO - 📰 Scanned 22000 article(s) with factory nodes.
2026-03-03 14:46:52,297 - INFO - 🧹 Identified 5147 new (country, city) pairs to query. Example three: [('Canada', 'becancour'), ('Botswana', 'mmadinare'), ('United States', 'lancaster')]
2026-03-03 14:46:53,060 - INFO - 📭 No new updates to write.
2026-03-03 14:46:53,064 - INFO - Update EV Volumes data
2026-03-03 14:46:53,428 - INFO - 💾 Saved geo_lookup to /Users/benjamin_mcwilliams/Documents/bruegel/data_new/WORKING/INDUSTRY/tuone_v6/reconcile/storage/output/geo_lookup.json
2026-03-03 14:46:53,553 - INFO - 🗞️ Flattening articles...
2026-03-03 14:47:00,447 - INFO - 🔗 Building context in-memory...
2026-03-03 14:47:00,699 - INFO - 💾 Saved geo_lookup to /Users/benjamin_mcwilliams/Documents/bruegel/data_new/WORKING/INDUSTRY/tuone_v6/reconcile/storage/output/geo_lookup.json
2026-03-03 14:47:01,203 - INFO - 🉑 Merging nodes and relationships...
2026-03-03 14:47:03,185 - INFO - 🏭 Building registry union (direct + capacity + investment)…
2026-03-03 14:47:06,004 - INFO - - - - Normalising capacities
2026-03-03 14:47:06,702 - INFO - Capacity rows: 4688 | failed: 366 (7.8%)
2026-03-03 14:47:06,702 - INFO - - - - Normalising investments
2026-03-03 14:47:10,962 - INFO - 🫂 Grouping projects...
2026-03-03 14:47:10,962 - INFO - Processing: capacities → /Users/benjamin_mcwilliams/Documents/bruegel/data_new/WORKING/INDUSTRY/tuone_v6/reconcile/storage/output/grouped-capacities.xlsx
2026-03-03 14:47:12,409 - INFO - Saving filtered output to /Users/benjamin_mcwilliams/Documents/bruegel/data_new/WORKING/INDUSTRY/tuone_v6/reconcile/storage/output/grouped-capacities.xlsx
2026-03-03 14:47:12,414 - INFO - Processing: factories → /Users/benjamin_mcwilliams/Documents/bruegel/data_new/WORKING/INDUSTRY/tuone_v6/reconcile/storage/output/grouped-factories.xlsx
2026-03-03 14:47:13,978 - INFO - Saving filtered output to /Users/benjamin_mcwilliams/Documents/bruegel/data_new/WORKING/INDUSTRY/tuone_v6/reconcile/storage/output/grouped-factories.xlsx
2026-03-03 14:47:13,980 - INFO - Processing: investments → /Users/benjamin_mcwilliams/Documents/bruegel/data_new/WORKING/INDUSTRY/tuone_v6/reconcile/storage/output/grouped-investments.xlsx
2026-03-03 14:47:15,093 - INFO - Saving filtered output to /Users/benjamin_mcwilliams/Documents/bruegel/data_new/WORKING/INDUSTRY/tuone_v6/reconcile/storage/output/grouped-investments.xlsx
2026-03-03 14:47:15,094 - INFO - 🏭 Importing facilities
2026-03-03 14:47:16,327 - INFO - Facilities → inserts: 1 | updates: 0 | total input: 3008
2026-03-03 14:47:16,327 - INFO - Facilities → stale (to remove): 1
2026-03-03 14:47:16,522 - INFO - 📅 Assigning events to facilities
2026-03-03 14:47:17,445 - INFO - Capacities raw=3092 → grouped=2900 | Investments raw=1517 → grouped=1298
2026-03-03 14:47:18,480 - INFO - [DEBUG events_by_pid] articleID=68f4e0f3e4e292c6591e5880, pid=5e78927f-5d1e-55c1-8a9e-eb80a4bec74c, 2 events:
capacity | battery | module_pack | None | status=operational | phase=expansion | eventID=68f4e0f3e4e292c6591e5880_capacity_150k_batteries_per_year
investment | battery | module_pack | None | status=completed | phase=unclear | eventID=68f4e0f3e4e292c6591e5880_investment_ford_otosan_craiova_plant
2026-03-03 14:47:18,484 - INFO - [DEBUG events_by_pid] articleID=68f4e0f3e4e292c6591e5880, pid=9ee9a43a-027e-5519-a312-133210142d7a, 3 events:
capacity | vehicle | nan | None | status=operational | phase=unclear | eventID=68f4e0f3e4e292c6591e5880_capacity_300k_vehicles_per_year
capacity | vehicle | electric | None | status=operational | phase=greenfield | eventID=68f4e0f3e4e292c6591e5880_capacity_50,000_evs_operational_greenfield
investment | vehicle | electric | None | status=completed | phase=unclear | eventID=68f4e0f3e4e292c6591e5880_investment_ford_otosan_craiova_plant
2026-03-03 14:47:18,500 - INFO - attach_events → facilities matched: 3008 | missing: 0 | to update: 3008
2026-03-03 14:47:27,017 - INFO - ✅ attach_events: updated 3008 facilities.
2026-03-03 14:47:27,029 - INFO - 🔢 Assigning phase number
2026-03-03 14:47:28,108 - INFO - Project 0149ce0e-8419-50fb-8e95-1a1bc8d5a1e3 | events updated: 2
2026-03-03 14:47:28,389 - INFO - Bulk write: matched 1, modified 1
2026-03-03 14:47:28,389 - INFO - Finished. Docs scanned: 3008 | Docs changed: 1 | Event updates applied: 2 | Mode: COMMIT
2026-03-03 14:47:28,389 - INFO - 🚀 Starting summary updates for main, phase 1 and phase 2...
2026-03-03 14:47:33,846 - INFO - ✅ Updated summaries for 1 facilities.
2026-03-03 14:47:33,852 - INFO - ✅ Phase summaries computed.
2026-03-03 14:47:33,852 - INFO - 🔁 Syncing inst_canon to opensourcedev
2026-03-03 14:47:35,009 - INFO - inst_canon backup written: /Users/benjamin_mcwilliams/Documents/bruegel/data_new/WORKING/INDUSTRY/tuone_v6/reconcile/storage/input/inst_canon.xlsx (1465 rows)
2026-03-03 14:47:35,400 - INFO - inst_canon sync complete: facilities_unique=1465, added=1, removed=1, final_target=1465
2026-03-03 14:47:35,400 - INFO - Total pipeline time: 0.87 minutes
