2026-03-03 16:10:26,836 - INFO - Debug output for article 68f4e0f3e4e292c6591e5880 written to: /Users/benjamin_mcwilliams/Documents/bruegel/data_new/WORKING/INDUSTRY/tuone_v6/reconcile/logs/articleID/68f4e0f3e4e292c6591e5880.log
2026-03-03 16:10:26,836 - INFO - Updating mongo-metadata is set to True
2026-03-03 16:10:26,836 - INFO - 🕴️Normalising companies...
2026-03-03 16:10:28,082 - INFO - 🔢 27803 company or joint_venture nodes present
2026-03-03 16:10:28,082 - INFO - 🟢 of which 27797 already have name_canon. 6 need processing
2026-03-03 16:10:28,579 - INFO - 15 updates to be committed to mongoDB.
2026-03-03 16:10:31,011 - INFO - Batch 0: matched 24, modified 24
2026-03-03 16:10:31,011 - INFO - 🌎 Querying geonames...
2026-03-03 16:10:31,711 - INFO - 📦 Loaded 3767 existing (country, city_key) pairs from MongoDB.
2026-03-03 16:10:36,996 - INFO - 📰 Scanned 22000 article(s) with factory nodes.
2026-03-03 16:10:36,997 - INFO - 🧹 Identified 5147 new (country, city) pairs to query. Example three: [('Australia', 'near_dubbo'), ('United States', 'searsport'), ('Thailand', 'bang_sao_thong')]
2026-03-03 16:10:37,745 - INFO - 📭 No new updates to write.
2026-03-03 16:10:37,748 - INFO - Update EV Volumes data
2026-03-03 16:10:38,094 - INFO - 💾 Saved geo_lookup to /Users/benjamin_mcwilliams/Documents/bruegel/data_new/WORKING/INDUSTRY/tuone_v6/reconcile/storage/output/geo_lookup.json
2026-03-03 16:10:38,206 - INFO - 🗞️ Flattening articles...
2026-03-03 16:10:43,795 - INFO - 🔗 Building context in-memory...
2026-03-03 16:10:44,197 - INFO - 💾 Saved geo_lookup to /Users/benjamin_mcwilliams/Documents/bruegel/data_new/WORKING/INDUSTRY/tuone_v6/reconcile/storage/output/geo_lookup.json
2026-03-03 16:10:44,707 - INFO - 🉑 Merging nodes and relationships...
2026-03-03 16:10:46,632 - INFO - 🏭 Building registry union (direct + capacity + investment)…
2026-03-03 16:10:50,689 - INFO - - - - Normalising capacities
2026-03-03 16:10:51,441 - INFO - Capacity rows: 4689 | failed: 366 (7.8%)
2026-03-03 16:10:51,441 - INFO - - - - Normalising investments
2026-03-03 16:10:56,078 - INFO - 🫂 Grouping projects...
2026-03-03 16:10:56,078 - INFO - Processing: capacities → /Users/benjamin_mcwilliams/Documents/bruegel/data_new/WORKING/INDUSTRY/tuone_v6/reconcile/storage/output/grouped-capacities.xlsx
2026-03-03 16:10:57,327 - INFO - Saving filtered output to /Users/benjamin_mcwilliams/Documents/bruegel/data_new/WORKING/INDUSTRY/tuone_v6/reconcile/storage/output/grouped-capacities.xlsx
2026-03-03 16:10:57,329 - INFO - Processing: factories → /Users/benjamin_mcwilliams/Documents/bruegel/data_new/WORKING/INDUSTRY/tuone_v6/reconcile/storage/output/grouped-factories.xlsx
2026-03-03 16:10:58,839 - INFO - Saving filtered output to /Users/benjamin_mcwilliams/Documents/bruegel/data_new/WORKING/INDUSTRY/tuone_v6/reconcile/storage/output/grouped-factories.xlsx
2026-03-03 16:10:58,841 - INFO - Processing: investments → /Users/benjamin_mcwilliams/Documents/bruegel/data_new/WORKING/INDUSTRY/tuone_v6/reconcile/storage/output/grouped-investments.xlsx
2026-03-03 16:10:59,888 - INFO - Saving filtered output to /Users/benjamin_mcwilliams/Documents/bruegel/data_new/WORKING/INDUSTRY/tuone_v6/reconcile/storage/output/grouped-investments.xlsx
2026-03-03 16:10:59,889 - INFO - 🏭 Importing facilities
2026-03-03 16:11:01,138 - INFO - Facilities → inserts: 1 | updates: 0 | total input: 3004
2026-03-03 16:11:01,138 - INFO - Facilities → stale (to remove): 1
2026-03-03 16:11:01,341 - INFO - 📅 Assigning events to facilities
2026-03-03 16:11:02,233 - INFO - Capacities raw=3093 → grouped=2901 | Investments raw=1521 → grouped=1302
2026-03-03 16:11:03,363 - INFO - [DEBUG events_by_pid] articleID=68f4e0f3e4e292c6591e5880, pid=5e78927f-5d1e-55c1-8a9e-eb80a4bec74c, 2 events:
capacity | battery | module_pack | None | status=operational | phase=expansion | eventID=68f4e0f3e4e292c6591e5880_capacity_150k_batteries_per_year
investment | battery | module_pack | None | status=completed | phase=unclear | eventID=68f4e0f3e4e292c6591e5880_investment_ford_otosan_craiova_plant
2026-03-03 16:11:03,367 - INFO - [DEBUG events_by_pid] articleID=68f4e0f3e4e292c6591e5880, pid=9ee9a43a-027e-5519-a312-133210142d7a, 3 events:
capacity | vehicle | nan | None | status=operational | phase=unclear | eventID=68f4e0f3e4e292c6591e5880_capacity_300k_vehicles_per_year
capacity | vehicle | electric | None | status=operational | phase=greenfield | eventID=68f4e0f3e4e292c6591e5880_capacity_50,000_evs_operational_greenfield
investment | vehicle | electric | None | status=completed | phase=unclear | eventID=68f4e0f3e4e292c6591e5880_investment_ford_otosan_craiova_plant
2026-03-03 16:11:03,380 - INFO - attach_events → facilities matched: 3004 | missing: 0 | to update: 3004
2026-03-03 16:11:10,599 - INFO - ✅ attach_events: updated 3004 facilities.
2026-03-03 16:11:10,630 - INFO - 🔢 Assigning phase number
2026-03-03 16:11:12,103 - INFO - Project de2a7f65-493e-54e0-ae30-bc8266022b3a | events updated: 1
2026-03-03 16:11:12,202 - INFO - Bulk write: matched 1, modified 1
2026-03-03 16:11:12,202 - INFO - Finished. Docs scanned: 3004 | Docs changed: 1 | Event updates applied: 1 | Mode: COMMIT
2026-03-03 16:11:12,202 - INFO - 🚀 Starting summary updates for main, phase 1 and phase 2...
2026-03-03 16:11:15,826 - INFO - ✅ Updated summaries for 1 facilities.
2026-03-03 16:11:15,835 - INFO - ✅ Phase summaries computed.
2026-03-03 16:11:15,835 - INFO - 🔁 Syncing inst_canon to opensourcedev
2026-03-03 16:11:16,871 - INFO - inst_canon backup written: /Users/benjamin_mcwilliams/Documents/bruegel/data_new/WORKING/INDUSTRY/tuone_v6/reconcile/storage/input/inst_canon.xlsx (1462 rows)
2026-03-03 16:11:17,277 - INFO - inst_canon sync complete: facilities_unique=1462, added=1, removed=1, final_target=1462
2026-03-03 16:11:17,277 - INFO - Total pipeline time: 0.84 minutes
