2026-03-10 18:35:07,791 - INFO - Debug output for article 69a6f19e721a5d192a8320d0 written to: /Users/benjamin_mcwilliams/Documents/bruegel/data_new/WORKING/INDUSTRY/tuone_v6/reconcile/logs/articleID/69a6f19e721a5d192a8320d0.log
2026-03-10 18:35:07,791 - INFO - Updating mongo-metadata is set to True
2026-03-10 18:35:07,791 - INFO - 🕴️Normalising companies...
2026-03-10 18:35:08,943 - INFO - 🔢 27813 company or joint_venture nodes present
2026-03-10 18:35:08,944 - INFO - 🟢 of which 27811 already have name_canon. 2 need processing
2026-03-10 18:35:09,458 - INFO - 0 updates to be committed to mongoDB.
2026-03-10 18:35:09,459 - INFO - 🌎 Querying geonames...
2026-03-10 18:35:09,934 - INFO - 📦 Loaded 3767 existing (country, city_key) pairs from MongoDB.
2026-03-10 18:35:18,094 - INFO - 📰 Scanned 22000 article(s) with factory nodes.
2026-03-10 18:35:18,095 - INFO - 🧹 Identified 5147 new (country, city) pairs to query. Example three: [('Kenya', 'seven_forks_dams'), ('United States', 'bolingbrook'), ('Jordan', 'al_husainiyah')]
2026-03-10 18:35:18,841 - INFO - 📭 No new updates to write.
2026-03-10 18:35:18,843 - INFO - Update EV Volumes data
2026-03-10 18:35:19,089 - INFO - 💾 Saved geo_lookup to /Users/benjamin_mcwilliams/Documents/bruegel/data_new/WORKING/INDUSTRY/tuone_v6/reconcile/storage/output/geo_lookup.json
2026-03-10 18:35:19,207 - INFO - 🗞️ Flattening articles...
2026-03-10 18:35:26,366 - INFO - 🔗 Building context in-memory...
2026-03-10 18:35:26,604 - INFO - 💾 Saved geo_lookup to /Users/benjamin_mcwilliams/Documents/bruegel/data_new/WORKING/INDUSTRY/tuone_v6/reconcile/storage/output/geo_lookup.json
2026-03-10 18:35:27,090 - INFO - 🉑 Merging nodes and relationships...
2026-03-10 18:35:28,993 - INFO - 🏭 Building registry union (direct + capacity + investment)…
2026-03-10 18:35:31,766 - INFO - - - - Normalising capacities
2026-03-10 18:35:32,450 - INFO - Capacity rows: 4709 | failed: 368 (7.8%)
2026-03-10 18:35:32,450 - INFO - - - - Normalising investments
2026-03-10 18:35:34,805 - INFO - 🫂 Grouping projects...
2026-03-10 18:35:34,805 - INFO - Processing: capacities → /Users/benjamin_mcwilliams/Documents/bruegel/data_new/WORKING/INDUSTRY/tuone_v6/reconcile/storage/output/grouped-capacities.xlsx
2026-03-10 18:35:35,857 - INFO - Saving filtered output to /Users/benjamin_mcwilliams/Documents/bruegel/data_new/WORKING/INDUSTRY/tuone_v6/reconcile/storage/output/grouped-capacities.xlsx
2026-03-10 18:35:35,859 - INFO - Processing: factories → /Users/benjamin_mcwilliams/Documents/bruegel/data_new/WORKING/INDUSTRY/tuone_v6/reconcile/storage/output/grouped-factories.xlsx
2026-03-10 18:35:37,214 - INFO - Saving filtered output to /Users/benjamin_mcwilliams/Documents/bruegel/data_new/WORKING/INDUSTRY/tuone_v6/reconcile/storage/output/grouped-factories.xlsx
2026-03-10 18:35:37,216 - INFO - Processing: investments → /Users/benjamin_mcwilliams/Documents/bruegel/data_new/WORKING/INDUSTRY/tuone_v6/reconcile/storage/output/grouped-investments.xlsx
2026-03-10 18:35:38,044 - INFO - Saving filtered output to /Users/benjamin_mcwilliams/Documents/bruegel/data_new/WORKING/INDUSTRY/tuone_v6/reconcile/storage/output/grouped-investments.xlsx
2026-03-10 18:35:38,046 - INFO - 🏭 Importing facilities
2026-03-10 18:35:38,781 - INFO - Facilities → inserts: 0 | updates: 0 | total input: 2997
2026-03-10 18:35:38,781 - INFO - Facilities → stale (to remove): 0
2026-03-10 18:35:38,787 - INFO - 📅 Assigning events to facilities
2026-03-10 18:35:39,666 - INFO - Capacities raw=3112 → grouped=2918 | Investments raw=1540 → grouped=1316
2026-03-10 18:35:40,340 - INFO - [DEBUG events_by_pid] articleID=69a6f19e721a5d192a8320d0, pid=669df5f3-df20-54ab-917a-4c51f980cdfd, 2 events:
facility | vehicle | electric | None | status=under construction | phase=None | eventID=69a6f19e721a5d192a8320d0
facility | vehicle | nan | None | status=under construction | phase=None | eventID=69a6f19e721a5d192a8320d0
2026-03-10 18:35:40,365 - INFO - attach_events → facilities matched: 2997 | missing: 0 | to update: 2997
2026-03-10 18:35:47,353 - INFO - ✅ attach_events: updated 2997 facilities.
2026-03-10 18:35:47,384 - INFO - 🔢 Assigning phase number
2026-03-10 18:35:47,908 - INFO - Finished. Docs scanned: 2997 | Docs changed: 0 | Event updates applied: 0 | Mode: COMMIT
2026-03-10 18:35:47,908 - INFO - 🚀 Starting summary updates for main, phase 1 and phase 2...
2026-03-10 18:35:50,412 - INFO - ✅ Updated summaries for 1 facilities.
2026-03-10 18:35:50,423 - INFO - ✅ Phase summaries computed.
2026-03-10 18:35:50,424 - INFO - 🔁 Syncing inst_canon to opensourcedev
2026-03-10 18:35:50,884 - INFO - inst_canon backup written: /Users/benjamin_mcwilliams/Documents/bruegel/data_new/WORKING/INDUSTRY/tuone_v6/reconcile/storage/input/inst_canon.xlsx (1451 rows)
2026-03-10 18:35:50,983 - INFO - inst_canon sync complete: facilities_unique=1451, added=0, removed=0, final_target=1451
2026-03-10 18:35:50,984 - INFO - Total pipeline time: 0.72 minutes
