2026-03-06 11:44:09,147 - INFO - Debug output for article 69a6f19e721a5d192a8320d0 written to: /Users/benjamin_mcwilliams/Documents/bruegel/data_new/WORKING/INDUSTRY/tuone_v6/reconcile/logs/articleID/69a6f19e721a5d192a8320d0.log
2026-03-06 11:44:09,147 - INFO - Updating mongo-metadata is set to True
2026-03-06 11:44:09,147 - INFO - 🕴️Normalising companies...
2026-03-06 11:44:10,468 - INFO - 🔢 27803 company or joint_venture nodes present
2026-03-06 11:44:10,468 - INFO - 🟢 of which 27801 already have name_canon. 2 need processing
2026-03-06 11:44:10,941 - INFO - 0 updates to be committed to mongoDB.
2026-03-06 11:44:10,942 - INFO - 🌎 Querying geonames...
2026-03-06 11:44:11,876 - INFO - 📦 Loaded 3767 existing (country, city_key) pairs from MongoDB.
2026-03-06 11:44:18,591 - INFO - 📰 Scanned 22000 article(s) with factory nodes.
2026-03-06 11:44:18,592 - INFO - 🧹 Identified 5147 new (country, city) pairs to query. Example three: [('Taiwan, Province of China', 'maanshan'), ('Japan', 'kota'), ('China', 'sheyang_port_economic_development_zone')]
2026-03-06 11:44:19,330 - INFO - 📭 No new updates to write.
2026-03-06 11:44:19,333 - INFO - Update EV Volumes data
2026-03-06 11:44:19,703 - INFO - 💾 Saved geo_lookup to /Users/benjamin_mcwilliams/Documents/bruegel/data_new/WORKING/INDUSTRY/tuone_v6/reconcile/storage/output/geo_lookup.json
2026-03-06 11:44:19,817 - INFO - 🗞️ Flattening articles...
2026-03-06 11:44:26,292 - INFO - 🔗 Building context in-memory...
2026-03-06 11:44:26,549 - INFO - 💾 Saved geo_lookup to /Users/benjamin_mcwilliams/Documents/bruegel/data_new/WORKING/INDUSTRY/tuone_v6/reconcile/storage/output/geo_lookup.json
2026-03-06 11:44:27,116 - INFO - 🉑 Merging nodes and relationships...
2026-03-06 11:44:29,002 - INFO - 🏭 Building registry union (direct + capacity + investment)…
2026-03-06 11:44:31,712 - INFO - - - - Normalising capacities
2026-03-06 11:44:32,399 - INFO - Capacity rows: 4701 | failed: 366 (7.8%)
2026-03-06 11:44:32,399 - INFO - - - - Normalising investments
2026-03-06 11:44:36,863 - INFO - 🫂 Grouping projects...
2026-03-06 11:44:36,863 - INFO - Processing: capacities → /Users/benjamin_mcwilliams/Documents/bruegel/data_new/WORKING/INDUSTRY/tuone_v6/reconcile/storage/output/grouped-capacities.xlsx
2026-03-06 11:44:38,297 - INFO - Saving filtered output to /Users/benjamin_mcwilliams/Documents/bruegel/data_new/WORKING/INDUSTRY/tuone_v6/reconcile/storage/output/grouped-capacities.xlsx
2026-03-06 11:44:38,299 - INFO - Processing: factories → /Users/benjamin_mcwilliams/Documents/bruegel/data_new/WORKING/INDUSTRY/tuone_v6/reconcile/storage/output/grouped-factories.xlsx
2026-03-06 11:44:39,795 - INFO - Saving filtered output to /Users/benjamin_mcwilliams/Documents/bruegel/data_new/WORKING/INDUSTRY/tuone_v6/reconcile/storage/output/grouped-factories.xlsx
2026-03-06 11:44:39,796 - INFO - Processing: investments → /Users/benjamin_mcwilliams/Documents/bruegel/data_new/WORKING/INDUSTRY/tuone_v6/reconcile/storage/output/grouped-investments.xlsx
2026-03-06 11:44:40,799 - INFO - Saving filtered output to /Users/benjamin_mcwilliams/Documents/bruegel/data_new/WORKING/INDUSTRY/tuone_v6/reconcile/storage/output/grouped-investments.xlsx
2026-03-06 11:44:40,800 - INFO - 🏭 Importing facilities
2026-03-06 11:44:42,039 - INFO - Facilities → inserts: 0 | updates: 0 | total input: 3003
2026-03-06 11:44:42,039 - INFO - Facilities → stale (to remove): 0
2026-03-06 11:44:42,048 - INFO - 📅 Assigning events to facilities
2026-03-06 11:44:42,922 - INFO - Capacities raw=3104 → grouped=2910 | Investments raw=1537 → grouped=1315
2026-03-06 11:44:44,000 - INFO - [DEBUG events_by_pid] articleID=69a6f19e721a5d192a8320d0, pid=669df5f3-df20-54ab-917a-4c51f980cdfd, 2 events:
facility | vehicle | electric | None | status=under construction | phase=None | eventID=69a6f19e721a5d192a8320d0
facility | vehicle | nan | None | status=under construction | phase=None | eventID=69a6f19e721a5d192a8320d0
2026-03-06 11:44:44,018 - INFO - attach_events → facilities matched: 3003 | missing: 0 | to update: 3003
2026-03-06 11:44:59,531 - INFO - ✅ attach_events: updated 3003 facilities.
2026-03-06 11:44:59,557 - INFO - 🔢 Assigning phase number
2026-03-06 11:45:00,690 - INFO - Finished. Docs scanned: 3003 | Docs changed: 0 | Event updates applied: 0 | Mode: COMMIT
2026-03-06 11:45:00,690 - INFO - 🚀 Starting summary updates for main, phase 1 and phase 2...
2026-03-06 11:45:06,649 - INFO - ✅ Updated summaries for 1 facilities.
2026-03-06 11:45:06,660 - INFO - ✅ Phase summaries computed.
2026-03-06 11:45:06,660 - INFO - 🔁 Syncing inst_canon to opensourcedev
2026-03-06 11:45:07,907 - INFO - inst_canon backup written: /Users/benjamin_mcwilliams/Documents/bruegel/data_new/WORKING/INDUSTRY/tuone_v6/reconcile/storage/input/inst_canon.xlsx (1453 rows)
2026-03-06 11:45:08,123 - INFO - inst_canon sync complete: facilities_unique=1453, added=0, removed=0, final_target=1453
2026-03-06 11:45:08,123 - INFO - Total pipeline time: 0.98 minutes
