2026-03-06 17:31:21,211 - INFO - Debug output for article 69a6f19e721a5d192a8320d0 written to: /Users/benjamin_mcwilliams/Documents/bruegel/data_new/WORKING/INDUSTRY/tuone_v6/reconcile/logs/articleID/69a6f19e721a5d192a8320d0.log
2026-03-06 17:31:21,211 - INFO - Updating mongo-metadata is set to True
2026-03-06 17:31:21,211 - INFO - 🕴️Normalising companies...
2026-03-06 17:31:22,290 - INFO - 🔢 27813 company or joint_venture nodes present
2026-03-06 17:31:22,291 - INFO - 🟢 of which 27808 already have name_canon. 5 need processing
2026-03-06 17:31:22,933 - INFO - 10 updates to be committed to mongoDB.
2026-03-06 17:31:24,626 - INFO - Batch 0: matched 11, modified 11
2026-03-06 17:31:24,627 - INFO - 🌎 Querying geonames...
2026-03-06 17:31:25,636 - INFO - 📦 Loaded 3767 existing (country, city_key) pairs from MongoDB.
2026-03-06 17:31:33,182 - INFO - 📰 Scanned 22000 article(s) with factory nodes.
2026-03-06 17:31:33,182 - INFO - 🧹 Identified 5147 new (country, city) pairs to query. Example three: [('Japan', 'aichi_prefecture'), ('Israel', 'beit_kama'), ('United States', 'michigan_state_university')]
2026-03-06 17:31:33,896 - INFO - 📭 No new updates to write.
2026-03-06 17:31:33,898 - INFO - Update EV Volumes data
2026-03-06 17:31:34,283 - INFO - 💾 Saved geo_lookup to /Users/benjamin_mcwilliams/Documents/bruegel/data_new/WORKING/INDUSTRY/tuone_v6/reconcile/storage/output/geo_lookup.json
2026-03-06 17:31:34,392 - INFO - 🗞️ Flattening articles...
2026-03-06 17:31:40,547 - INFO - 🔗 Building context in-memory...
2026-03-06 17:31:40,829 - INFO - 💾 Saved geo_lookup to /Users/benjamin_mcwilliams/Documents/bruegel/data_new/WORKING/INDUSTRY/tuone_v6/reconcile/storage/output/geo_lookup.json
2026-03-06 17:31:41,477 - INFO - 🉑 Merging nodes and relationships...
2026-03-06 17:31:43,419 - INFO - 🏭 Building registry union (direct + capacity + investment)…
2026-03-06 17:31:46,167 - INFO - - - - Normalising capacities
2026-03-06 17:31:46,855 - INFO - Capacity rows: 4709 | failed: 368 (7.8%)
2026-03-06 17:31:46,855 - INFO - - - - Normalising investments
2026-03-06 17:31:52,583 - INFO - 🫂 Grouping projects...
2026-03-06 17:31:52,583 - INFO - Processing: capacities → /Users/benjamin_mcwilliams/Documents/bruegel/data_new/WORKING/INDUSTRY/tuone_v6/reconcile/storage/output/grouped-capacities.xlsx
2026-03-06 17:31:54,099 - INFO - Saving filtered output to /Users/benjamin_mcwilliams/Documents/bruegel/data_new/WORKING/INDUSTRY/tuone_v6/reconcile/storage/output/grouped-capacities.xlsx
2026-03-06 17:31:54,101 - INFO - Processing: factories → /Users/benjamin_mcwilliams/Documents/bruegel/data_new/WORKING/INDUSTRY/tuone_v6/reconcile/storage/output/grouped-factories.xlsx
2026-03-06 17:31:55,725 - INFO - Saving filtered output to /Users/benjamin_mcwilliams/Documents/bruegel/data_new/WORKING/INDUSTRY/tuone_v6/reconcile/storage/output/grouped-factories.xlsx
2026-03-06 17:31:55,727 - INFO - Processing: investments → /Users/benjamin_mcwilliams/Documents/bruegel/data_new/WORKING/INDUSTRY/tuone_v6/reconcile/storage/output/grouped-investments.xlsx
2026-03-06 17:31:56,734 - INFO - Saving filtered output to /Users/benjamin_mcwilliams/Documents/bruegel/data_new/WORKING/INDUSTRY/tuone_v6/reconcile/storage/output/grouped-investments.xlsx
2026-03-06 17:31:56,735 - INFO - 🏭 Importing facilities
2026-03-06 17:31:58,017 - INFO - Facilities → inserts: 4 | updates: 0 | total input: 2999
2026-03-06 17:31:58,017 - INFO - Facilities → stale (to remove): 3
2026-03-06 17:31:58,267 - INFO - 📅 Assigning events to facilities
2026-03-06 17:31:59,152 - INFO - Capacities raw=3112 → grouped=2918 | Investments raw=1540 → grouped=1316
2026-03-06 17:32:00,236 - INFO - [DEBUG events_by_pid] articleID=69a6f19e721a5d192a8320d0, pid=669df5f3-df20-54ab-917a-4c51f980cdfd, 2 events:
facility | vehicle | electric | None | status=under construction | phase=None | eventID=69a6f19e721a5d192a8320d0
facility | vehicle | nan | None | status=under construction | phase=None | eventID=69a6f19e721a5d192a8320d0
2026-03-06 17:32:00,261 - INFO - attach_events → facilities matched: 2999 | missing: 0 | to update: 2999
2026-03-06 17:32:07,191 - INFO - ✅ attach_events: updated 2999 facilities.
2026-03-06 17:32:07,224 - INFO - 🔢 Assigning phase number
2026-03-06 17:32:08,407 - INFO - Project 1f87165a-a1da-5270-afc7-9ff01761d0ff | events updated: 38
2026-03-06 17:32:08,408 - INFO - Project 2f652801-b2fc-5bb6-9e97-5becb2d475bd | events updated: 4
2026-03-06 17:32:08,408 - INFO - Project 43bf3657-8e1a-5951-9594-5933de84745d | events updated: 2
2026-03-06 17:32:08,408 - INFO - Project 8b07af17-a574-573b-8f76-1d6390108e7d | events updated: 2
2026-03-06 17:32:08,983 - INFO - Bulk write: matched 4, modified 4
2026-03-06 17:32:08,983 - INFO - Finished. Docs scanned: 2999 | Docs changed: 4 | Event updates applied: 46 | Mode: COMMIT
2026-03-06 17:32:08,984 - INFO - 🚀 Starting summary updates for main, phase 1 and phase 2...
2026-03-06 17:32:12,219 - INFO - ✅ Updated summaries for 4 facilities.
2026-03-06 17:32:12,231 - INFO - ✅ Phase summaries computed.
2026-03-06 17:32:12,232 - INFO - 🔁 Syncing inst_canon to opensourcedev
2026-03-06 17:32:13,442 - INFO - inst_canon backup written: /Users/benjamin_mcwilliams/Documents/bruegel/data_new/WORKING/INDUSTRY/tuone_v6/reconcile/storage/input/inst_canon.xlsx (1453 rows)
2026-03-06 17:32:13,941 - INFO - inst_canon sync complete: facilities_unique=1453, added=1, removed=1, final_target=1453
2026-03-06 17:32:13,941 - INFO - Total pipeline time: 0.88 minutes
