2026-03-03 16:26:12,974 - INFO - Debug output for article 69a6f19e721a5d192a8320d0 written to: /Users/benjamin_mcwilliams/Documents/bruegel/data_new/WORKING/INDUSTRY/tuone_v6/reconcile/logs/articleID/69a6f19e721a5d192a8320d0.log
2026-03-03 16:26:12,974 - INFO - Updating mongo-metadata is set to True
2026-03-03 16:26:12,974 - INFO - 🕴️Normalising companies...
2026-03-03 16:26:14,514 - INFO - 🔢 27803 company or joint_venture nodes present
2026-03-03 16:26:14,514 - INFO - 🟢 of which 27801 already have name_canon. 2 need processing
2026-03-03 16:26:15,171 - INFO - 0 updates to be committed to mongoDB.
2026-03-03 16:26:15,171 - INFO - 🌎 Querying geonames...
2026-03-03 16:26:15,990 - INFO - 📦 Loaded 3767 existing (country, city_key) pairs from MongoDB.
2026-03-03 16:26:22,651 - INFO - 📰 Scanned 22000 article(s) with factory nodes.
2026-03-03 16:26:22,652 - INFO - 🧹 Identified 5147 new (country, city) pairs to query. Example three: [('China', 'daguan_county_yunnan_province'), ('United States', 'marion_county'), ('India', 'faridabad')]
2026-03-03 16:26:23,401 - INFO - 📭 No new updates to write.
2026-03-03 16:26:23,404 - INFO - Update EV Volumes data
2026-03-03 16:26:23,806 - INFO - 💾 Saved geo_lookup to /Users/benjamin_mcwilliams/Documents/bruegel/data_new/WORKING/INDUSTRY/tuone_v6/reconcile/storage/output/geo_lookup.json
2026-03-03 16:26:23,924 - INFO - 🗞️ Flattening articles...
2026-03-03 16:26:32,375 - INFO - 🔗 Building context in-memory...
2026-03-03 16:26:32,665 - INFO - 💾 Saved geo_lookup to /Users/benjamin_mcwilliams/Documents/bruegel/data_new/WORKING/INDUSTRY/tuone_v6/reconcile/storage/output/geo_lookup.json
2026-03-03 16:26:33,151 - INFO - 🉑 Merging nodes and relationships...
2026-03-03 16:26:35,067 - INFO - 🏭 Building registry union (direct + capacity + investment)…
2026-03-03 16:26:37,913 - INFO - - - - Normalising capacities
2026-03-03 16:26:38,623 - INFO - Capacity rows: 4703 | failed: 366 (7.8%)
2026-03-03 16:26:38,623 - INFO - - - - Normalising investments
2026-03-03 16:26:44,236 - INFO - 🫂 Grouping projects...
2026-03-03 16:26:44,237 - INFO - Processing: capacities → /Users/benjamin_mcwilliams/Documents/bruegel/data_new/WORKING/INDUSTRY/tuone_v6/reconcile/storage/output/grouped-capacities.xlsx
2026-03-03 16:26:45,882 - INFO - Saving filtered output to /Users/benjamin_mcwilliams/Documents/bruegel/data_new/WORKING/INDUSTRY/tuone_v6/reconcile/storage/output/grouped-capacities.xlsx
2026-03-03 16:26:45,884 - INFO - Processing: factories → /Users/benjamin_mcwilliams/Documents/bruegel/data_new/WORKING/INDUSTRY/tuone_v6/reconcile/storage/output/grouped-factories.xlsx
2026-03-03 16:26:48,599 - INFO - Saving filtered output to /Users/benjamin_mcwilliams/Documents/bruegel/data_new/WORKING/INDUSTRY/tuone_v6/reconcile/storage/output/grouped-factories.xlsx
2026-03-03 16:26:48,601 - INFO - Processing: investments → /Users/benjamin_mcwilliams/Documents/bruegel/data_new/WORKING/INDUSTRY/tuone_v6/reconcile/storage/output/grouped-investments.xlsx
2026-03-03 16:26:49,723 - INFO - Saving filtered output to /Users/benjamin_mcwilliams/Documents/bruegel/data_new/WORKING/INDUSTRY/tuone_v6/reconcile/storage/output/grouped-investments.xlsx
2026-03-03 16:26:49,724 - INFO - 🏭 Importing facilities
2026-03-03 16:26:50,924 - INFO - Update None: ['latest_factory_status', 'last_updated_at']
2026-03-03 16:26:50,929 - INFO - Update None: ['latest_factory_status', 'last_updated_at']
2026-03-03 16:26:50,933 - INFO - Update None: ['latest_factory_status', 'last_updated_at']
2026-03-03 16:26:50,939 - INFO - Update None: ['latest_factory_status', 'last_updated_at']
2026-03-03 16:26:50,950 - INFO - Update None: ['latest_factory_status', 'last_updated_at']
2026-03-03 16:26:51,090 - INFO - Facilities → inserts: 8 | updates: 5 | total input: 3012
2026-03-03 16:26:51,090 - INFO - Facilities → stale (to remove): 0
2026-03-03 16:26:51,328 - INFO - 📅 Assigning events to facilities
2026-03-03 16:26:52,291 - INFO - Capacities raw=3105 → grouped=2913 | Investments raw=1534 → grouped=1314
2026-03-03 16:26:53,370 - INFO - [DEBUG events_by_pid] articleID=69a6f19e721a5d192a8320d0, pid=669df5f3-df20-54ab-917a-4c51f980cdfd, 2 events:
facility | vehicle | electric | None | status=under construction | phase=None | eventID=69a6f19e721a5d192a8320d0
facility | vehicle | nan | None | status=under construction | phase=None | eventID=69a6f19e721a5d192a8320d0
2026-03-03 16:26:53,394 - INFO - attach_events → facilities matched: 3012 | missing: 0 | to update: 3012
2026-03-03 16:27:04,251 - INFO - ✅ attach_events: updated 3012 facilities.
2026-03-03 16:27:04,282 - INFO - 🔢 Assigning phase number
2026-03-03 16:27:04,749 - INFO - Project 328dbdb0-ec5c-58aa-a774-99a8d2d72765 | events updated: 1
2026-03-03 16:27:05,280 - INFO - Project 4d9c2ad7-a80a-5df1-afd1-1718dba2ef1f | events updated: 1
2026-03-03 16:27:05,280 - INFO - Project 54f5cc52-e7c0-5479-9534-1f235137d442 | events updated: 2
2026-03-03 16:27:05,282 - INFO - Project 7e03e079-0322-51ba-a0fb-6a9e6a52c47d | events updated: 1
2026-03-03 16:27:05,283 - INFO - Project 9834bb41-6146-54d3-a47f-70ffa65a2ae8 | events updated: 2
2026-03-03 16:27:05,297 - INFO - Project 600d6008-0ff1-5d5b-bc34-76b1dff939af | events updated: 2
2026-03-03 16:27:05,302 - INFO - Project 8430f6f7-6cc8-591e-9e3c-ae17500c9cae | events updated: 2
2026-03-03 16:27:05,312 - INFO - Project ea7c1234-9d22-57b3-8c77-1c582da4ac0c | events updated: 6
2026-03-03 16:27:05,335 - INFO - Project 1daba739-dc0e-5e1a-bca6-1f0fd040f85b | events updated: 1
2026-03-03 16:27:05,335 - INFO - Project 3489db33-5ba2-58b5-9620-73d4f369247d | events updated: 1
2026-03-03 16:27:05,335 - INFO - Project 669df5f3-df20-54ab-917a-4c51f980cdfd | events updated: 4
2026-03-03 16:27:05,335 - INFO - Project 70294a83-4ac6-55ed-8b1b-e6666893c2c0 | events updated: 1
2026-03-03 16:27:05,335 - INFO - Project 7187ed49-c4e1-56fe-9307-dcd0cb8a0553 | events updated: 1
2026-03-03 16:27:05,335 - INFO - Project d819d14f-cfaf-523c-85ab-fd3c1bcf2d08 | events updated: 3
2026-03-03 16:27:05,335 - INFO - Project e7213337-794d-5089-a903-199470b81e5e | events updated: 1
2026-03-03 16:27:05,335 - INFO - Project f3e21b9f-9629-59cc-9b54-4d5989d2b755 | events updated: 1
2026-03-03 16:27:06,352 - INFO - Bulk write: matched 16, modified 16
2026-03-03 16:27:06,352 - INFO - Finished. Docs scanned: 3012 | Docs changed: 16 | Event updates applied: 30 | Mode: COMMIT
2026-03-03 16:27:06,353 - INFO - 🚀 Starting summary updates for main, phase 1 and phase 2...
2026-03-03 16:27:11,268 - INFO - ✅ Updated summaries for 11 facilities.
2026-03-03 16:27:11,271 - INFO - ✅ Phase summaries computed.
2026-03-03 16:27:11,271 - INFO - 🔁 Syncing inst_canon to opensourcedev
2026-03-03 16:27:12,440 - INFO - inst_canon backup written: /Users/benjamin_mcwilliams/Documents/bruegel/data_new/WORKING/INDUSTRY/tuone_v6/reconcile/storage/input/inst_canon.xlsx (1462 rows)
2026-03-03 16:27:12,747 - INFO - inst_canon sync complete: facilities_unique=1464, added=2, removed=0, final_target=1464
2026-03-03 16:27:12,747 - INFO - Total pipeline time: 1.00 minutes
