2026-03-05 13:13:20,810 - INFO - Debug output for article 69a6f19e721a5d192a8320d0 written to: /Users/benjamin_mcwilliams/Documents/bruegel/data_new/WORKING/INDUSTRY/tuone_v6/reconcile/logs/articleID/69a6f19e721a5d192a8320d0.log
2026-03-05 13:13:20,810 - INFO - Updating mongo-metadata is set to True
2026-03-05 13:13:20,810 - INFO - 🕴️Normalising companies...
2026-03-05 13:13:21,866 - INFO - 🔢 27803 company or joint_venture nodes present
2026-03-05 13:13:21,866 - INFO - 🟢 of which 27801 already have name_canon. 2 need processing
2026-03-05 13:13:22,383 - INFO - 0 updates to be committed to mongoDB.
2026-03-05 13:13:22,383 - INFO - 🌎 Querying geonames...
2026-03-05 13:13:23,291 - INFO - 📦 Loaded 3767 existing (country, city_key) pairs from MongoDB.
2026-03-05 13:13:29,993 - INFO - 📰 Scanned 22000 article(s) with factory nodes.
2026-03-05 13:13:29,994 - INFO - 🧹 Identified 5147 new (country, city) pairs to query. Example three: [('United States', 'ashley_county'), ('Australia', 'plumpton'), ('Egypt', 'cairo')]
2026-03-05 13:13:30,736 - INFO - 📭 No new updates to write.
2026-03-05 13:13:30,739 - INFO - Update EV Volumes data
2026-03-05 13:13:31,102 - INFO - 💾 Saved geo_lookup to /Users/benjamin_mcwilliams/Documents/bruegel/data_new/WORKING/INDUSTRY/tuone_v6/reconcile/storage/output/geo_lookup.json
2026-03-05 13:13:31,212 - INFO - 🗞️ Flattening articles...
2026-03-05 13:13:36,994 - INFO - 🔗 Building context in-memory...
2026-03-05 13:13:37,293 - INFO - 💾 Saved geo_lookup to /Users/benjamin_mcwilliams/Documents/bruegel/data_new/WORKING/INDUSTRY/tuone_v6/reconcile/storage/output/geo_lookup.json
2026-03-05 13:13:37,769 - INFO - 🉑 Merging nodes and relationships...
2026-03-05 13:13:39,780 - INFO - 🏭 Building registry union (direct + capacity + investment)…
2026-03-05 13:13:42,603 - INFO - - - - Normalising capacities
2026-03-05 13:13:43,402 - INFO - Capacity rows: 4701 | failed: 366 (7.8%)
2026-03-05 13:13:43,402 - INFO - - - - Normalising investments
2026-03-05 13:13:47,954 - INFO - 🫂 Grouping projects...
2026-03-05 13:13:47,954 - INFO - Processing: capacities → /Users/benjamin_mcwilliams/Documents/bruegel/data_new/WORKING/INDUSTRY/tuone_v6/reconcile/storage/output/grouped-capacities.xlsx
2026-03-05 13:13:49,504 - INFO - Saving filtered output to /Users/benjamin_mcwilliams/Documents/bruegel/data_new/WORKING/INDUSTRY/tuone_v6/reconcile/storage/output/grouped-capacities.xlsx
2026-03-05 13:13:49,506 - INFO - Processing: factories → /Users/benjamin_mcwilliams/Documents/bruegel/data_new/WORKING/INDUSTRY/tuone_v6/reconcile/storage/output/grouped-factories.xlsx
2026-03-05 13:13:51,049 - INFO - Saving filtered output to /Users/benjamin_mcwilliams/Documents/bruegel/data_new/WORKING/INDUSTRY/tuone_v6/reconcile/storage/output/grouped-factories.xlsx
2026-03-05 13:13:51,051 - INFO - Processing: investments → /Users/benjamin_mcwilliams/Documents/bruegel/data_new/WORKING/INDUSTRY/tuone_v6/reconcile/storage/output/grouped-investments.xlsx
2026-03-05 13:13:52,484 - INFO - Saving filtered output to /Users/benjamin_mcwilliams/Documents/bruegel/data_new/WORKING/INDUSTRY/tuone_v6/reconcile/storage/output/grouped-investments.xlsx
2026-03-05 13:13:52,485 - INFO - 🏭 Importing facilities
2026-03-05 13:13:53,837 - INFO - Facilities → inserts: 0 | updates: 0 | total input: 3003
2026-03-05 13:13:53,837 - INFO - Facilities → stale (to remove): 0
2026-03-05 13:13:53,846 - INFO - 📅 Assigning events to facilities
2026-03-05 13:13:54,737 - INFO - Capacities raw=3104 → grouped=2910 | Investments raw=1537 → grouped=1315
2026-03-05 13:13:56,649 - INFO - [DEBUG events_by_pid] articleID=69a6f19e721a5d192a8320d0, pid=669df5f3-df20-54ab-917a-4c51f980cdfd, 2 events:
facility | vehicle | electric | None | status=under construction | phase=None | eventID=69a6f19e721a5d192a8320d0
facility | vehicle | nan | None | status=under construction | phase=None | eventID=69a6f19e721a5d192a8320d0
2026-03-05 13:13:56,695 - INFO - attach_events → facilities matched: 3003 | missing: 0 | to update: 3003
2026-03-05 13:14:23,792 - INFO - ✅ attach_events: updated 3003 facilities.
2026-03-05 13:14:23,817 - INFO - 🔢 Assigning phase number
2026-03-05 13:14:24,922 - INFO - Finished. Docs scanned: 3003 | Docs changed: 0 | Event updates applied: 0 | Mode: COMMIT
2026-03-05 13:14:24,923 - INFO - 🚀 Starting summary updates for main, phase 1 and phase 2...
2026-03-05 13:14:35,232 - INFO - ✅ Updated summaries for 0 facilities.
2026-03-05 13:14:35,242 - INFO - ✅ Phase summaries computed.
2026-03-05 13:14:35,242 - INFO - 🔁 Syncing inst_canon to opensourcedev
2026-03-05 13:14:36,495 - INFO - inst_canon backup written: /Users/benjamin_mcwilliams/Documents/bruegel/data_new/WORKING/INDUSTRY/tuone_v6/reconcile/storage/input/inst_canon.xlsx (1453 rows)
2026-03-05 13:14:36,703 - INFO - inst_canon sync complete: facilities_unique=1453, added=0, removed=0, final_target=1453
2026-03-05 13:14:36,703 - INFO - Total pipeline time: 1.26 minutes
