2026-03-10 18:40:06,772 - INFO - Debug output for article 69a6f19e721a5d192a8320d0 written to: /Users/benjamin_mcwilliams/Documents/bruegel/data_new/WORKING/INDUSTRY/tuone_v6/reconcile/logs/articleID/69a6f19e721a5d192a8320d0.log
2026-03-10 18:40:06,772 - INFO - Updating mongo-metadata is set to True
2026-03-10 18:40:06,772 - INFO - 🕴️Normalising companies...
2026-03-10 18:40:07,767 - INFO - 🔢 27813 company or joint_venture nodes present
2026-03-10 18:40:07,768 - INFO - 🟢 of which 27811 already have name_canon. 2 need processing
2026-03-10 18:40:08,213 - INFO - 0 updates to be committed to mongoDB.
2026-03-10 18:40:08,213 - INFO - 🌎 Querying geonames...
2026-03-10 18:40:08,688 - INFO - 📦 Loaded 3767 existing (country, city_key) pairs from MongoDB.
2026-03-10 18:40:16,739 - INFO - 📰 Scanned 22000 article(s) with factory nodes.
2026-03-10 18:40:16,740 - INFO - 🧹 Identified 5147 new (country, city) pairs to query. Example three: [('India', 'surat'), ('Japan', 'motomachi'), ('Azerbaijan', 'gobustan')]
2026-03-10 18:40:17,584 - INFO - 📭 No new updates to write.
2026-03-10 18:40:17,586 - INFO - Update EV Volumes data
2026-03-10 18:40:17,850 - INFO - 💾 Saved geo_lookup to /Users/benjamin_mcwilliams/Documents/bruegel/data_new/WORKING/INDUSTRY/tuone_v6/reconcile/storage/output/geo_lookup.json
2026-03-10 18:40:17,970 - INFO - 🗞️ Flattening articles...
2026-03-10 18:40:24,875 - INFO - 🔗 Building context in-memory...
2026-03-10 18:40:25,109 - INFO - 💾 Saved geo_lookup to /Users/benjamin_mcwilliams/Documents/bruegel/data_new/WORKING/INDUSTRY/tuone_v6/reconcile/storage/output/geo_lookup.json
2026-03-10 18:40:25,653 - INFO - 🉑 Merging nodes and relationships...
2026-03-10 18:40:27,650 - INFO - 🏭 Building registry union (direct + capacity + investment)…
2026-03-10 18:40:30,426 - INFO - - - - Normalising capacities
2026-03-10 18:40:31,125 - INFO - Capacity rows: 4709 | failed: 368 (7.8%)
2026-03-10 18:40:31,125 - INFO - - - - Normalising investments
2026-03-10 18:40:33,479 - INFO - 🫂 Grouping projects...
2026-03-10 18:40:33,479 - INFO - Processing: capacities → /Users/benjamin_mcwilliams/Documents/bruegel/data_new/WORKING/INDUSTRY/tuone_v6/reconcile/storage/output/grouped-capacities.xlsx
2026-03-10 18:40:34,496 - INFO - Saving filtered output to /Users/benjamin_mcwilliams/Documents/bruegel/data_new/WORKING/INDUSTRY/tuone_v6/reconcile/storage/output/grouped-capacities.xlsx
2026-03-10 18:40:34,497 - INFO - Processing: factories → /Users/benjamin_mcwilliams/Documents/bruegel/data_new/WORKING/INDUSTRY/tuone_v6/reconcile/storage/output/grouped-factories.xlsx
2026-03-10 18:40:35,862 - INFO - Saving filtered output to /Users/benjamin_mcwilliams/Documents/bruegel/data_new/WORKING/INDUSTRY/tuone_v6/reconcile/storage/output/grouped-factories.xlsx
2026-03-10 18:40:35,864 - INFO - Processing: investments → /Users/benjamin_mcwilliams/Documents/bruegel/data_new/WORKING/INDUSTRY/tuone_v6/reconcile/storage/output/grouped-investments.xlsx
2026-03-10 18:40:36,683 - INFO - Saving filtered output to /Users/benjamin_mcwilliams/Documents/bruegel/data_new/WORKING/INDUSTRY/tuone_v6/reconcile/storage/output/grouped-investments.xlsx
2026-03-10 18:40:36,684 - INFO - 🏭 Importing facilities
2026-03-10 18:40:37,498 - INFO - Facilities → inserts: 0 | updates: 0 | total input: 2996
2026-03-10 18:40:37,498 - INFO - Facilities → stale (to remove): 1
2026-03-10 18:40:37,539 - INFO - 📅 Assigning events to facilities
2026-03-10 18:40:38,437 - INFO - Capacities raw=3112 → grouped=2918 | Investments raw=1540 → grouped=1316
2026-03-10 18:40:39,177 - INFO - [DEBUG events_by_pid] articleID=69a6f19e721a5d192a8320d0, pid=669df5f3-df20-54ab-917a-4c51f980cdfd, 2 events:
facility | vehicle | electric | None | status=under construction | phase=None | eventID=69a6f19e721a5d192a8320d0
facility | vehicle | nan | None | status=under construction | phase=None | eventID=69a6f19e721a5d192a8320d0
2026-03-10 18:40:39,201 - INFO - attach_events → facilities matched: 2996 | missing: 0 | to update: 2996
2026-03-10 18:40:45,538 - INFO - ✅ attach_events: updated 2996 facilities.
2026-03-10 18:40:45,575 - INFO - 🔢 Assigning phase number
2026-03-10 18:40:46,127 - INFO - Project 7ce5d296-0111-5241-a7da-da4e2261df93 | events updated: 7
2026-03-10 18:40:46,167 - INFO - Bulk write: matched 1, modified 1
2026-03-10 18:40:46,167 - INFO - Finished. Docs scanned: 2996 | Docs changed: 1 | Event updates applied: 7 | Mode: COMMIT
2026-03-10 18:40:46,167 - INFO - 🚀 Starting summary updates for main, phase 1 and phase 2...
2026-03-10 18:40:48,668 - INFO - ✅ Updated summaries for 0 facilities.
2026-03-10 18:40:48,672 - INFO - ✅ Phase summaries computed.
2026-03-10 18:40:48,672 - INFO - 🔁 Syncing inst_canon to opensourcedev
2026-03-10 18:40:49,172 - INFO - inst_canon backup written: /Users/benjamin_mcwilliams/Documents/bruegel/data_new/WORKING/INDUSTRY/tuone_v6/reconcile/storage/input/inst_canon.xlsx (1451 rows)
2026-03-10 18:40:49,277 - INFO - inst_canon sync complete: facilities_unique=1451, added=0, removed=0, final_target=1451
2026-03-10 18:40:49,278 - INFO - Total pipeline time: 0.71 minutes
