2026-03-01 19:04:36,638 - INFO - Updating mongo-metadata is set to True
2026-03-01 19:04:36,638 - INFO - 🕴️Normalising companies...
2026-03-01 19:04:37,746 - INFO - 🔢 27796 company or joint_venture nodes present
2026-03-01 19:04:37,746 - INFO - 🟢 of which 27786 already have name_canon. 10 need processing
2026-03-01 19:04:38,320 - INFO - 30 updates to be committed to mongoDB.
2026-03-01 19:04:43,390 - INFO - Batch 0: matched 58, modified 58
2026-03-01 19:04:43,391 - INFO - 🌎 Querying geonames...
2026-03-01 19:04:44,261 - INFO - 📦 Loaded 3767 existing (country, city_key) pairs from MongoDB.
2026-03-01 19:05:01,245 - INFO - 📰 Scanned 22000 article(s) with factory nodes.
2026-03-01 19:05:01,246 - INFO - 🧹 Identified 5147 new (country, city) pairs to query. Example three: [('Malaysia', 'tanjong_malim'), ('United States', 'imperial_valley_southern_california'), ('Canada', 'red_rock')]
2026-03-01 19:05:01,965 - INFO - 📭 No new updates to write.
2026-03-01 19:05:01,967 - INFO - Update EV Volumes data
2026-03-01 19:05:02,847 - INFO - 💾 Saved geo_lookup to /Users/benjamin_mcwilliams/Documents/bruegel/data_new/WORKING/INDUSTRY/tuone_v6/reconcile/storage/output/geo_lookup.json
2026-03-01 19:05:02,961 - INFO - 🗞️ Flattening articles...
2026-03-01 19:05:30,047 - INFO - 🔗 Building context in-memory...
2026-03-01 19:05:30,765 - INFO - 💾 Saved geo_lookup to /Users/benjamin_mcwilliams/Documents/bruegel/data_new/WORKING/INDUSTRY/tuone_v6/reconcile/storage/output/geo_lookup.json
2026-03-01 19:05:31,180 - INFO - 🉑 Merging nodes and relationships...
2026-03-01 19:05:32,951 - INFO - 🏭 Building registry union (direct + capacity + investment)…
2026-03-01 19:05:35,569 - INFO - - - - Normalising capacities
2026-03-01 19:05:36,246 - INFO - Capacity rows: 4683 | failed: 366 (7.8%)
2026-03-01 19:05:36,246 - INFO - - - - Normalising investments
2026-03-01 19:05:42,376 - INFO - 🫂 Grouping projects...
2026-03-01 19:05:42,376 - INFO - Processing: capacities → /Users/benjamin_mcwilliams/Documents/bruegel/data_new/WORKING/INDUSTRY/tuone_v6/reconcile/storage/output/grouped-capacities.xlsx
2026-03-01 19:05:44,875 - INFO - Saving filtered output to /Users/benjamin_mcwilliams/Documents/bruegel/data_new/WORKING/INDUSTRY/tuone_v6/reconcile/storage/output/grouped-capacities.xlsx
2026-03-01 19:05:44,877 - INFO - Processing: factories → /Users/benjamin_mcwilliams/Documents/bruegel/data_new/WORKING/INDUSTRY/tuone_v6/reconcile/storage/output/grouped-factories.xlsx
2026-03-01 19:05:47,368 - INFO - Saving filtered output to /Users/benjamin_mcwilliams/Documents/bruegel/data_new/WORKING/INDUSTRY/tuone_v6/reconcile/storage/output/grouped-factories.xlsx
2026-03-01 19:05:47,370 - INFO - Processing: investments → /Users/benjamin_mcwilliams/Documents/bruegel/data_new/WORKING/INDUSTRY/tuone_v6/reconcile/storage/output/grouped-investments.xlsx
2026-03-01 19:05:49,062 - INFO - Saving filtered output to /Users/benjamin_mcwilliams/Documents/bruegel/data_new/WORKING/INDUSTRY/tuone_v6/reconcile/storage/output/grouped-investments.xlsx
2026-03-01 19:05:49,063 - INFO - 🏭 Importing facilities
2026-03-01 19:05:51,662 - INFO - Facilities → inserts: 0 | updates: 0 | total input: 3012
2026-03-01 19:05:51,662 - INFO - Facilities → stale (to remove): 0
2026-03-01 19:05:51,671 - INFO - 📅 Assigning events to facilities
2026-03-01 19:05:52,535 - INFO - Capacities raw=3087 → grouped=2897 | Investments raw=1517 → grouped=1298
2026-03-01 19:05:54,830 - INFO - attach_events → facilities matched: 3012 | missing: 0 | to update: 3012
2026-03-01 19:06:02,145 - INFO - ✅ attach_events: updated 3012 facilities.
2026-03-01 19:06:02,176 - INFO - 🔢 Assigning phase number
2026-03-01 19:06:04,325 - INFO - Finished. Docs scanned: 3012 | Docs changed: 0 | Event updates applied: 0 | Mode: COMMIT
2026-03-01 19:06:04,325 - INFO - 🚀 Starting summary updates for main, phase 1 and phase 2...
2026-03-01 19:06:10,293 - INFO - ✅ Updated summaries for 0 facilities.
2026-03-01 19:06:10,304 - INFO - ✅ Phase summaries computed.
2026-03-01 19:06:10,304 - INFO - 🔁 Syncing inst_canon to opensourcedev
2026-03-01 19:06:11,524 - INFO - inst_canon backup written: /Users/benjamin_mcwilliams/Documents/bruegel/data_new/WORKING/INDUSTRY/tuone_v6/reconcile/storage/input/inst_canon.xlsx (1466 rows)
2026-03-01 19:06:11,719 - INFO - inst_canon sync complete: facilities_unique=1466, added=0, removed=0, final_target=1466
2026-03-01 19:06:11,720 - INFO - Total pipeline time: 1.58 minutes
