2026-03-05 12:57:05,132 - INFO - Debug output for article 69a6f19e721a5d192a8320d0 written to: /Users/benjamin_mcwilliams/Documents/bruegel/data_new/WORKING/INDUSTRY/tuone_v6/reconcile/logs/articleID/69a6f19e721a5d192a8320d0.log
2026-03-05 12:57:05,133 - INFO - Updating mongo-metadata is set to True
2026-03-05 12:57:05,133 - INFO - 🕴️Normalising companies...
2026-03-05 12:57:06,220 - INFO - 🔢 27803 company or joint_venture nodes present
2026-03-05 12:57:06,220 - INFO - 🟢 of which 27801 already have name_canon. 2 need processing
2026-03-05 12:57:06,736 - INFO - 9 updates to be committed to mongoDB.
2026-03-05 12:57:08,494 - INFO - Batch 0: matched 9, modified 9
2026-03-05 12:57:08,494 - INFO - 🌎 Querying geonames...
2026-03-05 12:57:09,346 - INFO - 📦 Loaded 3767 existing (country, city_key) pairs from MongoDB.
2026-03-05 12:57:15,754 - INFO - 📰 Scanned 22000 article(s) with factory nodes.
2026-03-05 12:57:15,755 - INFO - 🧹 Identified 5147 new (country, city) pairs to query. Example three: [('Philippines', 'aurora'), ('Malawi', 'ulalo_nyirenda_village'), ('Australia', 'hinze')]
2026-03-05 12:57:16,537 - INFO - 📭 No new updates to write.
2026-03-05 12:57:16,540 - INFO - Update EV Volumes data
2026-03-05 12:57:16,892 - INFO - 💾 Saved geo_lookup to /Users/benjamin_mcwilliams/Documents/bruegel/data_new/WORKING/INDUSTRY/tuone_v6/reconcile/storage/output/geo_lookup.json
2026-03-05 12:57:17,000 - INFO - 🗞️ Flattening articles...
2026-03-05 12:57:22,615 - INFO - 🔗 Building context in-memory...
2026-03-05 12:57:22,890 - INFO - 💾 Saved geo_lookup to /Users/benjamin_mcwilliams/Documents/bruegel/data_new/WORKING/INDUSTRY/tuone_v6/reconcile/storage/output/geo_lookup.json
2026-03-05 12:57:23,335 - INFO - 🉑 Merging nodes and relationships...
2026-03-05 12:57:25,195 - INFO - 🏭 Building registry union (direct + capacity + investment)…
2026-03-05 12:57:27,923 - INFO - - - - Normalising capacities
2026-03-05 12:57:28,735 - INFO - Capacity rows: 4701 | failed: 366 (7.8%)
2026-03-05 12:57:28,735 - INFO - - - - Normalising investments
2026-03-05 12:57:33,401 - INFO - 🫂 Grouping projects...
2026-03-05 12:57:33,401 - INFO - Processing: capacities → /Users/benjamin_mcwilliams/Documents/bruegel/data_new/WORKING/INDUSTRY/tuone_v6/reconcile/storage/output/grouped-capacities.xlsx
2026-03-05 12:57:34,983 - INFO - Saving filtered output to /Users/benjamin_mcwilliams/Documents/bruegel/data_new/WORKING/INDUSTRY/tuone_v6/reconcile/storage/output/grouped-capacities.xlsx
2026-03-05 12:57:34,985 - INFO - Processing: factories → /Users/benjamin_mcwilliams/Documents/bruegel/data_new/WORKING/INDUSTRY/tuone_v6/reconcile/storage/output/grouped-factories.xlsx
2026-03-05 12:57:36,601 - INFO - Saving filtered output to /Users/benjamin_mcwilliams/Documents/bruegel/data_new/WORKING/INDUSTRY/tuone_v6/reconcile/storage/output/grouped-factories.xlsx
2026-03-05 12:57:36,603 - INFO - Processing: investments → /Users/benjamin_mcwilliams/Documents/bruegel/data_new/WORKING/INDUSTRY/tuone_v6/reconcile/storage/output/grouped-investments.xlsx
2026-03-05 12:57:37,684 - INFO - Saving filtered output to /Users/benjamin_mcwilliams/Documents/bruegel/data_new/WORKING/INDUSTRY/tuone_v6/reconcile/storage/output/grouped-investments.xlsx
2026-03-05 12:57:37,685 - INFO - 🏭 Importing facilities
2026-03-05 12:57:39,209 - INFO - Update None: ['latest_factory_status', 'last_updated_at']
2026-03-05 12:57:39,211 - INFO - Update None: ['latest_factory_status', 'last_updated_at']
2026-03-05 12:57:39,464 - INFO - Facilities → inserts: 3 | updates: 2 | total input: 3003
2026-03-05 12:57:39,464 - INFO - Facilities → stale (to remove): 12
2026-03-05 12:57:39,787 - INFO - 📅 Assigning events to facilities
2026-03-05 12:57:40,668 - INFO - Capacities raw=3104 → grouped=2910 | Investments raw=1537 → grouped=1315
2026-03-05 12:57:41,927 - INFO - [DEBUG events_by_pid] articleID=69a6f19e721a5d192a8320d0, pid=669df5f3-df20-54ab-917a-4c51f980cdfd, 2 events:
facility | vehicle | electric | None | status=under construction | phase=None | eventID=69a6f19e721a5d192a8320d0
facility | vehicle | nan | None | status=under construction | phase=None | eventID=69a6f19e721a5d192a8320d0
2026-03-05 12:57:41,942 - INFO - attach_events → facilities matched: 3003 | missing: 0 | to update: 3003
2026-03-05 12:58:04,226 - INFO - ✅ attach_events: updated 3003 facilities.
2026-03-05 12:58:04,262 - INFO - 🔢 Assigning phase number
2026-03-05 12:58:05,349 - INFO - Project 54f5cc52-e7c0-5479-9534-1f235137d442 | events updated: 1
2026-03-05 12:58:05,375 - INFO - Project 9d896b6f-fad4-535e-a9d0-b192b3fbaf95 | events updated: 3
2026-03-05 12:58:05,376 - INFO - Project a52c3486-077f-56b0-83e1-5f4ada0c392b | events updated: 1
2026-03-05 12:58:05,377 - INFO - Project ada3e493-ef28-5bd5-9bc8-7a74211c2f44 | events updated: 2
2026-03-05 12:58:05,380 - INFO - Project c81d901f-c1cf-5a50-a56a-9dd87c7c8dcc | events updated: 2
2026-03-05 12:58:05,382 - INFO - Project e0deb0c5-7e13-5088-bec9-a1407dadfd4e | events updated: 2
2026-03-05 12:58:05,383 - INFO - Project f50f1baf-752f-5614-a4b3-9dc9071ee0e9 | events updated: 1
2026-03-05 12:58:05,402 - INFO - Project 05406e50-4a33-5712-9597-2a58b9054468 | events updated: 4
2026-03-05 12:58:05,403 - INFO - Project 91cf39b6-52b3-5821-9368-d68bc97408bf | events updated: 1
2026-03-05 12:58:05,403 - INFO - Project d8620643-5799-5496-b838-56620df86c8e | events updated: 2
2026-03-05 12:58:05,639 - INFO - Bulk write: matched 10, modified 10
2026-03-05 12:58:05,640 - INFO - Finished. Docs scanned: 3003 | Docs changed: 10 | Event updates applied: 19 | Mode: COMMIT
2026-03-05 12:58:05,640 - INFO - 🚀 Starting summary updates for main, phase 1 and phase 2...
2026-03-05 12:58:14,562 - INFO - ✅ Updated summaries for 14 facilities.
2026-03-05 12:58:14,574 - INFO - ✅ Phase summaries computed.
2026-03-05 12:58:14,574 - INFO - 🔁 Syncing inst_canon to opensourcedev
2026-03-05 12:58:15,774 - INFO - inst_canon backup written: /Users/benjamin_mcwilliams/Documents/bruegel/data_new/WORKING/INDUSTRY/tuone_v6/reconcile/storage/input/inst_canon.xlsx (1464 rows)
2026-03-05 12:58:16,180 - INFO - inst_canon sync complete: facilities_unique=1453, added=1, removed=12, final_target=1453
2026-03-05 12:58:16,180 - INFO - Total pipeline time: 1.18 minutes
