2025-07-17 18:15:55,384 - INFO - INITIATING LOGGING
2025-07-17 18:15:55,384 - INFO - Votes for 65 clusters.
2025-07-17 18:15:55,385 - INFO - Assessing votes for cluster_id: 35
2025-07-17 18:15:55,386 - INFO - 🔵 UNDER CONSTRUCTION case
2025-07-17 18:15:55,462 - INFO - ✅ Inserted announced project into MongoDB.
2025-07-17 18:15:55,463 - INFO - Assessing votes for cluster_id: 37
2025-07-17 18:15:55,464 - INFO - 🔵 UNDER CONSTRUCTION case
2025-07-17 18:15:55,540 - INFO - ✅ Inserted announced project into MongoDB.
2025-07-17 18:15:55,540 - INFO - Assessing votes for cluster_id: 39
2025-07-17 18:15:55,542 - INFO - 🔵 UNDER CONSTRUCTION case
2025-07-17 18:15:55,610 - INFO - ✅ Inserted announced project into MongoDB.
2025-07-17 18:15:55,611 - INFO - Assessing votes for cluster_id: 41
2025-07-17 18:15:55,613 - INFO - 🟢 OPERATIONAL case
2025-07-17 18:15:55,613 - INFO - No expansions sub-case
2025-07-17 18:15:55,681 - INFO - ✅ Inserted announced project into MongoDB.
2025-07-17 18:15:55,681 - INFO - Assessing votes for cluster_id: 42
2025-07-17 18:15:55,684 - INFO - 🟢 OPERATIONAL case
2025-07-17 18:15:55,684 - INFO - With expansions sub-case
2025-07-17 18:15:55,770 - INFO - ✅ Inserted announced project into MongoDB.
2025-07-17 18:15:55,771 - INFO - Assessing votes for cluster_id: 43
2025-07-17 18:15:55,774 - INFO - ⚪️ ANNOUNCED case
2025-07-17 18:15:55,851 - INFO - ✅ Inserted announced project into MongoDB.
2025-07-17 18:15:55,852 - INFO - Assessing votes for cluster_id: 49
2025-07-17 18:15:55,854 - INFO - 🟢 OPERATIONAL case
2025-07-17 18:15:55,856 - INFO - With expansions sub-case
2025-07-17 18:15:55,929 - INFO - ✅ Inserted announced project into MongoDB.
2025-07-17 18:15:55,930 - INFO - Assessing votes for cluster_id: 50
2025-07-17 18:15:55,932 - INFO - 🔵 UNDER CONSTRUCTION case
2025-07-17 18:15:55,999 - INFO - ✅ Inserted announced project into MongoDB.
2025-07-17 18:15:55,999 - INFO - Assessing votes for cluster_id: 51
2025-07-17 18:15:56,001 - INFO - ⚪️ ANNOUNCED case
2025-07-17 18:15:56,069 - INFO - ✅ Inserted announced project into MongoDB.
2025-07-17 18:15:56,070 - INFO - Assessing votes for cluster_id: 53
2025-07-17 18:15:56,072 - INFO - ⚪️ ANNOUNCED case
2025-07-17 18:15:56,141 - INFO - ✅ Inserted announced project into MongoDB.
2025-07-17 18:15:56,141 - INFO - Assessing votes for cluster_id: 85
2025-07-17 18:15:56,143 - INFO - ⚪️ ANNOUNCED case
2025-07-17 18:15:56,219 - INFO - ✅ Inserted announced project into MongoDB.
2025-07-17 18:15:56,220 - INFO - Assessing votes for cluster_id: 88
2025-07-17 18:15:56,221 - INFO - 🟢 OPERATIONAL case
2025-07-17 18:15:56,222 - INFO - No expansions sub-case
2025-07-17 18:15:56,290 - INFO - ✅ Inserted announced project into MongoDB.
2025-07-17 18:15:56,290 - INFO - Assessing votes for cluster_id: 90
2025-07-17 18:15:56,293 - INFO - ⚪️ ANNOUNCED case
2025-07-17 18:15:56,359 - INFO - ✅ Inserted announced project into MongoDB.
2025-07-17 18:15:56,360 - INFO - Assessing votes for cluster_id: 94
2025-07-17 18:15:56,362 - INFO - ⚪️ ANNOUNCED case
2025-07-17 18:15:56,429 - INFO - ✅ Inserted announced project into MongoDB.
2025-07-17 18:15:56,430 - INFO - Assessing votes for cluster_id: 97
2025-07-17 18:15:56,432 - INFO - ⚪️ ANNOUNCED case
2025-07-17 18:15:56,499 - INFO - ✅ Inserted announced project into MongoDB.
2025-07-17 18:15:56,499 - INFO - Assessing votes for cluster_id: 98
2025-07-17 18:15:56,500 - INFO - ⚪️ ANNOUNCED case
2025-07-17 18:15:56,501 - INFO - 🔴 ERROR - no greenfield phase noted at facility, only expansions. DROPPED.
2025-07-17 18:15:56,501 - INFO - Assessing votes for cluster_id: 106
2025-07-17 18:15:56,502 - INFO - ⚪️ ANNOUNCED case
2025-07-17 18:15:56,572 - INFO - ✅ Inserted announced project into MongoDB.
2025-07-17 18:15:56,573 - INFO - Assessing votes for cluster_id: 161
2025-07-17 18:15:56,574 - INFO - ⚪️ ANNOUNCED case
2025-07-17 18:15:56,651 - INFO - ✅ Inserted announced project into MongoDB.
2025-07-17 18:15:56,652 - INFO - Assessing votes for cluster_id: 163
2025-07-17 18:15:56,653 - INFO - 🔵 UNDER CONSTRUCTION case
2025-07-17 18:15:56,719 - INFO - ✅ Inserted announced project into MongoDB.
2025-07-17 18:15:56,719 - INFO - Assessing votes for cluster_id: 164
2025-07-17 18:15:56,721 - INFO - ⚪️ ANNOUNCED case
2025-07-17 18:15:56,723 - INFO - 🔴 ERROR - no greenfield phase noted at facility, only expansions. DROPPED.
2025-07-17 18:15:56,723 - INFO - Assessing votes for cluster_id: 167
2025-07-17 18:15:56,724 - INFO - 🔵 UNDER CONSTRUCTION case
2025-07-17 18:15:56,799 - INFO - ✅ Inserted announced project into MongoDB.
2025-07-17 18:15:56,799 - INFO - Assessing votes for cluster_id: 168
2025-07-17 18:15:56,801 - INFO - ⚪️ ANNOUNCED case
2025-07-17 18:15:56,870 - INFO - ✅ Inserted announced project into MongoDB.
2025-07-17 18:15:56,871 - INFO - Assessing votes for cluster_id: 172
2025-07-17 18:15:56,874 - INFO - ⚪️ ANNOUNCED case
2025-07-17 18:15:56,949 - INFO - ✅ Inserted announced project into MongoDB.
2025-07-17 18:15:56,950 - INFO - Assessing votes for cluster_id: 174
2025-07-17 18:15:56,952 - INFO - ⚪️ ANNOUNCED case
2025-07-17 18:15:57,020 - INFO - ✅ Inserted announced project into MongoDB.
2025-07-17 18:15:57,021 - INFO - Assessing votes for cluster_id: 176
2025-07-17 18:15:57,024 - INFO - ⚪️ ANNOUNCED case
2025-07-17 18:15:57,025 - INFO - 🔴 ERROR - no greenfield phase noted at facility, only expansions. DROPPED.
2025-07-17 18:15:57,026 - INFO - Assessing votes for cluster_id: 178
2025-07-17 18:15:57,028 - INFO - 🔵 UNDER CONSTRUCTION case
2025-07-17 18:15:57,111 - INFO - ✅ Inserted announced project into MongoDB.
2025-07-17 18:15:57,112 - INFO - Assessing votes for cluster_id: 189
2025-07-17 18:15:57,112 - INFO - 🟢 OPERATIONAL case
2025-07-17 18:15:57,113 - INFO - With expansions sub-case
2025-07-17 18:15:57,190 - INFO - ✅ Inserted announced project into MongoDB.
2025-07-17 18:15:57,190 - INFO - Assessing votes for cluster_id: 300
2025-07-17 18:15:57,192 - INFO - 🔵 UNDER CONSTRUCTION case
2025-07-17 18:15:57,439 - INFO - ✅ Inserted announced project into MongoDB.
2025-07-17 18:15:57,439 - INFO - Assessing votes for cluster_id: 310
2025-07-17 18:15:57,442 - INFO - ⚪️ ANNOUNCED case
2025-07-17 18:15:57,513 - INFO - ✅ Inserted announced project into MongoDB.
2025-07-17 18:15:57,514 - INFO - Assessing votes for cluster_id: 312
2025-07-17 18:15:57,516 - INFO - 🟢 OPERATIONAL case
2025-07-17 18:15:57,517 - INFO - With expansions sub-case
2025-07-17 18:15:57,589 - INFO - ✅ Inserted announced project into MongoDB.
2025-07-17 18:15:57,590 - INFO - Assessing votes for cluster_id: 315
2025-07-17 18:15:57,592 - INFO - 🔵 UNDER CONSTRUCTION case
2025-07-17 18:15:57,663 - INFO - ✅ Inserted announced project into MongoDB.
2025-07-17 18:15:57,663 - INFO - Assessing votes for cluster_id: 334
2025-07-17 18:15:57,665 - INFO - ⚪️ ANNOUNCED case
2025-07-17 18:15:57,741 - INFO - ✅ Inserted announced project into MongoDB.
2025-07-17 18:15:57,742 - INFO - Assessing votes for cluster_id: 342
2025-07-17 18:15:57,744 - INFO - ⚪️ ANNOUNCED case
2025-07-17 18:15:57,809 - INFO - ✅ Inserted announced project into MongoDB.
2025-07-17 18:15:57,809 - INFO - Assessing votes for cluster_id: 350
2025-07-17 18:15:57,812 - INFO - 🔵 UNDER CONSTRUCTION case
2025-07-17 18:15:57,880 - INFO - ✅ Inserted announced project into MongoDB.
2025-07-17 18:15:57,881 - INFO - Assessing votes for cluster_id: 352
2025-07-17 18:15:57,884 - INFO - ⚪️ ANNOUNCED case
2025-07-17 18:15:57,962 - INFO - ✅ Inserted announced project into MongoDB.
2025-07-17 18:15:57,962 - INFO - Assessing votes for cluster_id: 354
2025-07-17 18:15:57,964 - INFO - 🔵 UNDER CONSTRUCTION case
2025-07-17 18:15:58,041 - INFO - ✅ Inserted announced project into MongoDB.
2025-07-17 18:15:58,042 - INFO - Assessing votes for cluster_id: 356
2025-07-17 18:15:58,044 - INFO - 🔵 UNDER CONSTRUCTION case
2025-07-17 18:15:58,121 - INFO - ✅ Inserted announced project into MongoDB.
2025-07-17 18:15:58,122 - INFO - Assessing votes for cluster_id: 357
2025-07-17 18:15:58,124 - INFO - 🟢 OPERATIONAL case
2025-07-17 18:15:58,124 - INFO - With expansions sub-case
2025-07-17 18:15:58,201 - INFO - ✅ Inserted announced project into MongoDB.
2025-07-17 18:15:58,202 - INFO - Assessing votes for cluster_id: 379
2025-07-17 18:15:58,205 - INFO - ⚪️ ANNOUNCED case
2025-07-17 18:15:58,207 - INFO - 🔴 ERROR - no greenfield phase noted at facility, only expansions. DROPPED.
2025-07-17 18:15:58,208 - INFO - Assessing votes for cluster_id: 381
2025-07-17 18:15:58,209 - INFO - ⚪️ ANNOUNCED case
2025-07-17 18:15:58,280 - INFO - ✅ Inserted announced project into MongoDB.
2025-07-17 18:15:58,281 - INFO - Assessing votes for cluster_id: 385
2025-07-17 18:15:58,285 - INFO - ⚪️ ANNOUNCED case
2025-07-17 18:15:58,286 - INFO - 🔴 ERROR - no greenfield phase noted at facility, only expansions. DROPPED.
2025-07-17 18:15:58,287 - INFO - Assessing votes for cluster_id: 395
2025-07-17 18:15:58,289 - INFO - 🔵 UNDER CONSTRUCTION case
2025-07-17 18:15:58,371 - INFO - ✅ Inserted announced project into MongoDB.
2025-07-17 18:15:58,372 - INFO - Assessing votes for cluster_id: 396
2025-07-17 18:15:58,375 - INFO - 🟢 OPERATIONAL case
2025-07-17 18:15:58,375 - INFO - No expansions sub-case
2025-07-17 18:15:58,450 - INFO - ✅ Inserted announced project into MongoDB.
2025-07-17 18:15:58,451 - INFO - Assessing votes for cluster_id: 399
2025-07-17 18:15:58,452 - INFO - 🔵 UNDER CONSTRUCTION case
2025-07-17 18:15:58,520 - INFO - ✅ Inserted announced project into MongoDB.
2025-07-17 18:15:58,521 - INFO - Assessing votes for cluster_id: 402
2025-07-17 18:15:58,522 - INFO - 🟢 OPERATIONAL case
2025-07-17 18:15:58,523 - INFO - With expansions sub-case
2025-07-17 18:15:58,591 - INFO - ✅ Inserted announced project into MongoDB.
2025-07-17 18:15:58,592 - INFO - Assessing votes for cluster_id: 403
2025-07-17 18:15:58,593 - INFO - ⚪️ ANNOUNCED case
2025-07-17 18:15:58,594 - INFO - 🔴 ERROR - no greenfield phase noted at facility, only expansions. DROPPED.
2025-07-17 18:15:58,594 - INFO - Assessing votes for cluster_id: 405
2025-07-17 18:15:58,596 - INFO - ⚪️ ANNOUNCED case
2025-07-17 18:15:58,670 - INFO - ✅ Inserted announced project into MongoDB.
2025-07-17 18:15:58,671 - INFO - Assessing votes for cluster_id: 408
2025-07-17 18:15:58,672 - INFO - 🟢 OPERATIONAL case
2025-07-17 18:15:58,673 - INFO - No expansions sub-case
2025-07-17 18:15:58,740 - INFO - ✅ Inserted announced project into MongoDB.
2025-07-17 18:15:58,741 - INFO - Assessing votes for cluster_id: 409
2025-07-17 18:15:58,743 - INFO - 🔵 UNDER CONSTRUCTION case
2025-07-17 18:15:58,827 - INFO - ✅ Inserted announced project into MongoDB.
2025-07-17 18:15:58,828 - INFO - Assessing votes for cluster_id: 410
2025-07-17 18:15:58,831 - INFO - 🔵 UNDER CONSTRUCTION case
2025-07-17 18:15:58,902 - INFO - ✅ Inserted announced project into MongoDB.
2025-07-17 18:15:58,903 - INFO - Assessing votes for cluster_id: 411
2025-07-17 18:15:58,905 - INFO - ⚪️ ANNOUNCED case
2025-07-17 18:15:58,988 - INFO - ✅ Inserted announced project into MongoDB.
2025-07-17 18:15:58,988 - INFO - Assessing votes for cluster_id: 439
2025-07-17 18:15:58,991 - INFO - ⚪️ ANNOUNCED case
2025-07-17 18:15:59,063 - INFO - ✅ Inserted announced project into MongoDB.
2025-07-17 18:15:59,063 - INFO - Assessing votes for cluster_id: 446
2025-07-17 18:15:59,066 - INFO - 🔵 UNDER CONSTRUCTION case
2025-07-17 18:15:59,067 - INFO - 🔴 ERROR - no greenfield phase noted at facility, only expansions. DROPPED.
2025-07-17 18:15:59,068 - INFO - Assessing votes for cluster_id: 449
2025-07-17 18:15:59,069 - INFO - 🟢 OPERATIONAL case
2025-07-17 18:15:59,070 - INFO - With expansions sub-case
2025-07-17 18:15:59,140 - INFO - ✅ Inserted announced project into MongoDB.
2025-07-17 18:15:59,141 - INFO - Assessing votes for cluster_id: 450
2025-07-17 18:15:59,142 - INFO - 🔵 UNDER CONSTRUCTION case
2025-07-17 18:15:59,210 - INFO - ✅ Inserted announced project into MongoDB.
2025-07-17 18:15:59,212 - INFO - Assessing votes for cluster_id: 472
2025-07-17 18:15:59,214 - INFO - 🟢 OPERATIONAL case
2025-07-17 18:15:59,215 - INFO - With expansions sub-case
2025-07-17 18:15:59,290 - INFO - ✅ Inserted announced project into MongoDB.
2025-07-17 18:15:59,291 - INFO - Assessing votes for cluster_id: 473
2025-07-17 18:15:59,293 - INFO - 🔵 UNDER CONSTRUCTION case
2025-07-17 18:15:59,361 - INFO - ✅ Inserted announced project into MongoDB.
2025-07-17 18:15:59,361 - INFO - Assessing votes for cluster_id: 479
2025-07-17 18:15:59,364 - INFO - ⚪️ ANNOUNCED case
2025-07-17 18:15:59,430 - INFO - ✅ Inserted announced project into MongoDB.
2025-07-17 18:15:59,431 - INFO - Assessing votes for cluster_id: 480
2025-07-17 18:15:59,434 - INFO - 🟢 OPERATIONAL case
2025-07-17 18:15:59,434 - INFO - No expansions sub-case
2025-07-17 18:15:59,510 - INFO - ✅ Inserted announced project into MongoDB.
2025-07-17 18:15:59,511 - INFO - Assessing votes for cluster_id: 486
2025-07-17 18:15:59,514 - INFO - 🔵 UNDER CONSTRUCTION case
2025-07-17 18:15:59,591 - INFO - ✅ Inserted announced project into MongoDB.
2025-07-17 18:15:59,592 - INFO - Assessing votes for cluster_id: 491
2025-07-17 18:15:59,594 - INFO - 🟢 OPERATIONAL case
2025-07-17 18:15:59,598 - INFO - With expansions sub-case
2025-07-17 18:15:59,671 - INFO - ✅ Inserted announced project into MongoDB.
2025-07-17 18:15:59,671 - INFO - Assessing votes for cluster_id: 495
2025-07-17 18:15:59,672 - INFO - 🔵 UNDER CONSTRUCTION case
2025-07-17 18:15:59,750 - INFO - ✅ Inserted announced project into MongoDB.
2025-07-17 18:15:59,751 - INFO - Assessing votes for cluster_id: 496
2025-07-17 18:15:59,752 - INFO - 🔵 UNDER CONSTRUCTION case
2025-07-17 18:15:59,819 - INFO - ✅ Inserted announced project into MongoDB.
2025-07-17 18:15:59,820 - INFO - Assessing votes for cluster_id: 498
2025-07-17 18:15:59,821 - INFO - 🔵 UNDER CONSTRUCTION case
2025-07-17 18:15:59,889 - INFO - ✅ Inserted announced project into MongoDB.
2025-07-17 18:15:59,889 - INFO - Assessing votes for cluster_id: 515
2025-07-17 18:15:59,891 - INFO - 🟢 OPERATIONAL case
2025-07-17 18:15:59,892 - INFO - No expansions sub-case
2025-07-17 18:15:59,964 - INFO - ✅ Inserted announced project into MongoDB.
2025-07-17 18:15:59,965 - INFO - 📊 Final Status Counts:
2025-07-17 18:15:59,965 - INFO - under-construction: 23
2025-07-17 18:15:59,966 - INFO - operational: 15
2025-07-17 18:15:59,966 - INFO - operational-no-expansions: 6
2025-07-17 18:15:59,966 - INFO - operational-with-expansions: 9
2025-07-17 18:15:59,967 - INFO - announced: 27
2025-07-17 18:15:59,968 - INFO - announced-dropped-only-expansions: 6
2025-07-17 18:15:59,968 - INFO - under-construction-dropped-only-expansions: 1
